06-27-2025 02:24:40.931,-,API2,"Sink 2,0013A20041839DCA,802.15.4 TH,2003,/dev/ttyUSB2 - 57600/8/M/1/N,1,46"

06-27-2025 02:22:52.663,0,RECV,7E000F8100042B024E343030302D4D314B370E
06-27-2025 02:22:52.663,1,RECV,7E000F81000630024E363030302D554C324BE7
06-27-2025 02:22:52.664,2,RECV,7E000F81000732024E373030302D51415837E0
06-27-2025 02:22:52.664,3,RECV,7E000F81000630024E363030312D444E4652DA
06-27-2025 02:22:52.664,4,RECV,7E000F81000731024E373030312D465A334FDF
06-27-2025 02:22:52.673,5,RECV,7E000F8100042A024E343030312D424E5550D9
06-27-2025 02:22:52.673,6,RECV,7E000F8100062E024E363030322D4746594CD3
06-27-2025 02:22:52.673,7,RECV,7E000F81000733024E373030322D5A394858CB
06-27-2025 02:22:52.713,8,RECV,7E000F8100042A024E343030322D4D4F4349E5
06-27-2025 02:22:52.751,9,RECV,7E000F8100062F024E363030332D3459374BF4
06-27-2025 02:22:52.753,10,RECV,7E000F81000733024E373030332D36345757E5
06-27-2025 02:22:52.757,11,RECV,7E000F8100042A024E343030332D3758323714
06-27-2025 02:22:52.763,12,RECV,7E000F8100062F024E363030342D55543253D4
06-27-2025 02:22:52.763,13,RECV,7E000F81000732024E373030342D444E4144E6
06-27-2025 02:22:52.763,14,RECV,7E000F8100042A024E343030342D4E593546E9
06-27-2025 02:22:52.763,15,RECV,7E000F8100062F024E363030352D38535139EC
06-27-2025 02:22:52.763,16,RECV,7E000F81000733024E373030352D334E3757EC
06-27-2025 02:22:52.763,17,RECV,7E000F8100042B024E343030352D564C4F5ABE
06-27-2025 02:22:52.763,18,RECV,7E000F81000630024E363030362D56455536D9
06-27-2025 02:22:52.763,19,RECV,7E000F81000733024E373030362D324E4D42EB
06-27-2025 02:22:52.763,20,RECV,7E000F8100082F024E383030352D4536343915
06-27-2025 02:22:52.764,21,RECV,7E000F8100042B024E343030362D343436597D31
06-27-2025 02:22:52.784,22,RECV,7E000F8100062F024E363030372D465A4147D7
06-27-2025 02:22:52.784,23,RECV,7E000F8100042A024E343030372D33514D57E0
06-27-2025 02:22:52.813,24,RECV,7E000F8100062F024E363030382D4B324945F3
06-27-2025 02:22:52.813,25,RECV,7E000F8100042B024E343030382D5649323500
06-27-2025 02:22:52.813,26,RECV,7E000F8100062F024E363030392D5833484DDD
06-27-2025 02:22:52.863,27,RECV,7E000F8100042C024E343030392D46514B55CD
06-27-2025 02:22:52.863,28,RECV,7E000F8100062F024E363031302D4A513659DB
06-27-2025 02:22:52.863,29,RECV,7E000F81000830024E383030392D4233524BE6
06-27-2025 02:22:52.863,30,RECV,7E000F8100042E024E343031302D57345A55D0
06-27-2025 02:22:52.863,31,RECV,7E000F8100062F024E363031312D464C4553DA
06-27-2025 02:22:52.863,32,RECV,7E000F81000830024E383031302D4149574FD0
06-27-2025 02:22:52.863,33,RECV,7E000F8100042B024E343031312D584E5938D5
06-27-2025 02:22:52.874,34,RECV,7E000F81000731024E373031312D54595859A2
06-27-2025 02:22:52.924,35,RECV,7E000F81000630024E363031322D56553151D5
06-27-2025 02:22:52.942,36,RECV,7E000F81000830024E383031312D48445441DE
06-27-2025 02:22:52.942,37,RECV,7E000F8100042B024E343031322D435A4B57CC
06-27-2025 02:22:52.942,38,RECV,7E000F81000731024E373031322D4B385031FB
06-27-2025 02:22:52.942,39,RECV,7E000F8100042B024E343031332D57583355D3
06-27-2025 02:22:52.942,40,RECV,7E000F81000733024E373031332D39384A4100
06-27-2025 02:22:52.963,41,RECV,7E000F81000830024E383031332D344B4255E7
06-27-2025 02:22:52.963,42,RECV,7E000F8100062F024E363031342D4F4C334EE5
06-27-2025 02:22:52.963,43,RECV,7E000F8100042B024E343031342D51474249E6
06-27-2025 02:22:52.963,44,RECV,7E000F81000731024E373031342D4B465049D3
06-27-2025 02:22:52.964,45,RECV,7E000F81000830024E383031342D4C495437DC
06-27-2025 02:22:52.964,46,RECV,7E000F8100042B024E343031352D4737385002
06-27-2025 02:22:52.964,47,RECV,7E000F81000731024E373031352D4855504DC2
06-27-2025 02:22:52.976,48,RECV,7E000F81000830024E383031352D56334A4EDA
06-27-2025 02:22:52.982,49,RECV,7E000F8100042B024E343031362D4C514D43DA
06-27-2025 02:22:52.982,50,RECV,7E000F8100062F024E363031362D4D385A4BD5
06-27-2025 02:22:52.983,51,RECV,7E000F81000733024E373031362D4E313648FC
06-27-2025 02:22:53.014,52,RECV,7E000F81000830024E383031362D50584B47C0
06-27-2025 02:22:53.014,53,RECV,7E000F8100042B024E343031372D4C39414AF6
06-27-2025 02:22:53.014,54,RECV,7E000F8100062E024E363031372D353733332D
06-27-2025 02:22:53.014,55,RECV,7E000F81000731024E373031372D4E4A5739D2
06-27-2025 02:22:53.014,56,RECV,7E000F81000830024E383031372D38564E4FCE
06-27-2025 02:22:53.014,57,RECV,7E000F8100042B024E343031382D4347464FE6
06-27-2025 02:22:53.014,58,RECV,7E000F8100062F024E363031382D51424446E0
06-27-2025 02:22:53.014,59,RECV,7E000F81000733024E373031382D43394636FF
06-27-2025 02:22:53.034,60,RECV,7E000F81000830024E383031382D54584239D1
06-27-2025 02:22:53.050,61,RECV,7E000F81000429024E343031392D4A484456DA
06-27-2025 02:22:53.050,62,RECV,7E000F81000733024E373031392D4339424FE9
06-27-2025 02:22:53.064,63,RECV,7E000F81000830024E383031392D574F5644B7
06-27-2025 02:22:53.064,64,RECV,7E000F8100042A024E343032302D49535A31E6
06-27-2025 02:22:53.064,65,RECV,7E000F8100062F024E363032302D444C4B56D3
06-27-2025 02:22:53.064,66,RECV,7E000F81000731024E373032302D50515934D2
06-27-2025 02:22:53.064,67,RECV,7E000F81000830024E383032302D50325834F1
06-27-2025 02:22:53.064,68,RECV,7E000F8100042A024E343032312D43564D56D0
06-27-2025 02:22:53.084,69,RECV,7E000F8100062F024E363032312D45584A59C3
06-27-2025 02:22:53.110,70,RECV,7E000F81000731024E373032312D4B4C314EE9
06-27-2025 02:22:53.110,71,RECV,7E000F81000830024E383032312D5549344BE1
06-27-2025 02:22:53.114,72,RECV,7E000F8100042B024E343032322D454C5444E1
06-27-2025 02:22:53.114,73,RECV,7E000F81000630024E363032322D3933484706
06-27-2025 02:22:53.114,74,RECV,7E000F81000733024E373032322D4E504852C4
06-27-2025 02:22:53.114,75,RECV,7E000F81000830024E383032322D59594756AE
06-27-2025 02:22:53.114,76,RECV,7E000F8100042B024E343032332D423048420D
06-27-2025 02:22:53.114,77,RECV,7E000F81000630024E363032332D424E3944F3
06-27-2025 02:22:53.155,78,RECV,7E000F81000733024E373032332D44535355BC
06-27-2025 02:22:53.155,79,RECV,7E000F81000830024E383032332D5847305AD3
06-27-2025 02:22:53.155,80,RECV,7E000F8100042B024E343032342D35375946FD
06-27-2025 02:22:53.155,81,RECV,7E000F81000630024E363032342D38344A51F8
06-27-2025 02:22:53.155,82,RECV,7E000F81000732024E373032342D385A363201
06-27-2025 02:22:53.155,83,RECV,7E000F81000830024E383032342D4C45324CEC
06-27-2025 02:22:53.165,84,RECV,7E000F8100042A024E343032352D46355738FE
06-27-2025 02:22:53.165,85,RECV,7E000F81000630024E363032352D3539384216
06-27-2025 02:22:53.165,86,RECV,7E000F81000732024E373032352D49533659CF
06-27-2025 02:22:53.175,87,RECV,7E000F81000831024E383032352D53434754C8
06-27-2025 02:22:53.206,88,RECV,7E000F8100042A024E343032362D535A4A42CE
06-27-2025 02:22:53.206,89,RECV,7E000F81000630024E363032362D534F4D49C5
06-27-2025 02:22:53.214,90,RECV,7E000F8100042A024E343032372D3942334E0A
06-27-2025 02:22:53.386,91,RECV,7E000F81000630024E363032372D47495653C3
06-27-2025 02:22:53.388,92,RECV,7E000F81000831024E383032372D46544E33DC
06-27-2025 02:22:53.389,93,RECV,7E000F8100042B024E343032382D54585959A6
06-27-2025 02:22:53.391,94,RECV,7E000F81000630024E363032382D335238320C
06-27-2025 02:22:53.393,95,RECV,7E000F81000831024E383032382D4E473243EC
06-27-2025 02:22:53.393,96,RECV,7E000F81000731024E373032382D5A364A46D8
06-27-2025 02:22:53.394,97,RECV,7E000F8100042B024E343032392D3030503023
06-27-2025 02:22:53.394,98,RECV,7E000F81000630024E363032392D313731560B
06-27-2025 02:22:53.394,99,RECV,7E000F81000831024E383032392D4A394254DC
06-27-2025 02:22:53.394,100,RECV,7E000F81000731024E373032392D36485039F0
06-27-2025 02:22:53.394,101,RECV,7E000F8100042B024E343033302D32595231FD
06-27-2025 02:22:53.394,102,RECV,7E000F81000630024E363033302D37564A37F4
06-27-2025 02:22:53.394,103,RECV,7E000F81000830024E383033302D55414838E8
06-27-2025 02:22:53.394,104,RECV,7E000F81000732024E373033302D4748444BE0
06-27-2025 02:22:53.394,105,RECV,7E000F8100042B024E343033312D374130580A
06-27-2025 02:22:53.394,106,RECV,7E000F81000630024E363033312D39354F4301
06-27-2025 02:22:53.394,107,RECV,7E000F81000830024E383033312D4832574CE0
06-27-2025 02:22:53.394,108,RECV,7E000F81000731024E373033312D41465258CD
06-27-2025 02:22:53.398,109,RECV,7E000F8100042B024E343033322D59374454E1
06-27-2025 02:22:53.398,110,RECV,7E000F81000732024E373033322D38465841E5
06-27-2025 02:22:53.398,111,RECV,7E000F8100042B024E343033332D5A4E3847E1
06-27-2025 02:22:53.398,112,RECV,7E000F81000732024E373033332D49435336E6
06-27-2025 02:22:53.398,113,RECV,7E000F8100042B024E343033342D45494B43EB
06-27-2025 02:22:53.398,114,RECV,7E000F81000831024E383033342D575A5255A1
06-27-2025 02:22:53.398,115,RECV,7E000F8100062F024E363033342D4B364C57DB
06-27-2025 02:22:53.399,116,RECV,7E000F8100042B024E343033352D4E584931E6
06-27-2025 02:22:53.399,117,RECV,7E000F81000830024E383033352D3538314A7D31
06-27-2025 02:22:53.399,118,RECV,7E000F81000630024E363033352D4F4A5848C4
06-27-2025 02:22:53.399,119,RECV,7E000F8100042D024E343033362D5A5A5039C6
06-27-2025 02:22:53.399,120,RECV,7E000F81000830024E383033362D38595850BF
06-27-2025 02:22:53.399,121,RECV,7E000F81000630024E363033362D4C444B36EB
06-27-2025 02:22:53.399,122,RECV,7E000F8100042B024E343033372D4E55484ECB
06-27-2025 02:22:53.415,123,RECV,7E000F81000831024E383033372D3349314603
06-27-2025 02:22:53.416,124,RECV,7E000F81000631024E363033372D53564245CA
06-27-2025 02:22:53.416,125,RECV,7E000F8100042B024E343033382D433835341F
06-27-2025 02:22:53.465,126,RECV,7E000F81000731024E373033372D56464D47C8
06-27-2025 02:22:53.467,127,RECV,7E000F81000830024E383033382D35545857BE
06-27-2025 02:22:53.467,128,RECV,7E000F81000630024E363033382D30334557FB
06-27-2025 02:22:53.467,129,RECV,7E000F8100042B024E343033392D555A4D48BE
06-27-2025 02:22:53.467,130,RECV,7E000F81000731024E373033382D4F374B39ED
06-27-2025 02:22:53.467,131,RECV,7E000F81000831024E383033392D344E4554D9
06-27-2025 02:22:53.467,132,RECV,7E000F81000630024E363033392D4C305A38EB
06-27-2025 02:22:53.467,133,RECV,7E000F8100042B024E343034302D52364955E4
06-27-2025 02:22:53.467,134,RECV,7E000F81000732024E373033392D364C314CF6
06-27-2025 02:22:53.515,135,RECV,7E000F81000830024E383034302D39315549F5
06-27-2025 02:22:53.515,136,RECV,7E000F81000630024E363034302D57433747E9
06-27-2025 02:22:53.515,137,RECV,7E000F8100042B024E343034312D59344550E7
06-27-2025 02:22:53.515,138,RECV,7E000F81000732024E373034302D4F434C4CD3
06-27-2025 02:22:53.516,139,RECV,7E000F81000830024E383034312D52523649D9
06-27-2025 02:22:53.516,140,RECV,7E000F81000630024E363034312D55493549E4
06-27-2025 02:22:53.516,141,RECV,7E000F8100042B024E343034322D345A5041E9
06-27-2025 02:22:53.516,142,RECV,7E000F81000732024E373034312D52563534EB
06-27-2025 02:22:53.516,143,RECV,7E000F81000830024E383034322D39595051C8
06-27-2025 02:22:53.565,144,RECV,7E000F81000630024E363034322D52574958B5
06-27-2025 02:22:53.582,145,RECV,7E000F8100042B024E343034332D313141550F
06-27-2025 02:22:53.582,146,RECV,7E000F81000732024E373034322D36455A59CD
06-27-2025 02:22:53.582,147,RECV,7E000F81000830024E383034332D4D5A3441DE
06-27-2025 02:22:53.582,148,RECV,7E000F8100042B024E343034342D4E324D46F3
06-27-2025 02:22:53.582,149,RECV,7E000F81000731024E373034332D434F575AB8
06-27-2025 02:22:53.582,150,RECV,7E000F81000831024E383034342D5746304EDD
06-27-2025 02:22:53.582,151,RECV,7E000F8100042A024E343034352D4F3330450F
06-27-2025 02:22:53.617,152,RECV,7E000F8100042B024E343034362D54454454D3
06-27-2025 02:22:53.617,153,RECV,7E000F81000630024E363034352D485A4C39D5
06-27-2025 02:22:53.617,154,RECV,7E000F8100042C024E343034372D5A33353808
06-27-2025 02:22:53.617,155,RECV,7E000F8100062F024E363034362D4F413254E6
06-27-2025 02:22:53.617,156,RECV,7E000F81000830024E383034372D51555256A8
06-27-2025 02:22:53.617,157,RECV,7E000F81000732024E373034362D58364B49D5
06-27-2025 02:22:53.617,158,RECV,7E000F8100042B024E343034382D3333594300
06-27-2025 02:22:53.650,159,RECV,7E000F81000631024E363034372D59354949D9
06-27-2025 02:22:53.655,160,RECV,7E000F81000831024E383034382D58393652DB
06-27-2025 02:22:53.655,161,RECV,7E000F81000732024E373034372D30454450ED
06-27-2025 02:22:53.667,162,RECV,7E000F8100042B024E343034392D334D4954E4
06-27-2025 02:22:53.668,163,RECV,7E000F81000630024E363034382D50574E47BD
06-27-2025 02:22:53.668,164,RECV,7E000F81000830024E383034392D56334C50CF
06-27-2025 02:22:53.668,165,RECV,7E000F81000732024E373034382D37534253D6
06-27-2025 02:22:53.668,166,RECV,7E000F8100042B024E343035302D55535041D0
06-27-2025 02:22:53.676,167,RECV,7E000F81000631024E363034392D55555836BF
06-27-2025 02:22:53.676,168,RECV,7E000F81000831024E383035302D584D4744CB
06-27-2025 02:22:53.676,169,RECV,7E000F81000732024E373034392D50314C37F0
06-27-2025 02:22:53.697,170,RECV,7E000F8100042B024E343035312D3353354FFE
06-27-2025 02:22:53.715,171,RECV,7E000F81000630024E363035302D4A364E56DC
06-27-2025 02:22:53.716,172,RECV,7E000F81000831024E383035312D504A364DDD
06-27-2025 02:22:53.716,173,RECV,7E000F81000732024E373035302D4F484B49D1
06-27-2025 02:22:53.765,174,RECV,7E000F8100042B024E343035322D47425859CD
06-27-2025 02:22:53.765,175,RECV,7E000F81000631024E363035312D535A5653A8
06-27-2025 02:22:53.765,176,RECV,7E000F81000831024E383035322D34445436F7
06-27-2025 02:22:53.765,177,RECV,7E000F81000732024E373035312D464C4C31EC
06-27-2025 02:22:53.766,178,RECV,7E000F8100042B024E343035332D5134493107
06-27-2025 02:22:53.766,179,RECV,7E000F81000733024E373035322D504E3646DF
06-27-2025 02:22:53.766,180,RECV,7E000F8100042B024E343035342D4A3235460E
06-27-2025 02:22:53.766,181,RECV,7E000F81000733024E373035332D4D314644F0
06-27-2025 02:22:53.819,182,RECV,7E000F8100042B024E343035352D4244554ADF
06-27-2025 02:22:53.819,183,RECV,7E000F81000832024E383035352D4A544159BD
06-27-2025 02:22:53.819,184,RECV,7E000F81000631024E363035342D4D41314AF2
06-27-2025 02:22:53.819,185,RECV,7E000F81000733024E373035342D59304F55CA
06-27-2025 02:22:53.819,186,RECV,7E000F8100042B024E343035362D3437415502
06-27-2025 02:22:53.819,187,RECV,7E000F81000831024E383035362D564F5952A5
06-27-2025 02:22:53.819,188,RECV,7E000F81000631024E363035352D524E5153B6
06-27-2025 02:22:53.819,189,RECV,7E000F81000732024E373035352D344E4D35F3
06-27-2025 02:22:53.820,190,RECV,7E000F8100042A024E343035372D38564737F7
06-27-2025 02:22:53.820,191,RECV,7E000F81000831024E383035372D41474E4ED0
06-27-2025 02:22:53.820,192,RECV,7E000F81000631024E363035362D47424E4ED4
06-27-2025 02:22:53.820,193,RECV,7E000F81000732024E373035362D4E4E5141C8
06-27-2025 02:22:53.870,194,RECV,7E000F8100042B024E343035382D45564A43D9
06-27-2025 02:22:53.870,195,RECV,7E000F81000831024E383035382D51484558BD
06-27-2025 02:22:53.870,196,RECV,7E000F81000631024E363035372D4A30334DFE
06-27-2025 02:22:53.870,197,RECV,7E000F81000733024E373035372D504B4F43C7
06-27-2025 02:22:53.870,198,RECV,7E000F8100042B024E343035392D414E4737F3
06-27-2025 02:22:53.870,199,RECV,7E000F81000831024E383035392D4F4B4A4FBF
06-27-2025 02:22:53.870,200,RECV,7E000F81000630024E363035382D4E354437FA
06-27-2025 02:22:53.870,201,RECV,7E000F81000733024E373035382D3835303422
06-27-2025 02:22:53.880,202,RECV,7E000F8100042B024E343036302D52344B56E1
06-27-2025 02:22:53.880,203,RECV,7E000F81000631024E363035392D54533349D3
06-27-2025 02:22:53.911,204,RECV,7E000F81000732024E373035392D37553935F9
06-27-2025 02:22:53.911,205,RECV,7E000F8100042B024E343036312D505A4952C2
06-27-2025 02:22:53.911,206,RECV,7E000F81000631024E363036302D4B414133FE
06-27-2025 02:22:53.911,207,RECV,7E000F81000731024E373036302D49314742F9
06-27-2025 02:22:53.911,208,RECV,7E000F8100042B024E343036322D3535374322
06-27-2025 02:22:53.931,209,RECV,7E000F81000631024E363036312D36444348F8
06-27-2025 02:22:53.963,210,RECV,7E000F81000733024E373036312D47585057B3
06-27-2025 02:22:53.963,211,RECV,7E000F81000831024E383036332D39454441F4
06-27-2025 02:22:53.970,212,RECV,7E000F8100042B024E343036332D58534430E6
06-27-2025 02:22:53.973,213,RECV,7E000F81000631024E363036322D4335303222
06-27-2025 02:22:53.973,214,RECV,7E000F81000733024E373036322D41563652D9
06-27-2025 02:22:53.973,215,RECV,7E000F81000831024E383036342D314A5334F4
06-27-2025 02:22:53.973,216,RECV,7E000F8100042B024E343036342D4730375501
06-27-2025 02:22:53.973,217,RECV,7E000F81000631024E363036332D414A4A4BDB
06-27-2025 02:22:53.973,218,RECV,7E000F8100042A024E343036352D354B554DE2
06-27-2025 02:22:54.020,219,RECV,7E000F81000632024E363036342D4A41354EEB
06-27-2025 02:22:54.022,220,RECV,7E000F81000833024E383036362D52494551C1
06-27-2025 02:22:54.022,221,RECV,7E000F81000734024E373036342D4135594BDB
06-27-2025 02:22:54.022,222,RECV,7E000F8100042B024E343036362D3855484BE2
06-27-2025 02:22:54.022,223,RECV,7E000F81000632024E363036352D45485142D8
06-27-2025 02:22:54.022,224,RECV,7E000F8100042A024E343036372D46575349C9
06-27-2025 02:22:54.062,225,RECV,7E000F81000631024E363036362D51315757C8
06-27-2025 02:22:54.063,226,RECV,7E000F81000832024E383036382D524F4631D9
06-27-2025 02:22:54.063,227,RECV,7E000F8100042E024E343036382D594E5332D1
06-27-2025 02:22:54.063,228,RECV,7E000F81000732024E373036362D38324A49F8
06-27-2025 02:22:54.063,229,RECV,7E000F81000631024E363036372D53583235E5
06-27-2025 02:22:54.063,230,RECV,7E000F81000831024E383036392D3443334EF9
06-27-2025 02:22:54.063,231,RECV,7E000F8100042B024E343036392D34514153E6
06-27-2025 02:22:54.063,232,RECV,7E000F81000733024E373036372D31504833F7
06-27-2025 02:22:54.063,233,RECV,7E000F81000631024E363036382D38485245DF
06-27-2025 02:22:54.083,234,RECV,7E000F81000831024E383037302D5246434CD2
06-27-2025 02:22:54.083,235,RECV,7E000F8100042B024E343037302D3739324C19
06-27-2025 02:22:54.083,236,RECV,7E000F81000733024E373036382D52574E4AB1
06-27-2025 02:22:54.123,237,RECV,7E000F81000631024E363036392D564B4F4DB8
06-27-2025 02:22:54.123,238,RECV,7E000F81000831024E383037312D314A5531F7
06-27-2025 02:22:54.123,239,RECV,7E000F8100042B024E343037312D5453375ACE
06-27-2025 02:22:54.123,240,RECV,7E000F81000733024E373036392D4D413256DB
06-27-2025 02:22:54.123,241,RECV,7E000F81000632024E363037302D56363958DF
06-27-2025 02:22:54.123,242,RECV,7E000F8100042B024E343037322D444D5359C8
06-27-2025 02:22:54.124,243,RECV,7E000F81000733024E373037302D42454E30F4
06-27-2025 02:22:54.164,244,RECV,7E000F81000632024E363037312D38544B52D2
06-27-2025 02:22:54.174,245,RECV,7E000F81000832024E383037332D414A4B50CF
06-27-2025 02:22:54.174,246,RECV,7E000F8100042A024E343037332D4F553141EF
06-27-2025 02:22:54.174,247,RECV,7E000F81000733024E373037312D55484C44CB
06-27-2025 02:22:54.174,248,RECV,7E000F8100042B024E343037342D43583943EC
06-27-2025 02:22:54.174,249,RECV,7E000F81000733024E373037322D31574B46DE
06-27-2025 02:22:54.221,250,RECV,7E000F8100042B024E343037352D443836420E
06-27-2025 02:22:54.224,251,RECV,7E000F81000732024E373037332D4B34584BD5
06-27-2025 02:22:54.224,252,RECV,7E000F81000831024E383037362D44564544D0
06-27-2025 02:22:54.224,253,RECV,7E000F81000631024E363037342D53344B4ADD
06-27-2025 02:22:54.224,254,RECV,7E000F8100042B024E343037362D55425235E3
06-27-2025 02:22:54.225,255,RECV,7E000F81000732024E373037342D39365743ED
06-27-2025 02:22:54.225,256,RECV,7E000F81000831024E383037372D37325638FB
06-27-2025 02:22:54.225,257,RECV,7E000F8100042B024E343037372D35534954DB
06-27-2025 02:22:54.271,258,RECV,7E000F81000732024E373037352D56494D47C2
06-27-2025 02:22:54.273,259,RECV,7E000F81000832024E383037382D53324253D6
06-27-2025 02:22:54.273,260,RECV,7E000F8100042B024E343037382D4C525039D8
06-27-2025 02:22:54.273,261,RECV,7E000F81000734024E373037362D414D4C46D2
06-27-2025 02:22:54.273,262,RECV,7E000F81000832024E383037392D31415147E5
06-27-2025 02:22:54.273,263,RECV,7E000F8100042B024E343037392D594C3832EF
06-27-2025 02:22:54.273,264,RECV,7E000F81000632024E363037372D32395143F6
06-27-2025 02:22:54.302,265,RECV,7E000F81000735024E373037372D544C4141CE
06-27-2025 02:22:54.302,266,RECV,7E000F81000831024E383038302D45335659D1
06-27-2025 02:22:54.302,267,RECV,7E000F8100042B024E343038302D59465354C0
06-27-2025 02:22:54.302,268,RECV,7E000F81000631024E363037382D4F4F484FC0
06-27-2025 02:22:54.302,269,RECV,7E000F81000735024E373037382D4A413553DC
06-27-2025 02:22:54.303,270,RECV,7E000F81000831024E383038312D34454B34FF
06-27-2025 02:22:54.313,271,RECV,7E000F8100042B024E343038312D39554A55D8
06-27-2025 02:22:54.327,272,RECV,7E000F81000632024E363037392D5A573755B6
06-27-2025 02:22:54.327,273,RECV,7E000F81000734024E373037392D34424759D9
06-27-2025 02:22:54.327,274,RECV,7E000F81000831024E383038322D41314851EB
06-27-2025 02:22:54.328,275,RECV,7E000F8100042B024E343038322D4C34584DDF
06-27-2025 02:22:54.328,276,RECV,7E000F81000631024E363038302D3232443321
06-27-2025 02:22:54.371,277,RECV,7E000F81000732024E373038302D4B564549CA
06-27-2025 02:22:54.371,278,RECV,7E000F81000831024E383038332D5A384B52C6
06-27-2025 02:22:54.371,279,RECV,7E000F8100042B024E343038332D52514853C5
06-27-2025 02:22:54.371,280,RECV,7E000F81000631024E363038312D4B354158E2
06-27-2025 02:22:54.371,281,RECV,7E000F8100042B024E343038342D45535A37D9
06-27-2025 02:22:54.371,282,RECV,7E000F81000631024E363038322D51505347BF
06-27-2025 02:22:54.412,283,RECV,7E000F81000833024E383038352D4D52554EAF
06-27-2025 02:22:54.422,284,RECV,7E000F81000735024E373038322D544C4154BF
06-27-2025 02:22:54.422,285,RECV,7E000F8100042B024E343038352D544C3355D9
06-27-2025 02:22:54.422,286,RECV,7E000F81000631024E363038332D394734370E
06-27-2025 02:22:54.422,287,RECV,7E000F81000831024E383038362D53534A49B9
06-27-2025 02:22:54.422,288,RECV,7E000F81000733024E373038332D4132423010
06-27-2025 02:22:54.422,289,RECV,7E000F8100042B024E343038362D5836515AC7
06-27-2025 02:22:54.422,290,RECV,7E000F81000632024E363038342D5A494A55B5
06-27-2025 02:22:54.422,291,RECV,7E000F81000832024E383038372D41534850C4
06-27-2025 02:22:54.471,292,RECV,7E000F8100042B024E343038372D364733341B
06-27-2025 02:22:54.474,293,RECV,7E000F81000632024E363038352D39345655DE
06-27-2025 02:22:54.474,294,RECV,7E000F81000832024E383038382D48464357C7
06-27-2025 02:22:54.474,295,RECV,7E000F8100042B024E343038382D5041353701
06-27-2025 02:22:54.474,296,RECV,7E000F81000631024E363038362D30535044DF
06-27-2025 02:22:54.474,297,RECV,7E000F81000831024E383038392D3733463807
06-27-2025 02:22:54.474,298,RECV,7E000F8100042B024E343038392D45554352CE
06-27-2025 02:22:54.521,299,RECV,7E000F81000632024E363038372D4D454732E9
06-27-2025 02:22:54.522,300,RECV,7E000F81000832024E383039302D35584655CE
06-27-2025 02:22:54.523,301,RECV,7E000F8100042D024E343039302D46455451D3
06-27-2025 02:22:54.523,302,RECV,7E000F81000631024E363038382D53364B54CC
06-27-2025 02:22:54.523,303,RECV,7E000F81000832024E383039312D4D535353AF
06-27-2025 02:22:54.523,304,RECV,7E000F8100042B024E343039312D474F314CF1
06-27-2025 02:22:54.523,305,RECV,7E000F81000735024E373038382D49503132F2
06-27-2025 02:22:54.523,306,RECV,7E000F81000631024E363038392D5A4F3751C2
06-27-2025 02:22:54.523,307,RECV,7E000F81000831024E383039322D34595A49C5
06-27-2025 02:22:54.523,308,RECV,7E000F8100042A024E343039322D4132463219
06-27-2025 02:22:54.523,309,RECV,7E000F81000734024E373038392D4E574A33CC
06-27-2025 02:22:54.573,310,RECV,7E000F81000631024E363039302D47474D32EE
06-27-2025 02:22:54.573,311,RECV,7E000F81000831024E383039332D4C52384AD4
06-27-2025 02:22:54.573,312,RECV,7E000F8100042B024E343039332D54485051C5
06-27-2025 02:22:54.573,313,RECV,7E000F81000734024E373039302D41594454C4
06-27-2025 02:22:54.573,314,RECV,7E000F81000631024E363039312D38354F44FA
06-27-2025 02:22:54.573,315,RECV,7E000F8100042B024E343039342D5155314DDD
06-27-2025 02:22:54.573,316,RECV,7E000F81000734024E373039312D36443052F9
06-27-2025 02:22:54.622,317,RECV,7E000F8100042B024E343039352D59373458E4
06-27-2025 02:22:54.633,318,RECV,7E000F81000735024E373039322D4E444D33E1
06-27-2025 02:22:54.633,319,RECV,7E000F81000832024E383039362D42534249D0
06-27-2025 02:22:54.633,320,RECV,7E000F81000632024E363039332D5132314CF7
06-27-2025 02:22:54.633,321,RECV,7E000F8100042B024E343039362D47333951FB
06-27-2025 02:22:54.633,322,RECV,7E000F81000735024E373039332D415A5056B1
06-27-2025 02:22:54.633,323,RECV,7E000F81000832024E383039372D4A464B4EC6
06-27-2025 02:22:54.633,324,RECV,7E000F81000633024E363039342D4F395A35DE
06-27-2025 02:22:54.633,325,RECV,7E000F8100042A024E343039372D48365435F8
06-27-2025 02:22:54.633,326,RECV,7E000F81000735024E373039342D5635594CC1
06-27-2025 02:22:54.633,327,RECV,7E000F81000832024E383039382D4A493031FA
06-27-2025 02:22:54.672,328,RECV,7E000F81000632024E363039352D5747354ED4
06-27-2025 02:22:54.673,329,RECV,7E000F8100042B024E343039382D46585630D9
06-27-2025 02:22:54.673,330,RECV,7E000F81000734024E373039352D534C4A4EBA
06-27-2025 02:22:54.673,331,RECV,7E000F81000832024E383039392D4E424339E1
06-27-2025 02:22:54.673,332,RECV,7E000F81000632024E363039362D384D5542D8
06-27-2025 02:22:54.673,333,RECV,7E000F8100042B024E343039392D31384A3415
06-27-2025 02:22:54.683,334,RECV,7E000F81000733024E373039362D5152474CBB
06-27-2025 02:22:54.683,335,RECV,7E000F81000631024E363039372D32433452F9
06-27-2025 02:22:54.722,336,RECV,7E000F81000733024E373039372D37354755E8
06-27-2025 02:22:54.735,337,RECV,7E000F81000632024E363039382D3554514BCD
06-27-2025 02:22:54.735,338,RECV,7E000F81000733024E373039382D45504434E2
06-27-2025 02:22:54.772,339,RECV,7E000F81000631024E363039392D58514755AD
06-27-2025 02:22:54.788,340,RECV,7E000F81000733024E373039392D58463648D2
