05-04-2025 22:57:09.499,-,API2,"Sink 2,0013A20041839DCA,802.15.4 TH,2003,/dev/ttyUSB2 - 57600/8/M/1/N,1,46"

05-04-2025 22:56:18.432,0,RECV,7E000F8100003B024E383030302D33584733F9
05-04-2025 22:56:18.533,1,RECV,7E000F81000046024E373030312D4E394130FB
05-04-2025 22:56:18.533,2,RECV,7E007D338100003B000AFFFFFFFFFFFFFFFF0000005348A6
05-04-2025 22:56:18.533,3,RECV,7E007D3381000031000AFFFFFFFFFFFFFFFF0000005348B0
05-04-2025 22:56:18.543,4,RECV,7E000F8100003C024E353030322D5A453732F6
05-04-2025 22:56:18.544,5,RECV,7E000F81000046024E373030332D334A4E44E2
05-04-2025 22:56:18.544,6,RECV,7E000F8100003A024E383030322D5736564FCB
05-04-2025 22:56:18.583,7,RECV,7E000F8100003C024E353030332D5A474B4DC4
05-04-2025 22:56:18.583,8,RECV,7E000F81000045024E373030342D4A544141D1
05-04-2025 22:56:18.583,9,RECV,7E000F81000045024E373030352D49454C57BF
05-04-2025 22:56:18.633,10,RECV,7E000F81000030024E363030312D4349344CFE
05-04-2025 22:56:18.670,11,RECV,7E000F8100003A024E383030332D3035593509
05-04-2025 22:56:18.670,12,RECV,7E000F8100003A024E383030342D52525845BA
05-04-2025 22:56:18.670,13,RECV,7E000F8100003C024E353030352D52313054F4
05-04-2025 22:56:18.733,14,RECV,7E000F8100002F024E363030322D51504F54C6
05-04-2025 22:56:18.783,15,RECV,7E000F81000044024E373030372D5742504DB9
05-04-2025 22:56:18.801,16,RECV,7E000F8100003B024E353030362D45525238DA
05-04-2025 22:56:18.840,17,RECV,7E000F81000030024E363030332D47513154EB
05-04-2025 22:56:18.884,18,RECV,7E000F8100003A024E383030352D59414843D5
05-04-2025 22:56:18.884,19,RECV,7E000F81000030024E363030342D4C4A5456C7
05-04-2025 22:56:18.934,20,RECV,7E000F81000030024E363030352D4A48584DCF
05-04-2025 22:56:18.984,21,RECV,7E000F81000030024E363030362D53395330F6
05-04-2025 22:56:18.984,22,RECV,7E000F81000039024E383030362D59503145DB
05-04-2025 22:56:19.034,23,RECV,7E000F8100003B024E353030372D3648525AD0
05-04-2025 22:56:19.034,24,RECV,7E000F8100003A024E383030372D4758434EC8
05-04-2025 22:56:19.034,25,RECV,7E000F81000045024E373030382D53334250D5
05-04-2025 22:56:19.085,26,RECV,7E000F8100003A024E383030382D333136510C
05-04-2025 22:56:19.134,27,RECV,7E000F81000045024E373030392D564D3550C4
05-04-2025 22:56:19.184,28,RECV,7E000F81000031024E363030372D4B58534AC3
05-04-2025 22:56:19.184,29,RECV,7E000F81000046024E373031302D38474738F5
05-04-2025 22:56:19.235,30,RECV,7E000F81000031024E363030382D50503035FD
05-04-2025 22:56:19.235,31,RECV,7E000F81000046024E373031312D4A4F5058B1
05-04-2025 22:56:19.285,32,RECV,7E000F81000031024E363030392D57583248D8
05-04-2025 22:56:19.308,33,RECV,7E000F81000031024E363031302D393539560C
05-04-2025 22:56:19.308,34,RECV,7E000F8100003D024E353030382D5A535A4FA1
05-04-2025 22:56:19.335,35,RECV,7E000F81000030024E363031312D54444F54CE
05-04-2025 22:56:19.335,36,RECV,7E000F8100003C024E353030392D324E4B35F7
05-04-2025 22:56:19.335,37,RECV,7E000F8100003B024E383030392D4936414EE7
05-04-2025 22:56:19.385,38,RECV,7E000F8100003B024E383031302D57324F45E0
05-04-2025 22:56:19.386,39,RECV,7E000F8100003A024E383031312D55535054B1
05-04-2025 22:56:19.386,40,RECV,7E000F8100003B024E353031302D44413158F2
05-04-2025 22:56:19.386,41,RECV,7E000F8100003A024E383031322D5A465830D4
05-04-2025 22:56:19.485,42,RECV,7E000F81000030024E363031322D4E464D4ED9
05-04-2025 22:56:19.485,43,RECV,7E000F8100003A024E383031332D57354751D7
05-04-2025 22:56:19.485,44,RECV,7E000F8100003A024E383031342D44423449F7
05-04-2025 22:56:19.485,45,RECV,7E000F81000030024E363031332D4E334158ED
05-04-2025 22:56:19.585,46,RECV,7E000F8100003A024E383031352D43573230FD
05-04-2025 22:56:19.585,47,RECV,7E000F81000030024E363031342D49525842D1
05-04-2025 22:56:19.585,48,RECV,7E000F81000030024E363031352D5946434CD7
05-04-2025 22:56:19.735,49,RECV,7E000F8100002E024E363031362D3937494C01
05-04-2025 22:56:19.736,50,RECV,7E000F8100002E024E363031372D3335344326
05-04-2025 22:56:19.756,51,RECV,7E000F8100003B024E353031312D4B384E48E6
05-04-2025 22:56:19.886,52,RECV,7E000F8100002F024E363031382D55424E38E6
05-04-2025 22:56:19.886,53,RECV,7E000F8100002F024E363031392D32415644F5
05-04-2025 22:56:19.886,54,RECV,7E000F8100002F024E363032302D47445554D6
05-04-2025 22:56:19.896,55,RECV,7E000F81000039024E383031372D33474455E5
05-04-2025 22:56:19.896,56,RECV,7E000F8100002F024E363032312D50344A3803
05-04-2025 22:56:19.897,57,RECV,7E000F8100003A024E383031382D4D30354AFA
05-04-2025 22:56:19.936,58,RECV,7E000F8100003B024E353031322D304B314F03
05-04-2025 22:56:19.978,59,RECV,7E000F81000044024E373031332D364E4D32EF
05-04-2025 22:56:19.986,60,RECV,7E000F81000045024E373031342D31553647ED
05-04-2025 22:56:19.986,61,RECV,7E000F81000044024E373031352D4D515051B1
05-04-2025 22:56:19.986,62,RECV,7E000F81000030024E363032322D5A4F344DDD
05-04-2025 22:56:20.036,63,RECV,7E000F8100003A024E383031392D39593857D4
05-04-2025 22:56:20.036,64,RECV,7E000F8100003A024E383032302D44394144FB
05-04-2025 22:56:20.036,65,RECV,7E000F81000030024E363032332D414F5846D8
05-04-2025 22:56:20.057,66,RECV,7E000F81000045024E373031362D38305547EA
05-04-2025 22:56:20.136,67,RECV,7E000F81000046024E373031372D5139534BC4
05-04-2025 22:56:20.137,68,RECV,7E000F81000031024E363032342D43495742DF
05-04-2025 22:56:20.137,69,RECV,7E000F81000031024E363032352D4F345A41E5
05-04-2025 22:56:20.187,70,RECV,7E000F81000030024E363032362D4F585953B0
05-04-2025 22:56:20.187,71,RECV,7E000F8100003D024E353031342D46374C3100
05-04-2025 22:56:20.187,72,RECV,7E000F81000031024E363032372D4D365A31F3
05-04-2025 22:56:20.187,73,RECV,7E000F8100003A024E383032312D554F4739D8
05-04-2025 22:56:20.187,74,RECV,7E000F81000046024E373031382D534D4249C0
05-04-2025 22:56:20.187,75,RECV,7E000F8100003B024E383032322D43314941FC
05-04-2025 22:56:20.187,76,RECV,7E000F81000045024E373031392D5743354FCD
05-04-2025 22:56:20.237,77,RECV,7E000F8100003B024E383032332D47514459C4
05-04-2025 22:56:20.287,78,RECV,7E000F8100003B024E383032342D5A575330C4
05-04-2025 22:56:20.294,79,RECV,7E000F8100003D024E353031352D304B3559F0
05-04-2025 22:56:20.294,80,RECV,7E000F81000046024E373032302D36464C37F3
05-04-2025 22:56:20.294,81,RECV,7E000F8100003D024E353031362D4A524539DE
05-04-2025 22:56:20.387,82,RECV,7E000F81000045024E373032312D4C5A3444D4
05-04-2025 22:56:20.437,83,RECV,7E000F81000045024E373032322D4D37384FE6
05-04-2025 22:56:20.437,84,RECV,7E000F8100003B024E383032352D35574236F3
05-04-2025 22:56:20.438,85,RECV,7E000F8100003C024E353031372D555A3653C0
05-04-2025 22:56:20.438,86,RECV,7E000F81000046024E373032332D4F493656CB
05-04-2025 22:56:20.438,87,RECV,7E000F8100003C024E353031382D34444641F8
05-04-2025 22:56:20.438,88,RECV,7E000F8100003C024E353031392D37424543F5
05-04-2025 22:56:20.468,89,RECV,7E000F81000045024E373032342D34575830DC
05-04-2025 22:56:20.538,90,RECV,7E000F81000046024E373032352D35594937DF
05-04-2025 22:56:20.588,91,RECV,7E000F81000046024E373032362D32574C59BE
05-04-2025 22:56:20.593,92,RECV,7E000F81000031024E363032382D55525731D1
05-04-2025 22:56:20.593,93,RECV,7E000F81000046024E373032372D4E493448D8
05-04-2025 22:56:20.598,94,RECV,7E000F8100003B024E383032362D4F34564FCE
05-04-2025 22:56:20.618,95,RECV,7E000F8100003B024E383032372D4F353942F6
05-04-2025 22:56:20.638,96,RECV,7E000F8100003D024E353032302D5246494AD2
05-04-2025 22:56:20.688,97,RECV,7E000F81000030024E363032392D4133385AFA
05-04-2025 22:56:20.688,98,RECV,7E000F81000030024E363033302D57525135D9
05-04-2025 22:56:20.688,99,RECV,7E000F8100003B024E383032382D33434C49E9
05-04-2025 22:56:20.788,100,RECV,7E000F81000045024E373032382D304D5239E3
05-04-2025 22:56:20.789,101,RECV,7E000F8100003C024E353032312D5443303204
05-04-2025 22:56:20.819,102,RECV,7E000F81000045024E373032392D344C324FE9
05-04-2025 22:56:20.819,103,RECV,7E000F8100003D024E353032322D30304F3319
05-04-2025 22:56:20.819,104,RECV,7E000F81000030024E363033312D3733554503
05-04-2025 22:56:20.820,105,RECV,7E000F8100003B024E353032332D58365946CF
05-04-2025 22:56:20.839,106,RECV,7E000F81000030024E363033322D4749434EE5
05-04-2025 22:56:20.889,107,RECV,7E000F81000030024E363033332D5A325453D2
05-04-2025 22:56:20.939,108,RECV,7E000F8100003A024E383032392D37314D53EC
05-04-2025 22:56:20.940,109,RECV,7E000F81000044024E373033302D594F4253B6
05-04-2025 22:56:20.989,110,RECV,7E000F81000039024E383033302D35465550DD
05-04-2025 22:56:20.989,111,RECV,7E000F81000045024E373033312D314D5038EB
05-04-2025 22:56:21.039,112,RECV,7E000F8100002F024E363033352D54514256C7
05-04-2025 22:56:21.139,113,RECV,7E000F8100003C024E353032342D34574D38EA
05-04-2025 22:56:21.189,114,RECV,7E000F81000045024E373033332D3159494ECE
05-04-2025 22:56:21.201,115,RECV,7E000F81000045024E373033342D58335A44C5
05-04-2025 22:56:21.201,116,RECV,7E000F8100003B024E383033312D374D464EE2
05-04-2025 22:56:21.201,117,RECV,7E000F81000045024E373033352D5951434FB1
05-04-2025 22:56:21.239,118,RECV,7E000F8100002F024E363033362D54354846EC
05-04-2025 22:56:21.290,119,RECV,7E000F8100003B024E353032352D54354444E9
05-04-2025 22:56:21.340,120,RECV,7E000F8100003C024E353032362D34395751E3
05-04-2025 22:56:21.346,121,RECV,7E000F8100003C024E353032372D49513346E4
05-04-2025 22:56:21.346,122,RECV,7E000F8100003A024E383033322D52545753AA
05-04-2025 22:56:21.390,123,RECV,7E000F81000030024E363033372D5A424F4BCB
05-04-2025 22:56:21.440,124,RECV,7E000F8100003B024E383033332D474B325ADA
05-04-2025 22:56:21.440,125,RECV,7E000F81000031024E363033382D3254384CF5
05-04-2025 22:56:21.440,126,RECV,7E000F8100003B024E383033342D42565653B6
05-04-2025 22:56:21.441,127,RECV,7E000F8100003B024E353032382D424F5855B9
05-04-2025 22:56:21.490,128,RECV,7E000F8100003B024E353032392D355A5535DD
05-04-2025 22:56:21.540,129,RECV,7E000F81000045024E373033382D5754484CAB
05-04-2025 22:56:21.540,130,RECV,7E000F81000046024E373033392D364C4749D6
05-04-2025 22:56:21.540,131,RECV,7E000F81000045024E373034302D394C4958CB
05-04-2025 22:56:21.540,132,RECV,7E000F81000031024E363033392D56594835D2
05-04-2025 22:56:21.641,133,RECV,7E000F81000045024E373034312D48313647FA
05-04-2025 22:56:21.665,134,RECV,7E000F81000046024E373034322D4453434EC6
05-04-2025 22:56:21.665,135,RECV,7E000F81000045024E373034332D4536433000
05-04-2025 22:56:21.665,136,RECV,7E000F8100003D024E353033312D46593531F6
05-04-2025 22:56:21.665,137,RECV,7E000F8100003A024E383033352D5A485437CA
05-04-2025 22:56:21.690,138,RECV,7E000F81000030024E363034302D32545641EA
05-04-2025 22:56:21.741,139,RECV,7E000F8100003A024E383033362D3956364FE2
05-04-2025 22:56:21.751,140,RECV,7E000F8100003C024E353033322D43304448FC
05-04-2025 22:56:21.791,141,RECV,7E000F8100003A024E383033372D4D4F314CDC
05-04-2025 22:56:21.814,142,RECV,7E000F8100003A024E383033382D594F4741C4
05-04-2025 22:56:21.841,143,RECV,7E000F8100003B024E383033392D4A47584ABF
05-04-2025 22:56:21.841,144,RECV,7E000F8100003D024E353033332D42313756F9
05-04-2025 22:56:21.841,145,RECV,7E000F8100003B024E383034302D4A33464DEA
05-04-2025 22:56:21.852,146,RECV,7E000F81000045024E373034342D59445350AD
05-04-2025 22:56:21.852,147,RECV,7E000F8100003B024E353033342D4A593556CC
05-04-2025 22:56:21.852,148,RECV,7E000F8100003B024E383034312D32595042DC
05-04-2025 22:56:21.852,149,RECV,7E000F8100003B024E383034322D42564133EC
05-04-2025 22:56:21.891,150,RECV,7E000F81000031024E363034312D3157584DD8
05-04-2025 22:56:21.892,151,RECV,7E000F81000030024E363034322D48523445F2
05-04-2025 22:56:21.941,152,RECV,7E000F8100003D024E353033352D56415430DC
05-04-2025 22:56:21.969,153,RECV,7E000F8100003B024E383034332D36525456C5
05-04-2025 22:56:21.969,154,RECV,7E000F81000032024E363034332D4B474559D2
05-04-2025 22:56:21.970,155,RECV,7E000F81000046024E373034352D5156574F9E
05-04-2025 22:56:21.970,156,RECV,7E000F8100003D024E353033362D4E434143E1
05-04-2025 22:56:22.042,157,RECV,7E000F81000032024E363034352D505A4157BE
05-04-2025 22:56:22.043,158,RECV,7E000F8100003D024E353033382D52305843D7
05-04-2025 22:56:22.052,159,RECV,7E000F8100003B024E383034342D4541333805
05-04-2025 22:56:22.092,160,RECV,7E000F8100003D024E353033392D5A573638D4
05-04-2025 22:56:22.142,161,RECV,7E000F81000031024E363034362D3046305406
05-04-2025 22:56:22.142,162,RECV,7E000F81000031024E363034372D354F423405
05-04-2025 22:56:22.142,163,RECV,7E000F81000031024E363034382D51514741D4
05-04-2025 22:56:22.142,164,RECV,7E000F8100003E024E353034302D5550484BC2
05-04-2025 22:56:22.142,165,RECV,7E000F8100003E024E353034312D5549434CCC
05-04-2025 22:56:22.192,166,RECV,7E000F8100003E024E353034322D42394E4DE2
05-04-2025 22:56:22.193,167,RECV,7E000F8100003B024E383034352D334B5154D2
05-04-2025 22:56:22.193,168,RECV,7E000F81000033024E363034392D495A3744DD
05-04-2025 22:56:22.193,169,RECV,7E000F81000048024E373034372D52503143D1
05-04-2025 22:56:22.203,170,RECV,7E000F81000040024E353034332D36594F38DF
05-04-2025 22:56:22.203,171,RECV,7E000F81000033024E363035302D4A513359DC
05-04-2025 22:56:22.292,172,RECV,7E000F81000033024E363035312D48435837E8
05-04-2025 22:56:22.294,173,RECV,7E000F81000040024E353034342D354C3855E6
05-04-2025 22:56:22.294,174,RECV,7E000F81000048024E373034382D47503659C0
05-04-2025 22:56:22.294,175,RECV,7E000F81000033024E363035322D5A414D37E2
05-04-2025 22:56:22.342,176,RECV,7E000F81000033024E363035332D3054363412
05-04-2025 22:56:22.393,177,RECV,7E000F81000048024E373034392D46304445E6
05-04-2025 22:56:22.444,178,RECV,7E000F81000048024E373035302D4C345038E5
05-04-2025 22:56:22.449,179,RECV,7E000F81000048024E373035312D454E4A44CB
05-04-2025 22:56:22.449,180,RECV,7E000F81000047024E373035322D5846584FA7
05-04-2025 22:56:22.449,181,RECV,7E000F8100003D024E383034362D4C524842CA
05-04-2025 22:56:22.453,182,RECV,7E000F81000033024E363035342D4C42314FF1
05-04-2025 22:56:22.493,183,RECV,7E000F81000033024E363035352D45465231F0
05-04-2025 22:56:22.503,184,RECV,7E000F8100003E024E353034362D39394549F4
05-04-2025 22:56:22.543,185,RECV,7E007D338100003C003AFFFFFFFFFFFFFFFF000000534875
05-04-2025 22:56:22.590,186,RECV,7E007D338100003D003AFFFFFFFFFFFFFFFF000000534874
05-04-2025 22:56:22.590,187,RECV,7E007D33810000320042FFFFFFFFFFFFFFFF000000534877
05-04-2025 22:56:22.590,188,RECV,7E000F81000047024E373035342D4F494132DF
05-04-2025 22:56:22.593,189,RECV,7E000F8100003C024E383034382D554B3156CA
05-04-2025 22:56:22.614,190,RECV,7E000F81000032024E363035362D56554859B2
05-04-2025 22:56:22.614,191,RECV,7E000F81000047024E373035362D54493757BD
05-04-2025 22:56:22.614,192,RECV,7E000F8100003E024E353034382D5255374BC9
05-04-2025 22:56:22.694,193,RECV,7E000F8100003E024E353034392D51314751D7
05-04-2025 22:56:22.794,194,RECV,7E000F81000032024E363035382D524D5547C1
05-04-2025 22:56:22.844,195,RECV,7E000F8100003E024E353035302D4E574A36D4
05-04-2025 22:56:22.903,196,RECV,7E000F8100003C024E383034392D4C493956CC
05-04-2025 22:56:22.905,197,RECV,7E000F81000031024E363035392D46464846E2
05-04-2025 22:56:22.944,198,RECV,7E000F81000032024E363036302D3433534504
05-04-2025 22:56:22.994,199,RECV,7E000F81000032024E363036312D4338434AFA
05-04-2025 22:56:22.995,200,RECV,7E000F81000047024E373035372D4F37454CD0
05-04-2025 22:56:23.094,201,RECV,7E000F8100003E024E353035322D52484F4AC4
05-04-2025 22:56:23.095,202,RECV,7E000F81000047024E373035392D4A484E32D3
05-04-2025 22:56:23.145,203,RECV,7E000F8100003E024E353035332D35565443D4
05-04-2025 22:56:23.146,204,RECV,7E000F81000032024E363036322D41584641E1
05-04-2025 22:56:23.146,205,RECV,7E000F81000031024E363036332D4142343416
05-04-2025 22:56:23.195,206,RECV,7E000F81000032024E363036342D43315242F7
05-04-2025 22:56:23.245,207,RECV,7E000F81000031024E363036352D4D31324F00
05-04-2025 22:56:23.245,208,RECV,7E000F81000031024E363036362D56304547EC
05-04-2025 22:56:23.446,209,RECV,7E000F81000046024E373036312D34453846F6
05-04-2025 22:56:23.446,210,RECV,7E000F8100003D024E353035342D384A585AC2
05-04-2025 22:56:23.496,211,RECV,7E000F8100003D024E353035352D55474339DD
05-04-2025 22:56:23.546,212,RECV,7E000F81000032024E363036382D4F41515AC0
05-04-2025 22:56:23.546,213,RECV,7E000F81000031024E363036392D59354E57C8
05-04-2025 22:56:23.596,214,RECV,7E000F81000031024E363037302D5359414ACC
05-04-2025 22:56:23.596,215,RECV,7E000F81000031024E363037312D3950464FE4
05-04-2025 22:56:23.596,216,RECV,7E000F8100003C024E383035312D4D33374FF1
05-04-2025 22:56:23.646,217,RECV,7E000F8100003E024E353035372D44555152B6
05-04-2025 22:56:23.670,218,RECV,7E000F81000047024E373036322D55544E42B2
05-04-2025 22:56:23.676,219,RECV,7E000F8100003C024E383035322D55314430FC
05-04-2025 22:56:23.696,220,RECV,7E000F8100003B024E383035332D51563843D4
05-04-2025 22:56:23.696,221,RECV,7E000F8100003D024E353035382D34453556EE
05-04-2025 22:56:23.696,222,RECV,7E000F81000045024E373036332D49435950B7
05-04-2025 22:56:23.716,223,RECV,7E000F8100003B024E383035342D32364658EF
05-04-2025 22:56:23.797,224,RECV,7E000F81000031024E363037322D4F31344B02
05-04-2025 22:56:23.840,225,RECV,7E000F81000045024E373036342D454A3549DE
05-04-2025 22:56:23.847,226,RECV,7E000F81000031024E363037332D4D31555AD3
05-04-2025 22:56:23.847,227,RECV,7E000F8100003D024E353035392D384F5552C3
05-04-2025 22:56:23.847,228,RECV,7E000F81000031024E363037342D3536534100
05-04-2025 22:56:23.847,229,RECV,7E000F8100003C024E353036302D46524C5ABC
05-04-2025 22:56:23.847,230,RECV,7E000F81000046024E373036352D444B3152D7
05-04-2025 22:56:23.897,231,RECV,7E000F81000046024E373036362D51374C32E2
05-04-2025 22:56:23.897,232,RECV,7E000F8100003D024E353036312D4F4C4C43CE
05-04-2025 22:56:23.897,233,RECV,7E000F81000045024E373036372D3252534EC3
05-04-2025 22:56:23.997,234,RECV,7E000F8100003A024E383035362D5332354EEC
05-04-2025 22:56:23.997,235,RECV,7E000F81000045024E373036382D524F5337BC
05-04-2025 22:56:23.997,236,RECV,7E000F81000030024E363037352D4F45415AD0
05-04-2025 22:56:23.997,237,RECV,7E000F8100003A024E383035372D39353650FF
05-04-2025 22:56:23.997,238,RECV,7E000F81000045024E373036392D4559584FA1
05-04-2025 22:56:23.998,239,RECV,7E000F81000030024E363037362D34574C52D5
05-04-2025 22:56:24.018,240,RECV,7E000F8100003A024E383035382D55324148E2
05-04-2025 22:56:24.047,241,RECV,7E000F8100003B024E353036322D5A314757D0
05-04-2025 22:56:24.147,242,RECV,7E000F81000045024E373037312D49484844D0
05-04-2025 22:56:24.148,243,RECV,7E000F8100003C024E353036332D4A4D5632D8
05-04-2025 22:56:24.197,244,RECV,7E000F81000030024E363037372D32514B50DF
05-04-2025 22:56:24.198,245,RECV,7E000F8100003C024E353036342D4E473042EF
05-04-2025 22:56:24.248,246,RECV,7E000F81000030024E363037382D304E5257D5
05-04-2025 22:56:24.298,247,RECV,7E000F8100003A024E383035392D5A4B424AC0
05-04-2025 22:56:24.348,248,RECV,7E000F8100003B024E383036302D33594531F6
05-04-2025 22:56:24.348,249,RECV,7E000F8100003B024E383036312D3955354CE8
05-04-2025 22:56:24.348,250,RECV,7E000F8100003A024E383036322D594F3049D6
05-04-2025 22:56:24.348,251,RECV,7E000F81000044024E373037322D45544639D5
05-04-2025 22:56:24.348,252,RECV,7E000F8100003B024E353036352D37325155E7
05-04-2025 22:56:24.398,253,RECV,7E000F81000044024E373037332D34533833FA
05-04-2025 22:56:24.428,254,RECV,7E000F81000044024E373037342D4E344D32EA
05-04-2025 22:56:24.428,255,RECV,7E000F81000030024E363037392D36354659F1
05-04-2025 22:56:24.428,256,RECV,7E000F8100003B024E353036362D4C4A3937EF
05-04-2025 22:56:24.448,257,RECV,7E000F81000030024E363038302D5844313006
05-04-2025 22:56:24.452,258,RECV,7E000F8100003B024E353036372D36544230F8
05-04-2025 22:56:24.499,259,RECV,7E000F8100003B024E353036382D304B5A32EC
05-04-2025 22:56:24.499,260,RECV,7E000F8100003A024E383036332D464A5855B9
05-04-2025 22:56:24.499,261,RECV,7E000F8100003A024E383036342D50543332EC
05-04-2025 22:56:24.598,262,RECV,7E000F81000044024E373037352D354D4651D1
05-04-2025 22:56:24.600,263,RECV,7E000F81000030024E363038312D41504B44E2
05-04-2025 22:56:24.649,264,RECV,7E000F8100003C024E353037302D5852364CCD
05-04-2025 22:56:24.649,265,RECV,7E000F8100003C024E353037312D5631464EDD
05-04-2025 22:56:24.649,266,RECV,7E000F8100003A024E383036352D50465642C6
05-04-2025 22:56:24.699,267,RECV,7E000F81000044024E373037362D3833334A01
05-04-2025 22:56:24.730,268,RECV,7E000F8100002F024E363038322D4C4D4B35E9
05-04-2025 22:56:24.730,269,RECV,7E000F81000030024E363038332D4C564E4DC3
05-04-2025 22:56:24.749,270,RECV,7E000F8100002F024E363038342D49594D4FC2
05-04-2025 22:56:24.753,271,RECV,7E000F8100003A024E383036362D4E483259D2
05-04-2025 22:56:24.753,272,RECV,7E000F8100002F024E363038352D30515035F9
05-04-2025 22:56:24.753,273,RECV,7E000F8100003A024E383036372D52364C30EE
05-04-2025 22:56:24.753,274,RECV,7E000F8100002F024E363038362D50545434D2
05-04-2025 22:56:24.753,275,RECV,7E000F8100003C024E353037322D41594150CC
05-04-2025 22:56:24.799,276,RECV,7E000F81000045024E373037372D444D5538C9
05-04-2025 22:56:24.800,277,RECV,7E000F81000030024E363038372D51364848E5
05-04-2025 22:56:24.800,278,RECV,7E000F8100003A024E383036382D4D36415AD3
05-04-2025 22:56:24.899,279,RECV,7E000F81000030024E363038382D43484941E6
05-04-2025 22:56:24.907,280,RECV,7E000F8100003A024E383036392D4F345655C2
05-04-2025 22:56:24.907,281,RECV,7E000F81000030024E363038392D54443956D3
05-04-2025 22:56:24.950,282,RECV,7E000F81000044024E373037382D55315446C7
05-04-2025 22:56:24.950,283,RECV,7E000F81000044024E373037392D51485555A3
05-04-2025 22:56:25.000,284,RECV,7E000F81000039024E383037302D524D434FC8
05-04-2025 22:56:25.038,285,RECV,7E000F8100002F024E363039302D4730514EED
05-04-2025 22:56:25.100,286,RECV,7E000F8100002F024E363039312D394C3551F7
05-04-2025 22:56:25.150,287,RECV,7E000F8100002F024E363039322D43533952E0
05-04-2025 22:56:25.200,288,RECV,7E000F81000044024E373038302D574C5133C7
05-04-2025 22:56:25.200,289,RECV,7E000F8100003B024E353037332D54414D42D3
05-04-2025 22:56:25.200,290,RECV,7E000F81000039024E383037312D5A393858D5
05-04-2025 22:56:25.250,291,RECV,7E000F8100002F024E363039332D3857304AF7
05-04-2025 22:56:25.250,292,RECV,7E000F81000044024E373038312D56433949D2
05-04-2025 22:56:25.300,293,RECV,7E000F8100003A024E383037322D4C4D5242C9
05-04-2025 22:56:25.300,294,RECV,7E000F81000039024E383037332D56415645C4
05-04-2025 22:56:25.301,295,RECV,7E000F81000039024E383037342D33484835FD
05-04-2025 22:56:25.350,296,RECV,7E000F81000044024E373038322D5A395641C2
05-04-2025 22:56:25.350,297,RECV,7E000F8100003B024E353037342D4C584755B6
05-04-2025 22:56:25.400,298,RECV,7E000F8100003B024E353037352D494D5958AE
05-04-2025 22:56:25.410,299,RECV,7E000F8100003B024E353037362D324933357D31
05-04-2025 22:56:25.501,300,RECV,7E000F8100002F024E363039342D4532304A0E
05-04-2025 22:56:25.511,301,RECV,7E000F8100002F024E363039352D3538543508
05-04-2025 22:56:25.513,302,RECV,7E000F81000045024E373038342D53564B4BAA
05-04-2025 22:56:25.661,303,RECV,7E000F8100002F024E363039372D4835334903
05-04-2025 22:56:25.661,304,RECV,7E000F8100002F024E363039382D5245444CD4
05-04-2025 22:56:25.711,305,RECV,7E000F8100002F024E363039392D314E323217
05-04-2025 22:56:25.751,306,RECV,7E000F8100003B024E353037382D34583736F9
05-04-2025 22:56:25.801,307,RECV,7E000F8100003A024E383037362D50375431E6
05-04-2025 22:56:25.813,308,RECV,7E000F81000044024E373038362D5A52585A8A
05-04-2025 22:56:25.852,309,RECV,7E000F81000044024E373038372D54465250AB
05-04-2025 22:56:25.902,310,RECV,7E000F8100003B024E353037392D52504C38CB
05-04-2025 22:56:25.902,311,RECV,7E000F8100003A024E383037372D59434E47C0
05-04-2025 22:56:25.952,312,RECV,7E000F8100003B024E353038302D35424F38FB
05-04-2025 22:56:25.964,313,RECV,7E000F81000044024E373038392D38543846DB
05-04-2025 22:56:26.002,314,RECV,7E000F81000039024E383037382D37554353CF
05-04-2025 22:56:26.002,315,RECV,7E000F81000044024E373039302D59554347B5
05-04-2025 22:56:26.052,316,RECV,7E000F8100003A024E353038312D4C4E4745D3
05-04-2025 22:56:26.052,317,RECV,7E000F8100003B024E353038322D4B463353E0
05-04-2025 22:56:26.052,318,RECV,7E000F81000039024E383037392D47463135FD
05-04-2025 22:56:26.102,319,RECV,7E000F8100003A024E353038332D4E564337D9
05-04-2025 22:56:26.114,320,RECV,7E000F8100003A024E353038342D324B4644EF
05-04-2025 22:56:26.273,321,RECV,7E000F8100003B024E353038352D4D353244FC
05-04-2025 22:56:26.353,322,RECV,7E000F81000044024E373039312D45435454BC
05-04-2025 22:56:26.504,323,RECV,7E000F8100003A024E353038362D38305449EF
05-04-2025 22:56:26.514,324,RECV,7E000F81000044024E373039322D37524A44D4
05-04-2025 22:56:26.514,325,RECV,7E000F81000039024E383038302D54473136F6
05-04-2025 22:56:26.525,326,RECV,7E007D3381000039005CFFFFFFFFFFFFFFFF000000534856
05-04-2025 22:56:26.545,327,RECV,7E000F8100003A024E353038382D4C534556B8
05-04-2025 22:56:26.582,328,RECV,7E007D338100003B0064FFFFFFFFFFFFFFFF00000053484C
05-04-2025 22:56:26.603,329,RECV,7E000F8100003A024E353038392D34395631FD
05-04-2025 22:56:26.654,330,RECV,7E000F81000039024E383038312D49453838F9
05-04-2025 22:56:26.654,331,RECV,7E000F8100003B024E353039302D534C364FD4
05-04-2025 22:56:26.704,332,RECV,7E000F81000039024E383038322D5A305437E1
05-04-2025 22:56:26.736,333,RECV,7E000F8100003B024E353039312D4A4E4559C1
05-04-2025 22:56:26.742,334,RECV,7E000F81000044024E373039332D59364A53BE
05-04-2025 22:56:26.855,335,RECV,7E000F81000039024E383038332D58585A33B8
05-04-2025 22:56:26.905,336,RECV,7E000F81000039024E383038342D395A5359B5
05-04-2025 22:56:27.005,337,RECV,7E000F81000039024E383038352D4D38394EE7
05-04-2025 22:56:27.105,338,RECV,7E000F8100003A024E353039322D3756373102
05-04-2025 22:56:27.105,339,RECV,7E000F8100003A024E353039332D54365243D7
05-04-2025 22:56:27.105,340,RECV,7E000F81000039024E383038372D59314151D5
05-04-2025 22:56:27.155,341,RECV,7E000F81000039024E383038382D4C4F4B41C9
05-04-2025 22:56:27.206,342,RECV,7E000F81000039024E383038392D48415958B5
05-04-2025 22:56:27.209,343,RECV,7E000F8100003B024E353039342D344C4D38EF
05-04-2025 22:56:27.209,344,RECV,7E000F8100003B024E353039352D35464457DD
05-04-2025 22:56:27.306,345,RECV,7E000F81000044024E373039362D5A364331E3
05-04-2025 22:56:27.356,346,RECV,7E000F81000039024E383039302D41535551BD
05-04-2025 22:56:27.357,347,RECV,7E000F8100003B024E353039362D584D4238D3
05-04-2025 22:56:27.357,348,RECV,7E000F81000039024E383039312D54425559B2
05-04-2025 22:56:27.456,349,RECV,7E000F8100003A024E353039372D57425041C8
05-04-2025 22:56:27.458,350,RECV,7E000F81000044024E373039372D39345255D2
05-04-2025 22:56:27.506,351,RECV,7E000F81000039024E383039322D324D3355EE
05-04-2025 22:56:27.556,352,RECV,7E000F8100003A024E353039382D594E3643D1
05-04-2025 22:56:27.607,353,RECV,7E000F81000038024E383039332D505A454ABC
05-04-2025 22:56:27.650,354,RECV,7E000F81000044024E373039382D4C545541AF
05-04-2025 22:56:27.656,355,RECV,7E000F81000044024E373039392D374F504AC4
05-04-2025 22:56:27.667,356,RECV,7E000F81000039024E383039342D42424B35EF
05-04-2025 22:56:27.706,357,RECV,7E000F81000039024E383039352D44365553D0
05-04-2025 22:56:27.757,358,RECV,7E000F81000039024E383039362D334F5959BD
05-04-2025 22:56:27.857,359,RECV,7E000F81000039024E383039372D4C533455C8
05-04-2025 22:56:27.957,360,RECV,7E000F81000039024E383039382D44393454EA
05-04-2025 22:56:28.007,361,RECV,7E000F81000039024E383039392D46474D59BB
