05-24-2025 11:43:33.971,-,API2,"Sink 1,0013A20041839DB1,802.15.4 TH,2003,/dev/ttyUSB0 - 57600/8/M/1/N,1,46"

05-24-2025 11:41:05.347,0,RECV,7E000F81000031024E363030312D36573357F2
05-24-2025 11:41:05.347,1,RECV,7E007D338100003A000AFFFFFFFFFFFFFFFF0000005348A7
05-24-2025 11:41:05.397,2,RECV,7E007D3381000031000BFFFFFFFFFFFFFFFF0000005348AF
05-24-2025 11:41:05.597,3,RECV,7E000F8100003A024E353030312D47593850D9
05-24-2025 11:41:05.598,4,RECV,7E007D3181F9DF230203004E313030312D55464B5704
05-24-2025 11:41:05.647,5,RECV,7E000F81000030024E363030322D41375753E7
05-24-2025 11:41:05.748,6,RECV,7E007D3181F9DF230204004E313030322D4135344E47
05-24-2025 11:41:05.998,7,RECV,7E000F81000022024E323030312D4F5837340A
05-24-2025 11:41:05.999,8,RECV,7E000F81000039024E353030322D5A525534CC
05-24-2025 11:41:06.099,9,RECV,7E000F81000037024E353030332D34394C3316
05-24-2025 11:41:06.199,10,RECV,7E007D3181F9DF230205004E313030332D4842503033
05-24-2025 11:41:06.216,11,RECV,7E000F8100002D024E363030332D594E494AD1
05-24-2025 11:41:06.299,12,RECV,7E000F81000036024E353030342D52555936CC
05-24-2025 11:41:06.349,13,RECV,7E000F81000020024E323030322D3333595A04
05-24-2025 11:41:07.202,14,RECV,7E007D3181F9DF230207004E313030352D5356414B04
05-24-2025 11:41:07.252,15,RECV,7E000F8100002E024E363030342D41495931F5
05-24-2025 11:41:07.252,16,RECV,7E000F8100002E024E363030352D39595045E1
05-24-2025 11:41:07.603,17,RECV,7E000F8100002D024E363030362D42504448EA
05-24-2025 11:41:07.703,18,RECV,7E000F8100002D024E363030372D4B424E4FDD
05-24-2025 11:41:07.803,19,RECV,7E000F81000022024E323030332D44563959EE
05-24-2025 11:41:08.405,20,RECV,7E000F8100002D024E363030382D51364A45F0
05-24-2025 11:41:08.606,21,RECV,7E000F81000022024E323030342D51564352DD
05-24-2025 11:41:09.207,22,RECV,7E000F81000022024E323030352D57384D48F4
05-24-2025 11:41:09.212,23,RECV,7E007D3181F9DF230208004E313030362D4833384341
05-24-2025 11:41:09.357,24,RECV,7E000F8100002D024E363030392D31364E420E
05-24-2025 11:41:09.362,25,RECV,7E007D3181F9DF230209004E313030372D394954302F
05-24-2025 11:41:09.362,26,RECV,7E007D3381000036000FFFFFFFFFFFFFFFFF0000005348A6
05-24-2025 11:41:09.407,27,RECV,7E007D338100002D0014FFFFFFFFFFFFFFFF0000005348AA
05-24-2025 11:41:10.130,28,RECV,7E000F8100002D024E363031302D4E30314717
05-24-2025 11:41:10.210,29,RECV,7E000F81000022024E323030362D54414C37FF
05-24-2025 11:41:10.260,30,RECV,7E000F81000022024E323030372D45515431FB
05-24-2025 11:41:10.310,31,RECV,7E007D3181F9DF23020A004E313030382D59385958F1
05-24-2025 11:41:10.711,32,RECV,7E000F8100002D024E363031312D35514F44F3
05-24-2025 11:41:10.811,33,RECV,7E007D3181F9DF23020B004E313030392D5332324337
05-24-2025 11:41:10.961,34,RECV,7E007D3181F9DF23020C004E313031302D4A4A39587D33
05-24-2025 11:41:12.115,35,RECV,7E007D3181F9DF23020D004E313031312D575A4F38FE
05-24-2025 11:41:12.365,36,RECV,7E000F81000036024E353030352D443138480C
05-24-2025 11:41:12.415,37,RECV,7E000F8100002E024E363031322D47573145F6
05-24-2025 11:41:12.418,38,RECV,7E000F8100002D024E363031332D4D483655EA
05-24-2025 11:41:12.916,39,RECV,7E007D3181F9DF23020E004E313031322D324A355330
05-24-2025 11:41:13.368,40,RECV,7E007D3381000036007D31FFFFFFFFFFFFFFFF0000005348A4
05-24-2025 11:41:13.418,41,RECV,7E007D338100002D0019FFFFFFFFFFFFFFFF0000005348A5
05-24-2025 11:41:13.669,42,RECV,7E000F81000036024E353030362D36445749E6
05-24-2025 11:41:13.839,43,RECV,7E000F81000021024E323030382D373346570F
05-24-2025 11:41:14.020,44,RECV,7E000F81000036024E353030372D4B395342E6
05-24-2025 11:41:14.420,45,RECV,7E000F81000039024E353030382D56485855B0
05-24-2025 11:41:14.872,46,RECV,7E007D3181F9DF23020F004E313031332D335A395418
05-24-2025 11:41:15.223,47,RECV,7E007D3181F9DF230210004E313031342D38515657FA
05-24-2025 11:41:15.824,48,RECV,7E000F8100002F024E363031342D32564F58D8
05-24-2025 11:41:16.526,49,RECV,7E000F81000039024E353030392D56384353D6
05-24-2025 11:41:16.977,50,RECV,7E000F8100002F024E363031352D4B4F474ED7
05-24-2025 11:41:17.379,51,RECV,7E007D33810000370016FFFFFFFFFFFFFFFF00000053489E
05-24-2025 11:41:17.429,52,RECV,7E007D338100002E001CFFFFFFFFFFFFFFFF0000005348A1
05-24-2025 11:41:17.432,53,RECV,7E000F8100002E024E363031362D48524A44DE
05-24-2025 11:41:17.930,54,RECV,7E000F8100002D024E363031372D58385353D0
05-24-2025 11:41:17.981,55,RECV,7E000F8100002D024E363031382D53584D49C4
05-24-2025 11:41:18.281,56,RECV,7E000F81000022024E323030392D4C565149D8
05-24-2025 11:41:18.382,57,RECV,7E000F81000031024E363031392D4D414357D8
05-24-2025 11:41:19.134,58,RECV,7E000F81000030024E363032302D3046424809
05-24-2025 11:41:19.284,59,RECV,7E000F8100003A024E353031302D564D4732E5
05-24-2025 11:41:19.485,60,RECV,7E000F81000031024E363032312D4E4E5946CC
05-24-2025 11:41:19.786,61,RECV,7E007D3181F9DF23027D31004E313031352D4F414C59F9
05-24-2025 11:41:19.787,62,RECV,7E000F81000039024E353031312D34394B59F0
05-24-2025 11:41:19.836,63,RECV,7E000F8100003A024E353031322D53353447FC
05-24-2025 11:41:19.936,64,RECV,7E000F8100003A024E353031332D4733344E02
05-24-2025 11:41:20.187,65,RECV,7E000F81000031024E363032322D42455054DB
05-24-2025 11:41:20.237,66,RECV,7E000F81000031024E363032332D4733414208
05-24-2025 11:41:20.638,67,RECV,7E000F8100003A024E353031342D5A425433DA
05-24-2025 11:41:20.788,68,RECV,7E007D3181F9DF230212004E313031362D3052304139
05-24-2025 11:41:20.869,69,RECV,7E000F8100003A024E353031352D55575830C8
05-24-2025 11:41:20.989,70,RECV,7E000F8100003A024E353031362D39554945DF
05-24-2025 11:41:21.140,71,RECV,7E007D3181F9DF23027D33004E313031372D4B4B504202
05-24-2025 11:41:21.143,72,RECV,7E000F81000022024E323031302D435A304A05
05-24-2025 11:41:21.240,73,RECV,7E000F81000030024E363032342D4C495854C4
05-24-2025 11:41:21.390,74,RECV,7E007D338100003A001EFFFFFFFFFFFFFFFF000000534893
05-24-2025 11:41:21.440,75,RECV,7E007D33810000310026FFFFFFFFFFFFFFFF000000534894
05-24-2025 11:41:21.641,76,RECV,7E007D33810000220018FFFFFFFFFFFFFFFF0000005348B1
05-24-2025 11:41:21.641,77,RECV,7E000F81000022024E323031312D5A3934361E
05-24-2025 11:41:21.791,78,RECV,7E000F81000030024E363032352D42444C36FC
05-24-2025 11:41:21.841,79,RECV,7E000F81000022024E323031322D5836373223
05-24-2025 11:41:22.092,80,RECV,7E007D3181F9DF230214004E313031382D484E50317D31
05-24-2025 11:41:22.092,81,RECV,7E000F81000022024E323031332D303742551B
05-24-2025 11:41:22.342,82,RECV,7E000F8100003A024E353031372D543435330A
05-24-2025 11:41:22.503,83,RECV,7E000F81000039024E353031382D5A315852C5
05-24-2025 11:41:22.643,84,RECV,7E000F81000030024E363032362D56534247D1
05-24-2025 11:41:23.546,85,RECV,7E007D3181F9DF230215004E313031392D4641344F1C
05-24-2025 11:41:23.796,86,RECV,7E000F8100002E024E363032372D4E483547F2
05-24-2025 11:41:23.897,87,RECV,7E000F81000022024E323031342D4734543019
05-24-2025 11:41:24.047,88,RECV,7E000F81000022024E323031352D3955563300
05-24-2025 11:41:24.097,89,RECV,7E000F81000022024E323031362D4B525948D8
05-24-2025 11:41:24.598,90,RECV,7E000F8100002D024E363032382D53455041DB
05-24-2025 11:41:24.799,91,RECV,7E000F8100002D024E363032392D5430364306
05-24-2025 11:41:24.949,92,RECV,7E007D3181F9DF230216004E313032302D5A484152F8
05-24-2025 11:41:25.050,93,RECV,7E000F81000036024E353031392D30435458DD
05-24-2025 11:41:25.200,94,RECV,7E007D3181F9DF230217004E313032312D4E435257F1
05-24-2025 11:41:25.401,95,RECV,7E007D33810000370022FFFFFFFFFFFFFFFF000000534892
05-24-2025 11:41:25.451,96,RECV,7E007D338100002F002CFFFFFFFFFFFFFFFF000000534890
05-24-2025 11:41:25.551,97,RECV,7E007D3181F9DF230218004E313032322D304A49392D
05-24-2025 11:41:25.651,98,RECV,7E007D3381000022001FFFFFFFFFFFFFFFFF0000005348AA
05-24-2025 11:41:25.902,99,RECV,7E000F81000037024E353032302D4532524AF0
05-24-2025 11:41:26.153,100,RECV,7E007D3181F9DF230219004E313032332D4A3252487D31
05-24-2025 11:41:26.253,101,RECV,7E007D3181F9DF23021A004E313032342D4A3136581C
05-24-2025 11:41:27.105,102,RECV,7E000F8100002E024E363033302D5448353207
05-24-2025 11:41:27.155,103,RECV,7E000F81000022024E323031372D524B4E4AE0
05-24-2025 11:41:27.256,104,RECV,7E000F8100002E024E363033312D47524845E3
05-24-2025 11:41:27.316,105,RECV,7E000F81000021024E323031382D4455514DDE
05-24-2025 11:41:27.657,106,RECV,7E000F8100002E024E363033322D313742530B
05-24-2025 11:41:27.707,107,RECV,7E000F8100002E024E363033332D4338374A0B
05-24-2025 11:41:28.509,108,RECV,7E000F81000037024E353032312D58514F33D7
05-24-2025 11:41:28.609,109,RECV,7E000F81000037024E353032322D56454637E9
05-24-2025 11:41:29.070,110,RECV,7E000F81000037024E353032332D52564331E4
05-24-2025 11:41:29.411,111,RECV,7E007D33810000370027FFFFFFFFFFFFFFFF00000053488D
05-24-2025 11:41:29.461,112,RECV,7E007D338100002E0031FFFFFFFFFFFFFFFF00000053488C
05-24-2025 11:41:29.612,113,RECV,7E000F8100002E024E363033342D324D4B4BF1
05-24-2025 11:41:29.662,114,RECV,7E007D33810000220022FFFFFFFFFFFFFFFF0000005348A7
05-24-2025 11:41:29.674,115,RECV,7E000F81000022024E323031392D593436351B
05-24-2025 11:41:29.912,116,RECV,7E000F81000036024E353032342D54455746CA
05-24-2025 11:41:30.063,117,RECV,7E000F81000022024E323032302D46434258F8
05-24-2025 11:41:30.324,118,RECV,7E007D3181F9DF23021B004E313032352D54595259CB
05-24-2025 11:41:30.364,119,RECV,7E000F8100002E024E363033352D59463939F4
05-24-2025 11:41:30.765,120,RECV,7E000F81000036024E353032352D35505058D2
05-24-2025 11:41:30.965,121,RECV,7E000F8100002E024E363033362D46553853DE
05-24-2025 11:41:31.166,122,RECV,7E000F81000036024E353032362D41384A51EA
05-24-2025 11:41:31.417,123,RECV,7E000F81000036024E353032372D4D4F4642D9
05-24-2025 11:41:31.567,124,RECV,7E000F8100002E024E363033372D56484331F1
05-24-2025 11:41:31.667,125,RECV,7E000F8100002E024E363033382D39365A57E2
05-24-2025 11:41:31.868,126,RECV,7E000F81000022024E323032312D57504F47DD
05-24-2025 11:41:31.918,127,RECV,7E007D3181F9DF23021C004E313032362D335339362C
05-24-2025 11:41:32.419,128,RECV,7E000F81000036024E353032382D4A484B4AD5
05-24-2025 11:41:32.620,129,RECV,7E000F81000022024E323032322D4F445933FA
05-24-2025 11:41:32.670,130,RECV,7E000F8100002E024E363033392D4E424459D4
05-24-2025 11:41:32.770,131,RECV,7E000F81000037024E353032392D4F323857EA
05-24-2025 11:41:33.342,132,RECV,7E000F81000037024E353033302D5A454A36E3
05-24-2025 11:41:33.422,133,RECV,7E007D3381000037002FFFFFFFFFFFFFFFFF000000534885
05-24-2025 11:41:33.472,134,RECV,7E007D338100002E0038FFFFFFFFFFFFFFFF000000534885
05-24-2025 11:41:33.673,135,RECV,7E000F81000036024E353033312D57485546C8
05-24-2025 11:41:33.674,136,RECV,7E007D33810000220027FFFFFFFFFFFFFFFF0000005348A2
05-24-2025 11:41:34.124,137,RECV,7E007D3181F9DF23021D004E313032372D45504655EF
05-24-2025 11:41:34.145,138,RECV,7E000F81000022024E323032332D3049354426
05-24-2025 11:41:34.224,139,RECV,7E000F81000022024E323032342D46523450FB
05-24-2025 11:41:34.274,140,RECV,7E007D3181F9DF23021E004E313032382D425447340C
05-24-2025 11:41:34.275,141,RECV,7E007D3181F9DF23021F004E313032392D475A534CDB
05-24-2025 11:41:34.325,142,RECV,7E000F81000036024E353033322D5332494AE9
05-24-2025 11:41:34.475,143,RECV,7E007D3181F9DF230220004E313033302D4B4351370C
05-24-2025 11:41:34.686,144,RECV,7E000F8100002D024E363034302D58573155D5
05-24-2025 11:41:34.976,145,RECV,7E007D3181F9DF230221004E313033312D31585651F0
05-24-2025 11:41:35.127,146,RECV,7E000F81000030024E363034312D4350584AD1
05-24-2025 11:41:35.327,147,RECV,7E007D3181F9DF230222004E313033322D4539393730
05-24-2025 11:41:35.682,148,RECV,7E007D3181F9DF230223004E313033332D5532364916
05-24-2025 11:41:37.136,149,RECV,7E000F81000030024E363034322D4C34414CF8
05-24-2025 11:41:37.437,150,RECV,7E007D33810000380032FFFFFFFFFFFFFFFF000000534881
05-24-2025 11:41:37.487,151,RECV,7E007D338100002F003CFFFFFFFFFFFFFFFF000000534880
05-24-2025 11:41:37.638,152,RECV,7E007D3181F9DF230224004E313033342D334D5449FD
05-24-2025 11:41:37.687,153,RECV,7E007D3381000022002AFFFFFFFFFFFFFFFF00000053489F
05-24-2025 11:41:37.696,154,RECV,7E000F81000022024E323032352D36535351E9
05-24-2025 11:41:38.389,155,RECV,7E000F81000036024E353033332D354D5A35EF
05-24-2025 11:41:38.439,156,RECV,7E000F81000036024E353033342D31465957D8
05-24-2025 11:41:38.490,157,RECV,7E000F81000036024E353033352D4B56314AE2
05-24-2025 11:41:38.490,158,RECV,7E000F81000022024E323032362D4F54434EE1
05-24-2025 11:41:39.242,159,RECV,7E000F8100002D024E363034332D5541393008
05-24-2025 11:41:39.292,160,RECV,7E000F8100002D024E363034342D574D4F5AB9
05-24-2025 11:41:39.296,161,RECV,7E000F81000036024E353033362D435A3430FC
05-24-2025 11:41:39.743,162,RECV,7E000F81000039024E353033372D36304453FC
05-24-2025 11:41:40.395,163,RECV,7E007D3181F9DF230225004E313033352D3553564FEB
05-24-2025 11:41:40.716,164,RECV,7E000F81000039024E353033382D53574A4ABA
05-24-2025 11:41:41.448,165,RECV,7E007D338100003A0039FFFFFFFFFFFFFFFF000000534878
05-24-2025 11:41:41.448,166,RECV,7E000F81000022024E323032372D49564848E5
05-24-2025 11:41:41.498,167,RECV,7E007D3381000031003FFFFFFFFFFFFFFFFF00000053487B
05-24-2025 11:41:41.498,168,RECV,7E000F8100003A024E353033392D49503847DE
05-24-2025 11:41:41.598,169,RECV,7E000F81000022024E323032382D474D4759DF
05-24-2025 11:41:41.698,170,RECV,7E000F8100003A024E353034302D4B4A5558BC
05-24-2025 11:41:41.700,171,RECV,7E000F81000030024E363034352D31465A4CE5
05-24-2025 11:41:41.798,172,RECV,7E000F81000030024E363034362D535A5A30CA
05-24-2025 11:41:41.949,173,RECV,7E000F81000022024E323032392D55593841EB
05-24-2025 11:41:42.200,174,RECV,7E000F81000039024E353034312D5A564D39C8
05-24-2025 11:41:42.350,175,RECV,7E000F81000022024E323033302D57314254FC
05-24-2025 11:41:42.400,176,RECV,7E000F81000022024E323033312D303753500F
05-24-2025 11:41:42.501,177,RECV,7E000F81000022024E323033322D46374D4707
05-24-2025 11:41:42.651,178,RECV,7E000F81000022024E323033332D534A4850E2
05-24-2025 11:41:43.503,179,RECV,7E007D3181F9DF230226004E313033362D3249495101
05-24-2025 11:41:43.704,180,RECV,7E000F81000036024E353034322D34433458FD
05-24-2025 11:41:43.955,181,RECV,7E007D3181F9DF230227004E313033372D5543383212
05-24-2025 11:41:44.005,182,RECV,7E000F8100002D024E363034372D4E323258F9
05-24-2025 11:41:44.155,183,RECV,7E007D3181F9DF230228004E313033382D5A4E5A58B8
05-24-2025 11:41:44.356,184,RECV,7E000F8100002D024E363034382D55483739F5
05-24-2025 11:41:44.506,185,RECV,7E000F81000036024E353034332D38314E54F4
05-24-2025 11:41:45.208,186,RECV,7E000F81000022024E323033342D36545151EA
05-24-2025 11:41:45.358,187,RECV,7E000F8100002D024E363034392D464A374EEC
05-24-2025 11:41:45.459,188,RECV,7E007D3381000036003FFFFFFFFFFFFFFFFF000000534876
05-24-2025 11:41:45.459,189,RECV,7E000F8100002D024E363035302D54364957DF
05-24-2025 11:41:45.509,190,RECV,7E007D338100002D0046FFFFFFFFFFFFFFFF000000534878
05-24-2025 11:41:45.609,191,RECV,7E007D3181F9DF230229004E313033392D58464745E6
05-24-2025 11:41:45.759,192,RECV,7E000F81000022024E323033352D50585636E1
05-24-2025 11:41:46.361,193,RECV,7E007D3181F9DF23022A004E313034302D54504F49DB
05-24-2025 11:41:46.612,194,RECV,7E000F81000022024E323033362D4D365458E5
05-24-2025 11:41:46.762,195,RECV,7E000F81000037024E353034342D344B373116
05-24-2025 11:41:47.013,196,RECV,7E000F81000038024E353034352D56594E37C7
05-24-2025 11:41:47.063,197,RECV,7E000F81000038024E353034362D384A355AE9
05-24-2025 11:41:47.263,198,RECV,7E007D3181F9DF23022B004E313034312D505033317D31
05-24-2025 11:41:47.364,199,RECV,7E007D3181F9DF23022C004E313034322D4C3343430E
05-24-2025 11:41:47.665,200,RECV,7E007D3181F9DF23022D004E313034332D3942453021
05-24-2025 11:41:48.466,201,RECV,7E000F8100002D024E363035312D555A4B59B5
05-24-2025 11:41:49.068,202,RECV,7E007D3181F9DF23022E004E313034342D35494F340E
05-24-2025 11:41:49.318,203,RECV,7E000F8100002D024E363035322D5A4C4D34E0
05-24-2025 11:41:49.419,204,RECV,7E000F81000022024E323033372D51425238F6
05-24-2025 11:41:49.469,205,RECV,7E007D33810000360043FFFFFFFFFFFFFFFF000000534872
05-24-2025 11:41:49.519,206,RECV,7E000F81000022024E323033382D484233381D
05-24-2025 11:41:49.519,207,RECV,7E007D338100002D0049FFFFFFFFFFFFFFFF000000534875
05-24-2025 11:41:49.720,208,RECV,7E007D3381000022003BFFFFFFFFFFFFFFFF00000053488E
05-24-2025 11:41:49.970,209,RECV,7E000F81000022024E323033392D54555136E1
05-24-2025 11:41:50.421,210,RECV,7E000F81000036024E353034372D4D5A4936D5
05-24-2025 11:41:50.622,211,RECV,7E007D3181F9DF23022F004E313034352D454F4C48E5
05-24-2025 11:41:50.772,212,RECV,7E000F81000022024E323034302D4742494601
05-24-2025 11:41:50.872,213,RECV,7E000F81000036024E353034382D4D4B3646E6
05-24-2025 11:41:51.174,214,RECV,7E000F8100002E024E363035332D31315652FB
05-24-2025 11:41:51.224,215,RECV,7E000F81000022024E323034312D394957300F
05-24-2025 11:41:51.424,216,RECV,7E000F81000036024E353034392D4239413607
05-24-2025 11:41:51.725,217,RECV,7E000F8100002F024E363035342D47355644ED
05-24-2025 11:41:51.729,218,RECV,7E000F8100002F024E363035352D43445256D3
05-24-2025 11:41:52.126,219,RECV,7E000F81000030024E363035362D454337307D31
05-24-2025 11:41:52.426,220,RECV,7E000F81000022024E323034322D354E5A3307
05-24-2025 11:41:53.179,221,RECV,7E000F81000038024E353035302D4E394953DC
05-24-2025 11:41:53.229,222,RECV,7E007D3181F9DF230230004E313034362D584D4F54C3
05-24-2025 11:41:53.439,223,RECV,7E007D33810000390048FFFFFFFFFFFFFFFF00000053486A
05-24-2025 11:41:53.530,224,RECV,7E007D338100002F004EFFFFFFFFFFFFFFFF00000053486E
05-24-2025 11:41:53.579,225,RECV,7E000F81000037024E353035312D4458564FBE
05-24-2025 11:41:53.790,226,RECV,7E007D3181F9DF230231004E313034372D5A384555DD
05-24-2025 11:41:54.241,227,RECV,7E007D3181F9DF230232004E313034382D4C38374EFE
05-24-2025 11:41:54.733,228,RECV,7E000F81000022024E323034332D39595831FB
05-24-2025 11:41:54.783,229,RECV,7E000F81000037024E353035322D55594730D9
05-24-2025 11:41:54.883,230,RECV,7E000F81000037024E353035332D36445249E8
05-24-2025 11:41:55.886,231,RECV,7E000F81000022024E323034342D594338350C
05-24-2025 11:41:56.036,232,RECV,7E000F81000037024E353035342D3745524BE3
05-24-2025 11:41:56.086,233,RECV,7E000F81000022024E323034352D57415047E5
05-24-2025 11:41:56.287,234,RECV,7E000F81000036024E353035352D38435A30F7
05-24-2025 11:41:56.688,235,RECV,7E007D3181F9DF230233004E313034392D5A525652B1
05-24-2025 11:41:56.888,236,RECV,7E007D3181F9DF230234004E313035302D59314147FA
05-24-2025 11:41:57.139,237,RECV,7E007D3181F9DF230235004E313035312D5434454DF0
05-24-2025 11:41:57.440,238,RECV,7E000F8100002E024E363035372D53453152E6
05-24-2025 11:41:57.440,239,RECV,7E007D3381000037004EFFFFFFFFFFFFFFFF000000534866
05-24-2025 11:41:57.540,240,RECV,7E007D338100002E0050FFFFFFFFFFFFFFFF00000053486D
05-24-2025 11:41:57.640,241,RECV,7E007D3181F9DF230236004E313035322D594E5837D2
05-24-2025 11:41:57.741,242,RECV,7E007D33810000220044FFFFFFFFFFFFFFFF000000534885
05-24-2025 11:41:58.092,243,RECV,7E000F8100002E024E363035382D4A4F343003
05-24-2025 11:41:58.393,244,RECV,7E000F81000037024E353035362D524B4355C5
05-24-2025 11:41:58.400,245,RECV,7E000F81000022024E323034362D5630353622
05-24-2025 11:41:58.493,246,RECV,7E000F81000037024E353035372D4A39334FF4
05-24-2025 11:41:58.643,247,RECV,7E000F8100002E024E363035392D4F4B444AD7
05-24-2025 11:41:58.643,248,RECV,7E000F81000037024E353035382D41365255DA
05-24-2025 11:41:58.994,249,RECV,7E007D3181F9DF220237004E313035332D5847313403
05-24-2025 11:41:59.596,250,RECV,7E007D3181F9DF230238004E313035342D42595943CD
05-24-2025 11:41:59.796,251,RECV,7E000F81000037024E353035392D44414142EF
05-24-2025 11:42:00.397,252,RECV,7E000F81000022024E323034372D36585236FC
05-24-2025 11:42:00.849,253,RECV,7E007D3181F9DF230239004E313035352D58444456CC
05-24-2025 11:42:01.049,254,RECV,7E000F81000037024E353036302D4A544344DA
05-24-2025 11:42:01.099,255,RECV,7E000F81000037024E353036312D56593847D0
05-24-2025 11:42:01.250,256,RECV,7E007D3181F9DF23023A004E313035362D4C553259D4
05-24-2025 11:42:01.451,257,RECV,7E007D33810000370055FFFFFFFFFFFFFFFF00000053485F
05-24-2025 11:42:01.551,258,RECV,7E007D338100002E0053FFFFFFFFFFFFFFFF00000053486A
05-24-2025 11:42:01.651,259,RECV,7E000F81000037024E353036322D5A444B38DC
05-24-2025 11:42:02.002,260,RECV,7E000F8100002E024E363036302D3751524DE0
05-24-2025 11:42:02.303,261,RECV,7E000F81000037024E353036332D394931367D33
05-24-2025 11:42:02.353,262,RECV,7E000F81000037024E353036342D4B324852E4
05-24-2025 11:42:02.363,263,RECV,7E000F81000037024E353036352D36533948F0
05-24-2025 11:42:03.004,264,RECV,7E000F81000022024E323034382D47315A58E7
05-24-2025 11:42:03.055,265,RECV,7E000F81000037024E353036362D38524449E2
05-24-2025 11:42:03.105,266,RECV,7E007D3181F9DF23023B004E313035372D45374459E5
05-24-2025 11:42:03.315,267,RECV,7E000F81000037024E353036372D4234554EDF
05-24-2025 11:42:03.505,268,RECV,7E000F8100002E024E363036312D504E5353C2
05-24-2025 11:42:03.756,269,RECV,7E000F81000037024E353036382D50414E4ACE
05-24-2025 11:42:04.257,270,RECV,7E000F81000037024E353036392D59564154B2
05-24-2025 11:42:04.458,271,RECV,7E000F81000022024E323034392D57424F38F0
05-24-2025 11:42:04.558,272,RECV,7E000F81000037024E353037302D3933354D10
05-24-2025 11:42:04.960,273,RECV,7E000F8100002E024E363036322D344B384B03
05-24-2025 11:42:04.965,274,RECV,7E000F81000038024E353037312D5A583239DF
05-24-2025 11:42:05.310,275,RECV,7E000F81000038024E353037322D48503650DD
05-24-2025 11:42:05.312,276,RECV,7E000F81000037024E353037332D33574934F4
05-24-2025 11:42:05.461,277,RECV,7E000F81000037024E353037342D33524830FD
05-24-2025 11:42:05.461,278,RECV,7E007D33810000380063FFFFFFFFFFFFFFFF000000534850
05-24-2025 11:42:05.561,279,RECV,7E007D338100002F0057FFFFFFFFFFFFFFFF000000534865
05-24-2025 11:42:06.012,280,RECV,7E007D3181F9DF23023C004E313035382D324B355AF0
05-24-2025 11:42:06.023,281,RECV,7E007D3181F9DF23023D004E313035392D364A5757CC
05-24-2025 11:42:06.664,282,RECV,7E000F8100003A024E353037352D4632433209
05-24-2025 11:42:06.714,283,RECV,7E007D3181F9DF23023E004E313036302D4D4234340A
05-24-2025 11:42:06.738,284,RECV,7E000F81000022024E323035302D4D545354D0
05-24-2025 11:42:06.865,285,RECV,7E000F8100003A024E353037362D4238314703
05-24-2025 11:42:06.965,286,RECV,7E000F81000030024E363036332D554C3752D8
05-24-2025 11:42:07.316,287,RECV,7E007D3181F9DF23023F004E313036312D55394E48DB
05-24-2025 11:42:07.416,288,RECV,7E000F81000039024E353037372D5A363454DD
05-24-2025 11:42:07.567,289,RECV,7E007D3181F9DF230240004E313036322D544B5847BF
05-24-2025 11:42:07.767,290,RECV,7E000F81000022024E323035312D324B413425
05-24-2025 11:42:08.920,291,RECV,7E007D3181F9DF230241004E313036332D4232394707
05-24-2025 11:42:09.020,292,RECV,7E000F81000037024E353037382D364B393804
05-24-2025 11:42:09.121,293,RECV,7E007D3181F9DF230242004E313036342D56355A4FC5
05-24-2025 11:42:09.122,294,RECV,7E000F8100002E024E363036342D56313944FF
05-24-2025 11:42:09.472,295,RECV,7E007D33810000360068FFFFFFFFFFFFFFFF00000053484D
05-24-2025 11:42:09.572,296,RECV,7E000F8100002D024E363036352D4D593450D9
05-24-2025 11:42:09.573,297,RECV,7E007D338100002D005BFFFFFFFFFFFFFFFF000000534863
05-24-2025 11:42:10.425,298,RECV,7E007D3181F9DF230243004E313036352D5A334D33EA
05-24-2025 11:42:10.876,299,RECV,7E007D3181F9DF230244004E313036362D46483158DE
05-24-2025 11:42:10.926,300,RECV,7E000F81000022024E323035322D344C593805
05-24-2025 11:42:11.126,301,RECV,7E000F81000036024E353037392D46475650C3
05-24-2025 11:42:11.187,302,RECV,7E000F8100002D024E363036362D47315A4AE6
05-24-2025 11:42:11.488,303,RECV,7E007D3181F9DF230245004E313036372D59584F38BB
05-24-2025 11:42:11.778,304,RECV,7E000F81000037024E353038302D5235474BE4
05-24-2025 11:42:12.230,305,RECV,7E000F81000022024E323035332D364C43321E
05-24-2025 11:42:12.430,306,RECV,7E007D3181F9DF230246004E313036382D505858579A
05-24-2025 11:42:12.451,307,RECV,7E000F81000022024E323035342D324637471E
05-24-2025 11:42:12.580,308,RECV,7E000F81000036024E353038312D3149334C04
05-24-2025 11:42:12.881,309,RECV,7E000F81000031024E363036372D44525256BF
05-24-2025 11:42:13.082,310,RECV,7E000F81000030024E363036382D364D384BF7
05-24-2025 11:42:13.232,311,RECV,7E000F81000031024E363036392D4750514FC4
05-24-2025 11:42:13.483,312,RECV,7E007D3381000039006CFFFFFFFFFFFFFFFF000000534846
05-24-2025 11:42:13.583,313,RECV,7E007D33810000300060FFFFFFFFFFFFFFFF00000053485B
05-24-2025 11:42:13.784,314,RECV,7E007D33810000220051FFFFFFFFFFFFFFFF000000534878
05-24-2025 11:42:13.884,315,RECV,7E000F81000022024E323035352D363158371D
05-24-2025 11:42:14.235,316,RECV,7E000F81000038024E353038322D59355842D2
05-24-2025 11:42:14.887,317,RECV,7E000F81000037024E353038332D30534551E1
05-24-2025 11:42:15.087,318,RECV,7E000F81000037024E353038342D464E3631FE
05-24-2025 11:42:15.107,319,RECV,7E000F81000037024E353038352D42495153C9
05-24-2025 11:42:15.108,320,RECV,7E000F81000037024E353038362D30594A50D4
05-24-2025 11:42:15.288,321,RECV,7E000F81000037024E353038372D5A384243DF
05-24-2025 11:42:15.589,322,RECV,7E007D3181F9DF230247004E313036392D46364438F7
05-24-2025 11:42:15.739,323,RECV,7E000F81000022024E323035362D4456304CFC
05-24-2025 11:42:15.889,324,RECV,7E000F81000022024E323035372D49553357E9
05-24-2025 11:42:16.240,325,RECV,7E000F8100002E024E363037302D43534633F7
05-24-2025 11:42:16.441,326,RECV,7E007D3181F9DF230248004E313037302D53584652B3
05-24-2025 11:42:16.541,327,RECV,7E000F81000022024E323035382D574E5637DE
05-24-2025 11:42:16.591,328,RECV,7E000F81000022024E323035392D3054454FF7
05-24-2025 11:42:16.742,329,RECV,7E007D3181F9DF230249004E313037312D31544C30F3
05-24-2025 11:42:16.792,330,RECV,7E000F81000022024E323036302D4350374A03
05-24-2025 11:42:17.042,331,RECV,7E000F81000030024E363037312D4A4D5836DE
05-24-2025 11:42:17.343,332,RECV,7E000F81000022024E323036312D47485952DC
05-24-2025 11:42:17.394,333,RECV,7E000F8100003A024E353038382D41315035FB
05-24-2025 11:42:17.494,334,RECV,7E007D33810000390074FFFFFFFFFFFFFFFF00000053483E
05-24-2025 11:42:17.594,335,RECV,7E000F81000022024E323036322D43543752F5
05-24-2025 11:42:17.596,336,RECV,7E007D33810000300063FFFFFFFFFFFFFFFF000000534858
05-24-2025 11:42:17.995,337,RECV,7E000F81000022024E323036332D4E454654E7
05-24-2025 11:42:18.046,338,RECV,7E000F81000022024E323036342D58435754CD
05-24-2025 11:42:18.196,339,RECV,7E000F81000030024E363037322D41475355D2
05-24-2025 11:42:18.396,340,RECV,7E000F81000022024E323036352D45575A44D8
05-24-2025 11:42:18.597,341,RECV,7E000F81000038024E353038392D424D5252C0
05-24-2025 11:42:18.597,342,RECV,7E000F81000030024E363037332D574B5453B8
05-24-2025 11:42:19.098,343,RECV,7E000F81000022024E323036362D334A385507
05-24-2025 11:42:19.148,344,RECV,7E000F8100002F024E363037342D4C4E3254E1
05-24-2025 11:42:19.298,345,RECV,7E000F81000038024E353039302D4D4B4955C5
05-24-2025 11:42:19.349,346,RECV,7E000F8100002F024E363037352D3747394207
05-24-2025 11:42:19.449,347,RECV,7E000F81000022024E323036372D52464355E0
05-24-2025 11:42:19.499,348,RECV,7E000F81000038024E353039312D45364250ED
05-24-2025 11:42:19.800,349,RECV,7E000F81000022024E323036382D424B5942E7
05-24-2025 11:42:20.201,350,RECV,7E000F81000038024E353039322D484F4930E9
05-24-2025 11:42:20.301,351,RECV,7E000F81000030024E363037362D47393257F5
05-24-2025 11:42:20.401,352,RECV,7E007D3181F9DF23024A004E313037322D4850594DB4
05-24-2025 11:42:20.552,353,RECV,7E007D3181F9DF23024B004E313037332D53534A4AB6
05-24-2025 11:42:20.753,354,RECV,7E000F81000022024E323036392D5A46374DEA
05-24-2025 11:42:20.853,355,RECV,7E000F81000039024E353039332D46585042C7
05-24-2025 11:42:21.505,356,RECV,7E007D3381000039007AFFFFFFFFFFFFFFFF000000534838
05-24-2025 11:42:21.555,357,RECV,7E000F81000030024E363037372D56494833E3
05-24-2025 11:42:21.605,358,RECV,7E000F81000022024E323037302D4431444617
05-24-2025 11:42:21.605,359,RECV,7E007D3381000030006AFFFFFFFFFFFFFFFF000000534851
05-24-2025 11:42:21.755,360,RECV,7E007D33810000220063FFFFFFFFFFFFFFFF000000534866
05-24-2025 11:42:22.106,361,RECV,7E000F81000030024E363037382D36374352FA
05-24-2025 11:42:22.156,362,RECV,7E000F81000030024E363037392D36474444F6
05-24-2025 11:42:22.257,363,RECV,7E000F81000039024E353039342D504B384BD8
05-24-2025 11:42:22.407,364,RECV,7E000F81000030024E363038302D4C32453709
05-24-2025 11:42:22.558,365,RECV,7E007D3181F9DF23024C004E313037342D494A4346D2
05-24-2025 11:42:22.608,366,RECV,7E000F81000022024E323037312D464E4446F7
05-24-2025 11:42:22.809,367,RECV,7E000F81000022024E323037322D4137584202
05-24-2025 11:42:23.009,368,RECV,7E000F8100002F024E363038312D3145394212
05-24-2025 11:42:23.009,369,RECV,7E000F81000022024E323037332D5035434209
05-24-2025 11:42:23.410,370,RECV,7E000F81000022024E323037342D5231363425
05-24-2025 11:42:23.711,371,RECV,7E007D3181F9DF23024D004E313037352D37385543E5
05-24-2025 11:42:23.761,372,RECV,7E000F81000030024E363038322D364A544DE0
05-24-2025 11:42:23.812,373,RECV,7E000F81000022024E323037352D4230395A0C
05-24-2025 11:42:23.838,374,RECV,7E000F81000039024E353039352D51304D46E1
05-24-2025 11:42:23.839,375,RECV,7E007D3181F9DF23024E004E313037362D55444533D9
05-24-2025 11:42:24.564,376,RECV,7E000F81000039024E353039362D52363539FE
05-24-2025 11:42:24.875,377,RECV,7E000F8100003A024E353039372D46394542EC
05-24-2025 11:42:25.266,378,RECV,7E007D3181F9DF23024F004E313037372D54325A46C2
05-24-2025 11:42:25.516,379,RECV,7E007D3381000037007FFFFFFFFFFFFFFFFF000000534835
05-24-2025 11:42:25.617,380,RECV,7E007D338100002E0070FFFFFFFFFFFFFFFF00000053484D
05-24-2025 11:42:25.617,381,RECV,7E007D3181F9DF230250004E313037382D4A34585AB6
05-24-2025 11:42:25.667,382,RECV,7E000F81000036024E353039382D4A423058E1
05-24-2025 11:42:26.068,383,RECV,7E007D3181F9DF230251004E313037392D534F4A4AAE
05-24-2025 11:42:26.569,384,RECV,7E000F8100002F024E363038332D5A34594CCE
05-24-2025 11:42:26.769,385,RECV,7E000F81000022024E323037362D49514C4DDD
05-24-2025 11:42:27.371,386,RECV,7E000F81000037024E353039392D4B424E50C8
05-24-2025 11:42:27.521,387,RECV,7E007D3181F9DF230252004E313038302D33325352E1
05-24-2025 11:42:28.073,388,RECV,7E000F8100002E024E363038342D4B48514FCE
05-24-2025 11:42:28.123,389,RECV,7E000F8100002E024E363038352D434F5134E9
05-24-2025 11:42:28.223,390,RECV,7E000F81000022024E323037372D4F583259DD
05-24-2025 11:42:28.625,391,RECV,7E007D3181F9DF230253004E313038312D4A4F5448B4
05-24-2025 11:42:28.725,392,RECV,7E000F8100002E024E363038362D41334B48F8
05-24-2025 11:42:28.875,393,RECV,7E000F81000022024E323037382D42514D4CE2
05-24-2025 11:42:29.528,394,RECV,7E007D3181F9DF230254004E313038322D45414B34E2
05-24-2025 11:42:29.628,395,RECV,7E007D338100002F0075FFFFFFFFFFFFFFFF000000534847
05-24-2025 11:42:30.381,396,RECV,7E007D3181F9DF230255004E313038332D48314E4FCF
05-24-2025 11:42:30.982,397,RECV,7E000F81000022024E323037392D414B423708
05-24-2025 11:42:31.383,398,RECV,7E000F81000022024E323038302D494B3659F2
05-24-2025 11:42:32.035,399,RECV,7E007D3181F9DF230256004E313038342D54564A49A6
05-24-2025 11:42:32.687,400,RECV,7E000F81000022024E323038312D515A3655DE
05-24-2025 11:42:33.639,401,RECV,7E007D338100002E0076FFFFFFFFFFFFFFFF000000534847
05-24-2025 11:42:34.090,402,RECV,7E007D3181F9DF230257004E313038352D47425147C0
05-24-2025 11:42:34.290,403,RECV,7E007D3181F9DF230258004E313038362D344E354ADE
05-24-2025 11:42:36.196,404,RECV,7E007D3181F9DF230259004E313038372D54414A38C6
05-24-2025 11:42:36.496,405,RECV,7E007D3181F9DF23025A004E313038382D3337504AD7
05-24-2025 11:42:36.497,406,RECV,7E007D3181F9DF23025B004E313038392D5855424C9E
05-24-2025 11:42:36.596,407,RECV,7E000F81000022024E323038322D574D373503
05-24-2025 11:42:36.817,408,RECV,7E000F81000031024E363038372D3541473608
05-24-2025 11:42:37.298,409,RECV,7E000F81000022024E323038332D4C355658E3
05-24-2025 11:42:37.449,410,RECV,7E007D3181F9DF23025C004E313039302D33443248EF
05-24-2025 11:42:37.599,411,RECV,7E007D3181F9DF23025D004E313039312D4F5A4534BC
05-24-2025 11:42:37.649,412,RECV,7E007D33810000300078FFFFFFFFFFFFFFFF000000534843
05-24-2025 11:42:38.000,413,RECV,7E000F81000030024E363038382D4A4D3537F8
05-24-2025 11:42:38.401,414,RECV,7E000F81000022024E323038342D544D3245F9
05-24-2025 11:42:38.552,415,RECV,7E007D3181F9DF23025E004E313039322D5242314CCB
05-24-2025 11:42:38.722,416,RECV,7E000F8100002F024E363038392D45334B3107
05-24-2025 11:42:39.053,417,RECV,7E000F8100002F024E363039302D4954544FC3
05-24-2025 11:42:39.204,418,RECV,7E007D3181F9DF23025F004E313039332D564A3931D0
05-24-2025 11:42:39.454,419,RECV,7E007D3181F9DF230260004E313039342D48434A46BD
05-24-2025 11:42:40.357,420,RECV,7E000F81000022024E323038352D36595A57D0
05-24-2025 11:42:41.520,421,RECV,7E000F81000022024E323038362D49585258C4
05-24-2025 11:42:41.610,422,RECV,7E007D3181F9DF230261004E313039352D4233414FD1
05-24-2025 11:42:41.660,423,RECV,7E007D338100002D007CFFFFFFFFFFFFFFFF000000534842
05-24-2025 11:42:41.961,424,RECV,7E000F81000022024E323038372D4E433952F2
05-24-2025 11:42:42.462,425,RECV,7E000F81000022024E323038382D4733423819
05-24-2025 11:42:43.413,426,RECV,7E007D3181F9DF230262004E313039362D534659449E
05-24-2025 11:42:43.564,427,RECV,7E000F8100002F024E363039312D5A594B38CC
05-24-2025 11:42:44.717,428,RECV,7E000F81000022024E323038392D38564E46EA
05-24-2025 11:42:45.669,429,RECV,7E007D338100002F007D5EFFFFFFFFFFFFFFFF00000053483E
05-24-2025 11:42:46.070,430,RECV,7E000F8100002F024E363039322D4E374E33FB
05-24-2025 11:42:46.672,431,RECV,7E000F81000030024E363039332D51574547CB
05-24-2025 11:42:47.023,432,RECV,7E000F81000022024E323039302D34574F43F7
05-24-2025 11:42:47.123,433,RECV,7E000F8100002F024E363039342D52585A32C9
05-24-2025 11:42:47.474,434,RECV,7E000F81000030024E363039352D4B343854F2
05-24-2025 11:42:47.624,435,RECV,7E007D3181F9DF230263004E313039372D444B3051C2
05-24-2025 11:42:47.825,436,RECV,7E000F8100002F024E363039362D48474437F3
05-24-2025 11:42:48.076,437,RECV,7E000F81000030024E363039372D4B434456D3
05-24-2025 11:42:48.176,438,RECV,7E000F81000022024E323039312D573037490C
05-24-2025 11:42:48.878,439,RECV,7E000F8100002F024E363039382D44465030F1
05-24-2025 11:42:49.380,440,RECV,7E000F81000022024E323039322D37335A3717
05-24-2025 11:42:49.383,441,RECV,7E007D3181F9DF230264004E313039382D4E57544394
05-24-2025 11:42:49.480,442,RECV,7E000F81000030024E363039392D4E514939D8
05-24-2025 11:42:49.680,443,RECV,7E007D33810000300087FFFFFFFFFFFFFFFF000000534834
05-24-2025 11:42:50.683,444,RECV,7E007D3181F9DF230265004E313039392D414C3546C6
05-24-2025 11:42:51.836,445,RECV,7E000F81000022024E323039332D534F373602
05-24-2025 11:42:52.087,446,RECV,7E000F81000022024E323039342D4947315AF5
05-24-2025 11:42:52.237,447,RECV,7E000F81000022024E323039352D514831370E
05-24-2025 11:42:53.491,448,RECV,7E000F81000022024E323039362D4C30443618
05-24-2025 11:42:53.843,449,RECV,7E007D33810000220085FFFFFFFFFFFFFFFF000000534844
05-24-2025 11:42:59.155,450,RECV,7E000F81000022024E323039372D4955354EEC
05-24-2025 11:42:59.807,451,RECV,7E000F81000022024E323039382D4133354320
05-24-2025 11:43:00.759,452,RECV,7E000F81000022024E323039392D5545383702
