06-25-2025 17:13:18.429,-,API2,"Sink 1,0013A20041839DB1,802.15.4 TH,2003,/dev/ttyUSB0 - 57600/8/M/1/N,1,46"

06-25-2025 17:12:47.708,0,RECV,7E000F81000426024E343030302D4D553251EE
06-25-2025 17:12:47.709,1,RECV,7E000F8100011B024E313030302D303749581C
06-25-2025 17:12:47.810,2,RECV,7E000F81000220024E323030302D4D4B4E42F5
06-25-2025 17:12:47.816,3,RECV,7E000F81000426024E343030312D574A3348F6
06-25-2025 17:12:47.816,4,RECV,7E000F8100011B024E313030312D5334474D08
06-25-2025 17:12:47.816,5,RECV,7E000F81000426024E343030322D4743343122
06-25-2025 17:12:47.816,6,RECV,7E000F8100011B024E313030322D4B47505AE6
06-25-2025 17:12:47.816,7,RECV,7E000F81000220024E323030322D4945384510
06-25-2025 17:12:47.816,8,RECV,7E000F81000426024E343030332D353134373F
06-25-2025 17:12:47.816,9,RECV,7E000F81000322024E333030322D3933524E0B
06-25-2025 17:12:47.816,10,RECV,7E000F8100011A024E313030332D5638374914
06-25-2025 17:12:47.816,11,RECV,7E000F81000426024E343030342D5A554D42D1
06-25-2025 17:12:47.816,12,RECV,7E000F8100011B024E313030342D4D533650FA
06-25-2025 17:12:47.816,13,RECV,7E000F8100021E024E323030342D4C344A58F9
06-25-2025 17:12:47.816,14,RECV,7E000F8100011B024E313030352D42394E3224
06-25-2025 17:12:47.816,15,RECV,7E000F8100021E024E323030352D58445A45DF
06-25-2025 17:12:47.816,16,RECV,7E000F8100011B024E313030362D554D303814
06-25-2025 17:12:47.816,17,RECV,7E000F8100021E024E323030362D32524B3614
06-25-2025 17:12:47.816,18,RECV,7E000F8100011B024E313030372D534A303818
06-25-2025 17:12:47.816,19,RECV,7E000F81000426024E343030382D4B504F59C8
06-25-2025 17:12:47.816,20,RECV,7E000F8100021F024E323030372D47434750F6
06-25-2025 17:12:47.816,21,RECV,7E000F8100011B024E313030382D56374959ED
06-25-2025 17:12:47.816,22,RECV,7E000F8100021F024E323030382D504B524FDA
06-25-2025 17:12:47.816,23,RECV,7E000F8100011B024E313030392D30544D3614
06-25-2025 17:12:47.909,24,RECV,7E000F8100021F024E323030392D453459327D31
06-25-2025 17:12:47.909,25,RECV,7E000F81000323024E333030392D4E5131350A
06-25-2025 17:12:47.909,26,RECV,7E000F8100011B024E313031302D56584842EB
06-25-2025 17:12:47.909,27,RECV,7E000F8100021F024E323031302D4D4A30381E
06-25-2025 17:12:47.909,28,RECV,7E000F81000426024E343031322D50335159E3
06-25-2025 17:12:47.909,29,RECV,7E000F8100011B024E313031312D36354C3635
06-25-2025 17:12:47.909,30,RECV,7E000F8100021F024E323031312D435237410F
06-25-2025 17:12:47.909,31,RECV,7E000F81000426024E343031332D3843323131
06-25-2025 17:12:47.909,32,RECV,7E000F8100011B024E313031322D3142494A1B
06-25-2025 17:12:47.909,33,RECV,7E000F8100021F024E323031322D334F35352F
06-25-2025 17:12:47.909,34,RECV,7E000F81000322024E333031322D4A544657DB
06-25-2025 17:12:47.909,35,RECV,7E000F81000426024E343031342D5154534FC7
06-25-2025 17:12:47.909,36,RECV,7E000F8100011B024E313031332D4A554F45ED
06-25-2025 17:12:47.909,37,RECV,7E000F8100021F024E323031332D50534343F1
06-25-2025 17:12:47.909,38,RECV,7E000F81000322024E333031332D4A394256FA
06-25-2025 17:12:47.910,39,RECV,7E000F81000426024E343031352D56324B56E4
06-25-2025 17:12:47.910,40,RECV,7E000F8100011B024E313031342D55565452CE
06-25-2025 17:12:47.910,41,RECV,7E000F8100021F024E323031342D484F5255DB
06-25-2025 17:12:47.910,42,RECV,7E000F81000322024E333031342D4648303026
06-25-2025 17:12:47.910,43,RECV,7E000F8100011B024E313031352D365045480B
06-25-2025 17:12:47.910,44,RECV,7E000F8100021F024E323031352D555A5645CE
06-25-2025 17:12:47.910,45,RECV,7E000F81000322024E333031352D4A3334342E
06-25-2025 17:12:47.910,46,RECV,7E000F8100011B024E313031362D354338521B
06-25-2025 17:12:47.910,47,RECV,7E000F8100021F024E323031362D3634555305
06-25-2025 17:12:47.910,48,RECV,7E000F81000322024E333031362D494F4A37F9
06-25-2025 17:12:47.910,49,RECV,7E000F8100011B024E313031372D4238344727
06-25-2025 17:12:48.001,50,RECV,7E000F8100021F024E323031372D41514343FE
06-25-2025 17:12:48.033,51,RECV,7E000F81000323024E333031372D54573942EA
06-25-2025 17:12:48.033,52,RECV,7E000F8100011B024E313031382D48414A3414
06-25-2025 17:12:48.033,53,RECV,7E000F81000426024E343032302D55415853D0
06-25-2025 17:12:48.033,54,RECV,7E000F8100021F024E323031382D303151342F
06-25-2025 17:12:48.033,55,RECV,7E000F81000322024E333031382D4B55363604
06-25-2025 17:12:48.033,56,RECV,7E000F8100011B024E313031392D365639490C
06-25-2025 17:12:48.033,57,RECV,7E000F81000426024E343032312D58374B4FE7
06-25-2025 17:12:48.033,58,RECV,7E000F8100021F024E323031392D4D474159E6
06-25-2025 17:12:48.033,59,RECV,7E000F81000323024E333031392D57474A58CE
06-25-2025 17:12:48.033,60,RECV,7E000F8100011B024E313032302D55374E3216
06-25-2025 17:12:48.033,61,RECV,7E000F81000426024E343032322D59594344D6
06-25-2025 17:12:48.033,62,RECV,7E000F8100021F024E323032302D51385953E7
06-25-2025 17:12:48.033,63,RECV,7E000F81000322024E333032302D47553456F1
06-25-2025 17:12:48.033,64,RECV,7E000F8100011B024E313032312D57584E34F0
06-25-2025 17:12:48.034,65,RECV,7E000F81000426024E343032332D41544D51DB
06-25-2025 17:12:48.034,66,RECV,7E000F8100021F024E323032312D5A52303906
06-25-2025 17:12:48.034,67,RECV,7E000F81000323024E333032312D3742483024
06-25-2025 17:12:48.034,68,RECV,7E000F8100011B024E313032322D38595844F3
06-25-2025 17:12:48.034,69,RECV,7E000F81000426024E343032342D4D4A5435ED
06-25-2025 17:12:48.034,70,RECV,7E000F8100021F024E323032322D36495846FD
06-25-2025 17:12:48.034,71,RECV,7E000F81000323024E333032322D4F465156D8
06-25-2025 17:12:48.034,72,RECV,7E000F8100011B024E313032332D383057441C
06-25-2025 17:12:48.034,73,RECV,7E000F81000426024E343032352D46484F36F9
06-25-2025 17:12:48.034,74,RECV,7E000F8100021F024E323032332D4654393610
06-25-2025 17:12:48.034,75,RECV,7E000F81000322024E333032332D4C334559F7
06-25-2025 17:12:48.095,76,RECV,7E000F8100011B024E313032342D44495A4DEA
06-25-2025 17:12:48.095,77,RECV,7E000F81000426024E343032362D4D354E4DEE
06-25-2025 17:12:48.095,78,RECV,7E000F8100021F024E323032342D553030451E
06-25-2025 17:12:48.095,79,RECV,7E000F81000322024E333032342D544934317D31
06-25-2025 17:12:48.095,80,RECV,7E000F8100011B024E313032352D4A4849340E
06-25-2025 17:12:48.095,81,RECV,7E000F8100021F024E323032352D3134573427
06-25-2025 17:12:48.095,82,RECV,7E000F81000323024E333032352D304832590E
06-25-2025 17:12:48.095,83,RECV,7E000F8100011E024E313032362D4A4743360F
06-25-2025 17:12:48.095,84,RECV,7E000F8100021F024E323032362D4F4F5354D1
06-25-2025 17:12:48.095,85,RECV,7E000F8100011B024E313032372D5A4F5930E9
06-25-2025 17:12:48.095,86,RECV,7E000F81000220024E323032372D4A4E4844F0
06-25-2025 17:12:48.095,87,RECV,7E000F8100011B024E313032382D56503048FC
06-25-2025 17:12:48.095,88,RECV,7E000F81000220024E323032382D3136495A09
06-25-2025 17:12:48.095,89,RECV,7E000F81000426024E343033312D43395349F7
06-25-2025 17:12:48.095,90,RECV,7E000F8100011B024E313032392D4B4A4452EE
06-25-2025 17:12:48.095,91,RECV,7E000F81000220024E323032392D4946454FEF
06-25-2025 17:12:48.095,92,RECV,7E000F81000426024E343033322D42534949E7
06-25-2025 17:12:48.095,93,RECV,7E000F8100011B024E313033302D49514455EE
06-25-2025 17:12:48.095,94,RECV,7E000F8100021F024E323033302D5554564ECE
06-25-2025 17:12:48.095,95,RECV,7E000F81000323024E333033302D51454E58D9
06-25-2025 17:12:48.095,96,RECV,7E000F8100011B024E313033312D565A5351CC
06-25-2025 17:12:48.095,97,RECV,7E000F8100021F024E323033312D4147363428
06-25-2025 17:12:48.095,98,RECV,7E000F81000322024E333033312D4F4D5858C9
06-25-2025 17:12:48.095,99,RECV,7E000F8100011B024E313033322D59375845F2
06-25-2025 17:12:48.095,100,RECV,7E000F81000220024E323033322D57534F4DD2
06-25-2025 17:12:48.095,101,RECV,7E000F8100011B024E313033332D5551353310
06-25-2025 17:12:48.186,102,RECV,7E000F81000322024E333033322D4933544DF7
06-25-2025 17:12:48.207,103,RECV,7E000F81000220024E323033332D5A3948310B
06-25-2025 17:12:48.207,104,RECV,7E000F8100011B024E313033342D4B4735437D33
06-25-2025 17:12:48.207,105,RECV,7E000F81000323024E333033332D57344D58E2
06-25-2025 17:12:48.207,106,RECV,7E000F81000220024E323033342D504B5558CE
06-25-2025 17:12:48.207,107,RECV,7E000F8100011B024E313033352D57585159C3
06-25-2025 17:12:48.207,108,RECV,7E000F81000323024E333033342D393635432A
06-25-2025 17:12:48.207,109,RECV,7E000F81000220024E323033352D53454847EE
06-25-2025 17:12:48.207,110,RECV,7E000F8100011B024E313033362D4E4E5651D8
06-25-2025 17:12:48.207,111,RECV,7E000F81000323024E333033352D4932383528
06-25-2025 17:12:48.207,112,RECV,7E000F81000426024E343033392D434232460A
06-25-2025 17:12:48.207,113,RECV,7E000F81000220024E323033362D4F324459F6
06-25-2025 17:12:48.207,114,RECV,7E000F8100011B024E313033372D45524F42F2
06-25-2025 17:12:48.207,115,RECV,7E000F81000426024E343034302D46504455E0
06-25-2025 17:12:48.207,116,RECV,7E000F81000220024E323033372D37515351E7
06-25-2025 17:12:48.207,117,RECV,7E000F8100011B024E313033382D513846397D31
06-25-2025 17:12:48.207,118,RECV,7E000F81000323024E333033372D46494450EB
06-25-2025 17:12:48.207,119,RECV,7E000F81000426024E343034312D34514652F1
06-25-2025 17:12:48.207,120,RECV,7E000F81000220024E323033382D3042524A04
06-25-2025 17:12:48.207,121,RECV,7E000F8100011B024E313033392D41364F53FF
06-25-2025 17:12:48.207,122,RECV,7E000F81000323024E333033382D354841450A
06-25-2025 17:12:48.207,123,RECV,7E000F81000426024E343034322D42394A52F6
06-25-2025 17:12:48.207,124,RECV,7E000F81000220024E323033392D594C3353E6
06-25-2025 17:12:48.207,125,RECV,7E000F8100011B024E313034302D4E5A4F38F1
06-25-2025 17:12:48.207,126,RECV,7E000F81000322024E333033392D345430470E
06-25-2025 17:12:48.207,127,RECV,7E000F81000220024E323034302D4E394F51F2
06-25-2025 17:12:48.288,128,RECV,7E000F8100011B024E313034312D3543363041
06-25-2025 17:12:48.288,129,RECV,7E000F81000426024E343034342D3238335618
06-25-2025 17:12:48.288,130,RECV,7E000F81000322024E333034302D5045354CFF
06-25-2025 17:12:48.288,131,RECV,7E000F81000220024E323034312D4F593949EE
06-25-2025 17:12:48.288,132,RECV,7E000F8100011B024E313034322D4B435252EC
06-25-2025 17:12:48.288,133,RECV,7E000F81000426024E343034352D3144314E16
06-25-2025 17:12:48.288,134,RECV,7E000F81000323024E333034312D563143367D33
06-25-2025 17:12:48.288,135,RECV,7E000F81000220024E323034322D4F4F574DD5
06-25-2025 17:12:48.288,136,RECV,7E000F8100011B024E313034332D5153423007
06-25-2025 17:12:48.288,137,RECV,7E000F81000322024E333034322D323643491F
06-25-2025 17:12:48.288,138,RECV,7E000F81000220024E323034332D554B4F44E3
06-25-2025 17:12:48.288,139,RECV,7E000F8100011B024E313034342D4747355108
06-25-2025 17:12:48.289,140,RECV,7E000F81000323024E333034332D58424842ED
06-25-2025 17:12:48.289,141,RECV,7E000F8100011B024E313034352D4A4B4E47F1
06-25-2025 17:12:48.289,142,RECV,7E000F81000323024E333034342D51554E35E7
06-25-2025 17:12:48.289,143,RECV,7E000F8100021F024E323034352D3936393934
06-25-2025 17:12:48.289,144,RECV,7E000F8100011B024E313034362D5131555AE9
06-25-2025 17:12:48.289,145,RECV,7E000F81000323024E333034352D4F30584CEC
06-25-2025 17:12:48.289,146,RECV,7E000F81000220024E323034362D4D4E5052D6
06-25-2025 17:12:48.289,147,RECV,7E000F8100011B024E313034372D57355047F6
06-25-2025 17:12:48.289,148,RECV,7E000F81000323024E333034362D3155443410
06-25-2025 17:12:48.289,149,RECV,7E000F81000220024E323034372D49354A50FA
06-25-2025 17:12:48.289,150,RECV,7E000F8100011B024E313034382D4D39325A06
06-25-2025 17:12:48.289,151,RECV,7E000F81000322024E333034372D5133364E06
06-25-2025 17:12:48.289,152,RECV,7E000F81000426024E343035322D30554C4BF0
06-25-2025 17:12:48.289,153,RECV,7E000F8100011B024E313034392D55554142EA
06-25-2025 17:12:48.380,154,RECV,7E000F81000323024E333034382D57443942F6
06-25-2025 17:12:48.380,155,RECV,7E000F81000426024E343035332D51455A4AD1
06-25-2025 17:12:48.380,156,RECV,7E000F81000220024E323034392D45504954DE
06-25-2025 17:12:48.380,157,RECV,7E000F8100011B024E313035302D573451307D33
06-25-2025 17:12:48.380,158,RECV,7E000F81000322024E333034392D414E5857CE
06-25-2025 17:12:48.380,159,RECV,7E000F8100011B024E313035312D3347584705
06-25-2025 17:12:48.380,160,RECV,7E000F81000323024E333035302D574C4F39E8
06-25-2025 17:12:48.381,161,RECV,7E000F81000426024E343035352D42584945E1
06-25-2025 17:12:48.381,162,RECV,7E000F8100011B024E313035322D34524F4701
06-25-2025 17:12:48.381,163,RECV,7E000F81000322024E333035312D58544151D5
06-25-2025 17:12:48.381,164,RECV,7E000F8100011B024E313035332D353251570D
06-25-2025 17:12:48.381,165,RECV,7E000F81000322024E333035322D3837394228
06-25-2025 17:12:48.381,166,RECV,7E000F8100011B024E313035342D51355657E8
06-25-2025 17:12:48.381,167,RECV,7E000F81000323024E333035332D5A394D46EA
06-25-2025 17:12:48.381,168,RECV,7E000F8100011B024E313035352D4156535AD6
06-25-2025 17:12:48.381,169,RECV,7E000F81000426024E343035392D54524350CC
06-25-2025 17:12:48.381,170,RECV,7E000F81000323024E333035342D374F5257E0
06-25-2025 17:12:48.381,171,RECV,7E000F8100011E024E313035362D543551320A
06-25-2025 17:12:48.381,172,RECV,7E000F81000426024E343036302D52554E36E2
06-25-2025 17:12:48.381,173,RECV,7E000F81000323024E333035352D3730514C0A
06-25-2025 17:12:48.381,174,RECV,7E000F8100011A024E313035372D47434F4CF4
06-25-2025 17:12:48.381,175,RECV,7E000F81000426024E343036312D583132470A
06-25-2025 17:12:48.381,176,RECV,7E000F81000322024E333035362D354A4A4CF9
06-25-2025 17:12:48.381,177,RECV,7E000F8100011B024E313035382D44494253F5
06-25-2025 17:12:48.382,178,RECV,7E000F8100021F024E323035372D30534D57EB
06-25-2025 17:12:48.382,179,RECV,7E000F81000426024E343036322D54444949E1
06-25-2025 17:12:48.472,180,RECV,7E000F81000323024E333035372D58444D57CC
06-25-2025 17:12:48.492,181,RECV,7E000F8100011B024E313035392D51433857F3
06-25-2025 17:12:48.493,182,RECV,7E000F81000426024E343036332D41545158CC
06-25-2025 17:12:48.493,183,RECV,7E000F81000323024E333035382D36474757F0
06-25-2025 17:12:48.493,184,RECV,7E000F8100011A024E313036302D515A4A4EDC
06-25-2025 17:12:48.493,185,RECV,7E000F81000323024E333035392D36314D5501
06-25-2025 17:12:48.493,186,RECV,7E000F8100011B024E313036312D58384C3908
06-25-2025 17:12:48.493,187,RECV,7E000F81000323024E333036302D57425346E0
06-25-2025 17:12:48.493,188,RECV,7E000F8100011A024E313036322D3958475AEB
06-25-2025 17:12:48.493,189,RECV,7E000F81000323024E333036312D414A31381D
06-25-2025 17:12:48.493,190,RECV,7E000F8100011A024E313036332D4739594DF6
06-25-2025 17:12:48.493,191,RECV,7E000F81000323024E333036322D39374F361B
06-25-2025 17:12:48.493,192,RECV,7E000F81000426024E343036382D50595447C1
06-25-2025 17:12:48.493,193,RECV,7E000F8100011B024E313036342D57454944F1
06-25-2025 17:12:48.493,194,RECV,7E000F81000323024E333036332D52494150E3
06-25-2025 17:12:48.493,195,RECV,7E000F81000426024E343036392D344F594DDB
06-25-2025 17:12:48.493,196,RECV,7E000F8100011B024E313036352D4545365405
06-25-2025 17:12:48.493,197,RECV,7E000F8100021F024E323036342D4B364F5AEA
06-25-2025 17:12:48.493,198,RECV,7E000F81000322024E333036342D454D4F4AE4
06-25-2025 17:12:48.493,199,RECV,7E000F8100011B024E313036362D4354314F01
06-25-2025 17:12:48.493,200,RECV,7E000F8100021F024E323036352D3855464CF4
06-25-2025 17:12:48.493,201,RECV,7E000F81000323024E333036352D4542463010
06-25-2025 17:12:48.493,202,RECV,7E000F8100011B024E313036372D4F445A31F9
06-25-2025 17:12:48.493,203,RECV,7E000F8100021F024E323036362D59463752EA
06-25-2025 17:12:48.493,204,RECV,7E000F81000324024E333036362D3052424DFA
06-25-2025 17:12:48.493,205,RECV,7E000F8100011B024E313036382D5931333920
06-25-2025 17:12:48.565,206,RECV,7E000F8100021F024E323036372D4C33533708
06-25-2025 17:12:48.565,207,RECV,7E000F81000324024E333036372D4D574639E7
06-25-2025 17:12:48.565,208,RECV,7E000F8100011B024E313036392D4F414259EA
06-25-2025 17:12:48.565,209,RECV,7E000F8100021F024E323036382D54555438DB
06-25-2025 17:12:48.565,210,RECV,7E000F81000426024E343037342D514D4B56C9
06-25-2025 17:12:48.565,211,RECV,7E000F81000323024E333036382D355430341D
06-25-2025 17:12:48.565,212,RECV,7E000F8100011B024E313037302D573935391F
06-25-2025 17:12:48.565,213,RECV,7E000F8100021F024E323036392D373843530A
06-25-2025 17:12:48.565,214,RECV,7E000F81000426024E343037352D4B39334D03
06-25-2025 17:12:48.565,215,RECV,7E000F81000323024E333036392D5130325AFC
06-25-2025 17:12:48.565,216,RECV,7E000F8100011B024E313037312D45315A56F6
06-25-2025 17:12:48.565,217,RECV,7E000F8100021F024E323037302D55523454E8
06-25-2025 17:12:48.565,218,RECV,7E000F81000426024E343037362D514A3645F0
06-25-2025 17:12:48.566,219,RECV,7E000F8100011B024E313037322D4A38334B1B
06-25-2025 17:12:48.566,220,RECV,7E000F81000426024E343037372D5636565AC9
06-25-2025 17:12:48.566,221,RECV,7E000F81000323024E333037312D383838590F
06-25-2025 17:12:48.566,222,RECV,7E000F8100011B024E313037332D4653463407
06-25-2025 17:12:48.566,223,RECV,7E000F81000426024E343037382D47575751BE
06-25-2025 17:12:48.566,224,RECV,7E000F81000323024E333037322D464E4445F2
06-25-2025 17:12:48.566,225,RECV,7E000F8100011B024E313037342D4B34584101
06-25-2025 17:12:48.566,226,RECV,7E000F81000426024E343037392D3453493300
06-25-2025 17:12:48.566,227,RECV,7E000F81000323024E333037332D59454D53D0
06-25-2025 17:12:48.566,228,RECV,7E000F81000220024E323037342D46374F57EF
06-25-2025 17:12:48.566,229,RECV,7E000F8100011B024E313037352D3453304918
06-25-2025 17:12:48.566,230,RECV,7E000F81000323024E333037342D4255343012
06-25-2025 17:12:48.566,231,RECV,7E000F8100011B024E313037362D3337543623
06-25-2025 17:12:48.667,232,RECV,7E000F81000323024E333037352D35415050F6
06-25-2025 17:12:48.667,233,RECV,7E000F81000426024E343038322D5A30555AD0
06-25-2025 17:12:48.667,234,RECV,7E000F81000220024E323037362D4534544BF8
06-25-2025 17:12:48.667,235,RECV,7E000F8100011B024E313037372D4F364A4CFB
06-25-2025 17:12:48.667,236,RECV,7E000F81000322024E333037362D39535037F9
06-25-2025 17:12:48.667,237,RECV,7E000F81000220024E323037372D47594F41DF
06-25-2025 17:12:48.667,238,RECV,7E000F8100011B024E313037382D54533259E3
06-25-2025 17:12:48.668,239,RECV,7E000F81000322024E333037372D4B414C3201
06-25-2025 17:12:48.668,240,RECV,7E000F81000220024E323037382D4D394857E9
06-25-2025 17:12:48.668,241,RECV,7E000F8100011B024E313037392D53554442E6
06-25-2025 17:12:48.668,242,RECV,7E000F81000322024E333037382D5050374DE6
06-25-2025 17:12:48.668,243,RECV,7E000F81000220024E323037392D374E5838F8
06-25-2025 17:12:48.668,244,RECV,7E000F8100011B024E313038302D3857425AF1
06-25-2025 17:12:48.668,245,RECV,7E000F81000324024E333037392D3532364F1B
06-25-2025 17:12:48.668,246,RECV,7E000F81000220024E323038302D42554E53DD
06-25-2025 17:12:48.668,247,RECV,7E000F8100011B024E313038312D5046574CE2
06-25-2025 17:12:48.668,248,RECV,7E000F81000426024E343038372D3232364B1F
06-25-2025 17:12:48.668,249,RECV,7E000F81000323024E333038302D31584F3008
06-25-2025 17:12:48.668,250,RECV,7E000F81000220024E323038312D4D573054EC
06-25-2025 17:12:48.668,251,RECV,7E000F8100011B024E313038322D493347391E
06-25-2025 17:12:48.668,252,RECV,7E000F81000426024E343038382D4341364207
06-25-2025 17:12:48.668,253,RECV,7E000F81000323024E333038312D3746494405
06-25-2025 17:12:48.668,254,RECV,7E000F81000220024E323038322D31544754F3
06-25-2025 17:12:48.669,255,RECV,7E000F8100011B024E313038332D3054373628
06-25-2025 17:12:48.669,256,RECV,7E000F81000322024E333038322D5A554E48CA
06-25-2025 17:12:48.669,257,RECV,7E000F81000220024E323038332D3536314432
06-25-2025 17:12:48.759,258,RECV,7E000F8100011B024E313038342D59535953C0
06-25-2025 17:12:48.768,259,RECV,7E000F81000220024E323038342D4A39314419
06-25-2025 17:12:48.768,260,RECV,7E000F8100011B024E313038352D494C32430D
06-25-2025 17:12:48.768,261,RECV,7E000F81000323024E333038342D345A433704
06-25-2025 17:12:48.768,262,RECV,7E000F81000220024E323038352D344E443614
06-25-2025 17:12:48.768,263,RECV,7E000F8100011B024E313038362D4447464500
06-25-2025 17:12:48.768,264,RECV,7E000F81000220024E323038362D594131317D33
06-25-2025 17:12:48.768,265,RECV,7E000F81000426024E343039332D42594C47D9
06-25-2025 17:12:48.768,266,RECV,7E000F8100011B024E313038372D484632381D
06-25-2025 17:12:48.768,267,RECV,7E000F81000220024E323038372D56583048E8
06-25-2025 17:12:48.768,268,RECV,7E000F81000426024E343039342D35503554F8
06-25-2025 17:12:48.768,269,RECV,7E000F8100011B024E313038382D4E4C4846EC
06-25-2025 17:12:48.768,270,RECV,7E000F81000220024E323038382D503237480C
06-25-2025 17:12:48.768,271,RECV,7E000F8100011B024E313038392D4E4C5A42DD
06-25-2025 17:12:48.768,272,RECV,7E000F8100021F024E323038392D37414B50FA
06-25-2025 17:12:48.768,273,RECV,7E000F8100011B024E313039302D4A57534ADD
06-25-2025 17:12:48.768,274,RECV,7E000F8100021F024E323039302D5350314AF7
06-25-2025 17:12:48.768,275,RECV,7E000F8100011B024E313039312D4D594237FB
06-25-2025 17:12:48.768,276,RECV,7E000F81000220024E323039312D5A304754EE
06-25-2025 17:12:48.768,277,RECV,7E000F8100011B024E313039322D324A344128
06-25-2025 17:12:48.768,278,RECV,7E000F81000426024E343039392D48545050C5
06-25-2025 17:12:48.768,279,RECV,7E000F81000322024E333039312D58494545E4
06-25-2025 17:12:48.768,280,RECV,7E000F81000220024E323039322D4D4E5244E1
06-25-2025 17:12:48.769,281,RECV,7E000F8100011B024E313039332D574F5247D9
06-25-2025 17:12:48.769,282,RECV,7E000F81000220024E323039332D4651534CDB
06-25-2025 17:12:48.769,283,RECV,7E000F8100011B024E313039342D4351383516
06-25-2025 17:12:48.821,284,RECV,7E000F81000220024E323039342D3545304D19
06-25-2025 17:12:48.822,285,RECV,7E000F8100011B024E313039352D493354337D33
06-25-2025 17:12:48.822,286,RECV,7E000F81000323024E333039342D46464147F7
06-25-2025 17:12:48.822,287,RECV,7E000F81000220024E323039352D56475756C5
06-25-2025 17:12:48.822,288,RECV,7E000F8100011B024E313039362D48464C41FA
06-25-2025 17:12:48.822,289,RECV,7E000F81000323024E333039352D53385744E4
06-25-2025 17:12:48.822,290,RECV,7E000F8100021F024E323039362D50435445E3
06-25-2025 17:12:48.822,291,RECV,7E000F8100011B024E313039372D59444547EB
06-25-2025 17:12:48.822,292,RECV,7E000F81000323024E333039362D504530370D
06-25-2025 17:12:48.822,293,RECV,7E000F8100021F024E323039372D46524E59CF
06-25-2025 17:12:48.822,294,RECV,7E000F8100011B024E313039382D523648340F
06-25-2025 17:12:48.822,295,RECV,7E000F8100021F024E323039382D4C38304E0B
06-25-2025 17:12:48.822,296,RECV,7E000F8100011B024E313039392D41435344F7
06-25-2025 17:12:48.822,297,RECV,7E000F81000323024E333039382D373646371D
06-25-2025 17:12:48.822,298,RECV,7E000F8100021F024E323039392D48454142FC
06-25-2025 17:12:48.822,299,RECV,7E000F81000323024E333039392D47595348CB
