05-05-2025 00:01:53.865,-,API2,"Sink 1,0013A20041839DB1,802.15.4 TH,2003,/dev/ttyUSB2 - 57600/8/M/1/N,1,46"

05-05-2025 00:01:02.384,0,RECV,7E000F8100007D33024E343030302D52524257ED
05-05-2025 00:01:02.385,1,RECV,7E000F81000010024E323030302D4834315131
05-05-2025 00:01:02.387,2,RECV,7E000F8100001A024E333030302D48545947E8
05-05-2025 00:01:02.387,3,RECV,7E007D338100001A000AFFFFFFFFFFFFFFFF0000005348C7
05-05-2025 00:01:02.434,4,RECV,7E007D3381000010000AFFFFFFFFFFFFFFFF0000005348D1
05-05-2025 00:01:02.434,5,RECV,7E007D338100007D33000AFFFFFFFFFFFFFFFF0000005348CE
05-05-2025 00:01:02.434,6,RECV,7E007D3181F9DF1B02A2004E313030312D504E585361
05-05-2025 00:01:02.434,7,RECV,7E000F8100001A024E333030312D45464D4308
05-05-2025 00:01:02.554,8,RECV,7E000F81000010024E323030312D45395A57FF
05-05-2025 00:01:02.584,9,RECV,7E007D3181F9DF1B02A3004E313030322D36343047C7
05-05-2025 00:01:02.634,10,RECV,7E000F8100001A024E333030322D314536591D
05-05-2025 00:01:02.644,11,RECV,7E007D3181F9DF1A02A4004E313030332D394C5A5276
05-05-2025 00:01:02.645,12,RECV,7E000F81000010024E323030322D3149303251
05-05-2025 00:01:02.734,13,RECV,7E000F8100001A024E333030332D5A36475AF0
05-05-2025 00:01:02.734,14,RECV,7E007D3181F9DF1A02A5004E313030342D5A36494E7D5E
05-05-2025 00:01:02.784,15,RECV,7E000F8100001A024E333030342D34304D313E
05-05-2025 00:01:02.836,16,RECV,7E007D3181F9DF1A02A6004E313030352D36583539A7
05-05-2025 00:01:02.865,17,RECV,7E000F81000010024E323030332D3141304446
05-05-2025 00:01:02.866,18,RECV,7E007D3181F9DF1A02A7004E313030362D4856384E7D5D
05-05-2025 00:01:02.884,19,RECV,7E007D3181F9DF1A02A8004E313030372D4E44415775
05-05-2025 00:01:02.886,20,RECV,7E000F8100007D33024E343030312D5641325A06
05-05-2025 00:01:02.935,21,RECV,7E007D3181F9DF1B02A9004E313030382D4A58554E57
05-05-2025 00:01:02.945,22,RECV,7E000F81000010024E323030342D3031424444
05-05-2025 00:01:02.945,23,RECV,7E000F8100001A024E333030352D364559301B
05-05-2025 00:01:02.985,24,RECV,7E000F81000010024E323030352D3233554B25
05-05-2025 00:01:03.019,25,RECV,7E000F8100001A024E333030362D53444744FC
05-05-2025 00:01:03.035,26,RECV,7E000F81000010024E323030362D484C344C15
05-05-2025 00:01:03.035,27,RECV,7E007D3181F9DF1B02AA004E313030392D30313854AD
05-05-2025 00:01:03.085,28,RECV,7E000F8100001A024E333030372D4246593507
05-05-2025 00:01:03.235,29,RECV,7E000F8100007D33024E343030322D5A3838540A
05-05-2025 00:01:03.285,30,RECV,7E007D3181F9DF1A02AB004E313031302D32453455A2
05-05-2025 00:01:03.335,31,RECV,7E007D3181F9DF1A02AC004E313031312D4D57374E77
05-05-2025 00:01:03.348,32,RECV,7E007D3181F9DF1A02AD004E313031322D50453037A2
05-05-2025 00:01:03.486,33,RECV,7E000F8100001A024E333030382D3752353628
05-05-2025 00:01:03.686,34,RECV,7E000F8100001A024E333030392D49504B48EF
05-05-2025 00:01:03.786,35,RECV,7E007D3181F9DF1A02AE004E313031332D5339424A84
05-05-2025 00:01:03.836,36,RECV,7E000F8100007D33024E343030332D4445503816
05-05-2025 00:01:03.836,37,RECV,7E007D3181F9DF1A02AF004E313031342D4441385885
05-05-2025 00:01:03.887,38,RECV,7E007D3181F9DF1A02B0004E313031352D5756494D55
05-05-2025 00:01:03.987,39,RECV,7E007D3181F9DF1B02B1004E313031362D4A374A3496
05-05-2025 00:01:04.037,40,RECV,7E007D3181F9DF1B02B2004E313031372D3045325696
05-05-2025 00:01:04.087,41,RECV,7E000F8100001A024E333031302D525030371A
05-05-2025 00:01:04.100,42,RECV,7E007D3181F9DF1B02B3004E313031382D355933468A
05-05-2025 00:01:04.100,43,RECV,7E007D3181F9DF1B02B4004E313031392D3833524B87
05-05-2025 00:01:04.137,44,RECV,7E000F8100007D33024E343030342D3431595216
05-05-2025 00:01:04.137,45,RECV,7E000F8100001A024E333031312D51414E4BF7
05-05-2025 00:01:04.137,46,RECV,7E000F8100001A024E333031322D4251593302
05-05-2025 00:01:04.147,47,RECV,7E000F8100001A024E333031332D3948493323
05-05-2025 00:01:04.238,48,RECV,7E000F8100001A024E333031342D3944324927
05-05-2025 00:01:04.287,49,RECV,7E000F8100007D33024E343030352D3658484807
05-05-2025 00:01:04.298,50,RECV,7E007D3181F9DF1A02B5004E313032302D5130493598
05-05-2025 00:01:04.338,51,RECV,7E000F81000010024E323030372D4554353525
05-05-2025 00:01:04.388,52,RECV,7E000F8100007D33024E343030362D393438324D
05-05-2025 00:01:04.407,53,RECV,7E007D3181F9DF1A02B6004E313032312D3839414E95
05-05-2025 00:01:04.488,54,RECV,7E000F81000010024E323030382D504839470F
05-05-2025 00:01:04.497,55,RECV,7E000F81000010024E323030392D474B33431E
05-05-2025 00:01:04.497,56,RECV,7E000F81000010024E323031302D334E555503
05-05-2025 00:01:04.789,57,RECV,7E000F8100001A024E333031352D4732424122
05-05-2025 00:01:04.839,58,RECV,7E000F8100007D33024E343030372D423437373F
05-05-2025 00:01:04.889,59,RECV,7E000F8100007D33024E343030382D3948324E21
05-05-2025 00:01:05.140,60,RECV,7E000F8100001A024E333031362D4A30374E1E
05-05-2025 00:01:05.240,61,RECV,7E000F8100007D33024E343030392D38515353F2
05-05-2025 00:01:05.290,62,RECV,7E000F8100001A024E333031372D48414C347D33
05-05-2025 00:01:05.303,63,RECV,7E000F8100007D33024E343031302D52364E427D31
05-05-2025 00:01:05.303,64,RECV,7E000F8100001A024E333031382D3948544105
05-05-2025 00:01:05.303,65,RECV,7E000F8100001A024E333031392D54544B55D2
05-05-2025 00:01:05.340,66,RECV,7E000F81000010024E323031312D53354B500A
05-05-2025 00:01:05.390,67,RECV,7E000F8100001A024E333032302D494B453316
05-05-2025 00:01:05.491,68,RECV,7E000F8100007D33024E343031312D5357364BFD
05-05-2025 00:01:05.691,69,RECV,7E007D3181F9DF1A02B8004E313032332D3846583487
05-05-2025 00:01:05.742,70,RECV,7E007D3181F9DF1A02B9004E313032342D465439516B
05-05-2025 00:01:05.791,71,RECV,7E000F8100007D33024E343031322D3138314B42
05-05-2025 00:01:05.942,72,RECV,7E000F8100001A024E333032312D57355356EC
05-05-2025 00:01:05.992,73,RECV,7E000F8100007D33024E343031332D3839554719
05-05-2025 00:01:06.142,74,RECV,7E000F8100001A024E333032322D3548305122
05-05-2025 00:01:06.193,75,RECV,7E000F8100001A024E333032332D4734525200
05-05-2025 00:01:06.237,76,RECV,7E000F81000010024E323031322D434149530C
05-05-2025 00:01:06.242,77,RECV,7E000F81000010024E323031332D55494B4101
05-05-2025 00:01:06.242,78,RECV,7E000F81000010024E323031342D334A424526
05-05-2025 00:01:06.293,79,RECV,7E007D3181F9DF1A02BA004E313032352D584A4D504E
05-05-2025 00:01:06.343,80,RECV,7E000F8100007D33024E343031342D504E5044F3
05-05-2025 00:01:06.393,81,RECV,7E007D338100001A0022FFFFFFFFFFFFFFFF0000005348AF
05-05-2025 00:01:06.393,82,RECV,7E007D33810000100019FFFFFFFFFFFFFFFF0000005348C2
05-05-2025 00:01:06.443,83,RECV,7E000F81000010024E323031352D4A4C5448F7
05-05-2025 00:01:06.693,84,RECV,7E007D3181F9DF1A02BB004E313032362D445A41317B
05-05-2025 00:01:06.693,85,RECV,7E000F81000010024E323031362D5A31323338
05-05-2025 00:01:06.894,86,RECV,7E007D3181F9DF1A02BC004E313032372D4136315190
05-05-2025 00:01:06.945,87,RECV,7E000F81000010024E323031372D4144425907
05-05-2025 00:01:06.981,88,RECV,7E000F8100001A024E333032342D5843463706
05-05-2025 00:01:06.981,89,RECV,7E000F81000010024E323031382D4B4A5A5ADD
05-05-2025 00:01:06.994,90,RECV,7E000F8100007D33024E343031352D57494E45F1
05-05-2025 00:01:06.994,91,RECV,7E000F8100001A024E333032352D33514F51F9
05-05-2025 00:01:07.044,92,RECV,7E000F81000010024E323031392D4D585257D7
05-05-2025 00:01:07.094,93,RECV,7E000F81000010024E323032302D4E43343533
05-05-2025 00:01:07.145,94,RECV,7E000F8100007D33024E343031362D49575045EE
05-05-2025 00:01:07.145,95,RECV,7E000F8100007D33024E343031372D4D384A450E
05-05-2025 00:01:07.245,96,RECV,7E000F81000010024E323032312D4A36365521
05-05-2025 00:01:07.345,97,RECV,7E000F81000010024E323032322D5A474852F0
05-05-2025 00:01:07.396,98,RECV,7E000F8100001A024E333032362D4C544E32FC
05-05-2025 00:01:07.446,99,RECV,7E000F8100001A024E333032372D394F52330E
05-05-2025 00:01:07.446,100,RECV,7E000F8100001A024E333032382D3244415310
05-05-2025 00:01:07.546,101,RECV,7E000F8100007D33024E343031382D58434A57E5
05-05-2025 00:01:07.596,102,RECV,7E000F8100001A024E333032392D56523046FB
05-05-2025 00:01:07.646,103,RECV,7E007D3181F9DF1B02BD004E313032382D4250504B59
05-05-2025 00:01:07.646,104,RECV,7E000F8100007D33024E343031392D345433471E
05-05-2025 00:01:07.696,105,RECV,7E000F8100007D33024E343032302D315641520E
05-05-2025 00:01:07.736,106,RECV,7E007D3181F9DF1A02BE004E313032392D444149397D5E
05-05-2025 00:01:07.767,107,RECV,7E000F8100001A024E333033302D45484B4306
05-05-2025 00:01:07.796,108,RECV,7E007D3181F9DF1A02BF004E313033302D574D4D3863
05-05-2025 00:01:07.796,109,RECV,7E000F81000010024E323032332D53484F4CF4
05-05-2025 00:01:07.897,110,RECV,7E007D3181F9DF1A02C0004E313033312D4A36463292
05-05-2025 00:01:07.897,111,RECV,7E000F8100007D33024E343032322D4E49424D00
05-05-2025 00:01:08.047,112,RECV,7E000F81000010024E323032342D384A37313F
05-05-2025 00:01:08.097,113,RECV,7E007D3181F9DF1B02C1004E313033322D394D473981
05-05-2025 00:01:08.197,114,RECV,7E000F8100007D33024E343032332D4F4A4947FC
05-05-2025 00:01:08.197,115,RECV,7E000F8100001A024E333033312D53465A57D6
05-05-2025 00:01:08.247,116,RECV,7E000F8100001A024E333033322D4F41424C01
05-05-2025 00:01:08.398,117,RECV,7E000F81000010024E323032352D54374B4C06
05-05-2025 00:01:08.398,118,RECV,7E000F8100001A024E333033332D5836325509
05-05-2025 00:01:08.398,119,RECV,7E000F81000010024E323032362D47464E4C00
05-05-2025 00:01:08.448,120,RECV,7E000F81000010024E323032372D5942325009
05-05-2025 00:01:08.498,121,RECV,7E000F8100007D33024E343032342D4938485A01
05-05-2025 00:01:08.649,122,RECV,7E007D3181F9DF1B02C2004E313033332D4F484F5649
05-05-2025 00:01:08.698,123,RECV,7E000F8100007D33024E343032352D4335393141
05-05-2025 00:01:08.699,124,RECV,7E000F8100001A024E333033342D5241344F07
05-05-2025 00:01:08.709,125,RECV,7E000F8100007D33024E343032362D4537494D10
05-05-2025 00:01:08.709,126,RECV,7E000F8100001A024E333033352D4B3639362C
05-05-2025 00:01:08.749,127,RECV,7E007D3181F9DF1A02C3004E313033342D424F51534F
05-05-2025 00:01:08.752,128,RECV,7E000F8100007D33024E343032372D56305156F4
05-05-2025 00:01:08.799,129,RECV,7E000F81000010024E323032382D3730554623
05-05-2025 00:01:08.849,130,RECV,7E000F81000010024E323032392D38505958EB
05-05-2025 00:01:08.849,131,RECV,7E000F81000010024E323033302D54304C3725
05-05-2025 00:01:08.849,132,RECV,7E000F81000010024E323033312D5845385AFC
05-05-2025 00:01:08.849,133,RECV,7E007D3181F9DF1A02C4004E313033352D355950465E
05-05-2025 00:01:08.849,134,RECV,7E007D3181F9DF1A02C5004E313033362D584B455444
05-05-2025 00:01:08.949,135,RECV,7E000F8100001A024E333033362D575A5130E9
05-05-2025 00:01:08.961,136,RECV,7E000F8100007D33024E343032382D5541354A0B
05-05-2025 00:01:08.961,137,RECV,7E000F8100001A024E333033372D47584241F8
05-05-2025 00:01:08.999,138,RECV,7E000F81000010024E323033322D434A524EFD
05-05-2025 00:01:08.999,139,RECV,7E007D3181F9DF1B02C6004E313033372D4546534A55
05-05-2025 00:01:08.999,140,RECV,7E000F8100001A024E333033382D5A564534F0
05-05-2025 00:01:09.000,141,RECV,7E007D3181F9DF1B02C7004E313033382D484D4F395E
05-05-2025 00:01:09.010,142,RECV,7E000F8100001A024E333033392D345533500C
05-05-2025 00:01:09.099,143,RECV,7E007D3181F9DF1B02C8004E313033392D4D414D425C
05-05-2025 00:01:09.106,144,RECV,7E000F8100007D33024E343032392D3959484104
05-05-2025 00:01:09.150,145,RECV,7E000F81000010024E323033332D534A5A4AE8
05-05-2025 00:01:09.200,146,RECV,7E000F8100001A024E333034302D4C305359F8
05-05-2025 00:01:09.250,147,RECV,7E000F81000010024E323033342D4555365305
05-05-2025 00:01:09.350,148,RECV,7E000F81000010024E323033352D5242514200
05-05-2025 00:01:09.360,149,RECV,7E000F8100007D33024E343033302D47444D3916
05-05-2025 00:01:09.450,150,RECV,7E000F81000010024E323033362D314145333C
05-05-2025 00:01:09.500,151,RECV,7E000F8100001A024E333034312D584B5149E2
05-05-2025 00:01:09.551,152,RECV,7E007D3181F9DF1B02C9004E313034302D334D315778
05-05-2025 00:01:09.575,153,RECV,7E000F81000010024E323033372D334E41527D31
05-05-2025 00:01:09.575,154,RECV,7E000F8100007D33024E343033312D57355550F5
05-05-2025 00:01:09.576,155,RECV,7E007D3181F9DF1B02CA004E313034312D3449584D5C
05-05-2025 00:01:09.576,156,RECV,7E000F8100001A024E333034322D4258504EE6
05-05-2025 00:01:09.601,157,RECV,7E000F81000010024E323033382D364D483623
05-05-2025 00:01:09.701,158,RECV,7E000F8100007D33024E343033322D4D3555440A
05-05-2025 00:01:09.719,159,RECV,7E000F81000010024E323033392D354B53430D
05-05-2025 00:01:09.719,160,RECV,7E000F8100001A024E333034332D5957564CCB
05-05-2025 00:01:09.719,161,RECV,7E000F8100007D33024E343033332D584546307D31
05-05-2025 00:01:09.801,162,RECV,7E000F8100001A024E333034342D3534485417
05-05-2025 00:01:09.851,163,RECV,7E007D3181F9DF1A02CB004E313034322D354F4E4962
05-05-2025 00:01:09.952,164,RECV,7E000F81000010024E323034302D51445152F3
05-05-2025 00:01:10.052,165,RECV,7E000F8100007D33024E343033342D393333592B
05-05-2025 00:01:10.152,166,RECV,7E007D3181F9DF1B02CC004E313034332D394E54356A
05-05-2025 00:01:10.177,167,RECV,7E000F8100007D33024E343033352D4A4155340E
05-05-2025 00:01:10.202,168,RECV,7E000F8100007D33024E343033362D534B413909
05-05-2025 00:01:10.252,169,RECV,7E000F8100007D33024E343033372D333539512E
05-05-2025 00:01:10.303,170,RECV,7E000F81000010024E323034312D5233314430
05-05-2025 00:01:10.339,171,RECV,7E000F81000010024E323034322D4850333628
05-05-2025 00:01:10.339,172,RECV,7E007D3181F9DF1A02CD004E313034342D314C5A445E
05-05-2025 00:01:10.403,173,RECV,7E007D338100007D330031FFFFFFFFFFFFFFFF0000005348A7
05-05-2025 00:01:10.409,174,RECV,7E007D338100001A0038FFFFFFFFFFFFFFFF000000534899
05-05-2025 00:01:10.409,175,RECV,7E007D33810000100036FFFFFFFFFFFFFFFF0000005348A5
05-05-2025 00:01:10.453,176,RECV,7E000F8100001A024E333034352D36524E51F4
05-05-2025 00:01:10.503,177,RECV,7E000F8100001A024E333034362D4E444A4CF2
05-05-2025 00:01:10.503,178,RECV,7E000F81000010024E323034332D5735434118
05-05-2025 00:01:10.704,179,RECV,7E007D3181F9DF1B02CE004E313034352D5750545526
05-05-2025 00:01:10.714,180,RECV,7E000F8100001A024E333034372D57375A54DD
05-05-2025 00:01:10.714,181,RECV,7E007D3181F9DF1A02CF004E313034362D5650595026
05-05-2025 00:01:10.754,182,RECV,7E000F81000010024E323034342D44514E47FD
05-05-2025 00:01:10.789,183,RECV,7E000F81000010024E323034352D4456454EF9
05-05-2025 00:01:10.854,184,RECV,7E007D3181F9DF1A02D0004E313034372D4B414F593F
05-05-2025 00:01:10.954,185,RECV,7E000F81000010024E323034362D4E304C5902
05-05-2025 00:01:10.954,186,RECV,7E007D3181F9DF1B02D1004E313034382D37484D5054
05-05-2025 00:01:11.054,187,RECV,7E000F8100001A024E333034392D434A323325
05-05-2025 00:01:11.254,188,RECV,7E000F8100001A024E333035302D484932411B
05-05-2025 00:01:11.405,189,RECV,7E007D3181F9DF1A02D2004E313034392D593058434B
05-05-2025 00:01:11.405,190,RECV,7E007D3181F9DF1A02D3004E313035302D595935424D
05-05-2025 00:01:11.405,191,RECV,7E000F81000010024E323034372D4B364C4C0B
05-05-2025 00:01:11.415,192,RECV,7E000F8100001A024E333035312D374F4851FF
05-05-2025 00:01:11.475,193,RECV,7E007D3181F9DF1B02D4004E313035312D573438357B
05-05-2025 00:01:11.555,194,RECV,7E000F8100007D33024E343033382D4E525235F8
05-05-2025 00:01:11.605,195,RECV,7E000F8100001A024E333035322D594D394BF3
05-05-2025 00:01:11.608,196,RECV,7E007D3181F9DF1B02D5004E313035322D33524F4558
05-05-2025 00:01:11.716,197,RECV,7E007D3181F9DF1A02D6004E313035332D45484A5049
05-05-2025 00:01:11.806,198,RECV,7E000F81000010024E323034382D59464D39FE
05-05-2025 00:01:11.906,199,RECV,7E000F81000010024E323034392D59324D4505
05-05-2025 00:01:11.906,200,RECV,7E000F8100001A024E333035332D584B4837FA
05-05-2025 00:01:11.907,201,RECV,7E000F8100001A024E333035342D5A37534BEC
05-05-2025 00:01:12.056,202,RECV,7E000F8100001A024E333035352D4B39524AFA
05-05-2025 00:01:12.107,203,RECV,7E000F8100007D33024E343033392D344D384124
05-05-2025 00:01:12.157,204,RECV,7E000F81000010024E323035302D384B303443
05-05-2025 00:01:12.161,205,RECV,7E000F8100007D33024E343034302D4232444A24
05-05-2025 00:01:12.167,206,RECV,7E000F8100007D33024E343034312D584346350F
05-05-2025 00:01:12.257,207,RECV,7E000F8100001A024E333035362D55534449E4
05-05-2025 00:01:12.408,208,RECV,7E007D3181F9DF1A02D7004E313035342D3338594268
05-05-2025 00:01:12.408,209,RECV,7E000F8100001A024E333035372D3644423329
05-05-2025 00:01:12.408,210,RECV,7E000F81000010024E323035312D475A5346EF
05-05-2025 00:01:12.457,211,RECV,7E000F8100007D33024E343034322D4D524149FB
05-05-2025 00:01:12.460,212,RECV,7E000F81000010024E323035322D3056594801
05-05-2025 00:01:12.558,213,RECV,7E000F8100001A024E333035382D3031414B2A
05-05-2025 00:01:12.558,214,RECV,7E000F81000010024E323035332D384E494A0E
05-05-2025 00:01:12.608,215,RECV,7E000F81000010024E323035342D314B375A19
05-05-2025 00:01:12.608,216,RECV,7E000F81000010024E323035352D4E31374E21
05-05-2025 00:01:12.658,217,RECV,7E000F8100007D33024E343034332D365435471D
05-05-2025 00:01:12.658,218,RECV,7E000F81000010024E323035362D5633464E07
05-05-2025 00:01:12.708,219,RECV,7E007D3181F9DF1A02D8004E313035352D484D4C3754
05-05-2025 00:01:12.708,220,RECV,7E000F8100001A024E333035392D32554B48FC
05-05-2025 00:01:12.758,221,RECV,7E000F8100001A024E333036302D375243331F
05-05-2025 00:01:12.808,222,RECV,7E000F8100007D33024E343034342D54464B54E9
05-05-2025 00:01:12.808,223,RECV,7E000F81000010024E323035372D54474B4BF2
05-05-2025 00:01:12.959,224,RECV,7E000F8100007D33024E343034352D4E464D47F9
05-05-2025 00:01:12.959,225,RECV,7E000F8100001A024E333036312D53545944D9
05-05-2025 00:01:13.059,226,RECV,7E000F81000010024E323035382D3754544FF4
05-05-2025 00:01:13.109,227,RECV,7E000F8100007D33024E343034362D4847355408
05-05-2025 00:01:13.159,228,RECV,7E000F8100001A024E333036322D303657431C
05-05-2025 00:01:13.209,229,RECV,7E007D3181F9DF1A02D9004E313035362D3055514351
05-05-2025 00:01:13.259,230,RECV,7E000F8100001A024E333036332D5638355305
05-05-2025 00:01:13.259,231,RECV,7E000F8100001A024E333036342D31465854F7
05-05-2025 00:01:13.359,232,RECV,7E000F8100007D33024E343034372D4637594CFD
05-05-2025 00:01:13.440,233,RECV,7E000F8100001A024E333036352D4736453720
05-05-2025 00:01:13.510,234,RECV,7E000F8100001A024E333036362D52314F3214
05-05-2025 00:01:13.560,235,RECV,7E000F8100001A024E333036372D50364457F6
05-05-2025 00:01:13.611,236,RECV,7E007D3181F9DF1B02DA004E313035372D4D5538424B
05-05-2025 00:01:13.660,237,RECV,7E000F8100001A024E333036382D30504A4A02
05-05-2025 00:01:13.811,238,RECV,7E000F81000010024E323035392D4F325150FF
05-05-2025 00:01:13.829,239,RECV,7E000F8100007D33024E343034382D4A574F54DA
05-05-2025 00:01:13.911,240,RECV,7E000F8100001A024E333036392D4B374D4FF7
05-05-2025 00:01:13.921,241,RECV,7E007D3181F9DF1A02DB004E313035382D4133464765
05-05-2025 00:01:13.926,242,RECV,7E000F8100007D33024E343034392D5757504DD2
05-05-2025 00:01:14.061,243,RECV,7E000F81000010024E323036302D344E39422C
05-05-2025 00:01:14.062,244,RECV,7E000F8100007D33024E343035302D32314C4B2B
05-05-2025 00:01:14.082,245,RECV,7E000F8100007D33024E343035312D43485851F0
05-05-2025 00:01:14.086,246,RECV,7E000F81000010024E323036312D5A56474AE7
05-05-2025 00:01:14.162,247,RECV,7E000F8100007D33024E343035322D514D4949F3
05-05-2025 00:01:14.162,248,RECV,7E000F8100001A024E333037302D53364D3215
05-05-2025 00:01:14.262,249,RECV,7E000F81000010024E323036322D565A354200
05-05-2025 00:01:14.284,250,RECV,7E007D3181F9DF1A02DC004E313035392D32364A5959
05-05-2025 00:01:14.312,251,RECV,7E000F81000010024E323036332D59524A4FE2
05-05-2025 00:01:14.362,252,RECV,7E000F81000010024E323036342D3537323057
05-05-2025 00:01:14.512,253,RECV,7E007D3181F9DF1B02DD004E313036302D3746413973
05-05-2025 00:01:14.513,254,RECV,7E007D3181F9DF1B02DE004E313036312D4D3359424D
05-05-2025 00:01:14.533,255,RECV,7E000F8100001A024E333037312D3236474825
05-05-2025 00:01:14.533,256,RECV,7E000F8100001A024E333037322D57545158C7
05-05-2025 00:01:14.563,257,RECV,7E000F8100007D33024E343035332D4A38444814
05-05-2025 00:01:14.613,258,RECV,7E007D3181F9DF1B02DF004E313036322D43364C4859
05-05-2025 00:01:14.663,259,RECV,7E000F81000010024E323036352D5346534BED
05-05-2025 00:01:14.713,260,RECV,7E000F81000010024E323036362D474F423714
05-05-2025 00:01:14.731,261,RECV,7E000F81000010024E323036372D4134304736
05-05-2025 00:01:14.763,262,RECV,7E000F81000010024E323036382D5A544944E6
05-05-2025 00:01:14.763,263,RECV,7E000F8100007D33024E343035342D37545A50EC
05-05-2025 00:01:14.813,264,RECV,7E000F8100001A024E333037342D55555754C4
05-05-2025 00:01:14.813,265,RECV,7E000F81000010024E323036392D4659534FDF
05-05-2025 00:01:14.813,266,RECV,7E000F8100007D33024E343035352D53563945F9
05-05-2025 00:01:14.863,267,RECV,7E000F8100007D33024E343035362D494158310C
05-05-2025 00:01:14.899,268,RECV,7E007D3181F9DF1A02E0004E313036332D3547413474
05-05-2025 00:01:14.963,269,RECV,7E000F8100001A024E333037352D4F3547311C
05-05-2025 00:01:14.964,270,RECV,7E000F8100001A024E333037362D584336357D31
05-05-2025 00:01:14.964,271,RECV,7E000F8100007D33024E343035372D4953354805
05-05-2025 00:01:15.014,272,RECV,7E000F81000010024E323037302D513741322D
05-05-2025 00:01:15.064,273,RECV,7E000F8100001A024E333037372D484C413908
05-05-2025 00:01:15.084,274,RECV,7E000F8100007D33024E343035382D3159564FEE
05-05-2025 00:01:15.084,275,RECV,7E000F8100007D33024E343035392D59414347F8
05-05-2025 00:01:15.084,276,RECV,7E007D3181F9DF1B02E1004E313036342D5452583430
05-05-2025 00:01:15.084,277,RECV,7E007D3181F9DF1B02E2004E313036352D4C51474F2D
05-05-2025 00:01:15.164,278,RECV,7E000F8100001A024E333037382D41585438F0
05-05-2025 00:01:15.190,279,RECV,7E000F81000010024E323037312D4F495A45F0
05-05-2025 00:01:15.264,280,RECV,7E000F8100007D33024E343036302D3450514906
05-05-2025 00:01:15.315,281,RECV,7E000F8100001A024E333037392D38494A3019
05-05-2025 00:01:15.365,282,RECV,7E000F8100001A024E333038302D3248583218
05-05-2025 00:01:15.465,283,RECV,7E000F8100001A024E333038312D343447412B
05-05-2025 00:01:15.495,284,RECV,7E000F8100001A024E333038322D5130513018
05-05-2025 00:01:15.515,285,RECV,7E000F81000010024E323037322D5054443806
05-05-2025 00:01:15.515,286,RECV,7E000F8100007D33024E343036312D4956383715
05-05-2025 00:01:15.615,287,RECV,7E000F8100007D33024E343036322D5943384B03
05-05-2025 00:01:15.665,288,RECV,7E000F81000010024E323037332D32594D53FA
05-05-2025 00:01:15.766,289,RECV,7E000F8100007D33024E343036332D52334D410E
05-05-2025 00:01:15.789,290,RECV,7E000F8100001A024E333038332D343639571F
05-05-2025 00:01:15.789,291,RECV,7E000F8100001A024E333038342D454D4D51E8
05-05-2025 00:01:15.966,292,RECV,7E000F81000010024E323037342D35524955FF
05-05-2025 00:01:16.016,293,RECV,7E000F81000010024E323037352D4D5A484DE7
05-05-2025 00:01:16.067,294,RECV,7E007D3181F9DF1B02E3004E313036362D3953384C4E
05-05-2025 00:01:16.117,295,RECV,7E000F81000010024E323037362D333648521F
05-05-2025 00:01:16.167,296,RECV,7E000F8100007D33024E343036342D4657364FFE
05-05-2025 00:01:16.167,297,RECV,7E000F8100007D33024E343036352D42354E3426
05-05-2025 00:01:16.217,298,RECV,7E000F81000010024E323037372D333730493E
05-05-2025 00:01:16.217,299,RECV,7E000F8100001A024E333038352D38514559F0
05-05-2025 00:01:16.267,300,RECV,7E000F8100007D33024E343036362D4E3757370B
05-05-2025 00:01:16.367,301,RECV,7E000F81000010024E323037382D574F4447EF
05-05-2025 00:01:16.417,302,RECV,7E007D3181F9DF1A02E4004E313036372D525139423F
05-05-2025 00:01:16.517,303,RECV,7E000F8100001A024E333038362D48464A340A
05-05-2025 00:01:16.548,304,RECV,7E000F8100007D33024E343036372D57304D4207
05-05-2025 00:01:16.568,305,RECV,7E007D3181F9DF1B02E5004E313036382D47414E3252
05-05-2025 00:01:16.578,306,RECV,7E007D3181F9DF1B02E6004E313036392D4646305547
05-05-2025 00:01:16.578,307,RECV,7E000F81000010024E323037392D4E4C5145EF
05-05-2025 00:01:16.668,308,RECV,7E000F8100007D33024E343036382D47345A4AFD
05-05-2025 00:01:16.768,309,RECV,7E000F8100007D33024E343036392D315331570F
05-05-2025 00:01:16.818,310,RECV,7E000F8100001A024E333038372D47384E50F8
05-05-2025 00:01:16.918,311,RECV,7E000F81000010024E323038302D39544A311F
05-05-2025 00:01:16.922,312,RECV,7E007D3181F9DF1A02E7004E313037302D313956346C
05-05-2025 00:01:16.968,313,RECV,7E000F8100001A024E333038382D494E3352F8
05-05-2025 00:01:17.018,314,RECV,7E000F8100001A024E333038392D574D5342DA
05-05-2025 00:01:17.020,315,RECV,7E000F8100001A024E333039302D5735335606
05-05-2025 00:01:17.020,316,RECV,7E000F81000010024E323038312D54584249EF
05-05-2025 00:01:17.020,317,RECV,7E000F8100001A024E333039312D4B54453600
05-05-2025 00:01:17.169,318,RECV,7E000F81000010024E323038322D4F4E3655FD
05-05-2025 00:01:17.219,319,RECV,7E007D3181F9DF1B02E8004E313037312D4A35454653
05-05-2025 00:01:17.269,320,RECV,7E000F8100007D33024E343037302D474741381C
05-05-2025 00:01:17.319,321,RECV,7E000F8100007D33024E343037312D4D4732411B
05-05-2025 00:01:17.369,322,RECV,7E000F8100001A024E333039322D415030457D33
05-05-2025 00:01:17.370,323,RECV,7E000F8100007D33024E343037322D3930314A3D
05-05-2025 00:01:17.370,324,RECV,7E000F81000010024E323038332D4D56383019
05-05-2025 00:01:17.420,325,RECV,7E007D3181F9DF1A02E9004E313037322D3532325073
05-05-2025 00:01:17.461,326,RECV,7E007D3181F9DF1A02EA004E313037332D3843593452
05-05-2025 00:01:17.520,327,RECV,7E000F8100001A024E333039332D5A4F4F42DE
05-05-2025 00:01:17.570,328,RECV,7E000F8100001A024E333039342D5341364B02
05-05-2025 00:01:17.609,329,RECV,7E000F8100007D33024E343037332D433048362F
05-05-2025 00:01:17.609,330,RECV,7E000F8100001A024E333039352D52365739FE
05-05-2025 00:01:17.670,331,RECV,7E000F81000010024E323038342D4C564F56DC
05-05-2025 00:01:17.673,332,RECV,7E000F8100007D33024E343037342D4955364EFD
05-05-2025 00:01:17.673,333,RECV,7E000F81000010024E323038352D595A343704
05-05-2025 00:01:17.720,334,RECV,7E000F81000010024E323038362D4F46345404
05-05-2025 00:01:17.760,335,RECV,7E007D3181F9DF1B02EB004E313037342D414233326F
05-05-2025 00:01:17.770,336,RECV,7E000F8100001A024E333039362D5458564BC8
05-05-2025 00:01:17.841,337,RECV,7E000F81000010024E323038372D46475858E3
05-05-2025 00:01:18.082,338,RECV,7E000F8100007D33024E343037352D504C4D38FD
05-05-2025 00:01:18.222,339,RECV,7E000F8100007D33024E343037362D59475556D2
05-05-2025 00:01:18.272,340,RECV,7E000F8100007D33024E343037372D4B445A39FA
05-05-2025 00:01:18.272,341,RECV,7E000F8100001A024E333039372D47305056F7
05-05-2025 00:01:18.322,342,RECV,7E000F81000010024E323038382D4138533320
05-05-2025 00:01:18.324,343,RECV,7E000F81000010024E323038392D594431361A
05-05-2025 00:01:18.325,344,RECV,7E000F8100001A024E333039382D49315458ED
05-05-2025 00:01:18.325,345,RECV,7E000F8100001A024E333039392D344145457D33
05-05-2025 00:01:18.422,346,RECV,7E007D338100007D33005BFFFFFFFFFFFFFFFF00000053487D5D
05-05-2025 00:01:18.422,347,RECV,7E007D33810000100067FFFFFFFFFFFFFFFF000000534874
05-05-2025 00:01:18.472,348,RECV,7E007D3181F9DF1A02EC004E313037352D4B3433376D
05-05-2025 00:01:18.522,349,RECV,7E000F8100007D33024E343037382D4D57334400
05-05-2025 00:01:18.543,350,RECV,7E000F81000010024E323039302D44364F4914
05-05-2025 00:01:18.572,351,RECV,7E000F81000010024E323039312D5A56423201
05-05-2025 00:01:18.773,352,RECV,7E000F81000010024E323039322D384D343338
05-05-2025 00:01:18.823,353,RECV,7E000F81000010024E323039332D4C575534F7
05-05-2025 00:01:18.829,354,RECV,7E000F81000010024E323039342D4E4F4147FD
05-05-2025 00:01:18.829,355,RECV,7E007D3181F9DF1A02ED004E313037362D444F373456
05-05-2025 00:01:18.829,356,RECV,7E007D3181F9DF1A02EE004E313037372D3144553652
05-05-2025 00:01:18.833,357,RECV,7E007D3181F9DF1A02EF004E313037382D595A415309
05-05-2025 00:01:18.844,358,RECV,7E000F81000010024E323039352D4F454857EE
05-05-2025 00:01:18.873,359,RECV,7E000F81000010024E323039362D50315A390C
05-05-2025 00:01:18.873,360,RECV,7E000F8100007D33024E343037392D5251484BE4
05-05-2025 00:01:18.973,361,RECV,7E000F8100007D33024E343038302D553643391B
05-05-2025 00:01:19.074,362,RECV,7E000F81000010024E323039372D354C554BFE
05-05-2025 00:01:19.124,363,RECV,7E000F8100007D33024E343038312D494B5145F7
05-05-2025 00:01:19.140,364,RECV,7E000F81000010024E323039382D304B5854F7
05-05-2025 00:01:19.224,365,RECV,7E000F8100007D33024E343038322D49563859F0
05-05-2025 00:01:19.274,366,RECV,7E007D3181F9DF1A02F0004E313037392D593435325A
05-05-2025 00:01:19.385,367,RECV,7E000F81000010024E323039392D49504E4AEC
05-05-2025 00:01:19.425,368,RECV,7E007D3181F9DF1A02F1004E313038302D4A4F4A3042
05-05-2025 00:01:19.485,369,RECV,7E007D3181F9DF1A02F2004E313038312D4C5041482E
05-05-2025 00:01:19.525,370,RECV,7E007D3181F9DF1B02F3004E313038322D493249523A
05-05-2025 00:01:19.776,371,RECV,7E000F8100007D33024E343038332D3035514B1E
05-05-2025 00:01:19.876,372,RECV,7E007D3181F9DF1A02F5004E313038342D353644524C
05-05-2025 00:01:19.894,373,RECV,7E007D3181F9DF1A02F6004E313038352D455059332A
05-05-2025 00:01:19.976,374,RECV,7E000F8100007D33024E343038342D3938505508
05-05-2025 00:01:19.977,375,RECV,7E000F8100007D33024E343038352D58534756D5
05-05-2025 00:01:20.077,376,RECV,7E000F8100007D33024E343038362D415A5447E6
05-05-2025 00:01:20.127,377,RECV,7E000F8100007D33024E343038372D5049334906
05-05-2025 00:01:20.177,378,RECV,7E000F8100007D33024E343038382D44384A3420
05-05-2025 00:01:20.277,379,RECV,7E007D3181F9DF1A02F7004E313038362D31524C5129
05-05-2025 00:01:20.327,380,RECV,7E000F8100007D33024E343038392D3036483338
05-05-2025 00:01:20.347,381,RECV,7E000F8100007D33024E343039302D534E5537F4
05-05-2025 00:01:20.347,382,RECV,7E000F8100007D33024E343039312D59414C3703
05-05-2025 00:01:20.578,383,RECV,7E000F8100007D33024E343039322D364C4C4F02
05-05-2025 00:01:20.628,384,RECV,7E007D3181F9DF1B02F8004E313038372D573147492E
05-05-2025 00:01:20.778,385,RECV,7E007D3181F9DF1A02F9004E313038382D4855533322
05-05-2025 00:01:21.079,386,RECV,7E007D3181F9DF1B02FA004E313038392D3442574A2B
05-05-2025 00:01:21.229,387,RECV,7E000F8100007D33024E343039332D3951553807
05-05-2025 00:01:21.630,388,RECV,7E000F8100007D33024E343039342D4654323918
05-05-2025 00:01:21.730,389,RECV,7E000F8100007D33024E343039352D4847564AED
05-05-2025 00:01:21.991,390,RECV,7E007D3181F9DF1A02FB004E313039302D395A4C4625
05-05-2025 00:01:22.031,391,RECV,7E000F8100007D33024E343039362D4334314330
05-05-2025 00:01:22.182,392,RECV,7E000F8100007D33024E343039372D48514B4CEA
05-05-2025 00:01:22.432,393,RECV,7E007D338100007D330070FFFFFFFFFFFFFFFF000000534868
05-05-2025 00:01:22.433,394,RECV,7E000F8100007D33024E343039382D5239553108
05-05-2025 00:01:22.483,395,RECV,7E007D3181F9DF1A02FC004E313039312D3738503752
05-05-2025 00:01:22.533,396,RECV,7E007D3181F9DF1B02FD004E313039322D503858560F
05-05-2025 00:01:22.543,397,RECV,7E007D3181F9DF1B02FE004E313039332D314949522E
05-05-2025 00:01:22.683,398,RECV,7E000F8100007D33024E343039392D4832495AFB
05-05-2025 00:01:22.884,399,RECV,7E007D3181F9DF1A02FF004E313039342D3631313971
05-05-2025 00:01:23.235,400,RECV,7E007D3181F9DF1B0201004E313039352D4F39454E23
05-05-2025 00:01:23.335,401,RECV,7E007D3181F9DF1A0202004E313039362D5732424B27
05-05-2025 00:01:23.786,402,RECV,7E007D3181F9DF1A0203004E313039372D5555355507
05-05-2025 00:01:23.836,403,RECV,7E007D3181F9DF1A0204004E313039382D494C53440D
05-05-2025 00:01:23.886,404,RECV,7E007D3181F9DF1A0205004E313039392D445233412D
