06-30-2025 15:01:24.774,-,API2,"Sink 2,0013A20041839DCA,802.15.4 TH,2003,/dev/ttyUSB2 - 57600/8/M/1/N,1,46"

06-30-2025 15:00:22.654,0,RECV,7E000F8100042C024E343030302D374F4353F1
06-30-2025 15:00:22.655,1,RECV,7E000F8100031A024E333030302D3933374E30
06-30-2025 15:00:22.664,2,RECV,7E000F81000730024E373030302D554C4945D4
06-30-2025 15:00:22.664,3,RECV,7E000F81000830024E383030302D36544647EA
06-30-2025 15:00:23.054,4,RECV,7E000F8100042C024E343030312D4F3634427D31
06-30-2025 15:00:23.055,5,RECV,7E000F8100031A024E333030312D5A44564FDD
06-30-2025 15:00:23.056,6,RECV,7E000F81000732024E373030312D42365043F5
06-30-2025 15:00:23.056,7,RECV,7E000F81000831024E383030312D36464455EA
06-30-2025 15:00:23.456,8,RECV,7E000F8100042C024E343030322D4645524AE4
06-30-2025 15:00:23.456,9,RECV,7E000F8100031A024E333030322D4B544B3203
06-30-2025 15:00:23.457,10,RECV,7E000F81000730024E373030322D4E4C4955C9
06-30-2025 15:00:23.476,11,RECV,7E000F81000830024E383030322D524F5553B6
06-30-2025 15:00:23.856,12,RECV,7E000F8100042C024E343030332D44314A4506
06-30-2025 15:00:23.857,13,RECV,7E000F8100031A024E333030332D364E5155F4
06-30-2025 15:00:23.858,14,RECV,7E000F81000732024E373030332D37485439F2
06-30-2025 15:00:23.877,15,RECV,7E000F81000830024E383030332D42383156FD
06-30-2025 15:00:24.257,16,RECV,7E000F8100042C024E343030342D45544445E7
06-30-2025 15:00:24.258,17,RECV,7E000F8100031A024E333030342D51484347FA
06-30-2025 15:00:24.259,18,RECV,7E000F81000732024E373030342D374A494EE5
06-30-2025 15:00:24.268,19,RECV,7E000F81000832024E383030342D304538430B
06-30-2025 15:00:24.659,20,RECV,7E000F8100042C024E343030352D3932534DFD
06-30-2025 15:00:24.659,21,RECV,7E000F8100031A024E333030352D32565146FD
06-30-2025 15:00:24.661,22,RECV,7E000F8100072F024E373030352D33575A4FCC
06-30-2025 15:00:24.669,23,RECV,7E000F8100082F024E383030352D454F5637DC
06-30-2025 15:00:25.060,24,RECV,7E000F8100042C024E343030362D3258434DED
06-30-2025 15:00:25.060,25,RECV,7E000F8100031A024E333030362D5750354AF5
06-30-2025 15:00:25.070,26,RECV,7E000F81000730024E373030362D3843393316
06-30-2025 15:00:25.071,27,RECV,7E000F8100082F024E383030362D4E4C4454CA
06-30-2025 15:00:25.464,28,RECV,7E000F8100042C024E343030372D3533433922
06-30-2025 15:00:25.466,29,RECV,7E000F8100031A024E333030372D4831485306
06-30-2025 15:00:25.862,30,RECV,7E000F8100042C024E343030382D4B4631370C
06-30-2025 15:00:25.871,31,RECV,7E000F8100031A024E333030382D45434355F9
06-30-2025 15:00:25.912,32,RECV,7E000F81000830024E383030382D4C544E49C2
06-30-2025 15:00:25.912,33,RECV,7E000F81000731024E373030382D54474E4CC5
06-30-2025 15:00:26.263,34,RECV,7E000F8100042C024E343030392D384F4F44EA
06-30-2025 15:00:26.267,35,RECV,7E000F8100031A024E333030392D55504634F9
06-30-2025 15:00:26.313,36,RECV,7E000F81000830024E383030392D58544D5AA5
06-30-2025 15:00:26.340,37,RECV,7E000F81000732024E373030392D44534744D6
06-30-2025 15:00:26.665,38,RECV,7E000F8100042C024E343031302D4F4C5A45D2
06-30-2025 15:00:26.675,39,RECV,7E000F8100031A024E333031302D4B565335F7
06-30-2025 15:00:26.680,40,RECV,7E000F81000830024E383031302D4A375842E5
06-30-2025 15:00:26.681,41,RECV,7E000F81000732024E373031302D58344F4CD9
06-30-2025 15:00:27.065,42,RECV,7E000F8100042C024E343031312D5146524FD3
06-30-2025 15:00:27.066,43,RECV,7E000F81000831024E383031312D534D4A55BF
06-30-2025 15:00:27.067,44,RECV,7E000F8100031A024E333031312D4D3730587D33
06-30-2025 15:00:27.067,45,RECV,7E000F81000731024E373031312D30495237FE
06-30-2025 15:00:27.466,46,RECV,7E000F8100042C024E343031322D454E34360D
06-30-2025 15:00:27.467,47,RECV,7E000F81000831024E383031322D574A4745D0
06-30-2025 15:00:27.469,48,RECV,7E000F8100031A024E333031322D32364B587D33
06-30-2025 15:00:27.487,49,RECV,7E000F81000732024E373031322D46425636EA
06-30-2025 15:00:27.868,50,RECV,7E000F8100042C024E343031332D4C56313105
06-30-2025 15:00:27.868,51,RECV,7E000F81000830024E383031332D5A394736ED
06-30-2025 15:00:27.869,52,RECV,7E000F8100031A024E333031332D3756385800
06-30-2025 15:00:27.888,53,RECV,7E000F81000731024E373031332D53313553F2
06-30-2025 15:00:28.269,54,RECV,7E000F8100042C024E343031342D4456334AF1
06-30-2025 15:00:28.269,55,RECV,7E000F81000830024E383031342D4F435039E1
06-30-2025 15:00:28.270,56,RECV,7E000F8100031A024E333031342D5543473409
06-30-2025 15:00:28.319,57,RECV,7E000F81000731024E373031342D56544347C9
06-30-2025 15:00:28.670,58,RECV,7E000F8100042C024E343031352D583938300E
06-30-2025 15:00:28.670,59,RECV,7E000F81000830024E383031352D454C3156E3
06-30-2025 15:00:28.681,60,RECV,7E000F8100031A024E333031352D55454554E8
06-30-2025 15:00:28.681,61,RECV,7E000F81000730024E373031352D41423357F0
06-30-2025 15:00:29.071,62,RECV,7E000F8100042C024E343031362D514D3452E2
06-30-2025 15:00:29.071,63,RECV,7E000F8100082F024E383031362D58454C59B9
06-30-2025 15:00:29.121,64,RECV,7E000F8100031A024E333031362D5A425A4BD9
06-30-2025 15:00:29.121,65,RECV,7E000F81000730024E373031362D5559394DC8
06-30-2025 15:00:29.472,66,RECV,7E000F8100042C024E343031372D59585247BB
06-30-2025 15:00:29.472,67,RECV,7E000F8100082F024E383031372D4D4A4D36E0
06-30-2025 15:00:29.522,68,RECV,7E000F8100031A024E333031372D53573452E9
06-30-2025 15:00:29.525,69,RECV,7E000F8100072F024E373031372D3150364DF8
06-30-2025 15:00:29.873,70,RECV,7E000F8100042C024E343031382D475A4641DC
06-30-2025 15:00:29.874,71,RECV,7E000F81000830024E383031382D52425151C2
06-30-2025 15:00:29.923,72,RECV,7E000F8100031A024E333031382D3753494AFB
06-30-2025 15:00:29.923,73,RECV,7E000F81000731024E373031382D484D3246EC
06-30-2025 15:00:30.274,74,RECV,7E000F8100042C024E343031392D4C493251EB
06-30-2025 15:00:30.279,75,RECV,7E000F81000830024E383031392D4D4E5A50B2
06-30-2025 15:00:30.324,76,RECV,7E000F8100031A024E333031392D325335510C
06-30-2025 15:00:30.328,77,RECV,7E000F81000731024E373031392D495A5053B2
06-30-2025 15:00:30.675,78,RECV,7E000F8100042D024E343032302D50425258CE
06-30-2025 15:00:30.679,79,RECV,7E000F81000834024E383032302D4F465745CA
06-30-2025 15:00:30.725,80,RECV,7E000F8100031A024E333032302D45495A50E7
06-30-2025 15:00:30.737,81,RECV,7E000F81000731024E373032302D3342474DF7
06-30-2025 15:00:31.076,82,RECV,7E000F8100042D024E343032312D3533414F7D31
06-30-2025 15:00:31.079,83,RECV,7E000F81000830024E383032312D4430534FE8
06-30-2025 15:00:31.127,84,RECV,7E000F8100031A024E333032312D394E424114
06-30-2025 15:00:31.129,85,RECV,7E000F8100072F024E373032312D4E4D5455BD
06-30-2025 15:00:31.477,86,RECV,7E000F8100042D024E343032322D4B375043F3
06-30-2025 15:00:31.477,87,RECV,7E000F8100082F024E383032322D3344393816
06-30-2025 15:00:31.498,88,RECV,7E000F8100031A024E333032322D414934302F
06-30-2025 15:00:31.499,89,RECV,7E000F8100072F024E373032322D304E394405
06-30-2025 15:00:31.878,90,RECV,7E000F8100042D024E343032332D3741303629
06-30-2025 15:00:31.879,91,RECV,7E000F81000834024E383032332D47555441C7
06-30-2025 15:00:31.929,92,RECV,7E000F8100031A024E333032332D54503657EB
06-30-2025 15:00:31.948,93,RECV,7E000F81000734024E373032332D44574538E2
06-30-2025 15:00:32.280,94,RECV,7E000F8100042D024E343032342D3731454D0C
06-30-2025 15:00:32.281,95,RECV,7E000F8100082F024E383032342D31324A4708
06-30-2025 15:00:32.330,96,RECV,7E000F8100031A024E333032342D50565733EB
06-30-2025 15:00:32.330,97,RECV,7E000F81000735024E373032342D47455052CA
06-30-2025 15:00:32.681,98,RECV,7E000F8100042D024E343032352D4C435638E8
06-30-2025 15:00:32.685,99,RECV,7E000F81000835024E383032352D33555A34DF
06-30-2025 15:00:32.731,100,RECV,7E000F8100031A024E333032352D334858390E
06-30-2025 15:00:32.731,101,RECV,7E000F81000736024E373032352D49564243D2
06-30-2025 15:00:33.082,102,RECV,7E000F8100042D024E343032362D52474630F5
06-30-2025 15:00:33.082,103,RECV,7E000F81000831024E383032362D4955474BC8
06-30-2025 15:00:33.132,104,RECV,7E000F8100031A024E333032362D41314C4B10
06-30-2025 15:00:33.133,105,RECV,7E000F81000735024E373032362D57485837C8
06-30-2025 15:00:33.483,106,RECV,7E000F8100042D024E343032372D30565A42E1
06-30-2025 15:00:33.484,107,RECV,7E000F81000830024E383032372D4B493749E4
06-30-2025 15:00:33.533,108,RECV,7E000F8100031A024E333032372D494A4E3205
06-30-2025 15:00:33.534,109,RECV,7E000F81000732024E373032372D4C32443204
06-30-2025 15:00:33.884,110,RECV,7E000F8100042D024E343032382D354B5134FD
06-30-2025 15:00:33.885,111,RECV,7E000F81000832024E383032382D47503437F3
06-30-2025 15:00:33.934,112,RECV,7E000F8100031A024E333032382D4C4E4158E4
06-30-2025 15:00:33.935,113,RECV,7E000F81000733024E373032382D4833334BFD
06-30-2025 15:00:34.285,114,RECV,7E000F8100042D024E343032392D5059514EB9
06-30-2025 15:00:34.286,115,RECV,7E000F81000835024E383032392D42424A4CD7
06-30-2025 15:00:34.336,116,RECV,7E000F8100031A024E333032392D5A484E4ED8
06-30-2025 15:00:34.339,117,RECV,7E000F81000731024E373032392D36574957CA
06-30-2025 15:00:34.687,118,RECV,7E000F8100042D024E343033302D354F4E4DEA
06-30-2025 15:00:34.687,119,RECV,7E000F81000832024E383033302D53574232DE
06-30-2025 15:00:34.737,120,RECV,7E000F8100031A024E333033302D495A514DDD
06-30-2025 15:00:34.737,121,RECV,7E000F81000732024E373033302D52373156EE
06-30-2025 15:00:35.088,122,RECV,7E000F8100042D024E343033312D51435543DC
06-30-2025 15:00:35.088,123,RECV,7E000F81000830024E383033312D58553247D7
06-30-2025 15:00:35.138,124,RECV,7E000F8100031A024E333033312D5449323915
06-30-2025 15:00:35.140,125,RECV,7E000F81000731024E373033312D4254454AD9
06-30-2025 15:00:35.489,126,RECV,7E000F8100042D024E343033322D414C364400
06-30-2025 15:00:35.489,127,RECV,7E000F81000834024E383033322D45463841F4
06-30-2025 15:00:35.539,128,RECV,7E000F8100031A024E333033322D5644323719
06-30-2025 15:00:35.539,129,RECV,7E000F81000735024E373033322D3438365502
06-30-2025 15:00:35.890,130,RECV,7E000F8100042D024E343033332D52504746D7
06-30-2025 15:00:35.890,131,RECV,7E000F81000830024E383033332D30555341E2
06-30-2025 15:00:35.940,132,RECV,7E000F8100031A024E333033332D424B385600
06-30-2025 15:00:35.940,133,RECV,7E000F81000730024E373033332D4155464BD6
06-30-2025 15:00:36.291,134,RECV,7E000F8100042C024E343033342D30564951E6
06-30-2025 15:00:36.296,135,RECV,7E000F81000833024E383033342D3331444B04
06-30-2025 15:00:36.341,136,RECV,7E000F8100031A024E333033342D4A44513407
06-30-2025 15:00:36.342,137,RECV,7E000F81000736024E373033342D564E3057CB
06-30-2025 15:00:36.692,138,RECV,7E000F8100042D024E343033352D54445149D2
06-30-2025 15:00:36.696,139,RECV,7E000F81000831024E383033352D4F4C5437D2
06-30-2025 15:00:36.742,140,RECV,7E000F8100031A024E333033352D304C4B54FE
06-30-2025 15:00:36.742,141,RECV,7E000F81000733024E373033352D3049394FF7
06-30-2025 15:00:37.093,142,RECV,7E000F8100042D024E343033362D5435344BFB
06-30-2025 15:00:37.095,143,RECV,7E000F81000830024E383033362D31544A4EDB
06-30-2025 15:00:37.143,144,RECV,7E000F8100031A024E333033362D3947314225
06-30-2025 15:00:37.147,145,RECV,7E000F81000731024E373033362D4F524135E2
06-30-2025 15:00:37.494,146,RECV,7E000F8100042D024E343033372D454E5A51C4
06-30-2025 15:00:37.496,147,RECV,7E000F8100082E024E383033372D35395A49E8
06-30-2025 15:00:37.544,148,RECV,7E000F8100031A024E333033372D4131424C17
06-30-2025 15:00:37.552,149,RECV,7E000F81000730024E373033372D52544E49BC
06-30-2025 15:00:37.895,150,RECV,7E000F8100042D024E343033382D3732373031
06-30-2025 15:00:37.896,151,RECV,7E000F81000832024E383033382D42514938E0
06-30-2025 15:00:37.945,152,RECV,7E000F8100031A024E333033382D4F50344BF8
06-30-2025 15:00:37.946,153,RECV,7E000F81000733024E373033382D49393254ED
06-30-2025 15:00:38.296,154,RECV,7E000F8100042C024E343033392D44505A48CB
06-30-2025 15:00:38.347,155,RECV,7E000F8100031A024E333033392D4D475247E8
06-30-2025 15:00:38.347,156,RECV,7E000F81000732024E373033392D49454342E2
06-30-2025 15:00:38.748,157,RECV,7E000F8100031A024E333034302D554A5139F4
06-30-2025 15:00:38.749,158,RECV,7E000F81000730024E373034302D5A32494CDE
06-30-2025 15:00:39.099,159,RECV,7E000F8100042D024E343034312D334345321A
06-30-2025 15:00:39.149,160,RECV,7E000F8100031A024E333034312D4844355704
06-30-2025 15:00:39.149,161,RECV,7E000F81000734024E373034312D4F474243DF
06-30-2025 15:00:39.500,162,RECV,7E000F81000832024E383034322D4A425247D4
06-30-2025 15:00:39.501,163,RECV,7E000F8100042D024E343034322D4F315847E7
06-30-2025 15:00:39.550,164,RECV,7E000F8100031A024E333034322D314546332C
06-30-2025 15:00:39.550,165,RECV,7E000F81000733024E373034322D474A4F4DCD
06-30-2025 15:00:39.901,166,RECV,7E000F81000834024E383034332D3438484FF3
06-30-2025 15:00:39.902,167,RECV,7E000F8100042D024E343034332D59364B45E6
06-30-2025 15:00:39.951,168,RECV,7E000F8100031A024E333034332D4139525AF4
06-30-2025 15:00:39.974,169,RECV,7E000F81000730024E373034332D534B4B30E3
06-30-2025 15:00:40.302,170,RECV,7E000F81000832024E383034342D4D4C544AC0
06-30-2025 15:00:40.303,171,RECV,7E000F8100042D024E343034342D50594A35DC
06-30-2025 15:00:40.352,172,RECV,7E000F8100031A024E333034342D505A524DD0
06-30-2025 15:00:40.353,173,RECV,7E000F81000733024E373034342D473634347D33
06-30-2025 15:00:40.704,174,RECV,7E000F81000830024E383034352D54584949BA
06-30-2025 15:00:40.704,175,RECV,7E000F8100042D024E343034352D54593447DB
06-30-2025 15:00:40.754,176,RECV,7E000F8100031A024E333034352D5245313020
06-30-2025 15:00:40.754,177,RECV,7E000F81000732024E373034352D53363854E3
06-30-2025 15:00:41.105,178,RECV,7E000F81000832024E383034362D34314C4BF9
06-30-2025 15:00:41.105,179,RECV,7E000F8100042D024E343034362D4842504BDD
06-30-2025 15:00:41.155,180,RECV,7E000F8100031A024E333034362D4836513018
06-30-2025 15:00:41.183,181,RECV,7E000F81000730024E373034362D45544850C8
06-30-2025 15:00:41.506,182,RECV,7E000F81000832024E383034372D4B314732FF
06-30-2025 15:00:41.506,183,RECV,7E000F8100042D024E343034372D4D554132EC
06-30-2025 15:00:41.556,184,RECV,7E000F8100031A024E333034372D3143475902
06-30-2025 15:00:41.556,185,RECV,7E000F81000732024E373034372D56594C4BB0
06-30-2025 15:00:41.907,186,RECV,7E000F81000831024E383034382D4931473201
06-30-2025 15:00:41.907,187,RECV,7E000F8100042D024E343034382D54315845DE
06-30-2025 15:00:41.957,188,RECV,7E000F8100031A024E333034382D5631464DFB
06-30-2025 15:00:41.967,189,RECV,7E000F81000731024E373034382D44534547D3
06-30-2025 15:00:42.308,190,RECV,7E000F81000834024E383034392D31555A5AB6
06-30-2025 15:00:42.312,191,RECV,7E000F8100042D024E343034392D4C4D545AB8
06-30-2025 15:00:42.358,192,RECV,7E000F8100031A024E333034392D4A593054ED
06-30-2025 15:00:42.408,193,RECV,7E000F81000732024E373034392D4E593751C5
06-30-2025 15:00:42.709,194,RECV,7E000F81000830024E383035302D35515439E9
06-30-2025 15:00:42.759,195,RECV,7E000F8100031A024E333035302D4A33434F0D
06-30-2025 15:00:43.110,196,RECV,7E000F8100082F024E383035312D53323159ED
06-30-2025 15:00:43.112,197,RECV,7E000F8100042D024E343035312D4230444808
06-30-2025 15:00:43.160,198,RECV,7E000F8100031A024E333035312D4A374655FF
06-30-2025 15:00:43.210,199,RECV,7E000F81000730024E373035312D59435046CB
06-30-2025 15:00:43.511,200,RECV,7E000F81000831024E383035322D4F593354CA
06-30-2025 15:00:43.512,201,RECV,7E000F8100042D024E343035322D374E333914
06-30-2025 15:00:43.561,202,RECV,7E000F8100031A024E333035322D594D4E55D1
06-30-2025 15:00:43.564,203,RECV,7E000F81000733024E373035322D5A553044D6
06-30-2025 15:00:43.912,204,RECV,7E000F81000830024E383035332D48554A51C1
06-30-2025 15:00:43.913,205,RECV,7E000F8100042D024E343035332D4636495AE5
06-30-2025 15:00:43.962,206,RECV,7E000F8100031A024E333035332D59415159D5
06-30-2025 15:00:43.967,207,RECV,7E000F81000731024E373035332D365A3858DA
06-30-2025 15:00:44.313,208,RECV,7E000F81000831024E383035342D4F334932FA
06-30-2025 15:00:44.314,209,RECV,7E000F8100042D024E343035342D4A4535330C
06-30-2025 15:00:44.363,210,RECV,7E000F8100031A024E333035342D4D4D4259E3
06-30-2025 15:00:44.384,211,RECV,7E000F81000731024E373035342D5939414ADC
06-30-2025 15:00:44.714,212,RECV,7E000F81000833024E383035352D4B43314FE6
06-30-2025 15:00:44.715,213,RECV,7E000F8100042D024E343035352D37584E36EF
06-30-2025 15:00:44.764,214,RECV,7E000F8100031A024E333035352D4D38313130
06-30-2025 15:00:44.814,215,RECV,7E000F81000735024E373035352D39513945EC
06-30-2025 15:00:45.116,216,RECV,7E000F8100082E024E383035362D45544749CF
06-30-2025 15:00:45.116,217,RECV,7E000F8100042C024E343035362D50553251DA
06-30-2025 15:00:45.166,218,RECV,7E000F8100031A024E333035362D3639374D23
06-30-2025 15:00:45.216,219,RECV,7E000F81000730024E373035362D37314457F5
06-30-2025 15:00:45.523,220,RECV,7E000F8100082F024E383035372D4E344357DA
06-30-2025 15:00:45.523,221,RECV,7E000F8100042B024E343035372D59574352BD
06-30-2025 15:00:45.567,222,RECV,7E000F8100031A024E333035372D3234525409
06-30-2025 15:00:45.617,223,RECV,7E000F81000731024E373035372D4C4F5845BE
06-30-2025 15:00:45.918,224,RECV,7E000F81000831024E383035382D32335942F3
06-30-2025 15:00:45.919,225,RECV,7E000F8100042C024E343035382D4A514F51C5
06-30-2025 15:00:45.968,226,RECV,7E000F8100031A024E333035382D3831483231
06-30-2025 15:00:46.018,227,RECV,7E000F81000731024E373035382D33504C4CDA
06-30-2025 15:00:46.319,228,RECV,7E000F81000831024E383035392D424A484ED0
06-30-2025 15:00:46.319,229,RECV,7E000F8100042C024E343035392D324A384902
06-30-2025 15:00:46.369,230,RECV,7E000F8100031A024E333035392D4B564538F5
06-30-2025 15:00:46.419,231,RECV,7E000F81000731024E373035392D41534C35DF
06-30-2025 15:00:46.720,232,RECV,7E000F81000832024E383036302D38565139E1
06-30-2025 15:00:46.721,233,RECV,7E000F8100042C024E343036302D51484D57CA
06-30-2025 15:00:46.771,234,RECV,7E000F8100031A024E333036302D50445852DD
06-30-2025 15:00:46.821,235,RECV,7E000F81000733024E373036302D44544758C3
06-30-2025 15:00:47.122,236,RECV,7E000F81000831024E383036312D59484947C8
06-30-2025 15:00:47.123,237,RECV,7E000F8100042C024E343036312D37565359CD
06-30-2025 15:00:47.172,238,RECV,7E000F8100031A024E333036312D355033342E
06-30-2025 15:00:47.222,239,RECV,7E000F81000734024E373036312D47335A56CE
06-30-2025 15:00:47.523,240,RECV,7E000F81000831024E383036322D53503259CA
06-30-2025 15:00:47.532,241,RECV,7E000F8100042C024E343036322D5835433005
06-30-2025 15:00:47.573,242,RECV,7E000F8100031A024E333036322D414A5944F1
06-30-2025 15:00:47.623,243,RECV,7E000F81000734024E373036322D57544A46BC
06-30-2025 15:00:47.924,244,RECV,7E000F81000832024E383036332D4A44564DC5
06-30-2025 15:00:47.928,245,RECV,7E000F8100042C024E343036332D3646304F09
06-30-2025 15:00:47.974,246,RECV,7E000F8100031A024E333036332D4F3648311A
06-30-2025 15:00:48.024,247,RECV,7E000F81000735024E373036332D3253334EEF
06-30-2025 15:00:48.325,248,RECV,7E000F81000834024E383036342D575A374BC0
06-30-2025 15:00:48.332,249,RECV,7E000F8100042C024E343036342D4D34423808
06-30-2025 15:00:48.375,250,RECV,7E000F8100031A024E333036342D50524450E1
06-30-2025 15:00:48.425,251,RECV,7E000F81000736024E373036342D55384A30EC
06-30-2025 15:00:48.675,252,RECV,7E000F81000833024E383036352D34355539FC
06-30-2025 15:00:48.726,253,RECV,7E000F8100042C024E343036352D5258534ABB
06-30-2025 15:00:48.776,254,RECV,7E000F8100031A024E333036352D4E57315AE6
06-30-2025 15:00:48.826,255,RECV,7E000F81000736024E373036352D30555355C5
06-30-2025 15:00:49.077,256,RECV,7E000F8100082F024E383036362D374F4343EA
06-30-2025 15:00:49.127,257,RECV,7E000F8100042C024E343036362D3550473500
06-30-2025 15:00:49.177,258,RECV,7E000F8100031A024E333036362D31484C321E
06-30-2025 15:00:49.227,259,RECV,7E000F81000730024E373036362D45475154C6
06-30-2025 15:00:49.478,260,RECV,7E000F8100082F024E383036372D434E525AB8
06-30-2025 15:00:49.528,261,RECV,7E000F8100042C024E343036372D3049364A07
06-30-2025 15:00:49.578,262,RECV,7E000F8100031A024E333036372D4E52484FDD
06-30-2025 15:00:49.628,263,RECV,7E000F81000730024E373036372D36503444F8
06-30-2025 15:00:49.879,264,RECV,7E000F8100082F024E383036382D3639305401
06-30-2025 15:00:49.929,265,RECV,7E000F8100042C024E343036382D42495750CD
06-30-2025 15:00:49.979,266,RECV,7E000F8100031A024E333036382D4E3144311F
06-30-2025 15:00:50.029,267,RECV,7E000F81000731024E373036382D4239334600
06-30-2025 15:00:50.280,268,RECV,7E000F81000831024E383036392D334A5233EF
06-30-2025 15:00:50.330,269,RECV,7E000F8100042C024E343036392D4C494E51CA
06-30-2025 15:00:50.380,270,RECV,7E000F8100031A024E333036392D46514741F3
06-30-2025 15:00:50.430,271,RECV,7E000F81000732024E373036392D30465034F8
06-30-2025 15:00:50.681,272,RECV,7E000F81000832024E383037302D53583644D3
06-30-2025 15:00:50.731,273,RECV,7E000F8100042C024E343037302D44454C56DB
06-30-2025 15:00:50.782,274,RECV,7E000F8100031A024E333037302D454C36450E
06-30-2025 15:00:50.832,275,RECV,7E000F81000733024E373037302D345A383102
06-30-2025 15:00:51.093,276,RECV,7E000F81000833024E383037312D4F543349D7
06-30-2025 15:00:51.133,277,RECV,7E000F8100042C024E343037312D51345246E8
06-30-2025 15:00:51.193,278,RECV,7E000F8100031A024E333037312D5A34544AED
06-30-2025 15:00:51.233,279,RECV,7E000F81000730024E373037312D4A5A345AC9
06-30-2025 15:00:51.494,280,RECV,7E000F81000831024E383037322D52384934F0
06-30-2025 15:00:51.534,281,RECV,7E000F8100042B024E343037322D354B594BE1
06-30-2025 15:00:51.584,282,RECV,7E000F8100031A024E333037322D4757443204
06-30-2025 15:00:51.634,283,RECV,7E000F81000731024E373037322D4E304541F5
06-30-2025 15:00:51.895,284,RECV,7E000F81000832024E383037332D4E30545AC9
06-30-2025 15:00:51.935,285,RECV,7E000F8100042C024E343037332D57585934C7
06-30-2025 15:00:51.985,286,RECV,7E000F8100031A024E333037332D5731483215
06-30-2025 15:00:52.035,287,RECV,7E000F81000734024E373037332D4A504254C5
06-30-2025 15:00:52.296,288,RECV,7E000F8100082F024E383037342D324B4B44EB
06-30-2025 15:00:52.336,289,RECV,7E000F8100042C024E343037342D4833313026
06-30-2025 15:00:52.387,290,RECV,7E000F8100031A024E333037342D4E3542331E
06-30-2025 15:00:52.436,291,RECV,7E000F8100072F024E373037342D46444E5AC7
06-30-2025 15:00:52.687,292,RECV,7E000F81000831024E383037352D3742314EFC
06-30-2025 15:00:52.737,293,RECV,7E000F8100042C024E343037352D484A32320B
06-30-2025 15:00:52.788,294,RECV,7E000F8100031A024E333037352D574F5A56BF
06-30-2025 15:00:52.838,295,RECV,7E000F81000734024E373037352D42484543E1
06-30-2025 15:00:53.089,296,RECV,7E000F81000830024E383037362D484C5A31D5
06-30-2025 15:00:53.139,297,RECV,7E000F8100042D024E343037362D36345744FA
06-30-2025 15:00:53.189,298,RECV,7E000F8100031A024E333037362D46444B3708
06-30-2025 15:00:53.239,299,RECV,7E000F81000732024E373037362D3935514DE8
06-30-2025 15:00:53.490,300,RECV,7E000F81000833024E383037372D3634305402
06-30-2025 15:00:53.540,301,RECV,7E000F8100042D024E343037372D4355494DD0
06-30-2025 15:00:53.590,302,RECV,7E000F8100031A024E333037372D4E32573309
06-30-2025 15:00:53.640,303,RECV,7E000F81000734024E373037372D34424542F4
06-30-2025 15:00:53.891,304,RECV,7E000F81000830024E383037382D4434524DDB
06-30-2025 15:00:53.941,305,RECV,7E000F8100042D024E343037382D314A5341EE
06-30-2025 15:00:54.001,306,RECV,7E000F8100031A024E333037382D4E464B59DA
06-30-2025 15:00:54.041,307,RECV,7E000F81000732024E373037382D4A524E4FB9
06-30-2025 15:00:54.292,308,RECV,7E000F81000834024E383037392D56445156AC
06-30-2025 15:00:54.342,309,RECV,7E000F8100042D024E343037392D4B4C3758D6
06-30-2025 15:00:54.402,310,RECV,7E000F8100031A024E333037392D4738373922
06-30-2025 15:00:54.442,311,RECV,7E000F8100072F024E373037392D5A583352BD
06-30-2025 15:00:54.693,312,RECV,7E000F81000831024E383038302D33574F4BD4
06-30-2025 15:00:54.743,313,RECV,7E000F8100042C024E343038302D49354943FB
06-30-2025 15:00:54.843,314,RECV,7E000F8100031A024E333038302D55524538F5
06-30-2025 15:00:54.843,315,RECV,7E000F81000732024E373038302D3053343210
06-30-2025 15:00:55.094,316,RECV,7E000F8100082F024E383038312D3147314C04
06-30-2025 15:00:55.144,317,RECV,7E000F8100042C024E343038312D43533244F8
06-30-2025 15:00:55.244,318,RECV,7E000F8100031A024E333038312D3453593602
06-30-2025 15:00:55.246,319,RECV,7E000F81000731024E373038312D53515336CC
06-30-2025 15:00:55.495,320,RECV,7E000F81000834024E383038322D38413944FD
06-30-2025 15:00:55.545,321,RECV,7E000F8100042D024E343038322D3033464B0E
06-30-2025 15:00:55.646,322,RECV,7E000F8100031A024E333038322D413348312A
06-30-2025 15:00:55.646,323,RECV,7E000F81000731024E373038322D51423559D7
06-30-2025 15:00:55.896,324,RECV,7E000F81000831024E383038332D554A4C37D3
06-30-2025 15:00:55.946,325,RECV,7E000F8100042D024E343038332D3736334819
06-30-2025 15:00:55.997,326,RECV,7E000F8100031A024E333038332D33354D3928
06-30-2025 15:00:56.047,327,RECV,7E000F81000732024E373038332D48503647E1
06-30-2025 15:00:56.298,328,RECV,7E000F81000830024E383038342D4F563848D0
06-30-2025 15:00:56.348,329,RECV,7E000F8100042C024E343038342D4E344349F3
06-30-2025 15:00:56.398,330,RECV,7E000F8100031A024E333038342D46524D55DB
06-30-2025 15:00:56.448,331,RECV,7E000F81000731024E373038342D5233584FCA
06-30-2025 15:00:56.699,332,RECV,7E000F81000832024E383038352D354B4B32F5
06-30-2025 15:00:56.749,333,RECV,7E000F8100042C024E343038352D5842594EBF
06-30-2025 15:00:56.799,334,RECV,7E000F8100031A024E333038352D50394853F0
06-30-2025 15:00:56.849,335,RECV,7E000F81000730024E373038352D30364956F1
06-30-2025 15:00:57.100,336,RECV,7E000F81000831024E383038362D5243304DE0
06-30-2025 15:00:57.150,337,RECV,7E000F8100042D024E343038362D424D554DCD
06-30-2025 15:00:57.210,338,RECV,7E000F8100031A024E333038362D454D3250FF
06-30-2025 15:00:57.250,339,RECV,7E000F81000730024E373038362D4E364D42E2
06-30-2025 15:00:57.501,340,RECV,7E000F81000834024E383038372D5A4E5332C1
06-30-2025 15:00:57.551,341,RECV,7E000F8100042C024E343038372D59494D51BE
06-30-2025 15:00:57.651,342,RECV,7E000F8100031A024E333038372D56445049DF
06-30-2025 15:00:57.652,343,RECV,7E000F81000730024E373038372D31443756F2
06-30-2025 15:00:57.902,344,RECV,7E000F81000831024E383038382D514D444BC3
06-30-2025 15:00:57.952,345,RECV,7E000F8100042C024E343038382D4A484454D3
06-30-2025 15:00:58.053,346,RECV,7E000F8100031A024E333038382D3139544C07
06-30-2025 15:00:58.053,347,RECV,7E000F81000730024E373038382D5A555250A2
06-30-2025 15:00:58.304,348,RECV,7E000F81000831024E383038392D58315845C9
06-30-2025 15:00:58.354,349,RECV,7E000F8100042C024E343038392D59554553B6
06-30-2025 15:00:58.454,350,RECV,7E000F8100031A024E333038392D5239544BE6
06-30-2025 15:00:58.468,351,RECV,7E000F81000734024E373038392D4E363239FF
06-30-2025 15:00:58.755,352,RECV,7E000F8100042C024E343039302D524B3959D5
06-30-2025 15:00:58.855,353,RECV,7E000F8100031A024E333039302D59395644EC
06-30-2025 15:00:58.855,354,RECV,7E000F81000735024E373039302D45384539FA
06-30-2025 15:00:59.106,355,RECV,7E000F81000831024E383039312D43485649CC
06-30-2025 15:00:59.156,356,RECV,7E000F8100042C024E343039312D5A465538D6
06-30-2025 15:00:59.256,357,RECV,7E000F8100031A024E333039312D50513359EA
06-30-2025 15:00:59.257,358,RECV,7E000F81000734024E373039312D3631394F06
06-30-2025 15:00:59.507,359,RECV,7E000F81000831024E383039322D515A5054A6
06-30-2025 15:00:59.557,360,RECV,7E000F8100042C024E343039322D37455050E6
06-30-2025 15:00:59.658,361,RECV,7E000F8100031A024E333039322D4A4F5245E6
06-30-2025 15:00:59.688,362,RECV,7E000F81000734024E373039322D49454939E4
06-30-2025 15:00:59.908,363,RECV,7E000F81000831024E383039332D4D37564FCB
06-30-2025 15:00:59.958,364,RECV,7E000F8100042C024E343039332D384B344BFF
06-30-2025 15:01:00.028,365,RECV,7E000F8100031A024E333039332D4A5632370C
06-30-2025 15:01:00.058,366,RECV,7E000F81000734024E373039332D585753529F
06-30-2025 15:01:00.309,367,RECV,7E000F81000833024E383039342D49484932E5
06-30-2025 15:01:00.359,368,RECV,7E000F8100042C024E343039342D33465746EA
06-30-2025 15:01:00.429,369,RECV,7E000F8100031A024E333039342D4F4E36370A
06-30-2025 15:01:00.459,370,RECV,7E000F81000731024E373039342D3646303712
06-30-2025 15:01:00.710,371,RECV,7E000F81000831024E383039352D524B4438D9
06-30-2025 15:01:00.760,372,RECV,7E000F8100042C024E343039352D48375945E2
06-30-2025 15:01:00.861,373,RECV,7E000F8100031A024E333039352D3134574C0B
06-30-2025 15:01:00.870,374,RECV,7E000F81000732024E373039352D51334F37E9
06-30-2025 15:01:01.111,375,RECV,7E000F81000833024E383039362D5A374433E7
06-30-2025 15:01:01.161,376,RECV,7E000F8100042C024E343039362D32484249F9
06-30-2025 15:01:01.262,377,RECV,7E000F8100031A024E333039362D4E593651E4
06-30-2025 15:01:01.262,378,RECV,7E000F81000731024E373039362D3843413007
06-30-2025 15:01:01.512,379,RECV,7E000F81000832024E383039372D4C423134FC
06-30-2025 15:01:01.562,380,RECV,7E000F8100042C024E343039372D424B4245E9
06-30-2025 15:01:01.663,381,RECV,7E000F8100031A024E333039372D523030411E
06-30-2025 15:01:01.663,382,RECV,7E000F81000735024E373039372D51505849AC
06-30-2025 15:01:01.914,383,RECV,7E000F81000831024E383039382D5238344AE7
06-30-2025 15:01:01.963,384,RECV,7E000F8100042C024E343039382D58415031E2
06-30-2025 15:01:02.064,385,RECV,7E000F8100031A024E333039382D55323359FD
06-30-2025 15:01:02.064,386,RECV,7E000F81000731024E373039382D4154444ECA
06-30-2025 15:01:02.315,387,RECV,7E000F81000830024E383039392D49483438F2
06-30-2025 15:01:02.365,388,RECV,7E000F8100042C024E343039392D42433955E8
06-30-2025 15:01:02.465,389,RECV,7E000F8100031A024E333039392D42565846D9
06-30-2025 15:01:02.465,390,RECV,7E000F81000731024E373039392D4F5A4D4AB0
