06-10-2025 21:49:39.834,-,API2,"Sink 1,0013A20041839DB1,802.15.4 TH,2003,/dev/ttyUSB0 - 57600/8/M/1/N,1,46"

06-10-2025 21:49:25.048,0,RECV,7E000F81000832024E383030302D50384339FB
06-10-2025 21:49:25.052,1,RECV,7E000F8100062D024E363030302D51324A47F4
06-10-2025 21:49:25.053,2,RECV,7E000F81000533024E353030302D4B47364DEF
06-10-2025 21:49:25.098,3,RECV,7E000F81000832024E383030312D5A4D5A59A4
06-10-2025 21:49:25.098,4,RECV,7E000F81000739024E373030312D50324B53D9
06-10-2025 21:49:25.098,5,RECV,7E000F8100062D024E363030312D30544755E7
06-10-2025 21:49:25.099,6,RECV,7E000F81000832024E383030322D43385A45E3
06-10-2025 21:49:25.099,7,RECV,7E000F8100062C024E363030322D3443443517
06-10-2025 21:49:25.109,8,RECV,7E000F81000832024E383030332D57394B33EE
06-10-2025 21:49:25.109,9,RECV,7E000F8100062D024E363030332D42455331FA
06-10-2025 21:49:25.109,10,RECV,7E000F81000534024E353030332D4C593256D3
06-10-2025 21:49:25.149,11,RECV,7E000F81000832024E383030342D59455441C8
06-10-2025 21:49:25.151,12,RECV,7E000F81000739024E373030342D354F5A38E0
06-10-2025 21:49:25.152,13,RECV,7E000F8100062E024E363030342D38563553ED
06-10-2025 21:49:25.152,14,RECV,7E000F81000533024E353030342D4C47314AF2
06-10-2025 21:49:25.152,15,RECV,7E000F81000832024E383030352D56544751B8
06-10-2025 21:49:25.152,16,RECV,7E000F81000739024E373030352D30315944F7
06-10-2025 21:49:25.152,17,RECV,7E000F8100062D024E363030352D5944384EE0
06-10-2025 21:49:25.152,18,RECV,7E000F81000832024E383030362D4D315A32EF
06-10-2025 21:49:25.200,19,RECV,7E000F81000739024E373030362D4D4A4E54BB
06-10-2025 21:49:25.202,20,RECV,7E000F8100062E024E363030362D54315759CC
06-10-2025 21:49:25.203,21,RECV,7E000F81000533024E353030362D49515550BF
06-10-2025 21:49:25.203,22,RECV,7E000F81000832024E383030372D3750364BF0
06-10-2025 21:49:25.203,23,RECV,7E000F8100073A024E373030372D49305550D4
06-10-2025 21:49:25.204,24,RECV,7E000F8100062D024E363030372D50334F57D8
06-10-2025 21:49:25.204,25,RECV,7E000F81000832024E383030382D574C524CB6
06-10-2025 21:49:25.204,26,RECV,7E000F81000739024E373030382D33594F55C2
06-10-2025 21:49:25.211,27,RECV,7E000F8100062D024E363030382D4C493637FE
06-10-2025 21:49:25.211,28,RECV,7E000F81000832024E383030392D36544236F4
06-10-2025 21:49:25.249,29,RECV,7E000F81000739024E373030392D3257334BEA
06-10-2025 21:49:25.249,30,RECV,7E000F8100062D024E363030392D5652554AB8
06-10-2025 21:49:25.249,31,RECV,7E000F81000832024E383031302D464D5641D4
06-10-2025 21:49:25.249,32,RECV,7E000F81000739024E373031302D4C353253F3
06-10-2025 21:49:25.249,33,RECV,7E000F8100062D024E363031302D43334B59ED
06-10-2025 21:49:25.299,34,RECV,7E000F81000832024E383031312D51394E4DD8
06-10-2025 21:49:25.299,35,RECV,7E000F81000739024E373031312D58363054E6
06-10-2025 21:49:25.299,36,RECV,7E000F8100062D024E363031312D56374953DD
06-10-2025 21:49:25.299,37,RECV,7E000F81000832024E383031322D53434A43D9
06-10-2025 21:49:25.299,38,RECV,7E000F81000739024E373031322D3739414105
06-10-2025 21:49:25.299,39,RECV,7E000F8100062D024E363031322D44324A4EF7
06-10-2025 21:49:25.299,40,RECV,7E000F81000832024E383031332D46543430FD
06-10-2025 21:49:25.349,41,RECV,7E000F81000739024E373031332D43435A30E6
06-10-2025 21:49:25.351,42,RECV,7E000F8100062E024E363031332D51414454D9
06-10-2025 21:49:25.352,43,RECV,7E000F81000832024E383031342D5A445832D2
06-10-2025 21:49:25.352,44,RECV,7E000F81000739024E373031342D58594634CA
06-10-2025 21:49:25.352,45,RECV,7E000F8100062D024E363031342D545A4C56B3
06-10-2025 21:49:25.352,46,RECV,7E000F81000832024E383031352D424D544DC9
06-10-2025 21:49:25.352,47,RECV,7E000F81000739024E373031352D4442594CC9
06-10-2025 21:49:25.399,48,RECV,7E000F8100062D024E363031352D4C354559E3
06-10-2025 21:49:25.407,49,RECV,7E000F81000832024E383031362D4944324CED
06-10-2025 21:49:25.407,50,RECV,7E000F81000739024E373031362D39375358D8
06-10-2025 21:49:25.407,51,RECV,7E000F81000534024E353031362D55474148D7
06-10-2025 21:49:25.407,52,RECV,7E000F8100062D024E363031362D4932303323
06-10-2025 21:49:25.407,53,RECV,7E000F81000832024E383031372D59444338DF
06-10-2025 21:49:25.407,54,RECV,7E000F81000739024E373031372D415A354BD7
06-10-2025 21:49:25.410,55,RECV,7E000F81000534024E353031372D4F304359E0
06-10-2025 21:49:25.410,56,RECV,7E000F8100062D024E363031372D4D4A4E4CCF
06-10-2025 21:49:25.410,57,RECV,7E000F81000739024E373031382D4A4E324CDB
06-10-2025 21:49:25.449,58,RECV,7E000F8100062D024E363031382D51483837F7
06-10-2025 21:49:25.449,59,RECV,7E000F81000739024E373031392D43594448C8
06-10-2025 21:49:25.449,60,RECV,7E000F8100062D024E363031392D45335338FB
06-10-2025 21:49:25.449,61,RECV,7E000F8100073A024E373032302D4E4A5458B3
06-10-2025 21:49:25.449,62,RECV,7E000F81000832024E383032312D5234514ADB
06-10-2025 21:49:25.470,63,RECV,7E000F81000534024E353032302D313754380D
06-10-2025 21:49:25.470,64,RECV,7E000F8100062D024E363032302D3438313633
06-10-2025 21:49:25.470,65,RECV,7E000F81000739024E373032312D4F4F4855BC
06-10-2025 21:49:25.510,66,RECV,7E000F81000832024E383032322D56414141E2
06-10-2025 21:49:25.511,67,RECV,7E000F81000534024E353032312D54335752D0
06-10-2025 21:49:25.511,68,RECV,7E000F8100062D024E363032312D364B4447F9
06-10-2025 21:49:25.511,69,RECV,7E000F81000739024E373032322D5A365352C1
06-10-2025 21:49:25.511,70,RECV,7E000F81000832024E383032332D35345955E3
06-10-2025 21:49:25.516,71,RECV,7E000F8100062D024E363032322D3058303418
06-10-2025 21:49:25.549,72,RECV,7E000F81000739024E373032332D59315359BF
06-10-2025 21:49:25.574,73,RECV,7E000F81000832024E383032342D46344957DF
06-10-2025 21:49:25.574,74,RECV,7E000F81000534024E353032332D4838424AF2
06-10-2025 21:49:25.574,75,RECV,7E000F8100062D024E363032332D35523552F5
06-10-2025 21:49:25.574,76,RECV,7E000F81000739024E373032342D55344D4FCF
06-10-2025 21:49:25.575,77,RECV,7E000F81000832024E383032352D31585258C5
06-10-2025 21:49:25.575,78,RECV,7E000F81000533024E353032342D484A424FDB
06-10-2025 21:49:25.575,79,RECV,7E000F8100062D024E363032342D3146364A0B
06-10-2025 21:49:25.575,80,RECV,7E000F81000739024E373032352D4B5A5545B4
06-10-2025 21:49:25.575,81,RECV,7E000F81000832024E383032362D33514545E9
06-10-2025 21:49:25.575,82,RECV,7E000F81000533024E353032352D30365949F5
06-10-2025 21:49:25.575,83,RECV,7E000F8100062D024E363032352D5348584EC0
06-10-2025 21:49:25.599,84,RECV,7E000F81000739024E373032362D42315248E5
06-10-2025 21:49:25.600,85,RECV,7E000F81000832024E383032372D37373558FB
06-10-2025 21:49:25.600,86,RECV,7E000F81000533024E353032362D55415756B9
06-10-2025 21:49:25.600,87,RECV,7E000F8100062D024E363032362D55433049EF
06-10-2025 21:49:25.600,88,RECV,7E000F81000739024E373032372D59345A57B3
06-10-2025 21:49:25.600,89,RECV,7E000F81000832024E383032382D45553355D3
06-10-2025 21:49:25.650,90,RECV,7E000F81000534024E353032372D355A534FC9
06-10-2025 21:49:25.650,91,RECV,7E000F8100062D024E363032372D50344938FA
06-10-2025 21:49:25.650,92,RECV,7E000F81000739024E373032382D4A354E36ED
06-10-2025 21:49:25.650,93,RECV,7E000F81000832024E383032392D37433157F2
06-10-2025 21:49:25.651,94,RECV,7E000F81000534024E353032382D59345851C3
06-10-2025 21:49:25.651,95,RECV,7E000F8100062D024E363032382D56503436EE
06-10-2025 21:49:25.651,96,RECV,7E000F81000739024E373032392D47523844DA
06-10-2025 21:49:25.651,97,RECV,7E000F81000832024E383033302D53423336FE
06-10-2025 21:49:25.662,98,RECV,7E000F81000533024E353032392D57363643F3
06-10-2025 21:49:25.662,99,RECV,7E000F8100062D024E363032392D49583451D7
06-10-2025 21:49:25.662,100,RECV,7E000F81000739024E373033302D45364448F0
06-10-2025 21:49:25.662,101,RECV,7E000F81000832024E383033312D5A544546C2
06-10-2025 21:49:25.700,102,RECV,7E000F81000533024E353033302D53564A4BC3
06-10-2025 21:49:25.756,103,RECV,7E000F8100062D024E363033302D4F434841EA
06-10-2025 21:49:25.756,104,RECV,7E000F81000739024E373033312D4F355042E0
06-10-2025 21:49:25.756,105,RECV,7E000F81000832024E383033322D42484846E2
06-10-2025 21:49:25.756,106,RECV,7E000F81000533024E353033312D5954344AD5
06-10-2025 21:49:25.757,107,RECV,7E000F8100062D024E363033312D45535344D5
06-10-2025 21:49:25.757,108,RECV,7E000F81000832024E383033332D46535037D9
06-10-2025 21:49:25.757,109,RECV,7E000F81000533024E353033322D344D3657F1
06-10-2025 21:49:25.757,110,RECV,7E000F8100062D024E363033322D33503950F7
06-10-2025 21:49:25.757,111,RECV,7E000F81000832024E383033342D52514F37CF
06-10-2025 21:49:25.757,112,RECV,7E000F81000533024E353033332D364A3755F2
06-10-2025 21:49:25.757,113,RECV,7E000F8100062D024E363033332D56484F5ABB
06-10-2025 21:49:25.757,114,RECV,7E000F81000831024E383033352D43453756E3
06-10-2025 21:49:25.757,115,RECV,7E000F81000533024E353033342D445A5932D4
06-10-2025 21:49:25.757,116,RECV,7E000F8100062D024E363033342D56433138FF
06-10-2025 21:49:25.771,117,RECV,7E000F81000831024E383033362D4C473732FB
06-10-2025 21:49:25.791,118,RECV,7E000F81000533024E353033352D504E4F55BA
06-10-2025 21:49:25.791,119,RECV,7E000F8100062C024E363033352D423547360D
06-10-2025 21:49:25.800,120,RECV,7E000F81000534024E353033362D314D5238F2
06-10-2025 21:49:25.801,121,RECV,7E000F8100062C024E363033362D4A3338311A
06-10-2025 21:49:25.850,122,RECV,7E000F81000534024E353033372D36584239F0
06-10-2025 21:49:25.888,123,RECV,7E000F81000832024E383033392D4F4E3435ED
06-10-2025 21:49:25.888,124,RECV,7E000F8100062D024E363033372D51335333F4
06-10-2025 21:49:25.889,125,RECV,7E000F81000739024E373033382D44564A42C9
06-10-2025 21:49:25.889,126,RECV,7E000F81000533024E353033382D38354758ED
06-10-2025 21:49:25.889,127,RECV,7E000F81000832024E383034302D334D5459CE
06-10-2025 21:49:25.889,128,RECV,7E000F8100062D024E363033382D57304E34F4
06-10-2025 21:49:25.889,129,RECV,7E000F81000739024E373033392D524E4945C0
06-10-2025 21:49:25.900,130,RECV,7E000F81000533024E353033392D56505837C3
06-10-2025 21:49:25.904,131,RECV,7E000F81000832024E383034312D34555258C7
06-10-2025 21:49:25.904,132,RECV,7E000F8100062D024E363033392D4D354734FF
06-10-2025 21:49:25.904,133,RECV,7E000F8100062D024E363034302D57464444DF
06-10-2025 21:49:25.904,134,RECV,7E000F81000739024E373034312D334A4B38F5
06-10-2025 21:49:25.904,135,RECV,7E000F81000831024E383034332D413436410D
06-10-2025 21:49:25.911,136,RECV,7E000F81000534024E353034312D485A3338F1
06-10-2025 21:49:25.912,137,RECV,7E000F8100062D024E363034312D4345304209
06-10-2025 21:49:25.912,138,RECV,7E000F81000739024E373034322D54424844D2
06-10-2025 21:49:25.931,139,RECV,7E000F81000832024E383034342D39454D39F3
06-10-2025 21:49:25.931,140,RECV,7E000F81000534024E353034322D324D5342E9
06-10-2025 21:49:25.932,141,RECV,7E000F8100062C024E363034322D4359554BC7
06-10-2025 21:49:25.951,142,RECV,7E000F81000832024E383034352D4644544FC9
06-10-2025 21:49:25.951,143,RECV,7E000F81000534024E353034332D4755334FDE
06-10-2025 21:49:25.951,144,RECV,7E000F8100062D024E363034332D55513331F7
06-10-2025 21:49:26.001,145,RECV,7E000F81000832024E383034362D484D5833D5
06-10-2025 21:49:26.042,146,RECV,7E000F81000533024E353034342D30455835FA
06-10-2025 21:49:26.042,147,RECV,7E000F8100062D024E363034342D39455051E1
06-10-2025 21:49:26.042,148,RECV,7E000F81000739024E373034352D58444536DA
06-10-2025 21:49:26.042,149,RECV,7E000F81000832024E383034372D55494533DE
06-10-2025 21:49:26.042,150,RECV,7E000F81000533024E353034352D554A5244C6
06-10-2025 21:49:26.042,151,RECV,7E000F8100062D024E363034352D504F3342EB
06-10-2025 21:49:26.042,152,RECV,7E000F81000739024E373034362D47534558B9
06-10-2025 21:49:26.042,153,RECV,7E000F81000832024E383034382D434B3845E8
06-10-2025 21:49:26.042,154,RECV,7E000F81000533024E353034362D35564530FA
06-10-2025 21:49:26.043,155,RECV,7E000F8100062D024E363034362D4754334EE2
06-10-2025 21:49:26.054,156,RECV,7E000F81000739024E373034372D5748534AB3
06-10-2025 21:49:26.054,157,RECV,7E000F81000832024E383034392D55304635F2
06-10-2025 21:49:26.054,158,RECV,7E000F81000533024E353034372D37304B4FF8
06-10-2025 21:49:26.054,159,RECV,7E000F8100062D024E363034372D544F4147D2
06-10-2025 21:49:26.054,160,RECV,7E000F81000739024E373034382D58435933C7
06-10-2025 21:49:26.054,161,RECV,7E000F81000832024E383035302D394C5957C5
06-10-2025 21:49:26.101,162,RECV,7E000F81000533024E353034382D41365657D4
06-10-2025 21:49:26.101,163,RECV,7E000F8100062D024E363034382D55373956E1
06-10-2025 21:49:26.102,164,RECV,7E000F81000739024E373034392D53533846C9
06-10-2025 21:49:26.102,165,RECV,7E000F81000832024E383035312D54384A4ED5
06-10-2025 21:49:26.102,166,RECV,7E000F81000533024E353034392D55513759C1
06-10-2025 21:49:26.102,167,RECV,7E000F8100062D024E363034392D41304855ED
06-10-2025 21:49:26.102,168,RECV,7E000F81000739024E373035302D43333153FB
06-10-2025 21:49:26.103,169,RECV,7E000F81000832024E383035322D52434F34E0
06-10-2025 21:49:26.103,170,RECV,7E000F81000533024E353035302D41565332E3
06-10-2025 21:49:26.103,171,RECV,7E000F8100062D024E363035302D354A44350B
06-10-2025 21:49:26.103,172,RECV,7E000F81000739024E373035312D5843564CB7
06-10-2025 21:49:26.103,173,RECV,7E000F81000832024E383035332D34575354C5
06-10-2025 21:49:26.151,174,RECV,7E000F81000533024E353035312D51553330F5
06-10-2025 21:49:26.152,175,RECV,7E000F8100062D024E363035312D34554353E3
06-10-2025 21:49:26.206,176,RECV,7E000F81000739024E373035322D4A4E4C50BF
06-10-2025 21:49:26.206,177,RECV,7E000F81000832024E383035342D33594347E0
06-10-2025 21:49:26.206,178,RECV,7E000F81000533024E353035322D334C38357D31
06-10-2025 21:49:26.206,179,RECV,7E000F8100062D024E363035322D59585037C9
06-10-2025 21:49:26.206,180,RECV,7E000F81000739024E373035332D53335455C3
06-10-2025 21:49:26.206,181,RECV,7E000F81000832024E383035352D3137454701
06-10-2025 21:49:26.206,182,RECV,7E000F81000533024E353035332D57344F4ED4
06-10-2025 21:49:26.206,183,RECV,7E000F8100062D024E363035332D3636325210
06-10-2025 21:49:26.206,184,RECV,7E000F81000739024E373035342D4843434BD8
06-10-2025 21:49:26.206,185,RECV,7E000F81000832024E383035362D5031574AD2
06-10-2025 21:49:26.206,186,RECV,7E000F81000533024E353035342D31593952E6
06-10-2025 21:49:26.206,187,RECV,7E000F8100062D024E363035342D3541394808
06-10-2025 21:49:26.206,188,RECV,7E000F81000739024E373035352D43414242E8
06-10-2025 21:49:26.206,189,RECV,7E000F81000832024E383035372D5A323447EC
06-10-2025 21:49:26.206,190,RECV,7E000F81000533024E353035352D41584533E9
06-10-2025 21:49:26.211,191,RECV,7E000F8100062D024E363035352D4D503535F7
06-10-2025 21:49:26.221,192,RECV,7E000F81000832024E383035382D42315247E6
06-10-2025 21:49:26.221,193,RECV,7E000F81000534024E353035362D37545145D7
06-10-2025 21:49:26.251,194,RECV,7E000F8100062D024E363035362D45394B37FD
06-10-2025 21:49:26.251,195,RECV,7E000F81000739024E373035372D4F4A4454BD
06-10-2025 21:49:26.251,196,RECV,7E000F81000534024E353035372D444B5331E4
06-10-2025 21:49:26.252,197,RECV,7E000F8100062D024E363035372D53413346EF
06-10-2025 21:49:26.252,198,RECV,7E000F81000739024E373035382D4A583237E2
06-10-2025 21:49:26.302,199,RECV,7E000F81000534024E353035382D32335345F9
06-10-2025 21:49:26.302,200,RECV,7E000F81000832024E383036312D56414950C8
06-10-2025 21:49:26.302,201,RECV,7E000F8100062D024E363035382D4B415858BF
06-10-2025 21:49:26.302,202,RECV,7E000F81000739024E373035392D3236554BE4
06-10-2025 21:49:26.302,203,RECV,7E000F81000533024E353035392D3742303914
06-10-2025 21:49:26.303,204,RECV,7E000F81000832024E383036322D4F505457AD
06-10-2025 21:49:26.303,205,RECV,7E000F8100062D024E363035392D384B5050D7
06-10-2025 21:49:26.303,206,RECV,7E000F81000739024E373036302D57474949C4
06-10-2025 21:49:26.351,207,RECV,7E000F81000534024E353036302D414D4A37EE
06-10-2025 21:49:26.372,208,RECV,7E000F81000832024E383036332D3430324719
06-10-2025 21:49:26.372,209,RECV,7E000F8100062D024E363036302D4B524C37E2
06-10-2025 21:49:26.372,210,RECV,7E000F81000534024E353036312D56324359D8
06-10-2025 21:49:26.372,211,RECV,7E000F81000832024E383036342D39555A44C9
06-10-2025 21:49:26.372,212,RECV,7E000F8100062D024E363036312D52484F57C1
06-10-2025 21:49:26.402,213,RECV,7E000F8100062D024E363036322D5A4F5656AB
06-10-2025 21:49:26.402,214,RECV,7E000F81000739024E373036332D4D514538D6
06-10-2025 21:49:26.402,215,RECV,7E000F81000831024E383036362D5A31565AB9
06-10-2025 21:49:26.402,216,RECV,7E000F8100062E024E363036332D56495549C1
06-10-2025 21:49:26.402,217,RECV,7E000F81000739024E373036342D46424352D3
06-10-2025 21:49:26.402,218,RECV,7E000F81000832024E383036372D4D484954C0
06-10-2025 21:49:26.402,219,RECV,7E000F81000534024E353036342D5350364CD4
06-10-2025 21:49:26.402,220,RECV,7E000F8100062D024E363036342D47434634FA
06-10-2025 21:49:26.402,221,RECV,7E000F81000832024E383036382D32345246F3
06-10-2025 21:49:26.402,222,RECV,7E000F81000534024E353036352D46555A30D3
06-10-2025 21:49:26.452,223,RECV,7E000F8100062D024E363036352D3836343229
06-10-2025 21:49:26.452,224,RECV,7E000F81000832024E383036392D44585A52A8
06-10-2025 21:49:26.452,225,RECV,7E000F81000534024E353036362D43514638E5
06-10-2025 21:49:26.453,226,RECV,7E000F8100062D024E363036362D5A313843F6
06-10-2025 21:49:26.453,227,RECV,7E000F81000832024E383037302D4A594938D4
06-10-2025 21:49:26.453,228,RECV,7E000F81000534024E353036372D46353754F0
06-10-2025 21:49:26.453,229,RECV,7E000F8100062D024E363036372D4F34303612
06-10-2025 21:49:26.502,230,RECV,7E000F81000832024E383037312D544F4956B5
06-10-2025 21:49:26.519,231,RECV,7E000F81000534024E353036382D47484E4FC9
06-10-2025 21:49:26.519,232,RECV,7E000F8100062D024E363036382D34495653D4
06-10-2025 21:49:26.519,233,RECV,7E000F81000832024E383037322D43564830E5
06-10-2025 21:49:26.519,234,RECV,7E000F81000534024E353036392D5A473347D9
06-10-2025 21:49:26.520,235,RECV,7E000F8100062D024E363036392D524D3659CB
06-10-2025 21:49:26.523,236,RECV,7E000F81000832024E383037332D59363355DE
06-10-2025 21:49:26.523,237,RECV,7E000F81000534024E353037302D51354734FB
06-10-2025 21:49:26.523,238,RECV,7E000F8100062D024E363037302D43444C49E5
06-10-2025 21:49:26.552,239,RECV,7E000F81000832024E383037342D55563431E4
06-10-2025 21:49:26.552,240,RECV,7E000F81000534024E353037312D4D4F4652C7
06-10-2025 21:49:26.552,241,RECV,7E000F8100062D024E363037312D3035364B1A
06-10-2025 21:49:26.552,242,RECV,7E000F81000832024E383037352D3538485AE4
06-10-2025 21:49:26.563,243,RECV,7E000F81000534024E353037322D373838361D
06-10-2025 21:49:26.569,244,RECV,7E000F8100062D024E363037322D4B53504AC7
06-10-2025 21:49:26.569,245,RECV,7E000F81000832024E383037362D44464C30EC
06-10-2025 21:49:26.602,246,RECV,7E000F81000534024E353037332D43415134F0
06-10-2025 21:49:26.603,247,RECV,7E000F8100062D024E363037332D49385743E3
06-10-2025 21:49:26.603,248,RECV,7E000F81000832024E383037372D4C453655D5
06-10-2025 21:49:26.603,249,RECV,7E000F81000533024E353037342D354F5357CB
06-10-2025 21:49:26.652,250,RECV,7E000F8100062D024E363037342D4B4C5758B7
06-10-2025 21:49:26.669,251,RECV,7E000F81000832024E383037382D4339393308
06-10-2025 21:49:26.669,252,RECV,7E000F81000534024E353037352D5A4D3037E9
06-10-2025 21:49:26.669,253,RECV,7E000F8100062C024E363037352D59384B37EA
06-10-2025 21:49:26.669,254,RECV,7E000F81000534024E353037362D3541584BDD
06-10-2025 21:49:26.669,255,RECV,7E000F8100062D024E363037362D59495153B5
06-10-2025 21:49:26.702,256,RECV,7E000F81000534024E353037372D5431544FCD
06-10-2025 21:49:26.705,257,RECV,7E000F81000832024E383038312D5A534E42B9
06-10-2025 21:49:26.705,258,RECV,7E000F8100062D024E363037372D414D5959BA
06-10-2025 21:49:26.705,259,RECV,7E000F81000533024E353037382D45364E4DDF
06-10-2025 21:49:26.706,260,RECV,7E000F81000832024E383038322D35393157FF
06-10-2025 21:49:26.706,261,RECV,7E000F8100062D024E363037382D50495335D8
06-10-2025 21:49:26.753,262,RECV,7E000F81000533024E353037392D514C5736CA
06-10-2025 21:49:26.753,263,RECV,7E000F81000832024E383038332D344D4B54D4
06-10-2025 21:49:26.753,264,RECV,7E000F8100062D024E363037392D54503054D0
06-10-2025 21:49:26.753,265,RECV,7E000F81000533024E353038302D55384B37ED
06-10-2025 21:49:26.753,266,RECV,7E000F81000832024E383038342D30304358F8
06-10-2025 21:49:26.753,267,RECV,7E000F8100062D024E363038302D4B46383502
06-10-2025 21:49:26.753,268,RECV,7E000F81000533024E353038312D384B33370E
06-10-2025 21:49:26.753,269,RECV,7E000F81000832024E383038352D47564738D6
06-10-2025 21:49:26.753,270,RECV,7E000F8100062D024E363038312D554A5449C3
06-10-2025 21:49:26.803,271,RECV,7E000F81000534024E353038322D43515853BA
06-10-2025 21:49:26.838,272,RECV,7E000F81000832024E383038362D32494637F9
06-10-2025 21:49:26.838,273,RECV,7E000F8100062D024E363038322D38454452EB
06-10-2025 21:49:26.838,274,RECV,7E000F81000534024E353038332D46534633E6
06-10-2025 21:49:26.838,275,RECV,7E000F81000832024E383038372D314F4550DB
06-10-2025 21:49:26.838,276,RECV,7E000F8100062D024E363038332D374C3954ED
06-10-2025 21:49:26.853,277,RECV,7E000F8100062D024E363038342D4A51434BD3
06-10-2025 21:49:26.854,278,RECV,7E000F8100062D024E363038352D50514845CD
06-10-2025 21:49:26.854,279,RECV,7E000F81000832024E383039302D55513541DA
06-10-2025 21:49:26.854,280,RECV,7E000F81000534024E353038362D5A38454DD1
06-10-2025 21:49:26.873,281,RECV,7E000F8100062D024E363038362D53574A42C4
06-10-2025 21:49:26.874,282,RECV,7E000F81000832024E383039312D41555347C5
06-10-2025 21:49:26.884,283,RECV,7E000F81000534024E353038372D5555494CB5
06-10-2025 21:49:26.894,284,RECV,7E000F8100062D024E363038372D4145524AD7
06-10-2025 21:49:26.915,285,RECV,7E000F81000832024E383039322D4835414CEA
06-10-2025 21:49:26.941,286,RECV,7E000F81000534024E353038382D47575A45B6
06-10-2025 21:49:26.967,287,RECV,7E000F8100062D024E363038382D50545251B1
06-10-2025 21:49:26.967,288,RECV,7E000F81000832024E383039332D595A53509D
06-10-2025 21:49:26.968,289,RECV,7E000F81000533024E353038392D4D354B59CD
06-10-2025 21:49:26.968,290,RECV,7E000F8100062D024E363038392D5153434CC4
06-10-2025 21:49:26.968,291,RECV,7E000F81000832024E383039342D55493957C4
06-10-2025 21:49:26.968,292,RECV,7E000F81000534024E353039302D36524936F3
06-10-2025 21:49:26.968,293,RECV,7E000F8100062D024E363039302D39505A51CB
06-10-2025 21:49:26.968,294,RECV,7E000F81000832024E383039352D56534C57A5
06-10-2025 21:49:26.978,295,RECV,7E000F81000534024E353039312D59475642C1
06-10-2025 21:49:26.979,296,RECV,7E000F8100062D024E363039312D48505055C1
06-10-2025 21:49:26.979,297,RECV,7E000F81000832024E383039362D57534535CC
06-10-2025 21:49:26.980,298,RECV,7E000F81000534024E353039322D44445251CD
06-10-2025 21:49:26.998,299,RECV,7E000F8100062D024E363039322D4A524853C6
06-10-2025 21:49:26.998,300,RECV,7E000F81000832024E383039372D594A4F56A7
06-10-2025 21:49:26.999,301,RECV,7E000F81000533024E353039332D4E504334E3
06-10-2025 21:49:27.053,302,RECV,7E000F8100062D024E363039332D53414334F1
06-10-2025 21:49:27.059,303,RECV,7E000F81000832024E383039382D44443044F2
06-10-2025 21:49:27.059,304,RECV,7E000F81000534024E353039342D41424335FB
06-10-2025 21:49:27.059,305,RECV,7E000F8100062D024E363039342D434F4C4AD3
06-10-2025 21:49:27.060,306,RECV,7E000F81000832024E383039392D4E4A4E33D4
06-10-2025 21:49:27.060,307,RECV,7E000F81000533024E353039352D52564334D7
06-10-2025 21:49:27.064,308,RECV,7E000F8100062D024E363039352D454F4630F0
06-10-2025 21:49:27.067,309,RECV,7E000F81000533024E353039362D51584C46BA
06-10-2025 21:49:27.104,310,RECV,7E000F8100062D024E363039362D4A575A37C7
06-10-2025 21:49:27.158,311,RECV,7E000F81000533024E353039372D56324547E0
06-10-2025 21:49:27.158,312,RECV,7E000F8100062D024E363039372D5131435AD9
06-10-2025 21:49:27.158,313,RECV,7E000F81000533024E353039382D5A493548D3
06-10-2025 21:49:27.158,314,RECV,7E000F8100062D024E363039382D44595858AA
06-10-2025 21:49:27.158,315,RECV,7E000F81000534024E353039392D30514554D7
06-10-2025 21:49:27.158,316,RECV,7E000F8100062D024E363039392D33595743D0
