05-05-2025 13:08:10.665,-,API2,"Sink 2,0013A20041839DCA,802.15.4 TH,2003,/dev/ttyUSB1 - 57600/8/M/1/N,1,46"

05-05-2025 13:06:43.093,0,RECV,7E000F8100007D31024E343030302D4152424116
05-05-2025 13:06:43.099,1,RECV,7E000F8100007D33024E333030302D4A484E410A
05-05-2025 13:06:43.100,2,RECV,7E000F8100003B024E383030312D42574331F0
05-05-2025 13:06:43.100,3,RECV,7E000F8100007D33024E333030312D524C4649FD
05-05-2025 13:06:43.100,4,RECV,7E000F81000014024E333030322D3358453325
05-05-2025 13:06:43.100,5,RECV,7E007D338100007D31000AFFFFFFFFFFFFFFFF0000005348D0
05-05-2025 13:06:43.144,6,RECV,7E007D3381000045000AFFFFFFFFFFFFFFFF00000053489C
05-05-2025 13:06:43.144,7,RECV,7E000F8100007D31024E343030312D433351560E
05-05-2025 13:06:43.144,8,RECV,7E000F8100003B024E383030322D54454F54C0
05-05-2025 13:06:43.145,9,RECV,7E000F8100003B024E383030332D565A3558BE
05-05-2025 13:06:43.145,10,RECV,7E007D338100007D33000CFFFFFFFFFFFFFFFF0000005348CC
05-05-2025 13:06:43.145,11,RECV,7E007D338100003A000DFFFFFFFFFFFFFFFF0000005348A4
05-05-2025 13:06:43.145,12,RECV,7E000F8100003A024E383030342D58375744D1
05-05-2025 13:06:43.146,13,RECV,7E000F8100003A024E383030352D4B4C5757B5
05-05-2025 13:06:43.146,14,RECV,7E000F8100003A024E383030362D58505949AF
05-05-2025 13:06:43.194,15,RECV,7E000F81000010024E343030322D503654440D
05-05-2025 13:06:43.244,16,RECV,7E000F81000010024E343030332D47574253F7
05-05-2025 13:06:43.277,17,RECV,7E000F8100003A024E383030372D305A5144D9
05-05-2025 13:06:43.277,18,RECV,7E000F81000010024E343030342D4652494EFA
05-05-2025 13:06:43.294,19,RECV,7E000F81000045024E373030312D484C5A59AD
05-05-2025 13:06:43.294,20,RECV,7E000F81000045024E373030322D3653344AEC
05-05-2025 13:06:43.294,21,RECV,7E000F81000010024E343030352D454A453123
05-05-2025 13:06:43.294,22,RECV,7E000F81000045024E373030332D52353252E7
05-05-2025 13:06:43.294,23,RECV,7E000F81000010024E343030362D38525553F5
05-05-2025 13:06:43.294,24,RECV,7E000F81000010024E343030372D365A4F367D31
05-05-2025 13:06:43.294,25,RECV,7E000F8100007D33024E333030332D554E4653EC
05-05-2025 13:06:43.344,26,RECV,7E000F8100007D33024E333030342D364C324B28
05-05-2025 13:06:43.344,27,RECV,7E000F8100007D33024E333030352D463050411F
05-05-2025 13:06:43.344,28,RECV,7E000F8100003A024E383030392D3933303327
05-05-2025 13:06:43.344,29,RECV,7E000F81000010024E343030382D45565952DF
05-05-2025 13:06:43.395,30,RECV,7E000F81000046024E373030352D31344755EE
05-05-2025 13:06:43.398,31,RECV,7E000F81000046024E373030362D58454559B3
05-05-2025 13:06:43.406,32,RECV,7E000F8100007D31024E343030392D52474F52E9
05-05-2025 13:06:43.406,33,RECV,7E000F81000046024E373030372D47523555CA
05-05-2025 13:06:43.445,34,RECV,7E000F8100007D33024E333030362D384A5255FC
05-05-2025 13:06:43.455,35,RECV,7E000F81000046024E373030382D564F465AA7
05-05-2025 13:06:43.476,36,RECV,7E000F8100007D33024E333030372D594E4A4FE4
05-05-2025 13:06:43.495,37,RECV,7E000F8100007D31024E343031302D5451323420
05-05-2025 13:06:43.545,38,RECV,7E000F8100007D31024E343031312D5631454717
05-05-2025 13:06:43.548,39,RECV,7E000F8100007D31024E343031322D52364C56FF
05-05-2025 13:06:43.548,40,RECV,7E000F8100007D33024E333030382D5532314823
05-05-2025 13:06:43.548,41,RECV,7E000F8100003B024E383031312D4D39515ACB
05-05-2025 13:06:43.595,42,RECV,7E000F81000045024E373030392D3359344EDE
05-05-2025 13:06:43.595,43,RECV,7E000F81000046024E373031302D50463142EA
05-05-2025 13:06:43.595,44,RECV,7E000F81000045024E373031312D51524F53AE
05-05-2025 13:06:43.595,45,RECV,7E000F8100003A024E383031322D49584442D5
05-05-2025 13:06:43.595,46,RECV,7E000F8100003A024E383031332D324D5558CF
05-05-2025 13:06:43.595,47,RECV,7E000F8100007D31024E343031332D365032343C
05-05-2025 13:06:43.645,48,RECV,7E000F8100003B024E383031342D5952505AA4
05-05-2025 13:06:43.645,49,RECV,7E000F8100003B024E383031352D30594A46DF
05-05-2025 13:06:43.645,50,RECV,7E000F81000046024E373031322D564B4C53B1
05-05-2025 13:06:43.645,51,RECV,7E000F8100007D33024E333030392D3553304723
05-05-2025 13:06:43.646,52,RECV,7E000F81000010024E343031342D3948315224
05-05-2025 13:06:43.646,53,RECV,7E000F81000045024E373031332D32304A51F4
05-05-2025 13:06:43.695,54,RECV,7E000F8100007D33024E333031302D3151464E14
05-05-2025 13:06:43.701,55,RECV,7E000F81000010024E343031352D375536570E
05-05-2025 13:06:43.701,56,RECV,7E000F8100007D33024E333031312D4543433727
05-05-2025 13:06:43.701,57,RECV,7E000F81000045024E373031352D4C4A4F34D6
05-05-2025 13:06:43.701,58,RECV,7E000F81000010024E343031362D3339584D15
05-05-2025 13:06:43.745,59,RECV,7E000F81000045024E373031362D5A453044DB
05-05-2025 13:06:43.755,60,RECV,7E000F81000045024E373031372D5031494FD4
05-05-2025 13:06:43.755,61,RECV,7E000F8100003A024E383031372D464E3043F0
05-05-2025 13:06:43.755,62,RECV,7E000F81000010024E343031372D4D4B5249F2
05-05-2025 13:06:43.795,63,RECV,7E000F81000010024E343031382D48504D4BF4
05-05-2025 13:06:43.796,64,RECV,7E000F81000045024E373031382D484A5246C2
05-05-2025 13:06:43.846,65,RECV,7E000F81000045024E373031392D4D475256AF
05-05-2025 13:06:43.847,66,RECV,7E000F81000046024E373032302D4D44344DE0
05-05-2025 13:06:43.847,67,RECV,7E000F8100003A024E383031382D5A505256A4
05-05-2025 13:06:43.896,68,RECV,7E000F81000046024E373032312D45465957B6
05-05-2025 13:06:43.896,69,RECV,7E000F81000010024E343031392D5A4A423607
05-05-2025 13:06:43.896,70,RECV,7E000F81000010024E343032302D5A475343F4
05-05-2025 13:06:43.896,71,RECV,7E000F8100007D33024E333031322D3552453725
05-05-2025 13:06:43.896,72,RECV,7E000F8100007D33024E333031332D473539353D
05-05-2025 13:06:43.946,73,RECV,7E000F8100007D31024E343032312D3357553812
05-05-2025 13:06:43.946,74,RECV,7E000F81000045024E373032332D44453437FC
05-05-2025 13:06:43.947,75,RECV,7E000F8100007D31024E343032322D5A485654DC
05-05-2025 13:06:43.947,76,RECV,7E000F81000045024E373032352D36385144EB
05-05-2025 13:06:43.996,77,RECV,7E000F8100007D31024E343032332D385A334919
05-05-2025 13:06:44.014,78,RECV,7E000F8100007D33024E333031342D4E53355AF6
05-05-2025 13:06:44.028,79,RECV,7E000F81000045024E373032362D4F445146C3
05-05-2025 13:06:44.028,80,RECV,7E000F8100003A024E383032302D4D4A4731EE
05-05-2025 13:06:44.028,81,RECV,7E000F8100007D33024E333031352D57425A54DE
05-05-2025 13:06:44.028,82,RECV,7E000F81000046024E373032372D35354741F9
05-05-2025 13:06:44.028,83,RECV,7E000F8100007D33024E333031362D354F365416
05-05-2025 13:06:44.028,84,RECV,7E000F81000046024E373032382D574E4E5A9D
05-05-2025 13:06:44.046,85,RECV,7E000F8100007D31024E343032342D5A585750CD
05-05-2025 13:06:44.096,86,RECV,7E000F8100007D31024E343032352D4E4C5949E9
05-05-2025 13:06:44.106,87,RECV,7E000F8100003B024E383032312D37325443FB
05-05-2025 13:06:44.106,88,RECV,7E000F81000045024E373032392D4E395235DC
05-05-2025 13:06:44.107,89,RECV,7E000F8100007D31024E343032362D5052384CFE
05-05-2025 13:06:44.107,90,RECV,7E000F8100007D31024E343032372D49414C52FB
05-05-2025 13:06:44.146,91,RECV,7E000F8100007D33024E333031372D3539373747
05-05-2025 13:06:44.156,92,RECV,7E000F81000045024E373033312D50455748BD
05-05-2025 13:06:44.197,93,RECV,7E000F8100003A024E383032332D4652334FE0
05-05-2025 13:06:44.234,94,RECV,7E000F8100003A024E383032342D36545837E0
05-05-2025 13:06:44.234,95,RECV,7E000F8100007D33024E333031382D39565855E6
05-05-2025 13:06:44.234,96,RECV,7E000F81000010024E343032382D4A573558F5
05-05-2025 13:06:44.234,97,RECV,7E000F81000010024E343032392D335A46440B
05-05-2025 13:06:44.234,98,RECV,7E000F81000010024E343033302D303345334F
05-05-2025 13:06:44.247,99,RECV,7E000F81000046024E373033322D504D3758C3
05-05-2025 13:06:44.247,100,RECV,7E000F8100007D33024E333031392D4D355258F5
05-05-2025 13:06:44.257,101,RECV,7E000F81000010024E343033312D51584449F3
05-05-2025 13:06:44.267,102,RECV,7E000F81000046024E373033342D5A564552A6
05-05-2025 13:06:44.268,103,RECV,7E000F81000010024E343033322D464D384815
05-05-2025 13:06:44.268,104,RECV,7E000F8100007D33024E333032312D5A42424109
05-05-2025 13:06:44.297,105,RECV,7E000F8100003A024E383032352D49344F50DC
05-05-2025 13:06:44.321,106,RECV,7E000F81000045024E373033352D52534450B4
05-05-2025 13:06:44.357,107,RECV,7E000F8100007D33024E333032322D4550324D7D33
05-05-2025 13:06:44.357,108,RECV,7E000F81000046024E373033362D33545A49C1
05-05-2025 13:06:44.357,109,RECV,7E000F8100007D33024E333032332D4350494DFD
05-05-2025 13:06:44.357,110,RECV,7E000F81000010024E343033332D4E36323140
05-05-2025 13:06:44.398,111,RECV,7E000F8100003B024E383032362D50485335D6
05-05-2025 13:06:44.398,112,RECV,7E000F81000046024E373033382D4E50494FB3
05-05-2025 13:06:44.398,113,RECV,7E000F8100007D33024E333032342D4D43425102
05-05-2025 13:06:44.398,114,RECV,7E000F8100003B024E383032372D53335441DA
05-05-2025 13:06:44.398,115,RECV,7E000F81000046024E373033392D3433353319
05-05-2025 13:06:44.399,116,RECV,7E000F81000046024E373034302D43454D36E5
05-05-2025 13:06:44.399,117,RECV,7E000F8100007D33024E333032352D58344C420A
05-05-2025 13:06:44.448,118,RECV,7E000F8100007D31024E343033342D3842564510
05-05-2025 13:06:44.475,119,RECV,7E000F8100007D31024E343033352D44374C4914
05-05-2025 13:06:44.510,120,RECV,7E000F81000046024E373034312D444E554EBA
05-05-2025 13:06:44.510,121,RECV,7E000F8100003B024E383032382D58454348CC
05-05-2025 13:06:44.510,122,RECV,7E000F8100007D31024E343033362D4A464456F9
05-05-2025 13:06:44.510,123,RECV,7E000F8100003B024E383032392D424B5A54B8
05-05-2025 13:06:44.510,124,RECV,7E000F81000046024E373034342D555A454FA9
05-05-2025 13:06:44.510,125,RECV,7E000F8100003B024E383033302D30474A3307
05-05-2025 13:06:44.548,126,RECV,7E000F8100007D33024E333032362D4C555231FF
05-05-2025 13:06:44.548,127,RECV,7E000F8100007D33024E333032372D565730327D33
05-05-2025 13:06:44.598,128,RECV,7E000F81000046024E373034362D54444F57AC
05-05-2025 13:06:44.623,129,RECV,7E000F81000045024E373034372D49515442BA
05-05-2025 13:06:44.624,130,RECV,7E000F81000045024E373034382D33505855B9
05-05-2025 13:06:44.624,131,RECV,7E000F8100003B024E383033322D58365437E0
05-05-2025 13:06:44.648,132,RECV,7E000F8100007D31024E343033372D47495941F8
05-05-2025 13:06:44.674,133,RECV,7E000F8100007D33024E333032382D584D5A52D0
05-05-2025 13:06:44.674,134,RECV,7E000F8100003B024E383033332D344D4556DC
05-05-2025 13:06:44.698,135,RECV,7E000F8100003A024E383033342D59424D53BD
05-05-2025 13:06:44.698,136,RECV,7E000F81000010024E343033382D454F4155F8
05-05-2025 13:06:44.698,137,RECV,7E000F8100003A024E383033352D304C364500
05-05-2025 13:06:44.739,138,RECV,7E000F8100007D33024E333032392D454B334D10
05-05-2025 13:06:44.739,139,RECV,7E000F81000045024E373034392D41354944E5
05-05-2025 13:06:44.740,140,RECV,7E000F8100007D33024E333033302D4C53334E08
05-05-2025 13:06:44.740,141,RECV,7E000F81000046024E373035302D4850414BCB
05-05-2025 13:06:44.741,142,RECV,7E000F81000010024E343033392D494A5446F4
05-05-2025 13:06:44.741,143,RECV,7E000F81000046024E373035312D384D4235F2
05-05-2025 13:06:44.798,144,RECV,7E000F8100007D33024E333033312D5457594AD9
05-05-2025 13:06:44.848,145,RECV,7E000F81000010024E343034302D534F4F3404
05-05-2025 13:06:44.848,146,RECV,7E000F8100007D33024E333033322D45324F5A06
05-05-2025 13:06:44.848,147,RECV,7E000F8100007D33024E333033332D41414C5205
05-05-2025 13:06:44.848,148,RECV,7E000F81000046024E373035322D4249334DE2
05-05-2025 13:06:44.848,149,RECV,7E000F8100007D33024E333033342D5848334F02
05-05-2025 13:06:44.849,150,RECV,7E000F8100007D33024E333033352D45514458F1
05-05-2025 13:06:44.849,151,RECV,7E000F8100007D33024E333033362D344F4A5AFB
05-05-2025 13:06:44.849,152,RECV,7E000F8100003A024E383033382D354F3350ED
05-05-2025 13:06:44.849,153,RECV,7E000F81000010024E343034312D4A414B4B07
05-05-2025 13:06:44.899,154,RECV,7E000F81000046024E373035352D52333731FD
05-05-2025 13:06:44.899,155,RECV,7E000F8100007D33024E333033372D4646395A02
05-05-2025 13:06:44.899,156,RECV,7E000F8100003A024E383033392D50593648CC
05-05-2025 13:06:44.899,157,RECV,7E000F8100007D33024E333033382D5A474553E7
05-05-2025 13:06:44.949,158,RECV,7E000F81000045024E373035372D59513439D2
05-05-2025 13:06:44.949,159,RECV,7E000F8100007D33024E333033392D4334355A19
05-05-2025 13:06:44.949,160,RECV,7E000F8100003B024E383034302D41423355EF
05-05-2025 13:06:44.949,161,RECV,7E000F8100007D31024E343034322D3952504CFF
05-05-2025 13:06:44.949,162,RECV,7E000F8100003B024E383034312D334B4641F4
05-05-2025 13:06:44.999,163,RECV,7E000F8100003B024E383034332D4B43315ADE
05-05-2025 13:06:44.999,164,RECV,7E000F81000045024E373035382D31455737E4
05-05-2025 13:06:44.999,165,RECV,7E000F8100007D33024E333034302D54485244F5
05-05-2025 13:06:45.000,166,RECV,7E000F81000046024E373035392D3237334DFD
05-05-2025 13:06:45.049,167,RECV,7E000F8100007D33024E333034312D4642453326
05-05-2025 13:06:45.049,168,RECV,7E000F8100007D31024E343034332D4935553919
05-05-2025 13:06:45.049,169,RECV,7E000F8100007D31024E343034342D434C49301C
05-05-2025 13:06:45.099,170,RECV,7E000F8100003B024E383034342D314D4B48E5
05-05-2025 13:06:45.099,171,RECV,7E000F8100003B024E383034352D52343153EB
05-05-2025 13:06:45.149,172,RECV,7E000F8100007D31024E343034352D5348534FE6
05-05-2025 13:06:45.150,173,RECV,7E000F8100007D33024E333034322D334D355020
05-05-2025 13:06:45.150,174,RECV,7E000F8100003B024E383034362D524E3452CE
05-05-2025 13:06:45.150,175,RECV,7E000F8100007D33024E333034332D3752554CFA
05-05-2025 13:06:45.160,176,RECV,7E000F8100003B024E383034372D574B514AB6
05-05-2025 13:06:45.249,177,RECV,7E000F8100007D33024E333034342D38514D4409
05-05-2025 13:06:45.299,178,RECV,7E000F8100007D33024E333034352D3143465216
05-05-2025 13:06:45.303,179,RECV,7E000F81000046024E373036302D46595A47AE
05-05-2025 13:06:45.303,180,RECV,7E000F81000046024E373036312D38533733F8
05-05-2025 13:06:45.350,181,RECV,7E000F81000045024E373036322D58513557B8
05-05-2025 13:06:45.350,182,RECV,7E000F8100003B024E383034382D494B4E45CB
05-05-2025 13:06:45.350,183,RECV,7E000F8100003B024E383034392D56314234F4
05-05-2025 13:06:45.400,184,RECV,7E000F8100007D33024E333034362D414D47410B
05-05-2025 13:06:45.431,185,RECV,7E000F8100003B024E383035302D48315231FD
05-05-2025 13:06:45.431,186,RECV,7E000F8100007D33024E333034372D474F45347D31
05-05-2025 13:06:45.440,187,RECV,7E000F8100003B024E383035312D544E5A4AB2
05-05-2025 13:06:45.441,188,RECV,7E000F81000010024E343034362D54374C4DFF
05-05-2025 13:06:45.441,189,RECV,7E000F81000045024E373036342D52564132D0
05-05-2025 13:06:45.441,190,RECV,7E000F8100003B024E383035322D38464243F4
05-05-2025 13:06:45.441,191,RECV,7E000F81000012024E343034372D415936341C
05-05-2025 13:06:45.500,192,RECV,7E000F8100007D31024E343034382D304253302B
05-05-2025 13:06:45.500,193,RECV,7E000F81000045024E373036362D48395450C4
05-05-2025 13:06:45.500,194,RECV,7E000F8100007D31024E343034392D543156337D31
05-05-2025 13:06:45.500,195,RECV,7E000F81000012024E343035302D494A4B4BFD
05-05-2025 13:06:45.500,196,RECV,7E000F8100007D31024E343035312D34354D3838
05-05-2025 13:06:45.500,197,RECV,7E000F8100007D33024E333034392D4D32334527
05-05-2025 13:06:45.521,198,RECV,7E000F8100003B024E383035332D30365157E8
05-05-2025 13:06:45.531,199,RECV,7E000F8100003B024E383035342D51395A52BF
05-05-2025 13:06:45.531,200,RECV,7E000F8100003B024E383035352D364B33330D
05-05-2025 13:06:45.550,201,RECV,7E000F8100007D31024E343035322D4E42324A19
05-05-2025 13:06:45.586,202,RECV,7E000F8100003B024E383035362D584B3830E8
05-05-2025 13:06:45.600,203,RECV,7E000F8100007D31024E343035332D5A4E353116
05-05-2025 13:06:45.600,204,RECV,7E000F8100007D33024E333035302D4634413239
05-05-2025 13:06:45.611,205,RECV,7E000F8100003B024E383035372D49434936E7
05-05-2025 13:06:45.611,206,RECV,7E000F8100007D33024E333035312D464B345907
05-05-2025 13:06:45.611,207,RECV,7E000F8100007D33024E333035322D433330324C
05-05-2025 13:06:45.611,208,RECV,7E000F8100003B024E383035382D5A4B4A51B1
05-05-2025 13:06:45.611,209,RECV,7E000F8100007D33024E333035332D4F5A5247E1
05-05-2025 13:06:45.611,210,RECV,7E000F81000045024E373036372D574C5035C0
05-05-2025 13:06:45.611,211,RECV,7E000F8100007D33024E333035342D42504C49FB
05-05-2025 13:06:45.611,212,RECV,7E000F81000045024E373036382D4F513538DA
05-05-2025 13:06:45.611,213,RECV,7E000F8100007D33024E333035352D4C42384C0F
05-05-2025 13:06:45.650,214,RECV,7E000F8100003B024E383035392D444E564CBC
05-05-2025 13:06:45.651,215,RECV,7E000F8100007D33024E333035362D515A3759E5
05-05-2025 13:06:45.700,216,RECV,7E000F81000046024E373036392D4B4D4F38C6
05-05-2025 13:06:45.701,217,RECV,7E000F8100003A024E383036302D5943314BE1
05-05-2025 13:06:45.721,218,RECV,7E000F8100007D33024E333035372D58504346EE
05-05-2025 13:06:45.735,219,RECV,7E000F81000045024E373037302D334D494ADB
05-05-2025 13:06:45.735,220,RECV,7E000F81000010024E343035342D5A3731481A
05-05-2025 13:06:45.735,221,RECV,7E000F81000010024E343035352D43595143F3
05-05-2025 13:06:45.735,222,RECV,7E000F81000010024E343035362D4650303626
05-05-2025 13:06:45.735,223,RECV,7E000F81000046024E373037322D35483756E1
05-05-2025 13:06:45.735,224,RECV,7E000F81000010024E343035372D534B493406
05-05-2025 13:06:45.751,225,RECV,7E000F81000010024E343035382D365853300F
05-05-2025 13:06:45.751,226,RECV,7E000F81000010024E343035392D4134524117
05-05-2025 13:06:45.801,227,RECV,7E000F8100007D33024E333035382D4C4F4D38FE
05-05-2025 13:06:45.805,228,RECV,7E000F81000010024E343036302D433254322C
05-05-2025 13:06:45.805,229,RECV,7E000F8100003A024E383036322D51543350CF
05-05-2025 13:06:45.805,230,RECV,7E000F81000010024E343036312D505A584BD9
05-05-2025 13:06:45.851,231,RECV,7E000F81000046024E373037342D50323758D8
05-05-2025 13:06:45.851,232,RECV,7E000F8100007D33024E333035392D44365756F6
05-05-2025 13:06:45.901,233,RECV,7E000F8100007D33024E333036302D314A4E3329
05-05-2025 13:06:45.901,234,RECV,7E000F8100007D33024E333036312D4C4E4649FB
05-05-2025 13:06:45.902,235,RECV,7E000F8100003B024E383036332D5A573538D7
05-05-2025 13:06:45.952,236,RECV,7E000F8100003B024E383036342D4F424C49CE
05-05-2025 13:06:46.002,237,RECV,7E000F81000045024E373037352D47463730F5
05-05-2025 13:06:46.002,238,RECV,7E000F8100007D31024E343036322D485A4745F6
05-05-2025 13:06:46.002,239,RECV,7E000F8100007D31024E343036332D3433314D3E
05-05-2025 13:06:46.002,240,RECV,7E000F8100007D33024E333036322D4433433138
05-05-2025 13:06:46.002,241,RECV,7E000F8100003B024E383036352D5531354AEE
05-05-2025 13:06:46.052,242,RECV,7E000F8100003B024E383036362D33513936FF
05-05-2025 13:06:46.057,243,RECV,7E000F81000045024E373037362D46545235C7
05-05-2025 13:06:46.057,244,RECV,7E000F8100003B024E383036372D39505849C7
05-05-2025 13:06:46.058,245,RECV,7E000F8100003B024E383036382D374E3446F1
05-05-2025 13:06:46.072,246,RECV,7E000F8100007D31024E343036342D444642480E
05-05-2025 13:06:46.073,247,RECV,7E000F8100003B024E383036392D3042493004
05-05-2025 13:06:46.102,248,RECV,7E000F8100007D31024E343036352D4259503204
05-05-2025 13:06:46.102,249,RECV,7E000F8100007D31024E343036362D34494F3123
05-05-2025 13:06:46.152,250,RECV,7E000F81000012024E343036372D47583159F5
05-05-2025 13:06:46.162,251,RECV,7E000F81000010024E343036382D324B554FFE
05-05-2025 13:06:46.202,252,RECV,7E000F81000010024E343036392D51494D58DF
05-05-2025 13:06:46.252,253,RECV,7E000F81000045024E373037392D4D513553BF
05-05-2025 13:06:46.252,254,RECV,7E000F81000046024E373038302D4E434157C3
05-05-2025 13:06:46.303,255,RECV,7E000F8100003A024E383037332D57343053E7
05-05-2025 13:06:46.356,256,RECV,7E000F8100003A024E383037342D56394331F1
05-05-2025 13:06:46.356,257,RECV,7E000F81000010024E343037302D3157435209
05-05-2025 13:06:46.356,258,RECV,7E000F8100003B024E383037352D3131474CFD
05-05-2025 13:06:46.356,259,RECV,7E000F8100003A024E383037362D57473551CE
05-05-2025 13:06:46.356,260,RECV,7E000F81000010024E343037312D374242501A
05-05-2025 13:06:46.357,261,RECV,7E000F8100007D33024E333036332D545A38310B
05-05-2025 13:06:46.357,262,RECV,7E000F81000010024E343037322D43524A3015
05-05-2025 13:06:46.403,263,RECV,7E000F81000014024E333036352D50345949F9
05-05-2025 13:06:46.403,264,RECV,7E000F81000010024E343037332D5748584BE1
05-05-2025 13:06:46.403,265,RECV,7E000F8100003A024E383037372D475A4535D6
05-05-2025 13:06:46.453,266,RECV,7E000F8100003B024E383037382D3159524CC7
05-05-2025 13:06:46.505,267,RECV,7E000F81000046024E373038312D55463632E8
05-05-2025 13:06:46.505,268,RECV,7E000F81000046024E373038322D344F475AC6
05-05-2025 13:06:46.505,269,RECV,7E000F81000045024E373038332D56463644D4
05-05-2025 13:06:46.505,270,RECV,7E000F8100003B024E383037392D31424E49E4
05-05-2025 13:06:46.505,271,RECV,7E000F8100003B024E383038302D4B35434FE4
05-05-2025 13:06:46.505,272,RECV,7E000F8100007D33024E333036362D4541334620
05-05-2025 13:06:46.505,273,RECV,7E000F8100007D31024E343037342D55504146F5
05-05-2025 13:06:46.505,274,RECV,7E000F81000045024E373038342D42414248DC
05-05-2025 13:06:46.513,275,RECV,7E000F8100007D33024E333036372D4B48343027
05-05-2025 13:06:46.513,276,RECV,7E000F8100007D31024E343037352D5354544CD9
05-05-2025 13:06:46.553,277,RECV,7E000F8100007D31024E343037362D343442561F
05-05-2025 13:06:46.553,278,RECV,7E000F8100003B024E383038312D4F51474AC4
05-05-2025 13:06:46.553,279,RECV,7E000F8100007D31024E343037372D314A594703
05-05-2025 13:06:46.603,280,RECV,7E000F8100007D33024E333036392D36394E451A
05-05-2025 13:06:46.653,281,RECV,7E000F81000045024E373038362D41555235CA
05-05-2025 13:06:46.663,282,RECV,7E000F81000010024E343037382D51335452F4
05-05-2025 13:06:46.664,283,RECV,7E000F8100003B024E383038332D52483453D2
05-05-2025 13:06:46.704,284,RECV,7E000F81000045024E373038372D34443644F4
05-05-2025 13:06:46.704,285,RECV,7E000F8100007D33024E333037302D474A4B59EF
05-05-2025 13:06:46.704,286,RECV,7E000F8100003A024E383038342D365A5A54B5
05-05-2025 13:06:46.704,287,RECV,7E000F81000045024E373038382D47314C46DB
05-05-2025 13:06:46.754,288,RECV,7E000F8100007D33024E333037312D47555A54D9
05-05-2025 13:06:46.754,289,RECV,7E000F81000046024E373038392D504759549F
05-05-2025 13:06:46.754,290,RECV,7E000F81000046024E373039302D54414355BE
05-05-2025 13:06:46.754,291,RECV,7E000F8100007D33024E333037322D375A4950F8
05-05-2025 13:06:46.804,292,RECV,7E000F81000014024E333037332D333853550D
05-05-2025 13:06:46.804,293,RECV,7E000F81000046024E373039312D314D3948EB
05-05-2025 13:06:46.854,294,RECV,7E000F81000010024E343037392D53374A51F8
05-05-2025 13:06:46.854,295,RECV,7E000F8100007D33024E333037342D30444C4A16
05-05-2025 13:06:46.854,296,RECV,7E000F81000045024E373039322D5650304EC6
05-05-2025 13:06:46.854,297,RECV,7E000F8100003A024E383038352D4F395A35DB
05-05-2025 13:06:46.854,298,RECV,7E000F81000046024E373039332D55313849E1
05-05-2025 13:06:46.854,299,RECV,7E000F8100003A024E383038362D55355532E0
05-05-2025 13:06:46.854,300,RECV,7E000F81000010024E343038302D344E44332C
05-05-2025 13:06:46.854,301,RECV,7E000F81000046024E373039342D48333350E9
05-05-2025 13:06:46.904,302,RECV,7E000F8100007D33024E333037352D42425857EC
05-05-2025 13:06:46.904,303,RECV,7E000F81000010024E343038312D4E53344708
05-05-2025 13:06:46.954,304,RECV,7E000F8100007D31024E343038322D4E453859FE
05-05-2025 13:06:46.998,305,RECV,7E000F81000046024E373039372D4F573358B3
05-05-2025 13:06:47.004,306,RECV,7E000F81000045024E373039382D5A304C48C6
05-05-2025 13:06:47.004,307,RECV,7E000F81000046024E373039392D4C4F3637DA
05-05-2025 13:06:47.055,308,RECV,7E000F8100007D31024E343038332D5738583802
05-05-2025 13:06:47.055,309,RECV,7E000F8100007D33024E333037362D4E33324328
05-05-2025 13:06:47.055,310,RECV,7E000F8100007D31024E343038342D35334A4628
05-05-2025 13:06:47.104,311,RECV,7E007D338100007D31005FFFFFFFFFFFFFFFFF00000053487B
05-05-2025 13:06:47.119,312,RECV,7E007D3381000046006EFFFFFFFFFFFFFFFF000000534837
05-05-2025 13:06:47.119,313,RECV,7E000F8100003B024E383038372D57435537C9
05-05-2025 13:06:47.145,314,RECV,7E007D338100007D330057FFFFFFFFFFFFFFFF000000534881
05-05-2025 13:06:47.145,315,RECV,7E007D338100003B0062FFFFFFFFFFFFFFFF00000053484E
05-05-2025 13:06:47.146,316,RECV,7E000F81000012024E343038352D5750323015
05-05-2025 13:06:47.146,317,RECV,7E000F8100007D31024E343038362D50595733EB
05-05-2025 13:06:47.146,318,RECV,7E000F8100007D33024E333037372D4B4132431C
05-05-2025 13:06:47.146,319,RECV,7E000F8100007D31024E343038372D4B514744F6
05-05-2025 13:06:47.205,320,RECV,7E000F8100003B024E383038382D56383638F2
05-05-2025 13:06:47.205,321,RECV,7E000F8100003B024E383038392D594A5A44AC
05-05-2025 13:06:47.205,322,RECV,7E000F8100003B024E383039302D5333444AE1
05-05-2025 13:06:47.255,323,RECV,7E000F81000010024E343038382D45424A4FFD
05-05-2025 13:06:47.276,324,RECV,7E000F81000010024E343038392D354B563214
05-05-2025 13:06:47.276,325,RECV,7E000F81000010024E343039302D3854503216
05-05-2025 13:06:47.305,326,RECV,7E000F8100003B024E383039312D44564F42C9
05-05-2025 13:06:47.306,327,RECV,7E000F8100007D33024E333037382D344F303633
05-05-2025 13:06:47.306,328,RECV,7E000F81000010024E343039312D455448340E
05-05-2025 13:06:47.306,329,RECV,7E000F8100003B024E383039322D38474E36F0
05-05-2025 13:06:47.306,330,RECV,7E000F81000010024E343039322D31495A440A
05-05-2025 13:06:47.326,331,RECV,7E000F81000010024E343039332D49553355FB
05-05-2025 13:06:47.326,332,RECV,7E000F8100003B024E383039332D41555A4CB6
05-05-2025 13:06:47.355,333,RECV,7E000F8100007D33024E333037392D5A4E5432ED
05-05-2025 13:06:47.355,334,RECV,7E000F8100007D33024E333038302D56394E56F0
05-05-2025 13:06:47.355,335,RECV,7E000F8100007D33024E333038312D4D344D490B
05-05-2025 13:06:47.355,336,RECV,7E000F8100007D33024E333038322D58534E4ADE
05-05-2025 13:06:47.356,337,RECV,7E000F8100007D33024E333038332D4944463716
05-05-2025 13:06:47.405,338,RECV,7E000F8100003B024E383039342D41454158D2
05-05-2025 13:06:47.407,339,RECV,7E000F81000010024E343039342D5541554AEB
05-05-2025 13:06:47.407,340,RECV,7E000F8100007D33024E333038342D524F304C02
05-05-2025 13:06:47.455,341,RECV,7E000F8100007D33024E333038352D55514355E0
05-05-2025 13:06:47.456,342,RECV,7E000F8100007D33024E333038362D4139444718
05-05-2025 13:06:47.466,343,RECV,7E000F8100003B024E383039352D39454B4BDC
05-05-2025 13:06:47.466,344,RECV,7E000F8100007D31024E343039352D45465A3009
05-05-2025 13:06:47.555,345,RECV,7E000F8100003B024E383039372D4E414E45CC
05-05-2025 13:06:47.606,346,RECV,7E000F8100007D31024E343039362D3638363346
05-05-2025 13:06:47.606,347,RECV,7E000F8100007D31024E343039372D475A4E4FDE
05-05-2025 13:06:47.656,348,RECV,7E000F8100007D31024E343039382D5A564B44DC
05-05-2025 13:06:47.656,349,RECV,7E000F8100007D31024E343039392D53504E58D1
05-05-2025 13:06:47.657,350,RECV,7E000F8100003B024E383039382D4B445349C2
05-05-2025 13:06:47.657,351,RECV,7E000F8100003B024E383039392D3343554CD5
05-05-2025 13:06:47.706,352,RECV,7E000F8100007D33024E333038372D524B41310D
05-05-2025 13:06:47.756,353,RECV,7E000F8100007D33024E333038382D3832414729
05-05-2025 13:06:47.807,354,RECV,7E000F8100007D33024E333038392D38334F4D7D33
05-05-2025 13:06:47.857,355,RECV,7E000F8100007D33024E333039302D5959574ECB
05-05-2025 13:06:47.884,356,RECV,7E000F8100007D33024E333039312D454B394B0D
05-05-2025 13:06:48.007,357,RECV,7E000F8100007D33024E333039322D5541514DEC
05-05-2025 13:06:48.158,358,RECV,7E000F8100007D33024E333039332D553433382B
05-05-2025 13:06:48.258,359,RECV,7E000F8100007D33024E333039342D4748594DE9
05-05-2025 13:06:48.408,360,RECV,7E000F8100007D33024E333039352D574A484AEA
05-05-2025 13:06:48.408,361,RECV,7E000F8100007D33024E333039362D43574A56E2
05-05-2025 13:06:48.508,362,RECV,7E000F8100007D33024E333039372D48564E51DE
05-05-2025 13:06:48.659,363,RECV,7E000F8100007D33024E333039382D4D4C3055FC
05-05-2025 13:06:48.759,364,RECV,7E000F8100007D33024E333039392D4D4E483501
