06-25-2025 16:21:39.836,-,API2,"Sink 2,0013A20041839DCA,802.15.4 TH,2003,/dev/ttyUSB2 - 57600/8/M/1/N,1,46"

06-25-2025 16:21:20.682,0,RECV,7E000F81000630024E363030302D44454A57DB
06-25-2025 16:21:20.692,1,RECV,7E000F8100052E024E353030302D5259574EB9
06-25-2025 16:21:20.693,2,RECV,7E000F8100052F024E353030312D4A5A3251E0
06-25-2025 16:21:20.693,3,RECV,7E000F81000631024E363030322D31394E4505
06-25-2025 16:21:20.693,4,RECV,7E000F81000831024E383030322D46375039F8
06-25-2025 16:21:20.694,5,RECV,7E000F8100052E024E353030322D59434C36E9
06-25-2025 16:21:20.694,6,RECV,7E000F8100052E024E353030332D56315530FA
06-25-2025 16:21:20.804,7,RECV,7E000F8100052D024E353030352D444F5251CF
06-25-2025 16:21:20.854,8,RECV,7E000F81000630024E363030362D46415244E2
06-25-2025 16:21:20.854,9,RECV,7E000F8100052E024E353030362D35544A4EE2
06-25-2025 16:21:20.854,10,RECV,7E000F81000733024E373030362D45564959BD
06-25-2025 16:21:20.854,11,RECV,7E000F8100052E024E353030372D554D3837F1
06-25-2025 16:21:20.854,12,RECV,7E000F8100062F024E363030392D56565951A7
06-25-2025 16:21:20.854,13,RECV,7E000F8100052F024E353030382D5A4A474CC9
06-25-2025 16:21:20.854,14,RECV,7E000F8100052F024E353030392D3955344DF0
06-25-2025 16:21:20.854,15,RECV,7E000F81000831024E383031302D365A4454D7
06-25-2025 16:21:20.854,16,RECV,7E000F81000631024E363031312D4E344454E8
06-25-2025 16:21:20.854,17,RECV,7E000F81000631024E363031322D493238341A
06-25-2025 16:21:20.854,18,RECV,7E000F81000530024E353031312D504D434CD9
06-25-2025 16:21:20.854,19,RECV,7E000F8100052E024E353031322D3337533217
06-25-2025 16:21:20.854,20,RECV,7E000F81000832024E383031342D53505A5AA3
06-25-2025 16:21:20.854,21,RECV,7E000F8100052E024E353031342D48504F39E4
06-25-2025 16:21:20.854,22,RECV,7E000F8100082F024E383031362D364A473202
06-25-2025 16:21:20.854,23,RECV,7E000F81000632024E363031362D47384C35FC
06-25-2025 16:21:20.855,24,RECV,7E000F81000831024E383031372D4D553141E4
06-25-2025 16:21:20.855,25,RECV,7E000F81000831024E383031382D56525441BA
06-25-2025 16:21:20.855,26,RECV,7E000F81000733024E373031362D4B323648FE
06-25-2025 16:21:20.855,27,RECV,7E000F81000633024E363031382D37475033F8
06-25-2025 16:21:20.855,28,RECV,7E000F8100052E024E353031362D59464134EE
06-25-2025 16:21:20.855,29,RECV,7E000F81000831024E383031392D584F364CCD
06-25-2025 16:21:20.855,30,RECV,7E000F81000630024E363031392D55383843F3
06-25-2025 16:21:20.855,31,RECV,7E000F8100052E024E353031372D414D3654E9
06-25-2025 16:21:20.855,32,RECV,7E000F81000831024E383032302D48394754E2
06-25-2025 16:21:20.897,33,RECV,7E000F8100052E024E353031382D4E343151FC
06-25-2025 16:21:20.897,34,RECV,7E000F81000830024E383032312D42395438F7
06-25-2025 16:21:20.897,35,RECV,7E000F8100052E024E353031392D46484F37EB
06-25-2025 16:21:20.897,36,RECV,7E000F81000832024E383032322D4751444AD5
06-25-2025 16:21:20.897,37,RECV,7E000F8100052E024E353032302D56595437CD
06-25-2025 16:21:20.897,38,RECV,7E000F81000832024E383032332D534B5A37CB
06-25-2025 16:21:20.897,39,RECV,7E000F81000530024E353032312D313146497D33
06-25-2025 16:21:20.897,40,RECV,7E000F8100052E024E353032342D3143345704
06-25-2025 16:21:20.897,41,RECV,7E000F81000832024E383032372D575953589B
06-25-2025 16:21:20.897,42,RECV,7E000F8100052E024E353032362D4F344B54DF
06-25-2025 16:21:20.898,43,RECV,7E000F8100052E024E353032372D54333951EF
06-25-2025 16:21:20.898,44,RECV,7E000F81000631024E363033302D35395859E2
06-25-2025 16:21:20.898,45,RECV,7E000F8100052F024E353032382D4937354FFA
06-25-2025 16:21:20.898,46,RECV,7E000F81000632024E363033312D54483048EB
06-25-2025 16:21:20.898,47,RECV,7E000F81000832024E383033332D34594C5AC6
06-25-2025 16:21:20.898,48,RECV,7E000F81000530024E353032392D39545247D6
06-25-2025 16:21:20.898,49,RECV,7E000F81000530024E353033302D46544D33EA
06-25-2025 16:21:20.898,50,RECV,7E000F8100052D024E353033312D4B4C4950D6
06-25-2025 16:21:20.898,51,RECV,7E000F8100052E024E353033322D49454D46E3
06-25-2025 16:21:20.898,52,RECV,7E000F81000632024E363033352D3130414118
06-25-2025 16:21:20.898,53,RECV,7E000F81000832024E383033382D4A384157DA
06-25-2025 16:21:20.898,54,RECV,7E000F8100062F024E363033362D50334A4BE5
06-25-2025 16:21:20.898,55,RECV,7E000F8100052F024E353033332D363743470B
06-25-2025 16:21:20.990,56,RECV,7E000F81000831024E383034322D4B513442E8
06-25-2025 16:21:21.000,57,RECV,7E000F81000732024E373033362D5531383703
06-25-2025 16:21:21.034,58,RECV,7E000F8100052F024E353033362D4F32354207
06-25-2025 16:21:21.034,59,RECV,7E000F81000833024E383034332D504B4E44CA
06-25-2025 16:21:21.034,60,RECV,7E000F8100052E024E353033372D4C384A35FC
06-25-2025 16:21:21.034,61,RECV,7E000F81000832024E383034352D4D493938EF
06-25-2025 16:21:21.034,62,RECV,7E000F81000631024E363034322D4345354100
06-25-2025 16:21:21.034,63,RECV,7E000F81000732024E373033392D564E354DCF
06-25-2025 16:21:21.034,64,RECV,7E000F81000631024E363034332D55313759E7
06-25-2025 16:21:21.035,65,RECV,7E000F81000631024E363034342D574F5856A8
06-25-2025 16:21:21.035,66,RECV,7E000F81000633024E363034352D3047344806
06-25-2025 16:21:21.035,67,RECV,7E000F81000530024E353034322D48514753CE
06-25-2025 16:21:21.035,68,RECV,7E000F81000631024E363034362D45345642E9
06-25-2025 16:21:21.035,69,RECV,7E000F81000831024E383035302D35544F49DA
06-25-2025 16:21:21.035,70,RECV,7E000F81000733024E373034332D37444258E4
06-25-2025 16:21:21.035,71,RECV,7E000F8100052F024E353034332D59514E47C2
06-25-2025 16:21:21.035,72,RECV,7E000F81000630024E363034372D4E334B52DC
06-25-2025 16:21:21.035,73,RECV,7E000F81000530024E353034342D385A3658DF
06-25-2025 16:21:21.035,74,RECV,7E000F81000832024E383035322D444B4743DF
06-25-2025 16:21:21.035,75,RECV,7E000F81000630024E363034392D44563433F7
06-25-2025 16:21:21.035,76,RECV,7E000F8100052E024E353034362D52574245CF
06-25-2025 16:21:21.035,77,RECV,7E000F81000732024E373034372D423341360A
06-25-2025 16:21:21.035,78,RECV,7E000F81000530024E353034372D334B4D34FD
06-25-2025 16:21:21.035,79,RECV,7E000F81000631024E363035312D42445753CE
06-25-2025 16:21:21.035,80,RECV,7E000F81000831024E383035342D39543844EE
06-25-2025 16:21:21.036,81,RECV,7E000F81000732024E373034382D36415537F2
06-25-2025 16:21:21.052,82,RECV,7E000F81000633024E363035322D55454D51C3
06-25-2025 16:21:21.052,83,RECV,7E000F8100052F024E353034382D3847354CFC
06-25-2025 16:21:21.052,84,RECV,7E000F81000832024E383035352D333746360F
06-25-2025 16:21:21.052,85,RECV,7E000F81000632024E363035352D4348383204
06-25-2025 16:21:21.052,86,RECV,7E000F81000831024E383035382D33484F51D8
06-25-2025 16:21:21.052,87,RECV,7E000F81000732024E373035322D30595735E5
06-25-2025 16:21:21.052,88,RECV,7E000F8100052F024E353035322D3648524CE5
06-25-2025 16:21:21.052,89,RECV,7E000F81000832024E383036322D325A5956BC
06-25-2025 16:21:21.052,90,RECV,7E000F8100052E024E353035352D383634431A
06-25-2025 16:21:21.052,91,RECV,7E000F81000831024E383036332D4E4D4650C6
06-25-2025 16:21:21.053,92,RECV,7E000F8100052F024E353035372D58453433F8
06-25-2025 16:21:21.053,93,RECV,7E000F81000833024E383036362D5747554FB0
06-25-2025 16:21:21.053,94,RECV,7E000F8100052F024E353035382D5042344DE8
06-25-2025 16:21:21.053,95,RECV,7E000F81000530024E353035392D5A4F4F58A9
06-25-2025 16:21:21.053,96,RECV,7E000F8100052E024E353036312D4E4C4F30E9
06-25-2025 16:21:21.053,97,RECV,7E000F81000832024E383037312D4C435945CA
06-25-2025 16:21:21.053,98,RECV,7E000F81000631024E363036362D51413145F0
06-25-2025 16:21:21.053,99,RECV,7E000F8100062F024E363036382D39565555BF
06-25-2025 16:21:21.093,100,RECV,7E000F8100052E024E353036342D504C3852D9
06-25-2025 16:21:21.093,101,RECV,7E000F81000733024E373036352D47484752CD
06-25-2025 16:21:21.093,102,RECV,7E000F81000631024E363037302D38395936FD
06-25-2025 16:21:21.093,103,RECV,7E000F81000631024E363037312D314B5959CE
06-25-2025 16:21:21.094,104,RECV,7E000F81000831024E383037392D47584347C7
06-25-2025 16:21:21.094,105,RECV,7E000F81000831024E383038302D42575146C8
06-25-2025 16:21:21.198,106,RECV,7E000F81000732024E373036392D43463958D8
06-25-2025 16:21:21.230,107,RECV,7E000F81000831024E383038312D37473843FE
06-25-2025 16:21:21.230,108,RECV,7E000F81000831024E383038322D4531564FDB
06-25-2025 16:21:21.230,109,RECV,7E000F81000831024E383038332D37445055D5
06-25-2025 16:21:21.230,110,RECV,7E000F81000732024E373037322D52504732DD
06-25-2025 16:21:21.230,111,RECV,7E000F81000631024E363037372D5A305159C2
06-25-2025 16:21:21.231,112,RECV,7E000F8100052F024E353037332D5A34454BE0
06-25-2025 16:21:21.231,113,RECV,7E000F81000530024E353037342D37464C36FD
06-25-2025 16:21:21.231,114,RECV,7E000F81000831024E383038372D354834310F
06-25-2025 16:21:21.231,115,RECV,7E000F81000530024E353037352D434C4241E9
06-25-2025 16:21:21.231,116,RECV,7E000F81000831024E383038382D53364E44D5
06-25-2025 16:21:21.231,117,RECV,7E000F8100052E024E353037362D55575849AF
06-25-2025 16:21:21.231,118,RECV,7E000F81000831024E383038392D34453741FE
06-25-2025 16:21:21.231,119,RECV,7E000F81000831024E383039302D4638433501
06-25-2025 16:21:21.231,120,RECV,7E000F81000831024E383039312D5A51414AC0
06-25-2025 16:21:21.231,121,RECV,7E000F8100052E024E353037392D43414254DF
06-25-2025 16:21:21.231,122,RECV,7E000F8100052E024E353038302D43584648D8
06-25-2025 16:21:21.231,123,RECV,7E000F81000831024E383039342D51375047D4
06-25-2025 16:21:21.231,124,RECV,7E000F81000631024E363038362D52445048C8
06-25-2025 16:21:21.231,125,RECV,7E000F81000832024E383039352D37335643EE
06-25-2025 16:21:21.231,126,RECV,7E000F81000733024E373038312D42475543D6
06-25-2025 16:21:21.231,127,RECV,7E000F8100052E024E353038312D54593352CE
06-25-2025 16:21:21.231,128,RECV,7E000F8100052E024E353038322D44553953DA
06-25-2025 16:21:21.231,129,RECV,7E000F8100052F024E353038332D52374848E4
06-25-2025 16:21:21.231,130,RECV,7E000F81000733024E373038342D51463546E2
06-25-2025 16:21:21.231,131,RECV,7E000F81000530024E353038342D314C504BE3
06-25-2025 16:21:21.231,132,RECV,7E000F81000530024E353038352D34514450E1
06-25-2025 16:21:21.231,133,RECV,7E000F81000631024E363039312D5330304AFD
06-25-2025 16:21:21.231,134,RECV,7E000F81000732024E373038382D44395351D0
06-25-2025 16:21:21.231,135,RECV,7E000F81000732024E373038392D53554946B9
06-25-2025 16:21:21.231,136,RECV,7E000F8100052E024E353038392D3645544ADF
06-25-2025 16:21:21.231,137,RECV,7E000F8100052F024E353039312D49535650BC
06-25-2025 16:21:21.233,138,RECV,7E000F8100052E024E353039332D33495843E6
06-25-2025 16:21:21.294,139,RECV,7E000F8100052E024E353039342D44355141F1
06-25-2025 16:21:21.319,140,RECV,7E000F81000732024E373039352D554D4D39CB
06-25-2025 16:21:21.319,141,RECV,7E000F81000530024E353039352D56495237D1
06-25-2025 16:21:21.319,142,RECV,7E000F8100052E024E353039362D57345134EA
06-25-2025 16:21:21.319,143,RECV,7E000F81000732024E373039372D51364A34EC
06-25-2025 16:21:21.319,144,RECV,7E000F81000530024E353039372D4436443207
06-25-2025 16:21:21.319,145,RECV,7E000F8100052F024E353039382D5A373347EC
06-25-2025 16:21:21.319,146,RECV,7E000F81000732024E373039392D56324537EB
06-25-2025 16:21:21.319,147,RECV,7E000F81000530024E353039392D4D4D4F4FBD
