06-29-2025 17:13:48.184,-,API2,"Sink 1,0013A20041839DB1,802.15.4 TH,2003,/dev/ttyUSB0 - 57600/8/M/1/N,1,46"

06-29-2025 17:13:29.712,0,RECV,7E000F8100052C024E353030302D46554234FA
06-29-2025 17:13:29.719,1,RECV,7E000F81000630024E363030302D58453651E1
06-29-2025 17:13:29.720,2,RECV,7E000F8100022B024E323030302D4A4B4B58DA
06-29-2025 17:13:29.721,3,RECV,7E000F81000121024E313030302D435447330D
06-29-2025 17:13:29.733,4,RECV,7E000F81000631024E363030312D504E4C32E7
06-29-2025 17:13:29.733,5,RECV,7E000F8100052C024E353030312D55574552C7
06-29-2025 17:13:29.733,6,RECV,7E000F81000121024E313030312D3556324A16
06-29-2025 17:13:29.773,7,RECV,7E000F8100052C024E353030322D364D5455DD
06-29-2025 17:13:29.775,8,RECV,7E000F81000630024E363030322D4957464AD3
06-29-2025 17:13:29.775,9,RECV,7E000F8100022A024E323030322D37525042F6
06-29-2025 17:13:29.775,10,RECV,7E000F81000121024E313030322D514E4D34FC
06-29-2025 17:13:29.775,11,RECV,7E000F8100052C024E353030332D57445939DB
06-29-2025 17:13:29.775,12,RECV,7E000F81000631024E363030332D4E513453DB
06-29-2025 17:13:29.775,13,RECV,7E000F8100022B024E323030332D3232364332
06-29-2025 17:13:29.775,14,RECV,7E000F81000121024E313030332D4B564B57D8
06-29-2025 17:13:29.775,15,RECV,7E000F8100052C024E353030342D38565647DC
06-29-2025 17:13:29.812,16,RECV,7E000F81000630024E363030342D364D324EFE
06-29-2025 17:13:29.812,17,RECV,7E000F8100022A024E323030342D4E575554C1
06-29-2025 17:13:29.812,18,RECV,7E000F81000121024E313030342D5A584235F1
06-29-2025 17:13:29.812,19,RECV,7E000F8100052C024E353030352D3941375500
06-29-2025 17:13:29.812,20,RECV,7E000F81000631024E363030352D564B444ECC
06-29-2025 17:13:29.812,21,RECV,7E000F8100022A024E323030352D4134444510
06-29-2025 17:13:29.862,22,RECV,7E000F81000121024E313030352D30415A4D01
06-29-2025 17:13:29.886,23,RECV,7E000F8100052C024E353030362D314E4B55E6
06-29-2025 17:13:29.917,24,RECV,7E000F81000630024E363030362D51563152D5
06-29-2025 17:13:29.917,25,RECV,7E000F8100022A024E323030362D4738484600
06-29-2025 17:13:29.917,26,RECV,7E000F81000121024E313030362D34593756FE
06-29-2025 17:13:29.917,27,RECV,7E000F8100052C024E353030372D574D4A53C3
06-29-2025 17:13:29.917,28,RECV,7E000F81000630024E363030372D39304454FD
06-29-2025 17:13:29.917,29,RECV,7E000F8100022A024E323030372D305A455AE3
06-29-2025 17:13:29.917,30,RECV,7E000F81000121024E313030372D3142554807
06-29-2025 17:13:29.917,31,RECV,7E000F8100052C024E353030382D5858514AB8
06-29-2025 17:13:29.917,32,RECV,7E000F81000630024E363030382D37534251E0
06-29-2025 17:13:29.917,33,RECV,7E000F8100022B024E323030382D4E494731FB
06-29-2025 17:13:29.917,34,RECV,7E000F81000121024E313030382D42434550FC
06-29-2025 17:13:29.917,35,RECV,7E000F8100052C024E353030392D544F3955D1
06-29-2025 17:13:29.917,36,RECV,7E000F81000630024E363030392D52345044E2
06-29-2025 17:13:29.917,37,RECV,7E000F8100022B024E323030392D48533342F9
06-29-2025 17:13:29.917,38,RECV,7E000F81000121024E313030392D304E35570B
06-29-2025 17:13:29.917,39,RECV,7E000F8100052C024E353031302D544B5356C2
06-29-2025 17:13:29.923,40,RECV,7E000F81000631024E363031302D4231504AF6
06-29-2025 17:13:29.923,41,RECV,7E000F8100022B024E323031302D4148544DE7
06-29-2025 17:13:29.923,42,RECV,7E000F81000121024E313031302D50515534F3
06-29-2025 17:13:29.962,43,RECV,7E000F8100052C024E353031312D3448334C0E
06-29-2025 17:13:29.962,44,RECV,7E000F81000632024E363031312D594C4155C6
06-29-2025 17:13:29.962,45,RECV,7E000F8100022B024E323031312D47493757F2
06-29-2025 17:13:29.962,46,RECV,7E000F81000121024E313031312D385442420C
06-29-2025 17:13:29.962,47,RECV,7E000F8100052D024E353031322D37594B4DDF
06-29-2025 17:13:29.962,48,RECV,7E000F81000633024E363031322D524E5445C6
06-29-2025 17:13:30.012,49,RECV,7E000F8100022B024E323031322D5A42354DF1
06-29-2025 17:13:30.070,50,RECV,7E000F81000121024E313031322D5136473518
06-29-2025 17:13:30.087,51,RECV,7E000F8100052E024E353031332D5A485432DD
06-29-2025 17:13:30.087,52,RECV,7E000F81000632024E363031332D4E464A4CD5
06-29-2025 17:13:30.087,53,RECV,7E000F8100022B024E323031332D4447394703
06-29-2025 17:13:30.087,54,RECV,7E000F81000121024E313031332D3939424422
06-29-2025 17:13:30.087,55,RECV,7E000F8100052E024E353031342D5649334FE3
06-29-2025 17:13:30.087,56,RECV,7E000F81000632024E363031342D55525355AF
06-29-2025 17:13:30.087,57,RECV,7E000F8100022B024E323031342D44525546DC
06-29-2025 17:13:30.087,58,RECV,7E000F81000121024E313031342D5041333124
06-29-2025 17:13:30.087,59,RECV,7E000F8100052E024E353031352D35443958F9
06-29-2025 17:13:30.087,60,RECV,7E000F81000632024E363031352D354C5346E3
06-29-2025 17:13:30.087,61,RECV,7E000F8100022B024E323031352D47594238F2
06-29-2025 17:13:30.087,62,RECV,7E000F81000121024E313031352D52394B360C
06-29-2025 17:13:30.087,63,RECV,7E000F8100052E024E353031362D564E5245C7
06-29-2025 17:13:30.087,64,RECV,7E000F81000633024E363031362D5A515A599D
06-29-2025 17:13:30.087,65,RECV,7E000F8100022B024E323031362D324F523800
06-29-2025 17:13:30.087,66,RECV,7E000F81000121024E313031362D383647580A
06-29-2025 17:13:30.087,67,RECV,7E000F8100052E024E353031372D57344D42E7
06-29-2025 17:13:30.087,68,RECV,7E000F81000633024E363031372D534E4C53BA
06-29-2025 17:13:30.087,69,RECV,7E000F8100022B024E323031372D3050493809
06-29-2025 17:13:30.112,70,RECV,7E000F81000121024E313031372D4330424C15
06-29-2025 17:13:30.112,71,RECV,7E000F8100052E024E353031382D38544237FB
06-29-2025 17:13:30.112,72,RECV,7E000F81000632024E363031382D4E364446EC
06-29-2025 17:13:30.112,73,RECV,7E000F8100022B024E323031382D43444D38FD
06-29-2025 17:13:30.113,74,RECV,7E000F81000121024E313031382D59315438FF
06-29-2025 17:13:30.113,75,RECV,7E000F8100052D024E353031392D34344C301C
06-29-2025 17:13:30.113,76,RECV,7E000F8100062F024E363031392D51445645CC
06-29-2025 17:13:30.113,77,RECV,7E000F8100022B024E323031392D4B495751CC
06-29-2025 17:13:30.113,78,RECV,7E000F81000121024E313031392D3656564EE4
06-29-2025 17:13:30.163,79,RECV,7E000F8100052C024E353032302D5936313316
06-29-2025 17:13:30.211,80,RECV,7E000F81000630024E363032302D47544334F1
06-29-2025 17:13:30.211,81,RECV,7E000F8100022A024E323032302D5A435146DD
06-29-2025 17:13:30.211,82,RECV,7E000F81000121024E313032302D57514B58D1
06-29-2025 17:13:30.212,83,RECV,7E000F8100052C024E353032312D4E434255E0
06-29-2025 17:13:30.212,84,RECV,7E000F81000630024E363032312D34554E49E2
06-29-2025 17:13:30.212,85,RECV,7E000F8100022A024E323032312D464236331F
06-29-2025 17:13:30.212,86,RECV,7E000F81000121024E313032312D4556364604
06-29-2025 17:13:30.213,87,RECV,7E000F8100052C024E353032322D45555151CB
06-29-2025 17:13:30.213,88,RECV,7E000F81000630024E363032322D51334941F3
06-29-2025 17:13:30.213,89,RECV,7E000F8100022A024E323032322D49545245DB
06-29-2025 17:13:30.213,90,RECV,7E000F81000121024E313032322D57463152FA
06-29-2025 17:13:30.213,91,RECV,7E000F81000630024E363032332D50435A4BC8
06-29-2025 17:13:30.213,92,RECV,7E000F8100022A024E323032332D424F4B52E0
06-29-2025 17:13:30.213,93,RECV,7E000F81000121024E313032332D53583954E1
06-29-2025 17:13:30.213,94,RECV,7E000F81000630024E363032342D5530304604
06-29-2025 17:13:30.263,95,RECV,7E000F8100022A024E323032342D42324E4308
06-29-2025 17:13:30.263,96,RECV,7E000F81000121024E313032342D3536335822
06-29-2025 17:13:30.263,97,RECV,7E000F81000630024E363032352D49445246D9
06-29-2025 17:13:30.263,98,RECV,7E000F8100022B024E323032352D5735493204
06-29-2025 17:13:30.263,99,RECV,7E000F81000121024E313032352D3037454F1C
06-29-2025 17:13:30.263,100,RECV,7E000F81000630024E363032362D453345360A
06-29-2025 17:13:30.263,101,RECV,7E000F8100022A024E323032362D575A4256C2
06-29-2025 17:13:30.313,102,RECV,7E000F8100052C024E353032372D51334855E1
06-29-2025 17:13:30.313,103,RECV,7E000F81000121024E313032362D57443350F8
06-29-2025 17:13:30.313,104,RECV,7E000F81000630024E363032372D32544746E9
06-29-2025 17:13:30.314,105,RECV,7E000F8100022A024E323032372D4D32454EF8
06-29-2025 17:13:30.314,106,RECV,7E000F8100052C024E353032382D504C4656C9
06-29-2025 17:13:30.314,107,RECV,7E000F81000121024E313032372D58534E5AC2
06-29-2025 17:13:30.314,108,RECV,7E000F81000630024E363032382D344D423701
06-29-2025 17:13:30.314,109,RECV,7E000F8100022A024E323032382D304C4849FC
06-29-2025 17:13:30.345,110,RECV,7E000F8100052C024E353032392D524D3935F3
06-29-2025 17:13:30.371,111,RECV,7E000F81000121024E313032382D324B555AE8
06-29-2025 17:13:30.371,112,RECV,7E000F81000630024E363032392D4F4F3354D5
06-29-2025 17:13:30.372,113,RECV,7E000F8100022A024E323032392D5A46425ACC
06-29-2025 17:13:30.383,114,RECV,7E000F8100052C024E353033302D41474C4BE9
06-29-2025 17:13:30.383,115,RECV,7E000F81000121024E313032392D58584141E1
06-29-2025 17:13:30.383,116,RECV,7E000F81000630024E363033302D574D5A38CC
06-29-2025 17:13:30.383,117,RECV,7E000F8100022A024E323033302D55335338FD
06-29-2025 17:13:30.383,118,RECV,7E000F8100052C024E353033312D3731533814
06-29-2025 17:13:30.383,119,RECV,7E000F81000121024E313033302D53395147F7
06-29-2025 17:13:30.383,120,RECV,7E000F81000630024E363033312D42513349F2
06-29-2025 17:13:30.383,121,RECV,7E000F8100022A024E323033312D484E353410
06-29-2025 17:13:30.406,122,RECV,7E000F8100052D024E353033322D58543552D2
06-29-2025 17:13:30.407,123,RECV,7E000F81000121024E313033312D48384C4FFF
06-29-2025 17:13:30.407,124,RECV,7E000F81000630024E363033322D51384351E3
06-29-2025 17:13:30.407,125,RECV,7E000F8100022B024E323033322D55483244FA
06-29-2025 17:13:30.407,126,RECV,7E000F8100052D024E353033332D4B31424501
06-29-2025 17:13:30.407,127,RECV,7E000F81000121024E313033322D4E454C3406
06-29-2025 17:13:30.407,128,RECV,7E000F81000630024E363033332D51563152D5
06-29-2025 17:13:30.407,129,RECV,7E000F8100022B024E323033332D454532450B
06-29-2025 17:13:30.407,130,RECV,7E000F8100052D024E353033342D5948354EDF
06-29-2025 17:13:30.428,131,RECV,7E000F81000121024E313033332D48555956CC
06-29-2025 17:13:30.433,132,RECV,7E000F81000631024E363033342D37494839FC
06-29-2025 17:13:30.434,133,RECV,7E000F8100022B024E323033342D4C485933EB
06-29-2025 17:13:30.448,134,RECV,7E000F8100052D024E353033352D52585447BD
06-29-2025 17:13:30.451,135,RECV,7E000F81000121024E313033342D5139394A0A
06-29-2025 17:13:30.451,136,RECV,7E000F81000631024E363033352D365A524BCF
06-29-2025 17:13:30.489,137,RECV,7E000F8100022B024E323033352D454D4446EE
06-29-2025 17:13:30.534,138,RECV,7E000F8100052E024E353033362D42545255C3
06-29-2025 17:13:30.534,139,RECV,7E000F81000121024E313033352D4C534F4FD9
06-29-2025 17:13:30.534,140,RECV,7E000F81000632024E363033362D494C4950CC
06-29-2025 17:13:30.534,141,RECV,7E000F8100022B024E323033362D554C4E55C5
06-29-2025 17:13:30.535,142,RECV,7E000F8100052C024E353033372D4842324104
06-29-2025 17:13:30.535,143,RECV,7E000F81000121024E313033362D3042393337
06-29-2025 17:13:30.535,144,RECV,7E000F8100062F024E363033372D5643324FE2
06-29-2025 17:13:30.535,145,RECV,7E000F8100022B024E323033372D57415333EA
06-29-2025 17:13:30.535,146,RECV,7E000F8100052B024E353033382D594D5837CC
06-29-2025 17:13:30.535,147,RECV,7E000F81000121024E313033372D3446594100
06-29-2025 17:13:30.535,148,RECV,7E000F81000631024E363033382D4C414A33EF
06-29-2025 17:13:30.535,149,RECV,7E000F8100022B024E323033382D30514A57E5
06-29-2025 17:13:30.535,150,RECV,7E000F8100052C024E353033392D46395235F9
06-29-2025 17:13:30.535,151,RECV,7E000F81000121024E313033382D374F38490C
06-29-2025 17:13:30.552,152,RECV,7E000F81000630024E363033392D45455459C2
06-29-2025 17:13:30.558,153,RECV,7E000F8100022B024E323033392D31563059F6
06-29-2025 17:13:30.558,154,RECV,7E000F8100052C024E353034302D4253424CE4
06-29-2025 17:13:30.573,155,RECV,7E000F81000121024E313033392D514F5439E5
06-29-2025 17:13:30.573,156,RECV,7E000F81000630024E363034302D574B3133FB
06-29-2025 17:13:30.573,157,RECV,7E000F8100022B024E323034302D3649484601
06-29-2025 17:13:30.573,158,RECV,7E000F8100052C024E353034312D353039590F
06-29-2025 17:13:30.573,159,RECV,7E000F81000121024E313034302D37594B3906
06-29-2025 17:13:30.573,160,RECV,7E000F81000630024E363034312D5A52534CB5
06-29-2025 17:13:30.583,161,RECV,7E000F8100022B024E323034312D32344A4E0F
06-29-2025 17:13:30.584,162,RECV,7E000F8100052C024E353034322D54393351F4
06-29-2025 17:13:30.604,163,RECV,7E000F81000121024E313034312D5A484353E1
06-29-2025 17:13:30.604,164,RECV,7E000F81000630024E363034322D534B4330EE
06-29-2025 17:13:30.605,165,RECV,7E000F8100022B024E323034322D4C32543703
06-29-2025 17:13:30.605,166,RECV,7E000F8100052C024E353034332D3845304512
06-29-2025 17:13:30.614,167,RECV,7E000F81000121024E313034322D414D5746ED
06-29-2025 17:13:30.617,168,RECV,7E000F8100022B024E323034332D3246454707
06-29-2025 17:13:30.635,169,RECV,7E000F8100052C024E353034342D4C445541DD
06-29-2025 17:13:30.725,170,RECV,7E000F81000121024E313034332D56485747DB
06-29-2025 17:13:30.733,171,RECV,7E000F8100022A024E323034342D454C4353E4
06-29-2025 17:13:30.733,172,RECV,7E000F8100052C024E353034352D37545643DE
06-29-2025 17:13:30.733,173,RECV,7E000F81000121024E313034342D4C4E4958DB
06-29-2025 17:13:30.733,174,RECV,7E000F8100022A024E323034352D41465A56D3
06-29-2025 17:13:30.733,175,RECV,7E000F8100052C024E353034362D4F573656CF
06-29-2025 17:13:30.733,176,RECV,7E000F81000121024E313034352D545A5039DE
06-29-2025 17:13:30.733,177,RECV,7E000F8100022A024E323034362D493932480D
06-29-2025 17:13:30.733,178,RECV,7E000F8100052C024E353034372D45345A4AE3
06-29-2025 17:13:30.734,179,RECV,7E000F81000121024E313034362D48445639F9
06-29-2025 17:13:30.734,180,RECV,7E000F8100022B024E323034372D4E594244DA
06-29-2025 17:13:30.734,181,RECV,7E000F8100052C024E353034382D5030565ACF
06-29-2025 17:13:30.734,182,RECV,7E000F81000121024E313034372D45464E56E4
06-29-2025 17:13:30.734,183,RECV,7E000F8100022A024E323034382D4E335650E0
06-29-2025 17:13:30.734,184,RECV,7E000F8100052C024E353034392D534A5458B5
06-29-2025 17:13:30.765,185,RECV,7E000F81000630024E363034392D54475942C2
06-29-2025 17:13:30.765,186,RECV,7E000F81000121024E313034382D454B5650DC
06-29-2025 17:13:30.765,187,RECV,7E000F8100022A024E323034392D30525235FD
06-29-2025 17:13:30.765,188,RECV,7E000F8100052C024E353035302D3045393721
06-29-2025 17:13:30.765,189,RECV,7E000F81000630024E363035302D3037584FF2
06-29-2025 17:13:30.775,190,RECV,7E000F81000121024E313034392D4B38385600
06-29-2025 17:13:30.775,191,RECV,7E000F8100022A024E323035302D43434648FA
06-29-2025 17:13:30.775,192,RECV,7E000F8100052C024E353035312D37454358EE
06-29-2025 17:13:30.816,193,RECV,7E000F81000630024E363035312D54344B45E7
06-29-2025 17:13:30.819,194,RECV,7E000F81000121024E313035302D47444756F1
06-29-2025 17:13:30.819,195,RECV,7E000F8100022A024E323035312D42583052F1
06-29-2025 17:13:30.819,196,RECV,7E000F8100052C024E353035322D5A44534DC6
06-29-2025 17:13:30.819,197,RECV,7E000F81000631024E363035322D52335238EE
06-29-2025 17:13:30.819,198,RECV,7E000F81000121024E313035312D3149464810
06-29-2025 17:13:30.819,199,RECV,7E000F8100022A024E323035322D56554D44D0
06-29-2025 17:13:30.819,200,RECV,7E000F8100052C024E353035332D30395258F0
06-29-2025 17:13:30.837,201,RECV,7E000F81000630024E363035332D3832424B06
06-29-2025 17:13:30.839,202,RECV,7E000F81000121024E313035322D4A5230301B
06-29-2025 17:13:30.839,203,RECV,7E000F8100022A024E323035332D4A4F3244FC
06-29-2025 17:13:30.839,204,RECV,7E000F8100052C024E353035342D5A484A39DD
06-29-2025 17:13:30.865,205,RECV,7E000F81000630024E363035342D414D3346F5
06-29-2025 17:13:30.868,206,RECV,7E000F81000121024E313035332D414B394F02
06-29-2025 17:13:30.868,207,RECV,7E000F8100022B024E323035342D55325346E9
06-29-2025 17:13:30.868,208,RECV,7E000F8100052C024E353035352D444839310B
06-29-2025 17:13:30.868,209,RECV,7E000F81000630024E363035352D4C454D38E5
06-29-2025 17:13:30.876,210,RECV,7E000F81000121024E313035342D41434D5AEA
06-29-2025 17:13:30.882,211,RECV,7E000F8100022B024E323035352D4D545042D5
06-29-2025 17:13:30.929,212,RECV,7E000F8100052D024E353035362D53444143E4
06-29-2025 17:13:30.929,213,RECV,7E000F81000633024E363035362D45434343E9
06-29-2025 17:13:30.929,214,RECV,7E000F81000121024E313035352D3153434FFE
06-29-2025 17:13:30.929,215,RECV,7E000F8100022A024E323035362D4F434651DF
06-29-2025 17:13:30.929,216,RECV,7E000F81000632024E363035372D50414B33E8
06-29-2025 17:13:30.930,217,RECV,7E000F81000121024E313035362D4E51434CE5
06-29-2025 17:13:30.930,218,RECV,7E000F81000229024E323035372D39444150FA
06-29-2025 17:13:30.965,219,RECV,7E000F81000633024E363035382D4F4A4F44C9
06-29-2025 17:13:30.971,220,RECV,7E000F81000121024E313035372D3851345005
06-29-2025 17:13:30.972,221,RECV,7E000F8100022A024E323035382D44474A4CE5
06-29-2025 17:13:30.972,222,RECV,7E000F81000632024E363035392D55533246D5
06-29-2025 17:13:30.972,223,RECV,7E000F81000121024E313035382D47414549FB
06-29-2025 17:13:31.016,224,RECV,7E000F81000632024E363036302D51394853D8
06-29-2025 17:13:31.016,225,RECV,7E000F81000121024E313035392D4B464856E1
06-29-2025 17:13:31.016,226,RECV,7E000F81000229024E323036302D5A355142EC
06-29-2025 17:13:31.016,227,RECV,7E000F81000632024E363036312D55575635C5
06-29-2025 17:13:31.016,228,RECV,7E000F81000121024E313036302D46524E3002
06-29-2025 17:13:31.016,229,RECV,7E000F8100022B024E323036312D374C5052E6
06-29-2025 17:13:31.026,230,RECV,7E000F81000632024E363036322D5844334BE1
06-29-2025 17:13:31.026,231,RECV,7E000F81000121024E313036312D474D374705
06-29-2025 17:13:31.066,232,RECV,7E000F81000632024E363036332D59503930E8
06-29-2025 17:13:31.094,233,RECV,7E000F81000121024E313036322D4231593515
06-29-2025 17:13:31.102,234,RECV,7E000F81000631024E363036342D34434350F0
06-29-2025 17:13:31.103,235,RECV,7E000F81000121024E313036332D3457434AFD
06-29-2025 17:13:31.103,236,RECV,7E000F81000630024E363036352D32534656D9
06-29-2025 17:13:31.103,237,RECV,7E000F81000121024E313036342D534A5334F0
06-29-2025 17:13:31.116,238,RECV,7E000F8100062F024E363036362D3650584AD2
06-29-2025 17:13:31.116,239,RECV,7E000F81000121024E313036352D5030444708
06-29-2025 17:13:31.116,240,RECV,7E000F81000630024E363036372D34544753D6
06-29-2025 17:13:31.136,241,RECV,7E000F81000121024E313036362D50463953F0
06-29-2025 17:13:31.136,242,RECV,7E000F8100022A024E323036372D324741311B
06-29-2025 17:13:31.147,243,RECV,7E000F8100062F024E363036382D394E4838F1
06-29-2025 17:13:31.147,244,RECV,7E000F81000121024E313036372D59314645FC
06-29-2025 17:13:31.166,245,RECV,7E000F8100062F024E363036392D57544B39C8
06-29-2025 17:13:31.167,246,RECV,7E000F81000121024E313036382D5937384EFA
06-29-2025 17:13:31.216,247,RECV,7E000F81000630024E363037302D46314854EB
06-29-2025 17:13:31.218,248,RECV,7E000F81000121024E313036392D304245490F
06-29-2025 17:13:31.218,249,RECV,7E000F81000630024E363037312D464C384DE6
06-29-2025 17:13:31.218,250,RECV,7E000F8100052C024E353037322D4D553334F9
06-29-2025 17:13:31.218,251,RECV,7E000F81000121024E313037302D3047373138
06-29-2025 17:13:31.266,252,RECV,7E000F81000630024E363037322D313147371C
06-29-2025 17:13:31.291,253,RECV,7E000F8100052C024E353037332D42534A52D0
06-29-2025 17:13:31.291,254,RECV,7E000F81000121024E313037312D4332394622
06-29-2025 17:13:31.291,255,RECV,7E000F81000630024E363037332D44314156EF
06-29-2025 17:13:31.291,256,RECV,7E000F8100052C024E353037342D37413958F7
06-29-2025 17:13:31.291,257,RECV,7E000F8100022A024E323037332D5337383512
06-29-2025 17:13:31.291,258,RECV,7E000F81000121024E313037322D3845395609
06-29-2025 17:13:31.291,259,RECV,7E000F81000630024E363037342D534B4933E0
06-29-2025 17:13:31.316,260,RECV,7E000F8100052C024E353037352D325A4256DB
06-29-2025 17:13:31.316,261,RECV,7E000F81000121024E313037332D5734333125
06-29-2025 17:13:31.316,262,RECV,7E000F81000630024E363037352D52353746F5
06-29-2025 17:13:31.317,263,RECV,7E000F8100052E024E353037362D314834331C
06-29-2025 17:13:31.317,264,RECV,7E000F8100022A024E323037352D4B4B35320A
06-29-2025 17:13:31.317,265,RECV,7E000F81000121024E313037342D4449513203
06-29-2025 17:13:31.317,266,RECV,7E000F81000631024E363037362D32553352EB
06-29-2025 17:13:31.327,267,RECV,7E000F8100052E024E353037372D4D525844C0
06-29-2025 17:13:31.327,268,RECV,7E000F8100022A024E323037362D50485939DC
06-29-2025 17:13:31.327,269,RECV,7E000F81000121024E313037352D4939494601
06-29-2025 17:13:31.347,270,RECV,7E000F81000631024E363037372D365A3247ED
06-29-2025 17:13:31.347,271,RECV,7E000F8100052C024E353037382D504E4439E1
06-29-2025 17:13:31.366,272,RECV,7E000F8100022A024E323037372D3947435AE8
06-29-2025 17:13:31.366,273,RECV,7E000F81000121024E313037362D4344365103
06-29-2025 17:13:31.417,274,RECV,7E000F81000631024E363037382D37575131E5
06-29-2025 17:13:31.428,275,RECV,7E000F8100052C024E353037392D4B555053B8
06-29-2025 17:13:31.428,276,RECV,7E000F8100022A024E323037382D353833580C
06-29-2025 17:13:31.428,277,RECV,7E000F81000121024E313037372D343049461D
06-29-2025 17:13:31.428,278,RECV,7E000F81000631024E363037392D42433458E3
06-29-2025 17:13:31.428,279,RECV,7E000F8100052E024E353038302D37474F53E1
06-29-2025 17:13:31.428,280,RECV,7E000F8100022B024E323037392D5A443638F6
06-29-2025 17:13:31.428,281,RECV,7E000F81000121024E313037382D5531554AEA
06-29-2025 17:13:31.428,282,RECV,7E000F81000631024E363038302D57533845D5
06-29-2025 17:13:31.428,283,RECV,7E000F8100052D024E353038312D495A4F4CC3
06-29-2025 17:13:31.428,284,RECV,7E000F8100022B024E323038302D35524458E7
06-29-2025 17:13:31.428,285,RECV,7E000F81000121024E313037392D47565244DB
06-29-2025 17:13:31.428,286,RECV,7E000F81000630024E363038312D3441335004
06-29-2025 17:13:31.428,287,RECV,7E000F8100052E024E353038322D35584A4CDC
06-29-2025 17:13:31.449,288,RECV,7E000F8100022B024E323038312D434B4250E9
06-29-2025 17:13:31.449,289,RECV,7E000F81000121024E313038302D37394A500C
06-29-2025 17:13:31.450,290,RECV,7E000F81000631024E363038322D31523151F5
06-29-2025 17:13:31.450,291,RECV,7E000F8100052F024E353038332D434C4645E3
06-29-2025 17:13:31.450,292,RECV,7E000F8100022B024E323038322D3357443703
06-29-2025 17:13:31.450,293,RECV,7E000F81000121024E313038312D51515841DA
06-29-2025 17:13:31.517,294,RECV,7E000F81000632024E363038332D3244513100
06-29-2025 17:13:31.536,295,RECV,7E000F8100052F024E353038342D313746430B
06-29-2025 17:13:31.536,296,RECV,7E000F8100022B024E323038332D5636483201
06-29-2025 17:13:31.536,297,RECV,7E000F81000121024E313038322D314D525AEA
06-29-2025 17:13:31.536,298,RECV,7E000F81000632024E363038342D4E453053E1
06-29-2025 17:13:31.536,299,RECV,7E000F8100052F024E353038352D3437514CF3
06-29-2025 17:13:31.536,300,RECV,7E000F8100022B024E323038342D53575059B3
06-29-2025 17:13:31.536,301,RECV,7E000F81000121024E313038332D553533490D
06-29-2025 17:13:31.536,302,RECV,7E000F81000632024E363038352D444E4B44D5
06-29-2025 17:13:31.536,303,RECV,7E000F8100052F024E353038362D513136370B
06-29-2025 17:13:31.536,304,RECV,7E000F8100022B024E323038352D495A5258B8
06-29-2025 17:13:31.536,305,RECV,7E000F81000121024E313038342D5531503309
06-29-2025 17:13:31.537,306,RECV,7E000F81000633024E363038362D53305142DE
06-29-2025 17:13:31.537,307,RECV,7E000F8100052D024E353038372D55585048B6
06-29-2025 17:13:31.539,308,RECV,7E000F8100022B024E323038362D50305745E8
06-29-2025 17:13:31.539,309,RECV,7E000F81000121024E313038352D324E4B3412
06-29-2025 17:13:31.539,310,RECV,7E000F81000632024E363038372D4244464BDD
06-29-2025 17:13:31.559,311,RECV,7E000F8100052C024E353038382D45345534F9
06-29-2025 17:13:31.627,312,RECV,7E000F8100022B024E323038372D4B573954D4
06-29-2025 17:13:31.627,313,RECV,7E000F81000121024E313038362D54594A49D0
06-29-2025 17:13:31.627,314,RECV,7E000F81000631024E363038382D58314D32EC
06-29-2025 17:13:31.627,315,RECV,7E000F8100052C024E353038392D36435553D9
06-29-2025 17:13:31.627,316,RECV,7E000F8100022B024E323038382D504F4A47D2
06-29-2025 17:13:31.627,317,RECV,7E000F81000121024E313038372D4A354D380B
06-29-2025 17:13:31.627,318,RECV,7E000F81000630024E363038392D4A4B3045EA
06-29-2025 17:13:31.627,319,RECV,7E000F8100052C024E353039302D4B5A5941C3
06-29-2025 17:13:31.627,320,RECV,7E000F8100022B024E323038392D59514730E0
06-29-2025 17:13:31.627,321,RECV,7E000F81000121024E313038382D3738384F18
06-29-2025 17:13:31.628,322,RECV,7E000F81000630024E363039302D3439414707
06-29-2025 17:13:31.628,323,RECV,7E000F8100052C024E353039312D585A384ACD
06-29-2025 17:13:31.628,324,RECV,7E000F8100022B024E323039302D364D5A35F7
06-29-2025 17:13:31.628,325,RECV,7E000F81000121024E313038392D5A4B335ADB
06-29-2025 17:13:31.628,326,RECV,7E000F81000630024E363039312D32524832FD
06-29-2025 17:13:31.628,327,RECV,7E000F8100052C024E353039322D59434E49CD
06-29-2025 17:13:31.649,328,RECV,7E000F8100022B024E323039312D4F444442EF
06-29-2025 17:13:31.649,329,RECV,7E000F81000121024E313039302D45385051F7
06-29-2025 17:13:31.649,330,RECV,7E000F81000630024E363039322D42544F30E5
06-29-2025 17:13:31.669,331,RECV,7E000F8100052C024E353039332D4B4C3831FF
06-29-2025 17:13:31.675,332,RECV,7E000F8100022A024E323039322D4E524D46D5
06-29-2025 17:13:31.675,333,RECV,7E000F81000121024E313039312D534F5645D7
06-29-2025 17:13:31.689,334,RECV,7E000F81000630024E363039332D514F474CC6
06-29-2025 17:13:31.691,335,RECV,7E000F8100052C024E353039342D4C4D424CD7
06-29-2025 17:13:31.692,336,RECV,7E000F8100022A024E323039332D4F43303015
06-29-2025 17:13:31.692,337,RECV,7E000F81000121024E313039322D5236483112
06-29-2025 17:13:31.692,338,RECV,7E000F81000630024E363039342D4E59304ED3
06-29-2025 17:13:31.692,339,RECV,7E000F8100052C024E353039352D50554357BE
06-29-2025 17:13:31.712,340,RECV,7E000F8100022B024E323039342D4E30574BE5
06-29-2025 17:13:31.742,341,RECV,7E000F81000121024E313039332D5236434AFD
06-29-2025 17:13:31.742,342,RECV,7E000F81000630024E363039352D38533759DC
06-29-2025 17:13:31.742,343,RECV,7E000F8100052C024E353039362D57393755E0
06-29-2025 17:13:31.742,344,RECV,7E000F8100022B024E323039352D4B38374703
06-29-2025 17:13:31.742,345,RECV,7E000F81000121024E313039342D493252350F
06-29-2025 17:13:31.767,346,RECV,7E000F81000630024E363039362D465A4637D9
06-29-2025 17:13:31.767,347,RECV,7E000F8100052C024E353039372D3050333810
06-29-2025 17:13:31.767,348,RECV,7E000F8100022B024E323039362D35344D5AF3
06-29-2025 17:13:31.767,349,RECV,7E000F81000121024E313039352D44334C3815
06-29-2025 17:13:31.768,350,RECV,7E000F8100052C024E353039382D3133494805
06-29-2025 17:13:31.778,351,RECV,7E000F8100022A024E323039372D53415041DE
06-29-2025 17:13:31.778,352,RECV,7E000F81000121024E313039362D3637474912
06-29-2025 17:13:31.778,353,RECV,7E000F8100052C024E353039392D4E564A53B8
06-29-2025 17:13:31.818,354,RECV,7E000F8100022A024E323039382D5957354CD1
06-29-2025 17:13:31.828,355,RECV,7E000F81000121024E313039372D5A4E304DE9
06-29-2025 17:13:31.828,356,RECV,7E000F81000630024E363039392D45384839F5
06-29-2025 17:13:31.828,357,RECV,7E000F8100022A024E323039392D3356334EF7
06-29-2025 17:13:31.828,358,RECV,7E000F81000121024E313039382D52384741FB
06-29-2025 17:13:31.867,359,RECV,7E000F81000121024E313039392D4C574E42D9
