05-08-2025 18:55:18.574,-,API2,"Sink 1,0013A20041839DB1,802.15.4 TH,2003,/dev/ttyUSB2 - 57600/8/M/1/N,1,46"

05-08-2025 18:53:23.337,0,RECV,7E000F8100002C024E363030312D4F3235490F
05-08-2025 18:53:23.388,1,RECV,7E007D338100001D000AFFFFFFFFFFFFFFFF0000005348C4
05-08-2025 18:53:23.391,2,RECV,7E007D3381000038000AFFFFFFFFFFFFFFFF0000005348A9
05-08-2025 18:53:23.399,3,RECV,7E007D338100002B000BFFFFFFFFFFFFFFFF0000005348B5
05-08-2025 18:53:23.399,4,RECV,7E000F8100002B024E363030322D4F41424DEF
05-08-2025 18:53:23.438,5,RECV,7E000F8100002B024E363030332D46445058DB
05-08-2025 18:53:23.488,6,RECV,7E000F8100001D024E323030312D504F5053DF
05-08-2025 18:53:23.538,7,RECV,7E000F8100002B024E363030342D59573635F1
05-08-2025 18:53:23.588,8,RECV,7E000F81000038024E353030312D4C55303200
05-08-2025 18:53:23.688,9,RECV,7E000F8100001D024E323030322D3146534610
05-08-2025 18:53:23.788,10,RECV,7E000F8100001D024E323030332D3036494F21
05-08-2025 18:53:23.839,11,RECV,7E000F8100001D024E323030342D45464D53F3
05-08-2025 18:53:24.190,12,RECV,7E000F81000039024E353030322D5934314EF5
05-08-2025 18:53:24.206,13,RECV,7E000F8100002B024E363030352D59533936F0
05-08-2025 18:53:24.340,14,RECV,7E000F81000038024E353030332D334131302C
05-08-2025 18:53:24.344,15,RECV,7E000F8100001D024E323030352D314752460D
05-08-2025 18:53:24.641,16,RECV,7E000F8100001D024E323030362D494C4E41F8
05-08-2025 18:53:24.691,17,RECV,7E007D3181F9DF1D025C004E313030312D364B434EDC
05-08-2025 18:53:24.891,18,RECV,7E000F8100001D024E323030372D4B513055FA
05-08-2025 18:53:24.892,19,RECV,7E007D3181F9DF1D025D004E313030322D34554545D9
05-08-2025 18:53:24.942,20,RECV,7E000F8100001D024E323030382D544E334AFB
05-08-2025 18:53:25.142,21,RECV,7E000F81000038024E353030342D43585152C2
05-08-2025 18:53:25.443,22,RECV,7E000F8100001D024E323030392D5736303527
05-08-2025 18:53:25.448,23,RECV,7E007D3181F9DF1D025E004E313030332D324F5252C5
05-08-2025 18:53:25.493,24,RECV,7E000F8100001D024E323031302D434141510B
05-08-2025 18:53:25.543,25,RECV,7E000F8100001D024E323031312D30484C5A02
05-08-2025 18:53:25.644,26,RECV,7E000F8100002B024E363030362D3031413830
05-08-2025 18:53:25.644,27,RECV,7E007D3181F9DF1D025F004E313030342D334C3541F3
05-08-2025 18:53:25.644,28,RECV,7E000F81000038024E353030352D485A3846DF
05-08-2025 18:53:25.693,29,RECV,7E000F8100002B024E363030372D354343420C
05-08-2025 18:53:25.744,30,RECV,7E000F81000038024E353030362D4838564EDA
05-08-2025 18:53:25.744,31,RECV,7E007D3181F9DF1D0260004E313030352D49593752BB
05-08-2025 18:53:25.744,32,RECV,7E007D3181F9DF1D0261004E313030362D5636335ACB
05-08-2025 18:53:25.744,33,RECV,7E000F8100002B024E363030382D415A333307
05-08-2025 18:53:25.764,34,RECV,7E000F8100001D024E323031322D5848394DF9
05-08-2025 18:53:25.794,35,RECV,7E000F8100002B024E363030392D4E4C5049D4
05-08-2025 18:53:25.844,36,RECV,7E000F81000037024E353030372D4C474A36EB
05-08-2025 18:53:25.955,37,RECV,7E000F8100002D024E363031302D414C334C01
05-08-2025 18:53:25.955,38,RECV,7E000F8100002D024E363031312D3543324A18
05-08-2025 18:53:26.044,39,RECV,7E000F81000039024E353030382D4D4B3043F0
05-08-2025 18:53:26.044,40,RECV,7E007D3181F9DF1D0262004E313030372D59593749B0
05-08-2025 18:53:26.045,41,RECV,7E007D3181F9DF1D0263004E313030382D45554D55A4
05-08-2025 18:53:26.145,42,RECV,7E000F8100001D024E323031332D5A524F47DC
05-08-2025 18:53:26.195,43,RECV,7E007D3181F9DF1D0264004E313030392D575A3454A5
05-08-2025 18:53:26.396,44,RECV,7E000F8100002C024E363031322D4A384D57E6
05-08-2025 18:53:26.446,45,RECV,7E007D3181F9DF1D0265004E313031302D41423242EE
05-08-2025 18:53:26.546,46,RECV,7E000F81000037024E353030392D4D315A47DD
05-08-2025 18:53:26.596,47,RECV,7E000F81000038024E353031302D56365754CC
05-08-2025 18:53:26.646,48,RECV,7E007D3181F9DF1D0266004E313031312D44553137E2
05-08-2025 18:53:26.747,49,RECV,7E007D3181F9DF1D0267004E313031322D31475555BF
05-08-2025 18:53:26.753,50,RECV,7E000F8100001D024E323031342D334F385112
05-08-2025 18:53:26.847,51,RECV,7E007D3181F9DF1D0268004E313031332D54454743BC
05-08-2025 18:53:26.853,52,RECV,7E007D3181F9DF1D0269004E313031342D51444C4DAF
05-08-2025 18:53:26.997,53,RECV,7E000F8100002B024E363031332D4A45454AEE
05-08-2025 18:53:27.047,54,RECV,7E007D3181F9DF1D026A004E313031352D515A3053AD
05-08-2025 18:53:27.148,55,RECV,7E000F81000038024E353031312D39384E4CF7
05-08-2025 18:53:27.198,56,RECV,7E000F8100002B024E363031342D54485749CF
05-08-2025 18:53:27.248,57,RECV,7E000F8100001D024E323031352D5958363401
05-08-2025 18:53:27.248,58,RECV,7E000F8100002B024E363031352D4F3137361D
05-08-2025 18:53:27.399,59,RECV,7E007D338100001D001AFFFFFFFFFFFFFFFF0000005348B4
05-08-2025 18:53:27.399,60,RECV,7E007D33810000370016FFFFFFFFFFFFFFFF00000053489E
05-08-2025 18:53:27.399,61,RECV,7E007D338100002B001AFFFFFFFFFFFFFFFF0000005348A6
05-08-2025 18:53:27.449,62,RECV,7E000F8100002B024E363031362D49375352E4
05-08-2025 18:53:27.449,63,RECV,7E000F81000038024E353031322D334E5A45E1
05-08-2025 18:53:27.499,64,RECV,7E000F8100002B024E363031372D414F5948D7
05-08-2025 18:53:27.549,65,RECV,7E007D3181F9DF1D026B004E313031362D51385A48AE
05-08-2025 18:53:27.549,66,RECV,7E000F81000037024E353031332D344D564DDD
05-08-2025 18:53:27.749,67,RECV,7E000F8100002B024E363031382D4B4F4C37EA
05-08-2025 18:53:27.750,68,RECV,7E007D3181F9DF1D026C004E313031372D47384B4DC0
05-08-2025 18:53:27.800,69,RECV,7E000F8100002B024E363031392D51454E41E1
05-08-2025 18:53:27.850,70,RECV,7E007D3181F9DF1D026D004E313031382D45394645CC
05-08-2025 18:53:27.860,71,RECV,7E000F81000037024E353031342D4938463108
05-08-2025 18:53:27.953,72,RECV,7E000F81000038024E353031352D57325441E0
05-08-2025 18:53:28.104,73,RECV,7E000F81000039024E353031362D46494856CF
05-08-2025 18:53:28.154,74,RECV,7E000F81000039024E353031372D3442374608
05-08-2025 18:53:28.254,75,RECV,7E000F8100001D024E323031362D355553310D
05-08-2025 18:53:28.454,76,RECV,7E000F8100002D024E363032302D5039334808
05-08-2025 18:53:28.454,77,RECV,7E000F81000038024E353031382D53444B37E2
05-08-2025 18:53:28.605,78,RECV,7E000F8100002C024E363032312D4C4131311D
05-08-2025 18:53:28.605,79,RECV,7E007D3181F9DF1D026E004E313031392D45374A44C9
05-08-2025 18:53:28.605,80,RECV,7E007D3181F9DF1D026F004E313032302D5A31345AC1
05-08-2025 18:53:28.706,81,RECV,7E000F8100001E024E323031372D59465336F1
05-08-2025 18:53:28.957,82,RECV,7E007D3181F9DF1D0270004E313032312D46444150BD
05-08-2025 18:53:28.957,83,RECV,7E000F81000038024E353031392D5738535ABE
05-08-2025 18:53:29.007,84,RECV,7E007D3181F9DF1D0271004E313032322D5152595A80
05-08-2025 18:53:29.107,85,RECV,7E000F8100002B024E363032322D353534531B
05-08-2025 18:53:29.207,86,RECV,7E000F8100001D024E323031382D3744344426
05-08-2025 18:53:29.257,87,RECV,7E007D3181F9DF1D0272004E313032332D30514A45C4
05-08-2025 18:53:29.307,88,RECV,7E000F81000038024E353032302D58465731DC
05-08-2025 18:53:29.458,89,RECV,7E000F8100001D024E323031392D48504743F6
05-08-2025 18:53:29.458,90,RECV,7E000F81000038024E353032312D4434523304
05-08-2025 18:53:29.558,91,RECV,7E007D3181F9DF1D0273004E313032342D5857455589
05-08-2025 18:53:29.608,92,RECV,7E000F8100002B024E363032332D46504C4ADF
05-08-2025 18:53:29.708,93,RECV,7E000F8100001D024E323032302D544B5330FE
05-08-2025 18:53:29.709,94,RECV,7E000F8100002B024E363032342D334C383023
05-08-2025 18:53:29.758,95,RECV,7E000F81000038024E353032322D3031513915
05-08-2025 18:53:29.858,96,RECV,7E000F81000037024E353032332D3646463806
05-08-2025 18:53:29.909,97,RECV,7E000F8100001D024E323032312D31544C311D
05-08-2025 18:53:29.939,98,RECV,7E007D3181F9DF1D0274004E313032352D5137524DA9
05-08-2025 18:53:30.009,99,RECV,7E000F81000037024E353032342D5835303909
05-08-2025 18:53:30.011,100,RECV,7E000F8100001D024E323032322D4D434851F5
05-08-2025 18:53:30.109,101,RECV,7E007D3181F9DF1D0275004E313032362D33315A5AB6
05-08-2025 18:53:30.259,102,RECV,7E007D3181F9DF1D0276004E313032372D53363933D7
05-08-2025 18:53:30.260,103,RECV,7E000F8100002B024E363032352D43425058DC
05-08-2025 18:53:30.410,104,RECV,7E000F81000037024E353032352D58504852BC
05-08-2025 18:53:30.410,105,RECV,7E007D3181F9DF1D0277004E313032382D4E494D578F
05-08-2025 18:53:30.460,106,RECV,7E000F8100002B024E363032362D544B3456DF
05-08-2025 18:53:30.460,107,RECV,7E007D3181F9DF1D0278004E313032392D545A444B8B
05-08-2025 18:53:30.761,108,RECV,7E000F8100002D024E363032372D4A4E5633E4
05-08-2025 18:53:30.911,109,RECV,7E000F81000039024E353032362D4A583338EE
05-08-2025 18:53:31.011,110,RECV,7E000F8100002B024E363032382D46364653F1
05-08-2025 18:53:31.373,111,RECV,7E007D338100001D0022FFFFFFFFFFFFFFFF0000005348AC
05-08-2025 18:53:31.413,112,RECV,7E007D338100002B0028FFFFFFFFFFFFFFFF000000534898
05-08-2025 18:53:31.513,113,RECV,7E000F8100002B024E363032392D4D4F4D58C4
05-08-2025 18:53:31.513,114,RECV,7E000F8100001D024E323032332D58554632F8
05-08-2025 18:53:31.513,115,RECV,7E007D3181F9DF1D0279004E313033302D4753434EA4
05-08-2025 18:53:31.563,116,RECV,7E000F81000038024E353032372D5336574BD0
05-08-2025 18:53:31.713,117,RECV,7E000F81000038024E353032382D4C414342E8
05-08-2025 18:53:31.714,118,RECV,7E007D3181F9DF1D027A004E313033312D5058505184
05-08-2025 18:53:31.725,119,RECV,7E000F8100002B024E363033302D364F31490E
05-08-2025 18:53:31.813,120,RECV,7E000F8100001D024E323032342D5432415401
05-08-2025 18:53:31.864,121,RECV,7E000F8100002D024E363033312D51514C33E9
05-08-2025 18:53:31.914,122,RECV,7E007D3181F9DF1D027B004E313033322D4B374851B0
05-08-2025 18:53:31.921,123,RECV,7E000F8100002D024E363033322D50565A59B0
05-08-2025 18:53:32.014,124,RECV,7E000F8100001D024E323032352D3133353949
05-08-2025 18:53:32.215,125,RECV,7E007D3181F9DF1D027C004E313033332D55384848AC
05-08-2025 18:53:32.315,126,RECV,7E000F81000039024E353032392D47335147E6
05-08-2025 18:53:32.315,127,RECV,7E000F81000039024E353033302D51454F44D7
05-08-2025 18:53:32.365,128,RECV,7E000F8100001D024E323032362D3750384714
05-08-2025 18:53:32.415,129,RECV,7E000F81000038024E353033312D324B4A42F7
05-08-2025 18:53:32.515,130,RECV,7E000F8100001D024E323032372D3853444208
05-08-2025 18:53:32.520,131,RECV,7E000F81000038024E353033322D3036444A0B
05-08-2025 18:53:32.520,132,RECV,7E000F81000038024E353033332D33553443FF
05-08-2025 18:53:32.565,133,RECV,7E000F81000038024E353033342D344D4F48E5
05-08-2025 18:53:32.616,134,RECV,7E000F8100002B024E363033332D49463158F2
05-08-2025 18:53:32.666,135,RECV,7E007D3181F9DF1D027D5D004E313033342D594E3035BB
05-08-2025 18:53:32.716,136,RECV,7E007D3181F9DF1D027D5E004E313033352D395550489F
05-08-2025 18:53:32.716,137,RECV,7E000F81000039024E353033352D4741324AF7
05-08-2025 18:53:32.766,138,RECV,7E007D3181F9DF1D027F004E313033362D37345341C4
05-08-2025 18:53:32.766,139,RECV,7E000F81000039024E353033362D5A465132D7
05-08-2025 18:53:32.866,140,RECV,7E000F81000037024E353033372D534A4A33E1
05-08-2025 18:53:33.017,141,RECV,7E007D3181F9DF1D0280004E313033372D57533132B4
05-08-2025 18:53:33.117,142,RECV,7E007D3181F9DF1D0281004E313033382D5450525574
05-08-2025 18:53:33.167,143,RECV,7E000F8100001D024E323032382D43484F340A
05-08-2025 18:53:33.167,144,RECV,7E000F8100002D024E363033342D41545747D4
05-08-2025 18:53:33.188,145,RECV,7E007D3181F9DF1D0282004E313033392D38584A4F94
05-08-2025 18:53:33.518,146,RECV,7E000F8100002B024E363033352D35355A56EE
05-08-2025 18:53:33.568,147,RECV,7E000F81000037024E353033382D4C524757BE
05-08-2025 18:53:33.669,148,RECV,7E000F8100001D024E323032392D5431533708
05-08-2025 18:53:33.869,149,RECV,7E000F81000038024E353033392D47575A51AF
05-08-2025 18:53:34.020,150,RECV,7E007D3181F9DF1D0283004E313034302D32454852B3
05-08-2025 18:53:34.039,151,RECV,7E000F8100001D024E323033302D5742354F02
05-08-2025 18:53:34.039,152,RECV,7E000F81000037024E353034302D50393455EF
05-08-2025 18:53:34.170,153,RECV,7E000F8100002B024E363033362D58485732DE
05-08-2025 18:53:34.191,154,RECV,7E000F81000038024E353034312D313755330F
05-08-2025 18:53:34.320,155,RECV,7E000F8100002B024E363033372D56474537ED
05-08-2025 18:53:34.471,156,RECV,7E000F8100001D024E323033312D54305645FF
05-08-2025 18:53:34.471,157,RECV,7E000F8100001D024E323033322D5A533058E8
05-08-2025 18:53:34.471,158,RECV,7E000F8100001D024E323033332D4858413803
05-08-2025 18:53:34.521,159,RECV,7E000F8100001D024E323033342D395A4D50EB
05-08-2025 18:53:34.571,160,RECV,7E000F8100002C024E363033382D5236383410
05-08-2025 18:53:34.721,161,RECV,7E000F8100001D024E323033352D51555556C9
05-08-2025 18:53:34.922,162,RECV,7E000F8100001D024E323033362D4A50314509
05-08-2025 18:53:34.922,163,RECV,7E000F8100003A024E353034322D30473950FC
05-08-2025 18:53:35.174,164,RECV,7E000F8100002B024E363033392D52424B36EF
05-08-2025 18:53:35.176,165,RECV,7E000F8100001D024E323033372D474D434FF2
05-08-2025 18:53:35.176,166,RECV,7E000F8100002B024E363034302D41484552EC
05-08-2025 18:53:35.176,167,RECV,7E000F81000038024E353034332D4D524A32E2
05-08-2025 18:53:35.185,168,RECV,7E000F8100001D024E323033382D445142320E
05-08-2025 18:53:35.224,169,RECV,7E000F8100002B024E363034312D41455146EE
05-08-2025 18:53:35.325,170,RECV,7E000F8100002B024E363034322D45355758E1
05-08-2025 18:53:35.375,171,RECV,7E007D338100001D0033FFFFFFFFFFFFFFFF00000053489B
05-08-2025 18:53:35.425,172,RECV,7E007D3181F9DF1D0284004E313034312D4649304AB9
05-08-2025 18:53:35.425,173,RECV,7E007D338100002B0037FFFFFFFFFFFFFFFF000000534889
05-08-2025 18:53:35.575,174,RECV,7E000F81000037024E353034342D3442384906
05-08-2025 18:53:35.626,175,RECV,7E007D3181F9DF1D0285004E313034322D4738384ABF
05-08-2025 18:53:35.676,176,RECV,7E000F8100002B024E363034332D57544554C5
05-08-2025 18:53:35.826,177,RECV,7E000F8100001D024E323033392D554C4D55D3
05-08-2025 18:53:35.876,178,RECV,7E000F81000038024E353034352D344F4149EE
05-08-2025 18:53:35.937,179,RECV,7E000F8100002B024E363034342D36513253FC
05-08-2025 18:53:35.987,180,RECV,7E007D3181F9DF1D0286004E313034332D4B4A55478D
05-08-2025 18:53:36.078,181,RECV,7E000F8100002B024E363034352D44573638FE
05-08-2025 18:53:36.079,182,RECV,7E000F8100001D024E323034302D51483255FE
05-08-2025 18:53:36.177,183,RECV,7E007D3181F9DF1D0287004E313034342D4F59544878
05-08-2025 18:53:36.178,184,RECV,7E007D3181F9DF1D0288004E313034352D49334F43AC
05-08-2025 18:53:36.227,185,RECV,7E000F8100002B024E363034362D44585235E3
05-08-2025 18:53:36.338,186,RECV,7E000F8100001D024E323034312D4F4A5933F8
05-08-2025 18:53:36.378,187,RECV,7E000F8100002B024E363034372D4B584E41D3
05-08-2025 18:53:36.378,188,RECV,7E000F8100002B024E363034382D314B374F02
05-08-2025 18:53:36.428,189,RECV,7E000F81000038024E353034362D56425341CE
05-08-2025 18:53:36.478,190,RECV,7E000F8100002B024E363034392D374A384FFB
05-08-2025 18:53:36.528,191,RECV,7E007D3181F9DF1D0289004E313034362D4A30434BB0
05-08-2025 18:53:36.628,192,RECV,7E007D3181F9DF1D028A004E313034372D384D3055AC
05-08-2025 18:53:36.628,193,RECV,7E000F81000037024E353034372D4D4C3334FA
05-08-2025 18:53:36.680,194,RECV,7E000F81000038024E353034382D554D554AB7
05-08-2025 18:53:36.680,195,RECV,7E000F8100002B024E363035302D47583552E5
05-08-2025 18:53:36.779,196,RECV,7E000F81000038024E353034392D52485547C1
05-08-2025 18:53:36.879,197,RECV,7E007D3181F9DF1D028B004E313034382D4F584E328D
05-08-2025 18:53:36.929,198,RECV,7E000F8100002C024E363035312D5A4330320A
05-08-2025 18:53:36.979,199,RECV,7E000F81000038024E353035302D5A44594ABE
05-08-2025 18:53:37.130,200,RECV,7E000F8100001D024E323034322D534F5343E4
05-08-2025 18:53:37.230,201,RECV,7E000F81000038024E353035312D4E544E32DC
05-08-2025 18:53:37.380,202,RECV,7E007D3181F9DF1D028C004E313034392D31424256A7
05-08-2025 18:53:37.531,203,RECV,7E000F8100002C024E363035322D53564E4BC6
05-08-2025 18:53:37.537,204,RECV,7E000F8100001D024E323034332D4C4D554CE1
05-08-2025 18:53:37.581,205,RECV,7E007D3181F9DF1D028D004E313035302D41304949B6
05-08-2025 18:53:37.641,206,RECV,7E000F81000038024E353035322D41544D33E8
05-08-2025 18:53:37.662,207,RECV,7E000F8100001D024E323034342D48314A480F
05-08-2025 18:53:37.731,208,RECV,7E000F81000039024E353035332D47593434F3
05-08-2025 18:53:37.982,209,RECV,7E007D3181F9DF1D028E004E313035312D5A39575875
05-08-2025 18:53:38.233,210,RECV,7E000F81000039024E353035342D31565655C8
05-08-2025 18:53:38.283,211,RECV,7E000F8100001D024E323034352D4637465303
05-08-2025 18:53:38.483,212,RECV,7E007D3181F9DF1D028F004E313035322D5A4A3439A4
05-08-2025 18:53:38.534,213,RECV,7E000F81000038024E353035352D524D3651D4
05-08-2025 18:53:38.634,214,RECV,7E007D3181F9DF1D0290004E313035332D5752355283
05-08-2025 18:53:38.634,215,RECV,7E000F8100001D024E323034362D4950474EEA
05-08-2025 18:53:38.654,216,RECV,7E000F8100001D024E323034372D494132500B
05-08-2025 18:53:38.734,217,RECV,7E000F81000039024E353035362D50344B30F9
05-08-2025 18:53:38.784,218,RECV,7E007D3181F9DF1D0291004E313035342D4F424838A0
05-08-2025 18:53:38.785,219,RECV,7E000F8100002C024E363035332D4D395839F0
05-08-2025 18:53:38.985,220,RECV,7E000F8100001D024E323034382D5437333226
05-08-2025 18:53:38.985,221,RECV,7E007D3181F9DF1D0292004E313035352D4647575774
05-08-2025 18:53:39.286,222,RECV,7E007D3181F9DF1D0293004E313035362D4837534596
05-08-2025 18:53:39.386,223,RECV,7E007D33810000380046FFFFFFFFFFFFFFFF00000053486D
05-08-2025 18:53:39.386,224,RECV,7E007D338100001D003EFFFFFFFFFFFFFFFF000000534890
05-08-2025 18:53:39.436,225,RECV,7E007D338100002B0043FFFFFFFFFFFFFFFF00000053487D5D
05-08-2025 18:53:39.436,226,RECV,7E000F8100002B024E363035342D325A5342E6
05-08-2025 18:53:39.486,227,RECV,7E007D3181F9DF1D0294004E313035372D42334E38B0
05-08-2025 18:53:39.511,228,RECV,7E000F8100001D024E323034392D56515735E2
05-08-2025 18:53:39.586,229,RECV,7E000F81000037024E353035372D31593950E6
05-08-2025 18:53:39.787,230,RECV,7E000F8100001D024E323035302D4C315A4FF7
05-08-2025 18:53:39.887,231,RECV,7E000F81000038024E353035382D324B354302
05-08-2025 18:53:39.937,232,RECV,7E007D3181F9DF1D0295004E313035382D50335133A2
05-08-2025 18:53:40.168,233,RECV,7E000F8100001D024E323035312D51494E4CE8
05-08-2025 18:53:40.399,234,RECV,7E000F8100003B024E353035392D4E414B35E4
05-08-2025 18:53:40.439,235,RECV,7E000F8100002E024E363035352D35335052F9
05-08-2025 18:53:40.589,236,RECV,7E000F81000039024E353036302D5042394EE4
05-08-2025 18:53:40.689,237,RECV,7E000F8100001D024E323035322D4D4E3052FE
05-08-2025 18:53:40.790,238,RECV,7E007D3181F9DF1D0296004E313035392D4B484E477F
05-08-2025 18:53:40.940,239,RECV,7E000F8100002E024E363035362D42535455C4
05-08-2025 18:53:40.990,240,RECV,7E000F8100002D024E363035372D4B334343FE
05-08-2025 18:53:40.991,241,RECV,7E000F8100002E024E363035382D3442313029
05-08-2025 18:53:41.241,242,RECV,7E007D3181F9DF1D0297004E313036302D3851574C82
05-08-2025 18:53:41.246,243,RECV,7E000F8100003A024E353036312D55473136F8
05-08-2025 18:53:41.246,244,RECV,7E000F8100002D024E363035392D5A4C4636DE
05-08-2025 18:53:41.341,245,RECV,7E000F8100001D024E323035332D3037324F32
05-08-2025 18:53:41.361,246,RECV,7E000F8100002D024E363036302D4850334EEF
05-08-2025 18:53:41.391,247,RECV,7E000F81000039024E353036322D53454E31E4
05-08-2025 18:53:41.391,248,RECV,7E000F8100002C024E363036312D435031317D33
05-08-2025 18:53:41.543,249,RECV,7E000F81000037024E353036332D36524550DF
05-08-2025 18:53:41.794,250,RECV,7E000F8100001D024E323035342D54474854E2
05-08-2025 18:53:41.807,251,RECV,7E000F8100001D024E323035352D444D414204
05-08-2025 18:53:41.807,252,RECV,7E000F8100001D024E323035362D3450573309
05-08-2025 18:53:41.893,253,RECV,7E000F8100001D024E323035372D354F554FEE
05-08-2025 18:53:41.994,254,RECV,7E000F81000038024E353036342D4D4D3734F5
05-08-2025 18:53:42.094,255,RECV,7E007D3181F9DF1D0298004E313036312D4A5855575E
05-08-2025 18:53:42.144,256,RECV,7E000F8100001D024E323035382D55483155F2
05-08-2025 18:53:42.244,257,RECV,7E000F8100002E024E363036322D4C504E4DCE
05-08-2025 18:53:42.245,258,RECV,7E000F81000039024E353036352D4D384137FB
05-08-2025 18:53:42.345,259,RECV,7E000F8100001D024E323035392D544A5A30EC
05-08-2025 18:53:42.555,260,RECV,7E000F8100001D024E323036302D304B5A4AFD
05-08-2025 18:53:42.577,261,RECV,7E000F8100002A024E363036332D47584C48D5
05-08-2025 18:53:42.646,262,RECV,7E007D3181F9DF1D0299004E313036322D4E4E4D5869
05-08-2025 18:53:42.646,263,RECV,7E000F8100001D024E323036312D4944564AEE
05-08-2025 18:53:42.696,264,RECV,7E007D3181F9DF1D029A004E313036332D34573634B3
05-08-2025 18:53:42.796,265,RECV,7E000F8100003A024E353036362D5A464F31D6
05-08-2025 18:53:42.896,266,RECV,7E000F8100001D024E323036322D50325841FF
05-08-2025 18:53:43.247,267,RECV,7E000F81000039024E353036372D334E5055D0
05-08-2025 18:53:43.347,268,RECV,7E000F81000038024E353036382D42504430F0
05-08-2025 18:53:43.348,269,RECV,7E000F81000038024E353036392D59555836B9
05-08-2025 18:53:43.398,270,RECV,7E007D33810000380054FFFFFFFFFFFFFFFF00000053485F
05-08-2025 18:53:43.447,271,RECV,7E007D338100001D004DFFFFFFFFFFFFFFFF000000534881
05-08-2025 18:53:43.450,272,RECV,7E007D338100002B004EFFFFFFFFFFFFFFFF000000534872
05-08-2025 18:53:43.548,273,RECV,7E000F8100002B024E363036342D48385949E4
05-08-2025 18:53:43.598,274,RECV,7E000F8100002B024E363036352D454D3745F7
05-08-2025 18:53:43.608,275,RECV,7E000F8100002B024E363036362D51464736F0
05-08-2025 18:53:43.648,276,RECV,7E000F8100002B024E363036372D32395255F1
05-08-2025 18:53:43.648,277,RECV,7E007D3181F9DF1D029B004E313036342D46483333B2
05-08-2025 18:53:43.748,278,RECV,7E000F8100001D024E323036332D515A313805
05-08-2025 18:53:43.755,279,RECV,7E000F8100002B024E363036382D47434355E0
05-08-2025 18:53:43.849,280,RECV,7E000F8100001D024E323036342D4F364157FB
05-08-2025 18:53:43.852,281,RECV,7E000F81000038024E353037302D46375849DF
05-08-2025 18:53:43.852,282,RECV,7E000F81000038024E353037312D4B45393201
05-08-2025 18:53:43.969,283,RECV,7E000F8100002D024E363036392D45533945E9
05-08-2025 18:53:44.149,284,RECV,7E000F8100001D024E323036352D4F514446ED
05-08-2025 18:53:44.300,285,RECV,7E000F8100003A024E353037322D4C583841DC
05-08-2025 18:53:44.360,286,RECV,7E007D3181F9DF1D029C004E313036352D41484335A3
05-08-2025 18:53:44.400,287,RECV,7E000F8100002F024E363037302D52374850E4
05-08-2025 18:53:44.652,288,RECV,7E000F8100003B024E353037332D4E4F5A56AA
05-08-2025 18:53:44.701,289,RECV,7E000F81000038024E353037342D56365354C6
05-08-2025 18:53:44.712,290,RECV,7E007D3181F9DF1D029D004E313036362D4C36594681
05-08-2025 18:53:44.801,291,RECV,7E000F8100001D024E323036362D514542330B
05-08-2025 18:53:44.820,292,RECV,7E000F8100001D024E323036372D4C415845EB
05-08-2025 18:53:44.821,293,RECV,7E007D3181F9DF1D029E004E313036372D38484A4D89
05-08-2025 18:53:44.851,294,RECV,7E000F8100001D024E323036382D4133314E21
05-08-2025 18:53:44.952,295,RECV,7E000F8100002B024E363037312D414C534CDC
05-08-2025 18:53:45.002,296,RECV,7E007D3181F9DF1D029F004E313036382D58514D5A4E
05-08-2025 18:53:45.052,297,RECV,7E000F81000037024E353037352D45423352ED
05-08-2025 18:53:45.253,298,RECV,7E007D3181F9DF1D02A0004E313036392D49373046A6
05-08-2025 18:53:45.503,299,RECV,7E000F81000037024E353037362D49504934E2
05-08-2025 18:53:45.603,300,RECV,7E000F81000038024E353037372D3935333322
05-08-2025 18:53:45.704,301,RECV,7E000F8100002B024E363037322D474D3544FA
05-08-2025 18:53:45.804,302,RECV,7E000F81000038024E353037382D384E5132EC
05-08-2025 18:53:46.005,303,RECV,7E000F8100002B024E363037332D4238424A00
05-08-2025 18:53:46.005,304,RECV,7E007D3181F9DF1D02A1004E313037302D485251595F
05-08-2025 18:53:46.255,305,RECV,7E000F8100002B024E363037342D47455A4AD5
05-08-2025 18:53:46.306,306,RECV,7E007D3181F9DF1D02A2004E313037312D4D4C564270
05-08-2025 18:53:46.406,307,RECV,7E007D3181F9DF1D02A3004E313037322D545058554E
05-08-2025 18:53:46.556,308,RECV,7E000F8100002A024E363037352D4D524A38E4
05-08-2025 18:53:46.556,309,RECV,7E000F8100002B024E363037362D53364D33FA
05-08-2025 18:53:46.958,310,RECV,7E000F81000039024E353037392D47365A5AC2
05-08-2025 18:53:47.007,311,RECV,7E007D3181F9DF1D02A4004E313037332D35545A4B6F
05-08-2025 18:53:47.158,312,RECV,7E000F8100001D024E323036392D4C325442FF
05-08-2025 18:53:47.160,313,RECV,7E007D3181F9DF1D02A5004E313037342D584C46565B
05-08-2025 18:53:47.168,314,RECV,7E000F81000038024E353038302D4D563341E5
05-08-2025 18:53:47.208,315,RECV,7E000F8100002B024E363037372D414D3653EB
05-08-2025 18:53:47.228,316,RECV,7E000F81000038024E353038312D56314744E9
05-08-2025 18:53:47.258,317,RECV,7E000F81000038024E353038322D51374656D6
05-08-2025 18:53:47.278,318,RECV,7E007D3181F9DF1D02A6004E313037352D5037453994
05-08-2025 18:53:47.358,319,RECV,7E007D3181F9DF1D02A7004E313037362D5047435469
05-08-2025 18:53:47.408,320,RECV,7E007D33810000380062FFFFFFFFFFFFFFFF000000534851
05-08-2025 18:53:47.458,321,RECV,7E007D338100002B005DFFFFFFFFFFFFFFFF000000534863
05-08-2025 18:53:47.509,322,RECV,7E000F8100001D024E323037302D444C5052E9
05-08-2025 18:53:47.559,323,RECV,7E000F8100002B024E363037382D45515A57BA
05-08-2025 18:53:47.579,324,RECV,7E000F81000038024E353038332D36355253E9
05-08-2025 18:53:47.579,325,RECV,7E007D3181F9DF1D02A8004E313037372D314A4D438A
05-08-2025 18:53:47.629,326,RECV,7E000F8100002D024E363037392D364D5657CE
05-08-2025 18:53:47.809,327,RECV,7E000F81000039024E353038342D44503836F5
05-08-2025 18:53:47.859,328,RECV,7E007D3181F9DF1D02A9004E313037382D464A483289
05-08-2025 18:53:47.910,329,RECV,7E000F81000039024E353038352D484A594AC1
05-08-2025 18:53:47.960,330,RECV,7E000F8100003A024E353038362D46414A44DF
05-08-2025 18:53:48.010,331,RECV,7E000F8100001D024E323037312D4E554632FF
05-08-2025 18:53:48.060,332,RECV,7E007D3181F9DF1D02AA004E313037392D4E43493186
05-08-2025 18:53:48.110,333,RECV,7E000F81000039024E353038372D5443494FC5
05-08-2025 18:53:48.161,334,RECV,7E000F8100001D024E323037322D58583655DE
05-08-2025 18:53:48.311,335,RECV,7E000F81000039024E353038382D41393941FF
05-08-2025 18:53:48.361,336,RECV,7E007D3181F9DF1D02AB004E313038302D39413343A8
05-08-2025 18:53:48.662,337,RECV,7E000F81000038024E353038392D4A42594DC1
05-08-2025 18:53:48.712,338,RECV,7E007D3181F9DF1D02AC004E313038312D4846493986
05-08-2025 18:53:48.715,339,RECV,7E000F8100002B024E363038302D4E545A46C6
05-08-2025 18:53:48.762,340,RECV,7E007D3181F9DF1D02AD004E313038322D315332528C
05-08-2025 18:53:48.762,341,RECV,7E000F8100001D024E323037332D55524545E7
05-08-2025 18:53:48.812,342,RECV,7E000F81000039024E353039302D4241463100
05-08-2025 18:53:48.862,343,RECV,7E000F8100002B024E363038312D3141374E10
05-08-2025 18:53:49.013,344,RECV,7E000F81000037024E353039312D4C415759BE
05-08-2025 18:53:49.013,345,RECV,7E007D3181F9DF1D02AE004E313038332D4F42325778
05-08-2025 18:53:49.063,346,RECV,7E000F81000038024E353039322D33494357E3
05-08-2025 18:53:49.113,347,RECV,7E007D3181F9DF1D02AF004E313038342D45424D5567
05-08-2025 18:53:49.113,348,RECV,7E000F81000038024E353039332D53543034ED
05-08-2025 18:53:49.133,349,RECV,7E000F8100002B024E363038322D4250505ACA
05-08-2025 18:53:49.163,350,RECV,7E000F8100001D024E323037342D4C44494EF0
05-08-2025 18:53:49.314,351,RECV,7E007D3181F9DF1D02B0004E313038352D38374E5879
05-08-2025 18:53:49.364,352,RECV,7E000F81000038024E353039342D4650524BC4
05-08-2025 18:53:49.614,353,RECV,7E000F8100002D024E363038332D52354755E0
05-08-2025 18:53:49.615,354,RECV,7E000F8100001D024E323037352D3154373426
05-08-2025 18:53:49.615,355,RECV,7E000F8100001D024E323037362D5742564BDB
05-08-2025 18:53:49.665,356,RECV,7E000F8100002D024E363038342D384F4544F2
05-08-2025 18:53:49.815,357,RECV,7E000F8100002B024E363038352D4C435742DB
05-08-2025 18:53:49.915,358,RECV,7E000F8100002B024E363038362D3744493608
05-08-2025 18:53:50.015,359,RECV,7E000F81000037024E353039352D51504549C8
05-08-2025 18:53:50.065,360,RECV,7E000F8100001D024E323037372D4E31535AE8
05-08-2025 18:53:50.167,361,RECV,7E000F8100002B024E363038372D5452375ACA
05-08-2025 18:53:50.268,362,RECV,7E000F81000038024E353039362D52513530ED
05-08-2025 18:53:50.317,363,RECV,7E007D3181F9DF1D02B1004E313038362D46374C3390
05-08-2025 18:53:50.318,364,RECV,7E000F8100002B024E363038382D425A3332FF
05-08-2025 18:53:50.368,365,RECV,7E000F8100002C024E363038392D51564646CB
05-08-2025 18:53:50.378,366,RECV,7E000F8100002B024E363039302D304C4F4AF2
05-08-2025 18:53:50.399,367,RECV,7E000F81000038024E353039372D52335149D5
05-08-2025 18:53:50.518,368,RECV,7E000F81000038024E353039382D5651434CBD
05-08-2025 18:53:50.518,369,RECV,7E000F81000038024E353039392D53485444BF
05-08-2025 18:53:50.568,370,RECV,7E007D3181F9DF1D02B2004E313038372D5A5A44355D
05-08-2025 18:53:50.600,371,RECV,7E007D3181F9DF1D02B3004E313038382D5130334D87
05-08-2025 18:53:50.618,372,RECV,7E000F8100001D024E323037382D594B3750E8
05-08-2025 18:53:50.668,373,RECV,7E000F8100002B024E363039312D48593737F7
05-08-2025 18:53:50.669,374,RECV,7E000F8100001D024E323037392D4A4B4246F5
05-08-2025 18:53:50.669,375,RECV,7E000F8100001D024E323038302D56335749F1
05-08-2025 18:53:50.919,376,RECV,7E000F8100001E024E323038312D4751373514
05-08-2025 18:53:51.019,377,RECV,7E007D3181F9DF1D02B4004E313038392D564E473863
05-08-2025 18:53:51.220,378,RECV,7E000F8100002B024E363039322D5830414CF0
05-08-2025 18:53:51.320,379,RECV,7E000F8100001D024E323038322D4F34574FEF
05-08-2025 18:53:51.320,380,RECV,7E000F8100002B024E363039332D59464F36E0
05-08-2025 18:53:51.470,381,RECV,7E007D338100002B006EFFFFFFFFFFFFFFFF000000534852
05-08-2025 18:53:51.570,382,RECV,7E000F8100002B024E363039342D5342514DD0
05-08-2025 18:53:51.821,383,RECV,7E007D3181F9DF1D02B5004E313039302D5544375766
05-08-2025 18:53:51.871,384,RECV,7E000F8100001E024E323038332D55585834DD
05-08-2025 18:53:52.072,385,RECV,7E000F8100002B024E363039352D374C5254D9
05-08-2025 18:53:52.272,386,RECV,7E000F8100002B024E363039362D45593644E9
05-08-2025 18:53:52.273,387,RECV,7E000F8100002B024E363039372D4D50514BC7
05-08-2025 18:53:52.273,388,RECV,7E000F8100001D024E323038342D344F58310A
05-08-2025 18:53:52.373,389,RECV,7E007D3181F9DF1D02B6004E313039312D494C32388C
05-08-2025 18:53:52.423,390,RECV,7E007D3181F9DF1D02B7004E313039322D4B494D4E5A
05-08-2025 18:53:52.523,391,RECV,7E007D3181F9DF1D02B8004E313039332D5751554545
05-08-2025 18:53:52.774,392,RECV,7E000F8100002B024E363039382D36385247F8
05-08-2025 18:53:52.774,393,RECV,7E007D3181F9DF1D02B9004E313039342D5533594361
05-08-2025 18:53:52.934,394,RECV,7E000F8100002C024E363039392D5A4E5949B3
05-08-2025 18:53:53.024,395,RECV,7E007D3181F9DF1D02BA004E313039352D4E594C4D43
05-08-2025 18:53:53.074,396,RECV,7E000F8100001D024E323038352D4F584355D6
05-08-2025 18:53:53.425,397,RECV,7E000F8100001D024E323038362D4950373212
05-08-2025 18:53:53.475,398,RECV,7E000F8100001D024E323038372D50554656D2
05-08-2025 18:53:53.525,399,RECV,7E007D3181F9DF1D02BB004E313039362D3049375879
05-08-2025 18:53:53.526,400,RECV,7E007D3181F9DF1D02BC004E313039372D5331583172
05-08-2025 18:53:54.077,401,RECV,7E000F8100001D024E323038382D364A4B4601
05-08-2025 18:53:54.082,402,RECV,7E000F8100001D024E323038392D3043365315
05-08-2025 18:53:54.277,403,RECV,7E000F8100001D024E323039302D58544537F1
05-08-2025 18:53:54.278,404,RECV,7E007D3181F9DF1D02BD004E313039382D3253365171
05-08-2025 18:53:54.327,405,RECV,7E000F8100001D024E323039312D4A39583607
05-08-2025 18:53:54.378,406,RECV,7E000F8100001D024E323039322D323330562C
05-08-2025 18:53:54.679,407,RECV,7E007D3181F9DF1D02BE004E313039392D3346374883
05-08-2025 18:53:54.980,408,RECV,7E000F8100001D024E323039332D56395237FE
05-08-2025 18:53:55.381,409,RECV,7E000F8100001D024E323039342D3442394B1B
05-08-2025 18:53:55.632,410,RECV,7E000F8100001D024E323039352D34344B5908
05-08-2025 18:53:55.983,411,RECV,7E000F8100001D024E323039362D50595649CB
05-08-2025 18:53:56.283,412,RECV,7E000F8100001D024E323039372D473736332B
05-08-2025 18:53:56.885,413,RECV,7E000F8100001D024E323039382D5851325ADC
05-08-2025 18:53:56.985,414,RECV,7E000F8100001D024E323039392D4538503112
