06-26-2025 20:52:05.609,-,API2,"Sink 2,0013A20041839DCA,802.15.4 TH,2003,/dev/ttyUSB2 - 57600/8/M/1/N,1,46"

06-26-2025 20:51:02.979,0,RECV,7E000F81000634024E363030302D4A4E5A4FC0
06-26-2025 20:51:02.980,1,RECV,7E000F8100052C024E353030302D4C4834350E
06-26-2025 20:51:03.180,2,RECV,7E000F8100062F024E363030312D59465957B6
06-26-2025 20:51:03.180,3,RECV,7E000F8100052D024E353030312D324C4857EC
06-26-2025 20:51:03.180,4,RECV,7E000F81000833024E383030312D42474B37F2
06-26-2025 20:51:03.383,5,RECV,7E000F81000632024E363030322D4D34334A03
06-26-2025 20:51:03.383,6,RECV,7E000F8100052E024E353030322D3438415703
06-26-2025 20:51:03.383,7,RECV,7E000F81000831024E383030322D59494F38D5
06-26-2025 20:51:03.583,8,RECV,7E000F81000732024E373030332D4A594751C3
06-26-2025 20:51:03.583,9,RECV,7E000F81000631024E363030332D31385552F1
06-26-2025 20:51:03.583,10,RECV,7E000F8100052C024E353030332D32434F58EC
06-26-2025 20:51:03.583,11,RECV,7E000F81000830024E383030332D384F3552F0
06-26-2025 20:51:03.783,12,RECV,7E000F81000730024E373030342D37555748D4
06-26-2025 20:51:03.784,13,RECV,7E000F8100062F024E363030342D4348354FF3
06-26-2025 20:51:03.784,14,RECV,7E000F8100052C024E353030342D33364759FE
06-26-2025 20:51:03.784,15,RECV,7E000F8100082F024E383030342D5538564CCF
06-26-2025 20:51:03.984,16,RECV,7E000F81000730024E373030352D51424553D3
06-26-2025 20:51:03.984,17,RECV,7E000F8100062F024E363030352D4943304302
06-26-2025 20:51:03.984,18,RECV,7E000F8100052D024E353030352D4F475234E9
06-26-2025 20:51:03.984,19,RECV,7E000F8100082F024E383030352D5151314AE0
06-26-2025 20:51:04.184,20,RECV,7E000F81000731024E373030362D414C4F4AD6
06-26-2025 20:51:04.184,21,RECV,7E000F8100052D024E353030362D3247453610
06-26-2025 20:51:04.184,22,RECV,7E000F8100082F024E383030362D32545359CA
06-26-2025 20:51:04.385,23,RECV,7E000F81000730024E373030372D303731580C
06-26-2025 20:51:04.385,24,RECV,7E000F81000830024E383030372D315233370D
06-26-2025 20:51:04.585,25,RECV,7E000F81000831024E383030382D494F5933D4
06-26-2025 20:51:04.785,26,RECV,7E000F81000830024E383030392D49595653AD
06-26-2025 20:51:04.986,27,RECV,7E000F81000830024E383031302D54333050F9
06-26-2025 20:51:05.186,28,RECV,7E000F81000830024E383031312D454B4A54D1
06-26-2025 20:51:05.386,29,RECV,7E000F8100052D024E353031322D4B444C53D9
06-26-2025 20:51:05.386,30,RECV,7E000F81000831024E383031322D5A314630FC
06-26-2025 20:51:05.589,31,RECV,7E000F8100052E024E353031332D4F305236FE
06-26-2025 20:51:05.589,32,RECV,7E000F81000831024E383031332D51523354D2
06-26-2025 20:51:05.790,33,RECV,7E000F8100052E024E353031342D4C375441EC
06-26-2025 20:51:05.808,34,RECV,7E000F81000830024E383031342D48305835F7
06-26-2025 20:51:05.990,35,RECV,7E000F8100052E024E353031352D49384E50E4
06-26-2025 20:51:05.990,36,RECV,7E000F81000631024E363031352D4448383208
06-26-2025 20:51:05.990,37,RECV,7E000F81000831024E383031352D434E4235F2
06-26-2025 20:51:06.190,38,RECV,7E000F8100052E024E353031362D52583735EC
06-26-2025 20:51:06.190,39,RECV,7E000F81000732024E373031362D564A5634D0
06-26-2025 20:51:06.190,40,RECV,7E000F81000631024E363031362D4E384557DB
06-26-2025 20:51:06.190,41,RECV,7E000F81000831024E383031362D5156474BC0
06-26-2025 20:51:06.391,42,RECV,7E000F8100052E024E353031372D4530464AFC
06-26-2025 20:51:06.391,43,RECV,7E000F81000732024E373031372D59393945E9
06-26-2025 20:51:06.391,44,RECV,7E000F81000631024E363031372D4A455134E8
06-26-2025 20:51:06.391,45,RECV,7E000F81000831024E383031372D57395459BB
06-26-2025 20:51:06.591,46,RECV,7E000F8100052E024E353031382D353946311B
06-26-2025 20:51:06.592,47,RECV,7E000F81000831024E383031382D3256484ADD
06-26-2025 20:51:06.791,48,RECV,7E000F8100052E024E353031392D49554855C4
06-26-2025 20:51:06.992,49,RECV,7E000F8100052F024E353032302D4B30413515
06-26-2025 20:51:06.992,50,RECV,7E000F81000734024E373032302D3353564ED3
06-26-2025 20:51:06.992,51,RECV,7E000F81000831024E383032302D3445434CF6
06-26-2025 20:51:07.192,52,RECV,7E000F8100052E024E353032312D48484E58D0
06-26-2025 20:51:07.193,53,RECV,7E000F81000631024E363032312D50314452EA
06-26-2025 20:51:07.392,54,RECV,7E000F8100052E024E353032322D38384D56F2
06-26-2025 20:51:07.397,55,RECV,7E000F81000630024E363032322D32515746E1
06-26-2025 20:51:07.593,56,RECV,7E000F8100052E024E353032332D46445833EF
06-26-2025 20:51:07.593,57,RECV,7E000F81000831024E383032332D4E513541E6
06-26-2025 20:51:07.593,58,RECV,7E000F81000732024E373032332D454E4331F5
06-26-2025 20:51:07.593,59,RECV,7E000F81000631024E363032332D57585841B7
06-26-2025 20:51:07.794,60,RECV,7E000F8100052E024E353032342D464B4537F6
06-26-2025 20:51:07.794,61,RECV,7E000F81000831024E383032342D45544E41D2
06-26-2025 20:51:07.796,62,RECV,7E000F81000732024E373032342D4F375151D3
06-26-2025 20:51:07.796,63,RECV,7E000F81000630024E363032342D4B50574FBE
06-26-2025 20:51:07.994,64,RECV,7E000F8100052D024E353032352D3850493200
06-26-2025 20:51:07.996,65,RECV,7E000F81000732024E373032352D513334370B
06-26-2025 20:51:08.004,66,RECV,7E000F81000630024E363032352D39435A56D2
06-26-2025 20:51:08.194,67,RECV,7E000F81000630024E363032362D424B4634F6
06-26-2025 20:51:08.395,68,RECV,7E000F81000830024E383032372D3745374BFA
06-26-2025 20:51:08.395,69,RECV,7E000F8100052D024E353032372D51505530DB
06-26-2025 20:51:08.396,70,RECV,7E000F81000731024E373032372D48515252BC
06-26-2025 20:51:08.445,71,RECV,7E000F8100062F024E363032372D31414B48F8
06-26-2025 20:51:08.595,72,RECV,7E000F81000830024E383032382D3842303518
06-26-2025 20:51:08.596,73,RECV,7E000F8100052D024E353032382D30464D50ED
06-26-2025 20:51:08.596,74,RECV,7E000F81000731024E373032382D5959474AB5
06-26-2025 20:51:08.596,75,RECV,7E000F8100062F024E363032382D424C4C58CA
06-26-2025 20:51:08.796,76,RECV,7E000F81000830024E383032392D444A364BE7
06-26-2025 20:51:08.796,77,RECV,7E000F8100052D024E353032392D36584D34F0
06-26-2025 20:51:08.796,78,RECV,7E000F81000731024E373032392D5748314CDB
06-26-2025 20:51:08.846,79,RECV,7E000F8100062E024E363032392D564E434DC8
06-26-2025 20:51:08.997,80,RECV,7E000F8100082F024E383033302D56553148DB
06-26-2025 20:51:08.999,81,RECV,7E000F8100052D024E353033302D54494F55C6
06-26-2025 20:51:08.999,82,RECV,7E000F81000730024E373033302D4A493650E7
06-26-2025 20:51:09.007,83,RECV,7E000F8100062F024E363033302D31544C33FF
06-26-2025 20:51:09.197,84,RECV,7E000F8100082F024E383033312D305832370D
06-26-2025 20:51:09.199,85,RECV,7E000F8100052D024E353033312D39335558ED
06-26-2025 20:51:09.199,86,RECV,7E000F81000730024E373033312D5158504FB7
06-26-2025 20:51:09.199,87,RECV,7E000F8100062F024E363033312D4B494556D3
06-26-2025 20:51:09.397,88,RECV,7E000F81000830024E383033322D58314742EA
06-26-2025 20:51:09.397,89,RECV,7E000F8100052C024E353033322D3635555AEC
06-26-2025 20:51:09.398,90,RECV,7E000F81000730024E373033322D5648574CBD
06-26-2025 20:51:09.447,91,RECV,7E000F8100062F024E363033322D574E5052BA
06-26-2025 20:51:09.598,92,RECV,7E000F81000830024E383033332D4642564DD0
06-26-2025 20:51:09.603,93,RECV,7E000F8100052D024E353033332D4B39453308
06-26-2025 20:51:09.603,94,RECV,7E000F81000730024E373033332D34463957F3
06-26-2025 20:51:09.603,95,RECV,7E000F81000630024E363033332D484A3157E5
06-26-2025 20:51:09.798,96,RECV,7E000F81000833024E383033342D4D464453CD
06-26-2025 20:51:09.799,97,RECV,7E000F8100052E024E353033342D4F585749BB
06-26-2025 20:51:09.808,98,RECV,7E000F81000733024E373033342D5254524EB3
06-26-2025 20:51:09.808,99,RECV,7E000F81000632024E363033342D5A414F44CE
06-26-2025 20:51:09.998,100,RECV,7E000F81000834024E383033352D56385441D2
06-26-2025 20:51:09.998,101,RECV,7E000F81000531024E353033352D474D3442F4
06-26-2025 20:51:09.998,102,RECV,7E000F81000735024E373033352D56454955BD
06-26-2025 20:51:10.029,103,RECV,7E000F81000636024E363033352D57354645E0
06-26-2025 20:51:10.199,104,RECV,7E000F81000834024E383033362D57473136EF
06-26-2025 20:51:10.199,105,RECV,7E000F81000530024E353033362D4A36304509
06-26-2025 20:51:10.249,106,RECV,7E000F81000735024E373033362D5A4D4D32CF
06-26-2025 20:51:10.249,107,RECV,7E000F81000635024E363033362D5044454CD2
06-26-2025 20:51:10.399,108,RECV,7E000F81000833024E383033372D37474E39EF
06-26-2025 20:51:10.399,109,RECV,7E000F81000530024E353033372D3144524FE7
06-26-2025 20:51:10.400,110,RECV,7E000F81000735024E373033372D43334A53E1
06-26-2025 20:51:10.449,111,RECV,7E000F81000634024E363033372D564F4343CC
06-26-2025 20:51:10.600,112,RECV,7E000F81000832024E383033382D5341454FCC
06-26-2025 20:51:10.600,113,RECV,7E000F8100052F024E353033382D5A304652DB
06-26-2025 20:51:10.650,114,RECV,7E000F81000733024E373033382D3054333707
06-26-2025 20:51:10.650,115,RECV,7E000F81000634024E363033382D54523947D0
06-26-2025 20:51:10.800,116,RECV,7E000F81000832024E383033392D50455151BC
06-26-2025 20:51:10.802,117,RECV,7E000F8100052E024E353033392D5033554ED7
06-26-2025 20:51:10.821,118,RECV,7E000F81000733024E373033392D32484439FD
06-26-2025 20:51:10.821,119,RECV,7E000F81000632024E363033392D594B4E58AD
06-26-2025 20:51:11.000,120,RECV,7E000F81000831024E383034302D4C575536CE
06-26-2025 20:51:11.000,121,RECV,7E000F8100052F024E353034302D3737453918
06-26-2025 20:51:11.051,122,RECV,7E000F81000632024E363034302D5A4E4757B9
06-26-2025 20:51:11.201,123,RECV,7E000F81000831024E383034312D41494447E6
06-26-2025 20:51:11.201,124,RECV,7E000F8100052E024E353034312D3034355615
06-26-2025 20:51:11.251,125,RECV,7E000F81000732024E373034312D51553543DE
06-26-2025 20:51:11.261,126,RECV,7E000F81000630024E363034312D55364E49DE
06-26-2025 20:51:11.401,127,RECV,7E000F81000830024E383034322D544E5141C7
06-26-2025 20:51:11.411,128,RECV,7E000F8100052D024E353034322D58355744DC
06-26-2025 20:51:11.412,129,RECV,7E000F81000732024E373034322D5441305ADC
06-26-2025 20:51:11.451,130,RECV,7E000F8100062F024E363034322D545A4A4BBD
06-26-2025 20:51:11.601,131,RECV,7E000F81000830024E383034332D57354D42DF
06-26-2025 20:51:11.602,132,RECV,7E000F8100052D024E353034332D3438385807
06-26-2025 20:51:11.652,133,RECV,7E000F81000732024E373034332D36475135F7
06-26-2025 20:51:11.652,134,RECV,7E000F81000630024E363034332D3132464A0B
06-26-2025 20:51:11.802,135,RECV,7E000F81000830024E383034342D484A5155C1
06-26-2025 20:51:11.802,136,RECV,7E000F8100052D024E353034342D42525A47CD
06-26-2025 20:51:11.822,137,RECV,7E000F81000731024E373034342D5A334A30F3
06-26-2025 20:51:11.822,138,RECV,7E000F8100062F024E363034342D51455331E4
06-26-2025 20:51:12.002,139,RECV,7E000F8100082F024E383034352D36433550FB
06-26-2025 20:51:12.009,140,RECV,7E000F8100052D024E353034352D323659330D
06-26-2025 20:51:12.052,141,RECV,7E000F81000731024E373034352D39374550F4
06-26-2025 20:51:12.052,142,RECV,7E000F8100062F024E363034352D52323854ED
06-26-2025 20:51:12.202,143,RECV,7E000F8100082F024E383034362D304F433105
06-26-2025 20:51:12.203,144,RECV,7E000F8100052D024E353034362D3156394DF3
06-26-2025 20:51:12.253,145,RECV,7E000F81000731024E373034362D5755344BCD
06-26-2025 20:51:12.253,146,RECV,7E000F8100062F024E363034362D37445439F4
06-26-2025 20:51:12.403,147,RECV,7E000F8100082F024E383034372D45524157C8
06-26-2025 20:51:12.404,148,RECV,7E000F8100052C024E353034372D4C56354FDA
06-26-2025 20:51:12.453,149,RECV,7E000F81000730024E373034372D59553355C2
06-26-2025 20:51:12.460,150,RECV,7E000F8100062E024E363034372D4E453748EA
06-26-2025 20:51:12.604,151,RECV,7E000F8100082F024E383034382D4B4C4855C2
06-26-2025 20:51:12.614,152,RECV,7E000F8100052C024E353034382D534A4332ED
06-26-2025 20:51:12.654,153,RECV,7E000F81000731024E373034382D51555038C8
06-26-2025 20:51:12.656,154,RECV,7E000F8100062F024E363034382D4C304A45EF
06-26-2025 20:51:12.804,155,RECV,7E000F8100082F024E383034392D31494C49E6
06-26-2025 20:51:12.815,156,RECV,7E000F8100052D024E353034392D45534141E3
06-26-2025 20:51:12.825,157,RECV,7E000F81000730024E373034392D4153464DCF
06-26-2025 20:51:12.825,158,RECV,7E000F8100062F024E363034392D46523139F7
06-26-2025 20:51:13.006,159,RECV,7E000F81000830024E383035302D33415A59D5
06-26-2025 20:51:13.006,160,RECV,7E000F8100052D024E353035302D43304356F9
06-26-2025 20:51:13.056,161,RECV,7E000F81000732024E373035302D43434357DC
06-26-2025 20:51:13.056,162,RECV,7E000F81000630024E363035302D38503255F1
06-26-2025 20:51:13.206,163,RECV,7E000F81000833024E383035312D47594F4DBC
06-26-2025 20:51:13.256,164,RECV,7E000F81000531024E353035312D49494836F0
06-26-2025 20:51:13.256,165,RECV,7E000F81000735024E373035312D34434743F7
06-26-2025 20:51:13.256,166,RECV,7E000F81000634024E363035312D43553436F9
06-26-2025 20:51:13.406,167,RECV,7E000F81000833024E383035322D59564550B3
06-26-2025 20:51:13.406,168,RECV,7E000F8100052E024E353035322D41585832DF
06-26-2025 20:51:13.456,169,RECV,7E000F81000735024E373035322D4B52555AAB
06-26-2025 20:51:13.456,170,RECV,7E000F81000633024E363035322D51395150D0
06-26-2025 20:51:13.607,171,RECV,7E000F81000834024E383035332D415A3450D6
06-26-2025 20:51:13.657,172,RECV,7E000F81000530024E353035332D34334E3119
06-26-2025 20:51:13.657,173,RECV,7E000F81000734024E373035332D31425841EB
06-26-2025 20:51:13.657,174,RECV,7E000F81000632024E363035332D435A4F48C7
06-26-2025 20:51:13.807,175,RECV,7E000F81000833024E383035342D5A465A50AB
06-26-2025 20:51:13.817,176,RECV,7E000F8100052F024E353035342D3034524801
06-26-2025 20:51:13.849,177,RECV,7E000F81000734024E373035342D56534138D4
06-26-2025 20:51:13.850,178,RECV,7E000F81000632024E363035342D4745343406
06-26-2025 20:51:14.007,179,RECV,7E000F81000831024E383035352D59494438D8
06-26-2025 20:51:14.057,180,RECV,7E000F8100052F024E353035352D51384538F8
06-26-2025 20:51:14.057,181,RECV,7E000F81000733024E373035352D475A3644DB
06-26-2025 20:51:14.057,182,RECV,7E000F81000631024E363035352D43525859B4
06-26-2025 20:51:14.208,183,RECV,7E000F81000831024E383035362D315A4834EE
06-26-2025 20:51:14.218,184,RECV,7E000F8100052F024E353035362D313737322C
06-26-2025 20:51:14.258,185,RECV,7E000F81000733024E373035362D57345346D1
06-26-2025 20:51:14.260,186,RECV,7E000F81000631024E363035362D564D4D42C7
06-26-2025 20:51:14.410,187,RECV,7E000F81000831024E383035372D4D4D4552C3
06-26-2025 20:51:14.413,188,RECV,7E000F8100052E024E353035372D364B433108
06-26-2025 20:51:14.459,189,RECV,7E000F81000631024E363035372D4D473459D7
06-26-2025 20:51:14.610,190,RECV,7E000F81000831024E383035382D3634374E04
06-26-2025 20:51:14.660,191,RECV,7E000F8100052E024E353035382D31504952E0
06-26-2025 20:51:14.660,192,RECV,7E000F81000732024E373035382D325A303404
06-26-2025 20:51:14.660,193,RECV,7E000F81000630024E363035382D383243387D33
06-26-2025 20:51:14.810,194,RECV,7E000F81000830024E383035392D414D4845D8
06-26-2025 20:51:14.811,195,RECV,7E000F8100052E024E353035392D3243374B04
06-26-2025 20:51:14.860,196,RECV,7E000F81000732024E373035392D37464D57D2
06-26-2025 20:51:14.863,197,RECV,7E000F8100062E024E363035392D45574543D5
06-26-2025 20:51:15.011,198,RECV,7E000F81000830024E383036302D59594741C1
06-26-2025 20:51:15.061,199,RECV,7E000F8100052D024E353036302D51553253D9
06-26-2025 20:51:15.063,200,RECV,7E000F81000732024E373036302D4B513457D4
06-26-2025 20:51:15.063,201,RECV,7E000F81000630024E363036302D4A445436E7
06-26-2025 20:51:15.211,202,RECV,7E000F81000830024E383036312D4D425A4FC2
06-26-2025 20:51:15.231,203,RECV,7E000F8100052D024E353036312D4D424857D5
06-26-2025 20:51:15.261,204,RECV,7E000F81000731024E373036312D51354A35F6
06-26-2025 20:51:15.263,205,RECV,7E000F8100062F024E363036312D304C4954E6
06-26-2025 20:51:15.413,206,RECV,7E000F81000830024E383036322D5644344AE1
06-26-2025 20:51:15.463,207,RECV,7E000F8100052D024E353036322D524E5235DB
06-26-2025 20:51:15.466,208,RECV,7E000F81000731024E373036322D5A4F5858A1
06-26-2025 20:51:15.467,209,RECV,7E000F8100062F024E363036322D4E36323810
06-26-2025 20:51:15.613,210,RECV,7E000F8100082F024E383036332D4558304AE2
06-26-2025 20:51:15.623,211,RECV,7E000F8100052D024E353036332D5451475ABB
06-26-2025 20:51:15.663,212,RECV,7E000F81000731024E373036332D49385551D2
06-26-2025 20:51:15.667,213,RECV,7E000F81000630024E363036332D4F474355CE
06-26-2025 20:51:15.814,214,RECV,7E000F8100082F024E383036342D3735304715
06-26-2025 20:51:15.864,215,RECV,7E000F8100052D024E353036342D354933331C
06-26-2025 20:51:15.864,216,RECV,7E000F81000731024E373036342D58414851C6
06-26-2025 20:51:15.864,217,RECV,7E000F8100062F024E363036342D41374C43F5
06-26-2025 20:51:16.014,218,RECV,7E000F8100082F024E383036352D35593753DF
06-26-2025 20:51:16.064,219,RECV,7E000F8100052D024E353036352D50494A31EB
06-26-2025 20:51:16.065,220,RECV,7E000F81000730024E373036352D32454352EC
06-26-2025 20:51:16.065,221,RECV,7E000F8100062F024E363036352D41584A4DCB
06-26-2025 20:51:16.215,222,RECV,7E000F8100082F024E383036362D44593349DD
06-26-2025 20:51:16.215,223,RECV,7E000F8100052C024E353036362D5637454DE0
06-26-2025 20:51:16.265,224,RECV,7E000F81000730024E373036362D4B564D46C3
06-26-2025 20:51:16.265,225,RECV,7E000F8100062F024E363036362D59494F39D0
06-26-2025 20:51:16.415,226,RECV,7E000F8100082F024E383036372D334C5335EE
06-26-2025 20:51:16.465,227,RECV,7E000F8100052C024E353036372D33304A52FF
06-26-2025 20:51:16.466,228,RECV,7E000F81000731024E373036372D59304A4CD6
06-26-2025 20:51:16.466,229,RECV,7E000F8100062F024E363036372D3130445202
06-26-2025 20:51:16.615,230,RECV,7E000F8100082F024E383036382D38375756D8
06-26-2025 20:51:16.636,231,RECV,7E000F8100052C024E353036382D47455A4CCB
06-26-2025 20:51:16.666,232,RECV,7E000F81000730024E373036382D4A35445AD8
06-26-2025 20:51:16.668,233,RECV,7E000F8100062F024E363036382D45355554D5
06-26-2025 20:51:16.816,234,RECV,7E000F8100082F024E383036392D30374B330E
06-26-2025 20:51:16.866,235,RECV,7E000F8100052D024E353036392D574C3942DD
06-26-2025 20:51:16.866,236,RECV,7E000F81000730024E373036392D424C304DE9
06-26-2025 20:51:16.866,237,RECV,7E000F8100062F024E363036392D454B4254D1
06-26-2025 20:51:17.016,238,RECV,7E000F8100082D024E383037302D36465856D3
06-26-2025 20:51:17.036,239,RECV,7E000F8100052C024E353037302D5A413156E2
06-26-2025 20:51:17.066,240,RECV,7E000F81000730024E373037302D4C493758D8
06-26-2025 20:51:17.066,241,RECV,7E000F8100062F024E363037302D52443636FD
06-26-2025 20:51:17.216,242,RECV,7E000F81000830024E383037312D49324D44ED
06-26-2025 20:51:17.266,243,RECV,7E000F8100052D024E353037312D4F304852E9
06-26-2025 20:51:17.267,244,RECV,7E000F81000731024E373037312D35425848E3
06-26-2025 20:51:17.267,245,RECV,7E000F8100062F024E363037312D5A4F5649B6
06-26-2025 20:51:17.417,246,RECV,7E000F8100082F024E383037322D3930375801
06-26-2025 20:51:17.468,247,RECV,7E000F8100052C024E353037322D313731587D31
06-26-2025 20:51:17.468,248,RECV,7E000F81000730024E373037322D5252584AB4
06-26-2025 20:51:17.468,249,RECV,7E000F8100062F024E363037322D314F5941E3
06-26-2025 20:51:17.618,250,RECV,7E000F81000830024E383037332D484A4930EC
06-26-2025 20:51:17.669,251,RECV,7E000F8100052C024E353037332D4743424AEB
06-26-2025 20:51:17.669,252,RECV,7E000F81000731024E373037332D534C5937C9
06-26-2025 20:51:17.669,253,RECV,7E000F8100062F024E363037332D5737534BD0
06-26-2025 20:51:17.819,254,RECV,7E000F81000830024E383037342D35515236E8
06-26-2025 20:51:17.869,255,RECV,7E000F8100052E024E353037342D48354755E5
06-26-2025 20:51:17.869,256,RECV,7E000F81000730024E373037342D48384439FB
06-26-2025 20:51:17.869,257,RECV,7E000F8100062F024E363037342D5143364CE5
06-26-2025 20:51:18.019,258,RECV,7E000F8100082F024E383037352D54454344D6
06-26-2025 20:51:18.069,259,RECV,7E000F8100052D024E353037352D4143423701
06-26-2025 20:51:18.069,260,RECV,7E000F81000730024E373037352D4D464646D8
06-26-2025 20:51:18.070,261,RECV,7E000F8100062E024E363037352D41594652C9
06-26-2025 20:51:18.220,262,RECV,7E000F81000830024E383037362D3438434BFA
06-26-2025 20:51:18.270,263,RECV,7E000F8100052E024E353037362D4545383505
06-26-2025 20:51:18.270,264,RECV,7E000F81000732024E373037362D4D5A5A36BD
06-26-2025 20:51:18.270,265,RECV,7E000F81000630024E363037362D534D5A44BA
06-26-2025 20:51:18.420,266,RECV,7E000F81000830024E383037372D55564858A8
06-26-2025 20:51:18.470,267,RECV,7E000F8100052D024E353037372D52494F49C9
06-26-2025 20:51:18.471,268,RECV,7E000F81000731024E373037372D374F5541D8
06-26-2025 20:51:18.471,269,RECV,7E000F81000630024E363037372D4E413244F2
06-26-2025 20:51:18.620,270,RECV,7E000F81000830024E383037382D5A594835C2
06-26-2025 20:51:18.671,271,RECV,7E000F8100052D024E353037382D30474355EC
06-26-2025 20:51:18.681,272,RECV,7E000F81000730024E373037382D434D564BC3
06-26-2025 20:51:18.683,273,RECV,7E000F8100062F024E363037382D31515444DD
06-26-2025 20:51:18.821,274,RECV,7E000F81000830024E383037392D45464433EF
06-26-2025 20:51:18.872,275,RECV,7E000F8100052D024E353037392D534D504EBC
06-26-2025 20:51:18.873,276,RECV,7E000F81000732024E373037392D34464A4FDE
06-26-2025 20:51:18.873,277,RECV,7E000F81000630024E363037392D39375050E5
06-26-2025 20:51:19.022,278,RECV,7E000F81000830024E383038302D4D323055F5
06-26-2025 20:51:19.072,279,RECV,7E000F8100052E024E353038302D4D304653EB
06-26-2025 20:51:19.072,280,RECV,7E000F81000731024E373038302D4C484254D0
06-26-2025 20:51:19.082,281,RECV,7E000F81000630024E363038302D4D333955EF
06-26-2025 20:51:19.222,282,RECV,7E000F81000830024E383038312D4647464ED7
06-26-2025 20:51:19.272,283,RECV,7E000F81000732024E373038312D3733454603
06-26-2025 20:51:19.274,284,RECV,7E000F81000630024E363038312D53514B4DC0
06-26-2025 20:51:19.422,285,RECV,7E000F81000831024E383038322D41573347E4
06-26-2025 20:51:19.473,286,RECV,7E000F8100052D024E353038322D484736300B
06-26-2025 20:51:19.473,287,RECV,7E000F81000731024E373038322D344A303317
06-26-2025 20:51:19.523,288,RECV,7E000F81000630024E363038322D4E463639F8
06-26-2025 20:51:19.623,289,RECV,7E000F81000831024E383038332D3632364116
06-26-2025 20:51:19.674,290,RECV,7E000F8100052E024E353038332D315536330F
06-26-2025 20:51:19.675,291,RECV,7E000F81000732024E373038332D4D545242C1
06-26-2025 20:51:19.675,292,RECV,7E000F81000631024E363038332D38473746FD
06-26-2025 20:51:19.828,293,RECV,7E000F81000831024E383038342D4141575AC1
06-26-2025 20:51:19.849,294,RECV,7E000F8100052F024E353038342D564C3655CF
06-26-2025 20:51:19.879,295,RECV,7E000F81000732024E373038342D3848424EE5
06-26-2025 20:51:19.879,296,RECV,7E000F81000630024E363038342D46413647F5
06-26-2025 20:51:20.029,297,RECV,7E000F81000831024E383038352D5656484DB2
06-26-2025 20:51:20.079,298,RECV,7E000F8100052F024E353038352D51375A30E9
06-26-2025 20:51:20.079,299,RECV,7E000F81000732024E373038352D33485858C9
06-26-2025 20:51:20.089,300,RECV,7E000F81000632024E363038352D5358534CAC
06-26-2025 20:51:20.229,301,RECV,7E000F81000833024E383038362D4D35314BF2
06-26-2025 20:51:20.280,302,RECV,7E000F81000530024E353038362D3333574AF2
06-26-2025 20:51:20.285,303,RECV,7E000F81000733024E373038362D4C48514CC1
06-26-2025 20:51:20.286,304,RECV,7E000F81000632024E363038362D4639594ECF
06-26-2025 20:51:20.430,305,RECV,7E000F81000832024E383038372D334D4344E9
06-26-2025 20:51:20.480,306,RECV,7E000F8100052F024E353038372D33304C4DFD
06-26-2025 20:51:20.530,307,RECV,7E000F81000632024E363038372D495A4642C9
06-26-2025 20:51:20.630,308,RECV,7E000F81000832024E383038382D3536304E06
06-26-2025 20:51:20.680,309,RECV,7E000F81000530024E353038382D58483231F4
06-26-2025 20:51:20.683,310,RECV,7E000F81000734024E373038382D43594255BC
06-26-2025 20:51:20.683,311,RECV,7E000F81000632024E363038382D4E493638EE
06-26-2025 20:51:20.833,312,RECV,7E000F81000833024E383038392D45484332EB
06-26-2025 20:51:20.883,313,RECV,7E000F81000530024E353038392D42415143DF
06-26-2025 20:51:20.883,314,RECV,7E000F81000734024E373038392D55484A53B4
06-26-2025 20:51:21.033,315,RECV,7E000F81000832024E383039302D4D415134E3
06-26-2025 20:51:21.083,316,RECV,7E000F81000530024E353039302D46545233DF
06-26-2025 20:51:21.086,317,RECV,7E000F81000733024E373039302D52375049D5
06-26-2025 20:51:21.094,318,RECV,7E000F81000632024E363039302D4230453310
06-26-2025 20:51:21.234,319,RECV,7E000F81000832024E383039312D51525038CA
06-26-2025 20:51:21.284,320,RECV,7E000F81000530024E353039312D58354456D6
06-26-2025 20:51:21.284,321,RECV,7E000F81000734024E373039312D544D4D35D2
06-26-2025 20:51:21.284,322,RECV,7E000F81000632024E363039312D374F324BF6
06-26-2025 20:51:21.436,323,RECV,7E000F81000833024E383039322D4F345130EF
06-26-2025 20:51:21.484,324,RECV,7E000F81000531024E353039322D504E4D49C7
06-26-2025 20:51:21.484,325,RECV,7E000F81000735024E373039322D41574D34DA
06-26-2025 20:51:21.495,326,RECV,7E000F81000633024E363039322D3037395700
06-26-2025 20:51:21.634,327,RECV,7E000F81000831024E383039332D313430312E
06-26-2025 20:51:21.684,328,RECV,7E000F81000531024E353039332D56375955BF
06-26-2025 20:51:21.685,329,RECV,7E000F81000736024E373039332D50343144F8
06-26-2025 20:51:21.685,330,RECV,7E000F81000634024E363039332D4C495448C4
06-26-2025 20:51:21.835,331,RECV,7E000F81000831024E383039342D32555430E8
06-26-2025 20:51:21.885,332,RECV,7E000F8100052C024E353039342D39365052ED
06-26-2025 20:51:21.885,333,RECV,7E000F81000730024E373039342D55435445C5
06-26-2025 20:51:21.935,334,RECV,7E000F8100062E024E363039342D484D5237DC
06-26-2025 20:51:22.035,335,RECV,7E000F8100082F024E383039352D46365139EE
06-26-2025 20:51:22.085,336,RECV,7E000F8100052C024E353039352D59444748D1
06-26-2025 20:51:22.085,337,RECV,7E000F81000730024E373039352D41353949FD
06-26-2025 20:51:22.085,338,RECV,7E000F8100062F024E363039352D313651340C
06-26-2025 20:51:22.236,339,RECV,7E000F8100082F024E383039362D3745473000
06-26-2025 20:51:22.286,340,RECV,7E000F8100052C024E353039362D3432395706
06-26-2025 20:51:22.296,341,RECV,7E000F81000731024E373039362D31315741F9
06-26-2025 20:51:22.299,342,RECV,7E000F8100062F024E363039362D53545652A8
06-26-2025 20:51:22.436,343,RECV,7E000F8100082F024E383039372D51494143D4
06-26-2025 20:51:22.486,344,RECV,7E000F8100052D024E353039372D4E535041C8
06-26-2025 20:51:22.491,345,RECV,7E000F81000731024E373039372D4441565ABD
06-26-2025 20:51:22.518,346,RECV,7E000F8100062F024E363039372D52454A54C1
06-26-2025 20:51:22.636,347,RECV,7E000F8100082F024E383039382D494D5239D0
06-26-2025 20:51:22.686,348,RECV,7E000F8100052D024E353039382D53454459C4
06-26-2025 20:51:22.736,349,RECV,7E000F81000730024E373039382D5A4D3456C1
06-26-2025 20:51:22.737,350,RECV,7E000F8100062F024E363039382D5833354CE9
06-26-2025 20:51:22.837,351,RECV,7E000F81000830024E383039392D3948434BE0
06-26-2025 20:51:22.887,352,RECV,7E000F8100052D024E353039392D56485145C4
06-26-2025 20:51:22.890,353,RECV,7E000F81000731024E373039392D4C435A55B2
06-26-2025 20:51:22.937,354,RECV,7E000F8100062F024E363039392D4F514D34D3
