06-10-2025 23:09:19.079,-,API2,"Sink 1,0013A20041839DB1,802.15.4 TH,2003,/dev/ttyUSB0 - 57600/8/M/1/N,1,46"

06-10-2025 23:08:53.016,0,RECV,7E000F81000835024E383030302D4B543954D0
06-10-2025 23:08:53.016,1,RECV,7E000F81000630024E363030302D50575356B5
06-10-2025 23:08:53.018,2,RECV,7E000F8100073C024E373030302D46315A56D0
06-10-2025 23:08:53.018,3,RECV,7E000F81000536024E353030302D48594C4DC7
06-10-2025 23:08:53.116,4,RECV,7E000F81000835024E383030312D42584344DA
06-10-2025 23:08:53.116,5,RECV,7E000F81000630024E363030312D5A525552B1
06-10-2025 23:08:53.116,6,RECV,7E000F81000536024E353030312D43354D3605
06-10-2025 23:08:53.166,7,RECV,7E000F81000835024E383030322D4A374358DE
06-10-2025 23:08:53.176,8,RECV,7E000F81000630024E363030322D324D334C05
06-10-2025 23:08:53.176,9,RECV,7E000F81000536024E353030322D3657364EEE
06-10-2025 23:08:53.267,10,RECV,7E000F81000835024E383030332D344A344700
06-10-2025 23:08:53.267,11,RECV,7E000F81000630024E363030332D51493041F7
06-10-2025 23:08:53.267,12,RECV,7E000F81000536024E353030332D4A475459C0
06-10-2025 23:08:53.316,13,RECV,7E000F81000834024E383030342D524B4852C2
06-10-2025 23:08:53.367,14,RECV,7E000F8100073B024E373030342D345A5339DA
06-10-2025 23:08:53.368,15,RECV,7E000F8100062F024E363030342D524F3750DA
06-10-2025 23:08:53.368,16,RECV,7E000F81000536024E353030342D5A313359E6
06-10-2025 23:08:53.417,17,RECV,7E000F81000834024E383030352D4C39325AE7
06-10-2025 23:08:53.422,18,RECV,7E000F8100073C024E373030352D55383436FB
06-10-2025 23:08:53.423,19,RECV,7E000F8100062F024E363030352D55335848D9
06-10-2025 23:08:53.423,20,RECV,7E000F81000536024E353030352D4F4E5446C5
06-10-2025 23:08:53.517,21,RECV,7E000F81000834024E383030362D4C4F3051DB
06-10-2025 23:08:53.519,22,RECV,7E000F8100073B024E373030362D434A4D31E7
06-10-2025 23:08:53.519,23,RECV,7E000F8100062F024E363030362D46434957D7
06-10-2025 23:08:53.519,24,RECV,7E000F81000536024E353030362D50563155CF
06-10-2025 23:08:53.577,25,RECV,7E000F81000834024E383030372D42484351D8
06-10-2025 23:08:53.612,26,RECV,7E000F8100073B024E373030372D3952454CD5
06-10-2025 23:08:53.612,27,RECV,7E000F8100062F024E363030372D3439304F7D33
06-10-2025 23:08:53.612,28,RECV,7E000F81000536024E353030372D46355A39EC
06-10-2025 23:08:53.667,29,RECV,7E000F81000834024E383030382D45594635DC
06-10-2025 23:08:53.668,30,RECV,7E000F8100073B024E373030382D5758414AB6
06-10-2025 23:08:53.668,31,RECV,7E000F81000630024E363030382D59363857DF
06-10-2025 23:08:53.668,32,RECV,7E000F81000536024E353030382D45495A43CE
06-10-2025 23:08:53.728,33,RECV,7E000F81000835024E383030392D50545448B3
06-10-2025 23:08:53.728,34,RECV,7E000F8100073B024E373030392D4F335844D1
06-10-2025 23:08:53.728,35,RECV,7E000F81000630024E363030392D36553658E3
06-10-2025 23:08:53.749,36,RECV,7E000F81000536024E353030392D42425A57C3
06-10-2025 23:08:53.818,37,RECV,7E000F81000834024E383031302D47585534D4
06-10-2025 23:08:53.822,38,RECV,7E000F8100073B024E373031302D52333545F8
06-10-2025 23:08:53.822,39,RECV,7E000F8100062F024E363031302D38454C4EEE
06-10-2025 23:08:53.829,40,RECV,7E000F81000536024E353031302D54305552D5
06-10-2025 23:08:53.918,41,RECV,7E000F81000834024E383031312D58435250BE
06-10-2025 23:08:53.920,42,RECV,7E000F8100073B024E373031312D4D513931EE
06-10-2025 23:08:53.920,43,RECV,7E000F81000630024E363031312D4139324710
06-10-2025 23:08:53.920,44,RECV,7E000F81000536024E353031312D4C585A4EB3
06-10-2025 23:08:53.968,45,RECV,7E000F81000834024E383031322D52504B39D4
06-10-2025 23:08:53.971,46,RECV,7E000F8100073B024E373031322D49354A58D5
06-10-2025 23:08:53.989,47,RECV,7E000F8100062F024E363031322D48573857D5
06-10-2025 23:08:53.989,48,RECV,7E000F81000535024E353031322D53384659D5
06-10-2025 23:08:54.069,49,RECV,7E000F81000834024E383031332D59494F59AF
06-10-2025 23:08:54.076,50,RECV,7E000F8100073B024E373031332D4C4B514FBD
06-10-2025 23:08:54.076,51,RECV,7E000F8100062F024E363031332D32465351E6
06-10-2025 23:08:54.129,52,RECV,7E000F81000834024E383031342D44374551E7
06-10-2025 23:08:54.129,53,RECV,7E000F8100073B024E373031342D5A4F4D47B6
06-10-2025 23:08:54.149,54,RECV,7E000F8100062F024E363031342D584D5957AC
06-10-2025 23:08:54.219,55,RECV,7E000F81000834024E383031352D33385555E2
06-10-2025 23:08:54.227,56,RECV,7E000F8100073B024E373031352D4C49494ACA
06-10-2025 23:08:54.269,57,RECV,7E000F8100062F024E363031352D4439384803
06-10-2025 23:08:54.320,58,RECV,7E000F81000834024E383031362D594C5748B2
06-10-2025 23:08:54.322,59,RECV,7E000F8100073B024E373031362D45454136F0
06-10-2025 23:08:54.322,60,RECV,7E000F8100062F024E363031362D5A364451DA
06-10-2025 23:08:54.370,61,RECV,7E000F81000834024E383031372D434B303205
06-10-2025 23:08:54.390,62,RECV,7E000F8100073B024E373031372D4F333250EC
06-10-2025 23:08:54.390,63,RECV,7E000F8100062F024E363031372D304743380C
06-10-2025 23:08:54.470,64,RECV,7E000F81000834024E383031382D34325451E9
06-10-2025 23:08:54.472,65,RECV,7E000F8100073B024E373031382D4A57454ABF
06-10-2025 23:08:54.473,66,RECV,7E000F8100062F024E363031382D595A4D34C9
06-10-2025 23:08:54.570,67,RECV,7E000F81000834024E383031392D384E393004
06-10-2025 23:08:54.570,68,RECV,7E000F8100073B024E373031392D4437315AE8
06-10-2025 23:08:54.570,69,RECV,7E000F8100062F024E363031392D34543258EA
06-10-2025 23:08:54.621,70,RECV,7E000F81000834024E383032302D364233450B
06-10-2025 23:08:54.671,71,RECV,7E000F8100073B024E373032302D57384D38E2
06-10-2025 23:08:54.684,72,RECV,7E000F8100062F024E363032302D50443544F7
06-10-2025 23:08:54.721,73,RECV,7E000F81000834024E383032312D4F39393108
06-10-2025 23:08:54.722,74,RECV,7E000F8100073C024E373032312D3434424307
06-10-2025 23:08:54.723,75,RECV,7E000F8100062F024E363032312D55474A4DD0
06-10-2025 23:08:54.771,76,RECV,7E000F81000835024E383032322D584E3147DA
06-10-2025 23:08:54.821,77,RECV,7E000F8100073B024E373032322D41424D51D3
06-10-2025 23:08:54.837,78,RECV,7E000F8100062F024E363032322D4C48384BEB
06-10-2025 23:08:54.871,79,RECV,7E000F81000834024E383032332D344B4F49E1
06-10-2025 23:08:54.871,80,RECV,7E000F8100073B024E373032332D41323450FC
06-10-2025 23:08:54.871,81,RECV,7E000F8100062F024E363032332D56434552D1
06-10-2025 23:08:54.972,82,RECV,7E000F81000834024E383032342D514A434BCE
06-10-2025 23:08:55.001,83,RECV,7E000F8100073B024E373032342D33584D5AC0
06-10-2025 23:08:55.001,84,RECV,7E000F8100062F024E363032342D35575A47D3
06-10-2025 23:08:55.022,85,RECV,7E000F81000834024E383032352D43573556D1
06-10-2025 23:08:55.072,86,RECV,7E000F8100073B024E373032352D53363746EB
06-10-2025 23:08:55.072,87,RECV,7E000F8100062F024E363032352D4A313553FC
06-10-2025 23:08:55.122,88,RECV,7E000F81000834024E383032362D31534239F6
06-10-2025 23:08:55.144,89,RECV,7E000F8100073B024E373032362D444B4D57BD
06-10-2025 23:08:55.144,90,RECV,7E000F8100062F024E363032362D3447373616
06-10-2025 23:08:55.172,91,RECV,7E000F81000834024E383032372D59325954BC
06-10-2025 23:08:55.223,92,RECV,7E000F8100073B024E373032372D354C5249D3
06-10-2025 23:08:55.223,93,RECV,7E000F8100062F024E363032372D394C5649D9
06-10-2025 23:08:55.273,94,RECV,7E000F81000834024E383032382D4C4C5455B2
06-10-2025 23:08:55.297,95,RECV,7E000F8100073D024E373032382D4F533336E1
06-10-2025 23:08:55.297,96,RECV,7E000F81000630024E363032382D3554514DD4
06-10-2025 23:08:55.373,97,RECV,7E000F81000836024E383032392D4B4E4233E2
06-10-2025 23:08:55.373,98,RECV,7E000F8100073D024E373032392D3334423012
06-10-2025 23:08:55.373,99,RECV,7E000F81000630024E363032392D474D5335DE
06-10-2025 23:08:55.423,100,RECV,7E000F81000835024E383033302D52434A46D4
06-10-2025 23:08:55.473,101,RECV,7E000F8100073D024E373033302D3034365405
06-10-2025 23:08:55.473,102,RECV,7E000F81000537024E353033302D49395344E4
06-10-2025 23:08:55.474,103,RECV,7E000F81000630024E363033302D424F394DEB
06-10-2025 23:08:55.524,104,RECV,7E000F81000836024E383033312D48543559CD
06-10-2025 23:08:55.524,105,RECV,7E000F8100073D024E373033312D33464F50DA
06-10-2025 23:08:55.524,106,RECV,7E000F81000537024E353033312D313539431A
06-10-2025 23:08:55.524,107,RECV,7E000F81000630024E363033312D4D554947CF
06-10-2025 23:08:55.574,108,RECV,7E000F81000836024E383033322D334A4653E0
06-10-2025 23:08:55.624,109,RECV,7E000F8100073D024E373033322D5631313009
06-10-2025 23:08:55.624,110,RECV,7E000F81000537024E353033322D46395942E1
06-10-2025 23:08:55.624,111,RECV,7E000F81000631024E363033322D5335435ADA
06-10-2025 23:08:55.674,112,RECV,7E000F81000836024E383033332D53455353B7
06-10-2025 23:08:55.724,113,RECV,7E000F8100073C024E373033332D485A3647D2
06-10-2025 23:08:55.754,114,RECV,7E000F81000536024E353033332D42455A5AC0
06-10-2025 23:08:55.755,115,RECV,7E000F8100062D024E363033332D41534437F3
06-10-2025 23:08:55.774,116,RECV,7E000F81000832024E383033342D4B493932F9
06-10-2025 23:08:55.775,117,RECV,7E000F81000534024E353033342D52474C51C6
06-10-2025 23:08:55.775,118,RECV,7E000F8100062D024E363033342D57444A4AD2
06-10-2025 23:08:55.825,119,RECV,7E000F81000832024E383033352D52314C54D4
06-10-2025 23:08:55.875,120,RECV,7E000F81000533024E353033352D4251354FE5
06-10-2025 23:08:55.909,121,RECV,7E000F8100062C024E363033352D50484F56C4
06-10-2025 23:08:55.925,122,RECV,7E000F81000832024E383033362D51415841CB
06-10-2025 23:08:55.925,123,RECV,7E000F81000534024E353033362D55564235D8
06-10-2025 23:08:55.945,124,RECV,7E000F8100062C024E363033362D5537474DE0
06-10-2025 23:08:55.975,125,RECV,7E000F81000834024E383033372D4246313208
06-10-2025 23:08:56.025,126,RECV,7E000F81000535024E353033372D57353345F4
06-10-2025 23:08:56.063,127,RECV,7E000F8100062D024E363033372D54573536E8
06-10-2025 23:08:56.075,128,RECV,7E000F81000833024E383033382D50525049B8
06-10-2025 23:08:56.125,129,RECV,7E000F81000534024E353033382D364A4C41EB
06-10-2025 23:08:56.126,130,RECV,7E000F8100062D024E363033382D4F32554ED9
06-10-2025 23:08:56.176,131,RECV,7E000F81000832024E383033392D3138564BE9
06-10-2025 23:08:56.176,132,RECV,7E000F81000533024E353033392D56554954B0
06-10-2025 23:08:56.176,133,RECV,7E000F8100062D024E363033392D5133453300
06-10-2025 23:08:56.226,134,RECV,7E000F81000833024E383034302D46335549E3
06-10-2025 23:08:56.276,135,RECV,7E000F81000534024E353034302D395A314AF1
06-10-2025 23:08:56.276,136,RECV,7E000F8100062D024E363034302D30485A56DC
06-10-2025 23:08:56.326,137,RECV,7E000F81000832024E383034312D45583439F0
06-10-2025 23:08:56.377,138,RECV,7E000F81000534024E353034312D45505449CC
06-10-2025 23:08:56.377,139,RECV,7E000F8100062D024E363034312D4D583538F1
06-10-2025 23:08:56.377,140,RECV,7E000F81000832024E383034322D52543936E4
06-10-2025 23:08:56.427,141,RECV,7E000F81000534024E353034322D5A554834D2
06-10-2025 23:08:56.427,142,RECV,7E000F8100062D024E363034322D433447360E
06-10-2025 23:08:56.427,143,RECV,7E000F81000739024E373034322D38444641F1
06-10-2025 23:08:56.477,144,RECV,7E000F81000832024E383034332D374C5937E5
06-10-2025 23:08:56.527,145,RECV,7E000F81000534024E353034332D524F4337E1
06-10-2025 23:08:56.527,146,RECV,7E000F8100062D024E363034332D52483247EE
06-10-2025 23:08:56.527,147,RECV,7E000F81000739024E373034332D43414137F7
06-10-2025 23:08:56.527,148,RECV,7E000F81000832024E383034342D50584749BF
06-10-2025 23:08:56.577,149,RECV,7E000F81000534024E353034342D3134435003
06-10-2025 23:08:56.578,150,RECV,7E000F8100062D024E363034342D4D4D4B52C9
06-10-2025 23:08:56.578,151,RECV,7E000F81000739024E373034342D4C345150D1
06-10-2025 23:08:56.628,152,RECV,7E000F81000832024E383034352D4B435A53BB
06-10-2025 23:08:56.678,153,RECV,7E000F81000534024E353034352D36543758E1
06-10-2025 23:08:56.678,154,RECV,7E000F8100062D024E363034352D4A374A35FF
06-10-2025 23:08:56.678,155,RECV,7E000F81000739024E373034352D46545731CF
06-10-2025 23:08:56.728,156,RECV,7E000F81000832024E383034362D384A4459D6
06-10-2025 23:08:56.778,157,RECV,7E000F81000534024E353034362D4B4D4D39DB
06-10-2025 23:08:56.778,158,RECV,7E000F8100062D024E363034362D4D375A44DC
06-10-2025 23:08:56.778,159,RECV,7E000F81000739024E373034362D48303450F4
06-10-2025 23:08:56.779,160,RECV,7E000F81000832024E383034372D51534C51B3
06-10-2025 23:08:56.828,161,RECV,7E000F81000534024E353034372D4A4C4C36E0
06-10-2025 23:08:56.828,162,RECV,7E000F8100062D024E363034372D56425633DC
06-10-2025 23:08:56.878,163,RECV,7E000F81000832024E383034382D30534E4CD6
06-10-2025 23:08:56.929,164,RECV,7E000F81000534024E353034382D3932524DED
06-10-2025 23:08:56.929,165,RECV,7E000F8100062D024E363034382D4C524257C5
06-10-2025 23:08:56.929,166,RECV,7E000F8100073A024E373034382D45543748D5
06-10-2025 23:08:56.929,167,RECV,7E000F81000832024E383034392D564C4F47BA
06-10-2025 23:08:56.978,168,RECV,7E000F81000534024E353034392D42424343EC
06-10-2025 23:08:57.009,169,RECV,7E000F8100062D024E363034392D54564839D0
06-10-2025 23:08:57.009,170,RECV,7E000F81000832024E383035302D54424B56C3
06-10-2025 23:08:57.079,171,RECV,7E000F81000534024E353035302D49325959D1
06-10-2025 23:08:57.079,172,RECV,7E000F8100062D024E363035302D4443395AE9
06-10-2025 23:08:57.129,173,RECV,7E000F81000832024E383035312D33554C47DE
06-10-2025 23:08:57.179,174,RECV,7E000F81000534024E353035312D323333481D
06-10-2025 23:08:57.179,175,RECV,7E000F8100062D024E363035312D3044573502
06-10-2025 23:08:57.179,176,RECV,7E000F81000739024E373035312D314A4542F2
06-10-2025 23:08:57.179,177,RECV,7E000F81000832024E383035322D47594737DA
06-10-2025 23:08:57.240,178,RECV,7E000F81000534024E353035322D44474534F8
06-10-2025 23:08:57.240,179,RECV,7E000F8100062D024E363035322D4D514535E9
06-10-2025 23:08:57.240,180,RECV,7E000F81000739024E373035322D53384556CD
06-10-2025 23:08:57.279,181,RECV,7E000F81000832024E383035332D4E425858B7
06-10-2025 23:08:57.329,182,RECV,7E000F81000534024E353035332D50465943C9
06-10-2025 23:08:57.330,183,RECV,7E000F8100062D024E363035332D584B4631E6
06-10-2025 23:08:57.330,184,RECV,7E000F81000739024E373035332D33474656DC
06-10-2025 23:08:57.330,185,RECV,7E000F81000832024E383035342D58505845B1
06-10-2025 23:08:57.430,186,RECV,7E000F81000534024E353035342D394B324AFA
06-10-2025 23:08:57.436,187,RECV,7E000F8100062C024E363035342D3951484AE4
06-10-2025 23:08:57.436,188,RECV,7E000F81000739024E373035342D37543745EA
06-10-2025 23:08:57.436,189,RECV,7E000F81000832024E383035352D53385654C0
06-10-2025 23:08:57.480,190,RECV,7E000F81000534024E353035352D4A514448D2
06-10-2025 23:08:57.480,191,RECV,7E000F8100062D024E363035352D4C473936FC
06-10-2025 23:08:57.480,192,RECV,7E000F81000739024E373035352D47424353D1
06-10-2025 23:08:57.530,193,RECV,7E000F81000832024E383035362D4E4B4930E2
06-10-2025 23:08:57.580,194,RECV,7E000F81000533024E353035362D39354E4DF0
06-10-2025 23:08:57.586,195,RECV,7E000F8100062D024E363035362D57475634D5
06-10-2025 23:08:57.586,196,RECV,7E000F81000739024E373035362D36495657C3
06-10-2025 23:08:57.586,197,RECV,7E000F81000831024E383035372D49344F49DF
06-10-2025 23:08:57.681,198,RECV,7E000F81000533024E353035372D47464A49D8
06-10-2025 23:08:57.681,199,RECV,7E000F8100062D024E363035372D33573146FB
06-10-2025 23:08:57.681,200,RECV,7E000F81000739024E373035372D36545344CD
06-10-2025 23:08:57.681,201,RECV,7E000F81000832024E383035382D52455533D3
06-10-2025 23:08:57.731,202,RECV,7E000F81000533024E353035382D304A453602
06-10-2025 23:08:57.745,203,RECV,7E000F8100062D024E363035382D3136553609
06-10-2025 23:08:57.745,204,RECV,7E000F81000739024E373035382D30524852D1
06-10-2025 23:08:57.745,205,RECV,7E000F81000832024E383035392D334D4E48DB
06-10-2025 23:08:57.831,206,RECV,7E000F81000534024E353035392D594C5349B4
06-10-2025 23:08:57.831,207,RECV,7E000F8100062D024E363035392D42323457FB
06-10-2025 23:08:57.832,208,RECV,7E000F81000739024E373035392D53395948BF
06-10-2025 23:08:57.832,209,RECV,7E000F81000832024E383036302D55445045CB
06-10-2025 23:08:57.881,210,RECV,7E000F81000533024E353036302D59535037CB
06-10-2025 23:08:57.900,211,RECV,7E000F8100062D024E363036302D4E533646E5
06-10-2025 23:08:57.931,212,RECV,7E000F81000739024E373036302D5A364954C7
06-10-2025 23:08:57.931,213,RECV,7E000F81000832024E383036312D38524E4BD5
06-10-2025 23:08:57.982,214,RECV,7E000F81000533024E353036312D4D4A4E36E2
06-10-2025 23:08:57.982,215,RECV,7E000F8100062D024E363036312D52523232F9
06-10-2025 23:08:57.982,216,RECV,7E000F81000739024E373036312D48594B52B5
06-10-2025 23:08:57.982,217,RECV,7E000F81000832024E383036322D5A565446AD
06-10-2025 23:08:58.032,218,RECV,7E000F81000533024E353036322D58585550A7
06-10-2025 23:08:58.053,219,RECV,7E000F8100062D024E363036322D35523653F0
06-10-2025 23:08:58.053,220,RECV,7E000F81000739024E373036322D5259544CA7
06-10-2025 23:08:58.053,221,RECV,7E000F81000832024E383036332D48495038DD
06-10-2025 23:08:58.132,222,RECV,7E000F81000533024E353036332D36414546F9
06-10-2025 23:08:58.132,223,RECV,7E000F8100062D024E363036332D4D4F554FBF
06-10-2025 23:08:58.132,224,RECV,7E000F81000739024E373036332D34564E30E9
06-10-2025 23:08:58.143,225,RECV,7E000F81000832024E383036342D5333494ADC
06-10-2025 23:08:58.232,226,RECV,7E000F81000533024E353036342D4B414756D1
06-10-2025 23:08:58.234,227,RECV,7E000F8100062D024E363036342D50304245F7
06-10-2025 23:08:58.234,228,RECV,7E000F81000739024E373036342D4E595335C1
06-10-2025 23:08:58.234,229,RECV,7E000F81000832024E383036352D36305057E7
06-10-2025 23:08:58.293,230,RECV,7E000F81000533024E353036352D325A455ACE
06-10-2025 23:08:58.293,231,RECV,7E000F8100062D024E363036352D4D4B3154E0
06-10-2025 23:08:58.293,232,RECV,7E000F81000738024E373036352D3533394708
06-10-2025 23:08:58.304,233,RECV,7E000F81000832024E383036362D41494348DE
06-10-2025 23:08:58.383,234,RECV,7E000F81000533024E353036362D3048313619
06-10-2025 23:08:58.384,235,RECV,7E000F8100062C024E363036362D4F425957BC
06-10-2025 23:08:58.384,236,RECV,7E000F81000739024E373036362D43523447DE
06-10-2025 23:08:58.384,237,RECV,7E000F81000832024E383036372D4A354D45E1
06-10-2025 23:08:58.483,238,RECV,7E000F81000533024E353036372D4D494630EB
06-10-2025 23:08:58.510,239,RECV,7E000F8100062D024E363036372D46355952D5
06-10-2025 23:08:58.510,240,RECV,7E000F81000739024E373036372D5432343300
06-10-2025 23:08:58.510,241,RECV,7E000F81000832024E383036382D56575634BA
06-10-2025 23:08:58.533,242,RECV,7E000F81000533024E353036382D4E414C59C2
06-10-2025 23:08:58.535,243,RECV,7E000F8100062D024E363036382D324A364FF9
06-10-2025 23:08:58.543,244,RECV,7E000F81000739024E373036382D35585035DA
06-10-2025 23:08:58.544,245,RECV,7E000F81000832024E383036392D45324341F5
06-10-2025 23:08:58.634,246,RECV,7E000F81000533024E353036392D5136585ABC
06-10-2025 23:08:58.664,247,RECV,7E000F8100062D024E363036392D56595432C4
06-10-2025 23:08:58.664,248,RECV,7E000F81000739024E373036392D50365A34D7
06-10-2025 23:08:58.664,249,RECV,7E000F81000832024E383037302D53304543ED
06-10-2025 23:08:58.734,250,RECV,7E000F81000533024E353037302D51594C38CF
06-10-2025 23:08:58.739,251,RECV,7E000F8100062D024E363037302D364A5454D9
06-10-2025 23:08:58.739,252,RECV,7E000F81000832024E383037312D34594649DB
06-10-2025 23:08:58.784,253,RECV,7E000F81000533024E353037312D3139354C7D31
06-10-2025 23:08:58.818,254,RECV,7E000F8100062D024E363037312D4D32314A06
06-10-2025 23:08:58.818,255,RECV,7E000F81000832024E383037322D31535536E7
06-10-2025 23:08:58.884,256,RECV,7E000F81000533024E353037322D304B4256E8
06-10-2025 23:08:58.888,257,RECV,7E000F8100062D024E363037322D54534F41C8
06-10-2025 23:08:58.889,258,RECV,7E000F81000832024E383037332D49445245D1
06-10-2025 23:08:58.889,259,RECV,7E000F81000739024E373037322D4B4E4845CB
06-10-2025 23:08:58.934,260,RECV,7E000F81000534024E353037332D5A465338CE
06-10-2025 23:08:58.975,261,RECV,7E000F8100062D024E363037332D53395137EA
06-10-2025 23:08:58.975,262,RECV,7E000F81000832024E383037342D47424B50D0
06-10-2025 23:08:58.975,263,RECV,7E000F81000739024E373037332D4E453950D4
06-10-2025 23:08:59.035,264,RECV,7E000F81000533024E353037342D30563655E8
06-10-2025 23:08:59.037,265,RECV,7E000F8100062D024E363037342D3632484FFE
06-10-2025 23:08:59.037,266,RECV,7E000F81000832024E383037352D46434A59C7
06-10-2025 23:08:59.037,267,RECV,7E000F81000739024E373037342D3430304219
06-10-2025 23:08:59.135,268,RECV,7E000F81000533024E353037352D45593437EF
06-10-2025 23:08:59.135,269,RECV,7E000F8100062C024E363037352D49425341DE
06-10-2025 23:08:59.135,270,RECV,7E000F81000739024E373037352D42334F39F1
06-10-2025 23:08:59.185,271,RECV,7E000F81000533024E353037362D534D544DB6
06-10-2025 23:08:59.190,272,RECV,7E000F81000832024E383037372D31495837E8
06-10-2025 23:08:59.190,273,RECV,7E000F8100062D024E363037362D313133372F
06-10-2025 23:08:59.190,274,RECV,7E000F81000739024E373037362D324E5051CC
06-10-2025 23:08:59.285,275,RECV,7E000F81000534024E353037372D54324345E7
06-10-2025 23:08:59.285,276,RECV,7E000F81000832024E383037382D38564145DC
06-10-2025 23:08:59.286,277,RECV,7E000F8100062D024E363037372D31455932F9
06-10-2025 23:08:59.286,278,RECV,7E000F81000739024E373037372D3141465ADA
06-10-2025 23:08:59.366,279,RECV,7E000F81000534024E353037382D4C433348EA
06-10-2025 23:08:59.366,280,RECV,7E000F81000832024E383037392D4F43455ABE
06-10-2025 23:08:59.367,281,RECV,7E000F8100062D024E363037382D4950584EBA
06-10-2025 23:08:59.367,282,RECV,7E000F81000739024E373037382D3242434AEA
06-10-2025 23:08:59.436,283,RECV,7E000F81000533024E353037392D41485953BF
06-10-2025 23:08:59.436,284,RECV,7E000F81000832024E383038302D49354546EE
06-10-2025 23:08:59.436,285,RECV,7E000F8100062C024E363037392D4C4C3842E7
06-10-2025 23:08:59.436,286,RECV,7E000F81000739024E373037392D48344D58C9
06-10-2025 23:08:59.536,287,RECV,7E000F81000533024E353038302D50444652D0
06-10-2025 23:08:59.539,288,RECV,7E000F81000832024E383038312D474F4D34DF
06-10-2025 23:08:59.539,289,RECV,7E000F8100062C024E363038302D574A534EBF
06-10-2025 23:08:59.540,290,RECV,7E000F81000739024E373038302D36584F30E5
06-10-2025 23:08:59.586,291,RECV,7E000F81000533024E353038312D4E524651C4
06-10-2025 23:08:59.588,292,RECV,7E000F81000832024E383038322D314D5950CE
06-10-2025 23:08:59.588,293,RECV,7E000F8100062D024E363038312D58494758BF
06-10-2025 23:08:59.636,294,RECV,7E000F81000739024E373038312D3234543304
06-10-2025 23:08:59.687,295,RECV,7E000F8100062D024E363038322D54354E46E1
06-10-2025 23:08:59.689,296,RECV,7E000F81000739024E373038322D3150353802
06-10-2025 23:08:59.787,297,RECV,7E000F81000831024E383038342D58314B38E8
06-10-2025 23:08:59.787,298,RECV,7E000F8100062D024E363038332D52353344FF
06-10-2025 23:08:59.787,299,RECV,7E000F81000739024E373038332D56573452BC
06-10-2025 23:08:59.837,300,RECV,7E000F81000832024E383038352D45573832EC
06-10-2025 23:08:59.839,301,RECV,7E000F81000533024E353038342D4F4E3357D1
06-10-2025 23:08:59.840,302,RECV,7E000F8100062D024E363038342D314B4253EB
06-10-2025 23:08:59.840,303,RECV,7E000F81000739024E373038342D52343952DD
06-10-2025 23:08:59.937,304,RECV,7E000F81000832024E383038362D484E4A36DB
06-10-2025 23:08:59.937,305,RECV,7E000F81000534024E353038352D4C553133F1
06-10-2025 23:08:59.938,306,RECV,7E000F8100062D024E363038352D534B4F48C6
06-10-2025 23:08:59.938,307,RECV,7E000F81000739024E373038352D4E493543DE
06-10-2025 23:08:59.988,308,RECV,7E000F81000832024E383038372D36423057F1
06-10-2025 23:08:59.989,309,RECV,7E000F81000533024E353038362D45573833EF
06-10-2025 23:09:00.038,310,RECV,7E000F8100062D024E363038362D34314F4CFA
06-10-2025 23:09:00.040,311,RECV,7E000F81000739024E373038362D4F46564BB6
06-10-2025 23:09:00.088,312,RECV,7E000F81000832024E383038382D5036574BC7
06-10-2025 23:09:00.088,313,RECV,7E000F81000533024E353038372D5351415AB6
06-10-2025 23:09:00.088,314,RECV,7E000F8100062D024E363038372D4F4E374ADB
06-10-2025 23:09:00.088,315,RECV,7E000F8100073A024E373038372D4E373656D9
06-10-2025 23:09:00.138,316,RECV,7E000F81000832024E383038392D38413954E8
06-10-2025 23:09:00.159,317,RECV,7E000F81000534024E353038382D48324755DD
06-10-2025 23:09:00.194,318,RECV,7E000F8100062E024E363038382D34385637FE
06-10-2025 23:09:00.194,319,RECV,7E000F81000739024E373038382D45424D50C6
06-10-2025 23:09:00.238,320,RECV,7E000F81000832024E383039302D484F3246E7
06-10-2025 23:09:00.238,321,RECV,7E000F81000534024E353038392D534C445AB5
06-10-2025 23:09:00.239,322,RECV,7E000F8100062E024E363038392D54523547D4
06-10-2025 23:09:00.269,323,RECV,7E000F81000739024E373038392D4254474DBF
06-10-2025 23:09:00.338,324,RECV,7E000F81000832024E383039312D54315A52C4
06-10-2025 23:09:00.345,325,RECV,7E000F81000534024E353039302D51524A4AC3
06-10-2025 23:09:00.345,326,RECV,7E000F8100062D024E363039302D4F534732E4
06-10-2025 23:09:00.346,327,RECV,7E000F81000739024E373039302D4D524D4DB8
06-10-2025 23:09:00.389,328,RECV,7E000F81000832024E383039322D324F504DD6
06-10-2025 23:09:00.399,329,RECV,7E000F81000534024E353039312D5A37363002
06-10-2025 23:09:00.400,330,RECV,7E000F8100062D024E363039312D534A3236F9
06-10-2025 23:09:00.439,331,RECV,7E000F81000739024E373039312D38543536F9
06-10-2025 23:09:00.489,332,RECV,7E000F81000832024E383039332D42474930F1
06-10-2025 23:09:00.500,333,RECV,7E000F81000534024E353039322D31525038ED
06-10-2025 23:09:00.500,334,RECV,7E000F8100062D024E363039322D454F4933ED
06-10-2025 23:09:00.539,335,RECV,7E000F81000739024E373039322D314B4248E9
06-10-2025 23:09:00.539,336,RECV,7E000F81000832024E383039342D38545A57B5
06-10-2025 23:09:00.589,337,RECV,7E000F81000534024E353039332D5744344BDD
06-10-2025 23:09:00.590,338,RECV,7E000F8100062E024E363039332D39563657DF
06-10-2025 23:09:00.590,339,RECV,7E000F8100073A024E373039332D394F3445EC
06-10-2025 23:09:00.640,340,RECV,7E000F81000833024E383039352D5658525898
06-10-2025 23:09:00.654,341,RECV,7E000F81000534024E353039342D49574130E5
06-10-2025 23:09:00.655,342,RECV,7E000F8100062E024E363039342D43534636E8
06-10-2025 23:09:00.655,343,RECV,7E000F8100073A024E373039342D3644444DE1
06-10-2025 23:09:00.740,344,RECV,7E000F81000833024E383039362D4C46364DDA
06-10-2025 23:09:00.740,345,RECV,7E000F81000534024E353039352D45443756DF
06-10-2025 23:09:00.741,346,RECV,7E000F8100062E024E363039352D44595456B2
06-10-2025 23:09:00.741,347,RECV,7E000F8100073A024E373039352D51545246AE
06-10-2025 23:09:00.790,348,RECV,7E000F81000833024E383039372D5A51595199
06-10-2025 23:09:00.840,349,RECV,7E000F81000534024E353039362D41425635E6
06-10-2025 23:09:00.840,350,RECV,7E000F8100062E024E363039362D50454535E9
06-10-2025 23:09:00.840,351,RECV,7E000F8100073A024E373039362D434F494EC1
06-10-2025 23:09:00.891,352,RECV,7E000F81000833024E383039382D49583755C0
06-10-2025 23:09:00.891,353,RECV,7E000F81000534024E353039372D51344C45DD
06-10-2025 23:09:00.891,354,RECV,7E000F8100062E024E363039372D3837325105
06-10-2025 23:09:00.891,355,RECV,7E000F8100073A024E373039372D5249454DBC
06-10-2025 23:09:00.941,356,RECV,7E000F81000833024E383039392D4B444F58B6
06-10-2025 23:09:00.991,357,RECV,7E000F81000534024E353039382D47524559BB
06-10-2025 23:09:00.991,358,RECV,7E000F8100062E024E363039382D3543493302
06-10-2025 23:09:00.991,359,RECV,7E000F8100073A024E373039382D51315A4FBD
06-10-2025 23:09:01.041,360,RECV,7E000F81000534024E353039392D30394D4BF0
06-10-2025 23:09:01.091,361,RECV,7E000F8100062E024E363039392D5A375748C5
06-10-2025 23:09:01.112,362,RECV,7E000F8100073A024E373039392D37305433F9
