06-10-2025 23:10:31.888,-,API2,"Sink 1,0013A20041839DB1,802.15.4 TH,2003,/dev/ttyUSB0 - 57600/8/M/1/N,1,46"

06-10-2025 23:10:08.354,0,RECV,7E000F81000836024E383030302D4A365258D1
06-10-2025 23:10:08.356,1,RECV,7E000F81000630024E363030302D46495147DE
06-10-2025 23:10:08.357,2,RECV,7E000F81000537024E353030302D30445346F3
06-10-2025 23:10:08.404,3,RECV,7E000F81000836024E383030312D59305054CD
06-10-2025 23:10:08.416,4,RECV,7E000F81000630024E363030312D334C5A54D7
06-10-2025 23:10:08.416,5,RECV,7E000F81000537024E353030312D45475950CA
06-10-2025 23:10:08.504,6,RECV,7E000F81000835024E383030322D383530421B
06-10-2025 23:10:08.507,7,RECV,7E000F81000630024E363030322D54375345E0
06-10-2025 23:10:08.507,8,RECV,7E000F81000538024E353030322D42434E32F8
06-10-2025 23:10:08.564,9,RECV,7E000F81000835024E383030332D454C3757DA
06-10-2025 23:10:08.582,10,RECV,7E000F81000631024E363030332D59584544C7
06-10-2025 23:10:08.583,11,RECV,7E000F81000537024E353030332D394F484EDF
06-10-2025 23:10:08.654,12,RECV,7E000F81000836024E383030342D54584333D5
06-10-2025 23:10:08.655,13,RECV,7E000F8100073C024E373030342D54353734FF
06-10-2025 23:10:08.655,14,RECV,7E000F81000631024E363030342D4638514EE3
06-10-2025 23:10:08.655,15,RECV,7E000F81000537024E353030342D435A5132DC
06-10-2025 23:10:08.754,16,RECV,7E000F81000835024E383030352D30485550DA
06-10-2025 23:10:08.754,17,RECV,7E000F8100073D024E373030352D46334B50DD
06-10-2025 23:10:08.755,18,RECV,7E000F81000630024E363030352D57344E33F4
06-10-2025 23:10:08.755,19,RECV,7E000F81000537024E353030352D32443658F7
06-10-2025 23:10:08.805,20,RECV,7E000F81000836024E383030362D344A5043E4
06-10-2025 23:10:08.807,21,RECV,7E000F8100073D024E373030362D48553534EA
06-10-2025 23:10:08.807,22,RECV,7E000F81000630024E363030362D59585259A3
06-10-2025 23:10:08.855,23,RECV,7E000F81000537024E353030362D38565743D2
06-10-2025 23:10:08.905,24,RECV,7E000F81000835024E383030372D394F3544F4
06-10-2025 23:10:08.905,25,RECV,7E000F8100073C024E373030372D3557333100
06-10-2025 23:10:08.905,26,RECV,7E000F81000630024E363030372D594D5034D4
06-10-2025 23:10:08.905,27,RECV,7E000F81000537024E353030372D584B4C36D4
06-10-2025 23:10:09.005,28,RECV,7E000F81000835024E383030382D3756303403
06-10-2025 23:10:09.040,29,RECV,7E000F8100073C024E373030382D33365447EB
06-10-2025 23:10:09.040,30,RECV,7E000F81000630024E363030382D3432375808
06-10-2025 23:10:09.040,31,RECV,7E000F81000537024E353030382D474E5133DF
06-10-2025 23:10:09.055,32,RECV,7E000F81000835024E383030392D42434656D2
06-10-2025 23:10:09.055,33,RECV,7E000F8100073C024E373030392D4D4A5A53AA
06-10-2025 23:10:09.056,34,RECV,7E000F81000630024E363030392D44335843EA
06-10-2025 23:10:09.056,35,RECV,7E000F81000537024E353030392D51524C31D7
06-10-2025 23:10:09.156,36,RECV,7E000F81000835024E383031302D313645430C
06-10-2025 23:10:09.156,37,RECV,7E000F8100073C024E373031302D53485959A9
06-10-2025 23:10:09.156,38,RECV,7E000F81000630024E363031302D564C5548C5
06-10-2025 23:10:09.157,39,RECV,7E000F81000537024E353031302D59554F4CB6
06-10-2025 23:10:09.206,40,RECV,7E000F81000835024E383031312D395A5551C1
06-10-2025 23:10:09.206,41,RECV,7E000F8100073D024E373031312D305A5335E2
06-10-2025 23:10:09.256,42,RECV,7E000F81000630024E363031312D4B4F3637FC
06-10-2025 23:10:09.257,43,RECV,7E000F81000537024E353031312D375A5554C4
06-10-2025 23:10:09.306,44,RECV,7E000F81000835024E383031322D59413245E8
06-10-2025 23:10:09.307,45,RECV,7E000F8100073C024E373031322D4C4E4141D8
06-10-2025 23:10:09.307,46,RECV,7E000F81000630024E363031322D584C5850B6
06-10-2025 23:10:09.307,47,RECV,7E000F81000537024E353031322D43444159DC
06-10-2025 23:10:09.407,48,RECV,7E000F81000835024E383031332D56384332F5
06-10-2025 23:10:09.407,49,RECV,7E000F8100073C024E373031332D32425247E6
06-10-2025 23:10:09.407,50,RECV,7E000F81000630024E363031332D59334655DA
06-10-2025 23:10:09.407,51,RECV,7E000F81000537024E353031332D4F53354ED7
06-10-2025 23:10:09.457,52,RECV,7E000F81000835024E383031342D5A365130E6
06-10-2025 23:10:09.457,53,RECV,7E000F8100073C024E373031342D4D46395ACC
06-10-2025 23:10:09.457,54,RECV,7E000F8100062F024E363031342D4D423649F3
06-10-2025 23:10:09.557,55,RECV,7E000F81000835024E383031352D4F525536CA
06-10-2025 23:10:09.557,56,RECV,7E000F8100073C024E373031352D4D4E454DC4
06-10-2025 23:10:09.557,57,RECV,7E000F8100062F024E363031352D52554A4FC0
06-10-2025 23:10:09.607,58,RECV,7E000F81000835024E383031362D30315645F9
06-10-2025 23:10:09.658,59,RECV,7E000F8100073C024E373031362D34365942EB
06-10-2025 23:10:09.658,60,RECV,7E000F8100062F024E363031362D344E5047E6
06-10-2025 23:10:09.708,61,RECV,7E000F81000835024E383031372D53485454B1
06-10-2025 23:10:09.708,62,RECV,7E000F8100073B024E373031372D5A59574A9C
06-10-2025 23:10:09.708,63,RECV,7E000F81000630024E363031372D4A4C5859B6
06-10-2025 23:10:09.808,64,RECV,7E000F81000835024E383031382D39594944D4
06-10-2025 23:10:09.808,65,RECV,7E000F8100073C024E373031382D3530424EF9
06-10-2025 23:10:09.808,66,RECV,7E000F81000630024E363031382D50395858C3
06-10-2025 23:10:09.858,67,RECV,7E000F81000834024E383031392D53573249CE
06-10-2025 23:10:09.858,68,RECV,7E000F8100073C024E373031392D47365A56C0
06-10-2025 23:10:09.889,69,RECV,7E000F81000536024E353031392D4449363004
06-10-2025 23:10:09.890,70,RECV,7E000F8100062F024E363031392D54575250AF
06-10-2025 23:10:09.958,71,RECV,7E000F81000834024E383032302D47495134E6
06-10-2025 23:10:09.958,72,RECV,7E000F8100073C024E373032302D30565559C1
06-10-2025 23:10:09.958,73,RECV,7E000F81000536024E353032302D423037480E
06-10-2025 23:10:09.959,74,RECV,7E000F81000630024E363032302D3955504CD9
06-10-2025 23:10:10.008,75,RECV,7E000F81000834024E383032312D4E374445EC
06-10-2025 23:10:10.059,76,RECV,7E000F8100073C024E373032312D5545585AA8
06-10-2025 23:10:10.059,77,RECV,7E000F81000536024E353032312D53335337EE
06-10-2025 23:10:10.059,78,RECV,7E000F8100062F024E363032312D4D514839E4
06-10-2025 23:10:10.109,79,RECV,7E000F81000834024E383032322D54443631FA
06-10-2025 23:10:10.114,80,RECV,7E000F8100073B024E373032322D4741594AC9
06-10-2025 23:10:10.159,81,RECV,7E000F81000536024E353032322D5358424CC4
06-10-2025 23:10:10.159,82,RECV,7E000F81000630024E363032322D51324758DF
06-10-2025 23:10:10.159,83,RECV,7E000F81000834024E383032332D544E4358BB
06-10-2025 23:10:10.209,84,RECV,7E000F8100073B024E373032332D444A4738E6
06-10-2025 23:10:10.210,85,RECV,7E000F81000535024E353032332D4B33443704
06-10-2025 23:10:10.210,86,RECV,7E000F8100062F024E363032332D4E574646D0
06-10-2025 23:10:10.259,87,RECV,7E000F81000834024E383032342D5A43534ABD
06-10-2025 23:10:10.280,88,RECV,7E000F8100073B024E373032342D58544B34C7
06-10-2025 23:10:10.280,89,RECV,7E000F81000535024E353032342D3956304AF3
06-10-2025 23:10:10.280,90,RECV,7E000F8100062F024E363032342D4D4D4D37E2
06-10-2025 23:10:10.360,91,RECV,7E000F81000834024E383032352D584F564BAE
06-10-2025 23:10:10.360,92,RECV,7E000F8100073B024E373032352D42544656BF
06-10-2025 23:10:10.360,93,RECV,7E000F81000536024E353032352D31445457DA
06-10-2025 23:10:10.360,94,RECV,7E000F8100062F024E363032352D4844384CEF
06-10-2025 23:10:10.410,95,RECV,7E000F81000834024E383032362D4F3037330C
06-10-2025 23:10:10.460,96,RECV,7E000F8100073B024E373032362D3844413300
06-10-2025 23:10:10.460,97,RECV,7E000F81000535024E353032362D34364D47FC
06-10-2025 23:10:10.460,98,RECV,7E000F8100062F024E363032362D59323643FA
06-10-2025 23:10:10.510,99,RECV,7E000F81000834024E383032372D4C414A42DB
06-10-2025 23:10:10.560,100,RECV,7E000F8100073B024E373032372D344F354AED
06-10-2025 23:10:10.570,101,RECV,7E000F81000535024E353032372D564C3232F3
06-10-2025 23:10:10.570,102,RECV,7E000F8100062F024E363032372D3532414E07
06-10-2025 23:10:10.570,103,RECV,7E000F81000834024E383032382D4D553458C5
06-10-2025 23:10:10.611,104,RECV,7E000F8100073B024E373032382D58354956C2
06-10-2025 23:10:10.611,105,RECV,7E000F81000535024E353032382D52364F57CA
06-10-2025 23:10:10.611,106,RECV,7E000F8100062F024E363032382D4738324704
06-10-2025 23:10:10.661,107,RECV,7E000F81000834024E383032392D5730504FCC
06-10-2025 23:10:10.711,108,RECV,7E000F8100073B024E373032392D46453835F5
06-10-2025 23:10:10.726,109,RECV,7E000F81000535024E353032392D48484937E7
06-10-2025 23:10:10.726,110,RECV,7E000F8100062F024E363032392D4941484ADF
06-10-2025 23:10:10.761,111,RECV,7E000F81000834024E383033302D32445158DB
06-10-2025 23:10:10.761,112,RECV,7E000F8100073B024E373033302D49364532FF
06-10-2025 23:10:10.761,113,RECV,7E000F81000535024E353033302D344A373119
06-10-2025 23:10:10.771,114,RECV,7E000F8100062F024E363033302D31474853F0
06-10-2025 23:10:10.811,115,RECV,7E000F81000834024E383033312D33484442F8
06-10-2025 23:10:10.861,116,RECV,7E000F8100073A024E373033312D30593759DC
06-10-2025 23:10:10.877,117,RECV,7E000F81000535024E353033312D56415637DA
06-10-2025 23:10:10.877,118,RECV,7E000F8100062F024E363033312D44355753DF
06-10-2025 23:10:10.911,119,RECV,7E000F81000834024E383033322D36443552F7
06-10-2025 23:10:10.912,120,RECV,7E000F8100073B024E373033322D4F583449CF
06-10-2025 23:10:10.932,121,RECV,7E000F81000535024E353033322D49574A59BA
06-10-2025 23:10:10.932,122,RECV,7E000F8100062E024E363033322D4C4A4B56CB
06-10-2025 23:10:10.962,123,RECV,7E000F81000834024E383033332D3234433915
06-10-2025 23:10:11.012,124,RECV,7E000F8100073A024E373033332D31594C31EC
06-10-2025 23:10:11.032,125,RECV,7E000F81000535024E353033332D553334350B
06-10-2025 23:10:11.032,126,RECV,7E000F8100062F024E363033332D443334447D31
06-10-2025 23:10:11.062,127,RECV,7E000F81000834024E383033342D4C4D5731D5
06-10-2025 23:10:11.112,128,RECV,7E000F8100073A024E373033342D5537324EE6
06-10-2025 23:10:11.112,129,RECV,7E000F81000535024E353033342D56384654D3
06-10-2025 23:10:11.112,130,RECV,7E000F8100062F024E363033342D4830504DEA
06-10-2025 23:10:11.162,131,RECV,7E000F81000834024E383033352D56374652D0
06-10-2025 23:10:11.184,132,RECV,7E000F8100073A024E373033352D41494735EB
06-10-2025 23:10:11.212,133,RECV,7E000F81000535024E353033352D41355458D8
06-10-2025 23:10:11.212,134,RECV,7E000F8100062F024E363033352D5534324CF7
06-10-2025 23:10:11.212,135,RECV,7E000F81000834024E383033362D36495248DB
06-10-2025 23:10:11.262,136,RECV,7E000F8100073A024E373033362D4558374CD0
06-10-2025 23:10:11.263,137,RECV,7E000F81000535024E353033362D51345841DB
06-10-2025 23:10:11.263,138,RECV,7E000F8100062F024E363033362D59454E32DF
06-10-2025 23:10:11.313,139,RECV,7E000F81000834024E383033372D35443549FC
06-10-2025 23:10:11.339,140,RECV,7E000F8100073A024E373033372D50594C34C6
06-10-2025 23:10:11.339,141,RECV,7E000F81000535024E353033372D59385848C7
06-10-2025 23:10:11.339,142,RECV,7E000F8100062E024E363033372D57344345EA
06-10-2025 23:10:11.362,143,RECV,7E000F81000834024E383033382D34445A36EA
06-10-2025 23:10:11.413,144,RECV,7E000F8100073A024E373033382D35514545DE
06-10-2025 23:10:11.413,145,RECV,7E000F81000535024E353033382D324C4144F4
06-10-2025 23:10:11.423,146,RECV,7E000F8100062F024E363033382D4D593137ED
06-10-2025 23:10:11.463,147,RECV,7E000F81000833024E383033392D43394346ED
06-10-2025 23:10:11.513,148,RECV,7E000F8100073A024E373033392D4A594C48B6
06-10-2025 23:10:11.513,149,RECV,7E000F81000535024E353033392D54343652E6
06-10-2025 23:10:11.513,150,RECV,7E000F8100062E024E363033392D49413242FD
06-10-2025 23:10:11.563,151,RECV,7E000F81000834024E383034302D414D454DD9
06-10-2025 23:10:11.613,152,RECV,7E000F8100073A024E373034302D5A313252E6
06-10-2025 23:10:11.645,153,RECV,7E000F81000534024E353034302D324F484AEC
06-10-2025 23:10:11.646,154,RECV,7E000F8100062E024E363034302D37374650FF
06-10-2025 23:10:11.646,155,RECV,7E000F81000834024E383034312D47513047E9
06-10-2025 23:10:11.663,156,RECV,7E000F8100073A024E373034312D4D414D38E1
06-10-2025 23:10:11.663,157,RECV,7E000F81000535024E353034312D34564354DC
06-10-2025 23:10:11.664,158,RECV,7E000F8100062F024E363034312D51444B51D0
06-10-2025 23:10:11.714,159,RECV,7E000F81000834024E383034322D5A33373102
06-10-2025 23:10:11.764,160,RECV,7E000F8100073A024E373034322D44484955C9
06-10-2025 23:10:11.799,161,RECV,7E000F81000535024E353034322D344E4756DD
06-10-2025 23:10:11.800,162,RECV,7E000F8100062F024E363034322D594C4E52BB
06-10-2025 23:10:11.800,163,RECV,7E000F81000834024E383034332D31425451DE
06-10-2025 23:10:11.814,164,RECV,7E000F8100073A024E373034332D30505656C6
06-10-2025 23:10:11.814,165,RECV,7E000F81000535024E353034332D32564F4ED6
06-10-2025 23:10:11.864,166,RECV,7E000F8100062F024E363034332D45554934E8
06-10-2025 23:10:11.864,167,RECV,7E000F81000834024E383034342D48515642C4
06-10-2025 23:10:11.915,168,RECV,7E000F8100073A024E373034342D3231395005
06-10-2025 23:10:11.953,169,RECV,7E000F81000535024E353034342D54313151F3
06-10-2025 23:10:11.953,170,RECV,7E000F8100062F024E363034342D5A314D38EE
06-10-2025 23:10:11.964,171,RECV,7E000F81000834024E383034352D454C535AB6
06-10-2025 23:10:12.015,172,RECV,7E000F8100073B024E373034352D47434643DC
06-10-2025 23:10:12.015,173,RECV,7E000F81000535024E353034352D50424D4FCB
06-10-2025 23:10:12.015,174,RECV,7E000F8100062F024E363034352D544B3247E5
06-10-2025 23:10:12.015,175,RECV,7E000F81000834024E383034362D4F554A42C3
06-10-2025 23:10:12.067,176,RECV,7E000F8100073B024E373034362D35583147E9
06-10-2025 23:10:12.103,177,RECV,7E000F81000535024E353034362D50504B31DC
06-10-2025 23:10:12.103,178,RECV,7E000F8100062F024E363034362D44584C5ABA
06-10-2025 23:10:12.115,179,RECV,7E000F81000834024E383034372D4B533549D6
06-10-2025 23:10:12.165,180,RECV,7E000F8100073B024E373034372D443138320E
06-10-2025 23:10:12.165,181,RECV,7E000F81000535024E353034372D42415656C8
06-10-2025 23:10:12.166,182,RECV,7E000F8100062F024E363034372D48575044C8
06-10-2025 23:10:12.176,183,RECV,7E000F81000834024E383034382D58464E39CC
06-10-2025 23:10:12.215,184,RECV,7E000F8100073A024E373034382D5254544CA7
06-10-2025 23:10:12.265,185,RECV,7E000F81000535024E353034382D3355394DE8
06-10-2025 23:10:12.265,186,RECV,7E000F8100062F024E363034382D3343374706
06-10-2025 23:10:12.265,187,RECV,7E000F81000834024E383034392D504B4450C1
06-10-2025 23:10:12.315,188,RECV,7E000F8100073B024E373034392D304A313907
06-10-2025 23:10:12.316,189,RECV,7E000F81000536024E353034392D33543557E1
06-10-2025 23:10:12.316,190,RECV,7E000F8100062F024E363034392D5235464DDF
06-10-2025 23:10:12.366,191,RECV,7E000F81000834024E383035302D45325145EB
06-10-2025 23:10:12.386,192,RECV,7E000F8100073B024E373035302D4D395849CC
06-10-2025 23:10:12.417,193,RECV,7E000F81000536024E353035302D33455251E1
06-10-2025 23:10:12.417,194,RECV,7E000F8100062F024E363035302D56354E4EDA
06-10-2025 23:10:12.417,195,RECV,7E000F81000834024E383035312D51575538C2
06-10-2025 23:10:12.466,196,RECV,7E000F8100073B024E373035312D48423859D7
06-10-2025 23:10:12.466,197,RECV,7E000F81000536024E353035312D594B4B46C6
06-10-2025 23:10:12.486,198,RECV,7E000F8100062F024E363035312D3036313336
06-10-2025 23:10:12.497,199,RECV,7E000F81000834024E383035322D32485551D6
06-10-2025 23:10:12.566,200,RECV,7E000F8100073B024E373035322D37374956E4
06-10-2025 23:10:12.569,201,RECV,7E000F81000536024E353035322D43513931FC
06-10-2025 23:10:12.569,202,RECV,7E000F8100062F024E363035322D36493057F9
06-10-2025 23:10:12.577,203,RECV,7E000F81000834024E383035332D57554330D6
06-10-2025 23:10:12.667,204,RECV,7E000F8100073C024E373035332D4C384D30EE
06-10-2025 23:10:12.667,205,RECV,7E000F81000536024E353035332D4A51384BDB
06-10-2025 23:10:12.673,206,RECV,7E000F81000630024E363035332D48465341DB
06-10-2025 23:10:12.673,207,RECV,7E000F81000834024E383035342D4B544F57AF
06-10-2025 23:10:12.717,208,RECV,7E000F8100073B024E373035342D544C474FB9
06-10-2025 23:10:12.724,209,RECV,7E000F81000536024E353035342D4E355939E3
06-10-2025 23:10:12.767,210,RECV,7E000F81000630024E363035342D30463456FC
06-10-2025 23:10:12.767,211,RECV,7E000F81000835024E383035352D5739424BD5
06-10-2025 23:10:12.817,212,RECV,7E000F8100073C024E373035352D42565A33C8
06-10-2025 23:10:12.818,213,RECV,7E000F81000536024E353035352D483737320F
06-10-2025 23:10:12.818,214,RECV,7E000F81000630024E363035352D4C4A5253C0
06-10-2025 23:10:12.818,215,RECV,7E000F81000834024E383035362D4A353049FA
06-10-2025 23:10:12.867,216,RECV,7E000F8100073B024E373035362D4247564BC3
06-10-2025 23:10:12.868,217,RECV,7E000F81000535024E353035362D44484937EB
06-10-2025 23:10:12.917,218,RECV,7E000F8100062F024E363035362D31503648FC
06-10-2025 23:10:12.918,219,RECV,7E000F81000834024E383035372D30474D37F6
06-10-2025 23:10:12.968,220,RECV,7E000F8100073B024E373035372D42575732CA
06-10-2025 23:10:12.968,221,RECV,7E000F81000536024E353035372D4552444BCF
06-10-2025 23:10:12.973,222,RECV,7E000F8100062F024E363035372D424B5A34DF
06-10-2025 23:10:13.017,223,RECV,7E000F81000834024E383035382D4C383350E9
06-10-2025 23:10:13.068,224,RECV,7E000F8100073C024E373035382D53364532EA
06-10-2025 23:10:13.073,225,RECV,7E000F81000536024E353035382D393242390E
06-10-2025 23:10:13.073,226,RECV,7E000F81000630024E363035382D4C425850C2
06-10-2025 23:10:13.073,227,RECV,7E000F81000834024E383035392D39523832FA
06-10-2025 23:10:13.118,228,RECV,7E000F8100073C024E373035392D4B305658C0
06-10-2025 23:10:13.118,229,RECV,7E000F81000536024E353035392D57434433E2
06-10-2025 23:10:13.123,230,RECV,7E000F81000630024E363035392D4A485157BD
06-10-2025 23:10:13.168,231,RECV,7E000F81000835024E383036302D5A563751BE
06-10-2025 23:10:13.218,232,RECV,7E000F8100073B024E373036302D49434F41D6
06-10-2025 23:10:13.221,233,RECV,7E000F81000536024E353036302D58365950C4
06-10-2025 23:10:13.222,234,RECV,7E000F81000630024E363036302D35325853ED
06-10-2025 23:10:13.222,235,RECV,7E000F81000835024E383036312D5A445551B1
06-10-2025 23:10:13.279,236,RECV,7E000F8100073C024E373036312D5848454EBD
06-10-2025 23:10:13.279,237,RECV,7E000F81000536024E353036312D33544D31F5
06-10-2025 23:10:13.279,238,RECV,7E000F81000630024E363036312D4156554DC5
06-10-2025 23:10:13.319,239,RECV,7E000F81000835024E383036322D493331347D33
06-10-2025 23:10:13.369,240,RECV,7E000F8100073B024E373036322D4F4B4657B9
06-10-2025 23:10:13.369,241,RECV,7E000F81000536024E353036322D53393845F0
06-10-2025 23:10:13.379,242,RECV,7E000F81000630024E363036322D35494652E7
06-10-2025 23:10:13.380,243,RECV,7E000F81000834024E383036332D38594357C9
06-10-2025 23:10:13.469,244,RECV,7E000F8100073C024E373036332D52563335DE
06-10-2025 23:10:13.484,245,RECV,7E000F81000536024E353036332D50445630DE
06-10-2025 23:10:13.484,246,RECV,7E000F8100062F024E363036332D5A42315AD6
06-10-2025 23:10:13.484,247,RECV,7E000F81000835024E383036342D534B5632CC
06-10-2025 23:10:13.519,248,RECV,7E000F8100073C024E373036342D4B423056DA
06-10-2025 23:10:13.523,249,RECV,7E000F81000536024E353036342D364E5651CC
06-10-2025 23:10:13.569,250,RECV,7E000F81000630024E363036342D4B583159CE
06-10-2025 23:10:13.573,251,RECV,7E000F81000835024E383036352D35305542F5
06-10-2025 23:10:13.620,252,RECV,7E000F8100073C024E373036352D4449394ED8
06-10-2025 23:10:13.645,253,RECV,7E000F81000536024E353036352D5A324A48D8
06-10-2025 23:10:13.645,254,RECV,7E000F81000630024E363036352D384F5A47D2
06-10-2025 23:10:13.645,255,RECV,7E000F81000835024E383036362D494C424CCD
06-10-2025 23:10:13.720,256,RECV,7E000F81000739024E373036362D34384454EA
06-10-2025 23:10:13.723,257,RECV,7E000F81000534024E353036362D58545A39B8
06-10-2025 23:10:13.724,258,RECV,7E000F8100062C024E363036362D3041334514
06-10-2025 23:10:13.770,259,RECV,7E000F8100073D024E373036372D42333842FA
06-10-2025 23:10:13.798,260,RECV,7E000F81000537024E353036372D3238355400
06-10-2025 23:10:13.820,261,RECV,7E000F8100062F024E363036372D5856454ABC
06-10-2025 23:10:13.871,262,RECV,7E000F81000739024E373036382D57394D54BB
06-10-2025 23:10:13.874,263,RECV,7E000F81000534024E353036382D4A345136F0
06-10-2025 23:10:13.874,264,RECV,7E000F81000832024E383036392D58493550CA
06-10-2025 23:10:13.874,265,RECV,7E000F8100062D024E363036382D455A4939D9
06-10-2025 23:10:13.921,266,RECV,7E000F81000739024E373036392D56535931B8
06-10-2025 23:10:13.949,267,RECV,7E000F81000533024E353036392D3156564DCB
06-10-2025 23:10:13.970,268,RECV,7E000F81000832024E383037302D55574D52AD
06-10-2025 23:10:13.971,269,RECV,7E000F8100062D024E363036392D394B5054D1
06-10-2025 23:10:14.021,270,RECV,7E000F81000739024E373037302D4F474B34DE
06-10-2025 23:10:14.021,271,RECV,7E000F81000534024E353037302D59553848CE
06-10-2025 23:10:14.021,272,RECV,7E000F81000832024E383037312D51394A58CB
06-10-2025 23:10:14.021,273,RECV,7E000F8100062C024E363037302D43535330E9
06-10-2025 23:10:14.121,274,RECV,7E000F8100073D024E373037312D39373250FC
06-10-2025 23:10:14.121,275,RECV,7E000F81000537024E353037312D4C445730E1
06-10-2025 23:10:14.121,276,RECV,7E000F81000835024E383037322D33504235F9
06-10-2025 23:10:14.121,277,RECV,7E000F8100062C024E363037312D4737414BF7
06-10-2025 23:10:14.171,278,RECV,7E000F81000537024E353037322D4B523052D8
06-10-2025 23:10:14.222,279,RECV,7E000F81000835024E383037332D58484D57AE
06-10-2025 23:10:14.258,280,RECV,7E000F8100062E024E363037322D424D504CD3
06-10-2025 23:10:14.271,281,RECV,7E000F81000536024E353037332D59345A55BB
06-10-2025 23:10:14.272,282,RECV,7E000F81000834024E383037342D36443358ED
06-10-2025 23:10:14.272,283,RECV,7E000F81000630024E363037332D4A355751D4
06-10-2025 23:10:14.342,284,RECV,7E000F81000536024E353037342D31345643F8
06-10-2025 23:10:14.342,285,RECV,7E000F81000835024E383037352D35505357C1
06-10-2025 23:10:14.353,286,RECV,7E000F8100062F024E363037342D514A5447C5
06-10-2025 23:10:14.422,287,RECV,7E000F81000536024E353037352D4432483304
06-10-2025 23:10:14.422,288,RECV,7E000F81000834024E383037362D3636463707
06-10-2025 23:10:14.432,289,RECV,7E000F8100062F024E363037352D53454C46D0
06-10-2025 23:10:14.522,290,RECV,7E000F81000536024E353037362D48503037F5
06-10-2025 23:10:14.523,291,RECV,7E000F81000834024E383037372D424C4A36E1
06-10-2025 23:10:14.523,292,RECV,7E000F8100062E024E363037362D4D4B4D4CC9
06-10-2025 23:10:14.623,293,RECV,7E000F81000533024E353037372D5455484EB7
06-10-2025 23:10:14.623,294,RECV,7E000F81000832024E383037382D32525946CD
06-10-2025 23:10:14.623,295,RECV,7E000F8100062D024E363037372D47524F5AB8
06-10-2025 23:10:14.673,296,RECV,7E000F81000533024E353037382D47374A46E7
06-10-2025 23:10:14.673,297,RECV,7E000F81000832024E383037392D47314831FE
06-10-2025 23:10:14.673,298,RECV,7E000F8100062D024E363037382D59365A44CC
06-10-2025 23:10:14.773,299,RECV,7E000F81000534024E353037392D585A3336D8
06-10-2025 23:10:14.773,300,RECV,7E000F81000832024E383038302D504E3458CD
06-10-2025 23:10:14.774,301,RECV,7E000F8100062D024E363037392D34513956E4
06-10-2025 23:10:14.824,302,RECV,7E000F81000533024E353038302D55423235FE
06-10-2025 23:10:14.824,303,RECV,7E000F81000832024E383038312D32595447D0
06-10-2025 23:10:14.873,304,RECV,7E000F8100062D024E363038302D59453535F8
06-10-2025 23:10:14.924,305,RECV,7E000F8100062D024E363038312D4B444356D7
06-10-2025 23:10:15.024,306,RECV,7E000F8100062D024E363038322D34595153CD
06-10-2025 23:10:15.074,307,RECV,7E000F81000832024E383038342D56394C4ECA
06-10-2025 23:10:15.074,308,RECV,7E000F81000532024E353038332D51474A4ECA
06-10-2025 23:10:15.074,309,RECV,7E000F8100062D024E363038332D4F435548CE
06-10-2025 23:10:15.174,310,RECV,7E000F81000832024E383038352D50524A52B4
06-10-2025 23:10:15.174,311,RECV,7E000F81000532024E353038342D5A414237E5
06-10-2025 23:10:15.175,312,RECV,7E000F8100062D024E363038342D3246304212
06-10-2025 23:10:15.225,313,RECV,7E000F81000832024E383038362D46494E50C4
06-10-2025 23:10:15.235,314,RECV,7E000F81000533024E353038352D42463453E8
06-10-2025 23:10:15.240,315,RECV,7E000F8100062D024E363038352D344D4338FF
06-10-2025 23:10:15.325,316,RECV,7E000F81000832024E383038372D4C433654D7
06-10-2025 23:10:15.325,317,RECV,7E000F81000533024E353038362D354D4F4CD9
06-10-2025 23:10:15.325,318,RECV,7E000F8100062D024E363038362D3345584EDC
06-10-2025 23:10:15.375,319,RECV,7E000F81000832024E383038382D314F5153CB
06-10-2025 23:10:15.395,320,RECV,7E000F81000533024E353038372D49534249CE
06-10-2025 23:10:15.406,321,RECV,7E000F8100062D024E363038372D32574448E4
06-10-2025 23:10:15.475,322,RECV,7E000F81000832024E383038392D4C544655B3
06-10-2025 23:10:15.478,323,RECV,7E000F81000534024E353038382D4745304AED
06-10-2025 23:10:15.485,324,RECV,7E000F8100062D024E363038382D35565057C6
06-10-2025 23:10:15.576,325,RECV,7E000F81000832024E383039302D56524751B6
06-10-2025 23:10:15.576,326,RECV,7E000F81000534024E353038392D444D4258C7
06-10-2025 23:10:15.576,327,RECV,7E000F81000739024E373038392D325A4C30E1
06-10-2025 23:10:15.576,328,RECV,7E000F8100062D024E363038392D50374630FA
06-10-2025 23:10:15.626,329,RECV,7E000F81000832024E383039312D37575939D5
06-10-2025 23:10:15.676,330,RECV,7E000F81000533024E353039302D3441554BE6
06-10-2025 23:10:15.676,331,RECV,7E000F81000739024E373039302D31524543E6
06-10-2025 23:10:15.676,332,RECV,7E000F8100062D024E363039302D5A564D41C1
06-10-2025 23:10:15.726,333,RECV,7E000F81000832024E383039322D32563348F1
06-10-2025 23:10:15.727,334,RECV,7E000F81000533024E353039312D3732384A0F
06-10-2025 23:10:15.727,335,RECV,7E000F81000739024E373039312D4D52574BAF
06-10-2025 23:10:15.727,336,RECV,7E000F8100062D024E363039312D4336333121
06-10-2025 23:10:15.776,337,RECV,7E000F81000832024E383039332D31385541F4
06-10-2025 23:10:15.826,338,RECV,7E000F81000534024E353039322D4A5A4230E2
06-10-2025 23:10:15.827,339,RECV,7E000F81000739024E373039322D414B4736E6
06-10-2025 23:10:15.827,340,RECV,7E000F8100062D024E363039322D31575A45D6
06-10-2025 23:10:15.877,341,RECV,7E000F81000832024E383039342D4D395232E8
06-10-2025 23:10:15.877,342,RECV,7E000F81000534024E353039332D45325230FE
06-10-2025 23:10:15.877,343,RECV,7E000F81000739024E373039332D4F564446BF
06-10-2025 23:10:15.927,344,RECV,7E000F8100062D024E363039332D314E444BEE
06-10-2025 23:10:15.977,345,RECV,7E000F81000832024E383039352D4A39584FC7
06-10-2025 23:10:15.977,346,RECV,7E000F81000534024E353039342D51435347C8
06-10-2025 23:10:15.977,347,RECV,7E000F81000739024E373039342D45394136F8
06-10-2025 23:10:15.977,348,RECV,7E000F8100062D024E363039342D3733444FFE
06-10-2025 23:10:16.027,349,RECV,7E000F81000832024E383039362D305A4636EA
06-10-2025 23:10:16.077,350,RECV,7E000F81000533024E353039352D534B4751C0
06-10-2025 23:10:16.088,351,RECV,7E000F81000739024E373039352D34514C41DA
06-10-2025 23:10:16.088,352,RECV,7E000F8100062D024E363039352D55583153C9
06-10-2025 23:10:16.127,353,RECV,7E000F81000832024E383039372D52344F49D1
06-10-2025 23:10:16.128,354,RECV,7E000F81000533024E353039362D4A365A52C9
06-10-2025 23:10:16.128,355,RECV,7E000F81000738024E373039362D39594E43C9
06-10-2025 23:10:16.128,356,RECV,7E000F8100062D024E363039362D34513350F1
06-10-2025 23:10:16.178,357,RECV,7E000F81000832024E383039382D48504F4EB9
06-10-2025 23:10:16.228,358,RECV,7E000F81000533024E353039372D39504743E1
06-10-2025 23:10:16.246,359,RECV,7E000F81000739024E373039372D32455352CE
06-10-2025 23:10:16.246,360,RECV,7E000F8100062D024E363039372D42465456C6
06-10-2025 23:10:16.278,361,RECV,7E000F81000832024E383039392D564F3831DF
06-10-2025 23:10:16.278,362,RECV,7E000F81000534024E353039382D415A5551B1
06-10-2025 23:10:16.288,363,RECV,7E000F81000739024E373039382D52413441E1
06-10-2025 23:10:16.309,364,RECV,7E000F8100062D024E363039382D4845564DC7
06-10-2025 23:10:16.428,365,RECV,7E000F8100062D024E363039392D375A3441F0
