06-26-2025 18:45:28.759,-,API2,"Sink 2,0013A20041839DCA,802.15.4 TH,2003,/dev/ttyUSB2 - 57600/8/M/1/N,1,46"

06-26-2025 18:44:29.758,0,RECV,7E000F81000630024E363030312D4E434236FB
06-26-2025 18:44:29.759,1,RECV,7E000F8100052E024E353030312D304130491E
06-26-2025 18:44:29.759,2,RECV,7E000F81000831024E383030312D37464B59DE
06-26-2025 18:44:29.759,3,RECV,7E000F81000732024E373030312D414E3157E9
06-26-2025 18:44:29.809,4,RECV,7E000F81000631024E363030322D36505449DF
06-26-2025 18:44:29.809,5,RECV,7E000F8100052E024E353030322D4B54484CD4
06-26-2025 18:44:29.810,6,RECV,7E000F81000833024E383030322D434B353405
06-26-2025 18:44:29.810,7,RECV,7E000F81000733024E373030322D55583147D9
06-26-2025 18:44:29.810,8,RECV,7E000F81000631024E363030332D48303556FE
06-26-2025 18:44:29.859,9,RECV,7E000F81000732024E373030332D5138574BD3
06-26-2025 18:44:29.909,10,RECV,7E000F81000832024E383030342D56345947D1
06-26-2025 18:44:29.909,11,RECV,7E000F8100052F024E353030342D33595931EE
06-26-2025 18:44:29.909,12,RECV,7E000F81000732024E373030342D453530490A
06-26-2025 18:44:29.959,13,RECV,7E000F8100052F024E353030352D37375657E8
06-26-2025 18:44:29.959,14,RECV,7E000F81000732024E373030352D3554414BE7
06-26-2025 18:44:30.009,15,RECV,7E000F81000531024E353030362D5A574D31D1
06-26-2025 18:44:30.012,16,RECV,7E000F81000733024E373030362D51315543E0
06-26-2025 18:44:30.059,17,RECV,7E000F8100052F024E353030372D45305741F4
06-26-2025 18:44:30.060,18,RECV,7E000F81000733024E373030372D57565550A7
06-26-2025 18:44:30.110,19,RECV,7E000F81000831024E383030382D37525630E9
06-26-2025 18:44:30.110,20,RECV,7E000F81000631024E363030382D42454F36F0
06-26-2025 18:44:30.110,21,RECV,7E000F81000531024E353030382D56384B4BDA
06-26-2025 18:44:30.110,22,RECV,7E000F81000733024E373030382D304C5042EA
06-26-2025 18:44:30.163,23,RECV,7E000F81000831024E383030392D53583055C7
06-26-2025 18:44:30.169,24,RECV,7E000F81000631024E363030392D3751554DD1
06-26-2025 18:44:30.169,25,RECV,7E000F8100052F024E353030392D57414246DF
06-26-2025 18:44:30.169,26,RECV,7E000F81000732024E373030392D48594334E0
06-26-2025 18:44:30.204,27,RECV,7E000F81000832024E383031302D58334653DA
06-26-2025 18:44:30.204,28,RECV,7E000F81000631024E363031302D42544147E5
06-26-2025 18:44:30.204,29,RECV,7E000F8100052E024E353031302D47525A30E5
06-26-2025 18:44:30.204,30,RECV,7E000F81000732024E373031302D514B3857D5
06-26-2025 18:44:30.263,31,RECV,7E000F81000831024E383031312D50353951EF
06-26-2025 18:44:30.263,32,RECV,7E000F81000631024E363031312D504C3746E9
06-26-2025 18:44:30.263,33,RECV,7E000F8100052F024E353031312D383452390F
06-26-2025 18:44:30.263,34,RECV,7E000F81000732024E373031312D4548393801
06-26-2025 18:44:30.310,35,RECV,7E000F81000831024E383031322D4A564457C2
06-26-2025 18:44:30.312,36,RECV,7E000F81000631024E363031322D55555146C0
06-26-2025 18:44:30.312,37,RECV,7E000F8100052F024E353031322D31555351DB
06-26-2025 18:44:30.312,38,RECV,7E000F81000732024E373031322D58384446E4
06-26-2025 18:44:30.360,39,RECV,7E000F81000831024E383031332D30365456EC
06-26-2025 18:44:30.361,40,RECV,7E000F81000630024E363031332D37544E58D0
06-26-2025 18:44:30.361,41,RECV,7E000F8100052E024E353031332D56533044E8
06-26-2025 18:44:30.361,42,RECV,7E000F81000732024E373031332D4553424AD9
06-26-2025 18:44:30.410,43,RECV,7E000F81000830024E383031342D43345250E3
06-26-2025 18:44:30.410,44,RECV,7E000F81000630024E363031342D38424C300A
06-26-2025 18:44:30.410,45,RECV,7E000F8100052E024E353031342D36515332F8
06-26-2025 18:44:30.411,46,RECV,7E000F81000732024E373031342D30574151E3
06-26-2025 18:44:30.463,47,RECV,7E000F81000830024E383031352D4A354F32FB
06-26-2025 18:44:30.463,48,RECV,7E000F81000630024E363031352D5A304E55D2
06-26-2025 18:44:30.463,49,RECV,7E000F8100052E024E353031352D3936383923
06-26-2025 18:44:30.463,50,RECV,7E000F81000731024E373031352D4A37424EEB
06-26-2025 18:44:30.483,51,RECV,7E000F81000830024E383031362D315A3744F4
06-26-2025 18:44:30.490,52,RECV,7E000F81000630024E363031362D5A50334BD6
06-26-2025 18:44:30.490,53,RECV,7E000F8100052E024E353031362D4930334B0B
06-26-2025 18:44:30.513,54,RECV,7E000F81000731024E373031362D4630385AF3
06-26-2025 18:44:30.537,55,RECV,7E000F8100082F024E383031372D534C4832E1
06-26-2025 18:44:30.537,56,RECV,7E000F81000630024E363031372D54594935D2
06-26-2025 18:44:30.543,57,RECV,7E000F8100052D024E353031372D55313956ED
06-26-2025 18:44:30.543,58,RECV,7E000F81000730024E373031372D57583350C9
06-26-2025 18:44:30.613,59,RECV,7E000F81000830024E383031382D4344363704
06-26-2025 18:44:30.614,60,RECV,7E000F81000630024E363031382D45504B53C9
06-26-2025 18:44:30.615,61,RECV,7E000F8100052E024E353031382D453433437D31
06-26-2025 18:44:30.615,62,RECV,7E000F81000731024E373031382D4933375AEC
06-26-2025 18:44:30.663,63,RECV,7E000F8100082F024E383031392D4E355857C6
06-26-2025 18:44:30.667,64,RECV,7E000F8100062F024E363031392D4346334BF5
06-26-2025 18:44:30.668,65,RECV,7E000F8100052C024E353031392D3056394AF8
06-26-2025 18:44:30.668,66,RECV,7E000F81000731024E373031392D3432433916
06-26-2025 18:44:30.713,67,RECV,7E000F81000830024E383032302D5233444FE7
06-26-2025 18:44:30.713,68,RECV,7E000F81000630024E363032302D58435439DB
06-26-2025 18:44:30.713,69,RECV,7E000F8100052D024E353032302D5535544DDD
06-26-2025 18:44:30.713,70,RECV,7E000F81000731024E373032302D4C514853C8
06-26-2025 18:44:30.763,71,RECV,7E000F81000830024E383032312D41345338FE
06-26-2025 18:44:30.763,72,RECV,7E000F8100062F024E363032312D4C504A5AC3
06-26-2025 18:44:30.763,73,RECV,7E000F8100052C024E353032312D4B444742F0
06-26-2025 18:44:30.763,74,RECV,7E000F81000730024E373032312D4232313724
06-26-2025 18:44:30.813,75,RECV,7E000F81000830024E383032322D48324144FE
06-26-2025 18:44:30.814,76,RECV,7E000F8100062F024E363032322D4132373028
06-26-2025 18:44:30.814,77,RECV,7E000F8100052D024E353032322D3246553306
06-26-2025 18:44:30.814,78,RECV,7E000F81000730024E373032322D4E4B4341E2
06-26-2025 18:44:30.834,79,RECV,7E000F81000830024E383032332D57584530D8
06-26-2025 18:44:30.834,80,RECV,7E000F81000630024E363032332D4A4B4131F9
06-26-2025 18:44:30.863,81,RECV,7E000F8100052D024E353032332D354C32361C
06-26-2025 18:44:30.863,82,RECV,7E000F81000730024E373032332D474F4754CD
06-26-2025 18:44:30.884,83,RECV,7E000F81000830024E383032342D4B4C4D4BCC
06-26-2025 18:44:30.895,84,RECV,7E000F8100062F024E363032342D3731423620
06-26-2025 18:44:30.896,85,RECV,7E000F8100052D024E353032342D52534952C4
06-26-2025 18:44:30.926,86,RECV,7E000F81000731024E373032342D47415834E8
06-26-2025 18:44:30.934,87,RECV,7E000F81000830024E383032352D415A5150BE
06-26-2025 18:44:30.963,88,RECV,7E000F8100062F024E363032352D32554C48E4
06-26-2025 18:44:30.966,89,RECV,7E000F8100052D024E353032352D44455039F1
06-26-2025 18:44:30.966,90,RECV,7E000F81000731024E373032352D39514157D9
06-26-2025 18:44:31.014,91,RECV,7E000F81000830024E383032362D4F4D3946DE
06-26-2025 18:44:31.014,92,RECV,7E000F81000630024E363032362D58385950C4
06-26-2025 18:44:31.014,93,RECV,7E000F8100052E024E353032362D3642544AEB
06-26-2025 18:44:31.014,94,RECV,7E000F81000732024E373032362D4F43524DC8
06-26-2025 18:44:31.064,95,RECV,7E000F81000830024E383032372D44505455BB
06-26-2025 18:44:31.064,96,RECV,7E000F8100062F024E363032372D4739305AF3
06-26-2025 18:44:31.064,97,RECV,7E000F8100052D024E353032372D4E4D4B44D7
06-26-2025 18:44:31.064,98,RECV,7E000F81000731024E373032372D394D3256EB
06-26-2025 18:44:31.114,99,RECV,7E000F81000830024E383032382D4A4D324FDF
06-26-2025 18:44:31.120,100,RECV,7E000F81000630024E363032382D46345937F1
06-26-2025 18:44:31.120,101,RECV,7E000F8100052E024E353032382D48464142EE
06-26-2025 18:44:31.120,102,RECV,7E000F81000731024E373032382D5437544DCC
06-26-2025 18:44:31.164,103,RECV,7E000F81000830024E383032392D464A5A55B7
06-26-2025 18:44:31.164,104,RECV,7E000F81000630024E363032392D41594E36DC
06-26-2025 18:44:31.164,105,RECV,7E000F8100052E024E353032392D4B523646E5
06-26-2025 18:44:31.174,106,RECV,7E000F81000731024E373032392D44574E39D5
06-26-2025 18:44:31.184,107,RECV,7E000F81000831024E383033302D49385834F0
06-26-2025 18:44:31.214,108,RECV,7E000F81000630024E363033302D3230583414
06-26-2025 18:44:31.214,109,RECV,7E000F8100052D024E353033302D5750394FD8
06-26-2025 18:44:31.214,110,RECV,7E000F81000731024E373033302D52594439D7
06-26-2025 18:44:31.247,111,RECV,7E000F81000831024E383033312D454F5330E5
06-26-2025 18:44:31.256,112,RECV,7E000F81000630024E363033312D5A394958CD
06-26-2025 18:44:31.267,113,RECV,7E000F8100052D024E353033312D54384C31FD
06-26-2025 18:44:31.275,114,RECV,7E000F81000731024E373033312D55463536F8
06-26-2025 18:44:31.314,115,RECV,7E000F81000830024E383033322D554E4B37D7
06-26-2025 18:44:31.314,116,RECV,7E000F81000630024E363033322D4E414E45DE
06-26-2025 18:44:31.314,117,RECV,7E000F8100052E024E353033322D384F4141FB
06-26-2025 18:44:31.314,118,RECV,7E000F81000731024E373033322D434A514AD5
06-26-2025 18:44:31.364,119,RECV,7E000F81000830024E383033332D38595A4FC1
06-26-2025 18:44:31.364,120,RECV,7E000F81000630024E363033332D53584E53B3
06-26-2025 18:44:31.364,121,RECV,7E000F8100052D024E353033332D5531423804
06-26-2025 18:44:31.364,122,RECV,7E000F81000731024E373033332D31394355FA
06-26-2025 18:44:31.414,123,RECV,7E000F81000830024E383033342D4A483239FD
06-26-2025 18:44:31.414,124,RECV,7E000F8100062F024E363033342D564F4931E0
06-26-2025 18:44:31.414,125,RECV,7E000F8100052D024E353033342D385A5A4BCC
06-26-2025 18:44:31.425,126,RECV,7E000F81000731024E373033342D4E3435380C
06-26-2025 18:44:31.434,127,RECV,7E000F81000830024E383033352D4A4B3150E3
06-26-2025 18:44:31.465,128,RECV,7E000F81000630024E363033352D55363151F0
06-26-2025 18:44:31.465,129,RECV,7E000F8100052D024E353033352D31385647FC
06-26-2025 18:44:31.514,130,RECV,7E000F81000731024E373033352D57503554CA
06-26-2025 18:44:31.514,131,RECV,7E000F8100082F024E383033362D59455935CD
06-26-2025 18:44:31.515,132,RECV,7E000F8100062F024E363033362D495A4B35DA
06-26-2025 18:44:31.525,133,RECV,7E000F8100052D024E353033362D3434504AFF
06-26-2025 18:44:31.525,134,RECV,7E000F81000731024E373033362D555A5931C0
06-26-2025 18:44:31.535,135,RECV,7E000F81000830024E383033372D34564F30EE
06-26-2025 18:44:31.564,136,RECV,7E000F8100062F024E363033372D54494A4BCA
06-26-2025 18:44:31.638,137,RECV,7E000F8100052D024E353033372D414C4559D5
06-26-2025 18:44:31.651,138,RECV,7E000F81000730024E373033372D534A574DB8
06-26-2025 18:44:31.651,139,RECV,7E000F81000830024E383033382D4235373315
06-26-2025 18:44:31.651,140,RECV,7E000F81000630024E363033382D523631350C
06-26-2025 18:44:31.651,141,RECV,7E000F8100052D024E353033382D373338500D
06-26-2025 18:44:31.651,142,RECV,7E000F81000731024E373033382D444E494ECE
06-26-2025 18:44:31.651,143,RECV,7E000F81000830024E383033392D51365052CC
06-26-2025 18:44:31.667,144,RECV,7E000F81000631024E363033392D41575238D6
06-26-2025 18:44:31.667,145,RECV,7E000F8100052E024E353033392D395A4349DE
06-26-2025 18:44:31.716,146,RECV,7E000F81000732024E373033392D3648594ED0
06-26-2025 18:44:31.723,147,RECV,7E000F81000831024E383034302D42595A47C0
06-26-2025 18:44:31.723,148,RECV,7E000F81000631024E363034302D5A375356C6
06-26-2025 18:44:31.723,149,RECV,7E000F8100052E024E353034302D53424F49D8
06-26-2025 18:44:31.765,150,RECV,7E000F81000732024E373034302D494E5139DC
06-26-2025 18:44:31.766,151,RECV,7E000F81000831024E383034312D344B4158E3
06-26-2025 18:44:31.766,152,RECV,7E000F81000631024E363034312D4A3530351B
06-26-2025 18:44:31.775,153,RECV,7E000F8100052E024E353034312D37565A46D7
06-26-2025 18:44:31.825,154,RECV,7E000F81000631024E363034322D4F575943BC
06-26-2025 18:44:31.825,155,RECV,7E000F8100052E024E353034322D4233334F0C
06-26-2025 18:44:31.915,156,RECV,7E000F81000631024E363034332D52494833E7
06-26-2025 18:44:31.915,157,RECV,7E000F8100052E024E353034332D49354F49EC
06-26-2025 18:44:31.915,158,RECV,7E000F81000831024E383034342D46325759D0
06-26-2025 18:44:31.916,159,RECV,7E000F81000733024E373034332D33494B53DF
06-26-2025 18:44:31.965,160,RECV,7E000F81000631024E363034342D4344524DD6
06-26-2025 18:44:31.965,161,RECV,7E000F8100052E024E353034342D4F325549E2
06-26-2025 18:44:31.965,162,RECV,7E000F81000830024E383034352D52464C53C1
06-26-2025 18:44:31.965,163,RECV,7E000F81000732024E373034342D45435434E9
06-26-2025 18:44:31.966,164,RECV,7E000F81000631024E363034352D55534850BB
06-26-2025 18:44:31.986,165,RECV,7E000F8100052E024E353034352D4F324950E6
06-26-2025 18:44:31.986,166,RECV,7E000F81000832024E383034362D464D4A51C7
06-26-2025 18:44:31.986,167,RECV,7E000F81000732024E373034352D4E545531D0
06-26-2025 18:44:32.015,168,RECV,7E000F81000630024E363034362D5041324EEA
06-26-2025 18:44:32.066,169,RECV,7E000F8100052E024E353034362D4538484EEC
06-26-2025 18:44:32.066,170,RECV,7E000F81000830024E383034372D344E495AD1
06-26-2025 18:44:32.066,171,RECV,7E000F81000731024E373034362D354A5854CD
06-26-2025 18:44:32.106,172,RECV,7E000F81000630024E363034372D4B4B4D30E7
06-26-2025 18:44:32.117,173,RECV,7E000F8100052E024E353034372D4A4F3550E0
06-26-2025 18:44:32.117,174,RECV,7E000F81000830024E383034382D44563934EE
06-26-2025 18:44:32.117,175,RECV,7E000F81000731024E373034372D52544148C8
06-26-2025 18:44:32.166,176,RECV,7E000F81000631024E363034382D59583242D3
06-26-2025 18:44:32.179,177,RECV,7E000F8100052E024E353034382D52544836D9
06-26-2025 18:44:32.179,178,RECV,7E000F81000831024E383034392D434D4F50C4
06-26-2025 18:44:32.179,179,RECV,7E000F81000731024E373034382D55485950B0
06-26-2025 18:44:32.216,180,RECV,7E000F81000631024E363034392D52575730C7
06-26-2025 18:44:32.216,181,RECV,7E000F81000732024E373034392D554F5135CA
06-26-2025 18:44:32.270,182,RECV,7E000F81000631024E363035302D45564C45D3
06-26-2025 18:44:32.270,183,RECV,7E000F81000732024E373035302D31394252FE
06-26-2025 18:44:32.288,184,RECV,7E000F81000631024E363035312D34543556EB
06-26-2025 18:44:32.288,185,RECV,7E000F8100052F024E353035312D4F4A5042D7
06-26-2025 18:44:32.288,186,RECV,7E000F81000732024E373035312D51425542D1
06-26-2025 18:44:32.367,187,RECV,7E000F81000631024E363035322D35384C3212
06-26-2025 18:44:32.367,188,RECV,7E000F81000831024E383035332D395A4B44D6
06-26-2025 18:44:32.367,189,RECV,7E000F8100052E024E353035322D42574130F8
06-26-2025 18:44:32.367,190,RECV,7E000F81000732024E373035322D374538370F
06-26-2025 18:44:32.417,191,RECV,7E000F81000631024E363035332D56564452BA
06-26-2025 18:44:32.417,192,RECV,7E000F81000832024E383035342D4F364F59C9
06-26-2025 18:44:32.417,193,RECV,7E000F8100052E024E353035332D57565331D0
06-26-2025 18:44:32.417,194,RECV,7E000F81000732024E373035332D45525153BE
06-26-2025 18:44:32.467,195,RECV,7E000F8100052F024E353035342D4B394753E1
06-26-2025 18:44:32.479,196,RECV,7E000F81000732024E373035342D46434839EE
06-26-2025 18:44:32.517,197,RECV,7E000F81000831024E383035362D52394659CB
06-26-2025 18:44:32.517,198,RECV,7E000F81000631024E363035352D57503748D4
06-26-2025 18:44:32.517,199,RECV,7E000F8100052E024E353035352D474B3737FF
06-26-2025 18:44:32.517,200,RECV,7E000F81000732024E373035352D58454B4AC5
06-26-2025 18:44:32.568,201,RECV,7E000F81000832024E383035372D4853434DC8
06-26-2025 18:44:32.572,202,RECV,7E000F81000632024E363035362D52473944E2
06-26-2025 18:44:32.572,203,RECV,7E000F8100052F024E353035362D4C4A4D4ECC
06-26-2025 18:44:32.572,204,RECV,7E000F81000732024E373035362D4E4D474BC9
06-26-2025 18:44:32.618,205,RECV,7E000F81000831024E383035382D414A3350E5
06-26-2025 18:44:32.634,206,RECV,7E000F81000631024E363035372D3942333812
06-26-2025 18:44:32.634,207,RECV,7E000F8100052F024E353035372D4A575232D7
06-26-2025 18:44:32.634,208,RECV,7E000F81000732024E373035372D4A464237EC
06-26-2025 18:44:32.667,209,RECV,7E000F81000831024E383035392D474E4D56BA
06-26-2025 18:44:32.668,210,RECV,7E000F81000631024E363035382D4C344659D8
06-26-2025 18:44:32.668,211,RECV,7E000F8100052F024E353035382D57414646D7
06-26-2025 18:44:32.668,212,RECV,7E000F81000732024E373035382D4B4C5849BC
06-26-2025 18:44:32.718,213,RECV,7E000F81000832024E383036302D37553344F6
06-26-2025 18:44:32.721,214,RECV,7E000F81000632024E363035392D51535557A5
06-26-2025 18:44:32.721,215,RECV,7E000F8100052F024E353035392D59333454E6
06-26-2025 18:44:32.721,216,RECV,7E000F81000732024E373035392D4A384D32F2
06-26-2025 18:44:32.768,217,RECV,7E000F81000832024E383036312D4E333759E7
06-26-2025 18:44:32.785,218,RECV,7E000F81000632024E363036302D33454546FA
06-26-2025 18:44:32.785,219,RECV,7E000F8100052F024E353036302D353030412C
06-26-2025 18:44:32.785,220,RECV,7E000F81000732024E373036302D33395054EB
06-26-2025 18:44:32.818,221,RECV,7E000F81000832024E383036322D494A3533FC
06-26-2025 18:44:32.818,222,RECV,7E000F81000632024E363036312D4854474ACF
06-26-2025 18:44:32.818,223,RECV,7E000F8100052F024E353036312D45565159BC
06-26-2025 18:44:32.818,224,RECV,7E000F81000732024E373036312D30564955D6
06-26-2025 18:44:32.870,225,RECV,7E000F81000832024E383036332D524E4B4CBF
06-26-2025 18:44:32.873,226,RECV,7E000F81000632024E363036322D39523643F7
06-26-2025 18:44:32.873,227,RECV,7E000F8100052F024E353036322D4F384834FD
06-26-2025 18:44:32.873,228,RECV,7E000F81000733024E373036322D4E4F4A33DE
06-26-2025 18:44:32.920,229,RECV,7E000F81000832024E383036342D535A4750B1
06-26-2025 18:44:32.920,230,RECV,7E000F81000632024E363036332D5A4C3147DC
06-26-2025 18:44:32.920,231,RECV,7E000F8100052F024E353036332D39533444FB
06-26-2025 18:44:32.920,232,RECV,7E000F81000733024E373036332D32564942E4
06-26-2025 18:44:32.970,233,RECV,7E000F81000832024E383036352D57525A49A8
06-26-2025 18:44:32.970,234,RECV,7E000F81000632024E363036342D5057584EAC
06-26-2025 18:44:32.970,235,RECV,7E000F81000530024E353036342D55383948EF
06-26-2025 18:44:32.970,236,RECV,7E000F81000733024E373036342D4F473541EA
06-26-2025 18:44:33.020,237,RECV,7E000F81000832024E383036362D434E4F4CC7
06-26-2025 18:44:33.028,238,RECV,7E000F81000632024E363036352D3446434DEE
06-26-2025 18:44:33.028,239,RECV,7E000F81000530024E353036352D46425041E3
06-26-2025 18:44:33.028,240,RECV,7E000F81000733024E373036352D4C314B36F7
06-26-2025 18:44:33.071,241,RECV,7E000F81000832024E383036372D494D4255C5
06-26-2025 18:44:33.073,242,RECV,7E000F81000632024E363036362D33594E45D8
06-26-2025 18:44:33.073,243,RECV,7E000F81000530024E353036362D5A454850C4
06-26-2025 18:44:33.073,244,RECV,7E000F81000733024E373036362D4C514257BE
06-26-2025 18:44:33.122,245,RECV,7E000F81000832024E383036382D3653365AD8
06-26-2025 18:44:33.122,246,RECV,7E000F81000632024E363036372D4C365053D1
06-26-2025 18:44:33.122,247,RECV,7E000F8100052F024E353036372D4C323848FD
06-26-2025 18:44:33.122,248,RECV,7E000F81000733024E373036372D36325054E7
06-26-2025 18:44:33.172,249,RECV,7E000F81000832024E383036392D30584342E3
06-26-2025 18:44:33.179,250,RECV,7E000F81000632024E363036382D47585135D0
06-26-2025 18:44:33.179,251,RECV,7E000F81000530024E353036382D39364156F3
06-26-2025 18:44:33.179,252,RECV,7E000F81000733024E373036382D534D474CBF
06-26-2025 18:44:33.221,253,RECV,7E000F81000832024E383037302D3942364EF9
06-26-2025 18:44:33.239,254,RECV,7E000F81000632024E363036392D4E48574DBA
06-26-2025 18:44:33.239,255,RECV,7E000F81000530024E353036392D415A3355D5
06-26-2025 18:44:33.240,256,RECV,7E000F81000733024E373036392D525A59509C
06-26-2025 18:44:33.271,257,RECV,7E000F81000833024E383037312D44454C53CE
06-26-2025 18:44:33.271,258,RECV,7E000F81000632024E363037302D49594549CC
06-26-2025 18:44:33.271,259,RECV,7E000F81000530024E353037302D4B554247D7
06-26-2025 18:44:33.281,260,RECV,7E000F81000733024E373037302D414C4242E8
06-26-2025 18:44:33.292,261,RECV,7E000F81000833024E383037322D4E375455C7
06-26-2025 18:44:33.321,262,RECV,7E000F81000632024E363037312D50474A59C1
06-26-2025 18:44:33.332,263,RECV,7E000F8100052F024E353037312D315237380E
06-26-2025 18:44:33.371,264,RECV,7E000F81000733024E373037312D43494736EF
06-26-2025 18:44:33.391,265,RECV,7E000F81000833024E383037332D30503556E9
06-26-2025 18:44:33.391,266,RECV,7E000F81000632024E363037322D4755464ECA
06-26-2025 18:44:33.391,267,RECV,7E000F81000530024E353037322D45553848E4
06-26-2025 18:44:33.391,268,RECV,7E000F81000734024E373037322D56314E45DC
06-26-2025 18:44:33.421,269,RECV,7E000F81000832024E383037342D444F4144DC
06-26-2025 18:44:33.422,270,RECV,7E000F81000632024E363037332D30564B5ACE
06-26-2025 18:44:33.422,271,RECV,7E000F8100052F024E353037332D48565A46C0
06-26-2025 18:44:33.422,272,RECV,7E000F81000733024E373037332D57513951C4
06-26-2025 18:44:33.472,273,RECV,7E000F81000833024E383037352D57385141D1
06-26-2025 18:44:33.483,274,RECV,7E000F81000632024E363037342D383339417D33
06-26-2025 18:44:33.483,275,RECV,7E000F81000530024E353037342D4C444B4FD2
06-26-2025 18:44:33.483,276,RECV,7E000F81000734024E373037342D35354A53ED
06-26-2025 18:44:33.483,277,RECV,7E000F81000832024E383037362D4F564746C0
06-26-2025 18:44:33.522,278,RECV,7E000F81000632024E363037352D4B563938E5
06-26-2025 18:44:33.548,279,RECV,7E000F81000530024E353037352D583534300A
06-26-2025 18:44:33.572,280,RECV,7E000F81000734024E373037352D4A555044C0
06-26-2025 18:44:33.575,281,RECV,7E000F81000832024E383037372D4A4D5856AC
06-26-2025 18:44:33.575,282,RECV,7E000F81000632024E363037362D304E384FF1
06-26-2025 18:44:33.575,283,RECV,7E000F8100052F024E353037362D525A5642B7
06-26-2025 18:44:33.622,284,RECV,7E000F81000733024E373037362D49505730D3
06-26-2025 18:44:33.623,285,RECV,7E000F81000832024E383037382D43544E44C7
06-26-2025 18:44:33.623,286,RECV,7E000F81000632024E363037372D4E56334FCF
06-26-2025 18:44:33.623,287,RECV,7E000F81000530024E353037372D44444B50D6
06-26-2025 18:44:33.673,288,RECV,7E000F81000733024E373037372D53444A4DC4
06-26-2025 18:44:33.696,289,RECV,7E000F81000832024E383037392D454C3848DE
06-26-2025 18:44:33.696,290,RECV,7E000F81000632024E363037382D4148564BCA
06-26-2025 18:44:33.696,291,RECV,7E000F81000530024E353037382D5A4E5746B3
06-26-2025 18:44:33.696,292,RECV,7E000F81000734024E373037382D314F5436E6
06-26-2025 18:44:33.723,293,RECV,7E000F81000833024E383038302D4B343654ED
06-26-2025 18:44:33.723,294,RECV,7E000F81000633024E363037392D36583534FB
06-26-2025 18:44:33.723,295,RECV,7E000F81000530024E353037392D433933357D33
06-26-2025 18:44:33.743,296,RECV,7E000F81000734024E373037392D5946515AA5
06-26-2025 18:44:33.776,297,RECV,7E000F81000632024E363038302D4E505A41C2
06-26-2025 18:44:33.786,298,RECV,7E000F81000530024E353038302D4454324FE6
06-26-2025 18:44:33.823,299,RECV,7E000F81000734024E373038302D41343650FC
06-26-2025 18:44:33.848,300,RECV,7E000F81000833024E383038322D49555957A6
06-26-2025 18:44:33.848,301,RECV,7E000F81000633024E363038312D56433255D9
06-26-2025 18:44:33.848,302,RECV,7E000F81000530024E353038312D58493155D7
06-26-2025 18:44:33.874,303,RECV,7E000F81000734024E373038312D52443037F9
06-26-2025 18:44:33.876,304,RECV,7E000F81000833024E383038332D5A433542DF
06-26-2025 18:44:33.876,305,RECV,7E000F81000632024E363038322D354C3154F3
06-26-2025 18:44:33.876,306,RECV,7E000F81000530024E353038322D454C5A50C2
06-26-2025 18:44:33.923,307,RECV,7E000F81000734024E373038322D3051324AF8
06-26-2025 18:44:33.924,308,RECV,7E000F81000833024E383038342D54513847CE
06-26-2025 18:44:33.924,309,RECV,7E000F81000632024E363038332D4D584737D5
06-26-2025 18:44:33.934,310,RECV,7E000F81000530024E353038332D59533652C8
06-26-2025 18:44:33.984,311,RECV,7E000F81000632024E363038342D32594C4CD4
06-26-2025 18:44:33.999,312,RECV,7E000F81000530024E353038342D3336434F00
06-26-2025 18:44:34.025,313,RECV,7E000F81000633024E363038352D32493258F0
06-26-2025 18:44:34.029,314,RECV,7E000F81000530024E353038352D544E4A56B8
06-26-2025 18:44:34.075,315,RECV,7E000F81000833024E383038372D32474554DD
06-26-2025 18:44:34.075,316,RECV,7E000F81000734024E373038352D4D415231E1
06-26-2025 18:44:34.075,317,RECV,7E000F81000530024E353038362D43384D50E1
06-26-2025 18:44:34.125,318,RECV,7E000F81000833024E383038382D414F5644C4
06-26-2025 18:44:34.125,319,RECV,7E000F81000734024E373038362D37304955EC
06-26-2025 18:44:34.125,320,RECV,7E000F81000530024E353038372D4C364F38EF
06-26-2025 18:44:34.175,321,RECV,7E000F81000834024E383038392D51444643CE
06-26-2025 18:44:34.175,322,RECV,7E000F81000734024E373038372D49444157CB
06-26-2025 18:44:34.175,323,RECV,7E000F81000531024E353038382D494F3251DB
06-26-2025 18:44:34.225,324,RECV,7E000F81000834024E383039302D42395659CA
06-26-2025 18:44:34.225,325,RECV,7E000F81000734024E373038382D30574F4BCE
06-26-2025 18:44:34.235,326,RECV,7E000F8100052F024E353038392D474F5048C9
06-26-2025 18:44:34.237,327,RECV,7E000F81000833024E383039312D43425850C7
06-26-2025 18:44:34.256,328,RECV,7E000F81000734024E373038392D554A3447D4
06-26-2025 18:44:34.327,329,RECV,7E000F8100052F024E353039302D4C315535F8
06-26-2025 18:44:34.329,330,RECV,7E000F81000833024E383039322D3341333715
06-26-2025 18:44:34.329,331,RECV,7E000F81000733024E373039302D484B4E30E6
06-26-2025 18:44:34.376,332,RECV,7E000F81000530024E353039312D48565750B8
06-26-2025 18:44:34.376,333,RECV,7E000F81000633024E363039312D4354534DC1
06-26-2025 18:44:34.376,334,RECV,7E000F81000833024E383039332D5331344AF0
06-26-2025 18:44:34.376,335,RECV,7E000F81000734024E373039312D49574A30DB
06-26-2025 18:44:34.426,336,RECV,7E000F81000530024E353039322D33593551EA
06-26-2025 18:44:34.426,337,RECV,7E000F81000633024E363039322D334B384CF5
06-26-2025 18:44:34.426,338,RECV,7E000F81000833024E383039342D4D4A3257D1
06-26-2025 18:44:34.426,339,RECV,7E000F81000734024E373039322D4C463746E5
06-26-2025 18:44:34.426,340,RECV,7E000F81000530024E353039332D59474D58B6
06-26-2025 18:44:34.446,341,RECV,7E000F81000633024E363039332D4649584FC0
06-26-2025 18:44:34.457,342,RECV,7E000F81000833024E383039352D54305732E3
06-26-2025 18:44:34.457,343,RECV,7E000F81000735024E373039332D47445238DD
06-26-2025 18:44:34.496,344,RECV,7E000F81000531024E353039342D56425754B6
06-26-2025 18:44:34.496,345,RECV,7E000F81000633024E363039342D54555951A2
06-26-2025 18:44:34.496,346,RECV,7E000F81000833024E383039362D45514932DE
06-26-2025 18:44:34.526,347,RECV,7E000F81000734024E373039342D36394F49EB
06-26-2025 18:44:34.576,348,RECV,7E000F81000530024E353039352D50523348DC
06-26-2025 18:44:34.576,349,RECV,7E000F81000633024E363039352D51313643F9
06-26-2025 18:44:34.576,350,RECV,7E000F81000833024E383039372D45345543DD
06-26-2025 18:44:34.576,351,RECV,7E000F81000734024E373039352D4A484D53BF
06-26-2025 18:44:34.626,352,RECV,7E000F81000530024E353039362D49484743DD
06-26-2025 18:44:34.626,353,RECV,7E000F81000633024E363039362D51393843EE
06-26-2025 18:44:34.626,354,RECV,7E000F81000833024E383039382D4A525532CA
06-26-2025 18:44:34.626,355,RECV,7E000F81000734024E373039362D51574741C0
06-26-2025 18:44:34.676,356,RECV,7E000F81000530024E353039372D3634525AE1
06-26-2025 18:44:34.676,357,RECV,7E000F81000633024E363039372D3053504CD3
06-26-2025 18:44:34.676,358,RECV,7E000F81000833024E383039392D3741335AE7
06-26-2025 18:44:34.676,359,RECV,7E000F81000734024E373039372D59384B57BC
06-26-2025 18:44:34.726,360,RECV,7E000F81000530024E353039382D36494A4BE2
06-26-2025 18:44:34.726,361,RECV,7E000F81000633024E363039382D4D59534CAC
06-26-2025 18:44:34.726,362,RECV,7E000F81000735024E373039382D47384156D7
06-26-2025 18:44:34.776,363,RECV,7E000F81000532024E353039392D44335232F8
06-26-2025 18:44:34.777,364,RECV,7E000F81000634024E363039392D39415657C8
06-26-2025 18:44:34.777,365,RECV,7E000F81000735024E373039392D42443732FD
