06-30-2025 14:26:35.146,-,API2,"Sink 1,0013A20041839DB1,802.15.4 TH,2003,/dev/ttyUSB0 - 57600/8/M/1/N,1,46"

06-30-2025 14:25:11.909,0,RECV,7E000F8100052D024E353030302D45423653FA
06-30-2025 14:25:11.910,1,RECV,7E000F81000228024E323030302D4538544AFA
06-30-2025 14:25:11.913,2,RECV,7E000F81000631024E363030302D374E4C3201
06-30-2025 14:25:11.959,3,RECV,7E000F81000121024E313030302D44595843E6
06-30-2025 14:25:12.260,4,RECV,7E000F8100052D024E353030312D42364E55EE
06-30-2025 14:25:12.260,5,RECV,7E000F81000228024E323030312D57565946C8
06-30-2025 14:25:12.260,6,RECV,7E000F81000632024E363030312D505A3451D3
06-30-2025 14:25:12.310,7,RECV,7E000F81000121024E313030312D56414E47F1
06-30-2025 14:25:12.611,8,RECV,7E000F8100052D024E353030322D5830343418
06-30-2025 14:25:12.612,9,RECV,7E000F81000228024E323030322D4D4F4C4CDF
06-30-2025 14:25:12.612,10,RECV,7E000F81000633024E363030322D4A374E59D8
06-30-2025 14:25:12.661,11,RECV,7E000F81000121024E313030322D564F4E52D7
06-30-2025 14:25:12.963,12,RECV,7E000F8100052D024E353030332D34465551E7
06-30-2025 14:25:12.971,13,RECV,7E000F81000229024E323030332D3652305504
06-30-2025 14:25:12.972,14,RECV,7E000F81000632024E363030332D46385335FA
06-30-2025 14:25:13.012,15,RECV,7E000F81000121024E313030332D41564F57DE
06-30-2025 14:25:13.313,16,RECV,7E000F8100052D024E353030342D59305349E1
06-30-2025 14:25:13.316,17,RECV,7E000F81000229024E323030342D3354313226
06-30-2025 14:25:13.318,18,RECV,7E000F81000632024E363030342D41455957C9
06-30-2025 14:25:13.364,19,RECV,7E000F81000121024E313030342D46465159E4
06-30-2025 14:25:13.665,20,RECV,7E000F8100052D024E353030352D39534A37F8
06-30-2025 14:25:13.672,21,RECV,7E000F81000228024E323030352D3534524312
06-30-2025 14:25:13.708,22,RECV,7E000F81000633024E363030352D4F4A313102
06-30-2025 14:25:13.714,23,RECV,7E000F81000121024E313030352D314642451B
06-30-2025 14:25:14.016,24,RECV,7E000F8100052C024E353030362D364636391A
06-30-2025 14:25:14.020,25,RECV,7E000F81000229024E323030362D4E4C384CF0
06-30-2025 14:25:14.020,26,RECV,7E000F81000632024E363030362D30545234F3
06-30-2025 14:25:14.066,27,RECV,7E000F81000121024E313030362D5143464EF0
06-30-2025 14:25:14.367,28,RECV,7E000F8100052C024E353030372D47494B39F0
06-30-2025 14:25:14.369,29,RECV,7E000F81000229024E323030372D343851420E
06-30-2025 14:25:14.370,30,RECV,7E000F81000630024E363030372D38434856E5
06-30-2025 14:25:14.417,31,RECV,7E000F81000121024E313030372D4D554151E3
06-30-2025 14:25:14.718,32,RECV,7E000F8100052C024E353030382D48454833FB
06-30-2025 14:25:14.719,33,RECV,7E000F81000228024E323030382D3033423038
06-30-2025 14:25:14.720,34,RECV,7E000F81000632024E363030382D33505047E1
06-30-2025 14:25:14.768,35,RECV,7E000F81000121024E313030382D54384D4BF2
06-30-2025 14:25:15.069,36,RECV,7E000F8100052C024E353030392D533330301C
06-30-2025 14:25:15.071,37,RECV,7E000F81000228024E323030392D4B384E4EED
06-30-2025 14:25:15.072,38,RECV,7E000F81000631024E363030392D454B5A51C0
06-30-2025 14:25:15.119,39,RECV,7E000F81000121024E313030392D41525552DB
06-30-2025 14:25:15.420,40,RECV,7E000F8100052C024E353031302D4C31314C10
06-30-2025 14:25:15.421,41,RECV,7E000F81000229024E323031302D41444E58E8
06-30-2025 14:25:15.422,42,RECV,7E000F81000631024E363031302D58543853CC
06-30-2025 14:25:15.470,43,RECV,7E000F81000121024E313031302D5638543902
06-30-2025 14:25:15.771,44,RECV,7E000F8100052B024E353031312D4547344A00
06-30-2025 14:25:15.773,45,RECV,7E000F81000228024E323031312D554C4E44E0
06-30-2025 14:25:15.774,46,RECV,7E000F81000630024E363031312D46365143F3
06-30-2025 14:25:15.821,47,RECV,7E000F81000121024E313031312D52344F3017
06-30-2025 14:25:16.123,48,RECV,7E000F8100052C024E353031322D443553310B
06-30-2025 14:25:16.124,49,RECV,7E000F81000228024E323031322D37374B4118
06-30-2025 14:25:16.125,50,RECV,7E000F8100062F024E363031322D50514136EB
06-30-2025 14:25:16.173,51,RECV,7E000F81000121024E313031322D48545555D5
06-30-2025 14:25:16.474,52,RECV,7E000F8100052B024E353031332D48335054E9
06-30-2025 14:25:16.475,53,RECV,7E000F81000229024E323031332D50504547E4
06-30-2025 14:25:16.476,54,RECV,7E000F8100062F024E363031332D4F395454D2
06-30-2025 14:25:16.524,55,RECV,7E000F81000121024E313031332D4449334218
06-30-2025 14:25:16.824,56,RECV,7E000F8100052B024E353031342D4D494B30F6
06-30-2025 14:25:16.825,57,RECV,7E000F81000229024E323031342D3938313835
06-30-2025 14:25:16.826,58,RECV,7E000F8100062F024E363031342D4F504D56BF
06-30-2025 14:25:16.875,59,RECV,7E000F81000121024E313031342D4447534FEC
06-30-2025 14:25:17.176,60,RECV,7E000F8100052B024E353031352D37595258CC
06-30-2025 14:25:17.180,61,RECV,7E000F81000228024E323031352D51575435DE
06-30-2025 14:25:17.181,62,RECV,7E000F8100062F024E363031352D384A4F5AD5
06-30-2025 14:25:17.226,63,RECV,7E000F81000121024E313031352D58543154E7
06-30-2025 14:25:17.527,64,RECV,7E000F8100052F024E353031362D53504350CB
06-30-2025 14:25:17.530,65,RECV,7E000F81000229024E323031362D303638303F
06-30-2025 14:25:17.530,66,RECV,7E000F81000632024E363031362D4E484338EB
06-30-2025 14:25:17.577,67,RECV,7E000F81000121024E313031362D4334424717
06-30-2025 14:25:17.878,68,RECV,7E000F8100052D024E353031372D4541394201
06-30-2025 14:25:17.880,69,RECV,7E000F81000229024E323031372D55384546F4
06-30-2025 14:25:17.880,70,RECV,7E000F81000631024E363031372D334E3553F3
06-30-2025 14:25:17.928,71,RECV,7E000F81000121024E313031372D534D5852CC
06-30-2025 14:25:18.229,72,RECV,7E000F8100052E024E353031382D424B3641FC
06-30-2025 14:25:18.233,73,RECV,7E000F81000228024E323031382D31545A39F4
06-30-2025 14:25:18.233,74,RECV,7E000F81000632024E363031382D45454E31F1
06-30-2025 14:25:18.279,75,RECV,7E000F81000121024E313031382D5033514CF5
06-30-2025 14:25:18.580,76,RECV,7E000F8100052D024E353031392D3046424305
06-30-2025 14:25:18.581,77,RECV,7E000F81000228024E323031392D554B4134F6
06-30-2025 14:25:18.583,78,RECV,7E000F81000632024E363031392D4E58414DC5
06-30-2025 14:25:18.630,79,RECV,7E000F81000121024E313031392D434B3257FD
06-30-2025 14:25:18.931,80,RECV,7E000F8100052D024E353032302D584B4B53C7
06-30-2025 14:25:18.981,81,RECV,7E000F81000229024E323032302D574B4F31F0
06-30-2025 14:25:19.004,82,RECV,7E000F81000631024E363032302D56454546DC
06-30-2025 14:25:19.004,83,RECV,7E000F81000121024E313032302D3648384B1B
06-30-2025 14:25:19.282,84,RECV,7E000F8100052D024E353032312D4F384249F5
06-30-2025 14:25:19.332,85,RECV,7E000F81000229024E323032312D454E5548E1
06-30-2025 14:25:19.333,86,RECV,7E000F81000631024E363032312D5431384301
06-30-2025 14:25:19.333,87,RECV,7E000F81000121024E313032312D4533324A27
06-30-2025 14:25:19.633,88,RECV,7E000F8100052D024E353032322D30434B3414
06-30-2025 14:25:19.683,89,RECV,7E000F81000228024E323032322D45524D4CE1
06-30-2025 14:25:19.684,90,RECV,7E000F81000631024E363032322D4A545531DC
06-30-2025 14:25:19.684,91,RECV,7E000F81000121024E313032322D3349474215
06-30-2025 14:25:19.985,92,RECV,7E000F8100052D024E353032332D51364A37FD
06-30-2025 14:25:20.035,93,RECV,7E000F81000229024E323032332D515A4E34E2
06-30-2025 14:25:20.035,94,RECV,7E000F81000631024E363032332D5233314603
06-30-2025 14:25:20.035,95,RECV,7E000F81000121024E313032332D4C4D4457E5
06-30-2025 14:25:20.335,96,RECV,7E000F8100052C024E353032342D54494C56C6
06-30-2025 14:25:20.386,97,RECV,7E000F81000229024E323032342D5141494EE5
06-30-2025 14:25:20.391,98,RECV,7E000F81000630024E363032342D305A504FD6
06-30-2025 14:25:20.391,99,RECV,7E000F81000121024E313032342D48473954FC
06-30-2025 14:25:20.687,100,RECV,7E000F8100052C024E353032352D595A5541BB
06-30-2025 14:25:20.737,101,RECV,7E000F81000228024E323032352D42464F53E4
06-30-2025 14:25:20.737,102,RECV,7E000F81000631024E363032352D54574651BB
06-30-2025 14:25:20.738,103,RECV,7E000F81000121024E313032352D32574D56EB
06-30-2025 14:25:21.038,104,RECV,7E000F8100052C024E353032362D4B53524BC8
06-30-2025 14:25:21.089,105,RECV,7E000F81000229024E323032362D58444A30F6
06-30-2025 14:25:21.092,106,RECV,7E000F81000630024E363032362D3736444606
06-30-2025 14:25:21.092,107,RECV,7E000F81000121024E313032362D4B334D58F3
06-30-2025 14:25:21.389,108,RECV,7E000F8100052C024E353032372D4D454C55CF
06-30-2025 14:25:21.439,109,RECV,7E000F81000229024E323032372D574B564CC7
06-30-2025 14:25:21.439,110,RECV,7E000F81000630024E363032372D38374B48FA
06-30-2025 14:25:21.439,111,RECV,7E000F81000121024E313032372D4C394E46FC
06-30-2025 14:25:21.740,112,RECV,7E000F8100052C024E353032382D5644574FC1
06-30-2025 14:25:21.790,113,RECV,7E000F81000229024E323032382D39564957DB
06-30-2025 14:25:21.790,114,RECV,7E000F81000630024E363032382D59544B48BB
06-30-2025 14:25:21.791,115,RECV,7E000F81000121024E313032382D324645391E
06-30-2025 14:25:22.091,116,RECV,7E000F8100052C024E353032392D33574357DC
06-30-2025 14:25:22.141,117,RECV,7E000F8100022A024E323032392D564F3259D8
06-30-2025 14:25:22.141,118,RECV,7E000F81000630024E363032392D4F505A33CE
06-30-2025 14:25:22.142,119,RECV,7E000F81000121024E313032392D55334C57E8
06-30-2025 14:25:22.442,120,RECV,7E000F8100052C024E353033302D50584E4CC6
06-30-2025 14:25:22.492,121,RECV,7E000F8100022A024E323033302D36375054FF
06-30-2025 14:25:22.492,122,RECV,7E000F81000630024E363033302D534C5638D5
06-30-2025 14:25:22.492,123,RECV,7E000F81000121024E313033302D4E4D4654E6
06-30-2025 14:25:22.793,124,RECV,7E000F8100052C024E353033312D324B4B310E
06-30-2025 14:25:22.843,125,RECV,7E000F81000229024E323033312D513050300F
06-30-2025 14:25:22.844,126,RECV,7E000F81000630024E363033312D534A3143F0
06-30-2025 14:25:22.845,127,RECV,7E000F81000121024E313033312D37384C332C
06-30-2025 14:25:23.144,128,RECV,7E000F8100052C024E353033322D504F5138DE
06-30-2025 14:25:23.194,129,RECV,7E000F81000229024E323033322D3437484E0E
06-30-2025 14:25:23.196,130,RECV,7E000F81000630024E363033322D58473158D8
06-30-2025 14:25:23.197,131,RECV,7E000F81000122024E313033322D4F32414D09
06-30-2025 14:25:23.495,132,RECV,7E000F8100052C024E353033332D59454746DA
06-30-2025 14:25:23.545,133,RECV,7E000F8100022A024E323033332D46574C54D0
06-30-2025 14:25:23.552,134,RECV,7E000F8100062F024E363033332D3539335906
06-30-2025 14:25:23.552,135,RECV,7E000F81000121024E313033332D4149324418
06-30-2025 14:25:23.846,136,RECV,7E000F8100052C024E353033342D5A554839D4
06-30-2025 14:25:23.896,137,RECV,7E000F81000229024E323033342D56434B38F1
06-30-2025 14:25:23.897,138,RECV,7E000F81000630024E363033342D4A423845F5
06-30-2025 14:25:23.897,139,RECV,7E000F81000122024E313033342D524345300C
06-30-2025 14:25:24.197,140,RECV,7E000F8100052C024E353033352D36493956F5
06-30-2025 14:25:24.248,141,RECV,7E000F81000229024E323033352D5A344441F9
06-30-2025 14:25:24.248,142,RECV,7E000F81000630024E363033352D5341355ADA
06-30-2025 14:25:24.248,143,RECV,7E000F81000121024E313033352D4C42345004
06-30-2025 14:25:24.548,144,RECV,7E000F8100052C024E353033362D59375844D6
06-30-2025 14:25:24.598,145,RECV,7E000F81000229024E323033362D3447315708
06-30-2025 14:25:24.606,146,RECV,7E000F8100062F024E363033362D47314258EB
06-30-2025 14:25:24.606,147,RECV,7E000F81000121024E313033362D5336474302
06-30-2025 14:25:24.899,148,RECV,7E000F8100052C024E353033372D3148574CE5
06-30-2025 14:25:24.950,149,RECV,7E000F8100022A024E323033372D50585730DA
06-30-2025 14:25:24.950,150,RECV,7E000F81000630024E363033372D49533532F8
06-30-2025 14:25:24.950,151,RECV,7E000F81000122024E313033372D5A52303601
06-30-2025 14:25:25.251,152,RECV,7E000F8100052C024E353033382D4E314841F8
06-30-2025 14:25:25.301,153,RECV,7E000F81000229024E323033382D5036574AE2
06-30-2025 14:25:25.301,154,RECV,7E000F81000630024E363033382D33504A51DC
06-30-2025 14:25:25.301,155,RECV,7E000F81000121024E313033382D313155500C
06-30-2025 14:25:25.602,156,RECV,7E000F8100052C024E353033392D32425241F8
06-30-2025 14:25:25.652,157,RECV,7E000F8100022A024E323033392D36594747EA
06-30-2025 14:25:25.671,158,RECV,7E000F81000630024E363033392D54394E4ED0
06-30-2025 14:25:25.671,159,RECV,7E000F81000121024E313033392D453538431D
06-30-2025 14:25:25.953,160,RECV,7E000F8100052C024E353034302D56553955CE
06-30-2025 14:25:26.003,161,RECV,7E000F8100022A024E323034302D4B465448E2
06-30-2025 14:25:26.003,162,RECV,7E000F81000630024E363034302D4A464244EB
06-30-2025 14:25:26.003,163,RECV,7E000F81000121024E313034302D4A545544E3
06-30-2025 14:25:26.304,164,RECV,7E000F8100052C024E353034312D575A505AAB
06-30-2025 14:25:26.324,165,RECV,7E000F81000228024E323034312D48484647F3
06-30-2025 14:25:26.325,166,RECV,7E000F81000630024E363034312D58494B38DC
06-30-2025 14:25:26.354,167,RECV,7E000F81000121024E313034312D4E304F55F7
06-30-2025 14:25:26.655,168,RECV,7E000F8100052C024E353034322D3737444E05
06-30-2025 14:25:26.706,169,RECV,7E000F81000229024E323034322D48545548D5
06-30-2025 14:25:26.706,170,RECV,7E000F8100062F024E363034322D3535434F04
06-30-2025 14:25:26.706,171,RECV,7E000F81000121024E313034322D5532574DED
06-30-2025 14:25:27.006,172,RECV,7E000F8100052C024E353034332D54524A42D2
06-30-2025 14:25:27.027,173,RECV,7E000F8100022A024E323034332D384E315AFB
06-30-2025 14:25:27.027,174,RECV,7E000F8100062F024E363034332D46585630DB
06-30-2025 14:25:27.056,175,RECV,7E000F81000121024E313034332D55504C43E3
06-30-2025 14:25:27.357,176,RECV,7E000F8100052B024E353034342D43584C34E9
06-30-2025 14:25:27.378,177,RECV,7E000F81000228024E323034342D323458341B
06-30-2025 14:25:27.378,178,RECV,7E000F81000630024E363034342D48575658B0
06-30-2025 14:25:27.407,179,RECV,7E000F81000121024E313034342D4D365857E4
06-30-2025 14:25:27.708,180,RECV,7E000F8100052B024E353034352D5A505242C5
06-30-2025 14:25:27.758,181,RECV,7E000F81000228024E323034352D534A4935F1
06-30-2025 14:25:27.783,182,RECV,7E000F81000630024E363034352D5735494CDB
06-30-2025 14:25:27.783,183,RECV,7E000F81000121024E313034352D4E425639F6
06-30-2025 14:25:28.060,184,RECV,7E000F8100052B024E353034362D3738414B07
06-30-2025 14:25:28.110,185,RECV,7E000F8100022A024E323034362D3344494207
06-30-2025 14:25:28.115,186,RECV,7E000F8100062F024E363034362D56305959C4
06-30-2025 14:25:28.115,187,RECV,7E000F81000121024E313034362D4551473502
06-30-2025 14:25:28.411,188,RECV,7E000F8100052B024E353034372D384C5034F9
06-30-2025 14:25:28.461,189,RECV,7E000F81000229024E323034372D5041344CF8
06-30-2025 14:25:28.464,190,RECV,7E000F8100062F024E363034372D33524F43E4
06-30-2025 14:25:28.464,191,RECV,7E000F81000121024E313034372D503835470F
06-30-2025 14:25:28.762,192,RECV,7E000F8100052B024E353034382D514E535AB4
06-30-2025 14:25:28.812,193,RECV,7E000F81000228024E323034382D424B4157E4
06-30-2025 14:25:28.815,194,RECV,7E000F81000630024E363034382D5533514DD3
06-30-2025 14:25:28.815,195,RECV,7E000F81000121024E313034382D3052414A05
06-30-2025 14:25:29.112,196,RECV,7E000F8100052B024E353034392D3443494BF4
06-30-2025 14:25:29.163,197,RECV,7E000F81000229024E323034392D38524956DE
06-30-2025 14:25:29.163,198,RECV,7E000F8100062F024E363034392D32494E44EC
06-30-2025 14:25:29.163,199,RECV,7E000F81000121024E313034392D3845314F14
06-30-2025 14:25:29.464,200,RECV,7E000F8100052B024E353035302D354533500A
06-30-2025 14:25:29.514,201,RECV,7E000F81000229024E323035302D523731480D
06-30-2025 14:25:29.518,202,RECV,7E000F8100062F024E363035302D41365949E8
06-30-2025 14:25:29.518,203,RECV,7E000F81000121024E313035302D3032493539
06-30-2025 14:25:29.814,204,RECV,7E000F8100052B024E353035312D43594336F1
06-30-2025 14:25:29.865,205,RECV,7E000F81000228024E323035312D3243383032
06-30-2025 14:25:29.867,206,RECV,7E000F8100062F024E363035312D36544637F9
06-30-2025 14:25:29.867,207,RECV,7E000F81000121024E313035312D3737325A1E
06-30-2025 14:25:30.166,208,RECV,7E000F8100052B024E353035322D4F484C55CD
06-30-2025 14:25:30.216,209,RECV,7E000F81000228024E323035322D36593853F4
06-30-2025 14:25:30.218,210,RECV,7E000F8100062F024E363035322D49594639DE
06-30-2025 14:25:30.222,211,RECV,7E000F81000121024E313035322D4F4F3752F0
06-30-2025 14:25:30.517,212,RECV,7E000F8100052B024E353035332D49354F46F1
06-30-2025 14:25:30.567,213,RECV,7E000F81000229024E323035332D3132555202
06-30-2025 14:25:30.568,214,RECV,7E000F8100062F024E363035332D54433141F5
06-30-2025 14:25:30.568,215,RECV,7E000F81000121024E313035332D4C4D374204
06-30-2025 14:25:30.868,216,RECV,7E000F8100052B024E353035342D52564C33DC
06-30-2025 14:25:30.918,217,RECV,7E000F81000229024E323035342D4137354A14
06-30-2025 14:25:30.918,218,RECV,7E000F8100062F024E363035342D5A474E42CC
06-30-2025 14:25:30.919,219,RECV,7E000F81000121024E313035342D43535148E6
06-30-2025 14:25:31.219,220,RECV,7E000F8100052B024E353035352D56425651C3
06-30-2025 14:25:31.269,221,RECV,7E000F81000229024E323035352D393436382F
06-30-2025 14:25:31.271,222,RECV,7E000F8100062F024E363035352D4D494F50C7
06-30-2025 14:25:31.271,223,RECV,7E000F81000121024E313035352D4D46384504
06-30-2025 14:25:31.570,224,RECV,7E000F8100052B024E353035362D3035323634
06-30-2025 14:25:31.620,225,RECV,7E000F81000229024E323035362D4C4E4536F4
06-30-2025 14:25:31.620,226,RECV,7E000F81000632024E363035362D4C555239CC
06-30-2025 14:25:31.621,227,RECV,7E000F81000121024E313035362D53514734F4
06-30-2025 14:25:31.921,228,RECV,7E000F8100052E024E353035372D4F47323302
06-30-2025 14:25:31.971,229,RECV,7E000F8100022B024E323035372D4331374615
06-30-2025 14:25:31.972,230,RECV,7E000F81000633024E363035372D4B514E43C9
06-30-2025 14:25:31.972,231,RECV,7E000F81000121024E313035372D535A5739D5
06-30-2025 14:25:32.272,232,RECV,7E000F8100052E024E353035382D4633384803
06-30-2025 14:25:32.323,233,RECV,7E000F81000228024E323035382D5930313519
06-30-2025 14:25:32.339,234,RECV,7E000F81000633024E363035382D44375637ED
06-30-2025 14:25:32.342,235,RECV,7E000F81000121024E313035382D4F395439FC
06-30-2025 14:25:32.623,236,RECV,7E000F8100052E024E353035392D35495754D2
06-30-2025 14:25:32.674,237,RECV,7E000F81000229024E323035392D355A4A41EC
06-30-2025 14:25:32.674,238,RECV,7E000F81000632024E363035392D57375A48C5
06-30-2025 14:25:32.674,239,RECV,7E000F81000121024E313035392D53553843ED
06-30-2025 14:25:32.974,240,RECV,7E000F8100052E024E353036302D574E4734E3
06-30-2025 14:25:33.025,241,RECV,7E000F81000229024E323036302D5746384BEE
06-30-2025 14:25:33.025,242,RECV,7E000F81000632024E363036302D4A553741E6
06-30-2025 14:25:33.026,243,RECV,7E000F81000121024E313036302D37364C352A
06-30-2025 14:25:33.326,244,RECV,7E000F8100052E024E353036312D36465235FF
06-30-2025 14:25:33.376,245,RECV,7E000F81000228024E323036312D3549343824
06-30-2025 14:25:33.376,246,RECV,7E000F81000632024E363036312D4D553454D2
06-30-2025 14:25:33.376,247,RECV,7E000F81000121024E313036312D38434D3916
06-30-2025 14:25:33.677,248,RECV,7E000F8100052D024E353036322D394C324CFF
06-30-2025 14:25:33.727,249,RECV,7E000F81000228024E323036322D4F334859EA
06-30-2025 14:25:33.727,250,RECV,7E000F81000631024E363036322D36413954F8
06-30-2025 14:25:33.727,251,RECV,7E000F81000121024E313036322D324F4C3118
06-30-2025 14:25:34.028,252,RECV,7E000F8100052D024E353036332D445A4F59BB
06-30-2025 14:25:34.078,253,RECV,7E000F8100022A024E323036332D4F364F3204
06-30-2025 14:25:34.078,254,RECV,7E000F81000631024E363036332D48583753D1
06-30-2025 14:25:34.079,255,RECV,7E000F81000121024E313036332D344B5550F1
06-30-2025 14:25:34.379,256,RECV,7E000F8100052C024E353036342D4252323704
06-30-2025 14:25:34.429,257,RECV,7E000F81000228024E323036342D554B4D49D5
06-30-2025 14:25:34.429,258,RECV,7E000F81000631024E363036342D45524235EC
06-30-2025 14:25:34.430,259,RECV,7E000F81000122024E313036342D5A534547DA
06-30-2025 14:25:34.730,260,RECV,7E000F8100052C024E353036352D4E464D47D8
06-30-2025 14:25:34.780,261,RECV,7E000F81000228024E323036352D4D505831E4
06-30-2025 14:25:34.781,262,RECV,7E000F81000630024E363036352D4E383442FE
06-30-2025 14:25:34.786,263,RECV,7E000F81000121024E313036352D32535642F6
06-30-2025 14:25:35.081,264,RECV,7E000F8100052B024E353036362D47504C58C5
06-30-2025 14:25:35.132,265,RECV,7E000F81000229024E323036362D38595756CA
06-30-2025 14:25:35.135,266,RECV,7E000F8100062F024E363036362D53584252BB
06-30-2025 14:25:35.135,267,RECV,7E000F81000121024E313036362D56435753CF
06-30-2025 14:25:35.432,268,RECV,7E000F8100052B024E353036372D373131372F
06-30-2025 14:25:35.483,269,RECV,7E000F81000229024E323036372D413242361C
06-30-2025 14:25:35.485,270,RECV,7E000F81000630024E363036372D30574E50D3
06-30-2025 14:25:35.490,271,RECV,7E000F81000122024E313036372D52374952EC
06-30-2025 14:25:35.784,272,RECV,7E000F8100052B024E353036382D59394241E9
06-30-2025 14:25:35.834,273,RECV,7E000F81000228024E323036382D314C393819
06-30-2025 14:25:35.834,274,RECV,7E000F81000633024E363036382D55445943BF
06-30-2025 14:25:35.834,275,RECV,7E000F81000121024E313036382D39494F3906
06-30-2025 14:25:36.135,276,RECV,7E000F8100052E024E353036392D3651374BF1
06-30-2025 14:25:36.185,277,RECV,7E000F81000229024E323036392D33535744E4
06-30-2025 14:25:36.186,278,RECV,7E000F81000633024E363036392D4D505157AE
06-30-2025 14:25:36.186,279,RECV,7E000F81000121024E313036392D304E4F59E9
06-30-2025 14:25:36.486,280,RECV,7E000F8100052E024E353037302D41525044DB
06-30-2025 14:25:36.536,281,RECV,7E000F81000229024E323037302D4448584BDE
06-30-2025 14:25:36.536,282,RECV,7E000F81000632024E363037302D37595835DF
06-30-2025 14:25:36.536,283,RECV,7E000F81000121024E313037302D584C3054EF
06-30-2025 14:25:36.837,284,RECV,7E000F8100052E024E353037312D4B34414BF6
06-30-2025 14:25:36.887,285,RECV,7E000F81000229024E323037312D42455753DB
06-30-2025 14:25:36.889,286,RECV,7E000F81000633024E363037312D4F395852C8
06-30-2025 14:25:36.889,287,RECV,7E000F81000121024E313037312D4D33594FEE
06-30-2025 14:25:37.188,288,RECV,7E000F8100052D024E353037322D35483652FC
06-30-2025 14:25:37.238,289,RECV,7E000F81000228024E323037322D324747321A
06-30-2025 14:25:37.238,290,RECV,7E000F81000631024E363037322D4C42504BD2
06-30-2025 14:25:37.239,291,RECV,7E000F81000121024E313037322D5147344306
06-30-2025 14:25:37.539,292,RECV,7E000F8100052D024E353037332D4E545257B5
06-30-2025 14:25:37.589,293,RECV,7E000F81000229024E323037332D585A4259BD
06-30-2025 14:25:37.589,294,RECV,7E000F81000631024E363037332D5A435731D5
06-30-2025 14:25:37.639,295,RECV,7E000F81000121024E313037332D4A424D58E3
06-30-2025 14:25:37.890,296,RECV,7E000F8100052D024E353037342D59374A42E3
06-30-2025 14:25:37.940,297,RECV,7E000F81000228024E323037342D46593849EA
06-30-2025 14:25:37.940,298,RECV,7E000F81000631024E363037342D4457595AAB
06-30-2025 14:25:37.990,299,RECV,7E000F81000121024E313037342D48304F4EFE
06-30-2025 14:25:38.241,300,RECV,7E000F8100052D024E353037352D47524849D4
06-30-2025 14:25:38.291,301,RECV,7E000F81000228024E323037352D34334A457D33
06-30-2025 14:25:38.291,302,RECV,7E000F81000631024E363037352D354E3351F1
06-30-2025 14:25:38.341,303,RECV,7E000F81000121024E313037352D594A4439F2
06-30-2025 14:25:38.592,304,RECV,7E000F8100052C024E353037362D36364750FB
06-30-2025 14:25:38.642,305,RECV,7E000F81000229024E323037362D55454542E6
06-30-2025 14:25:38.642,306,RECV,7E000F81000630024E363037362D39583555DD
06-30-2025 14:25:38.692,307,RECV,7E000F81000121024E313037362D41455A46EB
06-30-2025 14:25:38.943,308,RECV,7E000F8100052C024E353037372D4E594F30D7
06-30-2025 14:25:38.993,309,RECV,7E000F81000229024E323037372D56465756BD
06-30-2025 14:25:39.007,310,RECV,7E000F81000630024E363037372D4E505650B3
06-30-2025 14:25:39.043,311,RECV,7E000F81000121024E313037372D36324C4517
06-30-2025 14:25:39.294,312,RECV,7E000F8100052C024E353037382D4E5A4543CC
06-30-2025 14:25:39.344,313,RECV,7E000F81000228024E323037382D32444D4300
06-30-2025 14:25:39.347,314,RECV,7E000F81000630024E363037382D584F4557B3
06-30-2025 14:25:39.394,315,RECV,7E000F81000121024E313037382D48574551DA
06-30-2025 14:25:39.645,316,RECV,7E000F8100052B024E353037392D57514B4ABF
06-30-2025 14:25:39.695,317,RECV,7E000F8100022A024E323037392D344C5433FC
06-30-2025 14:25:39.698,318,RECV,7E000F8100062F024E363037392D4D5A434DBF
06-30-2025 14:25:39.745,319,RECV,7E000F81000121024E313037392D57525936D6
06-30-2025 14:25:39.996,320,RECV,7E000F8100052B024E353038302D3731444F09
06-30-2025 14:25:40.046,321,RECV,7E000F8100022A024E323038302D57384345F4
06-30-2025 14:25:40.076,322,RECV,7E000F81000633024E363038302D454F3543EE
06-30-2025 14:25:40.096,323,RECV,7E000F81000121024E313038302D32334E4D16
06-30-2025 14:25:40.397,324,RECV,7E000F81000228024E323038312D484D4441F2
06-30-2025 14:25:40.398,325,RECV,7E000F81000633024E363038312D454A4350D7
06-30-2025 14:25:40.448,326,RECV,7E000F81000121024E313038312D33424A5AFC
06-30-2025 14:25:40.698,327,RECV,7E000F8100052E024E353038322D334834361A
06-30-2025 14:25:40.748,328,RECV,7E000F81000229024E323038322D4658454CDB
06-30-2025 14:25:40.749,329,RECV,7E000F81000632024E363038322D44334D44F1
06-30-2025 14:25:40.806,330,RECV,7E000F81000122024E313038322D3558513203
06-30-2025 14:25:41.050,331,RECV,7E000F8100052E024E353038332D52395048DB
06-30-2025 14:25:41.100,332,RECV,7E000F8100022A024E323038332D354D4852EC
06-30-2025 14:25:41.121,333,RECV,7E000F81000632024E363038332D4D514F56B5
06-30-2025 14:25:41.150,334,RECV,7E000F81000121024E313038332D3132323747
06-30-2025 14:25:41.401,335,RECV,7E000F8100052E024E353038342D4F373657EA
06-30-2025 14:25:41.451,336,RECV,7E000F81000229024E323038342D4D503844EF
06-30-2025 14:25:41.451,337,RECV,7E000F81000633024E363038342D44394C4DE0
06-30-2025 14:25:41.501,338,RECV,7E000F81000122024E313038342D58344B3604
06-30-2025 14:25:41.752,339,RECV,7E000F8100052E024E353038352D4955385ACC
06-30-2025 14:25:41.802,340,RECV,7E000F81000228024E323038352D4B493644FA
06-30-2025 14:25:41.802,341,RECV,7E000F81000633024E363038352D324D383905
06-30-2025 14:25:41.852,342,RECV,7E000F81000122024E313038352D4C5A5059C1
06-30-2025 14:25:42.103,343,RECV,7E000F8100052E024E353038362D45455052CF
06-30-2025 14:25:42.153,344,RECV,7E000F8100022A024E323038362D554B5639D6
06-30-2025 14:25:42.154,345,RECV,7E000F81000632024E363038362D334C4641EF
06-30-2025 14:25:42.203,346,RECV,7E000F81000121024E313038362D4C56574ACD
06-30-2025 14:25:42.454,347,RECV,7E000F8100052D024E353038372D315A5954C3
06-30-2025 14:25:42.504,348,RECV,7E000F81000229024E323038372D59484845D7
06-30-2025 14:25:42.504,349,RECV,7E000F81000633024E363038372D56553350C5
06-30-2025 14:25:42.554,350,RECV,7E000F81000121024E313038372D41595355CD
06-30-2025 14:25:42.805,351,RECV,7E000F8100052E024E353038382D4757314BDF
06-30-2025 14:25:42.855,352,RECV,7E000F81000229024E323038382D4C494C30F3
06-30-2025 14:25:42.855,353,RECV,7E000F81000633024E363038382D504F484AC1
06-30-2025 14:25:42.905,354,RECV,7E000F81000121024E313038382D51384445FC
06-30-2025 14:25:43.156,355,RECV,7E000F8100052E024E353038392D54474D51BF
06-30-2025 14:25:43.206,356,RECV,7E000F8100022A024E323038392D3530375A0C
06-30-2025 14:25:43.206,357,RECV,7E000F81000633024E363038392D4833383806
06-30-2025 14:25:43.256,358,RECV,7E000F81000121024E313038392D3033524810
06-30-2025 14:25:43.507,359,RECV,7E000F8100052E024E353039302D46474338F8
06-30-2025 14:25:43.557,360,RECV,7E000F8100022A024E323039302D524E4830F2
06-30-2025 14:25:43.559,361,RECV,7E000F81000632024E363039302D4E344F4CDD
06-30-2025 14:25:43.607,362,RECV,7E000F81000121024E313039302D46464A3807
06-30-2025 14:25:43.858,363,RECV,7E000F8100052E024E353039312D51485249CB
06-30-2025 14:25:43.908,364,RECV,7E000F81000229024E323039312D4F4E4936EE
06-30-2025 14:25:43.908,365,RECV,7E000F81000633024E363039312D3347594ADB
06-30-2025 14:25:43.958,366,RECV,7E000F81000121024E313039312D55503944F2
06-30-2025 14:25:44.219,367,RECV,7E000F8100052E024E353039322D48523656D8
06-30-2025 14:25:44.259,368,RECV,7E000F8100022A024E323039322D554E3656D9
06-30-2025 14:25:44.260,369,RECV,7E000F81000633024E363039322D384E4433FA
06-30-2025 14:25:44.309,370,RECV,7E000F81000121024E313039322D3850303427
06-30-2025 14:25:44.570,371,RECV,7E000F8100052E024E353039332D43523436FE
06-30-2025 14:25:44.610,372,RECV,7E000F8100022A024E323039332D50564951C7
06-30-2025 14:25:44.610,373,RECV,7E000F81000632024E363039332D43344252EC
06-30-2025 14:25:44.660,374,RECV,7E000F81000121024E313039332D4331495401
06-30-2025 14:25:44.921,375,RECV,7E000F8100052C024E353039342D39525A4ECB
06-30-2025 14:25:44.961,376,RECV,7E000F81000228024E323039342D43533951E8
06-30-2025 14:25:44.966,377,RECV,7E000F81000633024E363039342D445A304ED9
06-30-2025 14:25:45.011,378,RECV,7E000F81000121024E313039342D4E4E37300E
06-30-2025 14:25:45.272,379,RECV,7E000F8100052E024E353039352D5A594A53AB
06-30-2025 14:25:45.313,380,RECV,7E000F81000228024E323039352D5636353016
06-30-2025 14:25:45.315,381,RECV,7E000F81000633024E363039352D3437394C04
06-30-2025 14:25:45.362,382,RECV,7E000F81000121024E313039352D4B57424EDE
06-30-2025 14:25:45.613,383,RECV,7E000F8100052E024E353039362D4A4F3944E4
06-30-2025 14:25:45.663,384,RECV,7E000F81000229024E323039362D4133563704
06-30-2025 14:25:45.671,385,RECV,7E000F81000632024E363039362D343846380A
06-30-2025 14:25:45.714,386,RECV,7E000F81000121024E313039362D4D4C3648F8
06-30-2025 14:25:45.965,387,RECV,7E000F8100052E024E353039372D324D3453F3
06-30-2025 14:25:46.015,388,RECV,7E000F81000229024E323039372D53373854EE
06-30-2025 14:25:46.015,389,RECV,7E000F81000632024E363039372D45595849B4
06-30-2025 14:25:46.065,390,RECV,7E000F81000121024E313039372D38545059D9
06-30-2025 14:25:46.316,391,RECV,7E000F8100052F024E353039382D45315842E7
06-30-2025 14:25:46.366,392,RECV,7E000F81000229024E323039382D474F5238E3
06-30-2025 14:25:46.366,393,RECV,7E000F81000632024E363039382D4959514FB0
06-30-2025 14:25:46.416,394,RECV,7E000F81000121024E313039382D4734554DF0
06-30-2025 14:25:46.667,395,RECV,7E000F8100052E024E353039392D4F344146ED
06-30-2025 14:25:46.717,396,RECV,7E000F81000229024E323039392D3144484FF6
06-30-2025 14:25:46.746,397,RECV,7E000F81000633024E363039392D45525644BF
06-30-2025 14:25:46.767,398,RECV,7E000F81000121024E313039392D30574258EB
