06-30-2025 16:22:01.073,-,API2,"Sink 1,0013A20041839DB1,802.15.4 TH,2003,/dev/ttyUSB0 - 57600/8/M/1/N,1,46"

06-30-2025 16:20:43.034,0,RECV,7E000F81000630024E363030302D46575537DC
06-30-2025 16:20:43.535,1,RECV,7E000F81000630024E363030312D45514D43DE
06-30-2025 16:20:43.987,2,RECV,7E000F8100052C024E353030322D5347475ACE
06-30-2025 16:20:43.990,3,RECV,7E000F8100022B024E323030322D3931463729
06-30-2025 16:20:44.007,4,RECV,7E000F81000630024E363030322D4548323212
06-30-2025 16:20:44.498,5,RECV,7E000F8100052B024E353030332D444C4D56D6
06-30-2025 16:20:44.500,6,RECV,7E000F8100022B024E323030332D3035424622
06-30-2025 16:20:44.524,7,RECV,7E000F81000630024E363030332D4E414D54D2
06-30-2025 16:20:45.040,8,RECV,7E000F8100052B024E353030342D3236594502
06-30-2025 16:20:45.041,9,RECV,7E000F8100022B024E323030342D5659474DCB
06-30-2025 16:20:45.042,10,RECV,7E000F81000630024E363030342D47473249F8
06-30-2025 16:20:45.491,11,RECV,7E000F8100052C024E353030352D434A3951EF
06-30-2025 16:20:45.492,12,RECV,7E000F8100022B024E323030352D434D5059D4
06-30-2025 16:20:45.541,13,RECV,7E000F81000630024E363030352D574B5044CA
06-30-2025 16:20:46.003,14,RECV,7E000F8100052B024E353030362D504D334BEB
06-30-2025 16:20:46.003,15,RECV,7E000F8100022B024E323030362D3241484F02
06-30-2025 16:20:46.011,16,RECV,7E000F81000632024E363030362D45475951C7
06-30-2025 16:20:46.544,17,RECV,7E000F8100052C024E353030372D55593543DE
06-30-2025 16:20:46.545,18,RECV,7E000F8100022B024E323030372D5451303303
06-30-2025 16:20:46.546,19,RECV,7E000F81000631024E363030372D47474855D2
06-30-2025 16:20:46.995,20,RECV,7E000F8100052D024E353030382D464D303708
06-30-2025 16:20:47.026,21,RECV,7E000F8100022B024E323030382D4D493652EC
06-30-2025 16:20:47.027,22,RECV,7E000F81000631024E363030382D3134363928
06-30-2025 16:20:47.507,23,RECV,7E000F8100052D024E353030392D4844393309
06-30-2025 16:20:47.508,24,RECV,7E000F8100022B024E323030392D44475345E6
06-30-2025 16:20:47.509,25,RECV,7E000F81000631024E363030392D544F354CD7
06-30-2025 16:20:48.048,26,RECV,7E000F8100052D024E353031302D5751455AC2
06-30-2025 16:20:48.049,27,RECV,7E000F8100022B024E323031302D50564A4FD2
06-30-2025 16:20:48.050,28,RECV,7E000F81000631024E363031302D4933334212
06-30-2025 16:20:48.500,29,RECV,7E000F8100052D024E353031312D434F4949E4
06-30-2025 16:20:48.520,30,RECV,7E000F8100022B024E323031312D59474735F4
06-30-2025 16:20:48.523,31,RECV,7E000F81000631024E363031312D3734445102
06-30-2025 16:20:49.011,32,RECV,7E000F8100052D024E353031322D4831434407
06-30-2025 16:20:49.012,33,RECV,7E000F8100022B024E323031322D4C563359E1
06-30-2025 16:20:49.032,34,RECV,7E000F81000631024E363031322D38394B52F3
06-30-2025 16:20:49.552,35,RECV,7E000F8100052D024E353031332D59553148DF
06-30-2025 16:20:49.555,36,RECV,7E000F8100022C024E323031332D51464544ED
06-30-2025 16:20:49.556,37,RECV,7E000F81000631024E363031332D593630320F
06-30-2025 16:20:50.004,38,RECV,7E000F8100052D024E353031342D3647513403
06-30-2025 16:20:50.054,39,RECV,7E000F8100022B024E323031342D414730371E
06-30-2025 16:20:50.055,40,RECV,7E000F81000631024E363031342D4D494730F2
06-30-2025 16:20:50.515,41,RECV,7E000F8100052D024E353031352D54575043C6
06-30-2025 16:20:50.516,42,RECV,7E000F8100022A024E323031352D345A4A38FD
06-30-2025 16:20:50.556,43,RECV,7E000F81000630024E363031352D424B30370B
06-30-2025 16:20:51.007,44,RECV,7E000F8100052C024E353031362D48465044E2
06-30-2025 16:20:51.028,45,RECV,7E000F8100022A024E323031362D50564A55C7
06-30-2025 16:20:51.030,46,RECV,7E000F81000631024E363031362D3751304DF8
06-30-2025 16:20:51.508,47,RECV,7E000F8100052D024E353031372D44454252E5
06-30-2025 16:20:51.558,48,RECV,7E000F8100022B024E323031372D5244484BE1
06-30-2025 16:20:51.559,49,RECV,7E000F81000630024E363031372D3645594FDA
06-30-2025 16:20:52.019,50,RECV,7E000F8100052D024E353031382D374D5250DB
06-30-2025 16:20:52.020,51,RECV,7E000F8100022B024E323031382D3347563504
06-30-2025 16:20:52.059,52,RECV,7E000F81000630024E363031382D33484B39FD
06-30-2025 16:20:52.511,53,RECV,7E000F8100052C024E353031392D4157394DE3
06-30-2025 16:20:52.561,54,RECV,7E000F8100022B024E323031392D33374E58F8
06-30-2025 16:20:52.561,55,RECV,7E000F81000630024E363031392D43504D45D6
06-30-2025 16:20:53.012,56,RECV,7E000F8100052C024E353032302D4D475549D7
06-30-2025 16:20:53.063,57,RECV,7E000F8100022B024E323032302D52593736F8
06-30-2025 16:20:53.063,58,RECV,7E000F81000630024E363032302D5A534A44C8
06-30-2025 16:20:53.524,59,RECV,7E000F8100052D024E353032312D544D4158CD
06-30-2025 16:20:53.535,60,RECV,7E000F8100022B024E323032312D375447320B
06-30-2025 16:20:53.539,61,RECV,7E000F81000631024E363032312D4356524BCB
06-30-2025 16:20:54.015,62,RECV,7E000F8100052D024E353032322D4E463658E4
06-30-2025 16:20:54.065,63,RECV,7E000F8100022B024E323032322D58434B53D5
06-30-2025 16:20:54.071,64,RECV,7E000F81000630024E363032322D4D535031E0
06-30-2025 16:20:54.517,65,RECV,7E000F8100052C024E353032332D4634314B10
06-30-2025 16:20:54.567,66,RECV,7E000F8100022C024E323032332D51315844EE
06-30-2025 16:20:54.567,67,RECV,7E000F81000630024E363032332D4D56324CDF
06-30-2025 16:20:55.028,68,RECV,7E000F8100052C024E353032342D4A364543FD
06-30-2025 16:20:55.039,69,RECV,7E000F8100022B024E323032342D474A323118
06-30-2025 16:20:55.040,70,RECV,7E000F81000630024E363032342D5851564CB4
06-30-2025 16:20:55.520,71,RECV,7E000F8100052C024E353032352D384B4F37FB
06-30-2025 16:20:55.570,72,RECV,7E000F8100022B024E323032352D313935323A
06-30-2025 16:20:55.572,73,RECV,7E000F81000630024E363032352D45563836F5
06-30-2025 16:20:56.021,74,RECV,7E000F8100052C024E353032362D58414E35E7
06-30-2025 16:20:56.071,75,RECV,7E000F8100022B024E323032362D4A4E3458E6
06-30-2025 16:20:56.096,76,RECV,7E000F81000630024E363032362D4F424534F3
06-30-2025 16:20:56.523,77,RECV,7E000F8100052E024E353032372D39574256D8
06-30-2025 16:20:56.573,78,RECV,7E000F8100022B024E323032372D323237313D
06-30-2025 16:20:56.573,79,RECV,7E000F81000630024E363032372D3636453219
06-30-2025 16:20:57.024,80,RECV,7E000F8100052E024E353032382D554D525AB1
06-30-2025 16:20:57.074,81,RECV,7E000F8100022C024E323032382D4C534542E1
06-30-2025 16:20:57.075,82,RECV,7E000F81000630024E363032382D58395234E4
06-30-2025 16:20:57.526,83,RECV,7E000F8100052C024E353032392D41465150D8
06-30-2025 16:20:57.576,84,RECV,7E000F8100022C024E323032392D48414543F5
06-30-2025 16:20:57.581,85,RECV,7E000F81000630024E363032392D3530494C00
06-30-2025 16:20:58.027,86,RECV,7E000F8100052C024E353033302D5A595348BA
06-30-2025 16:20:58.077,87,RECV,7E000F8100022C024E323033302D4A5A5142D7
06-30-2025 16:20:58.077,88,RECV,7E000F81000630024E363033302D58555553AD
06-30-2025 16:20:58.529,89,RECV,7E000F8100052E024E353033312D31415950EA
06-30-2025 16:20:58.579,90,RECV,7E000F8100022C024E323033312D42515139F0
06-30-2025 16:20:58.580,91,RECV,7E000F81000630024E363033312D56475344CD
06-30-2025 16:20:59.030,92,RECV,7E000F8100052C024E353033322D304D4F52E8
06-30-2025 16:20:59.081,93,RECV,7E000F8100022B024E323033322D5938354304
06-30-2025 16:20:59.532,94,RECV,7E000F8100052E024E353033332D553833370C
06-30-2025 16:20:59.582,95,RECV,7E000F8100022C024E323033332D303951361B
06-30-2025 16:20:59.596,96,RECV,7E000F81000630024E363033332D36565237EA
06-30-2025 16:21:00.034,97,RECV,7E000F8100052C024E353033342D544A5443CF
06-30-2025 16:21:00.084,98,RECV,7E000F8100022B024E323033342D4659424AE0
06-30-2025 16:21:00.088,99,RECV,7E000F81000631024E363033342D464C4544E2
06-30-2025 16:21:00.535,100,RECV,7E000F8100052E024E353033352D55465048CE
06-30-2025 16:21:00.585,101,RECV,7E000F8100022C024E323033352D59335148E4
06-30-2025 16:21:00.588,102,RECV,7E000F81000631024E363033352D56434A39E0
06-30-2025 16:21:01.036,103,RECV,7E000F8100052D024E353033362D3041454A01
06-30-2025 16:21:01.087,104,RECV,7E000F8100022B024E323033362D454A494EE3
06-30-2025 16:21:01.106,105,RECV,7E000F81000631024E363033362D45374746F2
06-30-2025 16:21:01.538,106,RECV,7E000F8100052C024E353033372D44473147FE
06-30-2025 16:21:01.588,107,RECV,7E000F8100022C024E323033372D41594F5AC4
06-30-2025 16:21:01.589,108,RECV,7E000F81000630024E363033372D3057385AE2
06-30-2025 16:21:02.040,109,RECV,7E000F8100052C024E353033382D4A444A4FD9
06-30-2025 16:21:02.090,110,RECV,7E000F8100022B024E323033382D5A595158AB
06-30-2025 16:21:02.091,111,RECV,7E000F81000630024E363033382D45575331DA
06-30-2025 16:21:02.541,112,RECV,7E000F8100052C024E353033392D3755365AE3
06-30-2025 16:21:02.591,113,RECV,7E000F8100022C024E323033392D49573937F5
06-30-2025 16:21:02.592,114,RECV,7E000F81000630024E363033392D4A45313900
06-30-2025 16:21:03.043,115,RECV,7E000F8100052C024E353034302D51595A37CC
06-30-2025 16:21:03.093,116,RECV,7E000F8100022B024E323034302D54473645F8
06-30-2025 16:21:03.093,117,RECV,7E000F81000631024E363034302D4345464DE5
06-30-2025 16:21:03.544,118,RECV,7E000F8100052D024E353034312D54364443F4
06-30-2025 16:21:03.594,119,RECV,7E000F8100022B024E323034312D544E4F57C5
06-30-2025 16:21:03.595,120,RECV,7E000F81000631024E363034312D365A5939DD
06-30-2025 16:21:04.046,121,RECV,7E000F8100052D024E353034322D373238560D
06-30-2025 16:21:04.096,122,RECV,7E000F8100022B024E323034322D39344F4B05
06-30-2025 16:21:04.104,123,RECV,7E000F81000630024E363034322D4734333120
06-30-2025 16:21:04.547,124,RECV,7E000F8100052C024E353034332D59425145D3
06-30-2025 16:21:04.597,125,RECV,7E000F8100022A024E323034332D54474D55CF
06-30-2025 16:21:04.598,126,RECV,7E000F81000630024E363034332D47415034F2
06-30-2025 16:21:05.048,127,RECV,7E000F8100052B024E353034342D463831381D
06-30-2025 16:21:05.099,128,RECV,7E000F8100022A024E323034342D3547544FEC
06-30-2025 16:21:05.099,129,RECV,7E000F8100062F024E363034342D54454B32E8
06-30-2025 16:21:05.550,130,RECV,7E000F8100052B024E353034352D4F595531D5
06-30-2025 16:21:05.600,131,RECV,7E000F8100022A024E323034352D4A3737440E
06-30-2025 16:21:05.605,132,RECV,7E000F81000632024E363034352D474E5754BA
06-30-2025 16:21:06.052,133,RECV,7E000F8100052B024E353034362D56444942DD
06-30-2025 16:21:06.102,134,RECV,7E000F8100022A024E323034362D4B4B4936F4
06-30-2025 16:21:06.130,135,RECV,7E000F81000632024E363034362D39314B380C
06-30-2025 16:21:06.553,136,RECV,7E000F8100052B024E353034372D515A4243D1
06-30-2025 16:21:06.603,137,RECV,7E000F8100022A024E323034372D3534354A20
06-30-2025 16:21:06.607,138,RECV,7E000F81000633024E363034372D30515532EF
06-30-2025 16:21:07.055,139,RECV,7E000F8100052E024E353034382D51425654C0
06-30-2025 16:21:07.105,140,RECV,7E000F8100022A024E323034382D4348304DFF
06-30-2025 16:21:07.107,141,RECV,7E000F81000631024E363034382D54575748AE
06-30-2025 16:21:07.557,142,RECV,7E000F8100052D024E353034392D49543534F7
06-30-2025 16:21:07.607,143,RECV,7E000F8100022B024E323034392D44414758E1
06-30-2025 16:21:07.607,144,RECV,7E000F81000631024E363034392D48335952D1
06-30-2025 16:21:08.058,145,RECV,7E000F8100052E024E353035302D43354C3010
06-30-2025 16:21:08.109,146,RECV,7E000F8100022A024E323035302D46595149D5
06-30-2025 16:21:08.109,147,RECV,7E000F81000631024E363035302D42444A35FA
06-30-2025 16:21:08.560,148,RECV,7E000F8100052D024E353035312D4C31315501
06-30-2025 16:21:08.610,149,RECV,7E000F8100022A024E323035312D5632384706
06-30-2025 16:21:08.611,150,RECV,7E000F81000631024E363035312D33594146EB
06-30-2025 16:21:09.062,151,RECV,7E000F8100052D024E353035322D5536354EF5
06-30-2025 16:21:09.112,152,RECV,7E000F8100022A024E323035322D4945304608
06-30-2025 16:21:09.112,153,RECV,7E000F81000631024E363035322D4531303720
06-30-2025 16:21:09.563,154,RECV,7E000F8100052D024E353035332D464F5635E2
06-30-2025 16:21:09.613,155,RECV,7E000F8100022A024E323035332D315A4250EE
06-30-2025 16:21:09.626,156,RECV,7E000F81000631024E363035332D4E32333316
06-30-2025 16:21:10.065,157,RECV,7E000F8100052D024E353035342D41515A5ABB
06-30-2025 16:21:10.115,158,RECV,7E000F8100022A024E323035342D504E4741E4
06-30-2025 16:21:10.118,159,RECV,7E000F81000631024E363035342D39325356E7
06-30-2025 16:21:10.566,160,RECV,7E000F8100052D024E353035352D394B443602
06-30-2025 16:21:10.616,161,RECV,7E000F8100022A024E323035352D31595038F7
06-30-2025 16:21:10.617,162,RECV,7E000F81000631024E363035352D35503654EB
06-30-2025 16:21:11.068,163,RECV,7E000F8100052D024E353035362D314E5556D5
06-30-2025 16:21:11.118,164,RECV,7E000F8100022A024E323035362D58474553D1
06-30-2025 16:21:11.143,165,RECV,7E000F81000631024E363035362D5A4D5646B6
06-30-2025 16:21:11.569,166,RECV,7E000F8100052D024E353035372D4852494CCF
06-30-2025 16:21:11.619,167,RECV,7E000F8100022A024E323035372D44484943EF
06-30-2025 16:21:11.622,168,RECV,7E000F81000631024E363035372D41474A5ACC
06-30-2025 16:21:12.071,169,RECV,7E000F8100052D024E353035382D3433423123
06-30-2025 16:21:12.121,170,RECV,7E000F8100022A024E323035382D36364C4C02
06-30-2025 16:21:12.121,171,RECV,7E000F81000631024E363035382D3943473400
06-30-2025 16:21:12.572,172,RECV,7E000F8100052D024E353035392D354F3557EC
06-30-2025 16:21:12.622,173,RECV,7E000F8100022A024E323035392D4B36395AF1
06-30-2025 16:21:12.623,174,RECV,7E000F81000631024E363035392D4A36504BDB
06-30-2025 16:21:13.074,175,RECV,7E000F8100052D024E353036302D55464B37E7
06-30-2025 16:21:13.124,176,RECV,7E000F8100022A024E323036302D59483458E0
06-30-2025 16:21:13.124,177,RECV,7E000F81000632024E363036302D4F415237E4
06-30-2025 16:21:13.575,178,RECV,7E000F8100052E024E353036312D55384242F1
06-30-2025 16:21:13.625,179,RECV,7E000F8100022A024E323036312D35495851E5
06-30-2025 16:21:13.625,180,RECV,7E000F81000631024E363036312D3248514EE4
06-30-2025 16:21:14.076,181,RECV,7E000F8100052D024E353036322D34464C47F5
06-30-2025 16:21:14.126,182,RECV,7E000F8100022A024E323036322D51534659C8
06-30-2025 16:21:14.126,183,RECV,7E000F81000632024E363036322D4F41374AEA
06-30-2025 16:21:14.578,184,RECV,7E000F8100052D024E353036332D41365A42EE
06-30-2025 16:21:14.628,185,RECV,7E000F8100022A024E323036332D334131590C
06-30-2025 16:21:14.641,186,RECV,7E000F81000631024E363036332D5239474ADF
06-30-2025 16:21:15.079,187,RECV,7E000F8100052D024E353036342D31524B4AE8
06-30-2025 16:21:15.129,188,RECV,7E000F8100022A024E323036342D545A5255B4
06-30-2025 16:21:15.130,189,RECV,7E000F81000632024E363036342D4250444DD6
06-30-2025 16:21:15.581,190,RECV,7E000F8100052D024E353036352D56584850B9
06-30-2025 16:21:15.631,191,RECV,7E000F8100022A024E323036352D3346363920
06-30-2025 16:21:15.632,192,RECV,7E000F81000632024E363036352D36364250FA
06-30-2025 16:21:16.083,193,RECV,7E000F8100052D024E353036362D5A434755C5
06-30-2025 16:21:16.133,194,RECV,7E000F8100022A024E323036362D34415745F6
06-30-2025 16:21:16.133,195,RECV,7E000F81000631024E363036362D4A33463302
06-30-2025 16:21:16.584,196,RECV,7E000F8100052C024E353036372D53353648F8
06-30-2025 16:21:16.634,197,RECV,7E000F8100022B024E323036372D4C545257BC
06-30-2025 16:21:16.644,198,RECV,7E000F81000630024E363036372D48494142E4
06-30-2025 16:21:17.085,199,RECV,7E000F8100052C024E353036382D3238594AF0
06-30-2025 16:21:17.136,200,RECV,7E000F8100022A024E323036382D4F564137E8
06-30-2025 16:21:17.139,201,RECV,7E000F81000630024E363036382D4D373751EB
06-30-2025 16:21:17.587,202,RECV,7E000F8100052C024E353036392D4A33364801
06-30-2025 16:21:17.637,203,RECV,7E000F8100022A024E323036392D454132301C
06-30-2025 16:21:17.639,204,RECV,7E000F81000630024E363036392D53474452C6
06-30-2025 16:21:18.089,205,RECV,7E000F8100052B024E353037302D46594757C8
06-30-2025 16:21:18.138,206,RECV,7E000F8100022A024E323037302D334F37391A
06-30-2025 16:21:18.139,207,RECV,7E000F81000633024E363037302D364E394DF1
06-30-2025 16:21:18.590,208,RECV,7E000F8100052B024E353037312D4836313124
06-30-2025 16:21:18.640,209,RECV,7E000F8100022A024E323037312D54575A57AF
06-30-2025 16:21:18.640,210,RECV,7E000F81000631024E363037312D45424D4ADE
06-30-2025 16:21:19.091,211,RECV,7E000F8100052E024E353037322D38565337E8
06-30-2025 16:21:19.141,212,RECV,7E000F8100022A024E323037322D55425131F1
06-30-2025 16:21:19.152,213,RECV,7E000F81000632024E363037322D484E464CD2
06-30-2025 16:21:19.593,214,RECV,7E000F8100052E024E353037332D3349384902
06-30-2025 16:21:19.643,215,RECV,7E000F8100022A024E323037332D584A5550C2
06-30-2025 16:21:19.662,216,RECV,7E000F81000632024E363037332D35514E49DC
06-30-2025 16:21:20.095,217,RECV,7E000F8100052E024E353037342D55483854D5
06-30-2025 16:21:20.144,218,RECV,7E000F8100022A024E323037342D3749334B0A
06-30-2025 16:21:20.146,219,RECV,7E000F81000632024E363037342D37465449DE
06-30-2025 16:21:20.596,220,RECV,7E000F8100052E024E353037352D30574D4EDB
06-30-2025 16:21:20.646,221,RECV,7E000F8100022A024E323037352D354A4A58E6
06-30-2025 16:21:20.696,222,RECV,7E000F81000631024E363037352D5532455AD2
06-30-2025 16:21:21.098,223,RECV,7E000F8100052D024E353037362D58585136C6
06-30-2025 16:21:21.148,224,RECV,7E000F8100022A024E323037362D4F524B32E8
06-30-2025 16:21:21.150,225,RECV,7E000F81000631024E363037362D41464352DB
06-30-2025 16:21:21.599,226,RECV,7E000F8100052D024E353037372D30375A57E4
06-30-2025 16:21:21.649,227,RECV,7E000F8100022A024E323037372D52584E38D5
06-30-2025 16:21:21.659,228,RECV,7E000F81000631024E363037372D4151574EBF
06-30-2025 16:21:22.100,229,RECV,7E000F8100052C024E353037382D49413444FA
06-30-2025 16:21:22.150,230,RECV,7E000F8100022A024E323037382D38465950DD
06-30-2025 16:21:22.201,231,RECV,7E000F81000630024E363037382D59495252B0
06-30-2025 16:21:22.602,232,RECV,7E000F8100052C024E353037392D334D5A4DD4
06-30-2025 16:21:22.652,233,RECV,7E000F8100022A024E323037392D4B585741C8
06-30-2025 16:21:22.655,234,RECV,7E000F81000630024E363037392D4746315ADD
06-30-2025 16:21:23.103,235,RECV,7E000F8100052C024E353038302D4B385A49DD
06-30-2025 16:21:23.153,236,RECV,7E000F8100022A024E323038302D4F3930450E
06-30-2025 16:21:23.204,237,RECV,7E000F81000630024E363038302D55543950CB
06-30-2025 16:21:23.605,238,RECV,7E000F8100052D024E353038312D443843350D
06-30-2025 16:21:23.655,239,RECV,7E000F8100022A024E323038312D44504737F8
06-30-2025 16:21:23.655,240,RECV,7E000F81000631024E363038312D5A31484BDD
06-30-2025 16:21:24.106,241,RECV,7E000F8100052C024E353038322D51413556E4
06-30-2025 16:21:24.156,242,RECV,7E000F8100022A024E323038322D45443650FA
06-30-2025 16:21:24.157,243,RECV,7E000F81000633024E363038322D4D485748C4
06-30-2025 16:21:24.607,244,RECV,7E000F8100052E024E353038332D4B334656E4
06-30-2025 16:21:24.657,245,RECV,7E000F8100022A024E323038332D55475634E2
06-30-2025 16:21:24.707,246,RECV,7E000F81000633024E363038332D43563341EA
06-30-2025 16:21:25.109,247,RECV,7E000F8100052E024E353038342D5153424ACD
06-30-2025 16:21:25.159,248,RECV,7E000F8100022A024E323038342D3945315206
06-30-2025 16:21:25.159,249,RECV,7E000F81000633024E363038342D434C3054E3
06-30-2025 16:21:25.610,250,RECV,7E000F8100052E024E353038352D41305648ED
06-30-2025 16:21:25.661,251,RECV,7E000F8100022B024E323038352D39514347F1
06-30-2025 16:21:25.671,252,RECV,7E000F81000633024E363038352D4631324DFF
06-30-2025 16:21:26.112,253,RECV,7E000F8100052E024E353038362D4E374449E9
06-30-2025 16:21:26.162,254,RECV,7E000F8100022A024E323038362D32575430F8
06-30-2025 16:21:26.212,255,RECV,7E000F81000633024E363038362D43424E51D0
06-30-2025 16:21:26.613,256,RECV,7E000F8100052E024E353038372D44465A42D4
06-30-2025 16:21:26.664,257,RECV,7E000F8100022A024E323038372D52443147F6
06-30-2025 16:21:26.664,258,RECV,7E000F81000632024E363038372D50464631E7
06-30-2025 16:21:27.115,259,RECV,7E000F8100052E024E353038382D363430332C
06-30-2025 16:21:27.165,260,RECV,7E000F8100022A024E323038382D55344954DD
06-30-2025 16:21:27.215,261,RECV,7E000F81000632024E363038382D49324D44E7
06-30-2025 16:21:27.617,262,RECV,7E000F8100052E024E353038392D59354347E0
06-30-2025 16:21:27.667,263,RECV,7E000F8100022A024E323038392D48454F51D5
06-30-2025 16:21:27.717,264,RECV,7E000F81000632024E363038392D56393338F8
06-30-2025 16:21:28.118,265,RECV,7E000F8100052E024E353039302D59474E4CC6
06-30-2025 16:21:28.169,266,RECV,7E000F8100022A024E323039302D4444515AD7
06-30-2025 16:21:28.189,267,RECV,7E000F81000632024E363039302D5837415AD0
06-30-2025 16:21:28.619,268,RECV,7E000F8100052D024E353039312D46444C41E9
06-30-2025 16:21:28.669,269,RECV,7E000F8100022A024E323039312D4158424AE4
06-30-2025 16:21:28.720,270,RECV,7E000F81000632024E363039312D444D3852DE
06-30-2025 16:21:29.121,271,RECV,7E000F8100052E024E353039322D4351474DD6
06-30-2025 16:21:29.171,272,RECV,7E000F8100022A024E323039322D494E4135FB
06-30-2025 16:21:29.176,273,RECV,7E000F81000632024E363039322D494C5553BB
06-30-2025 16:21:29.623,274,RECV,7E000F8100052E024E353039332D3233484D03
06-30-2025 16:21:29.673,275,RECV,7E000F8100022A024E323039332D4A563447EC
06-30-2025 16:21:29.723,276,RECV,7E000F81000632024E363039332D58565141B7
06-30-2025 16:21:30.124,277,RECV,7E000F8100052E024E353039342D45565654B7
06-30-2025 16:21:30.174,278,RECV,7E000F8100022A024E323039342D4C493555E7
06-30-2025 16:21:30.224,279,RECV,7E000F81000632024E363039342D43534D34DF
06-30-2025 16:21:30.626,280,RECV,7E000F8100052D024E353039352D3738414DFF
06-30-2025 16:21:30.676,281,RECV,7E000F8100022A024E323039352D3833374320
06-30-2025 16:21:30.696,282,RECV,7E000F81000630024E363039352D54344230FD
06-30-2025 16:21:31.127,283,RECV,7E000F8100052D024E353039362D434B313705
06-30-2025 16:21:31.177,284,RECV,7E000F8100022A024E323039362D4D523451E0
06-30-2025 16:21:31.227,285,RECV,7E000F81000631024E363039362D5A543659B8
06-30-2025 16:21:31.628,286,RECV,7E000F8100052D024E353039372D52443848E4
06-30-2025 16:21:31.678,287,RECV,7E000F8100022A024E323039372D56503245E6
06-30-2025 16:21:31.729,288,RECV,7E000F81000631024E363039372D5A394841D8
06-30-2025 16:21:32.130,289,RECV,7E000F8100052D024E353039382D57573351C7
06-30-2025 16:21:32.180,290,RECV,7E000F8100022A024E323039382D59554F4FB6
06-30-2025 16:21:32.201,291,RECV,7E000F81000631024E363039382D59354250D3
06-30-2025 16:21:32.631,292,RECV,7E000F8100052D024E353039392D46573341E7
06-30-2025 16:21:32.681,293,RECV,7E000F8100022A024E323039392D364B364901
06-30-2025 16:21:32.732,294,RECV,7E000F81000631024E363039392D32484A51DD
