06-26-2025 23:50:10.523,-,API2,"Sink 2,0013A20041839DCA,802.15.4 TH,2003,/dev/ttyUSB2 - 57600/8/M/1/N,1,46"

06-26-2025 23:48:45.978,0,RECV,7E000F81000733024E373030302D3432384D15
06-26-2025 23:48:45.978,1,RECV,7E000F81000530024E353030302D5249343107
06-26-2025 23:48:45.979,2,RECV,7E000F81000633024E363030302D56365645DB
06-26-2025 23:48:46.479,3,RECV,7E000F81000734024E373030312D4F335542E5
06-26-2025 23:48:46.479,4,RECV,7E000F81000530024E353030312D4B325657DC
06-26-2025 23:48:46.480,5,RECV,7E000F81000630024E363030312D5130564FDE
06-26-2025 23:48:46.482,6,RECV,7E000F81000833024E383030312D314239341D
06-26-2025 23:48:46.982,7,RECV,7E000F81000731024E373030322D59513047DF
06-26-2025 23:48:46.984,8,RECV,7E000F8100052C024E353030322D43544444EA
06-26-2025 23:48:46.985,9,RECV,7E000F8100062F024E363030322D35554755DE
06-26-2025 23:48:46.986,10,RECV,7E000F81000830024E383030322D44593352DD
06-26-2025 23:48:47.484,11,RECV,7E000F8100052D024E353030332D57374F54D6
06-26-2025 23:48:47.484,12,RECV,7E000F8100062F024E363030332D55564254C2
06-26-2025 23:48:47.484,13,RECV,7E000F8100082F024E383030332D544B3756D3
06-26-2025 23:48:47.984,14,RECV,7E000F8100052C024E353030342D484C4353DD
06-26-2025 23:48:47.984,15,RECV,7E000F8100062F024E363030342D5A384751D8
06-26-2025 23:48:47.985,16,RECV,7E000F8100082F024E383030342D48394F39F5
06-26-2025 23:48:48.455,17,RECV,7E000F8100052C024E353030352D3645394E04
06-26-2025 23:48:48.456,18,RECV,7E000F81000630024E363030352D59353445F9
06-26-2025 23:48:48.486,19,RECV,7E000F81000830024E383030352D5A4D514DB7
06-26-2025 23:48:48.988,20,RECV,7E000F8100052F024E353030362D5539393704
06-26-2025 23:48:48.990,21,RECV,7E000F81000731024E373030362D59433241ED
06-26-2025 23:48:48.990,22,RECV,7E000F81000630024E363030362D49573134FA
06-26-2025 23:48:48.990,23,RECV,7E000F81000830024E383030362D57455A52B3
06-26-2025 23:48:49.489,24,RECV,7E000F8100052D024E353030372D5357424BCC
06-26-2025 23:48:49.489,25,RECV,7E000F81000731024E373030372D504A554DBF
06-26-2025 23:48:49.494,26,RECV,7E000F81000630024E363030372D3744534EE2
06-26-2025 23:48:49.494,27,RECV,7E000F81000830024E383030372D50425441D3
06-26-2025 23:48:49.989,28,RECV,7E000F8100052D024E353030382D424A5A54C8
06-26-2025 23:48:49.993,29,RECV,7E000F81000732024E373030382D43425034F0
06-26-2025 23:48:49.993,30,RECV,7E000F81000630024E363030382D39504C4BDD
06-26-2025 23:48:50.490,31,RECV,7E000F8100052D024E353030392D3135364E17
06-26-2025 23:48:50.491,32,RECV,7E000F81000731024E373030392D423233480A
06-26-2025 23:48:50.495,33,RECV,7E000F81000831024E383030392D57333150EC
06-26-2025 23:48:50.495,34,RECV,7E000F81000630024E363030392D4C4C4D36E1
06-26-2025 23:48:50.992,35,RECV,7E000F8100052D024E353031302D3854344900
06-26-2025 23:48:50.993,36,RECV,7E000F81000731024E373031302D57474239E8
06-26-2025 23:48:50.993,37,RECV,7E000F81000830024E383031302D43505857BE
06-26-2025 23:48:50.993,38,RECV,7E000F81000630024E363031302D4C503544EF
06-26-2025 23:48:51.492,39,RECV,7E000F8100052C024E353031312D5A463341F5
06-26-2025 23:48:51.495,40,RECV,7E000F81000730024E373031312D384144337D31
06-26-2025 23:48:51.495,41,RECV,7E000F81000830024E383031312D4D534755C3
06-26-2025 23:48:51.495,42,RECV,7E000F8100062F024E363031312D53325132FC
06-26-2025 23:48:51.993,43,RECV,7E000F8100052C024E353031322D4641483306
06-26-2025 23:48:51.994,44,RECV,7E000F81000730024E373031322D42494551DF
06-26-2025 23:48:51.994,45,RECV,7E000F8100082F024E383031322D52543230F7
06-26-2025 23:48:51.994,46,RECV,7E000F8100062F024E363031322D42554E41DD
06-26-2025 23:48:52.493,47,RECV,7E000F8100052C024E353031332D3638454F05
06-26-2025 23:48:52.494,48,RECV,7E000F81000730024E373031332D50505942C4
06-26-2025 23:48:52.494,49,RECV,7E000F8100082F024E383031332D4F314259E3
06-26-2025 23:48:52.494,50,RECV,7E000F8100062E024E363031332D52575131D8
06-26-2025 23:48:52.994,51,RECV,7E000F8100052E024E353031342D37533956EB
06-26-2025 23:48:52.994,52,RECV,7E000F81000733024E373031342D4C424241EA
06-26-2025 23:48:52.995,53,RECV,7E000F81000830024E383031342D32414751F1
06-26-2025 23:48:52.995,54,RECV,7E000F8100062F024E363031342D3031394E19
06-26-2025 23:48:53.495,55,RECV,7E000F8100052F024E353031352D394C4D32FE
06-26-2025 23:48:53.495,56,RECV,7E000F81000735024E373031352D37595854BC
06-26-2025 23:48:53.496,57,RECV,7E000F81000833024E383031352D363839361B
06-26-2025 23:48:53.496,58,RECV,7E000F81000632024E363031352D51385857C5
06-26-2025 23:48:53.996,59,RECV,7E000F81000530024E353031362D33583257EC
06-26-2025 23:48:53.996,60,RECV,7E000F81000832024E383031362D52345642DA
06-26-2025 23:48:53.997,61,RECV,7E000F81000632024E363031362D484C5A50BE
06-26-2025 23:48:54.497,62,RECV,7E000F8100052F024E353031372D53473448EA
06-26-2025 23:48:54.497,63,RECV,7E000F81000732024E373031372D41453956E4
06-26-2025 23:48:54.497,64,RECV,7E000F81000831024E383031372D354D5831ED
06-26-2025 23:48:54.497,65,RECV,7E000F81000631024E363031372D59585149B1
06-26-2025 23:48:54.998,66,RECV,7E000F8100052E024E353031382D43364645FC
06-26-2025 23:48:55.003,67,RECV,7E000F81000732024E373031382D5A4A3756C7
06-26-2025 23:48:55.003,68,RECV,7E000F81000832024E383031382D4D585252AD
06-26-2025 23:48:55.003,69,RECV,7E000F81000631024E363031382D56534548C5
06-26-2025 23:48:55.499,70,RECV,7E000F8100052D024E353031392D594D3732F1
06-26-2025 23:48:55.499,71,RECV,7E000F81000732024E373031392D3734424604
06-26-2025 23:48:55.500,72,RECV,7E000F81000830024E383031392D5A4C524BB4
06-26-2025 23:48:55.500,73,RECV,7E000F81000630024E363031392D4E314F35F8
06-26-2025 23:48:56.002,74,RECV,7E000F8100052D024E353032302D42534F4BD9
06-26-2025 23:48:56.002,75,RECV,7E000F81000630024E363032302D4B553041F2
06-26-2025 23:48:56.503,76,RECV,7E000F8100052D024E353032312D56504451CC
06-26-2025 23:48:56.503,77,RECV,7E000F81000830024E383032312D37364E3310
06-26-2025 23:48:56.507,78,RECV,7E000F81000731024E373032312D36415839F7
06-26-2025 23:48:56.507,79,RECV,7E000F81000630024E363032312D46455355CF
06-26-2025 23:48:57.004,80,RECV,7E000F8100052D024E353032322D4E324746F9
06-26-2025 23:48:57.007,81,RECV,7E000F81000830024E383032322D433339341A
06-26-2025 23:48:57.007,82,RECV,7E000F81000730024E373032322D38495635F3
06-26-2025 23:48:57.007,83,RECV,7E000F8100062F024E363032322D57563548D8
06-26-2025 23:48:57.504,84,RECV,7E000F8100052D024E353032332D58393943F8
06-26-2025 23:48:57.505,85,RECV,7E000F81000830024E383032332D49583559CD
06-26-2025 23:48:57.505,86,RECV,7E000F81000731024E373032332D424B454DDE
06-26-2025 23:48:57.505,87,RECV,7E000F8100062F024E363032332D53415749CD
06-26-2025 23:48:58.005,88,RECV,7E000F8100052F024E353032342D31334E351B
06-26-2025 23:48:58.007,89,RECV,7E000F81000731024E373032342D55594833D3
06-26-2025 23:48:58.007,90,RECV,7E000F81000630024E363032342D3833445000
06-26-2025 23:48:58.506,91,RECV,7E000F8100052E024E353032352D4D374C42F0
06-26-2025 23:48:58.508,92,RECV,7E000F81000832024E383032352D4E375059CA
06-26-2025 23:48:58.508,93,RECV,7E000F81000733024E373032352D54524931D9
06-26-2025 23:48:58.508,94,RECV,7E000F81000631024E363032352D46554935E4
06-26-2025 23:48:59.007,95,RECV,7E000F8100052F024E353032362D4E47474CD8
06-26-2025 23:48:59.007,96,RECV,7E000F81000832024E383032362D4F314F58D0
06-26-2025 23:48:59.008,97,RECV,7E000F81000733024E373032362D53335333EC
06-26-2025 23:48:59.008,98,RECV,7E000F81000632024E363032362D39314259F6
06-26-2025 23:48:59.508,99,RECV,7E000F81000530024E353032372D514F4438E2
06-26-2025 23:48:59.508,100,RECV,7E000F81000833024E383032372D5A4C4542C8
06-26-2025 23:48:59.508,101,RECV,7E000F81000735024E373032372D414D5851BE
06-26-2025 23:48:59.508,102,RECV,7E000F81000631024E363032372D42513934FB
06-26-2025 23:49:00.008,103,RECV,7E000F8100052D024E353032382D34335648FB
06-26-2025 23:49:00.008,104,RECV,7E000F8100082F024E383032382D4C385834E8
06-26-2025 23:49:00.009,105,RECV,7E000F81000730024E373032382D52564442CB
06-26-2025 23:49:00.009,106,RECV,7E000F8100062F024E363032382D4E4F4C37DC
06-26-2025 23:49:00.509,107,RECV,7E000F8100052C024E353032392D44504857CD
06-26-2025 23:49:00.509,108,RECV,7E000F81000830024E383032392D5A345243D3
06-26-2025 23:49:00.510,109,RECV,7E000F81000731024E373032392D534D3238ED
06-26-2025 23:49:00.510,110,RECV,7E000F8100062F024E363032392D594B4E4EBB
06-26-2025 23:49:01.010,111,RECV,7E000F8100052D024E353033302D37555634F1
06-26-2025 23:49:01.010,112,RECV,7E000F81000830024E383033302D55564151C1
06-26-2025 23:49:01.011,113,RECV,7E000F81000731024E373033302D374B433901
06-26-2025 23:49:01.021,114,RECV,7E000F81000630024E363033302D41434A56DE
06-26-2025 23:49:01.511,115,RECV,7E000F8100052D024E353033312D4530563308
06-26-2025 23:49:01.511,116,RECV,7E000F81000830024E383033312D343456330C
06-26-2025 23:49:01.511,117,RECV,7E000F81000731024E373033312D4B4F3850DC
06-26-2025 23:49:01.511,118,RECV,7E000F81000630024E363033312D50484636ED
06-26-2025 23:49:02.012,119,RECV,7E000F81000830024E383033322D364F4A5AD3
06-26-2025 23:49:02.012,120,RECV,7E000F8100052E024E353033322D32495A59D6
06-26-2025 23:49:02.012,121,RECV,7E000F81000732024E373033322D554C514DBD
06-26-2025 23:49:02.012,122,RECV,7E000F81000631024E363033322D573235360B
06-26-2025 23:49:02.512,123,RECV,7E000F81000732024E373033332D4E5A5833C8
06-26-2025 23:49:02.562,124,RECV,7E000F81000631024E363033332D4B574347D2
06-26-2025 23:49:03.013,125,RECV,7E000F81000831024E383033342D4432384704
06-26-2025 23:49:03.013,126,RECV,7E000F8100052E024E353033342D594A5748C0
06-26-2025 23:49:03.014,127,RECV,7E000F81000731024E373033342D52574D56AF
06-26-2025 23:49:03.014,128,RECV,7E000F81000630024E363033342D5547375AD1
06-26-2025 23:49:03.514,129,RECV,7E000F81000831024E383033352D38514643E6
06-26-2025 23:49:03.514,130,RECV,7E000F8100052E024E353033352D424B4931FA
06-26-2025 23:49:03.515,131,RECV,7E000F81000732024E373033352D39535546D2
06-26-2025 23:49:03.524,132,RECV,7E000F81000631024E363033352D594D3759C6
06-26-2025 23:49:04.015,133,RECV,7E000F81000831024E383033362D4230564AE5
06-26-2025 23:49:04.015,134,RECV,7E000F8100052F024E353033362D5A4A444CCB
06-26-2025 23:49:04.015,135,RECV,7E000F81000732024E373033362D47594D35D6
06-26-2025 23:49:04.067,136,RECV,7E000F81000631024E363033362D34364357F7
06-26-2025 23:49:04.515,137,RECV,7E000F81000833024E383033372D49543344E0
06-26-2025 23:49:04.516,138,RECV,7E000F8100052F024E353033372D434F4150DB
06-26-2025 23:49:04.516,139,RECV,7E000F81000733024E373033372D32434B4DE9
06-26-2025 23:49:04.516,140,RECV,7E000F81000632024E363033372D56573145D6
06-26-2025 23:49:05.016,141,RECV,7E000F81000832024E383033382D36434738FC
06-26-2025 23:49:05.016,142,RECV,7E000F81000530024E353033382D53523045E2
06-26-2025 23:49:05.017,143,RECV,7E000F81000733024E373033382D51373159E3
06-26-2025 23:49:05.066,144,RECV,7E000F81000632024E363033382D52595049B4
06-26-2025 23:49:05.517,145,RECV,7E000F81000833024E383033392D4A39383205
06-26-2025 23:49:05.517,146,RECV,7E000F81000530024E353033392D37314651FC
06-26-2025 23:49:05.518,147,RECV,7E000F81000735024E373033392D33494A30FC
06-26-2025 23:49:05.567,148,RECV,7E000F81000633024E363033392D5A4E4C51B1
06-26-2025 23:49:06.018,149,RECV,7E000F81000834024E383034302D32325844F9
06-26-2025 23:49:06.018,150,RECV,7E000F8100052E024E353034302D4F37314FFF
06-26-2025 23:49:06.019,151,RECV,7E000F81000734024E373034302D4C563639EA
06-26-2025 23:49:06.038,152,RECV,7E000F81000632024E363034302D54434E41D9
06-26-2025 23:49:06.519,153,RECV,7E000F81000834024E383034312D37564E52CB
06-26-2025 23:49:06.519,154,RECV,7E000F81000530024E353034312D44455551D3
06-26-2025 23:49:06.520,155,RECV,7E000F81000735024E373034312D38425954D2
06-26-2025 23:49:06.569,156,RECV,7E000F81000634024E363034312D4A4D5553BD
06-26-2025 23:49:07.022,157,RECV,7E000F81000834024E383034322D494D4A52C5
06-26-2025 23:49:07.023,158,RECV,7E000F81000530024E353034322D59495342CA
06-26-2025 23:49:07.023,159,RECV,7E000F81000735024E373034322D4C4B4451CC
06-26-2025 23:49:07.070,160,RECV,7E000F81000630024E363034322D4D4E3634FA
06-26-2025 23:49:07.520,161,RECV,7E000F8100082F024E383034332D45374649F0
06-26-2025 23:49:07.521,162,RECV,7E000F8100052E024E353034332D3932395806
06-26-2025 23:49:07.522,163,RECV,7E000F81000730024E373034332D4A4D3554DC
06-26-2025 23:49:07.571,164,RECV,7E000F8100062F024E363034332D3031314429
06-26-2025 23:49:08.026,165,RECV,7E000F8100082F024E383034342D324A364CFC
06-26-2025 23:49:08.028,166,RECV,7E000F8100052C024E353034342D4E4F4135F0
06-26-2025 23:49:08.028,167,RECV,7E000F81000730024E373034342D4434325100
06-26-2025 23:49:08.072,168,RECV,7E000F8100062F024E363034342D56534150C4
06-26-2025 23:49:08.522,169,RECV,7E000F8100082F024E383034352D44365330FC
06-26-2025 23:49:08.523,170,RECV,7E000F8100052C024E353034352D3453484FE4
06-26-2025 23:49:08.523,171,RECV,7E000F81000730024E373034352D53454D44D1
06-26-2025 23:49:08.572,172,RECV,7E000F8100062F024E363034352D314C443804
06-26-2025 23:49:09.023,173,RECV,7E000F8100082F024E383034362D3353484CDE
06-26-2025 23:49:09.023,174,RECV,7E000F8100052D024E353034362D474336340C
06-26-2025 23:49:09.024,175,RECV,7E000F81000730024E373034362D4E5A3939DF
06-26-2025 23:49:09.073,176,RECV,7E000F8100062F024E363034362D5A305350CF
06-26-2025 23:49:09.524,177,RECV,7E000F8100082F024E383034372D59574437CC
06-26-2025 23:49:09.524,178,RECV,7E000F8100052C024E353034372D595A5737BF
06-26-2025 23:49:09.525,179,RECV,7E000F81000730024E373034372D33383959FB
06-26-2025 23:49:09.574,180,RECV,7E000F8100062F024E363034372D30525558CC
06-26-2025 23:49:10.025,181,RECV,7E000F8100082F024E383034382D394E5139E5
06-26-2025 23:49:10.025,182,RECV,7E000F8100052C024E353034382D4E43534AD1
06-26-2025 23:49:10.035,183,RECV,7E000F81000731024E373034382D335A3253E4
06-26-2025 23:49:10.075,184,RECV,7E000F8100062F024E363034382D4733594ADD
06-26-2025 23:49:10.526,185,RECV,7E000F8100082F024E383034392D4F573739DF
06-26-2025 23:49:10.526,186,RECV,7E000F8100052D024E353034392D5651344DD5
06-26-2025 23:49:10.526,187,RECV,7E000F81000730024E373034392D56555A579A
06-26-2025 23:49:10.576,188,RECV,7E000F8100062F024E363034392D54364A5ACB
06-26-2025 23:49:11.026,189,RECV,7E000F8100082F024E383035302D58425037DC
06-26-2025 23:49:11.027,190,RECV,7E000F8100052C024E353035302D53394939F8
06-26-2025 23:49:11.027,191,RECV,7E000F81000730024E373035302D4C485956BB
06-26-2025 23:49:11.076,192,RECV,7E000F8100062E024E363035302D434F5539E2
06-26-2025 23:49:11.527,193,RECV,7E000F81000832024E383035312D46345053DC
06-26-2025 23:49:11.527,194,RECV,7E000F8100052E024E353035312D334F5949DF
06-26-2025 23:49:11.577,195,RECV,7E000F81000735024E373035312D37324A51F4
06-26-2025 23:49:11.578,196,RECV,7E000F81000634024E363035312D43433257EC
06-26-2025 23:49:12.028,197,RECV,7E000F81000833024E383035322D51524144CF
06-26-2025 23:49:12.028,198,RECV,7E000F8100052F024E353035322D4F58324ADE
06-26-2025 23:49:12.029,199,RECV,7E000F81000735024E373035322D4D305A42DE
06-26-2025 23:49:12.078,200,RECV,7E000F81000634024E363035322D365037300D
06-26-2025 23:49:12.500,201,RECV,7E000F81000832024E383035332D504F5334D1
06-26-2025 23:49:12.510,202,RECV,7E000F8100052F024E353035332D3454343410
06-26-2025 23:49:12.549,203,RECV,7E000F81000734024E373035332D37544C33ED
06-26-2025 23:49:12.579,204,RECV,7E000F81000632024E363035332D49595157B1
06-26-2025 23:49:13.030,205,RECV,7E000F81000831024E383035342D4D425831DF
06-26-2025 23:49:13.030,206,RECV,7E000F8100052E024E353035342D4D52534EC0
06-26-2025 23:49:13.080,207,RECV,7E000F81000732024E373035342D3854414DDE
06-26-2025 23:49:13.080,208,RECV,7E000F81000630024E363035342D534C4E52BD
06-26-2025 23:49:13.481,209,RECV,7E000F81000831024E383035352D494E5458B3
06-26-2025 23:49:13.531,210,RECV,7E000F8100052E024E353035352D4D483351E6
06-26-2025 23:49:13.531,211,RECV,7E000F81000732024E373035352D45534737E1
06-26-2025 23:49:13.581,212,RECV,7E000F81000631024E363035352D5138494CDC
06-26-2025 23:49:14.002,213,RECV,7E000F81000830024E383035362D454E474BD1
06-26-2025 23:49:14.012,214,RECV,7E000F8100052D024E353035362D364A5244E9
06-26-2025 23:49:14.082,215,RECV,7E000F81000731024E373035362D4A4D3034FC
06-26-2025 23:49:14.089,216,RECV,7E000F81000631024E363035362D584D3550CF
06-26-2025 23:49:14.532,217,RECV,7E000F8100082F024E383035372D30564F4ED3
06-26-2025 23:49:14.533,218,RECV,7E000F8100052D024E353035372D4D4F5443CB
06-26-2025 23:49:14.583,219,RECV,7E000F81000730024E373035372D30304B5AF2
06-26-2025 23:49:14.583,220,RECV,7E000F81000631024E363035372D4A544339DE
06-26-2025 23:49:14.983,221,RECV,7E000F8100082F024E383035382D30414B3900
06-26-2025 23:49:15.033,222,RECV,7E000F8100052C024E353035382D34455045F0
06-26-2025 23:49:15.083,223,RECV,7E000F81000730024E373035382D4D313259ED
06-26-2025 23:49:15.084,224,RECV,7E000F81000630024E363035382D4C385A34E6
06-26-2025 23:49:15.504,225,RECV,7E000F8100082F024E383035392D43354C35FB
06-26-2025 23:49:15.515,226,RECV,7E000F8100052D024E353035392D54344333FE
06-26-2025 23:49:15.584,227,RECV,7E000F81000730024E373035392D5536444DD9
06-26-2025 23:49:15.591,228,RECV,7E000F81000630024E363035392D46503650DB
06-26-2025 23:49:16.035,229,RECV,7E000F81000833024E383036302D43414A46E4
06-26-2025 23:49:16.035,230,RECV,7E000F81000530024E353036302D54573832EC
06-26-2025 23:49:16.085,231,RECV,7E000F81000734024E373036302D4D4A4843D7
06-26-2025 23:49:16.085,232,RECV,7E000F81000634024E363036302D56385352C8
06-26-2025 23:49:16.486,233,RECV,7E000F81000831024E383036312D33415238FB
06-26-2025 23:49:16.536,234,RECV,7E000F8100052F024E353036312D33545344E3
06-26-2025 23:49:16.586,235,RECV,7E000F81000733024E373036312D56305539E5
06-26-2025 23:49:16.586,236,RECV,7E000F81000633024E363036312D4D4A4C54C4
06-26-2025 23:49:16.987,237,RECV,7E000F81000830024E383036322D58505A56A1
06-26-2025 23:49:17.037,238,RECV,7E000F8100052E024E353036322D383444420F
06-26-2025 23:49:17.087,239,RECV,7E000F81000731024E373036322D49515843C5
06-26-2025 23:49:17.101,240,RECV,7E000F81000632024E363036322D4A344D41EF
06-26-2025 23:49:17.538,241,RECV,7E000F8100082F024E383036332D52575746B3
06-26-2025 23:49:17.540,242,RECV,7E000F8100052D024E353036332D534A4851CB
06-26-2025 23:49:17.588,243,RECV,7E000F81000730024E373036332D484E5956B5
06-26-2025 23:49:17.589,244,RECV,7E000F81000631024E363036332D56384833F2
06-26-2025 23:49:17.989,245,RECV,7E000F8100082F024E383036342D35434953E4
06-26-2025 23:49:18.039,246,RECV,7E000F8100052D024E353036342D48484C54D0
06-26-2025 23:49:18.089,247,RECV,7E000F81000631024E363036342D55594F43BA
06-26-2025 23:49:18.490,248,RECV,7E000F81000830024E383036352D534E4954B8
06-26-2025 23:49:18.540,249,RECV,7E000F8100052D024E353036352D3639444408
06-26-2025 23:49:18.593,250,RECV,7E000F81000731024E373036352D48353452F4
06-26-2025 23:49:18.594,251,RECV,7E000F81000632024E363036352D4E353643FC
06-26-2025 23:49:19.002,252,RECV,7E000F81000830024E383036362D37414456E3
06-26-2025 23:49:19.043,253,RECV,7E000F8100052C024E353036362D3937303629
06-26-2025 23:49:19.093,254,RECV,7E000F81000730024E373036362D35334855F2
06-26-2025 23:49:19.094,255,RECV,7E000F81000631024E363036362D394A4447EA
06-26-2025 23:49:19.493,256,RECV,7E000F81000831024E383036372D3644304504
06-26-2025 23:49:19.543,257,RECV,7E000F8100052D024E353036372D55425336DD
06-26-2025 23:49:19.594,258,RECV,7E000F81000735024E373036372D4B4C4844CE
06-26-2025 23:49:19.594,259,RECV,7E000F81000635024E363036372D57363248EC
06-26-2025 23:49:19.994,260,RECV,7E000F81000834024E383036382D34324D3705
06-26-2025 23:49:20.044,261,RECV,7E000F81000530024E353036382D4231474DF2
06-26-2025 23:49:20.095,262,RECV,7E000F81000735024E373036382D44565359AA
06-26-2025 23:49:20.095,263,RECV,7E000F81000635024E363036382D30435730F8
06-26-2025 23:49:20.505,264,RECV,7E000F81000833024E383036392D47323348FB
06-26-2025 23:49:20.545,265,RECV,7E000F81000531024E353036392D4A58534AB8
06-26-2025 23:49:20.595,266,RECV,7E000F81000735024E373036392D344B3655E5
06-26-2025 23:49:20.595,267,RECV,7E000F81000635024E363036392D574E594BA8
06-26-2025 23:49:20.996,268,RECV,7E000F81000833024E383037302D53415748C4
06-26-2025 23:49:21.046,269,RECV,7E000F8100052C024E353037302D41315757E4
06-26-2025 23:49:21.096,270,RECV,7E000F81000735024E373037302D56374B4AD5
06-26-2025 23:49:21.096,271,RECV,7E000F81000635024E363037302D4A324653E4
06-26-2025 23:49:21.497,272,RECV,7E000F8100082F024E383037312D4B595937C6
06-26-2025 23:49:21.547,273,RECV,7E000F8100052D024E353037312D46335052E7
06-26-2025 23:49:21.597,274,RECV,7E000F81000731024E373037312D4336384306
06-26-2025 23:49:21.597,275,RECV,7E000F81000632024E363037312D4531574EE0
06-26-2025 23:49:21.998,276,RECV,7E000F81000830024E383037322D36423553F8
06-26-2025 23:49:22.048,277,RECV,7E000F8100052D024E353037322D5A4C5644C1
06-26-2025 23:49:22.098,278,RECV,7E000F81000731024E373037322D36515430EE
06-26-2025 23:49:22.098,279,RECV,7E000F81000632024E363037322D48533631F8
06-26-2025 23:49:22.499,280,RECV,7E000F81000830024E383037332D57553439DE
06-26-2025 23:49:22.551,281,RECV,7E000F8100052D024E353037332D58484757C2
06-26-2025 23:49:22.601,282,RECV,7E000F81000731024E373037332D57314951D6
06-26-2025 23:49:22.601,283,RECV,7E000F81000632024E363037332D30484843F6
06-26-2025 23:49:23.001,284,RECV,7E000F81000831024E383037342D30413155FE
06-26-2025 23:49:23.052,285,RECV,7E000F8100052E024E353037342D4E4F4E35DE
06-26-2025 23:49:23.101,286,RECV,7E000F81000732024E373037342D384A4B59D0
06-26-2025 23:49:23.102,287,RECV,7E000F81000632024E363037342D5649315ACE
06-26-2025 23:49:23.503,288,RECV,7E000F81000831024E383037352D58553735DB
06-26-2025 23:49:23.553,289,RECV,7E000F8100052E024E353037352D4F515133D9
06-26-2025 23:49:23.603,290,RECV,7E000F81000732024E373037352D32553157E6
06-26-2025 23:49:23.603,291,RECV,7E000F81000633024E363037352D39585057BE
06-26-2025 23:49:24.003,292,RECV,7E000F81000831024E383037362D51594955AB
06-26-2025 23:49:24.054,293,RECV,7E000F8100052E024E353037362D4A555A4DB6
06-26-2025 23:49:24.104,294,RECV,7E000F81000732024E373037362D56354E31EA
06-26-2025 23:49:24.105,295,RECV,7E000F81000632024E363037362D4A504A52C0
06-26-2025 23:49:24.505,296,RECV,7E000F81000831024E383037372D394B4334F7
06-26-2025 23:49:24.555,297,RECV,7E000F8100052F024E353037372D53524C57B2
06-26-2025 23:49:24.605,298,RECV,7E000F81000733024E373037372D4A533233F0
06-26-2025 23:49:24.606,299,RECV,7E000F81000633024E363037372D58334351D5
06-26-2025 23:49:25.006,300,RECV,7E000F81000832024E383037382D45475557B8
06-26-2025 23:49:25.056,301,RECV,7E000F81000530024E353037382D30325A47F5
06-26-2025 23:49:25.106,302,RECV,7E000F81000733024E373037382D574C5752A5
06-26-2025 23:49:25.155,303,RECV,7E000F81000634024E363037382D4C31443100
06-26-2025 23:49:25.506,304,RECV,7E000F81000833024E383037392D4B363448F1
06-26-2025 23:49:25.556,305,RECV,7E000F81000530024E353037392D4B534A4EC1
06-26-2025 23:49:25.607,306,RECV,7E000F81000735024E373037392D34554B49D1
06-26-2025 23:49:25.607,307,RECV,7E000F81000635024E363037392D494E5635CE
06-26-2025 23:49:26.007,308,RECV,7E000F8100082F024E383038302D474A3931FF
06-26-2025 23:49:26.057,309,RECV,7E000F8100052D024E353038302D4B4C4146E4
06-26-2025 23:49:26.107,310,RECV,7E000F81000731024E373038302D55315141E2
06-26-2025 23:49:26.107,311,RECV,7E000F81000632024E363038302D4D365345E0
06-26-2025 23:49:26.508,312,RECV,7E000F8100082F024E383038312D313238441A
06-26-2025 23:49:26.558,313,RECV,7E000F8100052D024E353038312D44484948E4
06-26-2025 23:49:26.608,314,RECV,7E000F81000732024E373038312D41593158D5
06-26-2025 23:49:26.622,315,RECV,7E000F81000632024E363038312D4D554157C0
06-26-2025 23:49:27.009,316,RECV,7E000F81000830024E383038322D45583038F2
06-26-2025 23:49:27.059,317,RECV,7E000F8100052E024E353038322D31454B3608
06-26-2025 23:49:27.109,318,RECV,7E000F81000732024E373038322D4135314B05
06-26-2025 23:49:27.109,319,RECV,7E000F81000633024E363038322D4E324244F2
06-26-2025 23:49:27.510,320,RECV,7E000F81000831024E383038332D554C5A46B4
06-26-2025 23:49:27.560,321,RECV,7E000F8100052E024E353038332D38464843F5
06-26-2025 23:49:27.610,322,RECV,7E000F81000732024E373038332D31514E50D6
06-26-2025 23:49:27.611,323,RECV,7E000F81000633024E363038332D574F5257A8
06-26-2025 23:49:28.010,324,RECV,7E000F81000830024E383038342D42584848CB
06-26-2025 23:49:28.061,325,RECV,7E000F8100052E024E353038342D374B3253F6
06-26-2025 23:49:28.111,326,RECV,7E000F81000732024E373038342D4B493547E5
06-26-2025 23:49:28.112,327,RECV,7E000F81000632024E363038342D4A42424EDB
06-26-2025 23:49:28.511,328,RECV,7E000F81000831024E383038352D57354430F3
06-26-2025 23:49:28.562,329,RECV,7E000F8100052E024E353038352D4255315ADA
06-26-2025 23:49:28.612,330,RECV,7E000F81000732024E373038352D5249525AAD
06-26-2025 23:49:28.612,331,RECV,7E000F81000633024E363038352D38595451BF
06-26-2025 23:49:29.012,332,RECV,7E000F81000830024E383038362D5452384ACB
06-26-2025 23:49:29.062,333,RECV,7E000F8100052E024E353038362D4C4F3532F9
06-26-2025 23:49:29.112,334,RECV,7E000F81000731024E373038362D5A595A37B0
06-26-2025 23:49:29.123,335,RECV,7E000F81000632024E363038362D53495754AE
06-26-2025 23:49:29.513,336,RECV,7E000F81000831024E383038372D5043384FD7
06-26-2025 23:49:29.563,337,RECV,7E000F8100052E024E353038372D39444A3201
06-26-2025 23:49:29.613,338,RECV,7E000F81000732024E373038372D414E4A35E4
06-26-2025 23:49:29.664,339,RECV,7E000F81000633024E363038372D4B333659E6
06-26-2025 23:49:30.017,340,RECV,7E000F81000831024E383038382D464D4F4BC3
06-26-2025 23:49:30.067,341,RECV,7E000F8100052E024E353038382D41465635E7
06-26-2025 23:49:30.117,342,RECV,7E000F81000732024E373038382D444B3356D9
06-26-2025 23:49:30.130,343,RECV,7E000F81000633024E363038382D55325035E6
06-26-2025 23:49:30.518,344,RECV,7E000F81000831024E383038392D54534B57A6
06-26-2025 23:49:30.568,345,RECV,7E000F8100052E024E353038392D514C3031FA
06-26-2025 23:49:30.618,346,RECV,7E000F81000732024E373038392D49505049BE
06-26-2025 23:49:30.629,347,RECV,7E000F81000633024E363038392D33473750F0
06-26-2025 23:49:31.019,348,RECV,7E000F81000830024E383039302D55524F38CA
06-26-2025 23:49:31.069,349,RECV,7E000F8100052E024E353039302D3939354A0F
06-26-2025 23:49:31.120,350,RECV,7E000F81000732024E373039302D4D444D33E7
06-26-2025 23:49:31.120,351,RECV,7E000F81000633024E363039302D39364547FE
06-26-2025 23:49:31.520,352,RECV,7E000F81000831024E383039312D5A365A46C6
06-26-2025 23:49:31.570,353,RECV,7E000F8100052E024E353039312D30544F30FC
06-26-2025 23:49:31.620,354,RECV,7E000F81000732024E373039312D4F3734300D
06-26-2025 23:49:31.622,355,RECV,7E000F81000633024E363039312D58534245C6
06-26-2025 23:49:32.021,356,RECV,7E000F81000831024E383039322D4557534CBA
06-26-2025 23:49:32.071,357,RECV,7E000F8100052E024E353039322D325136380D
06-26-2025 23:49:32.121,358,RECV,7E000F81000732024E373039322D4C33433400
06-26-2025 23:49:32.171,359,RECV,7E000F81000633024E363039322D4C3133380F
06-26-2025 23:49:32.523,360,RECV,7E000F81000830024E383039332D594C4F59A8
06-26-2025 23:49:32.574,361,RECV,7E000F8100052D024E353039332D484E3456DE
06-26-2025 23:49:32.624,362,RECV,7E000F81000731024E373039332D58344F48D3
06-26-2025 23:49:32.625,363,RECV,7E000F81000632024E363039332D34344859EE
06-26-2025 23:49:33.026,364,RECV,7E000F81000831024E383039342D56445643C0
06-26-2025 23:49:33.076,365,RECV,7E000F8100052D024E353039342D4D4D5734D8
06-26-2025 23:49:33.126,366,RECV,7E000F81000731024E373039342D43444449E1
06-26-2025 23:49:33.173,367,RECV,7E000F81000630024E363039342D34563554E5
06-26-2025 23:49:33.527,368,RECV,7E000F8100082F024E383039352D52584A53AD
06-26-2025 23:49:33.577,369,RECV,7E000F8100052D024E353039352D5543354FE0
06-26-2025 23:49:33.627,370,RECV,7E000F81000731024E373039352D323055320B
06-26-2025 23:49:33.677,371,RECV,7E000F8100062F024E363039352D32384C340E
06-26-2025 23:49:34.027,372,RECV,7E000F8100082F024E383039362D30455532F7
06-26-2025 23:49:34.077,373,RECV,7E000F8100052C024E353039362D54494A54C1
06-26-2025 23:49:34.127,374,RECV,7E000F81000730024E373039362D56554C54A9
06-26-2025 23:49:34.128,375,RECV,7E000F8100062F024E363039362D36464958DA
06-26-2025 23:49:34.528,376,RECV,7E000F8100082F024E383039372D3057324BEE
06-26-2025 23:49:34.578,377,RECV,7E000F8100052D024E353039372D51515156B1
06-26-2025 23:49:34.628,378,RECV,7E000F81000730024E373039372D344A5242E1
06-26-2025 23:49:34.638,379,RECV,7E000F8100062E024E363039372D3855384EE4
06-26-2025 23:49:35.029,380,RECV,7E000F8100082F024E383039382D52414151CC
06-26-2025 23:49:35.079,381,RECV,7E000F8100052C024E353039382D314C454EEA
06-26-2025 23:49:35.129,382,RECV,7E000F81000730024E373039382D45473248EC
06-26-2025 23:49:35.179,383,RECV,7E000F8100062F024E363039382D56324B59C9
06-26-2025 23:49:35.530,384,RECV,7E000F81000830024E383039392D3733394309
06-26-2025 23:49:35.580,385,RECV,7E000F8100052C024E353039392D48373359EE
06-26-2025 23:49:35.630,386,RECV,7E000F81000730024E373039392D4B4D5631D2
06-26-2025 23:49:35.630,387,RECV,7E000F8100062F024E363039392D474E3251DC
