06-03-2025 23:31:28.035,-,API2,"Sink 2,0013A20041839DCA,802.15.4 TH,2003,/dev/ttyUSB2 - 57600/8/M/1/N,1,46"

06-03-2025 23:28:23.839,0,RECV,7E007D318100062D0268004E363030302D4854584864
06-03-2025 23:28:23.841,1,RECV,7E007D318100053402E4004E353030302D4D56413605
06-03-2025 23:28:23.842,2,RECV,7E007D318100073C0255004E373030302D43514F546B
06-03-2025 23:28:25.344,3,RECV,7E007D31810008370218004E383030312D535A4D47A0
06-03-2025 23:28:25.345,4,RECV,7E007D318100062E026A004E363030312D4D373141A6
06-03-2025 23:28:25.348,5,RECV,7E007D318100073C0257004E373030312D58424E3483
06-03-2025 23:28:26.847,6,RECV,7E007D31810008380219004E383030322D51524231C8
06-03-2025 23:28:26.848,7,RECV,7E007D318100053802E8004E353030322D4C445559D7
06-03-2025 23:28:26.849,8,RECV,7E007D3181000631026B004E363030322D575152326B
06-03-2025 23:28:26.849,9,RECV,7E007D31810007400258004E373030322D4F45533181
06-03-2025 23:28:28.351,10,RECV,7E007D3181000834021C004E383030332D47303650E1
06-03-2025 23:28:28.352,11,RECV,7E007D318100053302EA004E353030332D454F584AE1
06-03-2025 23:28:28.353,12,RECV,7E007D318100062D026D004E363030332D5952525546
06-03-2025 23:28:29.856,13,RECV,7E007D3181000834021D004E383030342D465A5A36AC
06-03-2025 23:28:29.857,14,RECV,7E007D318100053402EB004E353030342D56304657F1
06-03-2025 23:28:29.858,15,RECV,7E007D318100062D026E004E363030342D42585A3969
06-03-2025 23:28:29.858,16,RECV,7E007D318100073C025E004E373030342D4F38413994
06-03-2025 23:28:31.320,17,RECV,7E007D3181000834021E004E383030352D43524456AB
06-03-2025 23:28:31.321,18,RECV,7E007D318100053402EC004E353030352D43525739ED
06-03-2025 23:28:31.331,19,RECV,7E007D318100062E026F004E363030352D5444435860
06-03-2025 23:28:31.331,20,RECV,7E007D318100073D025F004E373030352D4D4E50584F
06-03-2025 23:28:32.824,21,RECV,7E007D31810008350222004E383030362D54534F37A7
06-03-2025 23:28:32.825,22,RECV,7E007D318100053402EF004E353030362D3948323724
06-03-2025 23:28:32.835,23,RECV,7E007D318100062E0271004E363030362D4758304E73
06-03-2025 23:28:32.841,24,RECV,7E007D318100073D0261004E373030362D4D49523374
06-03-2025 23:28:34.318,25,RECV,7E007D31810008350223004E383030372D5A494A39AC
06-03-2025 23:28:34.319,26,RECV,7E007D318100053402F0004E353030372D45574244EA
06-03-2025 23:28:34.339,27,RECV,7E007D318100062E0272004E363030372D38474F437D5D
06-03-2025 23:28:34.341,28,RECV,7E007D318100073D0262004E373030372D5747383681
06-03-2025 23:28:35.822,29,RECV,7E007D31810008340224004E383030382D5A335A5595
06-03-2025 23:28:35.825,30,RECV,7E007D318100053302F1004E353030382D49394C4EEF
06-03-2025 23:28:35.843,31,RECV,7E007D318100062D0273004E363030382D5133473290
06-03-2025 23:28:35.846,32,RECV,7E007D318100073C0264004E373030382D3355424E73
06-03-2025 23:28:37.327,33,RECV,7E007D31810008330228004E383030392D4C53545783
06-03-2025 23:28:37.327,34,RECV,7E007D318100053202F4004E353030392D56433656E3
06-03-2025 23:28:37.348,35,RECV,7E007D318100062B0275004E363030392D584F30595C
06-03-2025 23:28:37.348,36,RECV,7E007D318100073B0266004E373030392D4A4B52336F
06-03-2025 23:28:38.831,37,RECV,7E007D31810008370229004E383031302D4A53594D8D
06-03-2025 23:28:38.832,38,RECV,7E007D318100053702F5004E353031302D534D4447DF
06-03-2025 23:28:38.852,39,RECV,7E007D31810006300276004E363031302D4E4D424D64
06-03-2025 23:28:38.896,40,RECV,7E007D318100073E0267004E373031302D4B49343293
06-03-2025 23:28:40.335,41,RECV,7E007D3181000836022B004E383031312D4E4946549D
06-03-2025 23:28:40.340,42,RECV,7E007D318100053702F8004E353031312D4C375042F1
06-03-2025 23:28:40.356,43,RECV,7E007D318100062F027A004E363031312D4E33324B8C
06-03-2025 23:28:40.359,44,RECV,7E007D318100073D026A004E373031312D5932435963
06-03-2025 23:28:41.839,45,RECV,7E007D3181000833022C004E383031322D4F4D3639C4
06-03-2025 23:28:41.840,46,RECV,7E007D318100053202F9004E353031322D5A43344DEB
06-03-2025 23:28:41.850,47,RECV,7E007D318100062B027B004E363031322D364E4C3488
06-03-2025 23:28:41.856,48,RECV,7E007D318100073A026B004E373031322D59594D315B
06-03-2025 23:28:43.344,49,RECV,7E007D3181000834022D004E383031332D46504B5794
06-03-2025 23:28:43.344,50,RECV,7E007D318100053402FA004E353031332D46553537FE
06-03-2025 23:28:43.355,51,RECV,7E007D318100062C027C004E363031332D3145494A80
06-03-2025 23:28:43.356,52,RECV,7E007D318100073C026C004E373031332D474D444A65
06-03-2025 23:28:44.848,53,RECV,7E007D31810008360231004E383031342D574C444C92
06-03-2025 23:28:44.849,54,RECV,7E007D318100053602FC004E353031342D4935304A08
06-03-2025 23:28:44.859,55,RECV,7E007D318100062F027F004E363031342D38304E4B81
06-03-2025 23:28:44.859,56,RECV,7E007D318100073D026F004E373031342D5150345A53
06-03-2025 23:28:46.352,57,RECV,7E007D31810008370232004E383031352D4A42525193
06-03-2025 23:28:46.356,58,RECV,7E007D318100053602FD004E353031352D51314155E6
06-03-2025 23:28:46.363,59,RECV,7E007D318100062F0280004E363031352D4F4A56563B
06-03-2025 23:28:46.363,60,RECV,7E007D318100073C0270004E373031352D4D48523367
06-03-2025 23:28:47.857,61,RECV,7E007D31810008390233004E383031362D42584B4D8C
06-03-2025 23:28:47.857,62,RECV,7E007D318100053802FE004E353031362D4F4E3736F0
06-03-2025 23:28:47.867,63,RECV,7E007D31810006310281004E363031362D523955425A
06-03-2025 23:28:47.867,64,RECV,7E007D318100073F0272004E373031362D4C365A4758
06-03-2025 23:28:49.321,65,RECV,7E007D31810008330236004E383031372D5845554B83
06-03-2025 23:28:49.341,66,RECV,7E007D31810005320203004E353031372D53304251E4
06-03-2025 23:28:49.361,67,RECV,7E007D318100062B0283004E363031372D37394A368F
06-03-2025 23:28:49.411,68,RECV,7E007D318100073B0274004E373031372D4D5A54423F
06-03-2025 23:28:50.815,69,RECV,7E007D31810008330237004E383031382D50364945AA
06-03-2025 23:28:50.865,70,RECV,7E007D31810005340204004E353031382D58415231DA
06-03-2025 23:28:50.875,71,RECV,7E007D318100062C0284004E363031382D514D4E4C44
06-03-2025 23:28:50.880,72,RECV,7E007D318100073C0275004E373031382D5659504C2E
06-03-2025 23:28:52.320,73,RECV,7E007D3181000834023B004E383031392D5854535267
06-03-2025 23:28:52.370,74,RECV,7E007D31810005330207004E353031392D48365747D7
06-03-2025 23:28:52.371,75,RECV,7E007D318100062C0287004E363031392D3947424D69
06-03-2025 23:28:52.380,76,RECV,7E007D318100073C0277004E373031392D525753304A
06-03-2025 23:28:53.823,77,RECV,7E007D3181000833023C004E383032302D484D4E5885
06-03-2025 23:28:53.874,78,RECV,7E007D31810005330208004E353032302D444A4D54CB
06-03-2025 23:28:53.878,79,RECV,7E007D318100062B0288004E363032302D46384F565D
06-03-2025 23:28:53.926,80,RECV,7E007D318100073B0278004E373032302D3337524979
06-03-2025 23:28:55.328,81,RECV,7E007D3181000833023D004E383032312D56433151A3
06-03-2025 23:28:55.378,82,RECV,7E007D31810005330209004E353032312D4C424B31EE
06-03-2025 23:28:55.379,83,RECV,7E007D318100062C0289004E363032312D3157444869
06-03-2025 23:28:55.379,84,RECV,7E007D318100073B0279004E373032312D52544C3357
06-03-2025 23:28:56.832,85,RECV,7E007D31810008360240004E383032322D4B59514280
06-03-2025 23:28:56.883,86,RECV,7E007D3181000535020E004E353032322D41474541E2
06-03-2025 23:28:56.889,87,RECV,7E007D318100062F028B004E363032322D503155356C
06-03-2025 23:28:56.890,88,RECV,7E007D318100073F027B004E373032322D305A423079
06-03-2025 23:28:58.336,89,RECV,7E007D31810008340241004E383032332D4137424BB2
06-03-2025 23:28:58.338,90,RECV,7E007D3181000534020F004E353032332D4A4C5838C9
06-03-2025 23:28:58.387,91,RECV,7E007D318100062D028C004E363032332D334154535C
06-03-2025 23:28:58.388,92,RECV,7E007D318100073C027C004E373032332D3144534B63
06-03-2025 23:28:59.841,93,RECV,7E007D31810008320242004E383032342D4836304DBC
06-03-2025 23:28:59.841,94,RECV,7E007D31810005330210004E353032342D37553934F5
06-03-2025 23:28:59.891,95,RECV,7E007D318100062B028E004E363032342D434649366E
06-03-2025 23:28:59.891,96,RECV,7E007D318100073B027D5D004E373032342D4D4C4E434B
06-03-2025 23:29:01.345,97,RECV,7E007D31810008370244004E383032352D4B574D5070
06-03-2025 23:29:01.346,98,RECV,7E007D31810005360212004E353032352D50573454B9
06-03-2025 23:29:01.395,99,RECV,7E007D31810006310292004E363032352D30324D3686
06-03-2025 23:29:01.397,100,RECV,7E007D31810007410280004E373032352D3535485762
06-03-2025 23:29:02.849,101,RECV,7E007D31810008370245004E383032362D4B463943A0
06-03-2025 23:29:02.854,102,RECV,7E007D3181000538027D33004E353032362D56315752B4
06-03-2025 23:29:02.899,103,RECV,7E007D31810006310293004E363032362D5438363374
06-03-2025 23:29:02.900,104,RECV,7E007D31810007400281004E373032362D3858503258
06-03-2025 23:29:04.353,105,RECV,7E007D31810008340249004E383032372D5150423197
06-03-2025 23:29:04.359,106,RECV,7E007D31810005330215004E353032372D34414247E8
06-03-2025 23:29:04.404,107,RECV,7E007D318100062C0295004E363032372D3544355667
06-03-2025 23:29:04.408,108,RECV,7E007D318100073B0285004E373032372D5854324745
06-03-2025 23:29:05.858,109,RECV,7E007D3181000835024A004E383032382D5053414A7A
06-03-2025 23:29:05.858,110,RECV,7E007D31810005340216004E353032382D534E4455A9
06-03-2025 23:29:05.907,111,RECV,7E007D318100062E0296004E363032382D4631483375
06-03-2025 23:29:05.915,112,RECV,7E007D318100073D0286004E373032382D4E584E4A28
06-03-2025 23:29:07.333,113,RECV,7E007D3181000837024B004E383032392D43595A3975
06-03-2025 23:29:07.363,114,RECV,7E007D31810005390217004E353032392D50324955BC
06-03-2025 23:29:07.413,115,RECV,7E007D318100062D0297004E363032392D4D4B395342
06-03-2025 23:29:07.430,116,RECV,7E007D31810007400287004E373032392D3839473376
06-03-2025 23:29:08.817,117,RECV,7E007D3181000835024E004E383033302D3354504A8A
06-03-2025 23:29:08.867,118,RECV,7E007D3181000534021C004E353033302D4858354AC5
06-03-2025 23:29:08.917,119,RECV,7E007D318100062C0299004E363033302D5941344B54
06-03-2025 23:29:08.958,120,RECV,7E007D318100073C0289004E373033302D565056501F
06-03-2025 23:29:10.321,121,RECV,7E007D3181000834024F004E383033312D444E504781
06-03-2025 23:29:10.371,122,RECV,7E007D3181000533021D004E353033312D524B585599
06-03-2025 23:29:10.421,123,RECV,7E007D318100062D029A004E363033312D3641343887
06-03-2025 23:29:10.422,124,RECV,7E007D318100073B028A004E373033312D4E4B42454A
06-03-2025 23:29:11.826,125,RECV,7E007D31810008340250004E383033322D4D50324396
06-03-2025 23:29:11.926,126,RECV,7E007D318100062D029C004E363033322D4A4A54423D
06-03-2025 23:29:11.926,127,RECV,7E007D318100073C028B004E373033322D365547464F
06-03-2025 23:29:13.330,128,RECV,7E007D31810008340252004E383033332D504957486D
06-03-2025 23:29:13.380,129,RECV,7E007D31810005330220004E353033332D34464756C7
06-03-2025 23:29:13.430,130,RECV,7E007D318100062D02A0004E363033332D594E4B343C
06-03-2025 23:29:13.431,131,RECV,7E007D318100073C028E004E373033332D57434D3745
06-03-2025 23:29:14.834,132,RECV,7E007D31810008330253004E383033342D30324143BE
06-03-2025 23:29:14.884,133,RECV,7E007D31810005320221004E353033342D544C4F33BB
06-03-2025 23:29:14.935,134,RECV,7E007D318100062C02A1004E363033342D5156323058
06-03-2025 23:29:14.941,135,RECV,7E007D318100073A028F004E373033342D4342444852
06-03-2025 23:29:16.338,136,RECV,7E007D31810008370257004E383033352D5958384E64
06-03-2025 23:29:16.388,137,RECV,7E007D31810005370223004E353033352D3751434CBE
06-03-2025 23:29:16.439,138,RECV,7E007D318100063002A3004E363033352D33594C542E
06-03-2025 23:29:16.439,139,RECV,7E007D318100073F0293004E373033352D585051451B
06-03-2025 23:29:17.843,140,RECV,7E007D31810008360258004E383033362D424353338F
06-03-2025 23:29:17.893,141,RECV,7E007D31810005350224004E353033362D4C5A3733C5
06-03-2025 23:29:17.943,142,RECV,7E007D318100062E02A4004E363033362D47554E3040
06-03-2025 23:29:17.944,143,RECV,7E007D318100073D0294004E373033362D4A55464A2A
06-03-2025 23:29:19.348,144,RECV,7E007D31810008350259004E383033372D4257573376
06-03-2025 23:29:19.398,145,RECV,7E007D31810005340225004E353033372D39394249D7
06-03-2025 23:29:19.448,146,RECV,7E007D318100062E02A5004E363033372D38574B413D
06-03-2025 23:29:19.448,147,RECV,7E007D318100073D0295004E373033372D3534324478
06-03-2025 23:29:20.852,148,RECV,7E007D3181000835025C004E383033382D4E56365368
06-03-2025 23:29:20.902,149,RECV,7E007D3181000534022A004E353033382D4E5054419B
06-03-2025 23:29:20.952,150,RECV,7E007D318100062E02A7004E363033382D4A4930543E
06-03-2025 23:29:20.957,151,RECV,7E007D318100073C0297004E373033382D3555344453
06-03-2025 23:29:22.356,152,RECV,7E007D3181000834025D004E383033392D4C344F4382
06-03-2025 23:29:22.356,153,RECV,7E007D3181000534022B004E353033392D574935589F
06-03-2025 23:29:22.456,154,RECV,7E007D318100062E02A8004E363033392D4C564C527D33
06-03-2025 23:29:22.461,155,RECV,7E007D318100073D0298004E373033392D4642314D4C
06-03-2025 23:29:23.861,156,RECV,7E007D3181000836025E004E383034302D4344394891
06-03-2025 23:29:23.861,157,RECV,7E007D3181000535022C004E353034302D3733303404
06-03-2025 23:29:23.961,158,RECV,7E007D318100062F02AA004E363034302D47544C3041
06-03-2025 23:29:23.992,159,RECV,7E007D318100073D0299004E373034302D584D504A1A
06-03-2025 23:29:25.335,160,RECV,7E007D31810008380260004E383034312D364F523786
06-03-2025 23:29:25.365,161,RECV,7E007D3181000537022E004E353034312D454A3533D6
06-03-2025 23:29:25.466,162,RECV,7E007D318100063102AE004E363034312D42374A4648
06-03-2025 23:29:25.466,163,RECV,7E007D3181000740029C004E373034312D4D42324849
06-03-2025 23:29:26.819,164,RECV,7E007D31810008330261004E383034322D55394E5764
06-03-2025 23:29:26.869,165,RECV,7E007D3181000532022F004E353034322D46374336DA
06-03-2025 23:29:26.969,166,RECV,7E007D318100062D02AF004E363034322D52394B3548
06-03-2025 23:29:27.019,167,RECV,7E007D318100073A029D004E373034322D324D41583E
06-03-2025 23:29:28.323,168,RECV,7E007D31810008340265004E383034332D32433049A3
06-03-2025 23:29:28.373,169,RECV,7E007D31810005340231004E353034332D43415235C0
06-03-2025 23:29:28.474,170,RECV,7E007D318100062E02B1004E363034332D305339553E
06-03-2025 23:29:28.474,171,RECV,7E007D318100073B02A1004E373034332D524F335923
06-03-2025 23:29:29.828,172,RECV,7E007D31810008350266004E383034342D4C34384492
06-03-2025 23:29:29.878,173,RECV,7E007D31810005340232004E353034342D374C545999
06-03-2025 23:29:29.978,174,RECV,7E007D318100062F02B2004E363034342D444155353D
06-03-2025 23:29:29.979,175,RECV,7E007D318100073D02A2004E373034342D443336504F
06-03-2025 23:29:31.333,176,RECV,7E007D31810008370267004E383034352D444A31319A
06-03-2025 23:29:31.383,177,RECV,7E007D31810005370233004E353034352D43543551A7
06-03-2025 23:29:31.483,178,RECV,7E007D318100063002B3004E363034352D5041585A06
06-03-2025 23:29:31.488,179,RECV,7E007D318100073E02A3004E373034352D3651385832
06-03-2025 23:29:32.837,180,RECV,7E007D3181000837026A004E383034362D3950503875
06-03-2025 23:29:32.887,181,RECV,7E007D31810005320238004E353034362D574957309C
06-03-2025 23:29:32.988,182,RECV,7E007D318100063002B5004E363034362D593130523A
06-03-2025 23:29:32.991,183,RECV,7E007D318100073F02A5004E373034362D4E48385A1D
06-03-2025 23:29:34.341,184,RECV,7E007D3181000838026B004E383034372D595955522A
06-03-2025 23:29:34.392,185,RECV,7E007D31810005360239004E353034372D53303148C1
06-03-2025 23:29:34.492,186,RECV,7E007D318100063102B6004E363034372D474C373841
06-03-2025 23:29:34.492,187,RECV,7E007D318100073F02A6004E373034372D5730574E17
06-03-2025 23:29:35.846,188,RECV,7E007D3181000836026C004E383034382D34504B4F65
06-03-2025 23:29:35.896,189,RECV,7E007D3181000535023A004E353034382D5A305135AC
06-03-2025 23:29:35.996,190,RECV,7E007D318100063002B8004E363034382D3653315730
06-03-2025 23:29:35.996,191,RECV,7E007D318100073D02A7004E373034382D59484D480D
06-03-2025 23:29:37.350,192,RECV,7E007D3181000834026E004E383034392D504B4D3565
06-03-2025 23:29:37.400,193,RECV,7E007D3181000534023C004E353034392D35533942B7
06-03-2025 23:29:37.500,194,RECV,7E007D318100062F02BC004E363034392D5549574206
06-03-2025 23:29:37.500,195,RECV,7E007D318100073C02AA004E373034392D4C4C47520F
06-03-2025 23:29:38.854,196,RECV,7E007D3181000834026F004E383035302D4858593858
06-03-2025 23:29:38.905,197,RECV,7E007D3181000533023D004E353035302D57444D5585
06-03-2025 23:29:38.955,198,RECV,7E007D318100062D02BD004E363035302D4458324F29
06-03-2025 23:29:39.000,199,RECV,7E007D318100073A02AB004E373035302D5A5A395507
06-03-2025 23:29:40.359,200,RECV,7E007D31810008340273004E383035312D4343544B5F
06-03-2025 23:29:40.409,201,RECV,7E007D3181000533023F004E353035312D32314D43CC
06-03-2025 23:29:40.459,202,RECV,7E007D318100062E02BF004E363035312D4859365516
06-03-2025 23:29:40.479,203,RECV,7E007D318100073B02AF004E373035312D313451533A
06-03-2025 23:29:41.864,204,RECV,7E007D31810008330274004E383035322D5553523851
06-03-2025 23:29:41.914,205,RECV,7E007D31810005320240004E353035322D564A4C5979
06-03-2025 23:29:41.964,206,RECV,7E007D318100062E02C0004E363035322D54495453FC
06-03-2025 23:29:41.984,207,RECV,7E007D318100073B02B0004E373035322D414B464A25
06-03-2025 23:29:43.368,208,RECV,7E007D31810008340275004E383035332D454E4D4A56
06-03-2025 23:29:43.418,209,RECV,7E007D31810005330241004E353035332D335A3338C3
06-03-2025 23:29:43.468,210,RECV,7E007D318100062E02C1004E363035332D344B385730
06-03-2025 23:29:43.476,211,RECV,7E007D318100073C02B1004E373035332D4753504A0A
06-03-2025 23:29:44.872,212,RECV,7E007D31810008360278004E383035342D3855383184
06-03-2025 23:29:44.874,213,RECV,7E007D31810005350246004E353035342D37504C4A96
06-03-2025 23:29:44.972,214,RECV,7E007D318100062F02C3004E363035342D55575446F4
06-03-2025 23:29:44.973,215,RECV,7E007D318100073D02B3004E373035342D5A3638551D
06-03-2025 23:29:46.377,216,RECV,7E007D31810008370279004E383035352D50354E3173
06-03-2025 23:29:46.377,217,RECV,7E007D31810005330247004E353035352D39334F4BAD
06-03-2025 23:29:46.477,218,RECV,7E007D318100063102C4004E363035352D4636423246
06-03-2025 23:29:47.830,219,RECV,7E007D3181000838027A004E383035362D51364D4B55
06-03-2025 23:29:47.881,220,RECV,7E007D31810005370248004E353035362D3035424ABC
06-03-2025 23:29:47.981,221,RECV,7E007D318100063202C5004E363035362D4C57353823
06-03-2025 23:29:47.981,222,RECV,7E007D318100074102B6004E373035362D5A37434617
06-03-2025 23:29:49.335,223,RECV,7E007D3181000838027D5D004E383035372D4A4356513C
06-03-2025 23:29:49.385,224,RECV,7E007D3181000538024A004E353035372D414641469B
06-03-2025 23:29:49.485,225,RECV,7E007D318100063202C7004E363035372D4F575145F4
06-03-2025 23:29:49.485,226,RECV,7E007D318100074002BA004E373035372D4F30595AFB
06-03-2025 23:29:50.838,227,RECV,7E007D3181000834027D5E004E383035382D555A384B40
06-03-2025 23:29:50.889,228,RECV,7E007D3181000533024B004E353035382D4F3356399B
06-03-2025 23:29:50.989,229,RECV,7E007D318100062D02C8004E363035382D584A573901
06-03-2025 23:29:51.006,230,RECV,7E007D318100073B02BB004E373035382D4E384C5608
06-03-2025 23:29:52.343,231,RECV,7E007D31810008340282004E383035392D4F3839525B
06-03-2025 23:29:52.393,232,RECV,7E007D3181000533024F004E353035392D4D35594A82
06-03-2025 23:29:52.493,233,RECV,7E007D318100062D02CA004E363035392D4D535A49ED
06-03-2025 23:29:52.515,234,RECV,7E007D318100073B02BD004E373035392D4F464D387D33
06-03-2025 23:29:53.847,235,RECV,7E007D31810008330283004E383036302D38304E536C
06-03-2025 23:29:53.897,236,RECV,7E007D31810005320250004E353036302D474E3345A2
06-03-2025 23:29:53.998,237,RECV,7E007D318100062E02CB004E363036302D315A454620
06-03-2025 23:29:54.034,238,RECV,7E007D318100073B02BE004E373036302D4A5258310F
06-03-2025 23:29:55.351,239,RECV,7E007D31810008370284004E383036312D534B54334A
06-03-2025 23:29:55.401,240,RECV,7E007D31810005360251004E353036312D595536388D
06-03-2025 23:29:55.502,241,RECV,7E007D318100063102CC004E363036312D3758354528
06-03-2025 23:29:55.504,242,RECV,7E007D318100073F02BF004E373036312D445754320D
06-03-2025 23:29:56.855,243,RECV,7E007D31810008350286004E383036322D5857384245
06-03-2025 23:29:56.906,244,RECV,7E007D31810005350254004E353036322D5459355371
06-03-2025 23:29:57.006,245,RECV,7E007D318100062F02D1004E363036322D4536333649
06-03-2025 23:29:57.008,246,RECV,7E007D318100073D02C1004E373036322D4A4A5155F3
06-03-2025 23:29:58.360,247,RECV,7E007D31810008350287004E383036332D4B37493071
06-03-2025 23:29:58.410,248,RECV,7E007D31810005340255004E353036332D54494B4D70
06-03-2025 23:29:58.511,249,RECV,7E007D318100062F02D2004E363036332D4439454C1D
06-03-2025 23:29:58.512,250,RECV,7E007D318100073D02C2004E373036332D4C445550F6
06-03-2025 23:29:59.865,251,RECV,7E007D31810008340288004E383036342D4647573057
06-03-2025 23:29:59.915,252,RECV,7E007D31810005330256004E353036342D564F575850
06-03-2025 23:30:00.016,253,RECV,7E007D318100062D02D3004E363036342D574251350C
06-03-2025 23:30:00.016,254,RECV,7E007D318100073C02C4004E373036342D514B444FFA
06-03-2025 23:30:01.369,255,RECV,7E007D3181000832028B004E383036352D4F3741554D
06-03-2025 23:30:01.419,256,RECV,7E007D31810005320258004E353036352D394D4B4D84
06-03-2025 23:30:01.520,257,RECV,7E007D318100062B02D5004E363036352D5955324901
06-03-2025 23:30:01.520,258,RECV,7E007D318100073A02C8004E373036352D4A4E344119
06-03-2025 23:30:02.873,259,RECV,7E007D3181000832028C004E383036362D4339464461
06-03-2025 23:30:02.924,260,RECV,7E007D31810005330259004E353036362D325447577B
06-03-2025 23:30:03.024,261,RECV,7E007D318100062B02D6004E363036362D4C34434223
06-03-2025 23:30:03.025,262,RECV,7E007D318100073B02C9004E373036362D4D4E5A4BE3
06-03-2025 23:30:04.378,263,RECV,7E007D31810008330290004E383036372D305A365A47
06-03-2025 23:30:04.428,264,RECV,7E007D3181000533025D004E353036372D525A584452
06-03-2025 23:30:04.529,265,RECV,7E007D318100062B02D8004E363036372D4D574C3302
06-03-2025 23:30:04.529,266,RECV,7E007D318100073A02CB004E373036372D52494945F8
06-03-2025 23:30:05.883,267,RECV,7E007D31810008340291004E383036382D574E554E16
06-03-2025 23:30:05.933,268,RECV,7E007D3181000534025E004E353036382D464D50486C
06-03-2025 23:30:06.034,269,RECV,7E007D318100062D02D9004E363036382D4F34305519
06-03-2025 23:30:06.036,270,RECV,7E007D318100073C02CC004E373036382D31414F4418
06-03-2025 23:30:07.347,271,RECV,7E007D31810008350292004E383036392D354F4F3355
06-03-2025 23:30:07.387,272,RECV,7E007D3181000534025F004E353036392D3455415279
06-03-2025 23:30:07.538,273,RECV,7E007D318100062E02DA004E363036392D594B313415
06-03-2025 23:30:07.549,274,RECV,7E007D318100073D02CD004E373036392D59423655F4
06-03-2025 23:30:08.852,275,RECV,7E007D31810008360294004E383037302D5457425122
06-03-2025 23:30:08.892,276,RECV,7E007D31810005350262004E353037302D523246527D5D
06-03-2025 23:30:09.042,277,RECV,7E007D318100062F02DF004E363037302D314E5256F9
06-03-2025 23:30:09.071,278,RECV,7E007D318100073E02CF004E373037302D41485656EA
06-03-2025 23:30:10.346,279,RECV,7E007D31810008340295004E383037312D56324C3458
06-03-2025 23:30:10.397,280,RECV,7E007D31810005360263004E353037312D53384E4677
06-03-2025 23:30:10.547,281,RECV,7E007D318100062F02E0004E363037312D58354A54F3
06-03-2025 23:30:10.584,282,RECV,7E007D318100073E02D0004E373037312D464D413514
06-03-2025 23:30:11.851,283,RECV,7E007D31810008370296004E383037322D324E364164
06-03-2025 23:30:11.901,284,RECV,7E007D31810005360264004E353037322D4B324A4F7D5E
06-03-2025 23:30:12.051,285,RECV,7E007D318100063002E1004E363037322D364E394A14
06-03-2025 23:30:12.058,286,RECV,7E007D318100073F02D2004E373037322D35575A4AE9
06-03-2025 23:30:13.355,287,RECV,7E007D31810008360299004E383037332D3358314854
06-03-2025 23:30:13.405,288,RECV,7E007D31810005350266004E353037332D563942338E
06-03-2025 23:30:13.556,289,RECV,7E007D318100062E02E3004E363037332D4F4F5334F5
06-03-2025 23:30:13.556,290,RECV,7E007D318100073D02D6004E373037332D3541474712
06-03-2025 23:30:14.860,291,RECV,7E007D3181000833029A004E383037342D504D46383E
06-03-2025 23:30:14.910,292,RECV,7E007D31810005330267004E353037342D38363543AC
06-03-2025 23:30:15.060,293,RECV,7E007D318100062C02E4004E363037342D36504E53F3
06-03-2025 23:30:15.061,294,RECV,7E007D318100073B02D7004E373037342D44474852F1
06-03-2025 23:30:16.364,295,RECV,7E007D3181000833029E004E383037352D5157304933
06-03-2025 23:30:16.414,296,RECV,7E007D3181000533026B004E353037352D5254515640
06-03-2025 23:30:16.564,297,RECV,7E007D318100062B02E6004E363037352D504B304904
06-03-2025 23:30:16.565,298,RECV,7E007D318100073A02D9004E373037352D4239324621
06-03-2025 23:30:17.868,299,RECV,7E007D3181000833029F004E383037362D59394F4D24
06-03-2025 23:30:17.918,300,RECV,7E007D3181000532026C004E353037362D3557554A61
06-03-2025 23:30:18.068,301,RECV,7E007D318100062B02E7004E363037362D56454E49E4
06-03-2025 23:30:18.073,302,RECV,7E007D318100073B02DA004E373037362D544B414AE7
06-03-2025 23:30:19.372,303,RECV,7E007D318100083702A0004E383037372D4556394236
06-03-2025 23:30:19.422,304,RECV,7E007D3181000536026D004E353037372D494B384476
06-03-2025 23:30:19.572,305,RECV,7E007D318100063002E8004E363037372D3841524CF8
06-03-2025 23:30:19.572,306,RECV,7E007D318100073F02DB004E373037372D5839314900
06-03-2025 23:30:20.877,307,RECV,7E007D318100083602A2004E383037382D315558422A
06-03-2025 23:30:20.927,308,RECV,7E007D31810005350270004E353037382D495243574E
06-03-2025 23:30:21.077,309,RECV,7E007D318100062D02ED004E363037382D4D573633FF
06-03-2025 23:30:21.077,310,RECV,7E007D318100073D02DD004E373037382D463131362C
06-03-2025 23:30:22.381,311,RECV,7E007D318100083902A3004E383037392D4550574316
06-03-2025 23:30:22.431,312,RECV,7E007D31810005370271004E353037392D3449314C85
06-03-2025 23:30:22.582,313,RECV,7E007D318100063002EE004E363037392D39444F59E2
06-03-2025 23:30:22.589,314,RECV,7E007D318100073F02DE004E373037392D584C4A45D3
06-03-2025 23:30:23.885,315,RECV,7E007D318100083902A4004E383038302D544646412B
06-03-2025 23:30:23.936,316,RECV,7E007D31810005380272004E353038302D4643305676
06-03-2025 23:30:24.086,317,RECV,7E007D318100063102EF004E363038302D39354D450D
06-03-2025 23:30:24.100,318,RECV,7E007D318100074002E0004E373038302D34464D317D33
06-03-2025 23:30:25.350,319,RECV,7E007D318100083902A7004E383038312D4542553438
06-03-2025 23:30:25.440,320,RECV,7E007D31810005380274004E353038312D51344F525C
06-03-2025 23:30:25.590,321,RECV,7E007D318100063202F1004E363038312D5A315343E8
06-03-2025 23:30:25.615,322,RECV,7E007D318100074102E4004E373038312D3443444A00
06-03-2025 23:30:26.854,323,RECV,7E007D318100083302A8004E383038322D32484D374E
06-03-2025 23:30:26.944,324,RECV,7E007D31810005330275004E353038322D3055494770
06-03-2025 23:30:27.095,325,RECV,7E007D318100062C02F2004E363038322D4659445AD0
06-03-2025 23:30:27.123,326,RECV,7E007D318100073B02E5004E373038322D30394C56FE
06-03-2025 23:30:28.349,327,RECV,7E007D318100083402AC004E383038332D434A48343D
06-03-2025 23:30:28.449,328,RECV,7E007D31810005340279004E353038332D3033434495
06-03-2025 23:30:28.600,329,RECV,7E007D318100062C02F4004E363038332D504134370E
06-03-2025 23:30:28.643,330,RECV,7E007D318100073B02E7004E373038332D4F534449D7
06-03-2025 23:30:29.853,331,RECV,7E007D318100083402AD004E383038342D445A543919
06-03-2025 23:30:29.903,332,RECV,7E007D3181000534027A004E353038342D484B54583E
06-03-2025 23:30:30.104,333,RECV,7E007D318100062E02F5004E363038342D515A5138D2
06-03-2025 23:30:30.106,334,RECV,7E007D318100073C02E8004E373038342D53535048C5
06-03-2025 23:30:31.357,335,RECV,7E007D318100083502AE004E383038352D514839343B
06-03-2025 23:30:31.407,336,RECV,7E007D3181000534027B004E353038352D31554F5254
06-03-2025 23:30:31.608,337,RECV,7E007D318100062E02F6004E363038352D5954314ED8
06-03-2025 23:30:31.608,338,RECV,7E007D318100073C02E9004E373038352D31494E4CED
06-03-2025 23:30:32.861,339,RECV,7E007D318100083402B0004E383038362D344B564B1F
06-03-2025 23:30:32.911,340,RECV,7E007D3181000534027D5E004E353038362D4346474760
06-03-2025 23:30:33.112,341,RECV,7E007D318100062D02FB004E363038362D38473950F7
06-03-2025 23:30:34.366,342,RECV,7E007D318100083302B1004E383038372D384A49462D
06-03-2025 23:30:34.416,343,RECV,7E007D3181000533027F004E353038372D3551345765
06-03-2025 23:30:34.616,344,RECV,7E007D318100062C02FC004E363038372D57365A4BCC
06-03-2025 23:30:34.617,345,RECV,7E007D318100073B02EC004E373038372D4F335055D6
06-03-2025 23:30:35.870,346,RECV,7E007D318100083902B2004E383038382D4C51544FF6
06-03-2025 23:30:35.920,347,RECV,7E007D31810005380280004E353038382D4153325851
06-03-2025 23:30:36.120,348,RECV,7E007D318100063102FD004E363038382D4E54354ED2
06-03-2025 23:30:36.120,349,RECV,7E007D318100074002EE004E373038382D59365959B4
06-03-2025 23:30:37.374,350,RECV,7E007D318100083602B5004E383038392D365745527D31
06-03-2025 23:30:37.424,351,RECV,7E007D31810005360282004E353038392D57534B5227
06-03-2025 23:30:37.624,352,RECV,7E007D318100062F02FF004E363038392D50573644D5
06-03-2025 23:30:37.624,353,RECV,7E007D318100073D02F2004E373038392D564E4347C5
06-03-2025 23:30:38.878,354,RECV,7E007D318100083402B6004E383039302D333744523E
06-03-2025 23:30:38.928,355,RECV,7E007D31810005330283004E353039302D524C39326F
06-03-2025 23:30:39.129,356,RECV,7E007D318100062C0201004E363039302D423931371C
06-03-2025 23:30:39.129,357,RECV,7E007D318100073B02F3004E373039302D4A474E53CA
06-03-2025 23:30:40.383,358,RECV,7E007D318100083302BA004E383039312D315A4F5808
06-03-2025 23:30:40.433,359,RECV,7E007D31810005320287004E353039312D374947505D
06-03-2025 23:30:40.633,360,RECV,7E007D318100062B0203004E363039312D51483039FB
06-03-2025 23:30:40.648,361,RECV,7E007D318100073A02F5004E373039312D54344237F9
06-03-2025 23:30:41.887,362,RECV,7E007D318100083402BB004E383039322D35394D3646
06-03-2025 23:30:41.937,363,RECV,7E007D31810005330288004E353039322D4D36594E47
06-03-2025 23:30:42.138,364,RECV,7E007D318100062C0204004E363039322D4942494BDB
06-03-2025 23:30:42.167,365,RECV,7E007D318100073C02F6004E373039322D38444952DF
06-03-2025 23:30:43.352,366,RECV,7E007D318100083402BC004E383039332D4B525750F1
06-03-2025 23:30:43.442,367,RECV,7E007D31810005340289004E353039332D4D38315662
06-03-2025 23:30:43.592,368,RECV,7E007D318100062C0205004E363039332D4B4E5731D7
06-03-2025 23:30:43.594,369,RECV,7E007D318100073B02F7004E373039332D59534333D3
06-03-2025 23:30:44.856,370,RECV,7E007D318100083602BE004E383039342D495234322F
06-03-2025 23:30:44.946,371,RECV,7E007D3181000535028C004E353039342D4E5934414D
06-03-2025 23:30:45.097,372,RECV,7E007D3181000630020A004E363039342D32565132E3
06-03-2025 23:30:45.097,373,RECV,7E007D318100073E02F9004E373039342D4E51494DBA
06-03-2025 23:30:46.350,374,RECV,7E007D318100083402BF004E383039352D414654470E
06-03-2025 23:30:46.451,375,RECV,7E007D3181000533028D004E353039352D4134574B52
06-03-2025 23:30:46.601,376,RECV,7E007D318100062C020B004E363039352D48394155D9
06-03-2025 23:30:46.601,377,RECV,7E007D318100073B02FA004E373039352D5A323332FF
06-03-2025 23:30:47.854,378,RECV,7E007D318100083402C0004E383039362D344A593324
06-03-2025 23:30:47.955,379,RECV,7E007D3181000534028E004E353039362D39494C3563
06-03-2025 23:30:48.105,380,RECV,7E007D318100062C020C004E363039362D3947424BE1
06-03-2025 23:30:48.105,381,RECV,7E007D318100073C02FC004E373039362D354D5034E6
06-03-2025 23:30:49.359,382,RECV,7E007D318100083502C3004E383039372D3632473149
06-03-2025 23:30:49.459,383,RECV,7E007D31810005340290004E353039372D3953444251
06-03-2025 23:30:49.609,384,RECV,7E007D318100062D020E004E363039372D4B435452B6
06-03-2025 23:30:49.611,385,RECV,7E007D318100073D0201004E373039372D394B5A59AE
06-03-2025 23:30:50.863,386,RECV,7E007D318100083502C4004E383039382D5042384F0E
06-03-2025 23:30:50.963,387,RECV,7E007D31810005340291004E353039382D5751303059
06-03-2025 23:30:51.113,388,RECV,7E007D318100062D020F004E363039382D3538324207
06-03-2025 23:30:51.131,389,RECV,7E007D318100073D0202004E373039382D57304B58B9
06-03-2025 23:30:52.367,390,RECV,7E007D318100083502C8004E383039392D32454D5608
06-03-2025 23:30:52.467,391,RECV,7E007D31810005340295004E353039392D4737533556
06-03-2025 23:30:52.618,392,RECV,7E007D318100062E027D31004E363039392D42444C42D0
06-03-2025 23:30:52.651,393,RECV,7E007D318100073D0204004E373039392D52534554A2
