06-30-2025 15:30:04.694,-,API2,"Sink 2,0013A20041839DCA,802.15.4 TH,2003,/dev/ttyUSB2 - 57600/8/M/1/N,1,46"

06-30-2025 15:28:41.638,0,RECV,7E000F8100042A024E343030302D4B55514AD4
06-30-2025 15:28:41.688,1,RECV,7E000F8100031A024E333030302D4B4B5A4DE4
06-30-2025 15:28:42.139,2,RECV,7E000F8100042A024E343030312D47574D59CA
06-30-2025 15:28:42.189,3,RECV,7E000F8100031A024E333030312D4D314A4A0E
06-30-2025 15:28:42.191,4,RECV,7E000F81000731024E373030312D54554956B9
06-30-2025 15:28:42.191,5,RECV,7E000F81000830024E383030312D39554548E5
06-30-2025 15:28:42.641,6,RECV,7E000F8100042A024E343030322D3038484D10
06-30-2025 15:28:42.661,7,RECV,7E000F8100031A024E333030322D4D4C3156FF
06-30-2025 15:28:43.142,8,RECV,7E000F8100042A024E343030332D55303954FA
06-30-2025 15:28:43.192,9,RECV,7E000F8100031A024E333030332D38585151EC
06-30-2025 15:28:43.193,10,RECV,7E000F81000831024E383030332D4A4D3939F4
06-30-2025 15:28:43.193,11,RECV,7E000F81000733024E373030332D46324854E9
06-30-2025 15:28:43.644,12,RECV,7E000F8100042A024E343030342D4D424655E1
06-30-2025 15:28:43.694,13,RECV,7E000F8100031A024E333030342D354F4A440B
06-30-2025 15:28:43.694,14,RECV,7E000F81000730024E373030342D45525532E1
06-30-2025 15:28:44.145,15,RECV,7E000F8100042A024E343030352D4F554B58C3
06-30-2025 15:28:44.196,16,RECV,7E000F81000830024E383030352D47364E38F9
06-30-2025 15:28:44.217,17,RECV,7E000F8100031A024E333030352D564A4D39F6
06-30-2025 15:28:44.217,18,RECV,7E000F81000732024E373030352D32355A51EA
06-30-2025 15:28:44.647,19,RECV,7E000F8100042A024E343030362D51464D4DD8
06-30-2025 15:28:44.697,20,RECV,7E000F81000833024E383030362D57594F38C1
06-30-2025 15:28:44.697,21,RECV,7E000F8100031A024E333030362D494E5356DB
06-30-2025 15:28:44.698,22,RECV,7E000F81000731024E373030362D41443553EF
06-30-2025 15:28:45.148,23,RECV,7E000F8100042A024E343030372D524432350B
06-30-2025 15:28:45.149,24,RECV,7E000F81000831024E383030372D57443034FA
06-30-2025 15:28:45.169,25,RECV,7E000F8100031A024E333030372D475047300C
06-30-2025 15:28:45.169,26,RECV,7E000F81000733024E373030372D57464A53BF
06-30-2025 15:28:45.650,27,RECV,7E000F8100042A024E343030382D3038434418
06-30-2025 15:28:45.660,28,RECV,7E000F8100082F024E383030382D30564246EC
06-30-2025 15:28:45.661,29,RECV,7E000F8100031A024E333030382D494B4C48F1
06-30-2025 15:28:46.151,30,RECV,7E000F8100042A024E343030392D364131510D
06-30-2025 15:28:46.201,31,RECV,7E000F81000832024E383030392D48383047FF
06-30-2025 15:28:46.202,32,RECV,7E000F81000733024E373030392D54534634D6
06-30-2025 15:28:46.203,33,RECV,7E000F8100031A024E333030392D34414A5207
06-30-2025 15:28:46.653,34,RECV,7E000F8100042A024E343031302D48464D59DA
06-30-2025 15:28:46.654,35,RECV,7E000F8100082F024E383031302D32544835FE
06-30-2025 15:28:46.703,36,RECV,7E000F81000731024E373031302D49355757D5
06-30-2025 15:28:46.708,37,RECV,7E000F8100031A024E333031302D544532470E
06-30-2025 15:28:47.154,38,RECV,7E000F8100042A024E343031312D4B4C4357DC
06-30-2025 15:28:47.164,39,RECV,7E000F81000833024E383031312D5354524AB9
06-30-2025 15:28:47.165,40,RECV,7E000F81000734024E373031312D424D4C34EE
06-30-2025 15:28:47.185,41,RECV,7E000F8100031A024E333031312D4B395550F6
06-30-2025 15:28:47.655,42,RECV,7E000F8100042A024E343031322D58433445F8
06-30-2025 15:28:47.706,43,RECV,7E000F81000830024E383031322D53324D34F8
06-30-2025 15:28:47.709,44,RECV,7E000F81000730024E373031322D57453356DB
06-30-2025 15:28:47.709,45,RECV,7E000F8100031A024E333031322D4C544A4EE6
06-30-2025 15:28:48.157,46,RECV,7E000F8100042A024E343031332D57305944E7
06-30-2025 15:28:48.160,47,RECV,7E000F8100082F024E383031332D414A3155ED
06-30-2025 15:28:48.207,48,RECV,7E000F81000730024E373031332D59463057D9
06-30-2025 15:28:48.208,49,RECV,7E000F8100031A024E333031332D42504A59E8
06-30-2025 15:28:48.658,50,RECV,7E000F8100042A024E343031342D4933344416
06-30-2025 15:28:48.659,51,RECV,7E000F81000831024E383031342D45334A3702
06-30-2025 15:28:48.709,52,RECV,7E000F81000732024E373031342D5256564BB3
06-30-2025 15:28:48.709,53,RECV,7E000F8100031A024E333031342D4C4E4A45F3
06-30-2025 15:28:49.160,54,RECV,7E000F8100042A024E343031352D594D4155CD
06-30-2025 15:28:49.160,55,RECV,7E000F8100082F024E383031352D45495937DE
06-30-2025 15:28:49.210,56,RECV,7E000F81000730024E373031352D41433552F2
06-30-2025 15:28:49.210,57,RECV,7E000F8100031A024E333031352D584E5132F2
06-30-2025 15:28:49.661,58,RECV,7E000F8100042A024E343031362D365A5436EE
06-30-2025 15:28:49.662,59,RECV,7E000F81000832024E383031362D584E4D45C0
06-30-2025 15:28:49.711,60,RECV,7E000F81000732024E373031362D55385934E0
06-30-2025 15:28:49.712,61,RECV,7E000F8100031A024E333031362D3947424F09
06-30-2025 15:28:50.163,62,RECV,7E000F8100042A024E343031372D53534545D7
06-30-2025 15:28:50.163,63,RECV,7E000F81000830024E383031372D4B5A3335EC
06-30-2025 15:28:50.213,64,RECV,7E000F81000731024E373031372D4C4F4F4EC2
06-30-2025 15:28:50.213,65,RECV,7E000F8100031A024E333031372D5732345705
06-30-2025 15:28:50.664,66,RECV,7E000F8100042A024E343031382D4131394615
06-30-2025 15:28:50.664,67,RECV,7E000F8100082F024E383031382D5442325AD7
06-30-2025 15:28:50.714,68,RECV,7E000F81000730024E373031382D3234384F0D
06-30-2025 15:28:50.714,69,RECV,7E000F8100031A024E333031382D5630494801
06-30-2025 15:28:51.165,70,RECV,7E000F8100042A024E343031392D4F334E44F1
06-30-2025 15:28:51.166,71,RECV,7E000F81000833024E383031392D42525145CA
06-30-2025 15:28:51.216,72,RECV,7E000F81000732024E373031392D3938464CF4
06-30-2025 15:28:51.216,73,RECV,7E000F8100031A024E333031392D3447484F05
06-30-2025 15:28:51.667,74,RECV,7E000F8100042A024E343032302D4D4937360A
06-30-2025 15:28:51.667,75,RECV,7E000F81000830024E383032302D574E4B56B9
06-30-2025 15:28:51.717,76,RECV,7E000F81000731024E373032302D30394A58F5
06-30-2025 15:28:51.717,77,RECV,7E000F8100031A024E333032302D465643320E
06-30-2025 15:28:52.168,78,RECV,7E000F81000429024E343032312D39354A460F
06-30-2025 15:28:52.169,79,RECV,7E000F81000833024E383032312D3336415AF7
06-30-2025 15:28:52.218,80,RECV,7E000F81000733024E373032312D34544B35F5
06-30-2025 15:28:52.219,81,RECV,7E000F8100031A024E333032312D5244365002
06-30-2025 15:28:52.669,82,RECV,7E000F8100042A024E343032322D384F5956D5
06-30-2025 15:28:52.670,83,RECV,7E000F81000830024E383032322D55503859C7
06-30-2025 15:28:52.720,84,RECV,7E000F81000730024E373032322D36445951DB
06-30-2025 15:28:52.720,85,RECV,7E000F8100031A024E333032322D3441374A27
06-30-2025 15:28:53.171,86,RECV,7E000F81000429024E343032332D55384546F3
06-30-2025 15:28:53.176,87,RECV,7E000F8100082F024E383032332D55453249E8
06-30-2025 15:28:53.221,88,RECV,7E000F81000730024E373032332D33544D45E5
06-30-2025 15:28:53.222,89,RECV,7E000F8100031A024E333032332D31454D5306
06-30-2025 15:28:53.672,90,RECV,7E000F81000429024E343032342D4E565943CA
06-30-2025 15:28:53.722,91,RECV,7E000F81000733024E373032342D51425142D4
06-30-2025 15:28:53.729,92,RECV,7E000F8100031A024E333032342D5A555158C3
06-30-2025 15:28:54.174,93,RECV,7E000F81000429024E343032352D4644364BFE
06-30-2025 15:28:54.224,94,RECV,7E000F81000731024E373032352D36315455EB
06-30-2025 15:28:54.224,95,RECV,7E000F8100031A024E333032352D3334365A23
06-30-2025 15:28:54.675,96,RECV,7E000F8100042A024E343032362D58395958C5
06-30-2025 15:28:54.725,97,RECV,7E000F81000730024E373032362D37555056C9
06-30-2025 15:28:54.726,98,RECV,7E000F8100031A024E333032362D55485A58CA
06-30-2025 15:28:55.176,99,RECV,7E000F81000831024E383032372D54395558BD
06-30-2025 15:28:55.177,100,RECV,7E000F81000429024E343032372D3536394B18
06-30-2025 15:28:55.226,101,RECV,7E000F81000733024E373032372D454E5346CB
06-30-2025 15:28:55.227,102,RECV,7E000F8100031A024E333032372D4E594758D2
06-30-2025 15:28:55.678,103,RECV,7E000F81000832024E383032382D5A444432E1
06-30-2025 15:28:55.678,104,RECV,7E000F8100042A024E343032382D3139424514
06-30-2025 15:28:55.728,105,RECV,7E000F81000732024E373032382D3047304B05
06-30-2025 15:28:55.736,106,RECV,7E000F8100031A024E333032382D504E464CE7
06-30-2025 15:28:56.179,107,RECV,7E000F81000830024E383032392D544F594FAB
06-30-2025 15:28:56.180,108,RECV,7E000F8100042A024E343032392D38454C3209
06-30-2025 15:28:56.229,109,RECV,7E000F81000730024E373032392D49595653AD
06-30-2025 15:28:56.229,110,RECV,7E000F8100031A024E333032392D4D355A49F1
06-30-2025 15:28:56.680,111,RECV,7E000F81000833024E383033302D4F425754BF
06-30-2025 15:28:56.681,112,RECV,7E000F81000429024E343033302D58465348D4
06-30-2025 15:28:56.731,113,RECV,7E000F81000733024E373033302D58364949DD
06-30-2025 15:28:56.731,114,RECV,7E000F8100031A024E333033302D315A4450FF
06-30-2025 15:28:57.182,115,RECV,7E000F81000832024E383033312D484D5946C7
06-30-2025 15:28:57.183,116,RECV,7E000F8100042A024E343033312D5954484CCA
06-30-2025 15:28:57.232,117,RECV,7E000F81000733024E373033312D49433058E8
06-30-2025 15:28:57.249,118,RECV,7E000F8100031A024E333033312D334D5A350E
06-30-2025 15:28:57.683,119,RECV,7E000F8100082F024E383033322D4B395758CA
06-30-2025 15:28:57.684,120,RECV,7E000F81000429024E343033322D37375959EB
06-30-2025 15:28:57.734,121,RECV,7E000F81000731024E373033322D334D493301
06-30-2025 15:28:57.734,122,RECV,7E000F8100031A024E333033322D59594E38E4
06-30-2025 15:28:58.185,123,RECV,7E000F81000833024E383033332D55584836CD
06-30-2025 15:28:58.185,124,RECV,7E000F8100042A024E343033332D37475641F4
06-30-2025 15:28:58.235,125,RECV,7E000F81000733024E373033332D55483235F6
06-30-2025 15:28:58.235,126,RECV,7E000F8100031A024E333033332D434A383125
06-30-2025 15:28:58.686,127,RECV,7E000F81000832024E383033342D55344349E3
06-30-2025 15:28:58.692,128,RECV,7E000F81000429024E343033342D4E49374AF1
06-30-2025 15:28:58.736,129,RECV,7E000F81000732024E373033342D554C3458CD
06-30-2025 15:28:58.737,130,RECV,7E000F8100031A024E333033342D524A5146E7
06-30-2025 15:28:59.188,131,RECV,7E000F81000830024E383033352D474A3955DA
06-30-2025 15:28:59.195,132,RECV,7E000F8100042A024E343033352D57444251D9
06-30-2025 15:28:59.238,133,RECV,7E000F81000730024E373033352D56384C44DD
06-30-2025 15:28:59.243,134,RECV,7E000F8100031A024E333033352D48585257D0
06-30-2025 15:28:59.689,135,RECV,7E000F81000832024E383033362D464D5043D0
06-30-2025 15:28:59.691,136,RECV,7E000F81000429024E343033362D4D553651DE
06-30-2025 15:28:59.739,137,RECV,7E000F81000732024E373033362D57394746DB
06-30-2025 15:28:59.743,138,RECV,7E000F8100031A024E333033362D41503853FC
06-30-2025 15:29:00.190,139,RECV,7E000F81000830024E383033372D47365456D0
06-30-2025 15:29:00.192,140,RECV,7E000F8100042A024E343033372D55504454C8
06-30-2025 15:29:00.241,141,RECV,7E000F81000734024E373033372D59455643BE
06-30-2025 15:29:00.266,142,RECV,7E000F8100031A024E333033372D3338424822
06-30-2025 15:29:00.692,143,RECV,7E000F8100082F024E383033382D4837443103
06-30-2025 15:29:00.693,144,RECV,7E000F81000429024E343033382D4C354F46EF
06-30-2025 15:29:00.742,145,RECV,7E000F81000730024E373033382D35534537F4
06-30-2025 15:29:00.744,146,RECV,7E000F8100031A024E333033382D364C365905
06-30-2025 15:29:01.193,147,RECV,7E000F81000831024E383033392D52304339F6
06-30-2025 15:29:01.194,148,RECV,7E000F8100042A024E343033392D49413252F5
06-30-2025 15:29:01.244,149,RECV,7E000F81000731024E373033392D3133433619
06-30-2025 15:29:01.245,150,RECV,7E000F8100031A024E333033392D4F44354D00
06-30-2025 15:29:01.695,151,RECV,7E000F8100082F024E383034302D58423833F9
06-30-2025 15:29:01.695,152,RECV,7E000F81000429024E343034302D3652554BE4
06-30-2025 15:29:01.745,153,RECV,7E000F81000734024E373034302D5142324AEC
06-30-2025 15:29:01.746,154,RECV,7E000F8100031A024E333034302D5442304710
06-30-2025 15:29:02.196,155,RECV,7E000F81000832024E383034312D4B544250C9
06-30-2025 15:29:02.196,156,RECV,7E000F8100042A024E343034312D394D5A54D6
06-30-2025 15:29:02.246,157,RECV,7E000F81000732024E373034312D4842514DD4
06-30-2025 15:29:02.249,158,RECV,7E000F8100031A024E333034312D39365658FF
06-30-2025 15:29:02.698,159,RECV,7E000F8100082F024E383034322D30564647E9
06-30-2025 15:29:02.698,160,RECV,7E000F81000429024E343034322D343354321D
06-30-2025 15:29:02.748,161,RECV,7E000F81000734024E373034322D4B47354DE5
06-30-2025 15:29:02.748,162,RECV,7E000F8100031A024E333034322D423236353C
06-30-2025 15:29:03.200,163,RECV,7E000F81000831024E383034332D37335A48ED
06-30-2025 15:29:03.201,164,RECV,7E000F8100042A024E343034332D4547324604
06-30-2025 15:29:03.249,165,RECV,7E000F81000731024E373034332D544C4A53BE
06-30-2025 15:29:03.250,166,RECV,7E000F8100031A024E333034332D57574335F4
06-30-2025 15:29:03.700,167,RECV,7E000F8100082F024E383034342D4138524AE5
06-30-2025 15:29:03.701,168,RECV,7E000F81000429024E343034342D58305545E6
06-30-2025 15:29:03.751,169,RECV,7E000F81000734024E373034342D44513242EE
06-30-2025 15:29:03.752,170,RECV,7E000F8100031A024E333034342D4A5938310D
06-30-2025 15:29:04.202,171,RECV,7E000F81000832024E383034352D50384547E2
06-30-2025 15:29:04.202,172,RECV,7E000F8100042A024E343034352D49504E49D6
06-30-2025 15:29:04.252,173,RECV,7E000F81000731024E373034352D44564D34DE
06-30-2025 15:29:04.252,174,RECV,7E000F8100031A024E333034352D53375749EE
06-30-2025 15:29:04.703,175,RECV,7E000F81000833024E383034362D3134454802
06-30-2025 15:29:04.709,176,RECV,7E000F81000429024E343034362D4D364949F1
06-30-2025 15:29:04.754,177,RECV,7E000F81000733024E373034362D314C3354F2
06-30-2025 15:29:04.759,178,RECV,7E000F8100031A024E333034362D4F3146440D
06-30-2025 15:29:05.205,179,RECV,7E000F81000831024E383034372D57595744AA
06-30-2025 15:29:05.205,180,RECV,7E000F8100042A024E343034372D544E3345EA
06-30-2025 15:29:05.255,181,RECV,7E000F81000730024E373034372D4E39544BD2
06-30-2025 15:29:05.271,182,RECV,7E000F8100031A024E333034372D5333334617
06-30-2025 15:29:05.676,183,RECV,7E000F81000832024E383034382D3546444AEA
06-30-2025 15:29:05.687,184,RECV,7E000F81000429024E343034382D50573059D4
06-30-2025 15:29:05.756,185,RECV,7E000F81000733024E373034382D45363552F2
06-30-2025 15:29:05.759,186,RECV,7E000F8100031A024E333034382D33414B5303
06-30-2025 15:29:06.207,187,RECV,7E000F81000834024E383034392D58483249D5
06-30-2025 15:29:06.208,188,RECV,7E000F8100042A024E343034392D37475253DF
06-30-2025 15:29:06.258,189,RECV,7E000F81000734024E373034392D42564A53BD
06-30-2025 15:29:06.260,190,RECV,7E000F8100031A024E333034392D56555937D9
06-30-2025 15:29:06.709,191,RECV,7E000F81000831024E383035302D444D5948C9
06-30-2025 15:29:06.709,192,RECV,7E000F81000429024E343035302D4737334317
06-30-2025 15:29:06.759,193,RECV,7E000F81000732024E373035302D44425845D9
06-30-2025 15:29:06.784,194,RECV,7E000F8100031A024E333035302D3947395A09
06-30-2025 15:29:07.210,195,RECV,7E000F8100042A024E343035312D5A354F44E7
06-30-2025 15:29:07.260,196,RECV,7E000F81000733024E373035312D395A4238ED
06-30-2025 15:29:07.261,197,RECV,7E000F8100031A024E333035312D31554C4FFA
06-30-2025 15:29:07.712,198,RECV,7E000F81000834024E383035322D4C525941BE
06-30-2025 15:29:07.712,199,RECV,7E000F81000429024E343035322D3151365AF7
06-30-2025 15:29:07.762,200,RECV,7E000F81000734024E373035322D5A474D51B9
06-30-2025 15:29:07.762,201,RECV,7E000F8100031A024E333035322D58524954D3
06-30-2025 15:29:08.213,202,RECV,7E000F8100082F024E383035332D56374B39E9
06-30-2025 15:29:08.213,203,RECV,7E000F8100042A024E343035332D44485134F6
06-30-2025 15:29:08.263,204,RECV,7E000F81000732024E373035332D50394F59C8
06-30-2025 15:29:08.285,205,RECV,7E000F8100031A024E333035332D394F314B15
06-30-2025 15:29:08.664,206,RECV,7E000F81000833024E383035342D49505831D3
06-30-2025 15:29:08.714,207,RECV,7E000F81000429024E343035342D4E473944F5
06-30-2025 15:29:08.764,208,RECV,7E000F81000733024E373035342D584F5756A3
06-30-2025 15:29:08.765,209,RECV,7E000F8100031A024E333035342D59464837FA
06-30-2025 15:29:09.176,210,RECV,7E000F81000833024E383035352D574D4D41C2
06-30-2025 15:29:09.216,211,RECV,7E000F8100042A024E343035352D49464B32F9
06-30-2025 15:29:09.266,212,RECV,7E000F81000735024E373035352D4B495345C8
06-30-2025 15:29:09.266,213,RECV,7E000F8100031A024E333035352D434F35460A
06-30-2025 15:29:09.667,214,RECV,7E000F81000831024E383035362D53503233ED
06-30-2025 15:29:09.718,215,RECV,7E000F81000429024E343035362D55585647BB
06-30-2025 15:29:09.768,216,RECV,7E000F81000731024E373035362D58454542D3
06-30-2025 15:29:09.769,217,RECV,7E000F8100031A024E333035362D3551364F0B
06-30-2025 15:29:10.169,218,RECV,7E000F81000833024E383035372D5A493446D5
06-30-2025 15:29:10.219,219,RECV,7E000F8100042A024E343035372D4E54514AC6
06-30-2025 15:29:10.269,220,RECV,7E000F8100031A024E333035372D384D31421D
06-30-2025 15:29:10.279,221,RECV,7E000F81000732024E373035372D44355443E5
06-30-2025 15:29:10.680,222,RECV,7E000F81000833024E383035382D49554450BF
06-30-2025 15:29:10.720,223,RECV,7E000F81000429024E343035382D554A4E55C1
06-30-2025 15:29:10.771,224,RECV,7E000F8100031A024E333035382D3735314631
06-30-2025 15:29:10.777,225,RECV,7E000F81000733024E373035382D56415751B4
06-30-2025 15:29:11.172,226,RECV,7E000F81000830024E383035392D5332454FDA
06-30-2025 15:29:11.222,227,RECV,7E000F8100042A024E343035392D505A4146D0
06-30-2025 15:29:11.272,228,RECV,7E000F8100031A024E333035392D4B424C57E3
06-30-2025 15:29:11.277,229,RECV,7E000F81000735024E373035392D48443937F4
06-30-2025 15:29:11.673,230,RECV,7E000F81000831024E383036302D51454457C9
06-30-2025 15:29:11.723,231,RECV,7E000F81000429024E343036302D35444C4CF9
06-30-2025 15:29:11.773,232,RECV,7E000F8100031A024E333036302D37514B5AEE
06-30-2025 15:29:11.823,233,RECV,7E000F81000733024E373036302D50414244E3
06-30-2025 15:29:12.174,234,RECV,7E000F81000834024E383036312D50514235DE
06-30-2025 15:29:12.224,235,RECV,7E000F8100042A024E343036312D4C394A3108
06-30-2025 15:29:12.274,236,RECV,7E000F8100031A024E333036312D574C3359EB
06-30-2025 15:29:12.274,237,RECV,7E000F81000735024E373036312D58324158D4
06-30-2025 15:29:12.675,238,RECV,7E000F81000831024E383036322D50535659A6
06-30-2025 15:29:12.725,239,RECV,7E000F81000429024E343036322D50564349D6
06-30-2025 15:29:12.776,240,RECV,7E000F8100031A024E333036322D503141447D33
06-30-2025 15:29:12.786,241,RECV,7E000F81000732024E373036322D37443256F6
06-30-2025 15:29:13.177,242,RECV,7E000F81000830024E383036332D4959464BC5
06-30-2025 15:29:13.227,243,RECV,7E000F8100042A024E343036332D45524D4BD7
06-30-2025 15:29:13.287,244,RECV,7E000F8100031A024E333036332D4F3436530C
06-30-2025 15:29:13.287,245,RECV,7E000F81000730024E373036332D5544434CD2
06-30-2025 15:29:13.678,246,RECV,7E000F81000833024E383036342D52424335E8
06-30-2025 15:29:13.728,247,RECV,7E000F81000429024E343036342D54304154ED
06-30-2025 15:29:13.778,248,RECV,7E000F8100031A024E333036342D36354F4518
06-30-2025 15:29:14.179,249,RECV,7E000F81000831024E383036352D44545656B1
06-30-2025 15:29:14.230,250,RECV,7E000F8100042A024E343036352D53483255E2
06-30-2025 15:29:14.280,251,RECV,7E000F8100031A024E333036352D3247554404
06-30-2025 15:29:14.330,252,RECV,7E000F81000731024E373036352D3634304518
06-30-2025 15:29:14.681,253,RECV,7E000F81000832024E383036362D53465937CA
06-30-2025 15:29:14.731,254,RECV,7E000F81000429024E343036362D4137423614
06-30-2025 15:29:14.781,255,RECV,7E000F8100031A024E333036362D42515948E1
06-30-2025 15:29:14.802,256,RECV,7E000F81000736024E373036362D34524131F9
06-30-2025 15:29:15.182,257,RECV,7E000F81000832024E383036372D4C533847D4
06-30-2025 15:29:15.233,258,RECV,7E000F8100042A024E343036372D49344559E7
06-30-2025 15:29:15.283,259,RECV,7E000F8100031A024E333036372D363735442E
06-30-2025 15:29:15.293,260,RECV,7E000F81000733024E373036372D5A514953AC
06-30-2025 15:29:15.684,261,RECV,7E000F81000831024E383036382D454F3345E6
06-30-2025 15:29:15.734,262,RECV,7E000F81000429024E343036382D41424246F7
06-30-2025 15:29:15.795,263,RECV,7E000F8100031A024E333036382D3144365810
06-30-2025 15:29:15.795,264,RECV,7E000F81000731024E373036382D36514457D2
06-30-2025 15:29:16.185,265,RECV,7E000F81000834024E383036392D5A364241DB
06-30-2025 15:29:16.235,266,RECV,7E000F81000429024E343036392D59575638C3
06-30-2025 15:29:16.286,267,RECV,7E000F8100031A024E333036392D4153333714
06-30-2025 15:29:16.286,268,RECV,7E000F81000735024E373036392D58383258D5
06-30-2025 15:29:16.687,269,RECV,7E000F81000832024E383037302D54355033EC
06-30-2025 15:29:16.737,270,RECV,7E000F81000429024E343037302D4F553443EE
06-30-2025 15:29:16.787,271,RECV,7E000F8100031A024E333037302D46523457F7
06-30-2025 15:29:16.837,272,RECV,7E000F81000733024E373037302D5141555AB8
06-30-2025 15:29:17.188,273,RECV,7E000F81000830024E383037312D514C4944CF
06-30-2025 15:29:17.239,274,RECV,7E000F8100042A024E343037312D53535659B2
06-30-2025 15:29:17.339,275,RECV,7E000F8100031A024E333037312D4B424D350A
06-30-2025 15:29:17.370,276,RECV,7E000F81000730024E373037312D4E33364EF6
06-30-2025 15:29:17.690,277,RECV,7E000F81000833024E383037322D37445746DD
06-30-2025 15:29:17.790,278,RECV,7E000F8100031A024E333037322D5945324701
06-30-2025 15:29:17.819,279,RECV,7E000F81000735024E373037322D5741344ADF
06-30-2025 15:29:18.191,280,RECV,7E000F81000833024E383037332D52395449CC
06-30-2025 15:29:18.241,281,RECV,7E000F8100042A024E343037332D4E38473305
06-30-2025 15:29:18.302,282,RECV,7E000F8100031A024E333037332D3532545408
06-30-2025 15:29:18.303,283,RECV,7E000F81000733024E373037332D394A3449F6
06-30-2025 15:29:18.693,284,RECV,7E000F81000830024E383037342D42375958CC
06-30-2025 15:29:18.743,285,RECV,7E000F8100042A024E343037342D39334B3419
06-30-2025 15:29:18.793,286,RECV,7E000F8100031A024E333037342D464B4B52E8
06-30-2025 15:29:18.794,287,RECV,7E000F81000730024E373037342D324E4444F0
06-30-2025 15:29:19.194,288,RECV,7E000F81000833024E383037352D4B4E5032D7
06-30-2025 15:29:19.244,289,RECV,7E000F8100042A024E343037352D49545A57B5
06-30-2025 15:29:19.295,290,RECV,7E000F8100031A024E333037352D58505646D1
06-30-2025 15:29:19.344,291,RECV,7E000F81000735024E373037352D4335413405
06-30-2025 15:29:19.696,292,RECV,7E000F81000832024E383037362D51545151AB
06-30-2025 15:29:19.746,293,RECV,7E000F81000429024E343037362D4432524AF1
06-30-2025 15:29:19.846,294,RECV,7E000F8100031A024E333037362D4A4A335AF3
06-30-2025 15:29:19.846,295,RECV,7E000F81000732024E373037362D35564852CF
06-30-2025 15:29:20.197,296,RECV,7E000F81000830024E383037372D4D523159CA
06-30-2025 15:29:20.247,297,RECV,7E000F8100042A024E343037372D48584A49CE
06-30-2025 15:29:20.297,298,RECV,7E000F8100031A024E333037372D4B563147FA
06-30-2025 15:29:20.318,299,RECV,7E000F81000730024E373037372D4E423736F8
06-30-2025 15:29:20.698,300,RECV,7E000F81000834024E383037382D42425154C5
06-30-2025 15:29:20.749,301,RECV,7E000F81000429024E343037382D4F4D384CE1
06-30-2025 15:29:20.809,302,RECV,7E000F8100031A024E333037382D363239363B
06-30-2025 15:29:20.809,303,RECV,7E000F81000733024E373037382D304E3044FF
06-30-2025 15:29:21.200,304,RECV,7E000F81000831024E383037392D58493944D2
06-30-2025 15:29:21.250,305,RECV,7E000F8100042A024E343037392D43345930FF
06-30-2025 15:29:21.350,306,RECV,7E000F8100031A024E333037392D494D4B5AD6
06-30-2025 15:29:21.350,307,RECV,7E000F81000731024E373037392D44334F57D5
06-30-2025 15:29:21.701,308,RECV,7E000F8100082F024E383038302D495A5946B8
06-30-2025 15:29:21.751,309,RECV,7E000F81000429024E343038302D58474854CD
06-30-2025 15:29:21.802,310,RECV,7E000F8100031A024E333038302D52545131F1
06-30-2025 15:29:21.822,311,RECV,7E000F81000731024E373038302D4A434A4FD4
06-30-2025 15:29:22.203,312,RECV,7E000F81000832024E383038312D49483148EC
06-30-2025 15:29:22.253,313,RECV,7E000F8100042A024E343038312D56493547EB
06-30-2025 15:29:22.353,314,RECV,7E000F8100031A024E333038312D4A594D45E3
06-30-2025 15:29:22.365,315,RECV,7E000F81000733024E373038312D44334849EF
06-30-2025 15:29:22.704,316,RECV,7E000F81000830024E383038322D4F314A32FB
06-30-2025 15:29:22.754,317,RECV,7E000F81000429024E343038322D4E355657D6
06-30-2025 15:29:22.854,318,RECV,7E000F8100031A024E333038322D533154330C
06-30-2025 15:29:22.855,319,RECV,7E000F81000730024E373038322D57314545E7
06-30-2025 15:29:23.205,320,RECV,7E000F81000834024E383038332D55323355E3
06-30-2025 15:29:23.256,321,RECV,7E000F81000429024E343038332D4741375AEC
06-30-2025 15:29:23.326,322,RECV,7E000F8100031A024E333038332D5A593435FA
06-30-2025 15:29:23.327,323,RECV,7E000F81000733024E373038332D5A4A474BBF
06-30-2025 15:29:23.707,324,RECV,7E000F81000830024E383038342D4243333805
06-30-2025 15:29:23.757,325,RECV,7E000F81000429024E343038342D4A514F59C1
06-30-2025 15:29:23.857,326,RECV,7E000F8100031A024E333038342D4F515035F0
06-30-2025 15:29:23.883,327,RECV,7E000F8100072F024E373038342D49314E44EC
06-30-2025 15:29:24.208,328,RECV,7E000F81000834024E383038352D30385846EA
06-30-2025 15:29:24.259,329,RECV,7E000F81000429024E343038352D37534C58D5
06-30-2025 15:29:24.309,330,RECV,7E000F8100031A024E333038352D4B4C384CF9
06-30-2025 15:29:24.331,331,RECV,7E000F81000733024E373038352D31545139E4
06-30-2025 15:29:24.710,332,RECV,7E000F8100082F024E383038362D4D4C5537CF
06-30-2025 15:29:24.760,333,RECV,7E000F81000429024E343038362D4753474CD5
06-30-2025 15:29:24.860,334,RECV,7E000F8100031A024E333038362D394645341B
06-30-2025 15:29:24.861,335,RECV,7E000F81000730024E373038362D4B304D34F9
06-30-2025 15:29:25.212,336,RECV,7E000F81000834024E383038372D4B564550B8
06-30-2025 15:29:25.262,337,RECV,7E000F81000429024E343038372D38585249D6
06-30-2025 15:29:25.362,338,RECV,7E000F8100031A024E333038372D33334E5707
06-30-2025 15:29:25.365,339,RECV,7E000F81000733024E373038372D3354333304
06-30-2025 15:29:25.713,340,RECV,7E000F81000830024E383038382D3558303202
06-30-2025 15:29:25.763,341,RECV,7E000F81000429024E343038382D45494959D0
06-30-2025 15:29:25.813,342,RECV,7E000F8100031A024E333038382D4749483900
06-30-2025 15:29:25.863,343,RECV,7E000F81000730024E373038382D41554655C2
06-30-2025 15:29:26.215,344,RECV,7E000F81000834024E383038392D324B5433E8
06-30-2025 15:29:26.265,345,RECV,7E000F8100042A024E343038392D33564544EC
06-30-2025 15:29:26.365,346,RECV,7E000F8100031A024E333038392D385A434BF0
06-30-2025 15:29:26.365,347,RECV,7E000F81000734024E373038392D54544D56A3
06-30-2025 15:29:26.716,348,RECV,7E000F81000830024E383039302D4B564F52B6
06-30-2025 15:29:26.766,349,RECV,7E000F81000429024E343039302D56554757BE
06-30-2025 15:29:26.867,350,RECV,7E000F8100031A024E333039302D36304C5A0C
06-30-2025 15:29:26.867,351,RECV,7E000F81000730024E373039302D4C4B5433DC
06-30-2025 15:29:27.218,352,RECV,7E000F81000830024E383039312D43544F54BD
06-30-2025 15:29:27.238,353,RECV,7E000F81000429024E343039312D34394F54F6
06-30-2025 15:29:27.338,354,RECV,7E000F8100031A024E333039312D5630385801
06-30-2025 15:29:27.369,355,RECV,7E000F81000733024E373039312D57434739DC
06-30-2025 15:29:27.689,356,RECV,7E000F81000830024E383039322D444B5A4CC1
06-30-2025 15:29:27.769,357,RECV,7E000F81000429024E343039322D3630573018
06-30-2025 15:29:27.869,358,RECV,7E000F8100031A024E333039322D3238483232
06-30-2025 15:29:27.869,359,RECV,7E000F81000730024E373039322D56433331FB
06-30-2025 15:29:28.220,360,RECV,7E000F81000834024E383039332D50443346E4
06-30-2025 15:29:28.270,361,RECV,7E000F81000429024E343039332D4230343925
06-30-2025 15:29:28.320,362,RECV,7E000F8100031A024E333039332D564F31310E
06-30-2025 15:29:28.371,363,RECV,7E000F81000733024E373039332D594E5131CB
06-30-2025 15:29:28.671,364,RECV,7E000F8100082F024E383039342D41325458D6
06-30-2025 15:29:28.742,365,RECV,7E000F81000429024E343039342D424B4E54D4
06-30-2025 15:29:28.872,366,RECV,7E000F8100031A024E333039342D4836343032
06-30-2025 15:29:28.882,367,RECV,7E000F8100072F024E373039342D50564E52B1
06-30-2025 15:29:29.183,368,RECV,7E000F81000832024E383039352D46553351D2
06-30-2025 15:29:29.273,369,RECV,7E000F81000429024E343039352D3831503415
06-30-2025 15:29:29.373,370,RECV,7E000F8100031A024E333039352D30434D56FD
06-30-2025 15:29:29.373,371,RECV,7E000F81000731024E373039352D56445A39C7
06-30-2025 15:29:29.724,372,RECV,7E000F8100082F024E383039362D4458314ADC
06-30-2025 15:29:29.774,373,RECV,7E000F81000429024E343039362D36535548DB
06-30-2025 15:29:29.845,374,RECV,7E000F8100031A024E333039362D414F303121
06-30-2025 15:29:29.845,375,RECV,7E000F81000731024E373039362D53594557AB
06-30-2025 15:29:30.175,376,RECV,7E000F81000831024E383039372D4D483958CA
06-30-2025 15:29:30.246,377,RECV,7E000F81000429024E343039372D364237351C
06-30-2025 15:29:30.376,378,RECV,7E000F8100031A024E333039372D4232355414
06-30-2025 15:29:30.396,379,RECV,7E000F81000730024E373039372D33354D46F8
06-30-2025 15:29:30.687,380,RECV,7E000F81000832024E383039382D35474A4BDD
06-30-2025 15:29:30.777,381,RECV,7E000F81000429024E343039382D44414346F1
06-30-2025 15:29:30.877,382,RECV,7E000F8100031A024E333039382D46364654FA
06-30-2025 15:29:30.878,383,RECV,7E000F81000732024E373039382D51514135D8
06-30-2025 15:29:31.229,384,RECV,7E000F8100082F024E383039392D4D4F4A59B1
06-30-2025 15:29:31.229,385,RECV,7E000F81000429024E343039392D4F484B42DA
06-30-2025 15:29:31.379,386,RECV,7E000F8100031A024E333039392D55525238DE
06-30-2025 15:29:31.379,387,RECV,7E000F81000732024E373039392D36375048EA
