06-30-2025 15:29:53.290,-,API2,"Sink 1,0013A20041839DB1,802.15.4 TH,2003,/dev/ttyUSB0 - 57600/8/M/1/N,1,46"

06-30-2025 15:28:41.658,0,RECV,7E000F81000632024E363030302D39484D42F3
06-30-2025 15:28:41.659,1,RECV,7E000F8100052E024E353030302D44474C50E2
06-30-2025 15:28:41.660,2,RECV,7E000F81000229024E323030302D4632314F1C
06-30-2025 15:28:41.688,3,RECV,7E000F81000121024E313030302D444A51330C
06-30-2025 15:28:42.190,4,RECV,7E000F81000632024E363030312D414F4544E9
06-30-2025 15:28:42.191,5,RECV,7E000F8100052C024E353030312D484B5744DC
06-30-2025 15:28:42.192,6,RECV,7E000F81000229024E323030312D5A4B4250DC
06-30-2025 15:28:42.192,7,RECV,7E000F81000121024E313030312D334636313D
06-30-2025 15:28:42.691,8,RECV,7E000F81000630024E363030322D48395553DA
06-30-2025 15:28:42.695,9,RECV,7E000F8100052E024E353030322D373751377D31
06-30-2025 15:28:42.696,10,RECV,7E000F81000229024E323030322D31434A4B09
06-30-2025 15:28:42.696,11,RECV,7E000F81000121024E313030322D4434395318
06-30-2025 15:28:43.153,12,RECV,7E000F8100052E024E353030332D38565855CB
06-30-2025 15:28:43.153,13,RECV,7E000F8100022A024E323030332D574D3253E7
06-30-2025 15:28:43.192,14,RECV,7E000F81000121024E313030332D4932453328
06-30-2025 15:28:43.694,15,RECV,7E000F8100052E024E353030342D56424556D2
06-30-2025 15:28:43.694,16,RECV,7E000F81000229024E323030342D55365434FD
06-30-2025 15:28:43.695,17,RECV,7E000F81000121024E313030342D5945574BDA
06-30-2025 15:28:44.145,18,RECV,7E000F8100052C024E353030352D324E35430E
06-30-2025 15:28:44.196,19,RECV,7E000F81000229024E323030352D3242343136
06-30-2025 15:28:44.217,20,RECV,7E000F81000121024E313030352D4C534856DC
06-30-2025 15:28:44.697,21,RECV,7E000F8100052D024E353030362D4646374CF5
06-30-2025 15:28:44.697,22,RECV,7E000F81000633024E363030362D52474F58BC
06-30-2025 15:28:44.698,23,RECV,7E000F81000229024E323030362D4E50343606
06-30-2025 15:28:44.699,24,RECV,7E000F81000121024E313030362D4C30454C0B
06-30-2025 15:28:45.198,25,RECV,7E000F8100052D024E353030372D4155394EE6
06-30-2025 15:28:45.199,26,RECV,7E000F81000632024E363030372D52304655DF
06-30-2025 15:28:45.200,27,RECV,7E000F81000229024E323030372D343241491D
06-30-2025 15:28:45.200,28,RECV,7E000F81000121024E313030372D334A314524
06-30-2025 15:28:45.650,29,RECV,7E000F8100052E024E353030382D3031334D20
06-30-2025 15:28:45.671,30,RECV,7E000F81000630024E363030382D55335738E6
06-30-2025 15:28:45.676,31,RECV,7E000F81000229024E323030382D424334341F
06-30-2025 15:28:45.700,32,RECV,7E000F81000121024E313030382D34515945F3
06-30-2025 15:28:46.201,33,RECV,7E000F8100052D024E353030392D3237473021
06-30-2025 15:28:46.202,34,RECV,7E000F81000632024E363030392D56504959B2
06-30-2025 15:28:46.203,35,RECV,7E000F81000229024E323030392D445531340D
06-30-2025 15:28:46.203,36,RECV,7E000F81000121024E313030392D5932354510
06-30-2025 15:28:46.703,37,RECV,7E000F8100052E024E353031302D5756455ABC
06-30-2025 15:28:46.708,38,RECV,7E000F81000630024E363031302D4A544435ED
06-30-2025 15:28:46.709,39,RECV,7E000F8100022A024E323031302D57415A34EC
06-30-2025 15:28:46.710,40,RECV,7E000F81000121024E313031302D51484F50E5
06-30-2025 15:28:47.154,41,RECV,7E000F8100052E024E353031312D3935413622
06-30-2025 15:28:47.204,42,RECV,7E000F81000632024E363031312D3137524BFC
06-30-2025 15:28:47.209,43,RECV,7E000F8100022A024E323031312D4D444F3001
06-30-2025 15:28:47.209,44,RECV,7E000F81000121024E313031312D574E4F46E2
06-30-2025 15:28:47.706,45,RECV,7E000F8100052E024E353031322D534E4E4FC8
06-30-2025 15:28:47.709,46,RECV,7E000F81000630024E363031322D4E335334FA
06-30-2025 15:28:47.710,47,RECV,7E000F8100022A024E323031322D54534850D1
06-30-2025 15:28:47.710,48,RECV,7E000F81000121024E313031322D4D42395003
06-30-2025 15:28:48.207,49,RECV,7E000F8100052D024E353031332D34424558F3
06-30-2025 15:28:48.209,50,RECV,7E000F81000630024E363031332D4A4A3858DD
06-30-2025 15:28:48.210,51,RECV,7E000F81000229024E323031332D483138530C
06-30-2025 15:28:48.210,52,RECV,7E000F81000121024E313031332D3244544E02
06-30-2025 15:28:48.679,53,RECV,7E000F8100052C024E353031342D434D4D42E7
06-30-2025 15:28:48.679,54,RECV,7E000F81000631024E363031342D34324A50FF
06-30-2025 15:28:48.680,55,RECV,7E000F8100022A024E323031342D4D32414D01
06-30-2025 15:28:48.708,56,RECV,7E000F81000121024E313031342D3539425415
06-30-2025 15:28:49.210,57,RECV,7E000F8100052D024E353031352D374A5A45E4
06-30-2025 15:28:49.211,58,RECV,7E000F81000630024E363031352D314E4E51E1
06-30-2025 15:28:49.212,59,RECV,7E000F81000229024E323031352D3650544EE6
06-30-2025 15:28:49.212,60,RECV,7E000F81000121024E313031352D47394E4A00
06-30-2025 15:28:49.661,61,RECV,7E000F8100052D024E353031362D33344C3020
06-30-2025 15:28:49.682,62,RECV,7E000F81000631024E363031362D4345564DD2
06-30-2025 15:28:49.682,63,RECV,7E000F8100022A024E323031362D55484F52CE
06-30-2025 15:28:49.711,64,RECV,7E000F81000121024E313031362D57523356E5
06-30-2025 15:28:50.173,65,RECV,7E000F8100052E024E353031372D57575834C7
06-30-2025 15:28:50.177,66,RECV,7E000F81000631024E363031372D56584A46BE
06-30-2025 15:28:50.178,67,RECV,7E000F81000229024E323031372D43543251F2
06-30-2025 15:28:50.213,68,RECV,7E000F81000121024E313031372D3844435205
06-30-2025 15:28:50.714,69,RECV,7E000F8100052E024E353031382D46463848F4
06-30-2025 15:28:50.714,70,RECV,7E000F81000630024E363031382D56313446FB
06-30-2025 15:28:50.715,71,RECV,7E000F81000229024E323031382D4D594F55C1
06-30-2025 15:28:50.725,72,RECV,7E000F81000121024E313031382D4C4C35377D31
06-30-2025 15:28:51.165,73,RECV,7E000F8100052D024E353031392D564F5A4FB2
06-30-2025 15:28:51.216,74,RECV,7E000F81000632024E363031392D515A4438D2
06-30-2025 15:28:51.216,75,RECV,7E000F81000229024E323031392D59534C51C1
06-30-2025 15:28:51.216,76,RECV,7E000F81000121024E313031392D31584156F4
06-30-2025 15:28:51.677,77,RECV,7E000F8100052C024E353032302D59435750C6
06-30-2025 15:28:51.678,78,RECV,7E000F81000630024E363032302D4A315855DB
06-30-2025 15:28:51.698,79,RECV,7E000F81000229024E323032302D4C4B3052F9
06-30-2025 15:28:51.717,80,RECV,7E000F81000121024E313032302D36515853EA
06-30-2025 15:28:52.218,81,RECV,7E000F8100052D024E353032312D4531494DFB
06-30-2025 15:28:52.219,82,RECV,7E000F81000632024E363032312D38484555E6
06-30-2025 15:28:52.220,83,RECV,7E000F81000229024E323032312D32553556FF
06-30-2025 15:28:52.220,84,RECV,7E000F81000121024E313032312D474D5049EE
06-30-2025 15:28:52.670,85,RECV,7E000F8100052E024E353032322D334F5251E0
06-30-2025 15:28:52.720,86,RECV,7E000F81000631024E363032322D44585341D0
06-30-2025 15:28:52.720,87,RECV,7E000F81000229024E323032322D355138450D
06-30-2025 15:28:52.720,88,RECV,7E000F81000121024E313032322D35534B3710
06-30-2025 15:28:53.181,89,RECV,7E000F8100052E024E353032332D33435146F7
06-30-2025 15:28:53.182,90,RECV,7E000F81000630024E363032332D594A5A39CA
06-30-2025 15:28:53.221,91,RECV,7E000F81000229024E323032332D544B4153DC
06-30-2025 15:28:53.221,92,RECV,7E000F81000121024E313032332D553146410C
06-30-2025 15:28:53.722,93,RECV,7E000F8100052D024E353032342D53553735F0
06-30-2025 15:28:53.729,94,RECV,7E000F81000632024E363032342D51445A51BD
06-30-2025 15:28:53.730,95,RECV,7E000F81000229024E323032342D36545550DF
06-30-2025 15:28:53.730,96,RECV,7E000F81000121024E313032342D493639510F
06-30-2025 15:28:54.174,97,RECV,7E000F8100052C024E353032352D574C4E58BB
06-30-2025 15:28:54.224,98,RECV,7E000F81000631024E363032352D38513154EF
06-30-2025 15:28:54.224,99,RECV,7E000F81000229024E323032352D58544A30E7
06-30-2025 15:28:54.224,100,RECV,7E000F81000121024E313032352D4F38324F0F
06-30-2025 15:28:54.685,101,RECV,7E000F8100052E024E353032362D45564C35E5
06-30-2025 15:28:54.685,102,RECV,7E000F81000630024E363032362D4C514444D8
06-30-2025 15:28:54.725,103,RECV,7E000F81000229024E323032362D324D525AE1
06-30-2025 15:28:54.736,104,RECV,7E000F81000121024E313032362D59354A59E5
06-30-2025 15:28:55.227,105,RECV,7E000F8100052E024E353032372D51423448F1
06-30-2025 15:28:55.227,106,RECV,7E000F81000631024E363032372D3434413121
06-30-2025 15:28:55.228,107,RECV,7E000F81000229024E323032372D5A473856DC
06-30-2025 15:28:55.228,108,RECV,7E000F81000121024E313032372D4E584B47DD
06-30-2025 15:28:55.678,109,RECV,7E000F8100052C024E353032382D5057514FBA
06-30-2025 15:28:55.728,110,RECV,7E000F81000631024E363032382D5A575241B6
06-30-2025 15:28:55.736,111,RECV,7E000F81000229024E323032382D455A4357D1
06-30-2025 15:28:55.741,112,RECV,7E000F81000121024E313032382D473834540D
06-30-2025 15:28:56.189,113,RECV,7E000F8100052E024E353032392D383430372B
06-30-2025 15:28:56.200,114,RECV,7E000F81000630024E363032392D36515348D8
06-30-2025 15:28:56.200,115,RECV,7E000F81000229024E323032392D333137511D
06-30-2025 15:28:56.279,116,RECV,7E000F81000121024E313032392D385A4A3007
06-30-2025 15:28:56.680,117,RECV,7E000F8100052E024E353033302D47325042FB
06-30-2025 15:28:56.731,118,RECV,7E000F81000630024E363033302D5630393112
06-30-2025 15:28:56.731,119,RECV,7E000F81000229024E323033302D544D4B38ED
06-30-2025 15:28:56.731,120,RECV,7E000F81000121024E313033302D5457333508
06-30-2025 15:28:57.182,121,RECV,7E000F8100052D024E353033312D55434E36EA
06-30-2025 15:28:57.232,122,RECV,7E000F81000631024E363033312D4F585942BE
06-30-2025 15:28:57.249,123,RECV,7E000F81000229024E323033312D314D5958E1
06-30-2025 15:28:57.252,124,RECV,7E000F81000121024E313033312D484C414BFA
06-30-2025 15:28:57.694,125,RECV,7E000F8100052C024E353033322D3150344110
06-30-2025 15:28:57.734,126,RECV,7E000F81000630024E363033322D4A435130F2
06-30-2025 15:28:57.734,127,RECV,7E000F81000229024E323033322D395242380A
06-30-2025 15:28:57.784,128,RECV,7E000F81000121024E313033322D4B3743480C
06-30-2025 15:28:58.185,129,RECV,7E000F8100052E024E353033332D57365256CE
06-30-2025 15:28:58.235,130,RECV,7E000F81000632024E363033332D533936310A
06-30-2025 15:28:58.235,131,RECV,7E000F81000229024E323033332D41515749DC
06-30-2025 15:28:58.236,132,RECV,7E000F81000121024E313033332D4F583042FF
06-30-2025 15:28:58.686,133,RECV,7E000F8100052D024E353033342D4C364D3103
06-30-2025 15:28:58.736,134,RECV,7E000F81000631024E363033342D454D343403
06-30-2025 15:28:58.737,135,RECV,7E000F81000229024E323033342D3656473703
06-30-2025 15:28:58.765,136,RECV,7E000F81000121024E313033342D48504749EF
06-30-2025 15:28:59.198,137,RECV,7E000F8100052E024E353033352D56493038FA
06-30-2025 15:28:59.238,138,RECV,7E000F81000632024E363033352D4E543230F7
06-30-2025 15:28:59.243,139,RECV,7E000F81000229024E323033352D33324D5505
06-30-2025 15:28:59.244,140,RECV,7E000F81000121024E313033352D58455353D3
06-30-2025 15:28:59.689,141,RECV,7E000F8100052E024E353033362D393631421E
06-30-2025 15:28:59.740,142,RECV,7E000F81000632024E363033362D384F4D48DE
06-30-2025 15:28:59.743,143,RECV,7E000F81000229024E323033362D4A553956DD
06-30-2025 15:28:59.743,144,RECV,7E000F81000121024E313033362D384936332B
06-30-2025 15:29:00.190,145,RECV,7E000F8100052C024E353033372D33465643EF
06-30-2025 15:29:00.241,146,RECV,7E000F81000631024E363033372D4F345547DB
06-30-2025 15:29:00.266,147,RECV,7E000F81000229024E323033372D4147363418
06-30-2025 15:29:00.291,148,RECV,7E000F81000121024E313033372D55565248CF
06-30-2025 15:29:00.742,149,RECV,7E000F8100052E024E353033382D443548320B
06-30-2025 15:29:00.744,150,RECV,7E000F81000630024E363033382D4F59514FB2
06-30-2025 15:29:00.745,151,RECV,7E000F81000229024E323033382D35544448F4
06-30-2025 15:29:00.745,152,RECV,7E000F81000121024E313033382D385A363516
06-30-2025 15:29:01.193,153,RECV,7E000F8100052C024E353033392D4A4A4638ED
06-30-2025 15:29:01.244,154,RECV,7E000F81000631024E363033392D3359304CF0
06-30-2025 15:29:01.245,155,RECV,7E000F81000229024E323033392D3239425605
06-30-2025 15:29:01.254,156,RECV,7E000F81000121024E313033392D4A554332FE
06-30-2025 15:29:01.695,157,RECV,7E000F8100052E024E353034302D52383946FC
06-30-2025 15:29:01.745,158,RECV,7E000F81000632024E363034302D5A555A4AAC
06-30-2025 15:29:01.795,159,RECV,7E000F81000121024E313034302D3638484321
06-30-2025 15:29:02.196,160,RECV,7E000F8100052D024E353034312D35484D45F6
06-30-2025 15:29:02.246,161,RECV,7E000F81000631024E363034312D36325149FD
06-30-2025 15:29:02.248,162,RECV,7E000F81000229024E323034312D55433755EB
06-30-2025 15:29:02.249,163,RECV,7E000F81000121024E313034312D503339411C
06-30-2025 15:29:02.698,164,RECV,7E000F8100052E024E353034322D474A3847F3
06-30-2025 15:29:02.748,165,RECV,7E000F81000633024E363034322D414B5143DC
06-30-2025 15:29:02.748,166,RECV,7E000F81000229024E323034322D5839363314
06-30-2025 15:29:02.758,167,RECV,7E000F81000121024E313034322D3038573623
06-30-2025 15:29:03.199,168,RECV,7E000F8100052D024E353034332D4E374650E8
06-30-2025 15:29:03.249,169,RECV,7E000F81000631024E363034332D444D5036E6
06-30-2025 15:29:03.250,170,RECV,7E000F81000229024E323034332D5447464BE1
06-30-2025 15:29:03.299,171,RECV,7E000F81000121024E313034332D55555830E5
06-30-2025 15:29:03.701,172,RECV,7E000F8100052E024E353034342D4531465AEB
06-30-2025 15:29:03.751,173,RECV,7E000F81000630024E363034342D4450554FC5
06-30-2025 15:29:03.752,174,RECV,7E000F81000229024E323034342D3430493728
06-30-2025 15:29:03.752,175,RECV,7E000F81000121024E313034342D48475439FA
06-30-2025 15:29:04.202,176,RECV,7E000F8100052C024E353034352D51484F32E8
06-30-2025 15:29:04.252,177,RECV,7E000F81000631024E363034352D3535493810
06-30-2025 15:29:04.252,178,RECV,7E000F81000229024E323034352D4E375258DC
06-30-2025 15:29:04.302,179,RECV,7E000F81000121024E313034352D4C594844E4
06-30-2025 15:29:04.703,180,RECV,7E000F8100052E024E353034362D365433350D
06-30-2025 15:29:04.753,181,RECV,7E000F81000631024E363034362D355A4F44D8
06-30-2025 15:29:04.754,182,RECV,7E000F81000229024E323034362D4436384A0E
06-30-2025 15:29:04.759,183,RECV,7E000F81000121024E313034362D49473452FE
06-30-2025 15:29:05.205,184,RECV,7E000F8100052D024E353034372D544E454CCC
06-30-2025 15:29:05.255,185,RECV,7E000F81000630024E363034372D4B4D3437F7
06-30-2025 15:29:05.271,186,RECV,7E000F81000229024E323034372D51415642DF
06-30-2025 15:29:05.277,187,RECV,7E000F81000121024E313034372D3038554214
06-30-2025 15:29:05.706,188,RECV,7E000F8100052D024E353034382D504A3342EF
06-30-2025 15:29:05.756,189,RECV,7E000F81000631024E363034382D46514931E7
06-30-2025 15:29:05.760,190,RECV,7E000F81000229024E323034382D53504D4BCD
06-30-2025 15:29:05.806,191,RECV,7E000F81000121024E313034382D414A5553DF
06-30-2025 15:29:06.207,192,RECV,7E000F8100052E024E353034392D52393548F4
06-30-2025 15:29:06.257,193,RECV,7E000F81000633024E363034392D45534232E9
06-30-2025 15:29:06.260,194,RECV,7E000F81000229024E323034392D5A32324801
06-30-2025 15:29:06.260,195,RECV,7E000F81000121024E313034392D594D574FC5
06-30-2025 15:29:06.709,196,RECV,7E000F8100052D024E353035302D4C48355AE2
06-30-2025 15:29:06.759,197,RECV,7E000F81000631024E363035302D59424652CC
06-30-2025 15:29:06.784,198,RECV,7E000F81000229024E323035302D48515647D9
06-30-2025 15:29:06.787,199,RECV,7E000F81000121024E313035302D5743393412
06-30-2025 15:29:07.210,200,RECV,7E000F8100052E024E353035312D37554148EE
06-30-2025 15:29:07.260,201,RECV,7E000F81000632024E363035312D4E474E39E1
06-30-2025 15:29:07.261,202,RECV,7E000F8100022A024E323035312D5A4F3658D6
06-30-2025 15:29:07.310,203,RECV,7E000F81000121024E313035312D4D474F4DE8
06-30-2025 15:29:07.712,204,RECV,7E000F8100052E024E353035322D414F444CE2
06-30-2025 15:29:07.762,205,RECV,7E000F81000633024E363035322D45455950C8
06-30-2025 15:29:07.763,206,RECV,7E000F8100022A024E323035322D343750470A
06-30-2025 15:29:07.763,207,RECV,7E000F81000121024E313035322D37564B350A
06-30-2025 15:29:08.213,208,RECV,7E000F8100052D024E353035332D35365252F3
06-30-2025 15:29:08.263,209,RECV,7E000F81000631024E363035332D37535355CA
06-30-2025 15:29:08.285,210,RECV,7E000F81000229024E323035332D34324A500C
06-30-2025 15:29:08.313,211,RECV,7E000F81000121024E313035332D334F45450A
06-30-2025 15:29:08.714,212,RECV,7E000F8100052E024E353035342D4638393217
06-30-2025 15:29:08.764,213,RECV,7E000F81000633024E363035342D50543447DA
06-30-2025 15:29:08.765,214,RECV,7E000F81000229024E323035342D5147565AC3
06-30-2025 15:29:08.814,215,RECV,7E000F81000121024E313035342D4747323520
06-30-2025 15:29:09.216,216,RECV,7E000F8100052E024E353035352D35454955E7
06-30-2025 15:29:09.266,217,RECV,7E000F81000633024E363035352D5A314E49D6
06-30-2025 15:29:09.267,218,RECV,7E000F81000229024E323035352D484E34350B
06-30-2025 15:29:09.287,219,RECV,7E000F81000121024E313035352D47494D3205
06-30-2025 15:29:09.717,220,RECV,7E000F8100052D024E353035362D54415643D1
06-30-2025 15:29:09.768,221,RECV,7E000F81000631024E363035362D4A505431DA
06-30-2025 15:29:09.769,222,RECV,7E000F8100022A024E323035362D5730594FD9
06-30-2025 15:29:09.817,223,RECV,7E000F81000121024E313035362D423042342B
06-30-2025 15:29:10.219,224,RECV,7E000F8100052E024E353035372D4A4A4E37E4
06-30-2025 15:29:10.269,225,RECV,7E000F81000632024E363035372D4D303554F1
06-30-2025 15:29:10.269,226,RECV,7E000F81000229024E323035372D45535047D9
06-30-2025 15:29:10.319,227,RECV,7E000F81000121024E313035372D5A32493805
06-30-2025 15:29:10.720,228,RECV,7E000F8100052E024E353035382D32574359D7
06-30-2025 15:29:10.770,229,RECV,7E000F81000632024E363035382D4F45364EDE
06-30-2025 15:29:10.777,230,RECV,7E000F81000229024E323035382D34425743F7
06-30-2025 15:29:10.820,231,RECV,7E000F81000121024E313035382D4A41584AE4
06-30-2025 15:29:11.221,232,RECV,7E000F8100052C024E353035392D38444A3700
06-30-2025 15:29:11.271,233,RECV,7E000F81000633024E363035392D31544A38ED
06-30-2025 15:29:11.277,234,RECV,7E000F81000229024E323035392D504F3341F3
06-30-2025 15:29:11.321,235,RECV,7E000F81000121024E313035392D5153474CD9
06-30-2025 15:29:11.723,236,RECV,7E000F8100052E024E353036302D5A303554F0
06-30-2025 15:29:11.773,237,RECV,7E000F81000632024E363036302D3736343329
06-30-2025 15:29:11.773,238,RECV,7E000F8100022A024E323036302D4B575853C0
06-30-2025 15:29:11.793,239,RECV,7E000F81000121024E313036302D3545593312
06-30-2025 15:29:12.224,240,RECV,7E000F8100052C024E353036312D554A4941DB
06-30-2025 15:29:12.274,241,RECV,7E000F81000630024E363036312D53474956C5
06-30-2025 15:29:12.274,242,RECV,7E000F8100022B024E323036312D33304E5406
06-30-2025 15:29:12.324,243,RECV,7E000F81000121024E313036312D5A453754ED
06-30-2025 15:29:12.725,244,RECV,7E000F8100052E024E353036322D4A4A5943D1
06-30-2025 15:29:12.776,245,RECV,7E000F81000632024E363036322D5443544DC3
06-30-2025 15:29:12.777,246,RECV,7E000F81000229024E323036322D50425034F6
06-30-2025 15:29:12.825,247,RECV,7E000F81000121024E313036322D58454749E9
06-30-2025 15:29:13.227,248,RECV,7E000F8100052C024E353036332D4E4D4E53C6
06-30-2025 15:29:13.277,249,RECV,7E000F81000631024E363036332D314E4C37F9
06-30-2025 15:29:13.286,250,RECV,7E000F8100022B024E323036332D444A36390C
06-30-2025 15:29:13.298,251,RECV,7E000F81000121024E313036332D4757364CF5
06-30-2025 15:29:13.728,252,RECV,7E000F8100052F024E353036342D473534341A
06-30-2025 15:29:13.778,253,RECV,7E000F81000633024E363036342D49305259D4
06-30-2025 15:29:13.779,254,RECV,7E000F8100022A024E323036342D3134364A24
06-30-2025 15:29:13.828,255,RECV,7E000F81000121024E313036342D585A4957C2
06-30-2025 15:29:14.230,256,RECV,7E000F8100052D024E353036352D324A4949F1
06-30-2025 15:29:14.280,257,RECV,7E000F81000631024E363036352D44524933E7
06-30-2025 15:29:14.280,258,RECV,7E000F8100022B024E323036352D3237465602
06-30-2025 15:29:14.330,259,RECV,7E000F81000121024E313036352D3456365300
06-30-2025 15:29:14.731,260,RECV,7E000F8100052B024E353036362D4F314A5ADC
06-30-2025 15:29:14.781,261,RECV,7E000F81000633024E363036362D39384653EC
06-30-2025 15:29:14.802,262,RECV,7E000F8100022B024E323036362D4D465233EE
06-30-2025 15:29:14.831,263,RECV,7E000F81000121024E313036362D5941443202
06-30-2025 15:29:15.233,264,RECV,7E000F8100052E024E353036372D4B383947F9
06-30-2025 15:29:15.283,265,RECV,7E000F81000632024E363036372D5A564659A7
06-30-2025 15:29:15.283,266,RECV,7E000F8100022B024E323036372D38584F48DE
06-30-2025 15:29:15.333,267,RECV,7E000F81000121024E313036372D514B4D42E6
06-30-2025 15:29:15.734,268,RECV,7E000F8100052D024E353036382D3333313332
06-30-2025 15:29:15.784,269,RECV,7E000F81000631024E363036382D49594F30D5
06-30-2025 15:29:15.795,270,RECV,7E000F8100022B024E323036382D314355300B
06-30-2025 15:29:15.805,271,RECV,7E000F81000121024E313036382D345233480F
06-30-2025 15:29:16.235,272,RECV,7E000F8100052C024E353036392D54395737E1
06-30-2025 15:29:16.286,273,RECV,7E000F81000633024E363036392D564C3734E6
06-30-2025 15:29:16.286,274,RECV,7E000F8100022A024E323036392D484C4348E5
06-30-2025 15:29:16.335,275,RECV,7E000F81000122024E313036392D454B464FE9
06-30-2025 15:29:16.737,276,RECV,7E000F8100052E024E353037302D3855393507
06-30-2025 15:29:16.787,277,RECV,7E000F81000632024E363037302D304C383018
06-30-2025 15:29:16.787,278,RECV,7E000F8100022A024E323037302D48364F54EB
06-30-2025 15:29:16.837,279,RECV,7E000F81000121024E313037302D544E4B58D2
06-30-2025 15:29:17.238,280,RECV,7E000F8100052C024E353037312D4C58574ABE
06-30-2025 15:29:17.289,281,RECV,7E000F81000630024E363037312D5451465AB8
06-30-2025 15:29:17.289,282,RECV,7E000F8100022A024E323037312D33434A311A
06-30-2025 15:29:17.339,283,RECV,7E000F81000122024E313037312D46535A37EB
06-30-2025 15:29:17.740,284,RECV,7E000F8100052B024E353037322D55485A48C4
06-30-2025 15:29:17.790,285,RECV,7E000F81000633024E363037322D325A5432E7
06-30-2025 15:29:17.819,286,RECV,7E000F81000228024E323037322D314E563106
06-30-2025 15:29:17.840,287,RECV,7E000F81000121024E313037322D4C555252D0
06-30-2025 15:29:18.241,288,RECV,7E000F8100052E024E353037332D354F374FF5
06-30-2025 15:29:18.291,289,RECV,7E000F81000632024E363037332D5336304FF1
06-30-2025 15:29:18.342,290,RECV,7E000F81000228024E323037332D4A41444EEE
06-30-2025 15:29:18.342,291,RECV,7E000F81000121024E313037332D42554A3201
06-30-2025 15:29:18.743,292,RECV,7E000F8100052D024E353037342D4137363918
06-30-2025 15:29:18.793,293,RECV,7E000F81000631024E363037342D49564457BF
06-30-2025 15:29:18.843,294,RECV,7E000F81000228024E323037342D56525A57B1
06-30-2025 15:29:18.844,295,RECV,7E000F81000122024E313037342D3536505403
06-30-2025 15:29:19.244,296,RECV,7E000F8100052B024E353037352D41355045F5
06-30-2025 15:29:19.295,297,RECV,7E000F81000633024E363037352D57553836DC
06-30-2025 15:29:19.344,298,RECV,7E000F81000228024E323037352D454C4547EC
06-30-2025 15:29:19.345,299,RECV,7E000F81000122024E313037352D49584358D5
06-30-2025 15:29:19.746,300,RECV,7E000F8100052E024E353037362D534A5748C0
06-30-2025 15:29:19.796,301,RECV,7E000F81000632024E363037362D47485A51BC
06-30-2025 15:29:19.846,302,RECV,7E000F81000229024E323037362D41525549D6
06-30-2025 15:29:19.846,303,RECV,7E000F81000122024E313037362D4D414B51E6
06-30-2025 15:29:20.247,304,RECV,7E000F8100052D024E353037372D57355833E5
06-30-2025 15:29:20.297,305,RECV,7E000F81000630024E363037372D4234514CE4
06-30-2025 15:29:20.347,306,RECV,7E000F81000228024E323037372D4346354BFE
06-30-2025 15:29:20.348,307,RECV,7E000F81000121024E313037372D344F533307
06-30-2025 15:29:20.749,308,RECV,7E000F8100052B024E353037382D55523959C4
06-30-2025 15:29:20.799,309,RECV,7E000F81000631024E363037382D58504B55AD
06-30-2025 15:29:20.849,310,RECV,7E000F81000228024E323037382D5953315ACF
06-30-2025 15:29:20.849,311,RECV,7E000F81000121024E313037382D423545371C
06-30-2025 15:29:21.250,312,RECV,7E000F8100052D024E353037392D5334373606
06-30-2025 15:29:21.300,313,RECV,7E000F81000631024E363037392D304935390D
06-30-2025 15:29:21.350,314,RECV,7E000F81000228024E323037392D4931544DEA
06-30-2025 15:29:21.350,315,RECV,7E000F81000122024E313037392D46374C380C
06-30-2025 15:29:21.751,316,RECV,7E000F8100052B024E353038302D56393544FC
06-30-2025 15:29:21.802,317,RECV,7E000F81000631024E363038302D47415958C3
06-30-2025 15:29:21.852,318,RECV,7E000F81000122024E313038302D59514746DE
06-30-2025 15:29:22.253,319,RECV,7E000F8100052E024E353038312D4A37434CF0
06-30-2025 15:29:22.303,320,RECV,7E000F81000633024E363038312D4549333404
06-30-2025 15:29:22.353,321,RECV,7E000F81000229024E323038312D4B584D48D3
06-30-2025 15:29:22.365,322,RECV,7E000F81000122024E313038312D51495732F1
06-30-2025 15:29:22.754,323,RECV,7E000F8100052D024E353038322D315A4E58CF
06-30-2025 15:29:22.804,324,RECV,7E000F81000630024E363038322D3945534AE0
06-30-2025 15:29:22.854,325,RECV,7E000F81000229024E323038322D4937385200
06-30-2025 15:29:22.855,326,RECV,7E000F81000122024E313038322D5333353325
06-30-2025 15:29:23.256,327,RECV,7E000F8100052C024E353038332D52513348E2
06-30-2025 15:29:23.306,328,RECV,7E000F81000631024E363038332D56575436C2
06-30-2025 15:29:23.356,329,RECV,7E000F81000228024E323038332D3639564302
06-30-2025 15:29:23.358,330,RECV,7E000F81000122024E313038332D3352325308
06-30-2025 15:29:23.757,331,RECV,7E000F8100052C024E353038342D304737450C
06-30-2025 15:29:23.807,332,RECV,7E000F81000630024E363038342D4731353319
06-30-2025 15:29:23.857,333,RECV,7E000F81000121024E313038342D424D4A4EEB
06-30-2025 15:29:24.259,334,RECV,7E000F8100052B024E353038352D36505541E3
06-30-2025 15:29:24.309,335,RECV,7E000F81000632024E363038352D52414F38DC
06-30-2025 15:29:24.359,336,RECV,7E000F81000122024E313038352D56344C3901
06-30-2025 15:29:24.760,337,RECV,7E000F8100052C024E353038362D55383842F6
06-30-2025 15:29:24.810,338,RECV,7E000F81000630024E363038362D42594C33DD
06-30-2025 15:29:24.860,339,RECV,7E000F81000122024E313038362D4C505731EB
06-30-2025 15:29:25.262,340,RECV,7E000F8100052B024E353038372D33464945F6
06-30-2025 15:29:25.312,341,RECV,7E000F81000631024E363038372D4A433252E4
06-30-2025 15:29:25.362,342,RECV,7E000F81000121024E313038372D5243474CE7
06-30-2025 15:29:25.763,343,RECV,7E000F8100052C024E353038382D4A57334ADD
06-30-2025 15:29:25.863,344,RECV,7E000F81000121024E313038382D5954485ABF
06-30-2025 15:29:26.265,345,RECV,7E000F8100052B024E353038392D35594533F5
06-30-2025 15:29:26.315,346,RECV,7E000F81000632024E363038392D35385556DA
06-30-2025 15:29:26.365,347,RECV,7E000F81000121024E313038392D48425245EC
06-30-2025 15:29:26.766,348,RECV,7E000F8100052D024E353039302D56335044E4
06-30-2025 15:29:26.816,349,RECV,7E000F81000630024E363039302D4C35415AE0
06-30-2025 15:29:26.867,350,RECV,7E000F81000121024E313039302D4F35374317
06-30-2025 15:29:27.268,351,RECV,7E000F8100052B024E353039312D55354854DC
06-30-2025 15:29:27.318,352,RECV,7E000F81000633024E363039312D43364E32FF
06-30-2025 15:29:27.368,353,RECV,7E000F81000121024E313039312D325A46360C
06-30-2025 15:29:27.769,354,RECV,7E000F8100052C024E353039322D51345030FB
06-30-2025 15:29:27.819,355,RECV,7E000F81000630024E363039322D52323850EE
06-30-2025 15:29:27.869,356,RECV,7E000F81000121024E313039322D524B5453CF
06-30-2025 15:29:28.270,357,RECV,7E000F8100052D024E353039332D35544A50DB
06-30-2025 15:29:28.320,358,RECV,7E000F81000632024E363039332D36584C53CA
06-30-2025 15:29:28.371,359,RECV,7E000F81000121024E313039332D444F344FFC
06-30-2025 15:29:28.772,360,RECV,7E000F8100052E024E353039342D45365055DC
06-30-2025 15:29:28.822,361,RECV,7E000F8100062F024E363039342D434D4C32EB
06-30-2025 15:29:28.872,362,RECV,7E000F81000122024E313039342D3350584FE6
06-30-2025 15:29:28.882,363,RECV,7E000F81000229024E323039342D4532325608
06-30-2025 15:29:29.273,364,RECV,7E000F8100052C024E353039352D5246434CD6
06-30-2025 15:29:29.323,365,RECV,7E000F81000631024E363039352D4D303849F8
06-30-2025 15:29:29.373,366,RECV,7E000F81000122024E313039352D59364B3203
06-30-2025 15:29:29.373,367,RECV,7E000F81000229024E323039352D5A555141C5
06-30-2025 15:29:29.774,368,RECV,7E000F8100052C024E353039362D39334450FC
06-30-2025 15:29:29.830,369,RECV,7E000F81000630024E363039362D52514B4FB9
06-30-2025 15:29:29.875,370,RECV,7E000F81000122024E313039362D36524D3603
06-30-2025 15:29:29.875,371,RECV,7E000F81000229024E323039362D39585355CC
06-30-2025 15:29:30.276,372,RECV,7E000F8100052C024E353039372D4E54594EB2
06-30-2025 15:29:30.326,373,RECV,7E000F81000630024E363039372D4456434FC9
06-30-2025 15:29:30.376,374,RECV,7E000F81000122024E313039372D4148474BF2
06-30-2025 15:29:30.396,375,RECV,7E000F81000229024E323039372D4143394AFD
06-30-2025 15:29:30.777,376,RECV,7E000F8100052D024E353039382D46474331F8
06-30-2025 15:29:30.827,377,RECV,7E000F81000631024E363039382D5A335A51BB
06-30-2025 15:29:30.877,378,RECV,7E000F81000122024E313039382D4F445746DC
06-30-2025 15:29:30.878,379,RECV,7E000F81000229024E323039382D30515748E3
06-30-2025 15:29:31.279,380,RECV,7E000F8100052E024E353039392D5748304FD9
06-30-2025 15:29:31.329,381,RECV,7E000F81000632024E363039392D32474A37F7
06-30-2025 15:29:31.379,382,RECV,7E000F81000122024E313039392D38514746F5
06-30-2025 15:29:31.380,383,RECV,7E000F81000229024E323039392D41583646ED
