06-30-2025 18:34:31.616,-,API2,"Sink 1,0013A20041839DB1,802.15.4 TH,2003,/dev/ttyUSB0 - 57600/8/M/1/N,1,46"

06-30-2025 18:34:11.941,0,RECV,7E000F81000229024E323030302D4958444EE1
06-30-2025 18:34:11.942,1,RECV,7E000F8100052D024E353030302D57483354E4
06-30-2025 18:34:11.991,2,RECV,7E000F81000228024E323030312D42315A4AFD
06-30-2025 18:34:11.992,3,RECV,7E000F8100052E024E353030312D48305451EB
06-30-2025 18:34:11.992,4,RECV,7E000F81000632024E363030312D334B3554FB
06-30-2025 18:34:12.041,5,RECV,7E000F81000229024E323030322D3532515109
06-30-2025 18:34:12.042,6,RECV,7E000F8100052E024E353030322D38484949F5
06-30-2025 18:34:12.042,7,RECV,7E000F81000632024E363030322D33573846F9
06-30-2025 18:34:12.091,8,RECV,7E000F81000229024E323030332D393133462E
06-30-2025 18:34:12.104,9,RECV,7E000F8100052D024E353030332D5250454FD1
06-30-2025 18:34:12.104,10,RECV,7E000F81000631024E363030332D31504556E5
06-30-2025 18:34:12.142,11,RECV,7E000F81000228024E323030342D343933442D
06-30-2025 18:34:12.142,12,RECV,7E000F81000632024E363030342D4B424651DB
06-30-2025 18:34:12.192,13,RECV,7E000F81000228024E323030352D413944450D
06-30-2025 18:34:12.192,14,RECV,7E000F81000632024E363030352D394E4146F0
06-30-2025 18:34:12.242,15,RECV,7E000F81000228024E323030362D4A5A5A46CB
06-30-2025 18:34:12.256,16,RECV,7E000F81000632024E363030362D3635474803
06-30-2025 18:34:12.292,17,RECV,7E000F81000228024E323030372D384A5049F3
06-30-2025 18:34:12.293,18,RECV,7E000F81000632024E363030372D463241360D
06-30-2025 18:34:12.342,19,RECV,7E000F81000228024E323030382D5938413605
06-30-2025 18:34:12.343,20,RECV,7E000F81000632024E363030382D3442433012
06-30-2025 18:34:12.392,21,RECV,7E000F81000228024E323030392D51554C31E9
06-30-2025 18:34:12.407,22,RECV,7E000F81000632024E363030392D31335A45F7
06-30-2025 18:34:12.442,23,RECV,7E000F8100052E024E353031302D53584E57B8
06-30-2025 18:34:12.442,24,RECV,7E000F81000228024E323031302D4B465753D9
06-30-2025 18:34:12.442,25,RECV,7E000F81000632024E363031302D4F425644D7
06-30-2025 18:34:12.493,26,RECV,7E000F8100052E024E353031312D3637334621
06-30-2025 18:34:12.493,27,RECV,7E000F81000229024E323031312D414D354609
06-30-2025 18:34:12.493,28,RECV,7E000F81000632024E363031312D59493745E3
06-30-2025 18:34:12.543,29,RECV,7E000F8100052E024E353031322D424B5330F6
06-30-2025 18:34:12.562,30,RECV,7E000F81000229024E323031322D52493452F0
06-30-2025 18:34:12.562,31,RECV,7E000F81000632024E363031322D50524A31E3
06-30-2025 18:34:12.593,32,RECV,7E000F8100052E024E353031332D41315256EB
06-30-2025 18:34:12.593,33,RECV,7E000F81000229024E323031332D57355749E4
06-30-2025 18:34:12.593,34,RECV,7E000F81000632024E363031332D58554A49BF
06-30-2025 18:34:12.643,35,RECV,7E000F8100052E024E353031342D4C585835D3
06-30-2025 18:34:12.650,36,RECV,7E000F81000229024E323031342D4D594146E2
06-30-2025 18:34:12.650,37,RECV,7E000F81000632024E363031342D32345551F2
06-30-2025 18:34:12.693,38,RECV,7E000F8100052E024E353031352D5150434FD0
06-30-2025 18:34:12.707,39,RECV,7E000F81000229024E323031352D3937555AEF
06-30-2025 18:34:12.707,40,RECV,7E000F81000631024E363031352D48413059EC
06-30-2025 18:34:12.743,41,RECV,7E000F8100052E024E353031362D3347534CE9
06-30-2025 18:34:12.743,42,RECV,7E000F81000228024E323031362D42534548EC
06-30-2025 18:34:12.744,43,RECV,7E000F81000632024E363031362D415A3245EA
06-30-2025 18:34:12.794,44,RECV,7E000F8100052E024E353031372D5433544ADC
06-30-2025 18:34:12.794,45,RECV,7E000F81000228024E323031372D384B4D310C
06-30-2025 18:34:12.794,46,RECV,7E000F81000631024E363031372D34425357DC
06-30-2025 18:34:12.843,47,RECV,7E000F8100052D024E353031382D3359304BFA
06-30-2025 18:34:12.845,48,RECV,7E000F81000228024E323031382D50544E55C5
06-30-2025 18:34:12.854,49,RECV,7E000F81000631024E363031382D56574D4CB5
06-30-2025 18:34:12.894,50,RECV,7E000F8100052E024E353031392D30435936FD
06-30-2025 18:34:12.894,51,RECV,7E000F81000229024E323031392D5A4C4341E0
06-30-2025 18:34:12.904,52,RECV,7E000F81000632024E363031392D4E4E3356D4
06-30-2025 18:34:12.944,53,RECV,7E000F8100052D024E353032302D56324650EA
06-30-2025 18:34:13.023,54,RECV,7E000F81000229024E323032302D56584F34E1
06-30-2025 18:34:13.036,55,RECV,7E000F81000631024E363032302D51384C49E4
06-30-2025 18:34:13.036,56,RECV,7E000F8100052D024E353032312D5338343018
06-30-2025 18:34:13.036,57,RECV,7E000F81000229024E323032312D58395A45E1
06-30-2025 18:34:13.036,58,RECV,7E000F81000631024E363032312D4149304403
06-30-2025 18:34:13.044,59,RECV,7E000F8100052E024E353032322D51415958C2
06-30-2025 18:34:13.062,60,RECV,7E000F81000229024E323032322D54535739D9
06-30-2025 18:34:13.062,61,RECV,7E000F81000631024E363032322D4A543749E2
06-30-2025 18:34:13.094,62,RECV,7E000F8100052E024E353032332D45445447E0
06-30-2025 18:34:13.103,63,RECV,7E000F81000229024E323032332D5A4A4256D3
06-30-2025 18:34:13.105,64,RECV,7E000F81000632024E363032332D31583945F7
06-30-2025 18:34:13.144,65,RECV,7E000F8100052E024E353032342D4C533157DC
06-30-2025 18:34:13.144,66,RECV,7E000F81000229024E323032342D33454E5AEE
06-30-2025 18:34:13.155,67,RECV,7E000F81000632024E363032342D4D545856AE
06-30-2025 18:34:13.195,68,RECV,7E000F8100052D024E353032352D364B3352FD
06-30-2025 18:34:13.245,69,RECV,7E000F81000229024E323032352D48464249F4
06-30-2025 18:34:13.246,70,RECV,7E000F81000631024E363032352D354D3559ED
06-30-2025 18:34:13.255,71,RECV,7E000F8100052E024E353032362D444C4F30F2
06-30-2025 18:34:13.255,72,RECV,7E000F81000228024E323032362D53464644EA
06-30-2025 18:34:13.255,73,RECV,7E000F81000631024E363032362D32534C5AD1
06-30-2025 18:34:13.345,74,RECV,7E000F8100052E024E353032372D44465A47D5
06-30-2025 18:34:13.358,75,RECV,7E000F81000228024E323032372D3454444BF5
06-30-2025 18:34:13.367,76,RECV,7E000F81000632024E363032372D43585858AF
06-30-2025 18:34:13.367,77,RECV,7E000F8100052D024E353032382D39464B4AEC
06-30-2025 18:34:13.367,78,RECV,7E000F81000228024E323032382D4A545230EB
06-30-2025 18:34:13.367,79,RECV,7E000F81000632024E363032382D384B5348DB
06-30-2025 18:34:13.395,80,RECV,7E000F8100052D024E353032392D58573849CF
06-30-2025 18:34:13.415,81,RECV,7E000F81000228024E323032392D32334C4C0D
06-30-2025 18:34:13.415,82,RECV,7E000F81000631024E363032392D34415A34F6
06-30-2025 18:34:13.445,83,RECV,7E000F8100052D024E353033302D564A494FCF
06-30-2025 18:34:13.495,84,RECV,7E000F81000228024E323033302D4D435641EB
06-30-2025 18:34:13.509,85,RECV,7E000F81000632024E363033302D55455347CC
06-30-2025 18:34:13.509,86,RECV,7E000F8100052E024E353033312D334B4C54E7
06-30-2025 18:34:13.509,87,RECV,7E000F81000229024E323033312D3733344B27
06-30-2025 18:34:13.509,88,RECV,7E000F81000631024E363033312D3344354B09
06-30-2025 18:34:13.596,89,RECV,7E000F8100052E024E353033322D333034333A
06-30-2025 18:34:13.601,90,RECV,7E000F81000229024E323033322D423444391C
06-30-2025 18:34:13.601,91,RECV,7E000F81000631024E363033322D484B4E38E6
06-30-2025 18:34:13.646,92,RECV,7E000F8100052D024E353033332D4D4B4A31F1
06-30-2025 18:34:13.662,93,RECV,7E000F81000229024E323033332D47544357D9
06-30-2025 18:34:13.662,94,RECV,7E000F81000631024E363033332D4B573556D1
06-30-2025 18:34:13.696,95,RECV,7E000F8100052D024E353033342D4433314219
06-30-2025 18:34:13.696,96,RECV,7E000F81000229024E323033342D58364A3302
06-30-2025 18:34:13.696,97,RECV,7E000F81000632024E363033342D56584237D5
06-30-2025 18:34:13.746,98,RECV,7E000F8100052E024E353033352D3738423719
06-30-2025 18:34:13.751,99,RECV,7E000F81000229024E323033352D324243371E
06-30-2025 18:34:13.751,100,RECV,7E000F81000632024E363033352D44335358D9
06-30-2025 18:34:13.767,101,RECV,7E000F8100052E024E353033362D47474B49DE
06-30-2025 18:34:13.767,102,RECV,7E000F81000228024E323033362D344437520B
06-30-2025 18:34:13.768,103,RECV,7E000F81000632024E363033362D34554C51D4
06-30-2025 18:34:13.846,104,RECV,7E000F8100052D024E353033372D5359314BD8
06-30-2025 18:34:13.846,105,RECV,7E000F81000228024E323033372D4A49413205
06-30-2025 18:34:13.846,106,RECV,7E000F81000632024E363033372D49494342E2
06-30-2025 18:34:13.897,107,RECV,7E000F8100052E024E353033382D47463149F7
06-30-2025 18:34:13.899,108,RECV,7E000F81000228024E323033382D4C454D44E8
06-30-2025 18:34:13.899,109,RECV,7E000F81000632024E363033382D58594954AA
06-30-2025 18:34:13.947,110,RECV,7E000F8100052E024E353033392D50415138E3
06-30-2025 18:34:13.952,111,RECV,7E000F81000228024E323033392D41535843DA
06-30-2025 18:34:13.972,112,RECV,7E000F81000632024E363033392D41563636F4
06-30-2025 18:34:13.997,113,RECV,7E000F8100052E024E353034302D52343953F3
06-30-2025 18:34:14.002,114,RECV,7E000F81000228024E323034302D315A4C4EEC
06-30-2025 18:34:14.047,115,RECV,7E000F8100052E024E353034312D50554545D5
06-30-2025 18:34:14.050,116,RECV,7E000F81000229024E323034312D4A51314201
06-30-2025 18:34:14.050,117,RECV,7E000F81000631024E363034312D4230564DEA
06-30-2025 18:34:14.097,118,RECV,7E000F8100052E024E353034322D42555236E4
06-30-2025 18:34:14.102,119,RECV,7E000F81000229024E323034322D4E424A3004
06-30-2025 18:34:14.102,120,RECV,7E000F81000632024E363034322D33594134FC
06-30-2025 18:34:14.147,121,RECV,7E000F8100052E024E353034332D4B343953F7
06-30-2025 18:34:14.153,122,RECV,7E000F81000229024E323034332D52555546CB
06-30-2025 18:34:14.153,123,RECV,7E000F81000632024E363034332D59584654B1
06-30-2025 18:34:14.197,124,RECV,7E000F8100052E024E353034342D53543456D0
06-30-2025 18:34:14.197,125,RECV,7E000F81000229024E323034342D57344650EB
06-30-2025 18:34:14.197,126,RECV,7E000F81000632024E363034342D455A4E36D8
06-30-2025 18:34:14.248,127,RECV,7E000F8100052E024E353034352D59373248F6
06-30-2025 18:34:14.249,128,RECV,7E000F81000229024E323034352D34514C300A
06-30-2025 18:34:14.249,129,RECV,7E000F81000632024E363034352D4C4B4446D9
06-30-2025 18:34:14.305,130,RECV,7E000F8100052E024E353034362D59554642C9
06-30-2025 18:34:14.334,131,RECV,7E000F81000228024E323034362D59465751C4
06-30-2025 18:34:14.334,132,RECV,7E000F81000632024E363034362D4A535745C0
06-30-2025 18:34:14.334,133,RECV,7E000F8100052D024E353034372D55345434EE
06-30-2025 18:34:14.334,134,RECV,7E000F81000228024E323034372D4E46435AD9
06-30-2025 18:34:14.345,135,RECV,7E000F81000632024E363034372D4A38455AD7
06-30-2025 18:34:14.405,136,RECV,7E000F8100052D024E353034382D575A4D4EB2
06-30-2025 18:34:14.405,137,RECV,7E000F81000228024E323034382D59573354D2
06-30-2025 18:34:14.405,138,RECV,7E000F81000631024E363034382D42484538F1
06-30-2025 18:34:14.455,139,RECV,7E000F8100052E024E353034392D4E583851CD
06-30-2025 18:34:14.478,140,RECV,7E000F81000228024E323034392D544A4847DB
06-30-2025 18:34:14.478,141,RECV,7E000F81000631024E363034392D43424D31F4
06-30-2025 18:34:14.505,142,RECV,7E000F8100052D024E353035302D45593242F3
06-30-2025 18:34:14.505,143,RECV,7E000F81000228024E323035302D56335637FA
06-30-2025 18:34:14.505,144,RECV,7E000F81000631024E363035302D49355630FB
06-30-2025 18:34:14.555,145,RECV,7E000F8100052E024E353035312D483634321F
06-30-2025 18:34:14.555,146,RECV,7E000F81000229024E323035312D3348415AF8
06-30-2025 18:34:14.555,147,RECV,7E000F81000632024E363035312D4B364541F6
06-30-2025 18:34:14.605,148,RECV,7E000F8100052E024E353035322D4B384253EA
06-30-2025 18:34:14.605,149,RECV,7E000F81000229024E323035322D463532342C
06-30-2025 18:34:14.605,150,RECV,7E000F81000632024E363035322D56323544FB
06-30-2025 18:34:14.655,151,RECV,7E000F8100052E024E353035332D55574A42C9
06-30-2025 18:34:14.655,152,RECV,7E000F81000229024E323035332D4558484BDC
06-30-2025 18:34:14.655,153,RECV,7E000F81000632024E363035332D3352334CF7
06-30-2025 18:34:14.706,154,RECV,7E000F8100052E024E353035342D3557584DCF
06-30-2025 18:34:14.706,155,RECV,7E000F81000229024E323035342D4836454107
06-30-2025 18:34:14.706,156,RECV,7E000F81000632024E363035342D32553848F3
06-30-2025 18:34:14.756,157,RECV,7E000F8100052E024E353035352D4145324403
06-30-2025 18:34:14.756,158,RECV,7E000F81000229024E323035352D45535444DA
06-30-2025 18:34:14.756,159,RECV,7E000F81000632024E363035352D314F4238FF
06-30-2025 18:34:14.806,160,RECV,7E000F8100052E024E353035362D465A4354C7
06-30-2025 18:34:14.806,161,RECV,7E000F81000228024E323035362D554A4F38E4
06-30-2025 18:34:14.806,162,RECV,7E000F81000632024E363035362D35364657F0
06-30-2025 18:34:14.856,163,RECV,7E000F8100052E024E353035372D43593433FA
06-30-2025 18:34:14.856,164,RECV,7E000F81000229024E323035372D534E3550E2
06-30-2025 18:34:14.856,165,RECV,7E000F81000632024E363035372D504F444FC5
06-30-2025 18:34:14.906,166,RECV,7E000F8100052E024E353035382D37503247FC
06-30-2025 18:34:14.906,167,RECV,7E000F81000229024E323035382D56585541C3
06-30-2025 18:34:14.907,168,RECV,7E000F81000632024E363035382D53584A48B9
06-30-2025 18:34:14.956,169,RECV,7E000F8100052E024E353035392D4F325759CA
06-30-2025 18:34:14.956,170,RECV,7E000F81000228024E323035392D37445443F5
06-30-2025 18:34:14.956,171,RECV,7E000F81000632024E363035392D334E5A41D9
06-30-2025 18:34:15.006,172,RECV,7E000F8100052E024E353036302D544B4632EC
06-30-2025 18:34:15.007,173,RECV,7E000F81000229024E323036302D383852311B
06-30-2025 18:34:15.007,174,RECV,7E000F81000632024E363036302D454A3247F5
06-30-2025 18:34:15.057,175,RECV,7E000F8100052E024E353036312D51383848F9
06-30-2025 18:34:15.057,176,RECV,7E000F81000229024E323036312D3756333716
06-30-2025 18:34:15.057,177,RECV,7E000F81000632024E363036312D4A543954D1
06-30-2025 18:34:15.107,178,RECV,7E000F8100052E024E353036322D454D3351EB
06-30-2025 18:34:15.107,179,RECV,7E000F81000229024E323036322D4B37334D0A
06-30-2025 18:34:15.107,180,RECV,7E000F81000632024E363036322D4D3630390F
06-30-2025 18:34:15.157,181,RECV,7E000F8100052E024E353036332D53375A47D5
06-30-2025 18:34:15.157,182,RECV,7E000F81000229024E323036332D444B364303
06-30-2025 18:34:15.157,183,RECV,7E000F81000632024E363036332D59373355E2
06-30-2025 18:34:15.207,184,RECV,7E000F8100052E024E353036342D464A5246D7
06-30-2025 18:34:15.207,185,RECV,7E000F81000229024E323036342D3930513020
06-30-2025 18:34:15.207,186,RECV,7E000F81000632024E363036342D354D5236EF
06-30-2025 18:34:15.257,187,RECV,7E000F8100052E024E353036352D57415536DB
06-30-2025 18:34:15.258,188,RECV,7E000F81000228024E323036352D504D4C4CD5
06-30-2025 18:34:15.258,189,RECV,7E000F81000632024E363036352D4C304459DF
06-30-2025 18:34:15.307,190,RECV,7E000F8100052E024E353036362D344A4B35FF
06-30-2025 18:34:15.308,191,RECV,7E000F81000228024E323036362D3538484A0A
06-30-2025 18:34:15.318,192,RECV,7E000F81000632024E363036362D43524651CB
06-30-2025 18:34:15.358,193,RECV,7E000F8100052E024E353036372D49465A55BE
06-30-2025 18:34:15.368,194,RECV,7E000F81000228024E323036372D4E375954D6
06-30-2025 18:34:15.368,195,RECV,7E000F81000632024E363036372D414D3645ED
06-30-2025 18:34:15.407,196,RECV,7E000F8100052E024E353036382D3134364C14
06-30-2025 18:34:15.407,197,RECV,7E000F81000228024E323036382D41424D38FF
06-30-2025 18:34:15.407,198,RECV,7E000F81000632024E363036382D53493936EA
06-30-2025 18:34:15.457,199,RECV,7E000F8100052E024E353036392D4D5A5041C2
06-30-2025 18:34:15.460,200,RECV,7E000F81000228024E323036392D5149365ADC
06-30-2025 18:34:15.460,201,RECV,7E000F81000632024E363036392D50414B4ACE
06-30-2025 18:34:15.508,202,RECV,7E000F8100052E024E353037302D4F433953E4
06-30-2025 18:34:15.508,203,RECV,7E000F81000229024E323037302D3734333936
06-30-2025 18:34:15.528,204,RECV,7E000F81000632024E363037302D48365030FE
06-30-2025 18:34:15.561,205,RECV,7E000F8100052E024E353037312D333534580D
06-30-2025 18:34:15.561,206,RECV,7E000F81000229024E323037312D4649353315
06-30-2025 18:34:15.608,207,RECV,7E000F81000632024E363037312D44514731EE
06-30-2025 18:34:15.608,208,RECV,7E000F8100052E024E353037322D594B5458B0
06-30-2025 18:34:15.618,209,RECV,7E000F81000229024E323037322D54394F53DC
06-30-2025 18:34:15.619,210,RECV,7E000F81000632024E363037322D3158445AD3
06-30-2025 18:34:15.658,211,RECV,7E000F8100052E024E353037332D414B5130F2
06-30-2025 18:34:15.708,212,RECV,7E000F81000229024E323037332D5433445AE5
06-30-2025 18:34:15.712,213,RECV,7E000F81000632024E363037332D584A4156C0
06-30-2025 18:34:15.712,214,RECV,7E000F8100052E024E353037342D47493359E2
06-30-2025 18:34:15.758,215,RECV,7E000F81000229024E323037342D5A584C35D6
06-30-2025 18:34:15.759,216,RECV,7E000F81000632024E363037342D3732395303
06-30-2025 18:34:15.759,217,RECV,7E000F8100052E024E353037352D324F5635F1
06-30-2025 18:34:15.759,218,RECV,7E000F81000228024E323037352D4754544ECC
06-30-2025 18:34:15.779,219,RECV,7E000F81000632024E363037352D524C3347DF
06-30-2025 18:34:15.808,220,RECV,7E000F8100052E024E353037362D433036490A
06-30-2025 18:34:15.809,221,RECV,7E000F81000228024E323037362D4231583706
06-30-2025 18:34:15.858,222,RECV,7E000F81000632024E363037362D31304A3516
06-30-2025 18:34:15.858,223,RECV,7E000F8100052E024E353037372D534F4551C3
06-30-2025 18:34:15.889,224,RECV,7E000F81000229024E323037372D4C42484EE2
06-30-2025 18:34:15.889,225,RECV,7E000F81000632024E363037372D46553739EA
06-30-2025 18:34:15.920,226,RECV,7E000F8100052E024E353037382D4C50335AD1
06-30-2025 18:34:15.920,227,RECV,7E000F81000228024E323037382D425A5049D1
06-30-2025 18:34:15.921,228,RECV,7E000F81000632024E363037382D43415152CD
06-30-2025 18:34:15.959,229,RECV,7E000F8100052E024E353037392D30314B4B02
06-30-2025 18:34:16.009,230,RECV,7E000F81000228024E323037392D4155383205
06-30-2025 18:34:16.009,231,RECV,7E000F81000633024E363037392D4F433535F6
06-30-2025 18:34:16.009,232,RECV,7E000F8100052E024E353038302D35474257EC
06-30-2025 18:34:16.059,233,RECV,7E000F81000229024E323038302D46455047EA
06-30-2025 18:34:16.060,234,RECV,7E000F81000632024E363038302D46474C34EE
06-30-2025 18:34:16.060,235,RECV,7E000F8100052E024E353038312D38445045EF
06-30-2025 18:34:16.110,236,RECV,7E000F81000229024E323038312D4C435745E0
06-30-2025 18:34:16.113,237,RECV,7E000F81000632024E363038312D4E554A33DA
06-30-2025 18:34:16.113,238,RECV,7E000F8100052E024E353038322D4F515758B0
06-30-2025 18:34:16.159,239,RECV,7E000F81000229024E323038322D394B394805
06-30-2025 18:34:16.163,240,RECV,7E000F81000632024E363038322D4235424BF5
06-30-2025 18:34:16.164,241,RECV,7E000F8100052E024E353038332D36394653F6
06-30-2025 18:34:16.210,242,RECV,7E000F81000229024E323038332D3238354327
06-30-2025 18:34:16.215,243,RECV,7E000F81000630024E363038332D475A4252C5
06-30-2025 18:34:16.215,244,RECV,7E000F8100052B024E353038342D4E5A324ADC
06-30-2025 18:34:16.260,245,RECV,7E000F81000229024E323038342D3441544CF3
06-30-2025 18:34:16.267,246,RECV,7E000F8100062F024E363038342D36564636F2
06-30-2025 18:34:16.267,247,RECV,7E000F8100052B024E353038352D30543859EA
06-30-2025 18:34:16.310,248,RECV,7E000F81000228024E323038352D524F5837D8
06-30-2025 18:34:16.324,249,RECV,7E000F8100062F024E363038352D53364535F6
06-30-2025 18:34:16.324,250,RECV,7E000F8100052B024E353038362D5457374BD1
06-30-2025 18:34:16.340,251,RECV,7E000F81000228024E323038362D574D5636D7
06-30-2025 18:34:16.342,252,RECV,7E000F8100062F024E363038362D594B5450B0
06-30-2025 18:34:16.410,253,RECV,7E000F8100052B024E353038372D46463552EA
06-30-2025 18:34:16.412,254,RECV,7E000F81000228024E323038372D5A574742CC
06-30-2025 18:34:16.412,255,RECV,7E000F8100062F024E363038372D304D354AFB
06-30-2025 18:34:16.460,256,RECV,7E000F8100052C024E353038382D5036484FDE
06-30-2025 18:34:16.465,257,RECV,7E000F81000228024E323038382D3239304624
06-30-2025 18:34:16.465,258,RECV,7E000F8100062F024E363038382D3641524CE1
06-30-2025 18:34:16.511,259,RECV,7E000F8100052C024E353038392D3138323728
06-30-2025 18:34:16.515,260,RECV,7E000F81000228024E323038392D4E583557D2
06-30-2025 18:34:16.515,261,RECV,7E000F8100062F024E363038392D313236302C
06-30-2025 18:34:16.515,262,RECV,7E000F8100052B024E353039302D4D464D4AD9
06-30-2025 18:34:16.561,263,RECV,7E000F81000229024E323039302D34315552FF
06-30-2025 18:34:16.574,264,RECV,7E000F8100062F024E363039302D344244380B
06-30-2025 18:34:16.582,265,RECV,7E000F8100052C024E353039312D33555635EE
06-30-2025 18:34:16.592,266,RECV,7E000F81000229024E323039312D304237342D
06-30-2025 18:34:16.627,267,RECV,7E000F8100062F024E363039312D4B553335F4
06-30-2025 18:34:16.661,268,RECV,7E000F8100052C024E353039322D4A443251EF
06-30-2025 18:34:16.661,269,RECV,7E000F81000229024E323039322D5A4D5A49BF
06-30-2025 18:34:16.661,270,RECV,7E000F8100062F024E363039322D45384750E7
06-30-2025 18:34:16.711,271,RECV,7E000F8100052B024E353039332D56534453C0
06-30-2025 18:34:16.724,272,RECV,7E000F81000229024E323039332D45375448F0
06-30-2025 18:34:16.724,273,RECV,7E000F8100062F024E363039332D4F533731F0
06-30-2025 18:34:16.761,274,RECV,7E000F8100052C024E353039342D45495339E4
06-30-2025 18:34:16.778,275,RECV,7E000F81000229024E323039342D45484737FC
06-30-2025 18:34:16.778,276,RECV,7E000F8100062F024E363039342D4337304F00
06-30-2025 18:34:16.811,277,RECV,7E000F8100052D024E353039352D5347395ACF
06-30-2025 18:34:16.816,278,RECV,7E000F81000229024E323039352D35455242F8
06-30-2025 18:34:16.816,279,RECV,7E000F81000631024E363039352D5A4E4F43BC
06-30-2025 18:34:16.861,280,RECV,7E000F8100052B024E353039362D58324156DC
06-30-2025 18:34:16.877,281,RECV,7E000F81000229024E323039362D4A474432FE
06-30-2025 18:34:16.877,282,RECV,7E000F8100062F024E363039362D55584737CC
06-30-2025 18:34:16.911,283,RECV,7E000F8100052B024E353039372D51413354E3
06-30-2025 18:34:16.929,284,RECV,7E000F81000228024E323039372D47444E48E4
06-30-2025 18:34:16.929,285,RECV,7E000F8100062F024E363039372D594E3547D3
06-30-2025 18:34:16.962,286,RECV,7E000F8100052C024E353039382D54343653E9
06-30-2025 18:34:16.962,287,RECV,7E000F81000228024E323039382D3545443214
06-30-2025 18:34:16.962,288,RECV,7E000F8100062F024E363039382D4F515735C9
06-30-2025 18:34:17.012,289,RECV,7E000F8100052E024E353039392D4B324B43EC
06-30-2025 18:34:17.016,290,RECV,7E000F81000228024E323039392D504C4E4ECB
06-30-2025 18:34:17.016,291,RECV,7E000F81000631024E363039392D53544C41BE
