09-07-2025 15:22:01.939,-,API2,"Sink 1,0013A20041839DB1,802.15.4 TH,2003,/dev/ttyUSB0 - 57600/8/M/1/N,1,46"

09-07-2025 15:21:14.169,0,RECV,7E000F81000325024E333030302D4F314A4B01
09-07-2025 15:21:14.169,1,RECV,7E000F8100041C024E343030302D4448364E0D
09-07-2025 15:21:14.170,2,RECV,7E000F81000215024E323030302D5756433008
09-07-2025 15:21:14.170,3,RECV,7E000F81000117024E313030302D4357334F0C
09-07-2025 15:21:14.208,4,RECV,7E000F81000325024E333030312D5232305110
09-07-2025 15:21:14.210,5,RECV,7E000F81000215024E323030312D374F453824
09-07-2025 15:21:14.210,6,RECV,7E000F81000117024E313030312D353253531A
09-07-2025 15:21:14.248,7,RECV,7E000F81000325024E333030322D44544857DD
09-07-2025 15:21:14.251,8,RECV,7E000F81000215024E323030322D44465A4EF4
09-07-2025 15:21:14.251,9,RECV,7E000F81000117024E313030322D53513453FB
09-07-2025 15:21:14.298,10,RECV,7E000F81000325024E333030332D43525A32F2
09-07-2025 15:21:14.299,11,RECV,7E000F81000215024E323030332D57534F33F9
09-07-2025 15:21:14.299,12,RECV,7E000F81000117024E313030332D4B3142547D33
09-07-2025 15:21:14.349,13,RECV,7E000F81000325024E333030342D37564F48EE
09-07-2025 15:21:14.349,14,RECV,7E000F81000215024E323030342D5134534507
09-07-2025 15:21:14.350,15,RECV,7E000F81000117024E313030342D524D4D4CEC
09-07-2025 15:21:14.400,16,RECV,7E000F81000325024E333030352D3455585AD6
09-07-2025 15:21:14.420,17,RECV,7E000F81000215024E323030352D56583151F3
09-07-2025 15:21:14.424,18,RECV,7E000F81000117024E313030352D47545847E9
09-07-2025 15:21:14.424,19,RECV,7E000F81000325024E333030362D4E34384A0C
09-07-2025 15:21:14.424,20,RECV,7E000F81000215024E323030362D4C4C4450F6
09-07-2025 15:21:14.424,21,RECV,7E000F81000117024E313030362D485242380E
09-07-2025 15:21:14.449,22,RECV,7E000F81000325024E333030372D47505851CF
09-07-2025 15:21:14.449,23,RECV,7E000F81000215024E323030372D3350313934
09-07-2025 15:21:14.459,24,RECV,7E000F81000117024E313030372D4E4736490D
09-07-2025 15:21:14.499,25,RECV,7E000F81000325024E333030382D555A4348D4
09-07-2025 15:21:14.499,26,RECV,7E000F81000215024E323030382D444F33500A
09-07-2025 15:21:14.500,27,RECV,7E000F81000117024E313030382D455331447D33
09-07-2025 15:21:14.549,28,RECV,7E000F81000325024E333030392D42524D46E6
09-07-2025 15:21:14.576,29,RECV,7E000F81000215024E323030392D58503453F0
09-07-2025 15:21:14.581,30,RECV,7E000F81000117024E313030392D46344D3226
09-07-2025 15:21:14.599,31,RECV,7E000F81000325024E333031302D374A41450E
09-07-2025 15:21:14.599,32,RECV,7E000F81000215024E323031302D474D35530B
09-07-2025 15:21:14.599,33,RECV,7E000F81000117024E313031302D3445365424
09-07-2025 15:21:14.649,34,RECV,7E000F81000325024E333031312D52364652F4
09-07-2025 15:21:14.649,35,RECV,7E000F81000215024E323031312D31354C4232
09-07-2025 15:21:14.649,36,RECV,7E000F81000117024E313031312D4C46564EF0
09-07-2025 15:21:14.649,37,RECV,7E000F81000324024E333031322D4D4C3859EA
09-07-2025 15:21:14.649,38,RECV,7E000F81000215024E323031322D3242364E2D
09-07-2025 15:21:14.670,39,RECV,7E000F81000117024E313031322D4C4943420B
09-07-2025 15:21:14.700,40,RECV,7E000F81000215024E323031332D42454F55F9
09-07-2025 15:21:14.717,41,RECV,7E000F81000117024E313031332D393941323F
09-07-2025 15:21:14.750,42,RECV,7E000F81000215024E323031342D3942324333
09-07-2025 15:21:14.750,43,RECV,7E000F81000117024E313031342D54514751E6
09-07-2025 15:21:14.800,44,RECV,7E000F81000215024E323031352D394832313E
09-07-2025 15:21:14.800,45,RECV,7E000F81000117024E313031352D415A373818
09-07-2025 15:21:14.850,46,RECV,7E000F81000215024E323031362D50544A45EE
09-07-2025 15:21:14.850,47,RECV,7E000F81000117024E313031362D3651424A0E
09-07-2025 15:21:14.900,48,RECV,7E000F81000215024E323031372D314F34501C
09-07-2025 15:21:14.900,49,RECV,7E000F81000117024E313031372D55504E5AD3
09-07-2025 15:21:14.950,50,RECV,7E000F81000215024E323031382D53415344F4
09-07-2025 15:21:14.950,51,RECV,7E000F81000117024E313031382D3430465223
09-07-2025 15:21:14.950,52,RECV,7E000F81000215024E323031392D564B5A35EE
09-07-2025 15:21:14.960,53,RECV,7E000F81000117024E313031392D4E554659DC
09-07-2025 15:21:15.000,54,RECV,7E000F81000215024E323032302D58415643F4
09-07-2025 15:21:15.000,55,RECV,7E000F81000117024E313032302D513431353B
09-07-2025 15:21:15.050,56,RECV,7E000F81000215024E323032312D37554B3717
09-07-2025 15:21:15.051,57,RECV,7E000F81000117024E313032312D4645395809
09-07-2025 15:21:15.100,58,RECV,7E000F81000215024E323032322D4433484520
09-07-2025 15:21:15.101,59,RECV,7E000F81000117024E313032322D4931425810
09-07-2025 15:21:15.151,60,RECV,7E000F81000215024E323032332D5442464BFC
09-07-2025 15:21:15.186,61,RECV,7E000F81000117024E313032332D5854544AD9
09-07-2025 15:21:15.197,62,RECV,7E000F81000215024E323032342D30374E5419
09-07-2025 15:21:15.197,63,RECV,7E000F81000117024E313032342D4432365620
09-07-2025 15:21:15.201,64,RECV,7E000F81000215024E323032352D323447363E
09-07-2025 15:21:15.201,65,RECV,7E000F81000117024E313032352D534C5335FA
09-07-2025 15:21:15.251,66,RECV,7E000F81000215024E323032362D46585233FD
09-07-2025 15:21:15.288,67,RECV,7E000F81000117024E313032362D594B5534F3
09-07-2025 15:21:15.301,68,RECV,7E000F81000215024E323032372D5456445AD7
09-07-2025 15:21:15.306,69,RECV,7E000F81000117024E313032372D37565752E9
09-07-2025 15:21:15.351,70,RECV,7E000F81000215024E323032382D32425A56FA
09-07-2025 15:21:15.358,71,RECV,7E000F81000117024E313032382D5A4D544AD9
09-07-2025 15:21:15.401,72,RECV,7E000F81000215024E323032392D4B49514BED
09-07-2025 15:21:15.415,73,RECV,7E000F81000117024E313032392D51584459D7
09-07-2025 15:21:15.416,74,RECV,7E000F81000215024E323033302D58304E351A
09-07-2025 15:21:15.416,75,RECV,7E000F81000117024E313033302D3244423835
09-07-2025 15:21:15.451,76,RECV,7E000F81000215024E323033312D38485253FF
09-07-2025 15:21:15.451,77,RECV,7E000F81000117024E313033312D3141425818
09-07-2025 15:21:15.501,78,RECV,7E000F81000215024E323033322D454F5759DF
09-07-2025 15:21:15.502,79,RECV,7E000F81000117024E313033322D55515542E6
09-07-2025 15:21:15.552,80,RECV,7E000F81000216024E323033332D5A4D4943EE
09-07-2025 15:21:15.552,81,RECV,7E000F81000117024E313033332D4D4F4657E9
09-07-2025 15:21:15.602,82,RECV,7E000F81000215024E323033342D4F345152FB
09-07-2025 15:21:15.603,83,RECV,7E000F81000117024E313033342D4351544FEA
09-07-2025 15:21:15.652,84,RECV,7E000F81000215024E323033352D4951434102
09-07-2025 15:21:15.652,85,RECV,7E000F81000117024E313033352D56594E36ED
09-07-2025 15:21:15.662,86,RECV,7E000F81000215024E323033362D314539363A
09-07-2025 15:21:15.662,87,RECV,7E000F81000117024E313033362D454A5257E7
09-07-2025 15:21:15.702,88,RECV,7E000F81000215024E323033372D334A304A27
09-07-2025 15:21:15.702,89,RECV,7E000F81000117024E313033372D3359573902
09-07-2025 15:21:15.752,90,RECV,7E000F81000215024E323033382D3349513818
09-07-2025 15:21:15.752,91,RECV,7E000F81000117024E313033382D484D554BE8
09-07-2025 15:21:15.802,92,RECV,7E000F81000215024E323033392D35524157FD
09-07-2025 15:21:15.803,93,RECV,7E000F81000117024E313033392D47415945F6
09-07-2025 15:21:15.852,94,RECV,7E000F81000215024E323034302D5254334FFC
09-07-2025 15:21:15.853,95,RECV,7E000F81000117024E313034302D47465745FB
09-07-2025 15:21:15.863,96,RECV,7E000F81000215024E323034312D3655533015
09-07-2025 15:21:15.863,97,RECV,7E000F81000117024E313034312D425A313521
09-07-2025 15:21:15.902,98,RECV,7E000F81000215024E323034322D53444D43FB
09-07-2025 15:21:15.903,99,RECV,7E000F81000117024E313034322D564E525AD2
09-07-2025 15:21:15.952,100,RECV,7E000F81000215024E323034332D384159440B
09-07-2025 15:21:15.958,101,RECV,7E000F81000117024E313034332D454148490A
09-07-2025 15:21:16.003,102,RECV,7E000F81000215024E323034342D513938530B
09-07-2025 15:21:16.003,103,RECV,7E000F81000117024E313034342D59493851F5
09-07-2025 15:21:16.053,104,RECV,7E000F81000215024E323034352D564F4B4FE0
09-07-2025 15:21:16.053,105,RECV,7E000F81000117024E313034352D4F34384420
09-07-2025 15:21:16.103,106,RECV,7E000F81000215024E323034362D494E4D41F9
09-07-2025 15:21:16.110,107,RECV,7E000F81000117024E313034362D4B31314C25
09-07-2025 15:21:16.110,108,RECV,7E000F81000215024E323034372D32454A4F0D
09-07-2025 15:21:16.110,109,RECV,7E000F81000117024E313034372D3654353925
09-07-2025 15:21:16.153,110,RECV,7E000F81000215024E323034382D3830394635
09-07-2025 15:21:16.153,111,RECV,7E000F81000117024E313034382D465232341E
09-07-2025 15:21:16.203,112,RECV,7E000F81000215024E323034392D454A30312B
09-07-2025 15:21:16.204,113,RECV,7E000F81000117024E313034392D3641554B04
09-07-2025 15:21:16.253,114,RECV,7E000F81000215024E323035302D4D4142351E
09-07-2025 15:21:16.261,115,RECV,7E000F81000117024E313035302D35415A361D
09-07-2025 15:21:16.303,116,RECV,7E000F81000215024E323035312D3055534406
09-07-2025 15:21:16.303,117,RECV,7E000F81000117024E313035312D324E494E0B
09-07-2025 15:21:16.354,118,RECV,7E000F81000216024E323035322D4847545AE3
09-07-2025 15:21:16.354,119,RECV,7E000F81000117024E313035322D383139344B
09-07-2025 15:21:16.364,120,RECV,7E000F8100041C024E343035332D31454E4E03
09-07-2025 15:21:16.368,121,RECV,7E000F81000215024E323035332D51444C4DF2
09-07-2025 15:21:16.404,122,RECV,7E000F8100041C024E343035342D5034494304
09-07-2025 15:21:16.420,123,RECV,7E000F81000215024E323035342D51504936FF
09-07-2025 15:21:16.454,124,RECV,7E000F8100041C024E343035352D3647454908
09-07-2025 15:21:16.454,125,RECV,7E000F81000215024E323035352D474A363423
09-07-2025 15:21:16.504,126,RECV,7E000F8100041C024E343035362D47574D35F2
09-07-2025 15:21:16.554,127,RECV,7E000F8100041C024E343035372D3349343829
09-07-2025 15:21:16.575,128,RECV,7E000F8100041C024E343035382D5A42333809
09-07-2025 15:21:16.605,129,RECV,7E000F8100041C024E343035392D51384D3504
09-07-2025 15:21:16.655,130,RECV,7E000F8100041D024E343036302D4E583549F2
09-07-2025 15:21:16.704,131,RECV,7E000F8100041C024E343036312D3734334F29
09-07-2025 15:21:16.755,132,RECV,7E000F8100041C024E343036322D4E535A50CA
09-07-2025 15:21:16.805,133,RECV,7E000F8100041C024E343036332D41354D450C
09-07-2025 15:21:16.805,134,RECV,7E000F81000214024E323036332D51465449EC
09-07-2025 15:21:16.855,135,RECV,7E000F8100041C024E343036342D524230311E
09-07-2025 15:21:16.857,136,RECV,7E000F8100041C024E343036352D373257371B
09-07-2025 15:21:16.858,137,RECV,7E000F81000215024E323036352D37414F3323
09-07-2025 15:21:16.905,138,RECV,7E000F8100041C024E343036362D4F424E56DC
09-07-2025 15:21:16.905,139,RECV,7E000F81000215024E323036362D383545597D31
09-07-2025 15:21:16.955,140,RECV,7E000F8100041C024E343036372D4956424DE2
09-07-2025 15:21:16.956,141,RECV,7E000F81000215024E323036372D3548555AEF
09-07-2025 15:21:17.005,142,RECV,7E000F8100041C024E343036382D333642481C
09-07-2025 15:21:17.055,143,RECV,7E000F8100041C024E343036392D434C4353E9
09-07-2025 15:21:17.066,144,RECV,7E000F8100041C024E343037302D43484D5AE4
09-07-2025 15:21:17.106,145,RECV,7E000F81000117024E313037312D335A4F55EF
09-07-2025 15:21:17.116,146,RECV,7E000F81000216024E323037312D45575947E3
09-07-2025 15:21:17.156,147,RECV,7E000F8100041C024E343037322D4C523346FD
09-07-2025 15:21:17.166,148,RECV,7E000F81000215024E323037322D50415157E6
09-07-2025 15:21:17.206,149,RECV,7E000F8100041C024E343037332D49485946E3
09-07-2025 15:21:17.206,150,RECV,7E000F81000117024E313037332D4747444FFD
09-07-2025 15:21:17.207,151,RECV,7E000F81000215024E323037332D534D4949EC
09-07-2025 15:21:17.256,152,RECV,7E000F8100041C024E343037342D50583459DD
09-07-2025 15:21:17.256,153,RECV,7E000F81000215024E323037342D37344C537D33
09-07-2025 15:21:17.277,154,RECV,7E000F8100041C024E343037352D51555742D2
09-07-2025 15:21:17.282,155,RECV,7E000F81000215024E323037352D47485251EA
09-07-2025 15:21:17.306,156,RECV,7E000F8100041C024E343037362D344E4C340E
09-07-2025 15:21:17.356,157,RECV,7E000F8100041C024E343037372D3342435700
09-07-2025 15:21:17.356,158,RECV,7E000F81000214024E323037372D3834363148
09-07-2025 15:21:17.407,159,RECV,7E000F8100041C024E343037382D325A4E36FE
09-07-2025 15:21:17.407,160,RECV,7E000F81000214024E323037382D3358534AF2
09-07-2025 15:21:17.456,161,RECV,7E000F8100041C024E343037392D4B34323527
09-07-2025 15:21:17.507,162,RECV,7E000F8100041D024E343038302D544C4E36F0
09-07-2025 15:21:17.507,163,RECV,7E000F81000215024E323038302D344A383535
09-07-2025 15:21:17.508,164,RECV,7E000F81000117024E313038302D544630381E
09-07-2025 15:21:17.557,165,RECV,7E000F8100041C024E343038312D5735315304
09-07-2025 15:21:17.607,166,RECV,7E000F8100041C024E343038322D3943474A06
09-07-2025 15:21:17.619,167,RECV,7E000F81000215024E323038322D314F425309
09-07-2025 15:21:17.619,168,RECV,7E000F81000214024E323038332D465A4247F5
09-07-2025 15:21:17.657,169,RECV,7E000F8100041C024E343038342D37524757EA
09-07-2025 15:21:17.657,170,RECV,7E000F81000215024E323038342D3836363642
09-07-2025 15:21:17.658,171,RECV,7E000F81000117024E313038342D46505534FD
09-07-2025 15:21:17.708,172,RECV,7E000F8100041C024E343038352D59513355DE
09-07-2025 15:21:17.708,173,RECV,7E000F81000215024E323038352D4A4A4257EE
09-07-2025 15:21:17.708,174,RECV,7E000F81000117024E313038352D42324C3823
09-07-2025 15:21:17.758,175,RECV,7E000F8100041D024E343038362D3334505AFD
09-07-2025 15:21:17.779,176,RECV,7E000F81000215024E323038362D474E315004
09-07-2025 15:21:17.787,177,RECV,7E000F8100041C024E343038372D465A4442E8
09-07-2025 15:21:17.808,178,RECV,7E000F8100041C024E343038382D3633554C03
09-07-2025 15:21:17.858,179,RECV,7E000F8100041C024E343038392D51574737E6
09-07-2025 15:21:17.908,180,RECV,7E000F8100041C024E343039302D5656334EE7
09-07-2025 15:21:17.958,181,RECV,7E000F8100041C024E343039312D5436503801
09-07-2025 15:21:17.978,182,RECV,7E000F8100041C024E343039322D50394F44F6
09-07-2025 15:21:18.008,183,RECV,7E000F8100041C024E343039332D324C34431C
09-07-2025 15:21:18.029,184,RECV,7E000F81000215024E323039332D414E50300D
09-07-2025 15:21:18.058,185,RECV,7E000F8100041C024E343039342D574C3347F3
09-07-2025 15:21:18.108,186,RECV,7E000F8100041C024E343039352D494B4A4CE5
09-07-2025 15:21:18.111,187,RECV,7E000F81000215024E323039352D344147431B
09-07-2025 15:21:18.111,188,RECV,7E000F81000117024E313039352D55475742E5
09-07-2025 15:21:18.158,189,RECV,7E000F8100041C024E343039362D4C5A4C41DB
09-07-2025 15:21:18.158,190,RECV,7E000F81000214024E323039362D393939511E
09-07-2025 15:21:18.209,191,RECV,7E000F8100041C024E343039372D43484748F3
09-07-2025 15:21:18.234,192,RECV,7E000F81000117024E313039372D4E574758D4
09-07-2025 15:21:18.234,193,RECV,7E000F81000216024E323039372D4745363223
09-07-2025 15:21:18.259,194,RECV,7E000F8100041C024E343039382D42304659FB
09-07-2025 15:21:18.262,195,RECV,7E000F81000325024E333039382D58475150C5
09-07-2025 15:21:18.309,196,RECV,7E000F8100041C024E343039392D494C4E35F3
09-07-2025 15:21:18.309,197,RECV,7E000F81000215024E323039392D4C5A4E53CF
09-07-2025 15:21:18.309,198,RECV,7E000F81000325024E333039392D323938540D
