05-27-2025 01:55:07.922,-,API2,"Sink 2,0013A20041839DCA,802.15.4 TH,2003,/dev/ttyUSB2 - 57600/8/M/1/N,1,46"

05-27-2025 01:52:46.867,0,RECV,7E000F81000024024E343030302D4C3035577D31
05-27-2025 01:52:46.868,1,RECV,7E000F8100001C024E333030302D3236514425
05-27-2025 01:52:47.671,2,RECV,7E000F81000034024E383030312D53505351BD
05-27-2025 01:52:47.681,3,RECV,7E000F81000023024E343030312D5138344517
05-27-2025 01:52:47.681,4,RECV,7E000F8100003D024E373030312D364B4642F3
05-27-2025 01:52:47.682,5,RECV,7E000F8100001C024E333030312D53304C3220
05-27-2025 01:52:47.692,6,RECV,7E007D338100001C000BFFFFFFFFFFFFFFFF0000005348C4
05-27-2025 01:52:47.692,7,RECV,7E007D3381000035000BFFFFFFFFFFFFFFFF0000005348AB
05-27-2025 01:52:47.692,8,RECV,7E007D3381000023000BFFFFFFFFFFFFFFFF0000005348BD
05-27-2025 01:52:48.475,9,RECV,7E000F81000036024E383030322D5547364DE2
05-27-2025 01:52:48.476,10,RECV,7E000F81000023024E343030322D4747335106
05-27-2025 01:52:48.477,11,RECV,7E000F8100001C024E333030322D4149363927
05-27-2025 01:52:49.277,12,RECV,7E000F81000038024E383030332D4858464ECA
05-27-2025 01:52:49.278,13,RECV,7E000F81000023024E343030332D38564D58E4
05-27-2025 01:52:49.279,14,RECV,7E000F81000041024E373030332D4B563637E8
05-27-2025 01:52:49.280,15,RECV,7E000F8100001C024E333030332D5537433020
05-27-2025 01:52:50.080,16,RECV,7E000F81000037024E383030342D364C504CE0
05-27-2025 01:52:50.081,17,RECV,7E000F81000022024E343030342D434C5443F1
05-27-2025 01:52:50.081,18,RECV,7E000F8100003F024E373030342D36585656BD
05-27-2025 01:52:50.081,19,RECV,7E000F8100001C024E333030342D3250374D18
05-27-2025 01:52:50.884,20,RECV,7E000F81000036024E383030352D314E42330A
05-27-2025 01:52:50.897,21,RECV,7E000F81000023024E343030352D3235455712
05-27-2025 01:52:50.897,22,RECV,7E000F8100001C024E333030352D4841423919
05-27-2025 01:52:51.686,23,RECV,7E000F81000034024E383030362D5638353606
05-27-2025 01:52:51.694,24,RECV,7E000F81000023024E343030362D5A553257DC
05-27-2025 01:52:51.697,25,RECV,7E000F8100001C024E333030362D494E3952FA
05-27-2025 01:52:51.737,26,RECV,7E007D3381000034007D31FFFFFFFFFFFFFFFF0000005348A6
05-27-2025 01:52:51.737,27,RECV,7E007D338100001C007D31FFFFFFFFFFFFFFFF0000005348BE
05-27-2025 01:52:51.737,28,RECV,7E007D3381000023007D31FFFFFFFFFFFFFFFF0000005348B7
05-27-2025 01:52:51.737,29,RECV,7E007D338100003E007D31FFFFFFFFFFFFFFFF00000053489C
05-27-2025 01:52:52.489,30,RECV,7E000F81000035024E383030372D3839355502
05-27-2025 01:52:52.491,31,RECV,7E000F81000023024E343030372D49574450DF
05-27-2025 01:52:52.492,32,RECV,7E000F8100001C024E333030372D4F4F5839EC
05-27-2025 01:52:53.290,33,RECV,7E000F81000039024E383030382D4145303210
05-27-2025 01:52:53.291,34,RECV,7E000F81000023024E343030382D514F4556D7
05-27-2025 01:52:53.292,35,RECV,7E000F8100001C024E333030382D56534257D8
05-27-2025 01:52:54.092,36,RECV,7E000F81000037024E383030392D47465844D0
05-27-2025 01:52:54.093,37,RECV,7E000F81000023024E343030392D574F5A54BD
05-27-2025 01:52:54.094,38,RECV,7E000F8100001C024E333030392D454B36440F
05-27-2025 01:52:54.894,39,RECV,7E000F81000036024E383031302D59435035E1
05-27-2025 01:52:54.895,40,RECV,7E000F81000023024E343031302D55544D43E0
05-27-2025 01:52:54.896,41,RECV,7E000F8100001C024E333031302D3548504D07
05-27-2025 01:52:55.697,42,RECV,7E000F81000034024E383031312D4943345AE9
05-27-2025 01:52:55.697,43,RECV,7E000F81000023024E343031312D43384B3919
05-27-2025 01:52:55.699,44,RECV,7E000F8100001C024E333031312D434B4E390B
05-27-2025 01:52:55.706,45,RECV,7E007D33810000340017FFFFFFFFFFFFFFFF0000005348A0
05-27-2025 01:52:55.747,46,RECV,7E007D33810000230017FFFFFFFFFFFFFFFF0000005348B1
05-27-2025 01:52:55.747,47,RECV,7E007D338100001C0017FFFFFFFFFFFFFFFF0000005348B8
05-27-2025 01:52:55.747,48,RECV,7E007D338100003E0017FFFFFFFFFFFFFFFF000000534896
05-27-2025 01:52:56.499,49,RECV,7E000F81000034024E383031322D4B38474DEB
05-27-2025 01:52:56.499,50,RECV,7E000F81000022024E343031322D3035483833
05-27-2025 01:52:56.500,51,RECV,7E000F8100001C024E333031322D4133354531
05-27-2025 01:52:57.302,52,RECV,7E000F81000033024E383031332D4C475455C6
05-27-2025 01:52:57.302,53,RECV,7E000F81000023024E343031332D55425530FA
05-27-2025 01:52:57.309,54,RECV,7E000F8100001C024E333031332D4342314721
05-27-2025 01:52:57.309,55,RECV,7E000F8100003E024E373031332D42484633F5
05-27-2025 01:52:58.103,56,RECV,7E000F81000036024E383031342D3550354301
05-27-2025 01:52:58.104,57,RECV,7E000F81000022024E343031342D52564C38EA
05-27-2025 01:52:58.105,58,RECV,7E000F8100001C024E333031342D3334505214
05-27-2025 01:52:58.105,59,RECV,7E000F81000040024E373031342D3350524ED2
05-27-2025 01:52:58.906,60,RECV,7E000F81000037024E383031352D5841354DE1
05-27-2025 01:52:58.907,61,RECV,7E000F81000023024E343031352D59375234FE
05-27-2025 01:52:58.908,62,RECV,7E000F8100001B024E333031352D4D503453F9
05-27-2025 01:52:58.908,63,RECV,7E000F81000040024E373031352D56565238BE
05-27-2025 01:52:59.708,64,RECV,7E000F81000036024E383031362D5A4A3844DC
05-27-2025 01:52:59.708,65,RECV,7E000F81000023024E343031362D38495A47F1
05-27-2025 01:52:59.718,66,RECV,7E007D3381000037001DFFFFFFFFFFFFFFFF000000534897
05-27-2025 01:52:59.718,67,RECV,7E000F8100001C024E333031362D48435041FF
05-27-2025 01:52:59.719,68,RECV,7E007D3381000022001DFFFFFFFFFFFFFFFF0000005348AC
05-27-2025 01:52:59.719,69,RECV,7E007D338100001C001DFFFFFFFFFFFFFFFF0000005348B2
05-27-2025 01:52:59.729,70,RECV,7E007D3381000040001DFFFFFFFFFFFFFFFF00000053488E
05-27-2025 01:53:00.510,71,RECV,7E000F81000039024E383031372D5844464CCA
05-27-2025 01:53:00.514,72,RECV,7E000F81000023024E343031372D5A463058EA
05-27-2025 01:53:00.515,73,RECV,7E000F8100001C024E333031372D3651594EEC
05-27-2025 01:53:00.516,74,RECV,7E000F81000043024E373031372D48355039E9
05-27-2025 01:53:01.262,75,RECV,7E000F81000036024E383031382D56315A44D5
05-27-2025 01:53:01.312,76,RECV,7E000F81000023024E343031382D3637523220
05-27-2025 01:53:01.319,77,RECV,7E000F8100001C024E333031382D4C4C3854F5
05-27-2025 01:53:01.319,78,RECV,7E000F81000040024E373031382D434A4B44D5
05-27-2025 01:53:02.065,79,RECV,7E000F81000036024E383031392D5546564ABE
05-27-2025 01:53:02.115,80,RECV,7E000F81000023024E343031392D32514C44FD
05-27-2025 01:53:02.122,81,RECV,7E000F8100001C024E333031392D47465359DF
05-27-2025 01:53:02.122,82,RECV,7E000F81000040024E373031392D373441380C
05-27-2025 01:53:02.867,83,RECV,7E000F81000037024E383032302D565A3145DA
05-27-2025 01:53:02.917,84,RECV,7E000F81000023024E343032302D364D5753EB
05-27-2025 01:53:02.919,85,RECV,7E000F8100001C024E333032302D35554558F9
05-27-2025 01:53:02.920,86,RECV,7E000F81000040024E373032302D33503650EF
05-27-2025 01:53:03.669,87,RECV,7E000F81000037024E383032312D364F5256D2
05-27-2025 01:53:03.719,88,RECV,7E000F81000022024E343032312D3148395A0C
05-27-2025 01:53:03.720,89,RECV,7E007D33810000360023FFFFFFFFFFFFFFFF000000534892
05-27-2025 01:53:03.720,90,RECV,7E000F8100001C024E333032312D46535559D8
05-27-2025 01:53:03.720,91,RECV,7E000F81000040024E373032312D434E3358DB
05-27-2025 01:53:03.730,92,RECV,7E007D338100001C0023FFFFFFFFFFFFFFFF0000005348AC
05-27-2025 01:53:03.730,93,RECV,7E007D33810000410023FFFFFFFFFFFFFFFF000000534887
05-27-2025 01:53:04.481,94,RECV,7E000F81000036024E383032322D4D595A42BD
05-27-2025 01:53:04.521,95,RECV,7E000F81000023024E343032322D46484F3801
05-27-2025 01:53:04.521,96,RECV,7E000F8100001C024E333032322D543448311D
05-27-2025 01:53:04.521,97,RECV,7E000F81000040024E373032322D3234484800
05-27-2025 01:53:05.283,98,RECV,7E000F81000036024E383032332D4534443908
05-27-2025 01:53:05.323,99,RECV,7E000F81000023024E343032332D594D394EE8
05-27-2025 01:53:05.324,100,RECV,7E000F8100001C024E333032332D3446394426
05-27-2025 01:53:05.324,101,RECV,7E000F81000040024E373032332D47413739FD
05-27-2025 01:53:06.075,102,RECV,7E000F81000036024E383032342D4C544949CB
05-27-2025 01:53:06.126,103,RECV,7E000F81000022024E343032342D4334494B0A
05-27-2025 01:53:06.126,104,RECV,7E000F8100001C024E333032342D4F37424F05
05-27-2025 01:53:06.126,105,RECV,7E000F81000040024E373032342D50575358A2
05-27-2025 01:53:06.877,106,RECV,7E000F81000036024E383032352D33525038EF
05-27-2025 01:53:06.928,107,RECV,7E000F81000023024E343032352D354936441B
05-27-2025 01:53:06.931,108,RECV,7E000F8100001C024E333032352D394937461C
05-27-2025 01:53:06.931,109,RECV,7E000F8100003F024E373032352D36564B52CB
05-27-2025 01:53:07.679,110,RECV,7E000F81000036024E383032362D3448384502
05-27-2025 01:53:07.731,111,RECV,7E000F81000023024E343032362D4751324503
05-27-2025 01:53:07.731,112,RECV,7E007D33810000360029FFFFFFFFFFFFFFFF00000053488C
05-27-2025 01:53:07.731,113,RECV,7E007D33810000220029FFFFFFFFFFFFFFFF0000005348A0
05-27-2025 01:53:07.732,114,RECV,7E000F8100001C024E333032362D59563650E5
05-27-2025 01:53:07.732,115,RECV,7E000F8100003F024E373032362D50534243CB
05-27-2025 01:53:07.732,116,RECV,7E007D338100001C0029FFFFFFFFFFFFFFFF0000005348A6
05-27-2025 01:53:08.482,117,RECV,7E000F81000036024E383032372D53365139E7
05-27-2025 01:53:08.532,118,RECV,7E000F81000022024E343032372D51485752D0
05-27-2025 01:53:08.536,119,RECV,7E000F8100001C024E333032372D36344F461A
05-27-2025 01:53:08.536,120,RECV,7E000F8100003F024E373032372D5259504FA8
05-27-2025 01:53:09.284,121,RECV,7E000F81000035024E383032382D41594546D5
05-27-2025 01:53:09.334,122,RECV,7E000F81000022024E343032382D3747444F00
05-27-2025 01:53:09.335,123,RECV,7E000F8100001C024E333032382D55564D59C7
05-27-2025 01:53:09.335,124,RECV,7E000F8100003F024E373032382D52365031E8
05-27-2025 01:53:10.087,125,RECV,7E000F81000035024E383032392D57303658E4
05-27-2025 01:53:10.137,126,RECV,7E000F81000022024E343032392D35574F48ED
05-27-2025 01:53:10.137,127,RECV,7E000F8100001C024E333032392D3255364D0D
05-27-2025 01:53:10.137,128,RECV,7E000F8100003F024E373032392D35594C43D3
05-27-2025 01:53:10.889,129,RECV,7E000F81000035024E383033302D4A3149310C
05-27-2025 01:53:10.910,130,RECV,7E000F81000023024E343033302D4E544B31F9
05-27-2025 01:53:10.939,131,RECV,7E000F8100001C024E333033302D3949414319
05-27-2025 01:53:10.939,132,RECV,7E000F8100003E024E373033302D39595750C0
05-27-2025 01:53:11.691,133,RECV,7E000F81000035024E383033312D4D395A55CB
05-27-2025 01:53:11.712,134,RECV,7E007D3381000035002FFFFFFFFFFFFFFFFF000000534887
05-27-2025 01:53:11.720,135,RECV,7E000F81000023024E343033312D3444354128
05-27-2025 01:53:11.722,136,RECV,7E007D3381000023002FFFFFFFFFFFFFFFFF000000534899
05-27-2025 01:53:11.722,137,RECV,7E000F8100001C024E333033312D484648377D31
05-27-2025 01:53:11.753,138,RECV,7E000F8100003E024E373033312D484B5742CC
05-27-2025 01:53:11.754,139,RECV,7E007D338100001C002FFFFFFFFFFFFFFFFF0000005348A0
05-27-2025 01:53:11.754,140,RECV,7E007D338100003F002FFFFFFFFFFFFFFFFF00000053487D5D
05-27-2025 01:53:12.493,141,RECV,7E000F81000035024E383033322D33503753F2
05-27-2025 01:53:12.544,142,RECV,7E000F81000023024E343033322D324A435303
05-27-2025 01:53:12.548,143,RECV,7E000F8100001C024E333033322D324C5654F5
05-27-2025 01:53:12.549,144,RECV,7E000F8100003F024E373033322D48424645E1
05-27-2025 01:53:13.347,145,RECV,7E000F81000023024E343033332D5445494AE8
05-27-2025 01:53:13.352,146,RECV,7E000F8100001C024E333033332D324452450F
05-27-2025 01:53:13.353,147,RECV,7E000F81000041024E373033332D53384430F4
05-27-2025 01:53:14.098,148,RECV,7E000F81000037024E383033342D314547300E
05-27-2025 01:53:14.148,149,RECV,7E000F81000023024E343033342D4C585055CA
05-27-2025 01:53:14.152,150,RECV,7E000F8100001C024E333033342D504D5146E7
05-27-2025 01:53:14.152,151,RECV,7E000F81000041024E373033342D414D575AB3
05-27-2025 01:53:14.900,152,RECV,7E000F81000036024E383033352D4A55544BBD
05-27-2025 01:53:14.952,153,RECV,7E000F81000022024E343033352D30304E5A0B
05-27-2025 01:53:14.954,154,RECV,7E000F8100001C024E333033352D414E4E5AE3
05-27-2025 01:53:14.955,155,RECV,7E000F81000040024E373033352D56453844DB
05-27-2025 01:53:15.704,156,RECV,7E000F81000037024E383033362D5A563654BF
05-27-2025 01:53:15.705,157,RECV,7E007D33810000360035FFFFFFFFFFFFFFFF000000534880
05-27-2025 01:53:15.706,158,RECV,7E000F81000022024E343033362D59304E4CEF
05-27-2025 01:53:15.754,159,RECV,7E007D33810000230035FFFFFFFFFFFFFFFF000000534893
05-27-2025 01:53:15.754,160,RECV,7E000F8100001C024E333033362D4135584506
05-27-2025 01:53:15.755,161,RECV,7E000F8100003F024E373033362D43394449E9
05-27-2025 01:53:15.755,162,RECV,7E007D338100001C0035FFFFFFFFFFFFFFFF00000053489A
05-27-2025 01:53:15.806,163,RECV,7E007D338100003E0035FFFFFFFFFFFFFFFF000000534878
05-27-2025 01:53:16.507,164,RECV,7E000F81000035024E383033372D47515549C4
05-27-2025 01:53:16.507,165,RECV,7E000F81000023024E343033372D305043311C
05-27-2025 01:53:16.557,166,RECV,7E000F8100001C024E333033372D3732335824
05-27-2025 01:53:16.562,167,RECV,7E000F8100003F024E373033372D42545848BB
05-27-2025 01:53:17.309,168,RECV,7E000F81000037024E383033382D54364830F5
05-27-2025 01:53:17.319,169,RECV,7E000F81000023024E343033382D304444447D33
05-27-2025 01:53:17.359,170,RECV,7E000F8100001C024E333033382D46324D4B07
05-27-2025 01:53:17.359,171,RECV,7E000F81000040024E373033382D39504951CC
05-27-2025 01:53:18.112,172,RECV,7E000F81000037024E383033392D4A333946FA
05-27-2025 01:53:18.122,173,RECV,7E000F81000023024E343033392D344645351A
05-27-2025 01:53:18.162,174,RECV,7E000F8100001C024E333033392D34484E321A
05-27-2025 01:53:18.162,175,RECV,7E000F81000041024E373033392D4531335AEA
05-27-2025 01:53:18.913,176,RECV,7E000F81000037024E383034302D55584D4BB9
05-27-2025 01:53:18.924,177,RECV,7E000F81000023024E343034302D5930433515
05-27-2025 01:53:18.964,178,RECV,7E000F8100001C024E333034302D48304B4A7D31
05-27-2025 01:53:18.964,179,RECV,7E000F81000040024E373034302D474A4F36E0
05-27-2025 01:53:19.716,180,RECV,7E000F8100003B024E383034312D45445055CB
05-27-2025 01:53:19.717,181,RECV,7E007D338100003B003BFFFFFFFFFFFFFFFF000000534875
05-27-2025 01:53:19.717,182,RECV,7E000F81000023024E343034312D5243304709
05-27-2025 01:53:19.718,183,RECV,7E007D3381000023003BFFFFFFFFFFFFFFFF00000053488D
05-27-2025 01:53:19.766,184,RECV,7E000F8100001C024E333034312D3332583828
05-27-2025 01:53:19.775,185,RECV,7E000F81000044024E373034312D5A573435D7
05-27-2025 01:53:19.778,186,RECV,7E007D338100001C003BFFFFFFFFFFFFFFFF000000534894
05-27-2025 01:53:19.797,187,RECV,7E007D3381000044003BFFFFFFFFFFFFFFFF00000053486C
05-27-2025 01:53:20.468,188,RECV,7E000F81000035024E383034322D33595449D5
05-27-2025 01:53:20.518,189,RECV,7E000F81000023024E343034322D4B485949DF
05-27-2025 01:53:20.569,190,RECV,7E000F8100001C024E333034322D394B504BFD
05-27-2025 01:53:20.573,191,RECV,7E000F8100003E024E373034322D39504638EF
05-27-2025 01:53:21.271,192,RECV,7E000F81000035024E383034332D574E484AC6
05-27-2025 01:53:21.321,193,RECV,7E000F81000023024E343034332D46534E38F4
05-27-2025 01:53:21.371,194,RECV,7E000F8100001C024E333034332D493431511C
05-27-2025 01:53:21.371,195,RECV,7E000F8100003E024E373034332D354F364CEF
05-27-2025 01:53:22.073,196,RECV,7E000F81000036024E383034342D3838464CF9
05-27-2025 01:53:22.123,197,RECV,7E000F81000022024E343034342D4439584FEF
05-27-2025 01:53:22.173,198,RECV,7E000F8100001C024E333034342D425A334209
05-27-2025 01:53:22.179,199,RECV,7E000F8100003F024E373034342D38384647F6
05-27-2025 01:53:22.885,200,RECV,7E000F81000035024E383034352D47365756D1
05-27-2025 01:53:22.925,201,RECV,7E000F81000023024E343034352D42375A43FB
05-27-2025 01:53:22.975,202,RECV,7E000F8100001C024E333034352D4C3149490A
05-27-2025 01:53:22.975,203,RECV,7E000F81000040024E373034352D42443254E5
05-27-2025 01:53:23.688,204,RECV,7E000F81000037024E383034362D4D584B33D5
05-27-2025 01:53:23.728,205,RECV,7E007D33810000370041FFFFFFFFFFFFFFFF000000534873
05-27-2025 01:53:23.728,206,RECV,7E000F81000023024E343034362D54373650FF
05-27-2025 01:53:23.738,207,RECV,7E007D33810000230041FFFFFFFFFFFFFFFF000000534887
05-27-2025 01:53:23.778,208,RECV,7E000F8100001C024E333034362D4E455343EF
05-27-2025 01:53:23.778,209,RECV,7E007D338100001C0041FFFFFFFFFFFFFFFF00000053488E
05-27-2025 01:53:23.779,210,RECV,7E007D33810000410041FFFFFFFFFFFFFFFF000000534869
05-27-2025 01:53:24.490,211,RECV,7E000F81000037024E383034372D4F373143FD
05-27-2025 01:53:24.530,212,RECV,7E000F81000023024E343034372D4A364D45FD
05-27-2025 01:53:24.580,213,RECV,7E000F8100001C024E333034372D315551330D
05-27-2025 01:53:24.581,214,RECV,7E000F81000040024E373034372D37325435FD
05-27-2025 01:53:25.282,215,RECV,7E000F81000037024E383034382D4F384F41DF
05-27-2025 01:53:25.333,216,RECV,7E000F81000023024E343034382D3733534B06
05-27-2025 01:53:25.382,217,RECV,7E000F8100001C024E333034382D34555456E3
05-27-2025 01:53:25.387,218,RECV,7E000F81000040024E373034382D41474D4FCA
05-27-2025 01:53:26.084,219,RECV,7E000F81000037024E383034392D4D4F3154D4
05-27-2025 01:53:26.134,220,RECV,7E000F81000023024E343034392D314B385900
05-27-2025 01:53:26.184,221,RECV,7E000F8100001C024E333034392D43515749E1
05-27-2025 01:53:26.185,222,RECV,7E000F81000040024E373034392D524B534EAF
05-27-2025 01:53:26.886,223,RECV,7E000F81000036024E383035302D35554E33F3
05-27-2025 01:53:26.936,224,RECV,7E000F81000023024E343035302D50474B53E0
05-27-2025 01:53:26.986,225,RECV,7E000F8100001B024E333035302D4E4E5943E6
05-27-2025 01:53:26.987,226,RECV,7E000F81000040024E373035302D5445364ED8
05-27-2025 01:53:27.688,227,RECV,7E000F81000036024E383035312D36474847F1
05-27-2025 01:53:27.738,228,RECV,7E007D33810000370047FFFFFFFFFFFFFFFF00000053486D
05-27-2025 01:53:27.739,229,RECV,7E007D33810000230046FFFFFFFFFFFFFFFF000000534882
05-27-2025 01:53:27.739,230,RECV,7E000F81000022024E343035312D39575354DE
05-27-2025 01:53:27.788,231,RECV,7E000F8100001C024E333035312D30424E5408
05-27-2025 01:53:27.788,232,RECV,7E000F81000040024E373035312D4E374D34EE
05-27-2025 01:53:27.789,233,RECV,7E007D338100001C0047FFFFFFFFFFFFFFFF000000534888
05-27-2025 01:53:27.838,234,RECV,7E007D33810000400047FFFFFFFFFFFFFFFF000000534864
05-27-2025 01:53:28.490,235,RECV,7E000F81000035024E383035322D5A47595AA9
05-27-2025 01:53:28.541,236,RECV,7E000F81000023024E343035322D55335834FF
05-27-2025 01:53:28.591,237,RECV,7E000F8100001C024E333035322D4F4F435AE0
05-27-2025 01:53:28.591,238,RECV,7E000F8100003E024E373035322D3450574FCB
05-27-2025 01:53:29.292,239,RECV,7E000F81000035024E383035332D55494A4FC5
05-27-2025 01:53:29.343,240,RECV,7E000F81000023024E343035332D344A30580C
05-27-2025 01:53:29.393,241,RECV,7E000F8100001C024E333035332D4A584343F2
05-27-2025 01:53:29.393,242,RECV,7E000F8100003E024E373035332D50375642D5
05-27-2025 01:53:30.095,243,RECV,7E000F81000035024E383035342D394C524ADA
05-27-2025 01:53:30.145,244,RECV,7E000F81000023024E343035342D564B4E59C9
05-27-2025 01:53:30.195,245,RECV,7E000F8100001C024E333035342D524B334AFF
05-27-2025 01:53:30.200,246,RECV,7E000F8100003F024E373035342D4346323601
05-27-2025 01:53:30.897,247,RECV,7E000F81000039024E383035352D4E565851A9
05-27-2025 01:53:30.947,248,RECV,7E000F81000023024E343035352D4A414E3403
05-27-2025 01:53:30.996,249,RECV,7E000F8100001C024E333035352D58374B5AE4
05-27-2025 01:53:30.997,250,RECV,7E000F81000042024E373035352D3338374507
05-27-2025 01:53:31.699,251,RECV,7E000F81000036024E383035362D56564D45BA
05-27-2025 01:53:31.709,252,RECV,7E007D3381000036004DFFFFFFFFFFFFFFFF000000534868
05-27-2025 01:53:31.749,253,RECV,7E007D3381000023004CFFFFFFFFFFFFFFFF00000053487C
05-27-2025 01:53:31.752,254,RECV,7E000F81000023024E343035362D4538323729
05-27-2025 01:53:31.799,255,RECV,7E000F8100001C024E333035362D32444B58FE
05-27-2025 01:53:31.806,256,RECV,7E000F8100003F024E373035362D4C335A44D3
05-27-2025 01:53:31.807,257,RECV,7E007D338100001C004DFFFFFFFFFFFFFFFF000000534882
05-27-2025 01:53:31.849,258,RECV,7E007D338100003F004DFFFFFFFFFFFFFFFF00000053485F
05-27-2025 01:53:32.501,259,RECV,7E000F81000034024E383035372D534F4137DF
05-27-2025 01:53:32.551,260,RECV,7E000F81000023024E343035372D4943323818
05-27-2025 01:53:32.601,261,RECV,7E000F8100003F024E373035372D3242414FEB
05-27-2025 01:53:32.607,262,RECV,7E000F8100001C024E333035372D4C454155EF
05-27-2025 01:53:33.303,263,RECV,7E000F81000035024E383035382D4F4B4635E2
05-27-2025 01:53:33.353,264,RECV,7E000F81000023024E343035382D464334460A
05-27-2025 01:53:33.403,265,RECV,7E000F8100003F024E373035382D5A56534F9C
05-27-2025 01:53:33.403,266,RECV,7E000F8100001C024E333035382D3338525503
05-27-2025 01:53:34.105,267,RECV,7E000F8100003A024E383035392D4C314832FA
05-27-2025 01:53:34.155,268,RECV,7E000F81000023024E343035392D4B383957F9
05-27-2025 01:53:34.205,269,RECV,7E000F81000043024E373035392D4B555632C1
05-27-2025 01:53:34.205,270,RECV,7E000F8100001C024E333035392D48394D380E
05-27-2025 01:53:34.907,271,RECV,7E000F81000039024E383036302D4C503346E5
05-27-2025 01:53:34.957,272,RECV,7E000F81000023024E343036302D524B3452F1
05-27-2025 01:53:35.007,273,RECV,7E000F81000043024E373036302D4C54304BD6
05-27-2025 01:53:35.008,274,RECV,7E000F8100001C024E333036302D594A564DD6
05-27-2025 01:53:35.709,275,RECV,7E000F8100003A024E383036312D57363653E2
05-27-2025 01:53:35.710,276,RECV,7E007D338100003A0053FFFFFFFFFFFFFFFF00000053485E
05-27-2025 01:53:35.759,277,RECV,7E007D33810000230052FFFFFFFFFFFFFFFF000000534876
05-27-2025 01:53:35.760,278,RECV,7E000F81000023024E343036312D5036365601
05-27-2025 01:53:35.810,279,RECV,7E007D338100001C0052FFFFFFFFFFFFFFFF00000053487D5D
05-27-2025 01:53:35.812,280,RECV,7E000F8100001C024E333036312D3156514CF7
05-27-2025 01:53:35.832,281,RECV,7E007D33810000420053FFFFFFFFFFFFFFFF000000534856
05-27-2025 01:53:36.511,282,RECV,7E000F81000036024E383036322D4F4D3752D6
05-27-2025 01:53:36.561,283,RECV,7E000F81000023024E343036322D35474A3715
05-27-2025 01:53:36.611,284,RECV,7E000F8100003E024E373036322D374A4F56CE
05-27-2025 01:53:36.611,285,RECV,7E000F8100001C024E333036322D4F544359DB
05-27-2025 01:53:37.313,286,RECV,7E000F81000037024E383036332D5033324400
05-27-2025 01:53:37.364,287,RECV,7E000F81000023024E343036332D33565252E4
05-27-2025 01:53:37.414,288,RECV,7E000F8100001C024E333036332D3647514506
05-27-2025 01:53:38.116,289,RECV,7E000F81000034024E383036342D34465452DB
05-27-2025 01:53:38.166,290,RECV,7E000F81000023024E343036342D544B4933F5
05-27-2025 01:53:38.216,291,RECV,7E000F8100003E024E373036342D39595545C6
05-27-2025 01:53:38.221,292,RECV,7E000F8100001C024E333036342D3159514FEE
05-27-2025 01:53:38.918,293,RECV,7E000F81000036024E383036352D37334957EE
05-27-2025 01:53:38.968,294,RECV,7E000F81000023024E343036352D3952374904
05-27-2025 01:53:39.018,295,RECV,7E000F8100003F024E373036352D48534F45C1
05-27-2025 01:53:39.018,296,RECV,7E000F8100001C024E333036352D37595157DF
05-27-2025 01:53:39.720,297,RECV,7E000F81000037024E383036362D4B535844BC
05-27-2025 01:53:39.722,298,RECV,7E007D33810000360059FFFFFFFFFFFFFFFF00000053485C
05-27-2025 01:53:39.771,299,RECV,7E007D33810000230058FFFFFFFFFFFFFFFF000000534870
05-27-2025 01:53:39.772,300,RECV,7E000F81000023024E343036362D5A4A313405
05-27-2025 01:53:39.820,301,RECV,7E007D338100001C0058FFFFFFFFFFFFFFFF000000534877
05-27-2025 01:53:39.821,302,RECV,7E000F8100003F024E373036362D37565830DA
05-27-2025 01:53:39.821,303,RECV,7E000F8100001C024E333036362D374A5058ED
05-27-2025 01:53:39.841,304,RECV,7E007D338100003F0059FFFFFFFFFFFFFFFF000000534853
05-27-2025 01:53:40.473,305,RECV,7E000F81000036024E383036372D50363756E3
05-27-2025 01:53:40.573,306,RECV,7E000F81000023024E343036372D514930370C
05-27-2025 01:53:40.623,307,RECV,7E000F8100001C024E333036372D30585945EF
05-27-2025 01:53:41.316,308,RECV,7E000F81000037024E383036382D3344484AEB
05-27-2025 01:53:41.375,309,RECV,7E000F81000023024E343036382D533138311F
05-27-2025 01:53:41.425,310,RECV,7E000F8100001C024E333036382D4B344455FC
05-27-2025 01:53:42.097,311,RECV,7E000F81000037024E383036392D33474250E7
05-27-2025 01:53:42.177,312,RECV,7E000F81000023024E343036392D59384850E2
05-27-2025 01:53:42.227,313,RECV,7E000F8100001C024E333036392D5031363527
05-27-2025 01:53:42.889,314,RECV,7E000F81000037024E383037302D4E4A4238E9
05-27-2025 01:53:42.979,315,RECV,7E000F81000023024E343037302D45484E3602
05-27-2025 01:53:43.029,316,RECV,7E000F8100001C024E333037302D38515A4DEB
05-27-2025 01:53:43.691,317,RECV,7E000F8100003A024E383037312D574B4931DB
05-27-2025 01:53:43.731,318,RECV,7E007D338100003A005FFFFFFFFFFFFFFFFF000000534852
05-27-2025 01:53:43.781,319,RECV,7E007D3381000023005EFFFFFFFFFFFFFFFF00000053486A
05-27-2025 01:53:43.786,320,RECV,7E000F81000023024E343037312D505A3245F1
05-27-2025 01:53:43.831,321,RECV,7E007D338100001C005EFFFFFFFFFFFFFFFF000000534871
05-27-2025 01:53:43.848,322,RECV,7E000F8100001C024E333037312D4757303814
05-27-2025 01:53:43.848,323,RECV,7E007D3381000043005FFFFFFFFFFFFFFFFF000000534849
05-27-2025 01:53:44.493,324,RECV,7E000F81000035024E383037322D59364457D1
05-27-2025 01:53:44.583,325,RECV,7E000F81000023024E343037322D304639481A
05-27-2025 01:53:44.633,326,RECV,7E000F8100001C024E333037322D314E4F4902
05-27-2025 01:53:45.287,327,RECV,7E000F81000035024E383037332D4A4D3358D8
05-27-2025 01:53:45.387,328,RECV,7E000F81000023024E343037332D474E464AEB
05-27-2025 01:53:45.437,329,RECV,7E000F8100001B024E333037332D53365A4DE9
05-27-2025 01:53:46.088,330,RECV,7E000F81000035024E383037342D58364C44DB
05-27-2025 01:53:46.189,331,RECV,7E000F81000022024E343037342D3639374426
05-27-2025 01:53:46.239,332,RECV,7E000F8100001C024E333037342D4333514F01
05-27-2025 01:53:46.890,333,RECV,7E000F81000036024E383037352D4D414541E3
05-27-2025 01:53:46.990,334,RECV,7E000F81000023024E343037352D3832425A08
05-27-2025 01:53:47.042,335,RECV,7E000F8100001C024E333037352D3734545205
05-27-2025 01:53:47.042,336,RECV,7E000F8100003F024E373037352D33435831F0
05-27-2025 01:53:47.693,337,RECV,7E000F81000036024E383037362D31375A42F2
05-27-2025 01:53:47.744,338,RECV,7E007D33810000360065FFFFFFFFFFFFFFFF000000534850
05-27-2025 01:53:47.754,339,RECV,7E007D33810000230064FFFFFFFFFFFFFFFF000000534864
05-27-2025 01:53:47.775,340,RECV,7E000F81000023024E343037362D553836377D33
05-27-2025 01:53:47.844,341,RECV,7E007D338100001C0064FFFFFFFFFFFFFFFF00000053486B
05-27-2025 01:53:47.844,342,RECV,7E000F8100001C024E333037362D4342325707
05-27-2025 01:53:47.844,343,RECV,7E000F81000040024E373037362D464B4E34DA
05-27-2025 01:53:47.894,344,RECV,7E007D33810000400065FFFFFFFFFFFFFFFF000000534846
05-27-2025 01:53:48.495,345,RECV,7E000F81000036024E383037372D34415A39ED
05-27-2025 01:53:48.595,346,RECV,7E000F81000023024E343037372D3558393412
05-27-2025 01:53:48.645,347,RECV,7E000F8100001C024E333037372D36464E51F9
05-27-2025 01:53:48.645,348,RECV,7E000F81000040024E373037372D37344F4DE5
05-27-2025 01:53:49.297,349,RECV,7E000F81000036024E383037382D4E534933D7
05-27-2025 01:53:49.397,350,RECV,7E000F81000023024E343037382D304446321F
05-27-2025 01:53:49.448,351,RECV,7E000F8100001C024E333037382D594C5446D4
05-27-2025 01:53:49.448,352,RECV,7E000F81000040024E373037382D56344935E3
05-27-2025 01:53:50.099,353,RECV,7E000F81000035024E383037392D54333556E2
05-27-2025 01:53:50.200,354,RECV,7E000F81000022024E343037392D44345947F3
05-27-2025 01:53:50.252,355,RECV,7E000F8100001C024E333037392D55464438FB
05-27-2025 01:53:50.903,356,RECV,7E000F81000036024E383038302D52424F4DCB
05-27-2025 01:53:51.003,357,RECV,7E000F81000023024E343038302D4D39513704
05-27-2025 01:53:51.053,358,RECV,7E000F8100001C024E333038302D313138522E
05-27-2025 01:53:51.054,359,RECV,7E000F81000042024E373038302D474E5853B0
05-27-2025 01:53:51.707,360,RECV,7E000F81000039024E383038312D533130327D31
05-27-2025 01:53:51.757,361,RECV,7E007D3381000039006BFFFFFFFFFFFFFFFF000000534847
05-27-2025 01:53:51.758,362,RECV,7E007D3381000023006AFFFFFFFFFFFFFFFF00000053485E
05-27-2025 01:53:51.807,363,RECV,7E000F81000023024E343038312D5344554ED7
05-27-2025 01:53:51.857,364,RECV,7E007D338100001C006AFFFFFFFFFFFFFFFF000000534865
05-27-2025 01:53:51.857,365,RECV,7E000F8100001C024E333038312D3037543826
05-27-2025 01:53:51.858,366,RECV,7E000F81000042024E373038312D53363155E0
05-27-2025 01:53:51.868,367,RECV,7E007D3381000042006BFFFFFFFFFFFFFFFF00000053483E
05-27-2025 01:53:52.509,368,RECV,7E000F81000038024E383038322D5A414F4AC3
05-27-2025 01:53:52.612,369,RECV,7E000F81000023024E343038322D4153334702
05-27-2025 01:53:52.659,370,RECV,7E000F8100001C024E333038322D34524559F4
05-27-2025 01:53:52.661,371,RECV,7E000F81000040024E373038322D335A4754C8
05-27-2025 01:53:53.312,372,RECV,7E000F81000037024E383038332D55504E35CF
05-27-2025 01:53:53.362,373,RECV,7E000F81000023024E343038332D545A4459C4
05-27-2025 01:53:53.462,374,RECV,7E000F8100001C024E333038332D31534D3412
05-27-2025 01:53:53.462,375,RECV,7E000F81000040024E373038332D394F5036E1
05-27-2025 01:53:54.114,376,RECV,7E000F81000035024E383038342D5A4B5056AD
05-27-2025 01:53:54.184,377,RECV,7E000F81000023024E343038342D564A4253D9
05-27-2025 01:53:54.266,378,RECV,7E000F8100001C024E333038342D53584738EC
05-27-2025 01:53:54.266,379,RECV,7E000F8100003E024E373038342D5459565A93
05-27-2025 01:53:54.918,380,RECV,7E000F81000034024E383038352D3233513012
05-27-2025 01:53:54.978,381,RECV,7E000F81000022024E343038352D5A4B4F4AD0
05-27-2025 01:53:55.068,382,RECV,7E000F8100001C024E333038352D38474B4B00
05-27-2025 01:53:55.720,383,RECV,7E000F8100003A024E383038362D57414F4FBB
05-27-2025 01:53:55.720,384,RECV,7E007D338100003A0071FFFFFFFFFFFFFFFF000000534840
05-27-2025 01:53:55.770,385,RECV,7E007D33810000230070FFFFFFFFFFFFFFFF000000534858
05-27-2025 01:53:55.820,386,RECV,7E000F81000023024E343038362D47545834E5
05-27-2025 01:53:55.870,387,RECV,7E007D338100001C0070FFFFFFFFFFFFFFFF00000053485F
05-27-2025 01:53:55.871,388,RECV,7E000F8100001C024E333038362D4C583550EB
05-27-2025 01:53:55.871,389,RECV,7E000F81000043024E373038362D5A334430E8
05-27-2025 01:53:55.881,390,RECV,7E007D33810000430071FFFFFFFFFFFFFFFF000000534837
05-27-2025 01:53:56.522,391,RECV,7E000F81000039024E383038372D4B385857BF
05-27-2025 01:53:56.622,392,RECV,7E000F81000023024E343038372D4351374CF4
05-27-2025 01:53:56.673,393,RECV,7E000F8100001C024E333038372D4A41334C09
05-27-2025 01:53:56.674,394,RECV,7E000F81000041024E373038372D464B325ACD
05-27-2025 01:53:57.325,395,RECV,7E000F81000038024E383038382D5857474BB0
05-27-2025 01:53:57.425,396,RECV,7E000F81000022024E343038382D4842503100
05-27-2025 01:53:57.475,397,RECV,7E000F8100001C024E333038382D5535355AF9
05-27-2025 01:53:57.490,398,RECV,7E000F81000041024E373038382D3456434ECE
05-27-2025 01:53:58.127,399,RECV,7E000F81000037024E383038392D484E4138E2
05-27-2025 01:53:58.177,400,RECV,7E000F81000023024E343038392D574C5337DC
05-27-2025 01:53:58.277,401,RECV,7E000F8100001C024E333038392D3144455106
05-27-2025 01:53:58.278,402,RECV,7E000F81000041024E373038392D50504C56A6
05-27-2025 01:53:58.929,403,RECV,7E000F81000039024E383039302D5035353706
05-27-2025 01:53:58.979,404,RECV,7E000F81000023024E343039302D454739420A
05-27-2025 01:53:59.079,405,RECV,7E000F8100001C024E333039302D4C5A5A54C5
05-27-2025 01:53:59.080,406,RECV,7E000F81000042024E373039302D39455351CD
05-27-2025 01:53:59.681,407,RECV,7E000F81000038024E383039312D54583446D1
05-27-2025 01:53:59.731,408,RECV,7E007D33810000390077FFFFFFFFFFFFFFFF00000053483B
05-27-2025 01:53:59.781,409,RECV,7E007D33810000230076FFFFFFFFFFFFFFFF000000534852
05-27-2025 01:53:59.785,410,RECV,7E000F81000023024E343039312D4D4A414CEC
05-27-2025 01:53:59.882,411,RECV,7E007D338100001B0076FFFFFFFFFFFFFFFF00000053485A
05-27-2025 01:53:59.884,412,RECV,7E000F8100001C024E333039312D54414B47F1
05-27-2025 01:53:59.885,413,RECV,7E007D33810000420077FFFFFFFFFFFFFFFF000000534832
05-27-2025 01:54:00.504,414,RECV,7E000F8100003B024E383039322D30534241ED
05-27-2025 01:54:00.583,415,RECV,7E000F81000023024E343039322D45574730FC
05-27-2025 01:54:00.684,416,RECV,7E000F8100001C024E333039322D3758314512
05-27-2025 01:54:00.684,417,RECV,7E000F81000043024E373039322D59393353D4
05-27-2025 01:54:01.296,418,RECV,7E000F8100003B024E383039332D364F313408
05-27-2025 01:54:01.396,419,RECV,7E000F81000023024E343039332D334548321C
05-27-2025 01:54:01.486,420,RECV,7E000F8100001C024E333039332D38585446EC
05-27-2025 01:54:01.487,421,RECV,7E000F81000045024E373039332D41335232F1
05-27-2025 01:54:02.098,422,RECV,7E000F81000034024E383039342D4B4E564DBC
05-27-2025 01:54:02.198,423,RECV,7E000F81000023024E343039342D4C565A45CC
05-27-2025 01:54:02.288,424,RECV,7E000F8100001C024E333039342D4D4B4147F5
05-27-2025 01:54:02.288,425,RECV,7E000F8100003E024E373039342D42565236CF
05-27-2025 01:54:02.900,426,RECV,7E000F81000036024E383039352D4B55374CD2
05-27-2025 01:54:02.990,427,RECV,7E000F81000022024E343039352D4D345153E8
05-27-2025 01:54:03.090,428,RECV,7E000F8100001C024E333039352D3730504B12
05-27-2025 01:54:03.100,429,RECV,7E000F8100003F024E373039352D354C4650D6
05-27-2025 01:54:03.742,430,RECV,7E000F81000036024E383039362D50354C38EB
05-27-2025 01:54:03.743,431,RECV,7E007D3381000036007D5DFFFFFFFFFFFFFFFF000000534838
05-27-2025 01:54:03.792,432,RECV,7E007D3381000023007CFFFFFFFFFFFFFFFF00000053484C
05-27-2025 01:54:03.794,433,RECV,7E000F81000023024E343039362D41555747D7
05-27-2025 01:54:03.893,434,RECV,7E007D338100001C007CFFFFFFFFFFFFFFFF000000534853
05-27-2025 01:54:03.893,435,RECV,7E000F8100001C024E333039362D3044344C1F
05-27-2025 01:54:03.893,436,RECV,7E000F81000040024E373039362D504A4845C4
05-27-2025 01:54:03.893,437,RECV,7E007D3381000040007D5DFFFFFFFFFFFFFFFF00000053482E
05-27-2025 01:54:04.494,438,RECV,7E000F81000036024E383039372D41384755DE
05-27-2025 01:54:04.594,439,RECV,7E000F81000022024E343039372D59375456D1
05-27-2025 01:54:04.694,440,RECV,7E000F8100001C024E333039372D4147564DE7
05-27-2025 01:54:05.296,441,RECV,7E000F81000037024E383039382D484F4148D1
05-27-2025 01:54:05.396,442,RECV,7E000F81000023024E343039382D38584D42EA
05-27-2025 01:54:05.497,443,RECV,7E000F8100001C024E333039382D57445042E4
05-27-2025 01:54:05.497,444,RECV,7E000F81000040024E373039382D4A465844BD
05-27-2025 01:54:06.098,445,RECV,7E000F81000038024E383039392D4F455544C2
05-27-2025 01:54:06.198,446,RECV,7E000F81000023024E343039392D54345849DF
05-27-2025 01:54:06.298,447,RECV,7E000F8100001C024E333039392D5343483200
05-27-2025 01:54:06.299,448,RECV,7E000F81000041024E373039392D47464547CE
