timestamp,node,frame_index,payload
2025-07-14 21:38:35.317,N2,0,N2000-ZWGK
2025-07-14 21:38:35.518,N2,1,N2001-DFLH
2025-07-14 21:38:35.720,N2,2,N2002-GT20
2025-07-14 21:38:35.922,N2,3,N2003-STQJ
2025-07-14 21:38:36.124,N2,4,N2004-DWYM
2025-07-14 21:38:36.326,N2,5,N2005-3567
2025-07-14 21:38:36.527,N2,6,N2006-9B96
2025-07-14 21:38:36.729,N2,7,N2007-OW5M
2025-07-14 21:38:36.931,N2,8,N2008-FFEE
2025-07-14 21:38:37.132,N2,9,N2009-TOIV
2025-07-14 21:38:37.334,N2,10,N2010-G170
2025-07-14 21:38:37.536,N2,11,N2011-8LLP
2025-07-14 21:38:37.738,N2,12,N2012-4QQM
2025-07-14 21:38:37.939,N2,13,N2013-XTJN
2025-07-14 21:38:38.141,N2,14,N2014-L8Y1
2025-07-14 21:38:38.343,N2,15,N2015-PI7S
2025-07-14 21:38:38.544,N2,16,N2016-UGWT
2025-07-14 21:38:38.746,N2,17,N2017-IRHR
2025-07-14 21:38:38.948,N2,18,N2018-1VLW
2025-07-14 21:38:39.149,N2,19,N2019-COZR
2025-07-14 21:38:39.351,N2,20,N2020-W1Z7
2025-07-14 21:38:39.553,N2,21,N2021-S9TY
2025-07-14 21:38:39.754,N2,22,N2022-19LJ
2025-07-14 21:38:39.956,N2,23,N2023-5U2K
2025-07-14 21:38:40.158,N2,24,N2024-JOMJ
2025-07-14 21:38:40.360,N2,25,N2025-YPVY
2025-07-14 21:38:40.562,N2,26,N2026-FA4R
2025-07-14 21:38:40.763,N2,27,N2027-RVPF
2025-07-14 21:38:40.965,N2,28,N2028-F8NC
2025-07-14 21:38:41.167,N2,29,N2029-PJE7
2025-07-14 21:38:41.369,N2,30,N2030-ZEJ8
2025-07-14 21:38:41.571,N2,31,N2031-E2MS
2025-07-14 21:38:41.772,N2,32,N2032-Y78S
2025-07-14 21:38:41.974,N2,33,N2033-ANIT
2025-07-14 21:38:42.176,N2,34,N2034-GENR
2025-07-14 21:38:42.378,N2,35,N2035-W4RM
2025-07-14 21:38:42.579,N2,36,N2036-WCL2
2025-07-14 21:38:42.781,N2,37,N2037-NALD
2025-07-14 21:38:42.983,N2,38,N2038-MNEF
2025-07-14 21:38:43.185,N2,39,N2039-52K3
2025-07-14 21:38:43.387,N2,40,N2040-AMXW
2025-07-14 21:38:43.387,N2,40,N2040-AMXW
2025-07-14 21:38:43.588,N2,41,N2041-N0P7
2025-07-14 21:38:43.790,N2,42,N2042-TLPM
2025-07-14 21:38:43.992,N2,43,N2043-Z4J7
2025-07-14 21:38:44.194,N2,44,N2044-6I9Q
2025-07-14 21:38:44.396,N2,45,N2045-HLMT
2025-07-14 21:38:44.597,N2,46,N2046-MT52
2025-07-14 21:38:44.799,N2,47,N2047-UTT1
2025-07-14 21:38:44.001,N2,48,N2048-0AQB
2025-07-14 21:38:45.203,N2,49,N2049-HHMF
2025-07-14 21:38:45.405,N2,50,N2050-08P0
2025-07-14 21:38:45.606,N2,51,N2051-4H2P
2025-07-14 21:38:45.808,N2,52,N2052-HP52
2025-07-14 21:38:46.010,N2,53,N2053-TRZ3
2025-07-14 21:38:46.212,N2,54,N2054-Q2DS
2025-07-14 21:38:46.414,N2,55,N2055-M1QI
2025-07-14 21:38:46.615,N2,56,N2056-B2Y4
2025-07-14 21:38:46.817,N2,57,N2057-0REE
2025-07-14 21:38:47.019,N2,58,N2058-UM0Q
2025-07-14 21:38:47.221,N2,59,N2059-5ZCT
2025-07-14 21:38:47.423,N2,60,N2060-R3WT
2025-07-14 21:38:47.625,N2,61,N2061-KCN3
2025-07-14 21:38:47.826,N2,62,N2062-57BT
2025-07-14 21:38:48.028,N2,63,N2063-R6DJ
2025-07-14 21:38:48.230,N2,64,N2064-YPUV
2025-07-14 21:38:48.432,N2,65,N2065-0OWO
2025-07-14 21:38:48.633,N2,66,N2066-952I
2025-07-14 21:38:48.835,N2,67,N2067-WQH1
2025-07-14 21:38:49.037,N2,68,N2068-XFU1
2025-07-14 21:38:49.239,N2,69,N2069-65VM
2025-07-14 21:38:49.441,N2,70,N2070-SAE4
2025-07-14 21:38:49.642,N2,71,N2071-J5Y8
2025-07-14 21:38:49.844,N2,72,N2072-2VI7
2025-07-14 21:38:50.046,N2,73,N2073-6IP5
2025-07-14 21:38:50.248,N2,74,N2074-SA0L
2025-07-14 21:38:50.449,N2,75,N2075-FPPJ
2025-07-14 21:38:50.651,N2,76,N2076-T785
2025-07-14 21:38:50.853,N2,77,N2077-LP2I
2025-07-14 21:38:51.055,N2,78,N2078-2B9Q
2025-07-14 21:38:51.257,N2,79,N2079-TXIX
2025-07-14 21:38:51.459,N2,80,N2080-6UTA
2025-07-14 21:38:51.660,N2,81,N2081-X69A
2025-07-14 21:38:51.862,N2,82,N2082-GACZ
2025-07-14 21:38:52.064,N2,83,N2083-7EH1
2025-07-14 21:38:52.266,N2,84,N2084-ANKF
2025-07-14 21:38:52.467,N2,85,N2085-J43W
2025-07-14 21:38:52.669,N2,86,N2086-MGJW
2025-07-14 21:38:52.871,N2,87,N2087-G4HO
2025-07-14 21:38:53.072,N2,88,N2088-OWUN
2025-07-14 21:38:53.274,N2,89,N2089-JT5S
2025-07-14 21:38:53.476,N2,90,N2090-5XIL
2025-07-14 21:38:53.678,N2,91,N2091-LXNV
2025-07-14 21:38:53.879,N2,92,N2092-EO8N
2025-07-14 21:38:54.081,N2,93,N2093-14ZT
2025-07-14 21:38:54.283,N2,94,N2094-IHCG
2025-07-14 21:38:54.484,N2,95,N2095-P5BS
2025-07-14 21:38:54.686,N2,96,N2096-A2LG
2025-07-14 21:38:54.888,N2,97,N2097-JIJ1
2025-07-14 21:38:55.090,N2,98,N2098-O06A
2025-07-14 21:38:55.291,N2,99,N2099-CYPE
