06-05-2025 16:30:29.215,-,API2,"Sink 2,0013A20041839DCA,802.15.4 TH,2003,/dev/ttyUSB2 - 57600/8/M/1/N,1,46"

06-05-2025 16:30:05.848,0,RECV,7E007D318100083402BA004E383030302D42584F5604
06-05-2025 16:30:05.848,1,RECV,7E007D318100062D027C004E363030302D4E4C345A64
06-05-2025 16:30:05.849,2,RECV,7E007D31810005340272004E353030302D5244525554
06-05-2025 16:30:05.858,3,RECV,7E007D318100083402BD004E383030312D4A4B355A1B
06-05-2025 16:30:05.859,4,RECV,7E007D31810005340274004E353030312D3632494D90
06-05-2025 16:30:05.866,5,RECV,7E007D318100062F027D5E004E363030312D4C44394876
06-05-2025 16:30:05.898,6,RECV,7E007D318100083502BF004E383030322D3852394632
06-05-2025 16:30:05.898,7,RECV,7E007D31810005350275004E353030322D3738555572
06-05-2025 16:30:05.898,8,RECV,7E007D318100062D0280004E363030322D5359335156
06-05-2025 16:30:05.948,9,RECV,7E007D318100083502C0004E383030332D37505A3820
06-05-2025 16:30:05.970,10,RECV,7E007D31810005350276004E353030332D4133563887
06-05-2025 16:30:05.970,11,RECV,7E007D318100062D0281004E363030332D3042504E74
06-05-2025 16:30:05.998,12,RECV,7E007D318100083502C1004E383030342D37435A4122
06-05-2025 16:30:05.998,13,RECV,7E007D31810005350277004E353030342D3650564A61
06-05-2025 16:30:05.998,14,RECV,7E007D318100062D0282004E363030342D4338454A78
06-05-2025 16:30:06.039,15,RECV,7E007D318100083502C2004E383030352D4A3652392A
06-05-2025 16:30:06.039,16,RECV,7E007D31810005340278004E353030352D524D31585E
06-05-2025 16:30:06.040,17,RECV,7E007D318100062C0283004E363030352D4133535466
06-05-2025 16:30:06.048,18,RECV,7E007D318100083502C3004E383030362D44574C59F3
06-05-2025 16:30:06.098,19,RECV,7E007D31810005340279004E353030362D4B594C5A3A
06-05-2025 16:30:06.105,20,RECV,7E007D318100073C026E004E373030362D584C4B395B
06-05-2025 16:30:06.131,21,RECV,7E007D318100062D0284004E363030362D503832477D5D
06-05-2025 16:30:06.131,22,RECV,7E007D318100083502C4004E383030372D554B314C14
06-05-2025 16:30:06.131,23,RECV,7E007D3181000534027A004E353030372D4E41475557
06-05-2025 16:30:06.131,24,RECV,7E007D318100062D0285004E363030372D51444E3168
06-05-2025 16:30:06.148,25,RECV,7E007D318100083502C5004E383030382D475338312C
06-05-2025 16:30:06.148,26,RECV,7E007D318100062D0286004E363030382D4237314A86
06-05-2025 16:30:06.198,27,RECV,7E007D318100083502C6004E383030392D5657384404
06-05-2025 16:30:06.199,28,RECV,7E007D3181000534027C004E353030392D5146513066
06-05-2025 16:30:06.199,29,RECV,7E007D318100073C0271004E373030392D354C4D4A65
06-05-2025 16:30:06.199,30,RECV,7E007D318100062D0287004E363030392D5551523050
06-05-2025 16:30:06.249,31,RECV,7E007D318100083402C7004E383031302D37494F471F
06-05-2025 16:30:06.261,32,RECV,7E007D3181000533027D5D004E353031302D354449368E
06-05-2025 16:30:06.270,33,RECV,7E007D318100073C0272004E373031302D4948473379
06-05-2025 16:30:06.270,34,RECV,7E007D318100062D0288004E363031302D334749427A
06-05-2025 16:30:06.270,35,RECV,7E007D318100083502C8004E383031312D4E55423914
06-05-2025 16:30:06.270,36,RECV,7E007D3181000534027D5E004E353031312D425331427B
06-05-2025 16:30:06.270,37,RECV,7E007D318100073C0273004E373031312D5944394567
06-05-2025 16:30:06.280,38,RECV,7E007D318100062D0289004E363031312D4646355864
06-05-2025 16:30:06.298,39,RECV,7E007D318100083402C9004E383031322D373754442B
06-05-2025 16:30:06.319,40,RECV,7E007D3181000533027F004E353031322D53374F5752
06-05-2025 16:30:06.319,41,RECV,7E007D318100073E0274004E373031322D5757354556
06-05-2025 16:30:06.319,42,RECV,7E007D318100062D028A004E363031322D5038303390
06-05-2025 16:30:06.349,43,RECV,7E007D318100083402CA004E383031332D4247373738
06-05-2025 16:30:06.349,44,RECV,7E007D31810005340280004E353031332D5658444D40
06-05-2025 16:30:06.349,45,RECV,7E007D318100062D028B004E363031332D5545444754
06-05-2025 16:30:06.399,46,RECV,7E007D318100083402CB004E383031342D3654493624
06-05-2025 16:30:06.414,47,RECV,7E007D31810005340281004E353031342D58364D475B
06-05-2025 16:30:06.420,48,RECV,7E007D318100073D0276004E373031342D5230513177
06-05-2025 16:30:06.420,49,RECV,7E007D318100062D028C004E363031342D4158564741
06-05-2025 16:30:06.449,50,RECV,7E007D318100083502CC004E383031352D4347584107
06-05-2025 16:30:06.449,51,RECV,7E007D31810005340282004E353031352D4B5A395845
06-05-2025 16:30:06.449,52,RECV,7E007D318100073E0277004E373031352D4959323371
06-05-2025 16:30:06.449,53,RECV,7E007D318100062D028D004E363031352D46515A4440
06-05-2025 16:30:06.499,54,RECV,7E007D318100083402CD004E383031362D3644374236
06-05-2025 16:30:06.499,55,RECV,7E007D318100073E0278004E373031362D493642367F
06-05-2025 16:30:06.499,56,RECV,7E007D318100062D028E004E363031362D304A55564E
06-05-2025 16:30:06.499,57,RECV,7E007D318100083402CE004E383031372D473537492B
06-05-2025 16:30:06.549,58,RECV,7E007D31810005340284004E353031372D53415A4841
06-05-2025 16:30:06.564,59,RECV,7E007D318100073E0279004E373031372D3434575263
06-05-2025 16:30:06.564,60,RECV,7E007D318100062D028F004E363031372D393157347C
06-05-2025 16:30:06.564,61,RECV,7E007D318100083502CF004E383031382D464C4259F7
06-05-2025 16:30:06.564,62,RECV,7E007D31810005340285004E353031382D345259375F
06-05-2025 16:30:06.564,63,RECV,7E007D318100073E027A004E373031382D394746327A
06-05-2025 16:30:06.564,64,RECV,7E007D318100062D0290004E363031382D574E363064
06-05-2025 16:30:06.599,65,RECV,7E007D318100083502D0004E383031392D4556554BE7
06-05-2025 16:30:06.601,66,RECV,7E007D31810005340286004E353031392D515558383D
06-05-2025 16:30:06.601,67,RECV,7E007D318100073E027B004E373031392D464D384362
06-05-2025 16:30:06.601,68,RECV,7E007D318100062D0291004E363031392D59314E563F
06-05-2025 16:30:06.649,69,RECV,7E007D318100083502D1004E383032302D3754574BFC
06-05-2025 16:30:06.649,70,RECV,7E007D31810005340287004E353032302D5546565831
06-05-2025 16:30:06.650,71,RECV,7E007D318100073E027C004E373032302D5037484761
06-05-2025 16:30:06.650,72,RECV,7E007D318100062E0292004E363032302D42414A4264
06-05-2025 16:30:06.660,73,RECV,7E007D318100083502D2004E383032312D37595A330A
06-05-2025 16:30:06.681,74,RECV,7E007D31810005340288004E353032312D5448494C47
06-05-2025 16:30:06.681,75,RECV,7E007D318100073E027D5D004E373032312D3431564179
06-05-2025 16:30:06.681,76,RECV,7E007D318100062E0293004E363032312D55304E5846
06-05-2025 16:30:06.700,77,RECV,7E007D318100083502D3004E383032322D5A4E514CE0
06-05-2025 16:30:06.750,78,RECV,7E007D31810005340289004E353032322D304C305674
06-05-2025 16:30:06.750,79,RECV,7E007D318100073E027D5E004E373032322D5943575030
06-05-2025 16:30:06.750,80,RECV,7E007D318100062E0294004E363032322D4D4F39306A
06-05-2025 16:30:06.750,81,RECV,7E007D318100083502D4004E383032332D4446394719
06-05-2025 16:30:06.760,82,RECV,7E007D3181000534028A004E353032332D553331417A
06-05-2025 16:30:06.760,83,RECV,7E007D318100073E027F004E373032332D4757453856
06-05-2025 16:30:06.761,84,RECV,7E007D318100062E0295004E363032332D36474D5251
06-05-2025 16:30:06.800,85,RECV,7E007D318100083402D5004E383032342D5A4B494BE9
06-05-2025 16:30:06.800,86,RECV,7E007D3181000534028B004E353032342D564A445638
06-05-2025 16:30:06.810,87,RECV,7E007D318100073C0280004E373032342D465552394B
06-05-2025 16:30:06.811,88,RECV,7E007D318100062E0296004E363032342D56314B4554
06-05-2025 16:30:06.821,89,RECV,7E007D318100083402D6004E383032352D4747385406
06-05-2025 16:30:06.900,90,RECV,7E007D3181000534028C004E353032352D4F3630506B
06-05-2025 16:30:06.911,91,RECV,7E007D318100073C0281004E373032352D4B444F3958
06-05-2025 16:30:06.911,92,RECV,7E007D318100062E0297004E363032352D4E43353271
06-05-2025 16:30:06.911,93,RECV,7E007D318100083402D7004E383032362D4950364C03
06-05-2025 16:30:06.911,94,RECV,7E007D3181000534028D004E353032362D4C525A383E
06-05-2025 16:30:06.911,95,RECV,7E007D318100073C0282004E373032362D333534567B
06-05-2025 16:30:06.911,96,RECV,7E007D318100062E0298004E363032362D444B513552
06-05-2025 16:30:06.911,97,RECV,7E007D318100083402D8004E383032372D385938490A
06-05-2025 16:30:06.950,98,RECV,7E007D3181000534028E004E353032372D5954395531
06-05-2025 16:30:06.950,99,RECV,7E007D318100073C0283004E373032372D583233525C
06-05-2025 16:30:06.951,100,RECV,7E007D318100062E0299004E363032372D5243524836
06-05-2025 16:30:06.951,101,RECV,7E007D318100083402D9004E383032382D514E4747ED
06-05-2025 16:30:06.971,102,RECV,7E007D3181000534028F004E353032382D4B4D313968
06-05-2025 16:30:06.971,103,RECV,7E007D318100073D0284004E373032382D4E45473658
06-05-2025 16:30:06.972,104,RECV,7E007D318100062E029A004E363032382D365049593B
06-05-2025 16:30:07.001,105,RECV,7E007D318100083502DA004E383032392D565330310D
06-05-2025 16:30:07.028,106,RECV,7E007D31810005350290004E353032392D343638477D5E
06-05-2025 16:30:07.028,107,RECV,7E007D318100073D0285004E373032392D4644555235
06-05-2025 16:30:07.051,108,RECV,7E007D318100062E029B004E363032392D4A51364A46
06-05-2025 16:30:07.054,109,RECV,7E007D318100083502DB004E383033302D394431353B
06-05-2025 16:30:07.054,110,RECV,7E007D31810005340291004E353033302D3756474F4C
06-05-2025 16:30:07.055,111,RECV,7E007D318100073D0286004E373033302D313534587B
06-05-2025 16:30:07.055,112,RECV,7E007D318100062E029C004E363033302D45495A4A36
06-05-2025 16:30:07.101,113,RECV,7E007D318100083502DC004E383033312D534C3052FB
06-05-2025 16:30:07.101,114,RECV,7E007D31810005340292004E353033312D3637413788
06-05-2025 16:30:07.101,115,RECV,7E007D318100073D0287004E373033312D524F4A443C
06-05-2025 16:30:07.101,116,RECV,7E007D318100062E029D004E363033312D465450314B
06-05-2025 16:30:07.102,117,RECV,7E007D318100083502DD004E383033322D43434F57EE
06-05-2025 16:30:07.153,118,RECV,7E007D31810005340293004E353033322D4857464442
06-05-2025 16:30:07.182,119,RECV,7E007D318100073D0288004E373033322D364142426E
06-05-2025 16:30:07.182,120,RECV,7E007D318100062E029E004E363033322D4741393073
06-05-2025 16:30:07.183,121,RECV,7E007D318100083502DE004E383033332D3233484526
06-05-2025 16:30:07.201,122,RECV,7E007D31810005340294004E353033332D504C465730
06-05-2025 16:30:07.215,123,RECV,7E007D318100073E0289004E373033332D574E54432A
06-05-2025 16:30:07.215,124,RECV,7E007D318100062E029F004E363033332D5435493957
06-05-2025 16:30:07.215,125,RECV,7E007D318100083502DF004E383033342D4C5A4843E5
06-05-2025 16:30:07.215,126,RECV,7E007D31810005340295004E353033342D4A58485924
06-05-2025 16:30:07.216,127,RECV,7E007D318100073E028A004E373033342D494A51562A
06-05-2025 16:30:07.251,128,RECV,7E007D318100062E02A0004E363033342D33474B504B
06-05-2025 16:30:07.251,129,RECV,7E007D318100083502E0004E383033352D52465230FA
06-05-2025 16:30:07.251,130,RECV,7E007D31810005350296004E353033352D4C5830424E
06-05-2025 16:30:07.251,131,RECV,7E007D318100073F028B004E373033352D413655464F
06-05-2025 16:30:07.282,132,RECV,7E007D318100062F02A1004E363033352D595A45461F
06-05-2025 16:30:07.285,133,RECV,7E007D31810005350297004E353033362D564737315D
06-05-2025 16:30:07.313,134,RECV,7E007D318100073F028C004E373033362D3043353285
06-05-2025 16:30:07.338,135,RECV,7E007D318100083602E2004E383033372D554239310E
06-05-2025 16:30:07.359,136,RECV,7E007D318100062F02A2004E363033362D32424E5A3F
06-05-2025 16:30:07.359,137,RECV,7E007D31810005350298004E353033372D3337415A5B
06-05-2025 16:30:07.359,138,RECV,7E007D318100073F028D004E373033372D58534B3136
06-05-2025 16:30:07.359,139,RECV,7E007D318100083502E3004E383033382D36364D490C
06-05-2025 16:30:07.359,140,RECV,7E007D318100062F02A3004E363033372D3245324F61
06-05-2025 16:30:07.401,141,RECV,7E007D31810005350299004E353033382D5457554816
06-05-2025 16:30:07.401,142,RECV,7E007D318100073F028E004E373033382D5831513150
06-05-2025 16:30:07.402,143,RECV,7E007D318100083502E4004E383033392D4646414CF3
06-05-2025 16:30:07.402,144,RECV,7E007D318100062F02A4004E363033382D4C5133493E
06-05-2025 16:30:07.452,145,RECV,7E007D3181000535029A004E353033392D413035397D5D
06-05-2025 16:30:07.452,146,RECV,7E007D318100073F028F004E373033392D4644314A54
06-05-2025 16:30:07.452,147,RECV,7E007D318100083602E5004E383034302D4F353959FC
06-05-2025 16:30:07.452,148,RECV,7E007D318100062F02A5004E363033392D3751544E2B
06-05-2025 16:30:07.463,149,RECV,7E007D3181000535029B004E353034302D4D3432337D5D
06-05-2025 16:30:07.491,150,RECV,7E007D318100073F0290004E373034302D51424B562C
06-05-2025 16:30:07.514,151,RECV,7E007D318100083502E6004E383034312D47394C59EC
06-05-2025 16:30:07.514,152,RECV,7E007D318100062F02A6004E363034302D4733575536
06-05-2025 16:30:07.514,153,RECV,7E007D3181000536029C004E353034312D3230494F66
06-05-2025 16:30:07.514,154,RECV,7E007D318100073F0291004E373034312D5553424133
06-05-2025 16:30:07.514,155,RECV,7E007D318100083602E7004E383034322D3754314D05
06-05-2025 16:30:07.514,156,RECV,7E007D318100062F02A7004E363034312D4846534732
06-05-2025 16:30:07.552,157,RECV,7E007D3181000535029D004E353034322D56494C353F
06-05-2025 16:30:07.552,158,RECV,7E007D318100073F0292004E373034322D3047353779
06-05-2025 16:30:07.552,159,RECV,7E007D318100083702E8004E383034332D49563449EF
06-05-2025 16:30:07.552,160,RECV,7E007D318100062F02A8004E363034322D5A36415433
06-05-2025 16:30:07.602,161,RECV,7E007D3181000535029E004E353034332D5343594925
06-05-2025 16:30:07.603,162,RECV,7E007D318100083602E9004E383034342D344F4155F1
06-05-2025 16:30:07.604,163,RECV,7E007D318100062F02A9004E363034332D3653514E2E
06-05-2025 16:30:07.652,164,RECV,7E007D3181000535029F004E353034342D354741435B
06-05-2025 16:30:07.652,165,RECV,7E007D318100083602EA004E383034352D4F4B4C37EB
06-05-2025 16:30:07.652,166,RECV,7E007D318100073F0294004E373034342D554956537D31
06-05-2025 16:30:07.652,167,RECV,7E007D318100062F02AA004E363034342D463534495C
06-05-2025 16:30:07.652,168,RECV,7E007D318100053602A0004E353034352D474A484837
06-05-2025 16:30:07.702,169,RECV,7E007D318100083602EB004E383034362D38355545FF
06-05-2025 16:30:07.702,170,RECV,7E007D318100073F0295004E373034352D43324E494A
06-05-2025 16:30:07.702,171,RECV,7E007D318100063002AB004E363034352D3439444C54
06-05-2025 16:30:07.702,172,RECV,7E007D318100053702A1004E353034362D4A31575231
06-05-2025 16:30:07.702,173,RECV,7E007D318100083702EC004E383034372D37365449F9
06-05-2025 16:30:07.712,174,RECV,7E007D318100073D0296004E373034362D314B47375C
06-05-2025 16:30:07.713,175,RECV,7E007D318100063002AC004E363034362D3936543854
06-05-2025 16:30:07.752,176,RECV,7E007D318100053602A2004E353034372D344C34366A
06-05-2025 16:30:07.753,177,RECV,7E007D318100083702ED004E383034382D58524642CF
06-05-2025 16:30:07.753,178,RECV,7E007D31810007400297004E373034372D564E434723
06-05-2025 16:30:07.802,179,RECV,7E007D318100063002AD004E363034372D4442523144
06-05-2025 16:30:07.808,180,RECV,7E007D318100053602A3004E353034382D384C394F46
06-05-2025 16:30:07.808,181,RECV,7E007D318100083802EE004E383034392D55345752CC
06-05-2025 16:30:07.808,182,RECV,7E007D31810007400298004E373034382D3431555A3B
06-05-2025 16:30:07.808,183,RECV,7E007D318100063102AE004E363034382D4459333842
06-05-2025 16:30:07.852,184,RECV,7E007D318100053702A4004E353034392D4930593944
06-05-2025 16:30:07.852,185,RECV,7E007D318100083702EF004E383035302D4B463351F1
06-05-2025 16:30:07.852,186,RECV,7E007D31810007400299004E373034392D534C414B22
06-05-2025 16:30:07.853,187,RECV,7E007D318100063002AF004E363034392D4F37584B20
06-05-2025 16:30:07.903,188,RECV,7E007D318100053702A5004E353035302D43454F5A25
06-05-2025 16:30:07.903,189,RECV,7E007D318100083702F0004E383035312D4156334CEE
06-05-2025 16:30:07.903,190,RECV,7E007D318100073F029A004E373035302D385746433D
06-05-2025 16:30:07.903,191,RECV,7E007D318100063102B0004E363035302D5A594C440C
06-05-2025 16:30:07.953,192,RECV,7E007D318100053602A6004E353035312D524A504E1B
06-05-2025 16:30:07.970,193,RECV,7E007D318100083702F1004E383035322D49373952F7
06-05-2025 16:30:07.970,194,RECV,7E007D318100073F029B004E373035312D574D52510C
06-05-2025 16:30:07.970,195,RECV,7E007D318100063102B1004E363035312D505932353D
06-05-2025 16:30:07.970,196,RECV,7E007D318100053702A7004E353035322D49474E4133
06-05-2025 16:30:07.970,197,RECV,7E007D318100083702F2004E383035332D30565956CB
06-05-2025 16:30:07.970,198,RECV,7E007D3181000740029C004E373035322D55334B532A
06-05-2025 16:30:08.003,199,RECV,7E007D318100063002B2004E363035322D5A374A3938
06-05-2025 16:30:08.003,200,RECV,7E007D318100053702A8004E353035332D4B3253413F
06-05-2025 16:30:08.003,201,RECV,7E007D318100083702F3004E383035342D46433751ED
06-05-2025 16:30:08.003,202,RECV,7E007D3181000741029D004E373035332D505A56301D
06-05-2025 16:30:08.013,203,RECV,7E007D318100063002B3004E363035332D45535A4A0E
06-05-2025 16:30:08.053,204,RECV,7E007D3181000740029E004E373035342D35584A5322
06-05-2025 16:30:08.054,205,RECV,7E007D318100063002B4004E363035342D504A514815
06-05-2025 16:30:08.103,206,RECV,7E007D3181000740029F004E373035352D5350494F0F
06-05-2025 16:30:08.109,207,RECV,7E007D318100063002B5004E363035352D4442374D3C
06-05-2025 16:30:08.153,208,RECV,7E007D318100074002A0004E373035362D3935325A4E
06-05-2025 16:30:08.153,209,RECV,7E007D318100063002B6004E363035362D324B56571A
06-05-2025 16:30:08.153,210,RECV,7E007D318100083702F7004E383035382D38474752DE
06-05-2025 16:30:08.163,211,RECV,7E007D318100053702AC004E353035372D414F584719
06-05-2025 16:30:08.163,212,RECV,7E007D318100074002A1004E373035372D36504A571F
06-05-2025 16:30:08.204,213,RECV,7E007D318100063002B7004E363035372D4352444821
06-05-2025 16:30:08.204,214,RECV,7E007D318100083702F8004E383035392D5A4A354ECD
06-05-2025 16:30:08.204,215,RECV,7E007D318100053702AD004E353035382D534236512A
06-05-2025 16:30:08.204,216,RECV,7E007D318100074002A2004E373035382D3149395140
06-05-2025 16:30:08.225,217,RECV,7E007D318100063002B8004E363035382D4E31524926
06-05-2025 16:30:08.247,218,RECV,7E007D318100083802F9004E383036302D30425855DB
06-05-2025 16:30:08.247,219,RECV,7E007D318100053602AE004E353035392D4A4F515605
06-05-2025 16:30:08.247,220,RECV,7E007D318100074002A3004E373035392D5949464317
06-05-2025 16:30:08.253,221,RECV,7E007D318100063102B9004E363035392D5844395018
06-05-2025 16:30:08.303,222,RECV,7E007D318100083702FA004E383036312D3536343921
06-05-2025 16:30:08.305,223,RECV,7E007D318100053702AF004E353036302D323458414C
06-05-2025 16:30:08.305,224,RECV,7E007D318100074002A4004E373036302D52454C4224
06-05-2025 16:30:08.305,225,RECV,7E007D318100063002BA004E363036302D3437515831
06-05-2025 16:30:08.305,226,RECV,7E007D318100083702FB004E383036322D584A4848C5
06-05-2025 16:30:08.324,227,RECV,7E007D318100053702B0004E353036312D4D4149343E
06-05-2025 16:30:08.324,228,RECV,7E007D318100074002A5004E373036312D444C444132
06-05-2025 16:30:08.354,229,RECV,7E007D318100063002BB004E363036312D4D39304A43
06-05-2025 16:30:08.354,230,RECV,7E007D318100083702FC004E383036332D53534135D9
06-05-2025 16:30:08.354,231,RECV,7E007D318100053602B1004E353036322D464A4B4D20
06-05-2025 16:30:08.403,232,RECV,7E007D318100074002A6004E373036322D574F424518
06-05-2025 16:30:08.407,233,RECV,7E007D318100063102BC004E363036322D33395A3644
06-05-2025 16:30:08.415,234,RECV,7E007D318100083702FD004E383036342D36495355CC
06-05-2025 16:30:08.415,235,RECV,7E007D318100053602B2004E353036332D5038433942
06-05-2025 16:30:08.415,236,RECV,7E007D318100074002A7004E373036332D36524D4727
06-05-2025 16:30:08.415,237,RECV,7E007D318100063002BD004E363036332D4A374C531F
06-05-2025 16:30:08.454,238,RECV,7E007D318100083702FE004E383036352D47413746EC
06-05-2025 16:30:08.454,239,RECV,7E007D318100053702B3004E353036342D534242412B
06-05-2025 16:30:08.454,240,RECV,7E007D318100074002A8004E373036342D3148443450
06-05-2025 16:30:08.504,241,RECV,7E007D318100063002BE004E363036342D4734544727
06-05-2025 16:30:08.504,242,RECV,7E007D318100083702FF004E383036362D39554D31E3
06-05-2025 16:30:08.504,243,RECV,7E007D318100053702B4004E353036352D4F515555F7
06-05-2025 16:30:08.505,244,RECV,7E007D318100074002A9004E373036352D4F4648332F
06-05-2025 16:30:08.515,245,RECV,7E007D318100063002BF004E363036352D4549465710
06-05-2025 16:30:08.515,246,RECV,7E007D31810008370201004E383036372D47324938F2
06-05-2025 16:30:08.515,247,RECV,7E007D318100053702B5004E353036362D5354584EF2
06-05-2025 16:30:08.554,248,RECV,7E007D318100074002AA004E373036362D5859354D0A
06-05-2025 16:30:08.567,249,RECV,7E007D318100063002C0004E363036362D5030515612
06-05-2025 16:30:08.590,250,RECV,7E007D31810008380202004E383036382D39593041E6
06-05-2025 16:30:08.590,251,RECV,7E007D318100053702B6004E353036372D4734364D3F
06-05-2025 16:30:08.604,252,RECV,7E007D318100074002AB004E373036372D4246454925
06-05-2025 16:30:08.604,253,RECV,7E007D318100063002C1004E363036372D3532593443
06-05-2025 16:30:08.604,254,RECV,7E007D31810008370203004E383036392D54445245B9
06-05-2025 16:30:08.604,255,RECV,7E007D318100053702B7004E353036382D475A315019
06-05-2025 16:30:08.605,256,RECV,7E007D318100074002AC004E373036382D363955383D
06-05-2025 16:30:08.654,257,RECV,7E007D318100063002C2004E363036382D3730455534
06-05-2025 16:30:08.655,258,RECV,7E007D31810008370204004E383037302D4F343044F8
06-05-2025 16:30:08.655,259,RECV,7E007D318100053702B8004E353036392D3257575801
06-05-2025 16:30:08.655,260,RECV,7E007D318100074002AD004E373036392D4F32424430
06-05-2025 16:30:08.705,261,RECV,7E007D318100063002C3004E363036392D4245435514
06-05-2025 16:30:08.714,262,RECV,7E007D318100053602B9004E353037302D5854494804
06-05-2025 16:30:08.714,263,RECV,7E007D318100074002AE004E373037302D434A473238
06-05-2025 16:30:08.715,264,RECV,7E007D31810008370206004E383037322D5247504CB6
06-05-2025 16:30:08.715,265,RECV,7E007D318100063002C4004E363037302D41314C4438
06-05-2025 16:30:08.716,266,RECV,7E007D318100053602BA004E353037312D5257395508
06-05-2025 16:30:08.755,267,RECV,7E007D318100074002AF004E373037312D464D49510F
06-05-2025 16:30:08.755,268,RECV,7E007D31810008370207004E383037332D4A434C45CB
06-05-2025 16:30:08.756,269,RECV,7E007D318100063002C5004E363037312D4D33304444
06-05-2025 16:30:08.805,270,RECV,7E007D318100053602BB004E353037322D324B4F343D
06-05-2025 16:30:08.807,271,RECV,7E007D318100074002B0004E373037322D5437414727
06-05-2025 16:30:08.807,272,RECV,7E007D31810008370208004E383037342D51513245CE
06-05-2025 16:30:08.807,273,RECV,7E007D318100063002C6004E363037322D444F453628
06-05-2025 16:30:08.807,274,RECV,7E007D318100053602BC004E353037332D4E35484A26
06-05-2025 16:30:08.855,275,RECV,7E007D318100074002B1004E373037332D5058504DF3
06-05-2025 16:30:08.867,276,RECV,7E007D31810008370209004E383037352D5837344BD7
06-05-2025 16:30:08.868,277,RECV,7E007D318100063002C7004E363037332D45555252F6
06-05-2025 16:30:08.868,278,RECV,7E007D318100053602BD004E353037342D4A4F52440A
06-05-2025 16:30:08.905,279,RECV,7E007D318100074002B2004E373037342D4533384C3A
06-05-2025 16:30:08.905,280,RECV,7E007D3181000837020A004E383037362D4D4A4547C0
06-05-2025 16:30:08.905,281,RECV,7E007D318100063002C8004E363037342D5741385210
06-05-2025 16:30:08.905,282,RECV,7E007D318100053702BE004E353037352D4751584105
06-05-2025 16:30:08.905,283,RECV,7E007D318100074002B3004E373037352D49504D4C02
06-05-2025 16:30:08.956,284,RECV,7E007D3181000837020B004E383037372D54325559AD
06-05-2025 16:30:08.956,285,RECV,7E007D318100063002C9004E363037352D50445A3909
06-05-2025 16:30:08.956,286,RECV,7E007D318100053602BF004E353037362D5354315904
06-05-2025 16:30:08.956,287,RECV,7E007D318100073F02B4004E373037362D5942524FF7
06-05-2025 16:30:08.956,288,RECV,7E007D3181000837020C004E383037382D4A48484FB6
06-05-2025 16:30:08.957,289,RECV,7E007D318100063002CA004E363037362D514F41410C
06-05-2025 16:30:08.987,290,RECV,7E007D318100053702C0004E353037372D4C4151381C
06-05-2025 16:30:08.987,291,RECV,7E007D318100074002B5004E373037372D50464459FD
06-05-2025 16:30:08.988,292,RECV,7E007D3181000836020D004E383037392D57524439B8
06-05-2025 16:30:09.008,293,RECV,7E007D318100063002CB004E363037372D324B445714
06-05-2025 16:30:09.028,294,RECV,7E007D318100053702C1004E353037382D4F4953327D33
06-05-2025 16:30:09.055,295,RECV,7E007D318100074002B6004E373037382D32365A501C
06-05-2025 16:30:09.055,296,RECV,7E007D3181000837020E004E383038302D36425257C3
06-05-2025 16:30:09.055,297,RECV,7E007D318100063002CC004E363037382D464B32382F
06-05-2025 16:30:09.055,298,RECV,7E007D318100053702C2004E353037392D5A395646FF
06-05-2025 16:30:09.105,299,RECV,7E007D318100074002B7004E373037392D4A4F5258E9
06-05-2025 16:30:09.106,300,RECV,7E007D3181000837020F004E383038312D554F5545A4
06-05-2025 16:30:09.106,301,RECV,7E007D318100063002CD004E363037392D4836424D1B
06-05-2025 16:30:09.106,302,RECV,7E007D318100053702C3004E353038302D463838334C
06-05-2025 16:30:09.106,303,RECV,7E007D318100074002B8004E373038302D3352394530
06-05-2025 16:30:09.116,304,RECV,7E007D31810008370210004E383038322D5A45545598
06-05-2025 16:30:09.136,305,RECV,7E007D318100063002CE004E363038302D4F38523224
06-05-2025 16:30:09.137,306,RECV,7E007D318100053602C4004E353038312D5A37393931
06-05-2025 16:30:09.156,307,RECV,7E007D318100074002B9004E373038312D345A4D457D31
06-05-2025 16:30:09.176,308,RECV,7E007D3181000837027D31004E383038332D54365A50AA
06-05-2025 16:30:09.206,309,RECV,7E007D318100063102CF004E363038312D4D564F3703
06-05-2025 16:30:09.212,310,RECV,7E007D318100053602C5004E353038322D4A424A3923
06-05-2025 16:30:09.212,311,RECV,7E007D318100074002BA004E373038322D50524A307D33
06-05-2025 16:30:09.212,312,RECV,7E007D31810008370212004E383038342D37493256D4
06-05-2025 16:30:09.216,313,RECV,7E007D318100063002D0004E363038322D5943393323
06-05-2025 16:30:09.216,314,RECV,7E007D318100053602C6004E353038332D373533464B
06-05-2025 16:30:09.256,315,RECV,7E007D318100074002BB004E373038332D4438594D0B
06-05-2025 16:30:09.256,316,RECV,7E007D3181000837027D33004E383038352D39445955AF
06-05-2025 16:30:09.256,317,RECV,7E007D318100063002D1004E363038332D505146350D
06-05-2025 16:30:09.266,318,RECV,7E007D318100053602C7004E353038342D5451323522
06-05-2025 16:30:09.276,319,RECV,7E007D318100074002BC004E373038342D4849544501
06-05-2025 16:30:09.277,320,RECV,7E007D31810008370214004E383038362D35494643D1
06-05-2025 16:30:09.306,321,RECV,7E007D318100062F02D2004E363038342D57484D310B
06-05-2025 16:30:09.331,322,RECV,7E007D318100053502C8004E353038352D473034433F
06-05-2025 16:30:09.331,323,RECV,7E007D318100074002BD004E373038352D45394C4916
06-05-2025 16:30:09.331,324,RECV,7E007D31810008360215004E383038372D515A3531C6
06-05-2025 16:30:09.331,325,RECV,7E007D318100062F02D3004E363038352D334147501B
06-05-2025 16:30:09.356,326,RECV,7E007D318100053502C9004E353038362D324C5A5201
06-05-2025 16:30:09.356,327,RECV,7E007D318100074002BE004E373038362D575A484FDF
06-05-2025 16:30:09.356,328,RECV,7E007D31810008360216004E383038382D4E4E3037D2
06-05-2025 16:30:09.406,329,RECV,7E007D318100063002D4004E363038362D5846413014
06-05-2025 16:30:09.406,330,RECV,7E007D318100053602CA004E353038372D355048510A
06-05-2025 16:30:09.406,331,RECV,7E007D318100074002BF004E373038372D574B5936F4
06-05-2025 16:30:09.406,332,RECV,7E007D31810008360217004E383038392D304D5342C1
06-05-2025 16:30:09.427,333,RECV,7E007D318100062F02D5004E363038372D48524954EB
06-05-2025 16:30:09.427,334,RECV,7E007D318100053502CB004E353038382D4A4137382D
06-05-2025 16:30:09.456,335,RECV,7E007D31810008350218004E383039302D4738424DCD
06-05-2025 16:30:09.482,336,RECV,7E007D318100062E02D6004E363038382D594A384CFA
06-05-2025 16:30:09.482,337,RECV,7E007D318100053602CC004E353038392D34565950F1
06-05-2025 16:30:09.506,338,RECV,7E007D31810008350219004E383039312D53384B58AB
06-05-2025 16:30:09.515,339,RECV,7E007D318100062E02D7004E363038392D57575857C2
06-05-2025 16:30:09.515,340,RECV,7E007D318100053602CD004E353039302D5333504F06
06-05-2025 16:30:09.556,341,RECV,7E007D3181000836021A004E383039322D38314351D9
06-05-2025 16:30:09.556,342,RECV,7E007D318100073F02C2004E373039302D4A56324512
06-05-2025 16:30:09.556,343,RECV,7E007D318100062F02D8004E363039302D324D335023
06-05-2025 16:30:09.557,344,RECV,7E007D318100053502CE004E353039312D55494C57E9
06-05-2025 16:30:09.567,345,RECV,7E007D3181000836021B004E383039332D334F4B58AF
06-05-2025 16:30:09.571,346,RECV,7E007D318100074002C3004E373039312D56395856E9
06-05-2025 16:30:09.606,347,RECV,7E007D318100062E02D9004E363039312D4936483627
06-05-2025 16:30:09.635,348,RECV,7E007D318100053502CF004E353039322D4944544403
06-05-2025 16:30:09.647,349,RECV,7E007D3181000836021C004E383039342D34585A45A7
06-05-2025 16:30:09.647,350,RECV,7E007D318100073F02C4004E373039322D37574B54F8
06-05-2025 16:30:09.656,351,RECV,7E007D318100062E02DA004E363039322D524933490B
06-05-2025 16:30:09.661,352,RECV,7E007D318100053502D0004E353039332D334B44461E
06-05-2025 16:30:09.661,353,RECV,7E007D3181000836021D004E383039352D34474631DE
06-05-2025 16:30:09.662,354,RECV,7E007D318100073F02C5004E373039332D58344857F8
06-05-2025 16:30:09.706,355,RECV,7E007D318100062E02DB004E363039332D514A3958F4
06-05-2025 16:30:09.707,356,RECV,7E007D318100053502D1004E353039342D46544A4FF1
06-05-2025 16:30:09.707,357,RECV,7E007D3181000836021E004E383039362D34344F41D6
06-05-2025 16:30:09.707,358,RECV,7E007D318100073F02C6004E373039342D46414D58F5
06-05-2025 16:30:09.707,359,RECV,7E007D318100062F02DC004E363039342D5345383419
06-05-2025 16:30:09.707,360,RECV,7E007D318100053502D2004E353039352D54374654FD
06-05-2025 16:30:09.727,361,RECV,7E007D3181000836021F004E383039372D58493538BE
06-05-2025 16:30:09.728,362,RECV,7E007D318100073F02C7004E373039352D56584E38EB
06-05-2025 16:30:09.759,363,RECV,7E007D318100062F02DD004E363039352D53594339F3
06-05-2025 16:30:09.792,364,RECV,7E007D318100053502D3004E353039362D52464D48F3
06-05-2025 16:30:09.811,365,RECV,7E007D31810008360220004E383039382D34394837DE
06-05-2025 16:30:09.811,366,RECV,7E007D318100073F02C8004E373039362D4D32353732
06-05-2025 16:30:09.811,367,RECV,7E007D318100062F02DE004E363039362D345A4D310D
06-05-2025 16:30:09.811,368,RECV,7E007D318100053502D4004E353039372D414F4954F1
06-05-2025 16:30:09.811,369,RECV,7E007D31810008350221004E383039392D30333541F0
06-05-2025 16:30:09.811,370,RECV,7E007D318100073F02C9004E373039372D3355474B01
06-05-2025 16:30:09.857,371,RECV,7E007D318100062F02DF004E363039372D48534741F4
06-05-2025 16:30:09.907,372,RECV,7E007D318100062F02E0004E363039382D45375943FD
06-05-2025 16:30:09.908,373,RECV,7E007D318100053502D7004E353039392D4153434AF8
06-05-2025 16:30:09.908,374,RECV,7E007D318100073F02CC004E373039392D393442547D33
06-05-2025 16:30:09.957,375,RECV,7E007D318100062F02E2004E363039392D4A4632410F
