06-29-2025 19:20:11.823,-,API2,"Sink 1,0013A20041839DB1,802.15.4 TH,2003,/dev/ttyUSB0 - 57600/8/M/1/N,1,46"

06-29-2025 19:19:38.217,0,RECV,7E000F81000630024E363030302D5A334557DC
06-29-2025 19:19:38.217,1,RECV,7E000F81000229024E323030302D4F4F4438FA
06-29-2025 19:19:38.238,2,RECV,7E000F8100052E024E353030302D50384154EC
06-29-2025 19:19:38.247,3,RECV,7E000F81000121024E313030302D4E4C554EE1
06-29-2025 19:19:38.317,4,RECV,7E000F81000632024E363030312D4436343222
06-29-2025 19:19:38.328,5,RECV,7E000F81000229024E323030312D5A324F44F4
06-29-2025 19:19:38.328,6,RECV,7E000F8100052E024E353030312D324C505AE0
06-29-2025 19:19:38.328,7,RECV,7E000F81000121024E313030312D5A455954D1
06-29-2025 19:19:38.368,8,RECV,7E000F81000632024E363030322D36425343F3
06-29-2025 19:19:38.369,9,RECV,7E000F81000229024E323030322D48504853DF
06-29-2025 19:19:38.369,10,RECV,7E000F8100052E024E353030322D544A4558CC
06-29-2025 19:19:38.369,11,RECV,7E000F81000121024E313030322D32475156FC
06-29-2025 19:19:38.420,12,RECV,7E000F81000632024E363030332D36565839E3
06-29-2025 19:19:38.424,13,RECV,7E000F8100022A024E323030332D51595A57B5
06-29-2025 19:19:38.424,14,RECV,7E000F8100052E024E353030332D5A585638C6
06-29-2025 19:19:38.424,15,RECV,7E000F81000121024E313030332D42514550F3
06-29-2025 19:19:38.467,16,RECV,7E000F81000632024E363030342D48374846F2
06-29-2025 19:19:38.472,17,RECV,7E000F8100022A024E323030342D5442314602
06-29-2025 19:19:38.472,18,RECV,7E000F8100052E024E353030342D39475649E6
06-29-2025 19:19:38.472,19,RECV,7E000F81000121024E313030342D3642455904
06-29-2025 19:19:38.518,20,RECV,7E000F81000632024E363030352D4950384AE3
06-29-2025 19:19:38.518,21,RECV,7E000F8100022A024E323030352D59505A44C7
06-29-2025 19:19:38.538,22,RECV,7E000F8100052E024E353030352D52524C38DC
06-29-2025 19:19:38.539,23,RECV,7E000F81000121024E313030352D3231413045
06-29-2025 19:19:38.618,24,RECV,7E000F81000632024E363030362D43453048FD
06-29-2025 19:19:38.622,25,RECV,7E000F8100022A024E323030362D4F53333107
06-29-2025 19:19:38.622,26,RECV,7E000F8100052E024E353030362D4F4A484AD8
06-29-2025 19:19:38.622,27,RECV,7E000F81000121024E313030362D55334E4CF6
06-29-2025 19:19:38.668,28,RECV,7E000F81000632024E363030372D43355A49E1
06-29-2025 19:19:38.668,29,RECV,7E000F81000229024E323030372D5A435457C5
06-29-2025 19:19:38.668,30,RECV,7E000F8100052E024E353030372D43425A30F3
06-29-2025 19:19:38.668,31,RECV,7E000F81000121024E313030372D4131374727
06-29-2025 19:19:38.718,32,RECV,7E000F81000631024E363030382D56463349E4
06-29-2025 19:19:38.728,33,RECV,7E000F81000229024E323030382D4D4A5A5AC1
06-29-2025 19:19:38.728,34,RECV,7E000F8100052E024E353030382D304A423510
06-29-2025 19:19:38.769,35,RECV,7E000F81000121024E313030382D354B36312F
06-29-2025 19:19:38.792,36,RECV,7E000F81000631024E363030392D5952524EB0
06-29-2025 19:19:38.818,37,RECV,7E000F81000229024E323030392D4547334804
06-29-2025 19:19:38.819,38,RECV,7E000F8100052E024E353030392D4F36324306
06-29-2025 19:19:38.819,39,RECV,7E000F81000121024E313030392D305A5A4EE3
06-29-2025 19:19:38.868,40,RECV,7E000F81000632024E363031302D534F4232EC
06-29-2025 19:19:38.880,41,RECV,7E000F81000229024E323031302D5131324C7D33
06-29-2025 19:19:38.880,42,RECV,7E000F8100052B024E353031302D354B4754F0
06-29-2025 19:19:38.880,43,RECV,7E000F81000121024E313031302D4756534DE0
06-29-2025 19:19:38.919,44,RECV,7E000F81000632024E363031312D4E32343914
06-29-2025 19:19:38.919,45,RECV,7E000F8100022A024E323031312D364432590C
06-29-2025 19:19:38.919,46,RECV,7E000F8100052D024E353031312D3343534EF1
06-29-2025 19:19:38.919,47,RECV,7E000F81000121024E313031312D594F3145FE
06-29-2025 19:19:38.969,48,RECV,7E000F81000633024E363031322D4D57594FB3
06-29-2025 19:19:38.972,49,RECV,7E000F8100022A024E323031322D514D5144DD
06-29-2025 19:19:38.973,50,RECV,7E000F8100052C024E353031322D4A393656F9
06-29-2025 19:19:38.973,51,RECV,7E000F81000121024E313031322D3751344916
06-29-2025 19:19:39.019,52,RECV,7E000F81000633024E363031332D48573346E6
06-29-2025 19:19:39.027,53,RECV,7E000F81000229024E323031332D434D353615
06-29-2025 19:19:39.069,54,RECV,7E000F81000121024E313031332D3458454603
06-29-2025 19:19:39.079,55,RECV,7E000F81000633024E363031342D413431480F
06-29-2025 19:19:39.098,56,RECV,7E000F81000229024E323031342D5736394504
06-29-2025 19:19:39.119,57,RECV,7E000F81000121024E313031342D5551314CF6
06-29-2025 19:19:39.170,58,RECV,7E000F81000632024E363031352D4D37565AC9
06-29-2025 19:19:39.207,59,RECV,7E000F81000229024E323031352D47344A55F4
06-29-2025 19:19:39.207,60,RECV,7E000F81000121024E313031352D59583445EE
06-29-2025 19:19:39.220,61,RECV,7E000F81000632024E363031362D5A514854B5
06-29-2025 19:19:39.220,62,RECV,7E000F81000228024E323031362D47574955D2
06-29-2025 19:19:39.220,63,RECV,7E000F81000121024E313031362D4C4A4759E1
06-29-2025 19:19:39.270,64,RECV,7E000F81000632024E363031372D5657534EAD
06-29-2025 19:19:39.270,65,RECV,7E000F81000121024E313031372D514B3859E9
06-29-2025 19:19:39.320,66,RECV,7E000F81000633024E363031382D4F324945EA
06-29-2025 19:19:39.372,67,RECV,7E000F81000121024E313031382D375534391C
06-29-2025 19:19:39.421,68,RECV,7E000F81000632024E363031392D4242324BF8
06-29-2025 19:19:39.422,69,RECV,7E000F81000121024E313031392D58394B53E5
06-29-2025 19:19:39.472,70,RECV,7E000F81000633024E363032302D373435342C
06-29-2025 19:19:39.481,71,RECV,7E000F8100022B024E323032302D42334359FF
06-29-2025 19:19:39.481,72,RECV,7E000F81000121024E313032302D3547495106
06-29-2025 19:19:39.522,73,RECV,7E000F81000632024E363032312D31444D56E8
06-29-2025 19:19:39.532,74,RECV,7E000F81000121024E313032312D59525534E7
06-29-2025 19:19:39.572,75,RECV,7E000F81000633024E363032322D46474B42E4
06-29-2025 19:19:39.593,76,RECV,7E000F81000121024E313032322D364D483916
06-29-2025 19:19:39.623,77,RECV,7E000F81000633024E363032332D4D473447EE
06-29-2025 19:19:39.673,78,RECV,7E000F81000121024E313032332D524C354AFC
06-29-2025 19:19:39.723,79,RECV,7E000F81000632024E363032342D4F413248F3
06-29-2025 19:19:39.724,80,RECV,7E000F81000121024E313032342D4E553543FD
06-29-2025 19:19:39.774,81,RECV,7E000F81000631024E363032352D424A4533F9
06-29-2025 19:19:39.790,82,RECV,7E000F8100022B024E323032352D514F4438EF
06-29-2025 19:19:39.790,83,RECV,7E000F81000121024E313032352D34535352EB
06-29-2025 19:19:39.824,84,RECV,7E000F8100062F024E363032362D56555033D0
06-29-2025 19:19:39.824,85,RECV,7E000F8100022C024E323032362D49505339E4
06-29-2025 19:19:39.874,86,RECV,7E000F81000121024E313032362D5748353909
06-29-2025 19:19:39.874,87,RECV,7E000F81000630024E363032372D38584C49D7
06-29-2025 19:19:39.924,88,RECV,7E000F8100022B024E323032372D324C533800
06-29-2025 19:19:39.948,89,RECV,7E000F81000121024E313032372D4437424F09
06-29-2025 19:19:39.949,90,RECV,7E000F81000632024E363032382D4A514137E6
06-29-2025 19:19:39.949,91,RECV,7E000F8100052B024E353032382D4D305A35F6
06-29-2025 19:19:39.949,92,RECV,7E000F8100022C024E323032382D33584743F2
06-29-2025 19:19:39.955,93,RECV,7E000F81000121024E313032382D34394A510C
06-29-2025 19:19:40.024,94,RECV,7E000F81000630024E363032392D5A33484DD8
06-29-2025 19:19:40.024,95,RECV,7E000F8100052B024E353032392D58584247C8
06-29-2025 19:19:40.024,96,RECV,7E000F8100022C024E323032392D50445555C8
06-29-2025 19:19:40.024,97,RECV,7E000F81000121024E313032392D53594847D8
06-29-2025 19:19:40.074,98,RECV,7E000F81000631024E363033302D4237533401
06-29-2025 19:19:40.090,99,RECV,7E000F8100052B024E353033302D4A58435ACA
06-29-2025 19:19:40.090,100,RECV,7E000F8100022C024E323033302D49544B32F4
06-29-2025 19:19:40.090,101,RECV,7E000F81000121024E313033302D4231304236
06-29-2025 19:19:40.125,102,RECV,7E000F81000630024E363033312D4A375656D4
06-29-2025 19:19:40.126,103,RECV,7E000F8100052B024E353033312D42414959E3
06-29-2025 19:19:40.126,104,RECV,7E000F8100022C024E323033312D314B5648F3
06-29-2025 19:19:40.174,105,RECV,7E000F81000121024E313033312D35444E3320
06-29-2025 19:19:40.185,106,RECV,7E000F81000630024E363033322D5A4C594DB4
06-29-2025 19:19:40.185,107,RECV,7E000F8100052B024E353033322D56334C46EC
06-29-2025 19:19:40.185,108,RECV,7E000F8100022C024E323033322D334531362D
06-29-2025 19:19:40.225,109,RECV,7E000F81000121024E313033322D58523752E6
06-29-2025 19:19:40.275,110,RECV,7E000F8100062F024E363033332D524A5459B7
06-29-2025 19:19:40.275,111,RECV,7E000F8100052B024E353033332D4B553754DB
06-29-2025 19:19:40.275,112,RECV,7E000F81000229024E323033332D3850324D07
06-29-2025 19:19:40.275,113,RECV,7E000F81000121024E313033332D4E3630537D31
06-29-2025 19:19:40.325,114,RECV,7E000F81000630024E363033342D5A4E3355CE
06-29-2025 19:19:40.325,115,RECV,7E000F8100052B024E353033342D36483058FF
06-29-2025 19:19:40.326,116,RECV,7E000F81000229024E323033342D343449510B
06-29-2025 19:19:40.326,117,RECV,7E000F81000121024E313033342D4D3651327D31
06-29-2025 19:19:40.375,118,RECV,7E000F8100062F024E363033352D41334151F8
06-29-2025 19:19:40.399,119,RECV,7E000F8100052C024E353033352D5754504ABE
06-29-2025 19:19:40.399,120,RECV,7E000F81000229024E323033352D474B4C51DD
06-29-2025 19:19:40.401,121,RECV,7E000F81000121024E313033352D54503748F3
06-29-2025 19:19:40.425,122,RECV,7E000F81000630024E363033362D53324832FD
06-29-2025 19:19:40.425,123,RECV,7E000F8100052B024E353033362D5430364603
06-29-2025 19:19:40.425,124,RECV,7E000F8100022A024E323033362D32514943FB
06-29-2025 19:19:40.475,125,RECV,7E000F81000121024E313033362D534C4C45E5
06-29-2025 19:19:40.486,126,RECV,7E000F81000630024E363033372D54363042FF
06-29-2025 19:19:40.486,127,RECV,7E000F8100052C024E353033372D4132555ADF
06-29-2025 19:19:40.486,128,RECV,7E000F8100022C024E323033372D3036443924
06-29-2025 19:19:40.526,129,RECV,7E000F81000121024E313033372D524F514ED4
06-29-2025 19:19:40.575,130,RECV,7E000F81000630024E363033382D58495057B2
06-29-2025 19:19:40.576,131,RECV,7E000F8100052B024E353033382D504E4645D8
06-29-2025 19:19:40.576,132,RECV,7E000F8100022A024E323033382D585A5238CC
06-29-2025 19:19:40.576,133,RECV,7E000F81000121024E313033382D4B38353724
06-29-2025 19:19:40.626,134,RECV,7E000F81000630024E363033392D304D324EFC
06-29-2025 19:19:40.626,135,RECV,7E000F8100052D024E353033392D575A4348C2
06-29-2025 19:19:40.626,136,RECV,7E000F8100022C024E323033392D474F4F47D9
06-29-2025 19:19:40.626,137,RECV,7E000F81000121024E313033392D51414938FF
06-29-2025 19:19:40.676,138,RECV,7E000F81000630024E363034302D5958384BCD
06-29-2025 19:19:40.677,139,RECV,7E000F8100052B024E353034302D3932424318
06-29-2025 19:19:40.677,140,RECV,7E000F8100022B024E323034302D424A5554D9
06-29-2025 19:19:40.713,141,RECV,7E000F81000121024E313034302D4C594C59D0
06-29-2025 19:19:40.727,142,RECV,7E000F8100062F024E363034312D5A535134CF
06-29-2025 19:19:40.728,143,RECV,7E000F8100052B024E353034312D415533330B
06-29-2025 19:19:40.728,144,RECV,7E000F8100022A024E323034312D4A555346D6
06-29-2025 19:19:40.776,145,RECV,7E000F81000121024E313034312D3852564FEA
06-29-2025 19:19:40.827,146,RECV,7E000F8100062F024E363034322D53425543D3
06-29-2025 19:19:40.827,147,RECV,7E000F8100052B024E353034322D35474A4FF1
06-29-2025 19:19:40.827,148,RECV,7E000F8100022B024E323034322D49365146F6
06-29-2025 19:19:40.827,149,RECV,7E000F81000121024E313034322D574A4749E7
06-29-2025 19:19:40.877,150,RECV,7E000F8100062F024E363034332D3346463010
06-29-2025 19:19:40.881,151,RECV,7E000F8100052B024E353034332D46503041FE
06-29-2025 19:19:40.881,152,RECV,7E000F81000229024E323034332D4D41484AED
06-29-2025 19:19:40.881,153,RECV,7E000F81000121024E313034332D5643324507
06-29-2025 19:19:40.927,154,RECV,7E000F81000630024E363034342D38594232F8
06-29-2025 19:19:40.931,155,RECV,7E000F8100052B024E353034342D564C3855D5
06-29-2025 19:19:40.931,156,RECV,7E000F8100022C024E323034342D5933353810
06-29-2025 19:19:40.977,157,RECV,7E000F81000121024E313034342D38515943F1
06-29-2025 19:19:40.977,158,RECV,7E000F8100052B024E353034352D47594C4FC8
06-29-2025 19:19:41.027,159,RECV,7E000F8100022A024E323034352D4751384BEF
06-29-2025 19:19:41.030,160,RECV,7E000F81000121024E313034352D554A3845F9
06-29-2025 19:19:41.030,161,RECV,7E000F8100052B024E353034362D4848344FEF
06-29-2025 19:19:41.058,162,RECV,7E000F8100022A024E323034362D39354A371A
06-29-2025 19:19:41.066,163,RECV,7E000F81000121024E313034362D47314D331C
06-29-2025 19:19:41.127,164,RECV,7E000F8100052A024E353034372D4B384C47EC
06-29-2025 19:19:41.130,165,RECV,7E000F8100022A024E323034372D4A4C335AE5
06-29-2025 19:19:41.131,166,RECV,7E000F81000121024E313034372D4232524904
06-29-2025 19:19:41.177,167,RECV,7E000F8100052B024E353034382D3839444704
06-29-2025 19:19:41.178,168,RECV,7E000F81000229024E323034382D50373355F9
06-29-2025 19:19:41.179,169,RECV,7E000F81000121024E313034382D4854584ED0
06-29-2025 19:19:41.228,170,RECV,7E000F8100052A024E353034392D52524F52BB
06-29-2025 19:19:41.230,171,RECV,7E000F81000229024E323034392D34555752D5
06-29-2025 19:19:41.278,172,RECV,7E000F81000121024E313034392D43554337FF
06-29-2025 19:19:41.278,173,RECV,7E000F8100052B024E353035302D513539357D33
06-29-2025 19:19:41.328,174,RECV,7E000F81000229024E323035302D4551544FD6
06-29-2025 19:19:41.329,175,RECV,7E000F81000121024E313035302D4F474A4CED
06-29-2025 19:19:41.378,176,RECV,7E000F8100052B024E353035312D4B525842CF
06-29-2025 19:19:41.379,177,RECV,7E000F81000229024E323035312D494D4548EB
06-29-2025 19:19:41.379,178,RECV,7E000F81000121024E313035312D38414D59F9
06-29-2025 19:19:41.428,179,RECV,7E000F8100052C024E353035322D4553324FEB
06-29-2025 19:19:41.429,180,RECV,7E000F81000630024E363035322D4541443103
06-29-2025 19:19:41.429,181,RECV,7E000F8100022A024E323035322D31454F4403
06-29-2025 19:19:41.429,182,RECV,7E000F81000121024E313035322D474D4258E9
06-29-2025 19:19:41.478,183,RECV,7E000F8100052B024E353035332D3848544EE2
06-29-2025 19:19:41.483,184,RECV,7E000F81000630024E363035332D59344230FE
06-29-2025 19:19:41.483,185,RECV,7E000F8100022A024E323035332D4750544ED2
06-29-2025 19:19:41.509,186,RECV,7E000F81000121024E313035332D4B33314621
06-29-2025 19:19:41.528,187,RECV,7E000F8100052B024E353035342D4F36584DD9
06-29-2025 19:19:41.544,188,RECV,7E000F81000630024E363035342D53364434FB
06-29-2025 19:19:41.544,189,RECV,7E000F8100022A024E323035342D503646320C
06-29-2025 19:19:41.579,190,RECV,7E000F81000121024E313035342D4D4A4256E6
06-29-2025 19:19:41.589,191,RECV,7E000F8100052B024E353035352D58375A34E5
06-29-2025 19:19:41.590,192,RECV,7E000F81000630024E363035352D3633364517
06-29-2025 19:19:41.590,193,RECV,7E000F8100022A024E323035352D425035350D
06-29-2025 19:19:41.629,194,RECV,7E000F81000121024E313035352D4135434E0D
06-29-2025 19:19:41.680,195,RECV,7E000F8100052B024E353035362D4332303329
06-29-2025 19:19:41.690,196,RECV,7E000F81000630024E363035362D51485A4DBA
06-29-2025 19:19:41.690,197,RECV,7E000F8100022A024E323035362D4A435737ED
06-29-2025 19:19:41.690,198,RECV,7E000F81000121024E313035362D4B3342361D
06-29-2025 19:19:41.729,199,RECV,7E000F8100052B024E353035372D45334545FE
06-29-2025 19:19:41.729,200,RECV,7E000F81000630024E363035372D5838574CC6
06-29-2025 19:19:41.730,201,RECV,7E000F81000229024E323035372D534A4938EA
06-29-2025 19:19:41.730,202,RECV,7E000F81000121024E313035372D53484658D9
06-29-2025 19:19:41.779,203,RECV,7E000F8100052B024E353035382D50574753BE
06-29-2025 19:19:41.782,204,RECV,7E000F8100062F024E363035382D39523446F4
06-29-2025 19:19:41.782,205,RECV,7E000F81000229024E323035382D4F4C4354D5
06-29-2025 19:19:41.800,206,RECV,7E000F81000121024E313035382D54564959C5
06-29-2025 19:19:41.829,207,RECV,7E000F8100052B024E353035392D34355556EA
06-29-2025 19:19:41.845,208,RECV,7E000F8100062F024E363035392D4F4F5348BF
06-29-2025 19:19:41.845,209,RECV,7E000F81000229024E323035392D4F554A33E5
06-29-2025 19:19:41.879,210,RECV,7E000F81000121024E313035392D4A44544BE3
06-29-2025 19:19:41.890,211,RECV,7E000F8100052B024E353036302D3633414A12
06-29-2025 19:19:41.891,212,RECV,7E000F81000630024E363036302D594F5647BA
06-29-2025 19:19:41.891,213,RECV,7E000F81000229024E323036302D4431474D05
06-29-2025 19:19:41.929,214,RECV,7E000F81000121024E313036302D56584C47D7
06-29-2025 19:19:41.980,215,RECV,7E000F8100052C024E353036312D4E335559D5
06-29-2025 19:19:41.997,216,RECV,7E000F81000630024E363036312D39445747E3
06-29-2025 19:19:41.997,217,RECV,7E000F8100022A024E323036312D3047524DF6
06-29-2025 19:19:41.997,218,RECV,7E000F81000121024E313036312D5943473103
06-29-2025 19:19:42.030,219,RECV,7E000F8100052B024E353036322D47495731EC
06-29-2025 19:19:42.031,220,RECV,7E000F81000630024E363036322D4D4E4D51C4
06-29-2025 19:19:42.031,221,RECV,7E000F8100022A024E323036322D3839425602
06-29-2025 19:19:42.080,222,RECV,7E000F81000121024E313036322D54364C45FB
06-29-2025 19:19:42.083,223,RECV,7E000F8100052B024E353036332D574B5759B1
06-29-2025 19:19:42.083,224,RECV,7E000F81000630024E363036332D3648394FF6
06-29-2025 19:19:42.091,225,RECV,7E000F8100022A024E323036332D484E5242E0
06-29-2025 19:19:42.130,226,RECV,7E000F81000121024E313036332D4435313536
06-29-2025 19:19:42.136,227,RECV,7E000F8100052B024E353036342D3247475AE8
06-29-2025 19:19:42.136,228,RECV,7E000F81000630024E363036342D54495156B7
06-29-2025 19:19:42.151,229,RECV,7E000F8100022A024E323036342D56503546E8
06-29-2025 19:19:42.180,230,RECV,7E000F81000121024E313036342D57424559DD
06-29-2025 19:19:42.230,231,RECV,7E000F8100052B024E353036352D514B4254CF
06-29-2025 19:19:42.245,232,RECV,7E000F8100062F024E363036352D46444552DA
06-29-2025 19:19:42.245,233,RECV,7E000F81000229024E323036352D524A4139F3
06-29-2025 19:19:42.245,234,RECV,7E000F81000121024E313036352D5750554CCB
06-29-2025 19:19:42.280,235,RECV,7E000F8100052B024E353036362D56574C4ABD
06-29-2025 19:19:42.289,236,RECV,7E000F8100062F024E363036362D50414257D0
06-29-2025 19:19:42.289,237,RECV,7E000F8100022A024E323036362D3548345006
06-29-2025 19:19:42.289,238,RECV,7E000F81000121024E313036362D3634484F7D31
06-29-2025 19:19:42.331,239,RECV,7E000F8100052B024E353036372D52464A42DB
06-29-2025 19:19:42.331,240,RECV,7E000F81000630024E363036372D48525156B7
06-29-2025 19:19:42.331,241,RECV,7E000F81000229024E323036372D464E4A37F2
06-29-2025 19:19:42.381,242,RECV,7E000F81000121024E313036372D364E564CEB
06-29-2025 19:19:42.403,243,RECV,7E000F8100052B024E353036382D50523937EC
06-29-2025 19:19:42.432,244,RECV,7E000F81000630024E363036382D454A4A34EA
06-29-2025 19:19:42.438,245,RECV,7E000F81000229024E323036382D57434E46D8
06-29-2025 19:19:42.438,246,RECV,7E000F81000121024E313036382D35414F50FB
06-29-2025 19:19:42.481,247,RECV,7E000F8100052C024E353036392D574E4C31DA
06-29-2025 19:19:42.481,248,RECV,7E000F81000630024E363036392D53524E59AA
06-29-2025 19:19:42.481,249,RECV,7E000F8100022A024E323036392D5034324905
06-29-2025 19:19:42.481,250,RECV,7E000F81000121024E313036392D42455647EB
06-29-2025 19:19:42.531,251,RECV,7E000F8100052C024E353037302D434C4A43E8
06-29-2025 19:19:42.542,252,RECV,7E000F81000630024E363037302D42324A3709
06-29-2025 19:19:42.542,253,RECV,7E000F8100022A024E323037302D4F464534FE
06-29-2025 19:19:42.543,254,RECV,7E000F81000121024E313037302D5349304803
06-29-2025 19:19:42.581,255,RECV,7E000F8100052C024E353037312D39594A51D6
06-29-2025 19:19:42.582,256,RECV,7E000F81000630024E363037312D32584343ED
06-29-2025 19:19:42.592,257,RECV,7E000F8100022A024E323037312D334F344E07
06-29-2025 19:19:42.602,258,RECV,7E000F81000121024E313037312D47314B450E
06-29-2025 19:19:42.631,259,RECV,7E000F8100052B024E353037322D305A3857EA
06-29-2025 19:19:42.632,260,RECV,7E000F81000630024E363037322D53543330F2
06-29-2025 19:19:42.632,261,RECV,7E000F8100022A024E323037322D364C36460C
06-29-2025 19:19:42.682,262,RECV,7E000F81000121024E313037322D564A4C58D1
06-29-2025 19:19:42.694,263,RECV,7E000F8100052B024E353037332D494A584EC9
06-29-2025 19:19:42.732,264,RECV,7E000F81000630024E363037332D34455138F9
06-29-2025 19:19:42.737,265,RECV,7E000F81000229024E323037332D49454B47EA
06-29-2025 19:19:42.758,266,RECV,7E000F81000121024E313037332D3043574208
06-29-2025 19:19:42.782,267,RECV,7E000F8100052B024E353037342D4857395ACF
06-29-2025 19:19:42.782,268,RECV,7E000F8100062F024E363037342D574F4D56B2
06-29-2025 19:19:42.782,269,RECV,7E000F81000229024E323037342D44444E44EF
06-29-2025 19:19:42.782,270,RECV,7E000F81000121024E313037342D494C4C44EE
06-29-2025 19:19:42.832,271,RECV,7E000F8100052B024E353037352D5A594B4BB7
06-29-2025 19:19:42.860,272,RECV,7E000F8100062F024E363037352D45304359E9
06-29-2025 19:19:42.860,273,RECV,7E000F81000229024E323037352D534A3056E5
06-29-2025 19:19:42.860,274,RECV,7E000F81000121024E313037352D4A4A5045E9
06-29-2025 19:19:42.883,275,RECV,7E000F8100052B024E353037362D55523052D6
06-29-2025 19:19:42.883,276,RECV,7E000F8100062F024E363037362D304238341B
06-29-2025 19:19:42.883,277,RECV,7E000F81000229024E323037362D5435444FEB
06-29-2025 19:19:42.933,278,RECV,7E000F81000121024E313037362D3646324122
06-29-2025 19:19:42.936,279,RECV,7E000F8100052B024E353037372D48303852FC
06-29-2025 19:19:42.937,280,RECV,7E000F81000630024E363037372D434F3336FC
06-29-2025 19:19:42.937,281,RECV,7E000F8100022A024E323037372D383038481D
06-29-2025 19:19:42.983,282,RECV,7E000F81000121024E313037372D59564639E2
06-29-2025 19:19:43.016,283,RECV,7E000F8100052C024E353037382D57515538C7
06-29-2025 19:19:43.033,284,RECV,7E000F81000630024E363037382D42435439E4
06-29-2025 19:19:43.033,285,RECV,7E000F8100022A024E323037382D4D4130390D
06-29-2025 19:19:43.034,286,RECV,7E000F81000121024E313037382D354538500D
06-29-2025 19:19:43.083,287,RECV,7E000F8100052C024E353037392D3639374A0B
06-29-2025 19:19:43.083,288,RECV,7E000F81000630024E363037392D324E4B4BDF
06-29-2025 19:19:43.084,289,RECV,7E000F8100022A024E323037392D30384F4309
06-29-2025 19:19:43.084,290,RECV,7E000F81000121024E313037392D323050520A
06-29-2025 19:19:43.134,291,RECV,7E000F8100052C024E353038302D30554759DE
06-29-2025 19:19:43.168,292,RECV,7E000F81000630024E363038302D42504859CA
06-29-2025 19:19:43.168,293,RECV,7E000F8100022A024E323038302D56423955E5
06-29-2025 19:19:43.184,294,RECV,7E000F81000121024E313038302D3352503110
06-29-2025 19:19:43.184,295,RECV,7E000F8100052B024E353038312D3641424DFD
06-29-2025 19:19:43.184,296,RECV,7E000F81000630024E363038312D534D5134D7
06-29-2025 19:19:43.184,297,RECV,7E000F81000229024E323038312D38445158E6
06-29-2025 19:19:43.234,298,RECV,7E000F81000121024E313038312D57524C5AC6
06-29-2025 19:19:43.234,299,RECV,7E000F8100052B024E353038322D544F4253CA
06-29-2025 19:19:43.234,300,RECV,7E000F81000630024E363038322D46414250E2
06-29-2025 19:19:43.254,301,RECV,7E000F81000229024E323038322D4A593534FE
06-29-2025 19:19:43.285,302,RECV,7E000F81000121024E313038322D33454B4F02
06-29-2025 19:19:43.325,303,RECV,7E000F8100052B024E353038332D4E52415AC6
06-29-2025 19:19:43.325,304,RECV,7E000F81000630024E363038332D50594B52B4
06-29-2025 19:19:43.325,305,RECV,7E000F81000229024E323038332D53514937E5
06-29-2025 19:19:43.336,306,RECV,7E000F81000121024E313038332D4254354503
06-29-2025 19:19:43.385,307,RECV,7E000F8100052B024E353038342D39535145DE
06-29-2025 19:19:43.387,308,RECV,7E000F81000630024E363038342D35504C4DDB
06-29-2025 19:19:43.387,309,RECV,7E000F8100022A024E323038342D4D574141E1
06-29-2025 19:19:43.387,310,RECV,7E000F81000121024E313038342D4D47374AFD
06-29-2025 19:19:43.435,311,RECV,7E000F8100052B024E353038352D53415358C0
06-29-2025 19:19:43.435,312,RECV,7E000F81000630024E363038352D54453458D3
06-29-2025 19:19:43.435,313,RECV,7E000F8100022A024E323038352D47394C4DED
06-29-2025 19:19:43.485,314,RECV,7E000F81000121024E313038352D59544F50C5
06-29-2025 19:19:43.485,315,RECV,7E000F8100052B024E353038362D57394C4AD8
06-29-2025 19:19:43.495,316,RECV,7E000F81000630024E363038362D574D4530DE
06-29-2025 19:19:43.495,317,RECV,7E000F8100022A024E323038362D58424B4DD3
06-29-2025 19:19:43.535,318,RECV,7E000F81000121024E313038362D46454B58E2
06-29-2025 19:19:43.586,319,RECV,7E000F8100052B024E353038372D545A3356C6
06-29-2025 19:19:43.588,320,RECV,7E000F81000630024E363038372D455A504EB9
06-29-2025 19:19:43.588,321,RECV,7E000F8100022A024E323038372D484A5354CB
06-29-2025 19:19:43.588,322,RECV,7E000F81000121024E313038372D4B473552F6
06-29-2025 19:19:43.606,323,RECV,7E000F8100052B024E353038382D3243384D02
06-29-2025 19:19:43.630,324,RECV,7E000F81000630024E363038382D324E5835E8
06-29-2025 19:19:43.630,325,RECV,7E000F8100022A024E323038382D545A3330F2
06-29-2025 19:19:43.635,326,RECV,7E000F81000121024E313038382D394B5A45EB
06-29-2025 19:19:43.686,327,RECV,7E000F8100052B024E353038392D4E524C37D8
06-29-2025 19:19:43.688,328,RECV,7E000F81000630024E363038392D34414F58D8
06-29-2025 19:19:43.688,329,RECV,7E000F81000229024E323038392D4643504DDD
06-29-2025 19:19:43.696,330,RECV,7E000F81000121024E313038392D504A5249D8
06-29-2025 19:19:43.736,331,RECV,7E000F8100052B024E353039302D4E525349C7
06-29-2025 19:19:43.736,332,RECV,7E000F81000630024E363039302D54394D37EB
06-29-2025 19:19:43.736,333,RECV,7E000F81000229024E323039302D563230427D31
06-29-2025 19:19:43.787,334,RECV,7E000F81000121024E313039302D30495556F1
06-29-2025 19:19:43.789,335,RECV,7E000F8100052B024E353039312D4D4B4144E5
06-29-2025 19:19:43.836,336,RECV,7E000F8100062F024E363039312D48415653CA
06-29-2025 19:19:43.836,337,RECV,7E000F81000229024E323039312D45354F49F8
06-29-2025 19:19:43.836,338,RECV,7E000F81000121024E313039312D4149424800
06-29-2025 19:19:43.886,339,RECV,7E000F8100052B024E353039322D4C545A51B6
06-29-2025 19:19:43.886,340,RECV,7E000F81000229024E323039322D36394955FC
06-29-2025 19:19:43.887,341,RECV,7E000F81000121024E313039322D483042487D31
06-29-2025 19:19:43.936,342,RECV,7E000F8100052B024E353039332D41564B47D7
06-29-2025 19:19:43.941,343,RECV,7E000F81000229024E323039332D3145594BEE
06-29-2025 19:19:43.941,344,RECV,7E000F81000121024E313039332D344F394412
06-29-2025 19:19:43.986,345,RECV,7E000F8100052C024E353039342D565A5146B7
06-29-2025 19:19:43.986,346,RECV,7E000F8100022A024E323039342D39445956DA
06-29-2025 19:19:44.038,347,RECV,7E000F81000121024E313039342D38554858E4
06-29-2025 19:19:44.039,348,RECV,7E000F8100052B024E353039352D55574A4FB9
06-29-2025 19:19:44.039,349,RECV,7E000F8100022A024E323039352D4F523830FC
06-29-2025 19:19:44.086,350,RECV,7E000F81000121024E313039352D3939345119
06-29-2025 19:19:44.093,351,RECV,7E000F8100052C024E353039362D54435858B5
06-29-2025 19:19:44.137,352,RECV,7E000F8100022A024E323039362D4151425AD6
06-29-2025 19:19:44.137,353,RECV,7E000F81000121024E313039362D384E4E49F2
06-29-2025 19:19:44.187,354,RECV,7E000F8100052C024E353039372D5232445AD9
06-29-2025 19:19:44.190,355,RECV,7E000F8100022A024E323039372D304C4942FC
06-29-2025 19:19:44.190,356,RECV,7E000F81000121024E313039372D59524D33E3
06-29-2025 19:19:44.237,357,RECV,7E000F8100052B024E353039382D58333058E8
06-29-2025 19:19:44.237,358,RECV,7E000F81000229024E323039382D54585A46B7
06-29-2025 19:19:44.287,359,RECV,7E000F81000121024E313039382D4B34583006
06-29-2025 19:19:44.288,360,RECV,7E000F8100052B024E353039392D4C504E38D8
06-29-2025 19:19:44.288,361,RECV,7E000F81000229024E323039392D59324C4AE1
06-29-2025 19:19:44.338,362,RECV,7E000F81000121024E313039392D5737555ACF
