05-05-2025 16:52:13.829,-,API2,"Sink 1,0013A20041839DB1,802.15.4 TH,2003,/dev/ttyUSB2 - 57600/8/M/1/N,1,46"

05-05-2025 16:50:55.204,0,RECV,7E000F81000010024E323030302D4730475819
05-05-2025 16:50:55.208,1,RECV,7E000F81000010024E323030312D4342535AFC
05-05-2025 16:50:55.254,2,RECV,7E007D3381000041000AFFFFFFFFFFFFFFFF0000005348A0
05-05-2025 16:50:55.255,3,RECV,7E007D3381000036000AFFFFFFFFFFFFFFFF0000005348AB
05-05-2025 16:50:55.304,4,RECV,7E007D3381000010000BFFFFFFFFFFFFFFFF0000005348D0
05-05-2025 16:50:55.555,5,RECV,7E007D3181F9DF1802A7004E313030312D3237464AAF
05-05-2025 16:50:55.567,6,RECV,7E000F81000035024E363030312D564B5457B9
05-05-2025 16:50:55.655,7,RECV,7E000F81000010024E323030322D54485158E8
05-05-2025 16:50:55.755,8,RECV,7E007D3181F9DF1702A8004E313030322D494748309F
05-05-2025 16:50:55.777,9,RECV,7E000F81000010024E323030332D5A55495ADA
05-05-2025 16:50:55.856,10,RECV,7E000F81000035024E363030322D32445749EE
05-05-2025 16:50:55.905,11,RECV,7E000F81000010024E323030342D58545142EC
05-05-2025 16:50:55.906,12,RECV,7E007D3181F9DF1702A9004E313030332D4F37464891
05-05-2025 16:50:56.056,13,RECV,7E007D3181F9DF1802AA004E313030342D4654574A67
05-05-2025 16:50:56.106,14,RECV,7E000F81000039024E363030332D594D4332E4
05-05-2025 16:50:56.307,15,RECV,7E007D3181F9DF1702AB004E313030352D3738395A9F
05-05-2025 16:50:56.407,16,RECV,7E000F81000036024E363030342D51535230DB
05-05-2025 16:50:56.407,17,RECV,7E000F81000036024E363030352D44564849D5
05-05-2025 16:50:56.407,18,RECV,7E007D3181F9DF1702AC004E313030362D3050534488
05-05-2025 16:50:56.708,19,RECV,7E007D3181F9DF1802AD004E313030372D36494F5A74
05-05-2025 16:50:56.808,20,RECV,7E000F81000035024E363030362D373244391A
05-05-2025 16:50:56.835,21,RECV,7E000F81000010024E323030352D3233585A7D33
05-05-2025 16:50:57.360,22,RECV,7E000F81000035024E363030372D534D5537D3
05-05-2025 16:50:57.460,23,RECV,7E007D3181F9DF1802AE004E313030382D365A4D4C71
05-05-2025 16:50:57.610,24,RECV,7E000F81000036024E363030382D514D524CC1
05-05-2025 16:50:57.633,25,RECV,7E000F81000042024E353030312D4A514631E7
05-05-2025 16:50:57.810,26,RECV,7E000F81000035024E363030392D4D36383012
05-05-2025 16:50:57.911,27,RECV,7E000F81000010024E323030362D5836474A0A
05-05-2025 16:50:58.011,28,RECV,7E000F81000036024E363031302D58435558BC
05-05-2025 16:50:58.111,29,RECV,7E000F81000010024E323030372D493851470F
05-05-2025 16:50:58.262,30,RECV,7E000F81000010024E323030382D5335314F1F
05-05-2025 16:50:58.262,31,RECV,7E000F81000037024E363031312D43484241F4
05-05-2025 16:50:58.312,32,RECV,7E000F81000043024E353030322D46434632F6
05-05-2025 16:50:58.412,33,RECV,7E007D3181F9DF1702AF004E313030392D4C4A4B3484
05-05-2025 16:50:58.663,34,RECV,7E007D3181F9DF1802B0004E313031302D5946424777
05-05-2025 16:50:58.663,35,RECV,7E000F81000036024E363031322D59315956C9
05-05-2025 16:50:58.813,36,RECV,7E000F81000010024E323030392D334459480E
05-05-2025 16:50:58.963,37,RECV,7E000F81000010024E323031302D54565254DE
05-05-2025 16:50:59.064,38,RECV,7E000F81000036024E363031332D50485757BB
05-05-2025 16:50:59.114,39,RECV,7E007D3181F9DF1802B1004E313031312D554A513776
05-05-2025 16:50:59.265,40,RECV,7E007D3381000043000DFFFFFFFFFFFFFFFF00000053489B
05-05-2025 16:50:59.317,41,RECV,7E007D33810000370018FFFFFFFFFFFFFFFF00000053489C
05-05-2025 16:50:59.317,42,RECV,7E000F81000010024E323031312D454D594101
05-05-2025 16:50:59.317,43,RECV,7E000F81000037024E363031342D32434D4EEF
05-05-2025 16:50:59.565,44,RECV,7E000F81000010024E323031322D4839355323
05-05-2025 16:50:59.766,45,RECV,7E000F81000010024E323031332D4E52444403
05-05-2025 16:50:59.916,46,RECV,7E007D3181F9DF1702B2004E313031322D5430544E76
05-05-2025 16:50:59.916,47,RECV,7E000F81000010024E323031342D4443305122
05-05-2025 16:51:00.066,48,RECV,7E007D3181F9DF1802B3004E313031332D30463633BA
05-05-2025 16:51:00.117,49,RECV,7E000F81000042024E353030332D384B3451EF
05-05-2025 16:51:00.217,50,RECV,7E007D3181F9DF1702B4004E313031342D3448325397
05-05-2025 16:51:00.317,51,RECV,7E000F81000041024E353030342D42455648D2
05-05-2025 16:51:00.517,52,RECV,7E000F81000010024E323031352D4738483929
05-05-2025 16:51:00.568,53,RECV,7E007D3181F9DF1802B5004E313031352D3155545467
05-05-2025 16:51:00.568,54,RECV,7E000F8100003A024E363031352D4648444BDE
05-05-2025 16:51:00.768,55,RECV,7E007D3181F9DF1702B6004E313031362D334351537A
05-05-2025 16:51:00.819,56,RECV,7E000F81000037024E363031362D4F4F4747D1
05-05-2025 16:51:00.919,57,RECV,7E007D3181F9DF1702B7004E313031372D383058339F
05-05-2025 16:51:01.219,58,RECV,7E007D3181F9DF1802B8004E313031382D575532347D5D
05-05-2025 16:51:01.270,59,RECV,7E007D3181F9DF1702B9004E313031392D5339534D62
05-05-2025 16:51:01.270,60,RECV,7E000F81000041024E353030352D52353351EB
05-05-2025 16:51:01.320,61,RECV,7E000F81000010024E323031362D4E4531362E
05-05-2025 16:51:01.340,62,RECV,7E000F81000036024E363031372D4A344C41F2
05-05-2025 16:51:01.395,63,RECV,7E007D3181F9DF1702BA004E313032302D4E51384F6F
05-05-2025 16:51:01.771,64,RECV,7E007D3181F9DF1702BB004E313032312D4A57593366
05-05-2025 16:51:01.871,65,RECV,7E000F81000010024E323031372D43304D5A0D
05-05-2025 16:51:01.921,66,RECV,7E000F81000010024E323031382D315A4B440C
05-05-2025 16:51:01.921,67,RECV,7E007D3181F9DF1702BC004E313032322D33595A4A61
05-05-2025 16:51:02.122,68,RECV,7E000F81000036024E363031382D5554434EC2
05-05-2025 16:51:02.222,69,RECV,7E007D3181F9DF1802BD004E313032332D5738594B5B
05-05-2025 16:51:02.283,70,RECV,7E007D3181F9DF1702BE004E313032342D424F435861
05-05-2025 16:51:02.372,71,RECV,7E000F81000042024E353030362D35444847EC
05-05-2025 16:51:02.523,72,RECV,7E000F81000036024E363031392D31514A4BE4
05-05-2025 16:51:02.623,73,RECV,7E007D3181F9DF1802BF004E313032352D5548564C4B
05-05-2025 16:51:02.673,74,RECV,7E000F81000036024E363032302D4F43584BCE
05-05-2025 16:51:02.724,75,RECV,7E007D3181F9DF1802C0004E313032362D52474F336D
05-05-2025 16:51:02.824,76,RECV,7E000F81000042024E353030372D52484433E2
05-05-2025 16:51:03.225,77,RECV,7E000F81000010024E323031392D4D474E370C
05-05-2025 16:51:03.226,78,RECV,7E007D3181F9DF1802C1004E313032372D524E435152
05-05-2025 16:51:03.275,79,RECV,7E007D3381000010001FFFFFFFFFFFFFFFFF0000005348BC
05-05-2025 16:51:03.326,80,RECV,7E000F81000010024E323032302D303541592E
05-05-2025 16:51:03.375,81,RECV,7E000F81000010024E323032312D384253411E
05-05-2025 16:51:03.526,82,RECV,7E007D3181F9DF1802C2004E313032382D37525A425F
05-05-2025 16:51:03.727,83,RECV,7E000F81000010024E323032322D314345333F
05-05-2025 16:51:03.827,84,RECV,7E000F81000039024E363032312D353343480C
05-05-2025 16:51:04.027,85,RECV,7E007D3181F9DF1802C3004E313032392D33544B4769
05-05-2025 16:51:04.029,86,RECV,7E000F81000045024E353030382D5256595599
05-05-2025 16:51:04.128,87,RECV,7E000F81000010024E323032332D453230582B
05-05-2025 16:51:04.228,88,RECV,7E000F81000045024E353030392D56584C579D
05-05-2025 16:51:04.264,89,RECV,7E000F81000046024E353031302D4338303515
05-05-2025 16:51:04.264,90,RECV,7E007D3181F9DF1702C4004E313033302D343634529A
05-05-2025 16:51:04.480,91,RECV,7E000F81000039024E363032322D46333950FC
05-05-2025 16:51:04.529,92,RECV,7E007D3181F9DF1802C5004E313033312D4C57525042
05-05-2025 16:51:04.783,93,RECV,7E000F81000010024E323032342D4E584E41F4
05-05-2025 16:51:04.808,94,RECV,7E007D3181F9DF1702C6004E313033322D4146355674
05-05-2025 16:51:04.930,95,RECV,7E000F81000038024E363032332D5537475AD1
05-05-2025 16:51:04.980,96,RECV,7E000F81000010024E323032352D49524C5AE7
05-05-2025 16:51:05.331,97,RECV,7E000F81000010024E323032362D5451484EEC
05-05-2025 16:51:05.332,98,RECV,7E000F81000037024E363032342D5238445AD6
05-05-2025 16:51:05.382,99,RECV,7E007D3181F9DF1702C7004E313033332D5449594648
05-05-2025 16:51:05.432,100,RECV,7E000F81000036024E363032352D4D524659C0
05-05-2025 16:51:05.732,101,RECV,7E000F81000037024E363032372D58444742D6
05-05-2025 16:51:05.983,102,RECV,7E000F81000010024E323032372D34374E4627
05-05-2025 16:51:06.033,103,RECV,7E000F81000010024E323032382D4C554C4EEA
05-05-2025 16:51:06.234,104,RECV,7E000F81000043024E353031312D4A385545DB
05-05-2025 16:51:06.434,105,RECV,7E000F81000037024E363032382D4A474547DD
05-05-2025 16:51:06.786,106,RECV,7E000F81000010024E323032392D57525654D1
05-05-2025 16:51:06.836,107,RECV,7E007D3181F9DF1702C8004E313033342D3432495A79
05-05-2025 16:51:06.846,108,RECV,7E000F81000010024E323033302D4731544719
05-05-2025 16:51:06.859,109,RECV,7E000F81000036024E363033302D4A345657D7
05-05-2025 16:51:06.906,110,RECV,7E000F81000036024E363033312D4836434DF3
05-05-2025 16:51:06.948,111,RECV,7E000F81000041024E353031322D484E514AC7
05-05-2025 16:51:07.186,112,RECV,7E000F81000036024E363033322D3539375902
05-05-2025 16:51:07.186,113,RECV,7E000F81000043024E353031332D49464647D9
05-05-2025 16:51:07.537,114,RECV,7E007D3181F9DF1702C9004E313033352D5955563844
05-05-2025 16:51:07.638,115,RECV,7E000F81000043024E353031342D3342344902
05-05-2025 16:51:07.839,116,RECV,7E007D3181F9DF1702CA004E313033362D4256465848
05-05-2025 16:51:07.989,117,RECV,7E000F81000042024E353031352D31424B5ADC
05-05-2025 16:51:07.996,118,RECV,7E000F81000010024E323033312D315730452E
05-05-2025 16:51:08.089,119,RECV,7E000F81000042024E353031362D39344A49F3
05-05-2025 16:51:08.240,120,RECV,7E000F81000010024E323033322D494D4A3614
05-05-2025 16:51:08.276,121,RECV,7E007D3181F9DF1802CB004E313033372D415059325F
05-05-2025 16:51:08.277,122,RECV,7E000F81000043024E353031372D36384945F5
05-05-2025 16:51:08.289,123,RECV,7E000F81000036024E363033332D38344B4107
05-05-2025 16:51:08.540,124,RECV,7E000F81000010024E323033332D3032335341
05-05-2025 16:51:08.591,125,RECV,7E000F81000010024E323033342D4833425A7D31
05-05-2025 16:51:08.591,126,RECV,7E000F81000043024E353031382D4A544259B7
05-05-2025 16:51:08.641,127,RECV,7E007D3181F9DF1802CC004E313033382D4C574A3458
05-05-2025 16:51:08.741,128,RECV,7E000F81000010024E323033352D494657320F
05-05-2025 16:51:08.991,129,RECV,7E000F81000035024E363033342D384A4753E3
05-05-2025 16:51:09.142,130,RECV,7E000F81000010024E323033362D4A454D51F9
05-05-2025 16:51:09.163,131,RECV,7E000F81000044024E353032302D52543338E5
05-05-2025 16:51:09.292,132,RECV,7E000F81000010024E323033372D3342305030
05-05-2025 16:51:09.342,133,RECV,7E007D3181F9DF1702CD004E313033392D35363934A0
05-05-2025 16:51:09.392,134,RECV,7E000F81000043024E353032312D32374C4BF6
05-05-2025 16:51:09.443,135,RECV,7E000F81000042024E353032322D32394C49F6
05-05-2025 16:51:09.501,136,RECV,7E000F81000037024E363033352D4A30474FEC
05-05-2025 16:51:09.593,137,RECV,7E007D3181F9DF1802CE004E313034302D504B47524A
05-05-2025 16:51:09.653,138,RECV,7E007D3181F9DF1802CF004E313034312D4B4F314F62
05-05-2025 16:51:09.743,139,RECV,7E007D3181F9DF1802D0004E313034322D494A59503E
05-05-2025 16:51:09.793,140,RECV,7E000F81000036024E363033362D30535057D2
05-05-2025 16:51:09.894,141,RECV,7E000F81000036024E363033372D395A4535EE
05-05-2025 16:51:10.295,142,RECV,7E007D3181F9DF1802D1004E313034332D4334333698
05-05-2025 16:51:10.846,143,RECV,7E000F81000010024E323033382D503959330F
05-05-2025 16:51:10.864,144,RECV,7E000F81000010024E323033392D453834531F
05-05-2025 16:51:10.896,145,RECV,7E000F81000038024E363033392D303544410D
05-05-2025 16:51:10.897,146,RECV,7E007D3181F9DF1702D2004E313034342D3854424A5F
05-05-2025 16:51:10.947,147,RECV,7E000F81000037024E363034302D3232363531
05-05-2025 16:51:10.951,148,RECV,7E000F81000042024E353032332D57344E34E8
05-05-2025 16:51:10.997,149,RECV,7E000F81000042024E353032342D333632467D33
05-05-2025 16:51:11.019,150,RECV,7E000F81000010024E323034302D3656593214
05-05-2025 16:51:11.148,151,RECV,7E000F81000010024E323034312D4149435706
05-05-2025 16:51:11.298,152,RECV,7E007D33810000360036FFFFFFFFFFFFFFFF00000053487F
05-05-2025 16:51:11.309,153,RECV,7E007D33810000100037FFFFFFFFFFFFFFFF0000005348A4
05-05-2025 16:51:11.398,154,RECV,7E007D3181F9DF1702D3004E313034352D5556594D24
05-05-2025 16:51:11.549,155,RECV,7E000F81000036024E363034322D43444E43E7
05-05-2025 16:51:11.599,156,RECV,7E000F81000042024E353032352D5256334ACE
05-05-2025 16:51:11.950,157,RECV,7E000F81000044024E353032372D4D574842C1
05-05-2025 16:51:12.000,158,RECV,7E000F81000043024E353032382D384F4A41DD
05-05-2025 16:51:12.100,159,RECV,7E000F81000045024E353032392D4B533351CA
05-05-2025 16:51:12.200,160,RECV,7E007D3181F9DF1802D4004E313034362D454E303877
05-05-2025 16:51:12.201,161,RECV,7E000F81000044024E353033302D58495730CD
05-05-2025 16:51:12.401,162,RECV,7E000F81000010024E323034322D524E424FF8
05-05-2025 16:51:12.451,163,RECV,7E000F81000043024E353033312D51364A45DF
05-05-2025 16:51:12.501,164,RECV,7E007D3181F9DF1702D5004E313034372D4432594A58
05-05-2025 16:51:12.551,165,RECV,7E000F81000041024E353033322D344A323610
05-05-2025 16:51:12.651,166,RECV,7E007D3181F9DF1802D6004E313034382D444A575435
05-05-2025 16:51:12.701,167,RECV,7E000F81000010024E323034332D47574250F8
05-05-2025 16:51:13.002,168,RECV,7E000F81000042024E353033332D33515733E6
05-05-2025 16:51:13.103,169,RECV,7E000F81000037024E363034332D5336414BE8
05-05-2025 16:51:13.130,170,RECV,7E007D3181F9DF1802D7004E313034392D3641354A76
05-05-2025 16:51:13.303,171,RECV,7E007D3181F9DF1702D8004E313035302D3953374B66
05-05-2025 16:51:13.303,172,RECV,7E007D3181F9DF1702D9004E313035312D4D3153366B
05-05-2025 16:51:13.404,173,RECV,7E007D3181F9DF1702DA004E313035322D41455A345C
05-05-2025 16:51:13.504,174,RECV,7E000F81000039024E363034342D35385250EB
05-05-2025 16:51:13.504,175,RECV,7E000F81000039024E363034352D44385334F6
05-05-2025 16:51:14.106,176,RECV,7E000F81000039024E363034372D4B53534DB9
05-05-2025 16:51:14.607,177,RECV,7E000F81000010024E323034342D4156464901
05-05-2025 16:51:14.707,178,RECV,7E007D3181F9DF1802DB004E313035332D5348544B33
05-05-2025 16:51:14.757,179,RECV,7E007D3181F9DF1802DC004E313035342D5451484638
05-05-2025 16:51:14.807,180,RECV,7E000F81000036024E363034382D3257353704
05-05-2025 16:51:14.957,181,RECV,7E007D3181F9DF1702DD004E313035352D41514C3755
05-05-2025 16:51:15.058,182,RECV,7E000F81000035024E363034392D30544E4BDC
05-05-2025 16:51:15.108,183,RECV,7E000F81000035024E363035302D51394248ED
05-05-2025 16:51:15.108,184,RECV,7E007D3181F9DF1802DE004E313035362D343739368D
05-05-2025 16:51:15.158,185,RECV,7E007D3181F9DF1802DF004E313035372D464B43375A
05-05-2025 16:51:15.258,186,RECV,7E007D33810000430032FFFFFFFFFFFFFFFF000000534876
05-05-2025 16:51:15.259,187,RECV,7E000F81000037024E363035312D305A5A56C4
05-05-2025 16:51:15.308,188,RECV,7E007D33810000360042FFFFFFFFFFFFFFFF000000534873
05-05-2025 16:51:15.509,189,RECV,7E000F81000010024E323034352D41384E3926
05-05-2025 16:51:15.709,190,RECV,7E000F81000042024E353033372D54344A30EE
05-05-2025 16:51:15.760,191,RECV,7E000F81000036024E363035332D5738303806
05-05-2025 16:51:16.161,192,RECV,7E000F81000010024E323034362D5439344F15
05-05-2025 16:51:16.162,193,RECV,7E000F81000042024E353033382D364E584EC5
05-05-2025 16:51:16.192,194,RECV,7E000F81000010024E323034372D5A315551F3
05-05-2025 16:51:16.311,195,RECV,7E000F81000010024E323034382D4244333535
05-05-2025 16:51:16.662,196,RECV,7E000F81000036024E363035342D47335752D9
05-05-2025 16:51:16.813,197,RECV,7E000F81000042024E353033392D51555153A4
05-05-2025 16:51:16.821,198,RECV,7E007D3181F9DF1802E0004E313035382D415532504B
05-05-2025 16:51:16.863,199,RECV,7E000F81000010024E323034392D325539517D31
05-05-2025 16:51:16.913,200,RECV,7E007D3181F9DF1702E1004E313035392D34334D4B63
05-05-2025 16:51:16.964,201,RECV,7E007D3181F9DF1702E2004E313036302D433344446B
05-05-2025 16:51:17.014,202,RECV,7E000F81000010024E323035302D4D544A43FC
05-05-2025 16:51:17.114,203,RECV,7E000F81000036024E363035352D413233460F
05-05-2025 16:51:17.214,204,RECV,7E000F81000036024E363035362D5257534CB2
05-05-2025 16:51:17.221,205,RECV,7E000F81000036024E363035372D49385054D4
05-05-2025 16:51:17.315,206,RECV,7E000F81000043024E353034302D48364E34F5
05-05-2025 16:51:17.360,207,RECV,7E007D3181F9DF1802E3004E313036312D494D324E50
05-05-2025 16:51:17.360,208,RECV,7E000F81000043024E353034312D4A564251C1
05-05-2025 16:51:17.415,209,RECV,7E000F81000010024E323035312D5A304F460A
05-05-2025 16:51:17.465,210,RECV,7E000F81000042024E353034322D5A474B32D6
05-05-2025 16:51:17.565,211,RECV,7E007D3181F9DF1702E4004E313036322D5A41464143
05-05-2025 16:51:17.615,212,RECV,7E007D3181F9DF1802E5004E313036332D4C39533159
05-05-2025 16:51:17.665,213,RECV,7E007D3181F9DF1802E6004E313036342D5555335132
05-05-2025 16:51:17.736,214,RECV,7E007D3181F9DF1802E7004E313036352D414B4D3451
05-05-2025 16:51:17.766,215,RECV,7E007D3181F9DF1802E8004E313036362D3736364772
05-05-2025 16:51:17.866,216,RECV,7E000F81000010024E323035322D344D35373B
05-05-2025 16:51:17.866,217,RECV,7E000F81000010024E323035332D454F513210
05-05-2025 16:51:17.916,218,RECV,7E000F81000042024E353034342D494A3234F9
05-05-2025 16:51:18.066,219,RECV,7E000F81000045024E353034352D3230383420
05-05-2025 16:51:18.116,220,RECV,7E000F81000045024E353034362D463430307D33
05-05-2025 16:51:18.267,221,RECV,7E007D3181F9DF1802E9004E313036372D304D513953
05-05-2025 16:51:18.300,222,RECV,7E000F81000036024E363035382D5032314104
05-05-2025 16:51:18.317,223,RECV,7E000F81000043024E353034372D47573853C5
05-05-2025 16:51:18.417,224,RECV,7E007D3181F9DF1702EA004E313036382D4E4D4E511F
05-05-2025 16:51:18.728,225,RECV,7E000F81000036024E363035392D4B5A3752C9
05-05-2025 16:51:18.969,226,RECV,7E000F81000010024E323035342D50455554E8
05-05-2025 16:51:18.969,227,RECV,7E007D3181F9DF1702EB004E313036392D443232347B
05-05-2025 16:51:19.069,228,RECV,7E007D3181F9DF1702EC004E313037302D453751464B
05-05-2025 16:51:19.119,229,RECV,7E000F81000036024E363036312D49315558D7
05-05-2025 16:51:19.169,230,RECV,7E007D3181F9DF1802ED004E313037312D4A5853491D
05-05-2025 16:51:19.219,231,RECV,7E000F81000010024E323035352D544D33430E
05-05-2025 16:51:19.223,232,RECV,7E000F81000042024E353034392D53414F43C7
05-05-2025 16:51:19.269,233,RECV,7E000F81000042024E353035302D35504733F6
05-05-2025 16:51:19.269,234,RECV,7E007D33810000430042FFFFFFFFFFFFFFFF000000534866
05-05-2025 16:51:19.671,235,RECV,7E000F81000044024E353035322D37524B41DC
05-05-2025 16:51:19.671,236,RECV,7E000F81000037024E363036322D49523736F4
05-05-2025 16:51:19.821,237,RECV,7E000F81000044024E353035332D4E334A55D0
05-05-2025 16:51:19.871,238,RECV,7E000F81000045024E353035342D564D4956AC
05-05-2025 16:51:19.921,239,RECV,7E000F81000044024E353035352D4D364E4ECF
05-05-2025 16:51:19.935,240,RECV,7E007D3181F9DF1702EE004E313037322D3846535930
05-05-2025 16:51:20.072,241,RECV,7E000F81000044024E353035362D4E48374ED2
05-05-2025 16:51:20.172,242,RECV,7E000F81000043024E353035372D51373451E0
05-05-2025 16:51:20.172,243,RECV,7E000F81000043024E353035382D484C484CC4
05-05-2025 16:51:20.322,244,RECV,7E000F81000037024E363036332D4E32473202
05-05-2025 16:51:20.372,245,RECV,7E000F81000043024E353035392D4E394846D6
05-05-2025 16:51:20.673,246,RECV,7E000F81000037024E363036342D4D445630E3
05-05-2025 16:51:20.723,247,RECV,7E000F81000043024E353036302D3438324E07
05-05-2025 16:51:20.773,248,RECV,7E000F81000010024E323035362D5453574FD7
05-05-2025 16:51:20.924,249,RECV,7E007D3181F9DF1702EF004E313037332D504833335A
05-05-2025 16:51:20.973,250,RECV,7E007D3181F9DF1702F0004E313037342D564336582F
05-05-2025 16:51:20.974,251,RECV,7E000F8100007D31024E323035372D3355513910
05-05-2025 16:51:21.124,252,RECV,7E000F81000010024E323035382D3030584B1F
05-05-2025 16:51:21.174,253,RECV,7E007D3181F9DF1802F1004E313037352D5733444E37
05-05-2025 16:51:21.174,254,RECV,7E007D3181F9DF1802F2004E313037362D4548545917
05-05-2025 16:51:21.335,255,RECV,7E000F81000043024E353036312D30563959DA
05-05-2025 16:51:21.475,256,RECV,7E007D3181F9DF1702F3004E313037372D494F43571E
05-05-2025 16:51:21.475,257,RECV,7E007D3181F9DF1702F4004E313037382D415637453B
05-05-2025 16:51:21.576,258,RECV,7E000F81000010024E323035392D4F3956360D
05-05-2025 16:51:21.607,259,RECV,7E007D3181F9DF1702F5004E313037392D47544C560F
05-05-2025 16:51:21.625,260,RECV,7E000F81000043024E353036322D48455230E2
05-05-2025 16:51:21.675,261,RECV,7E000F81000038024E363036362D364B4452E0
05-05-2025 16:51:21.776,262,RECV,7E000F81000010024E323036302D4F4342361F
05-05-2025 16:51:21.779,263,RECV,7E000F81000043024E353036332D5435495AC4
05-05-2025 16:51:21.876,264,RECV,7E000F81000010024E323036312D4747324523
05-05-2025 16:51:22.126,265,RECV,7E007D3181F9DF1702F6004E313038302D443936544C
05-05-2025 16:51:22.140,266,RECV,7E007D3181F9DF1802F7004E313038312D4B3045434D
05-05-2025 16:51:22.177,267,RECV,7E000F81000037024E363036372D56514735D4
05-05-2025 16:51:22.177,268,RECV,7E000F81000010024E323036322D4E33375A15
05-05-2025 16:51:22.427,269,RECV,7E007D3181F9DF1702F8004E313038322D345451472F
05-05-2025 16:51:22.428,270,RECV,7E007D3181F9DF1702F9004E313038332D5541323550
05-05-2025 16:51:22.477,271,RECV,7E007D3181F9DF1702FA004E313038342D5A35324F3B
05-05-2025 16:51:22.527,272,RECV,7E007D3181F9DF1702FB004E313038352D4E544B3824
05-05-2025 16:51:22.829,273,RECV,7E000F81000010024E323036332D3748383738
05-05-2025 16:51:22.830,274,RECV,7E007D3181F9DF1802FC004E313038362D59574F4EF9
05-05-2025 16:51:22.929,275,RECV,7E000F81000043024E353036342D4B4C4C4DBF
05-05-2025 16:51:22.949,276,RECV,7E000F81000010024E323036342D4F364D4310
05-05-2025 16:51:23.030,277,RECV,7E007D3181F9DF1702FD004E313038372D4742415724
05-05-2025 16:51:23.280,278,RECV,7E007D33810000420051FFFFFFFFFFFFFFFF000000534858
05-05-2025 16:51:23.331,279,RECV,7E007D33810000100051FFFFFFFFFFFFFFFF00000053488A
05-05-2025 16:51:23.481,280,RECV,7E000F81000041024E353036352D4E564D49B6
05-05-2025 16:51:23.681,281,RECV,7E000F81000010024E323036352D565A4652DC
05-05-2025 16:51:23.882,282,RECV,7E000F81000036024E363036382D3832383223
05-05-2025 16:51:24.132,283,RECV,7E007D3181F9DF1802FE004E313038382D4C344A3345
05-05-2025 16:51:24.133,284,RECV,7E000F81000036024E363036392D57314232FA
05-05-2025 16:51:24.433,285,RECV,7E007D3181F9DF1702FF004E313038392D564C584DFA
05-05-2025 16:51:24.533,286,RECV,7E007D3181F9DF170201004E313039302D4D424B4726
05-05-2025 16:51:24.534,287,RECV,7E000F81000010024E323036362D58324D410B
05-05-2025 16:51:24.584,288,RECV,7E007D3181F9DF170202004E313039312D5545455214
05-05-2025 16:51:24.784,289,RECV,7E000F81000042024E353036362D38414F31F5
05-05-2025 16:51:24.784,290,RECV,7E000F81000036024E363037302D424A393702
05-05-2025 16:51:25.035,291,RECV,7E000F81000037024E363037312D443541360C
05-05-2025 16:51:25.235,292,RECV,7E000F81000010024E323036372D58374959F1
05-05-2025 16:51:25.285,293,RECV,7E000F81000043024E353036372D45545744B8
05-05-2025 16:51:25.606,294,RECV,7E000F81000010024E323036382D46594458E6
05-05-2025 16:51:25.646,295,RECV,7E007D3181F9DF180203004E313039322D5A5339520A
05-05-2025 16:51:25.686,296,RECV,7E000F81000037024E363037322D3959333402
05-05-2025 16:51:26.148,297,RECV,7E000F81000042024E353036392D5053444ABA
05-05-2025 16:51:26.338,298,RECV,7E000F81000010024E323036392D4659314D03
05-05-2025 16:51:26.890,299,RECV,7E000F81000010024E323037302D375A58320D
05-05-2025 16:51:26.991,300,RECV,7E000F81000041024E353037302D55324155D7
05-05-2025 16:51:27.091,301,RECV,7E000F81000035024E363037332D445A5A4CB8
05-05-2025 16:51:27.141,302,RECV,7E000F81000010024E323037312D493239591A
05-05-2025 16:51:27.191,303,RECV,7E007D3181F9DF180204004E313039332D333831356F
05-05-2025 16:51:27.342,304,RECV,7E000F81000036024E363037342D46465250CC
05-05-2025 16:51:27.392,305,RECV,7E000F81000042024E353037312D3550365ADD
05-05-2025 16:51:27.543,306,RECV,7E000F81000036024E363037352D52583154CA
05-05-2025 16:51:27.743,307,RECV,7E007D3181F9DF180205004E313039342D5742594903
05-05-2025 16:51:27.843,308,RECV,7E000F81000010024E323037322D4857435AEA
05-05-2025 16:51:27.855,309,RECV,7E007D3181F9DF180206004E313039352D594D433023
05-05-2025 16:51:27.855,310,RECV,7E007D3181F9DF180207004E313039362D4538463047
05-05-2025 16:51:28.044,311,RECV,7E000F81000036024E363037362D44454C41E2
05-05-2025 16:51:28.094,312,RECV,7E000F81000036024E363037372D53573254C7
05-05-2025 16:51:28.294,313,RECV,7E000F81000037024E363037382D47375739E7
05-05-2025 16:51:28.395,314,RECV,7E000F81000043024E353037322D53314944DF
05-05-2025 16:51:28.495,315,RECV,7E000F81000010024E323037332D3941394A28
05-05-2025 16:51:28.645,316,RECV,7E000F81000010024E323037342D4455424207
05-05-2025 16:51:28.796,317,RECV,7E000F81000043024E353037332D34484437F8
05-05-2025 16:51:28.846,318,RECV,7E000F81000037024E363038302D575958559F
05-05-2025 16:51:28.866,319,RECV,7E000F81000036024E363038312D53544B45C5
05-05-2025 16:51:28.887,320,RECV,7E000F81000036024E363038322D5A454A41D1
05-05-2025 16:51:29.098,321,RECV,7E000F81000010024E323037352D3045424923
05-05-2025 16:51:29.115,322,RECV,7E000F81000042024E353037342D50473435EF
05-05-2025 16:51:29.247,323,RECV,7E000F81000036024E363038332D414D4B30F1
05-05-2025 16:51:29.301,324,RECV,7E007D3181F9DF180208004E313039372D535A4F3804
05-05-2025 16:51:29.301,325,RECV,7E000F81000036024E363038342D46413944F5
05-05-2025 16:51:29.397,326,RECV,7E000F81000010024E323037362D323449363D
05-05-2025 16:51:29.508,327,RECV,7E000F81000010024E323037372D47533459FA
05-05-2025 16:51:29.598,328,RECV,7E000F81000036024E363038352D333341470A
05-05-2025 16:51:29.748,329,RECV,7E007D3181F9DF180209004E313039382D484D484E0B
05-05-2025 16:51:29.799,330,RECV,7E000F81000035024E363038362D35444A42F3
05-05-2025 16:51:30.002,331,RECV,7E007D3181F9DF17020A004E313039392D444E49302A
05-05-2025 16:51:30.052,332,RECV,7E000F81000045024E353037352D33583057D9
05-05-2025 16:51:30.302,333,RECV,7E000F81000010024E323037382D424E4E4EF4
05-05-2025 16:51:30.306,334,RECV,7E000F81000046024E353037362D4A375337DE
05-05-2025 16:51:30.352,335,RECV,7E000F81000010024E323037392D31444C5A04
05-05-2025 16:51:30.453,336,RECV,7E000F81000010024E323038302D4E365555F9
05-05-2025 16:51:30.503,337,RECV,7E000F81000010024E323038312D51555550DB
05-05-2025 16:51:30.503,338,RECV,7E000F81000039024E363038372D3947464AE3
05-05-2025 16:51:30.553,339,RECV,7E000F81000039024E363038382D39415232F4
05-05-2025 16:51:30.754,340,RECV,7E000F81000010024E323038322D3554333435
05-05-2025 16:51:30.804,341,RECV,7E000F81000039024E363038392D4B314754DA
05-05-2025 16:51:30.814,342,RECV,7E000F81000010024E323038332D393238522F
05-05-2025 16:51:30.904,343,RECV,7E000F81000010024E323038342D365A5641FC
05-05-2025 16:51:31.205,344,RECV,7E000F81000044024E353037382D4A485651B0
05-05-2025 16:51:31.215,345,RECV,7E000F81000038024E363039312D4D494D43D3
05-05-2025 16:51:31.357,346,RECV,7E000F81000038024E363039322D423134371A
05-05-2025 16:51:31.392,347,RECV,7E007D33810000100067FFFFFFFFFFFFFFFF000000534874
05-05-2025 16:51:31.392,348,RECV,7E000F81000044024E353037392D3656324CDE
05-05-2025 16:51:31.568,349,RECV,7E000F81000037024E363039332D41555755B6
05-05-2025 16:51:31.839,350,RECV,7E000F81000010024E323038352D474C50310E
05-05-2025 16:51:31.839,351,RECV,7E000F81000036024E363039342D33505345DD
05-05-2025 16:51:31.869,352,RECV,7E000F81000010024E323038362D585A4352DA
05-05-2025 16:51:31.870,353,RECV,7E000F81000010024E323038372D3143545602
05-05-2025 16:51:32.461,354,RECV,7E000F81000010024E323038382D3346505006
05-05-2025 16:51:32.511,355,RECV,7E000F81000010024E323038392D374642550A
05-05-2025 16:51:32.561,356,RECV,7E000F81000010024E323039302D4F44324918
05-05-2025 16:51:32.761,357,RECV,7E000F81000039024E363039352D4E3037300F
05-05-2025 16:51:33.163,358,RECV,7E000F81000039024E363039362D43444135F6
05-05-2025 16:51:33.213,359,RECV,7E000F81000010024E323039312D35535848FD
05-05-2025 16:51:33.213,360,RECV,7E000F81000010024E323039322D4A444D50F9
05-05-2025 16:51:33.564,361,RECV,7E000F81000042024E353038302D41444339F1
05-05-2025 16:51:33.614,362,RECV,7E000F81000042024E353038312D30555657BF
05-05-2025 16:51:33.815,363,RECV,7E000F81000037024E363039372D46463046F2
05-05-2025 16:51:33.914,364,RECV,7E000F81000037024E363039382D334D343906
05-05-2025 16:51:33.965,365,RECV,7E000F81000010024E323039332D5A425252E3
05-05-2025 16:51:34.065,366,RECV,7E000F81000010024E323039342D4734383639
05-05-2025 16:51:34.115,367,RECV,7E000F81000038024E363039392D584E4F46B6
05-05-2025 16:51:34.316,368,RECV,7E000F81000044024E353038322D44445954B9
05-05-2025 16:51:34.466,369,RECV,7E000F81000043024E353038342D535A4934C3
05-05-2025 16:51:34.526,370,RECV,7E000F81000010024E323039352D4F324E450D
05-05-2025 16:51:34.717,371,RECV,7E000F81000010024E323039362D4F36334820
05-05-2025 16:51:34.967,372,RECV,7E000F81000010024E323039372D5742315104
05-05-2025 16:51:35.319,373,RECV,7E007D33810000430068FFFFFFFFFFFFFFFF000000534840
05-05-2025 16:51:35.369,374,RECV,7E007D33810000100075FFFFFFFFFFFFFFFF000000534866
05-05-2025 16:51:35.620,375,RECV,7E000F81000041024E353038352D47364A43E4
05-05-2025 16:51:36.021,376,RECV,7E000F81000042024E353038362D51464350C2
05-05-2025 16:51:36.523,377,RECV,7E000F81000041024E353038382D4258375AC0
05-05-2025 16:51:37.125,378,RECV,7E000F81000010024E323039382D595230350E
05-05-2025 16:51:37.275,379,RECV,7E000F81000010024E323039392D4334584FFF
05-05-2025 16:51:37.877,380,RECV,7E000F81000043024E353038392D53555548A3
05-05-2025 16:51:37.977,381,RECV,7E000F81000046024E353039302D384C5154C4
05-05-2025 16:51:38.479,382,RECV,7E000F81000045024E353039312D55505545AE
05-05-2025 16:51:38.679,383,RECV,7E000F81000042024E353039322D4D534154BA
05-05-2025 16:51:39.030,384,RECV,7E000F81000043024E353039332D56383135F9
05-05-2025 16:51:39.832,385,RECV,7E000F81000043024E353039342D4A5A4A44BA
05-05-2025 16:51:40.584,386,RECV,7E000F81000040024E353039352D36495441DA
05-05-2025 16:51:40.634,387,RECV,7E000F81000042024E353039362D44334638F6
05-05-2025 16:51:41.035,388,RECV,7E000F81000043024E353039372D57513431DC
05-05-2025 16:51:41.186,389,RECV,7E000F81000042024E353039382D34584D4CC4
05-05-2025 16:51:41.738,390,RECV,7E000F81000042024E353039392D324E5747CA
