06-27-2025 04:25:47.540,-,API2,"Sink 2,0013A20041839DCA,802.15.4 TH,2003,/dev/ttyUSB2 - 57600/8/M/1/N,1,46"

06-27-2025 04:20:12.055,0,RECV,7E000F8100042B024E343030302D46583757E2
06-27-2025 04:20:12.205,1,RECV,7E000F8100042B024E343030312D33485651EB
06-27-2025 04:20:12.356,2,RECV,7E000F8100042B024E343030322D44495559D1
06-27-2025 04:20:12.378,3,RECV,7E000F81000830024E383030322D354B4B3202
06-27-2025 04:20:12.477,4,RECV,7E000F8100042B024E343030332D4C454C4FDF
06-27-2025 04:20:12.477,5,RECV,7E000F81000830024E383030332D56393357E5
06-27-2025 04:20:12.660,6,RECV,7E000F8100042B024E343030342D4A485938E7
06-27-2025 04:20:12.661,7,RECV,7E000F81000830024E383030342D4942504AD8
06-27-2025 04:20:12.761,8,RECV,7E000F8100042B024E343030352D49475347DF
06-27-2025 04:20:12.811,9,RECV,7E000F81000832024E383030352D344E4F48E1
06-27-2025 04:20:12.962,10,RECV,7E000F8100042B024E343030362D304C33467D33
06-27-2025 04:20:13.001,11,RECV,7E000F81000830024E383030362D434D5052C9
06-27-2025 04:20:13.062,12,RECV,7E000F8100042B024E343030372D4855354EE7
06-27-2025 04:20:13.112,13,RECV,7E000F81000830024E383030372D50503737EC
06-27-2025 04:20:13.223,14,RECV,7E000F8100042B024E343030382D363637550E
06-27-2025 04:20:13.243,15,RECV,7E000F81000830024E383030382D5A475037D1
06-27-2025 04:20:13.244,16,RECV,7E000F8100062F024E363030382D57553453CB
06-27-2025 04:20:13.413,17,RECV,7E000F8100042B024E343030392D4B50303703
06-27-2025 04:20:13.416,18,RECV,7E000F81000830024E383030392D4A504C43CF
06-27-2025 04:20:13.534,19,RECV,7E000F8100042B024E343031302D47565752C7
06-27-2025 04:20:13.534,20,RECV,7E000F81000830024E383031302D43524F30EC
06-27-2025 04:20:13.714,21,RECV,7E000F8100042B024E343031312D5648363602
06-27-2025 04:20:13.721,22,RECV,7E000F81000830024E383031312D544E4D32DE
06-27-2025 04:20:13.721,23,RECV,7E000F8100062D024E363031312D323342441B
06-27-2025 04:20:13.814,24,RECV,7E000F8100042B024E343031322D5335394505
06-27-2025 04:20:13.864,25,RECV,7E000F81000830024E383031322D594A5635D0
06-27-2025 04:20:13.864,26,RECV,7E000F8100062E024E363031322D444E4848E2
06-27-2025 04:20:14.014,27,RECV,7E000F8100042B024E343031332D373934382E
06-27-2025 04:20:14.014,28,RECV,7E000F81000830024E383031332D574C4F53B8
06-27-2025 04:20:14.015,29,RECV,7E000F8100062F024E363031332D41544430F9
06-27-2025 04:20:14.015,30,RECV,7E000F81000731024E373031332D54574E4FB6
06-27-2025 04:20:14.165,31,RECV,7E000F8100042B024E343031342D41514E4FDA
06-27-2025 04:20:14.165,32,RECV,7E000F8100082F024E383031342D35515A4ECF
06-27-2025 04:20:14.165,33,RECV,7E000F8100062F024E363031342D37334A51FC
06-27-2025 04:20:14.165,34,RECV,7E000F81000731024E373031342D564E5856AB
06-27-2025 04:20:14.286,35,RECV,7E000F8100042B024E343031352D4143315003
06-27-2025 04:20:14.286,36,RECV,7E000F8100082F024E383031352D5646564BBF
06-27-2025 04:20:14.315,37,RECV,7E000F8100062F024E363031352D5946554CC0
06-27-2025 04:20:14.315,38,RECV,7E000F81000730024E373031352D55514254C1
06-27-2025 04:20:14.465,39,RECV,7E000F8100042A024E343031362D34474B56EC
06-27-2025 04:20:14.466,40,RECV,7E000F8100082F024E383031362D48363057F6
06-27-2025 04:20:14.466,41,RECV,7E000F8100062F024E363031362D3736544AF4
06-27-2025 04:20:14.466,42,RECV,7E000F8100072F024E373031362D4F4A484BD1
06-27-2025 04:20:14.565,43,RECV,7E000F8100042B024E343031372D5A59464BC2
06-27-2025 04:20:14.616,44,RECV,7E000F8100082F024E383031372D41475532EB
06-27-2025 04:20:14.616,45,RECV,7E000F8100062E024E363031372D4739374CFC
06-27-2025 04:20:14.616,46,RECV,7E000F81000730024E373031372D4D45364AE9
06-27-2025 04:20:14.766,47,RECV,7E000F8100042B024E343031382D37553349FD
06-27-2025 04:20:14.766,48,RECV,7E000F8100082F024E383031382D48435436E4
06-27-2025 04:20:14.766,49,RECV,7E000F8100062E024E363031382D52593948D2
06-27-2025 04:20:14.766,50,RECV,7E000F81000730024E373031382D48535855B2
06-27-2025 04:20:14.916,51,RECV,7E000F8100042B024E343031392D4F434F46DD
06-27-2025 04:20:14.916,52,RECV,7E000F8100082E024E383031392D4653374FDA
06-27-2025 04:20:14.916,53,RECV,7E000F8100062F024E363031392D43504D59C3
06-27-2025 04:20:14.917,54,RECV,7E000F81000730024E373031392D42414357DC
06-27-2025 04:20:15.037,55,RECV,7E000F8100042B024E343032302D37444E4FF4
06-27-2025 04:20:15.038,56,RECV,7E000F8100082F024E383032302D4E504630EC
06-27-2025 04:20:15.066,57,RECV,7E000F8100062D024E363032302D46305A54E2
06-27-2025 04:20:15.067,58,RECV,7E000F81000730024E373032302D3042504CF3
06-27-2025 04:20:15.219,59,RECV,7E000F8100042B024E343032312D3934373136
06-27-2025 04:20:15.220,60,RECV,7E000F8100082E024E383032312D3543584CE4
06-27-2025 04:20:15.220,61,RECV,7E000F8100062E024E363032312D3544355AFC
06-27-2025 04:20:15.220,62,RECV,7E000F81000730024E373032312D4B565359B3
06-27-2025 04:20:15.340,63,RECV,7E000F8100042B024E343032322D453836381F
06-27-2025 04:20:15.341,64,RECV,7E000F81000830024E383032322D3254384CF3
06-27-2025 04:20:15.370,65,RECV,7E000F8100062F024E363032322D385A594FC8
06-27-2025 04:20:15.370,66,RECV,7E000F81000731024E373032322D54534D4CBE
06-27-2025 04:20:15.521,67,RECV,7E000F8100042B024E343032332D4A37314A0D
06-27-2025 04:20:15.521,68,RECV,7E000F81000830024E383032332D58363754E3
06-27-2025 04:20:15.521,69,RECV,7E000F81000633024E363032332D41414547EF
06-27-2025 04:20:15.521,70,RECV,7E000F81000735024E373032332D41415654CD
06-27-2025 04:20:15.621,71,RECV,7E000F8100042B024E343032342D49375934FB
06-27-2025 04:20:15.671,72,RECV,7E000F81000830024E383032342D38375941F2
06-27-2025 04:20:15.672,73,RECV,7E000F81000633024E363032342D32354356FC
06-27-2025 04:20:15.672,74,RECV,7E000F81000734024E373032342D5839484CD4
06-27-2025 04:20:15.823,75,RECV,7E000F8100042B024E343032352D48585058BF
06-27-2025 04:20:15.823,76,RECV,7E000F81000830024E383032352D394B4155E0
06-27-2025 04:20:15.823,77,RECV,7E000F81000633024E363032352D4F45534DC7
06-27-2025 04:20:15.823,78,RECV,7E000F81000735024E373032352D4F574647C4
06-27-2025 04:20:15.923,79,RECV,7E000F8100042B024E343032362D39494153F0
06-27-2025 04:20:15.973,80,RECV,7E000F81000830024E383032362D4D4B5544C8
06-27-2025 04:20:15.977,81,RECV,7E000F81000633024E363032362D51483645E6
06-27-2025 04:20:15.977,82,RECV,7E000F81000735024E373032362D3832525AE0
06-27-2025 04:20:16.084,83,RECV,7E000F8100042B024E343032372D35465950E1
06-27-2025 04:20:16.084,84,RECV,7E000F81000832024E383032372D30545139E8
06-27-2025 04:20:16.124,85,RECV,7E000F81000633024E363032372D4F37383704
06-27-2025 04:20:16.129,86,RECV,7E000F81000734024E373032372D49345836EB
06-27-2025 04:20:16.274,87,RECV,7E000F8100042B024E343032382D4F574830E6
06-27-2025 04:20:16.275,88,RECV,7E000F81000833024E383032382D51575253A7
06-27-2025 04:20:16.275,89,RECV,7E000F81000633024E363032382D323133382A
06-27-2025 04:20:16.275,90,RECV,7E000F81000735024E373032382D38473246FD
06-27-2025 04:20:16.374,91,RECV,7E000F8100042B024E343032392D4B5A5058B6
06-27-2025 04:20:16.424,92,RECV,7E000F81000833024E383032392D3757464CD3
06-27-2025 04:20:16.425,93,RECV,7E000F81000633024E363032392D5A394A30EA
06-27-2025 04:20:16.425,94,RECV,7E000F81000735024E373032392D3936464CF2
06-27-2025 04:20:16.575,95,RECV,7E000F8100042B024E343033302D4F32523800
06-27-2025 04:20:16.575,96,RECV,7E000F81000834024E383033302D53373257E7
06-27-2025 04:20:16.575,97,RECV,7E000F81000633024E363033302D50325447E2
06-27-2025 04:20:16.675,98,RECV,7E000F8100042B024E343033312D3546474701
06-27-2025 04:20:16.696,99,RECV,7E000F81000833024E383033312D474A5756BC
06-27-2025 04:20:16.725,100,RECV,7E000F81000633024E363033312D414E5852C5
06-27-2025 04:20:16.726,101,RECV,7E000F81000735024E373033312D45553737F2
06-27-2025 04:20:16.836,102,RECV,7E000F8100042B024E343033322D3947543203
06-27-2025 04:20:16.836,103,RECV,7E000F81000832024E383033322D4F4A5844C5
06-27-2025 04:20:16.876,104,RECV,7E000F81000633024E363033322D4B504843D7
06-27-2025 04:20:16.886,105,RECV,7E000F81000734024E373033322D4B523245E6
06-27-2025 04:20:17.026,106,RECV,7E000F8100042B024E343033332D5757544DB9
06-27-2025 04:20:17.027,107,RECV,7E000F81000833024E383033332D304139410D
06-27-2025 04:20:17.027,108,RECV,7E000F81000632024E363033332D57424959C2
06-27-2025 04:20:17.028,109,RECV,7E000F81000734024E373033332D334F3746FA
06-27-2025 04:20:17.146,110,RECV,7E000F8100042B024E343033342D4F504C49D3
06-27-2025 04:20:17.147,111,RECV,7E000F81000832024E383033342D464D344BE6
06-27-2025 04:20:17.176,112,RECV,7E000F81000631024E363033342D45375A4DDA
06-27-2025 04:20:17.187,113,RECV,7E000F81000732024E373033342D44444B54D3
06-27-2025 04:20:17.327,114,RECV,7E000F8100042B024E343033352D5A334741F1
06-27-2025 04:20:17.327,115,RECV,7E000F81000830024E383033352D5758334EC9
06-27-2025 04:20:17.377,116,RECV,7E000F81000632024E363033352D3641434DF4
06-27-2025 04:20:17.377,117,RECV,7E000F81000733024E373033352D344E5851CD
06-27-2025 04:20:17.427,118,RECV,7E000F8100042B024E343033362D344F5A33F5
06-27-2025 04:20:17.477,119,RECV,7E000F81000831024E383033362D474C4845D7
06-27-2025 04:20:17.478,120,RECV,7E000F81000632024E363033362D384A5A42DC
06-27-2025 04:20:17.498,121,RECV,7E000F81000733024E373033362D51334353DD
06-27-2025 04:20:17.628,122,RECV,7E000F8100042B024E343033372D4A504135F4
06-27-2025 04:20:17.628,123,RECV,7E000F81000832024E383033372D5336594CC7
06-27-2025 04:20:17.638,124,RECV,7E000F81000632024E363033372D454D5953BB
06-27-2025 04:20:17.638,125,RECV,7E000F81000732024E373033372D49435652C3
06-27-2025 04:20:17.778,126,RECV,7E000F8100042B024E343033382D4F5A4D5AB3
06-27-2025 04:20:17.778,127,RECV,7E000F81000831024E383033382D48504C32DF
06-27-2025 04:20:17.779,128,RECV,7E000F81000631024E363033382D5455344CD0
06-27-2025 04:20:17.779,129,RECV,7E000F81000732024E373033382D4930484AEB
06-27-2025 04:20:17.889,130,RECV,7E000F8100042B024E343033392D35544454E1
06-27-2025 04:20:17.903,131,RECV,7E000F81000831024E383033392D4E354149E7
06-27-2025 04:20:17.938,132,RECV,7E000F81000631024E363033392D304446320C
06-27-2025 04:20:17.941,133,RECV,7E000F81000732024E373033392D49453658D9
06-27-2025 04:20:18.079,134,RECV,7E000F8100042B024E343034302D3930303839
06-27-2025 04:20:18.079,135,RECV,7E000F81000831024E383034302D37334D58ED
06-27-2025 04:20:18.129,136,RECV,7E000F81000630024E363034302D37504645EF
06-27-2025 04:20:18.145,137,RECV,7E000F81000732024E373034302D31514F41EB
06-27-2025 04:20:18.199,138,RECV,7E000F8100042B024E343034312D4247484EEA
06-27-2025 04:20:18.207,139,RECV,7E000F81000830024E383034312D41574439E7
06-27-2025 04:20:18.249,140,RECV,7E000F81000630024E363034312D46545439D9
06-27-2025 04:20:18.250,141,RECV,7E000F81000732024E373034312D33464542FC
06-27-2025 04:20:18.379,142,RECV,7E000F8100042B024E343034322D4D384D52E4
06-27-2025 04:20:18.379,143,RECV,7E000F81000830024E383034322D594C5045C1
06-27-2025 04:20:18.430,144,RECV,7E000F81000630024E363034322D4557564DC0
06-27-2025 04:20:18.449,145,RECV,7E000F81000731024E373034322D49365541E7
06-27-2025 04:20:18.530,146,RECV,7E000F8100042B024E343034332D38494C57E3
06-27-2025 04:20:18.530,147,RECV,7E000F81000830024E383034332D33314E51F7
06-27-2025 04:20:18.550,148,RECV,7E000F81000630024E363034332D50514A57BC
06-27-2025 04:20:18.550,149,RECV,7E000F81000731024E373034332D594C4544CD
06-27-2025 04:20:18.680,150,RECV,7E000F8100042B024E343034342D57533046E6
06-27-2025 04:20:18.680,151,RECV,7E000F81000830024E383034342D36494D41EC
06-27-2025 04:20:18.730,152,RECV,7E000F8100062F024E363034342D35464C50E7
06-27-2025 04:20:18.745,153,RECV,7E000F81000730024E373034342D574D3849D6
06-27-2025 04:20:18.831,154,RECV,7E000F8100042B024E343034352D4E503139FD
06-27-2025 04:20:18.831,155,RECV,7E000F8100082F024E383034352D41394947EF
06-27-2025 04:20:18.881,156,RECV,7E000F8100062F024E363034352D4F584655BB
06-27-2025 04:20:18.898,157,RECV,7E000F81000731024E373034352D50305239EE
06-27-2025 04:20:18.951,158,RECV,7E000F8100042B024E343034362D49563658D7
06-27-2025 04:20:18.951,159,RECV,7E000F8100082F024E383034362D49344457E0
06-27-2025 04:20:19.031,160,RECV,7E000F8100062E024E363034362D314D493006
06-27-2025 04:20:19.054,161,RECV,7E000F81000731024E373034362D4A355634EF
06-27-2025 04:20:19.131,162,RECV,7E000F8100042B024E343034372D3751564BDA
06-27-2025 04:20:19.131,163,RECV,7E000F8100082F024E383034372D305A5158C4
06-27-2025 04:20:19.181,164,RECV,7E000F8100062E024E363034372D32413956FA
06-27-2025 04:20:19.199,165,RECV,7E000F81000730024E373034372D35585152C8
06-27-2025 04:20:19.232,166,RECV,7E000F8100042B024E343034382D374D314A03
06-27-2025 04:20:19.262,167,RECV,7E000F8100082E024E383034382D38375636FC
06-27-2025 04:20:19.332,168,RECV,7E000F8100062F024E363034382D454A4254D5
06-27-2025 04:20:19.332,169,RECV,7E000F81000730024E373034382D595A3051C3
06-27-2025 04:20:19.432,170,RECV,7E000F8100042B024E343034392D4F543532F7
06-27-2025 04:20:19.432,171,RECV,7E000F8100082F024E383034392D504F424DC7
06-27-2025 04:20:19.483,172,RECV,7E000F8100062F024E363034392D323054307D33
06-27-2025 04:20:19.513,173,RECV,7E000F8100072F024E373034392D43514737E5
06-27-2025 04:20:19.582,174,RECV,7E000F8100042A024E343035302D55533858D2
06-27-2025 04:20:19.582,175,RECV,7E000F8100082E024E383035302D43504E35E8
06-27-2025 04:20:19.633,176,RECV,7E000F8100062E024E363035302D4E54594BBC
06-27-2025 04:20:19.633,177,RECV,7E000F81000730024E373035302D484F3755DB
06-27-2025 04:20:19.713,178,RECV,7E000F8100042A024E343035312D4C514C50D0
06-27-2025 04:20:19.784,179,RECV,7E000F8100062E024E363035312D314C413112
06-27-2025 04:20:19.792,180,RECV,7E000F81000730024E373035312D4A444A30F5
06-27-2025 04:20:19.883,181,RECV,7E000F8100042A024E343035322D5547564ACC
06-27-2025 04:20:19.933,182,RECV,7E000F8100062E024E363035322D4B49384EE6
06-27-2025 04:20:19.963,183,RECV,7E000F81000730024E373035322D32595651CA
06-27-2025 04:20:20.003,184,RECV,7E000F8100042B024E343035332D38505853D3
06-27-2025 04:20:20.084,185,RECV,7E000F8100062F024E363035332D56423247ED
06-27-2025 04:20:20.121,186,RECV,7E000F81000730024E373035332D58503256CB
06-27-2025 04:20:20.184,187,RECV,7E000F8100082F024E383035342D574C3443DF
06-27-2025 04:20:20.184,188,RECV,7E000F8100042B024E343035342D5957574AB4
06-27-2025 04:20:20.234,189,RECV,7E000F8100062E024E363035342D53304A48E9
06-27-2025 04:20:20.234,190,RECV,7E000F8100072F024E373035342D4B4B3545EB
06-27-2025 04:20:20.334,191,RECV,7E000F8100082F024E383035352D5056374BD0
06-27-2025 04:20:20.334,192,RECV,7E000F8100042B024E343035352D31434A357D31
06-27-2025 04:20:20.384,193,RECV,7E000F81000730024E373035352D42593142EB
06-27-2025 04:20:20.484,194,RECV,7E000F8100082F024E383035362D42394936FD
06-27-2025 04:20:20.485,195,RECV,7E000F8100042B024E343035362D354C564FDD
06-27-2025 04:20:20.535,196,RECV,7E000F8100062E024E363035362D5A374E35E8
06-27-2025 04:20:20.535,197,RECV,7E000F81000731024E373035362D33335756E4
06-27-2025 04:20:20.635,198,RECV,7E000F8100082F024E383035372D57523845D0
06-27-2025 04:20:20.635,199,RECV,7E000F8100042B024E343035372D433234467D33
06-27-2025 04:20:20.685,200,RECV,7E000F8100062E024E363035372D31564954D7
06-27-2025 04:20:20.685,201,RECV,7E000F81000730024E373035372D55563442D6
06-27-2025 04:20:20.755,202,RECV,7E000F8100082F024E383035382D31595545D1
06-27-2025 04:20:20.755,203,RECV,7E000F8100042B024E343035382D44583655DA
06-27-2025 04:20:20.835,204,RECV,7E000F8100062F024E363035382D5A573432E2
06-27-2025 04:20:20.836,205,RECV,7E000F81000730024E373035382D4B30463104
06-27-2025 04:20:20.936,206,RECV,7E000F8100082E024E383035392D50584959AB
06-27-2025 04:20:20.938,207,RECV,7E000F8100042B024E343035392D47593634F6
06-27-2025 04:20:20.986,208,RECV,7E000F8100062F024E363035392D464A4844DC
06-27-2025 04:20:20.986,209,RECV,7E000F81000730024E373035392D34475A4BD5
06-27-2025 04:20:21.087,210,RECV,7E000F81000830024E383036302D584C3053D4
06-27-2025 04:20:21.090,211,RECV,7E000F8100042B024E343036302D46503641FB
06-27-2025 04:20:21.136,212,RECV,7E000F81000633024E363036302D3934364217
06-27-2025 04:20:21.137,213,RECV,7E000F81000735024E373036302D4B39393902
06-27-2025 04:20:21.237,214,RECV,7E000F81000833024E383036312D50555045BD
06-27-2025 04:20:21.237,215,RECV,7E000F8100042B024E343036312D57443357E2
06-27-2025 04:20:21.287,216,RECV,7E000F81000633024E363036312D44465332EC
06-27-2025 04:20:21.287,217,RECV,7E000F81000735024E373036312D4C364633FC
06-27-2025 04:20:21.387,218,RECV,7E000F81000832024E383036322D524D3459CB
06-27-2025 04:20:21.387,219,RECV,7E000F8100042B024E343036322D3644364115
06-27-2025 04:20:21.437,220,RECV,7E000F81000633024E363036322D4B4E4530EC
06-27-2025 04:20:21.440,221,RECV,7E000F81000735024E373036322D50445A41C7
06-27-2025 04:20:21.507,222,RECV,7E000F81000834024E383036332D4F44344BE2
06-27-2025 04:20:21.508,223,RECV,7E000F8100042B024E343036332D4A555434DE
06-27-2025 04:20:21.587,224,RECV,7E000F81000633024E363036332D4151444CD7
06-27-2025 04:20:21.591,225,RECV,7E000F81000735024E373036332D4E455252BE
06-27-2025 04:20:21.688,226,RECV,7E000F81000833024E383036342D544F5952A6
06-27-2025 04:20:21.688,227,RECV,7E000F8100042B024E343036342D57565650B1
06-27-2025 04:20:21.738,228,RECV,7E000F81000633024E363036342D30444B55E4
06-27-2025 04:20:21.738,229,RECV,7E000F81000735024E373036342D57544345C1
06-27-2025 04:20:21.838,230,RECV,7E000F8100042B024E343036352D47324E47F5
06-27-2025 04:20:21.888,231,RECV,7E000F81000633024E363036352D50303953EB
06-27-2025 04:20:21.889,232,RECV,7E000F81000734024E373036352D54443134F7
06-27-2025 04:20:21.989,233,RECV,7E000F81000832024E383036362D3636364F02
06-27-2025 04:20:21.989,234,RECV,7E000F8100042B024E343036362D5A453238F9
06-27-2025 04:20:22.039,235,RECV,7E000F8100062F024E363036362D4F4A534BC3
06-27-2025 04:20:22.039,236,RECV,7E000F81000731024E373036362D434B4352D3
06-27-2025 04:20:22.139,237,RECV,7E000F81000830024E383036372D3639305104
06-27-2025 04:20:22.139,238,RECV,7E000F8100042B024E343036372D50573936EB
06-27-2025 04:20:22.189,239,RECV,7E000F8100062F024E363036372D38514939EE
06-27-2025 04:20:22.189,240,RECV,7E000F81000731024E373036372D53384F31EA
06-27-2025 04:20:22.259,241,RECV,7E000F8100082F024E383036382D4344374DE9
06-27-2025 04:20:22.259,242,RECV,7E000F8100042B024E343036382D4B355952D5
06-27-2025 04:20:22.339,243,RECV,7E000F81000632024E363036382D3333524EEF
06-27-2025 04:20:22.342,244,RECV,7E000F81000732024E373036382D57355632DF
06-27-2025 04:20:22.440,245,RECV,7E000F81000831024E383036392D56334439EB
06-27-2025 04:20:22.440,246,RECV,7E000F8100042B024E343036392D334E424FED
06-27-2025 04:20:22.490,247,RECV,7E000F81000633024E363036392D4D4A5639CD
06-27-2025 04:20:22.490,248,RECV,7E000F81000734024E373036392D41394B53D8
06-27-2025 04:20:22.540,249,RECV,7E000F81000834024E383037302D35415742E7
06-27-2025 04:20:22.560,250,RECV,7E000F8100042B024E343037302D53463350EB
06-27-2025 04:20:22.640,251,RECV,7E000F81000632024E363037302D45593059D5
06-27-2025 04:20:22.640,252,RECV,7E000F81000734024E373037302D4D465752BC
06-27-2025 04:20:22.740,253,RECV,7E000F81000833024E383037312D4B323053F6
06-27-2025 04:20:22.740,254,RECV,7E000F8100042B024E343037312D39334E4903
06-27-2025 04:20:22.790,255,RECV,7E000F81000633024E363037312D574D3948D5
06-27-2025 04:20:22.791,256,RECV,7E000F81000734024E373037312D3953314AF0
06-27-2025 04:20:22.890,257,RECV,7E000F81000833024E383037322D564D3248D8
06-27-2025 04:20:22.891,258,RECV,7E000F8100042B024E343037322D484C444CE1
06-27-2025 04:20:22.941,259,RECV,7E000F81000633024E363037322D5A453937EA
06-27-2025 04:20:22.941,260,RECV,7E000F81000734024E373037322D47434539EE
06-27-2025 04:20:23.011,261,RECV,7E000F81000833024E383037332D53395754BD
06-27-2025 04:20:23.011,262,RECV,7E000F8100042B024E343037332D574B464BD1
06-27-2025 04:20:23.091,263,RECV,7E000F81000632024E363037332D57554343C7
06-27-2025 04:20:23.091,264,RECV,7E000F81000734024E373037332D4330414CF5
06-27-2025 04:20:23.191,265,RECV,7E000F81000833024E383037342D46344931FF
06-27-2025 04:20:23.191,266,RECV,7E000F8100042B024E343037342D5A475558B5
06-27-2025 04:20:23.241,267,RECV,7E000F81000632024E363037342D49394656DA
06-27-2025 04:20:23.252,268,RECV,7E000F81000734024E373037342D47434E51CB
06-27-2025 04:20:23.291,269,RECV,7E000F81000832024E383037352D53505445B7
06-27-2025 04:20:23.342,270,RECV,7E000F8100042B024E343037352D49334C3109
06-27-2025 04:20:23.393,271,RECV,7E000F81000632024E363037352D514A3730F5
06-27-2025 04:20:23.395,272,RECV,7E000F81000733024E373037352D3258574DC6
06-27-2025 04:20:23.492,273,RECV,7E000F81000832024E383037362D4F585A4CA5
06-27-2025 04:20:23.492,274,RECV,7E000F8100042B024E343037362D30495A44EA
06-27-2025 04:20:23.542,275,RECV,7E000F81000632024E363037362D313532540A
06-27-2025 04:20:23.542,276,RECV,7E000F81000734024E373037362D56333256E1
06-27-2025 04:20:23.642,277,RECV,7E000F81000833024E383037372D59313948E5
06-27-2025 04:20:23.659,278,RECV,7E000F8100042B024E343037372D375A4B59CB
06-27-2025 04:20:23.692,279,RECV,7E000F81000633024E363037372D50385936DD
06-27-2025 04:20:23.693,280,RECV,7E000F81000735024E373037372D51453136F3
06-27-2025 04:20:23.763,281,RECV,7E000F81000833024E383037382D54594E5A9A
06-27-2025 04:20:23.763,282,RECV,7E000F8100042B024E343037382D5250534DBD
06-27-2025 04:20:23.843,283,RECV,7E000F81000633024E363037382D4E354944E3
06-27-2025 04:20:23.943,284,RECV,7E000F81000831024E383037392D57494657B3
06-27-2025 04:20:23.943,285,RECV,7E000F8100042B024E343037392D45304C52EB
06-27-2025 04:20:24.003,286,RECV,7E000F81000633024E363037392D5A505149AE
06-27-2025 04:20:24.004,287,RECV,7E000F81000734024E373037392D33525630E4
06-27-2025 04:20:24.093,288,RECV,7E000F8100042B024E343038302D434B5632F0
06-27-2025 04:20:24.144,289,RECV,7E000F81000633024E363038302D304F504FDC
06-27-2025 04:20:24.148,290,RECV,7E000F81000735024E373038302D33564454D5
06-27-2025 04:20:24.244,291,RECV,7E000F81000833024E383038312D434E3530FF
06-27-2025 04:20:24.244,292,RECV,7E000F8100042B024E343038312D5434494EE6
06-27-2025 04:20:24.294,293,RECV,7E000F81000633024E363038312D584F474DBE
06-27-2025 04:20:24.344,294,RECV,7E000F81000734024E373038312D4A515253B6
06-27-2025 04:20:24.394,295,RECV,7E000F81000833024E383038322D59464346CC
06-27-2025 04:20:24.394,296,RECV,7E000F8100042A024E343038322D363834580B
06-27-2025 04:20:24.444,297,RECV,7E000F81000632024E363038322D4839374EF3
06-27-2025 04:20:24.444,298,RECV,7E000F81000730024E373038322D43533737F5
06-27-2025 04:20:24.515,299,RECV,7E000F81000832024E383038332D4E4E4547CC
06-27-2025 04:20:24.515,300,RECV,7E000F8100042B024E343038332D47453651F0
06-27-2025 04:20:24.595,301,RECV,7E000F8100062F024E363038332D4836364FF8
06-27-2025 04:20:24.645,302,RECV,7E000F81000731024E373038332D534B3344E2
06-27-2025 04:20:24.695,303,RECV,7E000F8100082F024E383038342D4B334249ED
06-27-2025 04:20:24.695,304,RECV,7E000F8100042B024E343038342D545A4131E2
06-27-2025 04:20:24.795,305,RECV,7E000F8100062F024E363038342D46434234FB
06-27-2025 04:20:24.814,306,RECV,7E000F81000730024E373038342D4B36564AD6
06-27-2025 04:20:24.814,307,RECV,7E000F8100082F024E383038352D454F3537F5
06-27-2025 04:20:24.845,308,RECV,7E000F8100042B024E343038352D52494335EE
06-27-2025 04:20:24.896,309,RECV,7E000F8100062F024E363038352D4149383205
06-27-2025 04:20:24.946,310,RECV,7E000F8100072F024E373038352D45394A33FC
06-27-2025 04:20:24.996,311,RECV,7E000F8100082F024E383038362D343537391B
06-27-2025 04:20:24.997,312,RECV,7E000F8100042B024E343038362D4C54374ADF
06-27-2025 04:20:25.097,313,RECV,7E000F8100062F024E363038362D5A315654C3
06-27-2025 04:20:25.114,314,RECV,7E000F81000730024E373038362D4B503642E2
06-27-2025 04:20:25.114,315,RECV,7E000F8100082F024E383038372D564B3254CC
06-27-2025 04:20:25.147,316,RECV,7E000F8100042B024E343038372D58355A4DCB
06-27-2025 04:20:25.197,317,RECV,7E000F8100062F024E363038372D46564859BA
06-27-2025 04:20:25.218,318,RECV,7E000F81000730024E373038372D42553933F1
06-27-2025 04:20:25.257,319,RECV,7E000F8100082F024E383038382D44594F36D0
06-27-2025 04:20:25.275,320,RECV,7E000F8100042B024E343038382D32564E53D5
06-27-2025 04:20:25.397,321,RECV,7E000F8100062F024E363038382D49315230FA
06-27-2025 04:20:25.402,322,RECV,7E000F81000730024E373038382D364F4159D4
06-27-2025 04:20:25.448,323,RECV,7E000F8100082F024E383038392D38584558C4
06-27-2025 04:20:25.448,324,RECV,7E000F8100042B024E343038392D51595743B9
06-27-2025 04:20:25.498,325,RECV,7E000F81000630024E363038392D58423537EE
06-27-2025 04:20:25.518,326,RECV,7E000F81000730024E373038392D525A3451C1
06-27-2025 04:20:25.548,327,RECV,7E000F8100082F024E383039302D31355442FD
06-27-2025 04:20:25.598,328,RECV,7E000F8100042B024E343039302D44385155E3
06-27-2025 04:20:25.658,329,RECV,7E000F81000630024E363039302D3057534AD8
06-27-2025 04:20:25.658,330,RECV,7E000F81000730024E373039302D364A4549EC
06-27-2025 04:20:25.748,331,RECV,7E000F81000831024E383039312D3633553404
06-27-2025 04:20:25.748,332,RECV,7E000F8100042B024E343039312D53434254D8
06-27-2025 04:20:25.849,333,RECV,7E000F81000631024E363039312D55413852DA
06-27-2025 04:20:25.853,334,RECV,7E000F81000732024E373039312D57524A46BE
06-27-2025 04:20:25.853,335,RECV,7E000F81000830024E383039322D34435935F1
06-27-2025 04:20:25.899,336,RECV,7E000F8100042B024E343039322D434A4236FE
06-27-2025 04:20:25.969,337,RECV,7E000F81000631024E363039322D594C4757B6
06-27-2025 04:20:25.969,338,RECV,7E000F81000730024E373039322D46594C46C7
06-27-2025 04:20:26.009,339,RECV,7E000F81000830024E383039332D51304B52D7
06-27-2025 04:20:26.030,340,RECV,7E000F8100042B024E343039332D59423948E6
06-27-2025 04:20:26.149,341,RECV,7E000F81000630024E363039332D4F315A4ED1
06-27-2025 04:20:26.149,342,RECV,7E000F81000731024E373039332D3450323010
06-27-2025 04:20:26.199,343,RECV,7E000F8100082F024E383039342D544B4B32D9
06-27-2025 04:20:26.200,344,RECV,7E000F8100042B024E343039342D504F4230F0
06-27-2025 04:20:26.270,345,RECV,7E000F81000631024E363039342D5A4D4338D5
06-27-2025 04:20:26.270,346,RECV,7E000F81000730024E373039342D46494137EF
06-27-2025 04:20:26.299,347,RECV,7E000F8100082F024E383039352D4F473745E2
06-27-2025 04:20:26.350,348,RECV,7E000F8100042B024E343039352D38564530FD
06-27-2025 04:20:26.450,349,RECV,7E000F81000632024E363039352D303155350A
06-27-2025 04:20:26.450,350,RECV,7E000F81000731024E373039352D34485842DE
06-27-2025 04:20:26.500,351,RECV,7E000F8100082F024E383039362D48524D59B3
06-27-2025 04:20:26.500,352,RECV,7E000F8100042B024E343039362D38424744FA
06-27-2025 04:20:26.600,353,RECV,7E000F81000632024E363039362D54324634F4
06-27-2025 04:20:26.600,354,RECV,7E000F81000731024E373039362D595A4C559F
06-27-2025 04:20:26.600,355,RECV,7E000F81000830024E383039372D42334457E1
06-27-2025 04:20:26.650,356,RECV,7E000F8100042B024E343039372D4B585047C4
06-27-2025 04:20:26.751,357,RECV,7E000F81000631024E363039372D52395554C0
06-27-2025 04:20:26.751,358,RECV,7E000F81000730024E373039372D494B4955C1
06-27-2025 04:20:26.761,359,RECV,7E000F81000831024E383039382D5A5A4552A4
06-27-2025 04:20:26.781,360,RECV,7E000F8100042B024E343039382D43523257DF
06-27-2025 04:20:26.901,361,RECV,7E000F81000632024E363039382D59553431DF
06-27-2025 04:20:26.902,362,RECV,7E000F81000731024E373039382D49305148DF
06-27-2025 04:20:26.951,363,RECV,7E000F81000830024E383039392D31484139FC
06-27-2025 04:20:26.951,364,RECV,7E000F8100042B024E343039392D3557574ACF
06-27-2025 04:20:27.052,365,RECV,7E000F81000632024E363039392D434D5A56B1
06-27-2025 04:20:27.052,366,RECV,7E000F81000732024E373039392D4A4F5933CA
