06-25-2025 18:05:23.163,-,API2,"Sink 2,0013A20041839DCA,802.15.4 TH,2003,/dev/ttyUSB2 - 57600/8/M/1/N,1,46"

06-25-2025 18:04:54.646,0,RECV,7E000F81000530024E353030302D344C4E3702
06-25-2025 18:04:54.696,1,RECV,7E000F8100052F024E353030312D424E364FF2
06-25-2025 18:04:54.696,2,RECV,7E000F81000735024E373030312D544A5136D8
06-25-2025 18:04:54.696,3,RECV,7E000F81000834024E383030312D5935574BCC
06-25-2025 18:04:54.696,4,RECV,7E000F81000634024E363030312D5A593549CF
06-25-2025 18:04:54.697,5,RECV,7E000F81000834024E383030322D56533537E6
06-25-2025 18:04:54.697,6,RECV,7E000F81000530024E353030322D4D4E464FD5
06-25-2025 18:04:54.707,7,RECV,7E000F81000633024E363030322D324F39380E
06-25-2025 18:04:54.746,8,RECV,7E000F81000834024E383030332D545A3836DE
06-25-2025 18:04:54.746,9,RECV,7E000F81000530024E353030332D304F303322
06-25-2025 18:04:54.747,10,RECV,7E000F81000736024E373030332D36475541E7
06-25-2025 18:04:54.747,11,RECV,7E000F81000633024E363030332D55505839C9
06-25-2025 18:04:54.757,12,RECV,7E000F81000835024E383030342D5A474449CA
06-25-2025 18:04:54.757,13,RECV,7E000F81000530024E353030342D56484437EA
06-25-2025 18:04:54.757,14,RECV,7E000F81000736024E373030342D50514936D9
06-25-2025 18:04:54.757,15,RECV,7E000F81000633024E363030342D334A343419
06-25-2025 18:04:54.796,16,RECV,7E000F81000835024E383030352D4E554C57B1
06-25-2025 18:04:54.796,17,RECV,7E000F8100052F024E353030352D49595557B5
06-25-2025 18:04:54.797,18,RECV,7E000F81000633024E363030352D4C304C52E3
06-25-2025 18:04:54.797,19,RECV,7E000F81000834024E383030362D58414136E7
06-25-2025 18:04:54.797,20,RECV,7E000F81000633024E363030362D49555731D6
06-25-2025 18:04:54.847,21,RECV,7E000F81000834024E383030372D383630477D31
06-25-2025 18:04:54.879,22,RECV,7E000F8100052E024E353030372D4F4A4258CF
06-25-2025 18:04:54.879,23,RECV,7E000F81000633024E363030372D4B534F46C8
06-25-2025 18:04:54.879,24,RECV,7E000F81000833024E383030382D4E524B58B3
06-25-2025 18:04:54.879,25,RECV,7E000F81000530024E353030382D57484553C8
06-25-2025 18:04:54.879,26,RECV,7E000F81000632024E363030382D3333374C12
06-25-2025 18:04:54.879,27,RECV,7E000F81000833024E383030392D4536423206
06-25-2025 18:04:54.897,28,RECV,7E000F81000530024E353030392D393843397D31
06-25-2025 18:04:54.897,29,RECV,7E000F81000735024E373030392D544A4144D2
06-25-2025 18:04:54.897,30,RECV,7E000F81000633024E363030392D574C594BB2
06-25-2025 18:04:54.897,31,RECV,7E000F81000833024E383031302D4F413758DE
06-25-2025 18:04:54.897,32,RECV,7E000F8100052F024E353031302D4F555332DE
06-25-2025 18:04:54.947,33,RECV,7E000F81000633024E363031302D354534490A
06-25-2025 18:04:54.947,34,RECV,7E000F81000833024E383031312D4A365A4ED4
06-25-2025 18:04:54.947,35,RECV,7E000F81000530024E353031312D41573843F2
06-25-2025 18:04:54.947,36,RECV,7E000F81000735024E373031312D505A5152AF
06-25-2025 18:04:54.947,37,RECV,7E000F81000633024E363031312D57544F32D4
06-25-2025 18:04:54.947,38,RECV,7E000F81000832024E383031322D46454A59CE
06-25-2025 18:04:54.997,39,RECV,7E000F8100052F024E353031322D38524157E3
06-25-2025 18:04:54.997,40,RECV,7E000F81000734024E373031322D32594B30F6
06-25-2025 18:04:54.997,41,RECV,7E000F81000633024E363031322D42425632F3
06-25-2025 18:04:54.997,42,RECV,7E000F81000833024E383031332D5830494FDA
06-25-2025 18:04:54.997,43,RECV,7E000F81000531024E353031332D4D514247DB
06-25-2025 18:04:54.997,44,RECV,7E000F81000735024E373031332D59495634CE
06-25-2025 18:04:54.997,45,RECV,7E000F81000632024E363031332D56354333FE
06-25-2025 18:04:54.997,46,RECV,7E000F81000832024E383031342D385A4B39E4
06-25-2025 18:04:55.047,47,RECV,7E000F81000530024E353031342D4B34364706
06-25-2025 18:04:55.047,48,RECV,7E000F81000735024E373031342D4B385358CB
06-25-2025 18:04:55.047,49,RECV,7E000F81000633024E363031342D50583336EC
06-25-2025 18:04:55.047,50,RECV,7E000F81000833024E383031352D44523554D9
06-25-2025 18:04:55.057,51,RECV,7E000F81000530024E353031352D4E434B59CC
06-25-2025 18:04:55.057,52,RECV,7E000F81000734024E373031352D58504E47BC
06-25-2025 18:04:55.057,53,RECV,7E000F81000633024E363031352D4D4F3959CE
06-25-2025 18:04:55.057,54,RECV,7E000F81000832024E383031362D3430393229
06-25-2025 18:04:55.057,55,RECV,7E000F81000530024E353031362D3730344124
06-25-2025 18:04:55.097,56,RECV,7E000F81000735024E373031362D515A3854C0
06-25-2025 18:04:55.097,57,RECV,7E000F81000633024E363031362D48574144D7
06-25-2025 18:04:55.097,58,RECV,7E000F81000832024E383031372D3132594EED
06-25-2025 18:04:55.097,59,RECV,7E000F81000530024E353031372D594D4241D6
06-25-2025 18:04:55.097,60,RECV,7E000F81000735024E373031372D50575346B6
06-25-2025 18:04:55.097,61,RECV,7E000F81000633024E363031372D41385441EC
06-25-2025 18:04:55.097,62,RECV,7E000F81000833024E383031382D41475047D6
06-25-2025 18:04:55.148,63,RECV,7E000F81000530024E353031382D41334554F1
06-25-2025 18:04:55.148,64,RECV,7E000F81000734024E373031382D423130480B
06-25-2025 18:04:55.148,65,RECV,7E000F81000633024E363031382D3039343329
06-25-2025 18:04:55.148,66,RECV,7E000F81000833024E383031392D5439303502
06-25-2025 18:04:55.157,67,RECV,7E000F81000530024E353031392D31453850FF
06-25-2025 18:04:55.157,68,RECV,7E000F81000735024E373031392D57354F57C2
06-25-2025 18:04:55.158,69,RECV,7E000F81000632024E363031392D41533552DE
06-25-2025 18:04:55.158,70,RECV,7E000F81000833024E383032302D4546394EEA
06-25-2025 18:04:55.178,71,RECV,7E000F81000530024E353032302D3346463115
06-25-2025 18:04:55.181,72,RECV,7E000F81000734024E373032302D5343435ACA
06-25-2025 18:04:55.181,73,RECV,7E000F81000834024E383032312D30494758E2
06-25-2025 18:04:55.197,74,RECV,7E000F81000530024E353032312D53524134EA
06-25-2025 18:04:55.197,75,RECV,7E000F81000735024E373032312D544D3245E3
06-25-2025 18:04:55.247,76,RECV,7E000F81000530024E353032322D374936430A
06-25-2025 18:04:55.247,77,RECV,7E000F81000734024E373032322D474D4159CD
06-25-2025 18:04:55.247,78,RECV,7E000F81000530024E353032332D345A36340A
06-25-2025 18:04:55.258,79,RECV,7E000F81000735024E373032332D51305448DC
06-25-2025 18:04:55.298,80,RECV,7E000F8100052F024E353032342D4645414DE9
06-25-2025 18:04:55.298,81,RECV,7E000F81000735024E373032342D343230372B
06-25-2025 18:04:55.348,82,RECV,7E000F8100052F024E353032352D41454E31FC
06-25-2025 18:04:55.348,83,RECV,7E000F81000734024E373032352D4D334638FA
06-25-2025 18:04:55.348,84,RECV,7E000F81000834024E383032362D57564539CA
06-25-2025 18:04:55.348,85,RECV,7E000F81000632024E363032352D4835304708
06-25-2025 18:04:55.348,86,RECV,7E000F81000530024E353032362D4F393054F3
06-25-2025 18:04:55.348,87,RECV,7E000F81000633024E363032362D4E344A4FDF
06-25-2025 18:04:55.348,88,RECV,7E000F8100052F024E353032372D36575839E1
06-25-2025 18:04:55.348,89,RECV,7E000F81000832024E383032382D43325453D9
06-25-2025 18:04:55.358,90,RECV,7E000F81000735024E373032372D44544131EB
06-25-2025 18:04:55.358,91,RECV,7E000F81000632024E363032372D43324E50E7
06-25-2025 18:04:55.398,92,RECV,7E000F81000734024E373032382D4B494248D7
06-25-2025 18:04:55.398,93,RECV,7E000F81000632024E363032382D51584649C1
06-25-2025 18:04:55.408,94,RECV,7E000F8100052F024E353032392D383331451C
06-25-2025 18:04:55.408,95,RECV,7E000F81000734024E373032392D44564F4FBC
06-25-2025 18:04:55.408,96,RECV,7E000F81000633024E363032392D58565831C0
06-25-2025 18:04:55.448,97,RECV,7E000F81000832024E383033312D52584B52B4
06-25-2025 18:04:55.448,98,RECV,7E000F8100052F024E353033302D5532494CE9
06-25-2025 18:04:55.448,99,RECV,7E000F81000735024E373033302D4D584B36D5
06-25-2025 18:04:55.448,100,RECV,7E000F81000633024E363033302D5457515AA9
06-25-2025 18:04:55.468,101,RECV,7E000F81000833024E383033322D35395838FB
06-25-2025 18:04:55.468,102,RECV,7E000F81000530024E353033312D57474F37DF
06-25-2025 18:04:55.469,103,RECV,7E000F81000734024E373033312D5332314AFB
06-25-2025 18:04:55.469,104,RECV,7E000F81000633024E363033312D4846393106
06-25-2025 18:04:55.489,105,RECV,7E000F81000831024E383033332D47545A59AC
06-25-2025 18:04:55.491,106,RECV,7E000F81000530024E353033322D4D4B5933DE
06-25-2025 18:04:55.491,107,RECV,7E000F81000734024E373033322D51594931D6
06-25-2025 18:04:55.491,108,RECV,7E000F81000631024E363033322D3957324BF2
06-25-2025 18:04:55.498,109,RECV,7E000F81000833024E383033342D32304C54F5
06-25-2025 18:04:55.498,110,RECV,7E000F8100052F024E353033332D55574631DF
06-25-2025 18:04:55.518,111,RECV,7E000F81000733024E373033332D4859534DB9
06-25-2025 18:04:55.520,112,RECV,7E000F81000633024E363033332D42524F31E8
06-25-2025 18:04:55.559,113,RECV,7E000F81000832024E383033352D364B4543EE
06-25-2025 18:04:55.559,114,RECV,7E000F8100052F024E353033342D4E454434F6
06-25-2025 18:04:55.559,115,RECV,7E000F81000735024E373033342D4B323555F0
06-25-2025 18:04:55.559,116,RECV,7E000F81000632024E363033342D38414C42F5
06-25-2025 18:04:55.559,117,RECV,7E000F81000832024E383033362D5431494EDA
06-25-2025 18:04:55.559,118,RECV,7E000F8100052F024E353033352D4537324F03
06-25-2025 18:04:55.559,119,RECV,7E000F81000734024E373033352D4F3630317D31
06-25-2025 18:04:55.559,120,RECV,7E000F81000633024E363033352D30514343F3
06-25-2025 18:04:55.598,121,RECV,7E000F81000832024E383033372D4E58394ACC
06-25-2025 18:04:55.602,122,RECV,7E000F8100052F024E353033362D48465539E3
06-25-2025 18:04:55.602,123,RECV,7E000F81000734024E373033362D39513752E3
06-25-2025 18:04:55.602,124,RECV,7E000F81000632024E363033362D304A4651E9
06-25-2025 18:04:55.608,125,RECV,7E000F81000832024E383033382D46375059CE
06-25-2025 18:04:55.608,126,RECV,7E000F81000530024E353033372D304E3650F9
06-25-2025 18:04:55.608,127,RECV,7E000F81000734024E373033372D3057484ED8
06-25-2025 18:04:55.639,128,RECV,7E000F81000632024E363033372D59335053CA
06-25-2025 18:04:55.640,129,RECV,7E000F81000832024E383033392D55533944CE
06-25-2025 18:04:55.640,130,RECV,7E000F8100052F024E353033382D48353152FD
06-25-2025 18:04:55.640,131,RECV,7E000F81000734024E373033382D5541364FD9
06-25-2025 18:04:55.640,132,RECV,7E000F81000632024E363033382D39484954DA
06-25-2025 18:04:55.698,133,RECV,7E000F81000833024E383034302D44534C36E1
06-25-2025 18:04:55.698,134,RECV,7E000F8100052F024E353033392D38534839F0
06-25-2025 18:04:55.698,135,RECV,7E000F81000733024E373033392D34515744D4
06-25-2025 18:04:55.765,136,RECV,7E000F81000632024E363033392D3945434EE8
06-25-2025 18:04:55.771,137,RECV,7E000F81000832024E383034312D50584157BA
06-25-2025 18:04:55.771,138,RECV,7E000F8100052E024E353034302D5A483431FE
06-25-2025 18:04:55.771,139,RECV,7E000F81000734024E373034302D47523659D3
06-25-2025 18:04:55.771,140,RECV,7E000F81000632024E363034302D4C354154E9
06-25-2025 18:04:55.771,141,RECV,7E000F81000833024E383034322D4A415549CF
06-25-2025 18:04:55.771,142,RECV,7E000F8100052F024E353034312D3239513017
06-25-2025 18:04:55.771,143,RECV,7E000F81000733024E373034312D51595746B4
06-25-2025 18:04:55.771,144,RECV,7E000F81000632024E363034312D58524751BC
06-25-2025 18:04:55.771,145,RECV,7E000F81000834024E383034332D524D4649C8
06-25-2025 18:04:55.772,146,RECV,7E000F8100052F024E353034322D4435375101
06-25-2025 18:04:55.772,147,RECV,7E000F81000734024E373034322D4C42584AC9
06-25-2025 18:04:55.772,148,RECV,7E000F81000632024E363034322D4B445A49CB
06-25-2025 18:04:55.772,149,RECV,7E000F81000833024E383034342D574C4B45C3
06-25-2025 18:04:55.798,150,RECV,7E000F8100052F024E353034332D59495453B8
06-25-2025 18:04:55.798,151,RECV,7E000F81000734024E373034332D3454444FDD
06-25-2025 18:04:55.798,152,RECV,7E000F81000632024E363034332D41535254C2
06-25-2025 18:04:55.798,153,RECV,7E000F81000832024E383034352D56565351A6
06-25-2025 18:04:55.809,154,RECV,7E000F8100052F024E353034342D493343307D31
06-25-2025 18:04:55.809,155,RECV,7E000F81000733024E373034342D47334F52DD
06-25-2025 18:04:55.809,156,RECV,7E000F81000632024E363034342D444B3041FB
06-25-2025 18:04:55.809,157,RECV,7E000F81000832024E383034362D3039364115
06-25-2025 18:04:55.809,158,RECV,7E000F8100052F024E353034352D4A58344FDA
06-25-2025 18:04:55.829,159,RECV,7E000F81000734024E373034352D544E504EB6
06-25-2025 18:04:55.829,160,RECV,7E000F8100062F024E363034352D343258300F
06-25-2025 18:04:55.849,161,RECV,7E000F8100052F024E353034362D4D445335E5
06-25-2025 18:04:55.849,162,RECV,7E000F81000733024E373034362D41504A56C5
06-25-2025 18:04:55.898,163,RECV,7E000F8100052E024E353034372D58544A52B6
06-25-2025 18:04:55.909,164,RECV,7E000F81000734024E373034372D314E3056EF
06-25-2025 18:04:55.909,165,RECV,7E000F8100052F024E353034382D334E4150EA
06-25-2025 18:04:55.909,166,RECV,7E000F81000733024E373034382D47554141D6
06-25-2025 18:04:55.909,167,RECV,7E000F81000832024E383035302D3156574DCF
06-25-2025 18:04:55.909,168,RECV,7E000F81000632024E363034382D44513545E8
06-25-2025 18:04:55.948,169,RECV,7E000F8100052F024E353034392D4550565AB6
06-25-2025 18:04:55.949,170,RECV,7E000F81000734024E373034392D4E374138F4
06-25-2025 18:04:55.949,171,RECV,7E000F81000832024E383035312D454D4554CE
06-25-2025 18:04:55.949,172,RECV,7E000F81000631024E363034392D424A3644F1
06-25-2025 18:04:55.959,173,RECV,7E000F8100052F024E353035302D5A345244DF
06-25-2025 18:04:55.959,174,RECV,7E000F81000631024E363035302D4B313159F9
06-25-2025 18:04:55.998,175,RECV,7E000F8100052E024E353035312D4E36535AD2
06-25-2025 18:04:55.999,176,RECV,7E000F81000632024E363035312D4F484C58C2
06-25-2025 18:04:56.049,177,RECV,7E000F8100052F024E353035322D4634423114
06-25-2025 18:04:56.049,178,RECV,7E000F81000632024E363035322D32504E5AD2
06-25-2025 18:04:56.049,179,RECV,7E000F8100052E024E353035332D434E444AE2
06-25-2025 18:04:56.049,180,RECV,7E000F81000831024E383035352D3541353714
06-25-2025 18:04:56.049,181,RECV,7E000F81000734024E373035332D45424E5AC8
06-25-2025 18:04:56.049,182,RECV,7E000F81000632024E363035332D534D4135E5
06-25-2025 18:04:56.049,183,RECV,7E000F8100052F024E353035342D51574144D2
06-25-2025 18:04:56.049,184,RECV,7E000F81000832024E383035362D36434F59D3
06-25-2025 18:04:56.070,185,RECV,7E000F81000733024E373035342D4F494D37DB
06-25-2025 18:04:56.071,186,RECV,7E000F81000631024E363035342D48384C51DE
06-25-2025 18:04:56.099,187,RECV,7E000F8100052E024E353035352D4F30524DE1
06-25-2025 18:04:56.099,188,RECV,7E000F81000734024E373035352D414C4C4CD0
06-25-2025 18:04:56.099,189,RECV,7E000F81000632024E363035352D3158434EDF
06-25-2025 18:04:56.099,190,RECV,7E000F8100052E024E353035362D4D344642F5
06-25-2025 18:04:56.119,191,RECV,7E000F81000734024E373035362D4F474C41D1
06-25-2025 18:04:56.120,192,RECV,7E000F81000632024E363035362D51334B54D5
06-25-2025 18:04:56.149,193,RECV,7E000F81000832024E383035392D364E4133F9
06-25-2025 18:04:56.149,194,RECV,7E000F8100052F024E353035372D41563931FB
06-25-2025 18:04:56.149,195,RECV,7E000F81000733024E373035372D4D4A454CCC
06-25-2025 18:04:56.149,196,RECV,7E000F81000633024E363035372D41324A43F6
06-25-2025 18:04:56.169,197,RECV,7E000F81000832024E383036302D32504543EF
06-25-2025 18:04:56.169,198,RECV,7E000F8100052E024E353035382D4E475635DC
06-25-2025 18:04:56.169,199,RECV,7E000F81000734024E373035382D4354325ACF
06-25-2025 18:04:56.169,200,RECV,7E000F81000631024E363035382D58474E54B6
06-25-2025 18:04:56.199,201,RECV,7E000F81000832024E383036312D474F5359B6
06-25-2025 18:04:56.210,202,RECV,7E000F8100052E024E353035392D3138324917
06-25-2025 18:04:56.210,203,RECV,7E000F81000733024E373035392D31314358F5
06-25-2025 18:04:56.210,204,RECV,7E000F81000632024E363035392D4A554A4BC1
06-25-2025 18:04:56.239,205,RECV,7E000F81000832024E383036322D39384147FE
06-25-2025 18:04:56.248,206,RECV,7E000F8100052E024E353036302D5736524CD8
06-25-2025 18:04:56.248,207,RECV,7E000F81000734024E373036302D37545343D8
06-25-2025 18:04:56.248,208,RECV,7E000F81000631024E363036302D43423256F1
06-25-2025 18:04:56.248,209,RECV,7E000F81000832024E383036332D4A31344DFA
06-25-2025 18:04:56.248,210,RECV,7E000F8100052F024E353036312D564D5A35CF
06-25-2025 18:04:56.248,211,RECV,7E000F81000733024E373036312D56435657B3
06-25-2025 18:04:56.248,212,RECV,7E000F81000632024E363036312D48525836D4
06-25-2025 18:04:56.299,213,RECV,7E000F81000832024E383036342D314F5045E0
06-25-2025 18:04:56.299,214,RECV,7E000F8100052E024E353036322D37344B4902
06-25-2025 18:04:56.299,215,RECV,7E000F81000733024E373036322D45385339EF
06-25-2025 18:04:56.299,216,RECV,7E000F81000631024E363036322D53393855E3
06-25-2025 18:04:56.299,217,RECV,7E000F81000832024E383036352D35315647F1
06-25-2025 18:04:56.299,218,RECV,7E000F8100052E024E353036332D4C35384FF8
06-25-2025 18:04:56.300,219,RECV,7E000F81000733024E373036332D354A4349EC
06-25-2025 18:04:56.309,220,RECV,7E000F81000631024E363036332D4B444E45D9
06-25-2025 18:04:56.310,221,RECV,7E000F81000832024E383036362D48315346E1
06-25-2025 18:04:56.322,222,RECV,7E000F8100052E024E353036342D4A44504BD6
06-25-2025 18:04:56.322,223,RECV,7E000F81000733024E373036342D3737414403
06-25-2025 18:04:56.322,224,RECV,7E000F81000631024E363036342D57504139D9
06-25-2025 18:04:56.343,225,RECV,7E000F81000834024E383036372D42415045D8
06-25-2025 18:04:56.361,226,RECV,7E000F8100052F024E353036352D514F3957CD
06-25-2025 18:04:56.361,227,RECV,7E000F81000733024E373036352D49504D53BC
06-25-2025 18:04:56.361,228,RECV,7E000F81000631024E363036352D325A4A37EC
06-25-2025 18:04:56.361,229,RECV,7E000F81000831024E383036382D354B5039E9
06-25-2025 18:04:56.399,230,RECV,7E000F8100052E024E353036362D5744504CC6
06-25-2025 18:04:56.399,231,RECV,7E000F81000733024E373036362D454F3852D6
06-25-2025 18:04:56.399,232,RECV,7E000F81000631024E363036362D334C435ADC
06-25-2025 18:04:56.399,233,RECV,7E000F81000831024E383036392D50304531FB
06-25-2025 18:04:56.399,234,RECV,7E000F8100052F024E353036372D39394A52ED
06-25-2025 18:04:56.399,235,RECV,7E000F81000733024E373036372D51584A57A9
06-25-2025 18:04:56.399,236,RECV,7E000F81000632024E363036372D5A483642DC
06-25-2025 18:04:56.399,237,RECV,7E000F81000831024E383037302D48465953BF
06-25-2025 18:04:56.450,238,RECV,7E000F8100052E024E353036382D4A495944CB
06-25-2025 18:04:56.450,239,RECV,7E000F81000734024E373036382D38544536EA
06-25-2025 18:04:56.451,240,RECV,7E000F81000631024E363036382D42305450E0
06-25-2025 18:04:56.451,241,RECV,7E000F81000832024E383037312D43325235FB
06-25-2025 18:04:56.499,242,RECV,7E000F8100052E024E353036392D38593847EA
06-25-2025 18:04:56.508,243,RECV,7E000F81000733024E373036392D3831553300
06-25-2025 18:04:56.508,244,RECV,7E000F81000631024E363036392D33564731F4
06-25-2025 18:04:56.508,245,RECV,7E000F81000832024E383037322D45345453D6
06-25-2025 18:04:56.508,246,RECV,7E000F8100052F024E353037302D57583652CA
06-25-2025 18:04:56.508,247,RECV,7E000F81000733024E373037302D544A4534E2
06-25-2025 18:04:56.508,248,RECV,7E000F81000631024E363037302D4F444A33ED
06-25-2025 18:04:56.508,249,RECV,7E000F8100052E024E353037312D41304351FC
06-25-2025 18:04:56.508,250,RECV,7E000F81000734024E373037312D30415A33F9
06-25-2025 18:04:56.549,251,RECV,7E000F8100052F024E353037322D5545584AC3
06-25-2025 18:04:56.549,252,RECV,7E000F81000733024E373037322D424C4350D6
06-25-2025 18:04:56.549,253,RECV,7E000F8100052D024E353037332D52444C4ED0
06-25-2025 18:04:56.560,254,RECV,7E000F81000733024E373037332D5A4A5537C6
06-25-2025 18:04:56.560,255,RECV,7E000F81000830024E383037362D55304E59C8
06-25-2025 18:04:56.599,256,RECV,7E000F8100052F024E353037342D304C5158D8
06-25-2025 18:04:56.599,257,RECV,7E000F81000733024E373037342D4A4F314FDC
06-25-2025 18:04:56.600,258,RECV,7E000F81000831024E383037372D525A57539C
06-25-2025 18:04:56.600,259,RECV,7E000F81000632024E363037342D43434D51D4
06-25-2025 18:04:56.620,260,RECV,7E000F8100052E024E353037352D30385A4EED
06-25-2025 18:04:56.621,261,RECV,7E000F81000733024E373037352D3153534DD0
06-25-2025 18:04:56.621,262,RECV,7E000F81000831024E383037382D41305133FC
06-25-2025 18:04:56.621,263,RECV,7E000F81000631024E363037352D5A4E3956C1
06-25-2025 18:04:56.621,264,RECV,7E000F8100052E024E353037362D4A314D4AEA
06-25-2025 18:04:56.649,265,RECV,7E000F81000631024E363037362D5551344CD1
06-25-2025 18:04:56.700,266,RECV,7E000F8100052E024E353037372D52534553BE
06-25-2025 18:04:56.700,267,RECV,7E000F81000631024E363037372D32343958FF
06-25-2025 18:04:56.700,268,RECV,7E000F8100052E024E353037382D30365647F7
06-25-2025 18:04:56.700,269,RECV,7E000F81000832024E383038312D534A3548DC
06-25-2025 18:04:56.700,270,RECV,7E000F81000732024E373037382D36374743FB
06-25-2025 18:04:56.700,271,RECV,7E000F81000632024E363037382D4E345547D6
06-25-2025 18:04:56.700,272,RECV,7E000F8100052E024E353037392D36584E36E7
06-25-2025 18:04:56.720,273,RECV,7E000F81000831024E383038322D44354758DE
06-25-2025 18:04:56.720,274,RECV,7E000F81000733024E373037392D4635424BE8
06-25-2025 18:04:56.720,275,RECV,7E000F81000631024E363037392D4639383409
06-25-2025 18:04:56.750,276,RECV,7E000F8100052E024E353038302D45454B39F3
06-25-2025 18:04:56.750,277,RECV,7E000F81000832024E383038332D4C454857C4
06-25-2025 18:04:56.750,278,RECV,7E000F81000732024E373038302D4A484956C8
06-25-2025 18:04:56.750,279,RECV,7E000F81000631024E363038302D3059384FEC
06-25-2025 18:04:56.790,280,RECV,7E000F8100052E024E353038312D584F4238DF
06-25-2025 18:04:56.790,281,RECV,7E000F81000831024E383038342D4433334604
06-25-2025 18:04:56.790,282,RECV,7E000F81000733024E373038312D39515645D2
06-25-2025 18:04:56.790,283,RECV,7E000F81000630024E363038312D49305238F9
06-25-2025 18:04:56.790,284,RECV,7E000F8100052E024E353038322D4F573443E2
06-25-2025 18:04:56.791,285,RECV,7E000F81000831024E383038352D3631353324
06-25-2025 18:04:56.791,286,RECV,7E000F81000733024E373038322D4A575134D0
06-25-2025 18:04:56.791,287,RECV,7E000F81000631024E363038322D374E4732FC
06-25-2025 18:04:56.850,288,RECV,7E000F8100052D024E353038332D374738387D31
06-25-2025 18:04:56.851,289,RECV,7E000F81000732024E373038332D51394856CE
06-25-2025 18:04:56.851,290,RECV,7E000F81000631024E363038332D564D5246BE
06-25-2025 18:04:56.851,291,RECV,7E000F81000732024E373038342D5A4A4139D7
06-25-2025 18:04:56.861,292,RECV,7E000F81000631024E363038342D4A345243E5
06-25-2025 18:04:56.861,293,RECV,7E000F81000831024E383038382D58334F38DE
06-25-2025 18:04:56.861,294,RECV,7E000F8100052E024E353038352D35454D55E0
06-25-2025 18:04:56.900,295,RECV,7E000F81000732024E373038352D4159384DD5
06-25-2025 18:04:56.900,296,RECV,7E000F81000631024E363038352D50545550AE
06-25-2025 18:04:56.900,297,RECV,7E000F81000832024E383038392D514E4256B7
06-25-2025 18:04:56.900,298,RECV,7E000F8100052D024E353038362D4B533636F2
06-25-2025 18:04:56.900,299,RECV,7E000F81000733024E373038362D43434831F3
06-25-2025 18:04:56.951,300,RECV,7E000F81000631024E363038362D52355347D5
06-25-2025 18:04:56.958,301,RECV,7E000F81000831024E383039302D4A513258D2
06-25-2025 18:04:56.958,302,RECV,7E000F8100052F024E353038372D474D5451C0
06-25-2025 18:04:56.958,303,RECV,7E000F81000732024E373038372D44585657A9
06-25-2025 18:04:56.959,304,RECV,7E000F81000631024E363038372D4C395753C6
06-25-2025 18:04:56.959,305,RECV,7E000F81000831024E383039312D3338534EEA
06-25-2025 18:04:56.959,306,RECV,7E000F8100052E024E353038382D4B574930DE
06-25-2025 18:04:56.959,307,RECV,7E000F81000732024E373038382D34324E58E5
06-25-2025 18:04:56.959,308,RECV,7E000F81000631024E363038382D36594845D8
06-25-2025 18:04:56.971,309,RECV,7E000F81000831024E383039322D50475351BA
06-25-2025 18:04:56.972,310,RECV,7E000F8100052E024E353038392D4939314AFB
06-25-2025 18:04:56.972,311,RECV,7E000F81000732024E373038392D3436483806
06-25-2025 18:04:57.000,312,RECV,7E000F81000631024E363038392D51553150CC
06-25-2025 18:04:57.007,313,RECV,7E000F81000831024E383039332D4F505144C0
06-25-2025 18:04:57.007,314,RECV,7E000F8100052F024E353039302D5536323012
06-25-2025 18:04:57.007,315,RECV,7E000F81000733024E373039302D584B524FB3
06-25-2025 18:04:57.007,316,RECV,7E000F81000631024E363039302D33555259C8
06-25-2025 18:04:57.021,317,RECV,7E000F81000831024E383039342D4E504351C1
06-25-2025 18:04:57.021,318,RECV,7E000F8100052F024E353039312D4E3639330E
06-25-2025 18:04:57.031,319,RECV,7E000F81000732024E373039312D4E30373012
06-25-2025 18:04:57.031,320,RECV,7E000F81000631024E363039312D4F384E4ADB
06-25-2025 18:04:57.031,321,RECV,7E000F81000831024E383039352D393435440C
06-25-2025 18:04:57.051,322,RECV,7E000F8100052E024E353039322D4C4D3242F1
06-25-2025 18:04:57.051,323,RECV,7E000F81000733024E373039322D4355345ACF
06-25-2025 18:04:57.070,324,RECV,7E000F81000630024E363039322D4E454849D6
06-25-2025 18:04:57.071,325,RECV,7E000F81000831024E383039362D445A5A50A9
06-25-2025 18:04:57.071,326,RECV,7E000F8100052E024E353039332D4130435AEF
06-25-2025 18:04:57.100,327,RECV,7E000F81000732024E373039332D5A4C3934E2
06-25-2025 18:04:57.119,328,RECV,7E000F81000632024E363039332D56543942D2
06-25-2025 18:04:57.119,329,RECV,7E000F81000831024E383039372D4F335639DF
06-25-2025 18:04:57.119,330,RECV,7E000F8100052E024E353039342D36355356E8
06-25-2025 18:04:57.119,331,RECV,7E000F81000733024E373039342D324939350A
06-25-2025 18:04:57.119,332,RECV,7E000F81000631024E363039342D38513952E3
06-25-2025 18:04:57.119,333,RECV,7E000F81000831024E383039382D49413258DB
06-25-2025 18:04:57.131,334,RECV,7E000F8100052E024E353039352D30434E3307
06-25-2025 18:04:57.131,335,RECV,7E000F81000733024E373039352D4154534FBB
06-25-2025 18:04:57.152,336,RECV,7E000F81000631024E363039352D3751594EC7
06-25-2025 18:04:57.157,337,RECV,7E000F81000831024E383039392D43504356C2
06-25-2025 18:04:57.157,338,RECV,7E000F8100052E024E353039362D57513742D9
06-25-2025 18:04:57.201,339,RECV,7E000F81000732024E373039362D37324358EE
06-25-2025 18:04:57.201,340,RECV,7E000F81000632024E363039362D47494736E7
06-25-2025 18:04:57.204,341,RECV,7E000F8100052D024E353039372D4B524A46CD
06-25-2025 18:04:57.204,342,RECV,7E000F81000732024E373039372D33454A56D9
06-25-2025 18:04:57.204,343,RECV,7E000F81000631024E363039372D4B394B37EE
06-25-2025 18:04:57.211,344,RECV,7E000F8100052E024E353039382D50423348EB
06-25-2025 18:04:57.211,345,RECV,7E000F81000732024E373039382D5A395646C1
06-25-2025 18:04:57.212,346,RECV,7E000F81000632024E363039382D4A35454DE1
06-25-2025 18:04:57.251,347,RECV,7E000F8100052E024E353039392D52464439E2
06-25-2025 18:04:57.265,348,RECV,7E000F81000733024E373039392D51424250C9
06-25-2025 18:04:57.265,349,RECV,7E000F81000631024E363039392D504A5033D5
