06-03-2025 22:38:41.399,-,API2,"Sink 2,0013A20041839DCA,802.15.4 TH,2003,/dev/ttyUSB2 - 57600/8/M/1/N,1,46"

06-03-2025 22:37:06.878,0,RECV,7E007D318100062B029D004E363030302D4E4F425737
06-03-2025 22:37:06.879,1,RECV,7E007D318100053302C4004E353030302D4155484F7D33
06-03-2025 22:37:07.380,2,RECV,7E007D318100083902C2004E383030312D514443431A
06-03-2025 22:37:07.384,3,RECV,7E007D3181000631029F004E363030312D5147414F3C
06-03-2025 22:37:07.386,4,RECV,7E007D318100053802C7004E353030312D5947423124
06-03-2025 22:37:07.881,5,RECV,7E007D318100083802C3004E383030322D47565A4CF1
06-03-2025 22:37:07.883,6,RECV,7E007D318100062F02A0004E363030322D58564C3436
06-03-2025 22:37:07.884,7,RECV,7E007D318100073C0252004E373030322D43363535C0
06-03-2025 22:37:08.383,8,RECV,7E007D318100083602C4004E383030332D5A33335123
06-03-2025 22:37:08.384,9,RECV,7E007D318100062F02A1004E363030332D585343462E
06-03-2025 22:37:08.385,10,RECV,7E007D318100073E0253004E373030332D3154434394
06-03-2025 22:37:08.883,11,RECV,7E007D318100083702C5004E383030342D59515951DD
06-03-2025 22:37:08.887,12,RECV,7E007D318100062F02A2004E363030342D3148583857
06-03-2025 22:37:08.888,13,RECV,7E007D318100073E0254004E373030342D374E4F5178
06-03-2025 22:37:09.384,14,RECV,7E007D318100083802C6004E383030352D5644365806
06-03-2025 22:37:09.385,15,RECV,7E007D318100053702CB004E353030352D4B56515AE4
06-03-2025 22:37:09.385,16,RECV,7E007D318100063102A3004E363030352D3144523362
06-03-2025 22:37:09.385,17,RECV,7E007D318100073F0255004E373030352D4B5758425E
06-03-2025 22:37:09.886,18,RECV,7E007D318100083802C7004E383030362D4659544AEF
06-03-2025 22:37:09.887,19,RECV,7E007D318100053602CC004E353030362D32444B303E
06-03-2025 22:37:09.888,20,RECV,7E007D318100063102A4004E363030362D385A34553F
06-03-2025 22:37:09.888,21,RECV,7E007D318100073F0256004E373030362D4641554973
06-03-2025 22:37:10.387,22,RECV,7E007D318100083702C8004E383030372D48355A3222
06-03-2025 22:37:10.437,23,RECV,7E007D318100053602CD004E353030372D325851450D
06-03-2025 22:37:10.438,24,RECV,7E007D318100063102A5004E363030372D4359324D3D
06-03-2025 22:37:10.438,25,RECV,7E007D318100073E0257004E373030372D4D38485278
06-03-2025 22:37:10.889,26,RECV,7E007D318100083802C9004E383030382D5842524EEE
06-03-2025 22:37:10.890,27,RECV,7E007D318100053702CE004E353030382D49484A52FD
06-03-2025 22:37:10.891,28,RECV,7E007D318100063202A6004E363030382D57464E3931
06-03-2025 22:37:10.891,29,RECV,7E007D31810007400258004E373030382D4550304589
06-03-2025 22:37:11.391,30,RECV,7E007D318100083802CD004E383030392D4E3142352D
06-03-2025 22:37:11.392,31,RECV,7E007D318100053702D0004E353030392D3251474A7D33
06-03-2025 22:37:11.392,32,RECV,7E007D318100063202A8004E363030392D4A4D435127
06-03-2025 22:37:11.393,33,RECV,7E007D318100073F025A004E373030392D42474F3683
06-03-2025 22:37:11.892,34,RECV,7E007D318100083902CE004E383031302D584F3856F4
06-03-2025 22:37:11.893,35,RECV,7E007D318100053802D1004E353031302D5635444816
06-03-2025 22:37:11.894,36,RECV,7E007D318100063302A9004E363031302D393149465F
06-03-2025 22:37:11.894,37,RECV,7E007D3181000741025B004E373031302D325142329F
06-03-2025 22:37:12.393,38,RECV,7E007D318100083902CF004E383031312D55334E361B
06-03-2025 22:37:12.393,39,RECV,7E007D318100053902D2004E353031312D4753443715
06-03-2025 22:37:12.394,40,RECV,7E007D318100063102AA004E363031312D4550373359
06-03-2025 22:37:12.394,41,RECV,7E007D318100073E025C004E373031312D5A45573071
06-03-2025 22:37:12.895,42,RECV,7E007D318100083702D0004E383031322D58535854D0
06-03-2025 22:37:12.900,43,RECV,7E007D318100053602D3004E353031322D393558570E
06-03-2025 22:37:12.901,44,RECV,7E007D318100062D02AB004E363031322D5851453834
06-03-2025 22:37:12.901,45,RECV,7E007D318100073C025D004E373031322D4D463330A1
06-03-2025 22:37:13.395,46,RECV,7E007D318100083302D1004E383031332D31414B323A
06-03-2025 22:37:13.396,47,RECV,7E007D318100053302D4004E353031332D4D34545106
06-03-2025 22:37:13.402,48,RECV,7E007D318100062D02AC004E363031332D3747314663
06-03-2025 22:37:13.403,49,RECV,7E007D318100073A025E004E373031332D4845543680
06-03-2025 22:37:13.896,50,RECV,7E007D318100083402D2004E383031342D364B4C5900
06-03-2025 22:37:13.904,51,RECV,7E007D318100053302D5004E353031342D50594B5ADC
06-03-2025 22:37:13.905,52,RECV,7E007D318100062E02AD004E363031342D4B4833503F
06-03-2025 22:37:13.905,53,RECV,7E007D318100073B025F004E373031342D594750554F
06-03-2025 22:37:14.398,54,RECV,7E007D318100083402D3004E383031352D333849452B
06-03-2025 22:37:14.401,55,RECV,7E007D318100053302D6004E353031352D335348497D31
06-03-2025 22:37:14.402,56,RECV,7E007D318100062D02AE004E363031352D4F4230573C
06-03-2025 22:37:14.409,57,RECV,7E007D318100073B0260004E373031352D35393832BA
06-03-2025 22:37:14.900,58,RECV,7E007D318100083302D4004E383031362D3336385230
06-03-2025 22:37:14.900,59,RECV,7E007D318100053202D7004E353031362D523043550D
06-03-2025 22:37:14.901,60,RECV,7E007D318100062D02AF004E363031362D5842494926
06-03-2025 22:37:14.901,61,RECV,7E007D318100073A0261004E373031362D41324630A8
06-03-2025 22:37:15.401,62,RECV,7E007D318100083302D6004E383031372D5131414914
06-03-2025 22:37:15.401,63,RECV,7E007D318100053202DB004E353031372D3130524A25
06-03-2025 22:37:15.402,64,RECV,7E007D318100062D02B3004E363031372D4C3945384B
06-03-2025 22:37:15.402,65,RECV,7E007D318100073A0263004E373031372D314152309A
06-03-2025 22:37:15.902,66,RECV,7E007D318100083302D7004E383031382D38475259F4
06-03-2025 22:37:15.902,67,RECV,7E007D318100053202DC004E353031382D3056354223
06-03-2025 22:37:15.902,68,RECV,7E007D318100062D02B4004E363031382D5939304A3F
06-03-2025 22:37:15.912,69,RECV,7E007D318100073B0264004E373031382D344D4E3488
06-03-2025 22:37:16.403,70,RECV,7E007D318100083402D8004E383031392D304E553612
06-03-2025 22:37:16.404,71,RECV,7E007D318100053302DD004E353031392D59473953F1
06-03-2025 22:37:16.405,72,RECV,7E007D318100062D02B5004E363031392D4B5A46441A
06-03-2025 22:37:16.905,73,RECV,7E007D318100083402D9004E383032302D57534B42EB
06-03-2025 22:37:16.905,74,RECV,7E007D318100053302DE004E353032302D424A39441B
06-03-2025 22:37:16.906,75,RECV,7E007D318100062E02B6004E363032302D434E345832
06-03-2025 22:37:16.906,76,RECV,7E007D318100073B0266004E373032302D5241445267
06-03-2025 22:37:17.406,77,RECV,7E007D318100083402DA004E383032312D5145304C0E
06-03-2025 22:37:17.407,78,RECV,7E007D318100053402DF004E353032312D494530590A
06-03-2025 22:37:17.417,79,RECV,7E007D318100062E02B7004E363032312D3937344267
06-03-2025 22:37:17.418,80,RECV,7E007D318100073C0267004E373032312D4845505060
06-03-2025 22:37:17.908,81,RECV,7E007D318100083402DB004E383032322D5737363723
06-03-2025 22:37:17.908,82,RECV,7E007D318100053402E0004E353032322D313745541E
06-03-2025 22:37:17.910,83,RECV,7E007D318100062F02B8004E363032322D445957457D31
06-03-2025 22:37:17.910,84,RECV,7E007D318100073D0268004E373032322D474655396F
06-03-2025 22:37:18.410,85,RECV,7E007D318100083402DC004E383032332D5339583305
06-03-2025 22:37:18.417,86,RECV,7E007D318100053402E1004E353032332D4F565646DC
06-03-2025 22:37:18.418,87,RECV,7E007D318100062E02B9004E363032332D3139365653
06-03-2025 22:37:18.420,88,RECV,7E007D318100073C0269004E373032332D4D51433573
06-03-2025 22:37:18.910,89,RECV,7E007D318100083402DD004E383032342D59354557F0
06-03-2025 22:37:18.921,90,RECV,7E007D318100053302E2004E353032342D4C354C4F00
06-03-2025 22:37:18.922,91,RECV,7E007D318100062D02BA004E363032342D4E4A474A1F
06-03-2025 22:37:18.922,92,RECV,7E007D318100073B026C004E373032342D5A4435496A
06-03-2025 22:37:19.412,93,RECV,7E007D318100053402E4004E353032352D3255344E0F
06-03-2025 22:37:19.416,94,RECV,7E007D318100062E02BC004E363032352D314D4B5427
06-03-2025 22:37:19.462,95,RECV,7E007D318100073D026D004E373032352D4D434B4A5D
06-03-2025 22:37:19.913,96,RECV,7E007D318100083402E1004E383032362D3438443232
06-03-2025 22:37:19.917,97,RECV,7E007D318100053402E5004E353032362D5137353128
06-03-2025 22:37:19.924,98,RECV,7E007D318100062E02BD004E363032362D323859532C
06-03-2025 22:37:19.924,99,RECV,7E007D318100073C026E004E373032362D4B31485865
06-03-2025 22:37:20.414,100,RECV,7E007D318100083402E2004E383032372D524A5352D1
06-03-2025 22:37:20.417,101,RECV,7E007D318100053302E6004E353032372D4A5A5035EC
06-03-2025 22:37:20.464,102,RECV,7E007D318100062E02BE004E363032372D564E385014
06-03-2025 22:37:20.479,103,RECV,7E007D318100073C026F004E373032372D5245314473
06-03-2025 22:37:20.885,104,RECV,7E007D318100083302E3004E383032382D37454F58EE
06-03-2025 22:37:20.916,105,RECV,7E007D318100053302E7004E353032382D3330594E09
06-03-2025 22:37:20.917,106,RECV,7E007D318100062D02BF004E363032382D5646354B23
06-03-2025 22:37:20.965,107,RECV,7E007D318100073C0270004E373032382D5734594554
06-03-2025 22:37:21.417,108,RECV,7E007D318100083302E4004E383032392D354B4554F6
06-03-2025 22:37:21.418,109,RECV,7E007D318100053302E8004E353032392D434A34321E
06-03-2025 22:37:21.428,110,RECV,7E007D318100062C02C0004E363032392D5055374919
06-03-2025 22:37:21.435,111,RECV,7E007D318100073B0271004E373032392D594E51374D
06-03-2025 22:37:21.918,112,RECV,7E007D318100083302E5004E383033302D3146423726
06-03-2025 22:37:21.919,113,RECV,7E007D318100053302E9004E353033302D50424A43F9
06-03-2025 22:37:21.968,114,RECV,7E007D318100062D02C1004E363033302D5A4634511F
06-03-2025 22:37:22.390,115,RECV,7E007D318100083302E6004E383033312D443756350E
06-03-2025 22:37:22.420,116,RECV,7E007D318100053202EA004E353033312D374C345808
06-03-2025 22:37:22.420,117,RECV,7E007D318100062C02C2004E363033312D5942335520
06-03-2025 22:37:22.470,118,RECV,7E007D318100073B0273004E373033312D5841365A58
06-03-2025 22:37:22.921,119,RECV,7E007D318100083302E7004E383033322D3938363239
06-03-2025 22:37:22.921,120,RECV,7E007D318100053202EC004E353033322D515A4648DB
06-03-2025 22:37:22.971,121,RECV,7E007D318100062B02C4004E363033322D4552565AFA
06-03-2025 22:37:22.971,122,RECV,7E007D318100073B0275004E373033322D46524A5943
06-03-2025 22:37:23.422,123,RECV,7E007D318100083202EA004E383033332D395A4C5AD6
06-03-2025 22:37:23.423,124,RECV,7E007D318100053302EE004E353033332D5139574BE4
06-03-2025 22:37:23.424,125,RECV,7E007D318100062F02C5004E363033332D515336342D
06-03-2025 22:37:23.472,126,RECV,7E007D318100073C0276004E373033332D555252344E
06-03-2025 22:37:23.874,127,RECV,7E007D318100083602EB004E383033342D53423058EC
06-03-2025 22:37:23.924,128,RECV,7E007D318100053202EF004E353033342D385A4E49E6
06-03-2025 22:37:23.934,129,RECV,7E007D318100063002C6004E363033342D394955441D
06-03-2025 22:37:23.954,130,RECV,7E007D318100073A0277004E373033342D464F413471
06-03-2025 22:37:24.385,131,RECV,7E007D318100083902EC004E383033352D3937314320
06-03-2025 22:37:24.425,132,RECV,7E007D318100053802F0004E353033352D324934490F
06-03-2025 22:37:24.475,133,RECV,7E007D318100063202C7004E363033352D4842333245
06-03-2025 22:37:24.475,134,RECV,7E007D31810007400278004E373033352D595449304D
06-03-2025 22:37:24.926,135,RECV,7E007D318100083802ED004E383033362D33515552D8
06-03-2025 22:37:24.927,136,RECV,7E007D318100053702F1004E353033362D57415653C5
06-03-2025 22:37:24.947,137,RECV,7E007D318100063102C8004E363033362D4745365819
06-03-2025 22:37:24.949,138,RECV,7E007D318100073F0279004E373033362D4E3939565C
06-03-2025 22:37:25.377,139,RECV,7E007D318100083602EE004E383033372D4C424C30F9
06-03-2025 22:37:25.428,140,RECV,7E007D318100053602F2004E353033372D5137564BDC
06-03-2025 22:37:25.477,141,RECV,7E007D318100062F02C9004E363033372D34344D4E30
06-03-2025 22:37:25.483,142,RECV,7E007D318100073E027A004E373033372D39485A494D
06-03-2025 22:37:25.888,143,RECV,7E007D318100083602EF004E383033382D50425751C7
06-03-2025 22:37:25.928,144,RECV,7E007D318100053602F3004E353033382D52574654C0
06-03-2025 22:37:25.979,145,RECV,7E007D318100062F02CA004E363033382D475A513906
06-03-2025 22:37:26.430,146,RECV,7E007D318100083602F0004E383033392D555A5530CB
06-03-2025 22:37:26.434,147,RECV,7E007D318100053502F4004E353033392D59584A4BBC
06-03-2025 22:37:26.451,148,RECV,7E007D318100062F02CB004E363033392D3345483639
06-03-2025 22:37:26.461,149,RECV,7E007D318100073D027C004E373033392D4150525734
06-03-2025 22:37:26.881,150,RECV,7E007D318100083402F1004E383034302D4642454CEF
06-03-2025 22:37:26.931,151,RECV,7E007D318100053402F5004E353034302D53485057C8
06-03-2025 22:37:26.981,152,RECV,7E007D318100062E02CD004E363034302D5248554502
06-03-2025 22:37:27.011,153,RECV,7E007D318100073D0280004E373034302D364C334E6F
06-03-2025 22:37:27.382,154,RECV,7E007D318100083402F3004E383034312D4A425050D9
06-03-2025 22:37:27.432,155,RECV,7E007D318100053502F8004E353034312D4B595745C5
06-03-2025 22:37:27.483,156,RECV,7E007D318100062F02CE004E363034312D573247481B
06-03-2025 22:37:27.483,157,RECV,7E007D318100073D0281004E373034312D55464D4D3B
06-03-2025 22:37:27.934,158,RECV,7E007D318100083402F4004E383034322D35465553E0
06-03-2025 22:37:27.935,159,RECV,7E007D318100053302F9004E353034322D304E5756DA
06-03-2025 22:37:27.984,160,RECV,7E007D318100062D02CF004E363034322D444F524509
06-03-2025 22:37:27.984,161,RECV,7E007D318100073B0282004E373034322D414E52553A
06-03-2025 22:37:28.385,162,RECV,7E007D318100083302F5004E383034332D34454A52ED
06-03-2025 22:37:28.435,163,RECV,7E007D318100053302FA004E353034332D4A414451E3
06-03-2025 22:37:28.485,164,RECV,7E007D318100062C02D0004E363034332D5156543007
06-03-2025 22:37:28.485,165,RECV,7E007D318100073B0283004E373034332D4134435066
06-03-2025 22:37:28.886,166,RECV,7E007D318100083302F6004E383034342D4F424445E6
06-03-2025 22:37:28.936,167,RECV,7E007D318100053302FB004E353034342D56584D45C1
06-03-2025 22:37:28.987,168,RECV,7E007D318100062D02D1004E363034342D334E30433B
06-03-2025 22:37:28.987,169,RECV,7E007D318100073B0284004E373034342D335750533F
06-03-2025 22:37:29.388,170,RECV,7E007D318100083302F7004E383034352D3252354AFB
06-03-2025 22:37:29.438,171,RECV,7E007D318100053202FC004E353034352D3842393716
06-03-2025 22:37:29.488,172,RECV,7E007D318100062C02D2004E363034352D544F4A44FD
06-03-2025 22:37:29.488,173,RECV,7E007D318100073B0285004E373034352D4E43425146
06-03-2025 22:37:29.889,174,RECV,7E007D318100083302F8004E383034362D34535849D4
06-03-2025 22:37:29.939,175,RECV,7E007D318100053202FD004E353034362D42574446DB
06-03-2025 22:37:29.989,176,RECV,7E007D318100062C02D3004E363034362D4C4A5348FB
06-03-2025 22:37:29.989,177,RECV,7E007D318100073A0286004E373034362D5A33563452
06-03-2025 22:37:30.390,178,RECV,7E007D318100083502F9004E383034372D56353254E7
06-03-2025 22:37:30.440,179,RECV,7E007D318100053402FE004E353034372D3632584CEE
06-03-2025 22:37:30.491,180,RECV,7E007D318100062D02D4004E363034372D53494354F6
06-03-2025 22:37:30.517,181,RECV,7E007D318100073D0287004E373034372D3841364B6A
06-03-2025 22:37:30.891,182,RECV,7E007D318100083502FA004E383034382D583230300C
06-03-2025 22:37:30.941,183,RECV,7E007D31810005340201004E353034382D4534374BFB
06-03-2025 22:37:30.992,184,RECV,7E007D318100062D02D6004E363034382D4E51345003
06-03-2025 22:37:30.992,185,RECV,7E007D318100073D0289004E373034382D534D59557D33
06-03-2025 22:37:31.393,186,RECV,7E007D318100083402FE004E383034392D334B5534EB
06-03-2025 22:37:31.443,187,RECV,7E007D31810005340203004E353034392D44373554EF
06-03-2025 22:37:31.493,188,RECV,7E007D318100062D02D7004E363034392D444A51390C
06-03-2025 22:37:31.493,189,RECV,7E007D318100073C028A004E373034392D4A55475624
06-03-2025 22:37:31.894,190,RECV,7E007D318100083402FF004E383035302D55545336C7
06-03-2025 22:37:31.944,191,RECV,7E007D31810005340204004E353035302D3454424BE5
06-03-2025 22:37:31.994,192,RECV,7E007D318100062E02D8004E363035302D58583453F3
06-03-2025 22:37:32.017,193,RECV,7E007D318100073C028B004E373035302D4E4A4A572E
06-03-2025 22:37:32.395,194,RECV,7E007D31810008350201004E383035312D47505741C6
06-03-2025 22:37:32.445,195,RECV,7E007D31810005350205004E353035312D334635367D33
06-03-2025 22:37:32.496,196,RECV,7E007D318100062E02D9004E363035312D4B55344C08
06-03-2025 22:37:32.501,197,RECV,7E007D318100073D028C004E373035312D364E563159
06-03-2025 22:37:32.896,198,RECV,7E007D31810008360202004E383035322D42494331F3
06-03-2025 22:37:32.947,199,RECV,7E007D31810005350206004E353035322D5339304FEA
06-03-2025 22:37:32.997,200,RECV,7E007D318100062F02DA004E363035322D4730553326
06-03-2025 22:37:33.001,201,RECV,7E007D318100073E028D004E373035322D35594B5731
06-03-2025 22:37:33.398,202,RECV,7E007D31810008380203004E383035332D584D3253C4
06-03-2025 22:37:33.448,203,RECV,7E007D31810005370207004E353035332D4F364F48D5
06-03-2025 22:37:33.499,204,RECV,7E007D318100063002DB004E363035332D5831564CF7
06-03-2025 22:37:33.502,205,RECV,7E007D318100073F028E004E373035332D45574D4F26
06-03-2025 22:37:33.899,206,RECV,7E007D31810008380204004E383035342D46575437C4
06-03-2025 22:37:33.949,207,RECV,7E007D31810005380208004E353035342D5755384EBC
06-03-2025 22:37:33.999,208,RECV,7E007D318100063102DC004E363035342D56504E57D4
06-03-2025 22:37:34.010,209,RECV,7E007D3181000740028F004E373035342D4346314160
06-03-2025 22:37:34.400,210,RECV,7E007D31810008390205004E383035352D50435332D1
06-03-2025 22:37:34.451,211,RECV,7E007D31810005380209004E353035352D54385438D4
06-03-2025 22:37:34.501,212,RECV,7E007D318100062B02DD004E363035352D55595A59C2
06-03-2025 22:37:34.501,213,RECV,7E007D318100073A0290004E373035352D344B594443
06-03-2025 22:37:34.902,214,RECV,7E007D31810008330206004E383035362D31304C51EF
06-03-2025 22:37:34.952,215,RECV,7E007D3181000533020A004E353035362D574D4C54AB
06-03-2025 22:37:35.002,216,RECV,7E007D318100062C02DF004E363035362D4E47343620
06-03-2025 22:37:35.003,217,RECV,7E007D318100073B0294004E373035362D374E58522A
06-03-2025 22:37:35.404,218,RECV,7E007D31810008340208004E383035372D3838324106
06-03-2025 22:37:35.454,219,RECV,7E007D3181000533020D004E353035372D41303759EA
06-03-2025 22:37:35.504,220,RECV,7E007D318100062C02E0004E363035372D594E454CE5
06-03-2025 22:37:35.528,221,RECV,7E007D318100073B0295004E373035372D594E4A5412
06-03-2025 22:37:35.905,222,RECV,7E007D31810008340209004E383035382D5A4E3849BE
06-03-2025 22:37:35.955,223,RECV,7E007D3181000533020E004E353035382D384C535AB8
06-03-2025 22:37:36.005,224,RECV,7E007D318100062C02E1004E363035382D5A4F3743F8
06-03-2025 22:37:36.005,225,RECV,7E007D318100073C0296004E373035382D4330484653
06-03-2025 22:37:36.406,226,RECV,7E007D3181000834020A004E383035392D4D304931EE
06-03-2025 22:37:36.456,227,RECV,7E007D3181000533020F004E353035392D52335650BC
06-03-2025 22:37:36.507,228,RECV,7E007D318100062C02E2004E363035392D4D4C3258F6
06-03-2025 22:37:36.507,229,RECV,7E007D318100073C0297004E373035392D555138591B
06-03-2025 22:37:36.908,230,RECV,7E007D3181000834020B004E383036302D464D4250C7
06-03-2025 22:37:36.958,231,RECV,7E007D31810005330210004E353036302D59365341CB
06-03-2025 22:37:37.008,232,RECV,7E007D318100062C02E3004E363036302D365237421F
06-03-2025 22:37:37.008,233,RECV,7E007D318100073B0298004E373036302D4D394B4940
06-03-2025 22:37:37.409,234,RECV,7E007D3181000834020C004E383036312D4F513845CD
06-03-2025 22:37:37.459,235,RECV,7E007D3181000534027D31004E353036312D32523746EA
06-03-2025 22:37:37.509,236,RECV,7E007D318100062D02E4004E363036312D5145564BE6
06-03-2025 22:37:37.520,237,RECV,7E007D318100073C0299004E373036312D3644534B3F
06-03-2025 22:37:37.910,238,RECV,7E007D3181000834020D004E383036322D33464A30F5
06-03-2025 22:37:37.960,239,RECV,7E007D31810005340212004E353036322D48533137E6
06-03-2025 22:37:38.011,240,RECV,7E007D318100062C02E5004E363036322D56514A54D7
06-03-2025 22:37:38.011,241,RECV,7E007D318100073C029A004E373036322D474B30464D
06-03-2025 22:37:38.411,242,RECV,7E007D3181000834020E004E383036332D34354D4BE5
06-03-2025 22:37:38.462,243,RECV,7E007D3181000534027D33004E353036332D43453639F0
06-03-2025 22:37:38.512,244,RECV,7E007D318100062C02E6004E363036332D4C544B50DF
06-03-2025 22:37:38.517,245,RECV,7E007D318100073C029B004E373036332D364B52324E
06-03-2025 22:37:38.913,246,RECV,7E007D3181000834020F004E383036342D32554946CE
06-03-2025 22:37:38.963,247,RECV,7E007D31810005340215004E353036342D56343338EF
06-03-2025 22:37:39.013,248,RECV,7E007D318100062D02E8004E363036342D39554248FE
06-03-2025 22:37:39.063,249,RECV,7E007D318100073C029D004E373036342D334F30316D
06-03-2025 22:37:39.414,250,RECV,7E007D3181000834027D33004E383036352D4A524352AE
06-03-2025 22:37:39.464,251,RECV,7E007D31810005340217004E353036352D33434746DE
06-03-2025 22:37:39.515,252,RECV,7E007D318100062C02E9004E363036352D3152464705
06-03-2025 22:37:39.518,253,RECV,7E007D318100073C029E004E373036352D5053595200
06-03-2025 22:37:39.916,254,RECV,7E007D31810008340214004E383036362D4B385156B3
06-03-2025 22:37:39.966,255,RECV,7E007D31810005330218004E353036362D51444F44B8
06-03-2025 22:37:40.016,256,RECV,7E007D318100062C02EA004E363036362D464932480A
06-03-2025 22:37:40.026,257,RECV,7E007D318100073C029F004E373036362D49584A560B
06-03-2025 22:37:40.417,258,RECV,7E007D31810008340215004E383036372D45554330CE
06-03-2025 22:37:40.467,259,RECV,7E007D31810005330219004E353036372D52535642A1
06-03-2025 22:37:40.517,260,RECV,7E007D318100062C02EB004E363036372D54395651DD
06-03-2025 22:37:40.560,261,RECV,7E007D318100073C02A0004E373036372D4A5549550D
06-03-2025 22:37:40.918,262,RECV,7E007D31810008340216004E383036382D3239555ABF
06-03-2025 22:37:40.968,263,RECV,7E007D3181000533021A004E353036382D49474A4AB8
06-03-2025 22:37:41.018,264,RECV,7E007D318100062C02EC004E363036382D4C44393412
06-03-2025 22:37:41.029,265,RECV,7E007D318100073C02A1004E373036382D43424B4335
06-03-2025 22:37:41.419,266,RECV,7E007D31810008330217004E383036392D374C5842BB
06-03-2025 22:37:41.470,267,RECV,7E007D3181000533021B004E353036392D31355952C9
06-03-2025 22:37:41.520,268,RECV,7E007D318100062B02ED004E363036392D324E424FFD
06-03-2025 22:37:41.570,269,RECV,7E007D318100073B02A2004E373036392D3352305141
06-03-2025 22:37:41.921,270,RECV,7E007D31810008380218004E383037302D4D355A59A5
06-03-2025 22:37:41.971,271,RECV,7E007D3181000538021C004E353037302D58313346DA
06-03-2025 22:37:42.021,272,RECV,7E007D318100063002EE004E363037302D554A474FDB
06-03-2025 22:37:42.023,273,RECV,7E007D318100074002A3004E373037302D4B534F322A
06-03-2025 22:37:42.422,274,RECV,7E007D31810008380219004E383037312D4334414BD5
06-03-2025 22:37:42.472,275,RECV,7E007D3181000538021D004E353037312D59433335D6
06-03-2025 22:37:42.522,276,RECV,7E007D318100063002EF004E363037312D4C454B43EF
06-03-2025 22:37:42.533,277,RECV,7E007D318100073F02A4004E373037312D584E324F21
06-03-2025 22:37:42.923,278,RECV,7E007D3181000837021A004E383037322D4C303657CE
06-03-2025 22:37:42.973,279,RECV,7E007D3181000536021E004E353037322D4E4B564C9F
06-03-2025 22:37:43.024,280,RECV,7E007D318100063002F3004E363037322D41314D58F2
06-03-2025 22:37:43.074,281,RECV,7E007D318100073F02A7004E373037322D3859484328
06-03-2025 22:37:43.425,282,RECV,7E007D3181000837021C004E383037332D4C4A3145C8
06-03-2025 22:37:43.475,283,RECV,7E007D31810005360221004E353037332D42423157CA
06-03-2025 22:37:43.525,284,RECV,7E007D318100062E02F4004E363037332D384B4E41F7
06-03-2025 22:37:43.546,285,RECV,7E007D318100073E02A8004E373037332D4C4F333540
06-03-2025 22:37:43.926,286,RECV,7E007D3181000835021D004E383037342D544B4B46A4
06-03-2025 22:37:44.026,287,RECV,7E007D318100062E02F5004E363037342D57424A30F4
06-03-2025 22:37:44.076,288,RECV,7E007D318100073D02A9004E373037342D55304D5917
06-03-2025 22:37:44.427,289,RECV,7E007D3181000835021E004E383037352D4F395739BA
06-03-2025 22:37:44.477,290,RECV,7E007D31810005340223004E353037352D56434C37B8
06-03-2025 22:37:44.527,291,RECV,7E007D318100062D02F6004E363037352D4C46364DF1
06-03-2025 22:37:44.578,292,RECV,7E007D318100073D02AA004E373037352D473842354A
06-03-2025 22:37:44.928,293,RECV,7E007D3181000834021F004E383037362D47474C56A1
06-03-2025 22:37:44.979,294,RECV,7E007D31810005340224004E353037362D524E3647B5
06-03-2025 22:37:45.029,295,RECV,7E007D318100062D02F7004E363037362D3659554CD4
06-03-2025 22:37:45.079,296,RECV,7E007D318100073C02AB004E373037362D4B444E3230
06-03-2025 22:37:45.430,297,RECV,7E007D31810008330220004E383037372D4B4E5936A8
06-03-2025 22:37:45.480,298,RECV,7E007D31810005330225004E353037372D4A4A3532D6
06-03-2025 22:37:45.530,299,RECV,7E007D318100062C02F8004E363037372D5757564FB0
06-03-2025 22:37:45.580,300,RECV,7E007D318100073B02AC004E373037372D3059494D1F
06-03-2025 22:37:45.931,301,RECV,7E007D31810008320221004E383037382D33573830DD
06-03-2025 22:37:45.981,302,RECV,7E007D31810005330226004E353037382D5758374D9C
06-03-2025 22:37:46.031,303,RECV,7E007D318100062C02F9004E363037382D4F554B32E0
06-03-2025 22:37:46.082,304,RECV,7E007D318100073B02AD004E373037382D545135461C
06-03-2025 22:37:46.432,305,RECV,7E007D31810008330222004E383037392D55354247B9
06-03-2025 22:37:46.483,306,RECV,7E007D31810005330227004E353037392D49524C5591
06-03-2025 22:37:46.533,307,RECV,7E007D318100062C02FA004E363037392D345A594ACE
06-03-2025 22:37:46.583,308,RECV,7E007D318100073A02AE004E373037392D4746583224
06-03-2025 22:37:46.934,309,RECV,7E007D31810008320223004E383038302D58433045C4
06-03-2025 22:37:46.984,310,RECV,7E007D31810005320228004E353038302D32355A55BF
06-03-2025 22:37:47.034,311,RECV,7E007D318100062B02FD004E363038302D343737507D33
06-03-2025 22:37:47.084,312,RECV,7E007D318100073A02B2004E373038302D533933453B
06-03-2025 22:37:47.435,313,RECV,7E007D31810008330226004E383038312D56385246A9
06-03-2025 22:37:47.485,314,RECV,7E007D3181000532022A004E353038312D504E365AA4
06-03-2025 22:37:47.535,315,RECV,7E007D318100062B02FE004E363038312D3043494EF9
06-03-2025 22:37:47.585,316,RECV,7E007D318100073B02B3004E373038312D4C4E394920
06-03-2025 22:37:47.937,317,RECV,7E007D31810008380227004E383038322D59444E37A6
06-03-2025 22:37:47.987,318,RECV,7E007D3181000538022B004E353038322D434D444BAB
06-03-2025 22:37:48.037,319,RECV,7E007D318100062F02FF004E363038322D47555A4ABD
06-03-2025 22:37:48.087,320,RECV,7E007D318100073F02B4004E373038322D424D4B5804
06-03-2025 22:37:48.438,321,RECV,7E007D31810008390228004E383038332D5450444697
06-03-2025 22:37:48.488,322,RECV,7E007D3181000538022C004E353038332D5933555A8D
06-03-2025 22:37:48.538,323,RECV,7E007D31810006300201004E363038332D4C42484FD4
06-03-2025 22:37:48.939,324,RECV,7E007D31810008330229004E383038342D5131454AB8
06-03-2025 22:37:48.989,325,RECV,7E007D3181000533022D004E353038342D5852545776
06-03-2025 22:37:49.039,326,RECV,7E007D318100062B0202004E363038342D4C554A4AC7
06-03-2025 22:37:49.089,327,RECV,7E007D318100073B02B6004E373038342D4C53393529
06-03-2025 22:37:49.390,328,RECV,7E007D3181000833022A004E383038352D57305243AB
06-03-2025 22:37:49.491,329,RECV,7E007D3181000534022E004E353038352D48314757B1
06-03-2025 22:37:49.541,330,RECV,7E007D318100062C0203004E363038352D534A3133F8
06-03-2025 22:37:49.591,331,RECV,7E007D318100073B02B7004E373038352D574D4C4202
06-03-2025 22:37:49.902,332,RECV,7E007D3181000834022B004E383038362D38413931E1
06-03-2025 22:37:49.992,333,RECV,7E007D3181000533022F004E353038362D51353141CF
06-03-2025 22:37:50.042,334,RECV,7E007D318100062C0204004E363038362D30314C3515
06-03-2025 22:37:50.092,335,RECV,7E007D318100073B02B8004E373038362D3449573628
06-03-2025 22:37:50.443,336,RECV,7E007D3181000834022C004E383038372D454A4743A9
06-03-2025 22:37:50.493,337,RECV,7E007D31810005340230004E353038372D5A435A517C
06-03-2025 22:37:50.544,338,RECV,7E007D318100062C0205004E363038372D4A595531CC
06-03-2025 22:37:50.594,339,RECV,7E007D318100073C02B9004E373038372D4B4F393329
06-03-2025 22:37:50.895,340,RECV,7E007D3181000834022D004E383038382D365147579B
06-03-2025 22:37:50.995,341,RECV,7E007D31810005330232004E353038382D50434546A4
06-03-2025 22:37:51.045,342,RECV,7E007D318100062C0207004E363038382D52395434DF
06-03-2025 22:37:51.095,343,RECV,7E007D318100073C02BB004E373038382D435041477D31
06-03-2025 22:37:51.406,344,RECV,7E007D31810008340231004E383038392D4743574991
06-03-2025 22:37:51.496,345,RECV,7E007D31810005340235004E353038392D41464E5791
06-03-2025 22:37:51.546,346,RECV,7E007D318100062D0208004E363038392D4E424739DF
06-03-2025 22:37:51.596,347,RECV,7E007D318100073C02BC004E373038392D53545953D7
06-03-2025 22:37:51.947,348,RECV,7E007D31810008340232004E383039302D58464E4C8A
06-03-2025 22:37:51.997,349,RECV,7E007D31810005340236004E353039302D35374F45C4
06-03-2025 22:37:52.048,350,RECV,7E007D318100062D0209004E363039302D4E535559A7
06-03-2025 22:37:52.097,351,RECV,7E007D318100073C02BD004E373039302D4D585849EB
06-03-2025 22:37:52.398,352,RECV,7E007D31810008340233004E383039312D4A464F439E
06-03-2025 22:37:52.499,353,RECV,7E007D31810005340237004E353039312D3037454DC9
06-03-2025 22:37:52.549,354,RECV,7E007D318100062D020A004E363039312D5A4B3041DE
06-03-2025 22:37:52.599,355,RECV,7E007D318100073C02BE004E373039312D4C595857DB
06-03-2025 22:37:52.910,356,RECV,7E007D31810008340234004E383039322D5446583993
06-03-2025 22:37:53.000,357,RECV,7E007D31810005340238004E353039322D30573338CE
06-03-2025 22:37:53.050,358,RECV,7E007D318100062D020B004E363039322D48464D42D5
06-03-2025 22:37:53.100,359,RECV,7E007D318100073C02BF004E373039322D485A4D43FB
06-03-2025 22:37:53.451,360,RECV,7E007D31810008350235004E383039332D4D30565A8E
06-03-2025 22:37:53.501,361,RECV,7E007D31810005340239004E353039332D4C374B4CA4
06-03-2025 22:37:53.551,362,RECV,7E007D318100062D020C004E363039332D3345574BD6
06-03-2025 22:37:53.601,363,RECV,7E007D318100073D02C0004E373039332D47585743F1
06-03-2025 22:37:53.902,364,RECV,7E007D31810008350236004E383039342D545055338D
06-03-2025 22:37:54.003,365,RECV,7E007D3181000534023A004E353039342D3334434BC7
06-03-2025 22:37:54.053,366,RECV,7E007D318100062E020D004E363039342D5A4A51599F
06-03-2025 22:37:54.103,367,RECV,7E007D318100073D02C1004E373039342D3756424415
06-03-2025 22:37:54.404,368,RECV,7E007D31810008350237004E383039352D3047565A90
06-03-2025 22:37:54.504,369,RECV,7E007D3181000534023B004E353039352D46435138A8
06-03-2025 22:37:54.554,370,RECV,7E007D318100062E020E004E363039352D42335550D1
06-03-2025 22:37:54.604,371,RECV,7E007D318100073D02C2004E373039352D384E343933
06-03-2025 22:37:54.905,372,RECV,7E007D31810008350238004E383039362D5555473193
06-03-2025 22:37:55.005,373,RECV,7E007D3181000534023C004E353039362D394D4E499B
06-03-2025 22:37:55.055,374,RECV,7E007D318100062E0212004E363039362D495A514EA4
06-03-2025 22:37:55.106,375,RECV,7E007D318100073D02C5004E373039362D3438484F1F
06-03-2025 22:37:55.406,376,RECV,7E007D3181000835023A004E383039372D53363343B3
06-03-2025 22:37:55.507,377,RECV,7E007D3181000534023F004E353039372D32394D35C7
06-03-2025 22:37:55.557,378,RECV,7E007D318100062E027D33004E363039372D57383147DD
06-03-2025 22:37:55.607,379,RECV,7E007D318100073C02C6004E373039372D4E335857F1
06-03-2025 22:37:55.908,380,RECV,7E007D3181000835023B004E383039382D544950378C
06-03-2025 22:37:56.008,381,RECV,7E007D31810005340240004E353039382D344D4836B3
06-03-2025 22:37:56.058,382,RECV,7E007D318100062E0214004E363039382D4D5A4149B1
06-03-2025 22:37:56.108,383,RECV,7E007D318100073D02C7004E373039382D3332435323
06-03-2025 22:37:56.409,384,RECV,7E007D3181000835023C004E383039392D3954385297
06-03-2025 22:37:56.509,385,RECV,7E007D31810005340241004E353039392D335745459C
06-03-2025 22:37:56.559,386,RECV,7E007D318100062E0215004E363039392D59365342BC
06-03-2025 22:37:56.609,387,RECV,7E007D318100073D02C8004E373039392D41454D57F2
