05-04-2025 22:21:49.830,-,API2,"Sink 1,0013A20041839DB1,802.15.4 TH,2003,/dev/ttyUSB0 - 57600/8/M/1/N,1,46"

05-04-2025 22:21:25.931,0,RECV,7E000F8100001A024E343030302D4645385709
05-04-2025 22:21:25.932,1,RECV,7E000F81000022024E333030312D59365736FF
05-04-2025 22:21:25.933,2,RECV,7E007D3181F9DF1B020C004E313030312D5448314C27
05-04-2025 22:21:25.934,3,RECV,7E007D338100001E000BFFFFFFFFFFFFFFFF0000005348C2
05-04-2025 22:21:25.934,4,RECV,7E007D338100001A000AFFFFFFFFFFFFFFFF0000005348C7
05-04-2025 22:21:25.935,5,RECV,7E000F81000022024E333030332D5336493314
05-04-2025 22:21:25.981,6,RECV,7E000F8100001A024E343030312D43304D4D15
05-04-2025 22:21:25.982,7,RECV,7E000F81000022024E333030342D34544452FA
05-04-2025 22:21:25.982,8,RECV,7E007D3381000022000EFFFFFFFFFFFFFFFF0000005348BB
05-04-2025 22:21:25.982,9,RECV,7E000F81000022024E333030352D5A55324DE9
05-04-2025 22:21:25.982,10,RECV,7E000F81000022024E333030362D494E394AFC
05-04-2025 22:21:25.982,11,RECV,7E000F8100001A024E343030322D5059454DE6
05-04-2025 22:21:25.982,12,RECV,7E000F8100001A024E343030332D50543457F1
05-04-2025 22:21:26.003,13,RECV,7E000F81000022024E333030372D56473547FC
05-04-2025 22:21:26.019,14,RECV,7E000F8100001A024E343030342D364C374125
05-04-2025 22:21:26.019,15,RECV,7E000F8100001F024E323030322D59545335E9
05-04-2025 22:21:26.019,16,RECV,7E000F8100001F024E323030332D454A544FEB
05-04-2025 22:21:26.031,17,RECV,7E000F8100001A024E343030352D365153390B
05-04-2025 22:21:26.032,18,RECV,7E000F8100001A024E343030362D325352357D31
05-04-2025 22:21:26.032,19,RECV,7E007D3181F9DF1C020D004E313030322D44595356F7
05-04-2025 22:21:26.082,20,RECV,7E000F8100001A024E343030372D3252415007
05-04-2025 22:21:26.082,21,RECV,7E000F81000023024E333030382D4142365A00
05-04-2025 22:21:26.122,22,RECV,7E007D3181F9DF1C020E004E313030332D57504C4602
05-04-2025 22:21:26.142,23,RECV,7E000F8100001F024E323030352D45525442EE
05-04-2025 22:21:26.178,24,RECV,7E000F8100001F024E323030362D4839325314
05-04-2025 22:21:26.178,25,RECV,7E007D3181F9DF1C020F004E313030342D58525A46EF
05-04-2025 22:21:26.178,26,RECV,7E000F8100001F024E323030372D494F5550DC
05-04-2025 22:21:26.178,27,RECV,7E000F81000023024E333030392D4F395839F9
05-04-2025 22:21:26.178,28,RECV,7E007D3181F9DF1C0210004E313030352D524F47440B
05-04-2025 22:21:26.179,29,RECV,7E000F81000022024E333031302D4D593741FD
05-04-2025 22:21:26.179,30,RECV,7E000F8100001A024E343030382D384E4E53F4
05-04-2025 22:21:26.182,31,RECV,7E000F8100001A024E343030392D54325642FC
05-04-2025 22:21:26.182,32,RECV,7E007D3181F9DF1C027D31004E313030362D54515741F8
05-04-2025 22:21:26.182,33,RECV,7E000F8100001A024E343031302D46504557F0
05-04-2025 22:21:26.182,34,RECV,7E000F81000022024E333031312D323456421C
05-04-2025 22:21:26.182,35,RECV,7E000F81000022024E333031322D3342443828
05-04-2025 22:21:26.182,36,RECV,7E000F8100001A024E343031312D32565546FE
05-04-2025 22:21:26.192,37,RECV,7E000F81000020024E323030382D4F375757E3
05-04-2025 22:21:26.192,38,RECV,7E000F81000020024E323030392D5933374E05
05-04-2025 22:21:26.192,39,RECV,7E000F8100001A024E343031322D354F49391A
05-04-2025 22:21:26.232,40,RECV,7E000F81000022024E333031332D55535441DB
05-04-2025 22:21:26.232,41,RECV,7E000F81000020024E323031302D374C5454F3
05-04-2025 22:21:26.232,42,RECV,7E007D3181F9DF1C0212004E313030372D3138423256
05-04-2025 22:21:26.232,43,RECV,7E007D3181F9DF1C027D33004E313030382D5837414E7D33
05-04-2025 22:21:26.232,44,RECV,7E000F8100001A024E343031332D57565246DA
05-04-2025 22:21:26.253,45,RECV,7E000F81000020024E323031312D52575338E9
05-04-2025 22:21:26.282,46,RECV,7E000F8100001B024E343031342D4E465452E3
05-04-2025 22:21:26.302,47,RECV,7E000F8100001B024E343031352D325453327D31
05-04-2025 22:21:26.332,48,RECV,7E007D3181F9DF1C0214004E313030392D50475844FC
05-04-2025 22:21:26.333,49,RECV,7E007D3181F9DF1C0215004E313031302D43504A4910
05-04-2025 22:21:26.333,50,RECV,7E000F81000022024E333031342D424F4850EE
05-04-2025 22:21:26.343,51,RECV,7E000F8100001B024E343031362D31415957F9
05-04-2025 22:21:26.382,52,RECV,7E000F8100001B024E343031372D34334D4D19
05-04-2025 22:21:26.382,53,RECV,7E000F81000022024E333031352D58453350F6
05-04-2025 22:21:26.393,54,RECV,7E000F8100001B024E343031382D4C394D3017
05-04-2025 22:21:26.393,55,RECV,7E000F81000020024E323031332D46575754D3
05-04-2025 22:21:26.393,56,RECV,7E000F8100001F024E323031342D44563452FB
05-04-2025 22:21:26.393,57,RECV,7E000F81000022024E333031372D4D594A43E1
05-04-2025 22:21:26.413,58,RECV,7E000F8100001B024E343031392D56485948D9
05-04-2025 22:21:26.428,59,RECV,7E007D3181F9DF1C0216004E313031312D5435454D19
05-04-2025 22:21:26.428,60,RECV,7E000F81000022024E333031382D3335315228
05-04-2025 22:21:26.432,61,RECV,7E000F81000020024E323031352D5347453307
05-04-2025 22:21:26.443,62,RECV,7E000F8100001B024E343032302D3053444A0F
05-04-2025 22:21:26.453,63,RECV,7E007D3181F9DF1C0217004E313031322D4F56534BEF
05-04-2025 22:21:26.500,64,RECV,7E000F81000020024E323031362D55413957F2
05-04-2025 22:21:26.501,65,RECV,7E007D3181F9DF1C0218004E313031332D4357455100
05-04-2025 22:21:26.501,66,RECV,7E007D3181F9DF1C0219004E313031342D4741453829
05-04-2025 22:21:26.501,67,RECV,7E007D3181F9DF1C021A004E313031352D374D44392B
05-04-2025 22:21:26.525,68,RECV,7E000F8100001F024E323031382D3635415615
05-04-2025 22:21:26.525,69,RECV,7E000F81000022024E333032302D434C4E50ED
05-04-2025 22:21:26.525,70,RECV,7E007D3181F9DF1C021B004E313031362D4A594946F8
05-04-2025 22:21:26.525,71,RECV,7E007D3181F9DF1C021C004E313031372D35534C4E06
05-04-2025 22:21:26.533,72,RECV,7E000F81000022024E333032312D4F3247371A
05-04-2025 22:21:26.583,73,RECV,7E007D3181F9DF1C021D004E313031382D493051302C
05-04-2025 22:21:26.603,74,RECV,7E000F8100001A024E343032312D4A4C464400
05-04-2025 22:21:26.634,75,RECV,7E000F8100001A024E343032322D4E514E3200
05-04-2025 22:21:26.634,76,RECV,7E000F81000022024E333032322D4F305658EB
05-04-2025 22:21:26.634,77,RECV,7E000F8100001F024E323031392D59395445EB
05-04-2025 22:21:26.643,78,RECV,7E007D3181F9DF1C021E004E313031392D54525648E0
05-04-2025 22:21:26.683,79,RECV,7E000F81000020024E323032302D573130570E
05-04-2025 22:21:26.683,80,RECV,7E000F81000020024E323032312D49304F417D33
05-04-2025 22:21:26.683,81,RECV,7E000F81000020024E323032322D334154460D
05-04-2025 22:21:26.693,82,RECV,7E007D3181F9DF1C021F004E313032302D364D445A0A
05-04-2025 22:21:26.693,83,RECV,7E000F81000020024E323032332D454255330B
05-04-2025 22:21:26.704,84,RECV,7E007D3181F9DF1C0220004E313032312D325045481A
05-04-2025 22:21:26.704,85,RECV,7E000F8100001A024E343032332D57554C5ACC
05-04-2025 22:21:26.724,86,RECV,7E000F81000020024E323032342D335551320E
05-04-2025 22:21:26.760,87,RECV,7E000F8100001A024E343032342D333945597D33
05-04-2025 22:21:26.770,88,RECV,7E000F81000020024E323032352D383054411B
05-04-2025 22:21:26.783,89,RECV,7E007D3181F9DF1C0221004E313032322D565A5459CA
05-04-2025 22:21:26.796,90,RECV,7E007D3181F9DF1C0222004E313032332D483043577D33
05-04-2025 22:21:26.797,91,RECV,7E000F81000022024E333032342D514F5735EA
05-04-2025 22:21:26.797,92,RECV,7E000F81000022024E333032352D374D334816
05-04-2025 22:21:26.797,93,RECV,7E000F81000022024E333032362D4E4B4141F9
05-04-2025 22:21:26.797,94,RECV,7E000F8100001A024E343032352D4B585A47D8
05-04-2025 22:21:26.797,95,RECV,7E000F81000020024E323032362D414C465AEA
05-04-2025 22:21:26.797,96,RECV,7E007D3181F9DF1C0223004E313032342D304E393339
05-04-2025 22:21:26.804,97,RECV,7E000F81000022024E333032382D55584358CA
05-04-2025 22:21:26.804,98,RECV,7E000F8100001B024E343032362D4E36564BF5
05-04-2025 22:21:26.834,99,RECV,7E000F81000020024E323032372D4F58343407
05-04-2025 22:21:26.834,100,RECV,7E000F81000020024E323032382D50524943E7
05-04-2025 22:21:26.834,101,RECV,7E000F81000022024E333032392D5235313524
05-04-2025 22:21:26.855,102,RECV,7E007D3181F9DF1C0224004E313032352D4F51333717
05-04-2025 22:21:26.855,103,RECV,7E000F81000020024E323032392D45414C47FB
05-04-2025 22:21:26.855,104,RECV,7E007D3181F9DF1C0225004E313032362D4656435AE6
05-04-2025 22:21:26.884,105,RECV,7E000F81000022024E333033302D5A394D45F4
05-04-2025 22:21:26.906,106,RECV,7E000F8100001B024E343032372D4F513953ED
05-04-2025 22:21:26.906,107,RECV,7E007D3181F9DF1C0226004E313032372D43595750DA
05-04-2025 22:21:26.906,108,RECV,7E000F81000022024E333033312D51315946F7
05-04-2025 22:21:26.934,109,RECV,7E000F81000022024E333033322D3532414926
05-04-2025 22:21:26.949,110,RECV,7E000F81000020024E323033302D4B414C55EF
05-04-2025 22:21:26.949,111,RECV,7E007D3181F9DF1C0227004E313032382D56425555D9
05-04-2025 22:21:26.949,112,RECV,7E000F8100001B024E343032382D35364A342F
05-04-2025 22:21:26.949,113,RECV,7E000F8100001F024E323033312D58455943E3
05-04-2025 22:21:26.949,114,RECV,7E000F81000020024E323033322D474B413017
05-04-2025 22:21:26.949,115,RECV,7E000F8100001B024E343032392D58554437EF
05-04-2025 22:21:26.954,116,RECV,7E007D3181F9DF1C0228004E313032392D4C545152D6
05-04-2025 22:21:26.954,117,RECV,7E000F81000020024E323033332D42564D4DE7
05-04-2025 22:21:26.955,118,RECV,7E000F8100001B024E343033302D4A394F4B02
05-04-2025 22:21:26.955,119,RECV,7E000F8100001B024E343033312D424A31530E
05-04-2025 22:21:26.955,120,RECV,7E007D3181F9DF1C0229004E313033302D514D5351DE
05-04-2025 22:21:26.955,121,RECV,7E000F81000022024E333033332D423146411C
05-04-2025 22:21:26.984,122,RECV,7E000F81000020024E323033342D4E504743F0
05-04-2025 22:21:27.034,123,RECV,7E000F8100001A024E343033322D4558504BE6
05-04-2025 22:21:27.058,124,RECV,7E007D3181F9DF1C022A004E313033312D413355480D
05-04-2025 22:21:27.058,125,RECV,7E000F81000022024E333033342D584D3454E8
05-04-2025 22:21:27.084,126,RECV,7E000F8100001A024E343033332D5032354521
05-04-2025 22:21:27.100,127,RECV,7E000F81000022024E333033362D43385655ED
05-04-2025 22:21:27.100,128,RECV,7E007D3181F9DF1C022B004E313033322D56425530FF
05-04-2025 22:21:27.134,129,RECV,7E000F81000022024E333033372D3858383515
05-04-2025 22:21:27.135,130,RECV,7E007D3181F9DF1C022C004E313033332D4954464CEB
05-04-2025 22:21:27.135,131,RECV,7E007D3181F9DF1C022D004E313033342D354E484706
05-04-2025 22:21:27.135,132,RECV,7E000F8100001A024E343033342D494F3752FB
05-04-2025 22:21:27.135,133,RECV,7E000F8100001A024E343033352D5855434CDF
05-04-2025 22:21:27.136,134,RECV,7E000F8100001F024E323033352D565A4647DB
05-04-2025 22:21:27.136,135,RECV,7E000F81000022024E333033392D53544358CE
05-04-2025 22:21:27.185,136,RECV,7E000F8100001A024E343033362D434A363324
05-04-2025 22:21:27.219,137,RECV,7E000F81000020024E323033362D564F5335E9
05-04-2025 22:21:27.252,138,RECV,7E007D3181F9DF1C022E004E313033352D53553445F5
05-04-2025 22:21:27.252,139,RECV,7E000F8100001A024E343033372D51394C48FB
05-04-2025 22:21:27.252,140,RECV,7E000F81000020024E323033372D574B5444DB
05-04-2025 22:21:27.252,141,RECV,7E000F81000022024E333034302D4E553746F8
05-04-2025 22:21:27.252,142,RECV,7E000F81000022024E333034312D4338373431
05-04-2025 22:21:27.252,143,RECV,7E000F81000020024E323033382D49535531F2
05-04-2025 22:21:27.252,144,RECV,7E007D3181F9DF1C022F004E313033362D55483454EF
05-04-2025 22:21:27.252,145,RECV,7E000F8100001A024E343033382D3143354B24
05-04-2025 22:21:27.252,146,RECV,7E007D3181F9DF1C0230004E313033372D47574C57D1
05-04-2025 22:21:27.253,147,RECV,7E000F8100001A024E343033392D484F3353FA
05-04-2025 22:21:27.253,148,RECV,7E007D3181F9DF1C0231004E313033382D324B304E15
05-04-2025 22:21:27.253,149,RECV,7E000F81000020024E323033392D354F544BF0
05-04-2025 22:21:27.253,150,RECV,7E000F81000022024E333034322D59394949F2
05-04-2025 22:21:27.285,151,RECV,7E000F8100001B024E343034302D394352440C
05-04-2025 22:21:27.285,152,RECV,7E000F81000020024E323034302D5A595857B9
05-04-2025 22:21:27.285,153,RECV,7E000F81000020024E323034312D57305050F3
05-04-2025 22:21:27.285,154,RECV,7E000F8100001B024E343034312D5053554FD6
05-04-2025 22:21:27.285,155,RECV,7E007D3181F9DF1C0232004E313033392D354446321D
05-04-2025 22:21:27.285,156,RECV,7E000F81000020024E323034332D4A33303536
05-04-2025 22:21:27.285,157,RECV,7E007D3181F9DF1C0233004E313034302D324E4657F8
05-04-2025 22:21:27.326,158,RECV,7E000F81000020024E323034342D4635594201
05-04-2025 22:21:27.326,159,RECV,7E007D3181F9DF1C0234004E313034312D314F315909
05-04-2025 22:21:27.326,160,RECV,7E000F8100001B024E343034322D4C455459DE
05-04-2025 22:21:27.326,161,RECV,7E007D3181F9DF1C0235004E313034322D42554144F5
05-04-2025 22:21:27.326,162,RECV,7E000F81000020024E323034352D45594F32F7
05-04-2025 22:21:27.326,163,RECV,7E007D3181F9DF1C0236004E313034332D3832544908
05-04-2025 22:21:27.326,164,RECV,7E000F81000022024E333034332D464E495ADE
05-04-2025 22:21:27.385,165,RECV,7E007D3181F9DF1C0237004E313034342D44564B37F1
05-04-2025 22:21:27.429,166,RECV,7E000F81000022024E333034342D444B5543ED
05-04-2025 22:21:27.429,167,RECV,7E000F8100001B024E343034332D324E5350F8
05-04-2025 22:21:27.429,168,RECV,7E007D3181F9DF1C0238004E313034352D41524833FD
05-04-2025 22:21:27.435,169,RECV,7E000F8100001B024E343034342D44584E34FC
05-04-2025 22:21:27.435,170,RECV,7E000F81000022024E333034352D44315750F7
05-04-2025 22:21:27.435,171,RECV,7E000F8100001B024E343034352D4B37524104
05-04-2025 22:21:27.435,172,RECV,7E000F8100001B024E343034362D4F305748FA
05-04-2025 22:21:27.435,173,RECV,7E000F81000022024E333034362D3237395719
05-04-2025 22:21:27.435,174,RECV,7E000F81000020024E323034362D504D4749E8
05-04-2025 22:21:27.435,175,RECV,7E000F81000022024E333034372D46413457FF
05-04-2025 22:21:27.445,176,RECV,7E007D3181F9DF1C0239004E313034362D4F4E4C56CA
05-04-2025 22:21:27.446,177,RECV,7E000F81000020024E323034372D4B3532451D
05-04-2025 22:21:27.485,178,RECV,7E000F81000022024E333034382D5A315449E8
05-04-2025 22:21:27.485,179,RECV,7E000F8100001F024E323034382D595A4755C5
05-04-2025 22:21:27.485,180,RECV,7E000F8100001F024E323034392D51553659DE
05-04-2025 22:21:27.485,181,RECV,7E000F8100001B024E343034372D534F334101
05-04-2025 22:21:27.535,182,RECV,7E000F81000022024E333034392D3549345904
05-04-2025 22:21:27.565,183,RECV,7E000F8100001F024E323035302D4F34324D19
05-04-2025 22:21:27.565,184,RECV,7E007D3181F9DF1C023A004E313034372D354B4A45F8
05-04-2025 22:21:27.565,185,RECV,7E007D3181F9DF1C023B004E313034382D463539430E
05-04-2025 22:21:27.565,186,RECV,7E000F8100001A024E343034382D43384B4110
05-04-2025 22:21:27.585,187,RECV,7E007D3181F9DF1C023C004E313034392D59594945C3
05-04-2025 22:21:27.585,188,RECV,7E000F81000022024E333035302D424352360A
05-04-2025 22:21:27.585,189,RECV,7E007D3181F9DF1C023D004E313035302D45595731E4
05-04-2025 22:21:27.585,190,RECV,7E000F81000022024E333035312D394836421D
05-04-2025 22:21:27.636,191,RECV,7E000F81000022024E333035322D4432364623
05-04-2025 22:21:27.636,192,RECV,7E000F81000019024E343034392D36574C47F7
05-04-2025 22:21:27.636,193,RECV,7E000F81000020024E323035312D3849384A16
05-04-2025 22:21:27.637,194,RECV,7E007D3181F9DF1C023F004E313035322D4B494A31F7
05-04-2025 22:21:27.637,195,RECV,7E000F81000020024E323035322D58565833DF
05-04-2025 22:21:27.637,196,RECV,7E000F81000020024E323035332D50533145FE
05-04-2025 22:21:27.638,197,RECV,7E000F81000022024E333035332D3154503906
05-04-2025 22:21:27.638,198,RECV,7E000F81000020024E323035342D484E4551EA
05-04-2025 22:21:27.638,199,RECV,7E000F8100001A024E343035302D4B415648F4
05-04-2025 22:21:27.638,200,RECV,7E000F81000022024E333035342D48575336EB
05-04-2025 22:21:27.649,201,RECV,7E000F81000019024E343035312D573433322E
05-04-2025 22:21:27.672,202,RECV,7E000F8100001A024E343035322D4E3150410C
05-04-2025 22:21:27.710,203,RECV,7E007D3181F9DF1C0240004E313035332D39564D31F7
05-04-2025 22:21:27.715,204,RECV,7E000F81000022024E333035362D3334555500
05-04-2025 22:21:27.715,205,RECV,7E000F81000020024E323035372D494A483404
05-04-2025 22:21:27.715,206,RECV,7E007D3181F9DF1C0241004E313035342D314B314F06
05-04-2025 22:21:27.715,207,RECV,7E000F81000020024E323035382D323449392A
05-04-2025 22:21:27.715,208,RECV,7E000F8100001A024E343035332D44314F391E
05-04-2025 22:21:27.715,209,RECV,7E000F81000020024E323035392D55575039DC
05-04-2025 22:21:27.715,210,RECV,7E000F8100001A024E343035342D5351365AE6
05-04-2025 22:21:27.715,211,RECV,7E007D3181F9DF1C0242004E313035352D4B4330380A
05-04-2025 22:21:27.736,212,RECV,7E000F8100001A024E343035352D494A514BEA
05-04-2025 22:21:27.756,213,RECV,7E007D3181F9DF1C0243004E313035362D504E524DC1
05-04-2025 22:21:27.757,214,RECV,7E000F8100001A024E343035362D394D30570B
05-04-2025 22:21:27.757,215,RECV,7E000F8100001F024E323036302D434331507D33
05-04-2025 22:21:27.757,216,RECV,7E000F8100001B024E343035372D304D593808
05-04-2025 22:21:27.758,217,RECV,7E000F81000022024E333035372D4D584F59C3
05-04-2025 22:21:27.786,218,RECV,7E007D3181F9DF1C0244004E313035372D4A365459CF
05-04-2025 22:21:27.786,219,RECV,7E000F8100001F024E323036322D45465853E2
05-04-2025 22:21:27.836,220,RECV,7E000F8100001B024E343035382D4C485342EC
05-04-2025 22:21:27.855,221,RECV,7E000F81000020024E323036332D383245567D31
05-04-2025 22:21:27.855,222,RECV,7E007D3181F9DF1C0245004E313035382D51504B4BC3
05-04-2025 22:21:27.856,223,RECV,7E007D3181F9DF1C0246004E313035392D5635444EDB
05-04-2025 22:21:27.856,224,RECV,7E000F81000022024E333035382D315734440F
05-04-2025 22:21:27.856,225,RECV,7E000F81000020024E323036342D453749410F
05-04-2025 22:21:27.887,226,RECV,7E000F81000022024E333035392D4F33314E0D
05-04-2025 22:21:27.887,227,RECV,7E000F8100001A024E343036302D384B4F4506
05-04-2025 22:21:27.887,228,RECV,7E000F81000020024E323036352D4C434F50E6
05-04-2025 22:21:27.887,229,RECV,7E000F81000022024E333036312D3053494405
05-04-2025 22:21:27.887,230,RECV,7E000F8100001B024E343036312D39535057E8
05-04-2025 22:21:27.887,231,RECV,7E000F81000022024E333036322D545A4C4DCD
05-04-2025 22:21:27.887,232,RECV,7E000F81000022024E333036332D374C4E44FE
05-04-2025 22:21:27.887,233,RECV,7E000F8100001B024E343036322D343343551B
05-04-2025 22:21:27.936,234,RECV,7E000F8100001B024E343036332D4237364426
05-04-2025 22:21:27.936,235,RECV,7E000F8100001F024E323036362D37535536FF
05-04-2025 22:21:27.936,236,RECV,7E000F81000022024E333036342D50553837FE
05-04-2025 22:21:27.937,237,RECV,7E007D3181F9DF1C0248004E313036312D52464331F1
05-04-2025 22:21:27.937,238,RECV,7E000F8100001B024E343036342D4D4C394303
05-04-2025 22:21:27.937,239,RECV,7E007D3181F9DF1C0249004E313036322D4850594EBC
05-04-2025 22:21:27.937,240,RECV,7E000F8100001B024E343036352D4D31494D03
05-04-2025 22:21:27.937,241,RECV,7E000F8100001F024E323036372D44594D4DDC
05-04-2025 22:21:27.937,242,RECV,7E007D3181F9DF1C024A004E313036332D425A364DDA
05-04-2025 22:21:27.947,243,RECV,7E000F81000022024E333036362D514D5051D1
05-04-2025 22:21:27.947,244,RECV,7E000F8100001B024E343036362D3258343127
05-04-2025 22:21:27.947,245,RECV,7E000F8100001B024E343036372D4935444B08
05-04-2025 22:21:27.986,246,RECV,7E000F8100001B024E343036382D5833523403
05-04-2025 22:21:27.989,247,RECV,7E000F81000022024E333036372D53464D47E2
05-04-2025 22:21:27.989,248,RECV,7E007D3181F9DF1C024B004E313036342D374D4F55CF
05-04-2025 22:21:28.036,249,RECV,7E007D3181F9DF1C024C004E313036352D4F335736E6
05-04-2025 22:21:28.038,250,RECV,7E000F81000022024E333036382D56305932FD
05-04-2025 22:21:28.038,251,RECV,7E000F8100001A024E343036392D4E455345E9
05-04-2025 22:21:28.038,252,RECV,7E000F8100001F024E323036382D4F553558E1
05-04-2025 22:21:28.038,253,RECV,7E000F81000022024E333036392D364D5143F6
05-04-2025 22:21:28.038,254,RECV,7E000F81000022024E333037302D50334254FC
05-04-2025 22:21:28.047,255,RECV,7E000F81000022024E333037312D4F32384F0C
05-04-2025 22:21:28.047,256,RECV,7E000F81000022024E333037322D5032434608
05-04-2025 22:21:28.087,257,RECV,7E000F8100001A024E343037302D54574C32F3
05-04-2025 22:21:28.087,258,RECV,7E000F8100001A024E343037312D31394C481D
05-04-2025 22:21:28.137,259,RECV,7E000F8100001F024E323036392D53333755FF
05-04-2025 22:21:28.137,260,RECV,7E000F8100001F024E323037302D54534E5ACA
05-04-2025 22:21:28.137,261,RECV,7E000F81000022024E333037332D50583743F0
05-04-2025 22:21:28.137,262,RECV,7E000F81000022024E333037342D44334A410F
05-04-2025 22:21:28.137,263,RECV,7E000F81000022024E333037352D5337343919
05-04-2025 22:21:28.137,264,RECV,7E007D3181F9DF1C024D004E313036362D384F5641D5
05-04-2025 22:21:28.137,265,RECV,7E000F81000022024E333037362D3243313237
05-04-2025 22:21:28.137,266,RECV,7E000F81000022024E333037372D4F513248F4
05-04-2025 22:21:28.178,267,RECV,7E000F8100001A024E343037322D524F4C45E8
05-04-2025 22:21:28.181,268,RECV,7E007D3181F9DF1C024E004E313036372D56364C32E7
05-04-2025 22:21:28.181,269,RECV,7E000F8100001A024E343037332D524A5555D3
05-04-2025 22:21:28.181,270,RECV,7E000F81000022024E333037382D54494F49D8
05-04-2025 22:21:28.188,271,RECV,7E000F81000022024E333037392D3845424EFF
05-04-2025 22:21:28.188,272,RECV,7E000F81000022024E333038302D394341467D31
05-04-2025 22:21:28.198,273,RECV,7E000F8100001F024E323037312D544A594DD4
05-04-2025 22:21:28.218,274,RECV,7E007D3181F9DF1C024F004E313036382D514F5337C5
05-04-2025 22:21:28.218,275,RECV,7E000F8100001A024E343037342D3036414E23
05-04-2025 22:21:28.287,276,RECV,7E000F8100001B024E343037352D47554B30FF
05-04-2025 22:21:28.296,277,RECV,7E000F8100001B024E343037362D4A543157EF
05-04-2025 22:21:28.296,278,RECV,7E000F8100001B024E343037372D4D4744320A
05-04-2025 22:21:28.296,279,RECV,7E007D3181F9DF1C0250004E313036392D47465633D7
05-04-2025 22:21:28.296,280,RECV,7E000F8100001B024E343037382D545A494ECE
05-04-2025 22:21:28.296,281,RECV,7E000F81000022024E333038322D4F505254CD
05-04-2025 22:21:28.337,282,RECV,7E000F8100001F024E323037322D453053420D
05-04-2025 22:21:28.341,283,RECV,7E000F8100001F024E323037332D354743381F
05-04-2025 22:21:28.341,284,RECV,7E000F8100001B024E343037392D5631375AFA
05-04-2025 22:21:28.387,285,RECV,7E000F8100001B024E343038312D4849333322
05-04-2025 22:21:28.387,286,RECV,7E007D3181F9DF1C0252004E313037312D4D49564EB8
05-04-2025 22:21:28.387,287,RECV,7E000F8100001B024E343038322D303034483C
05-04-2025 22:21:28.387,288,RECV,7E007D3181F9DF1C0253004E313037322D515A3153C1
05-04-2025 22:21:28.388,289,RECV,7E000F8100001B024E343038332D56523149F5
05-04-2025 22:21:28.388,290,RECV,7E000F8100001B024E343038342D47524959DB
05-04-2025 22:21:28.388,291,RECV,7E000F81000022024E333038342D484F5635EE
05-04-2025 22:21:28.437,292,RECV,7E000F8100001B024E343038352D444D4A3307
05-04-2025 22:21:28.438,293,RECV,7E000F8100001F024E323037342D4132495603
05-04-2025 22:21:28.438,294,RECV,7E000F8100001B024E343038362D4647553002
05-04-2025 22:21:28.438,295,RECV,7E007D3181F9DF1C0254004E313037332D484D374DD5
05-04-2025 22:21:28.438,296,RECV,7E007D3181F9DF1C0255004E313037342D52563146CD
05-04-2025 22:21:28.487,297,RECV,7E007D3181F9DF1C0256004E313037352D58443544D5
05-04-2025 22:21:28.488,298,RECV,7E007D3181F9DF1C0257004E313037362D474E4751BB
05-04-2025 22:21:28.488,299,RECV,7E000F8100001B024E343038372D4357445ADB
05-04-2025 22:21:28.488,300,RECV,7E000F8100001B024E343038382D51565051CA
05-04-2025 22:21:28.488,301,RECV,7E000F8100001B024E343038392D5337454DF5
05-04-2025 22:21:28.528,302,RECV,7E007D3181F9DF1C0258004E313037372D30473659E0
05-04-2025 22:21:28.532,303,RECV,7E000F81000022024E333038362D57314E44F4
05-04-2025 22:21:28.532,304,RECV,7E000F8100001F024E323037352D58554B34E8
05-04-2025 22:21:28.532,305,RECV,7E000F8100001A024E343039302D5A4E5449D5
05-04-2025 22:21:28.533,306,RECV,7E000F8100001A024E343039312D3249413726
05-04-2025 22:21:28.538,307,RECV,7E007D3181F9DF1B0259004E313037382D4C4E4443C4
05-04-2025 22:21:28.588,308,RECV,7E000F81000022024E333038372D4830315A0A
05-04-2025 22:21:28.605,309,RECV,7E000F8100001F024E323037372D463733550D
05-04-2025 22:21:28.638,310,RECV,7E000F81000019024E343039322D4B4541357D33
05-04-2025 22:21:28.638,311,RECV,7E007D3181F9DF1C025A004E313037392D4B5A4943B1
05-04-2025 22:21:28.638,312,RECV,7E000F8100001E024E323037392D3651494BF6
05-04-2025 22:21:28.638,313,RECV,7E000F8100001F024E323038302D36344D4E7D33
05-04-2025 22:21:28.648,314,RECV,7E000F8100001F024E323038312D4C31445501
05-04-2025 22:21:28.648,315,RECV,7E000F81000022024E333038392D4438544FEC
05-04-2025 22:21:28.688,316,RECV,7E000F81000022024E333039302D4439504303
05-04-2025 22:21:28.688,317,RECV,7E000F81000022024E333039312D42415058E7
05-04-2025 22:21:28.738,318,RECV,7E000F8100001A024E343039332D584D4643E9
05-04-2025 22:21:28.755,319,RECV,7E000F81000022024E333039322D52504D33EF
05-04-2025 22:21:28.755,320,RECV,7E007D3181F9DF1C025B004E313038302D3849353102
05-04-2025 22:21:28.755,321,RECV,7E000F81000022024E333039332D344757340A
05-04-2025 22:21:28.780,322,RECV,7E000F81000020024E323038332D4C3145470B
05-04-2025 22:21:28.789,323,RECV,7E000F81000020024E323038342D4A4E4E52DB
05-04-2025 22:21:28.789,324,RECV,7E000F81000020024E323038352D5230384414
05-04-2025 22:21:28.789,325,RECV,7E000F81000020024E323038362D5053363305
05-04-2025 22:21:28.790,326,RECV,7E000F81000020024E323038372D5134414307
05-04-2025 22:21:28.790,327,RECV,7E000F81000022024E333039342D59493055E8
05-04-2025 22:21:28.790,328,RECV,7E000F8100001A024E343039342D594F3856E0
05-04-2025 22:21:28.790,329,RECV,7E000F81000020024E323038392D4643323122
05-04-2025 22:21:28.790,330,RECV,7E000F81000020024E323039302D59414853E1
05-04-2025 22:21:28.790,331,RECV,7E000F8100001B024E343039352D52565647CF
05-04-2025 22:21:28.790,332,RECV,7E007D3181F9DF1C025C004E313038312D49465A53AB
05-04-2025 22:21:28.839,333,RECV,7E000F81000022024E333039352D52523447EF
05-04-2025 22:21:28.839,334,RECV,7E000F8100001B024E343039362D5247433304
05-04-2025 22:21:28.839,335,RECV,7E000F81000022024E333039362D4D32304C12
05-04-2025 22:21:28.859,336,RECV,7E000F8100001B024E343039372D4D345847F2
05-04-2025 22:21:28.862,337,RECV,7E000F81000022024E333039372D455232340F
05-04-2025 22:21:28.862,338,RECV,7E007D3181F9DF1C025D004E313038322D334B4148DE
05-04-2025 22:21:28.862,339,RECV,7E000F81000020024E323039312D57435A34ED
05-04-2025 22:21:28.862,340,RECV,7E000F81000022024E333039382D4154374DF2
05-04-2025 22:21:28.889,341,RECV,7E000F8100001F024E323039322D5753344FE8
05-04-2025 22:21:28.900,342,RECV,7E000F81000022024E333039392D39445651E6
05-04-2025 22:21:28.939,343,RECV,7E007D3181F9DF1C025E004E313038332D575054598F
05-04-2025 22:21:28.947,344,RECV,7E000F8100001F024E323039332D584D363405
05-04-2025 22:21:28.948,345,RECV,7E000F8100001B024E343039382D4D435A33F4
05-04-2025 22:21:28.948,346,RECV,7E000F8100001F024E323039342D304F4459F7
05-04-2025 22:21:28.948,347,RECV,7E000F8100001B024E343039392D57395244EA
05-04-2025 22:21:28.948,348,RECV,7E007D3181F9DF1C025F004E313038342D4A413753CC
05-04-2025 22:21:28.948,349,RECV,7E007D3181F9DF1C0260004E313038352D52304949CB
05-04-2025 22:21:28.989,350,RECV,7E007D3181F9DF1C0261004E313038362D45453045DE
05-04-2025 22:21:28.989,351,RECV,7E000F8100001F024E323039352D58473049FA
05-04-2025 22:21:28.989,352,RECV,7E000F8100001F024E323039362D5530444503
05-04-2025 22:21:29.039,353,RECV,7E000F8100001F024E323039372D4142473115
05-04-2025 22:21:29.039,354,RECV,7E007D3181F9DF1C0262004E313038372D5832494ABE
05-04-2025 22:21:29.039,355,RECV,7E007D3181F9DF1C0263004E313038382D54455050A0
05-04-2025 22:21:29.039,356,RECV,7E000F8100001F024E323039382D35525943EC
05-04-2025 22:21:29.040,357,RECV,7E007D3181F9DF1C0264004E313038392D534D5038AF
05-04-2025 22:21:29.070,358,RECV,7E007D3181F9DF1C0265004E313039302D3845314FE1
05-04-2025 22:21:29.119,359,RECV,7E007D3181F9DF1C0266004E313039312D454B3644D2
05-04-2025 22:21:29.119,360,RECV,7E007D3181F9DF1C0267004E313039322D53484843B4
05-04-2025 22:21:29.119,361,RECV,7E007D3181F9DF1C0268004E313039332D5456554E8B
05-04-2025 22:21:29.139,362,RECV,7E000F8100001F024E323039392D4637414A06
05-04-2025 22:21:29.240,363,RECV,7E007D3181F9DF1C0269004E313039342D4150444CB5
05-04-2025 22:21:29.390,364,RECV,7E007D3181F9DF1C026A004E313039352D45445A559C
05-04-2025 22:21:29.409,365,RECV,7E007D3181F9DF1C026B004E313039362D4B4B4E4CA2
05-04-2025 22:21:29.410,366,RECV,7E007D3181F9DF1C026C004E313039372D4F325242BB
05-04-2025 22:21:29.410,367,RECV,7E007D3181F9DF1C026D004E313039382D4F455234B4
05-04-2025 22:21:29.490,368,RECV,7E007D3181F9DF1C026E004E313039392D50433448BD
