06-26-2025 19:52:04.499,-,API2,"Sink 2,0013A20041839DCA,802.15.4 TH,2003,/dev/ttyUSB2 - 57600/8/M/1/N,1,46"

06-26-2025 19:51:16.150,0,RECV,7E000F8100052D024E353030302D4F455355CE
06-26-2025 19:51:16.200,1,RECV,7E000F81000830024E383030302D534E5131DE
06-26-2025 19:51:16.201,2,RECV,7E000F8100052D024E353030312D4A524F41DD
06-26-2025 19:51:16.250,3,RECV,7E000F81000830024E383030312D5431363114
06-26-2025 19:51:16.302,4,RECV,7E000F8100052D024E353030322D33444E52F1
06-26-2025 19:51:16.352,5,RECV,7E000F81000830024E383030322D5643353001
06-26-2025 19:51:16.353,6,RECV,7E000F8100052D024E353030332D325A5339EF
06-26-2025 19:51:16.402,7,RECV,7E000F81000830024E383030332D45515454C0
06-26-2025 19:51:16.456,8,RECV,7E000F8100052D024E353030342D59534835DD
06-26-2025 19:51:16.502,9,RECV,7E000F81000830024E383030342D55545147BC
06-26-2025 19:51:16.553,10,RECV,7E000F8100052D024E353030352D584D334BE2
06-26-2025 19:51:16.553,11,RECV,7E000F8100062E024E363030352D544D4C42D3
06-26-2025 19:51:16.553,12,RECV,7E000F8100082F024E383030352D574C4947CA
06-26-2025 19:51:16.603,13,RECV,7E000F8100052C024E353030362D43474248F1
06-26-2025 19:51:16.603,14,RECV,7E000F81000630024E363030362D3353314BFD
06-26-2025 19:51:16.603,15,RECV,7E000F81000731024E373030362D45504451D2
06-26-2025 19:51:16.653,16,RECV,7E000F8100082F024E383030362D52374F4ADA
06-26-2025 19:51:16.703,17,RECV,7E000F8100052D024E353030372D41354C340D
06-26-2025 19:51:16.707,18,RECV,7E000F8100062F024E363030372D41485759C6
06-26-2025 19:51:16.707,19,RECV,7E000F81000730024E373030372D304D38380F
06-26-2025 19:51:16.754,20,RECV,7E000F81000830024E383030372D42425036F0
06-26-2025 19:51:16.804,21,RECV,7E000F8100052C024E353030382D323538451F
06-26-2025 19:51:16.806,22,RECV,7E000F8100062E024E363030382D4D4D3930FC
06-26-2025 19:51:16.806,23,RECV,7E000F81000730024E373030382D50393156EB
06-26-2025 19:51:16.806,24,RECV,7E000F81000830024E383030382D4A415738DF
06-26-2025 19:51:16.854,25,RECV,7E000F8100052D024E353030392D3441355403
06-26-2025 19:51:16.854,26,RECV,7E000F8100062F024E363030392D4F544D53BA
06-26-2025 19:51:16.864,27,RECV,7E000F81000730024E373030392D4B394E5ACE
06-26-2025 19:51:16.904,28,RECV,7E000F81000830024E383030392D4E4E5044C8
06-26-2025 19:51:16.954,29,RECV,7E000F8100052C024E353031302D4B565941CF
06-26-2025 19:51:16.958,30,RECV,7E000F8100062F024E363031302D47364F56E3
06-26-2025 19:51:16.959,31,RECV,7E000F81000731024E373031302D534F5A48BD
06-26-2025 19:51:16.959,32,RECV,7E000F8100082F024E383031302D4D484F4FCE
06-26-2025 19:51:17.004,33,RECV,7E000F8100052C024E353031312D44384B3012
06-26-2025 19:51:17.024,34,RECV,7E000F8100062F024E363031312D3143314718
06-26-2025 19:51:17.025,35,RECV,7E000F81000730024E373031312D54535731D2
06-26-2025 19:51:17.054,36,RECV,7E000F8100082E024E383031312D474F3737FD
06-26-2025 19:51:17.104,37,RECV,7E000F8100052C024E353031322D3434554EFD
06-26-2025 19:51:17.104,38,RECV,7E000F8100062F024E363031322D38364D4602
06-26-2025 19:51:17.104,39,RECV,7E000F81000730024E373031322D4F573933EE
06-26-2025 19:51:17.154,40,RECV,7E000F8100082E024E383031322D3838494DFA
06-26-2025 19:51:17.208,41,RECV,7E000F8100052C024E353031332D4F415556CC
06-26-2025 19:51:17.225,42,RECV,7E000F8100062E024E363031332D4A39373415
06-26-2025 19:51:17.225,43,RECV,7E000F81000730024E373031332D4C50303003
06-26-2025 19:51:17.225,44,RECV,7E000F8100082F024E383031332D50465853BD
06-26-2025 19:51:17.258,45,RECV,7E000F8100052C024E353031342D435A5138E0
06-26-2025 19:51:17.353,46,RECV,7E000F8100062E024E363031342D444E5149D6
06-26-2025 19:51:17.366,47,RECV,7E000F81000730024E373031342D514F4743D4
06-26-2025 19:51:17.366,48,RECV,7E000F8100082F024E383031342D5641354FE2
06-26-2025 19:51:17.366,49,RECV,7E000F8100052C024E353031352D4F4D585AB7
06-26-2025 19:51:17.366,50,RECV,7E000F81000630024E363031352D533733340E
06-26-2025 19:51:17.366,51,RECV,7E000F81000731024E373031352D414F5057C5
06-26-2025 19:51:17.366,52,RECV,7E000F81000830024E383031352D3456424DE2
06-26-2025 19:51:17.408,53,RECV,7E000F8100052D024E353031362D4C45475AD1
06-26-2025 19:51:17.458,54,RECV,7E000F81000631024E363031362D49534F50C2
06-26-2025 19:51:17.459,55,RECV,7E000F81000731024E373031362D32484C46EF
06-26-2025 19:51:17.459,56,RECV,7E000F8100082F024E383031362D46495951C2
06-26-2025 19:51:17.510,57,RECV,7E000F8100052D024E353031372D484C5641D7
06-26-2025 19:51:17.541,58,RECV,7E000F81000631024E363031372D4B4B4455CD
06-26-2025 19:51:17.551,59,RECV,7E000F81000730024E373031372D4354464ED0
06-26-2025 19:51:17.560,60,RECV,7E000F8100082F024E383031372D3351314401
06-26-2025 19:51:17.580,61,RECV,7E000F8100052C024E353031382D48593851D8
06-26-2025 19:51:17.580,62,RECV,7E000F81000632024E363031382D48454B49D9
06-26-2025 19:51:17.580,63,RECV,7E000F81000732024E373031382D565A344FC5
06-26-2025 19:51:17.610,64,RECV,7E000F81000832024E383031382D37525234E7
06-26-2025 19:51:17.660,65,RECV,7E000F8100052E024E353031392D364B5950D5
06-26-2025 19:51:17.660,66,RECV,7E000F81000632024E363031392D39544748DD
06-26-2025 19:51:17.681,67,RECV,7E000F81000734024E373031392D5A594B55A2
06-26-2025 19:51:17.681,68,RECV,7E000F81000834024E383031392D564C494EBA
06-26-2025 19:51:17.761,69,RECV,7E000F81000531024E353032302D434B4D54D5
06-26-2025 19:51:17.761,70,RECV,7E000F81000635024E363032302D33345350F4
06-26-2025 19:51:17.761,71,RECV,7E000F81000736024E373032302D52514658BA
06-26-2025 19:51:17.761,72,RECV,7E000F81000834024E383032302D56575030CE
06-26-2025 19:51:17.861,73,RECV,7E000F81000531024E353032312D354D4D57DD
06-26-2025 19:51:17.867,74,RECV,7E000F81000635024E363032312D524E5035D8
06-26-2025 19:51:17.867,75,RECV,7E000F81000736024E373032312D4C413244F7
06-26-2025 19:51:17.867,76,RECV,7E000F81000834024E383032312D4D31454BEC
06-26-2025 19:51:17.911,77,RECV,7E000F81000531024E353032322D574D5331DA
06-26-2025 19:51:17.911,78,RECV,7E000F81000634024E363032322D4B453046F7
06-26-2025 19:51:17.911,79,RECV,7E000F81000735024E373032322D46545930D7
06-26-2025 19:51:17.911,80,RECV,7E000F81000834024E383032322D57305542DB
06-26-2025 19:51:18.013,81,RECV,7E000F81000530024E353032332D31473259FF
06-26-2025 19:51:18.021,82,RECV,7E000F81000635024E363032332D354E37360B
06-26-2025 19:51:18.021,83,RECV,7E000F81000735024E373032332D3838443015
06-26-2025 19:51:18.021,84,RECV,7E000F81000833024E383032332D344A344FF8
06-26-2025 19:51:18.061,85,RECV,7E000F81000530024E353032342D3433393928
06-26-2025 19:51:18.111,86,RECV,7E000F81000635024E363032342D474C5731DF
06-26-2025 19:51:18.111,87,RECV,7E000F81000734024E373032342D4838393808
06-26-2025 19:51:18.111,88,RECV,7E000F81000833024E383032342D4243383506
06-26-2025 19:51:18.161,89,RECV,7E000F81000530024E353032352D5539544AD4
06-26-2025 19:51:18.170,90,RECV,7E000F81000634024E363032352D35483550F8
06-26-2025 19:51:18.170,91,RECV,7E000F81000734024E373032352D4755414ECD
06-26-2025 19:51:18.170,92,RECV,7E000F81000833024E383032352D4A325831F2
06-26-2025 19:51:18.262,93,RECV,7E000F81000531024E353032362D4C474144E6
06-26-2025 19:51:18.262,94,RECV,7E000F81000634024E363032362D364E5333EF
06-26-2025 19:51:18.263,95,RECV,7E000F81000735024E373032362D4C594632D9
06-26-2025 19:51:18.263,96,RECV,7E000F81000833024E383032362D444E4637E7
06-26-2025 19:51:18.312,97,RECV,7E000F8100052F024E353032372D4D4E3438F8
06-26-2025 19:51:18.322,98,RECV,7E000F81000632024E363032372D42494555D5
06-26-2025 19:51:18.322,99,RECV,7E000F81000734024E373032372D54484733E0
06-26-2025 19:51:18.332,100,RECV,7E000F81000832024E383032372D5758454FB3
06-26-2025 19:51:18.412,101,RECV,7E000F8100052F024E353032382D4C504849D1
06-26-2025 19:51:18.412,102,RECV,7E000F81000632024E363032382D39465A54CC
06-26-2025 19:51:18.412,103,RECV,7E000F81000734024E373032382D43413747F3
06-26-2025 19:51:18.412,104,RECV,7E000F81000832024E383032382D3139575ADA
06-26-2025 19:51:18.462,105,RECV,7E000F8100052F024E353032392D35394553F7
06-26-2025 19:51:18.512,106,RECV,7E000F81000632024E363032392D424A3755E0
06-26-2025 19:51:18.514,107,RECV,7E000F81000733024E373032392D584A4153BF
06-26-2025 19:51:18.514,108,RECV,7E000F81000831024E383032392D55484A4FBF
06-26-2025 19:51:18.562,109,RECV,7E000F8100052E024E353033302D304D4644FF
06-26-2025 19:51:18.562,110,RECV,7E000F81000631024E363033302D50424347E5
06-26-2025 19:51:18.662,111,RECV,7E000F8100052F024E353033312D414C5434EF
06-26-2025 19:51:18.662,112,RECV,7E000F81000632024E363033312D41335934FE
06-26-2025 19:51:18.712,113,RECV,7E000F8100052F024E353033322D4D473838FF
06-26-2025 19:51:18.712,114,RECV,7E000F81000631024E363033322D50344E33FA
06-26-2025 19:51:18.813,115,RECV,7E000F8100052E024E353033332D4335304C0F
06-26-2025 19:51:18.813,116,RECV,7E000F81000630024E363033332D4D495635DE
06-26-2025 19:51:18.813,117,RECV,7E000F81000831024E383033332D5351555AA7
06-26-2025 19:51:18.813,118,RECV,7E000F81000733024E373033332D4533374605
06-26-2025 19:51:18.913,119,RECV,7E000F8100052E024E353033342D383644361A
06-26-2025 19:51:18.913,120,RECV,7E000F81000732024E373033342D43454936F3
06-26-2025 19:51:18.963,121,RECV,7E000F8100052E024E353033352D5456574AB6
06-26-2025 19:51:19.014,122,RECV,7E000F81000732024E373033352D33515954C8
06-26-2025 19:51:19.063,123,RECV,7E000F8100052D024E353033362D3853303016
06-26-2025 19:51:19.063,124,RECV,7E000F81000830024E383033362D324F453002
06-26-2025 19:51:19.063,125,RECV,7E000F81000630024E363033362D5953334CD1
06-26-2025 19:51:19.063,126,RECV,7E000F81000732024E373033362D5A484934D9
06-26-2025 19:51:19.113,127,RECV,7E000F8100052D024E353033372D433833417D31
06-26-2025 19:51:19.133,128,RECV,7E000F81000830024E383033372D364A413204
06-26-2025 19:51:19.134,129,RECV,7E000F81000630024E363033372D38435A57CF
06-26-2025 19:51:19.134,130,RECV,7E000F81000731024E373033372D344D3850EF
06-26-2025 19:51:19.213,131,RECV,7E000F8100052E024E353033382D3356524DD6
06-26-2025 19:51:19.213,132,RECV,7E000F81000831024E383033382D54484F56B4
06-26-2025 19:51:19.213,133,RECV,7E000F81000630024E363033382D4E543430F4
06-26-2025 19:51:19.213,134,RECV,7E000F81000732024E373033382D46533053DA
06-26-2025 19:51:19.313,135,RECV,7E000F8100052E024E353033392D424A325AE5
06-26-2025 19:51:19.313,136,RECV,7E000F81000830024E383033392D545A4F599F
06-26-2025 19:51:19.313,137,RECV,7E000F8100062F024E363033392D45575637D1
06-26-2025 19:51:19.313,138,RECV,7E000F81000732024E373033392D4F564C59AB
06-26-2025 19:51:19.363,139,RECV,7E000F8100052D024E353034302D474F5A4ACC
06-26-2025 19:51:19.413,140,RECV,7E000F81000830024E383034302D354E4351E6
06-26-2025 19:51:19.414,141,RECV,7E000F8100062F024E363034302D34454449FC
06-26-2025 19:51:19.414,142,RECV,7E000F81000732024E373034302D56354254DC
06-26-2025 19:51:19.463,143,RECV,7E000F8100052D024E353034312D39424859E9
06-26-2025 19:51:19.464,144,RECV,7E000F81000830024E383034312D414E3936FE
06-26-2025 19:51:19.464,145,RECV,7E000F8100062F024E363034312D51595454AF
06-26-2025 19:51:19.464,146,RECV,7E000F81000731024E373034312D3647474CED
06-26-2025 19:51:19.514,147,RECV,7E000F8100052D024E353034322D41475747DE
06-26-2025 19:51:19.564,148,RECV,7E000F81000830024E383034322D48593547DE
06-26-2025 19:51:19.564,149,RECV,7E000F8100062F024E363034322D435A594FBB
06-26-2025 19:51:19.564,150,RECV,7E000F81000731024E373034322D324C5550D9
06-26-2025 19:51:19.614,151,RECV,7E000F8100052D024E353034332D49593337F7
06-26-2025 19:51:19.614,152,RECV,7E000F81000830024E383034332D4D4B3758D3
06-26-2025 19:51:19.614,153,RECV,7E000F8100062F024E363034332D3531534CFA
06-26-2025 19:51:19.624,154,RECV,7E000F81000731024E373034332D50385938E2
06-26-2025 19:51:19.714,155,RECV,7E000F8100052D024E353034342D4331483214
06-26-2025 19:51:19.714,156,RECV,7E000F8100082F024E383034342D46595757AD
06-26-2025 19:51:19.714,157,RECV,7E000F8100062F024E363034342D43455643DD
06-26-2025 19:51:19.714,158,RECV,7E000F81000731024E373034342D465A4939D8
06-26-2025 19:51:19.774,159,RECV,7E000F8100052D024E353034352D53424B50D1
06-26-2025 19:51:19.774,160,RECV,7E000F8100082F024E383034352D5344494ACF
06-26-2025 19:51:19.774,161,RECV,7E000F8100062F024E363034352D5958554EA9
06-26-2025 19:51:19.814,162,RECV,7E000F81000731024E373034352D5830393305
06-26-2025 19:51:19.864,163,RECV,7E000F8100052D024E353034362D34345945FA
06-26-2025 19:51:19.864,164,RECV,7E000F8100082F024E383034362D43434346E9
06-26-2025 19:51:19.864,165,RECV,7E000F8100062F024E363034362D53563438E7
06-26-2025 19:51:19.864,166,RECV,7E000F81000731024E373034362D41315537FA
06-26-2025 19:51:19.934,167,RECV,7E000F8100052C024E353034372D4C513759D3
06-26-2025 19:51:19.936,168,RECV,7E000F8100082F024E383034372D545A5549AB
06-26-2025 19:51:19.945,169,RECV,7E000F8100062F024E363034372D48424436F7
06-26-2025 19:51:19.949,170,RECV,7E000F81000731024E373034372D304F344DF7
06-26-2025 19:51:20.014,171,RECV,7E000F8100052C024E353034382D33544659D9
06-26-2025 19:51:20.014,172,RECV,7E000F8100082F024E383034382D38515544D4
06-26-2025 19:51:20.064,173,RECV,7E000F8100062F024E363034382D35544B46E0
06-26-2025 19:51:20.064,174,RECV,7E000F81000730024E373034382D3236543605
06-26-2025 19:51:20.115,175,RECV,7E000F8100052C024E353034392D4D504536E6
06-26-2025 19:51:20.121,176,RECV,7E000F8100082F024E383034392D42394833FF
06-26-2025 19:51:20.121,177,RECV,7E000F8100062F024E363034392D45414852D9
06-26-2025 19:51:20.121,178,RECV,7E000F81000730024E373034392D314E3346FE
06-26-2025 19:51:20.166,179,RECV,7E000F8100082F024E383035302D4350544EC8
06-26-2025 19:51:20.216,180,RECV,7E000F8100062E024E363035302D354D5936F1
06-26-2025 19:51:20.216,181,RECV,7E000F81000730024E373035302D41474157DE
06-26-2025 19:51:20.266,182,RECV,7E000F8100052B024E353035312D31324D4214
06-26-2025 19:51:20.273,183,RECV,7E000F8100062E024E363035312D353931570B
06-26-2025 19:51:20.273,184,RECV,7E000F81000730024E373035312D38554155DA
06-26-2025 19:51:20.366,185,RECV,7E000F8100052C024E353035322D3056384DF9
06-26-2025 19:51:20.366,186,RECV,7E000F8100062F024E363035322D3351364500
06-26-2025 19:51:20.367,187,RECV,7E000F81000730024E373035322D41524E4AD1
06-26-2025 19:51:20.417,188,RECV,7E000F8100082F024E383035332D52514952BC
06-26-2025 19:51:20.423,189,RECV,7E000F8100052C024E353035332D494A363703
06-26-2025 19:51:20.467,190,RECV,7E000F8100062E024E363035332D584F4B5AB3
06-26-2025 19:51:20.467,191,RECV,7E000F81000730024E373035332D43344B43F6
06-26-2025 19:51:20.517,192,RECV,7E000F8100082E024E383035342D304C3749FE
06-26-2025 19:51:20.534,193,RECV,7E000F8100052C024E353035342D42574459CC
06-26-2025 19:51:20.534,194,RECV,7E000F8100062F024E363035342D383333421D
06-26-2025 19:51:20.534,195,RECV,7E000F81000730024E373035342D39504F34EE
06-26-2025 19:51:20.567,196,RECV,7E000F8100082F024E383035352D46484C54CA
06-26-2025 19:51:20.567,197,RECV,7E000F8100052C024E353035352D55354250E5
06-26-2025 19:51:20.617,198,RECV,7E000F8100062F024E363035352D4141334DFA
06-26-2025 19:51:20.626,199,RECV,7E000F8100072F024E373035352D324E344DF9
06-26-2025 19:51:20.667,200,RECV,7E000F8100082F024E383035362D42415933E8
06-26-2025 19:51:20.667,201,RECV,7E000F8100052C024E353035362D314833480C
06-26-2025 19:51:20.667,202,RECV,7E000F8100062F024E363035362D354A3853F1
06-26-2025 19:51:20.717,203,RECV,7E000F81000732024E373035362D41494C50D0
06-26-2025 19:51:20.767,204,RECV,7E000F81000831024E383035372D3247364AFB
06-26-2025 19:51:20.768,205,RECV,7E000F8100052C024E353035372D515A5735C8
06-26-2025 19:51:20.768,206,RECV,7E000F8100062F024E363035372D44464953D4
06-26-2025 19:51:20.768,207,RECV,7E000F81000732024E373035372D4B30343115
06-26-2025 19:51:20.818,208,RECV,7E000F81000833024E383035382D43354B4EE0
06-26-2025 19:51:20.818,209,RECV,7E000F8100052F024E353035382D31385958E1
06-26-2025 19:51:20.868,210,RECV,7E000F81000631024E363035382D59395942CA
06-26-2025 19:51:20.868,211,RECV,7E000F81000734024E373035382D43324B44EE
06-26-2025 19:51:20.918,212,RECV,7E000F81000834024E383035392D30414558E1
06-26-2025 19:51:20.936,213,RECV,7E000F81000531024E353035392D45554B41D2
06-26-2025 19:51:20.936,214,RECV,7E000F81000634024E363035392D48514455C1
06-26-2025 19:51:20.936,215,RECV,7E000F81000735024E373035392D4A5A4839CB
06-26-2025 19:51:20.968,216,RECV,7E000F81000834024E383036302D464D5345CC
06-26-2025 19:51:20.988,217,RECV,7E000F81000531024E353036302D36464D47F0
06-26-2025 19:51:20.998,218,RECV,7E000F81000633024E363036302D57394F4ECF
06-26-2025 19:51:20.999,219,RECV,7E000F81000735024E373036302D50433349E9
06-26-2025 19:51:21.068,220,RECV,7E000F81000834024E383036312D4F39373403
06-26-2025 19:51:21.085,221,RECV,7E000F81000531024E353036312D4231423515
06-26-2025 19:51:21.118,222,RECV,7E000F81000633024E363036312D5242434ED6
06-26-2025 19:51:21.120,223,RECV,7E000F81000736024E373036312D3152373309
06-26-2025 19:51:21.168,224,RECV,7E000F81000834024E383036322D58474335DE
06-26-2025 19:51:21.170,225,RECV,7E000F81000531024E353036322D58334950DA
06-26-2025 19:51:21.170,226,RECV,7E000F81000633024E363036322D514C5735D1
06-26-2025 19:51:21.170,227,RECV,7E000F81000735024E373036322D303155310F
06-26-2025 19:51:21.218,228,RECV,7E000F81000833024E383036332D4A37414BE8
06-26-2025 19:51:21.268,229,RECV,7E000F81000531024E353036332D523538330B
06-26-2025 19:51:21.271,230,RECV,7E000F81000633024E363036332D5442314CE6
06-26-2025 19:51:21.271,231,RECV,7E000F81000736024E373036332D475A4A55B4
06-26-2025 19:51:21.318,232,RECV,7E000F81000833024E383036342D584F4A5AA9
06-26-2025 19:51:21.329,233,RECV,7E000F81000530024E353036342D574A524DBD
06-26-2025 19:51:21.329,234,RECV,7E000F81000633024E363036342D32555031F0
06-26-2025 19:51:21.339,235,RECV,7E000F81000736024E373036342D49323852EE
06-26-2025 19:51:21.369,236,RECV,7E000F81000833024E383036352D59484A44C4
06-26-2025 19:51:21.419,237,RECV,7E000F81000530024E353036352D364A453700
06-26-2025 19:51:21.420,238,RECV,7E000F81000632024E363036352D5942534EBC
06-26-2025 19:51:21.420,239,RECV,7E000F81000736024E373036352D3335414DFC
06-26-2025 19:51:21.469,240,RECV,7E000F81000832024E383036362D5A555148AB
06-26-2025 19:51:21.476,241,RECV,7E000F8100052F024E353036362D49554D4DC4
06-26-2025 19:51:21.519,242,RECV,7E000F81000632024E363036362D39555148D0
06-26-2025 19:51:21.537,243,RECV,7E000F81000736024E373036362D4B555933C5
06-26-2025 19:51:21.569,244,RECV,7E000F81000832024E383036372D54315137E5
06-26-2025 19:51:21.569,245,RECV,7E000F8100052F024E353036372D46565150BE
06-26-2025 19:51:21.569,246,RECV,7E000F81000632024E363036372D36533950E4
06-26-2025 19:51:21.619,247,RECV,7E000F81000735024E373036372D4649344AE4
06-26-2025 19:51:21.619,248,RECV,7E000F81000831024E383036382D4C565A43B3
06-26-2025 19:51:21.619,249,RECV,7E000F8100052E024E353036382D364F4B58D3
06-26-2025 19:51:21.669,250,RECV,7E000F81000631024E363036382D58453438ED
06-26-2025 19:51:21.684,251,RECV,7E000F81000734024E373036382D51595142B4
06-26-2025 19:51:21.719,252,RECV,7E000F81000831024E383036392D4F484B31DE
06-26-2025 19:51:21.722,253,RECV,7E000F8100052F024E353036392D325135370A
06-26-2025 19:51:21.722,254,RECV,7E000F81000631024E363036392D424D5845C9
06-26-2025 19:51:21.769,255,RECV,7E000F81000734024E373036392D4730413107
06-26-2025 19:51:21.769,256,RECV,7E000F81000831024E383037302D34583151EB
06-26-2025 19:51:21.820,257,RECV,7E000F8100052F024E353037302D3335594BF5
06-26-2025 19:51:21.834,258,RECV,7E000F81000631024E363037302D464D4D56C7
06-26-2025 19:51:21.834,259,RECV,7E000F81000734024E373037302D52504D54B5
06-26-2025 19:51:21.870,260,RECV,7E000F81000831024E383037312D58593155C1
06-26-2025 19:51:21.870,261,RECV,7E000F8100052F024E353037312D50564659BB
06-26-2025 19:51:21.920,262,RECV,7E000F81000631024E363037312D3654375AE1
06-26-2025 19:51:21.920,263,RECV,7E000F81000734024E373037312D5651314FD0
06-26-2025 19:51:21.970,264,RECV,7E000F81000831024E383037322D5239534FCA
06-26-2025 19:51:21.972,265,RECV,7E000F8100052E024E353037322D53595953A8
06-26-2025 19:51:21.980,266,RECV,7E000F81000631024E363037322D4353424CD7
06-26-2025 19:51:21.990,267,RECV,7E000F81000734024E373037322D51593849CB
06-26-2025 19:51:22.020,268,RECV,7E000F81000830024E383037332D49423059E3
06-26-2025 19:51:22.020,269,RECV,7E000F8100052E024E353037332D453634450B
06-26-2025 19:51:22.070,270,RECV,7E000F81000631024E363037332D44345454DA
06-26-2025 19:51:22.070,271,RECV,7E000F81000732024E373037332D59435241C8
06-26-2025 19:51:22.120,272,RECV,7E000F81000830024E383037342D4D4C4E48C7
06-26-2025 19:51:22.142,273,RECV,7E000F8100052E024E353037342D564D4C54BB
06-26-2025 19:51:22.170,274,RECV,7E000F81000630024E363037342D3941483503
06-26-2025 19:51:22.171,275,RECV,7E000F81000732024E373037342D344F5533EB
06-26-2025 19:51:22.172,276,RECV,7E000F81000830024E383037352D44505431DC
06-26-2025 19:51:22.221,277,RECV,7E000F8100052E024E353037352D4E4A594CC0
06-26-2025 19:51:22.222,278,RECV,7E000F81000631024E363037352D4D544654BD
06-26-2025 19:51:22.222,279,RECV,7E000F81000732024E373037352D4130374508
06-26-2025 19:51:22.271,280,RECV,7E000F81000831024E383037362D444B5343CE
06-26-2025 19:51:22.281,281,RECV,7E000F8100052E024E353037362D484D594DC1
06-26-2025 19:51:22.321,282,RECV,7E000F81000630024E363037362D4C344D35F6
06-26-2025 19:51:22.321,283,RECV,7E000F81000732024E373037362D50443837F1
06-26-2025 19:51:22.371,284,RECV,7E000F81000831024E383037372D43494F59BE
06-26-2025 19:51:22.371,285,RECV,7E000F8100052E024E353037372D55345843D7
06-26-2025 19:51:22.371,286,RECV,7E000F81000631024E363037372D4A315A4BD6
06-26-2025 19:51:22.391,287,RECV,7E000F81000732024E373037372D5459364AC6
06-26-2025 19:51:22.421,288,RECV,7E000F81000832024E383037382D3435374709
06-26-2025 19:51:22.471,289,RECV,7E000F8100052F024E353037382D39315748F0
06-26-2025 19:51:22.473,290,RECV,7E000F81000632024E363037382D36525451C7
06-26-2025 19:51:22.474,291,RECV,7E000F81000733024E373037382D57453349D9
06-26-2025 19:51:22.521,292,RECV,7E000F81000831024E383037392D48563630EC
06-26-2025 19:51:22.521,293,RECV,7E000F8100052E024E353037392D54453135FA
06-26-2025 19:51:22.571,294,RECV,7E000F81000631024E363037392D57373046F0
06-26-2025 19:51:22.577,295,RECV,7E000F81000733024E373037392D43345235F2
06-26-2025 19:51:22.582,296,RECV,7E000F81000831024E383038302D56344B4DD6
06-26-2025 19:51:22.621,297,RECV,7E000F8100052E024E353038302D5133424AF1
06-26-2025 19:51:22.622,298,RECV,7E000F81000631024E363038302D57463554D6
06-26-2025 19:51:22.672,299,RECV,7E000F81000732024E373038302D5A514E52AE
06-26-2025 19:51:22.672,300,RECV,7E000F81000831024E383038312D4F424738E7
06-26-2025 19:51:22.722,301,RECV,7E000F8100052E024E353038312D42535043D8
06-26-2025 19:51:22.722,302,RECV,7E000F81000630024E363038312D5847384ED7
06-26-2025 19:51:22.727,303,RECV,7E000F81000732024E373038312D3051374CF4
06-26-2025 19:51:22.772,304,RECV,7E000F81000831024E383038322D31315856E6
06-26-2025 19:51:22.772,305,RECV,7E000F8100052E024E353038322D5A325754C8
06-26-2025 19:51:22.772,306,RECV,7E000F81000630024E363038322D59384A52CE
06-26-2025 19:51:22.822,307,RECV,7E000F81000732024E373038322D3936315403
06-26-2025 19:51:22.822,308,RECV,7E000F81000831024E383038332D4A374557D8
06-26-2025 19:51:22.872,309,RECV,7E000F8100052D024E353038332D344B4859DF
06-26-2025 19:51:22.872,310,RECV,7E000F81000630024E363038332D424E5A55BB
06-26-2025 19:51:22.872,311,RECV,7E000F81000732024E373038332D50414B45D5
06-26-2025 19:51:22.922,312,RECV,7E000F81000832024E383038342D38523358DE
06-26-2025 19:51:22.923,313,RECV,7E000F8100052D024E353038342D4D47524ACE
06-26-2025 19:51:22.972,314,RECV,7E000F81000630024E363038342D56583651C4
06-26-2025 19:51:22.973,315,RECV,7E000F81000731024E373038342D4C504E44C8
06-26-2025 19:51:22.983,316,RECV,7E000F81000830024E383038352D594E505AA3
06-26-2025 19:51:23.022,317,RECV,7E000F8100052D024E353038352D4D4E5650BC
06-26-2025 19:51:23.033,318,RECV,7E000F81000630024E363038352D5556584EA7
06-26-2025 19:51:23.033,319,RECV,7E000F81000731024E373038352D36584F55C3
06-26-2025 19:51:23.073,320,RECV,7E000F8100082F024E383038362D5555484AB8
06-26-2025 19:51:23.123,321,RECV,7E000F8100052D024E353038362D4541434AE9
06-26-2025 19:51:23.123,322,RECV,7E000F81000630024E363038362D344C415ADC
06-26-2025 19:51:23.123,323,RECV,7E000F81000731024E373038362D324C5754CB
06-26-2025 19:51:23.143,324,RECV,7E000F81000831024E383038372D504A3433F0
06-26-2025 19:51:23.173,325,RECV,7E000F8100052E024E353038372D3633355606
06-26-2025 19:51:23.223,326,RECV,7E000F81000630024E363038372D4D435346CD
06-26-2025 19:51:23.223,327,RECV,7E000F81000732024E373038372D51343841F4
06-26-2025 19:51:23.223,328,RECV,7E000F81000830024E383038382D42475955BA
06-26-2025 19:51:23.273,329,RECV,7E000F8100052E024E353038382D5657524BAF
06-26-2025 19:51:23.273,330,RECV,7E000F81000630024E363038382D48535747BC
06-26-2025 19:51:23.273,331,RECV,7E000F81000732024E373038382D4E593031E9
06-26-2025 19:51:23.323,332,RECV,7E000F81000830024E383038392D38533957D5
06-26-2025 19:51:23.323,333,RECV,7E000F8100052E024E353038392D494E3038F9
06-26-2025 19:51:23.373,334,RECV,7E000F81000630024E363038392D56484438DA
06-26-2025 19:51:23.373,335,RECV,7E000F81000732024E373038392D31354B42FD
06-26-2025 19:51:23.423,336,RECV,7E000F81000831024E383039302D4F4C4934DF
06-26-2025 19:51:23.423,337,RECV,7E000F8100052D024E353039302D46434B48E5
06-26-2025 19:51:23.473,338,RECV,7E000F8100062F024E363039302D505A4D38CE
06-26-2025 19:51:23.474,339,RECV,7E000F81000731024E373039302D464F3538F7
06-26-2025 19:51:23.474,340,RECV,7E000F81000830024E383039312D41385334F7
06-26-2025 19:51:23.523,341,RECV,7E000F8100052D024E353039312D43314159F2
06-26-2025 19:51:23.524,342,RECV,7E000F81000630024E363039312D56315835E7
06-26-2025 19:51:23.524,343,RECV,7E000F81000731024E373039312D47303252FD
06-26-2025 19:51:23.574,344,RECV,7E000F8100082F024E383039322D36324653F6
06-26-2025 19:51:23.574,345,RECV,7E000F8100052D024E353039322D5745323001
06-26-2025 19:51:23.624,346,RECV,7E000F81000630024E363039322D5A433246E5
06-26-2025 19:51:23.624,347,RECV,7E000F81000731024E373039322D4C4A424BD4
06-26-2025 19:51:23.624,348,RECV,7E000F8100082F024E383039332D364D4B33F5
06-26-2025 19:51:23.674,349,RECV,7E000F8100052D024E353039332D4C395051D8
06-26-2025 19:51:23.675,350,RECV,7E000F8100062F024E363039332D483638360E
06-26-2025 19:51:23.724,351,RECV,7E000F81000731024E373039332D58334931F1
06-26-2025 19:51:23.724,352,RECV,7E000F8100082F024E383039342D31364F320D
06-26-2025 19:51:23.774,353,RECV,7E000F8100052D024E353039342D30475343F0
06-26-2025 19:51:23.774,354,RECV,7E000F8100062F024E363039342D3830464A01
06-26-2025 19:51:23.774,355,RECV,7E000F81000731024E373039342D33595055C4
06-26-2025 19:51:23.824,356,RECV,7E000F8100082F024E383039352D38515050CB
06-26-2025 19:51:23.824,357,RECV,7E000F8100052D024E353039352D41534E55C5
06-26-2025 19:51:23.874,358,RECV,7E000F8100062F024E363039352D3834334A0F
06-26-2025 19:51:23.874,359,RECV,7E000F81000731024E373039352D424E3431FF
06-26-2025 19:51:23.874,360,RECV,7E000F81000830024E383039362D4F35363404
06-26-2025 19:51:23.924,361,RECV,7E000F8100052E024E353039362D53425045D0
06-26-2025 19:51:23.924,362,RECV,7E000F81000630024E363039362D354F355AE3
06-26-2025 19:51:23.924,363,RECV,7E000F81000730024E373039362D423038301A
06-26-2025 19:51:23.975,364,RECV,7E000F81000830024E383039372D32515434E6
06-26-2025 19:51:23.975,365,RECV,7E000F8100052D024E353039372D38385A43ED
06-26-2025 19:51:24.025,366,RECV,7E000F81000630024E363039372D44464956CC
06-26-2025 19:51:24.025,367,RECV,7E000F81000731024E373039372D4B325348DA
06-26-2025 19:51:24.025,368,RECV,7E000F8100082F024E383039382D55444F54B5
06-26-2025 19:51:24.075,369,RECV,7E000F8100052C024E353039382D5A593657BA
06-26-2025 19:51:24.085,370,RECV,7E000F81000631024E363039382D33444837FD
06-26-2025 19:51:24.107,371,RECV,7E000F81000731024E373039382D4F423942E5
06-26-2025 19:51:24.125,372,RECV,7E000F8100082F024E383039392D47514D52B9
06-26-2025 19:51:24.175,373,RECV,7E000F8100052D024E353039392D59455952AF
06-26-2025 19:51:24.175,374,RECV,7E000F81000731024E373039392D4A555933C5
