06-25-2025 18:15:17.309,-,API2,"Sink 1,0013A20041839DB1,802.15.4 TH,2003,/dev/ttyUSB0 - 57600/8/M/1/N,1,46"

06-25-2025 18:13:58.734,0,RECV,7E000F81000426024E343030302D46463855FA
06-25-2025 18:13:58.735,1,RECV,7E000F8100011B024E313030302D4D4445331B
06-25-2025 18:13:58.785,2,RECV,7E000F81000426024E343030312D56554C55C6
06-25-2025 18:13:58.785,3,RECV,7E000F8100011C024E313030312D46575A41EA
06-25-2025 18:13:58.785,4,RECV,7E000F8100021F024E323030312D4B51383118
06-25-2025 18:13:58.785,5,RECV,7E000F81000322024E333030312D574B354DF4
06-25-2025 18:13:58.785,6,RECV,7E000F81000426024E343030322D48385A49EE
06-25-2025 18:13:58.785,7,RECV,7E000F8100011C024E313030322D484B343624
06-25-2025 18:13:58.785,8,RECV,7E000F81000220024E323030322D533730507D31
06-25-2025 18:13:58.785,9,RECV,7E000F81000322024E333030322D4C59544FCF
06-25-2025 18:13:58.835,10,RECV,7E000F81000426024E343030332D3630453233
06-25-2025 18:13:58.835,11,RECV,7E000F8100011C024E313030332D4F41304B15
06-25-2025 18:13:58.835,12,RECV,7E000F8100021E024E323030332D3834464228
06-25-2025 18:13:58.835,13,RECV,7E000F81000426024E343030342D3456364C03
06-25-2025 18:13:58.835,14,RECV,7E000F8100011C024E313030342D5A513157EC
06-25-2025 18:13:58.835,15,RECV,7E000F8100021E024E323030342D3653384C0E
06-25-2025 18:13:58.885,16,RECV,7E000F81000427024E343030352D484F4C51D9
06-25-2025 18:13:58.885,17,RECV,7E000F8100011C024E313030352D314F324626
06-25-2025 18:13:58.885,18,RECV,7E000F8100021E024E323030352D39474E51FB
06-25-2025 18:13:58.885,19,RECV,7E000F81000427024E343030362D5435314F03
06-25-2025 18:13:58.936,20,RECV,7E000F8100011C024E313030362D5331343134
06-25-2025 18:13:58.940,21,RECV,7E000F8100021E024E323030362D51535551CF
06-25-2025 18:13:58.940,22,RECV,7E000F81000427024E343030372D44494E4BE5
06-25-2025 18:13:58.940,23,RECV,7E000F8100011C024E313030372D574E444BE8
06-25-2025 18:13:58.940,24,RECV,7E000F8100021F024E323030372D5239453512
06-25-2025 18:13:58.986,25,RECV,7E000F81000427024E343030382D4548494BE9
06-25-2025 18:13:58.986,26,RECV,7E000F8100011C024E313030382D594B303215
06-25-2025 18:13:58.986,27,RECV,7E000F81000220024E323030382D50493958EB
06-25-2025 18:13:58.986,28,RECV,7E000F81000322024E333030382D4E304F4400
06-25-2025 18:13:58.987,29,RECV,7E000F81000427024E343030392D48335955E0
06-25-2025 18:13:58.997,30,RECV,7E000F8100011C024E313030392D424637487D33
06-25-2025 18:13:58.997,31,RECV,7E000F81000220024E323030392D58384146FD
06-25-2025 18:13:58.997,32,RECV,7E000F81000322024E333030392D4335444410
06-25-2025 18:13:59.036,33,RECV,7E000F81000427024E343031302D45595534EA
06-25-2025 18:13:59.036,34,RECV,7E000F8100011C024E313031302D3053445902
06-25-2025 18:13:59.036,35,RECV,7E000F81000220024E323031302D56314A51FA
06-25-2025 18:13:59.037,36,RECV,7E000F81000322024E333031302D5948464BE6
06-25-2025 18:13:59.086,37,RECV,7E000F81000427024E343031312D4254453401
06-25-2025 18:13:59.098,38,RECV,7E000F8100011C024E313031312D494C394B08
06-25-2025 18:13:59.098,39,RECV,7E000F81000220024E323031312D57564C4DD5
06-25-2025 18:13:59.098,40,RECV,7E000F81000322024E333031312D42465441FA
06-25-2025 18:13:59.098,41,RECV,7E000F81000427024E343031322D504D334FF0
06-25-2025 18:13:59.098,42,RECV,7E000F8100011C024E313031322D45484E48FD
06-25-2025 18:13:59.137,43,RECV,7E000F81000220024E323031322D3333335031
06-25-2025 18:13:59.137,44,RECV,7E000F81000322024E333031322D3337544C0C
06-25-2025 18:13:59.137,45,RECV,7E000F81000427024E343031332D3041353533
06-25-2025 18:13:59.137,46,RECV,7E000F8100011C024E313031332D4E51344DFF
06-25-2025 18:13:59.137,47,RECV,7E000F81000220024E323031332D4834373234
06-25-2025 18:13:59.137,48,RECV,7E000F81000322024E333031332D57444B57D8
06-25-2025 18:13:59.137,49,RECV,7E000F81000427024E343031342D444C5136F6
06-25-2025 18:13:59.137,50,RECV,7E000F8100011C024E313031342D53425448ED
06-25-2025 18:13:59.187,51,RECV,7E000F81000220024E323031342D4B365152F4
06-25-2025 18:13:59.187,52,RECV,7E000F81000322024E333031342D4A424656EC
06-25-2025 18:13:59.187,53,RECV,7E000F81000427024E343031352D314F34490F
06-25-2025 18:13:59.187,54,RECV,7E000F8100011C024E313031352D58475233F9
06-25-2025 18:13:59.187,55,RECV,7E000F81000220024E323031352D334C574CF5
06-25-2025 18:13:59.187,56,RECV,7E000F81000322024E333031352D31435452F9
06-25-2025 18:13:59.187,57,RECV,7E000F81000427024E343031362D4E4A4759D3
06-25-2025 18:13:59.237,58,RECV,7E000F8100011C024E313031362D3551484FFF
06-25-2025 18:13:59.253,59,RECV,7E000F8100021F024E323031362D48424C5AE7
06-25-2025 18:13:59.253,60,RECV,7E000F81000322024E333031362D4B455438F6
06-25-2025 18:13:59.254,61,RECV,7E000F81000427024E343031372D59564C56B9
06-25-2025 18:13:59.254,62,RECV,7E000F8100011C024E313031372D4F4C31410E
06-25-2025 18:13:59.257,63,RECV,7E000F8100021F024E323031372D425737390D
06-25-2025 18:13:59.260,64,RECV,7E000F81000322024E333031372D4641573003
06-25-2025 18:13:59.260,65,RECV,7E000F81000427024E343031382D5856484EC5
06-25-2025 18:13:59.287,66,RECV,7E000F8100011B024E313031382D34344F4E16
06-25-2025 18:13:59.287,67,RECV,7E000F81000220024E323031382D3632524F0B
06-25-2025 18:13:59.287,68,RECV,7E000F81000322024E333031382D4E4F4256DB
06-25-2025 18:13:59.287,69,RECV,7E000F81000427024E343031392D5444544DCF
06-25-2025 18:13:59.337,70,RECV,7E000F8100011C024E313031392D53525157CC
06-25-2025 18:13:59.337,71,RECV,7E000F81000220024E323031392D415A4843ED
06-25-2025 18:13:59.337,72,RECV,7E000F81000322024E333031392D4C4E4636F9
06-25-2025 18:13:59.337,73,RECV,7E000F81000427024E343032302D504A3741FE
06-25-2025 18:13:59.338,74,RECV,7E000F8100011C024E313032302D325A484A03
06-25-2025 18:13:59.347,75,RECV,7E000F81000220024E323032302D5053395AE5
06-25-2025 18:13:59.347,76,RECV,7E000F81000322024E333032302D44434F320F
06-25-2025 18:13:59.347,77,RECV,7E000F81000426024E343032312D3549385109
06-25-2025 18:13:59.368,78,RECV,7E000F8100011B024E313032312D54435637FD
06-25-2025 18:13:59.405,79,RECV,7E000F8100021F024E323032312D4D58374CF3
06-25-2025 18:13:59.405,80,RECV,7E000F81000322024E333032312D58463359EC
06-25-2025 18:13:59.405,81,RECV,7E000F81000426024E343032322D4C555146D7
06-25-2025 18:13:59.405,82,RECV,7E000F8100011C024E313032322D39484B57FC
06-25-2025 18:13:59.405,83,RECV,7E000F81000220024E323032322D3239504618
06-25-2025 18:13:59.409,84,RECV,7E000F81000322024E333032322D5137424506
06-25-2025 18:13:59.411,85,RECV,7E000F81000426024E343032332D434D494CE9
06-25-2025 18:13:59.429,86,RECV,7E000F8100011B024E313032332D594F3852ED
06-25-2025 18:13:59.429,87,RECV,7E000F81000220024E323032332D444555300A
06-25-2025 18:13:59.449,88,RECV,7E000F81000322024E333032332D50574553D5
06-25-2025 18:13:59.449,89,RECV,7E000F81000426024E343032342D4C58504CCD
06-25-2025 18:13:59.449,90,RECV,7E000F8100011C024E313032342D4A3142411F
06-25-2025 18:13:59.487,91,RECV,7E000F81000220024E323032342D504D394FF2
06-25-2025 18:13:59.487,92,RECV,7E000F81000322024E333032342D334656337D31
06-25-2025 18:13:59.487,93,RECV,7E000F81000426024E343032352D4F564D58C2
06-25-2025 18:13:59.487,94,RECV,7E000F8100011C024E313032352D4245383825
06-25-2025 18:13:59.537,95,RECV,7E000F81000220024E323032352D31324A587D31
06-25-2025 18:13:59.565,96,RECV,7E000F81000322024E333032352D3159375100
06-25-2025 18:13:59.565,97,RECV,7E000F81000426024E343032362D5A373853EF
06-25-2025 18:13:59.565,98,RECV,7E000F8100011C024E313032362D58485953CF
06-25-2025 18:13:59.566,99,RECV,7E000F81000220024E323032362D414C5930FF
06-25-2025 18:13:59.566,100,RECV,7E000F81000322024E333032362D4F485258D0
06-25-2025 18:13:59.566,101,RECV,7E000F8100011C024E313032372D594D324200
06-25-2025 18:13:59.587,102,RECV,7E000F81000220024E323032372D57524F56C6
06-25-2025 18:13:59.587,103,RECV,7E000F81000426024E343032382D4F515348CE
06-25-2025 18:13:59.587,104,RECV,7E000F81000322024E333032372D544A3850EA
06-25-2025 18:13:59.587,105,RECV,7E000F8100011C024E313032382D4D584150E3
06-25-2025 18:13:59.587,106,RECV,7E000F81000220024E323032382D364A45410D
06-25-2025 18:13:59.587,107,RECV,7E000F81000322024E333032382D324B423020
06-25-2025 18:13:59.638,108,RECV,7E000F8100011C024E313032392D3753385105
06-25-2025 18:13:59.638,109,RECV,7E000F81000220024E323032392D335241301C
06-25-2025 18:13:59.638,110,RECV,7E000F81000322024E333032392D4F385138FE
06-25-2025 18:13:59.638,111,RECV,7E000F8100011B024E313033302D4A584759DF
06-25-2025 18:13:59.688,112,RECV,7E000F81000426024E343033312D414B3659F4
06-25-2025 18:13:59.710,113,RECV,7E000F81000220024E323033302D58535253CA
06-25-2025 18:13:59.710,114,RECV,7E000F81000322024E333033302D57483252F3
06-25-2025 18:13:59.710,115,RECV,7E000F8100011C024E313033312D4146413324
06-25-2025 18:13:59.710,116,RECV,7E000F81000426024E343033322D4D32484502
06-25-2025 18:13:59.710,117,RECV,7E000F81000220024E323033312D4F4F5836ED
06-25-2025 18:13:59.710,118,RECV,7E000F81000322024E333033312D4537394A16
06-25-2025 18:13:59.737,119,RECV,7E000F8100011C024E313033322D344E4C51FF
06-25-2025 18:13:59.737,120,RECV,7E000F81000426024E343033332D4F4732380D
06-25-2025 18:13:59.738,121,RECV,7E000F81000220024E323033322D303345442C
06-25-2025 18:13:59.738,122,RECV,7E000F81000322024E333033322D424231352A
06-25-2025 18:13:59.738,123,RECV,7E000F8100011B024E313033332D363058342C
06-25-2025 18:13:59.748,124,RECV,7E000F81000426024E343033342D57465456C5
06-25-2025 18:13:59.748,125,RECV,7E000F81000220024E323033332D4C55434BE8
06-25-2025 18:13:59.748,126,RECV,7E000F81000322024E333033332D37374F4214
06-25-2025 18:13:59.787,127,RECV,7E000F8100011C024E313033342D58394648FD
06-25-2025 18:13:59.788,128,RECV,7E000F81000426024E343033352D56414851DB
06-25-2025 18:13:59.788,129,RECV,7E000F81000220024E323033342D4D4641360C
06-25-2025 18:13:59.788,130,RECV,7E000F81000322024E333033342D5533573102
06-25-2025 18:13:59.838,131,RECV,7E000F8100011B024E313033352D543131382E
06-25-2025 18:13:59.859,132,RECV,7E000F81000426024E343033362D3049593602
06-25-2025 18:13:59.859,133,RECV,7E000F81000220024E323033352D56514339F2
06-25-2025 18:13:59.859,134,RECV,7E000F81000322024E333033352D494B3256F5
06-25-2025 18:13:59.859,135,RECV,7E000F8100011B024E313033362D43514257EE
06-25-2025 18:13:59.859,136,RECV,7E000F81000426024E343033372D5045345AE6
06-25-2025 18:13:59.888,137,RECV,7E000F81000220024E323033362D474F5247E5
06-25-2025 18:13:59.888,138,RECV,7E000F81000322024E333033362D54474B57D3
06-25-2025 18:13:59.888,139,RECV,7E000F8100011C024E313033372D5A4D574AD1
06-25-2025 18:13:59.888,140,RECV,7E000F81000427024E343033382D4F593650D9
06-25-2025 18:13:59.888,141,RECV,7E000F81000220024E323033372D4A504D31FB
06-25-2025 18:13:59.888,142,RECV,7E000F81000322024E333033372D4F4D4556D8
06-25-2025 18:13:59.888,143,RECV,7E000F8100011B024E313033382D32304E5514
06-25-2025 18:13:59.888,144,RECV,7E000F81000427024E343033392D4854474AD9
06-25-2025 18:13:59.908,145,RECV,7E000F81000220024E323033382D4C3044450D
06-25-2025 18:13:59.908,146,RECV,7E000F81000322024E333033382D4845315AF6
06-25-2025 18:13:59.938,147,RECV,7E000F8100011B024E313033392D54344A51F5
06-25-2025 18:13:59.938,148,RECV,7E000F81000427024E343034302D483733411B
06-25-2025 18:13:59.938,149,RECV,7E000F81000220024E323033392D3442393230
06-25-2025 18:13:59.938,150,RECV,7E000F81000322024E333033392D504F5153CA
06-25-2025 18:13:59.958,151,RECV,7E000F8100011B024E313034302D43544449FC
06-25-2025 18:13:59.958,152,RECV,7E000F81000427024E343034312D51374A3506
06-25-2025 18:13:59.968,153,RECV,7E000F81000220024E323034302D494D5242EF
06-25-2025 18:13:59.976,154,RECV,7E000F81000322024E333034302D424143341B
06-25-2025 18:14:00.017,155,RECV,7E000F8100011B024E313034312D5939385005
06-25-2025 18:14:00.017,156,RECV,7E000F81000427024E343034322D50474E38EF
06-25-2025 18:14:00.017,157,RECV,7E000F81000220024E323034312D57305049F8
06-25-2025 18:14:00.017,158,RECV,7E000F81000322024E333034312D4F415937F4
06-25-2025 18:14:00.019,159,RECV,7E000F8100011B024E313034322D3047324134
06-25-2025 18:14:00.019,160,RECV,7E000F81000427024E343034332D4730393427
06-25-2025 18:14:00.040,161,RECV,7E000F81000220024E323034322D415A5347E2
06-25-2025 18:14:00.043,162,RECV,7E000F81000322024E333034322D54503144FA
06-25-2025 18:14:00.050,163,RECV,7E000F8100011B024E313034332D4641433122
06-25-2025 18:14:00.050,164,RECV,7E000F81000427024E343034342D345A575ACB
06-25-2025 18:14:00.050,165,RECV,7E000F81000220024E323034332D4554344702
06-25-2025 18:14:00.088,166,RECV,7E000F81000322024E333034332D45535942DF
06-25-2025 18:14:00.088,167,RECV,7E000F8100011B024E313034342D324E504A02
06-25-2025 18:14:00.088,168,RECV,7E000F81000427024E343034352D46315545F8
06-25-2025 18:14:00.088,169,RECV,7E000F81000220024E323034342D5045493700
06-25-2025 18:14:00.138,170,RECV,7E000F81000322024E333034342D434138361F
06-25-2025 18:14:00.165,171,RECV,7E000F8100011B024E313034352D4A464B42FE
06-25-2025 18:14:00.165,172,RECV,7E000F81000221024E323034352D50414142FF
06-25-2025 18:14:00.165,173,RECV,7E000F81000322024E333034352D5244433502
06-25-2025 18:14:00.165,174,RECV,7E000F8100011B024E313034362D4D31324F1B
06-25-2025 18:14:00.188,175,RECV,7E000F81000220024E323034362D50525939DF
06-25-2025 18:14:00.188,176,RECV,7E000F81000322024E333034362D505A3953D9
06-25-2025 18:14:00.188,177,RECV,7E000F81000427024E343034382D304D4D3804
06-25-2025 18:14:00.191,178,RECV,7E000F8100011B024E313034372D4F594838F1
06-25-2025 18:14:00.191,179,RECV,7E000F81000220024E323034372D59324F48F0
06-25-2025 18:14:00.199,180,RECV,7E000F81000322024E333034372D4F4A4950DC
06-25-2025 18:14:00.199,181,RECV,7E000F81000427024E343034392D4136393421
06-25-2025 18:14:00.199,182,RECV,7E000F8100011B024E313034382D4E524E34F6
06-25-2025 18:14:00.238,183,RECV,7E000F81000221024E323034382D4E514350DE
06-25-2025 18:14:00.238,184,RECV,7E000F81000322024E333034382D59505A4AC0
06-25-2025 18:14:00.238,185,RECV,7E000F81000427024E343035302D554B354AEE
06-25-2025 18:14:00.241,186,RECV,7E000F8100011B024E313034392D59445545E0
06-25-2025 18:14:00.288,187,RECV,7E000F81000220024E323034392D33334F4417
06-25-2025 18:14:00.318,188,RECV,7E000F81000322024E333034392D383030353F
06-25-2025 18:14:00.318,189,RECV,7E000F81000427024E343035312D595A4235E2
06-25-2025 18:14:00.318,190,RECV,7E000F8100011B024E313035302D4F44524BEF
06-25-2025 18:14:00.318,191,RECV,7E000F81000220024E323035302D5455324BF2
06-25-2025 18:14:00.318,192,RECV,7E000F81000322024E333035302D48483950FB
06-25-2025 18:14:00.318,193,RECV,7E000F81000427024E343035322D3837394F14
06-25-2025 18:14:00.318,194,RECV,7E000F8100011B024E313035312D4C34354722
06-25-2025 18:14:00.338,195,RECV,7E000F81000220024E323035312D304938590D
06-25-2025 18:14:00.338,196,RECV,7E000F81000322024E333035312D48564E42E5
06-25-2025 18:14:00.338,197,RECV,7E000F81000427024E343035332D53494C59C9
06-25-2025 18:14:00.339,198,RECV,7E000F8100011B024E313035322D4538335518
06-25-2025 18:14:00.339,199,RECV,7E000F81000220024E323035322D533445301A
06-25-2025 18:14:00.339,200,RECV,7E000F81000322024E333035322D445A5758C5
06-25-2025 18:14:00.359,201,RECV,7E000F81000426024E343035342D4D305947ED
06-25-2025 18:14:00.359,202,RECV,7E000F8100011B024E313035332D49553847FF
06-25-2025 18:14:00.388,203,RECV,7E000F81000220024E323035332D59585A46C4
06-25-2025 18:14:00.389,204,RECV,7E000F81000322024E333035332D485139310E
06-25-2025 18:14:00.389,205,RECV,7E000F81000426024E343035352D4F3431361F
06-25-2025 18:14:00.389,206,RECV,7E000F8100011B024E313035342D57504341F0
06-25-2025 18:14:00.439,207,RECV,7E000F81000220024E323035342D3530483334
06-25-2025 18:14:00.471,208,RECV,7E000F81000322024E333035342D4455474BE5
06-25-2025 18:14:00.471,209,RECV,7E000F81000426024E343035362D4D455038EE
06-25-2025 18:14:00.471,210,RECV,7E000F8100011B024E313035352D584B3454EF
06-25-2025 18:14:00.471,211,RECV,7E000F81000220024E323035352D4847474DF0
06-25-2025 18:14:00.471,212,RECV,7E000F81000322024E333035352D44434349FC
06-25-2025 18:14:00.471,213,RECV,7E000F81000426024E343035372D4D5A4838E0
06-25-2025 18:14:00.471,214,RECV,7E000F8100011B024E313035362D4F36393625
06-25-2025 18:14:00.489,215,RECV,7E000F81000220024E323035362D334754380C
06-25-2025 18:14:00.489,216,RECV,7E000F81000322024E333035362D35435657E9
06-25-2025 18:14:00.489,217,RECV,7E000F81000426024E343035382D304A523307
06-25-2025 18:14:00.489,218,RECV,7E000F8100011B024E313035372D3541484E0C
06-25-2025 18:14:00.539,219,RECV,7E000F81000221024E323035372D55524535EF
06-25-2025 18:14:00.541,220,RECV,7E000F81000322024E333035372D44515A4DD1
06-25-2025 18:14:00.541,221,RECV,7E000F8100011B024E313035382D3339555600
06-25-2025 18:14:00.541,222,RECV,7E000F81000221024E323035382D42563350F4
06-25-2025 18:14:00.589,223,RECV,7E000F8100011C024E313035392D45574143F5
06-25-2025 18:14:00.621,224,RECV,7E000F81000221024E323035392D5A504B39E0
06-25-2025 18:14:00.621,225,RECV,7E000F81000322024E333035392D57374950E4
06-25-2025 18:14:00.621,226,RECV,7E000F8100011C024E313036302D41534455F0
06-25-2025 18:14:00.621,227,RECV,7E000F81000221024E323036302D5832543107
06-25-2025 18:14:00.621,228,RECV,7E000F81000322024E333036302D504A483001
06-25-2025 18:14:00.621,229,RECV,7E000F8100011C024E313036312D52524835FB
06-25-2025 18:14:00.630,230,RECV,7E000F81000221024E323036312D34565751E3
06-25-2025 18:14:00.630,231,RECV,7E000F81000426024E343036332D38574547EF
06-25-2025 18:14:00.630,232,RECV,7E000F81000322024E333036312D39324A5A03
06-25-2025 18:14:00.640,233,RECV,7E000F8100011B024E313036322D3545454F0E
06-25-2025 18:14:00.661,234,RECV,7E000F81000221024E323036322D474B5159D8
06-25-2025 18:14:00.661,235,RECV,7E000F81000426024E343036342D574C4B48D3
06-25-2025 18:14:00.661,236,RECV,7E000F81000322024E333036322D574A4141EE
06-25-2025 18:14:00.681,237,RECV,7E000F8100011B024E313036332D56554F5AC7
06-25-2025 18:14:00.691,238,RECV,7E000F81000221024E323036332D5051534CD3
06-25-2025 18:14:00.691,239,RECV,7E000F81000426024E343036352D4F3242327D33
06-25-2025 18:14:00.691,240,RECV,7E000F81000322024E333036332D4738484CFD
06-25-2025 18:14:00.711,241,RECV,7E000F8100011C024E313036342D4430434919
06-25-2025 18:14:00.722,242,RECV,7E000F81000220024E323036342D374D5655E4
06-25-2025 18:14:00.731,243,RECV,7E000F81000322024E333036342D42485737F7
06-25-2025 18:14:00.732,244,RECV,7E000F8100011B024E313036352D4C564837F8
06-25-2025 18:14:00.739,245,RECV,7E000F81000220024E323036352D44493058FD
06-25-2025 18:14:00.789,246,RECV,7E000F81000322024E333036352D5A575134D8
06-25-2025 18:14:00.792,247,RECV,7E000F8100011B024E313036362D4C50474DE8
06-25-2025 18:14:00.792,248,RECV,7E000F81000426024E343036382D4E4B4F58C5
06-25-2025 18:14:00.792,249,RECV,7E000F81000220024E323036362D53344847FB
06-25-2025 18:14:00.792,250,RECV,7E000F81000322024E333036362D4D324752F5
06-25-2025 18:14:00.792,251,RECV,7E000F8100011B024E313036372D3639504D0B
06-25-2025 18:14:00.839,252,RECV,7E000F81000426024E343036392D3154373612
06-25-2025 18:14:00.841,253,RECV,7E000F81000220024E323036372D334E32322B
06-25-2025 18:14:00.841,254,RECV,7E000F81000322024E333036372D45415241F3
06-25-2025 18:14:00.841,255,RECV,7E000F8100011B024E313036382D48385848F6
06-25-2025 18:14:00.841,256,RECV,7E000F81000426024E343037302D4E514656D1
06-25-2025 18:14:00.842,257,RECV,7E000F81000220024E323036382D42565155D1
06-25-2025 18:14:00.889,258,RECV,7E000F81000322024E333036382D5133344F04
06-25-2025 18:14:00.922,259,RECV,7E000F8100011B024E313036392D4456303417
06-25-2025 18:14:00.922,260,RECV,7E000F81000427024E343037312D424D5A34ED
06-25-2025 18:14:00.922,261,RECV,7E000F81000220024E323036392D4F554734EF
06-25-2025 18:14:00.922,262,RECV,7E000F81000322024E333036392D57593256D2
06-25-2025 18:14:00.922,263,RECV,7E000F8100011C024E313037302D523844321C
06-25-2025 18:14:00.940,264,RECV,7E000F81000427024E343037322D514F4355D1
06-25-2025 18:14:00.941,265,RECV,7E000F81000220024E323037302D474B3253FF
06-25-2025 18:14:00.941,266,RECV,7E000F81000322024E333037302D424A36420E
06-25-2025 18:14:00.941,267,RECV,7E000F8100011C024E313037312D4F565057CF
06-25-2025 18:14:00.941,268,RECV,7E000F81000427024E343037332D4437564FE8
06-25-2025 18:14:00.941,269,RECV,7E000F81000220024E323037312D324A44490C
06-25-2025 18:14:00.950,270,RECV,7E000F81000322024E333037312D3551464EF7
06-25-2025 18:14:00.950,271,RECV,7E000F8100011B024E313037322D46425A46F3
06-25-2025 18:14:00.960,272,RECV,7E000F81000427024E343037342D455A3955DA
06-25-2025 18:14:00.960,273,RECV,7E000F81000220024E323037322D3444384C18
06-25-2025 18:14:00.991,274,RECV,7E000F81000322024E333037322D4B555143DC
06-25-2025 18:14:00.992,275,RECV,7E000F8100011B024E313037332D4B3039481E
06-25-2025 18:14:01.001,276,RECV,7E000F81000427024E343037352D5A365739E6
06-25-2025 18:14:01.001,277,RECV,7E000F81000221024E323037332D4A4A363018
06-25-2025 18:14:01.011,278,RECV,7E000F81000322024E333037332D3030554A10
06-25-2025 18:14:01.011,279,RECV,7E000F8100011C024E313037342D4932554404
06-25-2025 18:14:01.032,280,RECV,7E000F81000427024E343037362D55433852E3
06-25-2025 18:14:01.034,281,RECV,7E000F81000221024E323037342D30394D5803
06-25-2025 18:14:01.034,282,RECV,7E000F81000322024E333037342D4E465356D1
06-25-2025 18:14:01.040,283,RECV,7E000F8100011B024E313037352D314C444215
06-25-2025 18:14:01.084,284,RECV,7E000F81000427024E343037372D4C515345CF
06-25-2025 18:14:01.090,285,RECV,7E000F81000221024E323037352D51505755C3
06-25-2025 18:14:01.091,286,RECV,7E000F81000322024E333037352D52505056C5
06-25-2025 18:14:01.091,287,RECV,7E000F8100011B024E313037362D354C4C50FA
06-25-2025 18:14:01.091,288,RECV,7E000F81000427024E343037382D33434154F8
06-25-2025 18:14:01.091,289,RECV,7E000F81000221024E323037362D58595539D0
06-25-2025 18:14:01.091,290,RECV,7E000F81000322024E333037362D4945334803
06-25-2025 18:14:01.140,291,RECV,7E000F8100011B024E313037372D4F494F45EA
06-25-2025 18:14:01.140,292,RECV,7E000F81000427024E343037392D45495458C8
06-25-2025 18:14:01.140,293,RECV,7E000F81000221024E323037372D59495744D1
06-25-2025 18:14:01.140,294,RECV,7E000F81000322024E333037372D324D4B4BF6
06-25-2025 18:14:01.140,295,RECV,7E000F8100011C024E313037382D374E5155E9
06-25-2025 18:14:01.140,296,RECV,7E000F81000427024E343038302D554B4259CF
06-25-2025 18:14:01.190,297,RECV,7E000F81000221024E323037382D4D39314D09
06-25-2025 18:14:01.191,298,RECV,7E000F81000322024E333037382D38394657FC
06-25-2025 18:14:01.191,299,RECV,7E000F8100011C024E313037392D514B5555CD
06-25-2025 18:14:01.191,300,RECV,7E000F81000427024E343038312D5739314800
06-25-2025 18:14:01.191,301,RECV,7E000F81000220024E323037392D3338344727
06-25-2025 18:14:01.191,302,RECV,7E000F81000322024E333037392D4E45544BD7
06-25-2025 18:14:01.240,303,RECV,7E000F8100011B024E313038302D57594559CE
06-25-2025 18:14:01.241,304,RECV,7E000F81000427024E343038322D4B435558CD
06-25-2025 18:14:01.242,305,RECV,7E000F81000220024E323038302D4B45304B0A
06-25-2025 18:14:01.242,306,RECV,7E000F81000322024E333038302D3334473033
06-25-2025 18:14:01.242,307,RECV,7E000F8100011C024E313038312D4850334708
06-25-2025 18:14:01.242,308,RECV,7E000F81000427024E343038332D59535943BF
06-25-2025 18:14:01.290,309,RECV,7E000F81000220024E323038312D5246394201
06-25-2025 18:14:01.291,310,RECV,7E000F81000322024E333038312D463039520F
06-25-2025 18:14:01.291,311,RECV,7E000F8100011B024E313038322D3049534D01
06-25-2025 18:14:01.291,312,RECV,7E000F81000427024E343038342D5A4D484ACD
06-25-2025 18:14:01.291,313,RECV,7E000F81000220024E323038322D43543450F8
06-25-2025 18:14:01.291,314,RECV,7E000F81000322024E333038322D45444E39FF
06-25-2025 18:14:01.301,315,RECV,7E000F8100011B024E313038332D4E374E47FF
06-25-2025 18:14:01.321,316,RECV,7E000F81000220024E323038332D5A534549D7
06-25-2025 18:14:01.321,317,RECV,7E000F81000322024E333038332D595A5846BD
06-25-2025 18:14:01.331,318,RECV,7E000F8100011B024E313038342D4F3236550C
06-25-2025 18:14:01.351,319,RECV,7E000F81000220024E323038342D31435958EC
06-25-2025 18:14:01.354,320,RECV,7E000F81000322024E333038342D3150504AF2
06-25-2025 18:14:01.354,321,RECV,7E000F81000426024E343038372D43385741F1
06-25-2025 18:14:01.362,322,RECV,7E000F8100011B024E313038352D424F334A09
06-25-2025 18:14:01.382,323,RECV,7E000F81000220024E323038352D583734321B
06-25-2025 18:14:01.382,324,RECV,7E000F81000322024E333038352D334C5849EC
06-25-2025 18:14:01.382,325,RECV,7E000F8100011B024E313038362D45365258F1
06-25-2025 18:14:01.441,326,RECV,7E000F81000220024E323038362D514C343707
06-25-2025 18:14:01.442,327,RECV,7E000F81000322024E333038362D554C5A48C8
06-25-2025 18:14:01.442,328,RECV,7E000F8100011C024E313038372D424D5453DE
06-25-2025 18:14:01.442,329,RECV,7E000F81000220024E323038372D32455546FC
06-25-2025 18:14:01.442,330,RECV,7E000F81000322024E333038372D4F345A47E6
06-25-2025 18:14:01.442,331,RECV,7E000F8100011B024E313038382D49464357EB
06-25-2025 18:14:01.491,332,RECV,7E000F81000220024E323038382D504B594ECB
06-25-2025 18:14:01.491,333,RECV,7E000F81000322024E333038382D49564852D0
06-25-2025 18:14:01.491,334,RECV,7E000F81000426024E343039312D48464D31FD
06-25-2025 18:14:01.491,335,RECV,7E000F8100011B024E313038392D4151564BE0
06-25-2025 18:14:01.491,336,RECV,7E000F81000220024E323038392D4B4B393409
06-25-2025 18:14:01.541,337,RECV,7E000F81000322024E333038392D41394C3210
06-25-2025 18:14:01.541,338,RECV,7E000F81000426024E343039322D57575338CF
06-25-2025 18:14:01.541,339,RECV,7E000F8100011B024E313039302D4839445AFC
06-25-2025 18:14:01.541,340,RECV,7E000F81000220024E323039302D333649352D
06-25-2025 18:14:01.541,341,RECV,7E000F81000322024E333039302D32384D467D33
06-25-2025 18:14:01.541,342,RECV,7E000F81000426024E343039332D37445551E6
06-25-2025 18:14:01.541,343,RECV,7E000F8100011B024E313039312D39584849F8
06-25-2025 18:14:01.591,344,RECV,7E000F81000220024E323039312D51434D4EE4
06-25-2025 18:14:01.592,345,RECV,7E000F81000322024E333039312D38455A4BED
06-25-2025 18:14:01.592,346,RECV,7E000F81000426024E343039342D364F4B41F5
06-25-2025 18:14:01.592,347,RECV,7E000F8100011B024E313039322D464F5555DA
06-25-2025 18:14:01.592,348,RECV,7E000F81000220024E323039322D4337424F07
06-25-2025 18:14:01.642,349,RECV,7E000F81000322024E333039322D534B414BE4
06-25-2025 18:14:01.642,350,RECV,7E000F8100011C024E313039332D444A4254F3
06-25-2025 18:14:01.642,351,RECV,7E000F81000220024E323039332D5555313204
06-25-2025 18:14:01.642,352,RECV,7E000F81000426024E343039362D5833504BDE
06-25-2025 18:14:01.644,353,RECV,7E000F81000322024E333039332D333146372C
06-25-2025 18:14:01.644,354,RECV,7E000F8100011B024E313039342D3653444307
06-25-2025 18:14:01.692,355,RECV,7E000F81000220024E323039342D3046365410
06-25-2025 18:14:01.692,356,RECV,7E000F81000426024E343039372D50473856DE
06-25-2025 18:14:01.692,357,RECV,7E000F81000322024E333039342D4F365839F6
06-25-2025 18:14:01.692,358,RECV,7E000F8100011B024E313039352D314A455303
06-25-2025 18:14:01.692,359,RECV,7E000F81000220024E323039352D373041392E
06-25-2025 18:14:01.692,360,RECV,7E000F81000426024E343039382D5A34444AE6
06-25-2025 18:14:01.742,361,RECV,7E000F81000322024E333039352D324146381A
06-25-2025 18:14:01.742,362,RECV,7E000F8100011B024E313039362D594A3941F8
06-25-2025 18:14:01.742,363,RECV,7E000F81000220024E323039362D384130547D31
06-25-2025 18:14:01.742,364,RECV,7E000F81000426024E343039392D4844534AD8
06-25-2025 18:14:01.742,365,RECV,7E000F81000322024E333039362D55464741E7
06-25-2025 18:14:01.742,366,RECV,7E000F8100011B024E313039372D50585247D3
06-25-2025 18:14:01.792,367,RECV,7E000F81000220024E323039372D5831574DE0
06-25-2025 18:14:01.792,368,RECV,7E000F81000322024E333039372D3030454321
06-25-2025 18:14:01.792,369,RECV,7E000F8100011B024E313039382D4F345643F7
06-25-2025 18:14:01.792,370,RECV,7E000F81000220024E323039382D3037325320
06-25-2025 18:14:01.792,371,RECV,7E000F81000322024E333039382D39385545FD
06-25-2025 18:14:01.792,372,RECV,7E000F8100011B024E313039392D53415057D7
06-25-2025 18:14:01.842,373,RECV,7E000F81000220024E323039392D56554847D1
06-25-2025 18:14:01.842,374,RECV,7E000F81000322024E333039392D30485A49EC
