05-26-2025 15:53:28.515,-,API2,"Sink 2,0013A20041839DCA,802.15.4 TH,2003,/dev/ttyUSB2 - 57600/8/M/1/N,1,46"

05-26-2025 15:52:25.838,0,RECV,7E000F81000023024E343030302D5952373305
05-26-2025 15:52:25.839,1,RECV,7E000F8100001B024E333030302D494550390C
05-26-2025 15:52:25.843,2,RECV,7E000F8100003E024E373030312D43553258D9
05-26-2025 15:52:25.844,3,RECV,7E000F8100001C024E333030312D4544344A1A
05-26-2025 15:52:25.844,4,RECV,7E000F81000023024E343030322D3532454725
05-26-2025 15:52:25.935,5,RECV,7E000F8100003E024E373030322D3533463616
05-26-2025 15:52:25.936,6,RECV,7E000F8100001C024E333030322D414555380D
05-26-2025 15:52:25.936,7,RECV,7E007D338100001C000CFFFFFFFFFFFFFFFF0000005348C3
05-26-2025 15:52:25.936,8,RECV,7E007D3381000040000CFFFFFFFFFFFFFFFF00000053489F
05-26-2025 15:52:25.936,9,RECV,7E007D3381000023000CFFFFFFFFFFFFFFFF0000005348BC
05-26-2025 15:52:25.936,10,RECV,7E000F8100003E024E373030332D57533234E9
05-26-2025 15:52:25.936,11,RECV,7E000F81000023024E343030332D5344504AE6
05-26-2025 15:52:25.936,12,RECV,7E000F8100001C024E333030332D4D4C3852FC
05-26-2025 15:52:25.936,13,RECV,7E007D3381000036000DFFFFFFFFFFFFFFFF0000005348A8
05-26-2025 15:52:25.936,14,RECV,7E000F81000035024E383030342D37514350E5
05-26-2025 15:52:25.936,15,RECV,7E000F81000023024E343030342D48394459F8
05-26-2025 15:52:25.936,16,RECV,7E000F8100001C024E333030342D4C33574602
05-26-2025 15:52:25.936,17,RECV,7E000F81000036024E383030352D57424435EC
05-26-2025 15:52:25.936,18,RECV,7E000F81000023024E343030352D59513558DE
05-26-2025 15:52:25.937,19,RECV,7E000F8100001C024E333030352D454C39381B
05-26-2025 15:52:25.937,20,RECV,7E000F81000036024E383030362D33325956E9
05-26-2025 15:52:25.938,21,RECV,7E000F81000040024E373030362D5147314AE1
05-26-2025 15:52:25.938,22,RECV,7E000F81000023024E343030362D464633447D31
05-26-2025 15:52:25.938,23,RECV,7E000F8100001C024E333030362D4C36574300
05-26-2025 15:52:25.938,24,RECV,7E000F81000036024E383030372D595A4731D1
05-26-2025 15:52:25.938,25,RECV,7E000F81000040024E373030372D47313252F7
05-26-2025 15:52:25.938,26,RECV,7E000F81000023024E343030372D54524A57CC
05-26-2025 15:52:25.938,27,RECV,7E000F8100001C024E333030372D5A4C304FF6
05-26-2025 15:52:25.939,28,RECV,7E000F81000036024E383030382D42565543CB
05-26-2025 15:52:25.939,29,RECV,7E000F81000040024E373030382D41344B35FD
05-26-2025 15:52:25.979,30,RECV,7E000F81000023024E343030382D4C31385409
05-26-2025 15:52:25.980,31,RECV,7E000F8100001C024E333030382D32354A4C1D
05-26-2025 15:52:25.981,32,RECV,7E000F81000036024E383030392D42563134FD
05-26-2025 15:52:25.981,33,RECV,7E000F81000040024E373030392D37443842FC
05-26-2025 15:52:25.981,34,RECV,7E000F81000023024E343030392D3738384426
05-26-2025 15:52:25.981,35,RECV,7E000F8100001C024E333030392D5932344317
05-26-2025 15:52:25.981,36,RECV,7E000F81000037024E383031302D4C573742E5
05-26-2025 15:52:25.981,37,RECV,7E000F81000024024E343031302D463834570F
05-26-2025 15:52:25.981,38,RECV,7E000F8100001C024E333031302D55545836EA
05-26-2025 15:52:25.985,39,RECV,7E000F81000036024E383031312D58564A52B7
05-26-2025 15:52:25.986,40,RECV,7E000F81000024024E343031312D3448453323
05-26-2025 15:52:25.986,41,RECV,7E000F8100001C024E333031312D4636325121
05-26-2025 15:52:25.986,42,RECV,7E000F81000036024E383031322D594D4958B9
05-26-2025 15:52:26.000,43,RECV,7E000F81000024024E343031322D54345A44F0
05-26-2025 15:52:26.001,44,RECV,7E000F8100001C024E333031322D34334A3638
05-26-2025 15:52:26.001,45,RECV,7E000F81000037024E383031332D3238345010
05-26-2025 15:52:26.021,46,RECV,7E000F81000024024E343031332D4A533155F2
05-26-2025 15:52:26.021,47,RECV,7E000F8100001B024E333031332D38304F4721
05-26-2025 15:52:26.021,48,RECV,7E000F81000037024E383031342D58473255D7
05-26-2025 15:52:26.031,49,RECV,7E000F81000024024E343031342D415135301D
05-26-2025 15:52:26.031,50,RECV,7E000F8100001C024E333031342D563155320F
05-26-2025 15:52:26.064,51,RECV,7E000F81000024024E343031352D31595A57D8
05-26-2025 15:52:26.100,52,RECV,7E000F81000040024E373031352D41464456D3
05-26-2025 15:52:26.134,53,RECV,7E000F8100001C024E333031352D344B364A1D
05-26-2025 15:52:26.157,54,RECV,7E000F81000024024E343031362D57304954EE
05-26-2025 15:52:26.160,55,RECV,7E000F81000040024E373031362D33595A43CA
05-26-2025 15:52:26.161,56,RECV,7E000F81000037024E383031372D41484544E8
05-26-2025 15:52:26.161,57,RECV,7E000F8100001C024E333031362D3559513507
05-26-2025 15:52:26.161,58,RECV,7E000F81000024024E343031372D423847450B
05-26-2025 15:52:26.161,59,RECV,7E000F81000040024E373031372D324C544ED2
05-26-2025 15:52:26.161,60,RECV,7E000F81000037024E383031382D37495744DE
05-26-2025 15:52:26.161,61,RECV,7E000F8100001B024E333031372D50545630F1
05-26-2025 15:52:26.161,62,RECV,7E000F81000024024E343031382D48594F50D0
05-26-2025 15:52:26.161,63,RECV,7E000F81000040024E373031382D46455836D8
05-26-2025 15:52:26.161,64,RECV,7E000F81000036024E383031392D4E4D524AC2
05-26-2025 15:52:26.161,65,RECV,7E000F8100001B024E333031382D3048564705
05-26-2025 15:52:26.162,66,RECV,7E000F81000024024E343031392D363336511F
05-26-2025 15:52:26.162,67,RECV,7E000F81000041024E373031392D47494B35DF
05-26-2025 15:52:26.162,68,RECV,7E000F81000037024E383032302D43565847C8
05-26-2025 15:52:26.162,69,RECV,7E000F8100001C024E333031392D4B4F36357D33
05-26-2025 15:52:26.162,70,RECV,7E000F81000024024E343032302D424A3658FD
05-26-2025 15:52:26.162,71,RECV,7E000F81000041024E373032302D5544574FB8
05-26-2025 15:52:26.162,72,RECV,7E000F81000037024E383032312D514E5432DA
05-26-2025 15:52:26.163,73,RECV,7E000F8100001B024E333032302D47584741FA
05-26-2025 15:52:26.163,74,RECV,7E000F81000024024E343032312D38365754FD
05-26-2025 15:52:26.163,75,RECV,7E000F81000041024E373032312D565A4230D4
05-26-2025 15:52:26.163,76,RECV,7E000F81000037024E383032322D444D4E45DA
05-26-2025 15:52:26.163,77,RECV,7E000F8100001C024E333032312D44485051F2
05-26-2025 15:52:26.163,78,RECV,7E000F81000024024E343032322D505A4A58C9
05-26-2025 15:52:26.163,79,RECV,7E000F81000037024E383032332D39314954F6
05-26-2025 15:52:26.172,80,RECV,7E000F8100001B024E333032322D3235313750
05-26-2025 15:52:26.177,81,RECV,7E000F81000024024E343032332D32434F5000
05-26-2025 15:52:26.177,82,RECV,7E000F81000037024E383032342D4A533537F3
05-26-2025 15:52:26.182,83,RECV,7E000F8100001B024E333032332D524C514AE5
05-26-2025 15:52:26.182,84,RECV,7E000F81000023024E343032342D354E42301F
05-26-2025 15:52:26.183,85,RECV,7E000F81000037024E383032352D5450484BC4
05-26-2025 15:52:26.265,86,RECV,7E000F8100001B024E333032342D59354F59E7
05-26-2025 15:52:26.311,87,RECV,7E000F81000024024E343032352D46454158EE
05-26-2025 15:52:26.311,88,RECV,7E000F81000037024E383032362D46354E4DE4
05-26-2025 15:52:26.311,89,RECV,7E000F81000041024E373032352D56444D32D9
05-26-2025 15:52:26.311,90,RECV,7E000F8100001B024E333032352D4F305856EF
05-26-2025 15:52:26.311,91,RECV,7E000F81000023024E343032362D385A4249F5
05-26-2025 15:52:26.311,92,RECV,7E000F81000037024E383032372D41535636D9
05-26-2025 15:52:26.311,93,RECV,7E000F81000040024E373032362D414D3542ED
05-26-2025 15:52:26.311,94,RECV,7E000F8100001C024E333032362D5956363005
05-26-2025 15:52:26.311,95,RECV,7E000F81000023024E343032372D454E5135F8
05-26-2025 15:52:26.311,96,RECV,7E000F81000038024E383032382D46574830E2
05-26-2025 15:52:26.311,97,RECV,7E000F81000040024E373032372D36494658D4
05-26-2025 15:52:26.311,98,RECV,7E000F8100001B024E333032372D424C594BE8
05-26-2025 15:52:26.311,99,RECV,7E000F81000037024E383032392D42413148FB
05-26-2025 15:52:26.311,100,RECV,7E000F81000041024E373032382D4838303807
05-26-2025 15:52:26.311,101,RECV,7E000F81000037024E383033302D4B334754E6
05-26-2025 15:52:26.311,102,RECV,7E000F81000042024E373032392D4B574B52AE
05-26-2025 15:52:26.311,103,RECV,7E000F8100001C024E333032392D3151514EF6
05-26-2025 15:52:26.317,104,RECV,7E000F81000038024E383033312D32494649F3
05-26-2025 15:52:26.317,105,RECV,7E000F81000041024E373033302D4C4D4843D2
05-26-2025 15:52:26.317,106,RECV,7E000F81000023024E343033312D3242495504
05-26-2025 15:52:26.317,107,RECV,7E000F8100001C024E333033302D3446544A07
05-26-2025 15:52:26.317,108,RECV,7E000F81000037024E383033322D34505357CF
05-26-2025 15:52:26.318,109,RECV,7E000F81000041024E373033312D42473058E4
05-26-2025 15:52:26.318,110,RECV,7E000F81000023024E343033322D4242375703
05-26-2025 15:52:26.318,111,RECV,7E000F8100001C024E333033312D4C534946F0
05-26-2025 15:52:26.318,112,RECV,7E000F81000042024E373033322D44533755D0
05-26-2025 15:52:26.399,113,RECV,7E000F81000023024E343033332D45394D387D31
05-26-2025 15:52:26.407,114,RECV,7E000F81000038024E383033342D44384656E2
05-26-2025 15:52:26.407,115,RECV,7E000F8100001B024E333033322D354C364225
05-26-2025 15:52:26.407,116,RECV,7E000F81000042024E373033332D56343735FC
05-26-2025 15:52:26.407,117,RECV,7E000F81000023024E343033342D5A424E58D1
05-26-2025 15:52:26.407,118,RECV,7E000F81000038024E383033352D52325657C8
05-26-2025 15:52:26.407,119,RECV,7E000F8100001C024E333033332D4F4C344508
05-26-2025 15:52:26.407,120,RECV,7E000F81000041024E373033342D44485730DF
05-26-2025 15:52:26.407,121,RECV,7E000F81000023024E343033352D354D374415
05-26-2025 15:52:26.407,122,RECV,7E000F81000038024E383033362D33473158F5
05-26-2025 15:52:26.407,123,RECV,7E000F8100001B024E333033342D46554D59DB
05-26-2025 15:52:26.407,124,RECV,7E000F81000041024E373033352D4A4B4A43CF
05-26-2025 15:52:26.407,125,RECV,7E000F81000023024E343033362D42524A57DC
05-26-2025 15:52:26.407,126,RECV,7E000F81000038024E383033372D48344444F3
05-26-2025 15:52:26.407,127,RECV,7E000F8100001C024E333033352D4C4C4745F6
05-26-2025 15:52:26.407,128,RECV,7E000F81000041024E373033362D31555548CD
05-26-2025 15:52:26.407,129,RECV,7E000F81000023024E343033372D4C453659F0
05-26-2025 15:52:26.407,130,RECV,7E000F8100001C024E333033362D54464E34FD
05-26-2025 15:52:26.407,131,RECV,7E000F81000041024E373033372D58315641CF
05-26-2025 15:52:26.408,132,RECV,7E000F81000023024E343033382D3546334A17
05-26-2025 15:52:26.440,133,RECV,7E000F8100001C024E333033372D58554149E1
05-26-2025 15:52:26.483,134,RECV,7E000F81000041024E373033382D55554844B8
05-26-2025 15:52:26.483,135,RECV,7E000F81000023024E343033392D55335056E0
05-26-2025 15:52:26.483,136,RECV,7E000F8100001C024E333033382D484252300B
05-26-2025 15:52:26.483,137,RECV,7E000F81000041024E373033392D4A334734F5
05-26-2025 15:52:26.483,138,RECV,7E000F81000023024E343034302D3835505801
05-26-2025 15:52:26.483,139,RECV,7E000F8100001C024E333033392D42554654E5
05-26-2025 15:52:26.483,140,RECV,7E000F81000041024E373034302D50444538E4
05-26-2025 15:52:26.483,141,RECV,7E000F81000023024E343034312D4332513817
05-26-2025 15:52:26.488,142,RECV,7E000F8100001C024E333034302D3756324916
05-26-2025 15:52:26.488,143,RECV,7E000F81000041024E373034312D45434A4CD6
05-26-2025 15:52:26.489,144,RECV,7E000F81000023024E343034322D4B354E56F0
05-26-2025 15:52:26.489,145,RECV,7E000F8100001B024E333034312D4150375402
05-26-2025 15:52:26.489,146,RECV,7E000F81000041024E373034322D31583344F3
05-26-2025 15:52:26.489,147,RECV,7E000F81000023024E343034332D513347390F
05-26-2025 15:52:26.539,148,RECV,7E000F8100001C024E333034322D565A4531F6
05-26-2025 15:52:26.565,149,RECV,7E000F81000040024E373034332D414D415ACA
05-26-2025 15:52:26.565,150,RECV,7E000F81000037024E383034352D354131430F
05-26-2025 15:52:26.565,151,RECV,7E000F81000023024E343034342D364E583105
05-26-2025 15:52:26.565,152,RECV,7E000F8100001C024E333034332D414E4757EE
05-26-2025 15:52:26.565,153,RECV,7E000F81000041024E373034342D4F455852B3
05-26-2025 15:52:26.565,154,RECV,7E000F81000038024E383034362D4B563250D4
05-26-2025 15:52:26.565,155,RECV,7E000F81000024024E343034352D55494637F5
05-26-2025 15:52:26.565,156,RECV,7E000F8100001B024E333034342D4542463618
05-26-2025 15:52:26.565,157,RECV,7E000F81000039024E383034372D58383947E5
05-26-2025 15:52:26.565,158,RECV,7E000F81000024024E343034362D3532424F17
05-26-2025 15:52:26.565,159,RECV,7E000F8100001C024E333034352D3955424306
05-26-2025 15:52:26.565,160,RECV,7E000F81000038024E383034382D52484156C4
05-26-2025 15:52:26.565,161,RECV,7E000F81000024024E343034372D435A474DDD
05-26-2025 15:52:26.565,162,RECV,7E000F8100001C024E333034362D553639391B
05-26-2025 15:52:26.570,163,RECV,7E000F81000042024E373034372D485A4746BE
05-26-2025 15:52:26.570,164,RECV,7E000F81000023024E343034382D5A465849CD
05-26-2025 15:52:26.570,165,RECV,7E000F8100001B024E333034372D305635332A
05-26-2025 15:52:26.580,166,RECV,7E000F81000024024E343034392D3136504A0B
05-26-2025 15:52:26.580,167,RECV,7E000F81000038024E383035312D53365339E6
05-26-2025 15:52:26.595,168,RECV,7E000F8100001B024E333034382D59465235F1
05-26-2025 15:52:26.641,169,RECV,7E000F81000024024E343035302D57553938F7
05-26-2025 15:52:26.641,170,RECV,7E000F81000038024E383035322D4B5A494EBE
05-26-2025 15:52:26.641,171,RECV,7E000F8100001B024E333034392D5A5A3039F9
05-26-2025 15:52:26.641,172,RECV,7E000F81000024024E343035312D384C5943F3
05-26-2025 15:52:26.641,173,RECV,7E000F81000038024E383035332D57464651C5
05-26-2025 15:52:26.641,174,RECV,7E000F8100001B024E333035302D354D415308
05-26-2025 15:52:26.641,175,RECV,7E000F81000042024E373035312D52563855BD
05-26-2025 15:52:26.641,176,RECV,7E000F81000039024E383035342D33365750E7
05-26-2025 15:52:26.642,177,RECV,7E000F8100001B024E333035312D4D345A330F
05-26-2025 15:52:26.642,178,RECV,7E000F81000042024E373035322D42314D44ED
05-26-2025 15:52:26.642,179,RECV,7E000F81000038024E383035352D41543449E5
05-26-2025 15:52:26.642,180,RECV,7E000F8100001C024E333035322D4E57304CFA
05-26-2025 15:52:26.754,181,RECV,7E000F81000042024E373035332D4250344FDB
05-26-2025 15:52:26.765,182,RECV,7E000F81000039024E383035362D56574259AD
05-26-2025 15:52:26.765,183,RECV,7E000F81000023024E343035352D554C5535E5
05-26-2025 15:52:26.765,184,RECV,7E000F8100001C024E333035332D47575147E4
05-26-2025 15:52:26.765,185,RECV,7E000F81000042024E373035342D594B4345C3
05-26-2025 15:52:26.765,186,RECV,7E000F81000038024E383035372D56593757B8
05-26-2025 15:52:26.765,187,RECV,7E000F81000023024E343035362D5A514358C9
05-26-2025 15:52:26.765,188,RECV,7E000F8100001C024E333035342D584B363709
05-26-2025 15:52:26.765,189,RECV,7E000F81000041024E373035352D43583158CB
05-26-2025 15:52:26.765,190,RECV,7E000F81000037024E383035382D3259334CEB
05-26-2025 15:52:26.765,191,RECV,7E000F81000024024E343035372D36335459F7
05-26-2025 15:52:26.765,192,RECV,7E000F8100001C024E333035352D494734460E
05-26-2025 15:52:26.765,193,RECV,7E000F81000040024E373035362D3635594CDF
05-26-2025 15:52:26.765,194,RECV,7E000F81000038024E383035392D58334236F0
05-26-2025 15:52:26.765,195,RECV,7E000F81000024024E343035382D4A374F3309
05-26-2025 15:52:26.765,196,RECV,7E000F8100001C024E333035362D49415948EC
05-26-2025 15:52:26.765,197,RECV,7E000F81000040024E373035372D50533335E3
05-26-2025 15:52:26.766,198,RECV,7E000F81000037024E383036302D56424945D6
05-26-2025 15:52:26.766,199,RECV,7E000F81000023024E343035392D5A44504ED0
05-26-2025 15:52:26.766,200,RECV,7E000F8100001C024E333035372D4E4E4C57D7
05-26-2025 15:52:26.766,201,RECV,7E000F81000041024E373035382D43514C4BC1
05-26-2025 15:52:26.766,202,RECV,7E000F81000038024E383036312D44424C45E3
05-26-2025 15:52:26.766,203,RECV,7E000F81000023024E343036302D4A555957C5
05-26-2025 15:52:26.766,204,RECV,7E000F8100001C024E333035382D3847324A1A
05-26-2025 15:52:26.766,205,RECV,7E000F81000038024E383036322D5A433057D5
05-26-2025 15:52:26.796,206,RECV,7E000F81000022024E343036312D54475137F1
05-26-2025 15:52:26.796,207,RECV,7E000F8100001B024E333035392D414B3756FC
05-26-2025 15:52:26.796,208,RECV,7E000F81000037024E383036332D4A435843D1
05-26-2025 15:52:26.796,209,RECV,7E000F81000041024E373036302D58444F4BBD
05-26-2025 15:52:26.796,210,RECV,7E000F81000022024E343036322D384635530D
05-26-2025 15:52:26.796,211,RECV,7E000F8100001C024E333036302D57435239F7
05-26-2025 15:52:26.796,212,RECV,7E000F81000038024E383036342D584B324AD8
05-26-2025 15:52:26.797,213,RECV,7E000F81000041024E373036312D354435360E
05-26-2025 15:52:26.797,214,RECV,7E000F81000023024E343036332D51534856CF
05-26-2025 15:52:26.797,215,RECV,7E000F8100001C024E333036312D535A5841D5
05-26-2025 15:52:26.807,216,RECV,7E000F81000041024E373036322D59465738C3
05-26-2025 15:52:26.807,217,RECV,7E000F81000023024E343036342D3859474BED
05-26-2025 15:52:26.807,218,RECV,7E000F8100001C024E333036322D314F304327
05-26-2025 15:52:26.889,219,RECV,7E000F81000023024E343036352D3131484F16
05-26-2025 15:52:26.889,220,RECV,7E000F81000037024E383036372D51344953D4
05-26-2025 15:52:26.889,221,RECV,7E000F8100001C024E333036332D3344563616
05-26-2025 15:52:26.889,222,RECV,7E000F81000042024E373036342D354C5A59BA
05-26-2025 15:52:26.890,223,RECV,7E000F81000023024E343036362D3636324E22
05-26-2025 15:52:26.890,224,RECV,7E000F81000037024E383036382D59594A4DAB
05-26-2025 15:52:26.890,225,RECV,7E000F8100001C024E333036342D4448303923
05-26-2025 15:52:26.890,226,RECV,7E000F81000041024E373036352D4F4F3544D7
05-26-2025 15:52:26.890,227,RECV,7E000F81000023024E343036372D38434D347D31
05-26-2025 15:52:26.890,228,RECV,7E000F81000037024E383036392D55524152B9
05-26-2025 15:52:26.890,229,RECV,7E000F8100001C024E333036352D44395845FD
05-26-2025 15:52:26.890,230,RECV,7E000F81000041024E373036362D59313059DA
05-26-2025 15:52:26.890,231,RECV,7E000F81000023024E343036382D3042354124
05-26-2025 15:52:26.890,232,RECV,7E000F81000038024E383037302D35434243FD
05-26-2025 15:52:26.890,233,RECV,7E000F8100001C024E333036362D564D4B47E1
05-26-2025 15:52:26.890,234,RECV,7E000F81000023024E343036392D304334461E
05-26-2025 15:52:26.890,235,RECV,7E000F81000038024E383037312D4E44414FD7
05-26-2025 15:52:26.890,236,RECV,7E000F8100001C024E333036372D4F515836E7
05-26-2025 15:52:26.890,237,RECV,7E000F81000023024E343037302D4B49393214
05-26-2025 15:52:26.951,238,RECV,7E000F81000037024E383037322D374D383508
05-26-2025 15:52:26.952,239,RECV,7E000F8100001C024E333036382D303136304D
05-26-2025 15:52:26.952,240,RECV,7E000F81000023024E343037312D5A494654D5
05-26-2025 15:52:26.952,241,RECV,7E000F81000041024E373036392D43344543EB
05-26-2025 15:52:26.952,242,RECV,7E000F81000037024E383037332D44304C4DEB
05-26-2025 15:52:26.952,243,RECV,7E000F8100001C024E333036392D4B595A51C4
05-26-2025 15:52:26.952,244,RECV,7E000F81000023024E343037322D5245314FFA
05-26-2025 15:52:26.952,245,RECV,7E000F81000041024E373037302D37555858B6
05-26-2025 15:52:26.952,246,RECV,7E000F81000037024E383037342D44395553D2
05-26-2025 15:52:26.952,247,RECV,7E000F8100001C024E333037302D433130482F
05-26-2025 15:52:26.952,248,RECV,7E000F81000023024E343037332D474D463105
05-26-2025 15:52:26.952,249,RECV,7E000F81000037024E383037352D4435493301
05-26-2025 15:52:27.038,250,RECV,7E000F8100001C024E333037312D4432514B08
05-26-2025 15:52:27.042,251,RECV,7E000F81000023024E343037342D33514B49F7
05-26-2025 15:52:27.042,252,RECV,7E000F81000038024E383037362D56375536DC
05-26-2025 15:52:27.042,253,RECV,7E000F81000041024E373037322D4C533147D9
05-26-2025 15:52:27.042,254,RECV,7E000F8100001C024E333037322D4B555949D7
05-26-2025 15:52:27.042,255,RECV,7E000F81000023024E343037352D4F445337F1
05-26-2025 15:52:27.042,256,RECV,7E000F81000037024E383037372D4E4E4957B8
05-26-2025 15:52:27.042,257,RECV,7E000F81000042024E373037332D57394C54BE
05-26-2025 15:52:27.042,258,RECV,7E000F8100001C024E333037332D3643374424
05-26-2025 15:52:27.042,259,RECV,7E000F81000024024E343037362D54414C52D9
05-26-2025 15:52:27.042,260,RECV,7E000F81000038024E383037382D50424836E2
05-26-2025 15:52:27.042,261,RECV,7E000F81000041024E373037342D58595A33B0
05-26-2025 15:52:27.042,262,RECV,7E000F8100001C024E333037342D4E395446F6
05-26-2025 15:52:27.042,263,RECV,7E000F81000023024E343037372D514C4C59CA
05-26-2025 15:52:27.042,264,RECV,7E000F81000038024E383037392D585A4543B7
05-26-2025 15:52:27.042,265,RECV,7E000F81000041024E373037352D434C4544D5
05-26-2025 15:52:27.042,266,RECV,7E000F8100001B024E333037352D4B494750EC
05-26-2025 15:52:27.042,267,RECV,7E000F81000038024E383038302D4E335835EB
05-26-2025 15:52:27.042,268,RECV,7E000F81000041024E373037362D36374A3005
05-26-2025 15:52:27.058,269,RECV,7E000F8100001C024E333037362D3459513304
05-26-2025 15:52:27.070,270,RECV,7E000F81000038024E383038312D5043474AD4
05-26-2025 15:52:27.070,271,RECV,7E000F81000040024E373037372D534C3955BF
05-26-2025 15:52:27.070,272,RECV,7E000F81000024024E343038302D3841474E03
05-26-2025 15:52:27.070,273,RECV,7E000F8100001B024E333037372D30555554E7
05-26-2025 15:52:27.070,274,RECV,7E000F81000040024E373037382D4F4F4747BF
05-26-2025 15:52:27.149,275,RECV,7E000F81000024024E343038312D353245451F
05-26-2025 15:52:27.164,276,RECV,7E000F81000038024E383038332D5A4E4341CA
05-26-2025 15:52:27.165,277,RECV,7E000F8100001C024E333037382D4944303224
05-26-2025 15:52:27.165,278,RECV,7E000F81000041024E373037392D43375A39DC
05-26-2025 15:52:27.165,279,RECV,7E000F81000024024E343038322D37474A4700
05-26-2025 15:52:27.165,280,RECV,7E000F81000037024E383038342D4258344EDA
05-26-2025 15:52:27.165,281,RECV,7E000F8100001B024E333037392D4E503552EE
05-26-2025 15:52:27.165,282,RECV,7E000F81000041024E373038302D4B444536E7
05-26-2025 15:52:27.165,283,RECV,7E000F81000024024E343038332D5848333506
05-26-2025 15:52:27.165,284,RECV,7E000F81000038024E383038352D34555649CC
05-26-2025 15:52:27.165,285,RECV,7E000F8100001B024E333038302D333345323E
05-26-2025 15:52:27.165,286,RECV,7E000F81000041024E373038312D3954354DE1
05-26-2025 15:52:27.166,287,RECV,7E000F81000023024E343038342D514D4657D3
05-26-2025 15:52:27.166,288,RECV,7E000F81000038024E383038362D37325659DB
05-26-2025 15:52:27.166,289,RECV,7E000F8100001B024E333038312D4359504EE0
05-26-2025 15:52:27.166,290,RECV,7E000F81000041024E373038322D30314C45FD
05-26-2025 15:52:27.166,291,RECV,7E000F81000024024E343038352D3235554F01
05-26-2025 15:52:27.166,292,RECV,7E000F8100001B024E333038322D4B354C4B02
05-26-2025 15:52:27.166,293,RECV,7E000F81000024024E343038362D56594C53BD
05-26-2025 15:52:27.166,294,RECV,7E000F8100001C024E333038332D4335595AEC
05-26-2025 15:52:27.166,295,RECV,7E000F81000024024E343038372D46535537E5
05-26-2025 15:52:27.171,296,RECV,7E000F8100001B024E333038342D4756534DDA
05-26-2025 15:52:27.171,297,RECV,7E000F81000023024E343038382D3154473905
05-26-2025 15:52:27.171,298,RECV,7E000F81000040024E373038352D444F5943BE
05-26-2025 15:52:27.282,299,RECV,7E000F8100001C024E333038352D4E39454FFA
05-26-2025 15:52:27.309,300,RECV,7E000F81000038024E383039312D59384837E7
05-26-2025 15:52:27.309,301,RECV,7E000F81000024024E343038392D42385953E2
05-26-2025 15:52:27.309,302,RECV,7E000F81000041024E373038362D4932324FEF
05-26-2025 15:52:27.309,303,RECV,7E000F8100001B024E333038362D5733414604
05-26-2025 15:52:27.309,304,RECV,7E000F81000038024E383039322D42414835F6
05-26-2025 15:52:27.309,305,RECV,7E000F81000024024E343039302D3534354929
05-26-2025 15:52:27.309,306,RECV,7E000F81000041024E373038372D43474234EA
05-26-2025 15:52:27.309,307,RECV,7E000F8100001C024E333038372D56533757DC
05-26-2025 15:52:27.309,308,RECV,7E000F81000038024E383039332D55484B38D5
05-26-2025 15:52:27.309,309,RECV,7E000F81000023024E343039312D514E3351ED
05-26-2025 15:52:27.309,310,RECV,7E000F81000041024E373038382D4F4A3843D5
05-26-2025 15:52:27.309,311,RECV,7E000F8100001C024E333038382D3850394F02
05-26-2025 15:52:27.309,312,RECV,7E000F81000038024E383039342D50504158BB
05-26-2025 15:52:27.309,313,RECV,7E000F81000023024E343039322D4F513744F4
05-26-2025 15:52:27.309,314,RECV,7E000F81000041024E373038392D3239554ADE
05-26-2025 15:52:27.309,315,RECV,7E000F8100001C024E333038392D55455855CA
05-26-2025 15:52:27.309,316,RECV,7E000F81000038024E383039352D48344533FF
05-26-2025 15:52:27.309,317,RECV,7E000F81000023024E343039332D4A4B554CD8
05-26-2025 15:52:27.309,318,RECV,7E000F81000041024E373039302D504C374FCE
05-26-2025 15:52:27.309,319,RECV,7E000F8100001C024E333039302D354E5247FD
05-26-2025 15:52:27.309,320,RECV,7E000F81000038024E383039362D57383137FB
05-26-2025 15:52:27.309,321,RECV,7E000F81000023024E343039342D3531534B09
05-26-2025 15:52:27.309,322,RECV,7E000F81000041024E373039312D3846574DCD
05-26-2025 15:52:27.310,323,RECV,7E000F8100001B024E333039312D48593349FC
05-26-2025 15:52:27.310,324,RECV,7E000F81000038024E383039372D41493042F5
05-26-2025 15:52:27.345,325,RECV,7E000F81000023024E343039352D4A48364CF8
05-26-2025 15:52:27.346,326,RECV,7E000F81000041024E373039322D324D455AD0
05-26-2025 15:52:27.346,327,RECV,7E000F8100001C024E333039322D4535444514
05-26-2025 15:52:27.346,328,RECV,7E000F81000037024E383039382D4A36384FEA
05-26-2025 15:52:27.346,329,RECV,7E000F81000023024E343039362D53424557DA
05-26-2025 15:52:27.346,330,RECV,7E000F81000041024E373039332D53453048DD
05-26-2025 15:52:27.346,331,RECV,7E000F8100001C024E333039332D53503857E4
05-26-2025 15:52:27.346,332,RECV,7E000F81000038024E383039392D494F334FD5
05-26-2025 15:52:27.346,333,RECV,7E000F81000023024E343039372D3633434816
05-26-2025 15:52:27.346,334,RECV,7E000F81000041024E373039342D31594246DA
05-26-2025 15:52:27.346,335,RECV,7E000F8100001B024E333039342D4953324DFB
05-26-2025 15:52:27.346,336,RECV,7E000F81000023024E343039382D48415243EB
05-26-2025 15:52:27.346,337,RECV,7E000F81000042024E373039352D37515A47C1
05-26-2025 15:52:27.347,338,RECV,7E000F8100001C024E333039352D364F5644F5
05-26-2025 15:52:27.347,339,RECV,7E000F81000023024E343039392D5A585845B9
05-26-2025 15:52:27.376,340,RECV,7E000F81000042024E373039362D3547474ADC
05-26-2025 15:52:27.377,341,RECV,7E000F8100001C024E333039362D50364B52F0
05-26-2025 15:52:27.377,342,RECV,7E000F81000041024E373039372D304731370A
05-26-2025 15:52:27.377,343,RECV,7E000F8100001C024E333039372D4556423005
05-26-2025 15:52:27.396,344,RECV,7E000F81000041024E373039382D534F3057BF
05-26-2025 15:52:27.396,345,RECV,7E000F8100001C024E333039382D304E5552EC
05-26-2025 15:52:27.407,346,RECV,7E000F81000042024E373039392D4D59324BC3
05-26-2025 15:52:27.407,347,RECV,7E000F8100001B024E333039392D44454F4DEC
