05-09-2025 04:11:36.975,-,API2,"Sink 2,0013A20041839DCA,802.15.4 TH,2003,/dev/ttyUSB1 - 57600/8/M/1/N,1,46"

05-09-2025 04:10:07.993,0,RECV,7E000F81000038024E383030302D324A4F4AEC
05-09-2025 04:10:07.994,1,RECV,7E000F81000030024E363030302D3238594602
05-09-2025 04:10:07.996,2,RECV,7E000F81000038024E383030312D42314A3112
05-09-2025 04:10:07.996,3,RECV,7E000F8100002E024E363030312D303536432E
05-09-2025 04:10:07.996,4,RECV,7E000F8100003C024E353030312D5233384101
05-09-2025 04:10:07.996,5,RECV,7E007D3381000038000BFFFFFFFFFFFFFFFF0000005348A8
05-09-2025 04:10:07.996,6,RECV,7E007D338100002D000BFFFFFFFFFFFFFFFF0000005348B3
05-09-2025 04:10:08.015,7,RECV,7E000F81000040024E373030322D39475536ED
05-09-2025 04:10:08.016,8,RECV,7E000F8100002B024E363030322D55354F3500
05-09-2025 04:10:08.043,9,RECV,7E000F8100003A024E353030322D5A47554AC0
05-09-2025 04:10:08.043,10,RECV,7E000F81000037024E383030332D41385138FD
05-09-2025 04:10:08.093,11,RECV,7E000F8100002B024E363030332D504A5437E8
05-09-2025 04:10:08.128,12,RECV,7E000F8100002B024E363030342D43304A301F
05-09-2025 04:10:08.152,13,RECV,7E000F8100002C024E363030352D44594C53CE
05-09-2025 04:10:08.152,14,RECV,7E000F8100002C024E363030362D3649504FEB
05-09-2025 04:10:08.152,15,RECV,7E000F8100002C024E363030372D44525655C7
05-09-2025 04:10:08.153,16,RECV,7E000F81000040024E373030332D36493154F3
05-09-2025 04:10:08.153,17,RECV,7E000F8100002B024E363030382D514F504DCB
05-09-2025 04:10:08.153,18,RECV,7E000F81000040024E373030342D364F4846E3
05-09-2025 04:10:08.195,19,RECV,7E000F8100002C024E363030392D4A3633490A
05-09-2025 04:10:08.196,20,RECV,7E000F81000040024E373030352D4A4E4233E8
05-09-2025 04:10:08.196,21,RECV,7E000F8100003A024E353030342D55545131D3
05-09-2025 04:10:08.196,22,RECV,7E000F81000040024E373030372D4A563348D8
05-09-2025 04:10:08.196,23,RECV,7E000F8100003A024E353030352D39554B43E1
05-09-2025 04:10:08.247,24,RECV,7E000F81000040024E373030382D484A3547E4
05-09-2025 04:10:08.277,25,RECV,7E000F81000040024E373030392D48504C4AC3
05-09-2025 04:10:08.277,26,RECV,7E000F8100002B024E363031302D33593650FD
05-09-2025 04:10:08.277,27,RECV,7E000F81000040024E373031302D484B3744EB
05-09-2025 04:10:08.277,28,RECV,7E000F8100003E024E373031312D42314B42FA
05-09-2025 04:10:08.277,29,RECV,7E000F8100002B024E363031312D51444B4CE2
05-09-2025 04:10:08.296,30,RECV,7E000F8100003A024E353030362D3443444BF6
05-09-2025 04:10:08.305,31,RECV,7E000F8100002C024E363031322D3951325AF6
05-09-2025 04:10:08.305,32,RECV,7E000F8100002C024E363031332D49324851F7
05-09-2025 04:10:08.305,33,RECV,7E000F81000042024E373031322D59414F52BA
05-09-2025 04:10:08.346,34,RECV,7E000F8100003C024E353030382D31465831F8
05-09-2025 04:10:08.346,35,RECV,7E000F81000041024E373031332D42394647ED
05-09-2025 04:10:08.378,36,RECV,7E000F81000038024E383030352D52384C50D6
05-09-2025 04:10:08.378,37,RECV,7E000F81000042024E373031342D45585250B4
05-09-2025 04:10:08.378,38,RECV,7E000F81000042024E373031352D41454842E2
05-09-2025 04:10:08.378,39,RECV,7E000F81000042024E373031362D42434649DD
05-09-2025 04:10:08.446,40,RECV,7E000F8100002E024E363031342D515A5653B4
05-09-2025 04:10:08.449,41,RECV,7E000F8100003D024E353030392D53315958C1
05-09-2025 04:10:08.449,42,RECV,7E000F81000031024E363031352D58513234F5
05-09-2025 04:10:08.449,43,RECV,7E000F81000039024E383030362D4C414D39E7
05-09-2025 04:10:08.449,44,RECV,7E000F81000039024E383030372D494E4437E7
05-09-2025 04:10:08.496,45,RECV,7E000F81000043024E373031382D54473754C8
05-09-2025 04:10:08.497,46,RECV,7E000F81000043024E373031392D4332375AE7
05-09-2025 04:10:08.547,47,RECV,7E000F8100003D024E353031302D3054453500
05-09-2025 04:10:08.590,48,RECV,7E000F81000039024E383030382D324E5359CC
05-09-2025 04:10:08.599,49,RECV,7E000F8100003E024E353031312D324E363115
05-09-2025 04:10:08.599,50,RECV,7E000F8100003E024E353031322D43535950BC
05-09-2025 04:10:08.599,51,RECV,7E000F8100003D024E353031332D3554394FEA
05-09-2025 04:10:08.599,52,RECV,7E000F8100002E024E363031362D5A393456E9
05-09-2025 04:10:08.599,53,RECV,7E000F81000039024E383030392D524F4E4DBB
05-09-2025 04:10:08.599,54,RECV,7E000F8100002E024E363031372D3441593700
05-09-2025 04:10:08.607,55,RECV,7E000F8100003E024E353031342D4B475531E1
05-09-2025 04:10:08.607,56,RECV,7E000F81000043024E373032312D4358365AC9
05-09-2025 04:10:08.607,57,RECV,7E000F81000044024E373032322D5733444FD5
05-09-2025 04:10:08.647,58,RECV,7E000F8100003E024E353031352D42455656C5
05-09-2025 04:10:08.648,59,RECV,7E000F8100002F024E363031382D44473058F0
05-09-2025 04:10:08.648,60,RECV,7E000F8100003A024E383031302D4C41574ECC
05-09-2025 04:10:08.648,61,RECV,7E000F8100003E024E353031362D41454A33F4
05-09-2025 04:10:08.648,62,RECV,7E000F8100002F024E363031392D47434143F4
05-09-2025 04:10:08.648,63,RECV,7E000F8100002E024E363032302D374345397D33
05-09-2025 04:10:08.747,64,RECV,7E000F8100003A024E383031322D4A374558DE
05-09-2025 04:10:08.824,65,RECV,7E000F81000043024E373032342D4E565345B5
05-09-2025 04:10:08.824,66,RECV,7E000F81000043024E373032352D56535A4E9F
05-09-2025 04:10:08.824,67,RECV,7E000F8100003D024E353031382D434F5032E2
05-09-2025 04:10:08.824,68,RECV,7E000F8100002F024E363032312D4D454756DA
05-09-2025 04:10:08.824,69,RECV,7E000F8100003A024E383031332D31495630FB
05-09-2025 04:10:08.824,70,RECV,7E000F8100002F024E363032322D4744453008
05-09-2025 04:10:08.824,71,RECV,7E000F8100002F024E363032332D4638523304
05-09-2025 04:10:08.847,72,RECV,7E000F8100003E024E353031392D31354956EF
05-09-2025 04:10:08.847,73,RECV,7E000F81000043024E373032362D32504344E6
05-09-2025 04:10:08.847,74,RECV,7E000F8100002F024E363032342D52334955E3
05-09-2025 04:10:08.848,75,RECV,7E000F8100002F024E363032352D5A495932D7
05-09-2025 04:10:08.848,76,RECV,7E000F8100002F024E363032362D33524751E7
05-09-2025 04:10:08.848,77,RECV,7E000F81000043024E373032382D4F43554EB8
05-09-2025 04:10:08.897,78,RECV,7E000F8100002F024E363032372D493339341A
05-09-2025 04:10:08.897,79,RECV,7E000F8100002F024E363032382D57504B59B7
05-09-2025 04:10:08.948,80,RECV,7E000F81000039024E383031342D55414D59BF
05-09-2025 04:10:08.949,81,RECV,7E000F81000043024E373032392D3739333118
05-09-2025 04:10:08.950,82,RECV,7E000F8100002F024E363032392D5A323845F8
05-09-2025 04:10:08.950,83,RECV,7E000F8100002E024E363033302D4641394802
05-09-2025 04:10:08.950,84,RECV,7E000F8100002E024E363033312D304B384E08
05-09-2025 04:10:08.951,85,RECV,7E000F8100002F024E363033322D51444559D4
05-09-2025 04:10:08.958,86,RECV,7E000F8100003A024E383031352D3252314BF9
05-09-2025 04:10:08.958,87,RECV,7E000F81000039024E383031362D4C4E514EC0
05-09-2025 04:10:08.998,88,RECV,7E000F81000039024E383031372D514B4D58B7
05-09-2025 04:10:09.008,89,RECV,7E000F81000039024E383031382D36384B51ED
05-09-2025 04:10:09.055,90,RECV,7E000F8100002F024E363033332D435038310A
05-09-2025 04:10:09.055,91,RECV,7E000F81000043024E373033312D57433742E0
05-09-2025 04:10:09.055,92,RECV,7E000F8100002E024E363033342D5345434DDE
05-09-2025 04:10:09.098,93,RECV,7E000F81000043024E373033332D46483839F2
05-09-2025 04:10:09.104,94,RECV,7E000F81000043024E373033342D4C51504DB6
05-09-2025 04:10:09.104,95,RECV,7E000F8100002E024E363033352D4D5A4848CE
05-09-2025 04:10:09.109,96,RECV,7E000F8100003E024E353032312D57444357C6
05-09-2025 04:10:09.119,97,RECV,7E000F81000043024E373033362D4D474854BE
05-09-2025 04:10:09.123,98,RECV,7E000F8100003E024E353032322D4F48534BC5
05-09-2025 04:10:09.139,99,RECV,7E000F8100003A024E383031392D344A31390D
05-09-2025 04:10:09.140,100,RECV,7E000F81000043024E373033372D37365937F0
05-09-2025 04:10:09.198,101,RECV,7E000F8100003E024E353032332D56575344B5
05-09-2025 04:10:09.210,102,RECV,7E000F81000042024E373033382D4B364C41DF
05-09-2025 04:10:09.210,103,RECV,7E000F8100002E024E363033362D334F384DFD
05-09-2025 04:10:09.210,104,RECV,7E000F81000043024E373033392D55543547C6
05-09-2025 04:10:09.210,105,RECV,7E000F8100003E024E353032342D33515944D7
05-09-2025 04:10:09.210,106,RECV,7E000F81000043024E373034302D594B5143BB
05-09-2025 04:10:09.255,107,RECV,7E000F81000043024E373034312D31484936FA
05-09-2025 04:10:09.258,108,RECV,7E000F8100002C024E363033372D58454A41DD
05-09-2025 04:10:09.258,109,RECV,7E000F81000043024E373034322D5A344E48CD
05-09-2025 04:10:09.299,110,RECV,7E000F81000043024E373034332D343535480A
05-09-2025 04:10:09.306,111,RECV,7E000F8100003A024E383032302D59534E32D1
05-09-2025 04:10:09.349,112,RECV,7E000F81000044024E373034342D5549595A9D
05-09-2025 04:10:09.397,113,RECV,7E000F81000030024E363033382D594F4E4EBC
05-09-2025 04:10:09.414,114,RECV,7E000F8100003E024E353032352D4F315939E5
05-09-2025 04:10:09.414,115,RECV,7E000F81000040024E373034352D37344546FB
05-09-2025 04:10:09.414,116,RECV,7E000F8100003E024E353032362D56435A43C0
05-09-2025 04:10:09.414,117,RECV,7E000F8100002F024E363033392D4D544242DB
05-09-2025 04:10:09.415,118,RECV,7E000F8100003D024E353032372D41435A4FC9
05-09-2025 04:10:09.415,119,RECV,7E000F81000044024E373034362D4B385A55BA
05-09-2025 04:10:09.415,120,RECV,7E000F8100003D024E353032382D54465046C5
05-09-2025 04:10:09.415,121,RECV,7E000F81000039024E383032312D33464E56E0
05-09-2025 04:10:09.415,122,RECV,7E000F81000043024E373034372D3934494DE9
05-09-2025 04:10:09.415,123,RECV,7E000F81000043024E373034392D35425139E9
05-09-2025 04:10:09.415,124,RECV,7E000F81000044024E373035302D52524E54AB
05-09-2025 04:10:09.415,125,RECV,7E000F8100002E024E363034302D4D385A4EDC
05-09-2025 04:10:09.415,126,RECV,7E000F8100003A024E383032322D5A503353CB
05-09-2025 04:10:09.415,127,RECV,7E000F8100002F024E363034312D304C5942F0
05-09-2025 04:10:09.424,128,RECV,7E000F8100002F024E363034322D315A34380F
05-09-2025 04:10:09.464,129,RECV,7E000F8100002F024E363034332D52503745E7
05-09-2025 04:10:09.464,130,RECV,7E000F81000043024E373035322D57495235C9
05-09-2025 04:10:09.464,131,RECV,7E000F8100002B024E363034342D55485148D2
05-09-2025 04:10:09.464,132,RECV,7E000F81000033024E383032332D4A534C31E7
05-09-2025 04:10:09.464,133,RECV,7E000F8100003E024E373035332D58495748B4
05-09-2025 04:10:09.502,134,RECV,7E000F8100003F024E373035342D53384132F4
05-09-2025 04:10:09.502,135,RECV,7E000F8100002A024E363034352D424B4455E2
05-09-2025 04:10:09.552,136,RECV,7E000F81000035024E383032342D34434844FB
05-09-2025 04:10:09.569,137,RECV,7E000F81000035024E383032352D5747454ECC
05-09-2025 04:10:09.570,138,RECV,7E000F81000038024E353033302D48443658E7
05-09-2025 04:10:09.570,139,RECV,7E000F81000029024E363034362D4754465ACD
05-09-2025 04:10:09.570,140,RECV,7E000F81000034024E383032362D31435456DF
05-09-2025 04:10:09.570,141,RECV,7E000F8100002A024E363034372D59574536DB
05-09-2025 04:10:09.570,142,RECV,7E000F81000034024E383032372D59385556C0
05-09-2025 04:10:09.572,143,RECV,7E000F8100003E024E373035352D4D323759E3
05-09-2025 04:10:09.572,144,RECV,7E000F81000034024E383032382D56574F4CB3
05-09-2025 04:10:09.573,145,RECV,7E000F81000038024E353033312D4E385844DE
05-09-2025 04:10:09.602,146,RECV,7E000F81000035024E383032392D354E5452D0
05-09-2025 04:10:09.652,147,RECV,7E000F8100003F024E373035362D54514830D3
05-09-2025 04:10:09.672,148,RECV,7E000F81000029024E363034382D3946453909
05-09-2025 04:10:09.673,149,RECV,7E000F81000039024E353033332D58465A42C3
05-09-2025 04:10:09.673,150,RECV,7E000F81000039024E353033342D4F413042FA
05-09-2025 04:10:09.702,151,RECV,7E000F81000039024E353033352D56473846E0
05-09-2025 04:10:09.753,152,RECV,7E000F81000039024E353033362D5842324DE1
05-09-2025 04:10:09.753,153,RECV,7E000F81000029024E363034392D4E4F3337FE
05-09-2025 04:10:09.754,154,RECV,7E000F81000034024E383033302D49573441ED
05-09-2025 04:10:09.754,155,RECV,7E000F81000029024E363035302D584F3136FF
05-09-2025 04:10:09.754,156,RECV,7E000F81000034024E383033312D314B4F45F1
05-09-2025 04:10:09.802,157,RECV,7E000F81000038024E353033372D4D593550CF
05-09-2025 04:10:09.803,158,RECV,7E000F8100003E024E373035372D4D454552C7
05-09-2025 04:10:09.803,159,RECV,7E000F81000038024E353033382D304B424DEF
05-09-2025 04:10:09.853,160,RECV,7E000F81000028024E363035312D4F43353610
05-09-2025 04:10:09.865,161,RECV,7E000F81000029024E363035322D32525350E4
05-09-2025 04:10:09.865,162,RECV,7E000F8100003E024E373035382D33454933FB
05-09-2025 04:10:09.865,163,RECV,7E000F81000038024E353033392D32584632F6
05-09-2025 04:10:09.908,164,RECV,7E000F81000029024E363035332D414E4954DE
05-09-2025 04:10:09.908,165,RECV,7E000F81000029024E363035342D364651310B
05-09-2025 04:10:09.911,166,RECV,7E000F81000033024E383033322D30494F3207
05-09-2025 04:10:09.922,167,RECV,7E000F81000029024E363035352D4841313717
05-09-2025 04:10:09.924,168,RECV,7E000F81000038024E353034302D415A5A4EBD
05-09-2025 04:10:09.963,169,RECV,7E000F81000029024E363035362D4F435549D7
05-09-2025 04:10:09.963,170,RECV,7E000F8100003E024E373036302D494F5632D6
05-09-2025 04:10:09.963,171,RECV,7E000F81000029024E363035372D4D485847D2
05-09-2025 04:10:09.964,172,RECV,7E000F8100002A024E363035382D574B4C51C5
05-09-2025 04:10:09.964,173,RECV,7E000F81000034024E383033332D5A4E4A44C9
05-09-2025 04:10:09.964,174,RECV,7E000F81000036024E383033342D53325845DA
05-09-2025 04:10:10.006,175,RECV,7E000F81000034024E383033352D57453857D2
05-09-2025 04:10:10.020,176,RECV,7E000F8100003E024E373036312D4F4F3752CE
05-09-2025 04:10:10.021,177,RECV,7E000F81000034024E383033362D4C554E36D7
05-09-2025 04:10:10.026,178,RECV,7E000F81000029024E363035392D444B4533FD
05-09-2025 04:10:10.027,179,RECV,7E000F8100003E024E373036322D45435635E1
05-09-2025 04:10:10.037,180,RECV,7E000F81000029024E363036302D4A48443204
05-09-2025 04:10:10.037,181,RECV,7E000F81000038024E353034312D4839374601
05-09-2025 04:10:10.037,182,RECV,7E000F8100003F024E373036332D4E445A30D6
05-09-2025 04:10:10.056,183,RECV,7E000F81000038024E353034322D434F5737DE
05-09-2025 04:10:10.056,184,RECV,7E000F81000035024E383033372D45315542ED
05-09-2025 04:10:10.106,185,RECV,7E000F81000034024E383033382D50305A59C7
05-09-2025 04:10:10.106,186,RECV,7E000F8100003F024E373036342D45454455CE
05-09-2025 04:10:10.157,187,RECV,7E000F81000038024E353034332D434535360A
05-09-2025 04:10:10.194,188,RECV,7E000F81000039024E353034342D53574852B7
05-09-2025 04:10:10.195,189,RECV,7E000F81000029024E363036312D32335354FF
05-09-2025 04:10:10.195,190,RECV,7E000F8100003F024E373036362D55323931FE
05-09-2025 04:10:10.195,191,RECV,7E000F81000029024E363036322D30344F4314
05-09-2025 04:10:10.195,192,RECV,7E000F81000039024E353034362D45545449C3
05-09-2025 04:10:10.257,193,RECV,7E000F8100002A024E363036332D4E4F4542E4
05-09-2025 04:10:10.292,194,RECV,7E000F8100003F024E373036372D4B32304FF2
05-09-2025 04:10:10.293,195,RECV,7E000F81000035024E383033392D393637371B
05-09-2025 04:10:10.307,196,RECV,7E000F81000034024E383034302D3646574FDF
05-09-2025 04:10:10.308,197,RECV,7E000F81000035024E383034312D58414654CC
05-09-2025 04:10:10.308,198,RECV,7E000F81000035024E383034322D4544454DE3
05-09-2025 04:10:10.308,199,RECV,7E000F8100002A024E363036342D37354459FE
05-09-2025 04:10:10.308,200,RECV,7E000F8100002A024E363036352D464B5036EF
05-09-2025 04:10:10.308,201,RECV,7E000F8100002A024E363036362D4246364502
05-09-2025 04:10:10.309,202,RECV,7E000F81000035024E383034332D534A3054DC
05-09-2025 04:10:10.338,203,RECV,7E000F81000034024E383034342D4F514B52C0
05-09-2025 04:10:10.338,204,RECV,7E000F8100003F024E373036382D5A434856B2
05-09-2025 04:10:10.338,205,RECV,7E000F8100002A024E363036372D4559504BCB
05-09-2025 04:10:10.338,206,RECV,7E000F81000039024E353034382D3554435AD1
05-09-2025 04:10:10.371,207,RECV,7E000F81000040024E373036392D4249344FDD
05-09-2025 04:10:10.371,208,RECV,7E000F81000039024E353034392D4C583653C9
05-09-2025 04:10:10.372,209,RECV,7E000F81000039024E353035302D51495546C9
05-09-2025 04:10:10.372,210,RECV,7E000F81000039024E353035312D54515941BE
05-09-2025 04:10:10.372,211,RECV,7E000F8100002C024E363036382D41454843F0
05-09-2025 04:10:10.404,212,RECV,7E000F81000039024E353035322D38464756E1
05-09-2025 04:10:10.413,213,RECV,7E000F81000035024E383034352D4E4F4136E7
05-09-2025 04:10:10.413,214,RECV,7E000F8100002A024E363036392D335A4144F0
05-09-2025 04:10:10.413,215,RECV,7E000F81000040024E373037302D584A3534E8
05-09-2025 04:10:10.457,216,RECV,7E000F81000039024E353035332D4653594EBB
05-09-2025 04:10:10.457,217,RECV,7E000F81000035024E383034362D57555054AA
05-09-2025 04:10:10.457,218,RECV,7E000F81000039024E353035342D43464552DA
05-09-2025 04:10:10.468,219,RECV,7E000F81000035024E383034372D5859594EA1
05-09-2025 04:10:10.513,220,RECV,7E000F81000040024E373037312D42364C57D7
05-09-2025 04:10:10.513,221,RECV,7E000F8100003E024E373037322D464E5437D4
05-09-2025 04:10:10.557,222,RECV,7E000F81000038024E353035352D59525731C7
05-09-2025 04:10:10.605,223,RECV,7E000F8100002A024E363037302D493034411C
05-09-2025 04:10:10.605,224,RECV,7E000F81000035024E383034382D33304C4FFA
05-09-2025 04:10:10.606,225,RECV,7E000F8100002B024E363037312D353938372B
05-09-2025 04:10:10.606,226,RECV,7E000F81000035024E383034392D5456574DA9
05-09-2025 04:10:10.606,227,RECV,7E000F81000035024E383035302D5048343003
05-09-2025 04:10:10.607,228,RECV,7E000F81000039024E353035362D554A5655AE
05-09-2025 04:10:10.608,229,RECV,7E000F8100002A024E363037322D4B455745DC
05-09-2025 04:10:10.608,230,RECV,7E000F81000035024E383035312D4639304E01
05-09-2025 04:10:10.608,231,RECV,7E000F8100002A024E363037332D4E524E48D1
05-09-2025 04:10:10.608,232,RECV,7E000F8100003A024E353035372D59315A33DF
05-09-2025 04:10:10.658,233,RECV,7E000F81000040024E373037342D58414259BB
05-09-2025 04:10:10.661,234,RECV,7E000F8100002A024E363037342D4539303424
05-09-2025 04:10:10.661,235,RECV,7E000F8100002A024E363037352D3443375502
05-09-2025 04:10:10.661,236,RECV,7E000F8100003A024E353035382D49375542DE
05-09-2025 04:10:10.661,237,RECV,7E000F8100003F024E373037352D3937324508
05-09-2025 04:10:10.661,238,RECV,7E000F8100003F024E373037362D5A573258B3
05-09-2025 04:10:10.661,239,RECV,7E000F8100003F024E373037372D47363657E3
05-09-2025 04:10:10.693,240,RECV,7E000F81000035024E383035322D31385641FD
05-09-2025 04:10:10.754,241,RECV,7E000F8100002A024E363037362D424A334302
05-09-2025 04:10:10.754,242,RECV,7E000F8100003A024E353035392D47575955A8
05-09-2025 04:10:10.754,243,RECV,7E000F81000039024E353036302D3546353617
05-09-2025 04:10:10.758,244,RECV,7E000F8100003F024E373037392D48423353DB
05-09-2025 04:10:10.758,245,RECV,7E000F8100003A024E353036312D57414937E3
05-09-2025 04:10:10.758,246,RECV,7E000F8100002A024E363037372D47553832FD
05-09-2025 04:10:10.758,247,RECV,7E000F8100002A024E363037382D43435451D7
05-09-2025 04:10:10.758,248,RECV,7E000F81000035024E383035332D58455257B6
05-09-2025 04:10:10.759,249,RECV,7E000F81000035024E383035342D4D493149EB
05-09-2025 04:10:10.769,250,RECV,7E000F81000039024E353036322D4D463043F5
05-09-2025 04:10:10.769,251,RECV,7E000F8100003F024E373038302D51585232C6
05-09-2025 04:10:10.774,252,RECV,7E000F81000035024E383035352D37345044FB
05-09-2025 04:10:10.808,253,RECV,7E000F81000039024E353036332D55444D38DC
05-09-2025 04:10:10.808,254,RECV,7E000F81000038024E353036342D4C4D4136EA
05-09-2025 04:10:10.808,255,RECV,7E000F8100002B024E363037392D5249445AC7
05-09-2025 04:10:10.819,256,RECV,7E000F81000035024E383035362D37364C57E9
05-09-2025 04:10:10.822,257,RECV,7E000F8100003F024E373038312D44503151DC
05-09-2025 04:10:10.822,258,RECV,7E000F81000035024E383035372D59464D55B7
05-09-2025 04:10:10.822,259,RECV,7E000F81000040024E373038322D4F5A3835DA
05-09-2025 04:10:10.858,260,RECV,7E000F8100002A024E363038302D31374B4610
05-09-2025 04:10:10.920,261,RECV,7E000F81000038024E353036352D4F564941CA
05-09-2025 04:10:10.920,262,RECV,7E000F81000040024E373038332D4449454AD3
05-09-2025 04:10:10.920,263,RECV,7E000F8100002A024E363038312D584A3537FA
05-09-2025 04:10:10.920,264,RECV,7E000F8100002A024E363038322D3447334316
05-09-2025 04:10:10.921,265,RECV,7E000F81000039024E353036362D4A523233F6
05-09-2025 04:10:10.921,266,RECV,7E000F81000038024E353036372D504B5759AC
05-09-2025 04:10:10.960,267,RECV,7E000F8100003F024E373038342D39454742E8
05-09-2025 04:10:11.008,268,RECV,7E000F8100002A024E363038332D46485453D1
05-09-2025 04:10:11.026,269,RECV,7E000F8100003F024E373038352D4C374234F5
05-09-2025 04:10:11.026,270,RECV,7E000F8100002B024E363038342D46505654C4
05-09-2025 04:10:11.026,271,RECV,7E000F8100002B024E363038352D57373348FA
05-09-2025 04:10:11.026,272,RECV,7E000F8100002A024E363038362D34544A50E1
05-09-2025 04:10:11.026,273,RECV,7E000F81000039024E353036382D37493457EA
05-09-2025 04:10:11.026,274,RECV,7E000F8100002B024E363038372D57494A48CF
05-09-2025 04:10:11.026,275,RECV,7E000F81000039024E353036392D56414F51BD
05-09-2025 04:10:11.027,276,RECV,7E000F81000040024E373038362D4D353938F9
05-09-2025 04:10:11.059,277,RECV,7E000F8100002B024E363038382D5641575AB8
05-09-2025 04:10:11.059,278,RECV,7E000F8100003E024E373038372D47524759B4
05-09-2025 04:10:11.059,279,RECV,7E000F81000039024E353037302D4C4A4F58BF
05-09-2025 04:10:11.059,280,RECV,7E000F8100002A024E363038392D32315150FC
05-09-2025 04:10:11.059,281,RECV,7E000F8100003E024E373038382D44455730DC
05-09-2025 04:10:11.109,282,RECV,7E000F81000035024E383035382D42534942D7
05-09-2025 04:10:11.109,283,RECV,7E000F8100003A024E353037322D3232343928
05-09-2025 04:10:11.109,284,RECV,7E000F81000035024E383035392D34304C4303
05-09-2025 04:10:11.159,285,RECV,7E000F8100003F024E373038392D59434954B1
05-09-2025 04:10:11.159,286,RECV,7E000F8100003A024E353037332D5831304EF1
05-09-2025 04:10:11.159,287,RECV,7E000F81000039024E353037342D4B4E4741D7
05-09-2025 04:10:11.209,288,RECV,7E000F8100002B024E363039302D5A584249CA
05-09-2025 04:10:11.209,289,RECV,7E000F8100002B024E363039312D3435584203
05-09-2025 04:10:11.210,290,RECV,7E000F81000035024E383036302D564A4D56BB
05-09-2025 04:10:11.210,291,RECV,7E000F8100003E024E373039302D50543748D0
05-09-2025 04:10:11.210,292,RECV,7E000F81000035024E383036312D30565532F0
05-09-2025 04:10:11.220,293,RECV,7E000F81000039024E353037362D5A545348AD
05-09-2025 04:10:11.222,294,RECV,7E000F8100003F024E373039312D4F53464CBD
05-09-2025 04:10:11.259,295,RECV,7E000F8100003F024E373039322D39585153BB
05-09-2025 04:10:11.310,296,RECV,7E000F8100002A024E363039322D49584E4CCB
05-09-2025 04:10:11.310,297,RECV,7E000F8100003A024E353037372D4A5A594BAC
05-09-2025 04:10:11.310,298,RECV,7E000F8100003F024E373039332D41565156B1
05-09-2025 04:10:11.310,299,RECV,7E000F8100003F024E373039342D32504B4AD7
05-09-2025 04:10:11.310,300,RECV,7E000F81000039024E353037382D38584941DA
05-09-2025 04:10:11.311,301,RECV,7E000F8100003F024E373039352D57345644C8
05-09-2025 04:10:11.311,302,RECV,7E000F8100002A024E363039332D48433947FA
05-09-2025 04:10:11.311,303,RECV,7E000F81000039024E353037392D42593352D3
05-09-2025 04:10:11.360,304,RECV,7E000F8100002A024E363039342D334A4151F5
05-09-2025 04:10:11.441,305,RECV,7E000F81000039024E353038302D33514451E2
05-09-2025 04:10:11.461,306,RECV,7E000F81000039024E353038312D54444D48CD
05-09-2025 04:10:11.461,307,RECV,7E000F81000039024E353038322D494F5855B4
05-09-2025 04:10:11.461,308,RECV,7E000F8100002B024E363039352D56395643DA
05-09-2025 04:10:11.461,309,RECV,7E000F8100002B024E363039362D4D4A4E36E6
05-09-2025 04:10:11.461,310,RECV,7E000F81000035024E383036332D49395349DD
05-09-2025 04:10:11.462,311,RECV,7E000F81000037024E353038332D554D5939C6
05-09-2025 04:10:11.462,312,RECV,7E000F8100002B024E363039372D47385858D1
05-09-2025 04:10:11.462,313,RECV,7E000F81000039024E353038342D3343494DEB
05-09-2025 04:10:11.462,314,RECV,7E000F8100002B024E363039382D34515636EE
05-09-2025 04:10:11.462,315,RECV,7E000F81000036024E383036342D5555504AB5
05-09-2025 04:10:11.462,316,RECV,7E000F81000038024E353038352D46465041DA
05-09-2025 04:10:11.462,317,RECV,7E000F8100003F024E373039392D50444F41C5
05-09-2025 04:10:11.462,318,RECV,7E000F81000039024E353038362D484E384ED9
05-09-2025 04:10:11.462,319,RECV,7E000F81000035024E383036352D5A384755CB
05-09-2025 04:10:11.510,320,RECV,7E000F8100002B024E363039392D49505A42C9
05-09-2025 04:10:11.560,321,RECV,7E000F81000039024E353038372D54575454A1
05-09-2025 04:10:11.560,322,RECV,7E000F8100003A024E353038382D37595547C6
05-09-2025 04:10:11.610,323,RECV,7E000F81000035024E383036362D3253303310
05-09-2025 04:10:11.637,324,RECV,7E000F81000037024E383036372D52574933D0
05-09-2025 04:10:11.694,325,RECV,7E000F8100003A024E353038392D52493549D8
05-09-2025 04:10:11.694,326,RECV,7E000F8100003A024E353039302D59384135F2
05-09-2025 04:10:11.694,327,RECV,7E000F8100003A024E353039312D574B3358CB
05-09-2025 04:10:11.711,328,RECV,7E000F81000036024E383036382D4B4A4D35DE
05-09-2025 04:10:11.760,329,RECV,7E000F8100003A024E353039322D5238365ADD
05-09-2025 04:10:11.761,330,RECV,7E000F8100003A024E353039332D35445A4FD4
05-09-2025 04:10:11.761,331,RECV,7E000F8100003A024E353039342D3359534DC9
05-09-2025 04:10:11.811,332,RECV,7E000F81000039024E353039352D4A363645FA
05-09-2025 04:10:11.831,333,RECV,7E000F81000039024E353039372D304A5A49D6
05-09-2025 04:10:11.861,334,RECV,7E000F81000035024E383037302D57505233D1
05-09-2025 04:10:11.911,335,RECV,7E000F81000035024E383037312D41384E56DF
05-09-2025 04:10:11.911,336,RECV,7E000F81000039024E353039382D47574C55B3
05-09-2025 04:10:11.911,337,RECV,7E000F81000039024E353039392D395A394DD8
05-09-2025 04:10:11.961,338,RECV,7E000F81000035024E383037322D41425939E6
05-09-2025 04:10:12.011,339,RECV,7E000F81000036024E383037332D53434D39DD
05-09-2025 04:10:12.012,340,RECV,7E007D33810000350054FFFFFFFFFFFFFFFF000000534862
05-09-2025 04:10:12.012,341,RECV,7E000F81000035024E383037342D5336363901
05-09-2025 04:10:12.092,342,RECV,7E000F81000036024E383037352D48484B37E5
05-09-2025 04:10:12.113,343,RECV,7E000F81000035024E383037362D504E4352C4
05-09-2025 04:10:12.175,344,RECV,7E000F81000035024E383037372D50543831E9
05-09-2025 04:10:12.212,345,RECV,7E000F81000036024E383037382D4157344ADE
05-09-2025 04:10:12.262,346,RECV,7E000F81000036024E383037392D344C3057EC
05-09-2025 04:10:12.279,347,RECV,7E000F81000036024E383038302D5650384ECF
05-09-2025 04:10:12.279,348,RECV,7E000F81000036024E383038312D54353943F5
05-09-2025 04:10:12.513,349,RECV,7E000F81000035024E383038322D4C584C58B2
05-09-2025 04:10:12.663,350,RECV,7E000F81000036024E383038332D49374A35F9
05-09-2025 04:10:12.723,351,RECV,7E000F81000036024E383038342D5A4D3058C8
05-09-2025 04:10:12.727,352,RECV,7E000F81000036024E383038352D443432301C
05-09-2025 04:10:12.914,353,RECV,7E000F81000035024E383038362D34324D59EA
05-09-2025 04:10:12.914,354,RECV,7E000F81000035024E383038372D38535836DC
05-09-2025 04:10:12.914,355,RECV,7E000F81000036024E383038382D4B494953C3
05-09-2025 04:10:13.014,356,RECV,7E000F81000035024E383038392D44363849F8
05-09-2025 04:10:13.014,357,RECV,7E000F81000035024E383039302D4A4C4253D0
05-09-2025 04:10:13.064,358,RECV,7E000F81000036024E383039312D4E425347CF
05-09-2025 04:10:13.064,359,RECV,7E000F81000036024E383039322D34414745F7
05-09-2025 04:10:13.125,360,RECV,7E000F81000036024E383039332D4E513736EB
05-09-2025 04:10:13.164,361,RECV,7E000F81000036024E383039342D41594E4BC3
05-09-2025 04:10:13.165,362,RECV,7E000F81000036024E383039352D443439380C
05-09-2025 04:10:13.215,363,RECV,7E000F81000036024E383039362D38345446EE
05-09-2025 04:10:13.265,364,RECV,7E000F81000036024E383039372D524F4C5AAC
05-09-2025 04:10:13.415,365,RECV,7E000F81000036024E383039382D37535539DA
05-09-2025 04:10:13.415,366,RECV,7E000F81000036024E383039392D5955555A94
