06-29-2025 17:31:47.449,-,API2,"Sink 1,0013A20041839DB1,802.15.4 TH,2003,/dev/ttyUSB0 - 57600/8/M/1/N,1,46"

06-29-2025 17:31:08.842,0,RECV,7E000F8100052B024E353030302D524A4438F4
06-29-2025 17:31:08.842,1,RECV,7E000F8100022B024E323030302D434E4F4CE6
06-29-2025 17:31:08.843,2,RECV,7E000F81000630024E363030302D534A4D54C7
06-29-2025 17:31:08.843,3,RECV,7E000F81000121024E313030302D5A4A5A58C8
06-29-2025 17:31:08.843,4,RECV,7E000F8100052B024E353030312D43524553DE
06-29-2025 17:31:08.843,5,RECV,7E000F8100022A024E323030312D51305249F6
06-29-2025 17:31:08.855,6,RECV,7E000F81000630024E363030312D48515547CF
06-29-2025 17:31:08.855,7,RECV,7E000F81000121024E313030312D3142414722
06-29-2025 17:31:08.892,8,RECV,7E000F8100052B024E353030322D52595035DA
06-29-2025 17:31:08.892,9,RECV,7E000F8100022A024E323030322D303849461A
06-29-2025 17:31:08.892,10,RECV,7E000F81000630024E363030322D4747524CD7
06-29-2025 17:31:08.892,11,RECV,7E000F81000121024E313030322D444555330B
06-29-2025 17:31:08.892,12,RECV,7E000F8100052B024E353030332D3452383912
06-29-2025 17:31:08.892,13,RECV,7E000F8100022A024E323030332D4E4A5442E2
06-29-2025 17:31:08.893,14,RECV,7E000F81000630024E363030332D4A495A31E4
06-29-2025 17:31:08.942,15,RECV,7E000F81000121024E313030332D534D4C53DC
06-29-2025 17:31:08.970,16,RECV,7E000F8100052B024E353030342D354D5157DE
06-29-2025 17:31:08.970,17,RECV,7E000F8100022A024E323030342D444D4254E8
06-29-2025 17:31:08.970,18,RECV,7E000F81000630024E363030342D46484733F9
06-29-2025 17:31:08.970,19,RECV,7E000F81000121024E313030342D4138454319
06-29-2025 17:31:08.992,20,RECV,7E000F8100052B024E353030352D54495349CE
06-29-2025 17:31:08.992,21,RECV,7E000F8100022B024E323030352D36465655E6
06-29-2025 17:31:08.992,22,RECV,7E000F81000630024E363030352D46525142D5
06-29-2025 17:31:08.992,23,RECV,7E000F81000121024E313030352D3432585407
06-29-2025 17:31:08.993,24,RECV,7E000F8100052B024E353030362D43475853D1
06-29-2025 17:31:08.993,25,RECV,7E000F8100022B024E323030362D48485941E2
06-29-2025 17:31:08.993,26,RECV,7E000F81000630024E363030362D46545943C9
06-29-2025 17:31:09.042,27,RECV,7E000F81000121024E313030362D4B47493508
06-29-2025 17:31:09.048,28,RECV,7E000F8100052C024E353030372D4E334751EB
06-29-2025 17:31:09.048,29,RECV,7E000F8100022B024E323030372D4F464534FD
06-29-2025 17:31:09.048,30,RECV,7E000F81000630024E363030372D5A355139E5
06-29-2025 17:31:09.048,31,RECV,7E000F81000121024E313030372D5835575AD9
06-29-2025 17:31:09.054,32,RECV,7E000F8100052C024E353030382D534B4741DD
06-29-2025 17:31:09.054,33,RECV,7E000F8100022B024E323030382D31324B5903
06-29-2025 17:31:09.054,34,RECV,7E000F8100062F024E363030382D4D4E4439E6
06-29-2025 17:31:09.092,35,RECV,7E000F81000121024E313030382D4A42454401
06-29-2025 17:31:09.117,36,RECV,7E000F8100052C024E353030392D304D5644EB
06-29-2025 17:31:09.130,37,RECV,7E000F8100022B024E323030392D3446503807
06-29-2025 17:31:09.130,38,RECV,7E000F8100062F024E363030392D414E3244F8
06-29-2025 17:31:09.142,39,RECV,7E000F81000121024E313030392D30534E3212
06-29-2025 17:31:09.143,40,RECV,7E000F8100052C024E353031302D48544F39E6
06-29-2025 17:31:09.143,41,RECV,7E000F8100022B024E323031302D3642304722
06-29-2025 17:31:09.143,42,RECV,7E000F8100062F024E363031302D51525633D9
06-29-2025 17:31:09.143,43,RECV,7E000F81000121024E313031302D46524251F2
06-29-2025 17:31:09.143,44,RECV,7E000F8100052C024E353031312D484F3248F8
06-29-2025 17:31:09.193,45,RECV,7E000F8100022B024E323031312D454C3551F9
06-29-2025 17:31:09.193,46,RECV,7E000F81000630024E363031312D5A535744BB
06-29-2025 17:31:09.193,47,RECV,7E000F81000121024E313031312D3458554EED
06-29-2025 17:31:09.193,48,RECV,7E000F8100052C024E353031322D5834494FE4
06-29-2025 17:31:09.193,49,RECV,7E000F8100022B024E323031322D4546493902
06-29-2025 17:31:09.193,50,RECV,7E000F8100062F024E363031322D49423059EF
06-29-2025 17:31:09.243,51,RECV,7E000F81000121024E313031322D435A443109
06-29-2025 17:31:09.244,52,RECV,7E000F8100052C024E353031332D5A465146D0
06-29-2025 17:31:09.244,53,RECV,7E000F8100022A024E323031332D32484A4B00
06-29-2025 17:31:09.244,54,RECV,7E000F81000630024E363031332D4F394833FE
06-29-2025 17:31:09.244,55,RECV,7E000F81000121024E313031332D47464E340B
06-29-2025 17:31:09.245,56,RECV,7E000F8100052C024E353031342D3353394403
06-29-2025 17:31:09.245,57,RECV,7E000F8100022A024E323031342D3752394EFE
06-29-2025 17:31:09.245,58,RECV,7E000F81000630024E363031342D4B574930E5
06-29-2025 17:31:09.293,59,RECV,7E000F81000121024E313031342D5541373418
06-29-2025 17:31:09.294,60,RECV,7E000F8100052C024E353031352D303036452A
06-29-2025 17:31:09.294,61,RECV,7E000F8100022B024E323031352D4D583743ED
06-29-2025 17:31:09.294,62,RECV,7E000F81000630024E363031352D503138390D
06-29-2025 17:31:09.294,63,RECV,7E000F81000121024E313031352D4A595139EB
06-29-2025 17:31:09.294,64,RECV,7E000F8100052C024E353031362D57483741ED
06-29-2025 17:31:09.313,65,RECV,7E000F8100022A024E323031362D3954413806
06-29-2025 17:31:09.314,66,RECV,7E000F81000630024E363031362D51593341E0
06-29-2025 17:31:09.343,67,RECV,7E000F81000121024E313031362D33494B51FF
06-29-2025 17:31:09.343,68,RECV,7E000F8100052C024E353031372D4D54454CD1
06-29-2025 17:31:09.343,69,RECV,7E000F8100022A024E323031372D48494E49E3
06-29-2025 17:31:09.344,70,RECV,7E000F81000630024E363031372D57563445D7
06-29-2025 17:31:09.393,71,RECV,7E000F81000121024E313031372D4C4E5646E0
06-29-2025 17:31:09.425,72,RECV,7E000F8100052C024E353031382D33514B4EE5
06-29-2025 17:31:09.445,73,RECV,7E000F8100022A024E323031382D4646394104
06-29-2025 17:31:09.445,74,RECV,7E000F81000630024E363031382D50384454DC
06-29-2025 17:31:09.445,75,RECV,7E000F81000121024E313031382D314E584BF3
06-29-2025 17:31:09.445,76,RECV,7E000F8100052C024E353031392D564B4454C8
06-29-2025 17:31:09.445,77,RECV,7E000F8100022A024E323031392D55523838F2
06-29-2025 17:31:09.445,78,RECV,7E000F81000630024E363031392D55543434EA
06-29-2025 17:31:09.445,79,RECV,7E000F81000121024E313031392D43394A5AF4
06-29-2025 17:31:09.445,80,RECV,7E000F8100052C024E353032302D51394F42EE
06-29-2025 17:31:09.445,81,RECV,7E000F8100022A024E323032302D46314F4B00
06-29-2025 17:31:09.445,82,RECV,7E000F81000630024E363032302D4C58474ACE
06-29-2025 17:31:09.453,83,RECV,7E000F81000121024E313032302D34515A4FEE
06-29-2025 17:31:09.454,84,RECV,7E000F8100052C024E353032312D5435333715
06-29-2025 17:31:09.454,85,RECV,7E000F8100022B024E323032312D305336391D
06-29-2025 17:31:09.484,86,RECV,7E000F81000630024E363032312D524B4542DE
06-29-2025 17:31:09.505,87,RECV,7E000F81000121024E313032312D44565553D9
06-29-2025 17:31:09.505,88,RECV,7E000F8100052C024E353032322D45494D56D6
06-29-2025 17:31:09.505,89,RECV,7E000F8100022B024E323032322D57484E59C8
06-29-2025 17:31:09.505,90,RECV,7E000F81000630024E363032322D393938391E
06-29-2025 17:31:09.544,91,RECV,7E000F81000121024E313032322D3548304F1E
06-29-2025 17:31:09.583,92,RECV,7E000F8100052C024E353032332D584F4750C8
06-29-2025 17:31:09.598,93,RECV,7E000F8100022B024E323032332D49465231FB
06-29-2025 17:31:09.598,94,RECV,7E000F81000630024E363032332D54554757B9
06-29-2025 17:31:09.599,95,RECV,7E000F81000121024E313032332D5A32573204
06-29-2025 17:31:09.599,96,RECV,7E000F8100052C024E353032342D4131385209
06-29-2025 17:31:09.599,97,RECV,7E000F8100022B024E323032342D41503456F1
06-29-2025 17:31:09.599,98,RECV,7E000F81000630024E363032342D5345544FC4
06-29-2025 17:31:09.606,99,RECV,7E000F81000121024E313032342D3344474E0C
06-29-2025 17:31:09.606,100,RECV,7E000F8100052C024E353032352D305134321D
06-29-2025 17:31:09.606,101,RECV,7E000F8100022B024E323032352D44314D3514
06-29-2025 17:31:09.607,102,RECV,7E000F81000630024E363032352D4B555449C1
06-29-2025 17:31:09.643,103,RECV,7E000F81000121024E313032352D36464D4B03
06-29-2025 17:31:09.644,104,RECV,7E000F8100052C024E353032362D32504C54E1
06-29-2025 17:31:09.644,105,RECV,7E000F8100022B024E323032362D435A4630F7
06-29-2025 17:31:09.644,106,RECV,7E000F8100062F024E363032362D3132503516
06-29-2025 17:31:09.644,107,RECV,7E000F81000121024E313032362D49325648FD
06-29-2025 17:31:09.644,108,RECV,7E000F8100052C024E353032372D56393554EA
06-29-2025 17:31:09.644,109,RECV,7E000F8100022B024E323032372D595A3454CE
06-29-2025 17:31:09.654,110,RECV,7E000F81000630024E363032372D3459544BD0
06-29-2025 17:31:09.674,111,RECV,7E000F81000121024E313032372D49414B46FA
06-29-2025 17:31:09.675,112,RECV,7E000F8100052C024E353032382D4C555A41C5
06-29-2025 17:31:09.675,113,RECV,7E000F8100022B024E323032382D44473059F4
06-29-2025 17:31:09.695,114,RECV,7E000F81000630024E363032382D36504350E2
06-29-2025 17:31:09.727,115,RECV,7E000F81000121024E313032382D4F4C4D55D7
06-29-2025 17:31:09.728,116,RECV,7E000F8100052C024E353032392D4C56504AC4
06-29-2025 17:31:09.728,117,RECV,7E000F8100022A024E323032392D4F4D4830F4
06-29-2025 17:31:09.728,118,RECV,7E000F81000630024E363032392D56435544C8
06-29-2025 17:31:09.766,119,RECV,7E000F81000121024E313032392D46385748F6
06-29-2025 17:31:09.767,120,RECV,7E000F8100052C024E353033302D594F4533E8
06-29-2025 17:31:09.767,121,RECV,7E000F8100022A024E323033302D4947354DFE
06-29-2025 17:31:09.767,122,RECV,7E000F81000630024E363033302D5434485AD8
06-29-2025 17:31:09.787,123,RECV,7E000F81000121024E313033302D474E304214
06-29-2025 17:31:09.787,124,RECV,7E000F8100052C024E353033312D59563037F1
06-29-2025 17:31:09.787,125,RECV,7E000F8100022B024E323033312D534B5842D6
06-29-2025 17:31:09.787,126,RECV,7E000F81000630024E363033312D4E30354608
06-29-2025 17:31:09.828,127,RECV,7E000F81000121024E313033312D413036393A
06-29-2025 17:31:09.828,128,RECV,7E000F8100052C024E353033322D364D4757E5
06-29-2025 17:31:09.828,129,RECV,7E000F8100022B024E323033322D39524F41F2
06-29-2025 17:31:09.828,130,RECV,7E000F81000630024E363033322D57575854A6
06-29-2025 17:31:09.828,131,RECV,7E000F81000121024E313033322D444651320C
06-29-2025 17:31:09.828,132,RECV,7E000F8100052C024E353033332D415A4244E4
06-29-2025 17:31:09.829,133,RECV,7E000F8100022A024E323033332D554E464BD9
06-29-2025 17:31:09.860,134,RECV,7E000F81000630024E363033332D4341354204
06-29-2025 17:31:09.900,135,RECV,7E000F81000121024E313033332D4B4E324B02
06-29-2025 17:31:09.908,136,RECV,7E000F8100052C024E353033342D4642425AE0
06-29-2025 17:31:09.908,137,RECV,7E000F8100022A024E323033342D4C584A35E9
06-29-2025 17:31:09.908,138,RECV,7E000F81000630024E363033342D45564E50C5
06-29-2025 17:31:09.908,139,RECV,7E000F81000121024E313033342D53304F5AEB
06-29-2025 17:31:09.909,140,RECV,7E000F8100052C024E353033352D4450384DEA
06-29-2025 17:31:09.909,141,RECV,7E000F8100022A024E323033352D55514B39E1
06-29-2025 17:31:09.944,142,RECV,7E000F81000121024E313033352D54325544F7
06-29-2025 17:31:09.944,143,RECV,7E000F8100052C024E353033362D50334A58DD
06-29-2025 17:31:09.944,144,RECV,7E000F8100022A024E323033362D5853505AB5
06-29-2025 17:31:09.944,145,RECV,7E000F81000121024E313033362D413849450E
06-29-2025 17:31:09.965,146,RECV,7E000F8100052C024E353033372D52525256B5
06-29-2025 17:31:09.965,147,RECV,7E000F8100022A024E323033372D464B5645DD
06-29-2025 17:31:09.994,148,RECV,7E000F81000121024E313033372D56595446CB
06-29-2025 17:31:09.995,149,RECV,7E000F8100052C024E353033382D37594E43DF
06-29-2025 17:31:09.995,150,RECV,7E000F8100022A024E323033382D4C32513801
06-29-2025 17:31:10.044,151,RECV,7E000F81000121024E313033382D55444836FC
06-29-2025 17:31:10.045,152,RECV,7E000F8100052C024E353033392D4B4A303703
06-29-2025 17:31:10.045,153,RECV,7E000F8100022B024E323033392D52444E4CD6
06-29-2025 17:31:10.045,154,RECV,7E000F81000121024E313033392D56574D58C0
06-29-2025 17:31:10.055,155,RECV,7E000F8100052C024E353034302D325A424CED
06-29-2025 17:31:10.069,156,RECV,7E000F8100022A024E323034302D384E454FF5
06-29-2025 17:31:10.094,157,RECV,7E000F81000121024E313034302D4B55595AC7
06-29-2025 17:31:10.095,158,RECV,7E000F8100022A024E323034312D4A4F514CD8
06-29-2025 17:31:10.144,159,RECV,7E000F81000121024E313034312D42564F5AD8
06-29-2025 17:31:10.145,160,RECV,7E000F8100022A024E323034322D34435654EC
06-29-2025 17:31:10.145,161,RECV,7E000F81000121024E313034322D4F4C5434F5
06-29-2025 17:31:10.195,162,RECV,7E000F8100022A024E323034332D413554380A
06-29-2025 17:31:10.195,163,RECV,7E000F81000121024E313034332D4C4F344701
06-29-2025 17:31:10.195,164,RECV,7E000F8100022A024E323034342D384B373120
06-29-2025 17:31:10.245,165,RECV,7E000F81000121024E313034342D3350453618
06-29-2025 17:31:10.249,166,RECV,7E000F8100022A024E323034352D3136384E1D
06-29-2025 17:31:10.250,167,RECV,7E000F81000121024E313034352D3559424FF6
06-29-2025 17:31:10.250,168,RECV,7E000F81000229024E323034362D3457344A01
06-29-2025 17:31:10.295,169,RECV,7E000F81000121024E313034362D3236554116
06-29-2025 17:31:10.295,170,RECV,7E000F8100022A024E323034372D57505149C7
06-29-2025 17:31:10.295,171,RECV,7E000F81000121024E313034372D4C484B3004
06-29-2025 17:31:10.326,172,RECV,7E000F8100022A024E323034382D58304D5AD8
06-29-2025 17:31:10.340,173,RECV,7E000F81000121024E313034382D57414742F1
06-29-2025 17:31:10.347,174,RECV,7E000F8100022A024E323034392D5A374F36F0
06-29-2025 17:31:10.396,175,RECV,7E000F81000121024E313034392D57524D36E5
06-29-2025 17:31:10.397,176,RECV,7E000F8100022A024E323035302D564F4653D0
06-29-2025 17:31:10.397,177,RECV,7E000F81000121024E313035302D394E454D00
06-29-2025 17:31:10.445,178,RECV,7E000F81000121024E313035312D4246583107
06-29-2025 17:31:10.446,179,RECV,7E000F8100022A024E323035322D3034334233
06-29-2025 17:31:10.496,180,RECV,7E000F8100052C024E353035332D50355056D8
06-29-2025 17:31:10.496,181,RECV,7E000F81000121024E313035322D47355757ED
06-29-2025 17:31:10.496,182,RECV,7E000F8100022B024E323035332D50483546F7
06-29-2025 17:31:10.496,183,RECV,7E000F8100052C024E353035342D4B505657BA
06-29-2025 17:31:10.496,184,RECV,7E000F81000121024E313035332D31575149F4
06-29-2025 17:31:10.496,185,RECV,7E000F8100022B024E323035342D4A524B35ED
06-29-2025 17:31:10.545,186,RECV,7E000F8100052C024E353035352D4F554E48C7
06-29-2025 17:31:10.547,187,RECV,7E000F81000121024E313035342D3852315208
06-29-2025 17:31:10.547,188,RECV,7E000F8100022B024E323035352D5051544EC5
06-29-2025 17:31:10.556,189,RECV,7E000F8100052C024E353035362D52565738C9
06-29-2025 17:31:10.556,190,RECV,7E000F81000121024E313035352D39564545FB
06-29-2025 17:31:10.556,191,RECV,7E000F8100022B024E323035362D4237563503
06-29-2025 17:31:10.596,192,RECV,7E000F8100052C024E353035372D594B5444C3
06-29-2025 17:31:10.596,193,RECV,7E000F81000121024E313035362D45415A55DE
06-29-2025 17:31:10.596,194,RECV,7E000F8100022B024E323035372D5232594ADF
06-29-2025 17:31:10.596,195,RECV,7E000F8100052C024E353035382D564C4556C1
06-29-2025 17:31:10.616,196,RECV,7E000F81000121024E313035372D47595457C7
06-29-2025 17:31:10.639,197,RECV,7E000F8100022B024E323035382D50504335ED
06-29-2025 17:31:10.646,198,RECV,7E000F8100052C024E353035392D38475835F1
06-29-2025 17:31:10.647,199,RECV,7E000F81000121024E313035382D474E4448F0
06-29-2025 17:31:10.647,200,RECV,7E000F8100022B024E323035392D314350310F
06-29-2025 17:31:10.696,201,RECV,7E000F8100052C024E353036302D4E4C5038E3
06-29-2025 17:31:10.696,202,RECV,7E000F81000121024E313035392D56335957D7
06-29-2025 17:31:10.697,203,RECV,7E000F8100022B024E323036302D5952354CE0
06-29-2025 17:31:10.697,204,RECV,7E000F8100052C024E353036312D32564959DA
06-29-2025 17:31:10.697,205,RECV,7E000F81000121024E313036302D5458464DD9
06-29-2025 17:31:10.746,206,RECV,7E000F8100022A024E323036312D374E34351E
06-29-2025 17:31:10.747,207,RECV,7E000F8100052C024E353036322D51463057E5
06-29-2025 17:31:10.747,208,RECV,7E000F81000121024E313036312D3236525508
06-29-2025 17:31:10.747,209,RECV,7E000F8100022A024E323036322D414D4D53DD
06-29-2025 17:31:10.796,210,RECV,7E000F8100052C024E353036332D4731523008
06-29-2025 17:31:10.796,211,RECV,7E000F81000121024E313036322D48484C58E2
06-29-2025 17:31:10.796,212,RECV,7E000F8100022B024E323036332D4D58394CDF
06-29-2025 17:31:10.796,213,RECV,7E000F8100052C024E353036342D48534E59BF
06-29-2025 17:31:10.797,214,RECV,7E000F81000121024E313036332D43564F48E5
06-29-2025 17:31:10.846,215,RECV,7E000F8100022B024E323036342D3845495AE8
06-29-2025 17:31:10.847,216,RECV,7E000F8100052C024E353036352D55304652E3
06-29-2025 17:31:10.847,217,RECV,7E000F81000121024E313036342D564A5448D8
06-29-2025 17:31:10.847,218,RECV,7E000F81000630024E363036352D5656464DBB
06-29-2025 17:31:10.847,219,RECV,7E000F8100022A024E323036352D4439315901
06-29-2025 17:31:10.896,220,RECV,7E000F8100052B024E353036362D37515A33EB
06-29-2025 17:31:10.897,221,RECV,7E000F81000121024E313036352D4F5A4244E4
06-29-2025 17:31:10.897,222,RECV,7E000F81000630024E363036362D44364845F2
06-29-2025 17:31:10.897,223,RECV,7E000F8100022A024E323036362D464A5351D3
06-29-2025 17:31:10.897,224,RECV,7E000F8100052B024E353036372D53545850B0
06-29-2025 17:31:10.897,225,RECV,7E000F81000121024E313036362D384D375006
06-29-2025 17:31:10.947,226,RECV,7E000F81000630024E363036372D343250340E
06-29-2025 17:31:10.948,227,RECV,7E000F8100022A024E323036372D45544F33EB
06-29-2025 17:31:10.948,228,RECV,7E000F8100052B024E353036382D3253324304
06-29-2025 17:31:10.948,229,RECV,7E000F81000121024E313036372D59513652DF
06-29-2025 17:31:10.948,230,RECV,7E000F81000630024E363036382D303530451D
06-29-2025 17:31:10.948,231,RECV,7E000F8100022A024E323036382D344D5A51D9
06-29-2025 17:31:10.948,232,RECV,7E000F8100052C024E353036392D4A41374CEE
06-29-2025 17:31:10.948,233,RECV,7E000F81000121024E313036382D5937373514
06-29-2025 17:31:10.968,234,RECV,7E000F81000630024E363036392D45544E36D9
06-29-2025 17:31:10.981,235,RECV,7E000F8100022B024E323036392D515A5835CB
06-29-2025 17:31:10.997,236,RECV,7E000F8100052C024E353037302D59543438EB
06-29-2025 17:31:10.997,237,RECV,7E000F81000121024E313036392D5A36434BF1
06-29-2025 17:31:10.997,238,RECV,7E000F81000630024E363037302D394A564BDA
06-29-2025 17:31:10.997,239,RECV,7E000F8100022B024E323037302D4835533704
06-29-2025 17:31:11.047,240,RECV,7E000F8100052C024E353037312D4D564E31E1
06-29-2025 17:31:11.047,241,RECV,7E000F81000121024E313037302D5335384116
06-29-2025 17:31:11.047,242,RECV,7E000F81000630024E363037312D5243374EE3
06-29-2025 17:31:11.047,243,RECV,7E000F8100022B024E323037312D5937364400
06-29-2025 17:31:11.047,244,RECV,7E000F8100052C024E353037322D5358514EB8
06-29-2025 17:31:11.048,245,RECV,7E000F81000121024E313037312D59583041F4
06-29-2025 17:31:11.067,246,RECV,7E000F81000630024E363037322D4B503759D1
06-29-2025 17:31:11.067,247,RECV,7E000F8100022B024E323037322D524D5853BF
06-29-2025 17:31:11.079,248,RECV,7E000F8100052C024E353037332D474E5931E2
06-29-2025 17:31:11.099,249,RECV,7E000F81000121024E313037322D44464B330D
06-29-2025 17:31:11.099,250,RECV,7E000F8100062F024E363037332D45483946F0
06-29-2025 17:31:11.099,251,RECV,7E000F8100022B024E323037332D5837584FD2
06-29-2025 17:31:11.109,252,RECV,7E000F8100052C024E353037342D54475545CB
06-29-2025 17:31:11.109,253,RECV,7E000F81000121024E313037332D464A4A56E4
06-29-2025 17:31:11.109,254,RECV,7E000F81000630024E363037342D53304D43E7
06-29-2025 17:31:11.130,255,RECV,7E000F8100022B024E323037342D54324A4AED
06-29-2025 17:31:11.132,256,RECV,7E000F8100052C024E353037352D343646331C
06-29-2025 17:31:11.147,257,RECV,7E000F81000121024E313037342D5A435646DA
06-29-2025 17:31:11.147,258,RECV,7E000F81000630024E363037352D4147494FD9
06-29-2025 17:31:11.157,259,RECV,7E000F8100022B024E323037352D514F4850CE
06-29-2025 17:31:11.157,260,RECV,7E000F8100052C024E353037362D5036584FD1
06-29-2025 17:31:11.198,261,RECV,7E000F81000121024E313037352D4A583249F5
06-29-2025 17:31:11.206,262,RECV,7E000F81000630024E363037362D3742463009
06-29-2025 17:31:11.206,263,RECV,7E000F8100022B024E323037362D4334444802
06-29-2025 17:31:11.206,264,RECV,7E000F8100052C024E353037372D315A4638F4
06-29-2025 17:31:11.209,265,RECV,7E000F81000121024E313037362D56504932F0
06-29-2025 17:31:11.209,266,RECV,7E000F81000630024E363037372D39465532F1
06-29-2025 17:31:11.219,267,RECV,7E000F8100022A024E323037372D3133475208
06-29-2025 17:31:11.220,268,RECV,7E000F8100052C024E353037382D49324D38FC
06-29-2025 17:31:11.240,269,RECV,7E000F81000121024E313037372D4A4247330A
06-29-2025 17:31:11.260,270,RECV,7E000F81000630024E363037382D44475944CE
06-29-2025 17:31:11.260,271,RECV,7E000F8100022A024E323037382D5751394AD9
06-29-2025 17:31:11.260,272,RECV,7E000F8100052C024E353037392D4C575754AD
06-29-2025 17:31:11.271,273,RECV,7E000F81000121024E313037382D4A314A58F2
06-29-2025 17:31:11.289,274,RECV,7E000F81000630024E363037392D52465649BE
06-29-2025 17:31:11.290,275,RECV,7E000F8100022A024E323037392D46504651D6
06-29-2025 17:31:11.297,276,RECV,7E000F8100052C024E353038302D4835304214
06-29-2025 17:31:11.308,277,RECV,7E000F81000121024E313037392D41384457FA
06-29-2025 17:31:11.308,278,RECV,7E000F81000630024E363038302D4C383559EB
06-29-2025 17:31:11.308,279,RECV,7E000F8100022B024E323038302D384A3258FE
06-29-2025 17:31:11.348,280,RECV,7E000F8100052C024E353038312D59523841DE
06-29-2025 17:31:11.350,281,RECV,7E000F81000121024E313038302D48533759EB
06-29-2025 17:31:11.351,282,RECV,7E000F81000630024E363038312D36464D41F2
06-29-2025 17:31:11.351,283,RECV,7E000F8100022A024E323038312D424F5055D4
06-29-2025 17:31:11.351,284,RECV,7E000F8100052C024E353038322D34424449FE
06-29-2025 17:31:11.351,285,RECV,7E000F81000121024E313038312D335139477D31
06-29-2025 17:31:11.398,286,RECV,7E000F81000630024E363038322D55325847D5
06-29-2025 17:31:11.415,287,RECV,7E000F8100022A024E323038322D53483442F8
06-29-2025 17:31:11.415,288,RECV,7E000F8100052C024E353038332D48544237EB
06-29-2025 17:31:11.415,289,RECV,7E000F81000121024E313038322D313444303B
06-29-2025 17:31:11.415,290,RECV,7E000F81000630024E363038332D49505157B9
06-29-2025 17:31:11.415,291,RECV,7E000F8100022A024E323038332D56524247D7
06-29-2025 17:31:11.448,292,RECV,7E000F8100052C024E353038342D4F594942CC
06-29-2025 17:31:11.448,293,RECV,7E000F81000121024E313038332D414A4C5AE2
06-29-2025 17:31:11.448,294,RECV,7E000F81000631024E363038342D43575538D1
06-29-2025 17:31:11.448,295,RECV,7E000F8100022A024E323038342D5238384FF6
06-29-2025 17:31:11.448,296,RECV,7E000F8100052D024E353038352D53383757E4
06-29-2025 17:31:11.448,297,RECV,7E000F81000121024E313038342D534A4C4ADF
06-29-2025 17:31:11.498,298,RECV,7E000F81000631024E363038352D564C4B4FBB
06-29-2025 17:31:11.498,299,RECV,7E000F8100022B024E323038352D434C3952EB
06-29-2025 17:31:11.498,300,RECV,7E000F8100052D024E353038362D3530324F16
06-29-2025 17:31:11.498,301,RECV,7E000F81000121024E313038352D58585A59AE
06-29-2025 17:31:11.498,302,RECV,7E000F81000631024E363038362D43334655E5
06-29-2025 17:31:11.498,303,RECV,7E000F8100022B024E323038362D52494548DC
06-29-2025 17:31:11.548,304,RECV,7E000F8100052D024E353038372D344A5A50D3
06-29-2025 17:31:11.555,305,RECV,7E000F81000121024E313038362D494B3651F5
06-29-2025 17:31:11.555,306,RECV,7E000F81000630024E363038372D434A5236E1
06-29-2025 17:31:11.555,307,RECV,7E000F8100022B024E323038372D57513938EA
06-29-2025 17:31:11.555,308,RECV,7E000F8100052D024E353038382D4A463656DE
06-29-2025 17:31:11.555,309,RECV,7E000F81000121024E313038372D5A434551DC
06-29-2025 17:31:11.598,310,RECV,7E000F81000630024E363038382D4F533732EA
06-29-2025 17:31:11.598,311,RECV,7E000F8100022B024E323038382D5A594133DB
06-29-2025 17:31:11.598,312,RECV,7E000F8100052D024E353038392D4F504251C7
06-29-2025 17:31:11.598,313,RECV,7E000F81000121024E313038382D3939564DF9
06-29-2025 17:31:11.599,314,RECV,7E000F81000630024E363038392D5A564A57A3
06-29-2025 17:31:11.599,315,RECV,7E000F8100022B024E323038392D4B344C3204
06-29-2025 17:31:11.609,316,RECV,7E000F8100052D024E353039302D535A4141D2
06-29-2025 17:31:11.609,317,RECV,7E000F81000121024E313038392D514A4235FB
06-29-2025 17:31:11.648,318,RECV,7E000F81000630024E363039302D444D5545D1
06-29-2025 17:31:11.649,319,RECV,7E000F8100022B024E323039302D53504630F0
06-29-2025 17:31:11.649,320,RECV,7E000F8100052D024E353039312D59454252CE
06-29-2025 17:31:11.649,321,RECV,7E000F81000121024E313039302D58534D39E4
06-29-2025 17:31:11.659,322,RECV,7E000F81000631024E363039312D444D4E53C8
06-29-2025 17:31:11.659,323,RECV,7E000F8100022B024E323039312D4852374EE9
06-29-2025 17:31:11.669,324,RECV,7E000F8100052D024E353039322D3753504ADB
06-29-2025 17:31:11.671,325,RECV,7E000F81000121024E313039312D4150504BE8
06-29-2025 17:31:11.690,326,RECV,7E000F81000630024E363039322D3450353110
06-29-2025 17:31:11.722,327,RECV,7E000F8100022B024E323039322D414F5732EE
06-29-2025 17:31:11.722,328,RECV,7E000F8100052D024E353039332D3550564AD9
06-29-2025 17:31:11.722,329,RECV,7E000F81000121024E313039322D56415431F7
06-29-2025 17:31:11.731,330,RECV,7E000F81000630024E363039332D32475554D7
06-29-2025 17:31:11.741,331,RECV,7E000F8100022A024E323039332D484D3558E5
06-29-2025 17:31:11.756,332,RECV,7E000F8100052C024E353039342D3146363819
06-29-2025 17:31:11.756,333,RECV,7E000F81000121024E313039332D3451413616
06-29-2025 17:31:11.756,334,RECV,7E000F81000631024E363039342D314F5551D1
06-29-2025 17:31:11.756,335,RECV,7E000F8100022A024E323039342D323742510A
06-29-2025 17:31:11.756,336,RECV,7E000F8100052C024E353039352D4E38584ED1
06-29-2025 17:31:11.799,337,RECV,7E000F81000121024E313039342D594F564DC6
06-29-2025 17:31:11.799,338,RECV,7E000F81000630024E363039352D39305045F9
06-29-2025 17:31:11.799,339,RECV,7E000F8100022A024E323039352D4239524EEA
06-29-2025 17:31:11.800,340,RECV,7E000F8100052C024E353039362D4A514B44D2
06-29-2025 17:31:11.800,341,RECV,7E000F81000121024E313039352D43415851E3
06-29-2025 17:31:11.800,342,RECV,7E000F81000630024E363039362D53383843F0
06-29-2025 17:31:11.811,343,RECV,7E000F8100022B024E323039362D4D374A44F1
06-29-2025 17:31:11.811,344,RECV,7E000F8100052C024E353039372D31464A59E1
06-29-2025 17:31:11.849,345,RECV,7E000F81000121024E313039362D4C4A585AC7
06-29-2025 17:31:11.871,346,RECV,7E000F81000631024E363039372D45533854D0
06-29-2025 17:31:11.871,347,RECV,7E000F8100022A024E323039372D574B4B4CCA
06-29-2025 17:31:11.871,348,RECV,7E000F8100052C024E353039382D50564E4BBB
06-29-2025 17:31:11.872,349,RECV,7E000F81000121024E313039372D55543141F3
06-29-2025 17:31:11.872,350,RECV,7E000F81000631024E363039382D4D435359B7
06-29-2025 17:31:11.880,351,RECV,7E000F8100022A024E323039382D504B3645EC
06-29-2025 17:31:11.881,352,RECV,7E000F8100052D024E353039392D47353558EF
06-29-2025 17:31:11.890,353,RECV,7E000F81000121024E313039382D43345348FB
06-29-2025 17:31:11.890,354,RECV,7E000F81000631024E363039392D42435954C0
06-29-2025 17:31:11.911,355,RECV,7E000F8100022A024E323039392D434B324AF7
06-29-2025 17:31:11.936,356,RECV,7E000F81000121024E313039392D324941361A
