06-04-2025 13:29:51.796,-,API2,"Sink 1,0013A20041839DB1,802.15.4 TH,2003,/dev/ttyUSB0 - 57600/8/M/1/N,1,46"

06-04-2025 12:28:03.365,0,RECV,7E007D318100041D0201004E343030302D4231545AFA
06-04-2025 12:28:03.366,1,RECV,7E007D318100031A0206004E333030302D4E34514305
06-04-2025 12:28:03.367,2,RECV,7E007D318100012302D6004E313030302D3351515819
06-04-2025 12:28:05.876,3,RECV,7E007D318100041D0205004E343030312D304830521C
06-04-2025 12:28:05.877,4,RECV,7E007D318100031A0209004E333030312D58435930F3
06-04-2025 12:28:08.384,5,RECV,7E007D318100041D0208004E343030322D3046433623
06-04-2025 12:28:08.385,6,RECV,7E007D318100031A020B004E333030322D4A585945D4
06-04-2025 12:28:10.892,7,RECV,7E007D318100041D0209004E343030332D44434C3706
06-04-2025 12:28:10.893,8,RECV,7E007D318100031A020C004E333030332D54474858D7
06-04-2025 12:28:13.400,9,RECV,7E007D318100041D020D004E343030342D465535300B
06-04-2025 12:28:13.402,10,RECV,7E007D318100031A020E004E333030342D324A36530A
06-04-2025 12:28:15.908,11,RECV,7E007D318100041D020F004E343030352D314A41321A
06-04-2025 12:28:15.909,12,RECV,7E007D318100031A0210004E333030352D4234554BF6
06-04-2025 12:28:18.365,13,RECV,7E007D318100041D027D31004E343030362D454130311E
06-04-2025 12:28:18.415,14,RECV,7E007D318100031A0212004E333030362D51503849E7
06-04-2025 12:28:18.419,15,RECV,7E007D318100022B0257004E323030362D5A504E4479
06-04-2025 12:28:20.923,16,RECV,7E007D318100041D0216004E343030372D39534B58D0
06-04-2025 12:28:20.924,17,RECV,7E007D318100031A0215004E333030372D4D4E5631E3
06-04-2025 12:28:20.926,18,RECV,7E007D318100022A0259004E323030372D31483947BA
06-04-2025 12:28:23.386,19,RECV,7E007D318100041C0217004E343030382D384A4E58D6
06-04-2025 12:28:23.387,20,RECV,7E007D318100031A0216004E333030382D4448594BD3
06-04-2025 12:28:23.406,21,RECV,7E007D318100022C025A004E323030382D4A4A5A368B
06-04-2025 12:28:25.894,22,RECV,7E007D318100041C021A004E343030392D424D4B48D8
06-04-2025 12:28:25.944,23,RECV,7E007D318100031A0218004E333030392D52474331F3
06-04-2025 12:28:25.944,24,RECV,7E007D318100022C025D004E323030392D50474D5473
06-04-2025 12:28:28.400,25,RECV,7E007D318100041D021F004E343031302D44383157F8
06-04-2025 12:28:28.402,26,RECV,7E007D3181000319021B004E333031302D594B5246CA
06-04-2025 12:28:28.411,27,RECV,7E007D318100022B025F004E323031302D31504547A5
06-04-2025 12:28:30.908,28,RECV,7E007D318100041C0220004E343031312D5338414DE2
06-04-2025 12:28:30.925,29,RECV,7E007D318100031A021C004E333031312D57545045C3
06-04-2025 12:28:30.926,30,RECV,7E007D31810002310260004E323031312D304A4A598D
06-04-2025 12:28:33.416,31,RECV,7E007D318100041D0225004E343031322D3239424BFC
06-04-2025 12:28:33.417,32,RECV,7E007D318100031A021E004E333031322D5752345AC9
06-04-2025 12:28:33.418,33,RECV,7E007D318100022A0263004E323031322D584C4B5965
06-04-2025 12:28:35.894,34,RECV,7E007D318100041D0229004E343031332D53335732E0
06-04-2025 12:28:35.923,35,RECV,7E007D318100031A0220004E333031332D584E475AB6
06-04-2025 12:28:35.945,36,RECV,7E007D31810002290265004E323031332D32593031BF
06-04-2025 12:28:38.432,37,RECV,7E007D318100041D022B004E343031342D424B4D5AB8
06-04-2025 12:28:38.433,38,RECV,7E007D318100031A0221004E333031342D4653434CD3
06-04-2025 12:28:38.434,39,RECV,7E007D318100022C0266004E323031342D5355433982
06-04-2025 12:28:40.900,40,RECV,7E007D318100041D0230004E343031352D31523737F5
06-04-2025 12:28:40.940,41,RECV,7E007D318100031A0223004E333031352D4E444353D0
06-04-2025 12:28:40.956,42,RECV,7E007D318100022C0269004E323031352D5A44545A56
06-04-2025 12:28:43.397,43,RECV,7E007D318100041D0231004E343031362D41354C4BD7
06-04-2025 12:28:43.447,44,RECV,7E007D318100031A0224004E333031362D57435035D7
06-04-2025 12:28:43.452,45,RECV,7E007D318100022B026A004E323031362D37505A536D
06-04-2025 12:28:45.904,46,RECV,7E007D318100041D0235004E343031372D53445339BC
06-04-2025 12:28:45.954,47,RECV,7E007D318100031A0227004E333031372D415A5045C2
06-04-2025 12:28:45.955,48,RECV,7E007D318100022B026D004E323031372D4557585752
06-04-2025 12:28:48.412,49,RECV,7E007D318100041D023A004E343031382D38584459AC
06-04-2025 12:28:48.462,50,RECV,7E007D318100031A0229004E333031382D3336493805
06-04-2025 12:28:48.466,51,RECV,7E007D318100022B0270004E323031382D3337514F8F
06-04-2025 12:28:50.919,52,RECV,7E007D318100041D023B004E343031392D4F453548C6
06-04-2025 12:28:50.969,53,RECV,7E007D318100031A022A004E333031392D4D585641B1
06-04-2025 12:28:50.985,54,RECV,7E007D318100022B0271004E323031392D5741463188
06-04-2025 12:28:53.428,55,RECV,7E007D318100041D023E004E343032302D514E4249B2
06-04-2025 12:28:53.478,56,RECV,7E007D318100031A022D004E333032302D5A35504BC8
06-04-2025 12:28:53.479,57,RECV,7E007D318100022B0274004E323032302D504E475166
06-04-2025 12:28:55.935,58,RECV,7E007D318100041D0242004E343032312D4343534DB1
06-04-2025 12:28:55.985,59,RECV,7E007D318100031A022F004E333032312D51455349BD
06-04-2025 12:28:55.991,60,RECV,7E007D318100022B0277004E323032312D364F4A3990
06-04-2025 12:28:58.443,61,RECV,7E007D318100041D0244004E343032322D544D3244BD
06-04-2025 12:28:58.454,62,RECV,7E007D318100022B0278004E323032322D594A535A46
06-04-2025 12:29:00.901,63,RECV,7E007D318100041D0248004E343032332D52514E439B
06-04-2025 12:29:00.952,64,RECV,7E007D318100012302FC004E313032332D4838354C1A
06-04-2025 12:29:00.986,65,RECV,7E007D318100031A0233004E333032332D38544553C5
06-04-2025 12:29:00.987,66,RECV,7E007D318100022B027A004E323032332D5047545355
06-04-2025 12:29:03.409,67,RECV,7E007D318100041D0249004E343032342D53455A4794
06-04-2025 12:29:03.459,68,RECV,7E007D318100012302FD004E313032342D4B58304105
06-04-2025 12:29:03.461,69,RECV,7E007D318100031A0234004E333032342D38355556CF
06-04-2025 12:29:03.462,70,RECV,7E007D318100022B027B004E323032342D524853574D
06-04-2025 12:29:05.916,71,RECV,7E007D318100041D024D004E343032352D53334651AB
06-04-2025 12:29:05.967,72,RECV,7E007D318100012302FF004E313032352D444C413312
06-04-2025 12:29:05.967,73,RECV,7E007D318100031A0236004E333032352D36354953DD
06-04-2025 12:29:05.968,74,RECV,7E007D318100022D027F004E323032352D5546333983
06-04-2025 12:29:08.424,75,RECV,7E007D318100041D0251004E343032362D495A4835A3
06-04-2025 12:29:08.474,76,RECV,7E007D318100031A0239004E333032362D48594239C4
06-04-2025 12:29:08.475,77,RECV,7E007D318100022E0282004E323032362D4A5753573A
06-04-2025 12:29:10.932,78,RECV,7E007D318100041D0252004E343032372D41365546AF
06-04-2025 12:29:10.982,79,RECV,7E007D31810001230203004E313032372D4A5A373500
06-04-2025 12:29:11.007,80,RECV,7E007D318100031A023A004E333032372D42514337D1
06-04-2025 12:29:11.007,81,RECV,7E007D318100022E0283004E323032372D4742355174
06-04-2025 12:29:13.440,82,RECV,7E007D318100041D0256004E343032382D55344449A6
06-04-2025 12:29:13.490,83,RECV,7E007D31810001230205004E313032382D324B5441FB
06-04-2025 12:29:13.490,84,RECV,7E007D318100031A023C004E333032382D49523457B5
06-04-2025 12:29:13.490,85,RECV,7E007D318100022E0287004E323032382D5645593555
06-04-2025 12:29:15.948,86,RECV,7E007D318100041D0259004E343032392D37563633C2
06-04-2025 12:29:15.998,87,RECV,7E007D31810001230207004E313032392D3232544F03
06-04-2025 12:29:16.018,88,RECV,7E007D318100031A023E004E333032392D5449575490
06-04-2025 12:29:16.018,89,RECV,7E007D318100022E028B004E323032392D44305A4269
06-04-2025 12:29:18.455,90,RECV,7E007D318100041D025B004E343033302D544E4E3797
06-04-2025 12:29:18.506,91,RECV,7E007D31810001230208004E313033302D3955443906
06-04-2025 12:29:18.507,92,RECV,7E007D318100031A023F004E333033302D31544554C1
06-04-2025 12:29:18.507,93,RECV,7E007D318100022E028C004E323033302D30565A465A
06-04-2025 12:29:20.963,94,RECV,7E007D318100041D0260004E343033312D45523438B5
06-04-2025 12:29:21.014,95,RECV,7E007D3181000123020A004E313033312D36534A3902
06-04-2025 12:29:21.043,96,RECV,7E007D318100031A0241004E333033312D55335256AC
06-04-2025 12:29:21.044,97,RECV,7E007D318100022E028F004E323033312D5152475939
06-04-2025 12:29:23.470,98,RECV,7E007D318100041D0261004E343033322D4F384D38AA
06-04-2025 12:29:23.521,99,RECV,7E007D3181000123020B004E313033322D58314352EE
06-04-2025 12:29:23.521,100,RECV,7E007D318100031A0242004E333033322D584F524899
06-04-2025 12:29:23.522,101,RECV,7E007D318100022D0290004E323033322D4634495365
06-04-2025 12:29:25.929,102,RECV,7E007D318100041D0264004E343033332D33554D4E8F
06-04-2025 12:29:26.030,103,RECV,7E007D3181000123020D004E313033332D4647574ED7
06-04-2025 12:29:26.041,104,RECV,7E007D318100031A0244004E333033332D4844374BC9
06-04-2025 12:29:26.041,105,RECV,7E007D318100022E0295004E323033332D48574A3259
06-04-2025 12:29:28.436,106,RECV,7E007D318100041D0269004E343033342D37483754A2
06-04-2025 12:29:28.537,107,RECV,7E007D3181000123020F004E313033342D47324759ED
06-04-2025 12:29:28.537,108,RECV,7E007D318100031A0246004E333033342D515958468C
06-04-2025 12:29:28.538,109,RECV,7E007D318100022E0298004E323033342D364B503768
06-04-2025 12:29:30.945,110,RECV,7E007D318100041D026A004E343033352D414A4D5181
06-04-2025 12:29:31.005,111,RECV,7E007D31810001230210004E313033352D35314C381A
06-04-2025 12:29:31.010,112,RECV,7E007D318100031A0247004E333033352D574C4D4E94
06-04-2025 12:29:31.010,113,RECV,7E007D318100022E0299004E323033352D4150433466
06-04-2025 12:29:33.452,114,RECV,7E007D318100041D026D004E343033362D553459368E
06-04-2025 12:29:33.502,115,RECV,7E007D31810001230212004E313033362D3541315901
06-04-2025 12:29:33.503,116,RECV,7E007D318100031A0249004E333033362D555953527C
06-04-2025 12:29:33.513,117,RECV,7E007D318100022E029E004E323033362D384A414164
06-04-2025 12:29:35.959,118,RECV,7E007D318100041D0271004E343033372D54444C5667
06-04-2025 12:29:36.060,119,RECV,7E007D31810001230214004E313033372D54464253CF
06-04-2025 12:29:36.060,120,RECV,7E007D318100031A024B004E333033372D4C59583996
06-04-2025 12:29:36.060,121,RECV,7E007D318100022E02A1004E323033372D3330305081
06-04-2025 12:29:38.467,122,RECV,7E007D318100041D0273004E343033382D3947574C7B
06-04-2025 12:29:38.527,123,RECV,7E007D31810001230215004E313033382D4D5A4153C1
06-04-2025 12:29:38.527,124,RECV,7E007D318100031A024C004E333033382D49493944BB
06-04-2025 12:29:38.527,125,RECV,7E007D318100022E02A2004E323033382D563532366F
06-04-2025 12:29:40.974,126,RECV,7E007D318100041D0275004E343033392D594C423183
06-04-2025 12:29:41.025,127,RECV,7E007D318100031A024E004E333033392D4B44565092
06-04-2025 12:29:41.028,128,RECV,7E007D318100022E02A7004E323033392D4C39495935
06-04-2025 12:29:43.453,129,RECV,7E007D318100041D0276004E343034302D4934314FA5
06-04-2025 12:29:43.532,130,RECV,7E007D31810001230219004E313034302D4E505833D6
06-04-2025 12:29:43.533,131,RECV,7E007D318100031A024F004E333034302D4D495234B2
06-04-2025 12:29:43.533,132,RECV,7E007D318100022E02A8004E323034302D5243485432
06-04-2025 12:29:45.990,133,RECV,7E007D318100041D027B004E343034312D5643514E64
06-04-2025 12:29:46.040,134,RECV,7E007D318100031A0251004E333034312D554E48528E
06-04-2025 12:29:46.041,135,RECV,7E007D318100022E02AB004E323034312D324F4D444D
06-04-2025 12:29:48.458,136,RECV,7E007D318100041D027D5D004E343034322D545A565441
06-04-2025 12:29:48.548,137,RECV,7E007D318100031A0253004E333034322D3835345ACD
06-04-2025 12:29:48.548,138,RECV,7E007D318100022E02B0004E323034322D4E314F4249
06-04-2025 12:29:50.955,139,RECV,7E007D318100041D027D5E004E343034332D3641455388
06-04-2025 12:29:51.056,140,RECV,7E007D318100031A0254004E333034332D505949369E
06-04-2025 12:29:51.056,141,RECV,7E007D318100022E02B1004E323034332D53535A4710
06-04-2025 12:29:53.463,142,RECV,7E007D318100041D0282004E343034342D354B3030B2
06-04-2025 12:29:53.563,143,RECV,7E007D318100031A0257004E333034342D4D31574E9F
06-04-2025 12:29:53.563,144,RECV,7E007D318100022E02B4004E323034342D513036504C
06-04-2025 12:29:55.970,145,RECV,7E007D318100041D0284004E343034352D47585A375F
06-04-2025 12:29:56.071,146,RECV,7E007D318100031A0259004E333034352D5A4C475082
06-04-2025 12:29:56.071,147,RECV,7E007D318100022B02B7004E323034352D4C47493640
06-04-2025 12:29:58.478,148,RECV,7E007D318100041D0286004E343034362D4E52415A51
06-04-2025 12:29:58.549,149,RECV,7E007D31810001230225004E313034362D354E4845DD
06-04-2025 12:29:58.560,150,RECV,7E007D318100031A025A004E333034362D5A45455782
06-04-2025 12:29:58.562,151,RECV,7E007D318100022B02B8004E323034362D495532433D
06-04-2025 12:30:00.985,152,RECV,7E007D318100041D0289004E343034372D5844565145
06-04-2025 12:30:01.085,153,RECV,7E007D31810001230228004E313034372D4E55585599
06-04-2025 12:30:01.086,154,RECV,7E007D318100031A025C004E333034372D4E54554E75
06-04-2025 12:30:01.086,155,RECV,7E007D318100022B02BB004E323034372D5A4C54341E
06-04-2025 12:30:03.494,156,RECV,7E007D318100041D028A004E343034382D4650453972
06-04-2025 12:30:03.594,157,RECV,7E007D31810001230229004E313034382D304E3759D9
06-04-2025 12:30:03.594,158,RECV,7E007D318100031A025D004E333034382D365A4B4F8E
06-04-2025 12:30:03.594,159,RECV,7E007D318100022B02BC004E323034382D4C58484C12
06-04-2025 12:30:06.001,160,RECV,7E007D318100041D028D004E343034392D5542374173
06-04-2025 12:30:06.062,161,RECV,7E007D3181000123022C004E313034392D375A4C44C2
06-04-2025 12:30:06.062,162,RECV,7E007D318100031A025F004E333034392D3849485A92
06-04-2025 12:30:06.062,163,RECV,7E007D318100022B02BE004E323034392D4C37394249
06-04-2025 12:30:08.459,164,RECV,7E007D318100041D0290004E343035302D3955503079
06-04-2025 12:30:08.559,165,RECV,7E007D3181000123022F004E313035302D4B594F48AD
06-04-2025 12:30:08.564,166,RECV,7E007D318100031A0262004E333035302D5743523599
06-04-2025 12:30:08.569,167,RECV,7E007D318100022B02C0004E323035302D5050423833
06-04-2025 12:30:10.966,168,RECV,7E007D318100041D0291004E343035312D5337444473
06-04-2025 12:30:11.117,169,RECV,7E007D31810001230230004E313035312D574F5A5195
06-04-2025 12:30:11.119,170,RECV,7E007D318100031A0263004E333035312D49413854A2
06-04-2025 12:30:11.119,171,RECV,7E007D318100022B02C1004E323035312D354B4C3946
06-04-2025 12:30:13.474,172,RECV,7E007D318100041D0294004E343035322D5841595A35
06-04-2025 12:30:13.574,173,RECV,7E007D31810001230232004E313035322D4C324844D9
06-04-2025 12:30:13.595,174,RECV,7E007D318100031A0265004E333035322D3351555983
06-04-2025 12:30:13.598,175,RECV,7E007D318100022B02C5004E323035322D4849595A02
06-04-2025 12:30:15.982,176,RECV,7E007D318100041D0297004E343035332D4D39515551
06-04-2025 12:30:16.082,177,RECV,7E007D31810001230236004E313035332D48474E59A8
06-04-2025 12:30:16.082,178,RECV,7E007D318100031A0267004E333035332D45354A529C
06-04-2025 12:30:16.082,179,RECV,7E007D318100022B02C7004E323035332D4351475414
06-04-2025 12:30:18.489,180,RECV,7E007D318100041D0299004E343035342D353450536E
06-04-2025 12:30:18.590,181,RECV,7E007D31810001230237004E313035342D30495050C3
06-04-2025 12:30:18.612,182,RECV,7E007D318100031A0268004E333035342D39434A4F9B
06-04-2025 12:30:18.619,183,RECV,7E007D318100022B02C8004E323035342D39574B382E
06-04-2025 12:30:20.997,184,RECV,7E007D318100041D029B004E343035352D4A5359334E
06-04-2025 12:30:21.097,185,RECV,7E007D31810001230239004E313035352D48373539EC
06-04-2025 12:30:21.102,186,RECV,7E007D318100031A026B004E333035352D554B314B90
06-04-2025 12:30:21.103,187,RECV,7E007D318100022B02CD004E323035352D365949471C
06-04-2025 12:30:23.505,188,RECV,7E007D318100041D029C004E343035362D3650483077
06-04-2025 12:30:23.605,189,RECV,7E007D318100031A026C004E333035362D33314732CD
06-04-2025 12:30:23.622,190,RECV,7E007D318100022B02CE004E323035362D3137375149
06-04-2025 12:30:26.012,191,RECV,7E007D318100041D02A1004E343035372D5643464F41
06-04-2025 12:30:26.113,192,RECV,7E007D318100031A026E004E333035372D4B32505684
06-04-2025 12:30:26.118,193,RECV,7E007D318100022B02D1004E323035372D4E48304827
06-04-2025 12:30:28.479,194,RECV,7E007D318100041D02A3004E343035382D354A4B5949
06-04-2025 12:30:28.620,195,RECV,7E007D318100031A0270004E333035382D35365934AC
06-04-2025 12:30:28.620,196,RECV,7E007D318100022B02D5004E323035382D59544850EB
06-04-2025 12:30:30.977,197,RECV,7E007D318100041D02A4004E343035392D4B564B4E30
06-04-2025 12:30:31.127,198,RECV,7E007D318100031A0271004E333035392D3053554C7D5E
06-04-2025 12:30:31.128,199,RECV,7E007D318100022B02D6004E323035392D554A573305
06-04-2025 12:30:33.485,200,RECV,7E007D318100041D02A8004E343036302D5259364746
06-04-2025 12:30:33.606,201,RECV,7E007D318100031E0275004E333036302D453952349E
06-04-2025 12:30:33.606,202,RECV,7E007D318100022B02D8004E323036302D525A4E4CEE
06-04-2025 12:30:35.992,203,RECV,7E007D318100041D02AA004E343036312D545A443643
06-04-2025 12:30:36.092,204,RECV,7E007D318100031A0277004E333036312D5939464C7F
06-04-2025 12:30:36.112,205,RECV,7E007D318100022B02DD004E323036312D474A455008
06-04-2025 12:30:38.498,206,RECV,7E007D318100041D02AC004E343036322D3453565833
06-04-2025 12:30:38.649,207,RECV,7E007D318100022B02DE004E323036322D573256410C
06-04-2025 12:30:41.005,208,RECV,7E007D318100041D02B0004E343036332D513032515F
06-04-2025 12:30:41.106,209,RECV,7E007D318100031A027A004E333036332D364F585968
06-04-2025 12:30:41.156,210,RECV,7E007D318100022B02E0004E323036332D364B313443
06-04-2025 12:30:43.512,211,RECV,7E007D318100041D02B1004E343036342D5150455229
06-04-2025 12:30:43.613,212,RECV,7E007D318100031A027B004E333036342D384E465779
06-04-2025 12:30:43.613,213,RECV,7E007D318100022B02E1004E323036342D52385253F8
06-04-2025 12:30:46.019,214,RECV,7E007D318100041D02B3004E343036352D584E313156
06-04-2025 12:30:46.119,215,RECV,7E007D318100031A027F004E333036352D594131329A
06-04-2025 12:30:46.119,216,RECV,7E007D318100022E02E5004E323036352D4736574209
06-04-2025 12:30:48.526,217,RECV,7E007D318100041D02B8004E343036362D495A54451C
06-04-2025 12:30:48.626,218,RECV,7E007D318100031A0281004E333036362D4C46314A87
06-04-2025 12:30:48.637,219,RECV,7E007D318100022E02E8004E323036362D55555148D8
06-04-2025 12:30:51.033,220,RECV,7E007D318100041D02B9004E343036372D46524F5817
06-04-2025 12:30:51.133,221,RECV,7E007D318100031A0282004E333036372D575333496C
06-04-2025 12:30:51.133,222,RECV,7E007D318100022D02E9004E323036372D4B39553110
06-04-2025 12:30:53.490,223,RECV,7E007D318100041D02BB004E343036382D52534F4817
06-04-2025 12:30:53.640,224,RECV,7E007D318100031A0284004E333036382D4D4B344380
06-04-2025 12:30:53.641,225,RECV,7E007D318100022E02ED004E323036382D344E33431C
06-04-2025 12:30:56.048,226,RECV,7E007D318100041D02BD004E343036392D594B4E500E
06-04-2025 12:30:56.148,227,RECV,7E007D318100031A0288004E333036392D30435A4E6F
06-04-2025 12:30:56.148,228,RECV,7E007D318100022E02F0004E323036392D5543453102
06-04-2025 12:30:58.505,229,RECV,7E007D318100041D02BF004E343037302D4E584A471F
06-04-2025 12:30:58.655,230,RECV,7E007D318100031A0289004E333037302D56564F3066
06-04-2025 12:30:58.656,231,RECV,7E007D318100022D02F1004E323037302D584F4F33EF
06-04-2025 12:31:01.012,232,RECV,7E007D318100041D02C3004E343037312D3953433250
06-04-2025 12:31:01.163,233,RECV,7E007D318100031A028B004E333037312D324F345584
06-04-2025 12:31:01.165,234,RECV,7E007D318100022E02F5004E323037312D54315858DD
06-04-2025 12:31:03.520,235,RECV,7E007D318100041D02C4004E343037322D3237583757
06-04-2025 12:31:03.670,236,RECV,7E007D318100031A028C004E333037322D5451463071
06-04-2025 12:31:03.673,237,RECV,7E007D318100022E02F6004E323037322D4554594ED0
06-04-2025 12:31:06.027,238,RECV,7E007D318100041D02C7004E343037332D524C324338
06-04-2025 12:31:06.178,239,RECV,7E007D318100031A028E004E333037332D58445A4B48
06-04-2025 12:31:06.178,240,RECV,7E007D318100022E02F9004E323037332D4733363428
06-04-2025 12:31:08.535,241,RECV,7E007D318100041D02CA004E343037342D464D45323D
06-04-2025 12:31:08.655,242,RECV,7E007D318100031A0292004E333037342D564937337B
06-04-2025 12:31:08.656,243,RECV,7E007D318100022E02FC004E323037342D46583636FE
06-04-2025 12:31:11.042,244,RECV,7E007D318100041D02CB004E343037352D5856554FF3
06-04-2025 12:31:11.193,245,RECV,7E007D318100031A0293004E333037352D3832334C99
06-04-2025 12:31:11.193,246,RECV,7E007D318100022E02FD004E323037352D47335355E4
06-04-2025 12:31:13.550,247,RECV,7E007D318100041D02CF004E343037362D344E304B43
06-04-2025 12:31:13.700,248,RECV,7E007D318100031A0295004E333037362D4A494F425B
06-04-2025 12:31:13.703,249,RECV,7E007D318100022E0202004E323037362D59474B38DD
06-04-2025 12:31:16.027,250,RECV,7E007D318100041D02D1004E343037372D493530315E
06-04-2025 12:31:16.157,251,RECV,7E007D318100031A0297004E333037372D4E4839535A
06-04-2025 12:31:16.207,252,RECV,7E007D318100022D0205004E323037372D4A534A4FC7
06-04-2025 12:31:18.514,253,RECV,7E007D318100041D02D3004E343037382D49354C4F21
06-04-2025 12:31:18.665,254,RECV,7E007D318100031A0298004E333037382D385946346F
06-04-2025 12:31:18.675,255,RECV,7E007D318100022E0206004E323037382D4E315033F8
06-04-2025 12:31:21.032,256,RECV,7E007D318100041D02D6004E343037392D324D524F16
06-04-2025 12:31:21.172,257,RECV,7E007D318100031A029C004E333037392D5355394C48
06-04-2025 12:31:21.173,258,RECV,7E007D318100022E0209004E323037392D5A4B3739E1
06-04-2025 12:31:23.529,259,RECV,7E007D318100041D02D7004E343038302D4234594E20
06-04-2025 12:31:23.680,260,RECV,7E007D318100031A029D004E333038302D474D325066
06-04-2025 12:31:23.684,261,RECV,7E007D318100022D020A004E323038302D464F5545CF
06-04-2025 12:31:26.037,262,RECV,7E007D318100041D02DB004E343038312D584448437D31
06-04-2025 12:31:26.188,263,RECV,7E007D318100031A029F004E333038312D5156455835
06-04-2025 12:31:26.192,264,RECV,7E007D318100022E020E004E323038312D5A4A4D58AF
06-04-2025 12:31:28.547,265,RECV,7E007D318100041D02DE004E343038322D4942324730
06-04-2025 12:31:28.697,266,RECV,7E007D318100031A02A1004E333038322D5944414256
06-04-2025 12:31:28.698,267,RECV,7E007D318100022E027D31004E323038322D51484644D1
06-04-2025 12:31:31.054,268,RECV,7E007D318100041D02DF004E343038332D58485745F6
06-04-2025 12:31:31.205,269,RECV,7E007D318100031A02A2004E333038332D4E504E4B3D
06-04-2025 12:31:31.205,270,RECV,7E007D318100022D0212004E323038332D48465644CB
06-04-2025 12:31:33.562,271,RECV,7E007D318100041D02E2004E343038342D3436454837
06-04-2025 12:31:33.712,272,RECV,7E007D318100031A02A5004E333038342D3759473564
06-04-2025 12:31:33.713,273,RECV,7E007D318100022B0215004E323038342D344B32360A
06-04-2025 12:31:36.069,274,RECV,7E007D318100041D02E3004E343038352D48554159F5
06-04-2025 12:31:36.220,275,RECV,7E007D318100031A02A7004E333038352D4C33555544
06-04-2025 12:31:36.220,276,RECV,7E007D318100022B0219004E323038352D33595237D7
06-04-2025 12:31:38.577,277,RECV,7E007D318100041D02E6004E343038362D575A5334F0
06-04-2025 12:31:38.727,278,RECV,7E007D31810001230278004E313038362D3459414682
06-04-2025 12:31:38.728,279,RECV,7E007D318100031A02A8004E333038362D5A39565929
06-04-2025 12:31:38.728,280,RECV,7E007D318100022B021A004E323038362D32454546E8
06-04-2025 12:31:41.034,281,RECV,7E007D318100041D02E9004E343038372D4F4F474AF5
06-04-2025 12:31:41.235,282,RECV,7E007D3181000123027B004E313038372D4D4152337F
06-04-2025 12:31:41.237,283,RECV,7E007D318100031A02AB004E333038372D4E444F5531
06-04-2025 12:31:41.237,284,RECV,7E007D318100022B021D004E323038372D36535653B4
06-04-2025 12:31:43.542,285,RECV,7E007D318100041D02EA004E343038382D43344C421D
06-04-2025 12:31:43.743,286,RECV,7E007D3181000123027C004E313038382D35474C5474
06-04-2025 12:31:43.743,287,RECV,7E007D318100031A02AC004E333038382D3537524E59
06-04-2025 12:31:43.743,288,RECV,7E007D318100022B021E004E323038382D4232364AF0
06-04-2025 12:31:46.050,289,RECV,7E007D318100041D02EE004E343038392D4E3737451C
06-04-2025 12:31:46.210,290,RECV,7E007D3181000123027D5E004E313038392D445731358C
06-04-2025 12:31:46.210,291,RECV,7E007D318100031A02AF004E333038392D4E49504D2D
06-04-2025 12:31:46.211,292,RECV,7E007D318100022B0221004E323038392D34314744F0
06-04-2025 12:31:48.557,293,RECV,7E007D318100041D02F1004E343039302D39354A4921
06-04-2025 12:31:48.708,294,RECV,7E007D31810001230281004E313039302D583135399B
06-04-2025 12:31:48.708,295,RECV,7E007D318100031A02B1004E333039302D5449524335
06-04-2025 12:31:48.758,296,RECV,7E007D318100022B0225004E323039302D3338383110
06-04-2025 12:31:51.065,297,RECV,7E007D318100041D02F2004E343039312D4B53493702
06-04-2025 12:31:51.216,298,RECV,7E007D31810001230282004E313039312D3949374295
06-04-2025 12:31:51.223,299,RECV,7E007D318100031A02B2004E333039312D4453424646
06-04-2025 12:31:51.223,300,RECV,7E007D318100022B0226004E323039312D38413949E7
06-04-2025 12:31:53.573,301,RECV,7E007D318100041D02F5004E343039322D334355420F
06-04-2025 12:31:53.723,302,RECV,7E007D31810001230285004E313039322D3436545678
06-04-2025 12:31:53.724,303,RECV,7E007D318100031A02B5004E333039322D4B375A5035
06-04-2025 12:31:53.774,304,RECV,7E007D318100022B0229004E323039322D5636444AC4
06-04-2025 12:31:56.080,305,RECV,7E007D318100041D02F6004E343039332D4835414616
06-04-2025 12:31:56.281,306,RECV,7E007D31810001230287004E313039332D5156364864
06-04-2025 12:31:56.286,307,RECV,7E007D318100031A02B8004E333039332D4D39333173
06-04-2025 12:31:56.286,308,RECV,7E007D318100022B022C004E323039332D33304F52D6
06-04-2025 12:31:58.558,309,RECV,7E007D318100041D02FA004E343039342D584B4853D7
06-04-2025 12:31:58.738,310,RECV,7E007D31810001230288004E313039342D4D35474C72
06-04-2025 12:31:58.742,311,RECV,7E007D318100031A02B9004E333039342D4144384559
06-04-2025 12:31:58.742,312,RECV,7E007D318100022B022D004E323039342D304A5453B7
06-04-2025 12:32:01.096,313,RECV,7E007D318100041D02FC004E343039352D45485A55D6
06-04-2025 12:32:01.246,314,RECV,7E007D3181000123028B004E313039352D32304738A2
06-04-2025 12:32:01.247,315,RECV,7E007D318100031A02BB004E333039352D424849592C
06-04-2025 12:32:01.247,316,RECV,7E007D318100022B0231004E323039352D48435939B6
06-04-2025 12:32:03.603,317,RECV,7E007D318100041D02FD004E343039362D51565346D0
06-04-2025 12:32:03.753,318,RECV,7E007D3181000123028C004E313039362D32304C349F
06-04-2025 12:32:03.754,319,RECV,7E007D318100031A02BC004E333039362D514C4F5614
06-04-2025 12:32:03.754,320,RECV,7E007D318100022B0232004E323039362D34584759A5
06-04-2025 12:32:06.061,321,RECV,7E007D318100041D0201004E343039372D4E38323023
06-04-2025 12:32:06.261,322,RECV,7E007D3181000123028F004E313039372D4F43564550
06-04-2025 12:32:06.262,323,RECV,7E007D318100031A02BF004E333039372D48344D4346
06-04-2025 12:32:06.262,324,RECV,7E007D318100022B0235004E323039372D44533558A9
06-04-2025 12:32:08.568,325,RECV,7E007D318100041D0205004E343039382D4F425831EC
06-04-2025 12:32:08.769,326,RECV,7E007D31810001230291004E313039382D5145485646
06-04-2025 12:32:08.773,327,RECV,7E007D318100031A02C2004E333039382D335632494A
06-04-2025 12:32:08.773,328,RECV,7E007D318100022B0238004E323039382D394D394FBB
06-04-2025 12:32:11.076,329,RECV,7E007D318100041D0206004E343039392D4C54334BE6
06-04-2025 12:32:11.276,330,RECV,7E007D31810001230292004E313039392D57314D495A
06-04-2025 12:32:11.277,331,RECV,7E007D318100031A02C3004E333039392D38514A4237
06-04-2025 12:32:11.278,332,RECV,7E007D318100022B0239004E323039392D445950508A
