06-29-2025 16:04:19.834,-,API2,"Sink 2,0013A20041839DCA,802.15.4 TH,2003,/dev/ttyUSB2 - 57600/8/M/1/N,1,46"

06-29-2025 16:03:15.549,0,RECV,7E000F8100042B024E343030302D4F535733E2
06-29-2025 16:03:15.641,1,RECV,7E000F8100042B024E343030312D445A5758C0
06-29-2025 16:03:15.642,2,RECV,7E000F81000734024E373030302D394B5457D0
06-29-2025 16:03:15.643,3,RECV,7E000F8100042B024E343030322D5541434BE8
06-29-2025 16:03:15.643,4,RECV,7E000F8100031A024E333030302D47374E5104
06-29-2025 16:03:15.643,5,RECV,7E000F81000735024E373030312D5A584131D9
06-29-2025 16:03:15.643,6,RECV,7E000F81000735024E373030322D4B414137F8
06-29-2025 16:03:15.643,7,RECV,7E000F8100031A024E333030312D5A42334110
06-29-2025 16:03:15.643,8,RECV,7E000F8100031A024E333030322D4E584F55D5
06-29-2025 16:03:15.643,9,RECV,7E000F8100042B024E343030352D565A3259CE
06-29-2025 16:03:15.643,10,RECV,7E000F8100031A024E333030332D4A314B391F
06-29-2025 16:03:15.643,11,RECV,7E000F8100042B024E343030362D4648443402
06-29-2025 16:03:15.643,12,RECV,7E000F8100031A024E333030342D3341415414
06-29-2025 16:03:15.643,13,RECV,7E000F8100042B024E343030372D4D444B4AE1
06-29-2025 16:03:15.643,14,RECV,7E000F81000834024E383030302D4D363657ED
06-29-2025 16:03:15.643,15,RECV,7E000F8100031A024E333030352D52434D59E1
06-29-2025 16:03:15.643,16,RECV,7E000F8100042B024E343030382D334F4C3800
06-29-2025 16:03:15.644,17,RECV,7E000F81000834024E383030312D4E4C4354CB
06-29-2025 16:03:15.644,18,RECV,7E000F8100031A024E333030362D59305A55E3
06-29-2025 16:03:15.644,19,RECV,7E000F81000833024E383030322D4C584736DB
06-29-2025 16:03:15.644,20,RECV,7E000F81000735024E373030362D4E4F4435E2
06-29-2025 16:03:15.644,21,RECV,7E000F8100042B024E343031302D334837312A
06-29-2025 16:03:15.644,22,RECV,7E000F8100031A024E333030372D3832483533
06-29-2025 16:03:15.644,23,RECV,7E000F8100031A024E333030382D50583939FF
06-29-2025 16:03:15.644,24,RECV,7E000F8100042B024E343031322D4847443503
06-29-2025 16:03:15.644,25,RECV,7E000F8100031A024E333030392D4842513805
06-29-2025 16:03:15.644,26,RECV,7E000F8100042B024E343031332D57465932E2
06-29-2025 16:03:15.735,27,RECV,7E000F8100031A024E333031302D38564F4201
06-29-2025 16:03:15.781,28,RECV,7E000F8100042C024E343031342D4C4E5136E7
06-29-2025 16:03:15.781,29,RECV,7E000F8100031A024E333031312D4F475549EB
06-29-2025 16:03:15.781,30,RECV,7E000F8100042C024E343031352D58583646DB
06-29-2025 16:03:15.781,31,RECV,7E000F8100031A024E333031322D314E544FFC
06-29-2025 16:03:15.781,32,RECV,7E000F8100031A024E333031332D5036514AFC
06-29-2025 16:03:15.781,33,RECV,7E000F8100042B024E343031372D4457323207
06-29-2025 16:03:15.781,34,RECV,7E000F8100031A024E333031342D32384D4520
06-29-2025 16:03:15.781,35,RECV,7E000F81000736024E373031332D53555057AA
06-29-2025 16:03:15.781,36,RECV,7E000F8100031A024E333031352D4736375116
06-29-2025 16:03:15.781,37,RECV,7E000F81000834024E383031322D4D435230E8
06-29-2025 16:03:15.781,38,RECV,7E000F81000735024E373031342D5A46524ABD
06-29-2025 16:03:15.781,39,RECV,7E000F8100031A024E333031362D4B3532491F
06-29-2025 16:03:15.781,40,RECV,7E000F8100042B024E343032312D57355253DA
06-29-2025 16:03:15.781,41,RECV,7E000F8100031A024E333031372D4A474352F3
06-29-2025 16:03:15.782,42,RECV,7E000F8100042B024E343032322D3243524EF5
06-29-2025 16:03:15.782,43,RECV,7E000F8100031A024E333031382D324F39312D
06-29-2025 16:03:15.782,44,RECV,7E000F8100031A024E333031392D4F364D49FC
06-29-2025 16:03:15.782,45,RECV,7E000F8100042B024E343032342D44505633EB
06-29-2025 16:03:15.782,46,RECV,7E000F8100031A024E333032302D3034394141
06-29-2025 16:03:15.782,47,RECV,7E000F81000735024E373031392D38375357DB
06-29-2025 16:03:15.782,48,RECV,7E000F8100031A024E333032312D4453414DF9
06-29-2025 16:03:15.782,49,RECV,7E000F8100042B024E343032362D38464B310C
06-29-2025 16:03:15.782,50,RECV,7E000F81000736024E373032302D414F333305
06-29-2025 16:03:15.782,51,RECV,7E000F8100031A024E333032322D563934302A
06-29-2025 16:03:15.782,52,RECV,7E000F81000735024E373032312D39484446F0
06-29-2025 16:03:15.831,53,RECV,7E000F8100031A024E333032332D56535648D5
06-29-2025 16:03:15.831,54,RECV,7E000F8100042B024E343032392D50493439FD
06-29-2025 16:03:15.831,55,RECV,7E000F8100031A024E333032342D523248410E
06-29-2025 16:03:15.832,56,RECV,7E000F8100042B024E343033302D463251370B
06-29-2025 16:03:15.832,57,RECV,7E000F8100031A024E333032352D3343443828
06-29-2025 16:03:15.832,58,RECV,7E000F8100031A024E333032362D514E3752F1
06-29-2025 16:03:15.832,59,RECV,7E000F81000833024E383032352D5534395ADB
06-29-2025 16:03:15.832,60,RECV,7E000F8100042B024E343033322D3352364608
06-29-2025 16:03:15.832,61,RECV,7E000F8100031A024E333032372D4A44564DE7
06-29-2025 16:03:15.832,62,RECV,7E000F81000834024E383032362D474A5446CA
06-29-2025 16:03:15.832,63,RECV,7E000F81000735024E373032362D554D424CC6
06-29-2025 16:03:15.832,64,RECV,7E000F8100042B024E343033332D56574247D2
06-29-2025 16:03:15.832,65,RECV,7E000F8100031A024E333032382D345037312B
06-29-2025 16:03:15.832,66,RECV,7E000F81000834024E383032372D38444452E2
06-29-2025 16:03:15.832,67,RECV,7E000F8100042B024E343033342D435A5830E2
06-29-2025 16:03:15.832,68,RECV,7E000F8100031A024E333032392D53524E4BD8
06-29-2025 16:03:15.832,69,RECV,7E000F81000736024E373032382D5851484EB4
06-29-2025 16:03:15.832,70,RECV,7E000F81000835024E383032392D555A3742C9
06-29-2025 16:03:15.832,71,RECV,7E000F8100031A024E333033302D5141304E0E
06-29-2025 16:03:15.832,72,RECV,7E000F8100042B024E343033362D53555346C4
06-29-2025 16:03:15.833,73,RECV,7E000F8100031A024E333033312D53514839F8
06-29-2025 16:03:15.833,74,RECV,7E000F8100031A024E333033322D49505036FD
06-29-2025 16:03:15.833,75,RECV,7E000F8100031A024E333033332D4A483858F9
06-29-2025 16:03:15.833,76,RECV,7E000F81000834024E383033332D46415933E4
06-29-2025 16:03:15.833,77,RECV,7E000F81000735024E373033322D38314A4EF8
06-29-2025 16:03:15.833,78,RECV,7E000F8100031A024E333033342D56335A56E1
06-29-2025 16:03:15.926,79,RECV,7E000F81000736024E373033332D38583359DB
06-29-2025 16:03:15.982,80,RECV,7E000F8100042B024E343034312D3653584BDD
06-29-2025 16:03:15.982,81,RECV,7E000F81000834024E383033352D434A5448CC
06-29-2025 16:03:15.982,82,RECV,7E000F8100031A024E333033352D55414E38FD
06-29-2025 16:03:15.982,83,RECV,7E000F8100042B024E343034322D4C534F59C1
06-29-2025 16:03:15.982,84,RECV,7E000F8100031A024E333033362D4B4D4C38FC
06-29-2025 16:03:15.982,85,RECV,7E000F81000736024E373033352D5449314ED9
06-29-2025 16:03:15.982,86,RECV,7E000F8100042B024E343034332D4543414FEF
06-29-2025 16:03:15.982,87,RECV,7E000F8100031A024E333033372D4F45493109
06-29-2025 16:03:15.982,88,RECV,7E000F8100042C024E343034342D3137364C1B
06-29-2025 16:03:15.983,89,RECV,7E000F8100031A024E333033382D393355371E
06-29-2025 16:03:15.983,90,RECV,7E000F8100042B024E343034352D43465158D3
06-29-2025 16:03:15.983,91,RECV,7E000F8100031A024E333033392D344C36500F
06-29-2025 16:03:15.983,92,RECV,7E000F8100042B024E343034362D57524C5AB5
06-29-2025 16:03:15.983,93,RECV,7E000F8100031A024E333034302D4A364F54FA
06-29-2025 16:03:15.983,94,RECV,7E000F8100031A024E333034312D53495554D7
06-29-2025 16:03:15.983,95,RECV,7E000F81000735024E373034302D4C364D54D7
06-29-2025 16:03:15.983,96,RECV,7E000F8100042C024E343034392D3830435500
06-29-2025 16:03:15.983,97,RECV,7E000F8100031A024E333034322D394C424C08
06-29-2025 16:03:15.983,98,RECV,7E000F8100031A024E333034332D54305A300C
06-29-2025 16:03:15.983,99,RECV,7E000F8100042B024E343035312D3930483126
06-29-2025 16:03:15.983,100,RECV,7E000F8100031A024E333034342D30474C391D
06-29-2025 16:03:15.983,101,RECV,7E000F8100042B024E343035322D4651394BEC
06-29-2025 16:03:15.983,102,RECV,7E000F8100031A024E333034352D50494B46EE
06-29-2025 16:03:15.983,103,RECV,7E000F81000736024E373034342D5132334EF1
06-29-2025 16:03:15.983,104,RECV,7E000F8100042B024E343035332D494B4B42E5
06-29-2025 16:03:16.017,105,RECV,7E000F81000834024E383034382D325A3756D8
06-29-2025 16:03:16.017,106,RECV,7E000F8100031A024E333034362D3457483014
06-29-2025 16:03:16.017,107,RECV,7E000F81000834024E383034392D34434753DF
06-29-2025 16:03:16.017,108,RECV,7E000F8100031A024E333034372D5A415735EF
06-29-2025 16:03:16.017,109,RECV,7E000F8100031A024E333034382D32374B4E7D33
06-29-2025 16:03:16.017,110,RECV,7E000F8100042B024E343035362D37504B59D8
06-29-2025 16:03:16.017,111,RECV,7E000F81000834024E383035312D46585A41BE
06-29-2025 16:03:16.017,112,RECV,7E000F8100031A024E333034392D58514F41DB
06-29-2025 16:03:16.017,113,RECV,7E000F8100042B024E343035372D4E33303021
06-29-2025 16:03:16.017,114,RECV,7E000F8100031A024E333035302D33565643FA
06-29-2025 16:03:16.017,115,RECV,7E000F8100031A024E333035312D3852385AFF
06-29-2025 16:03:16.017,116,RECV,7E000F81000735024E373035302D56334E49D9
06-29-2025 16:03:16.018,117,RECV,7E000F8100042B024E343036302D44334950F8
06-29-2025 16:03:16.018,118,RECV,7E000F8100031A024E333035322D41355453FD
06-29-2025 16:03:16.018,119,RECV,7E000F8100042B024E343036312D4541443607
06-29-2025 16:03:16.018,120,RECV,7E000F81000834024E383035362D324C5435EB
06-29-2025 16:03:16.018,121,RECV,7E000F8100042B024E343036322D3735425AFE
06-29-2025 16:03:16.018,122,RECV,7E000F8100031A024E333035342D55475935EE
06-29-2025 16:03:16.018,123,RECV,7E000F8100042B024E343036332D3032515200
06-29-2025 16:03:16.018,124,RECV,7E000F8100042B024E343036342D374C4152EE
06-29-2025 16:03:16.018,125,RECV,7E000F8100031A024E333035362D4B415859D9
06-29-2025 16:03:16.018,126,RECV,7E000F8100031A024E333035372D394735510F
06-29-2025 16:03:16.018,127,RECV,7E000F81000834024E383036322D4E515632CE
06-29-2025 16:03:16.018,128,RECV,7E000F8100031A024E333035382D57484747E7
06-29-2025 16:03:16.019,129,RECV,7E000F81000734024E373035372D56534639CB
06-29-2025 16:03:16.019,130,RECV,7E000F8100031A024E333035392D455A5648D6
06-29-2025 16:03:16.110,131,RECV,7E000F8100031A024E333036302D4648493212
06-29-2025 16:03:16.123,132,RECV,7E000F8100042C024E343037302D31555245E9
06-29-2025 16:03:16.123,133,RECV,7E000F8100031A024E333036312D305841331E
06-29-2025 16:03:16.123,134,RECV,7E000F8100042C024E343037312D3851383212
06-29-2025 16:03:16.123,135,RECV,7E000F8100031A024E333036322D4D57433101
06-29-2025 16:03:16.123,136,RECV,7E000F8100042B024E343037322D56584C36D5
06-29-2025 16:03:16.123,137,RECV,7E000F8100031A024E333036332D584A5933EA
06-29-2025 16:03:16.135,138,RECV,7E000F81000833024E383036392D434D485ABD
06-29-2025 16:03:16.135,139,RECV,7E000F8100031A024E333036342D4B53393907
06-29-2025 16:03:16.135,140,RECV,7E000F8100042C024E343037352D395A5930E5
06-29-2025 16:03:16.135,141,RECV,7E000F8100031A024E333036352D38485349FA
06-29-2025 16:03:16.135,142,RECV,7E000F8100031A024E333036362D53503852E8
06-29-2025 16:03:16.135,143,RECV,7E000F8100031A024E333036372D33535559E0
06-29-2025 16:03:16.135,144,RECV,7E000F81000832024E383037332D46385045E2
06-29-2025 16:03:16.135,145,RECV,7E000F8100042B024E343037382D3456554CD4
06-29-2025 16:03:16.135,146,RECV,7E000F8100042B024E343037392D4A34364DFD
06-29-2025 16:03:16.135,147,RECV,7E000F8100031A024E333036392D35484E52F5
06-29-2025 16:03:16.135,148,RECV,7E000F8100031A024E333037302D5A4B4256DD
06-29-2025 16:03:16.135,149,RECV,7E000F81000735024E373036392D44593833E7
06-29-2025 16:03:16.135,150,RECV,7E000F8100042B024E343038302D47574458CC
06-29-2025 16:03:16.135,151,RECV,7E000F81000832024E383037382D43433355E2
06-29-2025 16:03:16.135,152,RECV,7E000F8100031A024E333037322D4E37313929
06-29-2025 16:03:16.135,153,RECV,7E000F8100042B024E343038322D393342457D31
06-29-2025 16:03:16.135,154,RECV,7E000F8100031A024E333037332D304F5747FA
06-29-2025 16:03:16.135,155,RECV,7E000F81000834024E383038312D375A5153BF
06-29-2025 16:03:16.135,156,RECV,7E000F8100042B024E343038342D374B5644E6
06-29-2025 16:03:16.208,157,RECV,7E000F8100031A024E333037352D4355374CFA
06-29-2025 16:03:16.266,158,RECV,7E000F8100042B024E343038352D3145344E09
06-29-2025 16:03:16.293,159,RECV,7E000F8100031A024E333037362D3544494C06
06-29-2025 16:03:16.293,160,RECV,7E000F8100031A024E333037372D54564B4DD1
06-29-2025 16:03:16.293,161,RECV,7E000F8100031A024E333037382D44445853DF
06-29-2025 16:03:16.293,162,RECV,7E000F8100031A024E333037392D5A444739F3
06-29-2025 16:03:16.293,163,RECV,7E000F8100031A024E333038302D3130454231
06-29-2025 16:03:16.293,164,RECV,7E000F8100042B024E343039312D564A5233DF
06-29-2025 16:03:16.294,165,RECV,7E000F8100031A024E333038312D5055373705
06-29-2025 16:03:16.294,166,RECV,7E000F8100031A024E333038322D57503649F1
06-29-2025 16:03:16.294,167,RECV,7E000F8100042B024E343039332D48325355E0
06-29-2025 16:03:16.294,168,RECV,7E000F8100031A024E333038332D5A425546DF
06-29-2025 16:03:16.294,169,RECV,7E000F81000833024E383039322D494A5742C7
06-29-2025 16:03:16.294,170,RECV,7E000F8100042B024E343039342D383935302B
06-29-2025 16:03:16.294,171,RECV,7E000F8100031A024E333038342D4B48304E04
06-29-2025 16:03:16.294,172,RECV,7E000F8100031A024E333038352D4743325107
06-29-2025 16:03:16.294,173,RECV,7E000F8100042B024E343039362D4D4A5058C0
06-29-2025 16:03:16.294,174,RECV,7E000F8100031A024E333038362D344347427D33
06-29-2025 16:03:16.294,175,RECV,7E000F81000833024E383039362D4D4D3632ED
06-29-2025 16:03:16.294,176,RECV,7E000F8100031A024E333038372D4F42353319
06-29-2025 16:03:16.294,177,RECV,7E000F81000833024E383039372D46445934D7
06-29-2025 16:03:16.294,178,RECV,7E000F8100042B024E343039392D51475131E2
06-29-2025 16:03:16.294,179,RECV,7E000F8100031A024E333038392D4D56324AF1
06-29-2025 16:03:16.294,180,RECV,7E000F81000832024E383039392D45504B35D8
06-29-2025 16:03:16.294,181,RECV,7E000F8100031A024E333039302D41574348F5
06-29-2025 16:03:16.294,182,RECV,7E000F8100031A024E333039312D35534758F0
06-29-2025 16:03:16.294,183,RECV,7E000F8100031A024E333039322D494C4857E2
06-29-2025 16:03:16.294,184,RECV,7E000F8100031A024E333039332D4C44324E05
06-29-2025 16:03:16.294,185,RECV,7E000F8100031A024E333039342D46494C48F1
06-29-2025 16:03:16.294,186,RECV,7E000F8100031A024E333039352D484A354FFD
06-29-2025 16:03:16.294,187,RECV,7E000F8100031A024E333039362D4957373407
06-29-2025 16:03:16.294,188,RECV,7E000F8100031D024E333039372D48354552FA
06-29-2025 16:03:16.294,189,RECV,7E000F8100031A024E333039382D4D554D4FD2
06-29-2025 16:03:16.294,190,RECV,7E000F8100031A024E333039392D354E5456E2
06-29-2025 16:03:16.295,191,RECV,7E000F81000734024E373039392D3545534DD3
