06-03-2025 22:56:58.183,-,API2,"Sink 2,0013A20041839DCA,802.15.4 TH,2003,/dev/ttyUSB2 - 57600/8/M/1/N,1,46"

06-03-2025 22:51:58.298,0,RECV,7E007D318100062B0206004E363030302D37555354D1
06-03-2025 22:51:58.299,1,RECV,7E007D318100073B02D0004E373030302D3234424F31
06-03-2025 22:51:58.300,2,RECV,7E007D3181000533024B004E353030302D354C5432B2
06-03-2025 22:51:59.000,3,RECV,7E007D31810008360265004E383030312D4D474E367D5D
06-03-2025 22:51:59.001,4,RECV,7E007D318100062D0208004E363030312D364845300C
06-03-2025 22:51:59.008,5,RECV,7E007D3181000534024D004E353030312D514E4E3098
06-03-2025 22:51:59.702,6,RECV,7E007D31810008370266004E383030322D51364A378A
06-03-2025 22:52:00.404,7,RECV,7E007D31810008370267004E383030332D57574D5540
06-03-2025 22:52:00.407,8,RECV,7E007D318100062E020A004E363030332D4D4E4738E0
06-03-2025 22:52:01.076,9,RECV,7E007D31810008350268004E383030342D5942504E57
06-03-2025 22:52:01.078,10,RECV,7E007D318100062E020B004E363030342D514C5843C0
06-03-2025 22:52:01.079,11,RECV,7E007D318100073D02D6004E373030342D5033334323
06-03-2025 22:52:01.757,12,RECV,7E007D31810008350269004E383030352D584134328F
06-03-2025 22:52:01.807,13,RECV,7E007D31810005340251004E353030352D5136354DA4
06-03-2025 22:52:01.808,14,RECV,7E007D318100062D020C004E363030352D50485145C9
06-03-2025 22:52:01.809,15,RECV,7E007D318100073D02D7004E373030352D3757593300
06-03-2025 22:52:02.459,16,RECV,7E007D3181000834026D004E383030362D4946353096
06-03-2025 22:52:02.509,17,RECV,7E007D31810005340254004E353030362D4430324BB8
06-03-2025 22:52:02.510,18,RECV,7E007D318100062D020E004E363030362D364B3642FB
06-03-2025 22:52:02.510,19,RECV,7E007D318100073C02D9004E373030362D4F4530417D33
06-03-2025 22:52:03.161,20,RECV,7E007D3181000834026E004E383030372D52594C3160
06-03-2025 22:52:03.211,21,RECV,7E007D31810005340255004E353030372D42515A4179
06-03-2025 22:52:03.212,22,RECV,7E007D318100062D020F004E363030372D4B4F324ADC
06-03-2025 22:52:03.212,23,RECV,7E007D318100073B02DA004E373030372D41553852F7
06-03-2025 22:52:03.863,24,RECV,7E007D3181000833026F004E383030382D363350309E
06-03-2025 22:52:03.914,25,RECV,7E007D31810005320256004E353030382D4E384E4B88
06-03-2025 22:52:03.914,26,RECV,7E007D318100062C0210004E363030382D34523245F4
06-03-2025 22:52:03.915,27,RECV,7E007D318100073A02DB004E373030382D4442374217
06-03-2025 22:52:04.565,28,RECV,7E007D31810008330270004E383030392D354A4B4972
06-03-2025 22:52:04.615,29,RECV,7E007D31810005320257004E353030392D374B53448C
06-03-2025 22:52:04.634,30,RECV,7E007D318100062B027D31004E363030392D4C505633CB
06-03-2025 22:52:04.634,31,RECV,7E007D318100073A02DC004E373030392D53344B4AF8
06-03-2025 22:52:05.267,32,RECV,7E007D31810008330271004E383031302D5754595830
06-03-2025 22:52:05.317,33,RECV,7E007D31810005320258004E353031302D4956523388
06-03-2025 22:52:05.318,34,RECV,7E007D318100062C0212004E363031302D5258514AB1
06-03-2025 22:52:05.323,35,RECV,7E007D318100073A02DD004E373031302D4E4836430C
06-03-2025 22:52:06.019,36,RECV,7E007D31810005380259004E353031312D4B4D534F6A
06-03-2025 22:52:06.023,37,RECV,7E007D3181000631027D33004E363031312D42344554E0
06-03-2025 22:52:06.024,38,RECV,7E007D318100074002DE004E373031312D30314F3231
06-03-2025 22:52:06.671,39,RECV,7E007D31810008390274004E383031322D3130563991
06-03-2025 22:52:06.721,40,RECV,7E007D3181000538025C004E353031322D41534E3787
06-03-2025 22:52:06.767,41,RECV,7E007D31810006310218004E363031322D56545738B0
06-03-2025 22:52:06.767,42,RECV,7E007D318100074002E0004E373031322D3649474901
06-03-2025 22:52:07.373,43,RECV,7E007D31810008390275004E383031332D3544485A64
06-03-2025 22:52:07.414,44,RECV,7E007D3181000538025D004E353031332D4836544C80
06-03-2025 22:52:07.414,45,RECV,7E007D31810006320219004E363031332D5734424FCA
06-03-2025 22:52:07.414,46,RECV,7E007D318100074102E1004E373031332D43315553F1
06-03-2025 22:52:08.075,47,RECV,7E007D31810008390276004E383031342D32424B526C
06-03-2025 22:52:08.085,48,RECV,7E007D3181000537025E004E353031342D4C58584C55
06-03-2025 22:52:08.085,49,RECV,7E007D3181000632021A004E363031342D51325054BD
06-03-2025 22:52:08.086,50,RECV,7E007D318100074102E2004E373031342D56574835E1
06-03-2025 22:52:08.782,51,RECV,7E007D31810008320277004E383031352D4B42374579
06-03-2025 22:52:08.792,52,RECV,7E007D3181000532025F004E353031352D4F4E364885
06-03-2025 22:52:08.793,53,RECV,7E007D318100062C021B004E363031352D53524542BC
06-03-2025 22:52:08.793,54,RECV,7E007D318100073B02E3004E373031352D47385A46F0
06-03-2025 22:52:09.484,55,RECV,7E007D31810008350278004E383031362D4F47563958
06-03-2025 22:52:09.485,56,RECV,7E007D31810005330260004E353031362D32384A5594
06-03-2025 22:52:09.534,57,RECV,7E007D318100062D021C004E363031362D39374A41EA
06-03-2025 22:52:09.535,58,RECV,7E007D318100073B02E4004E373031362D47454B37FF
06-03-2025 22:52:10.186,59,RECV,7E007D31810008340279004E383031372D4D50324B62
06-03-2025 22:52:10.191,60,RECV,7E007D31810005330261004E353031372D533541379B
06-03-2025 22:52:10.236,61,RECV,7E007D318100062D021D004E363031372D4F35374FD9
06-03-2025 22:52:10.246,62,RECV,7E007D318100073C02E5004E373031372D474D4E50D8
06-03-2025 22:52:10.888,63,RECV,7E007D3181000835027D5D004E383031382D395453375F
06-03-2025 22:52:10.891,64,RECV,7E007D31810005350264004E353031382D42303437B8
06-03-2025 22:52:10.938,65,RECV,7E007D318100062E021F004E363031382D4C564A5A99
06-03-2025 22:52:10.941,66,RECV,7E007D318100073D02E7004E373031382D534D4941DC
06-03-2025 22:52:11.590,67,RECV,7E007D3181000838027D5E004E383031392D53364B435A
06-03-2025 22:52:11.593,68,RECV,7E007D31810005360265004E353031392D4946334E82
06-03-2025 22:52:11.621,69,RECV,7E007D31810006300220004E363031392D30375530EF
06-03-2025 22:52:11.621,70,RECV,7E007D318100073E02E8004E373031392D4D59444ACF
06-03-2025 22:52:12.292,71,RECV,7E007D3181000836027F004E383032302D514F435740
06-03-2025 22:52:12.293,72,RECV,7E007D31810005350266004E353032302D344B4A478A
06-03-2025 22:52:12.313,73,RECV,7E007D318100062E0221004E363032302D304F3855D8
06-03-2025 22:52:12.314,74,RECV,7E007D318100073E02E9004E373032302D364C394D02
06-03-2025 22:52:12.994,75,RECV,7E007D31810008370280004E383032312D4836584859
06-03-2025 22:52:12.995,76,RECV,7E007D31810005360267004E353032312D48384F5573
06-03-2025 22:52:12.996,77,RECV,7E007D31810006300222004E363032312D484A434AC1
06-03-2025 22:52:13.044,78,RECV,7E007D318100073F02EA004E373032312D4C484B54D4
06-03-2025 22:52:13.697,79,RECV,7E007D31810008330281004E383032322D5A4546484C
06-03-2025 22:52:13.707,80,RECV,7E007D31810005360268004E353032322D485A594F4B
06-03-2025 22:52:13.709,81,RECV,7E007D318100062B0223004E363032322D37534754BE
06-03-2025 22:52:14.399,82,RECV,7E007D31810008330285004E383032332D4748445A47
06-03-2025 22:52:14.399,83,RECV,7E007D3181000532026A004E353032332D5338525960
06-03-2025 22:52:14.449,84,RECV,7E007D318100062C0225004E363032332D4A325141D1
06-03-2025 22:52:14.500,85,RECV,7E007D318100073B02EF004E373032332D30374856FF
06-03-2025 22:52:15.101,86,RECV,7E007D31810008320286004E383032342D4452394460
06-03-2025 22:52:15.107,87,RECV,7E007D3181000532026B004E353032342D5556524D4A
06-03-2025 22:52:15.151,88,RECV,7E007D318100062B0226004E363032342D35353152F1
06-03-2025 22:52:15.154,89,RECV,7E007D318100073A02F0004E373032342D333133501C
06-03-2025 22:52:15.802,90,RECV,7E007D31810008320287004E383032352D51435A443F
06-03-2025 22:52:15.807,91,RECV,7E007D3181000532026C004E353032352D3348315393
06-03-2025 22:52:15.852,92,RECV,7E007D318100062B0227004E363032352D504F3230DB
06-03-2025 22:52:15.864,93,RECV,7E007D318100073A02F1004E373032352D43533247F2
06-03-2025 22:52:16.504,94,RECV,7E007D31810008330288004E383032362D38485A474D
06-03-2025 22:52:16.507,95,RECV,7E007D3181000533026D004E353032362D3356574B64
06-03-2025 22:52:16.554,96,RECV,7E007D318100062C0228004E363032362D42304654CD
06-03-2025 22:52:17.206,97,RECV,7E007D31810008340289004E383032372D46454A385E
06-03-2025 22:52:17.208,98,RECV,7E007D3181000533026E004E353032372D4B58465450
06-03-2025 22:52:17.256,99,RECV,7E007D318100062C0229004E363032372D31335330F0
06-03-2025 22:52:17.257,100,RECV,7E007D318100073B02F3004E373032372D55514838D6
06-03-2025 22:52:17.908,101,RECV,7E007D3181000834028A004E383032382D54334C5A3C
06-03-2025 22:52:17.909,102,RECV,7E007D3181000534026F004E353032382D444247338A
06-03-2025 22:52:17.958,103,RECV,7E007D318100062D022A004E363032382D594744539D
06-03-2025 22:52:17.994,104,RECV,7E007D318100073C02F4004E373032382D484E5832D9
06-03-2025 22:52:18.581,105,RECV,7E007D3181000834028E004E383032392D4E4351552D
06-03-2025 22:52:18.611,106,RECV,7E007D31810005340271004E353032392D44494C5757
06-03-2025 22:52:18.631,107,RECV,7E007D318100062D022C004E363032392D4C4D57469B
06-03-2025 22:52:18.631,108,RECV,7E007D318100073C02F8004E373032392D4B433436FC
06-03-2025 22:52:19.293,109,RECV,7E007D3181000834028F004E383033302D4C47323571
06-03-2025 22:52:19.313,110,RECV,7E007D31810005340272004E353033302D4735385783
06-03-2025 22:52:19.333,111,RECV,7E007D318100062D022D004E363033302D564D4C35B4
06-03-2025 22:52:19.367,112,RECV,7E007D318100073C02F9004E373033302D4E305646E1
06-03-2025 22:52:20.015,113,RECV,7E007D31810008340290004E383033312D33305A4468
06-03-2025 22:52:20.015,114,RECV,7E007D31810005340273004E353033312D374C464A79
06-03-2025 22:52:20.016,115,RECV,7E007D318100062C022E004E363033312D3556394FC4
06-03-2025 22:52:20.065,116,RECV,7E007D318100073C02FA004E373033312D37374E4BF2
06-03-2025 22:52:20.716,117,RECV,7E007D31810008340291004E383033322D535754567D33
06-03-2025 22:52:20.717,118,RECV,7E007D31810005330274004E353033322D4E314D348B
06-03-2025 22:52:20.767,119,RECV,7E007D318100062C022F004E363033322D4A434A4CB2
06-03-2025 22:52:20.771,120,RECV,7E007D318100073B02FB004E373033322D49594F48BF
06-03-2025 22:52:21.418,121,RECV,7E007D31810008370292004E383033332D3832313493
06-03-2025 22:52:21.424,122,RECV,7E007D31810005360275004E353033332D315A564362
06-03-2025 22:52:21.468,123,RECV,7E007D318100062F0230004E363033332D30595730C0
06-03-2025 22:52:21.491,124,RECV,7E007D318100073F02FC004E373033332D534A5751AD
06-03-2025 22:52:22.080,125,RECV,7E007D31810008360293004E383033342D553654364C
06-03-2025 22:52:22.120,126,RECV,7E007D31810005360276004E353033342D534E515939
06-03-2025 22:52:22.170,127,RECV,7E007D318100062E0231004E363033342D47453741CB
06-03-2025 22:52:22.171,128,RECV,7E007D318100073E02FD004E373033342D474C5847BF
06-03-2025 22:52:22.783,129,RECV,7E007D31810008350296004E383033352D474B374154
06-03-2025 22:52:22.823,130,RECV,7E007D3181000534027A004E353033352D59355A5940
06-03-2025 22:52:22.873,131,RECV,7E007D318100062E0233004E363033352D5939445A9C
06-03-2025 22:52:22.873,132,RECV,7E007D318100073D0201004E373033352D56394B32E1
06-03-2025 22:52:23.474,133,RECV,7E007D31810008340297004E383033362D5559495A0C
06-03-2025 22:52:23.524,134,RECV,7E007D3181000533027B004E353033362D4650335760
06-03-2025 22:52:23.575,135,RECV,7E007D318100062D0234004E363033362D38513550BD
06-03-2025 22:52:23.610,136,RECV,7E007D318100073C0202004E373033362D45415658B8
06-03-2025 22:52:24.176,137,RECV,7E007D31810008330298004E383033372D3649544544
06-03-2025 22:52:24.226,138,RECV,7E007D3181000533027C004E353033372D50434C455A
06-03-2025 22:52:24.276,139,RECV,7E007D318100062C0235004E363033372D4A525634A4
06-03-2025 22:52:24.277,140,RECV,7E007D318100073B0203004E373033372D5245524FB3
06-03-2025 22:52:24.878,141,RECV,7E007D31810008320299004E383033382D57584C451B
06-03-2025 22:52:24.928,142,RECV,7E007D3181000531027D5D004E353033382D33353441A1
06-03-2025 22:52:24.978,143,RECV,7E007D318100062C0236004E363033382D354657579F
06-03-2025 22:52:24.979,144,RECV,7E007D318100073B0204004E373033382D3438304EFF
06-03-2025 22:52:25.580,145,RECV,7E007D3181000837029A004E383033392D574C4D560E
06-03-2025 22:52:25.631,146,RECV,7E007D3181000536027D5E004E353033392D4B424D3766
06-03-2025 22:52:25.651,147,RECV,7E007D318100062F0237004E363033392D38463630DF
06-03-2025 22:52:25.655,148,RECV,7E007D318100073F0205004E373033392D49395A41C6
06-03-2025 22:52:26.282,149,RECV,7E007D3181000836029B004E383034302D57424F4430
06-03-2025 22:52:26.332,150,RECV,7E007D3181000535027F004E353034302D3047573879
06-03-2025 22:52:26.353,151,RECV,7E007D318100062E0238004E363034302D39555246A5
06-03-2025 22:52:26.355,152,RECV,7E007D318100073E0208004E373034302D31353354FC
06-03-2025 22:52:26.984,153,RECV,7E007D3181000836029F004E383034312D524E334341
06-03-2025 22:52:27.034,154,RECV,7E007D31810005340281004E353034312D434D334377
06-03-2025 22:52:27.040,155,RECV,7E007D318100062E023A004E363034312D5238375AAD
06-03-2025 22:52:27.084,156,RECV,7E007D318100073C020A004E373034312D303139430B
06-03-2025 22:52:27.686,157,RECV,7E007D318100083302A0004E383034322D4358545118
06-03-2025 22:52:27.736,158,RECV,7E007D31810005330282004E353034322D4C4E473863
06-03-2025 22:52:27.786,159,RECV,7E007D318100062C023B004E363034322D4355515986
06-03-2025 22:52:27.788,160,RECV,7E007D318100073B020B004E373034322D4D493251CE
06-03-2025 22:52:28.388,161,RECV,7E007D318100083302A1004E383034332D5751463830
06-03-2025 22:52:28.438,162,RECV,7E007D31810005330283004E353034332D4E314B367A
06-03-2025 22:52:28.488,163,RECV,7E007D318100062C023C004E363034332D39344730E2
06-03-2025 22:52:28.489,164,RECV,7E007D318100073B020C004E373034332D53434254B9
06-03-2025 22:52:29.090,165,RECV,7E007D318100083502A2004E383034342D4738354856
06-03-2025 22:52:29.140,166,RECV,7E007D31810005320284004E353034342D4849324B6B
06-03-2025 22:52:29.190,167,RECV,7E007D318100062C023D004E363034342D525659348F
06-03-2025 22:52:29.196,168,RECV,7E007D318100073B020D004E373034342D564D564AA0
06-03-2025 22:52:29.792,169,RECV,7E007D318100083502A3004E383034352D50355A541D
06-03-2025 22:52:29.842,170,RECV,7E007D31810005360285004E353034352D524658483B
06-03-2025 22:52:29.892,171,RECV,7E007D318100062E023E004E363034352D45314548BD
06-03-2025 22:52:29.893,172,RECV,7E007D318100073D020E004E373034352D34584C50B7
06-03-2025 22:52:30.495,173,RECV,7E007D318100083402A6004E383034362D4239394752
06-03-2025 22:52:30.545,174,RECV,7E007D31810005330289004E353034362D4A3445535B
06-03-2025 22:52:30.595,175,RECV,7E007D318100062C0240004E363034362D33495639B4
06-03-2025 22:52:31.196,176,RECV,7E007D318100083702A7004E383034372D394E4B571F
06-03-2025 22:52:31.247,177,RECV,7E007D3181000535028A004E353034372D434D454553
06-03-2025 22:52:31.297,178,RECV,7E007D318100062D0241004E363034372D45534241A1
06-03-2025 22:52:31.307,179,RECV,7E007D318100073C0212004E373034372D4649454FB7
06-03-2025 22:52:31.899,180,RECV,7E007D318100083502A8004E383034382D3137483068
06-03-2025 22:52:31.949,181,RECV,7E007D3181000534028B004E353034382D375148425A
06-03-2025 22:52:31.969,182,RECV,7E007D318100062C0242004E363034382D5A35564C8A
06-03-2025 22:52:31.971,183,RECV,7E007D318100073B027D33004E373034382D4644544BB0
06-03-2025 22:52:32.600,184,RECV,7E007D318100083402A9004E383034392D4C585252FF
06-03-2025 22:52:32.651,185,RECV,7E007D3181000537028C004E353034392D4146524D41
06-03-2025 22:52:32.671,186,RECV,7E007D318100062C0243004E363034392D5435565189
06-03-2025 22:52:32.674,187,RECV,7E007D318100073B0214004E373034392D57524734B3
06-03-2025 22:52:33.303,188,RECV,7E007D318100083302AA004E383035302D4B38314556
06-03-2025 22:52:33.353,189,RECV,7E007D3181000532028D004E353035302D5144513756
06-03-2025 22:52:33.373,190,RECV,7E007D318100062C0244004E363035302D4F573841A1
06-03-2025 22:52:33.373,191,RECV,7E007D318100073A0215004E373035302D4835524EC2
06-03-2025 22:52:34.004,192,RECV,7E007D318100083402AB004E383035312D4A30354F4E
06-03-2025 22:52:34.054,193,RECV,7E007D3181000533028E004E353035312D4D4E585429
06-03-2025 22:52:34.098,194,RECV,7E007D318100062D0245004E363035312D4238554EA0
06-03-2025 22:52:34.104,195,RECV,7E007D318100073C0216004E373035312D49334730E8
06-03-2025 22:52:34.706,196,RECV,7E007D318100083402AE004E383035322D434D58352B
06-03-2025 22:52:34.757,197,RECV,7E007D31810005340290004E353035322D483036308E
06-03-2025 22:52:34.807,198,RECV,7E007D318100062D0249004E363035322D53333142BF
06-03-2025 22:52:34.814,199,RECV,7E007D318100073B0219004E373035322D48355857AC
06-03-2025 22:52:35.409,200,RECV,7E007D318100083402AF004E383035332D4A44564C16
06-03-2025 22:52:35.459,201,RECV,7E007D31810005330291004E353035332D32454F5451
06-03-2025 22:52:35.509,202,RECV,7E007D318100062D024A004E363035332D34424253AB
06-03-2025 22:52:35.509,203,RECV,7E007D318100073B021A004E373035332D34534E5AA7
06-03-2025 22:52:36.117,204,RECV,7E007D318100083402B0004E383035342D4F4F4D3524
06-03-2025 22:52:36.137,205,RECV,7E007D31810005330292004E353035342D504D364D49
06-03-2025 22:52:36.211,206,RECV,7E007D318100062D024B004E363035342D44424C538F
06-03-2025 22:52:36.232,207,RECV,7E007D318100073C021B004E373035342D4F41534CA4
06-03-2025 22:52:36.813,208,RECV,7E007D318100083402B1004E383035352D4F4B464A18
06-03-2025 22:52:36.863,209,RECV,7E007D31810005340293004E353035352D4B41435443
06-03-2025 22:52:36.913,210,RECV,7E007D318100062D024C004E363035352D4B4A4E5A75
06-03-2025 22:52:36.913,211,RECV,7E007D318100073C021C004E373035352D5A43574D90
06-03-2025 22:52:37.515,212,RECV,7E007D318100083502B2004E383035362D454936413A
06-03-2025 22:52:37.565,213,RECV,7E007D31810005340294004E353035362D4E49333268
06-03-2025 22:52:37.615,214,RECV,7E007D318100062E024D004E363035362D544336558D
06-03-2025 22:52:37.615,215,RECV,7E007D318100073C021D004E373035362D375A4B35BE
06-03-2025 22:52:38.217,216,RECV,7E007D318100083402B3004E383035372D35595A5AFC
06-03-2025 22:52:38.267,217,RECV,7E007D31810005330295004E353035372D594A594324
06-03-2025 22:52:38.317,218,RECV,7E007D318100062D024E004E363035372D4D413836B2
06-03-2025 22:52:38.366,219,RECV,7E007D318100073B021E004E373035372D3147304CDA
06-03-2025 22:52:38.919,220,RECV,7E007D318100083302B7004E383035382D3951503729
06-03-2025 22:52:38.969,221,RECV,7E007D31810005320297004E353035382D4E38475242
06-03-2025 22:52:38.979,222,RECV,7E007D318100062C0250004E363035382D3359365595
06-03-2025 22:52:38.980,223,RECV,7E007D318100073B0222004E373035382D51583332BB
06-03-2025 22:52:39.621,224,RECV,7E007D318100083302B8004E383035392D5542364B20
06-03-2025 22:52:39.671,225,RECV,7E007D31810005320298004E353035392D534A444935
06-03-2025 22:52:39.718,226,RECV,7E007D318100062A0251004E363035392D414B4A4A8C
06-03-2025 22:52:39.718,227,RECV,7E007D318100073A0223004E373035392D424C5641A3
06-03-2025 22:52:40.323,228,RECV,7E007D318100083902B9004E383036302D4F4D36491E
06-03-2025 22:52:40.373,229,RECV,7E007D31810005380299004E353036302D3330494173
06-03-2025 22:52:40.394,230,RECV,7E007D31810006310252004E363036302D35494B5291
06-03-2025 22:52:40.394,231,RECV,7E007D31810007400224004E373036302D5A53545A6E
06-03-2025 22:52:41.025,232,RECV,7E007D318100083902BA004E383036312D3842354F39
06-03-2025 22:52:41.075,233,RECV,7E007D3181000537029A004E353036312D454852562A
06-03-2025 22:52:41.075,234,RECV,7E007D31810006320253004E363036312D5634424499
06-03-2025 22:52:41.125,235,RECV,7E007D31810007400225004E373036312D4B424B36B9
06-03-2025 22:52:41.727,236,RECV,7E007D318100083802BB004E383036322D324949571B
06-03-2025 22:52:41.777,237,RECV,7E007D3181000537029B004E353036322D5643565816
06-03-2025 22:52:41.827,238,RECV,7E007D31810006300254004E363036322D455052338F
06-03-2025 22:52:41.848,239,RECV,7E007D318100073F0226004E373036322D4A4C3559A2
06-03-2025 22:52:42.429,240,RECV,7E007D318100083602BD004E383036332D57425A4BF7
06-03-2025 22:52:42.479,241,RECV,7E007D3181000536029F004E353036332D4954324E3C
06-03-2025 22:52:42.529,242,RECV,7E007D318100062E0257004E363036332D34483751A3
06-03-2025 22:52:42.529,243,RECV,7E007D318100073E0228004E373036332D53375641A3
06-03-2025 22:52:43.091,244,RECV,7E007D318100083602BF004E383036342D3650485A0A
06-03-2025 22:52:43.181,245,RECV,7E007D318100053502A0004E353036342D5246574128
06-03-2025 22:52:43.231,246,RECV,7E007D318100062E0258004E363036342D5755514D5B
06-03-2025 22:52:43.231,247,RECV,7E007D318100073E0229004E373036342D4F5756576F
06-03-2025 22:52:43.793,248,RECV,7E007D318100083502C0004E383036352D47595548F4
06-03-2025 22:52:43.883,249,RECV,7E007D318100053402A1004E353036352D30504A4A43
06-03-2025 22:52:43.933,250,RECV,7E007D318100062D0259004E363036352D4A544F4671
06-03-2025 22:52:43.972,251,RECV,7E007D318100073C022A004E373036352D5745385A94
06-03-2025 22:52:44.485,252,RECV,7E007D318100083502C1004E383036362D48594F43FC
06-03-2025 22:52:44.585,253,RECV,7E007D318100053402A2004E353036362D4F414B3842
06-03-2025 22:52:44.635,254,RECV,7E007D318100062D025A004E363036362D36413139C1
06-03-2025 22:52:44.639,255,RECV,7E007D318100073D022B004E373036362D4248495795
06-03-2025 22:52:45.187,256,RECV,7E007D318100083502C2004E383036372D36334B5128
06-03-2025 22:52:45.257,257,RECV,7E007D318100053402A3004E353036372D3550415637
06-03-2025 22:52:45.337,258,RECV,7E007D318100062D025B004E363036372D514A54565B
06-03-2025 22:52:45.342,259,RECV,7E007D318100073C022C004E373036372D594741538A
06-03-2025 22:52:45.889,260,RECV,7E007D318100083302C3004E383036382D4943574DFD
06-03-2025 22:52:45.959,261,RECV,7E007D318100053302A4004E353036382D5252355920
06-03-2025 22:52:46.009,262,RECV,7E007D318100062D025C004E363036382D30523535B2
06-03-2025 22:52:46.010,263,RECV,7E007D318100073B022D004E373036382D3237564BB3
06-03-2025 22:52:46.601,264,RECV,7E007D318100083402C5004E383036392D4B3947510D
06-03-2025 22:52:46.641,265,RECV,7E007D318100053302A7004E353036392D5648465614
06-03-2025 22:52:46.711,266,RECV,7E007D318100062D0260004E363036392D514B565354
06-03-2025 22:52:46.712,267,RECV,7E007D318100073B0230004E373036392D52554F4281
06-03-2025 22:52:47.303,268,RECV,7E007D318100083502C6004E383037302D564C514BF1
06-03-2025 22:52:47.343,269,RECV,7E007D318100053402A8004E353037302D4C32474649
06-03-2025 22:52:47.413,270,RECV,7E007D318100062E0261004E363037302D59443030A2
06-03-2025 22:52:47.414,271,RECV,7E007D318100073C0231004E373037302D34384D42C4
06-03-2025 22:52:47.995,272,RECV,7E007D318100083402C7004E383037312D4F505151ED
06-03-2025 22:52:48.095,273,RECV,7E007D318100053402A9004E353037312D5234523941
06-03-2025 22:52:48.096,274,RECV,7E007D318100062E0262004E363037312D3653484D7F
06-03-2025 22:52:48.145,275,RECV,7E007D318100073C0232004E373037312D5249583595
06-03-2025 22:52:48.697,276,RECV,7E007D318100083502C8004E383037322D333949571F
06-03-2025 22:52:48.798,277,RECV,7E007D318100053402AA004E353037322D4A444E4331
06-03-2025 22:52:48.798,278,RECV,7E007D318100062D0263004E363037322D434B505A64
06-03-2025 22:52:48.847,279,RECV,7E007D318100073C0233004E373037322D46583036B7
06-03-2025 22:52:49.399,280,RECV,7E007D318100083402C9004E383037332D49545058E5
06-03-2025 22:52:49.499,281,RECV,7E007D318100053402AB004E353037332D325957511B
06-03-2025 22:52:49.550,282,RECV,7E007D318100062D0264004E363037332D4E3149547D5E
06-03-2025 22:52:49.603,283,RECV,7E007D318100073C0234004E373037332D4D374D48A0
06-03-2025 22:52:50.101,284,RECV,7E007D318100083402CA004E383037342D434A334F19
06-03-2025 22:52:50.161,285,RECV,7E007D318100053402AC004E353037342D3338544449
06-03-2025 22:52:50.251,286,RECV,7E007D318100062E0265004E363037342D433132579A
06-03-2025 22:52:50.255,287,RECV,7E007D318100073C0235004E373037342D44464445A4
06-03-2025 22:52:50.803,288,RECV,7E007D318100083602CE004E383037352D5837343826
06-03-2025 22:52:50.863,289,RECV,7E007D318100053502AE004E353037352D4C54484C14
06-03-2025 22:52:50.953,290,RECV,7E007D318100062E0267004E363037352D3232475891
06-03-2025 22:52:50.953,291,RECV,7E007D318100073D0239004E373037352D364B3548B3
06-03-2025 22:52:51.505,292,RECV,7E007D318100083602CF004E383037362D4E444D5AE6
06-03-2025 22:52:51.555,293,RECV,7E007D318100053502AF004E353037362D38524B4D24
06-03-2025 22:52:51.655,294,RECV,7E007D318100062F0268004E363037362D38343434BD
06-03-2025 22:52:51.658,295,RECV,7E007D318100073E023A004E373037362D4A444C4292
06-03-2025 22:52:52.207,296,RECV,7E007D318100083702D0004E383037372D3535514E7D33
06-03-2025 22:52:52.257,297,RECV,7E007D318100053602B0004E353037372D594D4B5101
06-03-2025 22:52:52.357,298,RECV,7E007D31810006300269004E363037372D465742446B
06-03-2025 22:52:52.358,299,RECV,7E007D318100073E023B004E373037372D554B525565
06-03-2025 22:52:52.909,300,RECV,7E007D318100083702D1004E383037382D4C5A4D54D3
06-03-2025 22:52:52.959,301,RECV,7E007D318100053702B1004E353037382D5339563826
06-03-2025 22:52:53.029,302,RECV,7E007D3181000630026A004E363037382D5052453471
06-03-2025 22:52:53.030,303,RECV,7E007D318100073F023C004E373037382D5442374A92
06-03-2025 22:52:53.611,304,RECV,7E007D318100083902D2004E383037392D355938331D
06-03-2025 22:52:53.661,305,RECV,7E007D318100053902B2004E353037392D5A5231302F
06-03-2025 22:52:53.732,306,RECV,7E007D3181000632026B004E363037392D4A5A53365B
06-03-2025 22:52:53.732,307,RECV,7E007D3181000741023D004E373037392D41473938AC
06-03-2025 22:52:54.313,308,RECV,7E007D318100083302D3004E383038302D33374E412A
06-03-2025 22:52:54.364,309,RECV,7E007D318100053502B4004E353038302D4354323647
06-03-2025 22:52:54.434,310,RECV,7E007D3181000631026E004E363038302D4649464F6A
06-03-2025 22:52:55.015,311,RECV,7E007D318100083302D6004E383038312D375A4A4DF7
06-03-2025 22:52:55.076,312,RECV,7E007D318100053202B7004E353038312D4C4332394B
06-03-2025 22:52:55.116,313,RECV,7E007D318100062C026F004E363038312D4A525A4556
06-03-2025 22:52:55.166,314,RECV,7E007D318100073A0240004E373038312D584E454D78
06-03-2025 22:52:55.717,315,RECV,7E007D318100083402D7004E383038322D30314E4726
06-03-2025 22:52:55.778,316,RECV,7E007D318100053202B8004E353038322D455746451C
06-03-2025 22:52:55.868,317,RECV,7E007D318100062D0270004E363038322D375742308E
06-03-2025 22:52:56.419,318,RECV,7E007D318100083402D8004E383038332D3553324F7D31
06-03-2025 22:52:56.469,319,RECV,7E007D318100053302B9004E353038332D5058383030
06-03-2025 22:52:56.570,320,RECV,7E007D318100062D0271004E363038332D5438364486
06-03-2025 22:52:56.598,321,RECV,7E007D318100073C0242004E373038332D4C58424B79
06-03-2025 22:52:57.121,322,RECV,7E007D318100083302D9004E383038342D3754343426
06-03-2025 22:52:57.171,323,RECV,7E007D318100053202BA004E353038342D4C314F472C
06-03-2025 22:52:57.272,324,RECV,7E007D318100062D0272004E363038342D4D4D4B376E
06-03-2025 22:52:57.275,325,RECV,7E007D318100073B0243004E373038342D5458534367
06-03-2025 22:52:57.823,326,RECV,7E007D318100083402DA004E383038352D5055343508
06-03-2025 22:52:57.874,327,RECV,7E007D318100053302BB004E353038352D3535464745
06-03-2025 22:52:57.974,328,RECV,7E007D318100062D0273004E363038352D424F51584E
06-03-2025 22:52:57.974,329,RECV,7E007D318100073B0244004E373038352D4944305199
06-03-2025 22:52:58.526,330,RECV,7E007D318100083402DD004E383038362D48364358F9
06-03-2025 22:52:58.576,331,RECV,7E007D318100053302BE004E353038362D5738344431
06-03-2025 22:52:58.676,332,RECV,7E007D318100062C0276004E363038362D5755323374
06-03-2025 22:52:58.720,333,RECV,7E007D318100073B0247004E373038362D4F30434B96
06-03-2025 22:52:59.228,334,RECV,7E007D318100083302DE004E383038372D384A4A4BFA
06-03-2025 22:52:59.278,335,RECV,7E007D318100053302BF004E353038372D57354B332C
06-03-2025 22:52:59.378,336,RECV,7E007D318100062C0277004E363038372D4F4B434462
06-03-2025 22:52:59.379,337,RECV,7E007D318100073B0248004E373038372D30473155A4
06-03-2025 22:52:59.931,338,RECV,7E007D318100083202DF004E383038382D59394B44EF
06-03-2025 22:52:59.981,339,RECV,7E007D318100053802C0004E353038382D4233524B1D
06-03-2025 22:53:00.041,340,RECV,7E007D31810006320278004E363038382D513153396D
06-03-2025 22:53:00.084,341,RECV,7E007D31810007410249004E373038382D35463136B7
06-03-2025 22:53:00.632,342,RECV,7E007D318100083802E0004E383038392D35573050FC
06-03-2025 22:53:00.683,343,RECV,7E007D318100053702C1004E353038392D3146344340
06-03-2025 22:53:00.743,344,RECV,7E007D31810006300279004E363038392D584E56413E
06-03-2025 22:53:01.334,345,RECV,7E007D318100083602E1004E383039302D3949563900
06-03-2025 22:53:01.384,346,RECV,7E007D318100053602C2004E353039302D584A5553EC
06-03-2025 22:53:01.455,347,RECV,7E007D318100062F027A004E363039302D494B483176
06-03-2025 22:53:01.455,348,RECV,7E007D318100073E024B004E373039302D584241388E
06-03-2025 22:53:02.036,349,RECV,7E007D318100083502E2004E383039312D495A4732F4
06-03-2025 22:53:02.086,350,RECV,7E007D318100053502C3004E353039312D4F565242FC
06-03-2025 22:53:02.136,351,RECV,7E007D318100062E027B004E363039312D5641454660
06-03-2025 22:53:02.187,352,RECV,7E007D318100073D024C004E373039312D41454B428D
06-03-2025 22:53:02.738,353,RECV,7E007D318100083402E5004E383039322D38545746E4
06-03-2025 22:53:02.788,354,RECV,7E007D318100053402C6004E353039322D3050324A36
06-03-2025 22:53:02.839,355,RECV,7E007D318100062D027D5D004E363039322D3837485970
06-03-2025 22:53:02.889,356,RECV,7E007D318100073C0250004E373039322D4E5937318D
06-03-2025 22:53:03.442,357,RECV,7E007D318100083402E6004E383039332D57455059C6
06-03-2025 22:53:03.492,358,RECV,7E007D318100053302C7004E353039332D4935583823
06-03-2025 22:53:03.543,359,RECV,7E007D318100062C027D5E004E363039332D4E4C413371
06-03-2025 22:53:03.592,360,RECV,7E007D318100073B0251004E373039332D583949348D
06-03-2025 22:53:04.144,361,RECV,7E007D318100083302E7004E383039342D4A4F4D57CD
06-03-2025 22:53:04.194,362,RECV,7E007D318100053202C8004E353039342D52554258EF
06-03-2025 22:53:04.244,363,RECV,7E007D318100062B027F004E363039342D584A553057
06-03-2025 22:53:04.295,364,RECV,7E007D318100073A0252004E373039342D594A38437C
06-03-2025 22:53:04.806,365,RECV,7E007D318100083202E8004E383039352D36564653E4
06-03-2025 22:53:04.896,366,RECV,7E007D318100053202C9004E353039352D4F3951460F
06-03-2025 22:53:04.996,367,RECV,7E007D318100062B0280004E363039352D4E525A3949
06-03-2025 22:53:04.996,368,RECV,7E007D318100073A0253004E373039352D34545A575F
06-03-2025 22:53:05.498,369,RECV,7E007D318100083202E9004E383039362D4F35474EEE
06-03-2025 22:53:05.598,370,RECV,7E007D318100053302CA004E353039362D41585548F5
06-03-2025 22:53:05.698,371,RECV,7E007D318100062B0281004E363039362D5544584445
06-03-2025 22:53:06.199,372,RECV,7E007D318100083302EA004E383039372D4F424C41E6
06-03-2025 22:53:06.300,373,RECV,7E007D318100053102CB004E353039372D394958331E
06-03-2025 22:53:06.400,374,RECV,7E007D318100062B0282004E363039372D4B36503671
06-03-2025 22:53:06.405,375,RECV,7E007D318100073A0255004E373039372D3857544D64
06-03-2025 22:53:06.901,376,RECV,7E007D318100083302ED004E383039382D47503251E6
06-03-2025 22:53:07.001,377,RECV,7E007D318100053102CE004E353039382D34595456F0
06-03-2025 22:53:07.101,378,RECV,7E007D318100062F0286004E363039382D4A4353434C
06-03-2025 22:53:07.102,379,RECV,7E007D318100073A0257004E373039382D3947424C83
06-03-2025 22:53:07.603,380,RECV,7E007D318100083302EE004E383039392D32594D44E2
06-03-2025 22:53:07.704,381,RECV,7E007D318100053302CF004E353039392D4655323521
06-03-2025 22:53:07.804,382,RECV,7E007D318100062C0287004E363039392D4B4F454948
06-03-2025 22:53:07.829,383,RECV,7E007D318100073B0258004E373039392D4149465866
