06-29-2025 19:43:26.317,-,API2,"Sink 1,0013A20041839DB1,802.15.4 TH,2003,/dev/ttyUSB0 - 57600/8/M/1/N,1,46"

06-29-2025 19:41:10.463,0,RECV,7E000F8100052B024E353030302D48393759FB
06-29-2025 19:41:10.474,1,RECV,7E000F81000229024E323030302D355A4957E5
06-29-2025 19:41:10.474,2,RECV,7E000F81000121024E313030302D5A384E3806
06-29-2025 19:41:10.563,3,RECV,7E000F8100052D024E353030312D54594748CD
06-29-2025 19:41:10.564,4,RECV,7E000F8100022A024E323030312D50455942E2
06-29-2025 19:41:10.564,5,RECV,7E000F81000121024E313030312D4A42393028
06-29-2025 19:41:10.664,6,RECV,7E000F8100052E024E353030322D4749354AF8
06-29-2025 19:41:10.664,7,RECV,7E000F81000229024E323030322D32585243F3
06-29-2025 19:41:10.714,8,RECV,7E000F81000121024E313030322D544E36317D33
06-29-2025 19:41:10.764,9,RECV,7E000F8100052E024E353030332D4842313615
06-29-2025 19:41:10.775,10,RECV,7E000F81000229024E323030332D4349444100
06-29-2025 19:41:10.798,11,RECV,7E000F81000121024E313030332D53595747D1
06-29-2025 19:41:10.865,12,RECV,7E000F8100052E024E353030342D3337384221
06-29-2025 19:41:10.866,13,RECV,7E000F81000229024E323030342D3639583415
06-29-2025 19:41:10.866,14,RECV,7E000F81000121024E313030342D4B30585AED
06-29-2025 19:41:10.964,15,RECV,7E000F8100052E024E353030352D514A313206
06-29-2025 19:41:10.965,16,RECV,7E000F81000229024E323030352D42304A440F
06-29-2025 19:41:11.014,17,RECV,7E000F81000121024E313030352D52554844E6
06-29-2025 19:41:11.065,18,RECV,7E000F8100052E024E353030362D3631564105
06-29-2025 19:41:11.069,19,RECV,7E000F8100022A024E323030362D59414F31F3
06-29-2025 19:41:11.115,20,RECV,7E000F81000121024E313030362D584D324100
06-29-2025 19:41:11.175,21,RECV,7E000F8100052E024E353030372D4134355305
06-29-2025 19:41:11.175,22,RECV,7E000F8100022A024E323030372D47524D50D6
06-29-2025 19:41:11.175,23,RECV,7E000F81000121024E313030372D43535858D1
06-29-2025 19:41:11.265,24,RECV,7E000F8100052E024E353030382D5854365AC5
06-29-2025 19:41:11.265,25,RECV,7E000F81000229024E323030382D46525550CF
06-29-2025 19:41:11.315,26,RECV,7E000F81000121024E313030382D333331443B
06-29-2025 19:41:11.366,27,RECV,7E000F8100052E024E353030392D464B5A56BF
06-29-2025 19:41:11.388,28,RECV,7E000F81000229024E323030392D55434848E3
06-29-2025 19:41:11.389,29,RECV,7E000F81000121024E313030392D30575453E7
06-29-2025 19:41:11.476,30,RECV,7E000F8100052E024E353031302D364D5254DF
06-29-2025 19:41:11.476,31,RECV,7E000F81000229024E323031302D33374E4912
06-29-2025 19:41:11.476,32,RECV,7E000F81000121024E313031302D534E373312
06-29-2025 19:41:11.616,33,RECV,7E000F8100052E024E353031312D4541484AEF
06-29-2025 19:41:11.616,34,RECV,7E000F8100022A024E323031312D34535339FE
06-29-2025 19:41:11.616,35,RECV,7E000F81000121024E313031312D4237574705
06-29-2025 19:41:11.666,36,RECV,7E000F8100052E024E353031322D55535635D3
06-29-2025 19:41:11.687,37,RECV,7E000F81000229024E323031322D384B474AFD
06-29-2025 19:41:11.690,38,RECV,7E000F81000121024E313031322D41474456F9
06-29-2025 19:41:11.777,39,RECV,7E000F8100052D024E353031332D47533938FB
06-29-2025 19:41:11.778,40,RECV,7E000F81000229024E323031332D38594252EB
06-29-2025 19:41:11.798,41,RECV,7E000F81000121024E313031332D59523838FF
06-29-2025 19:41:11.917,42,RECV,7E000F8100052E024E353031342D384E5845E1
06-29-2025 19:41:11.917,43,RECV,7E000F81000229024E323031342D48495556D3
06-29-2025 19:41:11.917,44,RECV,7E000F81000121024E313031342D43584B51E2
06-29-2025 19:41:11.967,45,RECV,7E000F8100052E024E353031352D3333463126
06-29-2025 19:41:11.988,46,RECV,7E000F81000229024E323031352D51454E5AD0
06-29-2025 19:41:12.008,47,RECV,7E000F81000121024E313031352D4B4A394802
06-29-2025 19:41:12.088,48,RECV,7E000F8100052E024E353031362D3745503303
06-29-2025 19:41:12.088,49,RECV,7E000F81000229024E323031362D44513846FA
06-29-2025 19:41:12.098,50,RECV,7E000F81000121024E313031362D414B5935FD
06-29-2025 19:41:12.218,51,RECV,7E000F8100052E024E353031372D4C4F3051E5
06-29-2025 19:41:12.218,52,RECV,7E000F81000229024E323031372D4F444953DD
06-29-2025 19:41:12.218,53,RECV,7E000F81000121024E313031372D514F31327D33
06-29-2025 19:41:12.318,54,RECV,7E000F8100052D024E353031382D3844533101
06-29-2025 19:41:12.319,55,RECV,7E000F81000229024E323031382D3837343731
06-29-2025 19:41:12.319,56,RECV,7E000F81000121024E313031382D4349323522
06-29-2025 19:41:12.368,57,RECV,7E000F8100052D024E353031392D30535953D1
06-29-2025 19:41:12.418,58,RECV,7E000F81000631024E363031392D44364C3301
06-29-2025 19:41:12.419,59,RECV,7E000F81000229024E323031392D454B4442F4
06-29-2025 19:41:12.419,60,RECV,7E000F81000121024E313031392D4C425648E8
06-29-2025 19:41:12.518,61,RECV,7E000F8100052E024E353032302D4D35334909
06-29-2025 19:41:12.519,62,RECV,7E000F81000632024E363032302D364D324B01
06-29-2025 19:41:12.519,63,RECV,7E000F81000229024E323032302D514B3753EC
06-29-2025 19:41:12.519,64,RECV,7E000F81000121024E313032302D39314D5015
06-29-2025 19:41:12.619,65,RECV,7E000F8100052E024E353032312D4C504F41DA
06-29-2025 19:41:12.625,66,RECV,7E000F81000633024E363032312D58375759C0
06-29-2025 19:41:12.625,67,RECV,7E000F8100022A024E323032312D4E534D33EF
06-29-2025 19:41:12.625,68,RECV,7E000F81000121024E313032312D5336434D02
06-29-2025 19:41:12.719,69,RECV,7E000F8100052D024E353032322D31594B34FD
06-29-2025 19:41:12.719,70,RECV,7E000F81000632024E363032322D37593354E8
06-29-2025 19:41:12.720,71,RECV,7E000F8100022A024E323032322D4C574F36E7
06-29-2025 19:41:12.720,72,RECV,7E000F81000121024E313032322D463042441E
06-29-2025 19:41:12.819,73,RECV,7E000F8100052E024E353032332D37565048DF
06-29-2025 19:41:12.821,74,RECV,7E000F81000632024E363032332D4B4D4A5AC2
06-29-2025 19:41:12.821,75,RECV,7E000F81000229024E323032332D4C355153EA
06-29-2025 19:41:12.821,76,RECV,7E000F81000121024E313032332D4D5A4236FA
06-29-2025 19:41:12.919,77,RECV,7E000F8100052E024E353032342D51445541D8
06-29-2025 19:41:12.931,78,RECV,7E000F81000632024E363032342D444A344EED
06-29-2025 19:41:12.940,79,RECV,7E000F81000229024E323032342D4E334D48F8
06-29-2025 19:41:12.940,80,RECV,7E000F81000121024E313032342D5930473117
06-29-2025 19:41:13.020,81,RECV,7E000F8100052E024E353032352D3144375006
06-29-2025 19:41:13.021,82,RECV,7E000F81000632024E363032352D4F37455AD7
06-29-2025 19:41:13.021,83,RECV,7E000F81000229024E323032352D36514157EE
06-29-2025 19:41:13.022,84,RECV,7E000F81000121024E313032352D473659320F
06-29-2025 19:41:13.120,85,RECV,7E000F8100052E024E353032362D51523453D7
06-29-2025 19:41:13.121,86,RECV,7E000F81000633024E363032362D46485A52C0
06-29-2025 19:41:13.121,87,RECV,7E000F8100022A024E323032362D544C4D36E8
06-29-2025 19:41:13.121,88,RECV,7E000F81000121024E313032362D424B584DE4
06-29-2025 19:41:13.220,89,RECV,7E000F8100052E024E353032372D364C3050FE
06-29-2025 19:41:13.231,90,RECV,7E000F81000632024E363032372D4C4A3651DD
06-29-2025 19:41:13.231,91,RECV,7E000F8100022A024E323032372D4743394205
06-29-2025 19:41:13.231,92,RECV,7E000F81000121024E313032372D52414745F6
06-29-2025 19:41:13.321,93,RECV,7E000F8100052E024E353032382D4B345349E4
06-29-2025 19:41:13.321,94,RECV,7E000F81000632024E363032382D58474B55BA
06-29-2025 19:41:13.321,95,RECV,7E000F81000229024E323032382D57533133FC
06-29-2025 19:41:13.322,96,RECV,7E000F81000121024E313032382D51434F5AD7
06-29-2025 19:41:13.421,97,RECV,7E000F8100052E024E353032392D453337351A
06-29-2025 19:41:13.421,98,RECV,7E000F81000632024E363032392D454E3750DE
06-29-2025 19:41:13.421,99,RECV,7E000F81000229024E323032392D464F4554DB
06-29-2025 19:41:13.422,100,RECV,7E000F81000121024E313032392D39535356DE
06-29-2025 19:41:13.521,101,RECV,7E000F8100052E024E353033302D484B3352EE
06-29-2025 19:41:13.537,102,RECV,7E000F81000632024E363033302D584E4A36DA
06-29-2025 19:41:13.537,103,RECV,7E000F81000229024E323033302D3042315A14
06-29-2025 19:41:13.537,104,RECV,7E000F81000121024E313033302D53304758F9
06-29-2025 19:41:13.621,105,RECV,7E000F8100052E024E353033312D4D48334FEE
06-29-2025 19:41:13.622,106,RECV,7E000F81000632024E363033312D504A3351E1
06-29-2025 19:41:13.622,107,RECV,7E000F8100022A024E323033312D393557397D31
06-29-2025 19:41:13.623,108,RECV,7E000F81000121024E313033312D333052481D
06-29-2025 19:41:13.721,109,RECV,7E000F8100052E024E353033322D55545354B4
06-29-2025 19:41:13.722,110,RECV,7E000F81000632024E363033322D4857504EC1
06-29-2025 19:41:13.722,111,RECV,7E000F8100022A024E323033322D53534758C9
06-29-2025 19:41:13.722,112,RECV,7E000F81000121024E313033322D51345651ED
06-29-2025 19:41:13.822,113,RECV,7E000F8100052E024E353033332D41324E340E
06-29-2025 19:41:13.822,114,RECV,7E000F81000632024E363033332D3650424BEA
06-29-2025 19:41:13.822,115,RECV,7E000F81000229024E323033332D46584B35F0
06-29-2025 19:41:13.823,116,RECV,7E000F81000121024E313033332D56355055E8
06-29-2025 19:41:13.922,117,RECV,7E000F8100052E024E353033342D41444F57D7
06-29-2025 19:41:13.922,118,RECV,7E000F81000632024E363033342D3331425006
06-29-2025 19:41:13.923,119,RECV,7E000F81000229024E323033342D37525247EB
06-29-2025 19:41:13.923,120,RECV,7E000F81000121024E313033342D49345756ED
06-29-2025 19:41:14.022,121,RECV,7E000F8100052E024E353033352D514C4741DC
06-29-2025 19:41:14.023,122,RECV,7E000F81000632024E363033352D30473851FB
06-29-2025 19:41:14.023,123,RECV,7E000F81000229024E323033352D52564830EC
06-29-2025 19:41:14.023,124,RECV,7E000F81000121024E313033352D54565833E1
06-29-2025 19:41:14.123,125,RECV,7E000F8100052E024E353033362D32525950D3
06-29-2025 19:41:14.147,126,RECV,7E000F81000632024E363033362D58324848E0
06-29-2025 19:41:14.147,127,RECV,7E000F81000229024E323033362D33345A4EFC
06-29-2025 19:41:14.148,128,RECV,7E000F81000121024E313033362D4E554A49DF
06-29-2025 19:41:14.223,129,RECV,7E000F8100052E024E353033372D4B354454E7
06-29-2025 19:41:14.223,130,RECV,7E000F81000632024E363033372D47325056DA
06-29-2025 19:41:14.223,131,RECV,7E000F81000229024E323033372D59593433F1
06-29-2025 19:41:14.223,132,RECV,7E000F81000121024E313033372D473737520D
06-29-2025 19:41:14.323,133,RECV,7E000F8100052E024E353033382D39485354D6
06-29-2025 19:41:14.323,134,RECV,7E000F81000632024E363033382D3449334701
06-29-2025 19:41:14.323,135,RECV,7E000F81000229024E323033382D53344C4AEC
06-29-2025 19:41:14.323,136,RECV,7E000F81000121024E313033382D54335042FA
06-29-2025 19:41:14.424,137,RECV,7E000F8100052E024E353033392D54464641DC
06-29-2025 19:41:14.431,138,RECV,7E000F81000632024E363033392D4E344D43E5
06-29-2025 19:41:14.431,139,RECV,7E000F81000229024E323033392D4C575A4BC0
06-29-2025 19:41:14.434,140,RECV,7E000F81000121024E313033392D363236581C
06-29-2025 19:41:14.523,141,RECV,7E000F8100052E024E353034302D564E4C42D3
06-29-2025 19:41:14.524,142,RECV,7E000F81000632024E363034302D47483946F1
06-29-2025 19:41:14.524,143,RECV,7E000F81000229024E323034302D3038344E26
06-29-2025 19:41:14.574,144,RECV,7E000F81000121024E313034302D34484E410F
06-29-2025 19:41:14.624,145,RECV,7E000F8100052E024E353034312D58493941E9
06-29-2025 19:41:14.624,146,RECV,7E000F81000632024E363034312D474A454EDA
06-29-2025 19:41:14.624,147,RECV,7E000F8100022A024E323034312D41494A53E7
06-29-2025 19:41:14.624,148,RECV,7E000F81000121024E313034312D495734347D31
06-29-2025 19:41:14.724,149,RECV,7E000F8100052E024E353034322D325A4E52D7
06-29-2025 19:41:14.724,150,RECV,7E000F81000632024E363034322D514B5043CE
06-29-2025 19:41:14.728,151,RECV,7E000F8100022A024E323034322D5834364DFE
06-29-2025 19:41:14.735,152,RECV,7E000F81000121024E313034322D45563250FB
06-29-2025 19:41:14.825,153,RECV,7E000F8100052D024E353034332D4441363117
06-29-2025 19:41:14.825,154,RECV,7E000F81000632024E363034332D56424A54C6
06-29-2025 19:41:14.825,155,RECV,7E000F81000229024E323034332D414D4346F6
06-29-2025 19:41:14.875,156,RECV,7E000F81000121024E313034332D3350304B19
06-29-2025 19:41:14.925,157,RECV,7E000F8100052D024E353034342D33504251EC
06-29-2025 19:41:14.925,158,RECV,7E000F81000632024E363034342D43595231DC
06-29-2025 19:41:14.925,159,RECV,7E000F81000229024E323034342D453243430F
06-29-2025 19:41:14.925,160,RECV,7E000F81000121024E313034342D59524B32EE
06-29-2025 19:41:15.026,161,RECV,7E000F8100052E024E353034352D58573834E5
06-29-2025 19:41:15.029,162,RECV,7E000F81000632024E363034352D55483050DD
06-29-2025 19:41:15.029,163,RECV,7E000F81000229024E323034352D32454A56F4
06-29-2025 19:41:15.042,164,RECV,7E000F81000121024E313034352D37524F3805
06-29-2025 19:41:15.126,165,RECV,7E000F8100052E024E353034362D3135364E15
06-29-2025 19:41:15.126,166,RECV,7E000F81000632024E363034362D58354C32EE
06-29-2025 19:41:15.126,167,RECV,7E000F8100022A024E323034362D535A4E38D6
06-29-2025 19:41:15.176,168,RECV,7E000F81000121024E313034362D5547303315
06-29-2025 19:41:15.226,169,RECV,7E000F8100052E024E353034372D3837324E0F
06-29-2025 19:41:15.234,170,RECV,7E000F81000632024E363034372D464D384DE0
06-29-2025 19:41:15.237,171,RECV,7E000F81000229024E323034372D5041555AC9
06-29-2025 19:41:15.239,172,RECV,7E000F81000121024E313034372D4244484203
06-29-2025 19:41:15.326,173,RECV,7E000F8100052E024E353034382D5A585354A4
06-29-2025 19:41:15.326,174,RECV,7E000F81000632024E363034382D58415349C2
06-29-2025 19:41:15.327,175,RECV,7E000F81000229024E323034382D554B5846CA
06-29-2025 19:41:15.347,176,RECV,7E000F81000121024E313034382D344933570B
06-29-2025 19:41:15.426,177,RECV,7E000F8100052E024E353034392D49383558EE
06-29-2025 19:41:15.427,178,RECV,7E000F81000632024E363034392D31513246FC
06-29-2025 19:41:15.427,179,RECV,7E000F81000229024E323034392D53435430ED
06-29-2025 19:41:15.477,180,RECV,7E000F81000121024E313034392D5731315305
06-29-2025 19:41:15.527,181,RECV,7E000F8100052E024E353035302D51325841E8
06-29-2025 19:41:15.527,182,RECV,7E000F81000631024E363035302D4751565AB7
06-29-2025 19:41:15.537,183,RECV,7E000F81000229024E323035302D4E5A3646EB
06-29-2025 19:41:15.540,184,RECV,7E000F81000121024E313035302D414B5746F0
06-29-2025 19:41:15.627,185,RECV,7E000F8100052E024E353035312D4F315151E1
06-29-2025 19:41:15.638,186,RECV,7E000F81000632024E363035312D57473033FC
06-29-2025 19:41:15.638,187,RECV,7E000F81000229024E323035312D55595459B3
06-29-2025 19:41:15.648,188,RECV,7E000F81000121024E313035312D3348314D1F
06-29-2025 19:41:15.727,189,RECV,7E000F8100052E024E353035322D50444E39E7
06-29-2025 19:41:15.727,190,RECV,7E000F81000632024E363035322D394239377D31
06-29-2025 19:41:15.727,191,RECV,7E000F8100022A024E323035322D494D5930ED
06-29-2025 19:41:15.777,192,RECV,7E000F81000121024E313035322D3432463833
06-29-2025 19:41:15.829,193,RECV,7E000F8100052D024E353035332D4243314705
06-29-2025 19:41:15.838,194,RECV,7E000F81000631024E363035332D41455A38E4
06-29-2025 19:41:15.840,195,RECV,7E000F81000229024E323035332D47454343FA
06-29-2025 19:41:15.845,196,RECV,7E000F81000121024E313035332D30504C4901
06-29-2025 19:41:15.928,197,RECV,7E000F8100052D024E353035342D3949443407
06-29-2025 19:41:15.938,198,RECV,7E000F81000631024E363035342D44344557E7
06-29-2025 19:41:15.938,199,RECV,7E000F81000229024E323035342D53445941DA
06-29-2025 19:41:15.978,200,RECV,7E000F81000121024E313035342D4A515838EA
06-29-2025 19:41:16.028,201,RECV,7E000F8100052D024E353035352D39434D5ADD
06-29-2025 19:41:16.029,202,RECV,7E000F81000631024E363035352D535A3932E2
06-29-2025 19:41:16.029,203,RECV,7E000F81000229024E323035352D4243354A06
06-29-2025 19:41:16.078,204,RECV,7E000F81000121024E313035352D4149544BEB
06-29-2025 19:41:16.128,205,RECV,7E000F8100052D024E353035362D33553546FC
06-29-2025 19:41:16.138,206,RECV,7E000F81000632024E363035362D444E4453CF
06-29-2025 19:41:16.159,207,RECV,7E000F8100022A024E323035362D38544352E7
06-29-2025 19:41:16.159,208,RECV,7E000F81000121024E313035362D3137434325
06-29-2025 19:41:16.229,209,RECV,7E000F8100052E024E353035372D4C575741C2
06-29-2025 19:41:16.279,210,RECV,7E000F81000632024E363035372D4E325054D3
06-29-2025 19:41:16.289,211,RECV,7E000F81000229024E323035372D44555151CD
06-29-2025 19:41:16.289,212,RECV,7E000F81000121024E313035372D5743474AE7
06-29-2025 19:41:16.329,213,RECV,7E000F8100052D024E353035382D4D325955D0
06-29-2025 19:41:16.379,214,RECV,7E000F81000631024E363035382D38555050CA
06-29-2025 19:41:16.379,215,RECV,7E000F81000229024E323035382D4A565948C6
06-29-2025 19:41:16.379,216,RECV,7E000F81000121024E313035382D53415152DA
06-29-2025 19:41:16.429,217,RECV,7E000F8100052D024E353035392D56444748D3
06-29-2025 19:41:16.443,218,RECV,7E000F81000631024E363035392D43304F51E3
06-29-2025 19:41:16.450,219,RECV,7E000F81000229024E323035392D434A4857DA
06-29-2025 19:41:16.450,220,RECV,7E000F81000121024E313035392D4C455444E7
06-29-2025 19:41:16.529,221,RECV,7E000F8100052D024E353036302D4C394B36FE
06-29-2025 19:41:16.580,222,RECV,7E000F81000631024E363036302D414D5853C5
06-29-2025 19:41:16.591,223,RECV,7E000F81000229024E323036302D3030514419
06-29-2025 19:41:16.592,224,RECV,7E000F81000121024E313036302D56424D45EE
06-29-2025 19:41:16.630,225,RECV,7E000F8100052D024E353036312D4E513146ED
06-29-2025 19:41:16.680,226,RECV,7E000F81000631024E363036312D43554853CA
06-29-2025 19:41:16.680,227,RECV,7E000F81000229024E323036312D543346330D
06-29-2025 19:41:16.680,228,RECV,7E000F81000121024E313036312D524F5037EF
06-29-2025 19:41:16.730,229,RECV,7E000F8100052D024E353036322D5A4E4E50BC
06-29-2025 19:41:16.780,230,RECV,7E000F81000631024E363036322D32344C4EFC
06-29-2025 19:41:16.781,231,RECV,7E000F8100022A024E323036322D4932553308
06-29-2025 19:41:16.781,232,RECV,7E000F81000121024E313036322D58365157E0
06-29-2025 19:41:16.830,233,RECV,7E000F8100052D024E353036332D50533632F6
06-29-2025 19:41:16.881,234,RECV,7E000F81000631024E363036332D47414641EC
06-29-2025 19:41:16.895,235,RECV,7E000F81000229024E323036332D594F4B4ECA
06-29-2025 19:41:16.895,236,RECV,7E000F81000121024E313036332D54533848EE
06-29-2025 19:41:16.931,237,RECV,7E000F8100052D024E353036342D45414A51DF
06-29-2025 19:41:16.981,238,RECV,7E000F81000631024E363036342D55375951C4
06-29-2025 19:41:16.981,239,RECV,7E000F81000229024E323036342D55344B4CEA
06-29-2025 19:41:16.982,240,RECV,7E000F81000121024E313036342D545A4159CC
06-29-2025 19:41:17.031,241,RECV,7E000F8100052D024E353036352D354C324408
06-29-2025 19:41:17.081,242,RECV,7E000F81000631024E363036352D5732324BF3
06-29-2025 19:41:17.082,243,RECV,7E000F81000229024E323036352D53335858D3
06-29-2025 19:41:17.082,244,RECV,7E000F81000121024E313036352D4235435108
06-29-2025 19:41:17.132,245,RECV,7E000F8100052D024E353036362D51354F4CDD
06-29-2025 19:41:17.182,246,RECV,7E000F81000631024E363036362D5458564AAC
06-29-2025 19:41:17.202,247,RECV,7E000F8100022A024E323036362D59444351D6
06-29-2025 19:41:17.202,248,RECV,7E000F81000121024E313036362D375445380A
06-29-2025 19:41:17.232,249,RECV,7E000F8100052D024E353036372D4433364F01
06-29-2025 19:41:17.282,250,RECV,7E000F81000631024E363036372D3043364A04
06-29-2025 19:41:17.282,251,RECV,7E000F8100022A024E323036372D4C523738F9
06-29-2025 19:41:17.283,252,RECV,7E000F81000121024E313036372D52314D3110
06-29-2025 19:41:17.332,253,RECV,7E000F8100052D024E353036382D53574F44BF
06-29-2025 19:41:17.382,254,RECV,7E000F81000631024E363036382D46444444E4
06-29-2025 19:41:17.382,255,RECV,7E000F81000229024E323036382D5A464E53C5
06-29-2025 19:41:17.382,256,RECV,7E000F81000121024E313036382D47394D3310
06-29-2025 19:41:17.442,257,RECV,7E000F8100052C024E353036392D50345259CD
06-29-2025 19:41:17.482,258,RECV,7E000F81000631024E363036392D47343744FF
06-29-2025 19:41:17.483,259,RECV,7E000F81000229024E323036392D4D57303100
06-29-2025 19:41:17.483,260,RECV,7E000F81000121024E313036392D4D4E5A57C3
06-29-2025 19:41:17.532,261,RECV,7E000F8100052D024E353037302D3454413406
06-29-2025 19:41:17.583,262,RECV,7E000F81000631024E363037302D4D41393501
06-29-2025 19:41:17.583,263,RECV,7E000F81000229024E323037302D4858434EDC
06-29-2025 19:41:17.583,264,RECV,7E000F81000121024E313037302D58315454E6
06-29-2025 19:41:17.633,265,RECV,7E000F8100052D024E353037312D4F415835E5
06-29-2025 19:41:17.683,266,RECV,7E000F81000631024E363037312D59344951D5
06-29-2025 19:41:17.683,267,RECV,7E000F8100022A024E323037312D30574C45F3
06-29-2025 19:41:17.683,268,RECV,7E000F81000121024E313037312D30324C5810
06-29-2025 19:41:17.743,269,RECV,7E000F8100052D024E353037322D44385937F5
06-29-2025 19:41:17.783,270,RECV,7E000F81000631024E363037322D544E4E49C2
06-29-2025 19:41:17.783,271,RECV,7E000F8100022A024E323037322D50385831F9
06-29-2025 19:41:17.783,272,RECV,7E000F81000121024E313037322D44505052DF
06-29-2025 19:41:17.883,273,RECV,7E000F8100052D024E353037332D354C3055FA
06-29-2025 19:41:17.883,274,RECV,7E000F81000631024E363037332D324E4747EC
06-29-2025 19:41:17.884,275,RECV,7E000F81000229024E323037332D514B4E44DC
06-29-2025 19:41:17.884,276,RECV,7E000F81000121024E313037332D413043421E
06-29-2025 19:41:17.934,277,RECV,7E000F8100052D024E353037342D53344A45E9
06-29-2025 19:41:17.984,278,RECV,7E000F81000229024E323037342D444B5834EE
06-29-2025 19:41:17.992,279,RECV,7E000F81000121024E313037342D55475237EE
06-29-2025 19:41:18.044,280,RECV,7E000F8100052D024E353037352D4839343415
06-29-2025 19:41:18.084,281,RECV,7E000F81000631024E363037352D5A384445DD
06-29-2025 19:41:18.084,282,RECV,7E000F81000229024E323037352D59365158D0
06-29-2025 19:41:18.084,283,RECV,7E000F81000121024E313037352D53454653E1
06-29-2025 19:41:18.184,284,RECV,7E000F8100052D024E353037362D33504752E1
06-29-2025 19:41:18.185,285,RECV,7E000F81000229024E323037362D334D3554FE
06-29-2025 19:41:18.185,286,RECV,7E000F81000121024E313037362D3053414904
06-29-2025 19:41:18.284,287,RECV,7E000F8100052D024E353037372D324331371F
06-29-2025 19:41:18.285,288,RECV,7E000F81000229024E323037372D334F394407
06-29-2025 19:41:18.285,289,RECV,7E000F81000121024E313037372D42564837F9
06-29-2025 19:41:18.355,290,RECV,7E000F8100052D024E353037382D3457434AE3
06-29-2025 19:41:18.385,291,RECV,7E000F81000229024E323037382D49564855C9
06-29-2025 19:41:18.385,292,RECV,7E000F81000121024E313037382D344551327D33
06-29-2025 19:41:18.485,293,RECV,7E000F8100052C024E353037392D41514B53CB
06-29-2025 19:41:18.485,294,RECV,7E000F81000229024E323037392D53385752D0
06-29-2025 19:41:18.485,295,RECV,7E000F81000121024E313037392D314C4E45FE
06-29-2025 19:41:18.585,296,RECV,7E000F8100052D024E353038302D444C4149E8
06-29-2025 19:41:18.586,297,RECV,7E000F81000229024E323038302D38515447E8
06-29-2025 19:41:18.595,298,RECV,7E000F81000121024E313038302D42375458F1
06-29-2025 19:41:18.635,299,RECV,7E000F8100052D024E353038312D3459395AE1
06-29-2025 19:41:18.685,300,RECV,7E000F8100022A024E323038312D31564556E8
06-29-2025 19:41:18.686,301,RECV,7E000F81000121024E313038312D37514F320C
06-29-2025 19:41:18.785,302,RECV,7E000F8100052E024E353038322D57415638D9
06-29-2025 19:41:18.788,303,RECV,7E000F8100022A024E323038322D4B4B5A57C2
06-29-2025 19:41:18.788,304,RECV,7E000F81000121024E313038322D534D4C4ADE
06-29-2025 19:41:18.886,305,RECV,7E000F8100052E024E353038332D4D44564EC9
06-29-2025 19:41:18.886,306,RECV,7E000F81000229024E323038332D4A585632DF
06-29-2025 19:41:18.896,307,RECV,7E000F81000121024E313038332D45474B310B
06-29-2025 19:41:18.986,308,RECV,7E000F8100052E024E353038342D4E554D52BB
06-29-2025 19:41:18.986,309,RECV,7E000F81000229024E323038342D484B4947E5
06-29-2025 19:41:18.986,310,RECV,7E000F81000121024E313038342D4B473950F7
06-29-2025 19:41:19.086,311,RECV,7E000F8100052E024E353038352D48483244F6
06-29-2025 19:41:19.086,312,RECV,7E000F81000229024E323038352D42564F4BD5
06-29-2025 19:41:19.086,313,RECV,7E000F81000121024E313038352D36594C3600
06-29-2025 19:41:19.186,314,RECV,7E000F8100052E024E353038362D445A534CBE
06-29-2025 19:41:19.189,315,RECV,7E000F8100022A024E323038362D30335553FA
06-29-2025 19:41:19.197,316,RECV,7E000F81000121024E313038362D5A435652CB
06-29-2025 19:41:19.287,317,RECV,7E000F8100052D024E353038372D49343749FE
06-29-2025 19:41:19.290,318,RECV,7E000F81000229024E323038372D48525353C5
06-29-2025 19:41:19.337,319,RECV,7E000F81000121024E313038372D5834354707
06-29-2025 19:41:19.387,320,RECV,7E000F8100052D024E353038382D5550424AC9
06-29-2025 19:41:19.388,321,RECV,7E000F81000229024E323038382D564A5743CA
06-29-2025 19:41:19.388,322,RECV,7E000F81000121024E313038382D4846374CFD
06-29-2025 19:41:19.487,323,RECV,7E000F8100052D024E353038392D37514E37EC
06-29-2025 19:41:19.492,324,RECV,7E000F81000229024E323038392D3941483809
06-29-2025 19:41:19.498,325,RECV,7E000F81000121024E313038392D474E504DDB
06-29-2025 19:41:19.587,326,RECV,7E000F8100052E024E353039302D47475A58C0
06-29-2025 19:41:19.589,327,RECV,7E000F8100022A024E323039302D5746474CDA
06-29-2025 19:41:19.638,328,RECV,7E000F81000121024E313039302D4A4E3451F8
06-29-2025 19:41:19.688,329,RECV,7E000F8100052E024E353039312D3730425303
06-29-2025 19:41:19.688,330,RECV,7E000F8100022A024E323039312D4F4136327D31
06-29-2025 19:41:19.738,331,RECV,7E000F81000121024E313039312D4D5A454CDC
06-29-2025 19:41:19.788,332,RECV,7E000F8100052D024E353039322D4144364400
06-29-2025 19:41:19.797,333,RECV,7E000F8100022A024E323039322D44593950E2
06-29-2025 19:41:19.808,334,RECV,7E000F81000121024E313039322D4B365542FB
06-29-2025 19:41:19.889,335,RECV,7E000F8100052D024E353039332D36554251E0
06-29-2025 19:41:19.889,336,RECV,7E000F81000229024E323039332D544F4632ED
06-29-2025 19:41:19.939,337,RECV,7E000F81000121024E313039332D5443584DD6
06-29-2025 19:41:19.989,338,RECV,7E000F8100052D024E353039342D46523839F4
06-29-2025 19:41:19.989,339,RECV,7E000F81000229024E323039342D46485751D1
06-29-2025 19:41:20.039,340,RECV,7E000F81000121024E313039342D4E514759D2
06-29-2025 19:41:20.089,341,RECV,7E000F8100052E024E353039352D58463054D9
06-29-2025 19:41:20.101,342,RECV,7E000F8100022A024E323039352D53384C44EA
06-29-2025 19:41:20.109,343,RECV,7E000F81000121024E313039352D56364A58E2
06-29-2025 19:41:20.189,344,RECV,7E000F8100052E024E353039362D43364D41F3
06-29-2025 19:41:20.189,345,RECV,7E000F81000229024E323039362D59484947D4
06-29-2025 19:41:20.239,346,RECV,7E000F81000121024E313039362D4C45434FEC
06-29-2025 19:41:20.290,347,RECV,7E000F8100052D024E353039372D32355A41F8
06-29-2025 19:41:20.291,348,RECV,7E000F81000632024E363039372D51475345C3
06-29-2025 19:41:20.300,349,RECV,7E000F8100022A024E323039372D47514637EE
06-29-2025 19:41:20.300,350,RECV,7E000F81000121024E313039372D3941413122
06-29-2025 19:41:20.390,351,RECV,7E000F8100052D024E353039382D3336374B0E
06-29-2025 19:41:20.440,352,RECV,7E000F81000229024E323039382D37455734FC
06-29-2025 19:41:20.440,353,RECV,7E000F81000121024E313039382D55594637E2
06-29-2025 19:41:20.490,354,RECV,7E000F8100052D024E353039392D4E31444CE9
06-29-2025 19:41:20.490,355,RECV,7E000F81000229024E323039392D33374C321A
06-29-2025 19:41:20.540,356,RECV,7E000F81000121024E313039392D4E514A53D0
