06-03-2025 22:32:37.062,-,API2,"Sink 2,0013A20041839DCA,802.15.4 TH,2003,/dev/ttyUSB2 - 57600/8/M/1/N,1,46"

06-03-2025 22:31:25.672,0,RECV,7E007D318100062D02B2004E363030302D584C42323E
06-03-2025 22:31:25.693,1,RECV,7E007D318100053202D2004E353030302D58565048ED
06-03-2025 22:31:26.074,2,RECV,7E007D318100083302CB004E383030312D3252534714
06-03-2025 22:31:26.094,3,RECV,7E007D318100062C02B4004E363030312D4B514C597D33
06-03-2025 22:31:26.100,4,RECV,7E007D318100053202D5004E353030312D4551523017
06-03-2025 22:31:26.100,5,RECV,7E007D318100073A0262004E373030312D4132454797
06-03-2025 22:31:26.475,6,RECV,7E007D318100083302CC004E383030322D50434E311E
06-03-2025 22:31:26.495,7,RECV,7E007D318100062C02B5004E363030322D374C463950
06-03-2025 22:31:26.876,8,RECV,7E007D318100083202CD004E383030332D34314D423B
06-03-2025 22:31:26.886,9,RECV,7E007D318100062B02B6004E363030332D5542343551
06-03-2025 22:31:26.886,10,RECV,7E007D31810007370264004E373030332D45334E3996
06-03-2025 22:31:27.277,11,RECV,7E007D318100083902CE004E383030342D494D353526
06-03-2025 22:31:27.327,12,RECV,7E007D318100063202B7004E363030342D3545335645
06-03-2025 22:31:27.363,13,RECV,7E007D31810007410265004E373030342D455A534D4A
06-03-2025 22:31:27.678,14,RECV,7E007D318100083702CF004E383030352D354B324430
06-03-2025 22:31:27.728,15,RECV,7E007D318100053602D9004E353030352D3554525AEE
06-03-2025 22:31:27.731,16,RECV,7E007D318100063202B8004E363030352D4A30513843
06-03-2025 22:31:27.732,17,RECV,7E007D318100073F0266004E373030352D50424F3276
06-03-2025 22:31:28.099,18,RECV,7E007D318100083702D0004E383030362D325336567D33
06-03-2025 22:31:28.101,19,RECV,7E007D318100053702DA004E353030362D56444F50E7
06-03-2025 22:31:28.102,20,RECV,7E007D318100063002B9004E363030362D4D35454837
06-03-2025 22:31:28.480,21,RECV,7E007D318100083602D1004E383030372D53515835F2
06-03-2025 22:31:28.483,22,RECV,7E007D318100053602DB004E353030372D3938413637
06-03-2025 22:31:28.511,23,RECV,7E007D318100062E02BA004E363030372D4A4E564F09
06-03-2025 22:31:28.512,24,RECV,7E007D318100073E0268004E373030372D46524C4B57
06-03-2025 22:31:28.881,25,RECV,7E007D318100083502D2004E383030382D4A564D45F0
06-03-2025 22:31:28.902,26,RECV,7E007D318100053502DC004E353030382D4B39563410
06-03-2025 22:31:28.902,27,RECV,7E007D318100062E02BB004E363030382D594F4C351B
06-03-2025 22:31:29.282,28,RECV,7E007D318100083602D3004E383030392D5A424E48ED
06-03-2025 22:31:29.293,29,RECV,7E007D318100053502DD004E353030392D49354A4212
06-03-2025 22:31:29.293,30,RECV,7E007D318100062E02BC004E363030392D51414F451C
06-03-2025 22:31:29.684,31,RECV,7E007D318100083702D4004E383031302D54505353DB
06-03-2025 22:31:29.694,32,RECV,7E007D318100053502DE004E353031302D494F5543F3
06-03-2025 22:31:29.699,33,RECV,7E007D318100063002BD004E363031302D523041354F
06-03-2025 22:31:29.699,34,RECV,7E007D318100073D026B004E373031302D4345484179
06-03-2025 22:31:30.085,35,RECV,7E007D318100083602D8004E383031312D4554474100
06-03-2025 22:31:30.105,36,RECV,7E007D318100053602E0004E353031312D3035564420
06-03-2025 22:31:30.106,37,RECV,7E007D318100063102C0004E363031312D4F41414130
06-03-2025 22:31:30.106,38,RECV,7E007D318100073E026D004E373031312D305252555D
06-03-2025 22:31:30.486,39,RECV,7E007D318100083602D9004E383031322D444E434703
06-03-2025 22:31:30.536,40,RECV,7E007D318100053402E1004E353031322D354657430A
06-03-2025 22:31:30.571,41,RECV,7E007D318100063002C1004E363031322D334C433649
06-03-2025 22:31:30.572,42,RECV,7E007D318100073F026E004E373031322D4A3731428F
06-03-2025 22:31:30.887,43,RECV,7E007D318100083702DA004E383031332D4D36453222
06-03-2025 22:31:30.937,44,RECV,7E007D318100053702E2004E353031332D3759503604
06-03-2025 22:31:30.938,45,RECV,7E007D318100063002C2004E363031332D455850361C
06-03-2025 22:31:31.289,46,RECV,7E007D318100083702DB004E383031342D42595843E4
06-03-2025 22:31:31.289,47,RECV,7E007D318100053802E3004E353031342D4B3537540C
06-03-2025 22:31:31.309,48,RECV,7E007D318100062F02C3004E363031342D5A49544BFC
06-03-2025 22:31:31.310,49,RECV,7E007D318100073E0270004E373031342D52304F446B
06-03-2025 22:31:31.690,50,RECV,7E007D318100083202DC004E383031352D333039522F
06-03-2025 22:31:31.690,51,RECV,7E007D318100053602E4004E353031352D3755414109
06-03-2025 22:31:31.740,52,RECV,7E007D318100063002C4004E363031352D5048385219
06-03-2025 22:31:31.740,53,RECV,7E007D318100073E0271004E373031352D5245434F55
06-03-2025 22:31:32.091,54,RECV,7E007D318100083302DD004E383031362D52585248D6
06-03-2025 22:31:32.091,55,RECV,7E007D318100053302E5004E353031362D4C37524102
06-03-2025 22:31:32.141,56,RECV,7E007D318100062D02C5004E363031362D3539314459
06-03-2025 22:31:32.141,57,RECV,7E007D318100073C0272004E373031362D4D5A55453D
06-03-2025 22:31:32.492,58,RECV,7E007D318100083302DE004E383031372D5145424FF1
06-03-2025 22:31:32.493,59,RECV,7E007D318100053302E6004E353031372D3433564712
06-03-2025 22:31:32.542,60,RECV,7E007D318100062C02C6004E363031372D484C34343F
06-03-2025 22:31:32.547,61,RECV,7E007D318100073B0273004E373031372D4D354C4B64
06-03-2025 22:31:32.893,62,RECV,7E007D318100083302DF004E383031382D48465A4DE1
06-03-2025 22:31:32.914,63,RECV,7E007D318100053402E7004E353031382D33524A4202
06-03-2025 22:31:32.916,64,RECV,7E007D318100062C02C7004E363031382D315345442C
06-03-2025 22:31:32.916,65,RECV,7E007D318100073B0274004E373031382D5A59314A4D
06-03-2025 22:31:33.294,66,RECV,7E007D318100083302E0004E383031392D4B37583703
06-03-2025 22:31:33.304,67,RECV,7E007D318100053402E8004E353031392D44534249EF
06-03-2025 22:31:33.305,68,RECV,7E007D318100062D02C8004E363031392D3231363469
06-03-2025 22:31:33.325,69,RECV,7E007D318100073C0275004E373031392D5932363483
06-03-2025 22:31:33.695,70,RECV,7E007D318100083502E1004E383032302D3148585AEE
06-03-2025 22:31:33.745,71,RECV,7E007D318100073C0276004E373032302D364F355372
06-03-2025 22:31:33.748,72,RECV,7E007D318100062D02CA004E363032302D454E365A19
06-03-2025 22:31:34.096,73,RECV,7E007D318100083502E3004E383032312D50394C360B
06-03-2025 22:31:34.147,74,RECV,7E007D318100053402EC004E353032312D5A474A38F1
06-03-2025 22:31:34.149,75,RECV,7E007D318100062E02CC004E363032312D524B594AF8
06-03-2025 22:31:34.149,76,RECV,7E007D318100073D0278004E373032312D56444A4354
06-03-2025 22:31:34.497,77,RECV,7E007D318100083402E4004E383032322D4C565857C4
06-03-2025 22:31:34.548,78,RECV,7E007D318100053402ED004E353032322D344152410A
06-03-2025 22:31:34.548,79,RECV,7E007D318100062E02CD004E363032322D423257511A
06-03-2025 22:31:34.548,80,RECV,7E007D318100073D0279004E373032322D3551585546
06-03-2025 22:31:34.899,81,RECV,7E007D318100083402E5004E383032332D5A474249E7
06-03-2025 22:31:34.949,82,RECV,7E007D318100053402EE004E353032332D4E564341E8
06-03-2025 22:31:34.990,83,RECV,7E007D318100062E02CE004E363032332D414F554B04
06-03-2025 22:31:34.990,84,RECV,7E007D318100073C027A004E373032332D45434B574E
06-03-2025 22:31:35.300,85,RECV,7E007D318100083602E6004E383032342D4C4E4F35F1
06-03-2025 22:31:35.350,86,RECV,7E007D318100053402EF004E353032342D57483258E5
06-03-2025 22:31:35.351,87,RECV,7E007D318100062E02CF004E363032342D4D46444912
06-03-2025 22:31:35.351,88,RECV,7E007D318100073E027B004E373032342D4A514E3952
06-03-2025 22:31:35.701,89,RECV,7E007D318100083702E7004E383032352D594F544DC3
06-03-2025 22:31:35.752,90,RECV,7E007D318100053502F0004E353032352D50503445F2
06-03-2025 22:31:35.752,91,RECV,7E007D318100062F02D0004E363032352D4C4F4454FC
06-03-2025 22:31:35.752,92,RECV,7E007D318100073E027C004E373032352D33424C5859
06-03-2025 22:31:36.103,93,RECV,7E007D318100083902E8004E383032362D353331531C
06-03-2025 22:31:36.103,94,RECV,7E007D318100053802F1004E353032362D52563359D2
06-03-2025 22:31:36.153,95,RECV,7E007D318100063002D1004E363032362D375343520D
06-03-2025 22:31:36.153,96,RECV,7E007D318100073F027D5D004E373032362D595151452F
06-03-2025 22:31:36.504,97,RECV,7E007D318100083302E9004E383032372D4331353033
06-03-2025 22:31:36.504,98,RECV,7E007D318100053302F2004E353032372D55583037F5
06-03-2025 22:31:36.554,99,RECV,7E007D318100062B02D2004E363032372D4F5A4446FC
06-03-2025 22:31:36.554,100,RECV,7E007D318100073A027D5E004E373032372D525A584925
06-03-2025 22:31:36.905,101,RECV,7E007D318100083202EA004E383032382D3444414C06
06-03-2025 22:31:36.905,102,RECV,7E007D318100053202F3004E353032382D44335757E3
06-03-2025 22:31:36.955,103,RECV,7E007D318100062B02D3004E363032382D47584F50EF
06-03-2025 22:31:36.958,104,RECV,7E007D318100073A027F004E373032382D363533587A
06-03-2025 22:31:37.306,105,RECV,7E007D318100083202EB004E383032392D54374D54DD
06-03-2025 22:31:37.306,106,RECV,7E007D318100053102F4004E353032392D4857494AD5
06-03-2025 22:31:37.356,107,RECV,7E007D318100062B02D4004E363032392D4339435814
06-03-2025 22:31:37.356,108,RECV,7E007D318100073A0280004E373032392D423934556A
06-03-2025 22:31:37.707,109,RECV,7E007D318100083202EC004E383033302D3936364B20
06-03-2025 22:31:37.717,110,RECV,7E007D318100053102F5004E353033302D4F385947E7
06-03-2025 22:31:37.757,111,RECV,7E007D318100062B02D6004E363033302D325157447D33
06-03-2025 22:31:37.757,112,RECV,7E007D318100073A0284004E373033302D574F38593B
06-03-2025 22:31:38.108,113,RECV,7E007D318100083202EE004E383033312D38435A46F2
06-03-2025 22:31:38.118,114,RECV,7E007D318100053202F7004E353033312D434C4B44EC
06-03-2025 22:31:38.158,115,RECV,7E007D318100062C02D7004E363033312D564F513206
06-03-2025 22:31:38.172,116,RECV,7E007D318100073A0285004E373033312D48384F4D54
06-03-2025 22:31:38.509,117,RECV,7E007D318100083302EF004E383033322D4C4B585AC1
06-03-2025 22:31:38.519,118,RECV,7E007D318100053202F8004E353033322D4B3835410F
06-03-2025 22:31:38.559,119,RECV,7E007D318100062B02D8004E363033322D5257344709
06-03-2025 22:31:38.564,120,RECV,7E007D318100073B0286004E373033322D5048553947
06-03-2025 22:31:38.910,121,RECV,7E007D318100083202F0004E383033332D4C534D42DB
06-03-2025 22:31:38.960,122,RECV,7E007D318100053302F9004E353033332D4543394301
06-03-2025 22:31:38.966,123,RECV,7E007D318100062C02D9004E363033332D4B4F5948EF
06-03-2025 22:31:38.966,124,RECV,7E007D318100073B0287004E373033332D564D4B5924
06-03-2025 22:31:39.311,125,RECV,7E007D318100083402F1004E383033342D374F4E35FC
06-03-2025 22:31:39.361,126,RECV,7E007D318100053302FA004E353033342D56374343F0
06-03-2025 22:31:39.385,127,RECV,7E007D318100062C02DA004E363033342D464F50360D
06-03-2025 22:31:39.385,128,RECV,7E007D318100073B0288004E373033342D484F35504D
06-03-2025 22:31:39.712,129,RECV,7E007D318100083402F2004E383033352D47355956D8
06-03-2025 22:31:39.763,130,RECV,7E007D318100053302FB004E353033352D314F5144EC
06-03-2025 22:31:39.765,131,RECV,7E007D318100062C02DB004E363033352D36534A3221
06-03-2025 22:31:39.765,132,RECV,7E007D318100073C0289004E373033352D513351523F
06-03-2025 22:31:40.113,133,RECV,7E007D318100083302F3004E383033362D41455039F3
06-03-2025 22:31:40.164,134,RECV,7E007D318100053202FC004E353033362D58554541CD
06-03-2025 22:31:40.166,135,RECV,7E007D318100062D02DC004E363033362D5238503712
06-03-2025 22:31:40.166,136,RECV,7E007D318100073C028A004E373033362D4B4C4F4A34
06-03-2025 22:31:40.515,137,RECV,7E007D318100083402F4004E383033372D35504F5AD1
06-03-2025 22:31:40.565,138,RECV,7E007D318100053402FD004E353033372D5330554ED6
06-03-2025 22:31:40.596,139,RECV,7E007D318100062D02DD004E363033372D50354A4909
06-03-2025 22:31:40.596,140,RECV,7E007D318100073C028B004E373033372D4D32515042
06-03-2025 22:31:40.916,141,RECV,7E007D318100083402F5004E383033382D54523935E9
06-03-2025 22:31:40.916,142,RECV,7E007D318100053402FE004E353033382D44444F5AC9
06-03-2025 22:31:40.966,143,RECV,7E007D318100062D02DE004E363033382D3639583523
06-03-2025 22:31:40.966,144,RECV,7E007D318100073C028C004E373033382D4658485921
06-03-2025 22:31:41.317,145,RECV,7E007D318100083402F6004E383033392D4254375AD4
06-03-2025 22:31:41.318,146,RECV,7E007D318100053402FF004E353033392D4E455542CE
06-03-2025 22:31:41.367,147,RECV,7E007D318100062D02DF004E363033392D4F505537F2
06-03-2025 22:31:41.372,148,RECV,7E007D318100073C028D004E373033392D333139338E
06-03-2025 22:31:41.718,149,RECV,7E007D318100083502F7004E383034302D56483741EB
06-03-2025 22:31:41.719,150,RECV,7E007D31810005340202004E353034302D334F374400
06-03-2025 22:31:41.769,151,RECV,7E007D318100062D02E1004E363034302D5449523103
06-03-2025 22:31:41.769,152,RECV,7E007D318100073C028F004E373034302D44534E413E
06-03-2025 22:31:42.119,153,RECV,7E007D318100083502FC004E383034312D4D563547DC
06-03-2025 22:31:42.120,154,RECV,7E007D31810005340204004E353034312D35515657C7
06-03-2025 22:31:42.170,155,RECV,7E007D318100062E02E2004E363034312D5A4A4858DC
06-03-2025 22:31:42.170,156,RECV,7E007D318100073C0290004E373034312D5A33423261
06-03-2025 22:31:42.520,157,RECV,7E007D318100083502FD004E383034322D37465637EF
06-03-2025 22:31:42.531,158,RECV,7E007D31810005340205004E353034322D46514F44CE
06-03-2025 22:31:42.570,159,RECV,7E007D318100062D02E3004E363034322D3244484F12
06-03-2025 22:31:42.587,160,RECV,7E007D318100073D0291004E373034322D533839306B
06-03-2025 22:31:42.922,161,RECV,7E007D318100083502FE004E383034332D36474159E0
06-03-2025 22:31:42.932,162,RECV,7E007D31810005340206004E353034332D364A4A48E4
06-03-2025 22:31:42.972,163,RECV,7E007D318100062E02E4004E363034332D4E384A50FC
06-03-2025 22:31:42.972,164,RECV,7E007D318100073C0292004E373034332D3337525151
06-03-2025 22:31:43.323,165,RECV,7E007D318100083502FF004E383034342D56314D56CB
06-03-2025 22:31:43.333,166,RECV,7E007D31810005340207004E353034342D32484E32FA
06-03-2025 22:31:43.373,167,RECV,7E007D318100062E02E5004E363034342D3147593415
06-03-2025 22:31:43.374,168,RECV,7E007D318100073D0293004E373034342D4B47423453
06-03-2025 22:31:43.724,169,RECV,7E007D31810008350201004E383034352D44565944BB
06-03-2025 22:31:43.774,170,RECV,7E007D31810005340208004E353034352D30575641D4
06-03-2025 22:31:43.799,171,RECV,7E007D318100062D02E6004E363034352D3339474323
06-03-2025 22:31:43.800,172,RECV,7E007D318100073C0294004E373034352D31554D5532
06-03-2025 22:31:44.125,173,RECV,7E007D31810008340202004E383034362D50354639ED
06-03-2025 22:31:44.175,174,RECV,7E007D31810005340209004E353034362D414D4B31E6
06-03-2025 22:31:44.176,175,RECV,7E007D318100062D02E7004E363034362D434F4E55E2
06-03-2025 22:31:44.176,176,RECV,7E007D318100073C0295004E373034362D3350565728
06-03-2025 22:31:44.526,177,RECV,7E007D31810008340203004E383034372D374E4832F0
06-03-2025 22:31:44.576,178,RECV,7E007D3181000533020A004E353034372D334835300F
06-03-2025 22:31:44.576,179,RECV,7E007D318100062D02E8004E363034372D54594A47D7
06-03-2025 22:31:44.587,180,RECV,7E007D318100073B0296004E373034372D3436375561
06-03-2025 22:31:44.927,181,RECV,7E007D31810008340204004E383034382D4E304454D7
06-03-2025 22:31:44.977,182,RECV,7E007D3181000533020B004E353034382D33534948D6
06-03-2025 22:31:44.978,183,RECV,7E007D318100062C02E9004E363034382D493237451D
06-03-2025 22:31:44.978,184,RECV,7E007D318100073B0297004E373034382D3932545541
06-03-2025 22:31:45.328,185,RECV,7E007D31810008330205004E383034392D424C394DD8
06-03-2025 22:31:45.378,186,RECV,7E007D3181000532020C004E353034392D39513941E8
06-03-2025 22:31:45.379,187,RECV,7E007D318100062C02EA004E363034392D54495A4DCE
06-03-2025 22:31:45.379,188,RECV,7E007D318100073A0298004E373034392D514D384836
06-03-2025 22:31:45.729,189,RECV,7E007D31810008330206004E383035302D49394F45DD
06-03-2025 22:31:45.730,190,RECV,7E007D3181000532020E004E353035302D33525237E4
06-03-2025 22:31:45.779,191,RECV,7E007D318100062C02EC004E363035302D59504D58CA
06-03-2025 22:31:45.784,192,RECV,7E007D318100073B029A004E373035302D384956473B
06-03-2025 22:31:46.130,193,RECV,7E007D3181000832020A004E383035312D43334A34FB
06-03-2025 22:31:46.131,194,RECV,7E007D31810005320210004E353035312D37314C47F4
06-03-2025 22:31:46.180,195,RECV,7E007D318100062C02ED004E363035312D53595333E4
06-03-2025 22:31:46.181,196,RECV,7E007D318100073A029B004E373035312D57555A3220
06-03-2025 22:31:46.531,197,RECV,7E007D3181000832020B004E383035322D42323351F5
06-03-2025 22:31:46.532,198,RECV,7E007D3181000532027D31004E353035322D4B475932D0
06-03-2025 22:31:46.581,199,RECV,7E007D318100062B02EE004E363035322D32424C4C09
06-03-2025 22:31:46.587,200,RECV,7E007D318100073A029C004E373035322D4E534A303B
06-03-2025 22:31:46.932,201,RECV,7E007D3181000833020C004E383035332D58424B44C1
06-03-2025 22:31:46.933,202,RECV,7E007D31810005320212004E353035332D4F4D3859BE
06-03-2025 22:31:46.983,203,RECV,7E007D318100062B02EF004E363035332D3755554CE6
06-03-2025 22:31:47.006,204,RECV,7E007D318100073A029D004E373035332D50424D4F26
06-03-2025 22:31:47.333,205,RECV,7E007D3181000833020D004E383035342D38433848ED
06-03-2025 22:31:47.344,206,RECV,7E007D3181000532027D33004E353035342D54394B39D8
06-03-2025 22:31:47.384,207,RECV,7E007D318100062B02F0004E363035342D4D334D4CF8
06-03-2025 22:31:47.389,208,RECV,7E007D318100073A029E004E373035342D335357492C
06-03-2025 22:31:47.735,209,RECV,7E007D3181000832020E004E383035352D54563059B4
06-03-2025 22:31:47.745,210,RECV,7E007D31810005310214004E353035352D3635394DF7
06-03-2025 22:31:47.785,211,RECV,7E007D318100062B02F1004E363035352D55504D44D9
06-03-2025 22:31:47.795,212,RECV,7E007D318100073A029F004E373035352D4243584E25
06-03-2025 22:31:48.146,213,RECV,7E007D31810005310215004E353035362D51414145CE
06-03-2025 22:31:48.186,214,RECV,7E007D318100062B02F2004E363035362D565A5554B4
06-03-2025 22:31:48.218,215,RECV,7E007D318100073A02A0004E373035362D3236303086
06-03-2025 22:31:48.537,216,RECV,7E007D31810008320210004E383035372D4C574F4FA2
06-03-2025 22:31:48.587,217,RECV,7E007D31810005320216004E353035372D31455347D3
06-03-2025 22:31:48.597,218,RECV,7E007D318100062B02F3004E363035372D443130481E
06-03-2025 22:31:48.603,219,RECV,7E007D318100073A02A1004E373035372D584839581B
06-03-2025 22:31:48.938,220,RECV,7E007D3181000832027D31004E383035382D37514F54B6
06-03-2025 22:31:48.989,221,RECV,7E007D31810005320217004E353035382D53325133D8
06-03-2025 22:31:48.999,222,RECV,7E007D318100062B02F4004E363035382D57505156BB
06-03-2025 22:31:48.999,223,RECV,7E007D318100073B02A2004E373035382D393844553F
06-03-2025 22:31:49.339,224,RECV,7E007D31810008330212004E383035392D394D3756CB
06-03-2025 22:31:49.390,225,RECV,7E007D31810005330218004E353035392D34533554CE
06-03-2025 22:31:49.439,226,RECV,7E007D318100062C02F5004E363035392D564B5A34D7
06-03-2025 22:31:49.441,227,RECV,7E007D318100073A02A3004E373035392D5555493421
06-03-2025 22:31:49.740,228,RECV,7E007D3181000837027D33004E383036302D44413457D1
06-03-2025 22:31:49.791,229,RECV,7E007D31810005370219004E353036302D31524345D6
06-03-2025 22:31:49.791,230,RECV,7E007D318100063002F7004E363036302D59434B48D9
06-03-2025 22:31:49.796,231,RECV,7E007D318100073F02A7004E373036302D474734572E
06-03-2025 22:31:50.142,232,RECV,7E007D31810008360215004E383036312D5737435AB4
06-03-2025 22:31:50.192,233,RECV,7E007D3181000536021C004E353036312D3634383309
06-03-2025 22:31:50.192,234,RECV,7E007D318100062F02F8004E363036312D4D5A5545C6
06-03-2025 22:31:50.193,235,RECV,7E007D318100073E02A8004E373036312D46434A4E25
06-03-2025 22:31:50.543,236,RECV,7E007D31810008370216004E383036322D57373044DA
06-03-2025 22:31:50.543,237,RECV,7E007D3181000536021D004E353036322D58483251B9
06-03-2025 22:31:50.593,238,RECV,7E007D318100062F02F9004E363036322D4A31364B09
06-03-2025 22:31:50.613,239,RECV,7E007D318100073E02A9004E373036322D36564F5A0F
06-03-2025 22:31:50.944,240,RECV,7E007D31810008350217004E383036332D4B483834DD
06-03-2025 22:31:50.944,241,RECV,7E007D3181000535021E004E353036332D4A30334FDF
06-03-2025 22:31:50.994,242,RECV,7E007D318100062F02FA004E363036332D574E535AB1
06-03-2025 22:31:51.014,243,RECV,7E007D318100073E02AA004E373036332D3258414631
06-03-2025 22:31:51.295,244,RECV,7E007D31810008370218004E383036342D4C31534DBB
06-03-2025 22:31:51.345,245,RECV,7E007D3181000536021F004E353036342D30394F36EA
06-03-2025 22:31:51.415,246,RECV,7E007D318100063002FB004E363036342D52454752D0
06-03-2025 22:31:51.415,247,RECV,7E007D318100073F02AB004E373036342D334745542C
06-03-2025 22:31:51.696,248,RECV,7E007D31810008360219004E383036352D49475A509D
06-03-2025 22:31:51.746,249,RECV,7E007D31810005350220004E353036352D52533541BC
06-03-2025 22:31:51.806,250,RECV,7E007D318100062D02FC004E363036352D4B445749D2
06-03-2025 22:31:51.806,251,RECV,7E007D318100073C02AC004E373036352D39424B5129
06-03-2025 22:31:52.097,252,RECV,7E007D3181000834021A004E383036362D4E343437EA
06-03-2025 22:31:52.157,253,RECV,7E007D31810005350221004E353036362D49375445BC
06-03-2025 22:31:52.207,254,RECV,7E007D318100062F02FD004E363036362D38474946EF
06-03-2025 22:31:52.208,255,RECV,7E007D318100073E02AD004E373036362D414436423F
06-03-2025 22:31:52.498,256,RECV,7E007D3181000836021B004E383036372D334D3334EC
06-03-2025 22:31:52.559,257,RECV,7E007D31810005360222004E353036372D30503959C0
06-03-2025 22:31:52.648,258,RECV,7E007D318100062F02FE004E363036372D43354842F9
06-03-2025 22:31:52.648,259,RECV,7E007D318100073E02AE004E373036372D4B4A48411C
06-03-2025 22:31:52.899,260,RECV,7E007D3181000837021C004E383036382D5853375599
06-03-2025 22:31:52.960,261,RECV,7E007D31810005360223004E353036382D3656365AB4
06-03-2025 22:31:53.050,262,RECV,7E007D318100062F02FF004E363036382D5A4D5533CA
06-03-2025 22:31:53.076,263,RECV,7E007D318100073E02AF004E373036382D5059315509
06-03-2025 22:31:53.301,264,RECV,7E007D3181000838021D004E383036392D4D534231BA
06-03-2025 22:31:53.401,265,RECV,7E007D31810005380224004E353036392D445453578A
06-03-2025 22:31:53.451,266,RECV,7E007D31810006300201004E363036392D57315236E5
06-03-2025 22:31:53.451,267,RECV,7E007D318100074002B0004E373036392D3349534C19
06-03-2025 22:31:53.702,268,RECV,7E007D3181000836021E004E383037302D59554738A9
06-03-2025 22:31:53.802,269,RECV,7E007D31810005370226004E353037302D4E33544AB4
06-03-2025 22:31:53.852,270,RECV,7E007D31810006310203004E363037302D30505433F3
06-03-2025 22:31:53.852,271,RECV,7E007D318100074002B2004E373037302D4E54364121
06-03-2025 22:31:54.103,272,RECV,7E007D31810008320223004E383037312D35344B43DD
06-03-2025 22:31:54.203,273,RECV,7E007D31810005310228004E353037312D48534243B6
06-03-2025 22:31:54.253,274,RECV,7E007D318100062B0204004E363037312D48415857C6
06-03-2025 22:31:54.258,275,RECV,7E007D318100073A02B3004E373037312D47575A59ED
06-03-2025 22:31:54.504,276,RECV,7E007D31810008320224004E383037322D58353338DA
06-03-2025 22:31:54.604,277,RECV,7E007D31810005310229004E353037322D4F4E564899
06-03-2025 22:31:54.605,278,RECV,7E007D318100062B0205004E363037322D5550545AA9
06-03-2025 22:31:54.655,279,RECV,7E007D318100073A02B4004E373037322D57355A5204
06-03-2025 22:31:54.905,280,RECV,7E007D31810008330225004E383037332D4C384645C0
06-03-2025 22:31:55.006,281,RECV,7E007D3181000534022A004E353037332D4F533257A4
06-03-2025 22:31:55.026,282,RECV,7E007D318100062B0206004E363037332D3931353427
06-03-2025 22:31:55.054,283,RECV,7E007D318100073A02B5004E373037332D4C354C4D20
06-03-2025 22:31:55.306,284,RECV,7E007D31810008330226004E383037342D594F44528F
06-03-2025 22:31:55.357,285,RECV,7E007D3181000532022B004E353037342D4F323433E7
06-03-2025 22:31:55.457,286,RECV,7E007D318100062B0207004E363037342D50574237D8
06-03-2025 22:31:55.457,287,RECV,7E007D318100073A02B6004E373037342D59534957EC
06-03-2025 22:31:55.708,288,RECV,7E007D31810008330227004E383037352D38544945B1
06-03-2025 22:31:55.758,289,RECV,7E007D3181000532022C004E353037352D4641555998
06-03-2025 22:31:55.858,290,RECV,7E007D318100062B0208004E363037352D48473956D8
06-03-2025 22:31:55.858,291,RECV,7E007D318100073A02B7004E373037352D3333534E2F
06-03-2025 22:31:56.109,292,RECV,7E007D31810008330228004E383037362D4233454AC5
06-03-2025 22:31:56.159,293,RECV,7E007D3181000533022D004E353037362D5A56525375
06-03-2025 22:31:56.259,294,RECV,7E007D318100062C0209004E363037362D3734384B05
06-03-2025 22:31:56.271,295,RECV,7E007D318100073B02B8004E373037362D5136593122
06-03-2025 22:31:56.510,296,RECV,7E007D31810008320229004E383037372D50524E5286
06-03-2025 22:31:56.560,297,RECV,7E007D3181000533022E004E353037372D30374F4BC7
06-03-2025 22:31:56.660,298,RECV,7E007D318100062C020A004E363037372D37344A59E3
06-03-2025 22:31:56.663,299,RECV,7E007D318100073C02B9004E373037372D344A383149
06-03-2025 22:31:56.911,300,RECV,7E007D3181000834022A004E383037382D334C51569E
06-03-2025 22:31:56.971,301,RECV,7E007D3181000533022F004E353037382D31494253B7
06-03-2025 22:31:57.061,302,RECV,7E007D318100062C020B004E363037382D35543647E9
06-03-2025 22:31:57.061,303,RECV,7E007D318100073B02BA004E373037382D59435556E8
06-03-2025 22:31:57.312,304,RECV,7E007D3181000835022B004E383037392D4B543446A8
06-03-2025 22:31:57.372,305,RECV,7E007D31810005340230004E353037392D38504155A5
06-03-2025 22:31:57.462,306,RECV,7E007D318100062D020C004E363037392D3139443707
06-03-2025 22:31:57.488,307,RECV,7E007D318100073C02BB004E373037392D4B35514516
06-03-2025 22:31:57.713,308,RECV,7E007D3181000834022C004E383038302D39563648BC
06-03-2025 22:31:57.773,309,RECV,7E007D31810005340231004E353038302D38313052DF
06-03-2025 22:31:57.864,310,RECV,7E007D318100062E020E004E363038302D355A4E4ACA
06-03-2025 22:31:57.864,311,RECV,7E007D318100073D02C0004E373038302D4147384A24
06-03-2025 22:31:58.114,312,RECV,7E007D3181000835022E004E383038312D57435238A1
06-03-2025 22:31:58.215,313,RECV,7E007D31810005340234004E353038312D5836554A99
06-03-2025 22:31:58.265,314,RECV,7E007D318100062E020F004E363038312D594B4249C0
06-03-2025 22:31:58.265,315,RECV,7E007D318100073D02C1004E373038312D435344351D
06-03-2025 22:31:58.516,316,RECV,7E007D3181000835022F004E383038322D4A5252379E
06-03-2025 22:31:58.616,317,RECV,7E007D31810005340235004E353038322D45444651A4
06-03-2025 22:31:58.666,318,RECV,7E007D318100062E0210004E363038322D4D30425AD4
06-03-2025 22:31:58.702,319,RECV,7E007D318100073D02C2004E373038322D3553394128
06-03-2025 22:31:58.917,320,RECV,7E007D31810008350230004E383038332D42384834CB
06-03-2025 22:31:59.017,321,RECV,7E007D31810005350236004E353038332D5045374DA8
06-03-2025 22:31:59.067,322,RECV,7E007D318100062E027D31004E363038332D59304258C8
06-03-2025 22:31:59.068,323,RECV,7E007D318100073D02C3004E373038332D4E38503121
06-03-2025 22:31:59.318,324,RECV,7E007D31810008360231004E383038342D325A4E5094
06-03-2025 22:31:59.418,325,RECV,7E007D31810005350237004E353038342D4D523649A1
06-03-2025 22:31:59.468,326,RECV,7E007D318100062F0212004E363038342D5A4D4932C6
06-03-2025 22:31:59.468,327,RECV,7E007D318100073E02C4004E373038342D4B3754450A
06-03-2025 22:31:59.719,328,RECV,7E007D31810008370232004E383038352D48394746AD
06-03-2025 22:31:59.769,329,RECV,7E007D31810005360238004E353038352D3241454CB8
06-03-2025 22:31:59.870,330,RECV,7E007D3181000630027D33004E363038352D384C5158B8
06-03-2025 22:31:59.870,331,RECV,7E007D318100073F02C5004E373038352D4B425643FC
06-03-2025 22:32:00.121,332,RECV,7E007D31810008370233004E383038362D34373857BF
06-03-2025 22:32:00.171,333,RECV,7E007D31810005370239004E353038362D55304439B7
06-03-2025 22:32:00.271,334,RECV,7E007D31810006300214004E363038362D4B374746D4
06-03-2025 22:32:00.271,335,RECV,7E007D318100073F02C6004E373038362D5A47324FFE
06-03-2025 22:32:00.522,336,RECV,7E007D31810008390234004E383038372D435955378D
06-03-2025 22:32:00.592,337,RECV,7E007D3181000538023A004E353038372D545442329A
06-03-2025 22:32:00.672,338,RECV,7E007D31810006310215004E363038372D31594850BE
06-03-2025 22:32:00.692,339,RECV,7E007D318100074002C7004E373038372D5A58343403
06-03-2025 22:32:00.923,340,RECV,7E007D31810008380235004E383038382D31373550C7
06-03-2025 22:32:00.993,341,RECV,7E007D3181000537023B004E353038382D314B584E93
06-03-2025 22:32:01.073,342,RECV,7E007D31810006310216004E363038382D54303444E2
06-03-2025 22:32:01.324,343,RECV,7E007D31810008380236004E383038392D5556495668
06-03-2025 22:32:01.424,344,RECV,7E007D3181000537023C004E353038392D49364D499E
06-03-2025 22:32:01.474,345,RECV,7E007D31810006310217004E363038392D42513548CC
06-03-2025 22:32:01.725,346,RECV,7E007D31810008380237004E383039302D45473845B0
06-03-2025 22:32:01.875,347,RECV,7E007D318100062F021A004E363039302D4C4D4450B6
06-03-2025 22:32:02.126,348,RECV,7E007D3181000836023A004E383039312D575947556B
06-03-2025 22:32:02.227,349,RECV,7E007D31810005370240004E353039312D5654455671
06-03-2025 22:32:02.277,350,RECV,7E007D318100062F021B004E363039312D54425231C8
06-03-2025 22:32:02.527,351,RECV,7E007D3181000838023B004E383039322D48324641B2
06-03-2025 22:32:02.628,352,RECV,7E007D31810005370241004E353039322D31474535C2
06-03-2025 22:32:02.678,353,RECV,7E007D318100062E021C004E363039322D51303359D3
06-03-2025 22:32:02.928,354,RECV,7E007D3181000838023C004E383039332D33554A419E
06-03-2025 22:32:03.029,355,RECV,7E007D31810005370242004E353039332D4D47553792
06-03-2025 22:32:03.079,356,RECV,7E007D3181000630021D004E363039332D39445A36CF
06-03-2025 22:32:03.329,357,RECV,7E007D3181000838023D004E383039342D35344652AE
06-03-2025 22:32:03.430,358,RECV,7E007D31810005370243004E353039342D4F33515984
06-03-2025 22:32:03.480,359,RECV,7E007D3181000631021E004E363039342D59333651C6
06-03-2025 22:32:03.731,360,RECV,7E007D3181000837023E004E383039352D52574E3780
06-03-2025 22:32:03.781,361,RECV,7E007D31810005370244004E353039352D45534E4B7D5D
06-03-2025 22:32:03.881,362,RECV,7E007D3181000630021F004E363039352D514D4138C1
06-03-2025 22:32:04.132,363,RECV,7E007D3181000837023F004E383039362D543636509C
06-03-2025 22:32:04.232,364,RECV,7E007D31810005360245004E353039362D32534A5589
06-03-2025 22:32:04.282,365,RECV,7E007D318100062F0220004E363039362D31455042CF
06-03-2025 22:32:04.533,366,RECV,7E007D31810008360240004E383039372D47304A4C9E
06-03-2025 22:32:04.633,367,RECV,7E007D31810005350246004E353039372D364B334DAB
06-03-2025 22:32:04.683,368,RECV,7E007D318100062E0221004E363039372D5837584FA0
06-03-2025 22:32:04.934,369,RECV,7E007D31810008360241004E383039382D594D445867
06-03-2025 22:32:05.035,370,RECV,7E007D31810005340247004E353039382D4F564C3387
06-03-2025 22:32:05.085,371,RECV,7E007D318100062E0222004E363039382D52444638C0
06-03-2025 22:32:05.336,372,RECV,7E007D31810008360242004E383039392D43385530A7
06-03-2025 22:32:05.436,373,RECV,7E007D31810005340248004E353039392D305148459B
06-03-2025 22:32:05.486,374,RECV,7E007D318100062D0223004E363039392D47324937DA
