06-27-2025 03:28:36.872,-,API2,"Sink 2,0013A20041839DCA,802.15.4 TH,2003,/dev/ttyUSB2 - 57600/8/M/1/N,1,46"

06-27-2025 03:27:42.077,0,RECV,7E000F8100042B024E343030302D5153474CD7
06-27-2025 03:27:42.081,1,RECV,7E000F81000634024E363030302D34475642EE
06-27-2025 03:27:42.088,2,RECV,7E000F81000734024E373030302D4D323756F3
06-27-2025 03:27:42.089,3,RECV,7E000F8100042B024E343030312D4B50464BE1
06-27-2025 03:27:42.127,4,RECV,7E000F81000830024E383030302D46473442FE
06-27-2025 03:27:42.128,5,RECV,7E000F81000630024E363030312D44445643E3
06-27-2025 03:27:42.128,6,RECV,7E000F81000731024E373030312D4F4F3933F7
06-27-2025 03:27:42.128,7,RECV,7E000F8100042B024E343030322D5A5A4937D8
06-27-2025 03:27:42.128,8,RECV,7E000F81000830024E383030312D49524759C5
06-27-2025 03:27:42.177,9,RECV,7E000F8100042B024E343030332D4551534ED4
06-27-2025 03:27:42.179,10,RECV,7E000F81000834024E383030322D3649463501
06-27-2025 03:27:42.228,11,RECV,7E000F8100042B024E343030342D58455831E4
06-27-2025 03:27:42.278,12,RECV,7E000F81000833024E383030332D57465837CF
06-27-2025 03:27:42.279,13,RECV,7E000F8100042B024E343030352D3333424A17
06-27-2025 03:27:42.279,14,RECV,7E000F81000832024E383030342D4C5A454AC6
06-27-2025 03:27:42.279,15,RECV,7E000F81000633024E363030352D46315355DE
06-27-2025 03:27:42.279,16,RECV,7E000F81000731024E373030352D5A514659B3
06-27-2025 03:27:42.328,17,RECV,7E000F8100042B024E343030362D58394653DE
06-27-2025 03:27:42.330,18,RECV,7E000F8100082F024E383030352D4841545AC6
06-27-2025 03:27:42.330,19,RECV,7E000F81000631024E363030362D585A4437D1
06-27-2025 03:27:42.330,20,RECV,7E000F81000732024E373030362D5050594EB4
06-27-2025 03:27:42.338,21,RECV,7E000F8100042B024E343030372D31344B5403
06-27-2025 03:27:42.338,22,RECV,7E000F8100082F024E383030362D59514137DA
06-27-2025 03:27:42.378,23,RECV,7E000F81000630024E363030372D3151354DFA
06-27-2025 03:27:42.378,24,RECV,7E000F81000731024E373030372D53564731DA
06-27-2025 03:27:42.378,25,RECV,7E000F8100042B024E343030382D4D554251D1
06-27-2025 03:27:42.388,26,RECV,7E000F8100082F024E383030372D3249384602
06-27-2025 03:27:42.414,27,RECV,7E000F81000632024E363030382D36364758F0
06-27-2025 03:27:42.414,28,RECV,7E000F81000730024E373030382D5251394FD0
06-27-2025 03:27:42.418,29,RECV,7E000F8100042B024E343030392D4D39504EE1
06-27-2025 03:27:42.419,30,RECV,7E000F81000833024E383030382D32475543E5
06-27-2025 03:27:42.455,31,RECV,7E000F81000635024E363030392D334B5053D6
06-27-2025 03:27:42.455,32,RECV,7E000F81000736024E373030392D37514E45D9
06-27-2025 03:27:42.478,33,RECV,7E000F8100042B024E343031302D42554641EF
06-27-2025 03:27:42.478,34,RECV,7E000F81000834024E383030392D44465257C1
06-27-2025 03:27:42.478,35,RECV,7E000F81000634024E363031302D3647314A08
06-27-2025 03:27:42.479,36,RECV,7E000F81000736024E373031302D46433546F8
06-27-2025 03:27:42.499,37,RECV,7E000F8100042B024E343031312D45385846F1
06-27-2025 03:27:42.499,38,RECV,7E000F81000832024E383031302D524D4A57BE
06-27-2025 03:27:42.529,39,RECV,7E000F81000633024E363031312D335A4C4DDA
06-27-2025 03:27:42.529,40,RECV,7E000F81000735024E373031312D4E4F4344D8
06-27-2025 03:27:42.529,41,RECV,7E000F8100042B024E343031322D4A52393501
06-27-2025 03:27:42.549,42,RECV,7E000F81000834024E383031312D36344C59EC
06-27-2025 03:27:42.586,43,RECV,7E000F81000634024E363031322D4F52534EBC
06-27-2025 03:27:42.609,44,RECV,7E000F81000735024E373031322D4A4D4E59BD
06-27-2025 03:27:42.609,45,RECV,7E000F8100042B024E343031332D5753334DE0
06-27-2025 03:27:42.609,46,RECV,7E000F81000834024E383031322D4730333020
06-27-2025 03:27:42.629,47,RECV,7E000F81000633024E363031332D32344B4EFF
06-27-2025 03:27:42.630,48,RECV,7E000F81000734024E373031332D42523842ED
06-27-2025 03:27:42.631,49,RECV,7E000F8100042B024E343031342D3735444E0B
06-27-2025 03:27:42.631,50,RECV,7E000F8100082F024E383031332D4B4F4B48D1
06-27-2025 03:27:42.679,51,RECV,7E000F81000630024E363031342D3139334C17
06-27-2025 03:27:42.681,52,RECV,7E000F81000732024E373031342D37594354D5
06-27-2025 03:27:42.681,53,RECV,7E000F8100042B024E343031352D414D373112
06-27-2025 03:27:42.681,54,RECV,7E000F81000830024E383031342D38595334E4
06-27-2025 03:27:42.681,55,RECV,7E000F81000635024E363031352D534D5133D6
06-27-2025 03:27:42.729,56,RECV,7E000F81000735024E373031352D4D4A4635E6
06-27-2025 03:27:42.866,57,RECV,7E000F8100042B024E343031362D50513252E2
06-27-2025 03:27:42.899,58,RECV,7E000F81000833024E383031352D4C52474FC4
06-27-2025 03:27:42.899,59,RECV,7E000F81000633024E363031362D5A434635E3
06-27-2025 03:27:42.899,60,RECV,7E000F81000731024E373031362D574C5A50AE
06-27-2025 03:27:42.899,61,RECV,7E000F8100042B024E343031372D50594746D0
06-27-2025 03:27:42.899,62,RECV,7E000F8100082F024E383031362D5630443100
06-27-2025 03:27:42.899,63,RECV,7E000F81000631024E363031372D4C4D5658B5
06-27-2025 03:27:42.899,64,RECV,7E000F81000731024E373031372D413839390F
06-27-2025 03:27:42.899,65,RECV,7E000F8100042B024E343031382D354F574CDE
06-27-2025 03:27:42.899,66,RECV,7E000F81000830024E383031372D53333947F3
06-27-2025 03:27:42.900,67,RECV,7E000F81000631024E363031382D30554B46E5
06-27-2025 03:27:42.900,68,RECV,7E000F81000731024E373031382D4A32494AEA
06-27-2025 03:27:42.900,69,RECV,7E000F8100042B024E343031392D47543454E1
06-27-2025 03:27:42.900,70,RECV,7E000F8100082F024E383031382D4D314A3001
06-27-2025 03:27:42.900,71,RECV,7E000F81000632024E363031392D444232340D
06-27-2025 03:27:42.900,72,RECV,7E000F81000730024E373031392D47385549DC
06-27-2025 03:27:42.900,73,RECV,7E000F8100042B024E343032302D5037393319
06-27-2025 03:27:42.900,74,RECV,7E000F8100082F024E383031392D37375837FB
06-27-2025 03:27:42.900,75,RECV,7E000F81000631024E363032302D4846434AE7
06-27-2025 03:27:42.900,76,RECV,7E000F81000731024E373032302D454E514BD1
06-27-2025 03:27:42.900,77,RECV,7E000F8100042B024E343032312D53553549E5
06-27-2025 03:27:42.900,78,RECV,7E000F8100082F024E383032302D534B5257B9
06-27-2025 03:27:42.930,79,RECV,7E000F81000631024E363032312D4D43574AD0
06-27-2025 03:27:42.930,80,RECV,7E000F81000730024E373032312D4A374854E3
06-27-2025 03:27:42.940,81,RECV,7E000F8100042B024E343032322D5A514439E2
06-27-2025 03:27:42.940,82,RECV,7E000F81000830024E383032312D57333744F9
06-27-2025 03:27:42.980,83,RECV,7E000F81000631024E363032322D4F5A3256CF
06-27-2025 03:27:42.980,84,RECV,7E000F81000731024E373032322D5456584DAF
06-27-2025 03:27:42.981,85,RECV,7E000F8100042B024E343032332D305635341A
06-27-2025 03:27:42.981,86,RECV,7E000F8100082F024E383032322D4D325558D2
06-27-2025 03:27:43.030,87,RECV,7E000F81000631024E363032332D52464631F0
06-27-2025 03:27:43.082,88,RECV,7E000F81000730024E373032332D57424A54C7
06-27-2025 03:27:43.082,89,RECV,7E000F8100042B024E343032342D4435353525
06-27-2025 03:27:43.082,90,RECV,7E000F81000830024E383032332D4C464B59C6
06-27-2025 03:27:43.082,91,RECV,7E000F81000631024E363032342D4335434102
06-27-2025 03:27:43.082,92,RECV,7E000F81000731024E373032342D454F5355C0
06-27-2025 03:27:43.082,93,RECV,7E000F8100042B024E343032352D49364150F7
06-27-2025 03:27:43.082,94,RECV,7E000F81000830024E383032342D413633450C
06-27-2025 03:27:43.130,95,RECV,7E000F81000632024E363032352D314F4355E4
06-27-2025 03:27:43.132,96,RECV,7E000F81000730024E373032352D4B574F57B4
06-27-2025 03:27:43.132,97,RECV,7E000F8100042B024E343032362D42494241F8
06-27-2025 03:27:43.132,98,RECV,7E000F81000830024E383032352D4F395234EC
06-27-2025 03:27:43.132,99,RECV,7E000F81000631024E363032362D3848304FFD
06-27-2025 03:27:43.133,100,RECV,7E000F81000731024E373032362D4834344CFE
06-27-2025 03:27:43.151,101,RECV,7E000F8100042B024E343032372D4445394DF6
06-27-2025 03:27:43.154,102,RECV,7E000F81000830024E383032362D52584F31CF
06-27-2025 03:27:43.180,103,RECV,7E000F81000631024E363032372D594E4F31D4
06-27-2025 03:27:43.180,104,RECV,7E000F81000731024E373032372D48513154DB
06-27-2025 03:27:43.180,105,RECV,7E000F8100042B024E343032382D4D444D4FD7
06-27-2025 03:27:43.180,106,RECV,7E000F81000830024E383032372D39525142DA
06-27-2025 03:27:43.230,107,RECV,7E000F81000632024E363032382D51555153AF
06-27-2025 03:27:43.231,108,RECV,7E000F8100042A024E343032392D4139474EF5
06-27-2025 03:27:43.280,109,RECV,7E000F81000632024E363032392D595A3557B9
06-27-2025 03:27:43.284,110,RECV,7E000F8100042B024E343033302D4738314417
06-27-2025 03:27:43.331,111,RECV,7E000F81000631024E363033302D36355950ED
06-27-2025 03:27:43.347,112,RECV,7E000F8100042B024E343033312D4B553941F0
06-27-2025 03:27:43.381,113,RECV,7E000F81000632024E363033312D34535246E0
06-27-2025 03:27:43.381,114,RECV,7E000F8100042B024E343033322D524D3853DF
06-27-2025 03:27:43.381,115,RECV,7E000F8100082F024E383033312D58435A4CBD
06-27-2025 03:27:43.381,116,RECV,7E000F81000730024E373033312D59384950D5
06-27-2025 03:27:43.391,117,RECV,7E000F81000632024E363033322D354A5933F3
06-27-2025 03:27:43.392,118,RECV,7E000F8100042A024E343033332D3941334F0D
06-27-2025 03:27:43.392,119,RECV,7E000F81000730024E373033322D4C325630FA
06-27-2025 03:27:43.431,120,RECV,7E000F8100042B024E343033342D374A4D44F5
06-27-2025 03:27:43.431,121,RECV,7E000F81000731024E373033332D47575459B1
06-27-2025 03:27:43.481,122,RECV,7E000F81000731024E373033342D54315731EE
06-27-2025 03:27:43.531,123,RECV,7E000F8100042C024E343033362D4A493745F5
06-27-2025 03:27:43.531,124,RECV,7E000F81000731024E373033352D54574643C6
06-27-2025 03:27:43.581,125,RECV,7E000F8100042B024E343033372D4D354B58DF
06-27-2025 03:27:43.581,126,RECV,7E000F81000632024E363033362D51335A39E3
06-27-2025 03:27:43.581,127,RECV,7E000F81000731024E373033362D3750434BE4
06-27-2025 03:27:43.581,128,RECV,7E000F8100042B024E343033382D5145313606
06-27-2025 03:27:43.592,129,RECV,7E000F81000630024E363033372D535A3233E9
06-27-2025 03:27:43.592,130,RECV,7E000F81000731024E373033372D5034314102
06-27-2025 03:27:43.681,131,RECV,7E000F81000830024E383033382D324B5A30EF
06-27-2025 03:27:43.682,132,RECV,7E000F8100042B024E343033392D42594A36E7
06-27-2025 03:27:43.682,133,RECV,7E000F81000631024E363033382D4F494252CD
06-27-2025 03:27:43.682,134,RECV,7E000F81000731024E373033382D57483549DA
06-27-2025 03:27:43.682,135,RECV,7E000F81000830024E383033392D4B4E4654C2
06-27-2025 03:27:43.682,136,RECV,7E000F8100042B024E343034302D3358344308
06-27-2025 03:27:43.682,137,RECV,7E000F81000632024E363033392D45524C58BC
06-27-2025 03:27:43.682,138,RECV,7E000F81000732024E373033392D343338470F
06-27-2025 03:27:43.731,139,RECV,7E000F81000830024E383034302D4C34323219
06-27-2025 03:27:43.732,140,RECV,7E000F8100042B024E343034312D374A31480F
06-27-2025 03:27:43.732,141,RECV,7E000F81000632024E363034302D4337433210
06-27-2025 03:27:43.732,142,RECV,7E000F81000732024E373034302D49473047F6
06-27-2025 03:27:43.772,143,RECV,7E000F81000830024E383034312D39513748F3
06-27-2025 03:27:43.772,144,RECV,7E000F8100042B024E343034322D50574A31E6
06-27-2025 03:27:43.772,145,RECV,7E000F81000632024E363034312D3047314A0C
06-27-2025 03:27:43.773,146,RECV,7E000F81000732024E373034312D4F53444CCA
06-27-2025 03:27:43.782,147,RECV,7E000F81000830024E383034322D48325139F7
06-27-2025 03:27:43.804,148,RECV,7E000F8100042B024E343034332D504C5736DE
06-27-2025 03:27:43.832,149,RECV,7E000F81000632024E363034322D4139345AF5
06-27-2025 03:27:43.834,150,RECV,7E000F81000731024E373034322D48533637F4
06-27-2025 03:27:43.834,151,RECV,7E000F81000830024E383034332D464A313801
06-27-2025 03:27:43.834,152,RECV,7E000F8100042B024E343034342D30354B4610
06-27-2025 03:27:43.834,153,RECV,7E000F81000630024E363034332D3446433908
06-27-2025 03:27:43.882,154,RECV,7E000F81000731024E373034332D333337540A
06-27-2025 03:27:43.882,155,RECV,7E000F81000830024E383034342D4D48374EDF
06-27-2025 03:27:43.882,156,RECV,7E000F8100042B024E343034352D305135450A
06-27-2025 03:27:43.882,157,RECV,7E000F81000630024E363034342D44325143F3
06-27-2025 03:27:43.882,158,RECV,7E000F81000732024E373034342D4F52454AC9
06-27-2025 03:27:43.932,159,RECV,7E000F81000831024E383034352D494F5756B2
06-27-2025 03:27:43.971,160,RECV,7E000F8100042B024E343034362D52453942F2
06-27-2025 03:27:43.978,161,RECV,7E000F81000631024E363034352D52335546DB
06-27-2025 03:27:43.978,162,RECV,7E000F81000732024E373034352D4E4F4F36D6
06-27-2025 03:27:43.982,163,RECV,7E000F81000831024E383034362D46464955CC
06-27-2025 03:27:43.983,164,RECV,7E000F8100042B024E343034372D56474247DD
06-27-2025 03:27:43.985,165,RECV,7E000F81000632024E363034362D46474332F7
06-27-2025 03:27:43.985,166,RECV,7E000F81000733024E373034362D3754313307
06-27-2025 03:27:44.032,167,RECV,7E000F81000831024E383034372D56594E33C5
06-27-2025 03:27:44.032,168,RECV,7E000F8100042B024E343034382D33533154F7
06-27-2025 03:27:44.033,169,RECV,7E000F81000631024E363034372D43495438E1
06-27-2025 03:27:44.033,170,RECV,7E000F81000732024E373034372D41503930FC
06-27-2025 03:27:44.033,171,RECV,7E000F81000832024E383034382D55503255C7
06-27-2025 03:27:44.033,172,RECV,7E000F8100042B024E343034392D53415038E5
06-27-2025 03:27:44.033,173,RECV,7E000F81000631024E363034382D384C4E39ED
06-27-2025 03:27:44.053,174,RECV,7E000F81000732024E373034382D5451334AD3
06-27-2025 03:27:44.083,175,RECV,7E000F81000832024E383034392D47493036FC
06-27-2025 03:27:44.121,176,RECV,7E000F8100042B024E343035302D4C4C5359C5
06-27-2025 03:27:44.121,177,RECV,7E000F81000631024E363034392D37535741D5
06-27-2025 03:27:44.121,178,RECV,7E000F81000732024E373034392D4B553931EA
06-27-2025 03:27:44.133,179,RECV,7E000F81000831024E383035302D51474757C5
06-27-2025 03:27:44.137,180,RECV,7E000F8100042B024E343035312D56435344D8
06-27-2025 03:27:44.137,181,RECV,7E000F81000632024E363035302D4344344FF4
06-27-2025 03:27:44.137,182,RECV,7E000F81000733024E373035302D334F4634FF
06-27-2025 03:27:44.183,183,RECV,7E000F81000831024E383035312D424A5944D1
06-27-2025 03:27:44.183,184,RECV,7E000F8100042B024E343035322D53534342DC
06-27-2025 03:27:44.183,185,RECV,7E000F81000632024E363035312D44435339EA
06-27-2025 03:27:44.183,186,RECV,7E000F81000733024E373035312D4D3533380D
06-27-2025 03:27:44.183,187,RECV,7E000F81000833024E383035322D4B4E4C48CA
06-27-2025 03:27:44.193,188,RECV,7E000F8100042B024E343035332D384D31331D
06-27-2025 03:27:44.214,189,RECV,7E000F81000631024E363035322D565A4B58AA
06-27-2025 03:27:44.217,190,RECV,7E000F81000733024E373035322D54595647AF
06-27-2025 03:27:44.233,191,RECV,7E000F81000833024E383035332D51443536F6
06-27-2025 03:27:44.242,192,RECV,7E000F8100042B024E343035342D363758310F
06-27-2025 03:27:44.283,193,RECV,7E000F81000631024E363035332D4E564538DB
06-27-2025 03:27:44.285,194,RECV,7E000F81000732024E373035332D47504A59BF
06-27-2025 03:27:44.285,195,RECV,7E000F81000831024E383035342D4E374D36EF
06-27-2025 03:27:44.285,196,RECV,7E000F8100042B024E343035352D51355A4CD8
06-27-2025 03:27:44.293,197,RECV,7E000F81000631024E363035342D3555383702
06-27-2025 03:27:44.293,198,RECV,7E000F81000733024E373035342D43494E44D9
06-27-2025 03:27:44.333,199,RECV,7E000F81000831024E383035352D4B415934DD
06-27-2025 03:27:44.333,200,RECV,7E000F8100042B024E343035362D4A5A4D38DA
06-27-2025 03:27:44.333,201,RECV,7E000F81000632024E363035352D50434742DD
06-27-2025 03:27:44.385,202,RECV,7E000F81000733024E373035352D42485546D1
06-27-2025 03:27:44.433,203,RECV,7E000F81000832024E383035362D55443459CE
06-27-2025 03:27:44.441,204,RECV,7E000F8100042B024E343035372D4B554C54C2
06-27-2025 03:27:44.442,205,RECV,7E000F81000632024E363035362D57445934D0
06-27-2025 03:27:44.442,206,RECV,7E000F81000733024E373035362D4237333514
06-27-2025 03:27:44.442,207,RECV,7E000F81000832024E383035372D4A554656B8
06-27-2025 03:27:44.442,208,RECV,7E000F8100042B024E343035382D47463947F4
06-27-2025 03:27:44.442,209,RECV,7E000F81000631024E363035372D30595136E8
06-27-2025 03:27:44.442,210,RECV,7E000F81000732024E373035372D5251564EAE
06-27-2025 03:27:44.442,211,RECV,7E000F81000832024E383035382D50525933C4
06-27-2025 03:27:44.442,212,RECV,7E000F8100042B024E343035392D44434338FE
06-27-2025 03:27:44.483,213,RECV,7E000F81000631024E363035382D4430343817
06-27-2025 03:27:44.484,214,RECV,7E000F81000733024E373035382D5A465547B7
06-27-2025 03:27:44.484,215,RECV,7E000F81000831024E383035392D53414E48C8
06-27-2025 03:27:44.484,216,RECV,7E000F8100042B024E343036302D54314E41F4
06-27-2025 03:27:44.504,217,RECV,7E000F81000631024E363035392D4D524152C4
06-27-2025 03:27:44.505,218,RECV,7E000F81000732024E373035392D35384C48F2
06-27-2025 03:27:44.515,219,RECV,7E000F81000832024E383036302D59574231D6
06-27-2025 03:27:44.519,220,RECV,7E000F8100042B024E343036312D4A51554DCA
06-27-2025 03:27:44.534,221,RECV,7E000F81000632024E363036302D46533053E1
06-27-2025 03:27:44.584,222,RECV,7E000F81000733024E373036302D5653484ABF
06-27-2025 03:27:44.584,223,RECV,7E000F81000832024E383036312D31414446FC
06-27-2025 03:27:44.600,224,RECV,7E000F8100042B024E343036322D35304B3521
06-27-2025 03:27:44.600,225,RECV,7E000F81000632024E363036312D53514B36D7
06-27-2025 03:27:44.600,226,RECV,7E000F81000734024E373036312D38575241D6
06-27-2025 03:27:44.600,227,RECV,7E000F81000833024E383036322D34355047F6
06-27-2025 03:27:44.600,228,RECV,7E000F8100042B024E343036332D594D3757D1
06-27-2025 03:27:44.634,229,RECV,7E000F81000632024E363036322D5A585845AC
06-27-2025 03:27:44.634,230,RECV,7E000F81000733024E373036322D5A533830E3
06-27-2025 03:27:44.634,231,RECV,7E000F81000833024E383036332D34324E51F0
06-27-2025 03:27:44.634,232,RECV,7E000F8100042B024E343036342D324E30351F
06-27-2025 03:27:44.684,233,RECV,7E000F81000632024E363036332D534F5A46B8
06-27-2025 03:27:44.684,234,RECV,7E000F81000733024E373036332D47334D43ED
06-27-2025 03:27:44.685,235,RECV,7E000F81000833024E383036342D4D475741C8
06-27-2025 03:27:44.685,236,RECV,7E000F8100042B024E343036352D31575838EB
06-27-2025 03:27:44.735,237,RECV,7E000F81000632024E363036342D545A5849AA
06-27-2025 03:27:44.755,238,RECV,7E000F8100042B024E343036362D4A35454FEF
06-27-2025 03:27:44.755,239,RECV,7E000F81000632024E363036352D374A5A58C5
06-27-2025 03:27:44.756,240,RECV,7E000F81000833024E383036362D47395848D2
06-27-2025 03:27:44.756,241,RECV,7E000F81000733024E373036352D324A4B57D7
06-27-2025 03:27:44.756,242,RECV,7E000F8100042B024E343036372D4B474456D5
06-27-2025 03:27:44.785,243,RECV,7E000F81000632024E363036362D43565853B3
06-27-2025 03:27:44.787,244,RECV,7E000F81000832024E383036372D51433341EA
06-27-2025 03:27:44.787,245,RECV,7E000F81000734024E373036362D4D364631F9
06-27-2025 03:27:44.806,246,RECV,7E000F8100042B024E343036382D4C424C45E1
06-27-2025 03:27:44.836,247,RECV,7E000F81000632024E363036372D383937321C
06-27-2025 03:27:44.836,248,RECV,7E000F81000832024E383036382D35375051E4
06-27-2025 03:27:44.836,249,RECV,7E000F81000733024E373036372D46524C45CA
06-27-2025 03:27:44.836,250,RECV,7E000F8100042B024E343036392D3948374AFD
06-27-2025 03:27:44.886,251,RECV,7E000F81000632024E363036382D325A5552C2
06-27-2025 03:27:44.892,252,RECV,7E000F81000832024E383036392D32554F42D8
06-27-2025 03:27:44.892,253,RECV,7E000F81000733024E373036382D30544B55CE
06-27-2025 03:27:44.892,254,RECV,7E000F8100042B024E343037302D52564A39DC
06-27-2025 03:27:44.936,255,RECV,7E000F81000632024E363036392D31585653C2
06-27-2025 03:27:44.936,256,RECV,7E000F81000833024E383037302D47325946DF
06-27-2025 03:27:44.936,257,RECV,7E000F81000734024E373036392D52424E31DD
06-27-2025 03:27:44.936,258,RECV,7E000F8100042B024E343037312D464F5951C7
06-27-2025 03:27:44.986,259,RECV,7E000F81000632024E363037302D344D4C37F8
06-27-2025 03:27:44.986,260,RECV,7E000F81000832024E383037312D595A454DB2
06-27-2025 03:27:44.987,261,RECV,7E000F81000733024E373037302D36555838DE
06-27-2025 03:27:44.987,262,RECV,7E000F8100042B024E343037322D4C4F5750C3
06-27-2025 03:27:44.997,263,RECV,7E000F81000632024E363037312D584E3348DA
06-27-2025 03:27:44.998,264,RECV,7E000F81000832024E383037322D42593432F5
06-27-2025 03:27:44.998,265,RECV,7E000F8100042B024E343037332D5857314CD8
06-27-2025 03:27:45.037,266,RECV,7E000F81000632024E363037322D48413158E8
06-27-2025 03:27:45.044,267,RECV,7E000F81000833024E383037332D4F4A5233D6
06-27-2025 03:27:45.086,268,RECV,7E000F8100042B024E343037342D48323159FF
06-27-2025 03:27:45.086,269,RECV,7E000F8100042B024E343037352D33595456CC
06-27-2025 03:27:45.137,270,RECV,7E000F8100042B024E343037362D43394249FA
06-27-2025 03:27:45.138,271,RECV,7E000F81000735024E373037342D4A4E4843D0
06-27-2025 03:27:45.186,272,RECV,7E000F81000834024E383037362D38444555DA
06-27-2025 03:27:45.198,273,RECV,7E000F81000634024E363037352D34593243F3
06-27-2025 03:27:45.198,274,RECV,7E000F8100042B024E343037372D4F473437FF
06-27-2025 03:27:45.198,275,RECV,7E000F81000735024E373037352D35365446ED
06-27-2025 03:27:45.199,276,RECV,7E000F81000834024E383037372D4C494436E0
06-27-2025 03:27:45.207,277,RECV,7E000F81000634024E363037362D41555944C1
06-27-2025 03:27:45.207,278,RECV,7E000F8100042C024E343037382D393741301D
06-27-2025 03:27:45.207,279,RECV,7E000F81000735024E373037362D58483458C5
06-27-2025 03:27:45.237,280,RECV,7E000F81000834024E383037382D4247454FD1
06-27-2025 03:27:45.237,281,RECV,7E000F81000635024E363037372D4F504F35CF
06-27-2025 03:27:45.247,282,RECV,7E000F8100042B024E343037392D374230460F
06-27-2025 03:27:45.248,283,RECV,7E000F81000735024E373037372D54383839F3
06-27-2025 03:27:45.287,284,RECV,7E000F81000834024E383037392D45324342F1
06-27-2025 03:27:45.289,285,RECV,7E000F81000634024E363037382D39485443DA
06-27-2025 03:27:45.289,286,RECV,7E000F8100042B024E343038302D34564854E0
06-27-2025 03:27:45.289,287,RECV,7E000F81000735024E373037382D554B4334D8
06-27-2025 03:27:45.337,288,RECV,7E000F81000833024E383038302D4E484131EE
06-27-2025 03:27:45.339,289,RECV,7E000F81000633024E363037392D3643314206
06-27-2025 03:27:45.339,290,RECV,7E000F8100042B024E343038312D33374F3517
06-27-2025 03:27:45.339,291,RECV,7E000F81000735024E373037392D384F5833DC
06-27-2025 03:27:45.387,292,RECV,7E000F81000834024E383038312D3834393619
06-27-2025 03:27:45.387,293,RECV,7E000F81000634024E363038302D4A525550B8
06-27-2025 03:27:45.387,294,RECV,7E000F8100042B024E343038322D54384739F8
06-27-2025 03:27:45.387,295,RECV,7E000F81000735024E373038302D4D4F3739EA
06-27-2025 03:27:45.437,296,RECV,7E000F81000834024E383038322D46433347F0
06-27-2025 03:27:45.437,297,RECV,7E000F81000634024E363038312D57543234E7
06-27-2025 03:27:45.438,298,RECV,7E000F8100042B024E343038332D4D453157E9
06-27-2025 03:27:45.438,299,RECV,7E000F81000735024E373038312D45384F5ACF
06-27-2025 03:27:45.438,300,RECV,7E000F81000834024E383038332D564C364FCB
06-27-2025 03:27:45.438,301,RECV,7E000F81000633024E363038322D37585A49C6
06-27-2025 03:27:45.439,302,RECV,7E000F8100042B024E343038342D58503744DF
06-27-2025 03:27:45.459,303,RECV,7E000F81000735024E373038322D53534C4CB6
06-27-2025 03:27:45.496,304,RECV,7E000F81000834024E383038342D4C4E5231D4
06-27-2025 03:27:45.496,305,RECV,7E000F81000634024E363038332D3139533603
06-27-2025 03:27:45.496,306,RECV,7E000F8100042B024E343038352D344D3752F7
06-27-2025 03:27:45.496,307,RECV,7E000F81000735024E373038332D50593044D6
06-27-2025 03:27:45.537,308,RECV,7E000F81000834024E383038352D32583935F8
06-27-2025 03:27:45.538,309,RECV,7E000F81000634024E363038342D34545A30E3
06-27-2025 03:27:45.538,310,RECV,7E000F8100042B024E343038362D36555456CB
06-27-2025 03:27:45.538,311,RECV,7E000F81000736024E373038342D364D3049F5
06-27-2025 03:27:45.587,312,RECV,7E000F81000834024E383038362D364F4745DE
06-27-2025 03:27:45.588,313,RECV,7E000F81000634024E363038352D5A394E4CC7
06-27-2025 03:27:45.588,314,RECV,7E000F8100042B024E343038372D45525732DF
06-27-2025 03:27:45.588,315,RECV,7E000F81000735024E373038352D4B444754C7
06-27-2025 03:27:45.588,316,RECV,7E000F81000835024E383038372D4C45464FC7
06-27-2025 03:27:45.638,317,RECV,7E000F81000634024E363038362D4B315759C7
06-27-2025 03:27:45.658,318,RECV,7E000F8100042B024E343038382D50394C42E7
06-27-2025 03:27:45.667,319,RECV,7E000F81000735024E373038362D37504E59C2
06-27-2025 03:27:45.667,320,RECV,7E000F81000834024E383038382D53505934BD
06-27-2025 03:27:45.688,321,RECV,7E000F81000634024E363038372D56334552D2
06-27-2025 03:27:45.688,322,RECV,7E000F8100042E024E343038392D32334458F9
06-27-2025 03:27:45.688,323,RECV,7E000F81000735024E373038372D5136574BC6
06-27-2025 03:27:45.688,324,RECV,7E000F81000834024E383038392D3159334BE4
06-27-2025 03:27:45.688,325,RECV,7E000F81000634024E363038382D4B56564DAD
06-27-2025 03:27:45.698,326,RECV,7E000F8100042E024E343039302D55553752CF
06-27-2025 03:27:45.698,327,RECV,7E000F81000735024E373038382D38424439F7
06-27-2025 03:27:45.738,328,RECV,7E000F81000834024E383039302D49524654BF
06-27-2025 03:27:45.742,329,RECV,7E000F81000634024E363038392D4A414238EB
06-27-2025 03:27:45.743,330,RECV,7E000F8100042E024E343039312D30365851F2
06-27-2025 03:27:45.788,331,RECV,7E000F81000736024E373038392D4E535043B8
06-27-2025 03:27:45.801,332,RECV,7E000F81000834024E383039312D41425545D6
06-27-2025 03:27:45.801,333,RECV,7E000F81000634024E363039302D51315A5AC2
06-27-2025 03:27:45.801,334,RECV,7E000F8100042B024E343039322D45354843FE
06-27-2025 03:27:45.801,335,RECV,7E000F81000734024E373039302D4D304746EC
06-27-2025 03:27:45.838,336,RECV,7E000F81000834024E383039322D31464143F7
06-27-2025 03:27:45.838,337,RECV,7E000F8100042A024E343039332D304B434AFB
06-27-2025 03:27:45.839,338,RECV,7E000F81000730024E373039312D4631493801
06-27-2025 03:27:45.839,339,RECV,7E000F81000834024E383039332D44514157C4
06-27-2025 03:27:45.859,340,RECV,7E000F8100042B024E343039342D4C4C4146E2
06-27-2025 03:27:45.879,341,RECV,7E000F81000733024E373039322D4B345631EF
06-27-2025 03:27:45.880,342,RECV,7E000F81000834024E383039342D4D464650C7
06-27-2025 03:27:45.888,343,RECV,7E000F8100042B024E343039352D53443051E8
06-27-2025 03:27:45.909,344,RECV,7E000F81000634024E363039332D57345157C2
06-27-2025 03:27:45.909,345,RECV,7E000F81000736024E373039332D37353656F9
06-27-2025 03:27:45.919,346,RECV,7E000F81000834024E383039352D4A463736F2
06-27-2025 03:27:45.966,347,RECV,7E000F8100042B024E343039362D5141554ACE
06-27-2025 03:27:45.973,348,RECV,7E000F81000634024E363039342D45515148C5
06-27-2025 03:27:45.989,349,RECV,7E000F81000736024E373039342D464C4547D2
06-27-2025 03:27:45.989,350,RECV,7E000F81000834024E383039362D37523749E5
06-27-2025 03:27:45.989,351,RECV,7E000F8100042B024E343039372D364144350E
06-27-2025 03:27:45.989,352,RECV,7E000F81000634024E363039352D58595A5197
06-27-2025 03:27:45.989,353,RECV,7E000F81000730024E373039352D52375553C4
06-27-2025 03:27:45.999,354,RECV,7E000F81000833024E383039372D414D474BCE
06-27-2025 03:27:46.039,355,RECV,7E000F8100042B024E343039382D35555341DF
06-27-2025 03:27:46.039,356,RECV,7E000F81000634024E363039362D42305744E5
06-27-2025 03:27:46.039,357,RECV,7E000F81000730024E373039362D57443043E6
06-27-2025 03:27:46.039,358,RECV,7E000F81000834024E383039382D54594243BA
06-27-2025 03:27:46.089,359,RECV,7E000F8100042B024E343039392D4A4D3958D4
06-27-2025 03:27:46.096,360,RECV,7E000F81000632024E363039372D5A5A3343C9
06-27-2025 03:27:46.096,361,RECV,7E000F81000731024E373039372D4D435156BB
06-27-2025 03:27:46.096,362,RECV,7E000F81000831024E383039392D5A50304BC9
06-27-2025 03:27:46.139,363,RECV,7E000F81000631024E363039382D3133303926
06-27-2025 03:27:46.139,364,RECV,7E000F81000730024E373039382D39504141E7
06-27-2025 03:27:46.189,365,RECV,7E000F81000736024E373039392D3143314303
