timestamp,node,frame_index,payload
2025-07-05 01:19:43.534,N2,0,N2000-9O3Q
2025-07-05 01:19:43.540,N2,1,N2001-WMG0
2025-07-05 01:19:43.546,N2,2,N2002-X30K
2025-07-05 01:19:43.551,N2,3,N2003-J14T
2025-07-05 01:19:43.558,N2,4,N2004-05F2
2025-07-05 01:19:43.566,N2,5,N2005-CCB9
2025-07-05 01:19:43.573,N2,6,N2006-RJYV
2025-07-05 01:19:43.579,N2,7,N2007-ON7D
2025-07-05 01:19:43.585,N2,8,N2008-ZYAK
2025-07-05 01:19:43.591,N2,9,N2009-XSXM
2025-07-05 01:19:43.597,N2,10,N2010-COQI
2025-07-05 01:19:43.603,N2,11,N2011-0LTF
2025-07-05 01:19:43.609,N2,12,N2012-3TZP
2025-07-05 01:19:43.615,N2,13,N2013-U9V1
2025-07-05 01:19:43.621,N2,14,N2014-WL2A
2025-07-05 01:19:43.628,N2,15,N2015-WP0X
2025-07-05 01:19:43.634,N2,16,N2016-S9O5
2025-07-05 01:19:43.640,N2,17,N2017-DMTO
2025-07-05 01:19:43.645,N2,18,N2018-4W2Q
2025-07-05 01:19:43.651,N2,19,N2019-9DMK
2025-07-05 01:19:43.659,N2,20,N2020-74BI
2025-07-05 01:19:43.665,N2,21,N2021-5D7E
2025-07-05 01:19:43.672,N2,22,N2022-2P9T
2025-07-05 01:19:43.678,N2,23,N2023-VOO5
2025-07-05 01:19:43.685,N2,24,N2024-ZN0T
2025-07-05 01:19:43.692,N2,25,N2025-L1JQ
2025-07-05 01:19:43.698,N2,26,N2026-7RGX
2025-07-05 01:19:43.704,N2,27,N2027-6W45
2025-07-05 01:19:43.710,N2,28,N2028-Z8L1
2025-07-05 01:19:43.716,N2,29,N2029-B6UZ
2025-07-05 01:19:43.723,N2,30,N2030-4SZJ
2025-07-05 01:19:43.729,N2,31,N2031-QC1Z
2025-07-05 01:19:43.735,N2,32,N2032-K233
2025-07-05 01:19:43.741,N2,33,N2033-PFJM
2025-07-05 01:19:43.746,N2,34,N2034-3M9L
2025-07-05 01:19:43.752,N2,35,N2035-CXCS
2025-07-05 01:19:43.758,N2,36,N2036-H809
2025-07-05 01:19:43.766,N2,37,N2037-YF60
2025-07-05 01:19:43.773,N2,38,N2038-CQO3
2025-07-05 01:19:43.779,N2,39,N2039-3L9H
2025-07-05 01:19:43.785,N2,40,N2040-P17X
2025-07-05 01:19:43.791,N2,41,N2041-1WX6
2025-07-05 01:19:43.799,N2,42,N2042-79HN
2025-07-05 01:19:43.805,N2,43,N2043-LW6S
2025-07-05 01:19:43.811,N2,44,N2044-A0UE
2025-07-05 01:19:43.816,N2,45,N2045-32KX
2025-07-05 01:19:43.822,N2,46,N2046-TOGS
2025-07-05 01:19:43.831,N2,47,N2047-ZQE0
2025-07-05 01:19:43.838,N2,48,N2048-OBFE
2025-07-05 01:19:43.843,N2,49,N2049-QRJZ
2025-07-05 01:19:43.851,N2,50,N2050-AITM
2025-07-05 01:19:43.857,N2,51,N2051-A5PV
2025-07-05 01:19:43.863,N2,52,N2052-V39N
2025-07-05 01:19:43.869,N2,53,N2053-LPJA
2025-07-05 01:19:43.874,N2,54,N2054-ZZ90
2025-07-05 01:19:43.881,N2,55,N2055-C9H7
2025-07-05 01:19:43.887,N2,56,N2056-EK0Q
2025-07-05 01:19:43.896,N2,57,N2057-KKOA
2025-07-05 01:19:43.902,N2,58,N2058-0KSZ
2025-07-05 01:19:43.909,N2,59,N2059-6IW9
2025-07-05 01:19:43.916,N2,60,N2060-LNA1
2025-07-05 01:19:43.922,N2,61,N2061-6DUI
2025-07-05 01:19:43.928,N2,62,N2062-BHII
2025-07-05 01:19:43.934,N2,63,N2063-BVHP
2025-07-05 01:19:43.940,N2,64,N2064-6K88
2025-07-05 01:19:43.949,N2,65,N2065-S91C
2025-07-05 01:19:43.955,N2,66,N2066-S4Z2
2025-07-05 01:19:43.963,N2,67,N2067-5G0R
2025-07-05 01:19:43.969,N2,68,N2068-EBSV
2025-07-05 01:19:43.975,N2,69,N2069-CP26
2025-07-05 01:19:43.981,N2,70,N2070-YZ32
2025-07-05 01:19:43.987,N2,71,N2071-50YS
2025-07-05 01:19:43.993,N2,72,N2072-O6H2
2025-07-05 01:19:43.999,N2,73,N2073-2U9Q
2025-07-05 01:19:44.006,N2,74,N2074-RUW9
2025-07-05 01:19:44.014,N2,75,N2075-LIYS
2025-07-05 01:19:44.021,N2,76,N2076-AHHY
2025-07-05 01:19:44.027,N2,77,N2077-BFUG
2025-07-05 01:19:44.033,N2,78,N2078-X1SH
2025-07-05 01:19:44.039,N2,79,N2079-VJPV
2025-07-05 01:19:44.045,N2,80,N2080-T6CZ
2025-07-05 01:19:44.051,N2,81,N2081-OTJ5
2025-07-05 01:19:44.057,N2,82,N2082-5XSO
2025-07-05 01:19:44.063,N2,83,N2083-JFBL
2025-07-05 01:19:44.072,N2,84,N2084-GQMU
2025-07-05 01:19:44.079,N2,85,N2085-EU6N
2025-07-05 01:19:44.086,N2,86,N2086-T1FR
2025-07-05 01:19:44.093,N2,87,N2087-02YP
2025-07-05 01:19:44.099,N2,88,N2088-DVCP
2025-07-05 01:19:44.105,N2,89,N2089-C5G8
2025-07-05 01:19:44.111,N2,90,N2090-FI2I
2025-07-05 01:19:44.119,N2,91,N2091-JUU7
2025-07-05 01:19:44.126,N2,92,N2092-0K61
2025-07-05 01:19:44.135,N2,93,N2093-9730
2025-07-05 01:19:44.141,N2,94,N2094-HLCZ
2025-07-05 01:19:44.147,N2,95,N2095-1FOH
2025-07-05 01:19:44.153,N2,96,N2096-67LY
2025-07-05 01:19:44.159,N2,97,N2097-OTQR
2025-07-05 01:19:44.165,N2,98,N2098-RL9T
2025-07-05 01:19:44.173,N2,99,N2099-0S7S
