05-26-2025 15:48:33.091,-,API2,"Sink 2,0013A20041839DCA,802.15.4 TH,2003,/dev/ttyUSB2 - 57600/8/M/1/N,1,46"

05-26-2025 15:46:33.518,0,RECV,7E000F81000023024E343030302D4B4D5748E3
05-26-2025 15:46:33.521,1,RECV,7E000F8100001B024E333030302D514C4A4DEF
05-26-2025 15:46:33.632,2,RECV,7E000F81000023024E343030312D55395554E2
05-26-2025 15:46:33.655,3,RECV,7E000F8100001B024E333030312D43484E4CFD
05-26-2025 15:46:33.655,4,RECV,7E000F81000037024E383030322D544C5245C9
05-26-2025 15:46:33.655,5,RECV,7E000F81000023024E343030322D534D4350E5
05-26-2025 15:46:33.655,6,RECV,7E000F81000040024E373030322D4D5A3547D5
05-26-2025 15:46:33.655,7,RECV,7E000F8100001C024E333030322D4550333820
05-26-2025 15:46:33.655,8,RECV,7E007D3381000023000CFFFFFFFFFFFFFFFF0000005348BC
05-26-2025 15:46:33.656,9,RECV,7E000F81000037024E383030332D394B484DE6
05-26-2025 15:46:33.656,10,RECV,7E000F81000023024E343030332D32304D3236
05-26-2025 15:46:33.656,11,RECV,7E000F81000041024E373030332D4D545933C9
05-26-2025 15:46:33.656,12,RECV,7E000F8100001C024E333030332D383939393C
05-26-2025 15:46:33.656,13,RECV,7E007D3381000037000DFFFFFFFFFFFFFFFF0000005348A7
05-26-2025 15:46:33.656,14,RECV,7E000F81000023024E343030342D344B374F7D31
05-26-2025 15:46:33.656,15,RECV,7E000F81000037024E383030342D57385041DE
05-26-2025 15:46:33.656,16,RECV,7E000F8100001C024E333030342D4933325818
05-26-2025 15:46:33.656,17,RECV,7E000F81000038024E383030352D54395A53C2
05-26-2025 15:46:33.656,18,RECV,7E000F81000023024E343030352D56435759CC
05-26-2025 15:46:33.656,19,RECV,7E000F81000041024E373030352D394A4C39EC
05-26-2025 15:46:33.656,20,RECV,7E000F8100001C024E333030352D314D4F321E
05-26-2025 15:46:33.656,21,RECV,7E000F81000037024E383030362D51434250D6
05-26-2025 15:46:33.656,22,RECV,7E000F81000023024E343030362D483443480D
05-26-2025 15:46:33.656,23,RECV,7E007D338100001C000FFFFFFFFFFFFFFFFF0000005348C0
05-26-2025 15:46:33.656,24,RECV,7E000F81000041024E373030362D4A395A38DE
05-26-2025 15:46:33.656,25,RECV,7E000F8100001C024E333030362D494C464AF7
05-26-2025 15:46:33.656,26,RECV,7E000F81000023024E343030372D54585133E3
05-26-2025 15:46:33.725,27,RECV,7E000F81000041024E373030372D54585934B9
05-26-2025 15:46:33.726,28,RECV,7E000F8100001C024E333030372D5A54425AD1
05-26-2025 15:46:33.727,29,RECV,7E000F81000024024E343030382D50383458FD
05-26-2025 15:46:33.727,30,RECV,7E000F81000041024E373030382D32413156F7
05-26-2025 15:46:33.727,31,RECV,7E000F8100001B024E333030382D4A52453109
05-26-2025 15:46:33.727,32,RECV,7E000F81000041024E373030392D3536433210
05-26-2025 15:46:33.732,33,RECV,7E000F81000037024E383031302D4D394E35F8
05-26-2025 15:46:33.732,34,RECV,7E000F8100001B024E333030392D42424958F5
05-26-2025 15:46:33.733,35,RECV,7E000F81000041024E373031302D4C32494BE6
05-26-2025 15:46:33.733,36,RECV,7E000F81000037024E383031312D4D454647E1
05-26-2025 15:46:33.733,37,RECV,7E000F81000023024E343031312D5734323229
05-26-2025 15:46:33.733,38,RECV,7E000F8100001C024E333031302D5952334CF7
05-26-2025 15:46:33.733,39,RECV,7E000F81000041024E373031312D56573846CC
05-26-2025 15:46:33.733,40,RECV,7E000F81000037024E383031322D3632435004
05-26-2025 15:46:33.733,41,RECV,7E000F81000024024E343031322D3939334928
05-26-2025 15:46:33.734,42,RECV,7E000F8100001C024E333031312D4C544147F8
05-26-2025 15:46:33.734,43,RECV,7E000F81000041024E373031322D4E4C3136F5
05-26-2025 15:46:33.734,44,RECV,7E000F81000037024E383031332D49464C54CF
05-26-2025 15:46:33.734,45,RECV,7E000F81000023024E343031332D435144310D
05-26-2025 15:46:33.734,46,RECV,7E000F8100001C024E333031322D344B4E470B
05-26-2025 15:46:33.734,47,RECV,7E000F81000041024E373031332D41563139F4
05-26-2025 15:46:33.735,48,RECV,7E000F81000037024E383031342D4F59464FC0
05-26-2025 15:46:33.735,49,RECV,7E000F81000023024E343031342D55444A47EB
05-26-2025 15:46:33.736,50,RECV,7E000F8100001C024E333031332D3936524419
05-26-2025 15:46:33.736,51,RECV,7E000F81000040024E373031342D57324541E6
05-26-2025 15:46:33.736,52,RECV,7E000F81000038024E383031352D30584836F5
05-26-2025 15:46:33.826,53,RECV,7E000F81000024024E343031352D4743364D06
05-26-2025 15:46:33.910,54,RECV,7E000F8100001C024E333031342D5254564DD4
05-26-2025 15:46:33.910,55,RECV,7E000F81000040024E373031352D56374C54C7
05-26-2025 15:46:33.910,56,RECV,7E000F81000038024E383031362D524D484FC4
05-26-2025 15:46:33.910,57,RECV,7E000F81000024024E343031362D314F35332A
05-26-2025 15:46:33.910,58,RECV,7E000F8100001C024E333031352D424D39381C
05-26-2025 15:46:33.910,59,RECV,7E000F81000041024E373031362D42544442D6
05-26-2025 15:46:33.911,60,RECV,7E000F81000038024E383031372D55463643E5
05-26-2025 15:46:33.911,61,RECV,7E000F81000023024E343031372D4F41584EDC
05-26-2025 15:46:33.911,62,RECV,7E000F8100001C024E333031362D595232330B
05-26-2025 15:46:33.911,63,RECV,7E000F81000041024E373031372D4E503434EB
05-26-2025 15:46:33.911,64,RECV,7E000F81000038024E383031382D44565142CB
05-26-2025 15:46:33.911,65,RECV,7E000F81000023024E343031382D52334A4200
05-26-2025 15:46:33.911,66,RECV,7E000F8100001B024E333031372D5042313127
05-26-2025 15:46:33.911,67,RECV,7E000F81000038024E383031392D3931504EEF
05-26-2025 15:46:33.911,68,RECV,7E000F81000024024E343031392D30485951ED
05-26-2025 15:46:33.911,69,RECV,7E000F8100001C024E333031382D393645382D
05-26-2025 15:46:33.911,70,RECV,7E000F81000038024E383032302D363345430E
05-26-2025 15:46:33.911,71,RECV,7E000F81000023024E343032302D36525A4EE8
05-26-2025 15:46:33.911,72,RECV,7E000F8100001C024E333031392D41553953F6
05-26-2025 15:46:33.911,73,RECV,7E000F81000038024E383032312D3038383628
05-26-2025 15:46:33.911,74,RECV,7E000F81000024024E343032312D474A4559E7
05-26-2025 15:46:33.911,75,RECV,7E000F8100001B024E333032302D37434C4912
05-26-2025 15:46:33.911,76,RECV,7E000F81000024024E343032322D545A3048EF
05-26-2025 15:46:33.911,77,RECV,7E000F8100001C024E333032312D5A334452FC
05-26-2025 15:46:33.911,78,RECV,7E000F81000024024E343032332D4E4E4439FB
05-26-2025 15:46:33.911,79,RECV,7E000F81000038024E383032342D59355932E2
05-26-2025 15:46:33.919,80,RECV,7E000F8100001B024E333032322D375235550C
05-26-2025 15:46:33.919,81,RECV,7E000F81000024024E343032342D45563856EA
05-26-2025 15:46:33.919,82,RECV,7E000F81000038024E383032352D43324E48EF
05-26-2025 15:46:33.919,83,RECV,7E000F8100001C024E333032332D4E4A5156DE
05-26-2025 15:46:33.919,84,RECV,7E000F81000024024E343032352D4147504DED
05-26-2025 15:46:33.920,85,RECV,7E000F81000038024E383032362D4D45334FE5
05-26-2025 15:46:33.920,86,RECV,7E000F8100001B024E333032342D324844411E
05-26-2025 15:46:33.921,87,RECV,7E000F81000024024E343032362D4C47344FFB
05-26-2025 15:46:33.927,88,RECV,7E000F81000038024E383032372D345A5238E0
05-26-2025 15:46:33.927,89,RECV,7E000F8100001B024E333032352D354730511F
05-26-2025 15:46:33.927,90,RECV,7E000F81000024024E343032372D4D47463600
05-26-2025 15:46:33.928,91,RECV,7E000F81000038024E383032382D51423359D8
05-26-2025 15:46:33.990,92,RECV,7E000F8100001B024E333032362D4B3537382C
05-26-2025 15:46:33.990,93,RECV,7E000F81000023024E343032382D56473649F4
05-26-2025 15:46:33.991,94,RECV,7E000F81000038024E383032392D31453258F6
05-26-2025 15:46:33.991,95,RECV,7E000F8100001C024E333032372D4C4B5946E3
05-26-2025 15:46:33.991,96,RECV,7E000F81000038024E383033302D32544931FE
05-26-2025 15:46:33.991,97,RECV,7E000F81000023024E343032392D544A474DDD
05-26-2025 15:46:33.991,98,RECV,7E000F81000041024E373032392D544C4D4CB5
05-26-2025 15:46:33.991,99,RECV,7E000F8100001C024E333032382D354B395708
05-26-2025 15:46:33.991,100,RECV,7E000F81000038024E383033312D4E4D4553CA
05-26-2025 15:46:33.991,101,RECV,7E000F81000023024E343033302D46554552E5
05-26-2025 15:46:33.991,102,RECV,7E000F81000041024E373033302D52554839CE
05-26-2025 15:46:33.991,103,RECV,7E000F8100001C024E333032392D4131583617
05-26-2025 15:46:33.991,104,RECV,7E000F81000038024E383033322D43564A5ABF
05-26-2025 15:46:33.991,105,RECV,7E000F81000040024E373033312D4C535149BD
05-26-2025 15:46:34.011,106,RECV,7E000F8100001B024E333033302D58485A49DD
05-26-2025 15:46:34.011,107,RECV,7E000F81000038024E383033332D4E353759E8
05-26-2025 15:46:34.011,108,RECV,7E000F81000041024E373033322D49563753CB
05-26-2025 15:46:34.012,109,RECV,7E000F8100001C024E333033312D3241344A2D
05-26-2025 15:46:34.012,110,RECV,7E000F81000038024E383033342D4E514F35D7
05-26-2025 15:46:34.012,111,RECV,7E000F81000041024E373033332D424C534CC6
05-26-2025 15:46:34.012,112,RECV,7E000F8100001B024E333033322D533631372D
05-26-2025 15:46:34.012,113,RECV,7E000F81000038024E383033352D3638334315
05-26-2025 15:46:34.012,114,RECV,7E000F81000041024E373033342D31345044F9
05-26-2025 15:46:34.012,115,RECV,7E000F8100001C024E333033332D50503957EC
05-26-2025 15:46:34.012,116,RECV,7E000F81000038024E383033362D4E414441E4
05-26-2025 15:46:34.012,117,RECV,7E000F81000041024E373033352D30344648FF
05-26-2025 15:46:34.012,118,RECV,7E000F81000023024E343033352D45394C56F2
05-26-2025 15:46:34.012,119,RECV,7E000F8100001B024E333033342D43444957F5
05-26-2025 15:46:34.012,120,RECV,7E000F81000041024E373033362D44483351E0
05-26-2025 15:46:34.012,121,RECV,7E000F81000023024E343033362D59564E37DD
05-26-2025 15:46:34.012,122,RECV,7E000F8100001C024E333033352D313336433D
05-26-2025 15:46:34.012,123,RECV,7E000F81000041024E373033372D41345337F0
05-26-2025 15:46:34.012,124,RECV,7E000F81000023024E343033372D43315652F4
05-26-2025 15:46:34.012,125,RECV,7E000F81000037024E383033392D38394553ED
05-26-2025 15:46:34.012,126,RECV,7E000F8100001C024E333033362D31415954FA
05-26-2025 15:46:34.012,127,RECV,7E000F81000041024E373033382D494D3458CC
05-26-2025 15:46:34.013,128,RECV,7E000F81000023024E343033382D55564351D0
05-26-2025 15:46:34.013,129,RECV,7E000F81000037024E383034302D48334956E4
05-26-2025 15:46:34.013,130,RECV,7E000F8100001C024E333033372D46473459FE
05-26-2025 15:46:34.013,131,RECV,7E000F81000023024E343033392D54493759E1
05-26-2025 15:46:34.104,132,RECV,7E000F81000037024E383034312D564D5738CB
05-26-2025 15:46:34.144,133,RECV,7E000F8100001C024E333033382D4250305005
05-26-2025 15:46:34.144,134,RECV,7E000F81000041024E373034302D56354636EE
05-26-2025 15:46:34.144,135,RECV,7E000F81000023024E343034302D3833505407
05-26-2025 15:46:34.144,136,RECV,7E000F8100001C024E333033392D4636465AFA
05-26-2025 15:46:34.145,137,RECV,7E000F81000040024E373034312D59455736CA
05-26-2025 15:46:34.145,138,RECV,7E000F81000023024E343034312D424342311D
05-26-2025 15:46:34.145,139,RECV,7E000F8100001C024E333034302D43435157F0
05-26-2025 15:46:34.145,140,RECV,7E000F81000041024E373034322D4843584DC3
05-26-2025 15:46:34.145,141,RECV,7E000F81000023024E343034322D5343494CE9
05-26-2025 15:46:34.145,142,RECV,7E000F8100001C024E333034312D314A51371A
05-26-2025 15:46:34.145,143,RECV,7E000F81000023024E343034332D355A39410A
05-26-2025 15:46:34.145,144,RECV,7E000F8100001C024E333034322D44514F3503
05-26-2025 15:46:34.145,145,RECV,7E000F81000023024E343034342D474F5059D3
05-26-2025 15:46:34.145,146,RECV,7E000F8100001C024E333034332D5133424510
05-26-2025 15:46:34.145,147,RECV,7E000F81000037024E383034372D57495339CB
05-26-2025 15:46:34.145,148,RECV,7E000F81000023024E343034352D41523053FB
05-26-2025 15:46:34.145,149,RECV,7E000F8100001C024E333034342D47485736FE
05-26-2025 15:46:34.145,150,RECV,7E000F81000037024E383034382D38463745FC
05-26-2025 15:46:34.145,151,RECV,7E000F81000041024E373034362D41384854DA
05-26-2025 15:46:34.145,152,RECV,7E000F81000023024E343034362D49535A36E4
05-26-2025 15:46:34.145,153,RECV,7E000F8100001B024E333034352D5041534BEB
05-26-2025 15:46:34.145,154,RECV,7E000F81000037024E383034392D3841323317
05-26-2025 15:46:34.145,155,RECV,7E000F81000041024E373034372D364E4152D7
05-26-2025 15:46:34.145,156,RECV,7E000F81000023024E343034372D433636540C
05-26-2025 15:46:34.145,157,RECV,7E000F8100001C024E333034362D53425936F4
05-26-2025 15:46:34.196,158,RECV,7E000F81000041024E373034382D53594D4EA6
05-26-2025 15:46:34.199,159,RECV,7E000F81000023024E343034382D3834455508
05-26-2025 15:46:34.199,160,RECV,7E000F8100001C024E333034372D4749333222
05-26-2025 15:46:34.199,161,RECV,7E000F81000041024E373034392D4A334848DF
05-26-2025 15:46:34.199,162,RECV,7E000F81000023024E343034392D3349354D0F
05-26-2025 15:46:34.199,163,RECV,7E000F81000037024E383035322D4F33504DDC
05-26-2025 15:46:34.199,164,RECV,7E000F8100001C024E333034382D3738524B0A
05-26-2025 15:46:34.199,165,RECV,7E000F81000041024E373035302D4A425448CC
05-26-2025 15:46:34.200,166,RECV,7E000F81000023024E343035302D5A34525ADB
05-26-2025 15:46:34.200,167,RECV,7E000F81000037024E383035332D4B534356C3
05-26-2025 15:46:34.200,168,RECV,7E000F8100001B024E333034392D5A50344EEA
05-26-2025 15:46:34.200,169,RECV,7E000F81000041024E373035312D4C414530F1
05-26-2025 15:46:34.200,170,RECV,7E000F81000023024E343035312D4A52564AD8
05-26-2025 15:46:34.200,171,RECV,7E000F81000036024E383035342D494F454AD3
05-26-2025 15:46:34.200,172,RECV,7E000F8100001C024E333035302D3541503126
05-26-2025 15:46:34.200,173,RECV,7E000F81000041024E373035322D4C4D5A34CB
05-26-2025 15:46:34.200,174,RECV,7E000F81000023024E343035322D454B5249E8
05-26-2025 15:46:34.200,175,RECV,7E000F81000037024E383035352D54584832D2
05-26-2025 15:46:34.200,176,RECV,7E000F8100001C024E333035312D4249334A14
05-26-2025 15:46:34.200,177,RECV,7E000F81000040024E373035332D39433052F4
05-26-2025 15:46:34.200,178,RECV,7E000F81000023024E343035332D4430473225
05-26-2025 15:46:34.200,179,RECV,7E000F81000037024E383035362D49554148D0
05-26-2025 15:46:34.200,180,RECV,7E000F8100001C024E333035322D38544258F5
05-26-2025 15:46:34.200,181,RECV,7E000F81000023024E343035342D55474857D6
05-26-2025 15:46:34.200,182,RECV,7E000F81000037024E383035372D3743374FF6
05-26-2025 15:46:34.200,183,RECV,7E000F8100001B024E333035332D51414F41F9
05-26-2025 15:46:34.289,184,RECV,7E000F81000024024E343035352D53335651E2
05-26-2025 15:46:34.289,185,RECV,7E000F81000037024E383035382D4745303405
05-26-2025 15:46:34.289,186,RECV,7E000F8100001B024E333035342D594E5950CA
05-26-2025 15:46:34.289,187,RECV,7E000F81000023024E343035362D59555952B6
05-26-2025 15:46:34.289,188,RECV,7E000F81000037024E383035392D31485758CC
05-26-2025 15:46:34.290,189,RECV,7E000F8100001C024E333035352D52455045EC
05-26-2025 15:46:34.290,190,RECV,7E000F81000024024E343035372D46585154CA
05-26-2025 15:46:34.290,191,RECV,7E000F8100001C024E333035362D52315742FB
05-26-2025 15:46:34.290,192,RECV,7E000F81000024024E343035382D53514941DE
05-26-2025 15:46:34.290,193,RECV,7E000F81000037024E383036312D33565430EE
05-26-2025 15:46:34.290,194,RECV,7E000F81000040024E373035392D5331584CC4
05-26-2025 15:46:34.290,195,RECV,7E000F8100001C024E333035372D474A305005
05-26-2025 15:46:34.290,196,RECV,7E000F81000023024E343035392D363648391F
05-26-2025 15:46:34.290,197,RECV,7E000F81000037024E383036322D31564C45E2
05-26-2025 15:46:34.290,198,RECV,7E000F81000040024E373036302D5A395347C7
05-26-2025 15:46:34.290,199,RECV,7E000F8100001C024E333035382D5343324FFE
05-26-2025 15:46:34.290,200,RECV,7E000F81000024024E343036302D41374E301D
05-26-2025 15:46:34.290,201,RECV,7E000F81000037024E383036332D51493342EA
05-26-2025 15:46:34.290,202,RECV,7E000F81000040024E373036312D41474654D1
05-26-2025 15:46:34.290,203,RECV,7E000F8100001B024E333035392D5A424536FE
05-26-2025 15:46:34.290,204,RECV,7E000F81000040024E373036322D53535943B0
05-26-2025 15:46:34.290,205,RECV,7E000F8100001B024E333036302D43525138FF
05-26-2025 15:46:34.290,206,RECV,7E000F81000040024E373036332D52554E55A7
05-26-2025 15:46:34.290,207,RECV,7E000F8100001C024E333036312D3839594B06
05-26-2025 15:46:34.290,208,RECV,7E000F81000041024E373036342D4C563856BF
05-26-2025 15:46:34.290,209,RECV,7E000F81000024024E343036342D4E484A45EA
05-26-2025 15:46:34.392,210,RECV,7E000F8100001C024E333036322D4B494147FE
05-26-2025 15:46:34.393,211,RECV,7E000F81000024024E343036352D345A5854D4
05-26-2025 15:46:34.393,212,RECV,7E000F8100001B024E333036332D384F573903
05-26-2025 15:46:34.393,213,RECV,7E000F81000024024E343036362D42515957CA
05-26-2025 15:46:34.393,214,RECV,7E000F8100001B024E333036342D56305859E2
05-26-2025 15:46:34.393,215,RECV,7E000F81000037024E383037302D504E4E4DC2
05-26-2025 15:46:34.393,216,RECV,7E000F81000023024E343036372D354556310C
05-26-2025 15:46:34.393,217,RECV,7E000F8100001C024E333036352D5037563307
05-26-2025 15:46:34.393,218,RECV,7E000F81000037024E383037312D54593157C5
05-26-2025 15:46:34.393,219,RECV,7E000F81000023024E343036382D5A484F4FCC
05-26-2025 15:46:34.393,220,RECV,7E000F8100001B024E333036362D33584555F2
05-26-2025 15:46:34.393,221,RECV,7E000F81000037024E383037322D32484B45EF
05-26-2025 15:46:34.393,222,RECV,7E000F81000024024E343036392D48474952E0
05-26-2025 15:46:34.394,223,RECV,7E000F8100001B024E333036372D3458444FF7
05-26-2025 15:46:34.394,224,RECV,7E000F81000037024E383037332D52344B4CDB
05-26-2025 15:46:34.394,225,RECV,7E000F81000024024E343037302D4E485251D9
05-26-2025 15:46:34.394,226,RECV,7E000F8100001C024E333036382D3556314C0C
05-26-2025 15:46:34.394,227,RECV,7E000F81000037024E383037342D48465634DF
05-26-2025 15:46:34.394,228,RECV,7E000F81000023024E343037312D573337341D
05-26-2025 15:46:34.395,229,RECV,7E000F8100001B024E333036392D4B535435ED
05-26-2025 15:46:34.395,230,RECV,7E000F81000037024E383037352D4F32393903
05-26-2025 15:46:34.395,231,RECV,7E000F81000024024E343037322D344D30530C
05-26-2025 15:46:34.395,232,RECV,7E000F81000040024E373037322D34334C46F8
05-26-2025 15:46:34.395,233,RECV,7E000F8100001B024E333037302D47364B480C
05-26-2025 15:46:34.395,234,RECV,7E000F81000037024E383037362D5A585A47A2
05-26-2025 15:46:34.395,235,RECV,7E000F81000024024E343037332D4F3134312A
05-26-2025 15:46:34.484,236,RECV,7E000F81000040024E373037332D4E44374BDC
05-26-2025 15:46:34.484,237,RECV,7E000F8100001C024E333037312D58454543F5
05-26-2025 15:46:34.484,238,RECV,7E000F81000037024E383037372D50555A30C5
05-26-2025 15:46:34.485,239,RECV,7E000F81000024024E343037342D4A3150307D33
05-26-2025 15:46:34.485,240,RECV,7E000F81000040024E373037342D343741390A
05-26-2025 15:46:34.485,241,RECV,7E000F8100001B024E333037322D3957454EF7
05-26-2025 15:46:34.485,242,RECV,7E000F81000037024E383037382D3356584EC4
05-26-2025 15:46:34.485,243,RECV,7E000F81000023024E343037352D53513249EF
05-26-2025 15:46:34.485,244,RECV,7E000F81000040024E373037352D304E4850D8
05-26-2025 15:46:34.485,245,RECV,7E000F8100001B024E333037332D485A4A31FC
05-26-2025 15:46:34.485,246,RECV,7E000F81000023024E343037362D373352361B
05-26-2025 15:46:34.513,247,RECV,7E000F81000040024E373037362D59444A52B4
05-26-2025 15:46:34.513,248,RECV,7E000F8100001B024E333037342D58435054D9
05-26-2025 15:46:34.513,249,RECV,7E000F81000024024E343037372D4F584352CF
05-26-2025 15:46:34.513,250,RECV,7E000F8100003F024E373037372D374D5253C4
05-26-2025 15:46:34.513,251,RECV,7E000F8100001B024E333037352D3830334933
05-26-2025 15:46:34.513,252,RECV,7E000F81000024024E343037382D4354424BE6
05-26-2025 15:46:34.513,253,RECV,7E000F81000040024E373037382D35493642F5
05-26-2025 15:46:34.513,254,RECV,7E000F81000037024E383038322D414C5631E4
05-26-2025 15:46:34.513,255,RECV,7E000F8100001B024E333037362D48465252E4
05-26-2025 15:46:34.513,256,RECV,7E000F81000023024E343037392D4A4E5A43D5
05-26-2025 15:46:34.513,257,RECV,7E000F81000037024E383038332D54584358B0
05-26-2025 15:46:34.513,258,RECV,7E000F8100001C024E333037372D484F4452E7
05-26-2025 15:46:34.513,259,RECV,7E000F81000023024E343038302D3558473509
05-26-2025 15:46:34.513,260,RECV,7E000F81000036024E383038342D4B3733317D31
05-26-2025 15:46:34.513,261,RECV,7E000F8100001B024E333037382D52414252ED
05-26-2025 15:46:34.577,262,RECV,7E000F81000036024E383038352D43335935F2
05-26-2025 15:46:34.583,263,RECV,7E000F81000040024E373038312D38425037F0
05-26-2025 15:46:34.583,264,RECV,7E000F8100001B024E333037392D375A5A59CF
05-26-2025 15:46:34.583,265,RECV,7E000F81000037024E383038362D594F4630D6
05-26-2025 15:46:34.583,266,RECV,7E000F81000040024E373038322D58333947E5
05-26-2025 15:46:34.583,267,RECV,7E000F8100001B024E333038302D55594C52CF
05-26-2025 15:46:34.583,268,RECV,7E000F81000036024E383038372D4B495050C0
05-26-2025 15:46:34.583,269,RECV,7E000F81000041024E373038332D4648354DDE
05-26-2025 15:46:34.583,270,RECV,7E000F8100001B024E333038312D334839590D
05-26-2025 15:46:34.584,271,RECV,7E000F81000036024E383038382D324E3051F2
05-26-2025 15:46:34.584,272,RECV,7E000F81000040024E373038342D57303239FC
05-26-2025 15:46:34.584,273,RECV,7E000F8100001B024E333038322D42464757F3
05-26-2025 15:46:34.584,274,RECV,7E000F81000023024E343038352D394343321C
05-26-2025 15:46:34.584,275,RECV,7E000F81000036024E383038392D55415438D0
05-26-2025 15:46:34.584,276,RECV,7E000F81000040024E373038352D48414F59BC
05-26-2025 15:46:34.584,277,RECV,7E000F8100001B024E333038332D4543583305
05-26-2025 15:46:34.584,278,RECV,7E000F81000036024E383039302D30334E52F7
05-26-2025 15:46:34.584,279,RECV,7E000F81000040024E373038362D34334346FC
05-26-2025 15:46:34.584,280,RECV,7E000F8100001B024E333038342D5347423407
05-26-2025 15:46:34.584,281,RECV,7E000F81000040024E373038372D554B3755BF
05-26-2025 15:46:34.584,282,RECV,7E000F8100001C024E333038352D52524846E3
05-26-2025 15:46:34.584,283,RECV,7E000F81000037024E383039322D57395745CB
05-26-2025 15:46:34.584,284,RECV,7E000F8100003F024E373038382D55394557C1
05-26-2025 15:46:34.584,285,RECV,7E000F81000023024E343038392D4950354CEF
05-26-2025 15:46:34.584,286,RECV,7E000F8100001B024E333038362D3134435815
05-26-2025 15:46:34.584,287,RECV,7E000F81000040024E373038392D4943324FDC
05-26-2025 15:46:34.672,288,RECV,7E000F81000023024E343039302D474D4B42F0
05-26-2025 15:46:34.696,289,RECV,7E000F8100001C024E333038372D3039544C0A
05-26-2025 15:46:34.696,290,RECV,7E000F81000040024E373039302D49395731E7
05-26-2025 15:46:34.696,291,RECV,7E000F81000023024E343039312D3531313346
05-26-2025 15:46:34.696,292,RECV,7E000F81000036024E383039352D4A45584BC3
05-26-2025 15:46:34.696,293,RECV,7E000F81000040024E373039312D38454A54D5
05-26-2025 15:46:34.696,294,RECV,7E000F81000023024E343039322D4D41443607
05-26-2025 15:46:34.696,295,RECV,7E000F8100001B024E333038392D41384C4EFF
05-26-2025 15:46:34.696,296,RECV,7E000F81000023024E343039332D484D3248FF
05-26-2025 15:46:34.696,297,RECV,7E000F8100001C024E333039302D554A554BDA
05-26-2025 15:46:34.696,298,RECV,7E000F81000023024E343039342D344530471D
05-26-2025 15:46:34.696,299,RECV,7E000F8100001C024E333039312D4354594BDD
05-26-2025 15:46:34.696,300,RECV,7E000F81000023024E343039352D4336554CF2
05-26-2025 15:46:34.696,301,RECV,7E000F8100001B024E333039322D4357413409
05-26-2025 15:46:34.696,302,RECV,7E000F81000023024E343039362D56555946C1
05-26-2025 15:46:34.696,303,RECV,7E000F8100001C024E333039332D4433304827
05-26-2025 15:46:34.696,304,RECV,7E000F81000023024E343039372D513444350C
05-26-2025 15:46:34.696,305,RECV,7E000F8100003F024E373039362D4532333210
05-26-2025 15:46:34.696,306,RECV,7E000F8100001C024E333039342D49465459D9
05-26-2025 15:46:34.696,307,RECV,7E000F81000023024E343039382D483539490A
05-26-2025 15:46:34.696,308,RECV,7E000F81000040024E373039372D48364449DF
05-26-2025 15:46:34.697,309,RECV,7E000F8100001C024E333039352D30344C461E
05-26-2025 15:46:34.697,310,RECV,7E000F81000023024E343039392D3545315409
05-26-2025 15:46:34.697,311,RECV,7E000F81000040024E373039382D46303256EB
05-26-2025 15:46:34.697,312,RECV,7E000F8100001C024E333039362D55504752D5
05-26-2025 15:46:34.697,313,RECV,7E000F8100003F024E373039392D54465843B4
05-26-2025 15:46:34.697,314,RECV,7E000F8100001C024E333039372D44574858D7
05-26-2025 15:46:34.697,315,RECV,7E000F8100001C024E333039382D4134444810
05-26-2025 15:46:34.697,316,RECV,7E000F8100001C024E333039392D3838364E1C
