06-10-2025 19:01:51.506,-,API2,"Sink 1,0013A20041839DB1,802.15.4 TH,2003,/dev/ttyUSB0 - 57600/8/M/1/N,1,46"

06-10-2025 19:01:38.477,0,RECV,7E000F81000420024E343030302D4F4838301A
06-10-2025 19:01:38.479,1,RECV,7E000F81000630024E363030302D45464837FB
06-10-2025 19:01:38.480,2,RECV,7E000F8100031A024E333030302D52574146F1
06-10-2025 19:01:38.481,3,RECV,7E000F81000537024E353030302D574D3658CE
06-10-2025 19:01:38.481,4,RECV,7E000F81000420024E343030312D3354424807
06-10-2025 19:01:38.481,5,RECV,7E000F81000631024E363030312D3543315604
06-10-2025 19:01:38.488,6,RECV,7E000F8100031A024E333030312D4F5A5746DA
06-10-2025 19:01:38.488,7,RECV,7E000F81000537024E353030312D57464847D3
06-10-2025 19:01:38.527,8,RECV,7E000F81000420024E343030322D30304E5019
06-10-2025 19:01:38.532,9,RECV,7E000F8100073C024E373030322D4E575839BF
06-10-2025 19:01:38.533,10,RECV,7E000F8100031A024E333030322D5A43473407
06-10-2025 19:01:38.577,11,RECV,7E000F81000420024E343030332D51304F47FF
06-10-2025 19:01:38.578,12,RECV,7E000F8100031A024E333030332D52395250F1
06-10-2025 19:01:38.627,13,RECV,7E000F81000420024E343030342D4733425AFF
06-10-2025 19:01:38.645,14,RECV,7E000F8100031A024E333030342D423732531F
06-10-2025 19:01:38.645,15,RECV,7E000F81000835024E383030352D54325244DB
06-10-2025 19:01:38.645,16,RECV,7E000F81000420024E343030352D36585749E6
06-10-2025 19:01:38.645,17,RECV,7E000F81000631024E363030352D534F5136D6
06-10-2025 19:01:38.645,18,RECV,7E000F8100031A024E333030352D4C37344520
06-10-2025 19:01:38.678,19,RECV,7E000F81000835024E383030362D4B4A5737D3
06-10-2025 19:01:38.678,20,RECV,7E000F81000420024E343030362D4854423203
06-10-2025 19:01:38.678,21,RECV,7E000F81000537024E353030362D374C3158EE
06-10-2025 19:01:38.678,22,RECV,7E000F81000630024E363030362D4F475A38D7
06-10-2025 19:01:38.678,23,RECV,7E000F8100031A024E333030362D5635355803
06-10-2025 19:01:38.728,24,RECV,7E000F81000835024E383030372D32565043DA
06-10-2025 19:01:38.728,25,RECV,7E000F81000420024E343030372D54573351E3
06-10-2025 19:01:38.729,26,RECV,7E000F81000537024E353030372D52424E58BF
06-10-2025 19:01:38.729,27,RECV,7E000F81000630024E363030372D36475439F4
06-10-2025 19:01:38.729,28,RECV,7E000F8100031A024E333030372D5236373625
06-10-2025 19:01:38.729,29,RECV,7E000F81000836024E383030382D35564150D7
06-10-2025 19:01:38.729,30,RECV,7E000F81000420024E343030382D32534E4CF2
06-10-2025 19:01:38.729,31,RECV,7E000F81000537024E353030382D504B475ABC
06-10-2025 19:01:38.740,32,RECV,7E000F81000630024E363030382D4430434EF8
06-10-2025 19:01:38.745,33,RECV,7E000F8100031A024E333030382D53534647E6
06-10-2025 19:01:38.778,34,RECV,7E000F81000835024E383030392D57445032D6
06-10-2025 19:01:38.808,35,RECV,7E000F81000420024E343030392D38374F3220
06-10-2025 19:01:38.808,36,RECV,7E000F81000537024E353030392D514E4543D0
06-10-2025 19:01:38.808,37,RECV,7E000F81000630024E363030392D52415959B7
06-10-2025 19:01:38.808,38,RECV,7E000F8100031A024E333030392D544B4157E1
06-10-2025 19:01:38.828,39,RECV,7E000F81000835024E383031302D44525158BC
06-10-2025 19:01:38.837,40,RECV,7E000F81000420024E343031302D574D304CF8
06-10-2025 19:01:38.837,41,RECV,7E000F81000537024E353031302D38453059F9
06-10-2025 19:01:38.837,42,RECV,7E000F81000630024E363031302D50304E3501
06-10-2025 19:01:38.837,43,RECV,7E000F8100031A024E333031302D5046305901
06-10-2025 19:01:38.878,44,RECV,7E000F81000835024E383031312D474F384BE1
06-10-2025 19:01:38.878,45,RECV,7E000F8100041F024E343031312D3633583324
06-10-2025 19:01:38.878,46,RECV,7E000F81000537024E353031312D4B585046C5
06-10-2025 19:01:38.878,47,RECV,7E000F81000630024E363031312D47333753FF
06-10-2025 19:01:38.878,48,RECV,7E000F8100031A024E333031312D53505650D6
06-10-2025 19:01:38.879,49,RECV,7E000F81000835024E383031322D4F43444DD6
06-10-2025 19:01:38.879,50,RECV,7E000F8100041F024E343031322D45594245F2
06-10-2025 19:01:38.879,51,RECV,7E000F81000536024E353031322D3946364AFF
06-10-2025 19:01:38.879,52,RECV,7E000F8100062D024E363031322D4832343225
06-10-2025 19:01:38.879,53,RECV,7E000F8100031A024E333031322D56525538E9
06-10-2025 19:01:38.928,54,RECV,7E000F81000833024E383031332D355A364FE6
06-10-2025 19:01:38.965,55,RECV,7E000F8100041F024E343031332D434F4C3503
06-10-2025 19:01:38.965,56,RECV,7E000F8100073A024E373031332D32504D35F1
06-10-2025 19:01:38.965,57,RECV,7E000F81000534024E353031332D39445056DC
06-10-2025 19:01:38.965,58,RECV,7E000F8100031A024E333031332D374758380F
06-10-2025 19:01:38.978,59,RECV,7E000F81000835024E383031342D58543032E9
06-10-2025 19:01:38.981,60,RECV,7E000F8100041F024E343031342D32535656E4
06-10-2025 19:01:38.981,61,RECV,7E000F8100073D024E373031342D4F324136F9
06-10-2025 19:01:38.981,62,RECV,7E000F81000537024E353031342D43554F4DC7
06-10-2025 19:01:38.981,63,RECV,7E000F81000631024E363031342D574E5644C0
06-10-2025 19:01:38.981,64,RECV,7E000F8100031A024E333031342D50465355DE
06-10-2025 19:01:38.981,65,RECV,7E000F81000835024E383031352D4E464541DC
06-10-2025 19:01:38.981,66,RECV,7E000F8100041F024E343031352D48534B43EB
06-10-2025 19:01:39.028,67,RECV,7E000F8100073C024E373031352D31564934ED
06-10-2025 19:01:39.029,68,RECV,7E000F81000537024E353031352D4F4D585AAC
06-10-2025 19:01:39.029,69,RECV,7E000F8100062D024E363031352D344339480A
06-10-2025 19:01:39.029,70,RECV,7E000F8100031A024E333031352D4C345257F2
06-10-2025 19:01:39.029,71,RECV,7E000F81000832024E383031362D50584158B7
06-10-2025 19:01:39.029,72,RECV,7E000F8100041F024E343031362D52553445F3
06-10-2025 19:01:39.029,73,RECV,7E000F8100073A024E373031362D42504D58BB
06-10-2025 19:01:39.029,74,RECV,7E000F81000534024E353031362D4848505AC2
06-10-2025 19:01:39.029,75,RECV,7E000F8100062E024E363031362D48395350DC
06-10-2025 19:01:39.029,76,RECV,7E000F8100031A024E333031362D5741425AE6
06-10-2025 19:01:39.079,77,RECV,7E000F81000832024E383031372D424B5554C1
06-10-2025 19:01:39.133,78,RECV,7E000F8100041F024E343031372D3949364515
06-10-2025 19:01:39.133,79,RECV,7E000F81000739024E373031372D535A354AC6
06-10-2025 19:01:39.133,80,RECV,7E000F81000533024E353031372D4B455348D1
06-10-2025 19:01:39.133,81,RECV,7E000F8100062C024E363031372D48525444CF
06-10-2025 19:01:39.133,82,RECV,7E000F8100031A024E333031372D594235387D31
06-10-2025 19:01:39.133,83,RECV,7E000F81000832024E383031382D53325059C8
06-10-2025 19:01:39.133,84,RECV,7E000F8100041F024E343031382D44414B4DF4
06-10-2025 19:01:39.133,85,RECV,7E000F8100073A024E373031382D57485A32C5
06-10-2025 19:01:39.133,86,RECV,7E000F81000534024E353031382D464A4F4FCC
06-10-2025 19:01:39.133,87,RECV,7E000F8100062D024E363031382D3438324B16
06-10-2025 19:01:39.133,88,RECV,7E000F8100031A024E333031382D554D5145E0
06-10-2025 19:01:39.133,89,RECV,7E000F81000832024E383031392D41514E37DE
06-10-2025 19:01:39.133,90,RECV,7E000F8100041F024E343031392D4D3435497D31
06-10-2025 19:01:39.133,91,RECV,7E000F8100073A024E373031392D5434343003
06-10-2025 19:01:39.133,92,RECV,7E000F81000534024E353031392D47585834CE
06-10-2025 19:01:39.133,93,RECV,7E000F8100062D024E363031392D48434145ED
06-10-2025 19:01:39.133,94,RECV,7E000F8100031A024E333031392D304446431A
06-10-2025 19:01:39.179,95,RECV,7E000F81000832024E383032302D4D444B36EB
06-10-2025 19:01:39.179,96,RECV,7E000F81000420024E343032302D434C36331F
06-10-2025 19:01:39.179,97,RECV,7E000F8100073A024E373032302D48325446E3
06-10-2025 19:01:39.180,98,RECV,7E000F81000534024E353032302D4144354EF9
06-10-2025 19:01:39.180,99,RECV,7E000F8100062D024E363032302D554A4E48D1
06-10-2025 19:01:39.180,100,RECV,7E000F8100031A024E333032302D3052584302
06-10-2025 19:01:39.180,101,RECV,7E000F81000832024E383032312D36505454CE
06-10-2025 19:01:39.200,102,RECV,7E000F8100041F024E343032312D59434F48E4
06-10-2025 19:01:39.201,103,RECV,7E000F8100073D024E373032312D57505339C0
06-10-2025 19:01:39.201,104,RECV,7E000F81000537024E353032312D59383935FE
06-10-2025 19:01:39.211,105,RECV,7E000F81000630024E363032312D4E32453706
06-10-2025 19:01:39.211,106,RECV,7E000F8100031A024E333032312D3458374318
06-10-2025 19:01:39.211,107,RECV,7E000F81000835024E383032322D314D5157D2
06-10-2025 19:01:39.230,108,RECV,7E000F8100041F024E343032322D5645454DE9
06-10-2025 19:01:39.288,109,RECV,7E000F8100073C024E373032322D5638584CC1
06-10-2025 19:01:39.288,110,RECV,7E000F81000537024E353032322D334437430B
06-10-2025 19:01:39.288,111,RECV,7E000F81000630024E363032322D534A3545EA
06-10-2025 19:01:39.288,112,RECV,7E000F8100031A024E333032322D4F305A53F1
06-10-2025 19:01:39.288,113,RECV,7E000F81000833024E383032332D4138453407
06-10-2025 19:01:39.288,114,RECV,7E000F8100041F024E343032332D324151371A
06-10-2025 19:01:39.288,115,RECV,7E000F81000738024E373032332D344F3351EF
06-10-2025 19:01:39.288,116,RECV,7E000F81000533024E353032332D534F3055D8
06-10-2025 19:01:39.288,117,RECV,7E000F8100062C024E363032332D38514539FD
06-10-2025 19:01:39.288,118,RECV,7E000F8100031A024E333032332D374F344220
06-10-2025 19:01:39.330,119,RECV,7E000F81000831024E383032342D504A4333EA
06-10-2025 19:01:39.330,120,RECV,7E000F81000420024E343032342D534D344AF5
06-10-2025 19:01:39.330,121,RECV,7E000F81000739024E373032342D58344443E1
06-10-2025 19:01:39.330,122,RECV,7E000F81000533024E353032342D373443450B
06-10-2025 19:01:39.331,123,RECV,7E000F8100062E024E363032342D5636374BF3
06-10-2025 19:01:39.331,124,RECV,7E000F8100031A024E333032342D3849543016
06-10-2025 19:01:39.331,125,RECV,7E000F81000835024E383032352D32434344F9
06-10-2025 19:01:39.331,126,RECV,7E000F81000420024E343032352D4B52354DF3
06-10-2025 19:01:39.380,127,RECV,7E000F8100073C024E373032352D49434C37E1
06-10-2025 19:01:39.380,128,RECV,7E000F81000537024E353032352D36463355F5
06-10-2025 19:01:39.380,129,RECV,7E000F81000630024E363032352D5144304CED
06-10-2025 19:01:39.380,130,RECV,7E000F8100031A024E333032352D41524E57E2
06-10-2025 19:01:39.381,131,RECV,7E000F81000836024E383032362D49333348FC
06-10-2025 19:01:39.381,132,RECV,7E000F81000420024E343032362D444A4149F9
06-10-2025 19:01:39.381,133,RECV,7E000F8100073D024E373032362D39385659CE
06-10-2025 19:01:39.430,134,RECV,7E000F81000537024E353032362D49555135D4
06-10-2025 19:01:39.430,135,RECV,7E000F81000630024E363032362D4B494C52CB
06-10-2025 19:01:39.430,136,RECV,7E000F8100031A024E333032362D52525631EE
06-10-2025 19:01:39.430,137,RECV,7E000F81000836024E383032372D49464F31E3
06-10-2025 19:01:39.430,138,RECV,7E000F81000420024E343032372D4E544F30EF
06-10-2025 19:01:39.440,139,RECV,7E000F8100073D024E373032372D334C3054EA
06-10-2025 19:01:39.448,140,RECV,7E000F81000537024E353032372D59414656C1
06-10-2025 19:01:39.448,141,RECV,7E000F81000631024E363032372D48524C50C5
06-10-2025 19:01:39.448,142,RECV,7E000F8100031A024E333032372D4C484446FA
06-10-2025 19:01:39.448,143,RECV,7E000F81000835024E383032382D42315955D1
06-10-2025 19:01:39.448,144,RECV,7E000F81000420024E343032382D574C505AC2
06-10-2025 19:01:39.480,145,RECV,7E000F8100073C024E373032382D37434857D4
06-10-2025 19:01:39.480,146,RECV,7E000F81000537024E353032382D324E524BD9
06-10-2025 19:01:39.480,147,RECV,7E000F81000631024E363032382D49414D33F0
06-10-2025 19:01:39.480,148,RECV,7E000F8100031A024E333032382D59524145E6
06-10-2025 19:01:39.480,149,RECV,7E000F81000835024E383032392D58545634BB
06-10-2025 19:01:39.480,150,RECV,7E000F81000420024E343032392D4E364748FB
06-10-2025 19:01:39.530,151,RECV,7E000F8100073D024E373032392D565A554E98
06-10-2025 19:01:39.530,152,RECV,7E000F81000537024E353032392D414B5554C0
06-10-2025 19:01:39.531,153,RECV,7E000F81000631024E363032392D535A5A45AD
06-10-2025 19:01:39.531,154,RECV,7E000F8100031A024E333032392D4331485406
06-10-2025 19:01:39.531,155,RECV,7E000F81000420024E343033302D43515931F8
06-10-2025 19:01:39.531,156,RECV,7E000F8100073D024E373033302D53395548CA
06-10-2025 19:01:39.531,157,RECV,7E000F81000537024E353033302D3856385ADD
06-10-2025 19:01:39.532,158,RECV,7E000F81000631024E363033302D47495038E9
06-10-2025 19:01:39.532,159,RECV,7E000F8100031A024E333033302D4F544937FB
06-10-2025 19:01:39.580,160,RECV,7E000F81000420024E343033312D57464E35F5
06-10-2025 19:01:39.599,161,RECV,7E000F8100073C024E373033312D33544F4FCE
06-10-2025 19:01:39.599,162,RECV,7E000F81000536024E353033312D435A3748E1
06-10-2025 19:01:39.599,163,RECV,7E000F81000630024E363033312D324E3551FB
06-10-2025 19:01:39.599,164,RECV,7E000F8100031A024E333033312D5A32474109
06-10-2025 19:01:39.599,165,RECV,7E000F81000420024E343033322D3131374239
06-10-2025 19:01:39.630,166,RECV,7E000F8100073C024E373033322D49534557BA
06-10-2025 19:01:39.630,167,RECV,7E000F81000537024E353033322D50473748E5
06-10-2025 19:01:39.631,168,RECV,7E000F81000630024E363033322D58425336DD
06-10-2025 19:01:39.631,169,RECV,7E000F81000835024E383033332D5A535443B2
06-10-2025 19:01:39.631,170,RECV,7E000F8100031A024E333033322D3557583503
06-10-2025 19:01:39.631,171,RECV,7E000F81000420024E343033332D59454D37F1
06-10-2025 19:01:39.631,172,RECV,7E000F8100073C024E373033332D37563751DC
06-10-2025 19:01:39.651,173,RECV,7E000F81000537024E353033332D335A5849CC
06-10-2025 19:01:39.651,174,RECV,7E000F81000630024E363033332D59554C39CC
06-10-2025 19:01:39.651,175,RECV,7E000F81000835024E383033342D414C4847D9
06-10-2025 19:01:39.652,176,RECV,7E000F8100031A024E333033332D35554D3014
06-10-2025 19:01:39.652,177,RECV,7E000F81000420024E343033342D3647434C06
06-10-2025 19:01:39.681,178,RECV,7E000F8100073C024E373033342D3556334FE3
06-10-2025 19:01:39.681,179,RECV,7E000F81000537024E353033342D55534355B9
06-10-2025 19:01:39.681,180,RECV,7E000F8100062F024E363033342D59434743D9
06-10-2025 19:01:39.731,181,RECV,7E000F8100031A024E333033342D384A583709
06-10-2025 19:01:39.742,182,RECV,7E000F81000420024E343033352D3845444907
06-10-2025 19:01:39.742,183,RECV,7E000F8100073C024E373033352D33444E42E8
06-10-2025 19:01:39.742,184,RECV,7E000F81000537024E353033352D55424138E8
06-10-2025 19:01:39.742,185,RECV,7E000F81000630024E363033352D564C3750D4
06-10-2025 19:01:39.742,186,RECV,7E000F8100031A024E333033352D364E5A47F4
06-10-2025 19:01:39.742,187,RECV,7E000F81000420024E343033362D593330490B
06-10-2025 19:01:39.742,188,RECV,7E000F81000537024E353033362D47383348FD
06-10-2025 19:01:39.781,189,RECV,7E000F81000835024E383033372D414A4941DD
06-10-2025 19:01:39.781,190,RECV,7E000F81000630024E363033362D5737594EC7
06-10-2025 19:01:39.781,191,RECV,7E000F8100031A024E333033362D5230425400
06-10-2025 19:01:39.781,192,RECV,7E000F81000420024E343033372D3159503104
06-10-2025 19:01:39.781,193,RECV,7E000F81000537024E353033372D4E573655C6
06-10-2025 19:01:39.781,194,RECV,7E000F81000836024E383033382D4E364434F4
06-10-2025 19:01:39.781,195,RECV,7E000F81000630024E363033372D53424152D3
06-10-2025 19:01:39.802,196,RECV,7E000F8100031A024E333033372D52554549E2
06-10-2025 19:01:39.802,197,RECV,7E000F8100041F024E343033382D5953514BC7
06-10-2025 19:01:39.831,198,RECV,7E000F81000538024E353033382D43515353BA
06-10-2025 19:01:39.831,199,RECV,7E000F81000835024E383033392D34554645DC
06-10-2025 19:01:39.832,200,RECV,7E000F81000631024E363033382D594B5931CB
06-10-2025 19:01:39.832,201,RECV,7E000F8100031A024E333033382D4245364514
06-10-2025 19:01:39.832,202,RECV,7E000F8100041F024E343033392D5A565853B3
06-10-2025 19:01:39.881,203,RECV,7E000F81000537024E353033392D5454494AB9
06-10-2025 19:01:39.894,204,RECV,7E000F81000835024E383034302D555A5641B2
06-10-2025 19:01:39.894,205,RECV,7E000F81000630024E363033392D53303945F8
06-10-2025 19:01:39.894,206,RECV,7E000F8100031A024E333033392D4551313717
06-10-2025 19:01:39.894,207,RECV,7E000F8100041F024E343034302D4F334C4FF9
06-10-2025 19:01:39.894,208,RECV,7E000F81000537024E353034302D57344152DE
06-10-2025 19:01:39.894,209,RECV,7E000F81000836024E383034312D59473931EC
06-10-2025 19:01:39.895,210,RECV,7E000F81000631024E363034302D544C454DCE
06-10-2025 19:01:39.912,211,RECV,7E000F81000319024E333034302D3552325312
06-10-2025 19:01:39.932,212,RECV,7E000F81000536024E353034312D36384C54EE
06-10-2025 19:01:39.932,213,RECV,7E000F81000835024E383034322D55354158D3
06-10-2025 19:01:39.932,214,RECV,7E000F81000630024E363034312D46524C56C6
06-10-2025 19:01:39.982,215,RECV,7E000F8100031A024E333034312D5732573507
06-10-2025 19:01:39.982,216,RECV,7E000F81000536024E353034322D34574941E6
06-10-2025 19:01:39.982,217,RECV,7E000F81000836024E383034332D54353455E2
06-10-2025 19:01:39.982,218,RECV,7E000F81000631024E363034322D52545952AD
06-10-2025 19:01:39.983,219,RECV,7E000F8100041F024E343034332D4A525934EA
06-10-2025 19:01:39.983,220,RECV,7E000F8100031A024E333034322D3532324A38
06-10-2025 19:01:40.032,221,RECV,7E000F81000536024E353034332D43395A39EB
06-10-2025 19:01:40.045,222,RECV,7E000F81000835024E383034342D455A3434ED
06-10-2025 19:01:40.045,223,RECV,7E000F81000631024E363034332D3649464FE9
06-10-2025 19:01:40.046,224,RECV,7E000F8100041F024E343034342D4A30493916
06-10-2025 19:01:40.046,225,RECV,7E000F8100031A024E333034332D5A43364403
06-10-2025 19:01:40.052,226,RECV,7E000F81000536024E353034342D49314259E4
06-10-2025 19:01:40.052,227,RECV,7E000F81000836024E383034352D56475035D0
06-10-2025 19:01:40.053,228,RECV,7E000F81000631024E363034342D5356394BCF
06-10-2025 19:01:40.053,229,RECV,7E000F8100041F024E343034352D4739473614
06-10-2025 19:01:40.053,230,RECV,7E000F8100031A024E333034342D4D5539330B
06-10-2025 19:01:40.082,231,RECV,7E000F81000630024E363034352D55414944D9
06-10-2025 19:01:40.082,232,RECV,7E000F8100041F024E343034362D4E4A5838E8
06-10-2025 19:01:40.082,233,RECV,7E000F8100031A024E333034352D4E4E364402
06-10-2025 19:01:40.132,234,RECV,7E000F8100073D024E373034362D45594630D8
06-10-2025 19:01:40.133,235,RECV,7E000F81000631024E363034362D3050444DE9
06-10-2025 19:01:40.133,236,RECV,7E000F8100041F024E343034372D4145394D03
06-10-2025 19:01:40.133,237,RECV,7E000F8100031A024E333034362D3049544CFE
06-10-2025 19:01:40.133,238,RECV,7E000F81000835024E383034382D575A3546C4
06-10-2025 19:01:40.174,239,RECV,7E000F81000537024E353034372D5A344736EA
06-10-2025 19:01:40.202,240,RECV,7E000F8100073D024E373034372D38435657C3
06-10-2025 19:01:40.202,241,RECV,7E000F8100041F024E343034382D38434F55EF
06-10-2025 19:01:40.202,242,RECV,7E000F8100031A024E333034372D494E5741E7
06-10-2025 19:01:40.232,243,RECV,7E000F81000835024E383034392D434F5A53B0
06-10-2025 19:01:40.232,244,RECV,7E000F81000537024E353034382D474C334AE4
06-10-2025 19:01:40.233,245,RECV,7E000F8100073D024E373034382D50344331F2
06-10-2025 19:01:40.233,246,RECV,7E000F8100041F024E343034392D34554144FF
06-10-2025 19:01:40.233,247,RECV,7E000F8100031A024E333034382D514F5934E8
06-10-2025 19:01:40.233,248,RECV,7E000F81000836024E383035302D4D394856D2
06-10-2025 19:01:40.233,249,RECV,7E000F81000537024E353034392D4D4C3943DE
06-10-2025 19:01:40.234,250,RECV,7E000F8100041F024E343035302D41535357D7
06-10-2025 19:01:40.234,251,RECV,7E000F81000630024E363034392D51305A42DB
06-10-2025 19:01:40.234,252,RECV,7E000F8100031A024E333034392D53454954DF
06-10-2025 19:01:40.235,253,RECV,7E000F81000835024E383035312D46474E39E2
06-10-2025 19:01:40.275,254,RECV,7E000F81000537024E353035302D503539330A
06-10-2025 19:01:40.275,255,RECV,7E000F8100073C024E373035302D42523443E7
06-10-2025 19:01:40.279,256,RECV,7E000F8100041F024E343035312D373136591D
06-10-2025 19:01:40.279,257,RECV,7E000F81000631024E363035302D53355653CE
06-10-2025 19:01:40.279,258,RECV,7E000F8100031A024E333035302D3547395017
06-10-2025 19:01:40.296,259,RECV,7E000F81000836024E383035322D5A514542C2
06-10-2025 19:01:40.296,260,RECV,7E000F81000537024E353035312D3443374507
06-10-2025 19:01:40.296,261,RECV,7E000F8100073D024E373035312D4A4F3554CE
06-10-2025 19:01:40.296,262,RECV,7E000F8100041F024E343035322D4B5A4F34EB
06-10-2025 19:01:40.296,263,RECV,7E000F81000630024E363035312D31394655FA
06-10-2025 19:01:40.297,264,RECV,7E000F8100031A024E333035312D53563341FE
06-10-2025 19:01:40.333,265,RECV,7E000F81000836024E383035332D5A325A56B7
06-10-2025 19:01:40.384,266,RECV,7E000F81000537024E353035322D494132320B
06-10-2025 19:01:40.384,267,RECV,7E000F8100073D024E373035322D45544B51BA
06-10-2025 19:01:40.384,268,RECV,7E000F81000420024E343035332D57443553EE
06-10-2025 19:01:40.384,269,RECV,7E000F81000631024E363035322D51363054F2
06-10-2025 19:01:40.384,270,RECV,7E000F8100031A024E333035322D474F473805
06-10-2025 19:01:40.385,271,RECV,7E000F81000836024E383035342D41454352D7
06-10-2025 19:01:40.385,272,RECV,7E000F81000537024E353035332D56475A31D0
06-10-2025 19:01:40.385,273,RECV,7E000F8100073D024E373035332D564F5248AF
06-10-2025 19:01:40.385,274,RECV,7E000F81000420024E343035342D4F493750F1
06-10-2025 19:01:40.385,275,RECV,7E000F81000631024E363035332D34564148E9
06-10-2025 19:01:40.385,276,RECV,7E000F8100031A024E333035332D31435955F7
06-10-2025 19:01:40.385,277,RECV,7E000F81000836024E383035352D4C354F36EB
06-10-2025 19:01:40.433,278,RECV,7E000F81000537024E353035342D4E51314ADD
06-10-2025 19:01:40.433,279,RECV,7E000F8100073D024E373035342D51594347B9
06-10-2025 19:01:40.433,280,RECV,7E000F81000420024E343035352D4236394915
06-10-2025 19:01:40.434,281,RECV,7E000F81000631024E363035342D52413254E2
06-10-2025 19:01:40.434,282,RECV,7E000F8100031A024E333035342D48444B56EB
06-10-2025 19:01:40.434,283,RECV,7E000F81000835024E383035362D344E4A4BDA
06-10-2025 19:01:40.434,284,RECV,7E000F81000537024E353035352D534E4643CC
06-10-2025 19:01:40.435,285,RECV,7E000F8100073C024E373035352D424D394CD9
06-10-2025 19:01:40.445,286,RECV,7E000F81000420024E343035362D3937584CFA
06-10-2025 19:01:40.448,287,RECV,7E000F81000631024E363035352D554B4538DD
06-10-2025 19:01:40.448,288,RECV,7E000F8100031A024E333035352D354E484FFD
06-10-2025 19:01:40.483,289,RECV,7E000F81000835024E383035372D3844424AE8
06-10-2025 19:01:40.518,290,RECV,7E000F81000537024E353035362D47593857C6
06-10-2025 19:01:40.518,291,RECV,7E000F8100073C024E373035362D394E364EE1
06-10-2025 19:01:40.518,292,RECV,7E000F81000420024E343035372D38375946FF
06-10-2025 19:01:40.519,293,RECV,7E000F81000631024E363035362D36535248D6
06-10-2025 19:01:40.519,294,RECV,7E000F8100031A024E333035362D533144311D
06-10-2025 19:01:40.519,295,RECV,7E000F81000835024E383035382D55355845C8
06-10-2025 19:01:40.525,296,RECV,7E000F81000537024E353035372D5A4F3834DF
06-10-2025 19:01:40.531,297,RECV,7E000F8100073D024E373035372D4C325942D1
06-10-2025 19:01:40.531,298,RECV,7E000F81000420024E343035382D43344A4209
06-10-2025 19:01:40.531,299,RECV,7E000F81000631024E363035372D4D4D4D47CA
06-10-2025 19:01:40.531,300,RECV,7E000F8100031A024E333035372D474A31440F
06-10-2025 19:01:40.531,301,RECV,7E000F81000835024E383035392D55324A53CA
06-10-2025 19:01:40.533,302,RECV,7E000F81000537024E353035382D56473135F0
06-10-2025 19:01:40.533,303,RECV,7E000F8100073C024E373035382D464F4758B6
06-10-2025 19:01:40.533,304,RECV,7E000F81000420024E343035392D46563752E6
06-10-2025 19:01:40.583,305,RECV,7E000F81000631024E363035382D55333656E3
06-10-2025 19:01:40.584,306,RECV,7E000F8100031A024E333035382D4F375655E3
06-10-2025 19:01:40.584,307,RECV,7E000F81000835024E383036302D5642504AC4
06-10-2025 19:01:40.584,308,RECV,7E000F81000537024E353035392D564C5243BB
06-10-2025 19:01:40.594,309,RECV,7E000F8100073C024E373035392D47355341D9
06-10-2025 19:01:40.595,310,RECV,7E000F81000420024E343036302D53563249EF
06-10-2025 19:01:40.595,311,RECV,7E000F8100062C024E363035392D514E4150CB
06-10-2025 19:01:40.595,312,RECV,7E000F8100031A024E333035392D4232345A7D31
06-10-2025 19:01:40.595,313,RECV,7E000F81000832024E383036312D43394D46E9
06-10-2025 19:01:40.596,314,RECV,7E000F81000534024E353036302D394D4E4ADF
06-10-2025 19:01:40.633,315,RECV,7E000F81000420024E343036312D4A4A5250DC
06-10-2025 19:01:40.676,316,RECV,7E000F8100062D024E363036302D314934480C
06-10-2025 19:01:40.676,317,RECV,7E000F8100031A024E333036302D374D524401
06-10-2025 19:01:40.676,318,RECV,7E000F81000834024E383036322D4D315630F1
06-10-2025 19:01:40.676,319,RECV,7E000F81000537024E353036312D3951564ECB
06-10-2025 19:01:40.676,320,RECV,7E000F81000420024E343036322D3753534EE6
06-10-2025 19:01:40.676,321,RECV,7E000F81000631024E363036312D52533134F3
06-10-2025 19:01:40.676,322,RECV,7E000F8100031A024E333036312D43515955D8
06-10-2025 19:01:40.676,323,RECV,7E000F81000835024E383036332D30355850E6
06-10-2025 19:01:40.683,324,RECV,7E000F81000537024E353036322D5A31425AD1
06-10-2025 19:01:40.683,325,RECV,7E000F81000420024E343036332D374E503308
06-10-2025 19:01:40.733,326,RECV,7E000F8100062C024E363036322D56413637FD
06-10-2025 19:01:40.734,327,RECV,7E000F8100031A024E333036322D524D5736ED
06-10-2025 19:01:40.734,328,RECV,7E000F81000534024E353036332D34544A48E0
06-10-2025 19:01:40.734,329,RECV,7E000F81000420024E343036342D4A45334805
06-10-2025 19:01:40.734,330,RECV,7E000F8100062C024E363036332D4955494DCC
06-10-2025 19:01:40.744,331,RECV,7E000F8100031A024E333036332D54384E4BF3
06-10-2025 19:01:40.744,332,RECV,7E000F81000537024E353036342D384E4C38EC
06-10-2025 19:01:40.755,333,RECV,7E000F81000420024E343036352D584D3044F5
06-10-2025 19:01:40.755,334,RECV,7E000F8100073D024E373036342D5230554EC7
06-10-2025 19:01:40.755,335,RECV,7E000F81000630024E363036342D3232374719
06-10-2025 19:01:40.785,336,RECV,7E000F81000836024E383036362D4A56514EB0
06-10-2025 19:01:40.831,337,RECV,7E000F8100031A024E333036342D4A494D53E4
06-10-2025 19:01:40.831,338,RECV,7E000F81000537024E353036352D5036353406
06-10-2025 19:01:40.831,339,RECV,7E000F81000420024E343036362D4F3833490A
06-10-2025 19:01:40.831,340,RECV,7E000F8100073D024E373036352D4A4D3441DF
06-10-2025 19:01:40.831,341,RECV,7E000F81000630024E363036352D47595756AD
06-10-2025 19:01:40.832,342,RECV,7E000F81000836024E383036372D55423132F4
06-10-2025 19:01:40.832,343,RECV,7E000F8100031A024E333036352D4236514904
06-10-2025 19:01:40.834,344,RECV,7E000F81000537024E353036362D31574A30F2
06-10-2025 19:01:40.834,345,RECV,7E000F8100041F024E343036372D344830451C
06-10-2025 19:01:40.834,346,RECV,7E000F8100073D024E373036362D5A4E474FAC
06-10-2025 19:01:40.834,347,RECV,7E000F8100062D024E363036362D39425937F1
06-10-2025 19:01:40.834,348,RECV,7E000F81000832024E383036382D5A414650C0
06-10-2025 19:01:40.834,349,RECV,7E000F8100031A024E333036362D524632387D33
06-10-2025 19:01:40.884,350,RECV,7E000F81000534024E353036372D33383657FE
06-10-2025 19:01:40.884,351,RECV,7E000F8100041F024E343036382D494A374DF5
06-10-2025 19:01:40.885,352,RECV,7E000F8100073A024E373036372D414F434CCD
06-10-2025 19:01:40.885,353,RECV,7E000F8100062D024E363036372D48373351F8
06-10-2025 19:01:40.885,354,RECV,7E000F81000832024E383036392D5A593134D8
06-10-2025 19:01:40.885,355,RECV,7E000F8100031A024E333036372D56553733FF
06-10-2025 19:01:40.886,356,RECV,7E000F81000533024E353036382D32554445E6
06-10-2025 19:01:40.906,357,RECV,7E000F8100041F024E343036392D3548544EEC
06-10-2025 19:01:40.911,358,RECV,7E000F81000739024E373036382D343030457D33
06-10-2025 19:01:40.911,359,RECV,7E000F8100062C024E363036382D5A584E5AA1
06-10-2025 19:01:40.934,360,RECV,7E000F8100031A024E333036382D474C393512
06-10-2025 19:01:40.935,361,RECV,7E000F81000533024E353036392D54304751D9
06-10-2025 19:01:40.935,362,RECV,7E000F8100041F024E343037302D3459585AD4
06-10-2025 19:01:40.935,363,RECV,7E000F81000739024E373036392D41545743BC
06-10-2025 19:01:40.984,364,RECV,7E000F8100062D024E363036392D37304A3612
06-10-2025 19:01:40.986,365,RECV,7E000F8100031A024E333036392D513636427D33
06-10-2025 19:01:40.998,366,RECV,7E000F81000534024E353037302D33365755E7
06-10-2025 19:01:40.998,367,RECV,7E000F81000420024E343037312D303836343F
06-10-2025 19:01:40.998,368,RECV,7E000F81000739024E373037302D53374752D0
06-10-2025 19:01:40.998,369,RECV,7E000F81000832024E383037322D50454D4EC6
06-10-2025 19:01:40.998,370,RECV,7E000F8100062D024E363037302D504B4645DB
06-10-2025 19:01:40.998,371,RECV,7E000F8100031A024E333037302D43585A48DD
06-10-2025 19:01:41.034,372,RECV,7E000F8100041F024E343037322D584D5836DE
06-10-2025 19:01:41.034,373,RECV,7E000F81000739024E373037312D53324833F2
06-10-2025 19:01:41.034,374,RECV,7E000F81000832024E383037332D334D33380A
06-10-2025 19:01:41.035,375,RECV,7E000F8100062D024E363037312D3037304524
06-10-2025 19:01:41.035,376,RECV,7E000F8100031A024E333037312D5634304718
06-10-2025 19:01:41.035,377,RECV,7E000F8100041F024E343037332D43565347DD
06-10-2025 19:01:41.085,378,RECV,7E000F81000739024E373037322D584B364ECA
06-10-2025 19:01:41.085,379,RECV,7E000F81000832024E383037342D3335554FE8
06-10-2025 19:01:41.085,380,RECV,7E000F8100062D024E363037322D32524E59D4
06-10-2025 19:01:41.085,381,RECV,7E000F8100031A024E333037322D4E30435502
06-10-2025 19:01:41.086,382,RECV,7E000F8100041F024E343037342D324835441C
06-10-2025 19:01:41.086,383,RECV,7E000F81000739024E373037332D47315544DF
06-10-2025 19:01:41.097,384,RECV,7E000F81000832024E383037352D41454956CE
06-10-2025 19:01:41.137,385,RECV,7E000F8100062D024E363037332D30395251F2
06-10-2025 19:01:41.137,386,RECV,7E000F8100031A024E333037332D455839350C
06-10-2025 19:01:41.137,387,RECV,7E000F8100041F024E343037352D39415848F4
06-10-2025 19:01:41.137,388,RECV,7E000F81000533024E353037342D37364557F0
06-10-2025 19:01:41.137,389,RECV,7E000F81000739024E373037342D31583154E1
06-10-2025 19:01:41.138,390,RECV,7E000F81000832024E383037362D595A3358B4
06-10-2025 19:01:41.138,391,RECV,7E000F8100062D024E363037342D4D4E4C34E2
06-10-2025 19:01:41.145,392,RECV,7E000F8100031A024E333037342D3534315824
06-10-2025 19:01:41.151,393,RECV,7E000F8100041F024E343037362D4A4C3247FE
06-10-2025 19:01:41.151,394,RECV,7E000F81000534024E353037352D59313758DE
06-10-2025 19:01:41.155,395,RECV,7E000F81000739024E373037352D47454153CE
06-10-2025 19:01:41.155,396,RECV,7E000F81000832024E383037372D4739435AD4
06-10-2025 19:01:41.156,397,RECV,7E000F8100062D024E363037352D32484B53E4
06-10-2025 19:01:41.185,398,RECV,7E000F8100031A024E333037352D384B353726
06-10-2025 19:01:41.185,399,RECV,7E000F8100041F024E343037372D4F534F44D7
06-10-2025 19:01:41.195,400,RECV,7E000F81000534024E353037362D48554847CA
06-10-2025 19:01:41.195,401,RECV,7E000F81000739024E373037362D5538374ADF
06-10-2025 19:01:41.195,402,RECV,7E000F81000834024E383037382D4F54584CA7
06-10-2025 19:01:41.205,403,RECV,7E000F81000630024E363037362D5A425556B1
06-10-2025 19:01:41.206,404,RECV,7E000F8100031A024E333037362D443057387D31
06-10-2025 19:01:41.247,405,RECV,7E000F8100041F024E343037382D52324C49F2
06-10-2025 19:01:41.247,406,RECV,7E000F81000537024E353037372D31464948EA
06-10-2025 19:01:41.247,407,RECV,7E000F8100073C024E373037372D39584C4AC2
06-10-2025 19:01:41.247,408,RECV,7E000F81000836024E383037392D47435354BA
06-10-2025 19:01:41.248,409,RECV,7E000F81000631024E363037372D37334A3210
06-10-2025 19:01:41.248,410,RECV,7E000F8100031A024E333037372D383942461A
06-10-2025 19:01:41.285,411,RECV,7E000F8100041F024E343037392D48355849EC
06-10-2025 19:01:41.299,412,RECV,7E000F81000537024E353037382D4531394AF8
06-10-2025 19:01:41.299,413,RECV,7E000F81000836024E383038302D4546484CD4
06-10-2025 19:01:41.299,414,RECV,7E000F8100062F024E363037382D3244394AFE
06-10-2025 19:01:41.299,415,RECV,7E000F8100031A024E333037382D574E5337E3
06-10-2025 19:01:41.299,416,RECV,7E000F8100041F024E343038302D4149413512
06-10-2025 19:01:41.299,417,RECV,7E000F81000536024E353037392D4C573556C3
06-10-2025 19:01:41.335,418,RECV,7E000F81000834024E383038312D3938354B03
06-10-2025 19:01:41.336,419,RECV,7E000F8100062F024E363037392D46513245E8
06-10-2025 19:01:41.336,420,RECV,7E000F8100031A024E333037392D514A4848E6
06-10-2025 19:01:41.336,421,RECV,7E000F81000420024E343038312D54563955D8
06-10-2025 19:01:41.336,422,RECV,7E000F81000537024E353038302D48544339E0
06-10-2025 19:01:41.336,423,RECV,7E000F81000836024E383038322D4E344741E7
06-10-2025 19:01:41.337,424,RECV,7E000F8100073D024E373038302D5A384132E9
06-10-2025 19:01:41.386,425,RECV,7E000F81000631024E363038302D4E464251D5
06-10-2025 19:01:41.386,426,RECV,7E000F8100031A024E333038302D575A3949E6
06-10-2025 19:01:41.386,427,RECV,7E000F81000420024E343038322D59553144EC
06-10-2025 19:01:41.386,428,RECV,7E000F81000537024E353038312D304A4F53DB
06-10-2025 19:01:41.387,429,RECV,7E000F81000836024E383038332D44493134FE
06-10-2025 19:01:41.387,430,RECV,7E000F8100073C024E373038312D57565948A0
06-10-2025 19:01:41.387,431,RECV,7E000F81000631024E363038312D454A3442F6
06-10-2025 19:01:41.407,432,RECV,7E000F8100031A024E333038312D394C5058EB
06-10-2025 19:01:41.448,433,RECV,7E000F81000420024E343038332D32585A55D5
06-10-2025 19:01:41.448,434,RECV,7E000F81000537024E353038322D43304657E6
06-10-2025 19:01:41.448,435,RECV,7E000F81000835024E383038342D434C314CE4
06-10-2025 19:01:41.449,436,RECV,7E000F8100073D024E373038322D34364442FC
06-10-2025 19:01:41.449,437,RECV,7E000F81000631024E363038322D37485638ED
06-10-2025 19:01:41.449,438,RECV,7E000F8100031A024E333038322D365632467D33
06-10-2025 19:01:41.449,439,RECV,7E000F81000420024E343038342D52595A4BBD
06-10-2025 19:01:41.449,440,RECV,7E000F81000537024E353038332D49494930EA
06-10-2025 19:01:41.449,441,RECV,7E000F81000836024E383038352D4748324DE0
06-10-2025 19:01:41.449,442,RECV,7E000F8100073D024E373038332D39503542EB
06-10-2025 19:01:41.486,443,RECV,7E000F81000631024E363038332D56323550EC
06-10-2025 19:01:41.486,444,RECV,7E000F8100031A024E333038332D4636454D08
06-10-2025 19:01:41.486,445,RECV,7E000F81000420024E343038352D30505549EE
06-10-2025 19:01:41.486,446,RECV,7E000F81000537024E353038342D424A4D52C9
06-10-2025 19:01:41.486,447,RECV,7E000F81000835024E383038362D514A5952A8
06-10-2025 19:01:41.486,448,RECV,7E000F8100073C024E373038342D58383450D7
06-10-2025 19:01:41.486,449,RECV,7E000F81000631024E363038342D39484931FD
06-10-2025 19:01:41.527,450,RECV,7E000F8100031A024E333038342D53345351EA
06-10-2025 19:01:41.527,451,RECV,7E000F81000420024E343038362D5A315448E4
06-10-2025 19:01:41.527,452,RECV,7E000F81000536024E353038352D4E523359C8
06-10-2025 19:01:41.528,453,RECV,7E000F81000835024E383038372D45435A31DA
06-10-2025 19:01:41.528,454,RECV,7E000F8100073B024E373038352D4C584B44B8
06-10-2025 19:01:41.538,455,RECV,7E000F8100062D024E363038352D474A4653D1
06-10-2025 19:01:41.538,456,RECV,7E000F8100031A024E333038352D4D354D3510
06-10-2025 19:01:41.548,457,RECV,7E000F81000533024E353038362D314E5241E4
06-10-2025 19:01:41.549,458,RECV,7E000F81000832024E383038382D37524E39DF
06-10-2025 19:01:41.549,459,RECV,7E000F81000739024E373038362D3238444BF3
06-10-2025 19:01:41.586,460,RECV,7E000F8100062C024E363038362D4838594DD5
06-10-2025 19:01:41.613,461,RECV,7E000F8100031A024E333038362D484236470C
06-10-2025 19:01:41.613,462,RECV,7E000F81000533024E353038372D5A345734DC
06-10-2025 19:01:41.613,463,RECV,7E000F81000832024E383038392D33364257EC
06-10-2025 19:01:41.613,464,RECV,7E000F81000739024E373038372D35395046E7
06-10-2025 19:01:41.636,465,RECV,7E000F8100062D024E363038372D39573139FF
06-10-2025 19:01:41.638,466,RECV,7E000F81000420024E343038392D34565332F9
06-10-2025 19:01:41.638,467,RECV,7E000F8100031A024E333038372D5A315144F2
06-10-2025 19:01:41.638,468,RECV,7E000F81000533024E353038382D47483756D8
06-10-2025 19:01:41.639,469,RECV,7E000F81000832024E383039302D3630383523
06-10-2025 19:01:41.639,470,RECV,7E000F81000739024E373038382D39574959B8
06-10-2025 19:01:41.639,471,RECV,7E000F8100062D024E363038382D4F524650C1
06-10-2025 19:01:41.647,472,RECV,7E000F81000420024E343039302D594B373302
06-10-2025 19:01:41.647,473,RECV,7E000F8100031A024E333038382D4453554DD8
06-10-2025 19:01:41.687,474,RECV,7E000F81000739024E373038392D4F525235C1
06-10-2025 19:01:41.697,475,RECV,7E000F8100062D024E363038392D3450554DD1
06-10-2025 19:01:41.698,476,RECV,7E000F81000420024E343039312D374532520F
06-10-2025 19:01:41.699,477,RECV,7E000F8100031A024E333038392D50344849FB
06-10-2025 19:01:41.699,478,RECV,7E000F81000831024E383039322D34364F53E9
06-10-2025 19:01:41.699,479,RECV,7E000F81000739024E373039302D43495932DA
06-10-2025 19:01:41.737,480,RECV,7E000F8100062D024E363039302D4C315150E1
06-10-2025 19:01:41.763,481,RECV,7E000F81000420024E343039322D5855584FBA
06-10-2025 19:01:41.763,482,RECV,7E000F8100031A024E333039302D4B50484CE9
06-10-2025 19:01:41.763,483,RECV,7E000F81000832024E383039332D52493447DD
06-10-2025 19:01:41.763,484,RECV,7E000F81000534024E353039312D4757474BC9
06-10-2025 19:01:41.763,485,RECV,7E000F81000739024E373039312D414E4338E6
06-10-2025 19:01:41.764,486,RECV,7E000F8100062D024E363039312D55485931D7
06-10-2025 19:01:41.764,487,RECV,7E000F81000420024E343039332D344E4B59E7
06-10-2025 19:01:41.787,488,RECV,7E000F8100031A024E333039312D50384E340D
06-10-2025 19:01:41.787,489,RECV,7E000F81000832024E383039342D4742424DDA
06-10-2025 19:01:41.787,490,RECV,7E000F81000533024E353039322D5232344FF2
06-10-2025 19:01:41.787,491,RECV,7E000F81000739024E373039322D594E3748C9
06-10-2025 19:01:41.787,492,RECV,7E000F8100062D024E363039322D4A384C46E9
06-10-2025 19:01:41.797,493,RECV,7E000F81000420024E343039342D4F424347F1
06-10-2025 19:01:41.797,494,RECV,7E000F8100031A024E333039322D55524E47DA
06-10-2025 19:01:41.797,495,RECV,7E000F81000832024E383039352D33345A54DC
06-10-2025 19:01:41.797,496,RECV,7E000F81000534024E353039332D4E434542DF
06-10-2025 19:01:41.798,497,RECV,7E000F81000739024E373039332D394D394CE3
06-10-2025 19:01:41.837,498,RECV,7E000F8100062D024E363039332D57374E53CD
06-10-2025 19:01:41.837,499,RECV,7E000F81000420024E343039352D3634355616
06-10-2025 19:01:41.837,500,RECV,7E000F8100031A024E333039332D55445946DD
06-10-2025 19:01:41.838,501,RECV,7E000F81000832024E383039362D504F5538C4
06-10-2025 19:01:41.838,502,RECV,7E000F81000534024E353039342D56334836EF
06-10-2025 19:01:41.848,503,RECV,7E000F81000739024E373039342D464A514DBF
06-10-2025 19:01:41.848,504,RECV,7E000F8100062D024E363039342D4C39564CD4
06-10-2025 19:01:41.849,505,RECV,7E000F8100041F024E343039362D4159345AE3
06-10-2025 19:01:41.887,506,RECV,7E000F8100031A024E333039342D4C4F4359DD
06-10-2025 19:01:41.926,507,RECV,7E000F81000533024E353039352D3442514EE1
06-10-2025 19:01:41.926,508,RECV,7E000F81000739024E373039352D53343058DD
06-10-2025 19:01:41.926,509,RECV,7E000F8100062D024E363039352D55433253DD
06-10-2025 19:01:41.926,510,RECV,7E000F8100041F024E343039372D4F48353707
06-10-2025 19:01:41.926,511,RECV,7E000F8100031A024E333039352D4D564D36ED
06-10-2025 19:01:41.926,512,RECV,7E000F81000533024E353039362D30533341FE
06-10-2025 19:01:41.937,513,RECV,7E000F81000739024E373039362D41444458CA
06-10-2025 19:01:41.937,514,RECV,7E000F8100062D024E363039362D594E3755C6
06-10-2025 19:01:41.938,515,RECV,7E000F8100041F024E343039382D5A525757AF
06-10-2025 19:01:41.966,516,RECV,7E000F81000832024E383039392D34544B58C2
06-10-2025 19:01:41.966,517,RECV,7E000F8100031A024E333039362D453035577D31
06-10-2025 19:01:41.966,518,RECV,7E000F81000533024E353039372D353636490A
06-10-2025 19:01:41.967,519,RECV,7E000F81000739024E373039372D35563455D6
06-10-2025 19:01:41.967,520,RECV,7E000F8100041F024E343039392D434C484AE7
06-10-2025 19:01:41.987,521,RECV,7E000F8100031A024E333039372D59324A41FB
06-10-2025 19:01:41.988,522,RECV,7E000F81000533024E353039382D4830423009
06-10-2025 19:01:41.988,523,RECV,7E000F81000739024E373039382D45433648E3
06-10-2025 19:01:42.008,524,RECV,7E000F8100062D024E363039382D49374754DC
06-10-2025 19:01:42.010,525,RECV,7E000F8100031A024E333039382D4E554A38EB
06-10-2025 19:01:42.010,526,RECV,7E000F81000534024E353039392D424B4E53C3
06-10-2025 19:01:42.037,527,RECV,7E000F81000739024E373039392D58495254A1
06-10-2025 19:01:42.081,528,RECV,7E000F8100062D024E363039392D323533497D33
06-10-2025 19:01:42.081,529,RECV,7E000F8100031A024E333039392D56304E52E9
