06-10-2025 20:23:15.193,-,API2,"Sink 1,0013A20041839DB1,802.15.4 TH,2003,/dev/ttyUSB0 - 57600/8/M/1/N,1,46"

06-10-2025 20:22:46.210,0,RECV,7E000F8100041F024E343030302D423644342A
06-10-2025 20:22:46.210,1,RECV,7E000F81000630024E363030302D57304848EE
06-10-2025 20:22:46.212,2,RECV,7E000F8100031A024E333030302D4835523220
06-10-2025 20:22:46.212,3,RECV,7E000F81000537024E353030302D5A55594FA9
06-10-2025 20:22:46.300,4,RECV,7E000F8100041F024E343030312D4842584DEA
06-10-2025 20:22:46.300,5,RECV,7E000F8100031A024E333030312D424A31550E
06-10-2025 20:22:46.301,6,RECV,7E000F81000534024E353030312D304B504DEA
06-10-2025 20:22:46.350,7,RECV,7E000F8100041F024E343030322D434C33470F
06-10-2025 20:22:46.350,8,RECV,7E000F8100031A024E333030322D4E555930F3
06-10-2025 20:22:46.351,9,RECV,7E000F81000537024E353030322D334F5251D9
06-10-2025 20:22:46.400,10,RECV,7E000F81000835024E383030332D3338474AFD
06-10-2025 20:22:46.413,11,RECV,7E000F8100041F024E343030332D4834425405
06-10-2025 20:22:46.421,12,RECV,7E000F81000630024E363030332D3644564BE7
06-10-2025 20:22:46.421,13,RECV,7E000F8100031A024E333030332D54443559F8
06-10-2025 20:22:46.421,14,RECV,7E000F81000537024E353030332D51463052E4
06-10-2025 20:22:46.500,15,RECV,7E000F81000835024E383030342D54315A34E5
06-10-2025 20:22:46.501,16,RECV,7E000F8100041F024E343030342D5A305343F6
06-10-2025 20:22:46.501,17,RECV,7E000F8100073C024E373030342D57324E4FCD
06-10-2025 20:22:46.501,18,RECV,7E000F81000630024E363030342D4B36555AD1
06-10-2025 20:22:46.501,19,RECV,7E000F8100031A024E333030342D354643411E
06-10-2025 20:22:46.502,20,RECV,7E000F81000537024E353030342D564A414FCC
06-10-2025 20:22:46.550,21,RECV,7E000F81000835024E383030352D38324858ED
06-10-2025 20:22:46.566,22,RECV,7E000F8100041F024E343030352D4958524ED4
06-10-2025 20:22:46.571,23,RECV,7E000F8100073D024E373030352D30444E43EC
06-10-2025 20:22:46.571,24,RECV,7E000F81000630024E363030352D55335A59C5
06-10-2025 20:22:46.571,25,RECV,7E000F8100031A024E333030352D5049594CDE
06-10-2025 20:22:46.571,26,RECV,7E000F81000537024E353030352D4A545153B9
06-10-2025 20:22:46.651,27,RECV,7E000F81000832024E383030362D4449454FD8
06-10-2025 20:22:46.651,28,RECV,7E000F8100041F024E343030362D5157445ACE
06-10-2025 20:22:46.651,29,RECV,7E000F81000739024E373030362D574E5844B3
06-10-2025 20:22:46.651,30,RECV,7E000F8100062D024E363030362D4F534F37DA
06-10-2025 20:22:46.651,31,RECV,7E000F8100031A024E333030362D585A5555BF
06-10-2025 20:22:46.651,32,RECV,7E000F81000538024E353030362D5443334FE0
06-10-2025 20:22:46.701,33,RECV,7E000F81000832024E383030372D51394C48DA
06-10-2025 20:22:46.730,34,RECV,7E000F8100041F024E343030372D50304851FA
06-10-2025 20:22:46.730,35,RECV,7E000F81000739024E373030372D37494752DA
06-10-2025 20:22:46.730,36,RECV,7E000F8100031A024E333030372D38534D53EF
06-10-2025 20:22:46.730,37,RECV,7E000F81000534024E353030372D4739445ADE
06-10-2025 20:22:46.751,38,RECV,7E000F81000834024E383030382D53584533D2
06-10-2025 20:22:46.751,39,RECV,7E000F8100041F024E343030382D455931340F
06-10-2025 20:22:46.771,40,RECV,7E000F8100073A024E373030382D5A565A5790
06-10-2025 20:22:46.771,41,RECV,7E000F8100031A024E333030382D325335510E
06-10-2025 20:22:46.771,42,RECV,7E000F81000534024E353030382D38335A3006
06-10-2025 20:22:46.851,43,RECV,7E000F81000832024E383030392D49395833E9
06-10-2025 20:22:46.852,44,RECV,7E000F8100041F024E343030392D3834314430
06-10-2025 20:22:46.852,45,RECV,7E000F81000739024E373030392D58423547DB
06-10-2025 20:22:46.852,46,RECV,7E000F8100031A024E333030392D3959473906
06-10-2025 20:22:46.852,47,RECV,7E000F81000534024E353030392D4E4C4A44D2
06-10-2025 20:22:46.901,48,RECV,7E000F81000832024E383031302D32534456DF
06-10-2025 20:22:46.901,49,RECV,7E000F8100041F024E343031302D533549390F
06-10-2025 20:22:46.911,50,RECV,7E000F8100073A024E373031302D51434439E7
06-10-2025 20:22:46.911,51,RECV,7E000F8100062E024E363031302D4E3730440D
06-10-2025 20:22:46.911,52,RECV,7E000F8100031A024E333031302D58384F49F8
06-10-2025 20:22:46.912,53,RECV,7E000F81000534024E353031302D53365543E1
06-10-2025 20:22:47.001,54,RECV,7E000F81000832024E383031312D35424C52E8
06-10-2025 20:22:47.001,55,RECV,7E000F8100041F024E343031312D42534848F3
06-10-2025 20:22:47.001,56,RECV,7E000F81000739024E373031312D57445434D5
06-10-2025 20:22:47.002,57,RECV,7E000F8100062E024E363031312D4432345308
06-10-2025 20:22:47.002,58,RECV,7E000F8100031A024E333031312D58375841F7
06-10-2025 20:22:47.002,59,RECV,7E000F81000533024E353031312D434B5347DA
06-10-2025 20:22:47.052,60,RECV,7E000F81000832024E383031322D33503554F0
06-10-2025 20:22:47.052,61,RECV,7E000F8100041F024E343031322D59375356DE
06-10-2025 20:22:47.052,62,RECV,7E000F81000739024E373031322D55413649E2
06-10-2025 20:22:47.052,63,RECV,7E000F8100062E024E363031322D45555846CC
06-10-2025 20:22:47.052,64,RECV,7E000F8100031A024E333031322D335A504FF2
06-10-2025 20:22:47.102,65,RECV,7E000F81000832024E383031332D43445A42D8
06-10-2025 20:22:47.142,66,RECV,7E000F8100041F024E343031332D5243305001
06-10-2025 20:22:47.147,67,RECV,7E000F81000739024E373031332D3133375A01
06-10-2025 20:22:47.186,68,RECV,7E000F8100062D024E363031332D54383941FE
06-10-2025 20:22:47.186,69,RECV,7E000F8100031A024E333031332D303357540F
06-10-2025 20:22:47.186,70,RECV,7E000F81000534024E353031332D4834544EE1
06-10-2025 20:22:47.202,71,RECV,7E000F81000832024E383031342D554A5432D5
06-10-2025 20:22:47.202,72,RECV,7E000F8100041F024E343031342D4E5A424CDF
06-10-2025 20:22:47.202,73,RECV,7E000F81000739024E373031342D55494941CD
06-10-2025 20:22:47.202,74,RECV,7E000F8100062D024E363031342D35364F4BFE
06-10-2025 20:22:47.202,75,RECV,7E000F8100031A024E333031342D5A56363204
06-10-2025 20:22:47.252,76,RECV,7E000F81000832024E383031352D5A374D51CA
06-10-2025 20:22:47.263,77,RECV,7E000F8100041F024E343031352D58434C4DE0
06-10-2025 20:22:47.266,78,RECV,7E000F81000739024E373031352D48574C31D8
06-10-2025 20:22:47.266,79,RECV,7E000F8100062D024E363031352D4547535AC9
06-10-2025 20:22:47.273,80,RECV,7E000F8100031A024E333031352D3941415907
06-10-2025 20:22:47.322,81,RECV,7E000F81000832024E383031362D32594549DF
06-10-2025 20:22:47.340,82,RECV,7E000F8100041F024E343031362D5A49434EDF
06-10-2025 20:22:47.340,83,RECV,7E000F81000738024E373031362D33445547E1
06-10-2025 20:22:47.352,84,RECV,7E000F81000631024E363031362D4D593354D0
06-10-2025 20:22:47.352,85,RECV,7E000F8100031A024E333031362D39494952FD
06-10-2025 20:22:47.352,86,RECV,7E000F81000537024E353031362D434C5136E3
06-10-2025 20:22:47.403,87,RECV,7E000F81000835024E383031372D4741363501
06-10-2025 20:22:47.403,88,RECV,7E000F8100041F024E343031372D5A303654FE
06-10-2025 20:22:47.403,89,RECV,7E000F8100073C024E373031372D4B323552EB
06-10-2025 20:22:47.403,90,RECV,7E000F81000630024E363031372D4233324412
06-10-2025 20:22:47.404,91,RECV,7E000F8100031A024E333031372D344B52390F
06-10-2025 20:22:47.454,92,RECV,7E000F81000835024E383031382D383436341D
06-10-2025 20:22:47.503,93,RECV,7E000F8100041F024E343031382D4745463609
06-10-2025 20:22:47.556,94,RECV,7E000F8100073C024E373031382D4A4B5357AF
06-10-2025 20:22:47.556,95,RECV,7E000F81000630024E363031382D46503444EE
06-10-2025 20:22:47.557,96,RECV,7E000F8100031A024E333031382D46595A59C6
06-10-2025 20:22:47.557,97,RECV,7E000F81000835024E383031392D345A5443CD
06-10-2025 20:22:47.557,98,RECV,7E000F8100041F024E343031392D4C593654E1
06-10-2025 20:22:47.557,99,RECV,7E000F8100073C024E373031392D54513251C5
06-10-2025 20:22:47.557,100,RECV,7E000F81000631024E363031392D4F473254DE
06-10-2025 20:22:47.557,101,RECV,7E000F8100031A024E333031392D55334556F4
06-10-2025 20:22:47.603,102,RECV,7E000F81000835024E383032302D4F5A5935C3
06-10-2025 20:22:47.613,103,RECV,7E000F8100041F024E343032302D4C36574FF0
06-10-2025 20:22:47.644,104,RECV,7E000F8100073C024E373032302D4E38444DDE
06-10-2025 20:22:47.644,105,RECV,7E000F81000630024E363032302D34324D341C
06-10-2025 20:22:47.644,106,RECV,7E000F8100031A024E333032302D4C39313831
06-10-2025 20:22:47.703,107,RECV,7E000F81000835024E383032312D31535358CA
06-10-2025 20:22:47.703,108,RECV,7E000F8100041F024E343032312D5136364218
06-10-2025 20:22:47.703,109,RECV,7E000F8100073C024E373032312D4E594430D9
06-10-2025 20:22:47.703,110,RECV,7E000F81000630024E363032312D4F305252DF
06-10-2025 20:22:47.753,111,RECV,7E000F81000835024E383032322D4A4F5933D3
06-10-2025 20:22:47.753,112,RECV,7E000F8100041F024E343032322D4446325A00
06-10-2025 20:22:47.754,113,RECV,7E000F8100073C024E373032322D53514946C0
06-10-2025 20:22:47.784,114,RECV,7E000F81000630024E363032322D394431480B
06-10-2025 20:22:47.786,115,RECV,7E000F8100031A024E333032322D4638464910
06-10-2025 20:22:47.804,116,RECV,7E000F81000835024E383032332D314B4D31FD
06-10-2025 20:22:47.854,117,RECV,7E000F8100041F024E343032332D32584D50EE
06-10-2025 20:22:47.855,118,RECV,7E000F8100073D024E373032332D30525246D7
06-10-2025 20:22:47.855,119,RECV,7E000F81000631024E363032332D4F414D4CD6
06-10-2025 20:22:47.856,120,RECV,7E000F8100031A024E333032332D59424C37FE
06-10-2025 20:22:47.904,121,RECV,7E000F81000835024E383032342D334E4F45E1
06-10-2025 20:22:47.904,122,RECV,7E000F8100041F024E343032342D50494D32FC
06-10-2025 20:22:47.904,123,RECV,7E000F8100073C024E373032342D51463341E6
06-10-2025 20:22:47.905,124,RECV,7E000F81000630024E363032342D4B4E524EC6
06-10-2025 20:22:47.915,125,RECV,7E000F8100031A024E333032342D48554D41F0
06-10-2025 20:22:47.954,126,RECV,7E000F81000836024E383032352D49515131D8
06-10-2025 20:22:47.964,127,RECV,7E000F8100041F024E343032352D54495730EF
06-10-2025 20:22:47.974,128,RECV,7E000F8100073C024E373032352D41523756D0
06-10-2025 20:22:47.974,129,RECV,7E000F81000630024E363032352D32504A4DE5
06-10-2025 20:22:47.975,130,RECV,7E000F8100031A024E333032352D34454B5303
06-10-2025 20:22:48.054,131,RECV,7E000F81000835024E383032362D50383756DF
06-10-2025 20:22:48.055,132,RECV,7E000F8100041F024E343032362D54474B33F9
06-10-2025 20:22:48.055,133,RECV,7E000F8100073C024E373032362D37433644FB
06-10-2025 20:22:48.055,134,RECV,7E000F81000631024E363032362D383131451D
06-10-2025 20:22:48.055,135,RECV,7E000F81000537024E353032362D3244524DE3
06-10-2025 20:22:48.055,136,RECV,7E000F8100031A024E333032362D45424E58EC
06-10-2025 20:22:48.104,137,RECV,7E000F81000834024E383032372D4B433857D7
06-10-2025 20:22:48.111,138,RECV,7E000F8100041F024E343032372D4636544FF2
06-10-2025 20:22:48.111,139,RECV,7E000F81000738024E373032372D51575A34BC
06-10-2025 20:22:48.154,140,RECV,7E000F8100062D024E363032372D3546493803
06-10-2025 20:22:48.154,141,RECV,7E000F8100031A024E333032372D57345054E9
06-10-2025 20:22:48.155,142,RECV,7E000F81000835024E383032382D385A5743C6
06-10-2025 20:22:48.205,143,RECV,7E000F8100041F024E343032382D4B505132F2
06-10-2025 20:22:48.205,144,RECV,7E000F81000739024E373032382D4F39363200
06-10-2025 20:22:48.205,145,RECV,7E000F8100062C024E363032382D414F3254E9
06-10-2025 20:22:48.205,146,RECV,7E000F81000533024E353032382D42303952FD
06-10-2025 20:22:48.206,147,RECV,7E000F8100031A024E333032382D4346444307
06-10-2025 20:22:48.255,148,RECV,7E000F81000832024E383032392D4D494B4FC4
06-10-2025 20:22:48.265,149,RECV,7E000F8100041F024E343032392D574E4C52CC
06-10-2025 20:22:48.266,150,RECV,7E000F81000739024E373032392D4A474F53BC
06-10-2025 20:22:48.305,151,RECV,7E000F8100062D024E363032392D5A335056CA
06-10-2025 20:22:48.305,152,RECV,7E000F81000533024E353032392D43504B30EB
06-10-2025 20:22:48.305,153,RECV,7E000F8100031A024E333032392D365A5147EE
06-10-2025 20:22:48.305,154,RECV,7E000F81000832024E383033302D46545752B9
06-10-2025 20:22:48.315,155,RECV,7E000F8100041F024E343033302D424A494FF3
06-10-2025 20:22:48.355,156,RECV,7E000F81000739024E373033302D524D5250B6
06-10-2025 20:22:48.355,157,RECV,7E000F8100062C024E363033302D584B5746C6
06-10-2025 20:22:48.355,158,RECV,7E000F8100031A024E333033302D3335544121
06-10-2025 20:22:48.405,159,RECV,7E000F81000832024E383033312D43485A30E6
06-10-2025 20:22:48.418,160,RECV,7E000F8100041F024E343033312D35594B42FB
06-10-2025 20:22:48.418,161,RECV,7E000F81000739024E373033312D51484952C2
06-10-2025 20:22:48.418,162,RECV,7E000F8100062C024E363033312D305630450A
06-10-2025 20:22:48.418,163,RECV,7E000F8100031A024E333033312D574D4657DC
06-10-2025 20:22:48.455,164,RECV,7E000F81000832024E383033322D58454747CF
06-10-2025 20:22:48.457,165,RECV,7E000F8100041F024E343033322D544D4148EB
06-10-2025 20:22:48.505,166,RECV,7E000F81000739024E373033322D474D4949CF
06-10-2025 20:22:48.506,167,RECV,7E000F8100062D024E363033322D304242351A
06-10-2025 20:22:48.506,168,RECV,7E000F8100031A024E333033322D34384D4C17
06-10-2025 20:22:48.507,169,RECV,7E000F81000832024E383033332D42344959E1
06-10-2025 20:22:48.555,170,RECV,7E000F8100041F024E343033332D5948304DF6
06-10-2025 20:22:48.572,171,RECV,7E000F81000739024E373033332D5657494BB3
06-10-2025 20:22:48.573,172,RECV,7E000F8100062C024E363033332D52513332FB
06-10-2025 20:22:48.573,173,RECV,7E000F8100031A024E333033332D3255374914
06-10-2025 20:22:48.605,174,RECV,7E000F81000832024E383033342D54393450E7
06-10-2025 20:22:48.606,175,RECV,7E000F8100041F024E343033342D49385241FF
06-10-2025 20:22:48.616,176,RECV,7E000F81000739024E373033342D54563157C1
06-10-2025 20:22:48.616,177,RECV,7E000F8100062D024E363033342D53474944DA
06-10-2025 20:22:48.616,178,RECV,7E000F8100031A024E333033342D5946364500
06-10-2025 20:22:48.656,179,RECV,7E000F81000832024E383033352D49385739E6
06-10-2025 20:22:48.706,180,RECV,7E000F8100041F024E343033352D4356394CF4
06-10-2025 20:22:48.728,181,RECV,7E000F81000739024E373033352D32584E4AD0
06-10-2025 20:22:48.728,182,RECV,7E000F8100062C024E363033352D5936363507
06-10-2025 20:22:48.728,183,RECV,7E000F8100031A024E333033352D4D304B5001
06-10-2025 20:22:48.756,184,RECV,7E000F81000832024E383033362D4D334358DB
06-10-2025 20:22:48.757,185,RECV,7E000F8100041F024E343033362D4A31524BF9
06-10-2025 20:22:48.767,186,RECV,7E000F81000739024E373033362D4A304238FD
06-10-2025 20:22:48.767,187,RECV,7E000F8100062C024E363033362D50314B59DB
06-10-2025 20:22:48.767,188,RECV,7E000F8100031A024E333033362D57494C4DDF
06-10-2025 20:22:48.806,189,RECV,7E000F81000832024E383033372D4255484EC8
06-10-2025 20:22:48.806,190,RECV,7E000F8100041F024E343033372D4A4C3556EF
06-10-2025 20:22:48.856,191,RECV,7E000F81000739024E373033372D4D543444D7
06-10-2025 20:22:48.881,192,RECV,7E000F8100062D024E363033372D5644554FC0
06-10-2025 20:22:48.881,193,RECV,7E000F8100031A024E333033372D374C383527
06-10-2025 20:22:48.881,194,RECV,7E000F81000832024E383033382D4F484B56BC
06-10-2025 20:22:48.906,195,RECV,7E000F8100041F024E343033382D51473857E8
06-10-2025 20:22:48.907,196,RECV,7E000F81000739024E373033382D36475557C6
06-10-2025 20:22:48.907,197,RECV,7E000F8100062D024E363033382D44503349ED
06-10-2025 20:22:48.907,198,RECV,7E000F8100031A024E333033382D3238534712
06-10-2025 20:22:48.957,199,RECV,7E000F81000832024E383033392D3737584EDF
06-10-2025 20:22:48.957,200,RECV,7E000F8100041F024E343033392D334B564FEB
06-10-2025 20:22:49.007,201,RECV,7E000F81000739024E373033392D504E4A44C2
06-10-2025 20:22:49.032,202,RECV,7E000F8100062D024E363033392D43374956E3
06-10-2025 20:22:49.032,203,RECV,7E000F8100031A024E333033392D53433859EE
06-10-2025 20:22:49.032,204,RECV,7E000F81000832024E383034302D464B374AE9
06-10-2025 20:22:49.057,205,RECV,7E000F8100041F024E343034302D4553354900
06-10-2025 20:22:49.057,206,RECV,7E000F81000739024E373034302D53355646D2
06-10-2025 20:22:49.057,207,RECV,7E000F8100062D024E363034302D52553356D4
06-10-2025 20:22:49.058,208,RECV,7E000F8100031A024E333034302D344952311D
06-10-2025 20:22:49.107,209,RECV,7E000F81000832024E383034312D38374C3906
06-10-2025 20:22:49.108,210,RECV,7E000F8100041F024E343034312D5A575231E1
06-10-2025 20:22:49.157,211,RECV,7E000F81000739024E373034312D4C57534CB3
06-10-2025 20:22:49.183,212,RECV,7E000F8100062D024E363034312D50545A59AC
06-10-2025 20:22:49.183,213,RECV,7E000F8100031A024E333034312D5A3132530C
06-10-2025 20:22:49.184,214,RECV,7E000F81000832024E383034322D56353353E8
06-10-2025 20:22:49.184,215,RECV,7E000F8100041F024E343034322D5A544D5ABF
06-10-2025 20:22:49.207,216,RECV,7E000F81000739024E373034322D4B464A4ECB
06-10-2025 20:22:49.207,217,RECV,7E000F8100062D024E363034322D504C3041F5
06-10-2025 20:22:49.207,218,RECV,7E000F8100031A024E333034322D4F324F4803
06-10-2025 20:22:49.208,219,RECV,7E000F81000832024E383034332D47464C49D6
06-10-2025 20:22:49.257,220,RECV,7E000F8100041F024E343034332D4C434C3503
06-10-2025 20:22:49.258,221,RECV,7E000F81000739024E373034332D57434459BC
06-10-2025 20:22:49.259,222,RECV,7E000F8100062D024E363034332D464F3357E2
06-10-2025 20:22:49.259,223,RECV,7E000F8100031A024E333034332D57484452E5
06-10-2025 20:22:49.308,224,RECV,7E000F81000832024E383034342D30465039F8
06-10-2025 20:22:49.338,225,RECV,7E000F8100041F024E343034342D54574B4BD1
06-10-2025 20:22:49.358,226,RECV,7E000F81000739024E373034342D4B4F4935DA
06-10-2025 20:22:49.361,227,RECV,7E000F8100062E024E363034342D37395442F9
06-10-2025 20:22:49.361,228,RECV,7E000F8100031A024E333034342D48345A44FF
06-10-2025 20:22:49.361,229,RECV,7E000F81000832024E383034352D37334949FA
06-10-2025 20:22:49.408,230,RECV,7E000F8100041F024E343034352D39583657F3
06-10-2025 20:22:49.411,231,RECV,7E000F81000739024E373034352D44574755BA
06-10-2025 20:22:49.412,232,RECV,7E000F8100062D024E363034352D414C4C4CDA
06-10-2025 20:22:49.412,233,RECV,7E000F8100031A024E333034352D4742363227
06-10-2025 20:22:49.458,234,RECV,7E000F81000833024E383034362D5434524BCF
06-10-2025 20:22:49.492,235,RECV,7E000F8100041F024E343034362D4537375409
06-10-2025 20:22:49.508,236,RECV,7E000F8100073A024E373034362D43534E38D3
06-10-2025 20:22:49.508,237,RECV,7E000F8100062F024E363034362D30544A57D7
06-10-2025 20:22:49.508,238,RECV,7E000F8100031A024E333034362D594E464AE0
06-10-2025 20:22:49.508,239,RECV,7E000F81000834024E383034372D48575A38C1
06-10-2025 20:22:49.518,240,RECV,7E000F8100041F024E343034372D4251484BE9
06-10-2025 20:22:49.558,241,RECV,7E000F8100073A024E373034372D56315951BD
06-10-2025 20:22:49.559,242,RECV,7E000F8100062E024E363034372D384F565AC5
06-10-2025 20:22:49.559,243,RECV,7E000F8100031A024E333034372D323154510E
06-10-2025 20:22:49.560,244,RECV,7E000F81000833024E383034382D3942333014
06-10-2025 20:22:49.608,245,RECV,7E000F8100041F024E343034382D5A534844D5
06-10-2025 20:22:49.647,246,RECV,7E000F8100073A024E373034382D494B5047C2
06-10-2025 20:22:49.647,247,RECV,7E000F8100062D024E363034382D50523138F1
06-10-2025 20:22:49.647,248,RECV,7E000F8100031A024E333034382D4D535551CF
06-10-2025 20:22:49.647,249,RECV,7E000F81000833024E383034392D57335044D3
06-10-2025 20:22:49.660,250,RECV,7E000F8100041F024E343034392D434D5632F5
06-10-2025 20:22:49.708,251,RECV,7E000F8100073A024E373034392D325A5436D6
06-10-2025 20:22:49.709,252,RECV,7E000F8100062D024E363034392D42494C30F4
06-10-2025 20:22:49.709,253,RECV,7E000F8100031A024E333034392D5A455555CB
06-10-2025 20:22:49.709,254,RECV,7E000F81000833024E383035302D5939594BC3
06-10-2025 20:22:49.760,255,RECV,7E000F8100041F024E343035302D503355310C
06-10-2025 20:22:49.800,256,RECV,7E000F8100073A024E373035302D44515958AE
06-10-2025 20:22:49.800,257,RECV,7E000F8100062D024E363035302D5755354DD5
06-10-2025 20:22:49.800,258,RECV,7E000F8100031A024E333035302D414238540D
06-10-2025 20:22:49.800,259,RECV,7E000F81000833024E383035312D4F313359EC
06-10-2025 20:22:49.809,260,RECV,7E000F8100041F024E343035312D5144343714
06-10-2025 20:22:49.859,261,RECV,7E000F8100073A024E373035312D57485941BA
06-10-2025 20:22:49.862,262,RECV,7E000F8100062D024E363035312D4E33424CF3
06-10-2025 20:22:49.862,263,RECV,7E000F8100031A024E333035312D41335358FC
06-10-2025 20:22:49.862,264,RECV,7E000F81000833024E383035322D3039574AED
06-10-2025 20:22:49.909,265,RECV,7E000F8100041F024E343035322D424B493706
06-10-2025 20:22:49.914,266,RECV,7E000F8100073A024E373035322D3354514DCD
06-10-2025 20:22:49.953,267,RECV,7E000F8100062E024E363035322D474A4448E3
06-10-2025 20:22:49.953,268,RECV,7E000F8100031A024E333035322D543533411D
06-10-2025 20:22:49.953,269,RECV,7E000F81000832024E383035332D4C594C4FB7
06-10-2025 20:22:49.959,270,RECV,7E000F8100041F024E343035332D4555324501
06-10-2025 20:22:49.959,271,RECV,7E000F8100073A024E373035332D3131303926
06-10-2025 20:22:49.979,272,RECV,7E000F8100062E024E363035332D41573856D9
06-10-2025 20:22:49.980,273,RECV,7E000F8100031A024E333035332D3541324E23
06-10-2025 20:22:49.990,274,RECV,7E000F81000833024E383035342D4954394FD0
06-10-2025 20:22:50.010,275,RECV,7E000F8100041F024E343035342D48574D42E3
06-10-2025 20:22:50.059,276,RECV,7E000F8100073A024E373035342D33464C38F3
06-10-2025 20:22:50.060,277,RECV,7E000F8100062D024E363035342D35574143EF
06-10-2025 20:22:50.060,278,RECV,7E000F8100031A024E333035342D5931433318
06-10-2025 20:22:50.060,279,RECV,7E000F81000833024E383035352D394D4447E3
06-10-2025 20:22:50.109,280,RECV,7E000F8100041F024E343035352D5136354D07
06-10-2025 20:22:50.112,281,RECV,7E000F8100073A024E373035352D4237424AEA
06-10-2025 20:22:50.160,282,RECV,7E000F8100031A024E333035352D58474B43EA
06-10-2025 20:22:50.160,283,RECV,7E000F81000833024E383035362D4C4E5830D1
06-10-2025 20:22:50.160,284,RECV,7E000F81000420024E343035362D5A573336F4
06-10-2025 20:22:50.210,285,RECV,7E000F8100073A024E373035362D444C4141DC
06-10-2025 20:22:50.210,286,RECV,7E000F8100062E024E363035362D3836363226
06-10-2025 20:22:50.210,287,RECV,7E000F8100031A024E333035362D3038454A1F
06-10-2025 20:22:50.215,288,RECV,7E000F81000833024E383035372D5A38354AE1
06-10-2025 20:22:50.260,289,RECV,7E000F81000420024E343035372D4A4F5556C9
06-10-2025 20:22:50.262,290,RECV,7E000F8100073A024E373035372D34434152E3
06-10-2025 20:22:50.262,291,RECV,7E000F8100062E024E363035372D5949544ABB
06-10-2025 20:22:50.270,292,RECV,7E000F8100031A024E333035372D435A4446EE
06-10-2025 20:22:50.270,293,RECV,7E000F81000833024E383035382D4F444846D0
06-10-2025 20:22:50.310,294,RECV,7E000F81000420024E343035382D34434753FB
06-10-2025 20:22:50.351,295,RECV,7E000F8100073A024E373035382D32445545DC
06-10-2025 20:22:50.351,296,RECV,7E000F8100062E024E363035382D55594639CD
06-10-2025 20:22:50.351,297,RECV,7E000F8100031A024E333035382D3250433817
06-10-2025 20:22:50.352,298,RECV,7E000F81000833024E383035392D4D535955A2
06-10-2025 20:22:50.360,299,RECV,7E000F8100041F024E343035392D33595744E5
06-10-2025 20:22:50.410,300,RECV,7E000F8100073A024E373035392D48584F56A6
06-10-2025 20:22:50.423,301,RECV,7E000F8100062E024E363035392D48425031EE
06-10-2025 20:22:50.423,302,RECV,7E000F8100031A024E333035392D4E494E50DE
06-10-2025 20:22:50.423,303,RECV,7E000F81000833024E383036302D304D30387D33
06-10-2025 20:22:50.460,304,RECV,7E000F8100041F024E343036302D5A464C4ADE
06-10-2025 20:22:50.491,305,RECV,7E000F8100073A024E373036302D564C434EC0
06-10-2025 20:22:50.491,306,RECV,7E000F8100062E024E363036302D4A503257DE
06-10-2025 20:22:50.492,307,RECV,7E000F8100031A024E333036302D54494251EB
06-10-2025 20:22:50.492,308,RECV,7E000F81000833024E383036312D35435443E8
06-10-2025 20:22:50.511,309,RECV,7E000F8100041F024E343036312D594B554DCD
06-10-2025 20:22:50.561,310,RECV,7E000F8100073A024E373036312D3746434BE7
06-10-2025 20:22:50.565,311,RECV,7E000F8100062E024E363036312D31484B41FB
06-10-2025 20:22:50.565,312,RECV,7E000F8100031A024E333036312D4D3555380B
06-10-2025 20:22:50.566,313,RECV,7E000F81000833024E383036322D50495A48BB
06-10-2025 20:22:50.566,314,RECV,7E000F8100041F024E343036322D4633425601
06-10-2025 20:22:50.661,315,RECV,7E000F8100073A024E373036322D434B324FE2
06-10-2025 20:22:50.663,316,RECV,7E000F8100062E024E363036322D58464C5ABB
06-10-2025 20:22:50.663,317,RECV,7E000F8100031A024E333036322D33544C5AEC
06-10-2025 20:22:50.663,318,RECV,7E000F81000833024E383036332D4A354351E2
06-10-2025 20:22:50.664,319,RECV,7E000F8100041F024E343036332D3534314235
06-10-2025 20:22:50.711,320,RECV,7E000F8100073A024E373036332D3049365AE7
06-10-2025 20:22:50.723,321,RECV,7E000F8100062E024E363036332D35535052D4
06-10-2025 20:22:50.723,322,RECV,7E000F8100031A024E333036332D3934413238
06-10-2025 20:22:50.723,323,RECV,7E000F81000833024E383036342D51574233D7
06-10-2025 20:22:50.723,324,RECV,7E000F8100041F024E343036342D34424C301E
06-10-2025 20:22:50.812,325,RECV,7E000F8100073A024E373036342D55304D4CD1
06-10-2025 20:22:50.812,326,RECV,7E000F8100062E024E363036342D45454C31F6
06-10-2025 20:22:50.812,327,RECV,7E000F8100031A024E333036342D364539352E
06-10-2025 20:22:50.812,328,RECV,7E000F81000833024E383036352D334834360E
06-10-2025 20:22:50.812,329,RECV,7E000F8100041F024E343036352D56454252E0
06-10-2025 20:22:50.813,330,RECV,7E000F8100073A024E373036352D384F5339DB
06-10-2025 20:22:50.862,331,RECV,7E000F8100062E024E363036352D4F335639EB
06-10-2025 20:22:50.877,332,RECV,7E000F8100031A024E333036352D434543410A
06-10-2025 20:22:50.877,333,RECV,7E000F81000833024E383036362D38565930DB
06-10-2025 20:22:50.877,334,RECV,7E000F8100041F024E343036362D34484C59ED
06-10-2025 20:22:50.912,335,RECV,7E000F8100073A024E373036362D45553652CB
06-10-2025 20:22:50.912,336,RECV,7E000F81000534024E353036362D32414C51E7
06-10-2025 20:22:50.912,337,RECV,7E000F8100062E024E363036362D4C483842ED
06-10-2025 20:22:50.912,338,RECV,7E000F8100031A024E333036362D4B414C5AE3
06-10-2025 20:22:50.922,339,RECV,7E000F8100041F024E343036372D5A443456E5
06-10-2025 20:22:50.962,340,RECV,7E000F8100073A024E373036372D43445A4FBC
06-10-2025 20:22:50.972,341,RECV,7E000F81000534024E353036372D4C374630FD
06-10-2025 20:22:50.973,342,RECV,7E000F8100062E024E363036372D414B5256C6
06-10-2025 20:22:50.973,343,RECV,7E000F8100031A024E333036372D59414C56D8
06-10-2025 20:22:51.012,344,RECV,7E000F8100041F024E343036382D5448335AE3
06-10-2025 20:22:51.062,345,RECV,7E000F8100073A024E373036382D48584453B4
06-10-2025 20:22:51.062,346,RECV,7E000F81000534024E353036382D56474E45C5
06-10-2025 20:22:51.062,347,RECV,7E000F8100062E024E363036382D3637333524
06-10-2025 20:22:51.062,348,RECV,7E000F8100031A024E333036382D30545A4CE9
06-10-2025 20:22:51.072,349,RECV,7E000F8100041F024E343036392D4A495645DD
06-10-2025 20:22:51.112,350,RECV,7E000F8100073A024E373036392D59373545E0
06-10-2025 20:22:51.113,351,RECV,7E000F8100062E024E363036392D4C4D3336F6
06-10-2025 20:22:51.113,352,RECV,7E000F8100031A024E333036392D5137543204
06-10-2025 20:22:51.163,353,RECV,7E000F8100041F024E343037302D5839453805
06-10-2025 20:22:51.212,354,RECV,7E000F8100073A024E373037302D35595643CB
06-10-2025 20:22:51.212,355,RECV,7E000F81000832024E383037312D564F4555B8
06-10-2025 20:22:51.213,356,RECV,7E000F8100062E024E363037302D384C39380B
06-10-2025 20:22:51.213,357,RECV,7E000F8100031A024E333037302D49314C4410
06-10-2025 20:22:51.213,358,RECV,7E000F8100041F024E343037312D32424B3023
06-10-2025 20:22:51.273,359,RECV,7E000F81000833024E383037322D59365A45C7
06-10-2025 20:22:51.273,360,RECV,7E000F81000534024E353037312D364E4E41E8
06-10-2025 20:22:51.273,361,RECV,7E000F8100062E024E363037312D324B4643F9
06-10-2025 20:22:51.274,362,RECV,7E000F8100031A024E333037312D53534D32F4
06-10-2025 20:22:51.274,363,RECV,7E000F8100041F024E343037322D44513259F1
06-10-2025 20:22:51.363,364,RECV,7E000F81000833024E383037332D58433933ED
06-10-2025 20:22:51.363,365,RECV,7E000F81000535024E353037322D36465845E0
06-10-2025 20:22:51.363,366,RECV,7E000F8100062E024E363037322D4B305946E4
06-10-2025 20:22:51.363,367,RECV,7E000F8100031A024E333037322D304A384224
06-10-2025 20:22:51.363,368,RECV,7E000F8100041F024E343037332D384E373122
06-10-2025 20:22:51.413,369,RECV,7E000F81000833024E383037342D4D305547DA
06-10-2025 20:22:51.413,370,RECV,7E000F8100073A024E373037332D4C455130DD
06-10-2025 20:22:51.414,371,RECV,7E000F81000535024E353037332D314D4E36F6
06-10-2025 20:22:51.414,372,RECV,7E000F8100062E024E363037332D5A5A5133C5
06-10-2025 20:22:51.414,373,RECV,7E000F8100031A024E333037332D534B5741E1
06-10-2025 20:22:51.414,374,RECV,7E000F81000420024E343037342D444E413704
06-10-2025 20:22:51.464,375,RECV,7E000F81000833024E383037352D55385759B5
06-10-2025 20:22:51.492,376,RECV,7E000F8100073A024E373037342D48314A50DB
06-10-2025 20:22:51.492,377,RECV,7E000F81000534024E353037342D34424341FE
06-10-2025 20:22:51.493,378,RECV,7E000F8100062E024E363037342D445A3459D1
06-10-2025 20:22:51.493,379,RECV,7E000F8100031A024E333037342D5138315A02
06-10-2025 20:22:51.513,380,RECV,7E000F81000420024E343037352D3150393221
06-10-2025 20:22:51.564,381,RECV,7E000F81000834024E383037362D4B56574BAD
06-10-2025 20:22:51.564,382,RECV,7E000F81000534024E353037352D3054504ED5
06-10-2025 20:22:51.564,383,RECV,7E000F8100062E024E363037352D425A434CD0
06-10-2025 20:22:51.564,384,RECV,7E000F8100031A024E333037352D5535503605
06-10-2025 20:22:51.564,385,RECV,7E000F8100041F024E343037362D463434352A
06-10-2025 20:22:51.614,386,RECV,7E000F81000834024E383037372D38375248E6
06-10-2025 20:22:51.644,387,RECV,7E000F81000535024E353037362D4741393301
06-10-2025 20:22:51.645,388,RECV,7E000F8100062E024E363037362D45435730EB
06-10-2025 20:22:51.645,389,RECV,7E000F8100031A024E333037362D46544547EE
06-10-2025 20:22:51.664,390,RECV,7E000F8100041F024E343037372D33445A50EB
06-10-2025 20:22:51.705,391,RECV,7E000F81000834024E383037382D58424848C4
06-10-2025 20:22:51.705,392,RECV,7E000F8100073A024E373037372D5231494DD2
06-10-2025 20:22:51.705,393,RECV,7E000F81000534024E353037372D4C5A334DCF
06-10-2025 20:22:51.706,394,RECV,7E000F8100062E024E363037372D4E5A594AAE
06-10-2025 20:22:51.706,395,RECV,7E000F8100031A024E333037372D59554F49CD
06-10-2025 20:22:51.706,396,RECV,7E000F8100041F024E343037382D53324356ED
06-10-2025 20:22:51.764,397,RECV,7E000F81000833024E383037392D314B305AE8
06-10-2025 20:22:51.801,398,RECV,7E000F8100073A024E373037382D30345A59D3
06-10-2025 20:22:51.801,399,RECV,7E000F81000534024E353037382D414A3143F5
06-10-2025 20:22:51.801,400,RECV,7E000F8100062E024E363037382D45584256C3
06-10-2025 20:22:51.802,401,RECV,7E000F8100031A024E333037382D35565A47E6
06-10-2025 20:22:51.802,402,RECV,7E000F8100041F024E343037392D4F4E5236E5
06-10-2025 20:22:51.814,403,RECV,7E000F81000834024E383038302D5037554ECB
06-10-2025 20:22:51.815,404,RECV,7E000F8100073A024E373037392D35514648D5
06-10-2025 20:22:51.855,405,RECV,7E000F81000535024E353037392D4A465133DE
06-10-2025 20:22:51.856,406,RECV,7E000F8100062E024E363037392D4E325A4BD2
06-10-2025 20:22:51.856,407,RECV,7E000F8100031A024E333037392D3131534D0F
06-10-2025 20:22:51.856,408,RECV,7E000F8100041F024E343038302D4341544FEB
06-10-2025 20:22:51.915,409,RECV,7E000F81000833024E383038312D4F363653E7
06-10-2025 20:22:51.951,410,RECV,7E000F81000535024E353038302D52414448DB
06-10-2025 20:22:51.951,411,RECV,7E000F8100062E024E363038302D4638384900
06-10-2025 20:22:51.951,412,RECV,7E000F8100031A024E333038302D3841365A10
06-10-2025 20:22:51.951,413,RECV,7E000F8100041F024E343038312D584C5050CD
06-10-2025 20:22:51.965,414,RECV,7E000F81000834024E383038322D57325437DF
06-10-2025 20:22:51.965,415,RECV,7E000F81000536024E353038312D53475A36CE
06-10-2025 20:22:51.975,416,RECV,7E000F81000630024E363038312D58545249B5
06-10-2025 20:22:51.975,417,RECV,7E000F8100031A024E333038312D3041525401
06-10-2025 20:22:51.975,418,RECV,7E000F8100041F024E343038322D564B454DDD
06-10-2025 20:22:52.065,419,RECV,7E000F81000834024E383038332D45314259E1
06-10-2025 20:22:52.066,420,RECV,7E000F81000536024E353038322D48303749FF
06-10-2025 20:22:52.066,421,RECV,7E000F81000630024E363038322D58533037E9
06-10-2025 20:22:52.066,422,RECV,7E000F8100031A024E333038322D4F304959F6
06-10-2025 20:22:52.113,423,RECV,7E000F8100041F024E343038332D49574C59CA
06-10-2025 20:22:52.115,424,RECV,7E000F81000835024E383038342D4C495547BF
06-10-2025 20:22:52.128,425,RECV,7E000F81000536024E353038332D524B394BD5
06-10-2025 20:22:52.129,426,RECV,7E000F81000630024E363038332D30464449F7
06-10-2025 20:22:52.132,427,RECV,7E000F8100031A024E333038332D3859374B03
06-10-2025 20:22:52.132,428,RECV,7E000F8100041F024E343038342D33544A56E7
06-10-2025 20:22:52.165,429,RECV,7E000F81000835024E383038352D53583658B6
06-10-2025 20:22:52.216,430,RECV,7E000F81000536024E353038342D4A435357BE
06-10-2025 20:22:52.216,431,RECV,7E000F81000630024E363038342D54543047DA
06-10-2025 20:22:52.216,432,RECV,7E000F8100031A024E333038342D3741314923
06-10-2025 20:22:52.216,433,RECV,7E000F8100041F024E343038352D4B545935E0
06-10-2025 20:22:52.266,434,RECV,7E000F81000835024E383038362D434E3242E9
06-10-2025 20:22:52.266,435,RECV,7E000F81000536024E353038352D48473554DC
06-10-2025 20:22:52.266,436,RECV,7E000F81000630024E363038352D55333041FF
06-10-2025 20:22:52.266,437,RECV,7E000F8100031A024E333038352D4242313926
06-10-2025 20:22:52.266,438,RECV,7E000F8100041F024E343038362D3848354A0D
06-10-2025 20:22:52.316,439,RECV,7E000F81000835024E383038372D4F525533C4
06-10-2025 20:22:52.366,440,RECV,7E000F81000536024E353038362D3037314C0F
06-10-2025 20:22:52.366,441,RECV,7E000F81000630024E363038362D455A4F57B2
06-10-2025 20:22:52.367,442,RECV,7E000F8100031A024E333038362D4233574304
06-10-2025 20:22:52.367,443,RECV,7E000F8100041F024E343038372D45454D51E3
06-10-2025 20:22:52.367,444,RECV,7E000F81000835024E383038382D5331544DC7
06-10-2025 20:22:52.416,445,RECV,7E000F81000536024E353038372D4930514BDD
06-10-2025 20:22:52.417,446,RECV,7E000F81000630024E363038372D3147313914
06-10-2025 20:22:52.417,447,RECV,7E000F8100031A024E333038372D3857544CE3
06-10-2025 20:22:52.417,448,RECV,7E000F8100041F024E343038382D4D34504AEF
06-10-2025 20:22:52.466,449,RECV,7E000F81000835024E383038392D4F585244AE
06-10-2025 20:22:52.517,450,RECV,7E000F81000536024E353038382D50425539D1
06-10-2025 20:22:52.517,451,RECV,7E000F81000630024E363038382D5031564BD3
06-10-2025 20:22:52.517,452,RECV,7E000F8100031A024E333038382D30435A45FF
06-10-2025 20:22:52.517,453,RECV,7E000F8100041F024E343038392D41375344FA
06-10-2025 20:22:52.518,454,RECV,7E000F81000835024E383039302D37504232F8
06-10-2025 20:22:52.567,455,RECV,7E000F81000535024E353038392D46305552D4
06-10-2025 20:22:52.568,456,RECV,7E000F81000630024E363038392D3234474FF8
06-10-2025 20:22:52.568,457,RECV,7E000F8100031A024E333038392D49515755CA
06-10-2025 20:22:52.568,458,RECV,7E000F8100041F024E343039302D52324857EE
06-10-2025 20:22:52.617,459,RECV,7E000F81000835024E383039312D4F534556B5
06-10-2025 20:22:52.667,460,RECV,7E000F81000536024E353039302D31555A38E0
06-10-2025 20:22:52.667,461,RECV,7E000F81000630024E363039302D56385735E2
06-10-2025 20:22:52.667,462,RECV,7E000F8100031A024E333039302D3934313644
06-10-2025 20:22:52.667,463,RECV,7E000F8100041F024E343039312D484B4145F7
06-10-2025 20:22:52.668,464,RECV,7E000F81000835024E383039322D4A304F50D8
06-10-2025 20:22:52.668,465,RECV,7E000F81000535024E353039312D34324A50F8
06-10-2025 20:22:52.688,466,RECV,7E000F81000630024E363039312D51555433CE
06-10-2025 20:22:52.729,467,RECV,7E000F8100031A024E333039312D4857464EE4
06-10-2025 20:22:52.729,468,RECV,7E000F81000834024E383039332D56344134F2
06-10-2025 20:22:52.767,469,RECV,7E000F81000535024E353039322D49434B47D9
06-10-2025 20:22:52.768,470,RECV,7E000F8100062F024E363039322D4E4B5639D3
06-10-2025 20:22:52.768,471,RECV,7E000F8100031A024E333039322D5A504A42E0
06-10-2025 20:22:52.818,472,RECV,7E000F81000835024E383039342D4B463653D5
06-10-2025 20:22:52.818,473,RECV,7E000F81000536024E353039332D4F52464EC0
06-10-2025 20:22:52.828,474,RECV,7E000F81000630024E363039332D57413836F3
06-10-2025 20:22:52.830,475,RECV,7E000F8100041F024E343039342D57525048CC
06-10-2025 20:22:52.830,476,RECV,7E000F8100031A024E333039332D48365150F6
06-10-2025 20:22:52.868,477,RECV,7E000F81000834024E383039352D3839443802
06-10-2025 20:22:52.918,478,RECV,7E000F81000536024E353039342D49425147D1
06-10-2025 20:22:52.918,479,RECV,7E000F8100073B024E373039342D57364441D9
06-10-2025 20:22:52.918,480,RECV,7E000F8100041F024E343039352D4C42433407
06-10-2025 20:22:52.918,481,RECV,7E000F8100031A024E333039342D44434E4CF3
06-10-2025 20:22:52.968,482,RECV,7E000F81000834024E383039362D55454D43C4
06-10-2025 20:22:52.968,483,RECV,7E000F81000536024E353039352D30583954DE
06-10-2025 20:22:52.968,484,RECV,7E000F8100073C024E373039352D57344134E9
06-10-2025 20:22:52.969,485,RECV,7E000F8100041F024E343039362D5159474DCD
06-10-2025 20:22:52.969,486,RECV,7E000F8100031A024E333039352D3039335225
06-10-2025 20:22:53.018,487,RECV,7E000F81000834024E383039372D564E3537DD
06-10-2025 20:22:53.068,488,RECV,7E000F81000536024E353039362D42595335CF
06-10-2025 20:22:53.068,489,RECV,7E000F8100073B024E373039362D3059575AAF
06-10-2025 20:22:53.068,490,RECV,7E000F8100041F024E343039372D415535340B
06-10-2025 20:22:53.068,491,RECV,7E000F8100031A024E333039362D524531301A
06-10-2025 20:22:53.118,492,RECV,7E000F81000834024E383039382D54445137CC
06-10-2025 20:22:53.119,493,RECV,7E000F81000536024E353039372D5A374B35E0
06-10-2025 20:22:53.119,494,RECV,7E000F8100073C024E373039372D4D474D52B4
06-10-2025 20:22:53.119,495,RECV,7E000F8100041F024E343039382D4B45444CE9
06-10-2025 20:22:53.119,496,RECV,7E000F8100031A024E333039372D55514336F2
06-10-2025 20:22:53.168,497,RECV,7E000F81000835024E383039392D4248514BC4
06-10-2025 20:22:53.218,498,RECV,7E000F81000536024E353039382D44314F54D8
06-10-2025 20:22:53.218,499,RECV,7E000F8100073B024E373039382D4E475A37C1
06-10-2025 20:22:53.219,500,RECV,7E000F8100041F024E343039392D3530475606
06-10-2025 20:22:53.219,501,RECV,7E000F8100062F024E363039382D3955444AD9
06-10-2025 20:22:53.219,502,RECV,7E000F8100031A024E333039382D5746304102
06-10-2025 20:22:53.269,503,RECV,7E000F81000536024E353039392D5749474FB9
06-10-2025 20:22:53.269,504,RECV,7E000F8100073C024E373039392D52424445C8
06-10-2025 20:22:53.269,505,RECV,7E000F81000630024E363039392D42503357D7
06-10-2025 20:22:53.269,506,RECV,7E000F8100031A024E333039392D504B4B35F4
