05-09-2025 15:15:43.479,-,API2,"Sink 1,0013A20041839DB1,802.15.4 TH,2003,/dev/ttyUSB0 - 57600/8/M/1/N,1,46"

05-09-2025 15:12:47.843,0,RECV,7E000F81000018024E343030302D5553304706
05-09-2025 15:12:47.932,1,RECV,7E007D3181F9DF1D02D4004E313030312D555A4F4830
05-09-2025 15:12:47.933,2,RECV,7E007D3181F9DF1D02D5004E313030322D3456553263
05-09-2025 15:12:47.933,3,RECV,7E000F8100001A024E343030312D53394957F6
05-09-2025 15:12:47.983,4,RECV,7E007D3181F9DF1D02D6004E313030332D494A50345B
05-09-2025 15:12:47.999,5,RECV,7E007D3181F9DF1D02D7004E313030342D4550564B3A
05-09-2025 15:12:47.999,6,RECV,7E000F8100001A024E343030322D4A38484A0D
05-09-2025 15:12:47.999,7,RECV,7E000F81000021024E333030312D3334575509
05-09-2025 15:12:48.033,8,RECV,7E000F8100001A024E343030332D434A573903
05-09-2025 15:12:48.053,9,RECV,7E000F81000021024E333030322D57553257E6
05-09-2025 15:12:48.083,10,RECV,7E007D3181F9DF1D02D8004E313030352D365650355D
05-09-2025 15:12:48.083,11,RECV,7E007D3181F9DF1D02D9004E313030362D5159513140
05-09-2025 15:12:48.083,12,RECV,7E007D3181F9DF1E02DA004E313030372D5A4D32553B
05-09-2025 15:12:48.133,13,RECV,7E007D3181F9DF1D02DB004E313030382D4D4638306D
05-09-2025 15:12:48.183,14,RECV,7E000F8100001A024E343030342D323639512D
05-09-2025 15:12:48.185,15,RECV,7E000F8100001A024E343030352D50484252F2
05-09-2025 15:12:48.185,16,RECV,7E000F8100001A024E343030362D4653343719
05-09-2025 15:12:48.193,17,RECV,7E000F81000021024E333030332D55563159E5
05-09-2025 15:12:48.194,18,RECV,7E000F81000021024E333030342D58595032E6
05-09-2025 15:12:48.224,19,RECV,7E000F8100001A024E343030372D485A5844DE
05-09-2025 15:12:48.224,20,RECV,7E000F8100001A024E343030382D364C52367D31
05-09-2025 15:12:48.224,21,RECV,7E000F8100001D024E323030312D4C39455403
05-09-2025 15:12:48.224,22,RECV,7E000F81000021024E333030352D3353363527
05-09-2025 15:12:48.284,23,RECV,7E007D3181F9DF1E02DD004E313031302D514F334A4F
05-09-2025 15:12:48.285,24,RECV,7E000F8100001D024E323030322D374E37362E
05-09-2025 15:12:48.334,25,RECV,7E000F8100001E024E323030332D57464D47ED
05-09-2025 15:12:48.338,26,RECV,7E000F81000021024E333030362D58475059CF
05-09-2025 15:12:48.384,27,RECV,7E000F8100001A024E343030392D4B34534107
05-09-2025 15:12:48.434,28,RECV,7E000F8100001A024E343031302D48334B421A
05-09-2025 15:12:48.484,29,RECV,7E000F8100001A024E343031312D4638334927
05-09-2025 15:12:48.534,30,RECV,7E000F8100001A024E343031322D4C504844F8
05-09-2025 15:12:48.536,31,RECV,7E007D3181F9DF1D02DE004E313031312D5750434A37
05-09-2025 15:12:48.536,32,RECV,7E007D3181F9DF1D02DF004E313031322D464E4D5434
05-09-2025 15:12:48.536,33,RECV,7E000F8100001A024E343031332D4F4734480D
05-09-2025 15:12:48.585,34,RECV,7E000F8100001A024E343031342D4B5A3557ED
05-09-2025 15:12:48.635,35,RECV,7E000F81000021024E333030372D4B51363410
05-09-2025 15:12:48.685,36,RECV,7E000F8100001D024E323030342D3857543803
05-09-2025 15:12:48.735,37,RECV,7E000F8100001D024E323030352D36474A5402
05-09-2025 15:12:48.753,38,RECV,7E000F8100001D024E323030362D5034503612
05-09-2025 15:12:48.754,39,RECV,7E007D3181F9DF1E02E0004E313031332D50475A462F
05-09-2025 15:12:48.785,40,RECV,7E007D3181F9DF1D02E1004E313031342D315A39465B
05-09-2025 15:12:48.836,41,RECV,7E000F8100001E024E323030372D564C4958D7
05-09-2025 15:12:48.842,42,RECV,7E000F8100001A024E343031352D4B4737381C
05-09-2025 15:12:48.885,43,RECV,7E000F8100001E024E323030382D43565844E4
05-09-2025 15:12:48.908,44,RECV,7E000F8100001E024E323030392D4A4C453706
05-09-2025 15:12:48.908,45,RECV,7E000F8100001E024E323031302D3053514507
05-09-2025 15:12:48.935,46,RECV,7E000F8100001A024E343031362D345653330C
05-09-2025 15:12:48.935,47,RECV,7E000F8100001E024E323031312D434A363527
05-09-2025 15:12:48.996,48,RECV,7E007D3181F9DF1D02E2004E313031352D5745545221
05-09-2025 15:12:49.006,49,RECV,7E000F8100001A024E343031372D5852564AD1
05-09-2025 15:12:49.007,50,RECV,7E000F8100001E024E323031322D4647563209
05-09-2025 15:12:49.036,51,RECV,7E000F8100001A024E343031382D5630504EF6
05-09-2025 15:12:49.086,52,RECV,7E000F81000021024E333030382D5951304EED
05-09-2025 15:12:49.088,53,RECV,7E000F8100001D024E323031332D315654360D
05-09-2025 15:12:49.088,54,RECV,7E000F81000021024E333030392D4F344C3114
05-09-2025 15:12:49.088,55,RECV,7E000F8100001D024E323031342D423450381F
05-09-2025 15:12:49.136,56,RECV,7E007D3181F9DF1D02E3004E313031362D4B52375637
05-09-2025 15:12:49.137,57,RECV,7E000F8100001D024E323031352D5344394705
05-09-2025 15:12:49.137,58,RECV,7E000F81000021024E333031302D4253354B07
05-09-2025 15:12:49.186,59,RECV,7E000F8100001A024E343031392D375330451A
05-09-2025 15:12:49.197,60,RECV,7E000F8100001A024E343032302D4D5A4347F0
05-09-2025 15:12:49.199,61,RECV,7E007D3181F9DF1D02E4004E313031372D48374D375C
05-09-2025 15:12:49.199,62,RECV,7E000F8100001A024E343032312D57593649F1
05-09-2025 15:12:49.199,63,RECV,7E000F81000021024E333031312D493743490F
05-09-2025 15:12:49.199,64,RECV,7E007D3181F9DF1D02E5004E313031382D325530594D
05-09-2025 15:12:49.199,65,RECV,7E007D3181F9DF1D02E6004E313031392D593331415D
05-09-2025 15:12:49.236,66,RECV,7E007D3181F9DF1D02E7004E313032302D5648484A32
05-09-2025 15:12:49.237,67,RECV,7E000F81000021024E333031322D564A574CD7
05-09-2025 15:12:49.286,68,RECV,7E000F81000021024E333031332D504C31410B
05-09-2025 15:12:49.337,69,RECV,7E000F81000021024E333031342D5A4E4F4BD6
05-09-2025 15:12:49.338,70,RECV,7E000F8100001A024E343032322D53424A52EE
05-09-2025 15:12:49.338,71,RECV,7E000F8100001E024E323031362D3158373921
05-09-2025 15:12:49.357,72,RECV,7E000F81000021024E333031352D4656544ED9
05-09-2025 15:12:49.387,73,RECV,7E007D3181F9DF1D02E8004E313032312D4B5A4B4A26
05-09-2025 15:12:49.407,74,RECV,7E000F81000021024E333031362D5330324E7D33
05-09-2025 15:12:49.437,75,RECV,7E000F81000021024E333031372D485A4743E9
05-09-2025 15:12:49.440,76,RECV,7E000F8100001E024E323031372D56575A35DD
05-09-2025 15:12:49.440,77,RECV,7E000F8100001A024E343032332D4D33354E1B
05-09-2025 15:12:49.487,78,RECV,7E000F8100001A024E343032342D314951371B
05-09-2025 15:12:49.490,79,RECV,7E000F8100001A024E343032352D46555142EE
05-09-2025 15:12:49.490,80,RECV,7E000F8100001A024E343032362D58435737F2
05-09-2025 15:12:49.490,81,RECV,7E000F8100001A024E343032372D36554F47F9
05-09-2025 15:12:49.498,82,RECV,7E000F8100001E024E323031382D4C33484D04
05-09-2025 15:12:49.537,83,RECV,7E000F8100001A024E343032382D3051364B17
05-09-2025 15:12:49.587,84,RECV,7E000F81000021024E333031382D5843484BE6
05-09-2025 15:12:49.587,85,RECV,7E000F8100001A024E343032392D414B583004
05-09-2025 15:12:49.587,86,RECV,7E000F81000021024E333031392D4C3441460C
05-09-2025 15:12:49.642,87,RECV,7E000F81000021024E333032302D4A544748EE
05-09-2025 15:12:49.649,88,RECV,7E000F8100001A024E343033302D3659573604
05-09-2025 15:12:49.657,89,RECV,7E000F8100001D024E323031392D4346383126
05-09-2025 15:12:49.738,90,RECV,7E007D3181F9DF1D02EA004E313032332D334B345951
05-09-2025 15:12:49.738,91,RECV,7E007D3181F9DF1D02EB004E313032342D4D4637464A
05-09-2025 15:12:49.788,92,RECV,7E000F81000021024E333032312D325A365503
05-09-2025 15:12:49.788,93,RECV,7E007D3181F9DF1D02EC004E313032352D4A3159394B
05-09-2025 15:12:49.838,94,RECV,7E000F8100001A024E343033312D5935383128
05-09-2025 15:12:49.888,95,RECV,7E007D3181F9DF1D02ED004E313032362D444359472F
05-09-2025 15:12:49.890,96,RECV,7E000F8100001A024E343033322D51325958EA
05-09-2025 15:12:49.890,97,RECV,7E000F8100001A024E343033332D45544856E6
05-09-2025 15:12:49.890,98,RECV,7E000F8100001A024E343033342D4842364D0F
05-09-2025 15:12:49.989,99,RECV,7E000F8100001A024E343033352D474C5739F8
05-09-2025 15:12:50.017,100,RECV,7E007D3181F9DF1D02EE004E313032372D573759521B
05-09-2025 15:12:50.039,101,RECV,7E000F8100001E024E323032312D3030364543
05-09-2025 15:12:50.042,102,RECV,7E000F8100001E024E323032322D564930420C
05-09-2025 15:12:50.090,103,RECV,7E000F8100001A024E343033362D5536344C0F
05-09-2025 15:12:50.098,104,RECV,7E000F8100001A024E343033372D45315A3019
05-09-2025 15:12:50.139,105,RECV,7E000F8100001D024E323032332D3759335307
05-09-2025 15:12:50.189,106,RECV,7E000F8100001D024E323032342D49534D37FC
05-09-2025 15:12:50.239,107,RECV,7E000F8100001D024E323032352D394E44440C
05-09-2025 15:12:50.239,108,RECV,7E000F81000021024E333032332D5357324EEE
05-09-2025 15:12:50.239,109,RECV,7E000F8100001A024E343033382D31375A4E08
05-09-2025 15:12:50.289,110,RECV,7E000F8100001A024E343033392D43454A327D33
05-09-2025 15:12:50.289,111,RECV,7E000F8100001A024E343034302D4A38504C01
05-09-2025 15:12:50.289,112,RECV,7E000F8100001D024E323032362D47444E360B
05-09-2025 15:12:50.289,113,RECV,7E007D3181F9DF1D02F0004E313032392D594F413037
05-09-2025 15:12:50.300,114,RECV,7E000F8100001A024E343034312D535A4D35EF
05-09-2025 15:12:50.340,115,RECV,7E000F8100001E024E323032372D38583959F6
05-09-2025 15:12:50.350,116,RECV,7E000F8100001A024E343034322D57325956E5
05-09-2025 15:12:50.352,117,RECV,7E000F81000021024E333032342D5848414AEC
05-09-2025 15:12:50.389,118,RECV,7E000F81000021024E333032352D3939535100
05-09-2025 15:12:50.440,119,RECV,7E000F8100001A024E343034332D544C443602
05-09-2025 15:12:50.440,120,RECV,7E000F81000021024E333032362D3135465019
05-09-2025 15:12:50.560,121,RECV,7E000F8100001E024E323032382D4C394C48FE
05-09-2025 15:12:50.590,122,RECV,7E000F8100001A024E343034342D55414446FB
05-09-2025 15:12:50.640,123,RECV,7E000F8100001D024E323032392D3845325216
05-09-2025 15:12:50.640,124,RECV,7E000F8100001A024E343034352D4839315414
05-09-2025 15:12:50.690,125,RECV,7E000F8100001D024E323033302D5A575058C6
05-09-2025 15:12:50.690,126,RECV,7E000F81000021024E333032382D4E514D50D7
05-09-2025 15:12:50.740,127,RECV,7E000F81000021024E333032392D4B3532550B
05-09-2025 15:12:50.791,128,RECV,7E000F8100001D024E323033312D4F4C424EF3
05-09-2025 15:12:50.791,129,RECV,7E007D3181F9DF1D02F1004E313033302D4E37314859
05-09-2025 15:12:50.791,130,RECV,7E000F8100001A024E343034362D4F514657DC
05-09-2025 15:12:50.791,131,RECV,7E007D3181F9DF1D02F2004E313033312D394B464249
05-09-2025 15:12:50.841,132,RECV,7E000F8100001A024E343034372D57463259F0
05-09-2025 15:12:50.844,133,RECV,7E000F81000021024E333033302D4E31325514
05-09-2025 15:12:50.862,134,RECV,7E000F81000021024E333033312D59464E37F5
05-09-2025 15:12:50.991,135,RECV,7E007D3181F9DF1D02F3004E313033322D34305A5342
05-09-2025 15:12:50.991,136,RECV,7E000F81000021024E333033322D5658304BEF
05-09-2025 15:12:51.041,137,RECV,7E000F8100001A024E343034382D3636565203
05-09-2025 15:12:51.052,138,RECV,7E000F8100001E024E323033322D42585A32F6
05-09-2025 15:12:51.092,139,RECV,7E007D3181F9DF1D02F4004E313033332D4A4C315931
05-09-2025 15:12:51.100,140,RECV,7E007D3181F9DF1D02F5004E313033342D3948424E3E
05-09-2025 15:12:51.141,141,RECV,7E000F8100001A024E343034392D454734381E
05-09-2025 15:12:51.192,142,RECV,7E000F8100001A024E343035302D32595950EA
05-09-2025 15:12:51.192,143,RECV,7E000F81000021024E333033332D51454A3601
05-09-2025 15:12:51.242,144,RECV,7E000F8100001A024E343035312D5A3041440E
05-09-2025 15:12:51.242,145,RECV,7E000F8100001D024E323033332D4F3853330F
05-09-2025 15:12:51.242,146,RECV,7E007D3181F9DF1D02F6004E313033352D4B5243521B
05-09-2025 15:12:51.292,147,RECV,7E000F8100001A024E343035322D4C4B5049EC
05-09-2025 15:12:51.293,148,RECV,7E000F8100001D024E323033342D504E353612
05-09-2025 15:12:51.294,149,RECV,7E000F8100001A024E343035332D374D394C12
05-09-2025 15:12:51.303,150,RECV,7E000F81000021024E333033352D33445353F8
05-09-2025 15:12:51.342,151,RECV,7E000F8100001A024E343035342D45424F46FE
05-09-2025 15:12:51.348,152,RECV,7E000F8100001D024E323033352D4954424EED
05-09-2025 15:12:51.392,153,RECV,7E000F8100001E024E323033362D45474B340D
05-09-2025 15:12:51.392,154,RECV,7E000F81000021024E333033362D4246584DE7
05-09-2025 15:12:51.442,155,RECV,7E000F8100001A024E343035352D485133321B
05-09-2025 15:12:51.492,156,RECV,7E000F8100001A024E343035362D4D4941370A
05-09-2025 15:12:51.497,157,RECV,7E007D3181F9DF1D02F7004E313033362D314B314955
05-09-2025 15:12:51.502,158,RECV,7E000F8100001E024E323033382D4955414EE9
05-09-2025 15:12:51.503,159,RECV,7E000F8100001A024E343035372D4D315152F6
05-09-2025 15:12:51.503,160,RECV,7E000F8100001E024E323033392D35464E4EFE
05-09-2025 15:12:51.543,161,RECV,7E000F8100001E024E323034302D56573459E3
05-09-2025 15:12:51.543,162,RECV,7E000F81000021024E333033372D395444350D
05-09-2025 15:12:51.593,163,RECV,7E000F8100001D024E323034312D4435524E04
05-09-2025 15:12:51.642,164,RECV,7E000F81000021024E333033382D3042475AFF
05-09-2025 15:12:51.694,165,RECV,7E000F81000021024E333033392D4657373508
05-09-2025 15:12:51.712,166,RECV,7E007D3181F9DF1D02F8004E313033372D3932333378
05-09-2025 15:12:51.712,167,RECV,7E000F8100001A024E343035382D324C4A4B03
05-09-2025 15:12:51.712,168,RECV,7E000F81000021024E333034302D3553485AEF
05-09-2025 15:12:51.743,169,RECV,7E007D3181F9DF1E02F9004E313033382D4D35434F32
05-09-2025 15:12:51.743,170,RECV,7E000F81000021024E333034312D5159335AE1
05-09-2025 15:12:51.743,171,RECV,7E000F8100001A024E343035392D5A46344BF6
05-09-2025 15:12:51.843,172,RECV,7E007D3181F9DF1D02FA004E313033392D3759323251
05-09-2025 15:12:51.843,173,RECV,7E007D3181F9DF1D02FB004E313034302D3147494D3E
05-09-2025 15:12:51.893,174,RECV,7E000F8100001A024E343036302D4F4C32351B
05-09-2025 15:12:51.893,175,RECV,7E000F81000021024E333034332D59524D47D7
05-09-2025 15:12:51.893,176,RECV,7E000F8100001A024E343036312D354E4E58F3
05-09-2025 15:12:51.943,177,RECV,7E000F81000021024E333034342D5238325405
05-09-2025 15:12:51.958,178,RECV,7E000F81000021024E333034352D48494941F9
05-09-2025 15:12:51.994,179,RECV,7E000F81000021024E333034362D464E334903
05-09-2025 15:12:52.054,180,RECV,7E000F8100001E024E323034322D58564442E7
05-09-2025 15:12:52.054,181,RECV,7E000F8100001A024E343036322D3333554B15
05-09-2025 15:12:52.094,182,RECV,7E007D3181F9DF1D02FC004E313034312D594133304D
05-09-2025 15:12:52.096,183,RECV,7E000F81000021024E333034372D48564E39ED
05-09-2025 15:12:52.144,184,RECV,7E007D3181F9DF1E02FD004E313034322D59555A59E6
05-09-2025 15:12:52.145,185,RECV,7E000F8100001D024E323034332D543031471F
05-09-2025 15:12:52.145,186,RECV,7E000F8100001D024E323034342D4A564635FF
05-09-2025 15:12:52.195,187,RECV,7E000F8100001C024E323034352D5743434AF3
05-09-2025 15:12:52.245,188,RECV,7E007D3181F9DF1D02FE004E313034332D574A49421A
05-09-2025 15:12:52.345,189,RECV,7E000F8100001D024E323034362D3348324E1D
05-09-2025 15:12:52.345,190,RECV,7E007D3181F9DF1D02FF004E313034342D45334C542C
05-09-2025 15:12:52.395,191,RECV,7E000F8100001E024E323034372D55514741E8
05-09-2025 15:12:52.445,192,RECV,7E000F8100001E024E323034382D4A3733352C
05-09-2025 15:12:52.446,193,RECV,7E007D3181F9DF1D0201004E313034352D37364A4644
05-09-2025 15:12:52.446,194,RECV,7E000F8100001A024E343036332D3548553216
05-09-2025 15:12:52.495,195,RECV,7E000F8100001A024E343036342D55474C41F0
05-09-2025 15:12:52.495,196,RECV,7E000F8100001E024E323034392D594F475ACB
05-09-2025 15:12:52.495,197,RECV,7E000F8100001E024E323035302D334B304628
05-09-2025 15:12:52.495,198,RECV,7E000F81000021024E333034392D584F5A57B8
05-09-2025 15:12:52.545,199,RECV,7E007D3181F9DF1D0202004E313034362D374F494F21
05-09-2025 15:12:52.595,200,RECV,7E000F8100001D024E323035312D4C484957E8
05-09-2025 15:12:52.614,201,RECV,7E000F8100001E024E323035322D4837423920
05-09-2025 15:12:52.656,202,RECV,7E007D3181F9DF1D0203004E313034372D5347594A00
05-09-2025 15:12:52.656,203,RECV,7E000F8100001A024E343036352D3843415705
05-09-2025 15:12:52.656,204,RECV,7E007D3181F9DF1D0204004E313034382D5349303639
05-09-2025 15:12:52.656,205,RECV,7E007D3181F9DF1D0205004E313034392D325A384431
05-09-2025 15:12:52.656,206,RECV,7E000F8100001D024E323035332D3938504118
05-09-2025 15:12:52.656,207,RECV,7E000F8100001D024E323035342D4D503953F0
05-09-2025 15:12:52.656,208,RECV,7E000F8100001D024E323035352D4B504C41F0
05-09-2025 15:12:52.695,209,RECV,7E000F81000021024E333035302D54583954DF
05-09-2025 15:12:52.708,210,RECV,7E000F8100001D024E323035362D32515A3604
05-09-2025 15:12:52.746,211,RECV,7E007D3181F9DF1E0206004E313035302D31454D522A
05-09-2025 15:12:52.749,212,RECV,7E000F8100001D024E323035372D4C5A4557D4
05-09-2025 15:12:52.749,213,RECV,7E000F8100001D024E323035382D4349334610
05-09-2025 15:12:52.796,214,RECV,7E007D3181F9DF1E0207004E313035312D4D414F540C
05-09-2025 15:12:52.846,215,RECV,7E007D3181F9DF1D0208004E313035322D4A514B59FD
05-09-2025 15:12:52.866,216,RECV,7E000F81000021024E333035312D354559337D31
05-09-2025 15:12:52.896,217,RECV,7E007D3181F9DF1D0209004E313035332D38365A571B
05-09-2025 15:12:52.912,218,RECV,7E000F8100001E024E323035392D3239434E17
05-09-2025 15:12:52.946,219,RECV,7E000F8100001A024E343036362D4F334B4505
05-09-2025 15:12:52.996,220,RECV,7E007D3181F9DF1D020A004E313035342D4F525447FC
05-09-2025 15:12:53.012,221,RECV,7E000F81000021024E333035322D424E544CE6
05-09-2025 15:12:53.047,222,RECV,7E000F8100001A024E343036372D5A3035490E
05-09-2025 15:12:53.097,223,RECV,7E007D3181F9DF1D020B004E313035352D3958314C28
05-09-2025 15:12:53.097,224,RECV,7E000F8100001A024E343036382D5756584CC4
05-09-2025 15:12:53.097,225,RECV,7E000F8100001A024E343036392D524E4C32F6
05-09-2025 15:12:53.147,226,RECV,7E000F8100001D024E323036302D3148594109
05-09-2025 15:12:53.170,227,RECV,7E000F8100001A024E343037302D55574946E1
05-09-2025 15:12:53.197,228,RECV,7E007D3181F9DF1E020C004E313035362D4A4D344523
05-09-2025 15:12:53.247,229,RECV,7E000F8100001A024E343037312D3842365714
05-09-2025 15:12:53.297,230,RECV,7E000F81000021024E333035332D4733574301
05-09-2025 15:12:53.297,231,RECV,7E000F8100001A024E343037322D323154527D31
05-09-2025 15:12:53.297,232,RECV,7E000F8100001A024E343037332D50315353F2
05-09-2025 15:12:53.298,233,RECV,7E000F81000021024E333035342D364C364E0E
05-09-2025 15:12:53.308,234,RECV,7E000F8100001A024E343037342D335135342B
05-09-2025 15:12:53.347,235,RECV,7E000F81000021024E333035352D324D5254EE
05-09-2025 15:12:53.347,236,RECV,7E000F81000021024E333035362D554C5250CF
05-09-2025 15:12:53.397,237,RECV,7E000F8100001E024E323036312D354F473619
05-09-2025 15:12:53.408,238,RECV,7E000F8100001A024E343037352D464F5333FC
05-09-2025 15:12:53.448,239,RECV,7E000F8100001E024E323036322D48504258E7
05-09-2025 15:12:53.498,240,RECV,7E007D3181F9DF1D020D004E313035372D3832445A2A
05-09-2025 15:12:53.498,241,RECV,7E000F8100001E024E323036332D493547381B
05-09-2025 15:12:53.498,242,RECV,7E000F81000021024E333035372D58445053D2
05-09-2025 15:12:53.548,243,RECV,7E000F8100001E024E323036342D3658325700
05-09-2025 15:12:53.548,244,RECV,7E000F8100001E024E323036352D49324F3418
05-09-2025 15:12:53.598,245,RECV,7E000F8100001A024E343037362D4B4E5430F9
05-09-2025 15:12:53.599,246,RECV,7E007D3181F9DF1D020E004E313035382D4956484603
05-09-2025 15:12:53.599,247,RECV,7E007D3181F9DF1D020F004E313035392D3541315136
05-09-2025 15:12:53.648,248,RECV,7E000F8100001A024E343037372D3643463125
05-09-2025 15:12:53.699,249,RECV,7E000F8100001A024E343037382D3151484A00
05-09-2025 15:12:53.749,250,RECV,7E000F8100001A024E343037392D44564836FB
05-09-2025 15:12:53.770,251,RECV,7E007D3181F9DF1E0210004E313036302D505530441B
05-09-2025 15:12:53.770,252,RECV,7E000F8100001A024E343038302D56394658EE
05-09-2025 15:12:53.799,253,RECV,7E000F8100001A024E343038312D4F32325A0D
05-09-2025 15:12:53.799,254,RECV,7E000F8100001D024E323036362D4C4B4345F7
05-09-2025 15:12:53.849,255,RECV,7E007D3181F9DF1D027D31004E313036312D4A50415800
05-09-2025 15:12:53.849,256,RECV,7E000F8100001D024E323036372D5958574CC1
05-09-2025 15:12:53.899,257,RECV,7E000F8100001E024E323036382D53434545F3
05-09-2025 15:12:53.927,258,RECV,7E000F8100001E024E323036392D354D434C01
05-09-2025 15:12:53.927,259,RECV,7E000F81000021024E333035382D53444F30FA
05-09-2025 15:12:53.927,260,RECV,7E000F81000021024E333035392D393342352C
05-09-2025 15:12:53.927,261,RECV,7E007D3181F9DF1D0212004E313036322D553554391A
05-09-2025 15:12:53.949,262,RECV,7E000F81000021024E333036302D55334D380A
05-09-2025 15:12:53.949,263,RECV,7E000F81000021024E333036312D363859440B
05-09-2025 15:12:53.949,264,RECV,7E000F81000021024E333036322D4158504BE1
05-09-2025 15:12:53.949,265,RECV,7E000F8100001A024E343038322D49575633F0
05-09-2025 15:12:53.999,266,RECV,7E007D3181F9DF1D027D33004E313036332D4945333935
05-09-2025 15:12:54.050,267,RECV,7E000F8100001A024E343038332D365835460F
05-09-2025 15:12:54.083,268,RECV,7E000F8100001E024E323037302D4B344F301C
05-09-2025 15:12:54.083,269,RECV,7E007D3181F9DF1D0214004E313036342D594132570A
05-09-2025 15:12:54.083,270,RECV,7E000F8100001A024E343038342D32334B491E
05-09-2025 15:12:54.150,271,RECV,7E000F81000021024E333036332D4A4B334FFD
05-09-2025 15:12:54.150,272,RECV,7E007D3181F9DF1D0215004E313036352D3337394C3C
05-09-2025 15:12:54.201,273,RECV,7E000F8100001D024E323037312D4937554DF8
05-09-2025 15:12:54.237,274,RECV,7E000F81000021024E333036342D384B424608
05-09-2025 15:12:54.300,275,RECV,7E000F8100001D024E323037332D5542334806
05-09-2025 15:12:54.301,276,RECV,7E007D3181F9DF1D0217004E313036372D564D433110
05-09-2025 15:12:54.400,277,RECV,7E000F8100001E024E323037342D4532464217
05-09-2025 15:12:54.400,278,RECV,7E007D3181F9DF1D0218004E313036382D344A384A25
05-09-2025 15:12:54.400,279,RECV,7E007D3181F9DF1D0219004E313036392D4B574457E6
05-09-2025 15:12:54.450,280,RECV,7E007D3181F9DF1D021A004E313037302D4141413532
05-09-2025 15:12:54.501,281,RECV,7E000F8100001E024E323037352D4641424DFF
05-09-2025 15:12:54.550,282,RECV,7E000F8100001A024E343038352D4448474DF6
05-09-2025 15:12:54.551,283,RECV,7E000F81000021024E333036352D56454536FC
05-09-2025 15:12:54.601,284,RECV,7E000F8100001A024E343038362D354B54350C
05-09-2025 15:12:54.602,285,RECV,7E007D3181F9DF1D021B004E313037312D5530493327
05-09-2025 15:12:54.612,286,RECV,7E007D3181F9DF1D021C004E313037322D363142522B
05-09-2025 15:12:54.612,287,RECV,7E000F81000021024E333036362D463733461B
05-09-2025 15:12:54.612,288,RECV,7E007D3181F9DF1D021D004E313037332D5A493953F5
05-09-2025 15:12:54.651,289,RECV,7E000F81000021024E333036372D5947574BCE
05-09-2025 15:12:54.652,290,RECV,7E007D3181F9DF1D021E004E313037342D5752584ED3
05-09-2025 15:12:54.701,291,RECV,7E000F81000021024E333036382D57354E4FE6
05-09-2025 15:12:54.751,292,RECV,7E000F8100001D024E323037362D5A4E333109
05-09-2025 15:12:54.802,293,RECV,7E000F81000021024E333036392D57455A52C6
05-09-2025 15:12:54.802,294,RECV,7E000F8100001D024E323037372D4A434B51EB
05-09-2025 15:12:54.851,295,RECV,7E000F8100001A024E343038372D534F3542FB
05-09-2025 15:12:54.902,296,RECV,7E007D3181F9DF1D021F004E313037352D4946333925
05-09-2025 15:12:54.906,297,RECV,7E000F8100001A024E343038382D4A554442EE
05-09-2025 15:12:54.907,298,RECV,7E000F8100001A024E343038392D54444247F1
05-09-2025 15:12:54.962,299,RECV,7E000F8100001A024E343039302D4E4D4343F9
05-09-2025 15:12:55.052,300,RECV,7E000F81000021024E333037302D4443354B0F
05-09-2025 15:12:55.052,301,RECV,7E007D3181F9DF1D0220004E313037362D4B524B4DE9
05-09-2025 15:12:55.052,302,RECV,7E000F8100001A024E343039312D4C454856EA
05-09-2025 15:12:55.102,303,RECV,7E000F8100001A024E343039322D4C375757E7
05-09-2025 15:12:55.104,304,RECV,7E000F8100001D024E323037382D494D4852E3
05-09-2025 15:12:55.105,305,RECV,7E007D3181F9DF1D0221004E313037372D4F574451E1
05-09-2025 15:12:55.105,306,RECV,7E007D3181F9DF1D0222004E313037382D4139395215
05-09-2025 15:12:55.105,307,RECV,7E007D3181F9DF1D0223004E313037392D575A4F53C5
05-09-2025 15:12:55.152,308,RECV,7E000F81000021024E333037312D47584E4BDD
05-09-2025 15:12:55.152,309,RECV,7E000F8100001A024E343039332D354C5550F1
05-09-2025 15:12:55.152,310,RECV,7E007D3181F9DF1D0224004E313038302D58554941E8
05-09-2025 15:12:55.202,311,RECV,7E000F8100001D024E323037392D36545734FD
05-09-2025 15:12:55.203,312,RECV,7E007D3181F9DF1D0225004E313038312D59514655D8
05-09-2025 15:12:55.213,313,RECV,7E000F81000021024E333037332D51335856E1
05-09-2025 15:12:55.253,314,RECV,7E000F8100001D024E323038302D3458584FE7
05-09-2025 15:12:55.303,315,RECV,7E000F8100001D024E323038312D4D574E59CE
05-09-2025 15:12:55.303,316,RECV,7E000F81000021024E333037342D52424C57DB
05-09-2025 15:12:55.353,317,RECV,7E000F81000021024E333037352D4C334155FC
05-09-2025 15:12:55.403,318,RECV,7E007D3181F9DF1D0226004E313038322D4734333934
05-09-2025 15:12:55.407,319,RECV,7E007D3181F9DF1D0227004E313038332D343134314F
05-09-2025 15:12:55.407,320,RECV,7E007D3181F9DF1D0228004E313038342D42574C56DC
05-09-2025 15:12:55.408,321,RECV,7E000F8100001A024E343039342D4B583449F6
05-09-2025 15:12:55.453,322,RECV,7E000F8100001E024E323038322D57384651F1
05-09-2025 15:12:55.458,323,RECV,7E000F8100001E024E323038332D36444C351B
05-09-2025 15:12:55.503,324,RECV,7E007D3181F9DF1D0229004E313038352D574F5751C7
05-09-2025 15:12:55.503,325,RECV,7E000F81000021024E333037362D4F5A5336DE
05-09-2025 15:12:55.503,326,RECV,7E000F81000021024E333037372D413943331F
05-09-2025 15:12:55.553,327,RECV,7E000F8100001E024E323038342D4E364D49FB
05-09-2025 15:12:55.556,328,RECV,7E000F8100001E024E323038352D5634544AEC
05-09-2025 15:12:55.556,329,RECV,7E000F81000021024E333037382D58534542DC
05-09-2025 15:12:55.557,330,RECV,7E000F8100001E024E323038362D4738593209
05-09-2025 15:12:55.603,331,RECV,7E000F81000021024E333037392D56544449D6
05-09-2025 15:12:55.607,332,RECV,7E000F8100001E024E323038372D50544B36ED
05-09-2025 15:12:55.654,333,RECV,7E000F8100001A024E343039352D48524759DB
05-09-2025 15:12:55.660,334,RECV,7E000F8100001D024E323038382D574E4636F1
05-09-2025 15:12:55.704,335,RECV,7E000F8100001D024E323038392D364736302E
05-09-2025 15:12:55.715,336,RECV,7E000F8100001D024E323039302D4B4A304A0A
05-09-2025 15:12:55.726,337,RECV,7E000F8100001D024E323039312D4D4F433009
05-09-2025 15:12:55.728,338,RECV,7E000F8100001D024E323039322D324C35570D
05-09-2025 15:12:55.751,339,RECV,7E007D3181F9DF1D022A004E313038362D474A41350C
05-09-2025 15:12:55.804,340,RECV,7E000F8100001D024E323039332D55464C54DB
05-09-2025 15:12:55.805,341,RECV,7E007D3181F9DF1D022B004E313038372D3530334F2A
05-09-2025 15:12:55.805,342,RECV,7E000F81000021024E333038302D57505447D3
05-09-2025 15:12:55.805,343,RECV,7E000F81000021024E333038312D4E4B4D4AE4
05-09-2025 15:12:55.854,344,RECV,7E000F8100001D024E323039342D59594A49D0
05-09-2025 15:12:55.854,345,RECV,7E000F81000021024E333038322D57435732F0
05-09-2025 15:12:55.854,346,RECV,7E000F8100001A024E343039362D344D304F14
05-09-2025 15:12:55.855,347,RECV,7E000F8100001E024E323039352D4D38365800
05-09-2025 15:12:55.855,348,RECV,7E000F8100001E024E323039362D474D4D45EC
05-09-2025 15:12:55.904,349,RECV,7E000F8100001A024E343039372D574B32310E
05-09-2025 15:12:55.954,350,RECV,7E007D3381000021005FFFFFFFFFFFFFFFFF00000053486B
05-09-2025 15:12:55.955,351,RECV,7E007D338100001E006CFFFFFFFFFFFFFFFF000000534861
05-09-2025 15:12:56.005,352,RECV,7E007D3181F9DF1D022C004E313038382D51545157C2
05-09-2025 15:12:56.055,353,RECV,7E000F8100001A024E343039382D394F5935FC
05-09-2025 15:12:56.060,354,RECV,7E000F8100001E024E323039372D5A434456DA
05-09-2025 15:12:56.105,355,RECV,7E000F81000021024E333038342D56493242FE
05-09-2025 15:12:56.105,356,RECV,7E000F8100001A024E343039392D514E4552DB
05-09-2025 15:12:56.105,357,RECV,7E000F8100001D024E323039382D4C335941F8
05-09-2025 15:12:56.155,358,RECV,7E007D3181F9DF1D022D004E313038392D49504349E8
05-09-2025 15:12:56.157,359,RECV,7E007D3181F9DF1D022E004E313039302D443551301A
05-09-2025 15:12:56.158,360,RECV,7E000F81000021024E333038362D4D4B5556CC
05-09-2025 15:12:56.205,361,RECV,7E000F81000021024E333038372D4530524106
05-09-2025 15:12:56.255,362,RECV,7E007D3181F9DF1E022F004E313039312D5043303717
05-09-2025 15:12:56.255,363,RECV,7E007D3181F9DF1E0230004E313039322D42554254E2
05-09-2025 15:12:56.306,364,RECV,7E000F81000021024E333038382D52394C52E4
05-09-2025 15:12:56.306,365,RECV,7E000F8100001D024E323039392D4755465AD4
05-09-2025 15:12:56.456,366,RECV,7E000F81000021024E333038392D564D5135E3
05-09-2025 15:12:56.456,367,RECV,7E000F81000021024E333039302D4832533710
05-09-2025 15:12:56.466,368,RECV,7E007D3181F9DF1D0231004E313039332D52334456EF
05-09-2025 15:12:56.606,369,RECV,7E000F81000021024E333039312D304431333B
05-09-2025 15:12:56.717,370,RECV,7E007D3181F9DF1E0232004E313039342D4353373509
05-09-2025 15:12:56.757,371,RECV,7E000F81000021024E333039322D504D343809
05-09-2025 15:12:56.807,372,RECV,7E000F81000021024E333039332D354A333926
05-09-2025 15:12:57.058,373,RECV,7E000F81000021024E333039342D46585557C6
05-09-2025 15:12:57.058,374,RECV,7E000F81000021024E333039352D594A4832F2
05-09-2025 15:12:57.108,375,RECV,7E007D3181F9DF1D0233004E313039352D4A584450D4
05-09-2025 15:12:57.126,376,RECV,7E000F81000021024E333039362D5030345208
05-09-2025 15:12:57.158,377,RECV,7E000F81000021024E333039372D584E514BCB
05-09-2025 15:12:57.158,378,RECV,7E007D3181F9DF1E0234004E313039362D544E594AC2
05-09-2025 15:12:57.258,379,RECV,7E000F81000021024E333039382D335A4F58D8
05-09-2025 15:12:57.389,380,RECV,7E000F81000021024E333039392D30304D3826
05-09-2025 15:12:57.660,381,RECV,7E007D3181F9DF1E0235004E313039372D3644304219
05-09-2025 15:12:57.760,382,RECV,7E007D3181F9DF1E0236004E313039382D53424433F7
05-09-2025 15:12:57.960,383,RECV,7E007D3181F9DF1D0237004E313039392D465A4251CF
