05-09-2025 15:17:12.847,-,API2,"Sink 1,0013A20041839DB1,802.15.4 TH,2003,/dev/ttyUSB0 - 57600/8/M/1/N,1,46"

05-09-2025 15:16:41.365,0,RECV,7E000F8100001A024E343030302D41434C480B
05-09-2025 15:16:41.368,1,RECV,7E007D3181F9DF1D0239004E313030312D4F594837EA
05-09-2025 15:16:41.370,2,RECV,7E000F8100001A024E343030312D4C5A314B00
05-09-2025 15:16:41.415,3,RECV,7E000F8100001A024E343030322D583433382A
05-09-2025 15:16:41.465,4,RECV,7E000F81000021024E333030312D4E46563200
05-09-2025 15:16:41.465,5,RECV,7E000F81000021024E333030322D46304B4614
05-09-2025 15:16:41.515,6,RECV,7E007D3181F9DF1D023A004E313030322D393430561C
05-09-2025 15:16:41.516,7,RECV,7E000F8100001D024E323030312D553859310A
05-09-2025 15:16:41.565,8,RECV,7E000F81000021024E333030332D3236564E0E
05-09-2025 15:16:41.572,9,RECV,7E000F81000021024E333030342D314351450F
05-09-2025 15:16:41.572,10,RECV,7E000F8100001D024E323030322D51473958F7
05-09-2025 15:16:41.572,11,RECV,7E007D3181F9DF1D023B004E313030332D4B525733E6
05-09-2025 15:16:41.576,12,RECV,7E000F81000021024E333030352D30584B49FC
05-09-2025 15:16:41.615,13,RECV,7E000F8100001A024E343030332D383545412D
05-09-2025 15:16:41.616,14,RECV,7E000F8100001D024E323030332D544D5154D9
05-09-2025 15:16:41.666,15,RECV,7E007D3181F9DF1D023C004E313030342D4C314659EF
05-09-2025 15:16:41.670,16,RECV,7E000F8100001D024E323030342D4E424356F5
05-09-2025 15:16:41.670,17,RECV,7E000F8100001A024E343030342D4B50374409
05-09-2025 15:16:41.670,18,RECV,7E000F81000021024E333030362D3634533624
05-09-2025 15:16:41.816,19,RECV,7E007D3181F9DF1D023D004E313030352D39583157F0
05-09-2025 15:16:41.916,20,RECV,7E000F8100001D024E323030352D5A495838EA
05-09-2025 15:16:41.916,21,RECV,7E000F8100001A024E343030352D334832333E
05-09-2025 15:16:41.916,22,RECV,7E000F8100001A024E343030362D55334D4404
05-09-2025 15:16:41.966,23,RECV,7E007D3181F9DF1D023E004E313030362D41414E43F4
05-09-2025 15:16:41.966,24,RECV,7E007D3181F9DF1D023F004E313030372D3335434812
05-09-2025 15:16:42.016,25,RECV,7E007D3181F9DF1D0240004E313030382D51304A50E8
05-09-2025 15:16:42.026,26,RECV,7E000F81000021024E333030372D4538424116
05-09-2025 15:16:42.066,27,RECV,7E007D3181F9DF1D0241004E313030392D414B354FF1
05-09-2025 15:16:42.087,28,RECV,7E000F8100001E024E323030362D3533355628
05-09-2025 15:16:42.107,29,RECV,7E000F81000021024E333030382D444232312C
05-09-2025 15:16:42.137,30,RECV,7E000F8100001A024E343030372D3238325828
05-09-2025 15:16:42.166,31,RECV,7E000F8100001A024E343030382D4E5633370D
05-09-2025 15:16:42.267,32,RECV,7E000F81000021024E333030392D33544C58E9
05-09-2025 15:16:42.267,33,RECV,7E000F8100001D024E323030372D524B5451D9
05-09-2025 15:16:42.317,34,RECV,7E000F8100001D024E323030382D3642353439
05-09-2025 15:16:42.328,35,RECV,7E000F81000021024E333031302D493533511A
05-09-2025 15:16:42.328,36,RECV,7E000F8100001D024E323030392D46463858FD
05-09-2025 15:16:42.328,37,RECV,7E000F8100001A024E343030392D4A503555F6
05-09-2025 15:16:42.329,38,RECV,7E007D3181F9DF1D0242004E313031302D3153325101
05-09-2025 15:16:42.367,39,RECV,7E000F8100001D024E323031302D3538583923
05-09-2025 15:16:42.367,40,RECV,7E000F8100001A024E343031302D4C33415A08
05-09-2025 15:16:42.377,41,RECV,7E000F8100001D024E323031312D4F504E50E3
05-09-2025 15:16:42.377,42,RECV,7E000F81000021024E333031322D41444A4407
05-09-2025 15:16:42.467,43,RECV,7E007D3181F9DF1D0243004E313031312D5A343551F2
05-09-2025 15:16:42.486,44,RECV,7E000F8100001A024E343031312D4A4C4D49F5
05-09-2025 15:16:42.517,45,RECV,7E000F8100001A024E343031322D52495856D7
05-09-2025 15:16:42.567,46,RECV,7E000F81000021024E333031332D324848447D33
05-09-2025 15:16:42.569,47,RECV,7E000F81000021024E333031342D3358423219
05-09-2025 15:16:42.668,48,RECV,7E000F81000021024E333031352D4E325957E7
05-09-2025 15:16:42.718,49,RECV,7E007D3181F9DF1D0244004E313031322D47565131E5
05-09-2025 15:16:42.768,50,RECV,7E000F8100001A024E343031332D53414256F3
05-09-2025 15:16:42.818,51,RECV,7E000F8100001D024E323031322D51434D59E5
05-09-2025 15:16:42.818,52,RECV,7E007D3181F9DF1D0245004E313031332D59524442D1
05-09-2025 15:16:42.838,53,RECV,7E000F8100001A024E343031342D424A5347F8
05-09-2025 15:16:42.838,54,RECV,7E000F8100001A024E343031352D3136385A24
05-09-2025 15:16:42.868,55,RECV,7E007D3181F9DF1D0246004E313031342D485A554CBD
05-09-2025 15:16:42.918,56,RECV,7E007D3181F9DF1D0247004E313031352D3055394AF6
05-09-2025 15:16:42.923,57,RECV,7E000F8100001A024E343031362D34484F5AF7
05-09-2025 15:16:42.968,58,RECV,7E000F8100001A024E343031372D334A354425
05-09-2025 15:16:43.018,59,RECV,7E007D3181F9DF1D0248004E313031362D5053314EDA
05-09-2025 15:16:43.020,60,RECV,7E000F8100001D024E323031332D4236375619
05-09-2025 15:16:43.020,61,RECV,7E000F81000021024E333031362D57383951FD
05-09-2025 15:16:43.029,62,RECV,7E000F8100001E024E323031342D58305258EA
05-09-2025 15:16:43.029,63,RECV,7E007D3181F9DF1D0249004E313031372D4C4D4835E4
05-09-2025 15:16:43.069,64,RECV,7E000F8100001D024E323031352D5345483705
05-09-2025 15:16:43.082,65,RECV,7E000F8100001A024E343031382D4D3639500E
05-09-2025 15:16:43.119,66,RECV,7E000F8100001A024E343031392D514A5142EB
05-09-2025 15:16:43.119,67,RECV,7E000F8100001D024E323031362D4B35485201
05-09-2025 15:16:43.119,68,RECV,7E007D3181F9DF1D024A004E313031382D4D5A4B5AAC
05-09-2025 15:16:43.129,69,RECV,7E000F8100001D024E323031372D48474C4CF3
05-09-2025 15:16:43.169,70,RECV,7E000F8100001D024E323031382D324A4A480B
05-09-2025 15:16:43.179,71,RECV,7E000F8100001A024E343032302D36434F5702
05-09-2025 15:16:43.179,72,RECV,7E000F8100001A024E343032312D56474D50E6
05-09-2025 15:16:43.219,73,RECV,7E000F81000021024E333031372D50504357DB
05-09-2025 15:16:43.269,74,RECV,7E000F81000021024E333031382D525A3050E8
05-09-2025 15:16:43.319,75,RECV,7E007D3181F9DF1D024B004E313031392D57535A589A
05-09-2025 15:16:43.370,76,RECV,7E007D3181F9DF1D024C004E313032302D4A514932E7
05-09-2025 15:16:43.470,77,RECV,7E000F8100001A024E343032322D31514F59F5
05-09-2025 15:16:43.470,78,RECV,7E000F8100001A024E343032332D4555503004
05-09-2025 15:16:43.520,79,RECV,7E000F81000021024E333031392D50414947F2
05-09-2025 15:16:43.544,80,RECV,7E000F8100001D024E323031392D4A4D5538F4
05-09-2025 15:16:43.544,81,RECV,7E007D3181F9DF1D024D004E313032312D42565041D2
05-09-2025 15:16:43.544,82,RECV,7E000F81000021024E333032302D3755344516
05-09-2025 15:16:43.570,83,RECV,7E000F8100001A024E343032342D55484C59DB
05-09-2025 15:16:43.620,84,RECV,7E000F81000021024E333032312D4C36304820
05-09-2025 15:16:43.620,85,RECV,7E000F8100001D024E323032302D4B4C325601
05-09-2025 15:16:43.670,86,RECV,7E007D3181F9DF1D024E004E313032322D49364B4EE1
05-09-2025 15:16:43.697,87,RECV,7E000F8100001D024E323032312D39475357F5
05-09-2025 15:16:43.697,88,RECV,7E007D3181F9DF1D024F004E313032332D474A4838E6
05-09-2025 15:16:43.697,89,RECV,7E000F8100001A024E343032352D49533859EF
05-09-2025 15:16:43.697,90,RECV,7E007D3181F9DF1D0250004E313032342D47484641DF
05-09-2025 15:16:43.697,91,RECV,7E000F81000021024E333032322D3156484604
05-09-2025 15:16:43.720,92,RECV,7E000F8100001D024E323032322D593243331D
05-09-2025 15:16:43.720,93,RECV,7E007D3181F9DF1D0251004E313032352D31504631FB
05-09-2025 15:16:43.770,94,RECV,7E000F8100001D024E323032332D303856352A
05-09-2025 15:16:43.770,95,RECV,7E000F8100001A024E343032362D464555310A
05-09-2025 15:16:43.820,96,RECV,7E000F8100001D024E323032342D434256330E
05-09-2025 15:16:43.871,97,RECV,7E000F8100001D024E323032352D345A4A49FA
05-09-2025 15:16:43.921,98,RECV,7E000F8100001D024E323032362D4245303132
05-09-2025 15:16:43.921,99,RECV,7E007D3181F9DF1D0252004E313032362D31543354E5
05-09-2025 15:16:43.971,100,RECV,7E000F8100001A024E343032372D30465A4703
05-09-2025 15:16:44.021,101,RECV,7E000F81000021024E333032332D4442494801
05-09-2025 15:16:44.021,102,RECV,7E000F81000021024E333032342D4B51574FD5
05-09-2025 15:16:44.071,103,RECV,7E000F81000021024E333032352D3536453135
05-09-2025 15:16:44.121,104,RECV,7E000F81000021024E333032362D4A3947301B
05-09-2025 15:16:44.127,105,RECV,7E000F81000021024E333032372D5749505ACA
05-09-2025 15:16:44.171,106,RECV,7E000F8100001A024E343032382D50535658C8
05-09-2025 15:16:44.221,107,RECV,7E000F8100001D024E323032372D394F324B14
05-09-2025 15:16:44.221,108,RECV,7E007D3181F9DF1D0253004E313032372D554A374ACF
05-09-2025 15:16:44.271,109,RECV,7E000F8100001A024E343032392D334A304328
05-09-2025 15:16:44.273,110,RECV,7E000F81000021024E333032382D314B4C4B00
05-09-2025 15:16:44.274,111,RECV,7E000F8100001A024E343033302D354A483623
05-09-2025 15:16:44.274,112,RECV,7E000F8100001D024E323032382D48385646FC
05-09-2025 15:16:44.282,113,RECV,7E000F81000021024E333032392D4B33395209
05-09-2025 15:16:44.308,114,RECV,7E000F8100001D024E323032392D363837482A
05-09-2025 15:16:44.321,115,RECV,7E000F8100001A024E343033312D5243563004
05-09-2025 15:16:44.321,116,RECV,7E000F8100001D024E323033302D3334334E37
05-09-2025 15:16:44.371,117,RECV,7E007D3181F9DF1D0254004E313032382D50594942B9
05-09-2025 15:16:44.371,118,RECV,7E000F8100001A024E343033322D4C3035511C
05-09-2025 15:16:44.422,119,RECV,7E000F81000021024E333033302D565A4B52CD
05-09-2025 15:16:44.472,120,RECV,7E000F8100001D024E323033312D474A4A50F3
05-09-2025 15:16:44.572,121,RECV,7E000F8100001E024E323033322D4E42353126
05-09-2025 15:16:44.572,122,RECV,7E000F8100001D024E323033332D4153525ADC
05-09-2025 15:16:44.622,123,RECV,7E000F8100001A024E343033332D58494250EA
05-09-2025 15:16:44.672,124,RECV,7E007D3181F9DF1D0255004E313032392D36423045FE
05-09-2025 15:16:44.722,125,RECV,7E007D3181F9DF1D0256004E313033302D314D4844E8
05-09-2025 15:16:44.722,126,RECV,7E007D3181F9DF1D0257004E313033312D4B364F57C9
05-09-2025 15:16:44.772,127,RECV,7E000F8100001D024E323033342D3946474312
05-09-2025 15:16:44.822,128,RECV,7E000F8100001D024E323033352D4B4D374605
05-09-2025 15:16:44.873,129,RECV,7E000F8100001D024E323033362D4431354926
05-09-2025 15:16:44.883,130,RECV,7E007D3181F9DF1D0258004E313033322D54594945B3
05-09-2025 15:16:44.911,131,RECV,7E000F8100001A024E343033342D5157433001
05-09-2025 15:16:44.973,132,RECV,7E007D3181F9DF1D0259004E313033332D50315548CE
05-09-2025 15:16:44.977,133,RECV,7E000F8100001A024E343033352D54465A56D1
05-09-2025 15:16:44.977,134,RECV,7E007D3181F9DF1D025A004E313033342D53535A5694
05-09-2025 15:16:44.977,135,RECV,7E000F8100001A024E343033362D4A584D49E2
05-09-2025 15:16:45.023,136,RECV,7E000F81000021024E333033322D55544345E7
05-09-2025 15:16:45.026,137,RECV,7E000F8100001A024E343033372D315A4658F0
05-09-2025 15:16:45.073,138,RECV,7E000F8100001D024E323033372D4457334BFF
05-09-2025 15:16:45.073,139,RECV,7E000F81000021024E333033332D56583458DD
05-09-2025 15:16:45.074,140,RECV,7E000F81000020024E333033342D46534C56DC
05-09-2025 15:16:45.123,141,RECV,7E007D3181F9DF1D025B004E313033352D5A565139AE
05-09-2025 15:16:45.173,142,RECV,7E007D3181F9DF1D025C004E313033362D4D4F5044B6
05-09-2025 15:16:45.174,143,RECV,7E000F81000019024E343033382D3242473529
05-09-2025 15:16:45.223,144,RECV,7E000F8100001D024E323033382D5A455959C6
05-09-2025 15:16:45.225,145,RECV,7E007D3181F9DF1D025E004E313033382D414C3445DC
05-09-2025 15:16:45.324,146,RECV,7E000F8100001D024E323033392D504B4B45EB
05-09-2025 15:16:45.424,147,RECV,7E007D338100001A0031FFFFFFFFFFFFFFFF0000005348A0
05-09-2025 15:16:45.425,148,RECV,7E007D338100001D0032FFFFFFFFFFFFFFFF00000053489C
05-09-2025 15:16:45.425,149,RECV,7E007D3381000021002DFFFFFFFFFFFFFFFF00000053489D
05-09-2025 15:16:45.474,150,RECV,7E000F8100001A024E343033392D47525350DB
05-09-2025 15:16:45.625,151,RECV,7E007D3181F9DF1D025F004E313033392D5A543253AD
05-09-2025 15:16:45.628,152,RECV,7E000F8100001A024E343034302D4332423137
05-09-2025 15:16:45.724,153,RECV,7E000F8100001D024E323034302D584C4253E5
05-09-2025 15:16:45.725,154,RECV,7E000F8100001D024E323034312D424C4151FD
05-09-2025 15:16:45.775,155,RECV,7E007D3181F9DF1D0260004E313034302D4F503953BC
05-09-2025 15:16:45.825,156,RECV,7E000F8100001D024E323034322D4146354917
05-09-2025 15:16:45.838,157,RECV,7E000F8100001D024E323034332D47344D55FE
05-09-2025 15:16:45.843,158,RECV,7E007D3181F9DF1D0261004E313034312D4B5851579A
05-09-2025 15:16:45.843,159,RECV,7E007D3181F9DF1D0262004E313034322D50375A44BE
05-09-2025 15:16:45.875,160,RECV,7E000F8100001D024E323034342D5A495248DD
05-09-2025 15:16:45.975,161,RECV,7E000F81000021024E333033352D4832514CFE
05-09-2025 15:16:45.977,162,RECV,7E000F8100001A024E343034312D564142327D33
05-09-2025 15:16:46.075,163,RECV,7E000F81000021024E333033362D384B324619
05-09-2025 15:16:46.126,164,RECV,7E000F81000021024E333033372D4448453909
05-09-2025 15:16:46.131,165,RECV,7E000F8100001A024E343034322D49584645F1
05-09-2025 15:16:46.131,166,RECV,7E000F8100001A024E343034332D4F534558DD
05-09-2025 15:16:46.176,167,RECV,7E007D3181F9DF1D0263004E313034332D59335453AE
05-09-2025 15:16:46.176,168,RECV,7E000F8100001D024E323034352D51485532F9
05-09-2025 15:16:46.176,169,RECV,7E000F8100001D024E323034362D52584353D8
05-09-2025 15:16:46.226,170,RECV,7E007D3181F9DF1D0264004E313034342D564D4142B9
05-09-2025 15:16:46.226,171,RECV,7E000F8100001A024E343034342D4F4E4C38FA
05-09-2025 15:16:46.226,172,RECV,7E007D3181F9DF1D0265004E313034352D31374347EB
05-09-2025 15:16:46.227,173,RECV,7E000F81000021024E333033392D54464143F3
05-09-2025 15:16:46.376,174,RECV,7E000F8100001D024E323034372D4147305609
05-09-2025 15:16:46.377,175,RECV,7E007D3181F9DF1D0266004E313034362D45383636F2
05-09-2025 15:16:46.387,176,RECV,7E000F81000021024E333034302D535A363006
05-09-2025 15:16:46.426,177,RECV,7E000F8100001D024E323034382D374A343829
05-09-2025 15:16:46.441,178,RECV,7E000F81000021024E333034312D4B384C4FFA
05-09-2025 15:16:46.445,179,RECV,7E000F8100001A024E343034352D59425333F9
05-09-2025 15:16:46.445,180,RECV,7E000F8100001D024E323034392D394B314E12
05-09-2025 15:16:46.476,181,RECV,7E000F8100001E024E323035302D59465A53D0
05-09-2025 15:16:46.527,182,RECV,7E000F81000021024E333034322D4A45435AEB
05-09-2025 15:16:46.529,183,RECV,7E007D3181F9DF1D0267004E313034372D32303845FA
05-09-2025 15:16:46.529,184,RECV,7E007D3181F9DF1D0268004E313034382D34524E43C0
05-09-2025 15:16:46.529,185,RECV,7E000F81000021024E333034332D564F4643E8
05-09-2025 15:16:46.577,186,RECV,7E007D3181F9DF1D0269004E313034392D4143554BB1
05-09-2025 15:16:46.591,187,RECV,7E007D3181F9DF1D026A004E313035302D33374E47DD
05-09-2025 15:16:46.596,188,RECV,7E007D3181F9DF1D026B004E313035312D50395139C7
05-09-2025 15:16:46.627,189,RECV,7E000F8100001A024E343034362D3556344812
05-09-2025 15:16:46.677,190,RECV,7E000F8100001A024E343034372D4E32535AEB
05-09-2025 15:16:46.727,191,RECV,7E000F8100001A024E343034382D3357383025
05-09-2025 15:16:46.828,192,RECV,7E000F8100001D024E323035312D544E5151D8
05-09-2025 15:16:46.828,193,RECV,7E000F8100001A024E343034392D4E4B474CEA
05-09-2025 15:16:46.830,194,RECV,7E000F8100001D024E323035322D55535837E4
05-09-2025 15:16:46.878,195,RECV,7E007D3181F9DF1D026C004E313035322D4C324E31DB
05-09-2025 15:16:46.890,196,RECV,7E000F81000021024E333034342D54553843F1
05-09-2025 15:16:46.928,197,RECV,7E007D3181F9DF1D026D004E313035332D3457434DBB
05-09-2025 15:16:46.929,198,RECV,7E000F8100001A024E343035302D554F4354E3
05-09-2025 15:16:46.978,199,RECV,7E000F81000021024E333034352D56325955DE
05-09-2025 15:16:46.982,200,RECV,7E000F8100001D024E323035332D474E424300
05-09-2025 15:16:46.982,201,RECV,7E000F8100001A024E343035312D334E485103
05-09-2025 15:16:46.982,202,RECV,7E000F81000021024E333034362D3657464BF5
05-09-2025 15:16:47.078,203,RECV,7E007D3181F9DF1D026E004E313035342D4C355939C1
05-09-2025 15:16:47.078,204,RECV,7E007D3181F9DF1D026F004E313035352D354D4357B6
05-09-2025 15:16:47.128,205,RECV,7E007D3181F9DF1D0270004E313035362D39483752C6
05-09-2025 15:16:47.179,206,RECV,7E000F8100001D024E323035342D3549424316
05-09-2025 15:16:47.201,207,RECV,7E000F81000021024E333034372D51374A4DF3
05-09-2025 15:16:47.229,208,RECV,7E000F8100001A024E343035322D5431544FF4
05-09-2025 15:16:47.279,209,RECV,7E007D3181F9DF1D0271004E313035372D4C53575A7D5E
05-09-2025 15:16:47.329,210,RECV,7E007D3181F9DF1D0272004E313035382D45313736E9
05-09-2025 15:16:47.379,211,RECV,7E000F81000021024E333034382D333836432D
05-09-2025 15:16:47.379,212,RECV,7E000F8100001D024E323035352D373352411B
05-09-2025 15:16:47.429,213,RECV,7E007D3181F9DF1D0273004E313035392D505157379B
05-09-2025 15:16:47.429,214,RECV,7E000F8100001D024E323035362D55334F50F0
05-09-2025 15:16:47.479,215,RECV,7E000F81000021024E333034392D4F4F4638F4
05-09-2025 15:16:47.483,216,RECV,7E007D3181F9DF1D0274004E313036302D4C435A4E9A
05-09-2025 15:16:47.483,217,RECV,7E000F8100001D024E323035372D594C5735E5
05-09-2025 15:16:47.484,218,RECV,7E000F81000021024E333035302D57435956CF
05-09-2025 15:16:47.529,219,RECV,7E000F8100001D024E323035382D4742324119
05-09-2025 15:16:47.529,220,RECV,7E000F81000021024E333035312D3756334512
05-09-2025 15:16:47.580,221,RECV,7E007D3181F9DF1D0275004E313036312D4A594D5788
05-09-2025 15:16:47.630,222,RECV,7E000F81000021024E333035322D46574F38F2
05-09-2025 15:16:47.636,223,RECV,7E007D3181F9DF1D0276004E313036322D31594243BE
05-09-2025 15:16:47.636,224,RECV,7E007D3181F9DF1D0277004E313036332D514C5734A3
05-09-2025 15:16:47.636,225,RECV,7E007D3181F9DF1D0278004E313036342D4E5646518E
05-09-2025 15:16:47.636,226,RECV,7E000F81000021024E333035332D375846330D
05-09-2025 15:16:47.680,227,RECV,7E000F8100001A024E343035332D31314D4C20
05-09-2025 15:16:47.680,228,RECV,7E000F81000021024E333035342D3236545602
05-09-2025 15:16:47.680,229,RECV,7E000F8100001D024E323035392D49455149EC
05-09-2025 15:16:47.730,230,RECV,7E007D3181F9DF1D0279004E313036352D30324D31E7
05-09-2025 15:16:47.780,231,RECV,7E000F81000021024E333035352D5653434DDA
05-09-2025 15:16:47.840,232,RECV,7E000F8100001D024E323036302D594939320F
05-09-2025 15:16:47.891,233,RECV,7E000F8100001A024E343035342D4447314F0F
05-09-2025 15:16:47.981,234,RECV,7E000F8100001D024E323036312D57395A56DB
05-09-2025 15:16:47.981,235,RECV,7E000F8100001E024E323036322D41515559D9
05-09-2025 15:16:48.031,236,RECV,7E000F8100001A024E343035352D4541363825
05-09-2025 15:16:48.181,237,RECV,7E007D3181F9DF1D027B004E313036372D544E4C5283
05-09-2025 15:16:48.231,238,RECV,7E000F8100001D024E323036332D464A4E4EED
05-09-2025 15:16:48.291,239,RECV,7E000F8100001D024E323036342D53553752E7
05-09-2025 15:16:48.331,240,RECV,7E000F8100001A024E343035362D47324B5AFA
05-09-2025 15:16:48.382,241,RECV,7E007D3181F9DF1D027C004E313036382D504C524F84
05-09-2025 15:16:48.382,242,RECV,7E007D3181F9DF1D027D5D004E313036392D4457554986
05-09-2025 15:16:48.432,243,RECV,7E000F8100001D024E323036352D46504D39FB
05-09-2025 15:16:48.432,244,RECV,7E000F8100001A024E343035372D46425A43F2
05-09-2025 15:16:48.432,245,RECV,7E007D3181F9DF1D027D5E004E313037302D4A374550B0
05-09-2025 15:16:48.432,246,RECV,7E007D3181F9DF1D027F004E313037312D324D4939C3
05-09-2025 15:16:48.482,247,RECV,7E000F8100001A024E343035382D4F4E4249EE
05-09-2025 15:16:48.483,248,RECV,7E000F81000021024E333035362D53424643F4
05-09-2025 15:16:48.532,249,RECV,7E000F8100001E024E323036362D4B503250F8
05-09-2025 15:16:48.582,250,RECV,7E000F81000021024E333035372D57344E5ADE
05-09-2025 15:16:48.632,251,RECV,7E000F8100001A024E343035392D3334485A0C
05-09-2025 15:16:48.632,252,RECV,7E000F8100001E024E323036372D314C5749F7
05-09-2025 15:16:48.633,253,RECV,7E000F8100001D024E323036382D394E354D0B
05-09-2025 15:16:48.683,254,RECV,7E000F8100001D024E323036392D354A4B4207
05-09-2025 15:16:48.683,255,RECV,7E000F8100001D024E323037302D534D374EF6
05-09-2025 15:16:48.733,256,RECV,7E000F81000021024E333035382D51395846E8
05-09-2025 15:16:48.783,257,RECV,7E000F8100001D024E323037312D30524959F6
05-09-2025 15:16:48.783,258,RECV,7E000F8100001D024E323037322D453236323A
05-09-2025 15:16:48.814,259,RECV,7E000F8100001D024E323037332D31564E350E
05-09-2025 15:16:48.814,260,RECV,7E007D3181F9DF1D0280004E313037322D4A395738B0
05-09-2025 15:16:48.853,261,RECV,7E000F8100001A024E343036302D38384D451B
05-09-2025 15:16:48.882,262,RECV,7E007D3181F9DF1D0281004E313037332D31504B4CA8
05-09-2025 15:16:48.891,263,RECV,7E000F81000021024E333035392D42514758DD
05-09-2025 15:16:48.933,264,RECV,7E000F81000021024E333036302D4F464957E2
05-09-2025 15:16:48.934,265,RECV,7E007D3181F9DF1D0282004E313037342D4C343338D3
05-09-2025 15:16:48.934,266,RECV,7E007D3181F9DF1D0283004E313037352D4B384449AC
05-09-2025 15:16:48.985,267,RECV,7E000F8100001A024E343036312D4B49373819
05-09-2025 15:16:49.035,268,RECV,7E000F81000021024E333036312D434B315403
05-09-2025 15:16:49.086,269,RECV,7E000F8100001D024E323037342D31355A4D0A
05-09-2025 15:16:49.136,270,RECV,7E000F8100001D024E323037352D564A3857E7
05-09-2025 15:16:49.136,271,RECV,7E000F8100001A024E343036322D3337364338
05-09-2025 15:16:49.186,272,RECV,7E007D3181F9DF1D0284004E313037362D514744508E
05-09-2025 15:16:49.190,273,RECV,7E000F8100001D024E323037362D52465730F6
05-09-2025 15:16:49.190,274,RECV,7E000F81000021024E333036322D4F465752D7
05-09-2025 15:16:49.236,275,RECV,7E007D3181F9DF1D0285004E313037372D5445584D7A
05-09-2025 15:16:49.286,276,RECV,7E007D3181F9DF1D0286004E313037382D315957369F
05-09-2025 15:16:49.286,277,RECV,7E000F8100001A024E343036332D3846584DF7
05-09-2025 15:16:49.286,278,RECV,7E000F81000021024E333036332D594E5948CC
05-09-2025 15:16:49.387,279,RECV,7E007D338100001A004BFFFFFFFFFFFFFFFF000000534886
05-09-2025 15:16:49.387,280,RECV,7E000F81000019024E343036342D47344E55FC
05-09-2025 15:16:49.388,281,RECV,7E007D3381000021004BFFFFFFFFFFFFFFFF00000053487F
05-09-2025 15:16:49.395,282,RECV,7E000F8100001D024E323037372D4D463956F2
05-09-2025 15:16:49.437,283,RECV,7E000F8100001A024E343036352D38515448F3
05-09-2025 15:16:49.487,284,RECV,7E000F8100001D024E323037382D4833494A05
05-09-2025 15:16:49.498,285,RECV,7E000F8100001A024E343036362D4B39494802
05-09-2025 15:16:49.498,286,RECV,7E000F81000021024E333036342D4633374221
05-09-2025 15:16:49.498,287,RECV,7E000F81000021024E333036352D55434F42E9
05-09-2025 15:16:49.537,288,RECV,7E000F81000021024E333036362D44515543E4
05-09-2025 15:16:49.547,289,RECV,7E000F8100001A024E343036372D38474A4805
05-09-2025 15:16:49.549,290,RECV,7E007D3181F9DF1D0288004E313038302D475551517D5D
05-09-2025 15:16:49.587,291,RECV,7E000F81000021024E333036372D4C565143DA
05-09-2025 15:16:49.637,292,RECV,7E007D3181F9DF1D0289004E313038312D51364C4C9A
05-09-2025 15:16:49.641,293,RECV,7E000F8100001D024E323037392D3356314216
05-09-2025 15:16:49.645,294,RECV,7E000F8100001A024E343036382D35444E3519
05-09-2025 15:16:49.687,295,RECV,7E007D3181F9DF1D028A004E313038322D455151339D
05-09-2025 15:16:49.737,296,RECV,7E000F8100001D024E323038302D4A52515AD3
05-09-2025 15:16:49.788,297,RECV,7E000F81000021024E333036382D4D553159E3
05-09-2025 15:16:49.792,298,RECV,7E000F81000021024E333036392D3853465AE3
05-09-2025 15:16:49.793,299,RECV,7E000F81000021024E333037302D3448425602
05-09-2025 15:16:49.838,300,RECV,7E007D3181F9DF1D028B004E313038332D555A5A3379
05-09-2025 15:16:49.838,301,RECV,7E000F81000021024E333037312D4E394358F3
05-09-2025 15:16:49.838,302,RECV,7E007D3181F9DF1D028C004E313038342D4238494CA4
05-09-2025 15:16:49.838,303,RECV,7E007D3181F9DF1D028D004E313038352D59363833B7
05-09-2025 15:16:49.888,304,RECV,7E000F8100001A024E343036392D554B504FD5
05-09-2025 15:16:49.889,305,RECV,7E000F8100001A024E343037302D3051355A0C
05-09-2025 15:16:49.938,306,RECV,7E007D3181F9DF1D028E004E313038362D364959399E
05-09-2025 15:16:49.950,307,RECV,7E000F8100001D024E323038312D3934493330
05-09-2025 15:16:49.989,308,RECV,7E007D3181F9DF1D028F004E313038372D31553043B4
05-09-2025 15:16:49.990,309,RECV,7E000F8100001A024E343037312D5030564FF6
05-09-2025 15:16:50.038,310,RECV,7E000F81000021024E333037322D43355455F3
05-09-2025 15:16:50.088,311,RECV,7E000F81000021024E333037332D5339395AF4
05-09-2025 15:16:50.139,312,RECV,7E000F8100001D024E323038322D543731500C
05-09-2025 15:16:50.189,313,RECV,7E007D3181F9DF1D0290004E313038382D53384A4F87
05-09-2025 15:16:50.189,314,RECV,7E000F81000021024E333037342D52315655E4
05-09-2025 15:16:50.289,315,RECV,7E000F81000021024E333037352D4B424652EC
05-09-2025 15:16:50.294,316,RECV,7E000F8100001A024E343037322D573343311C
05-09-2025 15:16:50.339,317,RECV,7E000F81000021024E333037362D584F344DE8
05-09-2025 15:16:50.340,318,RECV,7E000F8100001A024E343037332D554F434EE4
05-09-2025 15:16:50.340,319,RECV,7E007D3181F9DF1D0291004E313038392D55383345A4
05-09-2025 15:16:50.340,320,RECV,7E000F8100001D024E323038332D55474D5AD4
05-09-2025 15:16:50.340,321,RECV,7E000F81000021024E333037372D3946344F0D
05-09-2025 15:16:50.439,322,RECV,7E000F8100001D024E323038342D574F4D51D2
05-09-2025 15:16:50.540,323,RECV,7E000F8100001A024E343037342D394F4B4104
05-09-2025 15:16:50.555,324,RECV,7E000F8100001A024E343037352D553236302A
05-09-2025 15:16:50.555,325,RECV,7E007D3181F9DF1D0292004E313039302D4537514F94
05-09-2025 15:16:50.555,326,RECV,7E007D3181F9DF1D0293004E313039312D5942364F8E
05-09-2025 15:16:50.590,327,RECV,7E000F81000021024E333037382D4D4C5948D4
05-09-2025 15:16:50.590,328,RECV,7E000F8100001A024E343037362D42514841FA
05-09-2025 15:16:50.640,329,RECV,7E007D3181F9DF1D0294004E313039322D4B335A4C88
05-09-2025 15:16:50.643,330,RECV,7E000F8100001D024E323038352D54523250ED
05-09-2025 15:16:50.690,331,RECV,7E000F8100001D024E323038362D44524654E4
05-09-2025 15:16:50.716,332,RECV,7E007D3181F9DF1D0295004E313039332D42473741A9
05-09-2025 15:16:50.790,333,RECV,7E000F81000021024E333037392D504C5949CF
05-09-2025 15:16:50.842,334,RECV,7E000F81000021024E333038302D5A39314110
05-09-2025 15:16:50.892,335,RECV,7E007D3181F9DF1D0296004E313039342D4B435A5967
05-09-2025 15:16:50.892,336,RECV,7E000F81000021024E333038312D5A52444DD7
05-09-2025 15:16:50.943,337,RECV,7E000F8100001D024E323038372D49584433FB
05-09-2025 15:16:50.943,338,RECV,7E000F8100001A024E343037372D57415159D3
05-09-2025 15:16:50.993,339,RECV,7E000F8100001D024E323038382D393236432E
05-09-2025 15:16:51.014,340,RECV,7E007D3181F9DF1D0297004E313039352D4855434B7B
05-09-2025 15:16:51.042,341,RECV,7E000F8100001D024E323038392D42534836FE
05-09-2025 15:16:51.093,342,RECV,7E000F81000021024E333038322D47554C57D4
05-09-2025 15:16:51.094,343,RECV,7E000F81000021024E333038332D363735541C
05-09-2025 15:16:51.144,344,RECV,7E000F8100001A024E343037382D333144303C
05-09-2025 15:16:51.164,345,RECV,7E007D3181F9DF1D0298004E313039362D5546584869
05-09-2025 15:16:51.194,346,RECV,7E000F8100001A024E343037392D433052331B
05-09-2025 15:16:51.194,347,RECV,7E000F81000021024E333038342D484C4945EF
05-09-2025 15:16:51.204,348,RECV,7E000F81000021024E333038352D5841484AE5
05-09-2025 15:16:51.204,349,RECV,7E000F8100001D024E323039302D424330362E
05-09-2025 15:16:51.204,350,RECV,7E000F8100001D024E323039312D4F543555EB
05-09-2025 15:16:51.214,351,RECV,7E000F8100001D024E323039322D37415853F4
05-09-2025 15:16:51.214,352,RECV,7E007D3181F9DF1D0299004E313039372D3753533491
05-09-2025 15:16:51.243,353,RECV,7E007D3181F9DF1D029A004E313039382D4958324A83
05-09-2025 15:16:51.294,354,RECV,7E000F8100001A024E343038302D38304D5115
05-09-2025 15:16:51.321,355,RECV,7E007D3181F9DF1D029B004E313039392D314948528A
05-09-2025 15:16:51.394,356,RECV,7E000F81000021024E333038362D4B504449E7
05-09-2025 15:16:51.444,357,RECV,7E000F8100001A024E343038312D544F3656EB
05-09-2025 15:16:51.444,358,RECV,7E000F8100001A024E343038322D3850583900
05-09-2025 15:16:51.494,359,RECV,7E000F8100001A024E343038332D3957554FE4
05-09-2025 15:16:51.504,360,RECV,7E000F8100001D024E323039332D5A4C3056EA
05-09-2025 15:16:51.508,361,RECV,7E000F81000021024E333038372D3133484C16
05-09-2025 15:16:51.508,362,RECV,7E000F8100001A024E343038342D384F32411D
05-09-2025 15:16:51.594,363,RECV,7E000F8100001D024E323039342D58513936FD
05-09-2025 15:16:51.644,364,RECV,7E000F81000021024E333038382D504F5147D6
05-09-2025 15:16:51.996,365,RECV,7E000F8100001A024E343038352D4942454501
05-09-2025 15:16:51.996,366,RECV,7E000F81000021024E333038392D413146437D31
05-09-2025 15:16:52.016,367,RECV,7E000F81000021024E333039302D473538441C
05-09-2025 15:16:52.095,368,RECV,7E000F8100001A024E343038362D39304F5409
05-09-2025 15:16:52.096,369,RECV,7E000F8100001D024E323039352D46564845EB
05-09-2025 15:16:52.146,370,RECV,7E000F8100001D024E323039362D3455333423
05-09-2025 15:16:52.196,371,RECV,7E000F8100001D024E323039372D59494B4DD8
05-09-2025 15:16:52.296,372,RECV,7E000F81000021024E333039312D3930424325
05-09-2025 15:16:52.346,373,RECV,7E000F81000021024E333039322D395A3658F1
05-09-2025 15:16:52.396,374,RECV,7E000F8100001A024E343038372D56534337F1
05-09-2025 15:16:52.397,375,RECV,7E000F8100001A024E343038382D34434C410F
05-09-2025 15:16:52.446,376,RECV,7E000F8100001D024E323039392D5034474500
05-09-2025 15:16:52.497,377,RECV,7E000F8100001A024E343038392D38475256EB
05-09-2025 15:16:52.497,378,RECV,7E000F8100001A024E343039302D414D4B5AE7
05-09-2025 15:16:52.747,379,RECV,7E000F81000021024E333039332D32564856EB
05-09-2025 15:16:52.798,380,RECV,7E000F8100001A024E343039312D46355556F3
05-09-2025 15:16:52.898,381,RECV,7E000F8100001A024E343039322D3241494319
05-09-2025 15:16:52.898,382,RECV,7E000F81000021024E333039342D58585439D3
05-09-2025 15:16:52.908,383,RECV,7E000F8100001A024E343039332D514D463102
05-09-2025 15:16:52.998,384,RECV,7E000F81000021024E333039352D4553444EE5
05-09-2025 15:16:52.998,385,RECV,7E000F81000021024E333039362D4538343825
05-09-2025 15:16:53.249,386,RECV,7E000F81000021024E333039372D53433645FC
05-09-2025 15:16:53.399,387,RECV,7E000F8100001A024E343039342D304B5954EE
05-09-2025 15:16:53.449,388,RECV,7E000F81000021024E333039382D5139485AE0
05-09-2025 15:16:53.455,389,RECV,7E000F81000021024E333039392D34344E4B0A
05-09-2025 15:16:53.550,390,RECV,7E000F8100001A024E343039352D5334365404
05-09-2025 15:16:53.700,391,RECV,7E000F8100001A024E343039362D4F584948DC
05-09-2025 15:16:53.850,392,RECV,7E000F8100001A024E343039372D4C335A48F2
05-09-2025 15:16:53.851,393,RECV,7E000F8100001A024E343039382D3736333240
05-09-2025 15:16:53.851,394,RECV,7E000F8100001A024E343039392D595A365ACE
