05-09-2025 16:17:59.836,-,API2,"Sink 2,0013A20041839DCA,802.15.4 TH,2003,/dev/ttyUSB2 - 57600/8/M/1/N,1,46"

05-09-2025 16:16:32.753,0,RECV,7E000F8100002E024E363030302D48534639F3
05-09-2025 16:16:32.904,1,RECV,7E000F8100002B024E363030312D4E37365AFA
05-09-2025 16:16:32.915,2,RECV,7E007D338100003F000AFFFFFFFFFFFFFFFF0000005348A2
05-09-2025 16:16:32.939,3,RECV,7E007D3381000038000AFFFFFFFFFFFFFFFF0000005348A9
05-09-2025 16:16:32.939,4,RECV,7E007D3381000036000AFFFFFFFFFFFFFFFF0000005348AB
05-09-2025 16:16:32.954,5,RECV,7E007D338100002C000BFFFFFFFFFFFFFFFF0000005348B4
05-09-2025 16:16:33.004,6,RECV,7E000F81000036024E383030322D54554C5AB2
05-09-2025 16:16:33.054,7,RECV,7E000F81000038024E353030322D4742564ED5
05-09-2025 16:16:33.204,8,RECV,7E000F8100002B024E363030322D564D4A56CB
05-09-2025 16:16:33.254,9,RECV,7E000F8100002C024E363030332D383935372F
05-09-2025 16:16:33.305,10,RECV,7E000F81000036024E383030332D41445542E4
05-09-2025 16:16:33.405,11,RECV,7E000F81000038024E353030332D31534146F6
05-09-2025 16:16:33.505,12,RECV,7E000F81000035024E383030342D51595A32CA
05-09-2025 16:16:33.506,13,RECV,7E000F8100003E024E373030312D44574554C7
05-09-2025 16:16:33.606,14,RECV,7E000F8100003E024E373030322D504F324EDB
05-09-2025 16:16:33.706,15,RECV,7E000F81000038024E353030342D37534757D8
05-09-2025 16:16:33.856,16,RECV,7E000F81000035024E383030352D3846413907
05-09-2025 16:16:33.862,17,RECV,7E000F81000037024E353030352D444F4A32F1
05-09-2025 16:16:34.007,18,RECV,7E000F8100002A024E363030342D4D444152E9
05-09-2025 16:16:34.007,19,RECV,7E000F81000035024E383030362D42524443E3
05-09-2025 16:16:34.157,20,RECV,7E000F8100002A024E363030352D4134414F07
05-09-2025 16:16:34.176,21,RECV,7E000F81000035024E383030372D35454B55E3
05-09-2025 16:16:34.207,22,RECV,7E000F8100002B024E363030362D4B36375200
05-09-2025 16:16:34.228,23,RECV,7E000F81000037024E353030362D4C454A59CB
05-09-2025 16:16:34.508,24,RECV,7E000F8100002A024E363030372D4C455551D3
05-09-2025 16:16:34.558,25,RECV,7E000F81000035024E383030382D304E3153FA
05-09-2025 16:16:34.658,26,RECV,7E000F81000035024E383030392D4E554257BF
05-09-2025 16:16:34.759,27,RECV,7E000F81000037024E353030372D52464433EF
05-09-2025 16:16:34.809,28,RECV,7E000F8100002A024E363030382D4B504747E0
05-09-2025 16:16:34.859,29,RECV,7E000F8100002A024E363030392D57373646FE
05-09-2025 16:16:34.909,30,RECV,7E000F81000036024E353030382D59395432E6
05-09-2025 16:16:34.917,31,RECV,7E000F8100003E024E373030332D36514B53D4
05-09-2025 16:16:34.959,32,RECV,7E000F81000034024E383031302D35573952ED
05-09-2025 16:16:35.009,33,RECV,7E000F81000037024E353030392D3938554CEA
05-09-2025 16:16:35.059,34,RECV,7E000F81000035024E383031312D51485345D1
05-09-2025 16:16:35.210,35,RECV,7E000F81000035024E383031322D37365A4AF0
05-09-2025 16:16:35.310,36,RECV,7E000F81000034024E383031332D4C31565AD4
05-09-2025 16:16:35.310,37,RECV,7E000F81000029024E363031302D4F514B44E2
05-09-2025 16:16:35.410,38,RECV,7E000F81000034024E383031342D43483248FB
05-09-2025 16:16:35.411,39,RECV,7E000F81000036024E353031302D4645383909
05-09-2025 16:16:35.461,40,RECV,7E000F81000029024E363031312D465A3043FD
05-09-2025 16:16:35.511,41,RECV,7E000F81000029024E363031322D594F304AED
05-09-2025 16:16:35.561,42,RECV,7E000F8100003C024E373030342D42554541DD
05-09-2025 16:16:35.661,43,RECV,7E000F81000029024E363031332D35375952F7
05-09-2025 16:16:35.772,44,RECV,7E000F81000029024E363031342D4F384B5AE1
05-09-2025 16:16:35.812,45,RECV,7E000F81000033024E383031352D383747301A
05-09-2025 16:16:36.012,46,RECV,7E000F81000033024E383031362D4F565645BF
05-09-2025 16:16:36.313,47,RECV,7E000F8100003C024E373030362D3737325701
05-09-2025 16:16:36.315,48,RECV,7E000F81000035024E353031312D413335500C
05-09-2025 16:16:36.614,49,RECV,7E000F8100003D024E373030372D58444F57B4
05-09-2025 16:16:36.664,50,RECV,7E000F8100003D024E373030382D49574347CB
05-09-2025 16:16:36.765,51,RECV,7E000F8100003D024E373030392D4139334FF8
05-09-2025 16:16:36.815,52,RECV,7E000F81000034024E383031372D3834534CF2
05-09-2025 16:16:36.915,53,RECV,7E007D33810000410014FFFFFFFFFFFFFFFF000000534896
05-09-2025 16:16:36.926,54,RECV,7E007D3381000038001CFFFFFFFFFFFFFFFF000000534897
05-09-2025 16:16:36.926,55,RECV,7E007D338100003A0016FFFFFFFFFFFFFFFF00000053489B
05-09-2025 16:16:36.965,56,RECV,7E007D338100002D0019FFFFFFFFFFFFFFFF0000005348A5
05-09-2025 16:16:37.016,57,RECV,7E000F81000038024E383031382D4F4F494CC5
05-09-2025 16:16:37.065,58,RECV,7E000F81000038024E383031392D3354364DED
05-09-2025 16:16:37.066,59,RECV,7E000F8100002D024E363031352D55324A52E5
05-09-2025 16:16:37.116,60,RECV,7E000F8100002B024E363031362D514B3936FE
05-09-2025 16:16:37.266,61,RECV,7E000F81000039024E383032302D524E3049E5
05-09-2025 16:16:37.266,62,RECV,7E000F8100002E024E363031372D5542313706
05-09-2025 16:16:37.276,63,RECV,7E000F81000041024E373031302D354B494DE2
05-09-2025 16:16:37.366,64,RECV,7E000F8100002E024E363031382D54344843F1
05-09-2025 16:16:37.416,65,RECV,7E000F8100003A024E353031332D4B4D574BC4
05-09-2025 16:16:37.427,66,RECV,7E000F8100003A024E353031342D4D42393302
05-09-2025 16:16:37.517,67,RECV,7E000F81000038024E383032312D4D37413108
05-09-2025 16:16:37.517,68,RECV,7E000F81000039024E383032322D50484459C7
05-09-2025 16:16:37.617,69,RECV,7E000F8100003B024E353031352D4D315930F4
05-09-2025 16:16:37.667,70,RECV,7E000F8100003B024E353031362D5A49394AD4
05-09-2025 16:16:37.818,71,RECV,7E000F81000039024E383032332D504E3436F3
05-09-2025 16:16:37.818,72,RECV,7E000F8100003B024E353031372D544C424CCB
05-09-2025 16:16:38.369,73,RECV,7E000F8100002D024E363031392D504E5934D9
05-09-2025 16:16:38.371,74,RECV,7E000F8100002D024E363032302D4935364315
05-09-2025 16:16:38.372,75,RECV,7E000F81000036024E353031382D58325148DA
05-09-2025 16:16:38.469,76,RECV,7E000F8100002D024E363032312D4A354859EB
05-09-2025 16:16:38.520,77,RECV,7E000F8100003A024E353031392D3830484107
05-09-2025 16:16:38.523,78,RECV,7E000F8100003A024E353032302D3436464D03
05-09-2025 16:16:38.720,79,RECV,7E000F81000036024E383032342D37375949ED
05-09-2025 16:16:38.721,80,RECV,7E000F81000036024E383032352D334D5155D6
05-09-2025 16:16:38.920,81,RECV,7E000F81000041024E373031312D57435649BE
05-09-2025 16:16:38.920,82,RECV,7E000F81000039024E383032362D48514531E9
05-09-2025 16:16:39.021,83,RECV,7E000F81000036024E353032312D34534C4BE5
05-09-2025 16:16:39.071,84,RECV,7E000F8100003D024E373031322D4D5A3349D7
05-09-2025 16:16:39.372,85,RECV,7E000F81000038024E383032372D39474E49E1
05-09-2025 16:16:39.572,86,RECV,7E000F81000040024E373031332D374D5952C7
05-09-2025 16:16:39.622,87,RECV,7E000F81000038024E383032382D3635384C08
05-09-2025 16:16:39.673,88,RECV,7E000F81000039024E353032322D59524544CB
05-09-2025 16:16:39.673,89,RECV,7E000F81000037024E383032392D4F553853C8
05-09-2025 16:16:39.773,90,RECV,7E000F8100002B024E363032322D4251584CD5
05-09-2025 16:16:39.823,91,RECV,7E000F81000036024E383033302D4A325055DF
05-09-2025 16:16:39.873,92,RECV,7E000F8100003D024E373031342D3846484FE3
05-09-2025 16:16:40.174,93,RECV,7E000F8100002A024E363032332D4F573250E4
05-09-2025 16:16:40.174,94,RECV,7E000F8100002A024E363032342D36385956EE
05-09-2025 16:16:40.224,95,RECV,7E000F81000037024E353032332D3049313026
05-09-2025 16:16:40.274,96,RECV,7E000F81000036024E383033312D3836473317
05-09-2025 16:16:40.475,97,RECV,7E000F81000037024E353032342D3037494F00
05-09-2025 16:16:40.525,98,RECV,7E000F8100003E024E373031352D43594949C8
05-09-2025 16:16:40.525,99,RECV,7E000F8100003E024E373031362D30475433F7
05-09-2025 16:16:40.635,100,RECV,7E000F81000038024E353032352D51594143CF
05-09-2025 16:16:40.725,101,RECV,7E000F81000036024E383033322D52525A56AA
05-09-2025 16:16:40.725,102,RECV,7E000F81000036024E383033332D354B41320A
05-09-2025 16:16:40.775,103,RECV,7E000F8100002B024E363032352D4C30345009
05-09-2025 16:16:40.926,104,RECV,7E007D3381000036002DFFFFFFFFFFFFFFFF000000534888
05-09-2025 16:16:40.926,105,RECV,7E007D33810000390025FFFFFFFFFFFFFFFF00000053488D
05-09-2025 16:16:40.976,106,RECV,7E007D338100002D0025FFFFFFFFFFFFFFFF000000534899
05-09-2025 16:16:41.026,107,RECV,7E000F81000037024E383033342D46304C3900
05-09-2025 16:16:41.076,108,RECV,7E000F81000037024E383033352D565A5234C4
05-09-2025 16:16:41.134,109,RECV,7E000F81000040024E373031372D423838330D
05-09-2025 16:16:41.150,110,RECV,7E000F8100002C024E363032362D35545555D4
05-09-2025 16:16:41.150,111,RECV,7E000F81000039024E353032362D37375546F2
05-09-2025 16:16:41.334,112,RECV,7E000F81000037024E353032372D364C4A4FE1
05-09-2025 16:16:41.385,113,RECV,7E000F8100003E024E373031382D58474632DC
05-09-2025 16:16:41.405,114,RECV,7E000F8100002B024E363032372D4555373600
05-09-2025 16:16:41.485,115,RECV,7E000F8100002B024E363032382D47305859DE
05-09-2025 16:16:41.545,116,RECV,7E000F8100003F024E373031392D4B394153D9
05-09-2025 16:16:41.585,117,RECV,7E000F8100002C024E363032392D374733341F
05-09-2025 16:16:41.736,118,RECV,7E000F81000037024E383033362D4B46364EE4
05-09-2025 16:16:41.836,119,RECV,7E000F8100003A024E353032382D43385350DA
05-09-2025 16:16:41.836,120,RECV,7E000F81000039024E383033372D51364534F6
05-09-2025 16:16:41.846,121,RECV,7E000F81000039024E353032392D44484E58C6
05-09-2025 16:16:41.886,122,RECV,7E000F81000042024E373032302D584C3954C5
05-09-2025 16:16:41.936,123,RECV,7E000F8100003A024E353033302D4755304BE8
05-09-2025 16:16:41.997,124,RECV,7E000F81000041024E373032312D30443352FD
05-09-2025 16:16:42.087,125,RECV,7E000F81000039024E383033382D5635464DD7
05-09-2025 16:16:42.237,126,RECV,7E000F81000039024E383033392D49534B33DA
05-09-2025 16:16:42.287,127,RECV,7E000F8100002D024E363033302D524B344BEF
05-09-2025 16:16:42.337,128,RECV,7E000F8100003A024E353033312D5936564CCD
05-09-2025 16:16:42.397,129,RECV,7E000F81000037024E383034302D46425554CD
05-09-2025 16:16:42.438,130,RECV,7E000F81000035024E383034312D56344444ED
05-09-2025 16:16:42.488,131,RECV,7E000F81000040024E373032322D47555748BB
05-09-2025 16:16:42.508,132,RECV,7E000F81000036024E383034322D4434534DE5
05-09-2025 16:16:42.538,133,RECV,7E000F81000037024E383034332D4450304FE8
05-09-2025 16:16:42.538,134,RECV,7E000F81000037024E383034342D325A313607
05-09-2025 16:16:42.588,135,RECV,7E000F81000040024E373032332D4736353310
05-09-2025 16:16:42.838,136,RECV,7E000F8100002B024E363033312D313634531E
05-09-2025 16:16:42.838,137,RECV,7E000F81000035024E383034352D4E344539FB
05-09-2025 16:16:42.889,138,RECV,7E000F81000037024E353033322D38475755D5
05-09-2025 16:16:42.889,139,RECV,7E000F81000037024E353033332D48505743CD
05-09-2025 16:16:42.939,140,RECV,7E000F8100002B024E363033322D45414556EA
05-09-2025 16:16:43.139,141,RECV,7E000F81000036024E383034362D3437373225
05-09-2025 16:16:43.189,142,RECV,7E000F81000039024E353033342D37384C54ED
05-09-2025 16:16:43.340,143,RECV,7E000F8100002B024E363033332D363250381A
05-09-2025 16:16:43.590,144,RECV,7E000F8100003F024E373032342D41434F42E0
05-09-2025 16:16:43.641,145,RECV,7E000F8100002B024E363033342D32515552DF
05-09-2025 16:16:43.741,146,RECV,7E000F81000036024E383034372D4C41504BD0
05-09-2025 16:16:43.791,147,RECV,7E000F81000039024E353033352D42534244E0
05-09-2025 16:16:43.841,148,RECV,7E000F81000040024E373032352D434A5338DB
05-09-2025 16:16:43.841,149,RECV,7E000F8100003F024E373032362D324D5832EA
05-09-2025 16:16:43.941,150,RECV,7E000F8100002C024E363033352D504E4259CE
05-09-2025 16:16:44.142,151,RECV,7E000F81000039024E353033362D4E37504BDA
05-09-2025 16:16:44.342,152,RECV,7E000F81000037024E383034382D4434435AE1
05-09-2025 16:16:44.342,153,RECV,7E000F8100002C024E363033362D58474952CC
05-09-2025 16:16:44.342,154,RECV,7E000F8100003F024E373032372D49544742CC
05-09-2025 16:16:44.343,155,RECV,7E000F81000036024E383034392D48444F44D7
05-09-2025 16:16:44.343,156,RECV,7E000F8100002C024E363033372D45445530F7
05-09-2025 16:16:44.363,157,RECV,7E000F8100002C024E363033382D4242364BFF
05-09-2025 16:16:44.393,158,RECV,7E000F81000036024E383035302D51354D4BE0
05-09-2025 16:16:44.393,159,RECV,7E000F81000038024E353033372D44365A48DE
05-09-2025 16:16:44.403,160,RECV,7E000F81000036024E383035312D4E594A37D5
05-09-2025 16:16:44.493,161,RECV,7E000F8100002C024E363033392D4442323516
05-09-2025 16:16:44.493,162,RECV,7E000F81000038024E353033382D554C3045E3
05-09-2025 16:16:44.493,163,RECV,7E000F81000037024E383035322D43464E4ADA
05-09-2025 16:16:44.543,164,RECV,7E000F81000039024E353033392D31335856E5
05-09-2025 16:16:44.643,165,RECV,7E000F81000040024E373032382D444C5347C6
05-09-2025 16:16:44.693,166,RECV,7E000F81000037024E383035332D4D4D5030E0
05-09-2025 16:16:44.894,167,RECV,7E000F81000038024E353034302D51375750D1
05-09-2025 16:16:44.894,168,RECV,7E000F81000038024E353034312D56365152D0
05-09-2025 16:16:44.943,169,RECV,7E000F81000039024E353034322D364A5555D3
05-09-2025 16:16:44.946,170,RECV,7E007D33810000360042FFFFFFFFFFFFFFFF000000534873
05-09-2025 16:16:44.946,171,RECV,7E000F8100002D024E363034302D59384C54D9
05-09-2025 16:16:44.946,172,RECV,7E007D33810000400029FFFFFFFFFFFFFFFF000000534882
05-09-2025 16:16:44.946,173,RECV,7E007D33810000380037FFFFFFFFFFFFFFFF00000053487C
05-09-2025 16:16:44.946,174,RECV,7E000F81000040024E373032392D46425A4AC3
05-09-2025 16:16:44.994,175,RECV,7E007D338100002C0035FFFFFFFFFFFFFFFF00000053488A
05-09-2025 16:16:44.994,176,RECV,7E000F8100003F024E373033302D524F4A33DA
05-09-2025 16:16:44.995,177,RECV,7E000F81000038024E353034332D4C3636390C
05-09-2025 16:16:44.995,178,RECV,7E000F8100002C024E363034312D453938371D
05-09-2025 16:16:45.044,179,RECV,7E000F81000038024E353034342D594E5051B4
05-09-2025 16:16:45.144,180,RECV,7E000F81000036024E383035342D4D45554BC8
05-09-2025 16:16:45.194,181,RECV,7E000F81000039024E353034352D3943463107
05-09-2025 16:16:45.245,182,RECV,7E000F81000036024E383035352D41495143DB
05-09-2025 16:16:45.395,183,RECV,7E000F81000038024E353034362D4E4D4559C1
05-09-2025 16:16:45.445,184,RECV,7E000F8100003F024E373033312D56365050CB
05-09-2025 16:16:45.495,185,RECV,7E000F8100003F024E373033322D354634347D33
05-09-2025 16:16:45.545,186,RECV,7E000F81000036024E383035362D4638344600
05-09-2025 16:16:45.547,187,RECV,7E000F81000036024E383035372D42443359E5
05-09-2025 16:16:45.646,188,RECV,7E000F81000037024E383035382D324A3842FF
05-09-2025 16:16:45.746,189,RECV,7E000F8100003F024E373033332D31594146E4
05-09-2025 16:16:45.846,190,RECV,7E000F8100002C024E363034322D354C4349FC
05-09-2025 16:16:45.847,191,RECV,7E000F8100003F024E373033342D48474452CF
05-09-2025 16:16:45.896,192,RECV,7E000F81000036024E383035392D54434942D3
05-09-2025 16:16:46.147,193,RECV,7E000F8100002C024E363034332D35365751F5
05-09-2025 16:16:46.197,194,RECV,7E000F81000037024E383036302D32545245DF
05-09-2025 16:16:46.247,195,RECV,7E000F8100002C024E363034342D46553044F8
05-09-2025 16:16:46.251,196,RECV,7E000F81000037024E383036312D45354654E7
05-09-2025 16:16:46.297,197,RECV,7E000F81000040024E373033352D334A4F35F1
05-09-2025 16:16:46.348,198,RECV,7E000F81000036024E383036322D50334243F3
05-09-2025 16:16:46.659,199,RECV,7E000F8100002C024E363034352D30564753E6
05-09-2025 16:16:46.659,200,RECV,7E000F8100003A024E353034372D324F504DD9
05-09-2025 16:16:46.699,201,RECV,7E000F8100002C024E363034362D324C3652FF
05-09-2025 16:16:46.748,202,RECV,7E000F8100002D024E363034372D434C4938F3
05-09-2025 16:16:46.799,203,RECV,7E000F81000039024E353034382D515A5132C9
05-09-2025 16:16:46.819,204,RECV,7E000F8100003A024E353034392D58455957A8
05-09-2025 16:16:46.999,205,RECV,7E000F81000039024E353035302D4C483549EC
05-09-2025 16:16:47.150,206,RECV,7E000F81000039024E353035312D4A544D50C2
05-09-2025 16:16:47.250,207,RECV,7E000F81000037024E383036332D5A473650D2
05-09-2025 16:16:47.254,208,RECV,7E000F81000039024E353035322D57534E52B2
05-09-2025 16:16:47.350,209,RECV,7E000F81000040024E373033372D49455639D3
05-09-2025 16:16:47.601,210,RECV,7E000F81000039024E353035332D4D345A4ED2
05-09-2025 16:16:47.651,211,RECV,7E000F81000040024E373033382D4E375142D7
05-09-2025 16:16:47.656,212,RECV,7E000F81000039024E353035342D364C5344E1
05-09-2025 16:16:47.656,213,RECV,7E000F81000037024E383036342D52574F37C9
05-09-2025 16:16:48.001,214,RECV,7E000F8100002C024E363034382D3232384D1A
05-09-2025 16:16:48.012,215,RECV,7E000F81000039024E353035352D48583937E9
05-09-2025 16:16:48.013,216,RECV,7E000F81000037024E383036352D59545133C6
05-09-2025 16:16:48.052,217,RECV,7E000F81000040024E373033392D48513439E8
05-09-2025 16:16:48.102,218,RECV,7E000F81000040024E373034302D4F5A3450C9
05-09-2025 16:16:48.252,219,RECV,7E000F81000037024E383036362D43463046F7
05-09-2025 16:16:48.302,220,RECV,7E000F81000039024E353035362D564B4D38D2
05-09-2025 16:16:48.302,221,RECV,7E000F81000037024E383036372D36544349DF
05-09-2025 16:16:48.353,222,RECV,7E000F81000037024E383036382D51583738DC
05-09-2025 16:16:48.355,223,RECV,7E000F81000036024E383036392D49444750D0
05-09-2025 16:16:48.454,224,RECV,7E000F8100002C024E363034392D3644573001
05-09-2025 16:16:48.455,225,RECV,7E000F81000038024E353035382D444A514ECA
05-09-2025 16:16:48.504,226,RECV,7E000F81000039024E353035392D41534F4DC5
05-09-2025 16:16:48.575,227,RECV,7E000F8100002C024E363035302D44544856D4
05-09-2025 16:16:48.855,228,RECV,7E000F81000038024E353036312D5A4E4759B5
05-09-2025 16:16:48.906,229,RECV,7E000F81000037024E383037302D3239354F0C
05-09-2025 16:16:48.906,230,RECV,7E000F8100002C024E363035312D35534E50E3
05-09-2025 16:16:48.926,231,RECV,7E007D33810000360054FFFFFFFFFFFFFFFF000000534861
05-09-2025 16:16:48.926,232,RECV,7E000F81000040024E373034312D51433851D8
05-09-2025 16:16:48.956,233,RECV,7E007D338100003F0037FFFFFFFFFFFFFFFF000000534875
05-09-2025 16:16:48.957,234,RECV,7E007D3381000038004BFFFFFFFFFFFFFFFF000000534868
05-09-2025 16:16:48.957,235,RECV,7E000F81000036024E383037312D353235411E
05-09-2025 16:16:48.977,236,RECV,7E007D338100002C0041FFFFFFFFFFFFFFFF00000053487D5E
05-09-2025 16:16:49.056,237,RECV,7E000F8100002C024E363035322D49555051C9
05-09-2025 16:16:49.307,238,RECV,7E000F8100003F024E373034322D4F443449E5
05-09-2025 16:16:49.319,239,RECV,7E000F81000036024E383037322D384C413203
05-09-2025 16:16:49.327,240,RECV,7E000F81000036024E383037332D4C46444BD8
05-09-2025 16:16:49.357,241,RECV,7E000F81000038024E353036322D43314458EC
05-09-2025 16:16:49.457,242,RECV,7E000F81000035024E383037342D5A585354A0
05-09-2025 16:16:49.507,243,RECV,7E000F8100002A024E363035332D324D323325
05-09-2025 16:16:49.608,244,RECV,7E000F8100002B024E363035342D4D454D43E5
05-09-2025 16:16:49.658,245,RECV,7E000F81000036024E383037352D51314A33F8
05-09-2025 16:16:49.808,246,RECV,7E000F8100003E024E373034332D54484E4AC1
05-09-2025 16:16:50.009,247,RECV,7E000F8100002C024E363035352D51595659AC
05-09-2025 16:16:50.009,248,RECV,7E000F81000038024E353036332D37555A32E3
05-09-2025 16:16:50.059,249,RECV,7E000F81000038024E353036342D3542514BE7
05-09-2025 16:16:50.360,250,RECV,7E000F81000038024E353036352D4849484AD6
05-09-2025 16:16:50.410,251,RECV,7E000F81000036024E383037362D424E4D49D0
05-09-2025 16:16:50.460,252,RECV,7E000F81000037024E353036362D3255564FCD
05-09-2025 16:16:50.510,253,RECV,7E000F8100002B024E363035362D3030334C26
05-09-2025 16:16:50.511,254,RECV,7E000F8100002B024E363035372D384A5146EB
05-09-2025 16:16:50.560,255,RECV,7E000F81000035024E383037372D48325044E8
05-09-2025 16:16:50.560,256,RECV,7E000F81000038024E353036372D36504D4ADA
05-09-2025 16:16:50.610,257,RECV,7E000F8100002B024E363035382D47493959E1
05-09-2025 16:16:50.661,258,RECV,7E000F81000038024E353036382D5A33444FD6
05-09-2025 16:16:50.711,259,RECV,7E000F81000036024E383037382D374E344EED
05-09-2025 16:16:50.761,260,RECV,7E000F81000035024E383037392D4134444CEF
05-09-2025 16:16:50.862,261,RECV,7E000F8100003E024E373034342D59564C50A9
05-09-2025 16:16:50.911,262,RECV,7E000F8100002B024E363035392D374E4D55DB
05-09-2025 16:16:50.911,263,RECV,7E000F81000037024E353036392D4D573450CE
05-09-2025 16:16:50.961,264,RECV,7E000F8100003F024E373034352D4A523842DC
05-09-2025 16:16:51.112,265,RECV,7E000F8100003F024E373034362D4F4C4554BD
05-09-2025 16:16:51.144,266,RECV,7E000F8100003F024E373034372D56514254B3
05-09-2025 16:16:51.212,267,RECV,7E000F81000037024E383038302D554B4E38D4
05-09-2025 16:16:51.222,268,RECV,7E000F81000037024E383038312D454B394DE3
05-09-2025 16:16:51.223,269,RECV,7E000F8100003F024E373034382D49503846D8
05-09-2025 16:16:51.262,270,RECV,7E000F8100003F024E373034392D414B374DDE
05-09-2025 16:16:51.312,271,RECV,7E000F81000036024E383038322D59565131C8
05-09-2025 16:16:51.362,272,RECV,7E000F81000037024E383038332D4D4D3353D7
05-09-2025 16:16:51.613,273,RECV,7E000F81000037024E353037302D4158574BC3
05-09-2025 16:16:51.617,274,RECV,7E000F8100003F024E373035302D454C3547E9
05-09-2025 16:16:51.763,275,RECV,7E000F8100003F024E373035312D38554359CC
05-09-2025 16:16:51.864,276,RECV,7E000F8100003E024E373035322D39455855CA
05-09-2025 16:16:51.864,277,RECV,7E000F8100003F024E373035332D494D4238E3
05-09-2025 16:16:51.914,278,RECV,7E000F8100002B024E363036302D4F48464BE2
05-09-2025 16:16:51.964,279,RECV,7E000F81000037024E353037312D375A4836EE
05-09-2025 16:16:52.114,280,RECV,7E000F81000034024E383038342D46524551CB
05-09-2025 16:16:52.214,281,RECV,7E000F8100002A024E363036312D47535838E0
05-09-2025 16:16:52.565,282,RECV,7E000F81000036024E353037322D55414342E2
05-09-2025 16:16:52.666,283,RECV,7E000F8100003D024E373035342D55365248CF
05-09-2025 16:16:52.666,284,RECV,7E000F81000034024E383038352D57593356BF
05-09-2025 16:16:52.816,285,RECV,7E000F81000038024E353037332D4F4A3953D5
05-09-2025 16:16:52.866,286,RECV,7E000F8100002A024E363036322D51544447D9
05-09-2025 16:16:52.967,287,RECV,7E007D33810000340064FFFFFFFFFFFFFFFF000000534853
05-09-2025 16:16:52.976,288,RECV,7E007D338100003E0045FFFFFFFFFFFFFFFF000000534868
05-09-2025 16:16:52.976,289,RECV,7E007D33810000360058FFFFFFFFFFFFFFFF00000053485D
05-09-2025 16:16:52.976,290,RECV,7E007D3381000029004DFFFFFFFFFFFFFFFF000000534875
05-09-2025 16:16:53.117,291,RECV,7E000F8100003D024E373035352D4241334EEF
05-09-2025 16:16:53.122,292,RECV,7E000F81000037024E353037342D50384E30F4
05-09-2025 16:16:53.217,293,RECV,7E000F81000037024E353037352D42574356C7
05-09-2025 16:16:53.220,294,RECV,7E000F81000037024E353037362D52524B5AAF
05-09-2025 16:16:53.528,295,RECV,7E000F81000029024E363036332D344E355002
05-09-2025 16:16:53.718,296,RECV,7E000F81000029024E363036342D58595531D1
05-09-2025 16:16:53.819,297,RECV,7E000F8100003D024E373035362D43364644EF
05-09-2025 16:16:53.819,298,RECV,7E000F81000029024E363036352D355A4636FC
05-09-2025 16:16:53.869,299,RECV,7E000F81000029024E363036362D51484E56C9
05-09-2025 16:16:53.969,300,RECV,7E000F8100003D024E373035372D414C3358D9
05-09-2025 16:16:54.170,301,RECV,7E000F81000034024E383038362D4E593232EC
05-09-2025 16:16:54.175,302,RECV,7E000F81000029024E363036372D3646564FE4
05-09-2025 16:16:54.175,303,RECV,7E000F81000034024E383038372D4F4E5256B1
05-09-2025 16:16:54.520,304,RECV,7E000F81000036024E353037372D4A3332387D31
05-09-2025 16:16:54.571,305,RECV,7E000F81000034024E383038382D4B513442E3
05-09-2025 16:16:54.621,306,RECV,7E000F81000029024E363036382D3642304517
05-09-2025 16:16:54.821,307,RECV,7E000F81000036024E353037382D41524655C9
05-09-2025 16:16:54.921,308,RECV,7E000F81000034024E383038392D5932525ABD
05-09-2025 16:16:54.971,309,RECV,7E000F81000036024E353037392D4F49595AAB
05-09-2025 16:16:55.122,310,RECV,7E000F81000028024E363036392D334E4B3107
05-09-2025 16:16:55.172,311,RECV,7E000F81000036024E353038302D58585042BC
05-09-2025 16:16:55.422,312,RECV,7E000F81000028024E363037302D4635323926
05-09-2025 16:16:55.423,313,RECV,7E000F81000034024E383039302D55454F35DE
05-09-2025 16:16:55.473,314,RECV,7E000F8100003C024E373035382D34545251C6
05-09-2025 16:16:55.824,315,RECV,7E000F81000039024E383039312D4A475244CF
05-09-2025 16:16:55.974,316,RECV,7E000F81000040024E373035392D50465238CC
05-09-2025 16:16:56.024,317,RECV,7E000F81000040024E373036302D5341585AAE
05-09-2025 16:16:56.125,318,RECV,7E000F8100002C024E363037312D335A3453F3
05-09-2025 16:16:56.175,319,RECV,7E000F8100002C024E363037322D59444937E9
05-09-2025 16:16:56.225,320,RECV,7E000F8100003A024E353038312D5A5A374EC0
05-09-2025 16:16:56.225,321,RECV,7E000F81000039024E353038322D4B554333E3
05-09-2025 16:16:56.325,322,RECV,7E000F8100003F024E373036312D4A504434E2
05-09-2025 16:16:56.325,323,RECV,7E000F8100003A024E353038332D4E48444BD2
05-09-2025 16:16:56.375,324,RECV,7E000F8100002C024E363037332D47434C56D9
05-09-2025 16:16:56.576,325,RECV,7E000F81000039024E353038342D43505456BA
05-09-2025 16:16:56.676,326,RECV,7E000F8100002C024E363037342D59485259B8
05-09-2025 16:16:56.676,327,RECV,7E000F81000039024E383039322D53364247E3
05-09-2025 16:16:56.726,328,RECV,7E000F8100002D024E363037352D4430323329
05-09-2025 16:16:56.776,329,RECV,7E000F8100002C024E363037362D4949504FD1
05-09-2025 16:16:56.776,330,RECV,7E000F81000040024E373036322D584E4739CC
05-09-2025 16:16:56.827,331,RECV,7E000F8100003A024E353038352D53525050B0
05-09-2025 16:16:56.877,332,RECV,7E000F81000037024E383039332D34565353C6
05-09-2025 16:16:56.927,333,RECV,7E007D3381000037006DFFFFFFFFFFFFFFFF000000534847
05-09-2025 16:16:56.927,334,RECV,7E000F81000038024E353038362D5047394FD7
05-09-2025 16:16:56.977,335,RECV,7E007D338100003F004EFFFFFFFFFFFFFFFF00000053485E
05-09-2025 16:16:56.977,336,RECV,7E007D33810000390066FFFFFFFFFFFFFFFF00000053484C
05-09-2025 16:16:56.978,337,RECV,7E000F8100002C024E363037372D4B483658E0
05-09-2025 16:16:57.027,338,RECV,7E007D338100002C005DFFFFFFFFFFFFFFFF000000534862
05-09-2025 16:16:57.278,339,RECV,7E000F81000038024E353038372D5152544FAF
05-09-2025 16:16:57.328,340,RECV,7E000F8100003E024E373036332D304B4833FD
05-09-2025 16:16:57.428,341,RECV,7E000F8100003F024E373036342D4A455743C8
05-09-2025 16:16:57.478,342,RECV,7E000F81000038024E353038382D4B595659A1
05-09-2025 16:16:57.485,343,RECV,7E000F8100003F024E373036352D4C4E4336DD
05-09-2025 16:16:57.485,344,RECV,7E000F81000038024E353038392D434A4459C9
05-09-2025 16:16:57.528,345,RECV,7E000F81000039024E353039302D4B413157E6
05-09-2025 16:16:57.528,346,RECV,7E000F8100002C024E363037382D4335524EE8
05-09-2025 16:16:57.629,347,RECV,7E000F8100002C024E363037392D46583035FC
05-09-2025 16:16:57.680,348,RECV,7E000F8100002B024E363038302D43375643F5
05-09-2025 16:16:57.730,349,RECV,7E000F81000038024E353039312D5A533732E4
05-09-2025 16:16:57.732,350,RECV,7E000F8100002B024E363038312D4B3337381A
05-09-2025 16:16:57.780,351,RECV,7E000F81000037024E383039342D464F4547D4
05-09-2025 16:16:57.830,352,RECV,7E000F8100003F024E373036372D52344D37E4
05-09-2025 16:16:58.031,353,RECV,7E000F8100002B024E363038322D4D3448330A
05-09-2025 16:16:58.181,354,RECV,7E000F81000038024E383039352D4B37383504
05-09-2025 16:16:58.201,355,RECV,7E000F8100002D024E363038332D54393845F9
05-09-2025 16:16:58.532,356,RECV,7E000F8100003A024E383039362D4A33594AD0
05-09-2025 16:16:58.553,357,RECV,7E000F81000038024E383039372D3058474FD3
05-09-2025 16:16:58.743,358,RECV,7E000F81000036024E383039382D4F544452B9
05-09-2025 16:16:58.743,359,RECV,7E000F8100003E024E373036382D36305A4EE0
05-09-2025 16:16:58.783,360,RECV,7E000F8100002B024E363038342D393842460B
05-09-2025 16:16:58.933,361,RECV,7E000F81000037024E353039322D323055380B
05-09-2025 16:16:58.933,362,RECV,7E000F8100003E024E373036392D3737463009
05-09-2025 16:16:58.983,363,RECV,7E000F8100003E024E373037302D43543439F1
05-09-2025 16:16:59.033,364,RECV,7E000F81000037024E353039332D575A5735BC
05-09-2025 16:16:59.183,365,RECV,7E000F8100002B024E363038352D3135455107
05-09-2025 16:16:59.233,366,RECV,7E000F8100003F024E373037312D5735333004
05-09-2025 16:16:59.384,367,RECV,7E000F8100002D024E363038362D49494A32F2
05-09-2025 16:16:59.484,368,RECV,7E000F81000038024E383039392D56433339EA
05-09-2025 16:16:59.500,369,RECV,7E000F8100003A024E353039342D504D3336EF
05-09-2025 16:16:59.534,370,RECV,7E000F8100002D024E363038372D54595756A5
05-09-2025 16:16:59.534,371,RECV,7E000F81000039024E353039352D4745564AC9
05-09-2025 16:16:59.585,372,RECV,7E000F81000040024E373037322D32355657DD
05-09-2025 16:16:59.635,373,RECV,7E000F8100002C024E363038382D324E5949DD
05-09-2025 16:16:59.653,374,RECV,7E000F81000039024E353039362D4A443237FD
05-09-2025 16:16:59.936,375,RECV,7E000F8100003E024E373037332D58353444ED
05-09-2025 16:17:00.036,376,RECV,7E000F8100003F024E373037342D56504857AB
05-09-2025 16:17:00.286,377,RECV,7E000F8100002A024E363038392D41594C5AC0
05-09-2025 16:17:00.437,378,RECV,7E000F81000038024E353039372D37535559BC
05-09-2025 16:17:00.487,379,RECV,7E000F81000038024E353039382D3151494BDD
05-09-2025 16:17:00.688,380,RECV,7E000F81000039024E353039392D4B4A5130DB
05-09-2025 16:17:00.888,381,RECV,7E000F81000041024E373037352D31335550E4
05-09-2025 16:17:00.989,382,RECV,7E007D3381000042005CFFFFFFFFFFFFFFFF00000053484D
05-09-2025 16:17:01.012,383,RECV,7E007D338100002E006AFFFFFFFFFFFFFFFF000000534853
05-09-2025 16:17:01.440,384,RECV,7E000F8100002C024E363039302D4F4A4843E2
05-09-2025 16:17:01.790,385,RECV,7E000F8100002B024E363039312D3135423529
05-09-2025 16:17:01.840,386,RECV,7E000F8100002B024E363039322D363744480C
05-09-2025 16:17:01.991,387,RECV,7E000F81000042024E373037362D544C5238C1
05-09-2025 16:17:02.743,388,RECV,7E000F81000042024E373037372D49303545F7
05-09-2025 16:17:02.893,389,RECV,7E000F8100002E024E363039332D46543051E6
05-09-2025 16:17:03.204,390,RECV,7E000F81000041024E373037382D45435356B9
05-09-2025 16:17:03.395,391,RECV,7E000F81000042024E373037392D43374158D5
05-09-2025 16:17:03.395,392,RECV,7E000F8100002E024E363039342D48573753D7
05-09-2025 16:17:03.545,393,RECV,7E000F81000041024E373038302D36503550E6
05-09-2025 16:17:03.696,394,RECV,7E000F81000041024E373038312D32594A55C6
05-09-2025 16:17:03.746,395,RECV,7E000F8100002E024E363039352D37475154DC
05-09-2025 16:17:03.746,396,RECV,7E000F8100002E024E363039362D55533943DA
05-09-2025 16:17:03.796,397,RECV,7E000F81000041024E373038322D5837514AC5
05-09-2025 16:17:04.177,398,RECV,7E000F8100002E024E363039372D41454957D7
05-09-2025 16:17:04.397,399,RECV,7E000F81000041024E373038332D56325736D9
05-09-2025 16:17:04.404,400,RECV,7E000F8100002E024E363039382D574B3049E1
05-09-2025 16:17:04.404,401,RECV,7E000F8100002E024E363039392D52565531CD
05-09-2025 16:17:04.448,402,RECV,7E000F81000041024E373038342D58474C4CB6
05-09-2025 16:17:04.498,403,RECV,7E000F81000042024E373038352D4245365AD4
05-09-2025 16:17:04.548,404,RECV,7E000F81000042024E373038362D424D3131F9
05-09-2025 16:17:04.799,405,RECV,7E000F81000041024E373038372D57423058C9
05-09-2025 16:17:04.949,406,RECV,7E000F81000041024E373038382D51315A4EBF
05-09-2025 16:17:04.999,407,RECV,7E007D3381000041006AFFFFFFFFFFFFFFFF000000534840
05-09-2025 16:17:05.150,408,RECV,7E000F8100003F024E373038392D4642544DC1
05-09-2025 16:17:05.701,409,RECV,7E000F81000041024E373039302D4F4C4439D8
05-09-2025 16:17:05.701,410,RECV,7E000F81000040024E373039312D55574D52A5
05-09-2025 16:17:05.801,411,RECV,7E000F81000041024E373039322D4E4B3835E8
05-09-2025 16:17:05.851,412,RECV,7E000F81000041024E373039332D39563553D6
05-09-2025 16:17:05.862,413,RECV,7E000F81000040024E373039342D46565033CE
05-09-2025 16:17:05.901,414,RECV,7E000F81000041024E373039352D4D4F4138D6
05-09-2025 16:17:06.152,415,RECV,7E000F81000040024E373039362D4139444BE2
05-09-2025 16:17:06.503,416,RECV,7E000F81000040024E373039372D47493233F5
05-09-2025 16:17:06.553,417,RECV,7E000F8100003F024E373039382D4C464452C2
05-09-2025 16:17:06.603,418,RECV,7E000F8100003F024E373039392D384C5144D0
