06-30-2025 18:26:23.919,-,API2,"Sink 1,0013A20041839DB1,802.15.4 TH,2003,/dev/ttyUSB0 - 57600/8/M/1/N,1,46"

06-30-2025 18:24:48.609,0,RECV,7E000F81000228024E323030302D414252320E
06-30-2025 18:24:48.617,1,RECV,7E000F81000632024E363030302D34553552F3
06-30-2025 18:24:48.659,2,RECV,7E000F81000228024E323030312D57425354D4
06-30-2025 18:24:48.660,3,RECV,7E000F81000632024E363030312D555A4455BA
06-30-2025 18:24:48.709,4,RECV,7E000F81000229024E323030322D58304F49F2
06-30-2025 18:24:48.709,5,RECV,7E000F81000633024E363030322D56544134E1
06-30-2025 18:24:48.759,6,RECV,7E000F81000229024E323030332D4B445758D3
06-30-2025 18:24:48.783,7,RECV,7E000F81000632024E363030332D4B535A4ABE
06-30-2025 18:24:48.783,8,RECV,7E000F81000229024E323030342D54554F46D2
06-30-2025 18:24:48.783,9,RECV,7E000F81000632024E363030342D4F335158D4
06-30-2025 18:24:48.809,10,RECV,7E000F81000229024E323030352D57455046DD
06-30-2025 18:24:48.809,11,RECV,7E000F81000632024E363030352D4555303400
06-30-2025 18:24:48.859,12,RECV,7E000F8100022A024E323030362D4938483212
06-30-2025 18:24:48.859,13,RECV,7E000F81000632024E363030362D384A574ED6
06-30-2025 18:24:48.911,14,RECV,7E000F8100022A024E323030372D3846413815
06-30-2025 18:24:48.926,15,RECV,7E000F81000632024E363030372D3938513505
06-30-2025 18:24:48.961,16,RECV,7E000F8100022A024E323030382D3133494A14
06-30-2025 18:24:48.961,17,RECV,7E000F81000632024E363030382D54325135EF
06-30-2025 18:24:48.972,18,RECV,7E000F8100022A024E323030392D3545324B7D33
06-30-2025 18:24:48.972,19,RECV,7E000F81000632024E363030392D5239324EEF
06-30-2025 18:24:49.011,20,RECV,7E000F81000229024E323031302D53494F41E7
06-30-2025 18:24:49.013,21,RECV,7E000F81000632024E363031302D394E3951F1
06-30-2025 18:24:49.061,22,RECV,7E000F81000229024E323031312D5435344114
06-30-2025 18:24:49.080,23,RECV,7E000F81000632024E363031312D3233485103
06-30-2025 18:24:49.111,24,RECV,7E000F81000229024E323031322D384D454601
06-30-2025 18:24:49.111,25,RECV,7E000F81000632024E363031322D38465550DD
06-30-2025 18:24:49.161,26,RECV,7E000F81000229024E323031332D3637544D02
06-30-2025 18:24:49.161,27,RECV,7E000F81000632024E363031332D474A5452C8
06-30-2025 18:24:49.162,28,RECV,7E000F81000229024E323031342D373553331D
06-30-2025 18:24:49.212,29,RECV,7E000F81000632024E363031342D4A5A4239DF
06-30-2025 18:24:49.226,30,RECV,7E000F81000229024E323031352D323754331E
06-30-2025 18:24:49.227,31,RECV,7E000F81000632024E363031352D37515952CA
06-30-2025 18:24:49.262,32,RECV,7E000F8100022A024E323031362D50465254D0
06-30-2025 18:24:49.262,33,RECV,7E000F81000631024E363031362D4C42394FE7
06-30-2025 18:24:49.312,34,RECV,7E000F8100022A024E323031372D57535841C8
06-30-2025 18:24:49.312,35,RECV,7E000F81000631024E363031372D4F4D4A52C4
06-30-2025 18:24:49.362,36,RECV,7E000F8100052E024E353031382D36555444DD
06-30-2025 18:24:49.395,37,RECV,7E000F8100022A024E323031382D494B4C43E7
06-30-2025 18:24:49.400,38,RECV,7E000F81000632024E363031382D574D4746C9
06-30-2025 18:24:49.412,39,RECV,7E000F8100052D024E353031392D49373855F3
06-30-2025 18:24:49.416,40,RECV,7E000F8100022A024E323031392D3136334F20
06-30-2025 18:24:49.416,41,RECV,7E000F81000631024E363031392D34465847E1
06-30-2025 18:24:49.463,42,RECV,7E000F8100052D024E353032302D51363157F9
06-30-2025 18:24:49.463,43,RECV,7E000F8100022A024E323032302D4E36305904
06-30-2025 18:24:49.463,44,RECV,7E000F81000631024E363032302D364F5A54CF
06-30-2025 18:24:49.464,45,RECV,7E000F8100052D024E353032312D333334521B
06-30-2025 18:24:49.473,46,RECV,7E000F8100022A024E323032312D5A4D4B44DA
06-30-2025 18:24:49.477,47,RECV,7E000F81000631024E363032312D574F5A56AB
06-30-2025 18:24:49.513,48,RECV,7E000F8100052D024E353032322D565A4151C4
06-30-2025 18:24:49.513,49,RECV,7E000F81000229024E323032322D4B475930F5
06-30-2025 18:24:49.513,50,RECV,7E000F81000631024E363032322D343334471E
06-30-2025 18:24:49.562,51,RECV,7E000F8100052E024E353032332D46524735F0
06-30-2025 18:24:49.568,52,RECV,7E000F81000229024E323032332D5A384148F4
06-30-2025 18:24:49.568,53,RECV,7E000F81000631024E363032332D463333371C
06-30-2025 18:24:49.613,54,RECV,7E000F8100052D024E353032342D50594851C2
06-30-2025 18:24:49.613,55,RECV,7E000F81000229024E323032342D5832454FF0
06-30-2025 18:24:49.613,56,RECV,7E000F81000632024E363032342D4858494BC9
06-30-2025 18:24:49.624,57,RECV,7E000F8100052D024E353032352D4C4F4D45D6
06-30-2025 18:24:49.628,58,RECV,7E000F81000229024E323032352D364D344C0A
06-30-2025 18:24:49.628,59,RECV,7E000F81000632024E363032352D4B583346E0
06-30-2025 18:24:49.663,60,RECV,7E000F8100052E024E353032362D53354558DC
06-30-2025 18:24:49.663,61,RECV,7E000F81000229024E323032362D4556434AE4
06-30-2025 18:24:49.713,62,RECV,7E000F81000631024E363032362D534E3145E5
06-30-2025 18:24:49.723,63,RECV,7E000F8100052D024E353032372D4C345449E4
06-30-2025 18:24:49.723,64,RECV,7E000F81000229024E323032372D4B364D330A
06-30-2025 18:24:49.723,65,RECV,7E000F81000631024E363032372D54414143E2
06-30-2025 18:24:49.763,66,RECV,7E000F8100052D024E353032382D434C5035EC
06-30-2025 18:24:49.763,67,RECV,7E000F8100022A024E323032382D53445144DD
06-30-2025 18:24:49.763,68,RECV,7E000F81000631024E363032382D304A5A37EF
06-30-2025 18:24:49.813,69,RECV,7E000F8100052D024E353032392D4D4E464AD4
06-30-2025 18:24:49.815,70,RECV,7E000F8100022A024E323032392D4245554CE0
06-30-2025 18:24:49.815,71,RECV,7E000F81000631024E363032392D36484934FE
06-30-2025 18:24:49.863,72,RECV,7E000F8100052D024E353033302D414B3352F6
06-30-2025 18:24:49.863,73,RECV,7E000F8100022A024E323033302D364A374F0A
06-30-2025 18:24:49.864,74,RECV,7E000F81000631024E363033302D43554A57C8
06-30-2025 18:24:49.864,75,RECV,7E000F8100052D024E353033312D50375A37EE
06-30-2025 18:24:49.864,76,RECV,7E000F8100022A024E323033312D4D584855CD
06-30-2025 18:24:49.913,77,RECV,7E000F81000631024E363033312D3054443305
06-30-2025 18:24:49.913,78,RECV,7E000F8100052D024E353033322D4E365A4FD8
06-30-2025 18:24:49.914,79,RECV,7E000F8100022A024E323033322D34455A3209
06-30-2025 18:24:49.914,80,RECV,7E000F81000631024E363033322D594F4F42C6
06-30-2025 18:24:49.964,81,RECV,7E000F8100052E024E353033332D3851465ADA
06-30-2025 18:24:49.964,82,RECV,7E000F8100022A024E323033332D57543252DE
06-30-2025 18:24:49.964,83,RECV,7E000F81000631024E363033332D4534493804
06-30-2025 18:24:50.014,84,RECV,7E000F8100052D024E353033342D50375753D2
06-30-2025 18:24:50.018,85,RECV,7E000F81000229024E323033342D4E583855DA
06-30-2025 18:24:50.018,86,RECV,7E000F81000632024E363033342D4D493239FB
06-30-2025 18:24:50.064,87,RECV,7E000F8100052D024E353033352D3646454CF5
06-30-2025 18:24:50.064,88,RECV,7E000F81000229024E323033352D31324A441B
06-30-2025 18:24:50.064,89,RECV,7E000F81000631024E363033352D58324859D1
06-30-2025 18:24:50.114,90,RECV,7E000F8100052D024E353033362D56475053C1
06-30-2025 18:24:50.114,91,RECV,7E000F81000229024E323033362D3832533717
06-30-2025 18:24:50.115,92,RECV,7E000F81000631024E363033362D575A5439BD
06-30-2025 18:24:50.115,93,RECV,7E000F8100052D024E353033372D3749354308
06-30-2025 18:24:50.164,94,RECV,7E000F81000229024E323033372D38554153E9
06-30-2025 18:24:50.169,95,RECV,7E000F81000631024E363033372D42523658D8
06-30-2025 18:24:50.169,96,RECV,7E000F8100052C024E353033382D4A49354CEC
06-30-2025 18:24:50.169,97,RECV,7E000F81000229024E323033382D524D3343F4
06-30-2025 18:24:50.214,98,RECV,7E000F81000630024E363033382D4131494BF4
06-30-2025 18:24:50.214,99,RECV,7E000F8100052C024E353033392D55395930E8
06-30-2025 18:24:50.214,100,RECV,7E000F81000229024E323033392D49314452F8
06-30-2025 18:24:50.224,101,RECV,7E000F81000630024E363033392D4E4B3741E8
06-30-2025 18:24:50.265,102,RECV,7E000F8100052D024E353034302D305036341C
06-30-2025 18:24:50.265,103,RECV,7E000F81000229024E323034302D57505334E2
06-30-2025 18:24:50.265,104,RECV,7E000F81000630024E363034302D54344E49E2
06-30-2025 18:24:50.314,105,RECV,7E000F8100052C024E353034312D3937365709
06-30-2025 18:24:50.334,106,RECV,7E000F81000229024E323034312D514E4952D5
06-30-2025 18:24:50.334,107,RECV,7E000F81000630024E363034312D4E45504BD2
06-30-2025 18:24:50.334,108,RECV,7E000F8100052C024E353034322D4C424E52D7
06-30-2025 18:24:50.335,109,RECV,7E000F81000229024E323034322D4E55373400
06-30-2025 18:24:50.335,110,RECV,7E000F81000630024E363034322D305230420B
06-30-2025 18:24:50.364,111,RECV,7E000F8100052B024E353034332D333351311D
06-30-2025 18:24:50.364,112,RECV,7E000F81000229024E323034332D494E4B51DA
06-30-2025 18:24:50.415,113,RECV,7E000F8100062F024E363034332D32504555E3
06-30-2025 18:24:50.415,114,RECV,7E000F8100052B024E353034342D47555749C8
06-30-2025 18:24:50.416,115,RECV,7E000F81000229024E323034342D324C4E53ED
06-30-2025 18:24:50.426,116,RECV,7E000F8100062F024E363034342D5033544CDB
06-30-2025 18:24:50.465,117,RECV,7E000F8100052C024E353034352D30314E54FF
06-30-2025 18:24:50.491,118,RECV,7E000F81000229024E323034352D49415A42E5
06-30-2025 18:24:50.491,119,RECV,7E000F81000630024E363034352D4B5A454EC4
06-30-2025 18:24:50.515,120,RECV,7E000F8100052C024E353034362D51553548DE
06-30-2025 18:24:50.515,121,RECV,7E000F81000229024E323034362D3750493505
06-30-2025 18:24:50.515,122,RECV,7E000F81000630024E363034362D5A31393304
06-30-2025 18:24:50.565,123,RECV,7E000F8100052C024E353034372D5643564BC6
06-30-2025 18:24:50.565,124,RECV,7E000F81000229024E323034372D59524632E6
06-30-2025 18:24:50.566,125,RECV,7E000F81000630024E363034372D47425742D8
06-30-2025 18:24:50.615,126,RECV,7E000F8100052C024E353034382D5243313504
06-30-2025 18:24:50.627,127,RECV,7E000F81000229024E323034382D42583647F1
06-30-2025 18:24:50.635,128,RECV,7E000F81000630024E363034382D4B505736D1
06-30-2025 18:24:50.635,129,RECV,7E000F8100052C024E353034392D4D364645F0
06-30-2025 18:24:50.635,130,RECV,7E000F81000229024E323034392D51494A34EF
06-30-2025 18:24:50.635,131,RECV,7E000F81000630024E363034392D5A523559BE
06-30-2025 18:24:50.665,132,RECV,7E000F8100052C024E353035302D39495253DF
06-30-2025 18:24:50.665,133,RECV,7E000F81000229024E323035302D4457584DCF
06-30-2025 18:24:50.665,134,RECV,7E000F81000630024E363035302D51554234E4
06-30-2025 18:24:50.715,135,RECV,7E000F8100052C024E353035312D5436494CE6
06-30-2025 18:24:50.716,136,RECV,7E000F81000229024E323035312D3632493528
06-30-2025 18:24:50.716,137,RECV,7E000F81000630024E363035312D51515238D3
06-30-2025 18:24:50.766,138,RECV,7E000F8100052C024E353035322D494F5637DF
06-30-2025 18:24:50.776,139,RECV,7E000F8100022A024E323035322D3231374E24
06-30-2025 18:24:50.776,140,RECV,7E000F81000630024E363035322D35455633FB
06-30-2025 18:24:50.777,141,RECV,7E000F8100052C024E353035332D31514351ED
06-30-2025 18:24:50.777,142,RECV,7E000F81000229024E323035332D52495433EA
06-30-2025 18:24:50.816,143,RECV,7E000F8100062F024E363035332D57504D32D8
06-30-2025 18:24:50.816,144,RECV,7E000F8100052C024E353035342D58365454CC
06-30-2025 18:24:50.826,145,RECV,7E000F81000229024E323035342D39584A42EE
06-30-2025 18:24:50.827,146,RECV,7E000F8100062F024E363035342D3644504AE9
06-30-2025 18:24:50.867,147,RECV,7E000F8100052C024E353035352D59565737C4
06-30-2025 18:24:50.867,148,RECV,7E000F8100022A024E323035352D3733324B22
06-30-2025 18:24:50.917,149,RECV,7E000F81000630024E363035352D39564731F4
06-30-2025 18:24:50.932,150,RECV,7E000F8100052C024E353035362D304F4D5ADA
06-30-2025 18:24:50.951,151,RECV,7E000F8100022A024E323035362D383054410B
06-30-2025 18:24:50.952,152,RECV,7E000F8100062F024E363035362D3737385302
06-30-2025 18:24:50.967,153,RECV,7E000F8100052B024E353035372D52425543D4
06-30-2025 18:24:50.967,154,RECV,7E000F8100022A024E323035372D5658544BBA
06-30-2025 18:24:50.967,155,RECV,7E000F81000630024E363035372D3632563605
06-30-2025 18:24:50.987,156,RECV,7E000F8100052B024E353035382D434C314AF5
06-30-2025 18:24:50.987,157,RECV,7E000F81000229024E323035382D4B354149FD
06-30-2025 18:24:51.017,158,RECV,7E000F8100062F024E363035382D5730394FEA
06-30-2025 18:24:51.017,159,RECV,7E000F8100052C024E353035392D3958343008
06-30-2025 18:24:51.017,160,RECV,7E000F81000229024E323035392D32475449F0
06-30-2025 18:24:51.067,161,RECV,7E000F8100062F024E363035392D53554E36CC
06-30-2025 18:24:51.079,162,RECV,7E000F8100052B024E353036302D38305955F0
06-30-2025 18:24:51.079,163,RECV,7E000F81000229024E323036302D44564658D6
06-30-2025 18:24:51.117,164,RECV,7E000F81000630024E363036302D33595649D4
06-30-2025 18:24:51.117,165,RECV,7E000F8100052C024E353036312D5A4B384CDB
06-30-2025 18:24:51.117,166,RECV,7E000F81000229024E323036312D59444431FB
06-30-2025 18:24:51.127,167,RECV,7E000F8100062F024E363036312D5350475ABB
06-30-2025 18:24:51.167,168,RECV,7E000F8100052B024E353036322D504E384EE0
06-30-2025 18:24:51.167,169,RECV,7E000F81000229024E323036322D4D3438361D
06-30-2025 18:24:51.167,170,RECV,7E000F81000630024E363036322D3048544AE7
06-30-2025 18:24:51.217,171,RECV,7E000F8100052C024E353036332D47343259FC
06-30-2025 18:24:51.234,172,RECV,7E000F81000229024E323036332D33584E57DB
06-30-2025 18:24:51.234,173,RECV,7E000F81000631024E363036332D41563948E3
06-30-2025 18:24:51.267,174,RECV,7E000F8100052C024E353036342D39355344FC
06-30-2025 18:24:51.267,175,RECV,7E000F81000229024E323036342D49435842E4
06-30-2025 18:24:51.267,176,RECV,7E000F81000632024E363036342D47554656C1
06-30-2025 18:24:51.277,177,RECV,7E000F8100052B024E353036352D37513655EE
06-30-2025 18:24:51.278,178,RECV,7E000F8100022A024E323036352D33535933F6
06-30-2025 18:24:51.317,179,RECV,7E000F81000631024E363036352D4C524A52BF
06-30-2025 18:24:51.317,180,RECV,7E000F8100052B024E353036362D4237393618
06-30-2025 18:24:51.328,181,RECV,7E000F8100022A024E323036362D4535414C00
06-30-2025 18:24:51.338,182,RECV,7E000F81000632024E363036362D584B3153D0
06-30-2025 18:24:51.358,183,RECV,7E000F8100052B024E353036372D53335951CF
06-30-2025 18:24:51.360,184,RECV,7E000F8100022A024E323036372D42505A54C6
06-30-2025 18:24:51.368,185,RECV,7E000F81000632024E363036372D39375742ED
06-30-2025 18:24:51.417,186,RECV,7E000F8100052B024E353036382D5A5A4A56AA
06-30-2025 18:24:51.417,187,RECV,7E000F81000229024E323036382D585A5359A8
06-30-2025 18:24:51.417,188,RECV,7E000F81000632024E363036382D58554835CB
06-30-2025 18:24:51.468,189,RECV,7E000F8100052B024E353036392D3757514CD2
06-30-2025 18:24:51.468,190,RECV,7E000F8100022A024E323036392D564E5548C3
06-30-2025 18:24:51.468,191,RECV,7E000F81000631024E363036392D49464D47D2
06-30-2025 18:24:51.468,192,RECV,7E000F8100052B024E353037302D4F425036EE
06-30-2025 18:24:51.518,193,RECV,7E000F81000229024E323037302D494B4A38F7
06-30-2025 18:24:51.536,194,RECV,7E000F81000631024E363037302D41544B33EA
06-30-2025 18:24:51.536,195,RECV,7E000F8100052B024E353037312D4B4E5551C5
06-30-2025 18:24:51.536,196,RECV,7E000F81000229024E323037312D5641304203
06-30-2025 18:24:51.568,197,RECV,7E000F81000632024E363037312D5731303112
06-30-2025 18:24:51.582,198,RECV,7E000F8100052C024E353037322D3836554BF4
06-30-2025 18:24:51.582,199,RECV,7E000F81000229024E323037322D42565839E2
06-30-2025 18:24:51.618,200,RECV,7E000F81000632024E363037322D42594352CA
06-30-2025 18:24:51.618,201,RECV,7E000F8100052D024E353037332D44595A49C0
06-30-2025 18:24:51.619,202,RECV,7E000F81000229024E323037332D58523459D3
06-30-2025 18:24:51.629,203,RECV,7E000F81000632024E363037332D4544304EF2
06-30-2025 18:24:51.640,204,RECV,7E000F8100052B024E353037342D38334E4503
06-30-2025 18:24:51.644,205,RECV,7E000F81000229024E323037342D334B5A33FE
06-30-2025 18:24:51.668,206,RECV,7E000F81000631024E363037342D3544525AD4
06-30-2025 18:24:51.718,207,RECV,7E000F8100052B024E353037352D3739385404
06-30-2025 18:24:51.718,208,RECV,7E000F81000229024E323037352D594B5744C9
06-30-2025 18:24:51.718,209,RECV,7E000F81000632024E363037352D3542374CFD
06-30-2025 18:24:51.718,210,RECV,7E000F8100052B024E353037362D4F485138DF
06-30-2025 18:24:51.719,211,RECV,7E000F81000229024E323037362D4A445153D5
06-30-2025 18:24:51.768,212,RECV,7E000F81000632024E363037362D44334A56DF
06-30-2025 18:24:51.768,213,RECV,7E000F8100052B024E353037372D4230484103
06-30-2025 18:24:51.768,214,RECV,7E000F81000229024E323037372D3050383519
06-30-2025 18:24:51.819,215,RECV,7E000F81000632024E363037372D52314938F1
06-30-2025 18:24:51.819,216,RECV,7E000F8100052B024E353037382D594B5435D0
06-30-2025 18:24:51.819,217,RECV,7E000F81000229024E323037382D52595542C3
06-30-2025 18:24:51.850,218,RECV,7E000F81000632024E363037382D59425552B2
06-30-2025 18:24:51.872,219,RECV,7E000F8100052E024E353037392D314C3649FD
06-30-2025 18:24:51.872,220,RECV,7E000F81000229024E323037392D305830397D33
06-30-2025 18:24:51.872,221,RECV,7E000F81000632024E363037392D55334C37E8
06-30-2025 18:24:51.919,222,RECV,7E000F8100052E024E353038302D4F4A5351C4
06-30-2025 18:24:51.919,223,RECV,7E000F81000229024E323038302D33445244FF
06-30-2025 18:24:51.919,224,RECV,7E000F81000633024E363038302D4F355943DA
06-30-2025 18:24:51.929,225,RECV,7E000F8100052E024E353038312D4F334F53DC
06-30-2025 18:24:51.930,226,RECV,7E000F81000229024E323038312D504B4949DE
06-30-2025 18:24:51.969,227,RECV,7E000F81000633024E363038312D45373656F1
06-30-2025 18:24:51.969,228,RECV,7E000F8100052E024E353038322D3044453412
06-30-2025 18:24:52.019,229,RECV,7E000F81000229024E323038322D394D5935F6
06-30-2025 18:24:52.024,230,RECV,7E000F81000633024E363038322D384D4B38F0
06-30-2025 18:24:52.024,231,RECV,7E000F8100052B024E353038332D53455659BA
06-30-2025 18:24:52.024,232,RECV,7E000F81000229024E323038332D50385341ED
06-30-2025 18:24:52.069,233,RECV,7E000F81000633024E363038332D463039357D33
06-30-2025 18:24:52.071,234,RECV,7E000F8100052B024E353038342D3938374E0A
06-30-2025 18:24:52.071,235,RECV,7E000F81000229024E323038342D315831331B
06-30-2025 18:24:52.119,236,RECV,7E000F81000632024E363038342D4C355952CB
06-30-2025 18:24:52.120,237,RECV,7E000F8100052B024E353038352D5837324AF4
06-30-2025 18:24:52.120,238,RECV,7E000F81000229024E323038352D42414350F1
06-30-2025 18:24:52.120,239,RECV,7E000F81000630024E363038352D39335545F2
06-30-2025 18:24:52.140,240,RECV,7E000F8100052B024E353038362D39595A53BF
06-30-2025 18:24:52.154,241,RECV,7E000F81000229024E323038362D59553459CB
06-30-2025 18:24:52.177,242,RECV,7E000F81000630024E363038362D54434641D9
06-30-2025 18:24:52.177,243,RECV,7E000F8100052B024E353038372D51574849C4
06-30-2025 18:24:52.189,244,RECV,7E000F81000229024E323038372D58303658EF
06-30-2025 18:24:52.219,245,RECV,7E000F81000631024E363038372D494C4F41D0
06-30-2025 18:24:52.220,246,RECV,7E000F8100052B024E353038382D42415939E7
06-30-2025 18:24:52.220,247,RECV,7E000F81000229024E323038382D434341320B
06-30-2025 18:24:52.270,248,RECV,7E000F81000632024E363038382D4C333849F3
06-30-2025 18:24:52.270,249,RECV,7E000F8100052C024E353038392D4A443249F1
06-30-2025 18:24:52.270,250,RECV,7E000F81000229024E323038392D414F4944E6
06-30-2025 18:24:52.320,251,RECV,7E000F81000630024E363038392D58415956AC
06-30-2025 18:24:52.320,252,RECV,7E000F8100052B024E353039302D4B43344AF7
06-30-2025 18:24:52.320,253,RECV,7E000F8100022A024E323039302D48414951E7
06-30-2025 18:24:52.330,254,RECV,7E000F8100062F024E363039302D38314B4207
06-30-2025 18:24:52.332,255,RECV,7E000F8100052B024E353039312D3345554FE6
06-30-2025 18:24:52.370,256,RECV,7E000F81000229024E323039312D3239383730
06-30-2025 18:24:52.370,257,RECV,7E000F81000632024E363039312D344A5653D2
06-30-2025 18:24:52.420,258,RECV,7E000F8100052E024E353039322D4F423149F3
06-30-2025 18:24:52.420,259,RECV,7E000F8100022A024E323039322D44474847EE
06-30-2025 18:24:52.420,260,RECV,7E000F81000631024E363039322D3837335601
06-30-2025 18:24:52.431,261,RECV,7E000F8100052E024E353039332D3235364E12
06-30-2025 18:24:52.431,262,RECV,7E000F81000229024E323039332D4941305AF4
06-30-2025 18:24:52.470,263,RECV,7E000F81000632024E363039332D4E464C5ABD
06-30-2025 18:24:52.484,264,RECV,7E000F8100052E024E353039342D4D574F54B5
06-30-2025 18:24:52.484,265,RECV,7E000F81000229024E323039342D39474D45F5
06-30-2025 18:24:52.520,266,RECV,7E000F81000633024E363039342D54374537EE
06-30-2025 18:24:52.522,267,RECV,7E000F8100052E024E353039352D48454B51D2
06-30-2025 18:24:52.522,268,RECV,7E000F81000229024E323039352D33434E45FD
06-30-2025 18:24:52.541,269,RECV,7E000F81000633024E363039352D58435749B9
06-30-2025 18:24:52.544,270,RECV,7E000F8100052E024E353039362D59555036C6
06-30-2025 18:24:52.570,271,RECV,7E000F81000229024E323039362D45374257F0
06-30-2025 18:24:52.571,272,RECV,7E000F81000633024E363039362D34475639E9
06-30-2025 18:24:52.620,273,RECV,7E000F8100052E024E353039372D52444144DE
06-30-2025 18:24:52.635,274,RECV,7E000F81000229024E323039372D47534A38E8
06-30-2025 18:24:52.635,275,RECV,7E000F81000632024E363039372D5A314931EE
06-30-2025 18:24:52.635,276,RECV,7E000F8100052C024E353039382D43334C43F5
06-30-2025 18:24:52.671,277,RECV,7E000F81000229024E323039382D4E375939EC
06-30-2025 18:24:52.671,278,RECV,7E000F81000633024E363039382D4F4D3555CB
06-30-2025 18:24:52.671,279,RECV,7E000F8100052B024E353039392D413345340D
06-30-2025 18:24:52.681,280,RECV,7E000F81000229024E323039392D4B325155DF
06-30-2025 18:24:52.721,281,RECV,7E000F81000633024E363039392D50435656B1
