timestamp,node,frame_index,payload
2025-07-14 21:07:02.825,N2,0,N2000-JCRD
2025-07-14 21:07:02.876,N2,1,N2001-ZQUA
2025-07-14 21:07:02.928,N2,2,N2002-94VI
2025-07-14 21:07:02.979,N2,3,N2003-6XBV
2025-07-14 21:07:03.031,N2,4,N2004-7N1X
2025-07-14 21:07:03.082,N2,5,N2005-B3M3
2025-07-14 21:07:03.134,N2,6,N2006-DONU
2025-07-14 21:07:03.186,N2,7,N2007-L5JM
2025-07-14 21:07:03.237,N2,8,N2008-CHZE
2025-07-14 21:07:03.289,N2,9,N2009-BQE4
2025-07-14 21:07:03.340,N2,10,N2010-FBUQ
2025-07-14 21:07:03.392,N2,11,N2011-RXEQ
2025-07-14 21:07:03.443,N2,12,N2012-0H6M
2025-07-14 21:07:03.495,N2,13,N2013-ZOF6
2025-07-14 21:07:03.547,N2,14,N2014-8S34
2025-07-14 21:07:03.598,N2,15,N2015-1ZYA
2025-07-14 21:07:03.650,N2,16,N2016-J4HD
2025-07-14 21:07:03.701,N2,17,N2017-LTIV
2025-07-14 21:07:03.753,N2,18,N2018-3OWI
2025-07-14 21:07:03.804,N2,19,N2019-0UG5
2025-07-14 21:07:03.856,N2,20,N2020-TAUF
2025-07-14 21:07:03.907,N2,21,N2021-J5ZF
2025-07-14 21:07:03.959,N2,22,N2022-34PJ
2025-07-14 21:07:04.010,N2,23,N2023-XFBO
2025-07-14 21:07:04.062,N2,24,N2024-3T1H
2025-07-14 21:07:04.114,N2,25,N2025-0TT1
2025-07-14 21:07:04.165,N2,26,N2026-2U7D
2025-07-14 21:07:04.217,N2,27,N2027-JRSM
2025-07-14 21:07:04.268,N2,28,N2028-E7RE
2025-07-14 21:07:04.320,N2,29,N2029-STQU
2025-07-14 21:07:04.371,N2,30,N2030-Q1G7
2025-07-14 21:07:04.423,N2,31,N2031-BATW
2025-07-14 21:07:04.474,N2,32,N2032-QNAG
2025-07-14 21:07:04.526,N2,33,N2033-TIK5
2025-07-14 21:07:04.578,N2,34,N2034-WPS3
2025-07-14 21:07:04.629,N2,35,N2035-NH5F
2025-07-14 21:07:04.681,N2,36,N2036-8FPG
2025-07-14 21:07:04.732,N2,37,N2037-Y230
2025-07-14 21:07:04.784,N2,38,N2038-LJOV
2025-07-14 21:07:04.835,N2,39,N2039-QVSA
2025-07-14 21:07:04.887,N2,40,N2040-2T28
2025-07-14 21:07:04.939,N2,41,N2041-V6AP
2025-07-14 21:07:04.990,N2,42,N2042-2SYO
2025-07-14 21:07:05.042,N2,43,N2043-LDWS
2025-07-14 21:07:05.093,N2,44,N2044-53LD
2025-07-14 21:07:05.145,N2,45,N2045-HECQ
2025-07-14 21:07:05.196,N2,46,N2046-K6US
2025-07-14 21:07:05.248,N2,47,N2047-YMKC
2025-07-14 21:07:05.299,N2,48,N2048-YJ9R
2025-07-14 21:07:05.351,N2,49,N2049-DGKU
2025-07-14 21:07:05.402,N2,50,N2050-7A7A
2025-07-14 21:07:05.454,N2,51,N2051-2MMK
2025-07-14 21:07:05.506,N2,52,N2052-1OBB
2025-07-14 21:07:05.557,N2,53,N2053-FR29
2025-07-14 21:07:05.609,N2,54,N2054-B2TB
2025-07-14 21:07:05.660,N2,55,N2055-D4ND
2025-07-14 21:07:05.712,N2,56,N2056-3YZS
2025-07-14 21:07:05.763,N2,57,N2057-64JT
2025-07-14 21:07:05.815,N2,58,N2058-U5EG
2025-07-14 21:07:05.866,N2,59,N2059-A5XJ
2025-07-14 21:07:05.918,N2,60,N2060-C4BI
2025-07-14 21:07:05.970,N2,61,N2061-SHRA
2025-07-14 21:07:06.021,N2,62,N2062-WSV5
2025-07-14 21:07:06.073,N2,63,N2063-3E12
2025-07-14 21:07:06.124,N2,64,N2064-R826
2025-07-14 21:07:06.176,N2,65,N2065-N3FY
2025-07-14 21:07:06.227,N2,66,N2066-JALB
2025-07-14 21:07:06.279,N2,67,N2067-ZE6Z
2025-07-14 21:07:06.330,N2,68,N2068-SEUQ
2025-07-14 21:07:06.382,N2,69,N2069-I0VO
2025-07-14 21:07:06.434,N2,70,N2070-WP1N
2025-07-14 21:07:06.485,N2,71,N2071-O7HV
2025-07-14 21:07:06.537,N2,72,N2072-FM1C
2025-07-14 21:07:06.588,N2,73,N2073-HZ3H
2025-07-14 21:07:06.640,N2,74,N2074-91PC
2025-07-14 21:07:06.691,N2,75,N2075-R89B
2025-07-14 21:07:06.743,N2,76,N2076-BSON
2025-07-14 21:07:06.794,N2,77,N2077-IUYK
2025-07-14 21:07:06.846,N2,78,N2078-0IGT
2025-07-14 21:07:06.900,N2,79,N2079-M10K
2025-07-14 21:07:06.952,N2,80,N2080-7O7Q
2025-07-14 21:07:06.003,N2,81,N2081-H8IE
2025-07-14 21:07:07.055,N2,82,N2082-NN69
2025-07-14 21:07:07.107,N2,83,N2083-NSUD
2025-07-14 21:07:07.158,N2,84,N2084-ND4M
2025-07-14 21:07:07.210,N2,85,N2085-29RL
2025-07-14 21:07:07.261,N2,86,N2086-ACB4
2025-07-14 21:07:07.313,N2,87,N2087-RV99
2025-07-14 21:07:07.364,N2,88,N2088-TO68
2025-07-14 21:07:07.416,N2,89,N2089-4MGV
2025-07-14 21:07:07.467,N2,90,N2090-TJXM
2025-07-14 21:07:07.519,N2,91,N2091-VSWO
2025-07-14 21:07:07.570,N2,92,N2092-6E7U
2025-07-14 21:07:07.622,N2,93,N2093-FNXV
2025-07-14 21:07:07.674,N2,94,N2094-0ZTR
2025-07-14 21:07:07.725,N2,95,N2095-DPNG
2025-07-14 21:07:07.777,N2,96,N2096-V64Y
2025-07-14 21:07:07.828,N2,97,N2097-X4HI
2025-07-14 21:07:07.884,N2,98,N2098-WSW7
2025-07-14 21:07:07.936,N2,99,N2099-Y3EG
