timestamp,node,frame_index,payload
2025-07-14 17:07:02.682,N5,0,N5000-YZZ9
2025-07-14 17:07:02.733,N5,1,N5001-F1BY
2025-07-14 17:07:02.785,N5,2,N5002-WF2G
2025-07-14 17:07:02.836,N5,3,N5003-Y4O9
2025-07-14 17:07:02.888,N5,4,N5004-5Y7Z
2025-07-14 17:07:02.939,N5,5,N5005-BD4R
2025-07-14 17:07:02.990,N5,6,N5006-E4UV
2025-07-14 17:07:03.042,N5,7,N5007-V7XK
2025-07-14 17:07:03.093,N5,8,N5008-6I0O
2025-07-14 17:07:03.145,N5,9,N5009-5EIS
2025-07-14 17:07:03.196,N5,10,N5010-FBI2
2025-07-14 17:07:03.247,N5,11,N5011-PDUY
2025-07-14 17:07:03.299,N5,12,N5012-9QR9
2025-07-14 17:07:03.350,N5,13,N5013-VW1W
2025-07-14 17:07:03.401,N5,14,N5014-D575
2025-07-14 17:07:03.453,N5,15,N5015-Z6BG
2025-07-14 17:07:03.504,N5,16,N5016-6QCL
2025-07-14 17:07:03.555,N5,17,N5017-JPFU
2025-07-14 17:07:03.607,N5,18,N5018-0VAQ
2025-07-14 17:07:03.658,N5,19,N5019-JSIU
2025-07-14 17:07:03.709,N5,20,N5020-D0CE
2025-07-14 17:07:03.761,N5,21,N5021-QHMM
2025-07-14 17:07:03.812,N5,22,N5022-FSN3
2025-07-14 17:07:03.863,N5,23,N5023-OVCI
2025-07-14 17:07:03.915,N5,24,N5024-FRQ1
2025-07-14 17:07:03.966,N5,25,N5025-I4S5
2025-07-14 17:07:04.017,N5,26,N5026-Q2NL
2025-07-14 17:07:04.069,N5,27,N5027-71AD
2025-07-14 17:07:04.120,N5,28,N5028-TPKH
2025-07-14 17:07:04.171,N5,29,N5029-OVMR
2025-07-14 17:07:04.223,N5,30,N5030-Z5VL
2025-07-14 17:07:04.274,N5,31,N5031-ARD7
2025-07-14 17:07:04.326,N5,32,N5032-IBB5
2025-07-14 17:07:04.377,N5,33,N5033-8C4O
2025-07-14 17:07:04.428,N5,34,N5034-UOYF
2025-07-14 17:07:04.480,N5,35,N5035-QA0U
2025-07-14 17:07:04.531,N5,36,N5036-OOHV
2025-07-14 17:07:04.582,N5,37,N5037-7UCP
2025-07-14 17:07:04.634,N5,38,N5038-TEU6
2025-07-14 17:07:04.685,N5,39,N5039-JCQX
2025-07-14 17:07:04.736,N5,40,N5040-VYWA
2025-07-14 17:07:04.788,N5,41,N5041-JNVF
2025-07-14 17:07:04.839,N5,42,N5042-L9KM
2025-07-14 17:07:04.890,N5,43,N5043-GNE2
2025-07-14 17:07:04.942,N5,44,N5044-9IH4
2025-07-14 17:07:04.993,N5,45,N5045-17CG
2025-07-14 17:07:05.044,N5,46,N5046-P0MY
2025-07-14 17:07:05.096,N5,47,N5047-RWFE
2025-07-14 17:07:05.147,N5,48,N5048-TLI8
2025-07-14 17:07:05.199,N5,49,N5049-OZ40
2025-07-14 17:07:05.250,N5,50,N5050-FR05
2025-07-14 17:07:05.301,N5,51,N5051-39LE
2025-07-14 17:07:05.353,N5,52,N5052-CAP9
2025-07-14 17:07:05.404,N5,53,N5053-0D16
2025-07-14 17:07:05.455,N5,54,N5054-QYSM
2025-07-14 17:07:05.507,N5,55,N5055-UTEB
2025-07-14 17:07:05.558,N5,56,N5056-SBLP
2025-07-14 17:07:05.609,N5,57,N5057-B4W0
2025-07-14 17:07:05.661,N5,58,N5058-F677
2025-07-14 17:07:05.712,N5,59,N5059-7UGE
2025-07-14 17:07:05.763,N5,60,N5060-SAHZ
2025-07-14 17:07:05.815,N5,61,N5061-0ETS
2025-07-14 17:07:05.866,N5,62,N5062-CBVH
2025-07-14 17:07:05.917,N5,63,N5063-ORU5
2025-07-14 17:07:05.969,N5,64,N5064-YTML
2025-07-14 17:07:06.020,N5,65,N5065-IFH6
2025-07-14 17:07:06.072,N5,66,N5066-EF3J
2025-07-14 17:07:06.123,N5,67,N5067-FLA7
2025-07-14 17:07:06.174,N5,68,N5068-PVEK
2025-07-14 17:07:06.226,N5,69,N5069-0ICH
2025-07-14 17:07:06.277,N5,70,N5070-KX9G
2025-07-14 17:07:06.328,N5,71,N5071-VAQG
2025-07-14 17:07:06.380,N5,72,N5072-8SGQ
2025-07-14 17:07:06.431,N5,73,N5073-Y1HK
2025-07-14 17:07:06.482,N5,74,N5074-EE9H
2025-07-14 17:07:06.534,N5,75,N5075-XX85
2025-07-14 17:07:06.585,N5,76,N5076-YGVS
2025-07-14 17:07:06.636,N5,77,N5077-QWBN
2025-07-14 17:07:06.688,N5,78,N5078-FRIJ
2025-07-14 17:07:06.739,N5,79,N5079-6WK6
2025-07-14 17:07:06.790,N5,80,N5080-GUWW
2025-07-14 17:07:06.842,N5,81,N5081-UA4H
2025-07-14 17:07:06.893,N5,82,N5082-1U5G
2025-07-14 17:07:06.944,N5,83,N5083-AL75
2025-07-14 17:07:06.996,N5,84,N5084-TQIO
2025-07-14 17:07:07.047,N5,85,N5085-AWWV
2025-07-14 17:07:07.098,N5,86,N5086-RJ8F
2025-07-14 17:07:07.150,N5,87,N5087-CN3H
2025-07-14 17:07:07.201,N5,88,N5088-2TG6
2025-07-14 17:07:07.252,N5,89,N5089-L52J
2025-07-14 17:07:07.303,N5,90,N5090-Q6IX
2025-07-14 17:07:07.355,N5,91,N5091-0GSO
2025-07-14 17:07:07.406,N5,92,N5092-YB1C
2025-07-14 17:07:07.457,N5,93,N5093-SF1Y
2025-07-14 17:07:07.509,N5,94,N5094-UDZB
2025-07-14 17:07:07.560,N5,95,N5095-1I8Q
2025-07-14 17:07:07.611,N5,96,N5096-GNGO
2025-07-14 17:07:07.663,N5,97,N5097-OXZH
2025-07-14 17:07:07.714,N5,98,N5098-3P0S
2025-07-14 17:07:07.766,N5,99,N5099-T50M
