05-05-2025 13:16:11.474,-,API2,"Sink 2,0013A20041839DCA,802.15.4 TH,2003,/dev/ttyUSB1 - 57600/8/M/1/N,1,46"

05-05-2025 13:15:18.319,0,RECV,7E000F81000010024E343030302D5332534C09
05-05-2025 13:15:18.320,1,RECV,7E000F81000012024E333030302D39534B3421
05-05-2025 13:15:18.320,2,RECV,7E007D3381000010000AFFFFFFFFFFFFFFFF0000005348D1
05-05-2025 13:15:18.370,3,RECV,7E007D338100007D33000AFFFFFFFFFFFFFFFF0000005348CE
05-05-2025 13:15:18.370,4,RECV,7E000F8100007D31024E343030312D46584F52EC
05-05-2025 13:15:18.370,5,RECV,7E000F81000045024E373030312D42434954D2
05-05-2025 13:15:18.370,6,RECV,7E000F81000045024E373030322D535A595499
05-05-2025 13:15:18.370,7,RECV,7E000F81000045024E373030332D34305949EC
05-05-2025 13:15:18.470,8,RECV,7E000F8100007D33024E333030312D524B323724
05-05-2025 13:15:18.471,9,RECV,7E000F8100007D33024E333030322D4543504F02
05-05-2025 13:15:18.520,10,RECV,7E000F8100003A024E383030312D4B4E4932EA
05-05-2025 13:15:18.520,11,RECV,7E000F8100007D31024E343030322D4E4E464206
05-05-2025 13:15:18.521,12,RECV,7E000F81000045024E373030362D33435458CD
05-05-2025 13:15:18.521,13,RECV,7E000F8100007D33024E333030332D5551354D00
05-05-2025 13:15:18.571,14,RECV,7E000F8100007D33024E333030342D3235524A24
05-05-2025 13:15:18.576,15,RECV,7E000F81000044024E373030372D51544D49B4
05-05-2025 13:15:18.576,16,RECV,7E000F8100007D33024E333030352D324A425414
05-05-2025 13:15:18.621,17,RECV,7E000F8100007D33024E333030362D3439373849
05-05-2025 13:15:18.671,18,RECV,7E000F8100003A024E383030332D32584E32F2
05-05-2025 13:15:18.671,19,RECV,7E000F81000010024E343030332D444E5A59E5
05-05-2025 13:15:18.671,20,RECV,7E000F81000010024E343030342D54565A57CE
05-05-2025 13:15:18.671,21,RECV,7E000F8100007D33024E333030372D4F384A4310
05-05-2025 13:15:18.671,22,RECV,7E000F8100003A024E383030342D43465558C5
05-05-2025 13:15:18.721,23,RECV,7E000F8100003A024E383030352D57505137CB
05-05-2025 13:15:18.733,24,RECV,7E000F81000010024E343030352D52444E3212
05-05-2025 13:15:18.746,25,RECV,7E000F81000044024E373030382D4842324AE8
05-05-2025 13:15:18.774,26,RECV,7E000F8100003A024E383030362D515A594EA7
05-05-2025 13:15:18.783,27,RECV,7E000F8100003A024E383030372D4A4D4153CD
05-05-2025 13:15:18.784,28,RECV,7E000F81000045024E373030392D54415A35C8
05-05-2025 13:15:18.784,29,RECV,7E000F8100007D33024E333030382D344F363535
05-05-2025 13:15:18.784,30,RECV,7E000F81000045024E373031302D53345349D1
05-05-2025 13:15:18.872,31,RECV,7E000F8100003B024E383030382D52513749D3
05-05-2025 13:15:18.922,32,RECV,7E000F8100003B024E383030392D50595633C3
05-05-2025 13:15:18.936,33,RECV,7E000F8100007D31024E343030372D5253444AF2
05-05-2025 13:15:18.972,34,RECV,7E000F8100007D33024E333031302D5739455401
05-05-2025 13:15:18.972,35,RECV,7E000F8100007D33024E333031312D4537365522
05-05-2025 13:15:18.972,36,RECV,7E000F8100007D31024E343030382D49424B321C
05-05-2025 13:15:19.022,37,RECV,7E000F8100003A024E383031302D4A47345ADF
05-05-2025 13:15:19.022,38,RECV,7E000F81000044024E373031312D57355A37D7
05-05-2025 13:15:19.022,39,RECV,7E000F8100007D33024E333031322D37474D4419
05-05-2025 13:15:19.023,40,RECV,7E000F8100003A024E383031312D5149454DD1
05-05-2025 13:15:19.072,41,RECV,7E000F8100003B024E383031322D3331454E04
05-05-2025 13:15:19.101,42,RECV,7E000F81000045024E373031322D50523549D2
05-05-2025 13:15:19.101,43,RECV,7E000F8100007D33024E333031332D4C36425112
05-05-2025 13:15:19.101,44,RECV,7E000F81000044024E373031332D454D3346E7
05-05-2025 13:15:19.122,45,RECV,7E000F8100007D33024E333031342D51513456FA
05-05-2025 13:15:19.122,46,RECV,7E000F81000010024E343030392D374F4D56FB
05-05-2025 13:15:19.123,47,RECV,7E000F81000010024E343031302D4A53323429
05-05-2025 13:15:19.143,48,RECV,7E000F81000044024E373031342D4850334DD9
05-05-2025 13:15:19.143,49,RECV,7E000F81000045024E373031352D4B354734F4
05-05-2025 13:15:19.173,50,RECV,7E000F81000010024E343031312D58384A3918
05-05-2025 13:15:19.223,51,RECV,7E000F8100003A024E383031342D51544547C9
05-05-2025 13:15:19.223,52,RECV,7E000F8100007D33024E333031352D4A514A55EB
05-05-2025 13:15:19.254,53,RECV,7E000F81000010024E343031322D3644475A0F
05-05-2025 13:15:19.254,54,RECV,7E000F81000010024E343031332D4D44513710
05-05-2025 13:15:19.273,55,RECV,7E000F8100003A024E383031352D444E4E41D8
05-05-2025 13:15:19.273,56,RECV,7E000F81000045024E373031362D55553938D3
05-05-2025 13:15:19.273,57,RECV,7E000F81000010024E343031342D4C4F4F50EE
05-05-2025 13:15:19.273,58,RECV,7E000F81000010024E343031352D4B58305202
05-05-2025 13:15:19.323,59,RECV,7E000F81000010024E343031362D4C4543470B
05-05-2025 13:15:19.323,60,RECV,7E000F81000010024E343031372D3631474334
05-05-2025 13:15:19.323,61,RECV,7E000F81000010024E343031382D3935503036
05-05-2025 13:15:19.373,62,RECV,7E000F81000045024E373031372D574E474AB7
05-05-2025 13:15:19.373,63,RECV,7E000F8100003A024E383031372D5A4C4D4DB7
05-05-2025 13:15:19.374,64,RECV,7E000F8100007D33024E333031362D4135493530
05-05-2025 13:15:19.374,65,RECV,7E000F81000044024E373031382D48555530CB
05-05-2025 13:15:19.394,66,RECV,7E000F8100007D33024E333031372D3555353430
05-05-2025 13:15:19.420,67,RECV,7E000F8100003A024E383031382D57483646DB
05-05-2025 13:15:19.423,68,RECV,7E000F81000045024E373031392D37393154F6
05-05-2025 13:15:19.423,69,RECV,7E000F8100007D33024E333031382D3346474D15
05-05-2025 13:15:19.424,70,RECV,7E000F8100007D33024E333031392D435A5559D6
05-05-2025 13:15:19.473,71,RECV,7E000F8100007D31024E343031392D4241425607
05-05-2025 13:15:19.474,72,RECV,7E000F81000045024E373032302D41575742C2
05-05-2025 13:15:19.474,73,RECV,7E000F8100007D31024E343032302D56565545E4
05-05-2025 13:15:19.474,74,RECV,7E000F8100007D33024E333032302D53424E3610
05-05-2025 13:15:19.524,75,RECV,7E000F8100007D33024E333032312D5457574DD9
05-05-2025 13:15:19.553,76,RECV,7E000F8100007D33024E333032322D5130563020
05-05-2025 13:15:19.553,77,RECV,7E000F8100007D31024E343032312D4B4A443719
05-05-2025 13:15:19.574,78,RECV,7E000F8100007D33024E333032332D4E5A493302
05-05-2025 13:15:19.574,79,RECV,7E000F8100007D31024E343032322D38475A4B04
05-05-2025 13:15:19.624,80,RECV,7E000F81000045024E373032332D34563831FD
05-05-2025 13:15:19.624,81,RECV,7E000F81000010024E343032332D3832494E27
05-05-2025 13:15:19.624,82,RECV,7E000F81000045024E373032342D51493745D9
05-05-2025 13:15:19.674,83,RECV,7E000F81000045024E373032352D34433557EB
05-05-2025 13:15:19.674,84,RECV,7E000F8100007D33024E333032342D5330473922
05-05-2025 13:15:19.684,85,RECV,7E000F81000045024E373032362D47324F31F4
05-05-2025 13:15:19.724,86,RECV,7E000F81000010024E343032342D5247503806
05-05-2025 13:15:19.724,87,RECV,7E000F81000045024E373032372D384C5555BE
05-05-2025 13:15:19.730,88,RECV,7E000F81000010024E343032352D3555484F05
05-05-2025 13:15:19.734,89,RECV,7E000F81000010024E343032362D3643444721
05-05-2025 13:15:19.774,90,RECV,7E000F81000010024E343032372D4C4547301C
05-05-2025 13:15:19.824,91,RECV,7E000F81000010024E343032382D3252394125
05-05-2025 13:15:19.851,92,RECV,7E000F8100007D33024E333032352D594F4A34FE
05-05-2025 13:15:19.851,93,RECV,7E000F8100003C024E383032302D34413858F6
05-05-2025 13:15:19.851,94,RECV,7E000F8100007D33024E333032362D4243544208
05-05-2025 13:15:19.855,95,RECV,7E000F81000046024E373032392D384C394EDE
05-05-2025 13:15:19.925,96,RECV,7E000F8100003C024E383032312D434A5748CE
05-05-2025 13:15:19.925,97,RECV,7E000F81000047024E373033302D4631494CE4
05-05-2025 13:15:19.925,98,RECV,7E000F81000046024E373033312D59465835C4
05-05-2025 13:15:19.925,99,RECV,7E000F8100007D31024E343032392D35504C4709
05-05-2025 13:15:19.975,100,RECV,7E000F8100003C024E383032322D51565955A4
05-05-2025 13:15:19.975,101,RECV,7E000F8100003D024E383032332D36565950C2
05-05-2025 13:15:20.025,102,RECV,7E000F81000047024E373033322D50373948E6
05-05-2025 13:15:20.025,103,RECV,7E000F8100003C024E383032342D4A594734D9
05-05-2025 13:15:20.025,104,RECV,7E000F8100007D33024E333032372D3536413541
05-05-2025 13:15:20.025,105,RECV,7E000F81000047024E373033332D53354C48D1
05-05-2025 13:15:20.025,106,RECV,7E000F8100003C024E383032352D5234514FD0
05-05-2025 13:15:20.075,107,RECV,7E000F8100007D33024E333032382D54533152F7
05-05-2025 13:15:20.075,108,RECV,7E000F8100007D33024E333032392D395A513705
05-05-2025 13:15:20.125,109,RECV,7E000F8100003C024E383032372D4C463248E8
05-05-2025 13:15:20.160,110,RECV,7E000F81000047024E373033342D544F4E4EAD
05-05-2025 13:15:20.175,111,RECV,7E000F81000046024E373033352D30593152E0
05-05-2025 13:15:20.175,112,RECV,7E000F81000047024E373033362D31324550F2
05-05-2025 13:15:20.185,113,RECV,7E000F81000010024E343033302D335A465502
05-05-2025 13:15:20.186,114,RECV,7E000F8100003C024E383032382D53323259E3
05-05-2025 13:15:20.186,115,RECV,7E000F81000010024E343033312D4332574518
05-05-2025 13:15:20.186,116,RECV,7E000F81000047024E373033372D594E53549B
05-05-2025 13:15:20.186,117,RECV,7E000F81000047024E373033382D304C5136E5
05-05-2025 13:15:20.225,118,RECV,7E000F81000010024E343033322D4F545358DA
05-05-2025 13:15:20.235,119,RECV,7E000F81000047024E373033392D384C5037DC
05-05-2025 13:15:20.275,120,RECV,7E000F8100007D33024E333033302D34564B427D31
05-05-2025 13:15:20.275,121,RECV,7E000F81000010024E343033332D484D4E5AEA
05-05-2025 13:15:20.326,122,RECV,7E000F81000010024E343033342D423538393E
05-05-2025 13:15:20.327,123,RECV,7E000F8100007D33024E333033312D55514653E8
05-05-2025 13:15:20.327,124,RECV,7E000F81000010024E343033352D44533659FF
05-05-2025 13:15:20.336,125,RECV,7E000F81000046024E373034312D59504351B2
05-05-2025 13:15:20.376,126,RECV,7E000F81000046024E373034322D4C355554C4
05-05-2025 13:15:20.386,127,RECV,7E000F81000046024E373034332D4B425149C6
05-05-2025 13:15:20.426,128,RECV,7E000F8100003C024E383032392D3532423514
05-05-2025 13:15:20.476,129,RECV,7E000F8100007D33024E333033322D3748544E05
05-05-2025 13:15:20.477,130,RECV,7E000F8100007D31024E343033362D454F4455F6
05-05-2025 13:15:20.477,131,RECV,7E000F8100007D31024E343033372D354F4D54FD
05-05-2025 13:15:20.477,132,RECV,7E000F8100007D31024E343033382D3255315019
05-05-2025 13:15:20.526,133,RECV,7E000F81000046024E373034352D5A4D4954A7
05-05-2025 13:15:20.526,134,RECV,7E000F8100007D31024E343033392D5A344452FC
05-05-2025 13:15:20.547,135,RECV,7E000F81000045024E373034362D5848324ECB
05-05-2025 13:15:20.548,136,RECV,7E000F8100003B024E383033302D3337363922
05-05-2025 13:15:20.576,137,RECV,7E000F8100007D31024E343034302D335639471F
05-05-2025 13:15:20.626,138,RECV,7E000F81000010024E343034312D533045312F
05-05-2025 13:15:20.627,139,RECV,7E000F81000010024E343034322D36394E4624
05-05-2025 13:15:20.627,140,RECV,7E000F8100003B024E383033312D47535143CC
05-05-2025 13:15:20.627,141,RECV,7E000F8100003B024E383033322D42594D30E1
05-05-2025 13:15:20.677,142,RECV,7E000F8100003C024E383033332D59515648AF
05-05-2025 13:15:20.727,143,RECV,7E000F8100003C024E383033342D42313352FE
05-05-2025 13:15:20.754,144,RECV,7E000F8100003C024E383033352D344C3244FF
05-05-2025 13:15:20.754,145,RECV,7E000F81000047024E373034382D49594554AC
05-05-2025 13:15:20.754,146,RECV,7E000F81000046024E373034392D33325353DC
05-05-2025 13:15:20.754,147,RECV,7E000F81000010024E343034332D5235315717
05-05-2025 13:15:20.777,148,RECV,7E000F81000047024E373035302D33535639D9
05-05-2025 13:15:20.777,149,RECV,7E000F81000010024E343034342D3232465526
05-05-2025 13:15:20.827,150,RECV,7E000F81000047024E373035312D44445158BC
05-05-2025 13:15:20.827,151,RECV,7E000F81000046024E373035322D42514737DC
05-05-2025 13:15:20.927,152,RECV,7E000F81000047024E373035332D49543630E8
05-05-2025 13:15:20.977,153,RECV,7E000F8100007D31024E343034352D46474E57F1
05-05-2025 13:15:20.978,154,RECV,7E000F8100007D33024E333033332D464C5752EA
05-05-2025 13:15:20.978,155,RECV,7E000F81000046024E373035342D34544F46CE
05-05-2025 13:15:21.027,156,RECV,7E000F8100007D31024E343034362D34454C4B12
05-05-2025 13:15:21.054,157,RECV,7E000F8100007D31024E343034372D58414D3803
05-05-2025 13:15:21.054,158,RECV,7E000F8100003C024E383033362D30514F44E0
05-05-2025 13:15:21.054,159,RECV,7E000F81000047024E373035352D54444746C4
05-05-2025 13:15:21.054,160,RECV,7E000F8100007D31024E343034382D58565158C9
05-05-2025 13:15:21.055,161,RECV,7E000F81000047024E373035362D504E4B35CA
05-05-2025 13:15:21.078,162,RECV,7E000F81000047024E373035382D4F595545A4
05-05-2025 13:15:21.078,163,RECV,7E000F8100007D33024E333033342D4750543702
05-05-2025 13:15:21.129,164,RECV,7E000F8100007D33024E333033352D4235313249
05-05-2025 13:15:21.130,165,RECV,7E000F8100003B024E383033372D5A583938D1
05-05-2025 13:15:21.130,166,RECV,7E000F8100007D33024E333033362D4941304325
05-05-2025 13:15:21.180,167,RECV,7E000F81000047024E373035392D44494B51BC
05-05-2025 13:15:21.198,168,RECV,7E000F8100007D33024E333033372D4E5341350A
05-05-2025 13:15:21.278,169,RECV,7E000F81000010024E343034392D5A3442351B
05-05-2025 13:15:21.314,170,RECV,7E000F81000010024E343035302D43565542F8
05-05-2025 13:15:21.322,171,RECV,7E000F81000010024E343035312D4638583918
05-05-2025 13:15:21.378,172,RECV,7E000F8100007D33024E333033382D4C395957EB
05-05-2025 13:15:21.386,173,RECV,7E000F8100003A024E383033382D4930384CF7
05-05-2025 13:15:21.389,174,RECV,7E000F81000044024E373036312D47314F4BDD
05-05-2025 13:15:21.389,175,RECV,7E000F8100003A024E383033392D4B4D4A47CA
05-05-2025 13:15:21.480,176,RECV,7E000F81000014024E333033392D4831463827
05-05-2025 13:15:21.480,177,RECV,7E000F8100007D31024E343035322D4A3737501D
05-05-2025 13:15:21.480,178,RECV,7E000F8100007D31024E343035332D514B5541F2
05-05-2025 13:15:21.480,179,RECV,7E000F8100007D31024E343035342D5833414116
05-05-2025 13:15:21.480,180,RECV,7E000F8100003B024E383034312D58504F49B9
05-05-2025 13:15:21.531,181,RECV,7E000F8100003B024E383034322D35334258F6
05-05-2025 13:15:21.552,182,RECV,7E000F8100007D33024E333034302D5541434E00
05-05-2025 13:15:21.582,183,RECV,7E000F8100003B024E383034342D434D3638F8
05-05-2025 13:15:21.584,184,RECV,7E000F8100007D31024E343035352D44434C4C03
05-05-2025 13:15:21.584,185,RECV,7E000F8100003B024E383034352D4F334E32F3
05-05-2025 13:15:21.631,186,RECV,7E000F8100007D31024E343035362D423736462C
05-05-2025 13:15:21.635,187,RECV,7E000F8100007D33024E333034312D514E48300F
05-05-2025 13:15:21.641,188,RECV,7E000F81000010024E343035372D43384C5A00
05-05-2025 13:15:21.642,189,RECV,7E000F8100007D31024E343035382D58533449F7
05-05-2025 13:15:21.681,190,RECV,7E000F8100007D33024E333034322D3534364640
05-05-2025 13:15:21.682,191,RECV,7E000F8100007D33024E333034332D5854444EE6
05-05-2025 13:15:21.731,192,RECV,7E000F81000010024E343035392D4E534E32FE
05-05-2025 13:15:21.732,193,RECV,7E000F81000010024E343036302D4C3833511F
05-05-2025 13:15:21.732,194,RECV,7E000F8100007D33024E333034342D48485A4AEF
05-05-2025 13:15:21.732,195,RECV,7E000F81000010024E343036312D59574B39F2
05-05-2025 13:15:21.742,196,RECV,7E000F8100003A024E383034372D45444F48D4
05-05-2025 13:15:21.782,197,RECV,7E000F81000010024E343036322D394139462C
05-05-2025 13:15:21.783,198,RECV,7E000F8100007D31024E343036332D4A47443915
05-05-2025 13:15:21.786,199,RECV,7E000F8100007D33024E333034352D4F46563700
05-05-2025 13:15:21.786,200,RECV,7E000F81000010024E343036342D44595644EC
05-05-2025 13:15:21.832,201,RECV,7E000F8100007D33024E333034362D5141343526
05-05-2025 13:15:21.882,202,RECV,7E000F81000044024E373036342D4F473256CE
05-05-2025 13:15:21.882,203,RECV,7E000F81000039024E383034382D314D554DD4
05-05-2025 13:15:21.932,204,RECV,7E000F8100003B024E383034392D4B4E4838D8
05-05-2025 13:15:21.932,205,RECV,7E000F8100003A024E383035302D33424F4EE8
05-05-2025 13:15:21.932,206,RECV,7E000F8100007D31024E343036352D4534415512
05-05-2025 13:15:21.932,207,RECV,7E000F81000046024E373036352D544B394FC2
05-05-2025 13:15:21.933,208,RECV,7E000F81000046024E373036362D4447454FC9
05-05-2025 13:15:21.982,209,RECV,7E000F8100003B024E383035312D35334856F2
05-05-2025 13:15:21.982,210,RECV,7E000F8100003B024E383035322D51385454C6
05-05-2025 13:15:21.993,211,RECV,7E000F8100007D31024E343036362D4852383816
05-05-2025 13:15:21.993,212,RECV,7E000F8100003B024E383035332D4D553144DF
05-05-2025 13:15:22.033,213,RECV,7E000F8100003C024E383035342D3936485AE3
05-05-2025 13:15:22.036,214,RECV,7E000F8100007D33024E333034372D324F524A03
05-05-2025 13:15:22.133,215,RECV,7E000F8100007D33024E333034382D4751525ADB
05-05-2025 13:15:22.142,216,RECV,7E000F8100007D33024E333034392D5236334122
05-05-2025 13:15:22.142,217,RECV,7E000F8100003C024E383035352D564A4A30D9
05-05-2025 13:15:22.183,218,RECV,7E000F81000046024E373036382D49363542F0
05-05-2025 13:15:22.233,219,RECV,7E000F8100003C024E383035362D3832543202
05-05-2025 13:15:22.254,220,RECV,7E000F81000047024E373037302D4E315959BB
05-05-2025 13:15:22.299,221,RECV,7E000F81000047024E373037312D30424742F0
05-05-2025 13:15:22.299,222,RECV,7E000F81000046024E373037322D4C434242D8
05-05-2025 13:15:22.299,223,RECV,7E000F8100007D33024E333035302D4646503614
05-05-2025 13:15:22.299,224,RECV,7E000F81000010024E343036372D52474C3704
05-05-2025 13:15:22.333,225,RECV,7E000F8100007D33024E333035312D4136504C12
05-05-2025 13:15:22.334,226,RECV,7E000F8100003B024E383035372D37464137FD
05-05-2025 13:15:22.334,227,RECV,7E007D3381000010004EFFFFFFFFFFFFFFFF00000053488D
05-05-2025 13:15:22.334,228,RECV,7E000F8100007D33024E333035322D4B36444916
05-05-2025 13:15:22.334,229,RECV,7E000F8100007D33024E333035332D4F49514FEB
05-05-2025 13:15:22.384,230,RECV,7E007D338100007D330040FFFFFFFFFFFFFFFF000000534898
05-05-2025 13:15:22.389,231,RECV,7E000F8100007D31024E343036382D41595958D3
05-05-2025 13:15:22.411,232,RECV,7E000F8100007D33024E333035342D4650424109
05-05-2025 13:15:22.422,233,RECV,7E000F8100007D33024E333035352D3955365607
05-05-2025 13:15:22.422,234,RECV,7E000F8100003C024E383035382D4342574FC5
05-05-2025 13:15:22.433,235,RECV,7E000F81000046024E373037332D53444254BD
05-05-2025 13:15:22.455,236,RECV,7E000F81000046024E373037342D4B4B4259B8
05-05-2025 13:15:22.484,237,RECV,7E000F8100007D33024E333035362D39544D4CFA
05-05-2025 13:15:22.485,238,RECV,7E000F81000047024E373037352D454F565AA3
05-05-2025 13:15:22.494,239,RECV,7E000F81000047024E373037362D34424A50D6
05-05-2025 13:15:22.494,240,RECV,7E000F8100007D33024E333035372D5551303514
05-05-2025 13:15:22.504,241,RECV,7E000F8100007D31024E343036392D484136530B
05-05-2025 13:15:22.584,242,RECV,7E007D33810000460057FFFFFFFFFFFFFFFF00000053484E
05-05-2025 13:15:22.607,243,RECV,7E000F8100007D31024E343037302D304B434126
05-05-2025 13:15:22.608,244,RECV,7E000F81000046024E373037372D39354E54D6
05-05-2025 13:15:22.608,245,RECV,7E000F8100007D31024E343037312D5735415007
05-05-2025 13:15:22.608,246,RECV,7E000F8100007D31024E343037322D4B45393525
05-05-2025 13:15:22.608,247,RECV,7E000F8100007D31024E343037332D35594C4FF9
05-05-2025 13:15:22.608,248,RECV,7E000F8100007D31024E343037342D374E4A5002
05-05-2025 13:15:22.608,249,RECV,7E000F8100007D33024E333035382D414E5956E0
05-05-2025 13:15:22.608,250,RECV,7E000F8100003C024E383035392D43495533DB
05-05-2025 13:15:22.608,251,RECV,7E000F8100007D31024E343037352D46344A4517
05-05-2025 13:15:22.608,252,RECV,7E000F8100007D31024E343037362D35394E507D33
05-05-2025 13:15:22.608,253,RECV,7E000F8100007D31024E343037372D55355A3307
05-05-2025 13:15:22.608,254,RECV,7E000F8100007D31024E343037382D44553454FC
05-05-2025 13:15:22.608,255,RECV,7E000F8100007D33024E333035392D58314752FB
05-05-2025 13:15:22.615,256,RECV,7E000F8100007D33024E333036302D483248580B
05-05-2025 13:15:22.615,257,RECV,7E000F81000046024E373037382D51433135EB
05-05-2025 13:15:22.634,258,RECV,7E000F81000046024E373037392D47534246C2
05-05-2025 13:15:22.684,259,RECV,7E000F81000046024E373038302D4D474147D0
05-05-2025 13:15:22.684,260,RECV,7E000F8100007D33024E333036312D58385A54E6
05-05-2025 13:15:22.684,261,RECV,7E000F81000047024E373038312D56413139E9
05-05-2025 13:15:22.695,262,RECV,7E000F81000010024E343037392D4C4F4843F7
05-05-2025 13:15:22.731,263,RECV,7E000F8100007D33024E333036322D4547463120
05-05-2025 13:15:22.737,264,RECV,7E000F8100003C024E383036302D584D4C45C1
05-05-2025 13:15:22.737,265,RECV,7E000F8100003C024E383036312D3856574BC6
05-05-2025 13:15:22.744,266,RECV,7E000F8100007D33024E333036332D35534556FF
05-05-2025 13:15:22.770,267,RECV,7E000F8100007D33024E333036342D324F355912
05-05-2025 13:15:22.834,268,RECV,7E000F81000046024E373038332D43374336F6
05-05-2025 13:15:22.885,269,RECV,7E000F8100007D33024E333036352D5030504C04
05-05-2025 13:15:22.923,270,RECV,7E000F8100007D31024E343038302D4E584743F4
05-05-2025 13:15:22.923,271,RECV,7E000F8100007D33024E333036362D4B39373133
05-05-2025 13:15:22.935,272,RECV,7E000F8100007D33024E333036372D5644315AF9
05-05-2025 13:15:22.985,273,RECV,7E000F8100003C024E383036322D393137391B
05-05-2025 13:15:22.995,274,RECV,7E000F8100003C024E383036332D49354739F6
05-05-2025 13:15:23.015,275,RECV,7E000F8100007D33024E333036382D454D4F51EB
05-05-2025 13:15:23.016,276,RECV,7E000F8100007D33024E333036392D494F5051E3
05-05-2025 13:15:23.045,277,RECV,7E000F8100007D31024E343038312D463831462E
05-05-2025 13:15:23.080,278,RECV,7E000F8100007D33024E333037302D374A574EFE
05-05-2025 13:15:23.085,279,RECV,7E000F8100007D31024E343038322D3143573324
05-05-2025 13:15:23.085,280,RECV,7E000F8100007D33024E333037312D3045494223
05-05-2025 13:15:23.085,281,RECV,7E000F81000046024E373038342D38415548D2
05-05-2025 13:15:23.135,282,RECV,7E000F8100007D33024E333037322D32595A42FB
05-05-2025 13:15:23.135,283,RECV,7E000F81000047024E373038352D5858544E94
05-05-2025 13:15:23.136,284,RECV,7E000F8100007D33024E333037332D52324A4C07
05-05-2025 13:15:23.136,285,RECV,7E000F81000010024E343038332D31504F53FF
05-05-2025 13:15:23.136,286,RECV,7E000F8100007D33024E333037342D3734583429
05-05-2025 13:15:23.185,287,RECV,7E000F81000046024E373038362D4D594F5899
05-05-2025 13:15:23.227,288,RECV,7E000F8100007D33024E333037352D344D5850F6
05-05-2025 13:15:23.227,289,RECV,7E000F8100007D33024E333037362D54544D36F3
05-05-2025 13:15:23.235,290,RECV,7E000F8100007D33024E333037372D464F4842FE
05-05-2025 13:15:23.235,291,RECV,7E000F8100007D31024E343038342D3739523727
05-05-2025 13:15:23.235,292,RECV,7E000F8100003C024E383036352D56593731DB
05-05-2025 13:15:23.235,293,RECV,7E000F81000010024E343038352D334F314D20
05-05-2025 13:15:23.286,294,RECV,7E000F8100007D33024E333037382D3845514C02
05-05-2025 13:15:23.286,295,RECV,7E000F8100003B024E383036362D4935464DE1
05-05-2025 13:15:23.286,296,RECV,7E000F81000010024E343038362D303841383E
05-05-2025 13:15:23.286,297,RECV,7E000F81000046024E373038382D46353659DA
05-05-2025 13:15:23.287,298,RECV,7E000F8100003C024E383036372D3437314E06
05-05-2025 13:15:23.287,299,RECV,7E000F8100003C024E383036382D45323151F6
05-05-2025 13:15:23.287,300,RECV,7E000F81000010024E343038372D474C4757ED
05-05-2025 13:15:23.336,301,RECV,7E000F81000010024E343038382D3052314426
05-05-2025 13:15:23.336,302,RECV,7E000F8100003C024E383036392D34464149EA
05-05-2025 13:15:23.386,303,RECV,7E000F81000047024E373038392D57455144B1
05-05-2025 13:15:23.386,304,RECV,7E000F8100003D024E383037302D44445755C1
05-05-2025 13:15:23.436,305,RECV,7E000F8100007D31024E343038392D454C503307
05-05-2025 13:15:23.436,306,RECV,7E000F8100007D33024E333037392D5544315AF7
05-05-2025 13:15:23.436,307,RECV,7E000F8100007D33024E333038302D4351304718
05-05-2025 13:15:23.436,308,RECV,7E000F8100007D31024E343039302D435A355001
05-05-2025 13:15:23.436,309,RECV,7E000F8100007D31024E343039312D3243484421
05-05-2025 13:15:23.486,310,RECV,7E000F81000047024E373039302D4D344C51CC
05-05-2025 13:15:23.486,311,RECV,7E000F8100007D31024E343039322D4F585533F2
05-05-2025 13:15:23.486,312,RECV,7E000F81000014024E333038312D56583357E9
05-05-2025 13:15:23.486,313,RECV,7E000F81000046024E373039312D54315133E1
05-05-2025 13:15:23.507,314,RECV,7E000F81000047024E373039322D334D5A37D7
05-05-2025 13:15:23.587,315,RECV,7E000F8100003D024E383037312D4248434ED9
05-05-2025 13:15:23.587,316,RECV,7E000F8100007D33024E333038322D4144323832
05-05-2025 13:15:23.636,317,RECV,7E000F8100003E024E383037322D53395757B8
05-05-2025 13:15:23.637,318,RECV,7E000F8100003E024E383037332D4B4D5559AB
05-05-2025 13:15:23.637,319,RECV,7E000F81000010024E343039332D4E4D503204
05-05-2025 13:15:23.686,320,RECV,7E000F8100007D33024E333038332D3144455A0C
05-05-2025 13:15:23.737,321,RECV,7E000F8100007D33024E333038342D4154414900
05-05-2025 13:15:23.738,322,RECV,7E000F81000010024E343039342D305A514CF9
05-05-2025 13:15:23.738,323,RECV,7E000F8100003E024E383037352D4B564E48B8
05-05-2025 13:15:23.738,324,RECV,7E000F81000010024E343039352D56425455DE
05-05-2025 13:15:23.738,325,RECV,7E000F81000010024E343039362D51424A52EF
05-05-2025 13:15:23.758,326,RECV,7E000F81000010024E343039372D56305849F6
05-05-2025 13:15:23.766,327,RECV,7E000F81000010024E343039382D493949331E
05-05-2025 13:15:23.778,328,RECV,7E000F8100007D33024E333038352D3450384121
05-05-2025 13:15:23.778,329,RECV,7E000F81000048024E373039332D38564154C3
05-05-2025 13:15:23.789,330,RECV,7E000F81000048024E373039342D46304650D9
05-05-2025 13:15:23.789,331,RECV,7E000F8100007D33024E333038362D4B4C4246FE
05-05-2025 13:15:23.809,332,RECV,7E000F8100007D33024E333038372D57384952F2
05-05-2025 13:15:23.830,333,RECV,7E000F8100007D33024E333038382D57495744E0
05-05-2025 13:15:23.830,334,RECV,7E000F81000010024E343039392D574A4F5AD1
05-05-2025 13:15:23.887,335,RECV,7E000F8100007D33024E333038392D3451374618
05-05-2025 13:15:23.887,336,RECV,7E000F8100007D33024E333039302D544B5344EC
05-05-2025 13:15:23.887,337,RECV,7E000F81000038024E383037362D4E4F365AC7
05-05-2025 13:15:23.887,338,RECV,7E000F81000039024E383037372D34374E55E4
05-05-2025 13:15:24.037,339,RECV,7E000F81000038024E383038302D56514144CD
05-05-2025 13:15:24.037,340,RECV,7E000F81000038024E383038312D5A453555CF
05-05-2025 13:15:24.087,341,RECV,7E000F81000038024E383038322D32375A57DD
05-05-2025 13:15:24.137,342,RECV,7E000F8100007D33024E333039312D3943314C28
05-05-2025 13:15:24.159,343,RECV,7E000F81000046024E373039352D47374A42DC
05-05-2025 13:15:24.188,344,RECV,7E000F8100007D33024E333039322D584E4D42EB
05-05-2025 13:15:24.188,345,RECV,7E000F8100007D33024E333039332D58505A34E9
05-05-2025 13:15:24.238,346,RECV,7E000F8100007D33024E333039342D4839504B02
05-05-2025 13:15:24.288,347,RECV,7E000F81000043024E373039362D41494C32E0
05-05-2025 13:15:24.292,348,RECV,7E000F81000044024E373039372D4638333005
05-05-2025 13:15:24.292,349,RECV,7E000F81000041024E373039382D57594351A4
05-05-2025 13:15:24.298,350,RECV,7E000F8100007D33024E333039352D3730475916
05-05-2025 13:15:24.338,351,RECV,7E000F81000043024E373039392D47483433EF
05-05-2025 13:15:24.388,352,RECV,7E000F8100007D33024E333039362D5A44304D01
05-05-2025 13:15:24.438,353,RECV,7E000F8100003B024E383038332D37304D42FD
05-05-2025 13:15:24.488,354,RECV,7E000F8100007D33024E333039372D5833325707
05-05-2025 13:15:24.589,355,RECV,7E000F8100007D33024E333039382D4E4A5A34F4
05-05-2025 13:15:24.601,356,RECV,7E000F81000039024E383038352D4F413234FD
05-05-2025 13:15:24.601,357,RECV,7E000F81000038024E383038362D49554A34D7
05-05-2025 13:15:24.638,358,RECV,7E000F8100007D33024E333039392D55445342EB
05-05-2025 13:15:24.689,359,RECV,7E000F81000038024E383038372D414E3342EE
05-05-2025 13:15:24.789,360,RECV,7E000F81000038024E383038382D4436314CFA
05-05-2025 13:15:24.789,361,RECV,7E000F81000039024E383038392D51374F58C0
05-05-2025 13:15:24.939,362,RECV,7E000F81000038024E383039302D5A364F54C5
05-05-2025 13:15:24.990,363,RECV,7E000F81000039024E383039312D4F4F5432D2
05-05-2025 13:15:25.040,364,RECV,7E000F81000038024E383039322D4F4C5843C0
05-05-2025 13:15:25.055,365,RECV,7E000F81000039024E383039332D3030344818
05-05-2025 13:15:25.055,366,RECV,7E000F81000039024E383039342D45395149DB
05-05-2025 13:15:25.090,367,RECV,7E000F81000039024E383039352D595A4D4DA5
05-05-2025 13:15:25.140,368,RECV,7E000F81000038024E383039362D45355333F2
05-05-2025 13:15:25.140,369,RECV,7E000F81000038024E383039372D524A5547B9
05-05-2025 13:15:25.190,370,RECV,7E000F81000037024E383039382D5248564EB3
05-05-2025 13:15:25.290,371,RECV,7E000F81000038024E383039392D50574D47B4
