06-29-2025 18:05:39.240,-,API2,"Sink 2,0013A20041839DCA,802.15.4 TH,2003,/dev/ttyUSB2 - 57600/8/M/1/N,1,46"

06-29-2025 18:04:25.384,0,RECV,7E000F8100042C024E343030302D32395053FF
06-29-2025 18:04:25.386,1,RECV,7E000F8100072F024E373030302D59475949C2
06-29-2025 18:04:25.387,2,RECV,7E000F8100031A024E333030302D365149331E
06-29-2025 18:04:25.434,3,RECV,7E000F8100042C024E343030312D3633394228
06-29-2025 18:04:25.434,4,RECV,7E000F81000731024E373030312D4635454FF2
06-29-2025 18:04:25.434,5,RECV,7E000F8100031A024E333030312D5155334403
06-29-2025 18:04:25.434,6,RECV,7E000F8100082F024E383030312D4B39314EFE
06-29-2025 18:04:25.445,7,RECV,7E000F8100042C024E343030322D313943312D
06-29-2025 18:04:25.445,8,RECV,7E000F81000730024E373030322D48373751FA
06-29-2025 18:04:25.484,9,RECV,7E000F8100031A024E333030322D4536475A03
06-29-2025 18:04:25.489,10,RECV,7E000F8100082F024E383030322D474C5950C4
06-29-2025 18:04:25.489,11,RECV,7E000F8100042C024E343030332D38524C51E3
06-29-2025 18:04:25.534,12,RECV,7E000F81000730024E373030332D353634332E
06-29-2025 18:04:25.551,13,RECV,7E000F8100031A024E333030332D4442305018
06-29-2025 18:04:25.551,14,RECV,7E000F8100082F024E383030332D53485A47C3
06-29-2025 18:04:25.551,15,RECV,7E000F8100042C024E343030342D303054490C
06-29-2025 18:04:25.551,16,RECV,7E000F81000730024E373030342D484F4B51CC
06-29-2025 18:04:25.584,17,RECV,7E000F8100031A024E333030342D454F5A45EA
06-29-2025 18:04:25.584,18,RECV,7E000F8100082F024E383030342D57545A4CAD
06-29-2025 18:04:25.584,19,RECV,7E000F8100042C024E343030352D4B3833351D
06-29-2025 18:04:25.585,20,RECV,7E000F8100072F024E373030352D53593844D7
06-29-2025 18:04:25.585,21,RECV,7E000F8100031A024E333030352D3838344A2E
06-29-2025 18:04:25.585,22,RECV,7E000F8100082F024E383030352D534D5544C4
06-29-2025 18:04:25.635,23,RECV,7E000F8100042C024E343030362D51544759C2
06-29-2025 18:04:25.636,24,RECV,7E000F81000730024E373030362D3050374105
06-29-2025 18:04:25.636,25,RECV,7E000F8100031A024E333030362D54324B4901
06-29-2025 18:04:25.636,26,RECV,7E000F8100082F024E383030362D344A4D38F9
06-29-2025 18:04:25.641,27,RECV,7E000F8100042C024E343030372D58464E59C1
06-29-2025 18:04:25.684,28,RECV,7E000F81000731024E373030372D32465254DD
06-29-2025 18:04:25.685,29,RECV,7E000F8100031A024E333030372D30425559FA
06-29-2025 18:04:25.685,30,RECV,7E000F8100082F024E383030372D53535841BC
06-29-2025 18:04:25.685,31,RECV,7E000F8100042C024E343030382D50325758D4
06-29-2025 18:04:25.735,32,RECV,7E000F81000731024E373030382D4241363809
06-29-2025 18:04:25.735,33,RECV,7E000F8100031A024E333030382D383838521F
06-29-2025 18:04:25.735,34,RECV,7E000F81000830024E383030382D45554549D1
06-29-2025 18:04:25.735,35,RECV,7E000F8100042C024E343030392D34523056F8
06-29-2025 18:04:25.735,36,RECV,7E000F81000730024E373030392D38574436F1
06-29-2025 18:04:25.785,37,RECV,7E000F8100031A024E333030392D42595943E1
06-29-2025 18:04:25.785,38,RECV,7E000F8100082F024E383030392D39375659DA
06-29-2025 18:04:25.785,39,RECV,7E000F8100042C024E343031302D34534841FC
06-29-2025 18:04:25.785,40,RECV,7E000F81000731024E373031302D45554550D2
06-29-2025 18:04:25.795,41,RECV,7E000F8100031A024E333031302D39525941FB
06-29-2025 18:04:25.798,42,RECV,7E000F81000830024E383031302D58334657D8
06-29-2025 18:04:25.816,43,RECV,7E000F8100042C024E343031312D323342461E
06-29-2025 18:04:25.832,44,RECV,7E000F81000731024E373031312D59373854E4
06-29-2025 18:04:25.835,45,RECV,7E000F8100031A024E333031312D583032481D
06-29-2025 18:04:25.835,46,RECV,7E000F81000830024E383031312D55545544BD
06-29-2025 18:04:25.885,47,RECV,7E000F8100042C024E343031322D5A384C55D7
06-29-2025 18:04:25.889,48,RECV,7E000F81000731024E373031322D51413255E6
06-29-2025 18:04:25.889,49,RECV,7E000F8100031A024E333031322D4D334E56FA
06-29-2025 18:04:25.890,50,RECV,7E000F81000830024E383031322D3633493418
06-29-2025 18:04:25.896,51,RECV,7E000F8100042C024E343031332D3044494507
06-29-2025 18:04:25.907,52,RECV,7E000F81000732024E373031332D59303656E8
06-29-2025 18:04:25.907,53,RECV,7E000F8100031A024E333031332D4452384C03
06-29-2025 18:04:25.935,54,RECV,7E000F8100042C024E343031342D424A5148E3
06-29-2025 18:04:25.985,55,RECV,7E000F81000732024E373031342D39324D4202
06-29-2025 18:04:25.985,56,RECV,7E000F81000830024E383031342D31324F3119
06-29-2025 18:04:25.986,57,RECV,7E000F8100031A024E333031342D55315949F4
06-29-2025 18:04:25.986,58,RECV,7E000F8100042C024E343031352D4E595859AF
06-29-2025 18:04:25.986,59,RECV,7E000F81000731024E373031352D35514E51D7
06-29-2025 18:04:25.986,60,RECV,7E000F81000830024E383031352D48305650DD
06-29-2025 18:04:26.035,61,RECV,7E000F8100031A024E333031352D354B314B1F
06-29-2025 18:04:26.035,62,RECV,7E000F8100042C024E343031362D53594C34DA
06-29-2025 18:04:26.036,63,RECV,7E000F81000732024E373031362D50534A39D4
06-29-2025 18:04:26.036,64,RECV,7E000F81000830024E383031362D33584B5ACA
06-29-2025 18:04:26.036,65,RECV,7E000F8100031A024E333031362D3837515109
06-29-2025 18:04:26.087,66,RECV,7E000F8100042C024E343031372D394F5239F2
06-29-2025 18:04:26.087,67,RECV,7E000F81000732024E373031372D3039324915
06-29-2025 18:04:26.088,68,RECV,7E000F81000830024E383031372D5257484BBD
06-29-2025 18:04:26.088,69,RECV,7E000F8100031A024E333031372D4F3853330C
06-29-2025 18:04:26.088,70,RECV,7E000F8100042C024E343031382D423430441A
06-29-2025 18:04:26.137,71,RECV,7E000F81000732024E373031382D334C534ED8
06-29-2025 18:04:26.137,72,RECV,7E000F81000830024E383031382D354D304BFB
06-29-2025 18:04:26.137,73,RECV,7E000F8100031A024E333031382D4148573503
06-29-2025 18:04:26.137,74,RECV,7E000F8100042C024E343031392D454A304CF8
06-29-2025 18:04:26.187,75,RECV,7E000F81000731024E373031392D46583537EE
06-29-2025 18:04:26.188,76,RECV,7E000F81000830024E383031392D59314833F2
06-29-2025 18:04:26.188,77,RECV,7E000F8100031A024E333031392D394733362E
06-29-2025 18:04:26.188,78,RECV,7E000F8100042C024E343032302D4236384219
06-29-2025 18:04:26.198,79,RECV,7E000F81000731024E373032302D3235303534
06-29-2025 18:04:26.198,80,RECV,7E000F81000830024E383032302D464E4752D2
06-29-2025 18:04:26.238,81,RECV,7E000F8100031A024E333032302D565A4D57CB
06-29-2025 18:04:26.238,82,RECV,7E000F8100042C024E343032312D444A333217
06-29-2025 18:04:26.238,83,RECV,7E000F81000731024E373032312D54455846C8
06-29-2025 18:04:26.248,84,RECV,7E000F81000830024E383032312D3748323914
06-29-2025 18:04:26.248,85,RECV,7E000F8100031A024E333032312D355330590D
06-29-2025 18:04:26.258,86,RECV,7E000F8100042C024E343032322D51584F48C9
06-29-2025 18:04:26.288,87,RECV,7E000F81000732024E373032322D55523053D3
06-29-2025 18:04:26.288,88,RECV,7E000F81000830024E383032322D494E5542CF
06-29-2025 18:04:26.288,89,RECV,7E000F8100031A024E333032322D52315751F2
06-29-2025 18:04:26.288,90,RECV,7E000F8100042C024E343032332D4E4C4446E4
06-29-2025 18:04:26.338,91,RECV,7E000F81000731024E373032332D594C3144E3
06-29-2025 18:04:26.338,92,RECV,7E000F81000830024E383032332D524A4D31E2
06-29-2025 18:04:26.338,93,RECV,7E000F8100031A024E333032332D375A5350E8
06-29-2025 18:04:26.338,94,RECV,7E000F8100042C024E343032342D4759574EC2
06-29-2025 18:04:26.388,95,RECV,7E000F81000732024E373032342D324D324802
06-29-2025 18:04:26.389,96,RECV,7E000F81000830024E383032342D32415742EF
06-29-2025 18:04:26.389,97,RECV,7E000F8100031A024E333032342D55433952F8
06-29-2025 18:04:26.399,98,RECV,7E000F81000732024E373032352D5A4A344ED4
06-29-2025 18:04:26.402,99,RECV,7E000F81000831024E383032352D5A304A44E1
06-29-2025 18:04:26.430,100,RECV,7E000F8100042D024E343032362D323539560E
06-29-2025 18:04:26.448,101,RECV,7E000F8100031A024E333032352D4F395748F3
06-29-2025 18:04:26.489,102,RECV,7E000F8100042C024E343032372D4D435146DD
06-29-2025 18:04:26.489,103,RECV,7E000F8100031A024E333032362D334D323730
06-29-2025 18:04:26.539,104,RECV,7E000F8100042C024E343032382D52525A32D3
06-29-2025 18:04:26.539,105,RECV,7E000F8100031A024E333032372D5A33335701
06-29-2025 18:04:26.540,106,RECV,7E000F81000831024E383032382D50465643C7
06-29-2025 18:04:26.540,107,RECV,7E000F81000731024E373032382D46435851C6
06-29-2025 18:04:26.540,108,RECV,7E000F8100042C024E343032392D4C573841E6
06-29-2025 18:04:26.550,109,RECV,7E000F8100031A024E333032382D453835527D33
06-29-2025 18:04:26.589,110,RECV,7E000F81000830024E383032392D4D504A41CE
06-29-2025 18:04:26.622,111,RECV,7E000F81000731024E373032392D464C4837E6
06-29-2025 18:04:26.647,112,RECV,7E000F8100042C024E343033302D393546490D
06-29-2025 18:04:26.647,113,RECV,7E000F8100031A024E333032392D4949394308
06-29-2025 18:04:26.648,114,RECV,7E000F81000830024E383033302D3246385AF4
06-29-2025 18:04:26.648,115,RECV,7E000F81000732024E373033302D36324E3315
06-29-2025 18:04:26.648,116,RECV,7E000F8100042C024E343033312D38573551F4
06-29-2025 18:04:26.648,117,RECV,7E000F8100031A024E333033302D4B53565AD0
06-29-2025 18:04:26.648,118,RECV,7E000F81000830024E383033312D36305248FD
06-29-2025 18:04:26.648,119,RECV,7E000F81000731024E373033312D4239314C06
06-29-2025 18:04:26.689,120,RECV,7E000F8100042C024E343033322D384133510B
06-29-2025 18:04:26.690,121,RECV,7E000F8100031A024E333033312D4D593551F1
06-29-2025 18:04:26.690,122,RECV,7E000F81000830024E383033322D314B4F52DF
06-29-2025 18:04:26.690,123,RECV,7E000F81000731024E373033322D44324448FB
06-29-2025 18:04:26.721,124,RECV,7E000F8100042C024E343033332D5A4B5A4DBB
06-29-2025 18:04:26.791,125,RECV,7E000F8100031A024E333033322D48495156E4
06-29-2025 18:04:26.820,126,RECV,7E000F81000830024E383033332D57394B41DF
06-29-2025 18:04:26.820,127,RECV,7E000F81000731024E373033332D49585531D5
06-29-2025 18:04:26.820,128,RECV,7E000F8100042C024E343033342D33544555E5
06-29-2025 18:04:26.820,129,RECV,7E000F8100031A024E333033332D35464F55FC
06-29-2025 18:04:26.820,130,RECV,7E000F81000830024E383033342D323130590E
06-29-2025 18:04:26.820,131,RECV,7E000F81000731024E373033342D564A3349DF
06-29-2025 18:04:26.820,132,RECV,7E000F8100042C024E343033352D44564630F5
06-29-2025 18:04:26.820,133,RECV,7E000F8100031A024E333033342D4D4F334704
06-29-2025 18:04:26.840,134,RECV,7E000F8100082F024E383033352D4B385559C9
06-29-2025 18:04:26.840,135,RECV,7E000F81000731024E373033352D4A5A5333D0
06-29-2025 18:04:26.840,136,RECV,7E000F8100042C024E343033362D323755390D
06-29-2025 18:04:26.840,137,RECV,7E000F8100031A024E333033352D4F4A5633F7
06-29-2025 18:04:26.840,138,RECV,7E000F81000830024E383033362D4254364AE2
06-29-2025 18:04:26.890,139,RECV,7E000F81000731024E373033362D45505352BF
06-29-2025 18:04:26.894,140,RECV,7E000F8100042C024E343033372D483543350E
06-29-2025 18:04:26.894,141,RECV,7E000F8100031A024E333033362D57554234F6
06-29-2025 18:04:26.894,142,RECV,7E000F81000830024E383033372D54575238C2
06-29-2025 18:04:26.900,143,RECV,7E000F81000732024E373033372D503630307D31
06-29-2025 18:04:26.903,144,RECV,7E000F8100042C024E343033382D42445852D2
06-29-2025 18:04:26.940,145,RECV,7E000F8100031A024E333033372D48524D59D7
06-29-2025 18:04:26.940,146,RECV,7E000F81000830024E383033382D5034415AD7
06-29-2025 18:04:26.940,147,RECV,7E000F81000732024E373033382D43334641F9
06-29-2025 18:04:26.990,148,RECV,7E000F8100042C024E343033392D4E363852F3
06-29-2025 18:04:26.990,149,RECV,7E000F8100031A024E333033382D514F3659E7
06-29-2025 18:04:26.990,150,RECV,7E000F81000830024E383033392D524F3733EA
06-29-2025 18:04:26.990,151,RECV,7E000F81000731024E373033392D554D485AB2
06-29-2025 18:04:26.990,152,RECV,7E000F8100042C024E343034302D5A5A4146CE
06-29-2025 18:04:26.990,153,RECV,7E000F8100031A024E333033392D414E3556FB
06-29-2025 18:04:27.011,154,RECV,7E000F81000830024E383034302D5A393642F2
06-29-2025 18:04:27.011,155,RECV,7E000F81000731024E373034302D46495041DE
06-29-2025 18:04:27.040,156,RECV,7E000F8100042C024E343034312D50363456F8
06-29-2025 18:04:27.090,157,RECV,7E000F8100031A024E333034302D5A4B5933EC
06-29-2025 18:04:27.091,158,RECV,7E000F81000731024E373034312D4B4F5342CE
06-29-2025 18:04:27.091,159,RECV,7E000F8100042C024E343034322D313931521A
06-29-2025 18:04:27.091,160,RECV,7E000F81000831024E383034322D4A493049EE
06-29-2025 18:04:27.091,161,RECV,7E000F8100031A024E333034312D52435A4FDE
06-29-2025 18:04:27.091,162,RECV,7E000F81000731024E373034322D51464846D7
06-29-2025 18:04:27.142,163,RECV,7E000F8100042C024E343034332D46445148E3
06-29-2025 18:04:27.146,164,RECV,7E000F81000830024E383034332D4A425943D2
06-29-2025 18:04:27.146,165,RECV,7E000F8100031A024E333034322D4A564B36FA
06-29-2025 18:04:27.146,166,RECV,7E000F81000731024E373034332D49444F55CA
06-29-2025 18:04:27.152,167,RECV,7E000F8100042C024E343034342D4135525AE3
06-29-2025 18:04:27.152,168,RECV,7E000F81000830024E383034342D4A304A3203
06-29-2025 18:04:27.195,169,RECV,7E000F8100031A024E333034332D4A53303815
06-29-2025 18:04:27.383,170,RECV,7E000F81000731024E373034342D514A5449C2
06-29-2025 18:04:27.393,171,RECV,7E000F8100042C024E343034352D4558584CC3
06-29-2025 18:04:27.393,172,RECV,7E000F81000830024E383034352D474C4C4ECB
06-29-2025 18:04:27.393,173,RECV,7E000F8100031A024E333034342D59555841D2
06-29-2025 18:04:27.393,174,RECV,7E000F81000731024E373034352D4F313858E9
06-29-2025 18:04:27.393,175,RECV,7E000F8100042C024E343034362D41365538FF
06-29-2025 18:04:27.393,176,RECV,7E000F8100082F024E383034362D4748384EE3
06-29-2025 18:04:27.394,177,RECV,7E000F8100031A024E333034352D47475A31FF
06-29-2025 18:04:27.394,178,RECV,7E000F81000731024E373034362D33575652C6
06-29-2025 18:04:27.394,179,RECV,7E000F8100042C024E343034372D393037481A
06-29-2025 18:04:27.394,180,RECV,7E000F81000830024E383034372D4437384300
06-29-2025 18:04:27.394,181,RECV,7E000F8100031A024E333034362D414D433412
06-29-2025 18:04:27.394,182,RECV,7E000F81000731024E373034372D56483641E2
06-29-2025 18:04:27.394,183,RECV,7E000F8100042C024E343034382D563935310C
06-29-2025 18:04:27.394,184,RECV,7E000F81000830024E383034382D55395048CF
06-29-2025 18:04:27.394,185,RECV,7E000F8100031A024E333034372D5A555155C1
06-29-2025 18:04:27.394,186,RECV,7E000F81000732024E373034382D5457384BC7
06-29-2025 18:04:27.394,187,RECV,7E000F8100042C024E343034392D39304D3317
06-29-2025 18:04:27.394,188,RECV,7E000F81000830024E383034392D454B5156BD
06-29-2025 18:04:27.394,189,RECV,7E000F8100031A024E333034382D464847320E
06-29-2025 18:04:27.394,190,RECV,7E000F81000732024E373034392D4B334F42E5
06-29-2025 18:04:27.394,191,RECV,7E000F8100042C024E343035302D3133433829
06-29-2025 18:04:27.413,192,RECV,7E000F81000830024E383035302D4B4E4341DF
06-29-2025 18:04:27.422,193,RECV,7E000F8100031A024E333034392D30304A4327
06-29-2025 18:04:27.443,194,RECV,7E000F81000732024E373035302D4B384B43EB
06-29-2025 18:04:27.443,195,RECV,7E000F8100042D024E343035312D51355253DB
06-29-2025 18:04:27.443,196,RECV,7E000F81000830024E383035312D33334D4AFE
06-29-2025 18:04:27.493,197,RECV,7E000F8100031A024E333035302D3854364119
06-29-2025 18:04:27.493,198,RECV,7E000F81000731024E373035312D374B394CF5
06-29-2025 18:04:27.493,199,RECV,7E000F8100042C024E343035322D44324652F8
06-29-2025 18:04:27.493,200,RECV,7E000F81000831024E383035322D36473945FE
06-29-2025 18:04:27.503,201,RECV,7E000F8100031A024E333035312D5535373921
06-29-2025 18:04:27.511,202,RECV,7E000F81000732024E373035322D4A584537DC
06-29-2025 18:04:27.511,203,RECV,7E000F8100042C024E343035332D3846563001
06-29-2025 18:04:27.545,204,RECV,7E000F81000831024E383035332D544E4653BD
06-29-2025 18:04:27.609,205,RECV,7E000F8100031A024E333035322D4642574BF0
06-29-2025 18:04:27.609,206,RECV,7E000F81000732024E373035332D4F424858C8
06-29-2025 18:04:27.609,207,RECV,7E000F8100042C024E343035342D5337353510
06-29-2025 18:04:27.609,208,RECV,7E000F81000831024E383035342D4741485ACD
06-29-2025 18:04:27.609,209,RECV,7E000F8100031A024E333035332D4F3342447D31
06-29-2025 18:04:27.609,210,RECV,7E000F81000732024E373035342D4E455547C9
06-29-2025 18:04:27.609,211,RECV,7E000F8100042C024E343035352D304E46310E
06-29-2025 18:04:27.609,212,RECV,7E000F81000831024E383035352D58425748BD
06-29-2025 18:04:27.644,213,RECV,7E000F8100031A024E333035342D3438485212
06-29-2025 18:04:27.644,214,RECV,7E000F8100042C024E343035362D5A374852D7
06-29-2025 18:04:27.654,215,RECV,7E000F81000831024E383035362D4B395750CA
06-29-2025 18:04:27.694,216,RECV,7E000F8100031A024E333035352D4848494DF1
06-29-2025 18:04:27.701,217,RECV,7E000F8100042C024E343035372D5A493549E0
06-29-2025 18:04:27.716,218,RECV,7E000F81000831024E383035372D42324D59DA
06-29-2025 18:04:27.744,219,RECV,7E000F8100031A024E333035362D344651387D33
06-29-2025 18:04:27.752,220,RECV,7E000F8100042C024E343035382D41574937E8
06-29-2025 18:04:27.752,221,RECV,7E000F81000732024E373035372D4C445238DB
06-29-2025 18:04:27.752,222,RECV,7E000F81000831024E383035382D4356564BB9
06-29-2025 18:04:27.752,223,RECV,7E000F8100031A024E333035372D49385853E9
06-29-2025 18:04:27.764,224,RECV,7E000F8100042C024E343035392D394F5042E5
06-29-2025 18:04:27.764,225,RECV,7E000F81000732024E373035382D564E3033ED
06-29-2025 18:04:27.765,226,RECV,7E000F81000831024E383035392D55325238E1
06-29-2025 18:04:27.794,227,RECV,7E000F8100031A024E333035382D5531425AF2
06-29-2025 18:04:27.794,228,RECV,7E000F8100042C024E343036302D473832371F
06-29-2025 18:04:27.815,229,RECV,7E000F81000732024E373035392D444D4F34DF
06-29-2025 18:04:27.815,230,RECV,7E000F81000831024E383036302D51505753AF
06-29-2025 18:04:27.855,231,RECV,7E000F8100031A024E333035392D4F534E46DD
06-29-2025 18:04:27.887,232,RECV,7E000F8100042C024E343036312D56594630E1
06-29-2025 18:04:27.933,233,RECV,7E000F81000732024E373036302D5953504DB2
06-29-2025 18:04:27.933,234,RECV,7E000F81000830024E383036312D30474B59DF
06-29-2025 18:04:27.933,235,RECV,7E000F8100031A024E333036302D49414353FB
06-29-2025 18:04:27.933,236,RECV,7E000F8100042C024E343036322D464F5A39DD
06-29-2025 18:04:27.933,237,RECV,7E000F81000732024E373036312D334B5348E1
06-29-2025 18:04:27.934,238,RECV,7E000F81000831024E383036322D41515142D3
06-29-2025 18:04:27.946,239,RECV,7E000F8100031A024E333036312D5935454BFC
06-29-2025 18:04:27.947,240,RECV,7E000F8100042C024E343036332D47593151E2
06-29-2025 18:04:27.947,241,RECV,7E000F81000732024E373036322D3148314609
06-29-2025 18:04:27.947,242,RECV,7E000F81000831024E383036332D52435733D8
06-29-2025 18:04:27.997,243,RECV,7E000F8100031A024E333036322D364C524BFA
06-29-2025 18:04:27.998,244,RECV,7E000F81000731024E373036332D584A4C54B7
06-29-2025 18:04:27.998,245,RECV,7E000F81000830024E383036342D4A4C4344DA
06-29-2025 18:04:27.998,246,RECV,7E000F8100042C024E343036352D4F395145E4
06-29-2025 18:04:27.998,247,RECV,7E000F8100031A024E333036332D4C3257390A
06-29-2025 18:04:28.016,248,RECV,7E000F81000732024E373036342D44533844E4
06-29-2025 18:04:28.022,249,RECV,7E000F81000831024E383036352D4C32544ED5
06-29-2025 18:04:28.046,250,RECV,7E000F8100042C024E343036362D5738494CDD
06-29-2025 18:04:28.071,251,RECV,7E000F8100031A024E333036342D5432414D03
06-29-2025 18:04:28.096,252,RECV,7E000F8100042C024E343036372D4F464742E2
06-29-2025 18:04:28.100,253,RECV,7E000F8100031A024E333036352D304F505AED
06-29-2025 18:04:28.146,254,RECV,7E000F8100042C024E343036382D42504B55CD
06-29-2025 18:04:28.146,255,RECV,7E000F8100031A024E333036362D57435048E3
06-29-2025 18:04:28.147,256,RECV,7E000F81000732024E373036372D41354A36FE
06-29-2025 18:04:28.196,257,RECV,7E000F8100042C024E343036392D4F504D45CD
06-29-2025 18:04:28.219,258,RECV,7E000F8100031A024E333036372D454D323818
06-29-2025 18:04:28.219,259,RECV,7E000F81000732024E373036382D3841433007
06-29-2025 18:04:28.246,260,RECV,7E000F8100042C024E343037302D4F503156E0
06-29-2025 18:04:28.249,261,RECV,7E000F81000831024E383037302D4951584DBA
06-29-2025 18:04:28.249,262,RECV,7E000F8100031A024E333036382D5A4E354FE7
06-29-2025 18:04:28.249,263,RECV,7E000F81000732024E373036392D36425A4FD1
06-29-2025 18:04:28.257,264,RECV,7E000F8100042C024E343037312D39445147F0
06-29-2025 18:04:28.257,265,RECV,7E000F81000831024E383037312D54523759C2
06-29-2025 18:04:28.257,266,RECV,7E000F8100031A024E333036392D524A424FE5
06-29-2025 18:04:28.296,267,RECV,7E000F8100042C024E343037322D3736465100
06-29-2025 18:04:28.299,268,RECV,7E000F81000830024E383037322D34454944F2
06-29-2025 18:04:28.299,269,RECV,7E000F8100031A024E333037302D424A4A390B
06-29-2025 18:04:28.346,270,RECV,7E000F8100042C024E343037332D46523458DF
06-29-2025 18:04:28.356,271,RECV,7E000F81000831024E383037332D31584841E4
06-29-2025 18:04:28.356,272,RECV,7E000F8100031A024E333037312D36385659FC
06-29-2025 18:04:28.396,273,RECV,7E000F8100042C024E343037342D58515744BE
06-29-2025 18:04:28.397,274,RECV,7E000F81000830024E383037342D36304854F4
06-29-2025 18:04:28.397,275,RECV,7E000F8100031A024E333037322D3346353139
06-29-2025 18:04:28.447,276,RECV,7E000F8100042C024E343037352D51374545EF
06-29-2025 18:04:28.449,277,RECV,7E000F81000831024E383037352D56335132E8
06-29-2025 18:04:28.449,278,RECV,7E000F81000732024E373037342D5A51585A99
06-29-2025 18:04:28.449,279,RECV,7E000F8100031A024E333037332D3349494C06
06-29-2025 18:04:28.449,280,RECV,7E000F8100042C024E343037362D4F473548ED
06-29-2025 18:04:28.457,281,RECV,7E000F81000830024E383037362D41424751D9
06-29-2025 18:04:28.457,282,RECV,7E000F81000731024E373037352D3532454208
06-29-2025 18:04:28.458,283,RECV,7E000F8100031A024E333037342D52354459F2
06-29-2025 18:04:28.497,284,RECV,7E000F8100042C024E343037372D45304B41FE
06-29-2025 18:04:28.497,285,RECV,7E000F81000831024E383037372D5935364EE0
06-29-2025 18:04:28.507,286,RECV,7E000F81000732024E373037362D314F4D50D7
06-29-2025 18:04:28.509,287,RECV,7E000F8100031A024E333037352D3734304931
06-29-2025 18:04:28.547,288,RECV,7E000F8100042C024E343037382D4830304D09
06-29-2025 18:04:28.547,289,RECV,7E000F81000831024E383037382D4E524431DC
06-29-2025 18:04:28.547,290,RECV,7E000F81000731024E373037372D4D30324401
06-29-2025 18:04:28.547,291,RECV,7E000F8100031A024E333037362D3545353332
06-29-2025 18:04:28.597,292,RECV,7E000F8100042C024E343037392D4C31564FDB
06-29-2025 18:04:28.600,293,RECV,7E000F81000732024E373037382D594F3338DF
06-29-2025 18:04:28.600,294,RECV,7E000F8100031A024E333037372D34505159E5
06-29-2025 18:04:28.647,295,RECV,7E000F8100042B024E343038302D564A3546EB
06-29-2025 18:04:28.650,296,RECV,7E000F81000732024E373037392D58575830BA
06-29-2025 18:04:28.677,297,RECV,7E000F8100031A024E333037382D51554B42DF
06-29-2025 18:04:28.678,298,RECV,7E000F8100042C024E343038312D39314D4A03
06-29-2025 18:04:28.697,299,RECV,7E000F81000732024E373038302D415A4435E5
06-29-2025 18:04:28.697,300,RECV,7E000F8100031A024E333037392D33594B300A
06-29-2025 18:04:28.697,301,RECV,7E000F8100042C024E343038322D42494647EB
06-29-2025 18:04:28.698,302,RECV,7E000F81000732024E373038312D52365A52C4
06-29-2025 18:04:28.747,303,RECV,7E000F8100031A024E333038302D5530345709
06-29-2025 18:04:28.747,304,RECV,7E000F8100042C024E343038332D4D503631FE
06-29-2025 18:04:28.748,305,RECV,7E000F81000732024E373038322D5959334BC7
06-29-2025 18:04:28.748,306,RECV,7E000F8100031A024E333038312D4F44394DFF
06-29-2025 18:04:28.798,307,RECV,7E000F8100042C024E343038342D4F4C4D5ABF
06-29-2025 18:04:28.799,308,RECV,7E000F81000732024E373038332D474430310A
06-29-2025 18:04:28.799,309,RECV,7E000F8100031A024E333038322D32585444F5
06-29-2025 18:04:28.848,310,RECV,7E000F81000831024E383038352D5833474ED3
06-29-2025 18:04:28.848,311,RECV,7E000F8100042C024E343038352D384B515AD2
06-29-2025 18:04:28.848,312,RECV,7E000F81000732024E373038342D535A4851AF
06-29-2025 18:04:28.848,313,RECV,7E000F8100031A024E333038332D50425344ED
06-29-2025 18:04:28.858,314,RECV,7E000F81000831024E383038362D39574E57BD
06-29-2025 18:04:28.858,315,RECV,7E000F8100042C024E343038362D424D5750C9
06-29-2025 18:04:28.898,316,RECV,7E000F81000732024E373038352D3159534EC9
06-29-2025 18:04:28.899,317,RECV,7E000F8100031A024E333038342D454A5250E4
06-29-2025 18:04:28.899,318,RECV,7E000F81000830024E383038372D46524C39D5
06-29-2025 18:04:28.899,319,RECV,7E000F8100042C024E343038372D4C594D46C6
06-29-2025 18:04:28.948,320,RECV,7E000F81000732024E373038362D46585350B2
06-29-2025 18:04:28.948,321,RECV,7E000F8100031A024E333038352D3333523824
06-29-2025 18:04:28.948,322,RECV,7E000F81000831024E383038382D37504938E8
06-29-2025 18:04:28.948,323,RECV,7E000F8100042C024E343038382D384241340E
06-29-2025 18:04:28.998,324,RECV,7E000F81000732024E373038372D47555935C8
06-29-2025 18:04:28.998,325,RECV,7E000F8100031A024E333038362D59314A55EA
06-29-2025 18:04:28.998,326,RECV,7E000F81000831024E383038392D324A313210
06-29-2025 18:04:28.998,327,RECV,7E000F8100042C024E343038392D48414D45E1
06-29-2025 18:04:28.998,328,RECV,7E000F81000732024E373038382D59543356BB
06-29-2025 18:04:28.998,329,RECV,7E000F8100031A024E333038372D47554941EC
06-29-2025 18:04:29.019,330,RECV,7E000F81000831024E383039302D37544754D1
06-29-2025 18:04:29.025,331,RECV,7E000F8100042C024E343039302D4E4B4752D2
06-29-2025 18:04:29.049,332,RECV,7E000F81000732024E373038392D56333359DB
06-29-2025 18:04:29.049,333,RECV,7E000F8100031A024E333038382D5857394EDB
06-29-2025 18:04:29.049,334,RECV,7E000F81000831024E383039312D56323957DE
06-29-2025 18:04:29.049,335,RECV,7E000F8100042C024E343039312D3646473907
06-29-2025 18:04:29.098,336,RECV,7E000F81000732024E373039302D4547464ADC
06-29-2025 18:04:29.098,337,RECV,7E000F8100031A024E333038392D56385744E7
06-29-2025 18:04:29.099,338,RECV,7E000F81000831024E383039322D524E4232E1
06-29-2025 18:04:29.099,339,RECV,7E000F8100042C024E343039322D59394532F9
06-29-2025 18:04:29.149,340,RECV,7E000F81000732024E373039312D31454143FD
06-29-2025 18:04:29.150,341,RECV,7E000F8100031A024E333039302D4751435AE3
06-29-2025 18:04:29.150,342,RECV,7E000F81000832024E383039332D42534E31DF
06-29-2025 18:04:29.150,343,RECV,7E000F8100042C024E343039332D4733544FE4
06-29-2025 18:04:29.199,344,RECV,7E000F81000733024E373039322D3733513109
06-29-2025 18:04:29.199,345,RECV,7E000F8100031A024E333039312D5532433518
06-29-2025 18:04:29.199,346,RECV,7E000F81000832024E383039342D35493448F8
06-29-2025 18:04:29.199,347,RECV,7E000F8100042C024E343039342D36415754DE
06-29-2025 18:04:29.199,348,RECV,7E000F81000733024E373039332D42365747DE
06-29-2025 18:04:29.249,349,RECV,7E000F8100031A024E333039322D51555452CA
06-29-2025 18:04:29.249,350,RECV,7E000F81000832024E383039352D48595438C4
06-29-2025 18:04:29.249,351,RECV,7E000F8100042C024E343039352D4E32463108
06-29-2025 18:04:29.249,352,RECV,7E000F81000733024E373039342D4F425151C0
06-29-2025 18:04:29.250,353,RECV,7E000F8100031A024E333039332D4236433129
06-29-2025 18:04:29.259,354,RECV,7E000F81000832024E383039362D56355835D8
06-29-2025 18:04:29.282,355,RECV,7E000F8100042C024E343039362D364E5450D6
06-29-2025 18:04:29.309,356,RECV,7E000F81000733024E373039352D454C5356B8
06-29-2025 18:04:29.309,357,RECV,7E000F8100031A024E333039342D48505344E5
06-29-2025 18:04:29.309,358,RECV,7E000F81000832024E383039372D45413855DC
06-29-2025 18:04:29.309,359,RECV,7E000F8100042C024E343039372D38535659C3
06-29-2025 18:04:29.349,360,RECV,7E000F81000733024E373039362D45505345C4
06-29-2025 18:04:29.349,361,RECV,7E000F8100031A024E333039352D4153453604
06-29-2025 18:04:29.349,362,RECV,7E000F81000832024E383039382D4449504CC5
06-29-2025 18:04:29.349,363,RECV,7E000F8100042C024E343039382D374C414AEE
06-29-2025 18:04:29.399,364,RECV,7E000F81000732024E373039372D59354C59BE
06-29-2025 18:04:29.399,365,RECV,7E000F8100031A024E333039362D495A333804
06-29-2025 18:04:29.399,366,RECV,7E000F81000833024E383039392D594C3456BD
06-29-2025 18:04:29.400,367,RECV,7E000F8100042C024E343039392D32495534F7
06-29-2025 18:04:29.420,368,RECV,7E000F81000733024E373039382D3845343806
06-29-2025 18:04:29.434,369,RECV,7E000F8100031A024E333039372D50384857EA
06-29-2025 18:04:29.449,370,RECV,7E000F81000733024E373039392D3046304206
06-29-2025 18:04:29.449,371,RECV,7E000F8100031A024E333039382D41565145E3
06-29-2025 18:04:29.499,372,RECV,7E000F8100031A024E333039392D47513756EA
