05-05-2025 13:44:21.733,-,API2,"Sink 2,0013A20041839DCA,802.15.4 TH,2003,/dev/ttyUSB1 - 57600/8/M/1/N,1,46"

05-05-2025 13:43:32.443,0,RECV,7E000F8100007D31024E343030302D3139574625
05-05-2025 13:43:32.445,1,RECV,7E000F81000014024E333030302D4159474DFC
05-05-2025 13:43:32.457,2,RECV,7E000F81000010024E343030312D58545537F4
05-05-2025 13:43:32.481,3,RECV,7E000F8100007D33024E333030312D5649365AFB
05-05-2025 13:43:32.483,4,RECV,7E000F81000010024E343030322D54524751ED
05-05-2025 13:43:32.483,5,RECV,7E007D338100007D33000BFFFFFFFFFFFFFFFF0000005348CD
05-05-2025 13:43:32.483,6,RECV,7E007D3381000010000CFFFFFFFFFFFFFFFF0000005348CF
05-05-2025 13:43:32.513,7,RECV,7E000F8100007D33024E333030322D544F4A54E8
05-05-2025 13:43:32.563,8,RECV,7E007D3381000043000AFFFFFFFFFFFFFFFF00000053489E
05-05-2025 13:43:32.613,9,RECV,7E007D3381000038000BFFFFFFFFFFFFFFFF0000005348A8
05-05-2025 13:43:32.623,10,RECV,7E000F81000010024E343030332D4C4E4457F5
05-05-2025 13:43:32.652,11,RECV,7E000F81000043024E373030312D32574D47D9
05-05-2025 13:43:32.663,12,RECV,7E000F8100007D33024E333030332D4D4A5152EE
05-05-2025 13:43:32.674,13,RECV,7E000F81000044024E373030322D304E4D4DDC
05-05-2025 13:43:32.713,14,RECV,7E000F81000043024E373030332D49524258BF
05-05-2025 13:43:32.724,15,RECV,7E000F81000038024E383030322D58414439E9
05-05-2025 13:43:32.764,16,RECV,7E000F81000039024E383030332D57494E59B6
05-05-2025 13:43:32.795,17,RECV,7E000F81000039024E383030342D30344B4FFE
05-05-2025 13:43:32.801,18,RECV,7E000F81000044024E373030342D454D4644D6
05-05-2025 13:43:32.801,19,RECV,7E000F8100007D33024E333030342D55515154DC
05-05-2025 13:43:32.801,20,RECV,7E000F81000039024E383030352D4230374E04
05-05-2025 13:43:32.814,21,RECV,7E000F81000039024E383030362D343331461C
05-05-2025 13:43:32.834,22,RECV,7E000F8100007D31024E343030342D5555423309
05-05-2025 13:43:32.834,23,RECV,7E000F81000044024E373030352D4E505741BB
05-05-2025 13:43:32.864,24,RECV,7E000F8100007D33024E333030352D4650493314
05-05-2025 13:43:32.881,25,RECV,7E000F8100007D31024E343030352D5952313615
05-05-2025 13:43:32.914,26,RECV,7E000F81000042024E373030362D524B5A34C7
05-05-2025 13:43:32.965,27,RECV,7E000F81000037024E383030372D52575A4EAA
05-05-2025 13:43:33.014,28,RECV,7E000F81000044024E373030372D5A5A575A8A
05-05-2025 13:43:33.014,29,RECV,7E000F81000038024E383030382D444C4630F3
05-05-2025 13:43:33.064,30,RECV,7E000F81000038024E383030392D4B384832FB
05-05-2025 13:43:33.115,31,RECV,7E000F8100007D33024E333030362D4E31445909
05-05-2025 13:43:33.163,32,RECV,7E000F8100007D33024E333030372D4E59334604
05-05-2025 13:43:33.163,33,RECV,7E000F81000010024E343030362D313142384B
05-05-2025 13:43:33.165,34,RECV,7E000F8100007D31024E343030372D505A5746DE
05-05-2025 13:43:33.168,35,RECV,7E000F81000039024E383031302D48413745FA
05-05-2025 13:43:33.168,36,RECV,7E000F8100007D33024E333030382D315836580C
05-05-2025 13:43:33.196,37,RECV,7E000F8100007D33024E333030392D3658564AF4
05-05-2025 13:43:33.196,38,RECV,7E000F8100007D33024E333031302D3739455223
05-05-2025 13:43:33.366,39,RECV,7E000F81000038024E383031312D4D4E3946E5
05-05-2025 13:43:33.366,40,RECV,7E000F8100007D31024E343030382D4445483221
05-05-2025 13:43:33.366,41,RECV,7E000F8100007D31024E343030392D393850580A
05-05-2025 13:43:33.416,42,RECV,7E000F8100007D31024E343031302D474150490A
05-05-2025 13:43:33.430,43,RECV,7E000F8100007D33024E333031312D4A52343029
05-05-2025 13:43:33.466,44,RECV,7E000F81000010024E343031312D4D344F4F0C
05-05-2025 13:43:33.487,45,RECV,7E000F81000010024E343031322D595A5A52CB
05-05-2025 13:43:33.516,46,RECV,7E000F8100007D33024E333031322D414645312B
05-05-2025 13:43:33.516,47,RECV,7E000F81000039024E383031322D3459384BED
05-05-2025 13:43:33.566,48,RECV,7E000F8100007D33024E333031332D5A43423117
05-05-2025 13:43:33.569,49,RECV,7E000F81000044024E373030392D30415750D5
05-05-2025 13:43:33.617,50,RECV,7E000F81000039024E383031332D444A354CED
05-05-2025 13:43:33.627,51,RECV,7E000F8100007D33024E333031342D584537450D
05-05-2025 13:43:33.627,52,RECV,7E000F8100007D33024E333031352D5049385103
05-05-2025 13:43:33.627,53,RECV,7E000F81000010024E343031332D34554E4C06
05-05-2025 13:43:33.667,54,RECV,7E000F81000010024E343031342D54575155D7
05-05-2025 13:43:33.667,55,RECV,7E000F81000043024E373031312D59474835D8
05-05-2025 13:43:33.717,56,RECV,7E000F8100003A024E383031342D48594441D4
05-05-2025 13:43:33.749,57,RECV,7E000F81000012024E333031362D3452564207
05-05-2025 13:43:33.767,58,RECV,7E000F81000038024E383031352D51524945CA
05-05-2025 13:43:33.867,59,RECV,7E000F8100007D33024E333031372D4839325A16
05-05-2025 13:43:33.891,60,RECV,7E000F81000038024E383031362D5A31375ADE
05-05-2025 13:43:33.891,61,RECV,7E000F8100007D33024E333031382D4151344C10
05-05-2025 13:43:33.917,62,RECV,7E000F8100007D31024E343031352D5A435145F3
05-05-2025 13:43:33.918,63,RECV,7E000F8100007D31024E343031362D4D4C5736FF
05-05-2025 13:43:33.967,64,RECV,7E000F81000010024E343031372D3531514925
05-05-2025 13:43:33.967,65,RECV,7E000F81000010024E343031382D5635304128
05-05-2025 13:43:33.968,66,RECV,7E000F81000044024E373031322D4D50324DD7
05-05-2025 13:43:33.968,67,RECV,7E000F81000010024E343031392D4B4D5456E1
05-05-2025 13:43:34.019,68,RECV,7E000F81000038024E383031372D484F5849C1
05-05-2025 13:43:34.063,69,RECV,7E000F81000010024E343032302D444B544305
05-05-2025 13:43:34.063,70,RECV,7E000F8100007D33024E333031392D4142313736
05-05-2025 13:43:34.063,71,RECV,7E000F81000043024E373031332D375A3459D5
05-05-2025 13:43:34.068,72,RECV,7E000F8100007D33024E333032302D42414E5503
05-05-2025 13:43:34.118,73,RECV,7E000F81000010024E343032312D3551354E21
05-05-2025 13:43:34.168,74,RECV,7E000F8100007D33024E333032312D533549381F
05-05-2025 13:43:34.184,75,RECV,7E000F81000038024E383031382D4E4F4758BC
05-05-2025 13:43:34.218,76,RECV,7E000F81000039024E383031392D59345755BD
05-05-2025 13:43:34.268,77,RECV,7E000F81000044024E373031342D50324F4AD6
05-05-2025 13:43:34.318,78,RECV,7E000F8100007D33024E333032322D32444A4621
05-05-2025 13:43:34.329,79,RECV,7E000F8100007D33024E333032332D5641434EFE
05-05-2025 13:43:34.368,80,RECV,7E000F8100007D33024E333032342D493245461F
05-05-2025 13:43:34.381,81,RECV,7E000F81000044024E373031352D49484954C2
05-05-2025 13:43:34.419,82,RECV,7E000F81000039024E383032302D4530344510
05-05-2025 13:43:34.424,83,RECV,7E000F8100007D33024E333032352D5958414DE5
05-05-2025 13:43:34.469,84,RECV,7E000F81000010024E343032322D5451394FFC
05-05-2025 13:43:34.519,85,RECV,7E000F81000010024E343032332D50593150FE
05-05-2025 13:43:34.519,86,RECV,7E000F8100007D33024E333032362D5753374DF5
05-05-2025 13:43:34.519,87,RECV,7E000F81000043024E373031372D50555448AE
05-05-2025 13:43:34.519,88,RECV,7E000F81000039024E383032312D45445144DF
05-05-2025 13:43:34.569,89,RECV,7E000F8100007D33024E333032372D39544E3116
05-05-2025 13:43:34.619,90,RECV,7E000F8100007D33024E333032382D54354C301C
05-05-2025 13:43:34.656,91,RECV,7E000F81000043024E373031382D57505939B5
05-05-2025 13:43:34.669,92,RECV,7E000F81000044024E373031392D35464245EA
05-05-2025 13:43:34.719,93,RECV,7E000F81000044024E373032302D354A424CE7
05-05-2025 13:43:34.720,94,RECV,7E000F81000039024E383032332D33554939F1
05-05-2025 13:43:34.769,95,RECV,7E000F8100007D31024E343032342D4E424F4403
05-05-2025 13:43:34.791,96,RECV,7E000F81000045024E373032312D334C5249D8
05-05-2025 13:43:34.870,97,RECV,7E000F8100007D33024E333032392D3831303552
05-05-2025 13:43:34.870,98,RECV,7E000F81000039024E383032342D43555153BE
05-05-2025 13:43:34.920,99,RECV,7E000F8100007D31024E343032352D304D305622
05-05-2025 13:43:34.950,100,RECV,7E000F8100007D33024E333033302D354B424323
05-05-2025 13:43:34.950,101,RECV,7E000F8100003A024E383032352D59384C56C5
05-05-2025 13:43:34.950,102,RECV,7E000F8100007D33024E333033312D4258334E0C
05-05-2025 13:43:34.950,103,RECV,7E000F8100007D33024E333033322D4D395751F8
05-05-2025 13:43:34.970,104,RECV,7E000F8100007D33024E333033332D305A5855EE
05-05-2025 13:43:34.970,105,RECV,7E000F8100007D33024E333033342D56534D32FC
05-05-2025 13:43:35.020,106,RECV,7E000F8100007D33024E333033352D44524654F3
05-05-2025 13:43:35.021,107,RECV,7E000F81000010024E343032362D363058392E
05-05-2025 13:43:35.070,108,RECV,7E000F81000045024E373032322D3044354CFC
05-05-2025 13:43:35.120,109,RECV,7E000F81000010024E343032372D4444564600
05-05-2025 13:43:35.170,110,RECV,7E000F81000010024E343032382D414630412B
05-05-2025 13:43:35.221,111,RECV,7E000F8100007D31024E343032392D364845421C
05-05-2025 13:43:35.253,112,RECV,7E000F8100007D33024E333033362D31515156F9
05-05-2025 13:43:35.271,113,RECV,7E000F8100007D31024E343033302D4A4F5048F8
05-05-2025 13:43:35.271,114,RECV,7E000F8100003A024E383032362D3854584EC5
05-05-2025 13:43:35.421,115,RECV,7E000F8100007D31024E343033312D57354C57F9
05-05-2025 13:43:35.421,116,RECV,7E000F8100003A024E383032372D5639564AC7
05-05-2025 13:43:35.471,117,RECV,7E000F8100007D31024E343033322D4C4E4652F5
05-05-2025 13:43:35.471,118,RECV,7E000F8100007D31024E343033332D453246567D33
05-05-2025 13:43:35.472,119,RECV,7E000F81000010024E343033342D504430362C
05-05-2025 13:43:35.522,120,RECV,7E000F8100007D33024E333033372D53515835F0
05-05-2025 13:43:35.557,121,RECV,7E000F8100003D024E383032382D364A4458D6
05-05-2025 13:43:35.571,122,RECV,7E000F81000047024E373032342D59343130FF
05-05-2025 13:43:35.572,123,RECV,7E000F81000010024E343033352D4156545AE0
05-05-2025 13:43:35.572,124,RECV,7E000F8100007D33024E333033382D41524E54EB
05-05-2025 13:43:35.572,125,RECV,7E000F81000047024E373032352D56484639CF
05-05-2025 13:43:35.622,126,RECV,7E000F81000010024E343033362D3734475919
05-05-2025 13:43:35.672,127,RECV,7E000F81000010024E343033372D444E474307
05-05-2025 13:43:35.713,128,RECV,7E000F81000010024E343033382D4B33465509
05-05-2025 13:43:35.713,129,RECV,7E000F81000010024E343033392D51555630F5
05-05-2025 13:43:35.722,130,RECV,7E000F8100007D33024E333033392D394346302D
05-05-2025 13:43:35.792,131,RECV,7E000F8100007D31024E343034302D44524F4EF5
05-05-2025 13:43:35.793,132,RECV,7E000F81000039024E383032392D4A46334FE3
05-05-2025 13:43:35.823,133,RECV,7E000F81000039024E383033302D4F495335DD
05-05-2025 13:43:35.823,134,RECV,7E000F81000044024E373032362D354E4856CD
05-05-2025 13:43:35.923,135,RECV,7E000F81000039024E383033312D48354553E7
05-05-2025 13:43:35.923,136,RECV,7E000F81000039024E383033322D474C5A57B7
05-05-2025 13:43:35.973,137,RECV,7E000F81000039024E383033332D353347311A
05-05-2025 13:43:35.973,138,RECV,7E000F8100007D33024E333034302D4F30544C08
05-05-2025 13:43:36.023,139,RECV,7E000F8100007D33024E333034312D334D4F5403
05-05-2025 13:43:36.023,140,RECV,7E000F81000045024E373032382D56375043CB
05-05-2025 13:43:36.023,141,RECV,7E000F81000039024E383033342D4C36364FF2
05-05-2025 13:43:36.073,142,RECV,7E000F81000039024E383033352D55533335E8
05-05-2025 13:43:36.123,143,RECV,7E000F81000045024E373032392D4A495341C3
05-05-2025 13:43:36.174,144,RECV,7E000F81000010024E343034312D3845383142
05-05-2025 13:43:36.188,145,RECV,7E000F81000010024E343034322D39304D3938
05-05-2025 13:43:36.191,146,RECV,7E000F81000010024E343034332D5A33423027
05-05-2025 13:43:36.224,147,RECV,7E000F8100007D33024E333034322D3247393142
05-05-2025 13:43:36.276,148,RECV,7E000F8100003A024E383033362D55425651B8
05-05-2025 13:43:36.283,149,RECV,7E000F8100007D33024E333034332D4E33354628
05-05-2025 13:43:36.324,150,RECV,7E000F8100007D33024E333034342D48524D4BF1
05-05-2025 13:43:36.343,151,RECV,7E000F8100007D31024E343034342D5A565334ED
05-05-2025 13:43:36.347,152,RECV,7E000F8100003A024E383033372D4B593052CF
05-05-2025 13:43:36.374,153,RECV,7E000F8100007D33024E333034352D4B41513015
05-05-2025 13:43:36.374,154,RECV,7E000F8100007D31024E343034352D58575231F1
05-05-2025 13:43:36.424,155,RECV,7E000F8100003B024E383033382D354E3858E0
05-05-2025 13:43:36.525,156,RECV,7E007D338100007D330038FFFFFFFFFFFFFFFF0000005348A0
05-05-2025 13:43:36.525,157,RECV,7E007D33810000100038FFFFFFFFFFFFFFFF0000005348A3
05-05-2025 13:43:36.525,158,RECV,7E000F8100007D33024E333034362D4B34444F0F
05-05-2025 13:43:36.525,159,RECV,7E000F81000010024E343034362D4C44424D04
05-05-2025 13:43:36.525,160,RECV,7E000F8100007D33024E333034372D41563757FB
05-05-2025 13:43:36.525,161,RECV,7E000F81000039024E383033392D5044374FDA
05-05-2025 13:43:36.525,162,RECV,7E000F8100003D024E383034302D48565030DA
05-05-2025 13:43:36.575,163,RECV,7E000F81000010024E343034372D424A5A300C
05-05-2025 13:43:36.581,164,RECV,7E000F8100007D33024E333034382D5244423215
05-05-2025 13:43:36.582,165,RECV,7E007D33810000470029FFFFFFFFFFFFFFFF00000053487B
05-05-2025 13:43:36.582,166,RECV,7E000F8100007D31024E343034382D3347514E07
05-05-2025 13:43:36.582,167,RECV,7E000F8100007D33024E333034392D54304F4407
05-05-2025 13:43:36.582,168,RECV,7E007D33810000390033FFFFFFFFFFFFFFFF00000053487F
05-05-2025 13:43:36.625,169,RECV,7E000F8100007D33024E333035302D494C4C58ED
05-05-2025 13:43:36.675,170,RECV,7E000F8100007D33024E333035312D583637461A
05-05-2025 13:43:36.675,171,RECV,7E000F81000044024E373033312D51474147D2
05-05-2025 13:43:36.725,172,RECV,7E000F81000039024E383034312D50454937E6
05-05-2025 13:43:36.781,173,RECV,7E000F8100007D31024E343034392D4E354859FB
05-05-2025 13:43:36.781,174,RECV,7E000F8100007D33024E333035322D5A59564FCC
05-05-2025 13:43:36.825,175,RECV,7E000F8100007D33024E333035332D4F4F333121
05-05-2025 13:43:36.825,176,RECV,7E000F8100007D31024E343035302D50594F59D6
05-05-2025 13:43:36.876,177,RECV,7E000F81000038024E383034322D46424154DE
05-05-2025 13:43:36.880,178,RECV,7E000F8100007D33024E333035342D5A435435FC
05-05-2025 13:43:36.936,179,RECV,7E000F8100007D31024E343035312D353042453A
05-05-2025 13:43:36.976,180,RECV,7E000F81000038024E383034342D4E465034E1
05-05-2025 13:43:36.979,181,RECV,7E000F8100007D33024E333035352D4D59354303
05-05-2025 13:43:36.979,182,RECV,7E000F81000038024E383034352D54565943B2
05-05-2025 13:43:37.026,183,RECV,7E000F81000010024E343035322D385734570C
05-05-2025 13:43:37.126,184,RECV,7E000F81000043024E373033322D41543252D9
05-05-2025 13:43:37.129,185,RECV,7E000F81000010024E343035332D50485A4EE5
05-05-2025 13:43:37.226,186,RECV,7E000F8100003A024E383034372D30304D380F
05-05-2025 13:43:37.277,187,RECV,7E000F8100007D33024E333035362D3531484B27
05-05-2025 13:43:37.279,188,RECV,7E000F8100007D31024E343035342D444B5751EC
05-05-2025 13:43:37.377,189,RECV,7E000F8100007D31024E343035352D3255534107
05-05-2025 13:43:37.394,190,RECV,7E000F8100003A024E383034382D5742354CD9
05-05-2025 13:43:37.397,191,RECV,7E000F81000045024E373033332D41365135F2
05-05-2025 13:43:37.427,192,RECV,7E000F81000045024E373033342D50464535DE
05-05-2025 13:43:37.477,193,RECV,7E000F8100007D33024E333035372D4239363935
05-05-2025 13:43:37.480,194,RECV,7E000F81000046024E373033352D4E365648CA
05-05-2025 13:43:37.527,195,RECV,7E000F8100007D33024E333035382D4F495539F8
05-05-2025 13:43:37.538,196,RECV,7E000F8100003A024E383034392D50315444D9
05-05-2025 13:43:37.538,197,RECV,7E000F81000010024E343035362D4C4C4D43FA
05-05-2025 13:43:37.678,198,RECV,7E000F81000010024E343035372D5233305A12
05-05-2025 13:43:37.728,199,RECV,7E000F81000045024E373033362D364B4A48D9
05-05-2025 13:43:37.728,200,RECV,7E000F8100003A024E383035302D58465545C2
05-05-2025 13:43:37.728,201,RECV,7E000F8100003B024E383035312D413745300B
05-05-2025 13:43:37.728,202,RECV,7E000F81000045024E373033372D39334848EF
05-05-2025 13:43:37.778,203,RECV,7E000F8100007D33024E333035392D5534363826
05-05-2025 13:43:37.828,204,RECV,7E000F8100007D31024E343035382D3438445817
05-05-2025 13:43:37.878,205,RECV,7E000F8100007D31024E343035392D39555841F7
05-05-2025 13:43:37.939,206,RECV,7E000F8100003A024E383035322D534A5756AE
05-05-2025 13:43:37.959,207,RECV,7E000F8100007D33024E333036302D54494C47F5
05-05-2025 13:43:37.994,208,RECV,7E000F8100003C024E383035332D43364F42EB
05-05-2025 13:43:37.994,209,RECV,7E000F81000010024E343036302D35595053F6
05-05-2025 13:43:38.029,210,RECV,7E000F81000010024E343036312D4D415256F0
05-05-2025 13:43:38.029,211,RECV,7E000F81000045024E373033382D4F483034EF
05-05-2025 13:43:38.079,212,RECV,7E000F81000010024E343036322D355555390D
05-05-2025 13:43:38.129,213,RECV,7E000F81000010024E343036332D42585942EF
05-05-2025 13:43:38.155,214,RECV,7E000F8100007D33024E333036312D554B444EF2
05-05-2025 13:43:38.155,215,RECV,7E000F81000043024E373033392D45474955C1
05-05-2025 13:43:38.180,216,RECV,7E000F8100007D33024E333036322D3130374B40
05-05-2025 13:43:38.185,217,RECV,7E000F81000038024E383035342D58523031ED
05-05-2025 13:43:38.280,218,RECV,7E000F81000042024E373034302D414F3437F9
05-05-2025 13:43:38.280,219,RECV,7E000F81000038024E383035352D58334141EA
05-05-2025 13:43:38.280,220,RECV,7E000F8100007D33024E333036332D52494A3805
05-05-2025 13:43:38.330,221,RECV,7E000F81000039024E383035372D594D5330CB
05-05-2025 13:43:38.331,222,RECV,7E000F81000043024E373034312D413935327D31
05-05-2025 13:43:38.331,223,RECV,7E000F8100007D31024E343036342D53555753D0
05-05-2025 13:43:38.380,224,RECV,7E000F8100007D31024E343036352D58564D47DF
05-05-2025 13:43:38.380,225,RECV,7E000F81000037024E383035382D313549380E
05-05-2025 13:43:38.380,226,RECV,7E000F8100007D33024E333036342D4B32494417
05-05-2025 13:43:38.430,227,RECV,7E000F8100007D33024E333036352D58593855E2
05-05-2025 13:43:38.481,228,RECV,7E000F8100007D31024E343036362D5442563004
05-05-2025 13:43:38.531,229,RECV,7E000F81000043024E373034322D57424146D1
05-05-2025 13:43:38.581,230,RECV,7E000F8100007D33024E333036362D4A3530442C
05-05-2025 13:43:38.598,231,RECV,7E000F81000010024E343036372D4D4E4748F6
05-05-2025 13:43:38.631,232,RECV,7E000F81000010024E343036382D594335331B
05-05-2025 13:43:38.631,233,RECV,7E000F81000044024E373034342D5A42414CC5
05-05-2025 13:43:38.631,234,RECV,7E000F81000044024E373034352D4B315A47D0
05-05-2025 13:43:38.641,235,RECV,7E000F8100007D33024E333036372D56594338F4
05-05-2025 13:43:38.681,236,RECV,7E000F81000039024E383035392D47383449F6
05-05-2025 13:43:38.681,237,RECV,7E000F81000010024E343036392D423543491B
05-05-2025 13:43:38.681,238,RECV,7E000F81000044024E373034362D4354524DB6
05-05-2025 13:43:38.731,239,RECV,7E000F8100007D33024E333036382D4748335209
05-05-2025 13:43:38.752,240,RECV,7E000F81000044024E373034372D31455834E9
05-05-2025 13:43:38.753,241,RECV,7E000F8100007D33024E333036392D51585446D9
05-05-2025 13:43:38.753,242,RECV,7E000F8100007D33024E333037302D4834353340
05-05-2025 13:43:38.781,243,RECV,7E000F8100007D33024E333037312D365A35431B
05-05-2025 13:43:38.832,244,RECV,7E000F8100007D33024E333037322D554C4841F8
05-05-2025 13:43:38.882,245,RECV,7E000F81000046024E373034382D44445942C5
05-05-2025 13:43:38.932,246,RECV,7E000F8100007D33024E333037332D383046343F
05-05-2025 13:43:38.932,247,RECV,7E000F8100007D31024E343037302D5851494CE7
05-05-2025 13:43:38.932,248,RECV,7E000F81000045024E373034392D424A4C54BC
05-05-2025 13:43:38.982,249,RECV,7E000F81000045024E373035302D504C3546D9
05-05-2025 13:43:38.982,250,RECV,7E000F8100007D31024E343037312D503431452A
05-05-2025 13:43:38.983,251,RECV,7E000F81000010024E343037322D5630455AFF
05-05-2025 13:43:39.032,252,RECV,7E000F8100007D33024E333037352D4E36324920
05-05-2025 13:43:39.054,253,RECV,7E000F8100003A024E383036302D49594B5AB2
05-05-2025 13:43:39.082,254,RECV,7E000F8100003B024E383036312D3558305AE0
05-05-2025 13:43:39.132,255,RECV,7E000F8100007D33024E333037362D41585657D8
05-05-2025 13:43:39.133,256,RECV,7E000F8100003A024E383036322D47565141C8
05-05-2025 13:43:39.183,257,RECV,7E000F81000045024E373035312D39384B53E0
05-05-2025 13:43:39.233,258,RECV,7E000F81000010024E343037332D464E54310A
05-05-2025 13:43:39.233,259,RECV,7E000F8100007D33024E333037372D42365855F8
05-05-2025 13:43:39.333,260,RECV,7E000F81000046024E373035322D4B434744D4
05-05-2025 13:43:39.375,261,RECV,7E000F8100003C024E383036332D594A3643D8
05-05-2025 13:43:39.375,262,RECV,7E000F8100007D33024E333037382D3450444C08
05-05-2025 13:43:39.376,263,RECV,7E000F8100007D33024E333037392D354D4B57F7
05-05-2025 13:43:39.376,264,RECV,7E000F8100007D33024E333038302D535A5439E9
05-05-2025 13:43:39.383,265,RECV,7E000F8100007D33024E333038312D4A53374A04
05-05-2025 13:43:39.383,266,RECV,7E000F8100003B024E383036342D31495656CE
05-05-2025 13:43:39.435,267,RECV,7E000F8100007D33024E333038322D4339424E15
05-05-2025 13:43:39.440,268,RECV,7E000F8100007D31024E343037342D444F39490C
05-05-2025 13:43:39.441,269,RECV,7E000F8100007D33024E333038332D3538514F7D33
05-05-2025 13:43:39.441,270,RECV,7E000F8100007D31024E343037352D534F4C45ED
05-05-2025 13:43:39.534,271,RECV,7E000F8100003B024E383036352D49553150D4
05-05-2025 13:43:39.585,272,RECV,7E000F8100007D33024E333038342D52434547FE
05-05-2025 13:43:39.585,273,RECV,7E000F81000046024E373035332D39345247E6
05-05-2025 13:43:39.635,274,RECV,7E000F8100007D33024E333038352D52375559E7
05-05-2025 13:43:39.662,275,RECV,7E000F8100003B024E383036372D51554C4EB1
05-05-2025 13:43:39.662,276,RECV,7E000F81000010024E343037362D48504354F1
05-05-2025 13:43:39.735,277,RECV,7E000F81000010024E343037372D3534303353
05-05-2025 13:43:39.735,278,RECV,7E000F81000046024E373035342D37544439E3
05-05-2025 13:43:39.745,279,RECV,7E000F81000046024E373035352D50454250C3
05-05-2025 13:43:39.745,280,RECV,7E000F8100003B024E383036382D5552524FA8
05-05-2025 13:43:39.785,281,RECV,7E000F8100003B024E383036392D32495959C2
05-05-2025 13:43:39.813,282,RECV,7E000F8100003B024E383037302D3037563901
05-05-2025 13:43:39.814,283,RECV,7E000F8100007D33024E333038362D4E41594FE6
05-05-2025 13:43:39.814,284,RECV,7E000F81000039024E383037312D4459324ADF
05-05-2025 13:43:39.835,285,RECV,7E000F8100007D33024E333038372D564F324CF9
05-05-2025 13:43:39.838,286,RECV,7E000F8100007D31024E343037382D45544353EE
05-05-2025 13:43:39.838,287,RECV,7E000F8100007D31024E343037392D4536563516
05-05-2025 13:43:39.856,288,RECV,7E000F81000043024E373035362D574E4E54A5
05-05-2025 13:43:39.885,289,RECV,7E000F8100003D024E383037322D53334553D5
05-05-2025 13:43:39.936,290,RECV,7E000F8100007D33024E333038382D32394A481E
05-05-2025 13:43:39.971,291,RECV,7E000F8100007D33024E333038392D4C3538431E
05-05-2025 13:43:39.986,292,RECV,7E000F8100007D33024E333039302D3134373254
05-05-2025 13:43:39.986,293,RECV,7E000F8100003C024E383037332D43553537EF
05-05-2025 13:43:39.986,294,RECV,7E000F81000047024E373035372D4E50555A9A
05-05-2025 13:43:39.986,295,RECV,7E000F8100007D31024E343038302D363755461C
05-05-2025 13:43:40.036,296,RECV,7E000F8100007D33024E333039312D50305949FF
05-05-2025 13:43:40.036,297,RECV,7E000F81000010024E343038312D584A423709
05-05-2025 13:43:40.086,298,RECV,7E000F8100007D33024E333039322D424259340F
05-05-2025 13:43:40.086,299,RECV,7E000F8100007D33024E333039332D5332435403
05-05-2025 13:43:40.136,300,RECV,7E000F81000010024E343038322D485630490C
05-05-2025 13:43:40.137,301,RECV,7E000F8100007D33024E333039342D5156443003
05-05-2025 13:43:40.137,302,RECV,7E000F81000010024E343038332D33324F4E20
05-05-2025 13:43:40.186,303,RECV,7E000F81000039024E383037352D5938313101
05-05-2025 13:43:40.286,304,RECV,7E000F81000039024E383037362D4A465459B6
05-05-2025 13:43:40.286,305,RECV,7E000F81000043024E373035392D59435543B5
05-05-2025 13:43:40.337,306,RECV,7E000F8100007D31024E343038342D4C584A4CE6
05-05-2025 13:43:40.387,307,RECV,7E000F8100007D33024E333039352D4430505306
05-05-2025 13:43:40.390,308,RECV,7E000F8100007D31024E343038352D46514847F9
05-05-2025 13:43:40.390,309,RECV,7E000F81000039024E383037372D48335735EB
05-05-2025 13:43:40.390,310,RECV,7E000F81000044024E373036302D51444B51BF
05-05-2025 13:43:40.537,311,RECV,7E007D338100007D310061FFFFFFFFFFFFFFFF000000534879
05-05-2025 13:43:40.582,312,RECV,7E007D338100007D33006BFFFFFFFFFFFFFFFF00000053486D
05-05-2025 13:43:40.582,313,RECV,7E000F8100007D33024E333039362D385543321A
05-05-2025 13:43:40.583,314,RECV,7E000F81000044024E373036312D37484758D1
05-05-2025 13:43:40.583,315,RECV,7E000F8100007D33024E333039372D345434302F
05-05-2025 13:43:40.587,316,RECV,7E000F81000010024E343038362D4D52333815
05-05-2025 13:43:40.587,317,RECV,7E000F8100007D33024E333039382D385A504FE9
05-05-2025 13:43:40.587,318,RECV,7E007D33810000390059FFFFFFFFFFFFFFFF000000534859
05-05-2025 13:43:40.587,319,RECV,7E007D33810000440049FFFFFFFFFFFFFFFF00000053485E
05-05-2025 13:43:40.637,320,RECV,7E000F81000010024E343038372D3751564DF3
05-05-2025 13:43:40.738,321,RECV,7E000F8100003A024E383037382D52494948C4
05-05-2025 13:43:40.739,322,RECV,7E000F8100003A024E383037392D39544C38DE
05-05-2025 13:43:40.788,323,RECV,7E000F81000044024E373036332D31425944DD
05-05-2025 13:43:40.788,324,RECV,7E000F8100007D33024E333039392D3745435109
05-05-2025 13:43:40.788,325,RECV,7E000F8100003A024E383038302D3652383601
05-05-2025 13:43:40.788,326,RECV,7E000F81000044024E373036342D535654519E
05-05-2025 13:43:40.838,327,RECV,7E000F8100007D31024E343038382D525A5530EB
05-05-2025 13:43:40.888,328,RECV,7E000F81000043024E373036352D59473957BC
05-05-2025 13:43:40.938,329,RECV,7E000F8100007D31024E343038392D34335A4812
05-05-2025 13:43:40.938,330,RECV,7E000F81000043024E373036362D51434F4FB9
05-05-2025 13:43:40.989,331,RECV,7E000F8100007D31024E343039302D434D5757E5
05-05-2025 13:43:40.999,332,RECV,7E000F81000039024E383038322D394F4737F0
05-05-2025 13:43:40.999,333,RECV,7E000F81000039024E383038332D4737393509
05-05-2025 13:43:41.020,334,RECV,7E000F81000039024E383038342D434D343000
05-05-2025 13:43:41.048,335,RECV,7E000F81000010024E343039312D573838510B
05-05-2025 13:43:41.089,336,RECV,7E000F81000010024E343039322D4F5A5554D0
05-05-2025 13:43:41.089,337,RECV,7E000F81000039024E383038352D47335956CA
05-05-2025 13:43:41.189,338,RECV,7E000F8100003A024E383038362D58354B43D6
05-05-2025 13:43:41.209,339,RECV,7E000F81000010024E343039332D5143534CEE
05-05-2025 13:43:41.209,340,RECV,7E000F81000010024E343039342D314950470F
05-05-2025 13:43:41.220,341,RECV,7E000F81000010024E343039352D323159372C
05-05-2025 13:43:41.239,342,RECV,7E000F81000010024E343039362D39444F440E
05-05-2025 13:43:41.390,343,RECV,7E000F81000046024E373037302D534B3830E7
05-05-2025 13:43:41.390,344,RECV,7E000F81000047024E373037312D594B4E4BAE
05-05-2025 13:43:41.440,345,RECV,7E000F8100003C024E383038372D384D394BE5
05-05-2025 13:43:41.490,346,RECV,7E000F8100007D31024E343039372D4D38443221
05-05-2025 13:43:41.505,347,RECV,7E000F8100003C024E383038382D4C505458A5
05-05-2025 13:43:41.641,348,RECV,7E000F81000044024E373037322D54455837C5
05-05-2025 13:43:41.690,349,RECV,7E000F81000043024E373037332D50425039D2
05-05-2025 13:43:41.691,350,RECV,7E000F81000044024E373037342D31524135F2
05-05-2025 13:43:41.791,351,RECV,7E000F81000044024E373037352D5559474FA6
05-05-2025 13:43:41.841,352,RECV,7E000F81000038024E383038392D47553155CE
05-05-2025 13:43:41.841,353,RECV,7E000F81000044024E373037362D50414F4ABF
05-05-2025 13:43:41.892,354,RECV,7E000F81000043024E373037372D39484753CE
05-05-2025 13:43:41.941,355,RECV,7E000F81000038024E383039302D4E305748DB
05-05-2025 13:43:41.992,356,RECV,7E000F81000038024E383039312D53385359C0
05-05-2025 13:43:42.042,357,RECV,7E000F81000039024E383039322D4A4C4E59B8
05-05-2025 13:43:42.042,358,RECV,7E000F81000039024E383039332D48444450D4
05-05-2025 13:43:42.092,359,RECV,7E000F81000044024E373037382D45485442C4
05-05-2025 13:43:42.125,360,RECV,7E000F81000045024E373037392D384F314BE2
05-05-2025 13:43:42.142,361,RECV,7E000F81000039024E383039342D554B3235EC
05-05-2025 13:43:42.143,362,RECV,7E000F81000010024E343039382D59485A58C9
05-05-2025 13:43:42.202,363,RECV,7E000F81000010024E343039392D58484155E5
05-05-2025 13:43:42.242,364,RECV,7E000F81000044024E373038302D364C4554D3
05-05-2025 13:43:42.323,365,RECV,7E000F81000039024E383039362D534F3757C1
05-05-2025 13:43:42.363,366,RECV,7E000F81000044024E373038332D4D485750AF
05-05-2025 13:43:42.393,367,RECV,7E000F81000039024E383039372D44495554BA
05-05-2025 13:43:42.543,368,RECV,7E000F81000045024E373038342D41534D4EBA
05-05-2025 13:43:42.593,369,RECV,7E000F81000045024E373038352D41324C39F0
05-05-2025 13:43:42.593,370,RECV,7E000F81000039024E383039382D39553349E5
05-05-2025 13:43:42.643,371,RECV,7E000F8100003B024E383039392D42334A30FD
05-05-2025 13:43:42.644,372,RECV,7E000F81000046024E373038362D4C4B514CB2
05-05-2025 13:43:42.794,373,RECV,7E000F81000046024E373038372D454F4E34CF
05-05-2025 13:43:42.894,374,RECV,7E000F81000046024E373038382D4E39324DDE
05-05-2025 13:43:42.894,375,RECV,7E000F81000047024E373038392D45465651B0
05-05-2025 13:43:43.195,376,RECV,7E000F81000043024E373039312D395A3931F0
05-05-2025 13:43:43.696,377,RECV,7E000F81000045024E373039332D42505332D2
05-05-2025 13:43:43.797,378,RECV,7E000F81000045024E373039342D52523146CD
05-05-2025 13:43:44.148,379,RECV,7E000F81000045024E373039382D41454E33DD
05-05-2025 13:43:44.148,380,RECV,7E000F81000045024E373039392D44514D34CD
