06-02-2025 16:51:32.562,-,API2,"Sink 2,0013A20041839DCA,802.15.4 TH,2003,/dev/ttyUSB2 - 57600/8/M/1/N,1,46"

06-02-2025 16:49:55.593,0,RECV,7E007D318100041F02A9004E343030302D4149484F50
06-02-2025 16:49:55.593,1,RECV,7E007D3181000835027C004E383030302D4A49373383
06-02-2025 16:49:55.595,2,RECV,7E007D318100031A026E004E333030302D584F3233A7
06-02-2025 16:49:55.595,3,RECV,7E007D318100073E024D004E373030302D4F46523190
06-02-2025 16:49:55.596,4,RECV,7E007D318100041F02AC004E343030312D4436485754
06-02-2025 16:49:55.603,5,RECV,7E007D318100031A0271004E333030312D51395A3596
06-02-2025 16:49:55.643,6,RECV,7E007D318100041F02AD004E343030322D4F5A4D4C29
06-02-2025 16:49:55.643,7,RECV,7E007D318100031A0272004E333030322D43504A5977
06-02-2025 16:49:55.693,8,RECV,7E007D318100041F02AE004E343030332D344D55365D
06-02-2025 16:49:55.725,9,RECV,7E007D318100031A0273004E333030332D37354438C3
06-02-2025 16:49:55.743,10,RECV,7E007D318100041F02AF004E343030342D5333584544
06-02-2025 16:49:55.743,11,RECV,7E007D318100031A0274004E333030342D4C3954359B
06-02-2025 16:49:55.743,12,RECV,7E007D318100041F02B0004E343030352D5535384C57
06-02-2025 16:49:55.793,13,RECV,7E007D318100031A0275004E333030352D3152385993
06-02-2025 16:49:55.793,14,RECV,7E007D318100041F02B1004E343030362D5851533631
06-02-2025 16:49:55.793,15,RECV,7E007D318100031A0276004E333030362D5654424A6F
06-02-2025 16:49:55.843,16,RECV,7E007D318100041F02B2004E343030372D4932435350
06-02-2025 16:49:55.843,17,RECV,7E007D318100031A0277004E333030372D564151506B
06-02-2025 16:49:55.843,18,RECV,7E007D318100041F02B3004E343030382D46424E3257
06-02-2025 16:49:55.863,19,RECV,7E007D318100031A0278004E333030382D44574D3782
06-02-2025 16:49:55.893,20,RECV,7E007D318100041F02B4004E343030392D465444443B
06-02-2025 16:49:55.895,21,RECV,7E007D318100031A0279004E333030392D4A3257309C
06-02-2025 16:49:55.943,22,RECV,7E007D318100041F02B5004E343031302D4C4D304B50
06-02-2025 16:49:55.943,23,RECV,7E007D318100031A027A004E333031302D423243519E
06-02-2025 16:49:55.953,24,RECV,7E007D318100041F02B6004E343031312D34564B503D
06-02-2025 16:49:55.956,25,RECV,7E007D318100031A027B004E333031312D35305244A9
06-02-2025 16:49:55.993,26,RECV,7E007D3181000835028A004E383031322D4736583367
06-02-2025 16:49:55.993,27,RECV,7E007D318100041F02B7004E343031322D4B45514A35
06-02-2025 16:49:56.004,28,RECV,7E007D318100031A027C004E333031322D49534A4775
06-02-2025 16:49:56.043,29,RECV,7E007D3181000835028B004E383031332D5A59444432
06-02-2025 16:49:56.044,30,RECV,7E007D318100041F02B8004E343031332D3448565636
06-02-2025 16:49:56.044,31,RECV,7E007D318100031A027D5D004E333031332D4F434B348F
06-02-2025 16:49:56.094,32,RECV,7E007D3181000835028C004E383031342D4C4D57314A
06-02-2025 16:49:56.094,33,RECV,7E007D318100041F02B9004E343031342D5547453447
06-02-2025 16:49:56.094,34,RECV,7E007D318100031A027D5E004E333031342D4A524D3184
06-02-2025 16:49:56.094,35,RECV,7E007D3181000835028D004E383031352D575053531C
06-02-2025 16:49:56.104,36,RECV,7E007D318100041F02BA004E343031352D4B33305A52
06-02-2025 16:49:56.114,37,RECV,7E007D318100031A027F004E333031352D4159345777
06-02-2025 16:49:56.135,38,RECV,7E007D3181000835028E004E383031362D4E334B3566
06-02-2025 16:49:56.135,39,RECV,7E007D318100041F02BB004E343031362D4850575217
06-02-2025 16:49:56.194,40,RECV,7E007D318100031A0280004E333031362D4E4944427D5D
06-02-2025 16:49:56.196,41,RECV,7E007D3181000835028F004E383031372D4535525841
06-02-2025 16:49:56.196,42,RECV,7E007D318100041F02BC004E343031372D5738304255
06-02-2025 16:49:56.196,43,RECV,7E007D318100031A0281004E333031372D46434E4A77
06-02-2025 16:49:56.196,44,RECV,7E007D31810008350290004E383031382D3442314478
06-02-2025 16:49:56.196,45,RECV,7E007D318100041F02BD004E343031382D374C31455B
06-02-2025 16:49:56.244,46,RECV,7E007D318100031A0282004E333031382D375657476B
06-02-2025 16:49:56.244,47,RECV,7E007D31810008350291004E383031392D4C4D38523E
06-02-2025 16:49:56.244,48,RECV,7E007D318100041F02BE004E343031392D4847465627
06-02-2025 16:49:56.264,49,RECV,7E007D318100031A0283004E333031392D3047375690
06-02-2025 16:49:56.265,50,RECV,7E007D31810008350292004E383032302D3533555952
06-02-2025 16:49:56.275,51,RECV,7E007D318100041F02BF004E343032302D4B4D534C22
06-02-2025 16:49:56.294,52,RECV,7E007D318100031A0284004E333032302D3457513788
06-02-2025 16:49:56.315,53,RECV,7E007D31810008350293004E383032312D474A375747
06-02-2025 16:49:56.362,54,RECV,7E007D318100041F02C0004E343032312D3146395750
06-02-2025 16:49:56.362,55,RECV,7E007D318100031A0285004E333032312D3834505984
06-02-2025 16:49:56.362,56,RECV,7E007D31810008350294004E383032322D4930423772
06-02-2025 16:49:56.362,57,RECV,7E007D318100041F02C1004E343032322D353638575B
06-02-2025 16:49:56.394,58,RECV,7E007D318100031A0286004E333032322D4143394892
06-02-2025 16:49:56.394,59,RECV,7E007D31810008340295004E383032332D4946553748
06-02-2025 16:49:56.394,60,RECV,7E007D318100041F02C2004E343032332D4244424D3E
06-02-2025 16:49:56.404,61,RECV,7E007D318100031A0287004E333032332D414F4E496E
06-02-2025 16:49:56.405,62,RECV,7E007D31810008340296004E383032342D3545444C57
06-02-2025 16:49:56.405,63,RECV,7E007D318100041F02C3004E343032342D4553304841
06-02-2025 16:49:56.444,64,RECV,7E007D318100031A0288004E333032342D544944575B
06-02-2025 16:49:56.445,65,RECV,7E007D31810008340297004E383032352D524B355637
06-02-2025 16:49:56.455,66,RECV,7E007D318100041F02C4004E343032352D495831324B
06-02-2025 16:49:56.506,67,RECV,7E007D318100031A0289004E333032352D3559564B62
06-02-2025 16:49:56.514,68,RECV,7E007D31810008340298004E383032362D42464F5432
06-02-2025 16:49:56.514,69,RECV,7E007D318100041F02C5004E343032362D5A3748571D
06-02-2025 16:49:56.545,70,RECV,7E007D318100031A028A004E333032362D335556446D
06-02-2025 16:49:56.545,71,RECV,7E007D31810008350299004E383032372D31484F533F
06-02-2025 16:49:56.545,72,RECV,7E007D318100041F02C6004E343032372D524D454B1C
06-02-2025 16:49:56.595,73,RECV,7E007D318100031A028B004E333032372D4D46495859
06-02-2025 16:49:56.595,74,RECV,7E007D3181000835029A004E383032382D4333583951
06-02-2025 16:49:56.595,75,RECV,7E007D318100041F02C7004E343032382D344D543143
06-02-2025 16:49:56.595,76,RECV,7E007D318100031A028C004E333032382D5846584352
06-02-2025 16:49:56.595,77,RECV,7E007D3181000834029B004E383032392D454D33335F
06-02-2025 16:49:56.596,78,RECV,7E007D318100041F02C8004E343032392D504C57450F
06-02-2025 16:49:56.645,79,RECV,7E007D318100031A028D004E333032392D4B3237597C
06-02-2025 16:49:56.666,80,RECV,7E007D3181000835029C004E383033302D5853354F2E
06-02-2025 16:49:56.675,81,RECV,7E007D318100041F02C9004E343033302D4D35595122
06-02-2025 16:49:56.695,82,RECV,7E007D318100031A028E004E333033302D4C555A4A4B
06-02-2025 16:49:56.695,83,RECV,7E007D318100041F02CA004E343033312D4D4842482D
06-02-2025 16:49:56.695,84,RECV,7E007D3181000835029E004E383033322D4545463851
06-02-2025 16:49:56.695,85,RECV,7E007D318100031A028F004E333033312D39574E446C
06-02-2025 16:49:56.705,86,RECV,7E007D318100041F02CB004E343033322D4658583024
06-02-2025 16:49:56.745,87,RECV,7E007D3181000835029F004E383033332D4754465125
06-02-2025 16:49:56.746,88,RECV,7E007D318100031A0290004E333033322D5959315356
06-02-2025 16:49:56.746,89,RECV,7E007D318100041F02CC004E343033332D4F5536412D
06-02-2025 16:49:56.795,90,RECV,7E007D318100083502A0004E383033342D4351554E1E
06-02-2025 16:49:56.830,91,RECV,7E007D318100031A0291004E333033332D44393333A7
06-02-2025 16:49:56.838,92,RECV,7E007D318100041F02CD004E343033342D47584B497D33
06-02-2025 16:49:56.838,93,RECV,7E007D318100083502A1004E383033352D4E35313867
06-02-2025 16:49:56.838,94,RECV,7E007D318100031A0292004E333033342D3431575676
06-02-2025 16:49:56.838,95,RECV,7E007D318100041F02CE004E343033352D46585A4DFF
06-02-2025 16:49:56.845,96,RECV,7E007D318100083502A2004E383033362D4747545619
06-02-2025 16:49:56.845,97,RECV,7E007D318100031A0293004E333033352D394834537D5E
06-02-2025 16:49:56.845,98,RECV,7E007D318100041F02CF004E343033362D483537325C
06-02-2025 16:49:56.895,99,RECV,7E007D318100083402A3004E383033372D4F574E5A02
06-02-2025 16:49:56.896,100,RECV,7E007D318100031A0294004E333033362D4356484360
06-02-2025 16:49:56.896,101,RECV,7E007D318100083502A4004E383033382D473245335C
06-02-2025 16:49:56.946,102,RECV,7E007D318100041F02D1004E343033382D465339501C
06-02-2025 16:49:56.956,103,RECV,7E007D318100031A0295004E333033372D32344F4984
06-02-2025 16:49:56.956,104,RECV,7E007D318100083402A5004E383033392D3644575526
06-02-2025 16:49:56.956,105,RECV,7E007D318100041F02D2004E343033392D463742314C
06-02-2025 16:49:56.956,106,RECV,7E007D318100073E0275004E373033382D4B4D413369
06-02-2025 16:49:56.956,107,RECV,7E007D318100031A0296004E333033382D505436495D
06-02-2025 16:49:56.996,108,RECV,7E007D318100083502A6004E383034302D5831493848
06-02-2025 16:49:56.996,109,RECV,7E007D318100041F02D3004E343034302D335659362B
06-02-2025 16:49:56.996,110,RECV,7E007D318100073D0276004E373033392D4458363171
06-02-2025 16:49:56.996,111,RECV,7E007D318100031A0297004E333033392D423839517A
06-02-2025 16:49:57.047,112,RECV,7E007D318100083402A7004E383034312D535A473726
06-02-2025 16:49:57.047,113,RECV,7E007D318100041F02D4004E343034312D354D584C1B
06-02-2025 16:49:57.047,114,RECV,7E007D318100073E0277004E373034302D3632315091
06-02-2025 16:49:57.047,115,RECV,7E007D318100031A0298004E333034302D3441514679
06-02-2025 16:49:57.047,116,RECV,7E007D318100083402A8004E383034322D304535584D
06-02-2025 16:49:57.096,117,RECV,7E007D318100041F02D5004E343034322D37485A4521
06-02-2025 16:49:57.123,118,RECV,7E007D318100073D0278004E373034312D5A30434D5F
06-02-2025 16:49:57.123,119,RECV,7E007D318100031A0299004E333034312D5134453683
06-02-2025 16:49:57.123,120,RECV,7E007D318100083502A9004E383034332D3030304874
06-02-2025 16:49:57.123,121,RECV,7E007D318100041F02D6004E343034332D5142543521
06-02-2025 16:49:57.123,122,RECV,7E007D318100031A029A004E333034322D5642394B65
06-02-2025 16:49:57.146,123,RECV,7E007D318100083502AA004E383034342D4F4D563820
06-02-2025 16:49:57.146,124,RECV,7E007D318100041F02D7004E343034342D594C4E4602
06-02-2025 16:49:57.147,125,RECV,7E007D318100031A029B004E333034332D374B353890
06-02-2025 16:49:57.147,126,RECV,7E007D318100083502AB004E383034352D564141422E
06-02-2025 16:49:57.167,127,RECV,7E007D318100041F02D8004E343034352D4D46534C07
06-02-2025 16:49:57.168,128,RECV,7E007D318100031A029C004E333034342D5151555A2C
06-02-2025 16:49:57.196,129,RECV,7E007D318100083502AC004E383034362D384C4D5322
06-02-2025 16:49:57.197,130,RECV,7E007D318100041F02D9004E343034362D344D504224
06-02-2025 16:49:57.197,131,RECV,7E007D318100031A029D004E333034352D4D5942395A
06-02-2025 16:49:57.246,132,RECV,7E007D318100083502AD004E383034372D485745520E
06-02-2025 16:49:57.246,133,RECV,7E007D318100041F02DA004E343034372D353145503A
06-02-2025 16:49:57.246,134,RECV,7E007D318100031A029E004E333034362D475858364C
06-02-2025 16:49:57.257,135,RECV,7E007D318100083502AE004E383034382D3736303471
06-02-2025 16:49:57.280,136,RECV,7E007D318100041F02DB004E343034382D474E36590F
06-02-2025 16:49:57.296,137,RECV,7E007D318100031A029F004E333034372D3950333586
06-02-2025 16:49:57.296,138,RECV,7E007D318100083502AF004E383034392D5138374D33
06-02-2025 16:49:57.307,139,RECV,7E007D318100041F02DC004E343034392D39414F4721
06-02-2025 16:49:57.307,140,RECV,7E007D318100031A02A0004E333034382D374C324F71
06-02-2025 16:49:57.347,141,RECV,7E007D318100083502B0004E383035302D5938483935
06-02-2025 16:49:57.347,142,RECV,7E007D318100041F02DD004E343035302D56534A4FF6
06-02-2025 16:49:57.347,143,RECV,7E007D318100073E0280004E373034392D4256505A26
06-02-2025 16:49:57.357,144,RECV,7E007D318100031A02A1004E333034392D5A4A463257
06-02-2025 16:49:57.357,145,RECV,7E007D318100083502B1004E383035312D394E315439
06-02-2025 16:49:57.397,146,RECV,7E007D318100041F02DE004E343035312D4A4A373734
06-02-2025 16:49:57.428,147,RECV,7E007D318100073E0281004E373035302D33464F3077
06-02-2025 16:49:57.428,148,RECV,7E007D318100031A02A2004E333035302D3736474383
06-02-2025 16:49:57.428,149,RECV,7E007D318100083502B2004E383035322D3032503859
06-02-2025 16:49:57.428,150,RECV,7E007D318100041F02DF004E343035322D4F4243332D
06-02-2025 16:49:57.447,151,RECV,7E007D318100073E0282004E373035312D5A56483441
06-02-2025 16:49:57.447,152,RECV,7E007D318100031A02A3004E333035312D4C444E5545
06-02-2025 16:49:57.447,153,RECV,7E007D318100083402B3004E383035332D335044502B
06-02-2025 16:49:57.447,154,RECV,7E007D318100042002E0004E343035332D4D32324D33
06-02-2025 16:49:57.447,155,RECV,7E007D318100073E0283004E373035322D444450593A
06-02-2025 16:49:57.447,156,RECV,7E007D318100031A02A4004E333035322D5751364850
06-02-2025 16:49:57.497,157,RECV,7E007D318100083502B4004E383035342D545A5753E7
06-02-2025 16:49:57.498,158,RECV,7E007D318100042002E1004E343035342D5436564F00
06-02-2025 16:49:57.498,159,RECV,7E007D318100073E0284004E373035332D44554A5630
06-02-2025 16:49:57.498,160,RECV,7E007D318100031A02A5004E333035332D4D46304D64
06-02-2025 16:49:57.498,161,RECV,7E007D318100083502B5004E383035352D443533533E
06-02-2025 16:49:57.547,162,RECV,7E007D318100042002E2004E343035352D42525053F6
06-02-2025 16:49:57.574,163,RECV,7E007D318100073E0285004E373035342D5046353666
06-02-2025 16:49:57.574,164,RECV,7E007D318100031A02A6004E333035342D324844377D5D
06-02-2025 16:49:57.574,165,RECV,7E007D318100083402B6004E383035362D303249474A
06-02-2025 16:49:57.575,166,RECV,7E007D318100041F02E3004E343035362D4259385108
06-02-2025 16:49:57.597,167,RECV,7E007D318100073E0286004E373035352D4F454B4145
06-02-2025 16:49:57.597,168,RECV,7E007D318100031A02A7004E333035352D5939394C59
06-02-2025 16:49:57.597,169,RECV,7E007D318100083402B7004E383035372D4C45514C0C
06-02-2025 16:49:57.597,170,RECV,7E007D318100041F02E4004E343035372D4849415701
06-02-2025 16:49:57.608,171,RECV,7E007D318100073E0287004E373035362D4C494B582B
06-02-2025 16:49:57.608,172,RECV,7E007D318100031A02A8004E333035362D5844564F2D
06-02-2025 16:49:57.608,173,RECV,7E007D318100083502B8004E383035382D5259395300
06-02-2025 16:49:57.647,174,RECV,7E007D318100041F02E5004E343035382D5730435A04
06-02-2025 16:49:57.648,175,RECV,7E007D318100073D0288004E373035372D4B57534C21
06-02-2025 16:49:57.648,176,RECV,7E007D318100031A02A9004E333035372D544650364C
06-02-2025 16:49:57.648,177,RECV,7E007D318100083602B9004E383035392D3833355242
06-02-2025 16:49:57.648,178,RECV,7E007D318100042002E6004E343035392D3050365718
06-02-2025 16:49:57.698,179,RECV,7E007D318100073E0289004E373035382D4C36413765
06-02-2025 16:49:57.736,180,RECV,7E007D318100031A02AA004E333035382D4B59484935
06-02-2025 16:49:57.737,181,RECV,7E007D318100083502BA004E383036302D4D41434A21
06-02-2025 16:49:57.737,182,RECV,7E007D318100042002E7004E343036302D45575355E8
06-02-2025 16:49:57.737,183,RECV,7E007D318100073D028A004E373035392D5055415325
06-02-2025 16:49:57.737,184,RECV,7E007D318100031A02AB004E333035392D4D44375050
06-02-2025 16:49:57.745,185,RECV,7E007D318100083502BB004E383036312D46545457F5
06-02-2025 16:49:57.746,186,RECV,7E007D318100042002E8004E343036312D4A4E395108
06-02-2025 16:49:57.798,187,RECV,7E007D318100073E028B004E373036302D5A3059463B
06-02-2025 16:49:57.798,188,RECV,7E007D318100031A02AC004E333036302D5353595A16
06-02-2025 16:49:57.798,189,RECV,7E007D318100083502BC004E383036322D3653375226
06-02-2025 16:49:57.798,190,RECV,7E007D318100041F02E9004E343036322D3857424E0A
06-02-2025 16:49:57.798,191,RECV,7E007D318100073E028C004E373036312D344B4D5343
06-02-2025 16:49:57.799,192,RECV,7E007D318100031A02AD004E333036312D495759551F
06-02-2025 16:49:57.799,193,RECV,7E007D318100041F02EA004E343036332D57385155F2
06-02-2025 16:49:57.848,194,RECV,7E007D318100073E028D004E373036322D465A574227
06-02-2025 16:49:57.889,195,RECV,7E007D318100083502BE004E383036342D4B444A4219
06-02-2025 16:49:57.895,196,RECV,7E007D318100031A02AE004E333036322D574E355839
06-02-2025 16:49:57.895,197,RECV,7E007D318100041F02EB004E343036342D3438444530
06-02-2025 16:49:57.895,198,RECV,7E007D318100083502BF004E383036352D4643314731
06-02-2025 16:49:57.895,199,RECV,7E007D318100031A02AF004E333036332D4248345853
06-02-2025 16:49:57.898,200,RECV,7E007D318100042002EC004E343036352D5A37325807
06-02-2025 16:49:57.898,201,RECV,7E007D318100083502C0004E383036362D5A534E5ADB
06-02-2025 16:49:57.898,202,RECV,7E007D318100031A02B0004E333036342D4C574A3149
06-02-2025 16:49:57.898,203,RECV,7E007D318100042002ED004E343036362D3439504320
06-02-2025 16:49:57.948,204,RECV,7E007D318100083502C1004E383036372D464D5748FC
06-02-2025 16:49:57.948,205,RECV,7E007D318100073E0290004E373036352D35355A484E
06-02-2025 16:49:57.948,206,RECV,7E007D318100031A02B1004E333036352D385A36524B
06-02-2025 16:49:57.948,207,RECV,7E007D318100042002EE004E343036372D4733395615
06-02-2025 16:49:57.989,208,RECV,7E007D318100083402C2004E383036382D384A384F24
06-02-2025 16:49:58.043,209,RECV,7E007D318100073D0291004E373036362D514F57441E
06-02-2025 16:49:58.053,210,RECV,7E007D318100031A02B2004E333036362D4133363881
06-02-2025 16:49:58.053,211,RECV,7E007D318100041F02EF004E343036382D3935483334
06-02-2025 16:49:58.053,212,RECV,7E007D318100083402C3004E383036392D5748394A09
06-02-2025 16:49:58.053,213,RECV,7E007D318100073E0292004E373036372D3235594452
06-02-2025 16:49:58.053,214,RECV,7E007D318100031A02B3004E333036372D33464D504B
06-02-2025 16:49:58.053,215,RECV,7E007D318100041F02F0004E343036392D53324D4AFF
06-02-2025 16:49:58.053,216,RECV,7E007D318100083502C4004E383037302D4339583825
06-02-2025 16:49:58.053,217,RECV,7E007D318100073D0293004E373036382D313356415A
06-02-2025 16:49:58.053,218,RECV,7E007D318100031A02B4004E333036382D4646323170
06-02-2025 16:49:58.053,219,RECV,7E007D318100041F02F1004E343037302D34554D4309
06-02-2025 16:49:58.098,220,RECV,7E007D318100083402C5004E383037312D574F363222
06-02-2025 16:49:58.099,221,RECV,7E007D318100073E0294004E373036392D4353375134
06-02-2025 16:49:58.099,222,RECV,7E007D318100031A02B5004E333036392D564252482B
06-02-2025 16:49:58.099,223,RECV,7E007D318100041F02F2004E343037312D43304E4A15
06-02-2025 16:49:58.149,224,RECV,7E007D318100083402C6004E383037322D3745533827
06-02-2025 16:49:58.182,225,RECV,7E007D318100073E0295004E373037302D4E514B412E
06-02-2025 16:49:58.182,226,RECV,7E007D318100031A02B6004E333037302D32395A5847
06-02-2025 16:49:58.182,227,RECV,7E007D318100041F02F3004E343037322D31594C3315
06-02-2025 16:49:58.183,228,RECV,7E007D318100083502C7004E383037332D565536397D31
06-02-2025 16:49:58.183,229,RECV,7E007D318100073D0296004E373037312D504F563231
06-02-2025 16:49:58.183,230,RECV,7E007D318100031A02B7004E333037312D3341374B6C
06-02-2025 16:49:58.183,231,RECV,7E007D318100041F02F4004E343037332D41475543FC
06-02-2025 16:49:58.199,232,RECV,7E007D318100083502C8004E383037342D4B485647F9
06-02-2025 16:49:58.222,233,RECV,7E007D318100073E0297004E373037322D374F415836
06-02-2025 16:49:58.222,234,RECV,7E007D318100031A02B8004E333037322D4E41323867
06-02-2025 16:49:58.222,235,RECV,7E007D318100041F02F5004E343037342D3347334A23
06-02-2025 16:49:58.222,236,RECV,7E007D318100083502C9004E383037352D595837350A
06-02-2025 16:49:58.222,237,RECV,7E007D318100073D0298004E373037332D354F443854
06-02-2025 16:49:58.231,238,RECV,7E007D318100031A02B9004E333037332D5039375549
06-02-2025 16:49:58.231,239,RECV,7E007D318100041F02F6004E343037352D5844304804
06-02-2025 16:49:58.249,240,RECV,7E007D318100083502CA004E383037362D584A424DF4
06-02-2025 16:49:58.259,241,RECV,7E007D318100073E0299004E373037342D5034433852
06-02-2025 16:49:58.260,242,RECV,7E007D318100031A02BA004E333037342D4142504841
06-02-2025 16:49:58.260,243,RECV,7E007D318100041F02F7004E343037362D5A565A55B7
06-02-2025 16:49:58.299,244,RECV,7E007D318100083502CB004E383037372D4836573816
06-02-2025 16:49:58.342,245,RECV,7E007D318100073E029A004E373037352D3046304168
06-02-2025 16:49:58.342,246,RECV,7E007D318100031A02BB004E333037352D5034465838
06-02-2025 16:49:58.342,247,RECV,7E007D318100041F02F8004E343037372D455231321A
06-02-2025 16:49:58.342,248,RECV,7E007D318100083402CC004E383037382D5153514CE1
06-02-2025 16:49:58.349,249,RECV,7E007D318100073D029B004E373037362D394E314E48
06-02-2025 16:49:58.369,250,RECV,7E007D318100031902BC004E333037362D4347565722
06-02-2025 16:49:58.369,251,RECV,7E007D318100083502CD004E383037392D314B304B28
06-02-2025 16:49:58.370,252,RECV,7E007D318100073D029C004E373037372D364A515625
06-02-2025 16:49:58.370,253,RECV,7E007D318100031A02BD004E333037372D4F58485017
06-02-2025 16:49:58.399,254,RECV,7E007D318100083402CE004E383038302D363749571A
06-02-2025 16:49:58.450,255,RECV,7E007D318100073E029D004E373037382D3339305A53
06-02-2025 16:49:58.497,256,RECV,7E007D318100041F02FB004E343038302D48464E41FA
06-02-2025 16:49:58.497,257,RECV,7E007D318100031A02BE004E333037382D564658332D
06-02-2025 16:49:58.497,258,RECV,7E007D318100083402CF004E383038312D5048393123
06-02-2025 16:49:58.497,259,RECV,7E007D318100073D029E004E373037392D3758554D17
06-02-2025 16:49:58.498,260,RECV,7E007D318100042002FC004E343038312D52355838FD
06-02-2025 16:49:58.498,261,RECV,7E007D318100031A02BF004E333037392D4550425922
06-02-2025 16:49:58.498,262,RECV,7E007D318100083402D0004E383038322D44354C302E
06-02-2025 16:49:58.499,263,RECV,7E007D318100073D029F004E373038302D5647383248
06-02-2025 16:49:58.499,264,RECV,7E007D318100041F02FD004E343038322D35364C3527
06-02-2025 16:49:58.500,265,RECV,7E007D318100031A02C0004E333038302D4B4249463D
06-02-2025 16:49:58.500,266,RECV,7E007D318100083402D1004E383038332D31454F5408
06-02-2025 16:49:58.550,267,RECV,7E007D318100042002FE004E343038332D51363856FB
06-02-2025 16:49:58.550,268,RECV,7E007D318100031A02C1004E333038312D323643525A
06-02-2025 16:49:58.550,269,RECV,7E007D318100083402D2004E383038342D51555051D8
06-02-2025 16:49:58.550,270,RECV,7E007D318100042002FF004E343038342D46444A300A
06-02-2025 16:49:58.550,271,RECV,7E007D318100031A02C2004E333038322D3330465953
06-02-2025 16:49:58.600,272,RECV,7E007D318100083402D3004E383038352D35585152ED
06-02-2025 16:49:58.652,273,RECV,7E007D31810004200201004E343038352D5349343704
06-02-2025 16:49:58.657,274,RECV,7E007D318100073D02A2004E373038332D505046441F
06-02-2025 16:49:58.657,275,RECV,7E007D318100031A02C3004E333038332D4D504F4B1C
06-02-2025 16:49:58.657,276,RECV,7E007D318100083502D4004E383038362D474A325007
06-02-2025 16:49:58.657,277,RECV,7E007D31810004200202004E343038362D3531365617
06-02-2025 16:49:58.657,278,RECV,7E007D318100073E02A3004E373038342D5635374341
06-02-2025 16:49:58.657,279,RECV,7E007D318100031A02C4004E333038342D475357362A
06-02-2025 16:49:58.657,280,RECV,7E007D318100083402D5004E383038372D50504C43EA
06-02-2025 16:49:58.700,281,RECV,7E007D31810004200203004E343038372D43565730E7
06-02-2025 16:49:58.700,282,RECV,7E007D318100073D02A4004E373038352D3037395451
06-02-2025 16:49:58.700,283,RECV,7E007D318100031A02C5004E333038352D464F4D313C
06-02-2025 16:49:58.700,284,RECV,7E007D318100083402D6004E383038382D51335A3603
06-02-2025 16:49:58.700,285,RECV,7E007D31810004200204004E343038382D4930324812
06-02-2025 16:49:58.700,286,RECV,7E007D318100073D02A5004E373038362D593853302F
06-02-2025 16:49:58.700,287,RECV,7E007D318100031A02C6004E333038362D5947303449
06-02-2025 16:49:58.700,288,RECV,7E007D318100083502D7004E383038392D56345659DB
06-02-2025 16:49:58.750,289,RECV,7E007D31810004200205004E343038392D394348310E
06-02-2025 16:49:58.810,290,RECV,7E007D318100073D02A6004E373038372D56585846F5
06-02-2025 16:49:58.817,291,RECV,7E007D318100031A02C7004E333038372D4C46443243
06-02-2025 16:49:58.818,292,RECV,7E007D318100083402D8004E383039302D4633343738
06-02-2025 16:49:58.818,293,RECV,7E007D318100041F0206004E343039302D57455A34E1
06-02-2025 16:49:58.818,294,RECV,7E007D318100073D02A7004E373038382D474D5A5100
06-02-2025 16:49:58.818,295,RECV,7E007D318100031A02C8004E333038382D483148592F
06-02-2025 16:49:58.818,296,RECV,7E007D318100083502D9004E383039312D383453500A
06-02-2025 16:49:58.818,297,RECV,7E007D318100041F0207004E343039312D56485A32DF
06-02-2025 16:49:58.818,298,RECV,7E007D318100073D02A8004E373038392D3734425040
06-02-2025 16:49:58.818,299,RECV,7E007D318100031A02C9004E333038392D383441306A
06-02-2025 16:49:58.818,300,RECV,7E007D318100083402DA004E383039322D4E394B4CFA
06-02-2025 16:49:58.850,301,RECV,7E007D318100041F0208004E343039322D3741344D0E
06-02-2025 16:49:58.850,302,RECV,7E007D318100073D02A9004E373039302D4239594828
06-02-2025 16:49:58.850,303,RECV,7E007D318100031A02CA004E333039302D4553464A26
06-02-2025 16:49:58.850,304,RECV,7E007D318100083402DB004E383039332D365937420E
06-02-2025 16:49:58.902,305,RECV,7E007D318100041F0209004E343039332D3149434EFA
06-02-2025 16:49:58.963,306,RECV,7E007D318100073D02AA004E373039312D314A35355D
06-02-2025 16:49:58.972,307,RECV,7E007D318100031A02CB004E333039312D4356504C17
06-02-2025 16:49:58.972,308,RECV,7E007D318100083402DC004E383039342D4932564EF5
06-02-2025 16:49:58.973,309,RECV,7E007D3181000420020A004E343039342D474D4841E5
06-02-2025 16:49:58.973,310,RECV,7E007D318100073D02AB004E373039322D4D55344C1E
06-02-2025 16:49:58.973,311,RECV,7E007D318100031A02CC004E333039322D45554E4B17
06-02-2025 16:49:58.973,312,RECV,7E007D3181000420020B004E343039352D39534B4DDC
06-02-2025 16:49:58.973,313,RECV,7E007D318100073D02AC004E373039332D4C524C490B
06-02-2025 16:49:58.973,314,RECV,7E007D318100031A02CD004E333039332D4A39493547
06-02-2025 16:49:59.001,315,RECV,7E007D318100041F020C004E343039362D4E4A354DE5
06-02-2025 16:49:59.001,316,RECV,7E007D318100073D02AD004E373039342D3843425629
06-02-2025 16:49:59.001,317,RECV,7E007D318100083402DF004E383039372D48335053F0
06-02-2025 16:49:59.001,318,RECV,7E007D318100031A02CE004E333039342D51515453FD
06-02-2025 16:49:59.011,319,RECV,7E007D318100041F020D004E343039372D474D454BD9
06-02-2025 16:49:59.011,320,RECV,7E007D318100073D02AE004E373039352D5947493120
06-02-2025 16:49:59.021,321,RECV,7E007D318100083402E0004E383039382D324B424C01
06-02-2025 16:49:59.022,322,RECV,7E007D318100031A02CF004E333039352D3551335338
06-02-2025 16:49:59.051,323,RECV,7E007D3181000420020E004E343039382D42513754DC
06-02-2025 16:49:59.051,324,RECV,7E007D318100073D02AF004E373039362D444A323840
06-02-2025 16:49:59.051,325,RECV,7E007D318100083402E1004E383039392D56573251DA
06-02-2025 16:49:59.051,326,RECV,7E007D318100031A02D0004E333039362D50565057F5
06-02-2025 16:49:59.101,327,RECV,7E007D318100041F020F004E343039392D3241504CEA
06-02-2025 16:49:59.110,328,RECV,7E007D318100073D02B0004E373039372D303644414B
06-02-2025 16:49:59.110,329,RECV,7E007D318100031A02D1004E333039372D3939365642
06-02-2025 16:49:59.151,330,RECV,7E007D318100073D02B1004E373039382D56424B3120
06-02-2025 16:49:59.153,331,RECV,7E007D318100031A02D2004E333039382D4156303641
06-02-2025 16:49:59.153,332,RECV,7E007D318100073D02B2004E373039392D4C4F433222
06-02-2025 16:49:59.201,333,RECV,7E007D318100031A02D3004E333039392D55524E4403
