06-26-2025 20:56:49.438,-,API2,"Sink 2,0013A20041839DCA,802.15.4 TH,2003,/dev/ttyUSB2 - 57600/8/M/1/N,1,46"

06-26-2025 20:55:29.184,0,RECV,7E000F8100052E024E353030302D30325652FF
06-26-2025 20:55:29.184,1,RECV,7E000F81000730024E373030302D54593856C8
06-26-2025 20:55:29.185,2,RECV,7E000F81000631024E363030302D584C4332EB
06-26-2025 20:55:29.434,3,RECV,7E000F8100052E024E353030312D51553753D8
06-26-2025 20:55:29.434,4,RECV,7E000F81000730024E373030312D584D4E30DF
06-26-2025 20:55:29.435,5,RECV,7E000F8100062E024E363030312D494C5448D5
06-26-2025 20:55:29.435,6,RECV,7E000F8100082F024E383030312D58534845C9
06-26-2025 20:55:29.684,7,RECV,7E000F8100052D024E353030322D394D4654E8
06-26-2025 20:55:29.685,8,RECV,7E000F81000732024E373030322D3632504FF8
06-26-2025 20:55:29.685,9,RECV,7E000F81000630024E363030322D354B4249F8
06-26-2025 20:55:29.685,10,RECV,7E000F8100082F024E383030322D4B424544EA
06-26-2025 20:55:29.935,11,RECV,7E000F8100052C024E353030332D4E46354EF1
06-26-2025 20:55:29.936,12,RECV,7E000F81000730024E373030332D384B3257F4
06-26-2025 20:55:29.936,13,RECV,7E000F81000632024E363030332D38533758E6
06-26-2025 20:55:29.936,14,RECV,7E000F81000832024E383030332D4947363006
06-26-2025 20:55:30.185,15,RECV,7E000F81000531024E353030342D354D484AEE
06-26-2025 20:55:30.186,16,RECV,7E000F81000735024E373030342D35575835E1
06-26-2025 20:55:30.186,17,RECV,7E000F81000633024E363030342D49315741EC
06-26-2025 20:55:30.186,18,RECV,7E000F81000834024E383030342D4445464BDF
06-26-2025 20:55:30.436,19,RECV,7E000F81000531024E353030352D58555652AC
06-26-2025 20:55:30.436,20,RECV,7E000F81000735024E373030352D4F425A57B7
06-26-2025 20:55:30.436,21,RECV,7E000F81000634024E363030352D5A345746D1
06-26-2025 20:55:30.436,22,RECV,7E000F81000834024E383030352D58474F30DA
06-26-2025 20:55:30.686,23,RECV,7E000F81000531024E353030362D445A5352BD
06-26-2025 20:55:30.686,24,RECV,7E000F81000735024E373030362D4348544ACF
06-26-2025 20:55:30.687,25,RECV,7E000F81000633024E363030362D52574C35D2
06-26-2025 20:55:30.687,26,RECV,7E000F81000833024E383030362D4F4D344EDA
06-26-2025 20:55:30.937,27,RECV,7E000F81000531024E353030372D4135344D08
06-26-2025 20:55:30.938,28,RECV,7E000F81000734024E373030372D36375A45EC
06-26-2025 20:55:30.938,29,RECV,7E000F81000633024E363030372D37455559D1
06-26-2025 20:55:30.938,30,RECV,7E000F81000833024E383030372D54595438BE
06-26-2025 20:55:31.189,31,RECV,7E000F8100052E024E353030382D5A315355CE
06-26-2025 20:55:31.190,32,RECV,7E000F81000734024E373030382D4548364EE6
06-26-2025 20:55:31.190,33,RECV,7E000F81000632024E363030382D445A5034D9
06-26-2025 20:55:31.190,34,RECV,7E000F81000832024E383030382D594B3951C9
06-26-2025 20:55:31.440,35,RECV,7E000F8100052F024E353030392D47465056CC
06-26-2025 20:55:31.440,36,RECV,7E000F81000733024E373030392D34574142E9
06-26-2025 20:55:31.440,37,RECV,7E000F81000631024E363030392D4F565959A4
06-26-2025 20:55:31.440,38,RECV,7E000F81000831024E383030392D47545739CC
06-26-2025 20:55:31.691,39,RECV,7E000F8100052E024E353031302D41473755F4
06-26-2025 20:55:31.691,40,RECV,7E000F81000734024E373031302D49454441EB
06-26-2025 20:55:31.691,41,RECV,7E000F81000630024E363031302D5352374EDA
06-26-2025 20:55:31.691,42,RECV,7E000F81000831024E383031302D39305149FC
06-26-2025 20:55:31.941,43,RECV,7E000F8100052E024E353031312D4A414736FF
06-26-2025 20:55:31.941,44,RECV,7E000F81000734024E373031312D4F55534FB7
06-26-2025 20:55:32.193,45,RECV,7E000F8100052F024E353031322D58465341D3
06-26-2025 20:55:32.193,46,RECV,7E000F81000733024E373031322D3633474FFE
06-26-2025 20:55:32.193,47,RECV,7E000F81000831024E383031322D54465834D7
06-26-2025 20:55:32.193,48,RECV,7E000F81000631024E363031322D4B464253DB
06-26-2025 20:55:32.445,49,RECV,7E000F8100052F024E353031332D48554554CE
06-26-2025 20:55:32.445,50,RECV,7E000F81000732024E373031332D59353546F4
06-26-2025 20:55:32.445,51,RECV,7E000F81000831024E383031332D494B5A53BB
06-26-2025 20:55:32.445,52,RECV,7E000F81000631024E363031332D47544146DE
06-26-2025 20:55:32.693,53,RECV,7E000F8100052F024E353031342D54433854E0
06-26-2025 20:55:32.695,54,RECV,7E000F81000733024E373031342D4E3136380E
06-26-2025 20:55:32.695,55,RECV,7E000F81000831024E383031342D5047414BD8
06-26-2025 20:55:32.695,56,RECV,7E000F81000631024E363031342D56425A4EBF
06-26-2025 20:55:32.944,57,RECV,7E000F8100052E024E353031352D464C3654E7
06-26-2025 20:55:32.944,58,RECV,7E000F81000731024E373031352D4E545648BC
06-26-2025 20:55:32.944,59,RECV,7E000F81000830024E383031352D323146351D
06-26-2025 20:55:32.944,60,RECV,7E000F81000630024E363031352D35455532FE
06-26-2025 20:55:33.194,61,RECV,7E000F8100052C024E353031362D5A345648D8
06-26-2025 20:55:33.195,62,RECV,7E000F81000830024E383031362D32534D57D1
06-26-2025 20:55:33.445,63,RECV,7E000F8100052C024E353031372D32594657DB
06-26-2025 20:55:33.445,64,RECV,7E000F81000830024E383031372D54584842C3
06-26-2025 20:55:33.445,65,RECV,7E000F81000731024E373031372D3037363825
06-26-2025 20:55:33.445,66,RECV,7E000F8100062F024E363031372D5346304CE9
06-26-2025 20:55:33.695,67,RECV,7E000F81000530024E353031382D49314649F5
06-26-2025 20:55:33.695,68,RECV,7E000F81000834024E383031382D37485737E7
06-26-2025 20:55:33.695,69,RECV,7E000F81000735024E373031382D44524B46CE
06-26-2025 20:55:33.695,70,RECV,7E000F81000633024E363031382D57505655A7
06-26-2025 20:55:33.946,71,RECV,7E000F81000531024E353031392D4A39384100
06-26-2025 20:55:33.946,72,RECV,7E000F81000834024E383031392D47484533EC
06-26-2025 20:55:33.946,73,RECV,7E000F81000735024E373031392D524A4F38D1
06-26-2025 20:55:33.946,74,RECV,7E000F81000634024E363031392D3347433604
06-26-2025 20:55:34.197,75,RECV,7E000F81000530024E353032302D544D3439F7
06-26-2025 20:55:34.198,76,RECV,7E000F81000834024E383032302D4A504A53C4
06-26-2025 20:55:34.198,77,RECV,7E000F81000735024E373032302D564D4148D0
06-26-2025 20:55:34.198,78,RECV,7E000F81000633024E363032302D3633314A1C
06-26-2025 20:55:34.449,79,RECV,7E000F81000530024E353032312D52344143FA
06-26-2025 20:55:34.451,80,RECV,7E000F81000834024E383032312D50524730E1
06-26-2025 20:55:34.451,81,RECV,7E000F81000734024E373032312D4A524C34E0
06-26-2025 20:55:34.451,82,RECV,7E000F81000633024E363032312D334147350F
06-26-2025 20:55:34.700,83,RECV,7E000F8100052F024E353032322D414D494CE1
06-26-2025 20:55:34.700,84,RECV,7E000F81000832024E383032322D594F5159A9
06-26-2025 20:55:34.700,85,RECV,7E000F81000733024E373032322D374D4D4AE1
06-26-2025 20:55:34.700,86,RECV,7E000F81000632024E363032322D464139300F
06-26-2025 20:55:34.950,87,RECV,7E000F8100052F024E353032332D4255344FE9
06-26-2025 20:55:34.950,88,RECV,7E000F81000831024E383032332D4C334639FD
06-26-2025 20:55:34.950,89,RECV,7E000F81000733024E373032332D5A434933E2
06-26-2025 20:55:34.950,90,RECV,7E000F81000631024E363032332D43504C33ED
06-26-2025 20:55:35.201,91,RECV,7E000F8100052E024E353032342D3634364D16
06-26-2025 20:55:35.201,92,RECV,7E000F81000831024E383032342D33374A3016
06-26-2025 20:55:35.201,93,RECV,7E000F81000732024E373032342D4A525A4DB8
06-26-2025 20:55:35.201,94,RECV,7E000F81000631024E363032342D36364658F4
06-26-2025 20:55:35.451,95,RECV,7E000F8100052E024E353032352D563338340D
06-26-2025 20:55:35.451,96,RECV,7E000F81000831024E383032352D32485353D9
06-26-2025 20:55:35.451,97,RECV,7E000F81000732024E373032352D50444B43D8
06-26-2025 20:55:35.461,98,RECV,7E000F81000631024E363032352D454C4156D5
06-26-2025 20:55:35.702,99,RECV,7E000F8100052D024E353032362D4F4C4337ED
06-26-2025 20:55:35.702,100,RECV,7E000F81000830024E383032362D374B4B49E3
06-26-2025 20:55:35.702,101,RECV,7E000F81000731024E373032362D48564E56B8
06-26-2025 20:55:35.702,102,RECV,7E000F81000631024E363032362D31384159F9
06-26-2025 20:55:35.952,103,RECV,7E000F8100052F024E353032372D584E4134E4
06-26-2025 20:55:35.952,104,RECV,7E000F81000831024E383032372D4E5A3232EB
06-26-2025 20:55:35.952,105,RECV,7E000F81000731024E373032372D51363352ED
06-26-2025 20:55:35.952,106,RECV,7E000F81000630024E363032372D31534849E7
06-26-2025 20:55:36.203,107,RECV,7E000F8100052E024E353032382D434C4D38EB
06-26-2025 20:55:36.203,108,RECV,7E000F81000832024E383032382D48584C52B7
06-26-2025 20:55:36.203,109,RECV,7E000F81000732024E373032382D59555A46A9
06-26-2025 20:55:36.253,110,RECV,7E000F81000630024E363032382D474B4B4BD3
06-26-2025 20:55:36.453,111,RECV,7E000F8100052E024E353032392D51335558CD
06-26-2025 20:55:36.453,112,RECV,7E000F81000831024E383032392D4756454AC9
06-26-2025 20:55:36.453,113,RECV,7E000F81000733024E373032392D4B344932FB
06-26-2025 20:55:36.463,114,RECV,7E000F81000631024E363032392D55425A45C3
06-26-2025 20:55:36.703,115,RECV,7E000F8100052D024E353033302D4B493654E9
06-26-2025 20:55:36.703,116,RECV,7E000F81000831024E383033302D3754333708
06-26-2025 20:55:36.704,117,RECV,7E000F81000733024E373033302D58343753E7
06-26-2025 20:55:36.704,118,RECV,7E000F81000631024E363033302D474732320F
06-26-2025 20:55:36.954,119,RECV,7E000F8100052E024E353033312D30354C351F
06-26-2025 20:55:36.954,120,RECV,7E000F81000830024E383033312D454E5539DC
06-26-2025 20:55:36.954,121,RECV,7E000F81000731024E373033312D5843454FCF
06-26-2025 20:55:37.004,122,RECV,7E000F81000630024E363033312D4959554BBF
06-26-2025 20:55:37.204,123,RECV,7E000F81000831024E383033322D433234450D
06-26-2025 20:55:37.204,124,RECV,7E000F8100052E024E353033322D38495359D7
06-26-2025 20:55:37.204,125,RECV,7E000F81000731024E373033322D4849333306
06-26-2025 20:55:37.255,126,RECV,7E000F81000630024E363033322D42584F57C0
06-26-2025 20:55:37.455,127,RECV,7E000F81000831024E383033332D4F4F5250BA
06-26-2025 20:55:37.455,128,RECV,7E000F8100052F024E353033332D55415237E3
06-26-2025 20:55:37.455,129,RECV,7E000F81000732024E373033332D32483857F2
06-26-2025 20:55:37.475,130,RECV,7E000F81000630024E363033332D4538564DDF
06-26-2025 20:55:37.705,131,RECV,7E000F81000830024E383033342D31374752F9
06-26-2025 20:55:37.705,132,RECV,7E000F8100052E024E353033342D584E4946CD
06-26-2025 20:55:37.715,133,RECV,7E000F81000732024E373033342D4A32373710
06-26-2025 20:55:37.716,134,RECV,7E000F81000630024E363033342D4651375AD6
06-26-2025 20:55:37.956,135,RECV,7E000F81000832024E383033352D30335356EB
06-26-2025 20:55:37.956,136,RECV,7E000F8100052F024E353033352D4549384FEB
06-26-2025 20:55:37.956,137,RECV,7E000F81000733024E373033352D4354524AC5
06-26-2025 20:55:38.006,138,RECV,7E000F81000632024E363033352D4A464659CC
06-26-2025 20:55:38.206,139,RECV,7E000F81000831024E383033362D55524630DA
06-26-2025 20:55:38.209,140,RECV,7E000F8100052E024E353033362D4A4A5148D3
06-26-2025 20:55:38.209,141,RECV,7E000F81000732024E373033362D5A594D4DAB
06-26-2025 20:55:38.256,142,RECV,7E000F8100062F024E363033362D30533648FC
06-26-2025 20:55:38.456,143,RECV,7E000F81000830024E383033372D484B303301
06-26-2025 20:55:38.456,144,RECV,7E000F8100052E024E353033372D4453444FD5
06-26-2025 20:55:38.506,145,RECV,7E000F81000732024E373033372D51444B37E0
06-26-2025 20:55:38.507,146,RECV,7E000F81000632024E363033372D3133415400
06-26-2025 20:55:38.707,147,RECV,7E000F81000831024E383033382D4A4D4B4FC4
06-26-2025 20:55:38.707,148,RECV,7E000F8100052E024E353033382D574D4150C9
06-26-2025 20:55:38.717,149,RECV,7E000F81000733024E373033382D4C463536F8
06-26-2025 20:55:38.717,150,RECV,7E000F81000632024E363033382D4237334FFD
06-26-2025 20:55:38.957,151,RECV,7E000F81000833024E383033392D4A4C3643E3
06-26-2025 20:55:38.957,152,RECV,7E000F81000530024E353033392D51445541D0
06-26-2025 20:55:38.957,153,RECV,7E000F81000734024E373033392D4C4D5130D9
06-26-2025 20:55:39.007,154,RECV,7E000F81000632024E363033392D4E30364CF7
06-26-2025 20:55:39.208,155,RECV,7E000F81000833024E383034302D42523143F2
06-26-2025 20:55:39.208,156,RECV,7E000F81000530024E353034302D5431514CE1
06-26-2025 20:55:39.258,157,RECV,7E000F81000734024E373034302D4F514853C0
06-26-2025 20:55:39.258,158,RECV,7E000F81000632024E363034302D33505A46DC
06-26-2025 20:55:39.458,159,RECV,7E000F81000833024E383034312D36465654D3
06-26-2025 20:55:39.459,160,RECV,7E000F81000530024E353034312D55525735CF
06-26-2025 20:55:39.508,161,RECV,7E000F81000733024E373034312D44445732EA
06-26-2025 20:55:39.513,162,RECV,7E000F81000632024E363034312D5953514AB7
06-26-2025 20:55:39.709,163,RECV,7E000F8100082F024E383034322D4A30453805
06-26-2025 20:55:39.709,164,RECV,7E000F8100052D024E353034322D3930325316
06-26-2025 20:55:39.729,165,RECV,7E000F81000730024E373034322D4A4B3633FF
06-26-2025 20:55:39.732,166,RECV,7E000F81000633024E363034322D4F513039F3
06-26-2025 20:55:39.959,167,RECV,7E000F81000831024E383034332D4A4F4B52C3
06-26-2025 20:55:39.959,168,RECV,7E000F81000530024E353034332D3250353712
06-26-2025 20:55:40.009,169,RECV,7E000F81000731024E373034332D374E384DF1
06-26-2025 20:55:40.009,170,RECV,7E000F8100062F024E363034332D5944414ED3
06-26-2025 20:55:40.210,171,RECV,7E000F8100082E024E383034342D584F3045DF
06-26-2025 20:55:40.210,172,RECV,7E000F8100052C024E353034342D44464D36F6
06-26-2025 20:55:40.260,173,RECV,7E000F81000730024E373034342D55535845B6
06-26-2025 20:55:40.260,174,RECV,7E000F8100062E024E363034342D58574D4FB4
06-26-2025 20:55:40.460,175,RECV,7E000F81000833024E383034352D44465230E9
06-26-2025 20:55:40.460,176,RECV,7E000F8100052C024E353034352D33305256F7
06-26-2025 20:55:40.510,177,RECV,7E000F81000730024E373034352D31574634F8
06-26-2025 20:55:40.510,178,RECV,7E000F8100062F024E363034352D5437333708
06-26-2025 20:55:40.710,179,RECV,7E000F8100082E024E383034362D36385A36FB
06-26-2025 20:55:40.711,180,RECV,7E000F81000530024E353034362D3547594FD9
06-26-2025 20:55:40.761,181,RECV,7E000F81000730024E373034362D57423239F5
06-26-2025 20:55:40.765,182,RECV,7E000F8100062E024E363034362D45574D56BE
06-26-2025 20:55:40.961,183,RECV,7E000F8100082F024E383034372D32334750FB
06-26-2025 20:55:40.961,184,RECV,7E000F8100052C024E353034372D50543157D4
06-26-2025 20:55:41.011,185,RECV,7E000F81000730024E373034372D37575841D1
06-26-2025 20:55:41.011,186,RECV,7E000F8100062F024E363034372D5A56334DCB
06-26-2025 20:55:41.211,187,RECV,7E000F8100082F024E383034382D5A4A4C58AE
06-26-2025 20:55:41.261,188,RECV,7E000F81000730024E373034382D4639484DE3
06-26-2025 20:55:41.262,189,RECV,7E000F8100062F024E363034382D5935333207
06-26-2025 20:55:41.465,190,RECV,7E000F81000830024E383034392D4535483002
06-26-2025 20:55:41.467,191,RECV,7E000F8100052D024E353034392D53523342E3
06-26-2025 20:55:41.485,192,RECV,7E000F81000730024E373034392D59465550B2
06-26-2025 20:55:41.486,193,RECV,7E000F8100062F024E363034392D49374352E4
06-26-2025 20:55:41.715,194,RECV,7E000F8100082F024E383035302D47305046F0
06-26-2025 20:55:41.715,195,RECV,7E000F8100052D024E353035302D38504746F0
06-26-2025 20:55:41.765,196,RECV,7E000F81000731024E373035302D544D3848DC
06-26-2025 20:55:41.780,197,RECV,7E000F81000630024E363035302D38534F42E4
06-26-2025 20:55:41.965,198,RECV,7E000F81000830024E383035312D4E4E5A30D5
06-26-2025 20:55:41.965,199,RECV,7E000F8100052D024E353035312D4D36495ADE
06-26-2025 20:55:42.015,200,RECV,7E000F81000731024E373035312D4339494BEC
06-26-2025 20:55:42.015,201,RECV,7E000F81000630024E363035312D4D573048E3
06-26-2025 20:55:42.216,202,RECV,7E000F81000830024E383035322D524E5638CC
06-26-2025 20:55:42.216,203,RECV,7E000F8100052D024E353035322D5A534E30D8
06-26-2025 20:55:42.266,204,RECV,7E000F81000732024E373035322D4734324607
06-26-2025 20:55:42.266,205,RECV,7E000F81000630024E363035322D575A494CB8
06-26-2025 20:55:42.466,206,RECV,7E000F81000831024E383035332D53435034DE
06-26-2025 20:55:42.466,207,RECV,7E000F8100052E024E353035332D4B334B39FF
06-26-2025 20:55:42.516,208,RECV,7E000F81000731024E373035332D50483050E2
06-26-2025 20:55:42.516,209,RECV,7E000F81000630024E363035332D53395059C8
06-26-2025 20:55:42.716,210,RECV,7E000F81000831024E383035342D37335756E0
06-26-2025 20:55:42.717,211,RECV,7E000F8100052E024E353035342D35545442E1
06-26-2025 20:55:42.767,212,RECV,7E000F81000732024E373035342D54465659AF
06-26-2025 20:55:42.767,213,RECV,7E000F81000630024E363035342D54314E43E6
06-26-2025 20:55:42.967,214,RECV,7E000F81000832024E383035352D4135373612
06-26-2025 20:55:42.967,215,RECV,7E000F8100052E024E353035352D35394658F3
06-26-2025 20:55:43.017,216,RECV,7E000F81000732024E373035352D4B434C30ED
06-26-2025 20:55:43.018,217,RECV,7E000F81000631024E363035352D59305943D5
06-26-2025 20:55:43.218,218,RECV,7E000F81000831024E383035362D51433435F8
06-26-2025 20:55:43.218,219,RECV,7E000F8100052E024E353035362D49464E4DD4
06-26-2025 20:55:43.268,220,RECV,7E000F81000631024E363035362D4156544FBF
06-26-2025 20:55:43.469,221,RECV,7E000F81000832024E383035372D314A5A38E6
06-26-2025 20:55:43.469,222,RECV,7E000F8100052E024E353035372D56513656CA
06-26-2025 20:55:43.519,223,RECV,7E000F81000732024E373035372D4D424E57C1
06-26-2025 20:55:43.519,224,RECV,7E000F81000631024E363035372D4334394503
06-26-2025 20:55:43.719,225,RECV,7E000F81000832024E383035382D50455047C6
06-26-2025 20:55:43.719,226,RECV,7E000F8100052F024E353035382D514A574CBD
06-26-2025 20:55:43.769,227,RECV,7E000F81000732024E373035382D47414E4DD1
06-26-2025 20:55:43.769,228,RECV,7E000F81000632024E363035382D494D5151BE
06-26-2025 20:55:43.970,229,RECV,7E000F81000833024E383035392D474F5A51AF
06-26-2025 20:55:43.970,230,RECV,7E000F81000530024E353035392D564F5A57A3
06-26-2025 20:55:44.020,231,RECV,7E000F81000733024E373035392D4F573339E0
06-26-2025 20:55:44.020,232,RECV,7E000F81000632024E363035392D59584D4EA9
06-26-2025 20:55:44.220,233,RECV,7E000F81000832024E383036302D3142305600
06-26-2025 20:55:44.220,234,RECV,7E000F81000530024E353036302D4A4B5355C4
06-26-2025 20:55:44.270,235,RECV,7E000F81000733024E373036302D50373859E2
06-26-2025 20:55:44.270,236,RECV,7E000F81000632024E363036302D50365442E1
06-26-2025 20:55:44.471,237,RECV,7E000F81000832024E383036312D30534C4FDA
06-26-2025 20:55:44.471,238,RECV,7E000F8100052F024E353036312D37435938F6
06-26-2025 20:55:44.521,239,RECV,7E000F81000734024E373036312D4B4E4B4EC6
06-26-2025 20:55:44.521,240,RECV,7E000F81000633024E363036312D42584634E7
06-26-2025 20:55:44.721,241,RECV,7E000F81000833024E383036322D4C4D5458B1
06-26-2025 20:55:44.731,242,RECV,7E000F81000531024E353036322D464338310C
06-26-2025 20:55:44.771,243,RECV,7E000F81000735024E373036322D59463742DE
06-26-2025 20:55:44.771,244,RECV,7E000F81000633024E363036322D53345441DE
06-26-2025 20:55:44.971,245,RECV,7E000F81000834024E383036332D4D4D4545D0
06-26-2025 20:55:44.972,246,RECV,7E000F81000530024E353036332D345A5643D7
06-26-2025 20:55:45.022,247,RECV,7E000F81000733024E373036332D424A5244D5
06-26-2025 20:55:45.022,248,RECV,7E000F81000633024E363036332D4F35544ED3
06-26-2025 20:55:45.222,249,RECV,7E000F81000832024E383036342D49525539CC
06-26-2025 20:55:45.273,250,RECV,7E000F81000735024E373036342D304F4847E6
06-26-2025 20:55:45.273,251,RECV,7E000F81000634024E363036342D4458514CBE
06-26-2025 20:55:45.473,252,RECV,7E000F81000834024E383036352D54544E4BB1
06-26-2025 20:55:45.523,253,RECV,7E000F81000530024E353036352D39544257D6
06-26-2025 20:55:45.524,254,RECV,7E000F81000732024E373036352D4D495657B3
06-26-2025 20:55:45.524,255,RECV,7E000F81000630024E363036352D54363859DF
06-26-2025 20:55:45.724,256,RECV,7E000F81000830024E383036362D49554157BF
06-26-2025 20:55:45.734,257,RECV,7E000F81000530024E353036362D444335310E
06-26-2025 20:55:45.774,258,RECV,7E000F81000731024E373036362D48494753CB
06-26-2025 20:55:45.774,259,RECV,7E000F8100062F024E363036362D51483749E1
06-26-2025 20:55:45.974,260,RECV,7E000F81000830024E383036372D4D493244E8
06-26-2025 20:55:45.974,261,RECV,7E000F8100052F024E353036372D44595353B8
06-26-2025 20:55:46.024,262,RECV,7E000F81000631024E363036372D3244314D03
06-26-2025 20:55:46.225,263,RECV,7E000F8100082E024E383036382D34474157E2
06-26-2025 20:55:46.275,264,RECV,7E000F8100052C024E353036382D42375352DF
06-26-2025 20:55:46.275,265,RECV,7E000F81000730024E373036382D47484E38E0
06-26-2025 20:55:46.275,266,RECV,7E000F8100062E024E363036382D474A4B54C9
06-26-2025 20:55:46.475,267,RECV,7E000F8100082E024E383036392D43493852DE
06-26-2025 20:55:46.485,268,RECV,7E000F8100052C024E353036392D33334B5AF1
06-26-2025 20:55:46.525,269,RECV,7E000F81000731024E373036392D4956394ECD
06-26-2025 20:55:46.525,270,RECV,7E000F8100062E024E363036392D4E563842DA
06-26-2025 20:55:46.726,271,RECV,7E000F8100082E024E383037302D47594F55B8
06-26-2025 20:55:46.726,272,RECV,7E000F8100052B024E353037302D4248595AC8
06-26-2025 20:55:46.776,273,RECV,7E000F81000730024E373037302D41515846CC
06-26-2025 20:55:46.778,274,RECV,7E000F8100062E024E363037302D4237414BFB
06-26-2025 20:55:46.976,275,RECV,7E000F8100082F024E383037312D31504E34F7
06-26-2025 20:55:47.026,276,RECV,7E000F8100052F024E353037312D53475134E1
06-26-2025 20:55:47.026,277,RECV,7E000F8100072F024E373037312D4A473759DB
06-26-2025 20:55:47.026,278,RECV,7E000F8100062E024E363037312D434C4754D5
06-26-2025 20:55:47.227,279,RECV,7E000F8100082F024E383037322D56585144B6
06-26-2025 20:55:47.277,280,RECV,7E000F8100052C024E353037322D59375049D9
06-26-2025 20:55:47.278,281,RECV,7E000F8100072F024E373037322D4238394602
06-26-2025 20:55:47.278,282,RECV,7E000F8100062E024E363037322D4449374FEB
06-26-2025 20:55:47.478,283,RECV,7E000F8100082F024E383037332D325A5A42D0
06-26-2025 20:55:47.498,284,RECV,7E000F8100052C024E353037332D4F4A5731E0
06-26-2025 20:55:47.528,285,RECV,7E000F81000730024E373037332D5246524AC5
06-26-2025 20:55:47.531,286,RECV,7E000F8100062F024E363037332D554C4543D3
06-26-2025 20:55:47.728,287,RECV,7E000F8100082F024E383037342D524C4134E4
06-26-2025 20:55:47.779,288,RECV,7E000F8100052D024E353037342D59323244FE
06-26-2025 20:55:47.779,289,RECV,7E000F81000730024E373037342D5238344CEE
06-26-2025 20:55:47.779,290,RECV,7E000F8100062E024E363037342D414A393602
06-26-2025 20:55:47.979,291,RECV,7E000F8100082F024E383037352D464E5838D2
06-26-2025 20:55:48.029,292,RECV,7E000F8100052C024E353037352D53513333F5
06-26-2025 20:55:48.029,293,RECV,7E000F81000730024E373037352D4C4C3259D4
06-26-2025 20:55:48.029,294,RECV,7E000F8100062F024E363037352D54344450DE
06-26-2025 20:55:48.229,295,RECV,7E000F8100082F024E383037362D535A5435BF
06-26-2025 20:55:48.280,296,RECV,7E000F8100052C024E353037362D51435254C4
06-26-2025 20:55:48.280,297,RECV,7E000F81000730024E373037362D443132301F
06-26-2025 20:55:48.280,298,RECV,7E000F8100062E024E363037362D53344832F9
06-26-2025 20:55:48.482,299,RECV,7E000F8100082F024E383037372D5A423839E7
06-26-2025 20:55:48.482,300,RECV,7E000F81000530024E353037372D4437454BEE
06-26-2025 20:55:48.532,301,RECV,7E000F81000735024E373037372D46505746BD
06-26-2025 20:55:48.533,302,RECV,7E000F81000634024E363037372D4F4D4C38D3
06-26-2025 20:55:48.733,303,RECV,7E000F81000834024E383037382D38564530EB
06-26-2025 20:55:48.783,304,RECV,7E000F81000530024E353037382D4F324634FD
06-26-2025 20:55:48.784,305,RECV,7E000F81000734024E373037382D44484E38DE
06-26-2025 20:55:48.793,306,RECV,7E000F81000633024E363037382D48423850E1
06-26-2025 20:55:48.953,307,RECV,7E000F81000834024E383037392D43554355BD
06-26-2025 20:55:49.033,308,RECV,7E000F81000531024E353037392D43525237D8
06-26-2025 20:55:49.047,309,RECV,7E000F81000735024E373037392D415A5453AC
06-26-2025 20:55:49.048,310,RECV,7E000F81000634024E363037392D35564744DB
06-26-2025 20:55:49.234,311,RECV,7E000F81000833024E383038302D524B4541D3
06-26-2025 20:55:49.254,312,RECV,7E000F81000530024E353038302D4D45343306
06-26-2025 20:55:49.284,313,RECV,7E000F81000734024E373038302D4A493259D9
06-26-2025 20:55:49.284,314,RECV,7E000F81000633024E363038302D50584153BE
06-26-2025 20:55:49.484,315,RECV,7E000F81000833024E383038312D51514747C5
06-26-2025 20:55:49.534,316,RECV,7E000F81000530024E353038312D3957393203
06-26-2025 20:55:49.534,317,RECV,7E000F81000734024E373038312D45325030FF
06-26-2025 20:55:49.584,318,RECV,7E000F81000632024E363038312D57594C4FAF
06-26-2025 20:55:49.717,319,RECV,7E000F81000832024E383038322D59555733BD
06-26-2025 20:55:49.785,320,RECV,7E000F81000530024E353038322D4E363158F0
06-26-2025 20:55:49.795,321,RECV,7E000F81000733024E373038322D49444658CB
06-26-2025 20:55:49.795,322,RECV,7E000F81000632024E363038322D41505A5AB4
06-26-2025 20:55:49.985,323,RECV,7E000F81000832024E383038332D474A534DC3
06-26-2025 20:55:50.005,324,RECV,7E000F8100052F024E353038332D31484956E5
06-26-2025 20:55:50.035,325,RECV,7E000F81000733024E373038332D3832434AFE
06-26-2025 20:55:50.035,326,RECV,7E000F81000631024E363038332D5A4E4746C4
06-26-2025 20:55:50.235,327,RECV,7E000F81000830024E383038342D4834514ADE
06-26-2025 20:55:50.285,328,RECV,7E000F8100052E024E353038342D31595341DF
06-26-2025 20:55:50.286,329,RECV,7E000F81000732024E373038342D4A583949D1
06-26-2025 20:55:50.336,330,RECV,7E000F81000630024E363038342D3733353921
06-26-2025 20:55:50.456,331,RECV,7E000F81000830024E383038352D52574946BC
06-26-2025 20:55:50.536,332,RECV,7E000F8100052D024E353038352D4F48554DC4
06-26-2025 20:55:50.536,333,RECV,7E000F81000731024E373038352D51554453B8
06-26-2025 20:55:50.546,334,RECV,7E000F81000630024E363038352D413436311C
06-26-2025 20:55:50.737,335,RECV,7E000F8100082F024E383038362D57515044B8
06-26-2025 20:55:50.787,336,RECV,7E000F8100052C024E353038362D34515959C6
06-26-2025 20:55:50.787,337,RECV,7E000F81000730024E373038362D4D4E485AB8
06-26-2025 20:55:50.787,338,RECV,7E000F8100062F024E363038362D47533455D5
06-26-2025 20:55:50.987,339,RECV,7E000F8100082F024E383038372D515A3930DF
06-26-2025 20:55:51.037,340,RECV,7E000F8100052C024E353038372D514A5950B8
06-26-2025 20:55:51.037,341,RECV,7E000F81000730024E373038372D4C4C5147C4
06-26-2025 20:55:51.087,342,RECV,7E000F8100062E024E363038372D47494D47D4
06-26-2025 20:55:51.218,343,RECV,7E000F8100082F024E383038382D53384D54C6
06-26-2025 20:55:51.288,344,RECV,7E000F8100052C024E353038382D58363444F5
06-26-2025 20:55:51.288,345,RECV,7E000F81000730024E373038382D4F334D33F1
06-26-2025 20:55:51.338,346,RECV,7E000F8100062E024E363038382D454C4E55C3
06-26-2025 20:55:51.488,347,RECV,7E000F8100082E024E383038392D52354539ED
06-26-2025 20:55:51.538,348,RECV,7E000F8100052C024E353038392D4348384DEA
06-26-2025 20:55:51.538,349,RECV,7E000F81000730024E373038392D37425547DD
06-26-2025 20:55:51.558,350,RECV,7E000F8100062E024E363038392D41434154DD
06-26-2025 20:55:51.739,351,RECV,7E000F8100082F024E383039302D4E4F5451B7
06-26-2025 20:55:51.789,352,RECV,7E000F81000530024E353039302D35445855D8
06-26-2025 20:55:51.800,353,RECV,7E000F81000734024E373039302D55573846CC
06-26-2025 20:55:51.802,354,RECV,7E000F81000633024E363039302D54424838E3
06-26-2025 20:55:51.939,355,RECV,7E000F81000833024E383039312D39454C56D4
06-26-2025 20:55:52.039,356,RECV,7E000F81000530024E353039312D3932483614
06-26-2025 20:55:52.039,357,RECV,7E000F81000734024E373039312D454C3945E6
06-26-2025 20:55:52.089,358,RECV,7E000F81000633024E363039312D4E485035DD
06-26-2025 20:55:52.240,359,RECV,7E000F81000832024E383039322D3331324B7D33
06-26-2025 20:55:52.289,360,RECV,7E000F8100052F024E353039322D4F415936DE
06-26-2025 20:55:52.290,361,RECV,7E000F81000734024E373039322D4A38474DDE
06-26-2025 20:55:52.340,362,RECV,7E000F81000632024E363039322D31475654D6
06-26-2025 20:55:52.490,363,RECV,7E000F81000831024E383039332D4654324EDA
06-26-2025 20:55:52.540,364,RECV,7E000F8100052F024E353039332D41344C45F6
06-26-2025 20:55:52.590,365,RECV,7E000F81000732024E373039332D42585234D5
06-26-2025 20:55:52.590,366,RECV,7E000F81000631024E363039332D4C454745DB
06-26-2025 20:55:52.690,367,RECV,7E000F81000830024E383039342D55384559C9
06-26-2025 20:55:52.790,368,RECV,7E000F8100052E024E353039342D5446354FDE
06-26-2025 20:55:52.791,369,RECV,7E000F81000732024E373039342D54565443B3
06-26-2025 20:55:52.840,370,RECV,7E000F81000630024E363039342D49483538FA
06-26-2025 20:55:52.991,371,RECV,7E000F81000830024E383039352D3453353106
06-26-2025 20:55:53.041,372,RECV,7E000F8100052E024E353039352D38583555E1
06-26-2025 20:55:53.041,373,RECV,7E000F81000731024E373039352D5A314556CE
06-26-2025 20:55:53.091,374,RECV,7E000F81000630024E363039352D58504733D5
06-26-2025 20:55:53.241,375,RECV,7E000F8100082F024E383039362D38545558BA
06-26-2025 20:55:53.291,376,RECV,7E000F8100052D024E353039362D3933543902
06-26-2025 20:55:53.341,377,RECV,7E000F81000731024E373039362D37385646E8
06-26-2025 20:55:53.341,378,RECV,7E000F8100062F024E363039362D363241301E
06-26-2025 20:55:53.442,379,RECV,7E000F81000830024E383039372D47474538E6
06-26-2025 20:55:53.542,380,RECV,7E000F8100052D024E353039372D5650335AC7
06-26-2025 20:55:53.552,381,RECV,7E000F81000731024E373039372D3333355106
06-26-2025 20:55:53.552,382,RECV,7E000F8100062F024E363039372D45325256D7
06-26-2025 20:55:53.742,383,RECV,7E000F81000830024E383039382D3245374DF5
06-26-2025 20:55:53.792,384,RECV,7E000F8100052D024E353039382D50485041D0
06-26-2025 20:55:53.792,385,RECV,7E000F81000731024E373039382D41325155D8
06-26-2025 20:55:53.842,386,RECV,7E000F81000630024E363039382D49453052E4
06-26-2025 20:55:53.953,387,RECV,7E000F81000832024E383039392D59384358C1
06-26-2025 20:55:54.042,388,RECV,7E000F8100052D024E353039392D31454A3503
06-26-2025 20:55:54.093,389,RECV,7E000F81000731024E373039392D33524942E0
06-26-2025 20:55:54.093,390,RECV,7E000F8100062F024E363039392D56384637E9
