05-09-2025 14:16:40.258,-,API2,"Sink 1,0013A20041839DB1,802.15.4 TH,2003,/dev/ttyUSB0 - 57600/8/M/1/N,1,46"

05-09-2025 14:14:46.248,0,RECV,7E000F8100001A024E343030312D3557393825
05-09-2025 14:14:46.249,1,RECV,7E000F81000020024E333030312D454D354E08
05-09-2025 14:14:46.277,2,RECV,7E007D338100001E000AFFFFFFFFFFFFFFFF0000005348C3
05-09-2025 14:14:46.278,3,RECV,7E007D3381000020000BFFFFFFFFFFFFFFFF0000005348C0
05-09-2025 14:14:46.279,4,RECV,7E007D338100001A000BFFFFFFFFFFFFFFFF0000005348C6
05-09-2025 14:14:46.279,5,RECV,7E000F8100001A024E343030322D5132504707
05-09-2025 14:14:46.279,6,RECV,7E000F81000020024E333030322D35314A4824
05-09-2025 14:14:46.298,7,RECV,7E000F8100001A024E343030332D503733537D33
05-09-2025 14:14:46.298,8,RECV,7E000F8100001A024E343030342D36364C5710
05-09-2025 14:14:46.348,9,RECV,7E000F8100001A024E343030352D424E475AED
05-09-2025 14:14:46.348,10,RECV,7E000F8100001A024E343030362D354D435800
05-09-2025 14:14:46.348,11,RECV,7E000F8100001A024E343030372D4531514114
05-09-2025 14:14:46.359,12,RECV,7E000F8100001A024E343030382D3845593510
05-09-2025 14:14:46.449,13,RECV,7E000F8100001A024E343030392D45465558E2
05-09-2025 14:14:46.449,14,RECV,7E007D3181F9DF1D02B1004E313030312D4134514B88
05-09-2025 14:14:46.449,15,RECV,7E007D3181F9DF1D02B2004E313030322D595354385F
05-09-2025 14:14:46.499,16,RECV,7E000F8100001A024E343031302D4143415409
05-09-2025 14:14:46.499,17,RECV,7E000F8100001D024E323030312D59594B32F2
05-09-2025 14:14:46.500,18,RECV,7E007D3181F9DF1D02B3004E313030332D4B4652555D
05-09-2025 14:14:46.520,19,RECV,7E000F81000020024E333030332D553731342A
05-09-2025 14:14:46.521,20,RECV,7E000F8100001A024E343031312D544D464FEB
05-09-2025 14:14:46.521,21,RECV,7E000F8100001D024E323030322D44374D3226
05-09-2025 14:14:46.541,22,RECV,7E000F81000020024E333030342D535A4534F4
05-09-2025 14:14:46.548,23,RECV,7E000F8100001A024E343031322D36574F4EF6
05-09-2025 14:14:46.548,24,RECV,7E007D3181F9DF1D02B4004E313030342D3757315084
05-09-2025 14:14:46.548,25,RECV,7E000F8100001A024E343031332D3530335037
05-09-2025 14:14:46.548,26,RECV,7E000F8100001D024E323030332D58385A46EF
05-09-2025 14:14:46.599,27,RECV,7E000F81000020024E333030352D51455836F5
05-09-2025 14:14:46.599,28,RECV,7E007D3181F9DF1D02B5004E313030352D46564F5056
05-09-2025 14:14:46.599,29,RECV,7E000F8100001A024E343031342D41554F54E5
05-09-2025 14:14:46.599,30,RECV,7E007D3181F9DF1D02B6004E313030362D4C51584D4D
05-09-2025 14:14:46.649,31,RECV,7E000F81000020024E333030362D4B4238490A
05-09-2025 14:14:46.651,32,RECV,7E000F8100001A024E343031352D4A315A4AFE
05-09-2025 14:14:46.651,33,RECV,7E000F8100001E024E323030342D55524933FA
05-09-2025 14:14:46.651,34,RECV,7E007D3181F9DF1D02B7004E313030372D3347314C96
05-09-2025 14:14:46.651,35,RECV,7E000F81000020024E333030372D3538303842
05-09-2025 14:14:46.661,36,RECV,7E000F8100001E024E323030352D45435358E9
05-09-2025 14:14:46.703,37,RECV,7E000F8100001A024E343031362D47435853E7
05-09-2025 14:14:46.744,38,RECV,7E000F81000020024E333030382D41435259E7
05-09-2025 14:14:46.744,39,RECV,7E000F8100001A024E343031372D3248493028
05-09-2025 14:14:46.744,40,RECV,7E007D3181F9DF1D02B8004E313030382D483230578A
05-09-2025 14:14:46.744,41,RECV,7E007D3181F9DF1D02B9004E313030392D484F444C62
05-09-2025 14:14:46.744,42,RECV,7E000F8100001A024E343031382D4E474A300B
05-09-2025 14:14:46.749,43,RECV,7E000F8100001A024E343031392D5151444CE7
05-09-2025 14:14:46.749,44,RECV,7E007D3181F9DF1D02BA004E313031302D5735305183
05-09-2025 14:14:46.799,45,RECV,7E000F81000020024E333030392D42465954E0
05-09-2025 14:14:46.800,46,RECV,7E000F8100001A024E343032302D304C4B4B0F
05-09-2025 14:14:46.800,47,RECV,7E007D3181F9DF1D02BB004E313031312D4657595345
05-09-2025 14:14:46.850,48,RECV,7E007D3181F9DF1D02BC004E313031322D4535365488
05-09-2025 14:14:46.900,49,RECV,7E000F8100001A024E343032312D57484B3402
05-09-2025 14:14:46.900,50,RECV,7E000F8100001D024E323030362D32575154EE
05-09-2025 14:14:46.950,51,RECV,7E000F8100001D024E323030372D494536467D31
05-09-2025 14:14:46.951,52,RECV,7E000F8100001A024E343032322D584E334EF8
05-09-2025 14:14:46.951,53,RECV,7E007D3181F9DF1D02BD004E313031332D4450505650
05-09-2025 14:14:46.951,54,RECV,7E000F8100001D024E323030382D45345452FB
05-09-2025 14:14:47.001,55,RECV,7E000F81000021024E333031302D47434F59EA
05-09-2025 14:14:47.001,56,RECV,7E000F8100001A024E343032332D45474C390D
05-09-2025 14:14:47.001,57,RECV,7E007D3181F9DF1D02BE004E313031342D5046364A72
05-09-2025 14:14:47.001,58,RECV,7E007D3181F9DF1D02BF004E313031352D525141386A
05-09-2025 14:14:47.001,59,RECV,7E000F81000020024E333031312D5A4D4850DD
05-09-2025 14:14:47.050,60,RECV,7E007D3181F9DF1D02C0004E313031362D5031543976
05-09-2025 14:14:47.051,61,RECV,7E007D3181F9DF1D02C1004E313031372D5257445342
05-09-2025 14:14:47.051,62,RECV,7E000F81000020024E333031322D3945455602
05-09-2025 14:14:47.051,63,RECV,7E000F81000020024E333031332D3330334341
05-09-2025 14:14:47.051,64,RECV,7E000F8100001D024E323030392D315335461A
05-09-2025 14:14:47.052,65,RECV,7E000F8100001D024E323031302D564A3750FA
05-09-2025 14:14:47.052,66,RECV,7E000F8100001A024E343032342D5755445AD3
05-09-2025 14:14:47.101,67,RECV,7E000F81000020024E333031342D3758523503
05-09-2025 14:14:47.121,68,RECV,7E000F8100001A024E343032352D304E383135
05-09-2025 14:14:47.151,69,RECV,7E000F81000020024E333031352D364A334C19
05-09-2025 14:14:47.201,70,RECV,7E000F81000020024E333031362D4655333415
05-09-2025 14:14:47.216,71,RECV,7E007D3181F9DF1D02C2004E313031382D365A51504F
05-09-2025 14:14:47.216,72,RECV,7E007D3181F9DF1D02C3004E313031392D4547473576
05-09-2025 14:14:47.216,73,RECV,7E000F81000019024E343032362D3236544B15
05-09-2025 14:14:47.217,74,RECV,7E000F8100001A024E343032372D314B464B0D
05-09-2025 14:14:47.251,75,RECV,7E000F81000020024E333031382D3948424A08
05-09-2025 14:14:47.251,76,RECV,7E000F8100001D024E323031312D4745563905
05-09-2025 14:14:47.301,77,RECV,7E000F81000020024E333031392D57445542E2
05-09-2025 14:14:47.314,78,RECV,7E000F8100001A024E343032382D48515155DA
05-09-2025 14:14:47.351,79,RECV,7E000F8100001A024E343032392D4C385643FB
05-09-2025 14:14:47.369,80,RECV,7E000F8100001A024E343033302D3733565808
05-09-2025 14:14:47.369,81,RECV,7E000F81000020024E333032302D51534636FC
05-09-2025 14:14:47.369,82,RECV,7E000F8100001A024E343033312D374147550B
05-09-2025 14:14:47.369,83,RECV,7E000F8100001D024E323031322D4346454F02
05-09-2025 14:14:47.369,84,RECV,7E007D3181F9DF1D02C5004E313032312D4D3531567A
05-09-2025 14:14:47.383,85,RECV,7E000F8100001D024E323031332D445A3849FF
05-09-2025 14:14:47.383,86,RECV,7E000F8100001D024E323031342D3241545303
05-09-2025 14:14:47.384,87,RECV,7E007D3181F9DF1D02C6004E313032322D484C473670
05-09-2025 14:14:47.384,88,RECV,7E000F8100001D024E323031352D574D3550F3
05-09-2025 14:14:47.422,89,RECV,7E000F81000021024E333032312D3159474108
05-09-2025 14:14:47.432,90,RECV,7E000F8100001A024E343033322D33545049FE
05-09-2025 14:14:47.432,91,RECV,7E007D3181F9DF1D02C7004E313032332D58394F425D
05-09-2025 14:14:47.432,92,RECV,7E000F81000021024E333032322D373133413D
05-09-2025 14:14:47.452,93,RECV,7E007D3181F9DF1D02C8004E313032342D4D5A374E51
05-09-2025 14:14:47.502,94,RECV,7E007D3181F9DF1D02C9004E313032352D4254535042
05-09-2025 14:14:47.502,95,RECV,7E000F81000021024E333032332D4D564F46E0
05-09-2025 14:14:47.552,96,RECV,7E007D3181F9DF1D02CA004E313032362D5543544B42
05-09-2025 14:14:47.553,97,RECV,7E000F8100001D024E323031362D414C424B01
05-09-2025 14:14:47.563,98,RECV,7E000F8100001D024E323031372D423631442D
05-09-2025 14:14:47.602,99,RECV,7E000F8100001E024E323031382D4D545338EC
05-09-2025 14:14:47.653,100,RECV,7E007D3181F9DF1D02CB004E313032372D5355545427
05-09-2025 14:14:47.707,101,RECV,7E000F81000020024E333032342D5946344CF9
05-09-2025 14:14:47.708,102,RECV,7E000F8100001E024E323031392D3044504C07
05-09-2025 14:14:47.708,103,RECV,7E007D3181F9DF1D02CC004E313032382D4E33593962
05-09-2025 14:14:47.708,104,RECV,7E000F8100001A024E343033332D4C4E484EED
05-09-2025 14:14:47.753,105,RECV,7E007D3181F9DF1D02CD004E313032392D5A44453957
05-09-2025 14:14:47.759,106,RECV,7E000F8100001E024E323032302D4F4341321A
05-09-2025 14:14:47.777,107,RECV,7E000F81000020024E333032352D4730474D0C
05-09-2025 14:14:47.777,108,RECV,7E000F8100001D024E323032312D4D52353318
05-09-2025 14:14:47.803,109,RECV,7E000F81000020024E333032362D4F4D3848FA
05-09-2025 14:14:47.854,110,RECV,7E000F8100001E024E323032322D4F594B4DDD
05-09-2025 14:14:47.854,111,RECV,7E000F8100001A024E343033342D474230392A
05-09-2025 14:14:47.854,112,RECV,7E000F81000021024E333032372D3130394B2F
05-09-2025 14:14:47.854,113,RECV,7E000F8100001A024E343033352D305635560A
05-09-2025 14:14:47.903,114,RECV,7E000F81000021024E333032382D433636481C
05-09-2025 14:14:47.903,115,RECV,7E000F8100001D024E323032332D4254333420
05-09-2025 14:14:47.903,116,RECV,7E000F81000021024E333032392D4154374204
05-09-2025 14:14:47.903,117,RECV,7E000F8100001D024E323032342D45565347E7
05-09-2025 14:14:47.916,118,RECV,7E000F81000021024E333033302D394250410E
05-09-2025 14:14:47.934,119,RECV,7E000F8100001A024E343033362D525A4642E6
05-09-2025 14:14:47.954,120,RECV,7E007D3181F9DF1D02CE004E313033302D48334E456C
05-09-2025 14:14:47.984,121,RECV,7E000F8100001A024E343033372D48455243F7
05-09-2025 14:14:47.984,122,RECV,7E000F8100001A024E343033382D58564942DF
05-09-2025 14:14:48.003,123,RECV,7E007D3181F9DF1D02CF004E313033312D35564D435D
05-09-2025 14:14:48.003,124,RECV,7E000F8100001D024E323032352D3034414135
05-09-2025 14:14:48.004,125,RECV,7E000F8100001A024E343033392D4A54544CD9
05-09-2025 14:14:48.004,126,RECV,7E000F8100001D024E323032362D43555045ED
05-09-2025 14:14:48.014,127,RECV,7E000F81000021024E333033312D42505A33FA
05-09-2025 14:14:48.053,128,RECV,7E007D3181F9DF1D02D0004E313033322D3758373080
05-09-2025 14:14:48.054,129,RECV,7E007D3181F9DF1D02D1004E313033332D594D324E4E
05-09-2025 14:14:48.104,130,RECV,7E000F8100001A024E343034302D474136520F
05-09-2025 14:14:48.105,131,RECV,7E000F81000020024E333033322D374C503214
05-09-2025 14:14:48.105,132,RECV,7E000F8100001A024E343034312D46505536FD
05-09-2025 14:14:48.154,133,RECV,7E007D3181F9DF1D02D2004E313033342D594E313466
05-09-2025 14:14:48.204,134,RECV,7E000F8100001E024E323032372D4939364917
05-09-2025 14:14:48.205,135,RECV,7E000F8100001A024E343034322D394F505AEB
05-09-2025 14:14:48.205,136,RECV,7E000F81000021024E333033332D4745303823
05-09-2025 14:14:48.254,137,RECV,7E000F8100001E024E323032382D45434455F6
05-09-2025 14:14:48.308,138,RECV,7E007D3181F9DF1D02D3004E313033352D4243324574
05-09-2025 14:14:48.308,139,RECV,7E000F8100001A024E343034332D424A434B02
05-09-2025 14:14:48.308,140,RECV,7E007D3181F9DF1D02D4004E313033362D5656393950
05-09-2025 14:14:48.308,141,RECV,7E000F8100001E024E323032392D4B4E473204
05-09-2025 14:14:48.308,142,RECV,7E000F8100001E024E323033302D4C524F4DE4
05-09-2025 14:14:48.357,143,RECV,7E000F8100001A024E343034342D5A474558DD
05-09-2025 14:14:48.357,144,RECV,7E007D3181F9DF1D02D5004E313033372D4E48325252
05-09-2025 14:14:48.407,145,RECV,7E007D3181F9DF1E02D6004E313033382D304E474A5A
05-09-2025 14:14:48.441,146,RECV,7E000F8100001A024E343034352D3256563903
05-09-2025 14:14:48.441,147,RECV,7E007D3181F9DF1E02D7004E313033392D3831533873
05-09-2025 14:14:48.442,148,RECV,7E000F8100001D024E323033312D5A46373512
05-09-2025 14:14:48.442,149,RECV,7E000F8100001A024E343034362D34544F51F1
05-09-2025 14:14:48.442,150,RECV,7E000F8100001D024E323033322D5938444FF9
05-09-2025 14:14:48.457,151,RECV,7E000F8100001A024E343034372D59304D45FD
05-09-2025 14:14:48.457,152,RECV,7E007D3181F9DF1D02D8004E313034302D484A525536
05-09-2025 14:14:48.457,153,RECV,7E000F81000021024E333033352D43544C37FB
05-09-2025 14:14:48.457,154,RECV,7E000F8100001D024E323033332D443846497D31
05-09-2025 14:14:48.507,155,RECV,7E000F8100001A024E343034382D3350434809
05-09-2025 14:14:48.508,156,RECV,7E000F8100001A024E343034392D57475149DE
05-09-2025 14:14:48.508,157,RECV,7E000F8100001D024E323033342D4241424A0C
05-09-2025 14:14:48.508,158,RECV,7E000F81000021024E333033362D4348334D09
05-09-2025 14:14:48.557,159,RECV,7E000F81000021024E333033372D4F3933457D33
05-09-2025 14:14:48.575,160,RECV,7E007D3181F9DF1D02D9004E313034312D5234514C4A
05-09-2025 14:14:48.575,161,RECV,7E000F8100001A024E343035302D5A33583603
05-09-2025 14:14:48.608,162,RECV,7E000F81000021024E333033382D345639440B
05-09-2025 14:14:48.658,163,RECV,7E000F81000020024E333033392D45314E311D
05-09-2025 14:14:48.660,164,RECV,7E007D3181F9DF1D02DA004E313034322D4758365640
05-09-2025 14:14:48.708,165,RECV,7E007D3181F9DF1D02DB004E313034332D343650535C
05-09-2025 14:14:48.758,166,RECV,7E000F8100001E024E323033352D5230335014
05-09-2025 14:14:48.758,167,RECV,7E000F8100001A024E343035312D4C39384A16
05-09-2025 14:14:48.809,168,RECV,7E000F8100001E024E323033362D52555953C5
05-09-2025 14:14:48.810,169,RECV,7E000F8100001A024E343035322D45475852E6
05-09-2025 14:14:48.859,170,RECV,7E000F81000021024E333034302D424149321B
05-09-2025 14:14:48.909,171,RECV,7E000F81000019024E343035332D52513850F1
05-09-2025 14:14:48.909,172,RECV,7E007D3181F9DF1D02DC004E313034342D3435313499
05-09-2025 14:14:48.959,173,RECV,7E000F8100001A024E343035342D534F4C37F5
05-09-2025 14:14:49.009,174,RECV,7E000F8100001A024E343035352D484A37321E
05-09-2025 14:14:49.017,175,RECV,7E000F8100001A024E343035362D5A49383607
05-09-2025 14:14:49.017,176,RECV,7E000F8100001D024E323033382D4C354F4502
05-09-2025 14:14:49.030,177,RECV,7E000F8100001D024E323033392D453133511C
05-09-2025 14:14:49.038,178,RECV,7E000F8100001D024E323034302D5553584BD3
05-09-2025 14:14:49.059,179,RECV,7E000F8100001A024E343035372D4E47383515
05-09-2025 14:14:49.110,180,RECV,7E000F8100001E024E323034312D454E345401
05-09-2025 14:14:49.110,181,RECV,7E000F81000019024E343035382D5445534FDC
05-09-2025 14:14:49.160,182,RECV,7E000F8100001A024E343035392D5050375AE4
05-09-2025 14:14:49.163,183,RECV,7E000F8100001E024E323034332D3135393942
05-09-2025 14:14:49.193,184,RECV,7E000F8100001E024E323034342D414E364B09
05-09-2025 14:14:49.193,185,RECV,7E000F8100001A024E343036302D4D424C52F0
05-09-2025 14:14:49.211,186,RECV,7E000F8100001A024E343036312D4145374718
05-09-2025 14:14:49.261,187,RECV,7E007D3181F9DF1D02DD004E313034352D584E413549
05-09-2025 14:14:49.265,188,RECV,7E000F81000020024E333034342D59304256F5
05-09-2025 14:14:49.311,189,RECV,7E000F81000020024E333034352D52415538F5
05-09-2025 14:14:49.314,190,RECV,7E000F81000020024E333034362D4C44304E06
05-09-2025 14:14:49.314,191,RECV,7E000F8100001E024E323034352D4E37453519
05-09-2025 14:14:49.322,192,RECV,7E000F8100001E024E323034362D5754314EED
05-09-2025 14:14:49.324,193,RECV,7E000F81000020024E333034372D3339364928
05-09-2025 14:14:49.324,194,RECV,7E007D3181F9DF1D02DE004E313034362D4F57533436
05-09-2025 14:14:49.361,195,RECV,7E000F8100001A024E343036322D49415451EC
05-09-2025 14:14:49.362,196,RECV,7E000F8100001A024E343036332D5A36453114
05-09-2025 14:14:49.403,197,RECV,7E000F8100001A024E343036342D4B4943340E
05-09-2025 14:14:49.405,198,RECV,7E000F8100001D024E323034372D364A334123
05-09-2025 14:14:49.405,199,RECV,7E000F8100001D024E323034382D53485738EC
05-09-2025 14:14:49.405,200,RECV,7E000F81000020024E333034382D5A4D3858DB
05-09-2025 14:14:49.406,201,RECV,7E007D3181F9DF1E02DF004E313034372D32534E3756
05-09-2025 14:14:49.411,202,RECV,7E000F8100001D024E323034392D35594257EE
05-09-2025 14:14:49.462,203,RECV,7E007D3181F9DF1D02E0004E313034382D3254514B3D
05-09-2025 14:14:49.468,204,RECV,7E000F8100001D024E323035302D594436301A
05-09-2025 14:14:49.486,205,RECV,7E000F81000020024E333034392D5437343121
05-09-2025 14:14:49.486,206,RECV,7E007D3181F9DF1D02E1004E313034392D444C30504D
05-09-2025 14:14:49.486,207,RECV,7E000F8100001D024E323035312D4F585A52C9
05-09-2025 14:14:49.486,208,RECV,7E007D3181F9DF1D02E2004E313035302D4C49555228
05-09-2025 14:14:49.486,209,RECV,7E000F8100001A024E343036352D543539371F
05-09-2025 14:14:49.513,210,RECV,7E000F8100001A024E343036362D424B513306
05-09-2025 14:14:49.513,211,RECV,7E007D3181F9DF1D02E3004E313035312D494F484A38
05-09-2025 14:14:49.513,212,RECV,7E000F8100001A024E343036372D43593159F0
05-09-2025 14:14:49.513,213,RECV,7E000F81000020024E333035302D4C4642360F
05-09-2025 14:14:49.514,214,RECV,7E007D3181F9DF1D02E4004E313035322D334339456C
05-09-2025 14:14:49.514,215,RECV,7E007D3181F9DF1D02E5004E313035332D575851540A
05-09-2025 14:14:49.562,216,RECV,7E000F81000020024E333035312D4E4C3557F2
05-09-2025 14:14:49.562,217,RECV,7E007D3181F9DF1D02E6004E313035342D4741493358
05-09-2025 14:14:49.617,218,RECV,7E000F81000020024E333035322D45344F351A
05-09-2025 14:14:49.639,219,RECV,7E000F8100001E024E323035322D4E543157F0
05-09-2025 14:14:49.665,220,RECV,7E000F8100001E024E323035332D384B344C16
05-09-2025 14:14:49.665,221,RECV,7E000F8100001A024E343036382D4A47534DE4
05-09-2025 14:14:49.665,222,RECV,7E000F81000020024E333035332D52375151EB
05-09-2025 14:14:49.665,223,RECV,7E000F8100001A024E343036392D4137463224
05-09-2025 14:14:49.665,224,RECV,7E000F8100001E024E323035342D47435748EF
05-09-2025 14:14:49.673,225,RECV,7E007D3181F9DF1D02E7004E313035352D4D3445355F
05-09-2025 14:14:49.673,226,RECV,7E007D3181F9DF1D02E8004E313035362D574A4C4724
05-09-2025 14:14:49.693,227,RECV,7E007D3181F9DF1D02E9004E313035372D423245415C
05-09-2025 14:14:49.713,228,RECV,7E000F8100001A024E343037302D43535947E6
05-09-2025 14:14:49.763,229,RECV,7E007D3181F9DF1D02EA004E313035382D454C344649
05-09-2025 14:14:49.763,230,RECV,7E007D3181F9DF1D02EB004E313035392D5450553128
05-09-2025 14:14:49.813,231,RECV,7E007D3181F9DF1D02EC004E313036302D4848354252
05-09-2025 14:14:49.840,232,RECV,7E000F8100001A024E343037312D53594457D4
05-09-2025 14:14:49.841,233,RECV,7E000F8100001E024E323035352D4143353925
05-09-2025 14:14:49.841,234,RECV,7E007D3181F9DF1D02ED004E313036312D593445463F
05-09-2025 14:14:49.863,235,RECV,7E000F81000019024E343037322D5738373322
05-09-2025 14:14:49.864,236,RECV,7E000F8100001A024E343037332D50554953D8
05-09-2025 14:14:49.864,237,RECV,7E000F81000020024E333035352D32524758F1
05-09-2025 14:14:49.913,238,RECV,7E000F81000020024E333035362D47453959F5
05-09-2025 14:14:49.914,239,RECV,7E000F81000020024E333035372D5A543236FC
05-09-2025 14:14:49.914,240,RECV,7E000F8100001A024E343037342D3039465514
05-09-2025 14:14:49.963,241,RECV,7E007D3181F9DF1D02EE004E313036322D3238414763
05-09-2025 14:14:49.975,242,RECV,7E000F8100001D024E323035362D4336425408
05-09-2025 14:14:49.975,243,RECV,7E007D3181F9DF1D02EF004E313036332D3958474635
05-09-2025 14:14:49.975,244,RECV,7E007D3181F9DF1D02F0004E313036342D574139413F
05-09-2025 14:14:50.013,245,RECV,7E007D3181F9DF1D02F1004E313036352D474B524724
05-09-2025 14:14:50.014,246,RECV,7E000F8100001D024E323035372D36454D4D01
05-09-2025 14:14:50.064,247,RECV,7E000F81000020024E333035382D303746362E
05-09-2025 14:14:50.077,248,RECV,7E000F8100001D024E323035382D413937550F
05-09-2025 14:14:50.077,249,RECV,7E000F8100001A024E343037352D4931353533
05-09-2025 14:14:50.077,250,RECV,7E000F81000020024E333035392D58305256E0
05-09-2025 14:14:50.077,251,RECV,7E000F8100001D024E323035392D52365346F3
05-09-2025 14:14:50.078,252,RECV,7E007D3181F9DF1D02F2004E313036362D4E315A4C28
05-09-2025 14:14:50.096,253,RECV,7E007D3181F9DF1D02F3004E313036372D4B33545A1F
05-09-2025 14:14:50.096,254,RECV,7E000F8100001A024E343037362D434B39440B
05-09-2025 14:14:50.096,255,RECV,7E000F81000020024E333036302D4358334406
05-09-2025 14:14:50.115,256,RECV,7E000F8100001E024E323036302D584D5432F0
05-09-2025 14:14:50.164,257,RECV,7E000F81000020024E333036312D4A5A5356CA
05-09-2025 14:14:50.165,258,RECV,7E007D3181F9DF1D02F4004E313036382D35474F4638
05-09-2025 14:14:50.165,259,RECV,7E000F8100001E024E323036312D5443544DE2
05-09-2025 14:14:50.165,260,RECV,7E000F81000020024E333036322D354C42381B
05-09-2025 14:14:50.175,261,RECV,7E007D3181F9DF1D02F6004E313037302D5A4C48352B
05-09-2025 14:14:50.185,262,RECV,7E000F8100001E024E323036332D364A38451B
05-09-2025 14:14:50.185,263,RECV,7E000F8100001A024E343037372D4F595342D8
05-09-2025 14:14:50.215,264,RECV,7E007D3181F9DF1D02F7004E313037312D335651452D
05-09-2025 14:14:50.265,265,RECV,7E000F8100001A024E343037382D4C43383815
05-09-2025 14:14:50.288,266,RECV,7E007D338100001D004AFFFFFFFFFFFFFFFF000000534884
05-09-2025 14:14:50.288,267,RECV,7E007D338100001A0059FFFFFFFFFFFFFFFF000000534878
05-09-2025 14:14:50.288,268,RECV,7E007D3381000020004AFFFFFFFFFFFFFFFF000000534881
05-09-2025 14:14:50.315,269,RECV,7E007D3181F9DF1D02F8004E313037322D565450430D
05-09-2025 14:14:50.335,270,RECV,7E007D3181F9DF1D02F9004E313037332D3257325934
05-09-2025 14:14:50.365,271,RECV,7E000F81000020024E333036342D4F434349F6
05-09-2025 14:14:50.365,272,RECV,7E007D3181F9DF1D02FA004E313037342D384A464A34
05-09-2025 14:14:50.416,273,RECV,7E007D3181F9DF1D02FB004E313037352D4A4E545008
05-09-2025 14:14:50.447,274,RECV,7E000F8100001A024E343037392D36595751DC
05-09-2025 14:14:50.466,275,RECV,7E000F81000020024E333036352D54435A49D9
05-09-2025 14:14:50.471,276,RECV,7E000F8100001A024E343038302D3146453827
05-09-2025 14:14:50.476,277,RECV,7E007D3181F9DF1D02FC004E313037362D385A535904
05-09-2025 14:14:50.477,278,RECV,7E000F81000020024E333036362D3146514A00
05-09-2025 14:14:50.487,279,RECV,7E000F81000021024E333036372D4F533952E3
05-09-2025 14:14:50.508,280,RECV,7E007D3181F9DF1D02FD004E313037372D3134374D57
05-09-2025 14:14:50.519,281,RECV,7E000F8100001A024E343038312D43455050F2
05-09-2025 14:14:50.519,282,RECV,7E000F81000021024E333036382D4F335743F3
05-09-2025 14:14:50.566,283,RECV,7E007D3181F9DF1D02FE004E313037382D47515A410B
05-09-2025 14:14:50.581,284,RECV,7E007D3181F9DF1D02FF004E313037392D3932584435
05-09-2025 14:14:50.666,285,RECV,7E000F8100001A024E343038322D58443958EC
05-09-2025 14:14:50.716,286,RECV,7E000F81000020024E333036392D55504545E0
05-09-2025 14:14:50.767,287,RECV,7E007D3181F9DF1D0201004E313038302D4552525603
05-09-2025 14:14:50.767,288,RECV,7E000F8100001A024E343038332D3536473234
05-09-2025 14:14:50.768,289,RECV,7E000F81000020024E333037302D5252574CD0
05-09-2025 14:14:50.817,290,RECV,7E000F8100001D024E323036342D55475A47DB
05-09-2025 14:14:50.820,291,RECV,7E000F8100001A024E343038342D3732365A1E
05-09-2025 14:14:50.827,292,RECV,7E007D3181F9DF1D0202004E313038312D4B43494C1D
05-09-2025 14:14:50.838,293,RECV,7E007D3181F9DF1D0203004E313038322D414934423E
05-09-2025 14:14:50.839,294,RECV,7E000F81000021024E333037312D39535539FB
05-09-2025 14:14:50.869,295,RECV,7E000F8100001A024E343038352D4C4A5330FD
05-09-2025 14:14:50.871,296,RECV,7E000F8100001D024E323036352D4545354F09
05-09-2025 14:14:50.917,297,RECV,7E000F8100001A024E343038362D375A41350E
05-09-2025 14:14:50.917,298,RECV,7E000F8100001D024E323036362D3138314339
05-09-2025 14:14:50.917,299,RECV,7E000F81000021024E333037322D3047543217
05-09-2025 14:14:50.917,300,RECV,7E000F8100001D024E323036372D3534324238
05-09-2025 14:14:50.968,301,RECV,7E000F8100001D024E323036382D4146433614
05-09-2025 14:14:50.990,302,RECV,7E000F8100001A024E343038372D5755303008
05-09-2025 14:14:50.990,303,RECV,7E007D3181F9DF1D0204004E313038332D434C57371F
05-09-2025 14:14:50.991,304,RECV,7E000F8100001D024E323036392D4E4B3749FA
05-09-2025 14:14:51.017,305,RECV,7E000F81000021024E333037332D434C5A33F7
05-09-2025 14:14:51.019,306,RECV,7E000F8100001D024E323037302D354C45361F
05-09-2025 14:14:51.028,307,RECV,7E007D3181F9DF1D0205004E313038342D324A473443
05-09-2025 14:14:51.035,308,RECV,7E000F8100001D024E323037312D3932434923
05-09-2025 14:14:51.035,309,RECV,7E000F81000021024E333037342D54535143D7
05-09-2025 14:14:51.036,310,RECV,7E007D3181F9DF1D0206004E313038352D555549390C
05-09-2025 14:14:51.036,311,RECV,7E007D3181F9DF1D0207004E313038362D3353575702
05-09-2025 14:14:51.067,312,RECV,7E000F8100001A024E343038382D44535A45DD
05-09-2025 14:14:51.068,313,RECV,7E000F8100001D024E323037322D435631331C
05-09-2025 14:14:51.078,314,RECV,7E007D3181F9DF1D0208004E313038372D3754584110
05-09-2025 14:14:51.078,315,RECV,7E007D3181F9DF1D0209004E313038382D4C3531413F
05-09-2025 14:14:51.118,316,RECV,7E000F81000019024E343038392D53375542F2
05-09-2025 14:14:51.118,317,RECV,7E000F8100001D024E323037332D3149483026
05-09-2025 14:14:51.154,318,RECV,7E000F8100001E024E323037342D4E4F31390F
05-09-2025 14:14:51.154,319,RECV,7E000F8100001A024E343039302D58555230EB
05-09-2025 14:14:51.167,320,RECV,7E000F8100001A024E343039312D51445551DE
05-09-2025 14:14:51.168,321,RECV,7E007D3181F9DF1D020B004E313039302D314C56392B
05-09-2025 14:14:51.218,322,RECV,7E007D3181F9DF1D020C004E313039312D4453344822
05-09-2025 14:14:51.218,323,RECV,7E000F8100001E024E323037352D4E344E3312
05-09-2025 14:14:51.270,324,RECV,7E000F8100001D024E323037362D4253394EF9
05-09-2025 14:14:51.271,325,RECV,7E007D3181F9DF1D020D004E313039322D33544E312D
05-09-2025 14:14:51.271,326,RECV,7E000F8100001E024E323037372D423931481F
05-09-2025 14:14:51.271,327,RECV,7E000F81000021024E333037352D58464A5ACF
05-09-2025 14:14:51.292,328,RECV,7E000F8100001D024E323037382D334B544EF3
05-09-2025 14:14:51.318,329,RECV,7E000F8100001A024E343039322D3938594806
05-09-2025 14:14:51.368,330,RECV,7E000F81000021024E333037362D53533457DF
05-09-2025 14:14:51.368,331,RECV,7E000F81000021024E333037372D30554B330C
05-09-2025 14:14:51.368,332,RECV,7E000F8100001D024E323037392D5233505AE3
05-09-2025 14:14:51.368,333,RECV,7E000F8100001D024E323038302D5A4F5758C2
05-09-2025 14:14:51.418,334,RECV,7E000F81000021024E333037382D50535354C4
05-09-2025 14:14:51.418,335,RECV,7E007D3181F9DF1D020E004E313039332D4E45424715
05-09-2025 14:14:51.419,336,RECV,7E000F81000021024E333037392D59525632DA
05-09-2025 14:14:51.419,337,RECV,7E000F8100001D024E323038312D464B4B4FEE
05-09-2025 14:14:51.468,338,RECV,7E007D3181F9DF1D020F004E313039342D345438422D
05-09-2025 14:14:51.487,339,RECV,7E000F81000021024E333038302D4A5A3649F2
05-09-2025 14:14:51.569,340,RECV,7E000F8100001A024E343039332D5734414FFC
05-09-2025 14:14:51.569,341,RECV,7E000F8100001D024E323038322D51324D52F6
05-09-2025 14:14:51.570,342,RECV,7E000F8100001A024E343039342D5252374CEF
05-09-2025 14:14:51.619,343,RECV,7E007D3181F9DF1D0210004E313039352D4B4E33441D
05-09-2025 14:14:51.641,344,RECV,7E000F8100001A024E343039352D4E38373622
05-09-2025 14:14:51.641,345,RECV,7E000F8100001A024E343039362D59555137DE
05-09-2025 14:14:51.642,346,RECV,7E000F8100001A024E343039372D5746584ED0
05-09-2025 14:14:51.642,347,RECV,7E000F8100001D024E323038332D31485354F7
05-09-2025 14:14:51.642,348,RECV,7E000F81000020024E333038312D3552324D0F
05-09-2025 14:14:51.650,349,RECV,7E000F81000020024E333038322D3335475015
05-09-2025 14:14:51.669,350,RECV,7E000F8100001D024E323038342D39344B4618
05-09-2025 14:14:51.719,351,RECV,7E000F81000020024E333038332D3751444403
05-09-2025 14:14:51.769,352,RECV,7E000F8100001A024E343039382D4544413414
05-09-2025 14:14:51.819,353,RECV,7E000F8100001A024E343039392D4F514737F3
05-09-2025 14:14:51.819,354,RECV,7E000F81000021024E333038342D4939383126
05-09-2025 14:14:51.870,355,RECV,7E000F81000021024E333038352D325733470D
05-09-2025 14:14:51.870,356,RECV,7E000F8100001D024E323038352D53534145E9
05-09-2025 14:14:51.880,357,RECV,7E000F81000021024E333038362D30574356EF
05-09-2025 14:14:51.920,358,RECV,7E000F8100001D024E323038362D45574243F3
05-09-2025 14:14:52.020,359,RECV,7E007D3181F9DF1D027D31004E313039362D484C38540B
05-09-2025 14:14:52.020,360,RECV,7E000F81000021024E333038372D454E5838EB
05-09-2025 14:14:52.070,361,RECV,7E007D3181F9DF1D0212004E313039372D4558444206
05-09-2025 14:14:52.070,362,RECV,7E007D3181F9DF1D027D33004E313039382D5659544BD9
05-09-2025 14:14:52.120,363,RECV,7E000F8100001D024E323038372D384C33500C
05-09-2025 14:14:52.120,364,RECV,7E000F81000021024E333038382D47533756E6
05-09-2025 14:14:52.120,365,RECV,7E000F8100001D024E323038382D44515248E3
05-09-2025 14:14:52.170,366,RECV,7E000F81000021024E333038392D4A35314F0D
05-09-2025 14:14:52.170,367,RECV,7E000F8100001E024E323039302D4E523742FF
05-09-2025 14:14:52.220,368,RECV,7E000F8100001E024E323039312D4A4848320B
05-09-2025 14:14:52.221,369,RECV,7E000F8100001D024E323039322D3436574115
05-09-2025 14:14:52.221,370,RECV,7E000F8100001D024E323039332D4B554746E9
05-09-2025 14:14:52.231,371,RECV,7E000F81000021024E333039312D4C52353907
05-09-2025 14:14:52.321,372,RECV,7E000F81000020024E333039322D4B47384603
05-09-2025 14:14:52.371,373,RECV,7E000F8100001C024E323039342D57355253E5
05-09-2025 14:14:52.421,374,RECV,7E000F8100001D024E323039352D3847335012
05-09-2025 14:14:52.471,375,RECV,7E000F8100001D024E323039362D584F464FD7
05-09-2025 14:14:52.481,376,RECV,7E000F8100001D024E323039372D4A56564DCF
05-09-2025 14:14:52.521,377,RECV,7E000F81000021024E333039342D48465645E7
05-09-2025 14:14:52.522,378,RECV,7E000F81000021024E333039352D5442505ACF
05-09-2025 14:14:52.571,379,RECV,7E000F8100001D024E323039382D443938510B
05-09-2025 14:14:52.632,380,RECV,7E000F8100001E024E323039392D54315A3000
05-09-2025 14:14:52.772,381,RECV,7E000F81000021024E333039362D5A45303708
05-09-2025 14:14:52.822,382,RECV,7E000F81000021024E333039372D3541303433
05-09-2025 14:14:52.872,383,RECV,7E000F81000021024E333039382D304432580E
05-09-2025 14:14:52.972,384,RECV,7E000F81000021024E333039392D35414F4EF8
