06-26-2025 21:19:03.153,-,API2,"Sink 2,0013A20041839DCA,802.15.4 TH,2003,/dev/ttyUSB2 - 57600/8/M/1/N,1,46"

06-26-2025 21:18:03.554,0,RECV,7E000F8100052D024E353030302D4E52564CC8
06-26-2025 21:18:03.555,1,RECV,7E000F81000633024E363030302D4341534DDE
06-26-2025 21:18:03.555,2,RECV,7E000F81000733024E373030302D5A594732D4
06-26-2025 21:18:03.854,3,RECV,7E000F8100052C024E353030312D5852434AD3
06-26-2025 21:18:03.855,4,RECV,7E000F8100062F024E363030312D4F584A55BF
06-26-2025 21:18:03.855,5,RECV,7E000F81000731024E373030312D55523730F3
06-26-2025 21:18:03.855,6,RECV,7E000F81000830024E383030312D43484432FF
06-26-2025 21:18:04.115,7,RECV,7E000F8100052D024E353030322D3133435809
06-26-2025 21:18:04.115,8,RECV,7E000F81000631024E363030322D58475A41C8
06-26-2025 21:18:04.115,9,RECV,7E000F81000730024E373030322D5534584CD4
06-26-2025 21:18:04.154,10,RECV,7E000F8100082F024E383030322D31555241E7
06-26-2025 21:18:04.406,11,RECV,7E000F8100052D024E353030332D57514338E4
06-26-2025 21:18:04.456,12,RECV,7E000F8100062F024E363030332D304B354E05
06-26-2025 21:18:04.456,13,RECV,7E000F81000731024E373030332D4E4C4C32E7
06-26-2025 21:18:04.459,14,RECV,7E000F81000830024E383030332D53464C54C5
06-26-2025 21:18:04.706,15,RECV,7E000F8100052D024E353030342D4D4B3845F1
06-26-2025 21:18:04.727,16,RECV,7E000F81000631024E363030342D4A454946E2
06-26-2025 21:18:04.729,17,RECV,7E000F81000731024E373030342D344D4D3000
06-26-2025 21:18:04.757,18,RECV,7E000F81000830024E383030342D42364942FA
06-26-2025 21:18:05.057,19,RECV,7E000F8100052D024E353030352D434C5758C7
06-26-2025 21:18:05.057,20,RECV,7E000F81000632024E363030352D34444546FB
06-26-2025 21:18:05.057,21,RECV,7E000F81000730024E373030352D58355651CA
06-26-2025 21:18:05.057,22,RECV,7E000F81000830024E383030352D394B5644DE
06-26-2025 21:18:05.358,23,RECV,7E000F8100052D024E353030362D314F364B03
06-26-2025 21:18:05.358,24,RECV,7E000F81000631024E363030362D3435494FFD
06-26-2025 21:18:05.358,25,RECV,7E000F81000731024E373030362D53594749C0
06-26-2025 21:18:05.358,26,RECV,7E000F81000831024E383030362D45575736D1
06-26-2025 21:18:05.658,27,RECV,7E000F8100052D024E353030372D4A4A464CDD
06-26-2025 21:18:05.660,28,RECV,7E000F81000630024E363030372D4F5A5245BE
06-26-2025 21:18:05.660,29,RECV,7E000F81000732024E373030372D3337394215
06-26-2025 21:18:05.660,30,RECV,7E000F81000831024E383030372D59484744CD
06-26-2025 21:18:05.922,31,RECV,7E000F8100052E024E353030382D514F434FCF
06-26-2025 21:18:05.922,32,RECV,7E000F81000630024E363030382D58504439D8
06-26-2025 21:18:05.922,33,RECV,7E000F81000732024E373030382D57594C59A4
06-26-2025 21:18:05.962,34,RECV,7E000F81000831024E383030382D42334351EF
06-26-2025 21:18:06.227,35,RECV,7E000F8100052E024E353030392D435A584BC0
06-26-2025 21:18:06.227,36,RECV,7E000F81000630024E363030392D34523849F5
06-26-2025 21:18:06.227,37,RECV,7E000F81000732024E373030392D55535834C4
06-26-2025 21:18:06.267,38,RECV,7E000F81000831024E383030392D5A355A44CA
06-26-2025 21:18:06.517,39,RECV,7E000F8100052E024E353031302D37575144E5
06-26-2025 21:18:06.528,40,RECV,7E000F81000631024E363031302D56445056C3
06-26-2025 21:18:06.528,41,RECV,7E000F81000732024E373031302D4E534335E7
06-26-2025 21:18:06.568,42,RECV,7E000F81000830024E383031302D374E5650D5
06-26-2025 21:18:06.818,43,RECV,7E000F8100052D024E353031312D434B4E52DA
06-26-2025 21:18:06.849,44,RECV,7E000F81000630024E363031312D5A493755D4
06-26-2025 21:18:06.852,45,RECV,7E000F81000731024E373031312D42494146EE
06-26-2025 21:18:07.119,46,RECV,7E000F8100052E024E353031322D5737545ACA
06-26-2025 21:18:07.119,47,RECV,7E000F81000630024E363031322D35514646F0
06-26-2025 21:18:07.169,48,RECV,7E000F81000731024E373031322D47565732D9
06-26-2025 21:18:07.169,49,RECV,7E000F8100082F024E383031322D554A4E37DB
06-26-2025 21:18:07.470,50,RECV,7E000F8100052E024E353031332D57344E39F3
06-26-2025 21:18:07.470,51,RECV,7E000F8100062F024E363031332D544E3634F6
06-26-2025 21:18:07.471,52,RECV,7E000F81000732024E373031332D5034463300
06-26-2025 21:18:07.471,53,RECV,7E000F81000830024E383031332D50365731EF
06-26-2025 21:18:07.731,54,RECV,7E000F8100052D024E353031342D33395A49F6
06-26-2025 21:18:07.731,55,RECV,7E000F8100062F024E363031342D34364B4C00
06-26-2025 21:18:07.731,56,RECV,7E000F81000731024E373031342D37524734F9
06-26-2025 21:18:07.771,57,RECV,7E000F8100082F024E383031342D59583952C1
06-26-2025 21:18:08.031,58,RECV,7E000F8100052D024E353031352D4F454235F9
06-26-2025 21:18:08.032,59,RECV,7E000F8100062F024E363031352D524E314BE4
06-26-2025 21:18:08.032,60,RECV,7E000F81000730024E373031352D30465739F7
06-26-2025 21:18:08.072,61,RECV,7E000F8100082F024E383031352D4A455244D7
06-26-2025 21:18:08.323,62,RECV,7E000F8100052E024E353031362D5859394FC9
06-26-2025 21:18:08.373,63,RECV,7E000F8100062F024E363031362D4E464435F2
06-26-2025 21:18:08.375,64,RECV,7E000F81000731024E373031362D4F575058AD
06-26-2025 21:18:08.375,65,RECV,7E000F8100082F024E383031362D384F4A4DDD
06-26-2025 21:18:08.623,66,RECV,7E000F81000530024E353031372D4E525A55B0
06-26-2025 21:18:08.673,67,RECV,7E000F8100062E024E363031372D37465143EE
06-26-2025 21:18:08.675,68,RECV,7E000F81000730024E373031372D3233523410
06-26-2025 21:18:08.675,69,RECV,7E000F8100082E024E383031372D4A434C4ED4
06-26-2025 21:18:08.974,70,RECV,7E000F81000530024E353031382D44523854DC
06-26-2025 21:18:08.975,71,RECV,7E000F8100062F024E363031382D5A394557CE
06-26-2025 21:18:08.975,72,RECV,7E000F81000730024E373031382D53553541DC
06-26-2025 21:18:08.975,73,RECV,7E000F8100082F024E383031382D515A365ABE
06-26-2025 21:18:09.275,74,RECV,7E000F81000531024E353031392D41524A52CD
06-26-2025 21:18:09.275,75,RECV,7E000F81000633024E363031392D4B374D46E3
06-26-2025 21:18:09.275,76,RECV,7E000F81000736024E373031392D53394241E4
06-26-2025 21:18:09.275,77,RECV,7E000F81000834024E383031392D564D5A55A1
06-26-2025 21:18:09.575,78,RECV,7E000F8100052C024E353032302D5A463050E9
06-26-2025 21:18:09.576,79,RECV,7E000F81000630024E363032302D4C39394BFA
06-26-2025 21:18:09.576,80,RECV,7E000F81000735024E373032302D5330334402
06-26-2025 21:18:09.576,81,RECV,7E000F81000834024E383032302D42543755D9
06-26-2025 21:18:09.836,82,RECV,7E000F81000530024E353032312D3652304FFD
06-26-2025 21:18:09.836,83,RECV,7E000F81000633024E363032312D5250524DBE
06-26-2025 21:18:09.857,84,RECV,7E000F81000737024E373032312D53554157B9
06-26-2025 21:18:09.860,85,RECV,7E000F81000834024E383032312D31324751FF
06-26-2025 21:18:10.126,86,RECV,7E000F81000530024E353032322D30444E4100
06-26-2025 21:18:10.177,87,RECV,7E000F81000633024E363032322D51354147F0
06-26-2025 21:18:10.177,88,RECV,7E000F81000736024E373032322D3755373303
06-26-2025 21:18:10.177,89,RECV,7E000F81000833024E383032322D4B525855B0
06-26-2025 21:18:10.427,90,RECV,7E000F81000530024E353032332D4F434E31F1
06-26-2025 21:18:10.477,91,RECV,7E000F81000633024E363032332D4E4D4546D7
06-26-2025 21:18:10.778,92,RECV,7E000F8100052F024E353032342D414A36330E
06-26-2025 21:18:10.778,93,RECV,7E000F81000631024E363032342D55435658B8
06-26-2025 21:18:11.079,94,RECV,7E000F8100052E024E353032352D4F474648DE
06-26-2025 21:18:11.079,95,RECV,7E000F81000631024E363032352D4D4B4848D5
06-26-2025 21:18:11.079,96,RECV,7E000F81000832024E383032352D5A495835C8
06-26-2025 21:18:11.379,97,RECV,7E000F8100052F024E353032362D5A574133DB
06-26-2025 21:18:11.379,98,RECV,7E000F81000632024E363032362D4C533051DB
06-26-2025 21:18:11.380,99,RECV,7E000F81000830024E383032362D37494243F4
06-26-2025 21:18:11.380,100,RECV,7E000F81000735024E373032362D4C314E57D4
06-26-2025 21:18:11.650,101,RECV,7E000F8100052F024E353032372D4C444C52D1
06-26-2025 21:18:11.660,102,RECV,7E000F81000733024E373032372D4146314DF2
06-26-2025 21:18:11.930,103,RECV,7E000F8100052E024E353032382D3157433301
06-26-2025 21:18:11.980,104,RECV,7E000F81000831024E383032382D38505138E5
06-26-2025 21:18:11.980,105,RECV,7E000F81000631024E363032382D4938504CDD
06-26-2025 21:18:11.980,106,RECV,7E000F81000732024E373032382D52554631D9
06-26-2025 21:18:12.281,107,RECV,7E000F8100052E024E353032392D33334853FD
06-26-2025 21:18:12.281,108,RECV,7E000F81000830024E383032392D41525731DB
06-26-2025 21:18:12.281,109,RECV,7E000F81000630024E363032392D57505341BF
06-26-2025 21:18:12.281,110,RECV,7E000F81000732024E373032392D50504757B8
06-26-2025 21:18:12.581,111,RECV,7E000F8100052D024E353033302D4C4E4B4ED4
06-26-2025 21:18:12.581,112,RECV,7E000F81000830024E383033302D523437350C
06-26-2025 21:18:12.581,113,RECV,7E000F8100062F024E363033302D51594137E1
06-26-2025 21:18:12.581,114,RECV,7E000F81000731024E373033302D32495A44E6
06-26-2025 21:18:12.883,115,RECV,7E000F8100052E024E353033312D39535348DE
06-26-2025 21:18:12.884,116,RECV,7E000F8100082F024E383033312D44344941FC
06-26-2025 21:18:12.884,117,RECV,7E000F8100062F024E363033312D4C4C4154D5
06-26-2025 21:18:12.884,118,RECV,7E000F81000730024E373033312D4A505943C9
06-26-2025 21:18:13.182,119,RECV,7E000F81000531024E353033322D493136371A
06-26-2025 21:18:13.183,120,RECV,7E000F8100082F024E383033322D52354137FE
06-26-2025 21:18:13.183,121,RECV,7E000F8100062F024E363033322D373842430D
06-26-2025 21:18:13.183,122,RECV,7E000F81000730024E373033322D4232304C0E
06-26-2025 21:18:13.453,123,RECV,7E000F8100052C024E353033332D445630300B
06-26-2025 21:18:13.453,124,RECV,7E000F81000832024E383033332D35494948EA
06-26-2025 21:18:13.473,125,RECV,7E000F8100062F024E363033332D57375653C9
06-26-2025 21:18:13.475,126,RECV,7E000F81000730024E373033332D484C5935DB
06-26-2025 21:18:13.783,127,RECV,7E000F8100052C024E353033342D4C533342F0
06-26-2025 21:18:13.784,128,RECV,7E000F8100082F024E383033342D46434F4AD9
06-26-2025 21:18:13.784,129,RECV,7E000F8100062F024E363033342D50414538F1
06-26-2025 21:18:13.784,130,RECV,7E000F81000731024E373033342D46453154EB
06-26-2025 21:18:14.084,131,RECV,7E000F8100052E024E353033352D3649333619
06-26-2025 21:18:14.084,132,RECV,7E000F81000830024E383033352D4339483005
06-26-2025 21:18:14.084,133,RECV,7E000F8100062F024E363033352D44545438DA
06-26-2025 21:18:14.084,134,RECV,7E000F81000730024E373033352D59573049D2
06-26-2025 21:18:14.385,135,RECV,7E000F8100052F024E353033362D4639363515
06-26-2025 21:18:14.386,136,RECV,7E000F81000834024E383033362D3634414BFE
06-26-2025 21:18:14.386,137,RECV,7E000F81000632024E363033362D4636304FFF
06-26-2025 21:18:14.386,138,RECV,7E000F81000734024E373033362D4F525536CA
06-26-2025 21:18:14.685,139,RECV,7E000F81000530024E353033372D47594A53C0
06-26-2025 21:18:14.686,140,RECV,7E000F81000832024E383033372D45435736E0
06-26-2025 21:18:14.686,141,RECV,7E000F81000632024E363033372D4C3435337D31
06-26-2025 21:18:14.686,142,RECV,7E000F81000734024E373033372D4F524637D7
06-26-2025 21:18:14.987,143,RECV,7E000F81000530024E353033382D584B3033F6
06-26-2025 21:18:14.987,144,RECV,7E000F81000832024E383033382D49344158DE
06-26-2025 21:18:14.987,145,RECV,7E000F81000632024E363033382D474B364CE4
06-26-2025 21:18:14.987,146,RECV,7E000F81000735024E373033382D5A553355BC
06-26-2025 21:18:15.287,147,RECV,7E000F8100052E024E353033392D5A494447CF
06-26-2025 21:18:15.287,148,RECV,7E000F81000832024E383033392D41543254D8
06-26-2025 21:18:15.288,149,RECV,7E000F81000631024E363033392D4C445454C0
06-26-2025 21:18:15.288,150,RECV,7E000F81000732024E373033392D48434B56C9
06-26-2025 21:18:15.587,151,RECV,7E000F81000530024E353034302D3443414407
06-26-2025 21:18:15.587,152,RECV,7E000F81000833024E383034302D53354844E6
06-26-2025 21:18:15.587,153,RECV,7E000F81000734024E373034302D51593051D0
06-26-2025 21:18:15.888,154,RECV,7E000F8100052F024E353034312D384F4E4AE4
06-26-2025 21:18:15.888,155,RECV,7E000F81000832024E383034312D4657484DC8
06-26-2025 21:18:15.891,156,RECV,7E000F81000631024E363034312D41503446F4
06-26-2025 21:18:15.891,157,RECV,7E000F81000733024E373034312D524E3753D1
06-26-2025 21:18:16.188,158,RECV,7E000F81000530024E353034322D52485258BD
06-26-2025 21:18:16.188,159,RECV,7E000F81000833024E383034322D39364D4BF1
06-26-2025 21:18:16.188,160,RECV,7E000F81000632024E363034322D59453034FB
06-26-2025 21:18:16.188,161,RECV,7E000F81000734024E373034322D3941393610
06-26-2025 21:18:16.489,162,RECV,7E000F8100052C024E353034332D5034383117
06-26-2025 21:18:16.489,163,RECV,7E000F8100082F024E383034332D4E414D30EF
06-26-2025 21:18:16.492,164,RECV,7E000F8100062F024E363034332D3953423100
06-26-2025 21:18:16.493,165,RECV,7E000F8100072F024E373034332D4E583558CA
06-26-2025 21:18:16.790,166,RECV,7E000F81000630024E363034342D44495759C0
06-26-2025 21:18:16.791,167,RECV,7E000F81000734024E373034342D52434D49CC
06-26-2025 21:18:17.090,168,RECV,7E000F8100062F024E363034352D485A5631D4
06-26-2025 21:18:17.092,169,RECV,7E000F81000731024E373034352D4F424159CE
06-26-2025 21:18:17.391,170,RECV,7E000F8100082F024E383034362D4454514FC0
06-26-2025 21:18:17.393,171,RECV,7E000F8100052E024E353034362D574C5830D4
06-26-2025 21:18:17.393,172,RECV,7E000F8100062F024E363034362D4C554749CB
06-26-2025 21:18:17.393,173,RECV,7E000F81000730024E373034362D38375853DF
06-26-2025 21:18:17.691,174,RECV,7E000F8100082F024E383034372D36583759D9
06-26-2025 21:18:17.691,175,RECV,7E000F8100052D024E353034372D4950434ED5
06-26-2025 21:18:17.691,176,RECV,7E000F81000630024E363034372D465A4732E1
06-26-2025 21:18:17.691,177,RECV,7E000F81000731024E373034372D4C505058B3
06-26-2025 21:18:17.992,178,RECV,7E000F81000830024E383034382D304A4F4CE0
06-26-2025 21:18:17.992,179,RECV,7E000F8100052E024E353034382D4F343452F4
06-26-2025 21:18:17.992,180,RECV,7E000F81000630024E363034382D474E4959C2
06-26-2025 21:18:17.992,181,RECV,7E000F81000731024E373034382D58594147BD
06-26-2025 21:18:18.292,182,RECV,7E000F81000830024E383034392D59474A35D5
06-26-2025 21:18:18.292,183,RECV,7E000F8100052E024E353034392D325434360C
06-26-2025 21:18:18.292,184,RECV,7E000F81000630024E363034392D334A544CDB
06-26-2025 21:18:18.292,185,RECV,7E000F81000731024E373034392D42453248F4
06-26-2025 21:18:18.593,186,RECV,7E000F81000830024E383035302D4C364A38F8
06-26-2025 21:18:18.593,187,RECV,7E000F8100052D024E353035302D3832344A1D
06-26-2025 21:18:18.593,188,RECV,7E000F81000630024E363035302D52484D33E6
06-26-2025 21:18:18.603,189,RECV,7E000F81000732024E373035302D47314D53E4
06-26-2025 21:18:18.893,190,RECV,7E000F81000830024E383035312D303744410F
06-26-2025 21:18:18.894,191,RECV,7E000F8100052D024E353035312D4A4F5857BC
06-26-2025 21:18:18.894,192,RECV,7E000F81000630024E363035312D354B4A49EC
06-26-2025 21:18:18.903,193,RECV,7E000F81000731024E373035312D52305039F1
06-26-2025 21:18:19.194,194,RECV,7E000F81000831024E383035322D54543046DB
06-26-2025 21:18:19.194,195,RECV,7E000F81000530024E353035322D453139351C
06-26-2025 21:18:19.194,196,RECV,7E000F81000631024E363035322D3636363625
06-26-2025 21:18:19.194,197,RECV,7E000F81000732024E373035322D52493651D8
06-26-2025 21:18:19.494,198,RECV,7E000F81000833024E383035332D4732354107
06-26-2025 21:18:19.495,199,RECV,7E000F8100052F024E353035332D47585658B3
06-26-2025 21:18:19.495,200,RECV,7E000F81000632024E363035332D5041504ECC
06-26-2025 21:18:19.495,201,RECV,7E000F81000734024E373035332D4A445A57B8
06-26-2025 21:18:19.795,202,RECV,7E000F81000831024E383035342D374E4F48DB
06-26-2025 21:18:19.795,203,RECV,7E000F8100052F024E353035342D454B4D59C9
06-26-2025 21:18:19.795,204,RECV,7E000F81000631024E363035342D373938490A
06-26-2025 21:18:19.795,205,RECV,7E000F81000733024E373035342D39523944EF
06-26-2025 21:18:20.095,206,RECV,7E000F81000833024E383035352D36444A4CE4
06-26-2025 21:18:20.096,207,RECV,7E000F81000530024E353035352D43545045D1
06-26-2025 21:18:20.106,208,RECV,7E000F81000632024E363035352D4A484349DB
06-26-2025 21:18:20.108,209,RECV,7E000F81000733024E373035352D303039312C
06-26-2025 21:18:20.396,210,RECV,7E000F81000833024E383035362D35503941F4
06-26-2025 21:18:20.397,211,RECV,7E000F81000531024E353035362D46324F55DF
06-26-2025 21:18:20.406,212,RECV,7E000F81000632024E363035362D4D485948C2
06-26-2025 21:18:20.408,213,RECV,7E000F81000733024E373035362D5839444AD6
06-26-2025 21:18:20.696,214,RECV,7E000F81000832024E383035372D53454E5AB3
06-26-2025 21:18:20.696,215,RECV,7E000F8100052E024E353035372D475A4145D6
06-26-2025 21:18:20.697,216,RECV,7E000F8100062F024E363035372D39585252C5
06-26-2025 21:18:20.707,217,RECV,7E000F81000733024E373035372D49535154B3
06-26-2025 21:18:20.997,218,RECV,7E000F81000832024E383035382D46395638E5
06-26-2025 21:18:20.997,219,RECV,7E000F81000530024E353035382D41425345DF
06-26-2025 21:18:20.997,220,RECV,7E000F81000633024E363035382D46414232FA
06-26-2025 21:18:21.017,221,RECV,7E000F81000734024E373035382D524A4334DF
06-26-2025 21:18:21.298,222,RECV,7E000F8100082F024E383035392D44314D43EF
06-26-2025 21:18:21.299,223,RECV,7E000F8100052C024E353035392D3635425000
06-26-2025 21:18:21.301,224,RECV,7E000F8100062F024E363035392D444C434BDA
06-26-2025 21:18:21.301,225,RECV,7E000F81000730024E373035392D52375858BC
06-26-2025 21:18:21.598,226,RECV,7E000F8100082F024E383036302D4D4F5136D9
06-26-2025 21:18:21.598,227,RECV,7E000F8100052C024E353036302D5A564E4BBC
06-26-2025 21:18:21.648,228,RECV,7E000F8100062E024E363036302D41365A50E0
06-26-2025 21:18:21.648,229,RECV,7E000F81000730024E373036302D4638344A01
06-26-2025 21:18:21.899,230,RECV,7E000F81000830024E383036312D38493259EE
06-26-2025 21:18:21.968,231,RECV,7E000F8100052C024E353036312D385635370A
06-26-2025 21:18:21.968,232,RECV,7E000F8100062F024E363036312D51474845DA
06-26-2025 21:18:21.968,233,RECV,7E000F81000731024E373036312D56435A34D4
06-26-2025 21:18:22.199,234,RECV,7E000F81000830024E383036322D5034383508
06-26-2025 21:18:22.199,235,RECV,7E000F8100052D024E353036322D434F5133EC
06-26-2025 21:18:22.210,236,RECV,7E000F8100062F024E363036322D394E4947E7
06-26-2025 21:18:22.214,237,RECV,7E000F81000731024E373036322D43454442EC
06-26-2025 21:18:22.500,238,RECV,7E000F81000830024E383036332D52464F45CC
06-26-2025 21:18:22.500,239,RECV,7E000F8100052D024E353036332D5441345ADE
06-26-2025 21:18:22.520,240,RECV,7E000F81000630024E363036332D4E4F544DBE
06-26-2025 21:18:22.526,241,RECV,7E000F81000731024E373036332D4438344603
06-26-2025 21:18:22.800,242,RECV,7E000F81000830024E383036342D47534559BF
06-26-2025 21:18:22.800,243,RECV,7E000F8100052E024E353036342D5532453300
06-26-2025 21:18:22.800,244,RECV,7E000F81000630024E363036342D5738373203
06-26-2025 21:18:22.850,245,RECV,7E000F81000731024E373036342D35445846E1
06-26-2025 21:18:23.101,246,RECV,7E000F81000830024E383036352D55455557B0
06-26-2025 21:18:23.101,247,RECV,7E000F8100052D024E353036352D59314850DD
06-26-2025 21:18:23.151,248,RECV,7E000F81000630024E363036352D45305253E0
06-26-2025 21:18:23.151,249,RECV,7E000F81000732024E373036352D35345546F2
06-26-2025 21:18:23.401,250,RECV,7E000F81000830024E383036362D4F4F3632EF
06-26-2025 21:18:23.401,251,RECV,7E000F8100052D024E353036362D39465043EC
06-26-2025 21:18:23.451,252,RECV,7E000F81000630024E363036362D54543249D6
06-26-2025 21:18:23.451,253,RECV,7E000F81000731024E373036362D3830464107
06-26-2025 21:18:23.702,254,RECV,7E000F81000830024E383036372D50394242E7
06-26-2025 21:18:23.702,255,RECV,7E000F8100052E024E353036372D3248504AE8
06-26-2025 21:18:23.752,256,RECV,7E000F81000630024E363036372D4144344CF3
06-26-2025 21:18:23.752,257,RECV,7E000F81000732024E373036372D43324745F3
06-26-2025 21:18:23.972,258,RECV,7E000F81000831024E383036382D4E4B4D35D7
06-26-2025 21:18:24.002,259,RECV,7E000F8100052E024E353036382D53525434CE
06-26-2025 21:18:24.052,260,RECV,7E000F81000630024E363036382D56314E45DD
06-26-2025 21:18:24.052,261,RECV,7E000F81000731024E373036382D554E5738C2
06-26-2025 21:18:24.303,262,RECV,7E000F81000831024E383036392D49544B34D5
06-26-2025 21:18:24.303,263,RECV,7E000F8100052E024E353036392D42315851DE
06-26-2025 21:18:24.323,264,RECV,7E000F81000630024E363036392D304B5A56CB
06-26-2025 21:18:24.324,265,RECV,7E000F81000731024E373036392D48525131D7
06-26-2025 21:18:24.603,266,RECV,7E000F81000831024E383037302D5A453544E1
06-26-2025 21:18:24.603,267,RECV,7E000F8100052E024E353037302D47393554F9
06-26-2025 21:18:24.653,268,RECV,7E000F81000630024E363037302D45584748D2
06-26-2025 21:18:24.653,269,RECV,7E000F81000732024E373037302D4E324839F9
06-26-2025 21:18:24.904,270,RECV,7E000F81000831024E383037312D4F483548E4
06-26-2025 21:18:24.904,271,RECV,7E000F8100052E024E353037312D5A314D55D4
06-26-2025 21:18:24.954,272,RECV,7E000F81000630024E363037312D4D354D36F8
06-26-2025 21:18:24.954,273,RECV,7E000F81000732024E373037312D48534D30E1
06-26-2025 21:18:25.204,274,RECV,7E000F81000830024E383037322D3657314CEE
06-26-2025 21:18:25.205,275,RECV,7E000F8100052E024E353037322D4E484238F0
06-26-2025 21:18:25.254,276,RECV,7E000F81000630024E363037322D414A4749E1
06-26-2025 21:18:25.254,277,RECV,7E000F81000732024E373037322D5A354543E1
06-26-2025 21:18:25.475,278,RECV,7E000F81000831024E383037332D45445158C4
06-26-2025 21:18:25.507,279,RECV,7E000F8100052E024E353037332D4D37413208
06-26-2025 21:18:25.556,280,RECV,7E000F81000630024E363037332D4639564ED8
06-26-2025 21:18:25.557,281,RECV,7E000F81000732024E373037332D4A41323604
06-26-2025 21:18:25.757,282,RECV,7E000F81000831024E383037342D51424853C7
06-26-2025 21:18:25.807,283,RECV,7E000F8100052E024E353037342D55475932D7
06-26-2025 21:18:25.857,284,RECV,7E000F81000631024E363037342D374D4632FD
06-26-2025 21:18:25.857,285,RECV,7E000F81000732024E373037342D5A4E3348D3
06-26-2025 21:18:26.107,286,RECV,7E000F81000832024E383037352D54585632BF
06-26-2025 21:18:26.107,287,RECV,7E000F8100052F024E353037352D524F5051BA
06-26-2025 21:18:26.157,288,RECV,7E000F81000631024E363037352D5933364FE7
06-26-2025 21:18:26.157,289,RECV,7E000F81000732024E373037352D4D345150D3
06-26-2025 21:18:26.407,290,RECV,7E000F81000831024E383037362D50444B4FC5
06-26-2025 21:18:26.408,291,RECV,7E000F8100052E024E353037362D4E375636EB
06-26-2025 21:18:26.458,292,RECV,7E000F81000631024E363037362D37364747FC
06-26-2025 21:18:26.460,293,RECV,7E000F81000732024E373037362D315233300E
06-26-2025 21:18:26.668,294,RECV,7E000F81000831024E383037372D39455859C3
06-26-2025 21:18:26.708,295,RECV,7E000F8100052F024E353037372D45593043E9
06-26-2025 21:18:26.758,296,RECV,7E000F81000631024E363037372D52413348E8
06-26-2025 21:18:26.758,297,RECV,7E000F81000733024E373037372D4C4C4D46C7
06-26-2025 21:18:26.959,298,RECV,7E000F81000832024E383037382D42463055E3
06-26-2025 21:18:27.009,299,RECV,7E000F8100052F024E353037382D57395851C0
06-26-2025 21:18:27.059,300,RECV,7E000F81000631024E363037382D47324C4FE1
06-26-2025 21:18:27.059,301,RECV,7E000F81000732024E373037382D32334A53F0
06-26-2025 21:18:27.309,302,RECV,7E000F81000831024E383037392D4B544648C3
06-26-2025 21:18:27.309,303,RECV,7E000F8100052E024E353037392D50414E57C3
06-26-2025 21:18:27.359,304,RECV,7E000F81000631024E363037392D4C4D5032D9
06-26-2025 21:18:27.359,305,RECV,7E000F81000732024E373037392D3645515ACB
06-26-2025 21:18:27.610,306,RECV,7E000F81000831024E383038302D3647414BEF
06-26-2025 21:18:27.610,307,RECV,7E000F8100052F024E353038302D4A37354208
06-26-2025 21:18:27.660,308,RECV,7E000F81000631024E363038302D4E534236E3
06-26-2025 21:18:27.661,309,RECV,7E000F81000732024E373038302D4F425434E0
06-26-2025 21:18:27.910,310,RECV,7E000F81000831024E383038312D414D444DD8
06-26-2025 21:18:27.910,311,RECV,7E000F8100052E024E353038312D4A4A4336F3
06-26-2025 21:18:27.960,312,RECV,7E000F81000631024E363038312D34583158E6
06-26-2025 21:18:28.171,313,RECV,7E000F81000831024E383038322D34505056CC
06-26-2025 21:18:28.211,314,RECV,7E000F8100052E024E353038322D4D4F4C35E2
06-26-2025 21:18:28.261,315,RECV,7E000F81000630024E363038322D46555A50B6
06-26-2025 21:18:28.261,316,RECV,7E000F81000731024E373038322D4C41344CEB
06-26-2025 21:18:28.461,317,RECV,7E000F81000830024E383038332D5335343505
06-26-2025 21:18:28.511,318,RECV,7E000F8100052D024E353038332D4F37564ED5
06-26-2025 21:18:28.561,319,RECV,7E000F8100062F024E363038332D5037383903
06-26-2025 21:18:28.561,320,RECV,7E000F81000731024E373038332D5734444EDA
06-26-2025 21:18:28.812,321,RECV,7E000F8100082F024E383038342D4C384B51D6
06-26-2025 21:18:28.812,322,RECV,7E000F8100052D024E353038342D42464854DA
06-26-2025 21:18:28.862,323,RECV,7E000F8100062F024E363038342D30545757C8
06-26-2025 21:18:28.863,324,RECV,7E000F81000731024E373038342D485A4B39D0
06-26-2025 21:18:29.112,325,RECV,7E000F8100082E024E383038352D5A484A45C5
06-26-2025 21:18:29.112,326,RECV,7E000F8100052D024E353038352D5731335AE8
06-26-2025 21:18:29.164,327,RECV,7E000F8100062F024E363038352D374F4C44E3
06-26-2025 21:18:29.164,328,RECV,7E000F81000730024E373038352D57534939CA
06-26-2025 21:18:29.373,329,RECV,7E000F8100082F024E383038362D52454B57BB
06-26-2025 21:18:29.413,330,RECV,7E000F8100052C024E353038362D38434656E6
06-26-2025 21:18:29.463,331,RECV,7E000F8100062F024E363038362D494F4648D2
06-26-2025 21:18:29.463,332,RECV,7E000F81000730024E373038362D32555230EC
06-26-2025 21:18:29.664,333,RECV,7E000F8100082F024E383038372D48545643BE
06-26-2025 21:18:29.714,334,RECV,7E000F8100052C024E353038372D3637394D09
06-26-2025 21:18:29.764,335,RECV,7E000F8100062E024E363038372D474D4545DA
06-26-2025 21:18:29.764,336,RECV,7E000F81000730024E373038372D5251464FBC
06-26-2025 21:18:29.964,337,RECV,7E000F8100082F024E383038382D4B4C4649CC
06-26-2025 21:18:30.014,338,RECV,7E000F8100052C024E353038382D52375651CB
06-26-2025 21:18:30.064,339,RECV,7E000F8100062F024E363038382D42595337D1
06-26-2025 21:18:30.064,340,RECV,7E000F81000730024E373038382D56345130E8
06-26-2025 21:18:30.314,341,RECV,7E000F8100082E024E383038392D4A585730C9
06-26-2025 21:18:30.314,342,RECV,7E000F8100052B024E353038392D55395A45CE
06-26-2025 21:18:30.365,343,RECV,7E000F8100062E024E363038392D55364932F0
06-26-2025 21:18:30.365,344,RECV,7E000F8100072F024E373038392D51574B4EB2
06-26-2025 21:18:30.615,345,RECV,7E000F8100082F024E383039302D59534A5AA9
06-26-2025 21:18:30.615,346,RECV,7E000F8100052C024E353039302D474F5344D5
06-26-2025 21:18:30.665,347,RECV,7E000F8100062F024E363039302D3632355808
06-26-2025 21:18:30.665,348,RECV,7E000F81000730024E373039302D43314D3108
06-26-2025 21:18:30.875,349,RECV,7E000F8100082F024E383039312D57375835DD
06-26-2025 21:18:30.915,350,RECV,7E000F8100052C024E353039312D3748363418
06-26-2025 21:18:30.966,351,RECV,7E000F8100062E024E363039312D37374A4104
06-26-2025 21:18:30.966,352,RECV,7E000F81000730024E373039312D33454244FB
06-26-2025 21:18:31.166,353,RECV,7E000F81000831024E383039322D474D5259B6
06-26-2025 21:18:31.216,354,RECV,7E000F8100052C024E353039322D4E4E3159DA
06-26-2025 21:18:31.266,355,RECV,7E000F81000633024E363039322D4B454547DB
06-26-2025 21:18:31.266,356,RECV,7E000F81000733024E373039322D58443042E7
06-26-2025 21:18:31.466,357,RECV,7E000F81000834024E383039332D5732364AE8
06-26-2025 21:18:31.516,358,RECV,7E000F8100052F024E353039332D38455351DB
06-26-2025 21:18:31.567,359,RECV,7E000F81000634024E363039332D4933304801
06-26-2025 21:18:31.567,360,RECV,7E000F81000735024E373039332D35424A32FF
06-26-2025 21:18:31.817,361,RECV,7E000F81000834024E383039342D384232317D33
06-26-2025 21:18:31.817,362,RECV,7E000F81000530024E353039342D55374549E0
06-26-2025 21:18:31.867,363,RECV,7E000F81000633024E363039342D444D415AC9
06-26-2025 21:18:31.867,364,RECV,7E000F81000734024E373039342D4436413601
06-26-2025 21:18:32.077,365,RECV,7E000F81000833024E383039352D3843344EF3
06-26-2025 21:18:32.117,366,RECV,7E000F81000530024E353039352D345A5448CF
06-26-2025 21:18:32.168,367,RECV,7E000F81000632024E363039352D454D5252BF
06-26-2025 21:18:32.168,368,RECV,7E000F81000734024E373039352D48574A41C7
06-26-2025 21:18:32.368,369,RECV,7E000F81000833024E383039362D4F4F5A56A1
06-26-2025 21:18:32.418,370,RECV,7E000F81000530024E353039362D424D333204
06-26-2025 21:18:32.468,371,RECV,7E000F81000632024E363039362D59565032C3
06-26-2025 21:18:32.468,372,RECV,7E000F81000734024E373039362D36364A4AF0
06-26-2025 21:18:32.668,373,RECV,7E000F81000832024E383039372D43483536F9
06-26-2025 21:18:32.718,374,RECV,7E000F8100052F024E353039372D55344544E6
06-26-2025 21:18:32.768,375,RECV,7E000F81000631024E363039372D4B484E50C3
06-26-2025 21:18:32.768,376,RECV,7E000F81000733024E373039372D57424C31DA
06-26-2025 21:18:32.969,377,RECV,7E000F81000831024E383039382D3658544FBE
06-26-2025 21:18:33.019,378,RECV,7E000F8100052E024E353039382D335A4F4CD0
06-26-2025 21:18:33.069,379,RECV,7E000F81000631024E363039382D5959474EAC
06-26-2025 21:18:33.069,380,RECV,7E000F81000732024E373039382D4533385AE6
06-26-2025 21:18:33.319,381,RECV,7E000F81000831024E383039392D334F4639ED
06-26-2025 21:18:33.319,382,RECV,7E000F8100052E024E353039392D4A4B4946D3
06-26-2025 21:18:33.369,383,RECV,7E000F81000630024E363039392D324B454BE6
06-26-2025 21:18:33.369,384,RECV,7E000F81000732024E373039392D59413047DE
