05-08-2025 17:31:55.180,-,API2,"Sink 1,0013A20041839DB1,802.15.4 TH,2003,/dev/ttyUSB2 - 57600/8/M/1/N,1,46"

05-08-2025 17:31:00.375,0,RECV,7E000F8100001D024E323030312D5939563900
05-08-2025 17:31:00.425,1,RECV,7E000F8100001D024E323030322D4832424222
05-08-2025 17:31:00.475,2,RECV,7E000F81000031024E363030312D5843354FEA
05-08-2025 17:31:00.525,3,RECV,7E000F8100002E024E363030322D4D354D3606
05-08-2025 17:31:00.533,4,RECV,7E007D338100003A000AFFFFFFFFFFFFFFFF0000005348A7
05-08-2025 17:31:00.534,5,RECV,7E000F8100002E024E363030332D444D5641E2
05-08-2025 17:31:00.534,6,RECV,7E007D338100001D000CFFFFFFFFFFFFFFFF0000005348C2
05-08-2025 17:31:00.536,7,RECV,7E000F8100002E024E363030342D58534A45CF
05-08-2025 17:31:00.536,8,RECV,7E007D3181F9DF1D02C5004E313030312D5046353189
05-08-2025 17:31:00.536,9,RECV,7E000F81000039024E353030312D4C53444BD4
05-08-2025 17:31:00.536,10,RECV,7E000F8100003B024E353030322D41425031FB
05-08-2025 17:31:00.575,11,RECV,7E007D338100002E000EFFFFFFFFFFFFFFFF0000005348AF
05-08-2025 17:31:00.575,12,RECV,7E000F8100002E024E363030352D52594359C1
05-08-2025 17:31:00.575,13,RECV,7E007D3181F9DF1D02C6004E313030322D504A574151
05-08-2025 17:31:00.626,14,RECV,7E000F8100001E024E323030332D4436315122
05-08-2025 17:31:00.626,15,RECV,7E007D3181F9DF1D02C7004E313030332D5135464E67
05-08-2025 17:31:00.627,16,RECV,7E007D3181F9DF1D02C8004E313030342D36534C3179
05-08-2025 17:31:00.627,17,RECV,7E000F8100003A024E353030332D355A5A55C1
05-08-2025 17:31:00.637,18,RECV,7E000F8100001E024E323030342D544842350A
05-08-2025 17:31:00.676,19,RECV,7E007D3181F9DF1D02C9004E313030352D384631438B
05-08-2025 17:31:00.713,20,RECV,7E000F8100003A024E353030342D42585A38D2
05-08-2025 17:31:00.722,21,RECV,7E007D3181F9DF1D02CA004E313030362D4C51343872
05-08-2025 17:31:00.723,22,RECV,7E000F8100003A024E353030352D4F495343CF
05-08-2025 17:31:00.723,23,RECV,7E000F8100003A024E353030362D594B534BBA
05-08-2025 17:31:00.726,24,RECV,7E000F8100002E024E363030362D515A3732F3
05-08-2025 17:31:00.735,25,RECV,7E000F8100002D024E363030372D4156384AEE
05-08-2025 17:31:00.776,26,RECV,7E000F8100001E024E323030352D39364D4917
05-08-2025 17:31:00.777,27,RECV,7E000F8100001E024E323030362D4B50395AED
05-08-2025 17:31:00.777,28,RECV,7E000F8100003A024E353030372D4A354E49E5
05-08-2025 17:31:00.777,29,RECV,7E007D3181F9DF1D02CB004E313030372D504637426A
05-08-2025 17:31:00.827,30,RECV,7E000F8100001E024E323030372D3130365330
05-08-2025 17:31:00.842,31,RECV,7E007D3181F9DF1D02CC004E313030382D3838395777
05-08-2025 17:31:00.842,32,RECV,7E007D3181F9DF1D02CD004E313030392D575230425A
05-08-2025 17:31:00.877,33,RECV,7E007D3181F9DF1D02CE004E313031302D4337534867
05-08-2025 17:31:00.887,34,RECV,7E000F8100002D024E363030392D45373458FD
05-08-2025 17:31:00.907,35,RECV,7E000F8100001D024E323030382D4D505031FC
05-08-2025 17:31:00.907,36,RECV,7E000F81000039024E353030382D44424B34F6
05-08-2025 17:31:00.928,37,RECV,7E000F8100002D024E363031302D564E534BCB
05-08-2025 17:31:00.928,38,RECV,7E000F8100002D024E363031312D46494C45EC
05-08-2025 17:31:00.977,39,RECV,7E000F81000039024E353030392D37545849CE
05-08-2025 17:31:00.988,40,RECV,7E000F8100002D024E363031322D4B484C4CE0
05-08-2025 17:31:00.988,41,RECV,7E000F8100001D024E323030392D39454E53FA
05-08-2025 17:31:00.988,42,RECV,7E000F81000039024E353031302D393146430F
05-08-2025 17:31:01.027,43,RECV,7E007D3181F9DF1D02CF004E313031312D563142426F
05-08-2025 17:31:01.027,44,RECV,7E007D3181F9DF1D02D0004E313031322D3134425879
05-08-2025 17:31:01.077,45,RECV,7E000F8100002D024E363031332D544B5A45CC
05-08-2025 17:31:01.077,46,RECV,7E000F81000039024E353031312D49414F51D7
05-08-2025 17:31:01.077,47,RECV,7E007D3181F9DF1D02D2004E313031342D3448534A5B
05-08-2025 17:31:01.127,48,RECV,7E000F8100002D024E363031342D4B3849320B
05-08-2025 17:31:01.139,49,RECV,7E000F8100001E024E323031322D423039363D
05-08-2025 17:31:01.139,50,RECV,7E007D3181F9DF1D02D3004E313031352D5745515530
05-08-2025 17:31:01.139,51,RECV,7E000F8100003A024E353031332D48544B52C5
05-08-2025 17:31:01.158,52,RECV,7E007D3181F9DF1D02D4004E313031362D314B343789
05-08-2025 17:31:01.158,53,RECV,7E000F8100002E024E363031352D52304C58E1
05-08-2025 17:31:01.158,54,RECV,7E000F8100003A024E353031342D374634420A
05-08-2025 17:31:01.158,55,RECV,7E000F8100002E024E363031362D4B31304218
05-08-2025 17:31:01.158,56,RECV,7E007D3181F9DF1D02D5004E313031372D4443583758
05-08-2025 17:31:01.158,57,RECV,7E000F8100003A024E353031352D334D4455E3
05-08-2025 17:31:01.178,58,RECV,7E007D3181F9DF1D02D6004E313031382D344754425B
05-08-2025 17:31:01.198,59,RECV,7E000F81000039024E353031362D51385034EF
05-08-2025 17:31:01.227,60,RECV,7E000F8100001E024E323031332D46505759D7
05-08-2025 17:31:01.228,61,RECV,7E000F8100003A024E353031372D41565545C9
05-08-2025 17:31:01.228,62,RECV,7E000F81000039024E353031382D55384858CD
05-08-2025 17:31:01.228,63,RECV,7E000F8100001E024E323031342D394639491B
05-08-2025 17:31:01.278,64,RECV,7E000F8100002E024E363031372D32594446F0
05-08-2025 17:31:01.300,65,RECV,7E000F8100001E024E323031352D504F3847FD
05-08-2025 17:31:01.300,66,RECV,7E000F8100003A024E353032302D333938497D33
05-08-2025 17:31:01.300,67,RECV,7E000F8100002B024E363031382D554E5741CC
05-08-2025 17:31:01.300,68,RECV,7E000F8100002B024E363031392D53395041E9
05-08-2025 17:31:01.300,69,RECV,7E000F8100002B024E363032302D483039520B
05-08-2025 17:31:01.328,70,RECV,7E007D3181F9DF1D02D7004E313031392D5A5330315C
05-08-2025 17:31:01.363,71,RECV,7E000F8100001D024E323031362D523441391B
05-08-2025 17:31:01.378,72,RECV,7E000F8100002B024E363032312D38484A52F1
05-08-2025 17:31:01.378,73,RECV,7E007D3181F9DF1D02D8004E313032302D334547436F
05-08-2025 17:31:01.379,74,RECV,7E000F81000039024E353032332D46533053E2
05-08-2025 17:31:01.379,75,RECV,7E000F8100001D024E323031372D4A53304FFE
05-08-2025 17:31:01.379,76,RECV,7E007D3181F9DF1D02D9004E313032312D423249377B
05-08-2025 17:31:01.428,77,RECV,7E007D3181F9DF1D02DA004E313032322D534951512F
05-08-2025 17:31:01.429,78,RECV,7E007D3181F9DF1D02DB004E313032332D4756515429
05-08-2025 17:31:01.429,79,RECV,7E007D3181F9DF1D02DC004E313032342D4553504938
05-08-2025 17:31:01.429,80,RECV,7E000F81000037024E353032342D4A364947EF
05-08-2025 17:31:01.429,81,RECV,7E000F8100001D024E323031382D5A504D53CF
05-08-2025 17:31:01.430,82,RECV,7E000F81000037024E353032352D4B435534E7
05-08-2025 17:31:01.430,83,RECV,7E000F8100001D024E323031392D53473552F7
05-08-2025 17:31:01.430,84,RECV,7E000F8100001D024E323032302D324730482F
05-08-2025 17:31:01.430,85,RECV,7E000F8100001D024E323032312D3049544909
05-08-2025 17:31:01.446,86,RECV,7E000F8100001D024E323032322D33324B343A
05-08-2025 17:31:01.446,87,RECV,7E000F8100001D024E323032332D3241325721
05-08-2025 17:31:01.482,88,RECV,7E007D3181F9DF1D02DD004E313032352D3056534945
05-08-2025 17:31:01.517,89,RECV,7E000F8100002B024E363032322D344F333323
05-08-2025 17:31:01.518,90,RECV,7E007D3181F9DF1D02DE004E313032362D4135474761
05-08-2025 17:31:01.518,91,RECV,7E000F81000038024E353032362D42354644FB
05-08-2025 17:31:01.518,92,RECV,7E007D3181F9DF1D02DF004E313032372D4858444639
05-08-2025 17:31:01.518,93,RECV,7E000F8100002B024E363032332D3134304C2A
05-08-2025 17:31:01.528,94,RECV,7E000F8100002C024E363032342D4342463905
05-08-2025 17:31:01.528,95,RECV,7E007D3181F9DF1D02E0004E313032382D4541554244
05-08-2025 17:31:01.529,96,RECV,7E000F8100002C024E363032352D56353557F1
05-08-2025 17:31:01.578,97,RECV,7E007D3181F9DF1D02E1004E313032392D364246544D
05-08-2025 17:31:01.579,98,RECV,7E000F8100001D024E323032342D524E5950D3
05-08-2025 17:31:01.579,99,RECV,7E000F81000038024E353032372D56575243B9
05-08-2025 17:31:01.579,100,RECV,7E000F8100001D024E323032352D55555150D0
05-08-2025 17:31:01.579,101,RECV,7E000F8100001D024E323032362D494C493408
05-08-2025 17:31:01.579,102,RECV,7E007D3181F9DF1D02E2004E313033302D3949465648
05-08-2025 17:31:01.629,103,RECV,7E000F8100001E024E323032372D314352440E
05-08-2025 17:31:01.677,104,RECV,7E007D3181F9DF1D02E3004E313033312D5A3359304E
05-08-2025 17:31:01.677,105,RECV,7E000F8100002C024E363032362D4E33353021
05-08-2025 17:31:01.678,106,RECV,7E000F8100001E024E323032382D43534854E5
05-08-2025 17:31:01.679,107,RECV,7E000F8100001E024E323032392D414E4946F8
05-08-2025 17:31:01.679,108,RECV,7E000F8100002C024E363032372D4157554ACF
05-08-2025 17:31:01.679,109,RECV,7E000F8100002C024E363032382D54394453E1
05-08-2025 17:31:01.679,110,RECV,7E000F8100001E024E323033302D32345A441A
05-08-2025 17:31:01.679,111,RECV,7E000F8100002C024E363032392D3737393528
05-08-2025 17:31:01.700,112,RECV,7E000F81000039024E353032382D45373950F4
05-08-2025 17:31:01.729,113,RECV,7E000F8100002C024E363033302D58553034FB
05-08-2025 17:31:01.730,114,RECV,7E007D3181F9DF1D02E4004E313033322D4D32383972
05-08-2025 17:31:01.779,115,RECV,7E007D3181F9DF1D02E5004E313033332D545733344E
05-08-2025 17:31:01.779,116,RECV,7E000F8100002C024E363033312D30574F4AEB
05-08-2025 17:31:01.779,117,RECV,7E007D3181F9DF1D02E6004E313033342D314558434D
05-08-2025 17:31:01.779,118,RECV,7E007D3181F9DF1D02E7004E313033352D595A315820
05-08-2025 17:31:01.829,119,RECV,7E007D3181F9DF1D02E8004E313033362D3759445630
05-08-2025 17:31:01.829,120,RECV,7E007D3181F9DF1D02E9004E313033372D46344B4350
05-08-2025 17:31:01.829,121,RECV,7E000F8100002C024E363033332D374F525AD7
05-08-2025 17:31:01.879,122,RECV,7E000F81000038024E353032392D5439594CC7
05-08-2025 17:31:01.879,123,RECV,7E007D3181F9DF1D02EA004E313033382D4231353975
05-08-2025 17:31:01.879,124,RECV,7E000F8100002C024E363033342D474C444DE4
05-08-2025 17:31:01.879,125,RECV,7E000F81000039024E353033302D4C4C574EC3
05-08-2025 17:31:01.879,126,RECV,7E000F8100002C024E363033352D50424851DC
05-08-2025 17:31:01.929,127,RECV,7E007D3181F9DF1D02EB004E313033392D444A4D3841
05-08-2025 17:31:01.929,128,RECV,7E000F8100001D024E323033312D5137494706
05-08-2025 17:31:01.979,129,RECV,7E000F8100002C024E363033362D49465438EB
05-08-2025 17:31:01.980,130,RECV,7E000F8100001D024E323033322D434B5348F4
05-08-2025 17:31:01.980,131,RECV,7E007D3181F9DF1D02EC004E313034302D5455584614
05-08-2025 17:31:01.980,132,RECV,7E000F8100001D024E323033332D4930495109
05-08-2025 17:31:01.980,133,RECV,7E000F81000038024E353033312D4B50495AC2
05-08-2025 17:31:01.980,134,RECV,7E000F8100001D024E323033342D4330495807
05-08-2025 17:31:02.030,135,RECV,7E007D3181F9DF1D02ED004E313034312D5856384C27
05-08-2025 17:31:02.030,136,RECV,7E000F81000038024E353033322D4D455A4FC4
05-08-2025 17:31:02.030,137,RECV,7E000F8100001D024E323033352D355346321A
05-08-2025 17:31:02.080,138,RECV,7E000F8100001D024E323033362D384E454C02
05-08-2025 17:31:02.080,139,RECV,7E000F81000038024E353033332D5353534BBA
05-08-2025 17:31:02.080,140,RECV,7E000F8100002C024E363033372D3457314801
05-08-2025 17:31:02.130,141,RECV,7E000F8100002C024E363033382D31464F43FB
05-08-2025 17:31:02.130,142,RECV,7E000F81000039024E353033342D464B4646DF
05-08-2025 17:31:02.130,143,RECV,7E000F8100002D024E363033392D504F554FBF
05-08-2025 17:31:02.130,144,RECV,7E000F8100001E024E323033372D4C33314E19
05-08-2025 17:31:02.130,145,RECV,7E007D3181F9DF1D02EE004E313034322D4338475540
05-08-2025 17:31:02.181,146,RECV,7E000F8100003A024E353033362D334E374100
05-08-2025 17:31:02.189,147,RECV,7E000F8100001E024E323033382D5135564EEC
05-08-2025 17:31:02.191,148,RECV,7E000F8100002D024E363034302D48504252DE
05-08-2025 17:31:02.191,149,RECV,7E000F8100003A024E353033372D56573549CD
05-08-2025 17:31:02.230,150,RECV,7E000F8100002D024E363034312D3847454FF6
05-08-2025 17:31:02.231,151,RECV,7E000F8100003A024E353033382D39484837F7
05-08-2025 17:31:02.280,152,RECV,7E000F8100002E024E363034322D3048424EFF
05-08-2025 17:31:02.280,153,RECV,7E000F8100001E024E323033392D3935474A16
05-08-2025 17:31:02.281,154,RECV,7E000F8100003A024E353033392D5A415659AC
05-08-2025 17:31:02.331,155,RECV,7E000F8100001E024E323034302D57384B360D
05-08-2025 17:31:02.331,156,RECV,7E000F8100001E024E323034312D4837584104
05-08-2025 17:31:02.381,157,RECV,7E000F8100001D024E323034322D4C4E564EDE
05-08-2025 17:31:02.385,158,RECV,7E000F81000039024E353034302D4F335843E2
05-08-2025 17:31:02.385,159,RECV,7E000F8100002D024E363034332D313045372A
05-08-2025 17:31:02.385,160,RECV,7E007D3181F9DF1D02EF004E313034332D584A503033
05-08-2025 17:31:02.431,161,RECV,7E000F8100002D024E363034342D59394D57D0
05-08-2025 17:31:02.431,162,RECV,7E000F8100002D024E363034352D34574D57D6
05-08-2025 17:31:02.431,163,RECV,7E007D3181F9DF1D02F0004E313034342D3948375A41
05-08-2025 17:31:02.431,164,RECV,7E000F81000039024E353034322D314449320D
05-08-2025 17:31:02.431,165,RECV,7E000F8100002D024E363034362D35454C45F9
05-08-2025 17:31:02.431,166,RECV,7E000F8100002D024E363034372D48424441F4
05-08-2025 17:31:02.431,167,RECV,7E000F8100002D024E363034382D45465633EE
05-08-2025 17:31:02.491,168,RECV,7E000F8100001D024E323034332D4F45414600
05-08-2025 17:31:02.532,169,RECV,7E007D3181F9DF1D02F1004E313034352D4353365530
05-08-2025 17:31:02.581,170,RECV,7E000F81000039024E353034352D52494238E5
05-08-2025 17:31:02.582,171,RECV,7E000F81000039024E353034362D34364E340D
05-08-2025 17:31:02.582,172,RECV,7E007D3181F9DF1D02F2004E313034362D464F57392A
05-08-2025 17:31:02.582,173,RECV,7E000F8100001D024E323034342D4D555959C6
05-08-2025 17:31:02.582,174,RECV,7E000F81000039024E353034372D4A434745DF
05-08-2025 17:31:02.631,175,RECV,7E000F8100003A024E353034382D33564853D2
05-08-2025 17:31:02.631,176,RECV,7E000F8100002E024E363034392D36574731FB
05-08-2025 17:31:02.682,177,RECV,7E007D3181F9DF1D02F3004E313034372D564652332C
05-08-2025 17:31:02.683,178,RECV,7E000F81000038024E353034392D5535373105
05-08-2025 17:31:02.702,179,RECV,7E007D3181F9DF1D02F4004E313034382D55584956FF
05-08-2025 17:31:02.715,180,RECV,7E000F8100001E024E323034352D3044544907
05-08-2025 17:31:02.716,181,RECV,7E007D3181F9DF1D02F5004E313034392D31594B4D27
05-08-2025 17:31:02.732,182,RECV,7E000F81000038024E353035302D52333856EC
05-08-2025 17:31:02.734,183,RECV,7E000F8100002B024E363035302D4F464D41E8
05-08-2025 17:31:02.782,184,RECV,7E000F8100002C024E363035312D434433430C
05-08-2025 17:31:02.782,185,RECV,7E007D3181F9DF1D02F6004E313035302D375039365A
05-08-2025 17:31:02.782,186,RECV,7E000F8100002C024E363035322D3837534DF9
05-08-2025 17:31:02.832,187,RECV,7E000F8100002C024E363035332D4E413557EC
05-08-2025 17:31:02.882,188,RECV,7E000F81000038024E353035312D50413242F9
05-08-2025 17:31:02.888,189,RECV,7E007D3181F9DF1D02F7004E313035312D524E49481D
05-08-2025 17:31:02.888,190,RECV,7E000F8100001D024E323034362D3234485A10
05-08-2025 17:31:02.888,191,RECV,7E000F8100002B024E363035342D31555254DB
05-08-2025 17:31:02.893,192,RECV,7E007D3181F9DF1D02F8004E313035322D3355474E2F
05-08-2025 17:31:02.893,193,RECV,7E000F8100002B024E363035352D51395155D6
05-08-2025 17:31:02.903,194,RECV,7E007D3181F9DF1D02F9004E313035332D30504B4B34
05-08-2025 17:31:02.904,195,RECV,7E000F8100001D024E323034372D44394F55F6
05-08-2025 17:31:02.923,196,RECV,7E000F8100001D024E323034382D30504D3712
05-08-2025 17:31:02.923,197,RECV,7E007D3181F9DF1D02FA004E313035342D4C5641590C
05-08-2025 17:31:02.934,198,RECV,7E007D3181F9DF1D02FB004E313035352D4C5057341F
05-08-2025 17:31:02.936,199,RECV,7E000F81000037024E353035322D37564E45DE
05-08-2025 17:31:02.982,200,RECV,7E000F81000037024E353035332D43474A44E5
05-08-2025 17:31:02.982,201,RECV,7E000F8100002B024E363035372D53574B38D7
05-08-2025 17:31:02.983,202,RECV,7E000F8100002B024E363035382D4E585845C0
05-08-2025 17:31:02.983,203,RECV,7E000F8100001D024E323034392D304F4D3118
05-08-2025 17:31:03.082,204,RECV,7E000F81000037024E353035342D465A354DDA
05-08-2025 17:31:03.083,205,RECV,7E000F81000037024E353035352D35334451FE
05-08-2025 17:31:03.133,206,RECV,7E000F8100001E024E323035302D35345A4A0F
05-08-2025 17:31:03.133,207,RECV,7E000F81000038024E353035362D4D304B53DE
05-08-2025 17:31:03.183,208,RECV,7E000F8100002C024E363035392D575A3647D3
05-08-2025 17:31:03.233,209,RECV,7E000F81000038024E353035372D5437383302
05-08-2025 17:31:03.233,210,RECV,7E000F8100002C024E363036302D31444B4603
05-08-2025 17:31:03.283,211,RECV,7E000F8100001E024E323035312D32535048FE
05-08-2025 17:31:03.293,212,RECV,7E000F81000038024E353035382D4F453937F3
05-08-2025 17:31:03.293,213,RECV,7E000F81000039024E353035392D4D325231F3
05-08-2025 17:31:03.433,214,RECV,7E000F8100002C024E363036312D414C5736EE
05-08-2025 17:31:03.435,215,RECV,7E007D3181F9DF1D02FC004E313035362D4754574D05
05-08-2025 17:31:03.484,216,RECV,7E007D3181F9DF1D02FD004E313035372D4357315027
05-08-2025 17:31:03.497,217,RECV,7E007D3181F9DF1D02FE004E313035382D3738463853
05-08-2025 17:31:03.534,218,RECV,7E000F8100001D024E323035322D504C473008
05-08-2025 17:31:03.584,219,RECV,7E000F8100001D024E323035332D5A4F393404
05-08-2025 17:31:03.634,220,RECV,7E000F8100001E024E323035342D324E334520
05-08-2025 17:31:03.684,221,RECV,7E007D3181F9DF1D02FF004E313035392D414B593722
05-08-2025 17:31:03.734,222,RECV,7E007D3181F9DF1D0201004E313036302D4D4D45547D31
05-08-2025 17:31:03.750,223,RECV,7E007D3181F9DF1D0202004E313036312D3152455624
05-08-2025 17:31:03.784,224,RECV,7E000F8100001E024E323035352D484F34301C
05-08-2025 17:31:03.785,225,RECV,7E007D3181F9DF1D0203004E313036322D4B4D4E5703
05-08-2025 17:31:03.785,226,RECV,7E000F81000039024E353036302D31534649EA
05-08-2025 17:31:03.785,227,RECV,7E000F81000039024E353036312D59565434C5
05-08-2025 17:31:03.834,228,RECV,7E000F8100002C024E363036322D4A49324FF3
05-08-2025 17:31:03.834,229,RECV,7E007D3181F9DF1D0204004E313036332D355A544516
05-08-2025 17:31:03.835,230,RECV,7E000F81000039024E353036322D5A473454D2
05-08-2025 17:31:03.835,231,RECV,7E000F8100001E024E323035362D3245524A03
05-08-2025 17:31:03.835,232,RECV,7E000F81000039024E353036332D32424451F1
05-08-2025 17:31:03.845,233,RECV,7E000F8100002C024E363036332D48535759BB
05-08-2025 17:31:03.845,234,RECV,7E000F8100002C024E363036342D4C41453201
05-08-2025 17:31:03.885,235,RECV,7E000F81000039024E353036342D58355254C6
05-08-2025 17:31:03.888,236,RECV,7E000F8100001D024E323035372D45554749EC
05-08-2025 17:31:03.935,237,RECV,7E000F8100001D024E323035382D364B4B3019
05-08-2025 17:31:03.949,238,RECV,7E000F8100002C024E363036352D534F323000
05-08-2025 17:31:03.949,239,RECV,7E007D3181F9DF1D0205004E313036342D475A4D410D
05-08-2025 17:31:03.985,240,RECV,7E000F8100001D024E323035392D30555545F5
05-08-2025 17:31:03.987,241,RECV,7E007D3181F9DF1D0206004E313036352D4C525358F1
05-08-2025 17:31:04.045,242,RECV,7E000F8100001D024E323036302D504A5635F7
05-08-2025 17:31:04.056,243,RECV,7E000F8100001D024E323036312D50595046DC
05-08-2025 17:31:04.056,244,RECV,7E007D3181F9DF1D0207004E313036362D5942375016
05-08-2025 17:31:04.076,245,RECV,7E000F81000039024E353036362D45513532FA
05-08-2025 17:31:04.089,246,RECV,7E000F8100001D024E323036322D49574B39F6
05-08-2025 17:31:04.135,247,RECV,7E000F81000039024E353036372D43414232FE
05-08-2025 17:31:04.136,248,RECV,7E007D3181F9DF1D0208004E313036372D3733524535
05-08-2025 17:31:04.156,249,RECV,7E000F8100002D024E363036362D3535354C17
05-08-2025 17:31:04.167,250,RECV,7E007D3181F9DF1D0209004E313036382D3641435723
05-08-2025 17:31:04.167,251,RECV,7E000F8100001E024E323036332D38365556FF
05-08-2025 17:31:04.167,252,RECV,7E000F8100003A024E353036392D58485847B4
05-08-2025 17:31:04.236,253,RECV,7E000F8100003A024E353037302D57525437C7
05-08-2025 17:31:04.247,254,RECV,7E000F8100003A024E353037312D4E525832D0
05-08-2025 17:31:04.247,255,RECV,7E007D3181F9DF1D020A004E313036392D54584C42F8
05-08-2025 17:31:04.286,256,RECV,7E000F8100003A024E353037322D36534941E6
05-08-2025 17:31:04.286,257,RECV,7E000F8100002D024E363036372D47364759E4
05-08-2025 17:31:04.296,258,RECV,7E000F8100003A024E353037332D384E4C31F5
05-08-2025 17:31:04.316,259,RECV,7E000F8100002D024E363036382D34304F53FA
05-08-2025 17:31:04.316,260,RECV,7E007D3181F9DF1D020B004E313037302D47345A5410
05-08-2025 17:31:04.386,261,RECV,7E000F8100002D024E363036392D30475343F2
05-08-2025 17:31:04.386,262,RECV,7E007D3181F9DF1D020C004E313037312D4D454F5501
05-08-2025 17:31:04.386,263,RECV,7E000F8100003B024E353037342D344C4F52D5
05-08-2025 17:31:04.386,264,RECV,7E007D3181F9DF1D020D004E313037322D544239372F
05-08-2025 17:31:04.387,265,RECV,7E000F8100002D024E363037302D52453658E2
05-08-2025 17:31:04.436,266,RECV,7E000F81000039024E353037352D34595557BE
05-08-2025 17:31:04.436,267,RECV,7E007D3181F9DF1D020E004E313037332D3832473052
05-08-2025 17:31:04.436,268,RECV,7E000F8100001D024E323036342D47545A35EE
05-08-2025 17:31:04.436,269,RECV,7E000F8100001D024E323036352D314D475101
05-08-2025 17:31:04.436,270,RECV,7E000F81000039024E353037362D43334144FB
05-08-2025 17:31:04.437,271,RECV,7E000F81000039024E353037372D4834334BFB
05-08-2025 17:31:04.487,272,RECV,7E000F8100002D024E363037312D583436350F
05-08-2025 17:31:04.497,273,RECV,7E000F8100001D024E323036362D4144574CEE
05-08-2025 17:31:04.536,274,RECV,7E000F8100001D024E323036372D4C31425006
05-08-2025 17:31:04.537,275,RECV,7E007D338100001D004EFFFFFFFFFFFFFFFF000000534880
05-08-2025 17:31:04.587,276,RECV,7E000F81000039024E353037382D35514A47DD
05-08-2025 17:31:04.587,277,RECV,7E007D338100002D0052FFFFFFFFFFFFFFFF00000053486C
05-08-2025 17:31:04.587,278,RECV,7E000F8100001D024E323036382D4637424E07
05-08-2025 17:31:04.587,279,RECV,7E000F81000039024E353037392D3433443117
05-08-2025 17:31:04.588,280,RECV,7E007D3181F9DF1D020F004E313037342D363457333D
05-08-2025 17:31:04.637,281,RECV,7E000F8100001E024E323036392D365A353617
05-08-2025 17:31:04.637,282,RECV,7E000F81000039024E353038302D46535045CD
05-08-2025 17:31:04.637,283,RECV,7E000F8100002D024E363037322D383638540B
05-08-2025 17:31:04.687,284,RECV,7E007D3181F9DF1D0210004E313037352D584A344415
05-08-2025 17:31:04.690,285,RECV,7E007D3181F9DF1D027D31004E313037362D41554B4705
05-08-2025 17:31:04.690,286,RECV,7E007D3181F9DF1D0212004E313037372D3253395914
05-08-2025 17:31:04.697,287,RECV,7E000F8100002D024E363037332D48535957B9
05-08-2025 17:31:04.737,288,RECV,7E000F8100003A024E353038312D5049324DE1
05-08-2025 17:31:04.747,289,RECV,7E007D3181F9DF1D027D33004E313037382D5931504807
05-08-2025 17:31:04.747,290,RECV,7E000F8100001E024E323037302D4B37524204
05-08-2025 17:31:04.757,291,RECV,7E007D3181F9DF1D0214004E313037392D414434422C
05-08-2025 17:31:04.788,292,RECV,7E000F8100001E024E323037312D51494C41F2
05-08-2025 17:31:04.788,293,RECV,7E000F8100003A024E353038322D394F5732E7
05-08-2025 17:31:04.839,294,RECV,7E000F81000039024E353038332D414D4F37E4
05-08-2025 17:31:04.854,295,RECV,7E000F8100001E024E323037322D3445425508
05-08-2025 17:31:04.854,296,RECV,7E000F8100002D024E363037342D59323451F3
05-08-2025 17:31:04.854,297,RECV,7E000F8100002E024E363037352D4C424255DC
05-08-2025 17:31:04.855,298,RECV,7E000F8100001E024E323037332D5253394DEC
05-08-2025 17:31:04.887,299,RECV,7E000F8100001D024E323037342D4C555A33E9
05-08-2025 17:31:04.888,300,RECV,7E000F8100002D024E363037362D375A333508
05-08-2025 17:31:04.888,301,RECV,7E007D3181F9DF1D0215004E313038302D584241480B
05-08-2025 17:31:04.888,302,RECV,7E000F8100002D024E363037372D54374C47E2
05-08-2025 17:31:04.928,303,RECV,7E000F8100002E024E363037382D3332355A0A
05-08-2025 17:31:04.929,304,RECV,7E007D3181F9DF1D0216004E313038312D4F31464B1B
05-08-2025 17:31:04.929,305,RECV,7E000F8100001D024E323037352D39524A56EB
05-08-2025 17:31:04.929,306,RECV,7E000F8100001D024E323037362D364A43341E
05-08-2025 17:31:04.929,307,RECV,7E000F8100001D024E323037372D52464B4EE3
05-08-2025 17:31:04.929,308,RECV,7E000F8100003A024E353038342D554C3333EF
05-08-2025 17:31:04.930,309,RECV,7E000F8100002E024E363037392D4D535649BE
05-08-2025 17:31:05.088,310,RECV,7E000F8100001E024E323037382D365838397D33
05-08-2025 17:31:05.138,311,RECV,7E007D3181F9DF1D0217004E313038322D3031434442
05-08-2025 17:31:05.145,312,RECV,7E000F8100001E024E323037392D45513457F0
05-08-2025 17:31:05.146,313,RECV,7E000F81000039024E353038352D514D5845BB
05-08-2025 17:31:05.146,314,RECV,7E000F8100003B024E353038362D4E304A4FDC
05-08-2025 17:31:05.146,315,RECV,7E000F8100001E024E323038302D445834367D33
05-08-2025 17:31:05.188,316,RECV,7E007D3181F9DF1D0218004E313038332D31305A3538
05-08-2025 17:31:05.238,317,RECV,7E000F8100003A024E353038372D53375A43CC
05-08-2025 17:31:05.289,318,RECV,7E007D3181F9DF1D021A004E313038352D574E344209
05-08-2025 17:31:05.289,319,RECV,7E000F8100003B024E353038382D59453958C2
05-08-2025 17:31:05.289,320,RECV,7E000F8100002E024E363038302D434B4755DB
05-08-2025 17:31:05.289,321,RECV,7E007D3181F9DF1D021B004E313038362D4D4E4456ED
05-08-2025 17:31:05.339,322,RECV,7E007D3181F9DF1D021C004E313038372D59595832E4
05-08-2025 17:31:05.349,323,RECV,7E007D3181F9DF1D021D004E313038382D57324B4EFC
05-08-2025 17:31:05.389,324,RECV,7E000F81000038024E353038392D4A533455CD
05-08-2025 17:31:05.389,325,RECV,7E000F81000038024E353039302D4C593253D1
05-08-2025 17:31:05.489,326,RECV,7E000F8100001D024E323038322D34464D321F
05-08-2025 17:31:05.509,327,RECV,7E000F8100002B024E363038312D4B355A43EA
05-08-2025 17:31:05.509,328,RECV,7E000F8100001D024E323038332D4F3348420B
05-08-2025 17:31:05.539,329,RECV,7E000F8100002B024E363038322D5736313216
05-08-2025 17:31:05.540,330,RECV,7E000F81000038024E353039312D4A504245D9
05-08-2025 17:31:05.540,331,RECV,7E000F8100001D024E323038342D54324254FA
05-08-2025 17:31:05.589,332,RECV,7E000F81000037024E353039322D42395847E0
05-08-2025 17:31:05.589,333,RECV,7E000F8100001D024E323038352D57335A4BE6
05-08-2025 17:31:05.600,334,RECV,7E000F81000038024E353039332D3951323804
05-08-2025 17:31:05.613,335,RECV,7E000F8100001E024E323038362D50434144FB
05-08-2025 17:31:05.620,336,RECV,7E000F8100002C024E363038332D4D41353908
05-08-2025 17:31:05.631,337,RECV,7E000F8100001E024E323038372D4A5A4551D8
05-08-2025 17:31:05.690,338,RECV,7E000F81000039024E353039342D365A4452D0
05-08-2025 17:31:05.690,339,RECV,7E007D3181F9DF1D021E004E313038392D424C434209
05-08-2025 17:31:05.691,340,RECV,7E000F8100002C024E363038342D32375A4CF4
05-08-2025 17:31:05.740,341,RECV,7E000F8100002C024E363038352D4F4C465AC7
05-08-2025 17:31:05.749,342,RECV,7E007D3181F9DF1D021F004E313039302D52444B47FB
05-08-2025 17:31:05.749,343,RECV,7E000F8100001E024E323038382D384A454901
05-08-2025 17:31:05.790,344,RECV,7E000F81000039024E353039352D3757313006
05-08-2025 17:31:05.800,345,RECV,7E000F8100002C024E363038362D415A4547DA
05-08-2025 17:31:05.801,346,RECV,7E000F8100001E024E323038392D35584456E9
05-08-2025 17:31:05.840,347,RECV,7E000F8100002C024E363038372D4234434700
05-08-2025 17:31:05.840,348,RECV,7E000F8100001E024E323039302D4B535230F8
05-08-2025 17:31:05.841,349,RECV,7E000F8100001E024E323039312D3352394910
05-08-2025 17:31:05.871,350,RECV,7E000F8100001E024E323039322D344A314D1A
05-08-2025 17:31:05.892,351,RECV,7E007D3181F9DF1D0220004E313039312D49505845EB
05-08-2025 17:31:05.899,352,RECV,7E000F81000038024E353039362D52503039EA
05-08-2025 17:31:05.899,353,RECV,7E007D3181F9DF1D0221004E313039322D4D374A3021
05-08-2025 17:31:05.899,354,RECV,7E000F81000038024E353039372D51353354E7
05-08-2025 17:31:05.899,355,RECV,7E007D3181F9DF1D0222004E313039332D3554365509
05-08-2025 17:31:05.941,356,RECV,7E000F8100001D024E323039332D5451304CF5
05-08-2025 17:31:05.991,357,RECV,7E000F8100002C024E363038382D4F524E44CC
05-08-2025 17:31:05.991,358,RECV,7E000F8100002C024E363038392D3736593602
05-08-2025 17:31:06.041,359,RECV,7E000F8100002C024E363039302D38595944D8
05-08-2025 17:31:06.068,360,RECV,7E000F8100001D024E323039342D44573151F8
05-08-2025 17:31:06.068,361,RECV,7E000F8100002C024E363039312D46473841FF
05-08-2025 17:31:06.068,362,RECV,7E000F8100002C024E363039322D4E323654FA
05-08-2025 17:31:06.068,363,RECV,7E000F8100002C024E363039332D4E465A50C5
05-08-2025 17:31:06.068,364,RECV,7E000F8100002C024E363039342D39365A3306
05-08-2025 17:31:06.091,365,RECV,7E000F8100001D024E323039352D39524150F8
05-08-2025 17:31:06.101,366,RECV,7E007D3181F9DF1D0223004E313039342D55414356EC
05-08-2025 17:31:06.101,367,RECV,7E007D3181F9DF1D0224004E313039352D3834313349
05-08-2025 17:31:06.141,368,RECV,7E000F8100001E024E323039362D415730377D33
05-08-2025 17:31:06.145,369,RECV,7E000F81000038024E353039382D354F5442D9
05-08-2025 17:31:06.145,370,RECV,7E000F81000039024E353039392D49523145E0
05-08-2025 17:31:06.192,371,RECV,7E000F8100002C024E363039352D564B4630EA
05-08-2025 17:31:06.241,372,RECV,7E007D3181F9DF1D0225004E313039362D444A5A51DE
05-08-2025 17:31:06.241,373,RECV,7E000F8100001E024E323039372D5A414E34F4
05-08-2025 17:31:06.292,374,RECV,7E000F8100001E024E323039382D415636327D31
05-08-2025 17:31:06.342,375,RECV,7E000F8100002C024E363039362D3547334908
05-08-2025 17:31:06.342,376,RECV,7E007D3181F9DF1D0226004E313039372D4F4E3258EE
05-08-2025 17:31:06.343,377,RECV,7E000F8100001E024E323039392D3055534DEA
05-08-2025 17:31:06.343,378,RECV,7E007D3181F9DF1D0227004E313039382D5331584DEA
05-08-2025 17:31:06.343,379,RECV,7E007D3181F9DF1D0228004E313039392D4D4F4B5AD0
05-08-2025 17:31:06.343,380,RECV,7E000F8100002D024E363039372D323942361B
05-08-2025 17:31:06.344,381,RECV,7E000F8100002D024E363039382D41305556E1
05-08-2025 17:31:06.542,382,RECV,7E000F8100002E024E363039392D5A474258C0
