05-08-2025 17:30:25.006,-,API2,"Sink 2,0013A20041839DCA,802.15.4 TH,2003,/dev/ttyUSB1 - 57600/8/M/1/N,1,46"

05-08-2025 17:29:43.238,0,RECV,7E000F81000019024E343030302D4647463021
05-08-2025 17:29:43.239,1,RECV,7E000F81000021024E333030302D304A524E03
05-08-2025 17:29:43.287,2,RECV,7E000F81000019024E343030312D39364D3136
05-08-2025 17:29:43.287,3,RECV,7E000F81000021024E333030312D3033463241
05-08-2025 17:29:43.287,4,RECV,7E007D3381000021000BFFFFFFFFFFFFFFFF0000005348BF
05-08-2025 17:29:43.287,5,RECV,7E000F81000037024E383030312D514A4236EE
05-08-2025 17:29:43.287,6,RECV,7E007D3381000019000BFFFFFFFFFFFFFFFF0000005348C7
05-08-2025 17:29:43.297,7,RECV,7E000F81000021024E333030322D594736360F
05-08-2025 17:29:43.298,8,RECV,7E007D3381000041000AFFFFFFFFFFFFFFFF0000005348A0
05-08-2025 17:29:43.337,9,RECV,7E000F81000036024E383030322D4C4C3544F0
05-08-2025 17:29:43.337,10,RECV,7E000F81000019024E343030322D554F5955D0
05-08-2025 17:29:43.337,11,RECV,7E007D3381000037000CFFFFFFFFFFFFFFFF0000005348A8
05-08-2025 17:29:43.337,12,RECV,7E000F81000019024E343030332D41524C59E9
05-08-2025 17:29:43.337,13,RECV,7E000F81000019024E343030342D3635395428
05-08-2025 17:29:43.337,14,RECV,7E000F81000021024E333030332D384738461D
05-08-2025 17:29:43.337,15,RECV,7E000F81000042024E373030312D49324C45EB
05-08-2025 17:29:43.337,16,RECV,7E000F81000038024E383030332D53594F55AE
05-08-2025 17:29:43.338,17,RECV,7E000F81000021024E333030342D4D384454FC
05-08-2025 17:29:43.358,18,RECV,7E000F81000038024E383030342D444B375ADD
05-08-2025 17:29:43.358,19,RECV,7E000F81000037024E383030352D5047434CD7
05-08-2025 17:29:43.368,20,RECV,7E000F81000019024E343030352D49324F4B0A
05-08-2025 17:29:43.368,21,RECV,7E000F81000021024E333030352D55305159E9
05-08-2025 17:29:43.388,22,RECV,7E000F81000021024E333030362D3753583401
05-08-2025 17:29:43.437,23,RECV,7E000F81000019024E343030362D365032491D
05-08-2025 17:29:43.444,24,RECV,7E000F81000021024E333030372D35394B4C7D31
05-08-2025 17:29:43.538,25,RECV,7E000F81000043024E373030332D35444939F9
05-08-2025 17:29:43.539,26,RECV,7E000F81000043024E373030342D3434473014
05-08-2025 17:29:43.588,27,RECV,7E000F81000021024E333030382D39594257EA
05-08-2025 17:29:43.589,28,RECV,7E000F81000043024E373030352D36445433F1
05-08-2025 17:29:43.589,29,RECV,7E000F81000021024E333030392D4C58544ECE
05-08-2025 17:29:43.638,30,RECV,7E000F81000039024E383030362D484B5354C0
05-08-2025 17:29:43.638,31,RECV,7E000F81000039024E383030372D5A544F44B8
05-08-2025 17:29:43.688,32,RECV,7E000F81000039024E383030382D415A4150CC
05-08-2025 17:29:43.688,33,RECV,7E000F81000021024E333031302D4F505930F4
05-08-2025 17:29:43.688,34,RECV,7E000F81000019024E343030372D583335322B
05-08-2025 17:29:43.688,35,RECV,7E000F81000019024E343030382D4933593116
05-08-2025 17:29:43.738,36,RECV,7E000F81000043024E373030362D4E59384DC5
05-08-2025 17:29:43.738,37,RECV,7E000F81000039024E383030392D54444C50C3
05-08-2025 17:29:43.738,38,RECV,7E000F81000039024E383031302D5936373504
05-08-2025 17:29:43.738,39,RECV,7E000F81000021024E333031312D3745384423
05-08-2025 17:29:43.788,40,RECV,7E000F81000043024E373030372D58584335C8
05-08-2025 17:29:43.789,41,RECV,7E000F81000043024E373030382D42583648D7
05-08-2025 17:29:43.790,42,RECV,7E000F81000021024E333031322D41504545FF
05-08-2025 17:29:43.838,43,RECV,7E000F81000018024E343030392D4335594DFE
05-08-2025 17:29:43.859,44,RECV,7E000F81000021024E333031342D59365344F2
05-08-2025 17:29:43.859,45,RECV,7E000F81000044024E373030392D31524F4AD1
05-08-2025 17:29:43.859,46,RECV,7E000F81000019024E343031302D574B4146FA
05-08-2025 17:29:43.859,47,RECV,7E000F81000039024E383031312D5236504FD7
05-08-2025 17:29:43.859,48,RECV,7E000F81000043024E373031302D45503343EB
05-08-2025 17:29:43.870,49,RECV,7E000F81000019024E343031312D4C444B3215
05-08-2025 17:29:43.871,50,RECV,7E000F81000044024E373031312D59385850BB
05-08-2025 17:29:43.889,51,RECV,7E000F81000044024E373031322D58385759B3
05-08-2025 17:29:43.922,52,RECV,7E000F81000019024E343031322D363534473B
05-08-2025 17:29:43.922,53,RECV,7E000F81000034024E383031322D58515643C0
05-08-2025 17:29:43.922,54,RECV,7E000F81000021024E333031352D464D4C46F2
05-08-2025 17:29:43.939,55,RECV,7E000F81000021024E333031362D315A335503
05-08-2025 17:29:43.993,56,RECV,7E000F81000019024E343031332D4B424B4CFC
05-08-2025 17:29:44.028,57,RECV,7E000F81000035024E383031332D59443536F8
05-08-2025 17:29:44.028,58,RECV,7E000F81000036024E383031342D53544953BB
05-08-2025 17:29:44.039,59,RECV,7E000F81000040024E373031332D38524530F7
05-08-2025 17:29:44.089,60,RECV,7E000F81000021024E333031372D365A4746F8
05-08-2025 17:29:44.139,61,RECV,7E000F81000036024E383031352D53564134DF
05-08-2025 17:29:44.140,62,RECV,7E000F81000041024E373031342D5141514EC3
05-08-2025 17:29:44.140,63,RECV,7E000F81000041024E373031352D39374C3700
05-08-2025 17:29:44.160,64,RECV,7E000F81000019024E343031342D564B574ADD
05-08-2025 17:29:44.160,65,RECV,7E000F81000021024E333031382D5637304A0D
05-08-2025 17:29:44.189,66,RECV,7E000F81000021024E333031392D58565458B9
05-08-2025 17:29:44.252,67,RECV,7E000F81000021024E333032302D31444E5305
05-08-2025 17:29:44.252,68,RECV,7E000F81000019024E343031352D424A434609
05-08-2025 17:29:44.252,69,RECV,7E000F81000019024E343031362D4F4C31341D
05-08-2025 17:29:44.252,70,RECV,7E000F81000021024E333032312D34565144FB
05-08-2025 17:29:44.290,71,RECV,7E000F81000040024E373031362D4C4D4D34D9
05-08-2025 17:29:44.299,72,RECV,7E000F81000021024E333032322D59365443F3
05-08-2025 17:29:44.340,73,RECV,7E000F81000019024E343031372D45545852D9
05-08-2025 17:29:44.343,74,RECV,7E000F81000021024E333032332D4932584104
05-08-2025 17:29:44.440,75,RECV,7E000F81000019024E343031382D4C48373818
05-08-2025 17:29:44.491,76,RECV,7E000F81000040024E373031372D5A445457A9
05-08-2025 17:29:44.558,77,RECV,7E000F81000036024E383031362D394A4F37F3
05-08-2025 17:29:44.559,78,RECV,7E000F81000036024E383031372D4134514EE7
05-08-2025 17:29:44.559,79,RECV,7E000F81000019024E343031392D5A545A47CB
05-08-2025 17:29:44.559,80,RECV,7E000F81000019024E343032302D374F314526
05-08-2025 17:29:44.559,81,RECV,7E000F81000019024E343032312D4D595355D3
05-08-2025 17:29:44.559,82,RECV,7E000F8100003E024E373031382D51504C53B3
05-08-2025 17:29:44.559,83,RECV,7E000F81000036024E383031392D46545652B7
05-08-2025 17:29:44.560,84,RECV,7E000F81000021024E333032352D45584345F1
05-08-2025 17:29:44.560,85,RECV,7E000F81000036024E383032302D4E5A4751C1
05-08-2025 17:29:44.560,86,RECV,7E000F81000036024E383032312D5A543051D1
05-08-2025 17:29:44.591,87,RECV,7E000F81000041024E373031392D4B39464ADB
05-08-2025 17:29:44.591,88,RECV,7E000F81000021024E333032362D3136504E10
05-08-2025 17:29:44.591,89,RECV,7E000F81000021024E333032372D574C5150D0
05-08-2025 17:29:44.641,90,RECV,7E000F81000019024E343032322D4A57325AF3
05-08-2025 17:29:44.706,91,RECV,7E000F81000019024E343032332D354B503718
05-08-2025 17:29:44.706,92,RECV,7E000F81000040024E373032312D5A543042D7
05-08-2025 17:29:44.706,93,RECV,7E000F81000021024E333032382D37374E3720
05-08-2025 17:29:44.706,94,RECV,7E000F81000019024E343032342D3855314818
05-08-2025 17:29:44.707,95,RECV,7E000F81000021024E333032392D4159314205
05-08-2025 17:29:44.741,96,RECV,7E000F81000019024E343032352D45445A3604
05-08-2025 17:29:44.741,97,RECV,7E000F81000021024E333033302D3650315112
05-08-2025 17:29:44.741,98,RECV,7E000F81000035024E383032322D46484530FD
05-08-2025 17:29:44.791,99,RECV,7E000F81000035024E383032332D354F343512
05-08-2025 17:29:44.792,100,RECV,7E000F81000035024E383032342D52523642E2
05-08-2025 17:29:44.792,101,RECV,7E000F81000040024E373032322D41425A38E1
05-08-2025 17:29:44.812,102,RECV,7E000F81000021024E333033312D4A3731382F
05-08-2025 17:29:44.818,103,RECV,7E000F81000040024E373032332D3851363303
05-08-2025 17:29:44.818,104,RECV,7E000F8100003F024E373032342D4D584657B3
05-08-2025 17:29:44.842,105,RECV,7E000F81000036024E383032352D354E4B55D9
05-08-2025 17:29:44.892,106,RECV,7E000F81000021024E333033322D59574230F6
05-08-2025 17:29:44.892,107,RECV,7E000F81000019024E343032362D4E464C3903
05-08-2025 17:29:44.892,108,RECV,7E000F81000019024E343032372D4945324D0E
05-08-2025 17:29:44.892,109,RECV,7E000F81000019024E343032382D3342533919
05-08-2025 17:29:44.892,110,RECV,7E000F81000036024E383032362D4C34413703
05-08-2025 17:29:44.942,111,RECV,7E000F81000021024E333033332D4B34594CF3
05-08-2025 17:29:44.942,112,RECV,7E000F81000021024E333033342D4E4A5148E5
05-08-2025 17:29:44.942,113,RECV,7E000F81000036024E383032372D554C5941BF
05-08-2025 17:29:44.942,114,RECV,7E000F81000036024E383032382D47594346D0
05-08-2025 17:29:44.942,115,RECV,7E000F81000041024E373032352D544A4751BC
05-08-2025 17:29:44.992,116,RECV,7E000F81000041024E373032362D42494958C5
05-08-2025 17:29:45.002,117,RECV,7E000F81000021024E333033352D4933304B1E
05-08-2025 17:29:45.002,118,RECV,7E000F81000019024E343032392D373649441F
05-08-2025 17:29:45.042,119,RECV,7E000F8100003F024E373032372D4B575738C1
05-08-2025 17:29:45.042,120,RECV,7E000F81000037024E383032392D304D34390D
05-08-2025 17:29:45.092,121,RECV,7E000F81000019024E343033302D373556431C
05-08-2025 17:29:45.092,122,RECV,7E000F81000036024E383033302D5438385AE2
05-08-2025 17:29:45.124,123,RECV,7E000F81000037024E383033312D4650474CD5
05-08-2025 17:29:45.124,124,RECV,7E000F81000041024E373032382D4B553455C6
05-08-2025 17:29:45.124,125,RECV,7E000F81000037024E383033322D4E374D5AD1
05-08-2025 17:29:45.124,126,RECV,7E000F81000019024E343033312D49435A49F1
05-08-2025 17:29:45.124,127,RECV,7E000F8100003F024E373032392D49484D50C2
05-08-2025 17:29:45.158,128,RECV,7E000F81000037024E383033332D444A494ADB
05-08-2025 17:29:45.161,129,RECV,7E000F81000019024E343033322D3341564510
05-08-2025 17:29:45.192,130,RECV,7E000F81000042024E373033302D5643415AC1
05-08-2025 17:29:45.292,131,RECV,7E000F81000019024E343033332D4545514201
05-08-2025 17:29:45.343,132,RECV,7E000F81000043024E373033312D494D4534E4
05-08-2025 17:29:45.353,133,RECV,7E000F81000021024E333033362D44535659CE
05-08-2025 17:29:45.403,134,RECV,7E000F81000035024E383033342D4D334A4BE8
05-08-2025 17:29:45.403,135,RECV,7E000F81000036024E383033352D46454A51D5
05-08-2025 17:29:45.404,136,RECV,7E000F81000021024E333033372D4D503548F9
05-08-2025 17:29:45.404,137,RECV,7E000F81000035024E383033362D57495649BC
05-08-2025 17:29:45.404,138,RECV,7E000F81000019024E343033342D3353424114
05-08-2025 17:29:45.404,139,RECV,7E000F81000040024E373033322D59474633DC
05-08-2025 17:29:45.443,140,RECV,7E000F81000037024E383033372D55393846EC
05-08-2025 17:29:45.444,141,RECV,7E000F81000040024E373033332D4F375A4EC6
05-08-2025 17:29:45.444,142,RECV,7E000F81000036024E383033382D4F49514CC3
05-08-2025 17:29:45.444,143,RECV,7E000F81000041024E373033342D4F574E41BD
05-08-2025 17:29:45.445,144,RECV,7E000F81000040024E373033352D44314350EA
05-08-2025 17:29:45.493,145,RECV,7E000F81000019024E343033352D50523354F3
05-08-2025 17:29:45.493,146,RECV,7E000F81000040024E373033362D57484C49BD
05-08-2025 17:29:45.493,147,RECV,7E000F81000036024E383033392D33344F4CF5
05-08-2025 17:29:45.493,148,RECV,7E000F81000021024E333033382D4B48495ADC
05-08-2025 17:29:45.493,149,RECV,7E000F81000019024E343033362D345142490B
05-08-2025 17:29:45.543,150,RECV,7E000F81000021024E333033392D51425842E4
05-08-2025 17:29:45.543,151,RECV,7E000F81000019024E343033372D3248423925
05-08-2025 17:29:45.543,152,RECV,7E000F8100003E024E373033372D51474550C5
05-08-2025 17:29:45.593,153,RECV,7E000F81000041024E373033382D4C444645D3
05-08-2025 17:29:45.610,154,RECV,7E000F81000019024E343033382D51314E4CFD
05-08-2025 17:29:45.644,155,RECV,7E000F81000040024E373033392D41494251D1
05-08-2025 17:29:45.694,156,RECV,7E000F81000019024E343033392D5047534FDF
05-08-2025 17:29:45.704,157,RECV,7E000F81000021024E333034302D36505444FB
05-08-2025 17:29:45.704,158,RECV,7E000F81000040024E373034302D55534339D2
05-08-2025 17:29:45.744,159,RECV,7E000F81000040024E373034312D4B325441E3
05-08-2025 17:29:45.754,160,RECV,7E000F81000021024E333034312D3945394C15
05-08-2025 17:29:45.794,161,RECV,7E000F81000021024E333034322D4245593007
05-08-2025 17:29:45.844,162,RECV,7E000F81000021024E333034332D424D4452F1
05-08-2025 17:29:45.844,163,RECV,7E000F81000021024E333034342D33595446EF
05-08-2025 17:29:45.845,164,RECV,7E000F81000040024E373034322D514F3451CF
05-08-2025 17:29:45.845,165,RECV,7E000F81000021024E333034352D59325249EE
05-08-2025 17:29:45.865,166,RECV,7E000F81000040024E373034332D52504535D7
05-08-2025 17:29:45.895,167,RECV,7E000F81000021024E333034362D59394D59DB
05-08-2025 17:29:45.918,168,RECV,7E000F81000040024E373034342D59363751DB
05-08-2025 17:29:45.918,169,RECV,7E000F81000036024E383034302D41335947EB
05-08-2025 17:29:45.944,170,RECV,7E000F81000036024E383034312D59375737E0
05-08-2025 17:29:45.994,171,RECV,7E000F81000036024E383034322D504C494DCB
05-08-2025 17:29:45.995,172,RECV,7E000F81000040024E373034352D3842314501
05-08-2025 17:29:45.995,173,RECV,7E000F81000040024E373034362D59414C36D4
05-08-2025 17:29:45.995,174,RECV,7E000F81000021024E333034372D304B474E02
05-08-2025 17:29:46.055,175,RECV,7E000F81000036024E383034332D323650350F
05-08-2025 17:29:46.095,176,RECV,7E000F81000021024E333034382D5431325109
05-08-2025 17:29:46.095,177,RECV,7E000F81000040024E373034372D4C41364CE0
05-08-2025 17:29:46.145,178,RECV,7E000F81000021024E333034392D3948353624
05-08-2025 17:29:46.145,179,RECV,7E000F81000021024E333035302D3656473015
05-08-2025 17:29:46.145,180,RECV,7E000F8100003F024E373034382D45554E5AAD
05-08-2025 17:29:46.145,181,RECV,7E000F81000036024E383034342D3331324B1A
05-08-2025 17:29:46.146,182,RECV,7E000F81000019024E343034302D56395654E7
05-08-2025 17:29:46.146,183,RECV,7E000F81000036024E383034352D4646364AEE
05-08-2025 17:29:46.146,184,RECV,7E000F81000040024E373034392D38465533E7
05-08-2025 17:29:46.195,185,RECV,7E000F81000019024E343034312D3332585909
05-08-2025 17:29:46.213,186,RECV,7E000F81000019024E343034322D4E555830F3
05-08-2025 17:29:46.213,187,RECV,7E000F81000021024E333035312D3052473816
05-08-2025 17:29:46.213,188,RECV,7E000F81000036024E383034362D5354524CB4
05-08-2025 17:29:46.245,189,RECV,7E000F81000021024E333035322D57314C4BF7
05-08-2025 17:29:46.245,190,RECV,7E000F81000036024E383034372D31455949E0
05-08-2025 17:29:46.245,191,RECV,7E000F81000021024E333035332D4255463800
05-08-2025 17:29:46.245,192,RECV,7E000F81000036024E383034382D33545A38DE
05-08-2025 17:29:46.295,193,RECV,7E000F81000021024E333035342D59535831DF
05-08-2025 17:29:46.297,194,RECV,7E000F8100003F024E373035312D58575230C4
05-08-2025 17:29:46.297,195,RECV,7E000F81000019024E343034332D424C393323
05-08-2025 17:29:46.346,196,RECV,7E000F81000036024E383034392D41474146E7
05-08-2025 17:29:46.374,197,RECV,7E000F81000036024E383035302D504F4B43D1
05-08-2025 17:29:46.374,198,RECV,7E000F81000019024E343034342D39564945FF
05-08-2025 17:29:46.374,199,RECV,7E000F81000019024E343034352D5445474CEF
05-08-2025 17:29:46.374,200,RECV,7E000F81000036024E383035312D53475354BC
05-08-2025 17:29:46.446,201,RECV,7E000F81000021024E333035352D515A5437DD
05-08-2025 17:29:46.446,202,RECV,7E000F81000021024E333035362D383337561A
05-08-2025 17:29:46.446,203,RECV,7E000F81000019024E343034362D34414B5208
05-08-2025 17:29:46.496,204,RECV,7E000F8100003F024E373035322D484D4D47CB
05-08-2025 17:29:46.498,205,RECV,7E000F81000021024E333035372D4D4F575AC4
05-08-2025 17:29:46.498,206,RECV,7E000F81000038024E383035322D4632384802
05-08-2025 17:29:46.546,207,RECV,7E000F81000019024E343034372D4F344E4701
05-08-2025 17:29:46.546,208,RECV,7E000F81000019024E343034382D344149500A
05-08-2025 17:29:46.596,209,RECV,7E000F81000021024E333035382D57475235EB
05-08-2025 17:29:46.646,210,RECV,7E000F81000040024E373035342D58394434E8
05-08-2025 17:29:46.673,211,RECV,7E000F81000019024E343034392D44455750E7
05-08-2025 17:29:46.673,212,RECV,7E000F81000021024E333035392D38575537F4
05-08-2025 17:29:46.673,213,RECV,7E000F81000019024E343035302D4C524641FA
05-08-2025 17:29:46.673,214,RECV,7E000F81000038024E383035332D504B4730E7
05-08-2025 17:29:46.673,215,RECV,7E000F81000038024E383035342D41455032F0
05-08-2025 17:29:46.696,216,RECV,7E000F81000038024E383035352D4F545A5AA0
05-08-2025 17:29:46.696,217,RECV,7E000F81000019024E343035312D344A4A391D
05-08-2025 17:29:46.746,218,RECV,7E000F81000034024E383035362D3744525AD3
05-08-2025 17:29:46.747,219,RECV,7E000F81000034024E383035372D574A3330F5
05-08-2025 17:29:46.747,220,RECV,7E000F81000034024E383035382D59495230D4
05-08-2025 17:29:46.797,221,RECV,7E000F81000033024E383035392D36564C37E9
05-08-2025 17:29:46.807,222,RECV,7E000F8100003F024E373035372D4F414239E4
05-08-2025 17:29:46.847,223,RECV,7E000F81000021024E333036312D31574657F1
05-08-2025 17:29:46.847,224,RECV,7E000F81000021024E333036322D4243473316
05-08-2025 17:29:46.847,225,RECV,7E000F81000021024E333036332D3037374333
05-08-2025 17:29:46.848,226,RECV,7E000F81000019024E343035322D314E524408
05-08-2025 17:29:46.848,227,RECV,7E000F8100003E024E373035382D41493253E0
05-08-2025 17:29:46.897,228,RECV,7E000F81000033024E383036302D46415259CE
05-08-2025 17:29:46.902,229,RECV,7E000F81000021024E333036342D43445753E2
05-08-2025 17:29:46.902,230,RECV,7E000F81000033024E383036312D4E4B514DC8
05-08-2025 17:29:46.902,231,RECV,7E000F81000019024E343035332D3736514717
05-08-2025 17:29:46.902,232,RECV,7E000F81000033024E383036322D4E5A314FD6
05-08-2025 17:29:46.902,233,RECV,7E000F8100003E024E373035392D454D5431D7
05-08-2025 17:29:46.947,234,RECV,7E000F81000019024E343035342D4A44364B0C
05-08-2025 17:29:46.968,235,RECV,7E000F8100003D024E373036302D33584346E3
05-08-2025 17:29:46.997,236,RECV,7E000F8100003E024E373036312D45484953CC
05-08-2025 17:29:46.997,237,RECV,7E000F81000034024E383036332D594E4D4EBA
05-08-2025 17:29:47.007,238,RECV,7E000F81000033024E383036342D34474248F7
05-08-2025 17:29:47.008,239,RECV,7E000F81000021024E333036362D424E374604
05-08-2025 17:29:47.008,240,RECV,7E000F81000019024E343035352D56544A45E1
05-08-2025 17:29:47.047,241,RECV,7E000F8100003E024E373036322D54593634DD
05-08-2025 17:29:47.047,242,RECV,7E000F81000033024E383036352D3033564FF3
05-08-2025 17:29:47.097,243,RECV,7E000F8100003E024E373036332D49563753CA
05-08-2025 17:29:47.119,244,RECV,7E000F81000021024E333036372D4B455541EA
05-08-2025 17:29:47.148,245,RECV,7E000F8100003F024E373036342D464F4858BC
05-08-2025 17:29:47.198,246,RECV,7E000F81000021024E333036382D59494E41DE
05-08-2025 17:29:47.198,247,RECV,7E000F81000019024E343035362D4C36484609
05-08-2025 17:29:47.198,248,RECV,7E000F81000035024E383036362D4B513448E0
05-08-2025 17:29:47.198,249,RECV,7E000F81000019024E343035372D3741344F1D
05-08-2025 17:29:47.248,250,RECV,7E000F81000034024E383036372D44475853C2
05-08-2025 17:29:47.248,251,RECV,7E000F81000034024E383036382D5A4F3645D3
05-08-2025 17:29:47.248,252,RECV,7E000F81000019024E343035382D52384A4DF6
05-08-2025 17:29:47.248,253,RECV,7E000F81000019024E343035392D34575549ED
05-08-2025 17:29:47.248,254,RECV,7E000F81000035024E383036392D484A3934F6
05-08-2025 17:29:47.298,255,RECV,7E000F81000021024E333036392D323845520D
05-08-2025 17:29:47.298,256,RECV,7E007D33810000210050FFFFFFFFFFFFFFFF00000053487A
05-08-2025 17:29:47.299,257,RECV,7E007D33810000190046FFFFFFFFFFFFFFFF00000053488C
05-08-2025 17:29:47.299,258,RECV,7E000F81000035024E383037302D57423638F6
05-08-2025 17:29:47.309,259,RECV,7E000F81000035024E383037312D323642460C
05-08-2025 17:29:47.310,260,RECV,7E007D3381000040004BFFFFFFFFFFFFFFFF000000534860
05-08-2025 17:29:47.319,261,RECV,7E000F81000021024E333037302D385A434BF6
05-08-2025 17:29:47.320,262,RECV,7E000F81000019024E343036302D49495950E3
05-08-2025 17:29:47.348,263,RECV,7E000F81000035024E383037322D37415745E7
05-08-2025 17:29:47.362,264,RECV,7E000F81000019024E343036312D484B374C07
05-08-2025 17:29:47.362,265,RECV,7E000F81000040024E373036352D46454236EC
05-08-2025 17:29:47.363,266,RECV,7E000F81000021024E333037312D59434359DD
05-08-2025 17:29:47.369,267,RECV,7E000F81000021024E333037322D4E42454FF0
05-08-2025 17:29:47.399,268,RECV,7E000F81000040024E373036362D47423932FA
05-08-2025 17:29:47.399,269,RECV,7E000F81000035024E383037332D35505836E7
05-08-2025 17:29:47.399,270,RECV,7E000F81000021024E333037332D323244303B
05-08-2025 17:29:47.420,271,RECV,7E000F81000040024E373036372D3454364BE4
05-08-2025 17:29:47.439,272,RECV,7E000F81000036024E383037342D48343253F7
05-08-2025 17:29:47.439,273,RECV,7E000F81000035024E383037352D52534248C9
05-08-2025 17:29:47.439,274,RECV,7E000F81000021024E333037342D39444B377D33
05-08-2025 17:29:47.448,275,RECV,7E000F81000036024E383037362D314E3654ED
05-08-2025 17:29:47.449,276,RECV,7E000F81000019024E343036322D54573244FB
05-08-2025 17:29:47.498,277,RECV,7E000F81000036024E383037372D32573046F6
05-08-2025 17:29:47.513,278,RECV,7E000F81000040024E373036382D53394D35DE
05-08-2025 17:29:47.513,279,RECV,7E000F81000036024E383037382D37334A4FF1
05-08-2025 17:29:47.513,280,RECV,7E000F81000040024E373036392D303233371F
05-08-2025 17:29:47.513,281,RECV,7E000F81000021024E333037352D4653504ADE
05-08-2025 17:29:47.549,282,RECV,7E000F81000019024E343036332D4555324F00
05-08-2025 17:29:47.549,283,RECV,7E000F81000037024E383037392D4C36574FCA
05-08-2025 17:29:47.599,284,RECV,7E000F81000021024E333037362D4934355A04
05-08-2025 17:29:47.604,285,RECV,7E000F81000021024E333037372D374436322C
05-08-2025 17:29:47.605,286,RECV,7E000F81000021024E333037382D3336384528
05-08-2025 17:29:47.605,287,RECV,7E000F81000019024E343036342D3332435220
05-08-2025 17:29:47.605,288,RECV,7E000F81000019024E343036352D304233571D
05-08-2025 17:29:47.649,289,RECV,7E000F81000019024E343036362D4E575349D7
05-08-2025 17:29:47.662,290,RECV,7E000F81000040024E373037302D57525931C0
05-08-2025 17:29:47.662,291,RECV,7E000F81000021024E333037392D5638423706
05-08-2025 17:29:47.699,292,RECV,7E000F81000021024E333038302D4633514902
05-08-2025 17:29:47.699,293,RECV,7E000F81000036024E383038302D44304A54E9
05-08-2025 17:29:47.699,294,RECV,7E000F81000019024E343036372D30585041FE
05-08-2025 17:29:47.699,295,RECV,7E000F81000036024E383038312D374D454BE6
05-08-2025 17:29:47.749,296,RECV,7E000F81000040024E373037322D5A524858A5
05-08-2025 17:29:47.780,297,RECV,7E000F81000036024E383038322D52595452A8
05-08-2025 17:29:47.799,298,RECV,7E000F81000019024E343036382D5250585AC2
05-08-2025 17:29:47.850,299,RECV,7E000F81000019024E343036392D43374D3618
05-08-2025 17:29:47.850,300,RECV,7E000F81000036024E383038332D4637324EFB
05-08-2025 17:29:47.850,301,RECV,7E000F81000040024E373037332D47343743FB
05-08-2025 17:29:47.850,302,RECV,7E000F81000040024E373037342D32314F50ED
05-08-2025 17:29:47.900,303,RECV,7E000F81000019024E343037302D3952323729
05-08-2025 17:29:47.900,304,RECV,7E000F81000019024E343037312D50315159F1
05-08-2025 17:29:47.950,305,RECV,7E000F81000040024E373037352D4A594D51AD
05-08-2025 17:29:47.951,306,RECV,7E000F81000036024E383038342D46355856CE
05-08-2025 17:29:47.951,307,RECV,7E000F81000036024E383038352D364C4C31F7
05-08-2025 17:29:47.951,308,RECV,7E000F81000021024E333038312D5931454EF7
05-08-2025 17:29:47.951,309,RECV,7E000F81000036024E383038362D31435542EA
05-08-2025 17:29:48.000,310,RECV,7E000F81000019024E343037322D45364959FE
05-08-2025 17:29:48.000,311,RECV,7E000F81000040024E373037362D374A383301
05-08-2025 17:29:48.000,312,RECV,7E000F81000040024E373037372D314A3246F9
05-08-2025 17:29:48.000,313,RECV,7E000F81000036024E383038372D4F414E41D5
05-08-2025 17:29:48.050,314,RECV,7E000F81000019024E343037332D4C4C473902
05-08-2025 17:29:48.051,315,RECV,7E000F81000021024E333038322D584E5052CB
05-08-2025 17:29:48.051,316,RECV,7E000F81000021024E333038332D3244334A1F
05-08-2025 17:29:48.051,317,RECV,7E000F81000038024E383038382D4B53374BD1
05-08-2025 17:29:48.100,318,RECV,7E000F81000042024E373037382D36443744F4
05-08-2025 17:29:48.100,319,RECV,7E000F81000021024E333038342D5A4F5255C1
05-08-2025 17:29:48.101,320,RECV,7E000F81000040024E373037392D4F4E3031EC
05-08-2025 17:29:48.150,321,RECV,7E000F81000038024E383038392D4F303444F9
05-08-2025 17:29:48.150,322,RECV,7E000F81000042024E373038302D4F465945BD
05-08-2025 17:29:48.151,323,RECV,7E000F81000042024E373038312D36534959C4
05-08-2025 17:29:48.151,324,RECV,7E000F81000021024E333038352D364A5858E0
05-08-2025 17:29:48.151,325,RECV,7E000F81000038024E383039302D42504D5ABF
05-08-2025 17:29:48.151,326,RECV,7E000F81000019024E343037342D4B51373412
05-08-2025 17:29:48.200,327,RECV,7E000F81000042024E373038322D4D354957CC
05-08-2025 17:29:48.201,328,RECV,7E000F81000019024E343037352D4D32443322
05-08-2025 17:29:48.201,329,RECV,7E000F81000019024E343037362D5A474341F2
05-08-2025 17:29:48.221,330,RECV,7E000F81000021024E333038362D325249317D31
05-08-2025 17:29:48.251,331,RECV,7E000F81000019024E343037372D4243384217
05-08-2025 17:29:48.301,332,RECV,7E000F81000038024E383039312D53524453BB
05-08-2025 17:29:48.301,333,RECV,7E000F81000021024E333038372D4F56594FC1
05-08-2025 17:29:48.301,334,RECV,7E000F81000043024E373038342D564A4A4FB2
05-08-2025 17:29:48.351,335,RECV,7E000F81000038024E383039322D46524351CA
05-08-2025 17:29:48.351,336,RECV,7E000F81000041024E373038352D4D585251A4
05-08-2025 17:29:48.351,337,RECV,7E000F81000043024E373038362D57304A49CF
05-08-2025 17:29:48.351,338,RECV,7E000F81000021024E333038382D57535244CD
05-08-2025 17:29:48.351,339,RECV,7E000F81000021024E333038392D3430524C0A
05-08-2025 17:29:48.401,340,RECV,7E000F81000040024E373038372D56513743CA
05-08-2025 17:29:48.451,341,RECV,7E000F81000019024E343037382D4C553757E6
05-08-2025 17:29:48.451,342,RECV,7E000F81000019024E343037392D50595A37DA
05-08-2025 17:29:48.451,343,RECV,7E000F81000021024E333039302D4B575154CD
05-08-2025 17:29:48.451,344,RECV,7E000F81000021024E333039312D384734451B
05-08-2025 17:29:48.501,345,RECV,7E000F81000019024E343038302D4554493505
05-08-2025 17:29:48.501,346,RECV,7E000F8100003F024E373038382D3034305007
05-08-2025 17:29:48.501,347,RECV,7E000F8100003F024E373038392D59355935CE
05-08-2025 17:29:48.501,348,RECV,7E000F81000021024E333039322D4F4935380D
05-08-2025 17:29:48.551,349,RECV,7E000F81000019024E343038312D494B345102
05-08-2025 17:29:48.552,350,RECV,7E000F81000019024E343038322D59575131E8
05-08-2025 17:29:48.552,351,RECV,7E000F81000035024E383039332D50395258C5
05-08-2025 17:29:48.552,352,RECV,7E000F8100003F024E373039302D53525038C5
05-08-2025 17:29:48.552,353,RECV,7E000F81000036024E383039342D4B594156BB
05-08-2025 17:29:48.601,354,RECV,7E000F8100003F024E373039312D30514E54CE
05-08-2025 17:29:48.602,355,RECV,7E000F81000019024E343038332D364F314F14
05-08-2025 17:29:48.602,356,RECV,7E000F81000021024E333039332D4B4B333117
05-08-2025 17:29:48.622,357,RECV,7E000F81000019024E343038342D50314C4FFC
05-08-2025 17:29:48.632,358,RECV,7E000F81000034024E383039352D37494C46E5
05-08-2025 17:29:48.652,359,RECV,7E000F81000021024E333039342D59334E3204
05-08-2025 17:29:48.655,360,RECV,7E000F8100003F024E373039332D49484A31E3
05-08-2025 17:29:48.702,361,RECV,7E000F81000034024E383039362D3849384BF2
05-08-2025 17:29:48.702,362,RECV,7E000F8100003F024E373039342D4C5A4F37C2
05-08-2025 17:29:48.752,363,RECV,7E000F81000035024E383039372D545A5A38B4
05-08-2025 17:29:48.752,364,RECV,7E000F81000021024E333039352D46374C4501
05-08-2025 17:29:48.752,365,RECV,7E000F81000021024E333039362D4F4F5A55C1
05-08-2025 17:29:48.752,366,RECV,7E000F81000019024E343038352D574C5130F3
05-08-2025 17:29:48.802,367,RECV,7E000F81000019024E343038362D48384F4700
05-08-2025 17:29:48.802,368,RECV,7E000F81000019024E343038372D4336474B0A
05-08-2025 17:29:48.802,369,RECV,7E000F8100003F024E373039362D30494A33F6
05-08-2025 17:29:48.802,370,RECV,7E000F81000021024E333039372D5A414850DA
05-08-2025 17:29:48.802,371,RECV,7E000F81000019024E343038382D414236510A
05-08-2025 17:29:48.852,372,RECV,7E000F8100003F024E373039372D49455550B8
05-08-2025 17:29:48.853,373,RECV,7E000F81000021024E333039382D4F3545370C
05-08-2025 17:29:48.853,374,RECV,7E000F81000021024E333039392D53573433FA
05-08-2025 17:29:48.853,375,RECV,7E000F81000019024E343038392D34395359FA
05-08-2025 17:29:48.953,376,RECV,7E000F81000040024E373039382D3045383309
05-08-2025 17:29:48.957,377,RECV,7E000F8100003F024E373039392D58394147D0
05-08-2025 17:29:49.003,378,RECV,7E000F81000035024E383039392D324A4249EB
05-08-2025 17:29:49.053,379,RECV,7E000F81000019024E343039302D41374B5107
05-08-2025 17:29:49.153,380,RECV,7E000F81000019024E343039312D44365A357D31
05-08-2025 17:29:49.203,381,RECV,7E000F81000019024E343039322D51325150F5
05-08-2025 17:29:49.253,382,RECV,7E000F81000019024E343039332D4D475947E4
05-08-2025 17:29:49.254,383,RECV,7E000F81000019024E343039342D524E344201
05-08-2025 17:29:49.303,384,RECV,7E000F81000019024E343039352D4D39543705
05-08-2025 17:29:49.403,385,RECV,7E000F81000019024E343039362D5839434AF7
05-08-2025 17:29:49.504,386,RECV,7E000F81000019024E343039372D3631565106
05-08-2025 17:29:49.604,387,RECV,7E000F81000019024E343039382D4D39534EEC
05-08-2025 17:29:49.605,388,RECV,7E000F81000019024E343039392D57375635F9
