06-02-2025 21:20:55.182,-,API2,"Sink 1,0013A20041839DB1,802.15.4 TH,2003,/dev/ttyUSB0 - 57600/8/M/1/N,1,46"

06-02-2025 21:12:28.690,0,RECV,7E007D318100011E0277004E313030302D55434C5571
06-02-2025 21:12:28.697,1,RECV,7E007D31810005340237004E353030302D50423353B4
06-02-2025 21:12:32.702,2,RECV,7E007D31810005370238004E353030312D494742569F
06-02-2025 21:12:32.703,3,RECV,7E007D318100011E0278004E313030312D43345436A7
06-02-2025 21:12:36.713,4,RECV,7E007D3181000534023A004E353030322D5A584D4484
06-02-2025 21:12:36.716,5,RECV,7E007D318100062B020C004E363030322D354C4C52DD
06-02-2025 21:12:36.717,6,RECV,7E007D318100011E0279004E313030322D4C5158565B
06-02-2025 21:12:40.674,7,RECV,7E007D3181000535023D004E353030332D32595034B3
06-02-2025 21:12:40.725,8,RECV,7E007D318100011F027A004E313030332D33494141A5
06-02-2025 21:12:44.687,9,RECV,7E007D31810005360240004E353030342D4754444599
06-02-2025 21:12:44.707,10,RECV,7E007D318100062E0212004E363030342D5142544BBF
06-02-2025 21:12:44.708,11,RECV,7E007D318100011F027B004E313030342D573152586F
06-02-2025 21:12:48.699,12,RECV,7E007D31810005340243004E353030352D4C323238D3
06-02-2025 21:12:48.749,13,RECV,7E007D318100062D0214004E363030352D43353349FB
06-02-2025 21:12:48.750,14,RECV,7E007D318100011F027C004E313030352D594357307C
06-02-2025 21:12:52.709,15,RECV,7E007D31810005340246004E353030362D32455748A1
06-02-2025 21:12:52.714,16,RECV,7E007D318100062C0217004E363030362D41565247BC
06-02-2025 21:12:52.719,17,RECV,7E007D318100011F027D5D004E313030362D365A503588
06-02-2025 21:12:56.720,18,RECV,7E007D31810005350249004E353030372D4238394EB1
06-02-2025 21:12:56.726,19,RECV,7E007D318100062D021A004E363030372D51394C34DD
06-02-2025 21:12:56.727,20,RECV,7E007D318100011F027D5E004E313030372D50354B3596
06-02-2025 21:13:00.682,21,RECV,7E007D3181000534024C004E353030382D47363942B7
06-02-2025 21:13:00.732,22,RECV,7E007D318100062C021D004E363030382D57325955AD
06-02-2025 21:13:00.737,23,RECV,7E007D318100011F0280004E313030382D563033429D
06-02-2025 21:13:04.693,24,RECV,7E007D3181000534024F004E353030392D31394537C5
06-02-2025 21:13:04.743,25,RECV,7E007D318100062C0220004E363030392D41473759C8
06-02-2025 21:13:04.744,26,RECV,7E007D318100011F0282004E313030392D4C58564358
06-02-2025 21:13:08.704,27,RECV,7E007D31810005340252004E353031302D49564F467C
06-02-2025 21:13:08.754,28,RECV,7E007D318100062C0223004E363031302D33515837D2
06-02-2025 21:13:08.785,29,RECV,7E007D318100011E0285004E313031302D35434C4493
06-02-2025 21:13:12.716,30,RECV,7E007D31810005340255004E353031312D52304F4A91
06-02-2025 21:13:12.766,31,RECV,7E007D318100011E0288004E313031312D31313733CB
06-02-2025 21:13:16.728,32,RECV,7E007D31810005340258004E353031322D4350463996
06-02-2025 21:13:16.778,33,RECV,7E007D318100062D0229004E363031322D44493455C6
06-02-2025 21:13:16.808,34,RECV,7E007D318100011F028B004E313031322D313039599F
06-02-2025 21:13:20.692,35,RECV,7E007D3181000536025B004E353031332D5259305770
06-02-2025 21:13:20.742,36,RECV,7E007D318100011F028E004E313031332D314742587C
06-02-2025 21:13:24.704,37,RECV,7E007D3181000534025E004E353031342D5146355381
06-02-2025 21:13:24.754,38,RECV,7E007D318100062D022F004E363031342D5A5A564D7D5D
06-02-2025 21:13:24.760,39,RECV,7E007D318100011F0291004E313031342D4F4349525D
06-02-2025 21:13:28.715,40,RECV,7E007D31810005360261004E353031352D4241574C74
06-02-2025 21:13:28.766,41,RECV,7E007D318100062D0232004E363031352D38363335FA
06-02-2025 21:13:28.766,42,RECV,7E007D318100011E0294004E313031352D5930444377
06-02-2025 21:13:32.726,43,RECV,7E007D31810005360264004E353031362D48475A416C
06-02-2025 21:13:32.777,44,RECV,7E007D318100011E0297004E313031362D3339485A75
06-02-2025 21:13:36.688,45,RECV,7E007D31810005360267004E353031372D4D4D4C515B
06-02-2025 21:13:36.788,46,RECV,7E007D318100011E029A004E313031372D3753345869
06-02-2025 21:13:40.709,47,RECV,7E007D3181000536026A004E353031382D355345378A
06-02-2025 21:13:40.799,48,RECV,7E007D318100011E029D004E313031382D5330324680
06-02-2025 21:13:44.709,49,RECV,7E007D3181000534026D004E353031392D4537573683
06-02-2025 21:13:44.809,50,RECV,7E007D318100062D023E004E363031392D4B314E4CAA
06-02-2025 21:13:44.810,51,RECV,7E007D318100011E02A0004E313031392D555A4D5229
06-02-2025 21:13:48.721,52,RECV,7E007D31810005340270004E353032302D513145507A
06-02-2025 21:13:48.821,53,RECV,7E007D318100062D0241004E363032302D4F5453329D
06-02-2025 21:13:48.824,54,RECV,7E007D318100011E02A3004E313032302D5243383976
06-02-2025 21:13:52.732,55,RECV,7E007D31810005330273004E353032312D4D32474187
06-02-2025 21:13:52.782,56,RECV,7E007D318100062D0244004E363032312D4E4A5A329D
06-02-2025 21:13:52.832,57,RECV,7E007D318100011E02A6004E313032312D3747474C67
06-02-2025 21:13:56.742,58,RECV,7E007D31810005350276004E353032322D555758483C
06-02-2025 21:13:56.842,59,RECV,7E007D318100011E02A9004E313032322D3338464B78
06-02-2025 21:14:00.703,60,RECV,7E007D31810005330279004E353032332D5651575731
06-02-2025 21:14:00.804,61,RECV,7E007D318100062D024A004E363032332D4A364D39B3
06-02-2025 21:14:00.840,62,RECV,7E007D318100011E02AC004E313032332D574944523A
06-02-2025 21:14:04.713,63,RECV,7E007D3181000533027C004E353032342D4355303387
06-02-2025 21:14:04.814,64,RECV,7E007D318100062D024D004E363032342D564C4B3791
06-02-2025 21:14:04.814,65,RECV,7E007D318100011E02AF004E313032342D4756464247
06-02-2025 21:14:08.724,66,RECV,7E007D3181000534027F004E353032352D5644484F4C
06-02-2025 21:14:08.824,67,RECV,7E007D318100011E02B2004E313032352D383856534F
06-02-2025 21:14:12.736,68,RECV,7E007D31810005340282004E353032362D5230495559
06-02-2025 21:14:12.836,69,RECV,7E007D318100011F02B5004E313032362D335948454A
06-02-2025 21:14:16.747,70,RECV,7E007D31810005340285004E353032372D544846454E
06-02-2025 21:14:16.847,71,RECV,7E007D318100062E0256004E363032372D4454395384
06-02-2025 21:14:16.853,72,RECV,7E007D318100011E02B8004E313032372D39464B4452
06-02-2025 21:14:20.708,73,RECV,7E007D31810005340288004E353032382D3832543083
06-02-2025 21:14:20.859,74,RECV,7E007D318100022E026F004E323032382D49364A3994
06-02-2025 21:14:20.866,75,RECV,7E007D318100011E02BB004E313032382D5643384546
06-02-2025 21:14:24.720,76,RECV,7E007D3181000534028B004E353032392D4856483354
06-02-2025 21:14:24.870,77,RECV,7E007D318100062C025C004E363032392D50544C545E
06-02-2025 21:14:24.881,78,RECV,7E007D318100011E02BE004E313032392D4856455520
06-02-2025 21:14:28.731,79,RECV,7E007D3181000537028E004E353033302D475A5A373D
06-02-2025 21:14:28.852,80,RECV,7E007D318100011E02C1004E313033302D4646594C2C
06-02-2025 21:14:32.742,81,RECV,7E007D31810005340291004E353033312D384C4F5744
06-02-2025 21:14:32.892,82,RECV,7E007D318100011E02C4004E313033312D5856355422
06-02-2025 21:14:36.754,83,RECV,7E007D31810005340294004E353033322D513843435B
06-02-2025 21:14:36.854,84,RECV,7E007D318100011E02C7004E313033322D3558355142
06-02-2025 21:14:40.764,85,RECV,7E007D31810005340297004E353033332D45504B483E
06-02-2025 21:14:40.864,86,RECV,7E007D318100011E02CA004E313033332D3339505342
06-02-2025 21:14:44.725,87,RECV,7E007D3181000534029A004E353033342D514C534230
06-02-2025 21:14:44.876,88,RECV,7E007D318100022F0281004E323033342D353232539A
06-02-2025 21:14:44.876,89,RECV,7E007D318100062E026B004E363033342D524559396C
06-02-2025 21:14:44.876,90,RECV,7E007D318100011E02CD004E313033342D484F574916
06-02-2025 21:14:48.737,91,RECV,7E007D3181000534029D004E353033352D4D514F3839
06-02-2025 21:14:48.888,92,RECV,7E007D318100022F0284004E323033352D5859444548
06-02-2025 21:14:48.888,93,RECV,7E007D318100062E026E004E363033352D4858483079
06-02-2025 21:14:48.888,94,RECV,7E007D318100011E02D0004E313033352D3650565914
06-02-2025 21:14:52.749,95,RECV,7E007D318100053402A0004E353033362D59364F3844
06-02-2025 21:14:52.899,96,RECV,7E007D31810002300287004E323033362D4A4957444F
06-02-2025 21:14:52.899,97,RECV,7E007D318100062D0271004E363033362D4356413282
06-02-2025 21:14:52.899,98,RECV,7E007D318100011E02D3004E313033362D4E4F413730
06-02-2025 21:14:56.759,99,RECV,7E007D318100053402A3004E353033372D4259524C1D
06-02-2025 21:14:56.909,100,RECV,7E007D3181000230028A004E323033372D525630534E
06-02-2025 21:14:56.944,101,RECV,7E007D318100062D0274004E363033372D444C443581
06-02-2025 21:14:56.952,102,RECV,7E007D318100011E02D6004E313033372D333348474C
06-02-2025 21:15:00.731,103,RECV,7E007D318100053502A6004E353033382D4E4335305B
06-02-2025 21:15:00.871,104,RECV,7E007D3181000232028D004E323033382D494830486A
06-02-2025 21:15:00.891,105,RECV,7E007D318100062F0277004E363033382D305258307A
06-02-2025 21:15:00.891,106,RECV,7E007D318100011E02D9004E313033382D524E45457D33
06-02-2025 21:15:04.731,107,RECV,7E007D318100053402A9004E353033392D3042565A2C
06-02-2025 21:15:04.892,108,RECV,7E007D318100022F0290004E323033392D4F4C323075
06-02-2025 21:15:04.898,109,RECV,7E007D318100062D027A004E363033392D3859554656
06-02-2025 21:15:04.898,110,RECV,7E007D318100011E02DC004E313033392D4C59454A05
06-02-2025 21:15:08.742,111,RECV,7E007D318100053702AC004E353034302D305942473E
06-02-2025 21:15:08.893,112,RECV,7E007D318100022F0293004E323034302D4249544652
06-02-2025 21:15:08.894,113,RECV,7E007D318100062D027D5D004E363034302D3439525771
06-02-2025 21:15:08.943,114,RECV,7E007D318100011E02DF004E313034302D354D4F4924
06-02-2025 21:15:12.753,115,RECV,7E007D318100053402AF004E353034312D43304F4E3F
06-02-2025 21:15:12.903,116,RECV,7E007D318100022F0296004E323034312D50484B533D
06-02-2025 21:15:12.903,117,RECV,7E007D31810006300280004E363034312D343056576F
06-02-2025 21:15:12.903,118,RECV,7E007D318100011E02E2004E313034312D35594A580A
06-02-2025 21:15:16.764,119,RECV,7E007D318100053402B2004E353034322D54444E4E17
06-02-2025 21:15:16.914,120,RECV,7E007D318100022F0299004E323034322D4230545059
06-02-2025 21:15:16.914,121,RECV,7E007D318100062E0283004E363034322D324E494570
06-02-2025 21:15:16.914,122,RECV,7E007D318100011E02E5004E313034322D544449470E
06-02-2025 21:15:20.725,123,RECV,7E007D318100053602B5004E353034332D474E4D5A09
06-02-2025 21:15:20.925,124,RECV,7E007D318100022F029C004E323034332D4A59464141
06-02-2025 21:15:20.926,125,RECV,7E007D318100062E0286004E363034332D33314F5770
06-02-2025 21:15:20.926,126,RECV,7E007D318100011E02E8004E313034332D4E50335908
06-02-2025 21:15:24.737,127,RECV,7E007D318100053302B8004E353034342D553059590D
06-02-2025 21:15:24.937,128,RECV,7E007D3181000230029F004E323034342D5753475421
06-02-2025 21:15:24.947,129,RECV,7E007D318100062D0289004E363034342D4E3159445B
06-02-2025 21:15:24.947,130,RECV,7E007D318100011E02EB004E313034342D544230577D31
06-02-2025 21:15:28.748,131,RECV,7E007D318100053502BB004E353034352D414D384E2A
06-02-2025 21:15:28.948,132,RECV,7E007D318100023002A2004E323034352D52314A494C
06-02-2025 21:15:28.948,133,RECV,7E007D318100062D028C004E363034352D4938424F61
06-02-2025 21:15:28.949,134,RECV,7E007D318100011E02EE004E313034352D4F5A5859D0
06-02-2025 21:15:32.759,135,RECV,7E007D318100053402BE004E353034362D4431415530
06-02-2025 21:15:32.929,136,RECV,7E007D318100022F02A5004E323034362D4B55544724
06-02-2025 21:15:32.940,137,RECV,7E007D318100062D028F004E363034362D3541574161
06-02-2025 21:15:32.940,138,RECV,7E007D318100011E02F1004E313034362D49564D44F6
06-02-2025 21:15:36.770,139,RECV,7E007D318100053402C1004E353034372D59474A4607
06-02-2025 21:15:36.970,140,RECV,7E007D318100023002A8004E323034372D3355334857
06-02-2025 21:15:36.977,141,RECV,7E007D318100062D0292004E363034372D334C435653
06-02-2025 21:15:36.977,142,RECV,7E007D318100011E02F4004E313034372D593036441F
06-02-2025 21:15:40.732,143,RECV,7E007D318100053602C4004E353034382D3057515306
06-02-2025 21:15:40.933,144,RECV,7E007D318100023402AB004E323034382D3248324363
06-02-2025 21:15:40.943,145,RECV,7E007D318100062E0295004E363034382D4B38573755
06-02-2025 21:15:40.943,146,RECV,7E007D318100011E02F7004E313034382D59595550C7
06-02-2025 21:15:44.742,147,RECV,7E007D318100053502C7004E353034392D424C414817
06-02-2025 21:15:44.943,148,RECV,7E007D318100022F02AE004E323034392D4547425431
06-02-2025 21:15:44.943,149,RECV,7E007D31810006330298004E363034392D37354C5253
06-02-2025 21:15:44.953,150,RECV,7E007D318100011E02FA004E313034392D415738377D33
06-02-2025 21:15:48.753,151,RECV,7E007D318100053702CA004E353035302D4A5A5157E5
06-02-2025 21:15:48.954,152,RECV,7E007D318100022F02B1004E323035302D374637495B
06-02-2025 21:15:48.954,153,RECV,7E007D3181000634029B004E363035302D4D51324849
06-02-2025 21:15:48.955,154,RECV,7E007D318100011E02FD004E313035302D3951374E10
06-02-2025 21:15:52.764,155,RECV,7E007D318100053602CD004E353035312D585A5038F4
06-02-2025 21:15:52.964,156,RECV,7E007D318100023002B4004E323035312D3835534F44
06-02-2025 21:15:52.965,157,RECV,7E007D3181000633029E004E363035312D3145475849
06-02-2025 21:15:52.975,158,RECV,7E007D318100011E0201004E313035312D51463957F3
06-02-2025 21:15:56.775,159,RECV,7E007D318100053402D0004E353035322D35565757F3
06-02-2025 21:15:56.975,160,RECV,7E007D318100022F02B7004E323035322D5939454B2E
06-02-2025 21:15:56.975,161,RECV,7E007D318100062E02A1004E363035322D4F4A394E3F
06-02-2025 21:15:56.975,162,RECV,7E007D318100011E0204004E313035322D53474C59D7
06-02-2025 21:16:00.786,163,RECV,7E007D318100053702D3004E353035332D513744487D31
06-02-2025 21:16:00.986,164,RECV,7E007D318100022F02BA004E323035332D534E304437
06-02-2025 21:16:00.988,165,RECV,7E007D318100062F02A4004E363035332D50304F5536
06-02-2025 21:16:00.988,166,RECV,7E007D318100011E0207004E313035332D5A4C5335E4
06-02-2025 21:16:04.746,167,RECV,7E007D318100053402D6004E353035342D464B44321D
06-02-2025 21:16:04.997,168,RECV,7E007D318100023002BD004E323035342D545747490C
06-02-2025 21:16:04.999,169,RECV,7E007D318100062D02A7004E363035342D4331594843
06-02-2025 21:16:04.999,170,RECV,7E007D318100011E020A004E313035342D49573351EA
06-02-2025 21:16:08.757,171,RECV,7E007D318100053602D9004E353035352D583433411E
06-02-2025 21:16:09.008,172,RECV,7E007D318100022F02C0004E323035352D47565A301D
06-02-2025 21:16:09.011,173,RECV,7E007D318100063002AA004E363035352D42394D4A3F
06-02-2025 21:16:09.011,174,RECV,7E007D318100011E020D004E313035352D595A5232D3
06-02-2025 21:16:12.767,175,RECV,7E007D318100053402DC004E353035362D563353360A
06-02-2025 21:16:12.978,176,RECV,7E007D318100022F02C3004E323035362D494E35393B
06-02-2025 21:16:12.978,177,RECV,7E007D318100063102AD004E363035362D573141453E
06-02-2025 21:16:12.999,178,RECV,7E007D318100011E0210004E313035362D30494453F6
06-02-2025 21:16:16.778,179,RECV,7E007D318100053402DF004E353035372D5336463316
06-02-2025 21:16:16.978,180,RECV,7E007D318100023002C6004E323035372D315730483B
06-02-2025 21:16:16.978,181,RECV,7E007D318100062C02B0004E363035372D4653395328
06-02-2025 21:16:17.028,182,RECV,7E007D318100011E027D33004E313035372D38354B53F7
06-02-2025 21:16:20.789,183,RECV,7E007D318100053402E2004E353035382D5659544AC7
06-02-2025 21:16:20.999,184,RECV,7E007D318100023002C9004E323035382D545A4646FD
06-02-2025 21:16:21.001,185,RECV,7E007D318100062C02B3004E363035382D524D524A0E
06-02-2025 21:16:21.001,186,RECV,7E007D318100011E0216004E313035382D55515054B4
06-02-2025 21:16:24.799,187,RECV,7E007D318100053702E5004E353035392D414D4556E4
06-02-2025 21:16:25.000,188,RECV,7E007D318100023002CC004E323035392D3935485924
06-02-2025 21:16:25.000,189,RECV,7E007D318100062F02B6004E363035392D413854393C
06-02-2025 21:16:25.050,190,RECV,7E007D318100011E0219004E313035392D37515A33E5
06-02-2025 21:16:28.760,191,RECV,7E007D318100053402E8004E353036302D4F544430FE
06-02-2025 21:16:29.011,192,RECV,7E007D318100022F02CF004E323036302D54574C53EF
06-02-2025 21:16:29.017,193,RECV,7E007D318100062C02B9004E363036302D5651374329
06-02-2025 21:16:29.017,194,RECV,7E007D318100011E021C004E313036302D554F3259D0
06-02-2025 21:16:32.771,195,RECV,7E007D318100053702EB004E353036312D3244334E17
06-02-2025 21:16:33.022,196,RECV,7E007D318100023002D2004E323036312D3445303457
06-02-2025 21:16:33.023,197,RECV,7E007D318100063102BC004E363036312D50515354F9
06-02-2025 21:16:33.023,198,RECV,7E007D318100011E021F004E313036312D51593146DA
06-02-2025 21:16:36.782,199,RECV,7E007D318100053402EE004E353036322D43553151F3
06-02-2025 21:16:37.033,200,RECV,7E007D318100023002D5004E323036322D4B47324329
06-02-2025 21:16:37.033,201,RECV,7E007D318100062D02BF004E363036322D324745364D
06-02-2025 21:16:37.033,202,RECV,7E007D318100011E0222004E313036322D49564253C3
06-02-2025 21:16:40.793,203,RECV,7E007D318100053702F1004E353036332D4F4234307D31
06-02-2025 21:16:41.043,204,RECV,7E007D318100023002D8004E323036332D593034422D
06-02-2025 21:16:41.048,205,RECV,7E007D318100062F02C2004E363036332D304B574C1D
06-02-2025 21:16:41.048,206,RECV,7E007D318100011E0225004E313036332D4A394132FD
06-02-2025 21:16:44.764,207,RECV,7E007D318100053302F4004E353036342D474F484BDD
06-02-2025 21:16:45.055,208,RECV,7E007D318100023002DB004E323036342D4933575500
06-02-2025 21:16:45.055,209,RECV,7E007D318100062D02C5004E363036342D4D43314A2E
06-02-2025 21:16:45.055,210,RECV,7E007D318100011E0228004E313036342D4C444737E1
06-02-2025 21:16:48.764,211,RECV,7E007D318100053402F7004E353036352D49413358EC
06-02-2025 21:16:49.015,212,RECV,7E007D318100023002DE004E323036352D4A414F53F7
06-02-2025 21:16:49.036,213,RECV,7E007D318100062D02C8004E363036352D303242434E
06-02-2025 21:16:49.036,214,RECV,7E007D318100011E022B004E313036352D4D554443C2
06-02-2025 21:16:52.775,215,RECV,7E007D318100053702FA004E353036362D57364638EF
06-02-2025 21:16:53.076,216,RECV,7E007D318100023102E1004E323036362D33485A4802
06-02-2025 21:16:53.079,217,RECV,7E007D318100063002CB004E363036362D364B30522B
06-02-2025 21:16:53.079,218,RECV,7E007D318100011E022E004E313036362D3338334306
06-02-2025 21:16:56.786,219,RECV,7E007D318100053602FD004E353036372D5133414FE3
06-02-2025 21:16:57.037,220,RECV,7E007D318100023002E4004E323036372D52324D4CFF
06-02-2025 21:16:57.047,221,RECV,7E007D318100062E02CE004E363036372D3937555017
06-02-2025 21:16:57.052,222,RECV,7E007D318100011E0231004E313036372D58524B41AD
06-02-2025 21:17:00.796,223,RECV,7E007D31810005340201004E353036382D56485734CB
06-02-2025 21:17:01.047,224,RECV,7E007D318100023002E7004E323036382D3753553306
06-02-2025 21:17:01.047,225,RECV,7E007D318100063102D1004E363036382D4A324F302A
06-02-2025 21:17:01.067,226,RECV,7E007D318100011E0234004E313036382D4E564947AB
06-02-2025 21:17:04.757,227,RECV,7E007D31810005370204004E353036392D33514E36E5
06-02-2025 21:17:05.058,228,RECV,7E007D318100023002EA004E323036392D44565746DD
06-02-2025 21:17:05.067,229,RECV,7E007D318100063102D4004E363036392D573047450E
06-02-2025 21:17:05.068,230,RECV,7E007D318100011E0237004E313036392D48345A43C2
06-02-2025 21:17:08.778,231,RECV,7E007D31810005340207004E353037302D4B435038DF
06-02-2025 21:17:09.069,232,RECV,7E007D318100023002ED004E323037302D4B565643DF
06-02-2025 21:17:09.070,233,RECV,7E007D318100063002D7004E363037302D305832521B
06-02-2025 21:17:09.079,234,RECV,7E007D318100011D023A004E313037302D3243504BD1
06-02-2025 21:17:12.778,235,RECV,7E007D3181000536020A004E353037312D49485731D6
06-02-2025 21:17:13.078,236,RECV,7E007D318100023002F0004E323037312D3056383720
06-02-2025 21:17:13.083,237,RECV,7E007D318100062F02DA004E363037312D53464D55E9
06-02-2025 21:17:13.089,238,RECV,7E007D318100011E023D004E313037312D46373952D4
06-02-2025 21:17:16.792,239,RECV,7E007D3181000537020D004E353037322D495A524CA9
06-02-2025 21:17:17.093,240,RECV,7E007D318100023102F3004E323037322D454B4A52E4
06-02-2025 21:17:17.099,241,RECV,7E007D318100063002DD004E363037322D58543246FB
06-02-2025 21:17:17.100,242,RECV,7E007D318100011E0240004E313037322D554B3236D0
06-02-2025 21:17:20.802,243,RECV,7E007D31810005370210004E353037332D46333258E3
06-02-2025 21:17:21.103,244,RECV,7E007D318100023102F6004E323037332D53575846C4
06-02-2025 21:17:21.103,245,RECV,7E007D318100063002E0004E363037332D44365659F2
06-02-2025 21:17:21.104,246,RECV,7E007D318100011E0243004E313037332D574C4F41A1
06-02-2025 21:17:24.813,247,RECV,7E007D3181000534027D33004E353037342D34553139F2
06-02-2025 21:17:25.114,248,RECV,7E007D318100023002F9004E323037342D5A5A4139DB
06-02-2025 21:17:25.115,249,RECV,7E007D318100063102E3004E363037342D37585152E4
06-02-2025 21:17:25.116,250,RECV,7E007D318100011E0246004E313037342D37303858D9
06-02-2025 21:17:28.773,251,RECV,7E007D31810005370216004E353037352D41443534F0
06-02-2025 21:17:29.084,252,RECV,7E007D318100023102FC004E323037352D4B46574AD2
06-02-2025 21:17:29.084,253,RECV,7E007D318100063002E6004E363037352D324F4F58EB
06-02-2025 21:17:29.105,254,RECV,7E007D318100011E0249004E313037352D3250324ACE
06-02-2025 21:17:32.783,255,RECV,7E007D31810005350219004E353037362D4F46344FC4
06-02-2025 21:17:33.085,256,RECV,7E007D318100023102FF004E323037362D47434545EC
06-02-2025 21:17:33.086,257,RECV,7E007D318100062E02E9004E363037362D4A344750FC
06-02-2025 21:17:33.135,258,RECV,7E007D318100011E024C004E313037362D36334A32E3
06-02-2025 21:17:36.794,259,RECV,7E007D3181000538021C004E353037372D49425737BC
06-02-2025 21:17:37.095,260,RECV,7E007D31810002310203004E323037372D4C395A39E3
06-02-2025 21:17:37.105,261,RECV,7E007D318100063302EC004E363037372D4F4D353007
06-02-2025 21:17:37.115,262,RECV,7E007D318100011E024F004E313037372D5852564381
06-02-2025 21:17:40.804,263,RECV,7E007D3181000537021F004E353037382D57513144B5
06-02-2025 21:17:41.105,264,RECV,7E007D318100022E0206004E323037382D474C4E57C2
06-02-2025 21:17:41.105,265,RECV,7E007D318100063302EF004E363037382D4F375853D3
06-02-2025 21:17:41.155,266,RECV,7E007D318100011E0252004E313037382D31344C37D8
06-02-2025 21:17:44.815,267,RECV,7E007D31810005370222004E353037392D4B343645D4
06-02-2025 21:17:45.116,268,RECV,7E007D318100022F0209004E323037392D37575638D9
06-02-2025 21:17:45.122,269,RECV,7E007D318100063402F2004E363037392D31505846E0
06-02-2025 21:17:45.123,270,RECV,7E007D318100011E0255004E313037392D59484B547C
06-02-2025 21:17:48.774,271,RECV,7E007D31810005350225004E353038302D41593455B2
06-02-2025 21:17:49.126,272,RECV,7E007D318100022F020C004E323038302D58423258D6
06-02-2025 21:17:49.126,273,RECV,7E007D318100063302F5004E363038302D48304451F8
06-02-2025 21:17:49.175,274,RECV,7E007D318100011E0258004E313038302D455145489E
06-02-2025 21:17:52.786,275,RECV,7E007D31810005360228004E353038312D59323052C3
06-02-2025 21:17:53.137,276,RECV,7E007D3181000230020F004E323038312D355330300D
06-02-2025 21:17:53.138,277,RECV,7E007D318100063302F8004E363038312D3344533205
06-02-2025 21:17:53.139,278,RECV,7E007D318100011E025B004E313038312D54444C4C8D
06-02-2025 21:17:56.796,279,RECV,7E007D3181000533022B004E353038322D31424953C0
06-02-2025 21:17:57.147,280,RECV,7E007D31810002300212004E323038322D3938364703
06-02-2025 21:17:57.151,281,RECV,7E007D318100063202FB004E363038322D4D4E324AE7
06-02-2025 21:17:57.152,282,RECV,7E007D318100011E025E004E313038322D3259455297
06-02-2025 21:18:00.806,283,RECV,7E007D3181000535022E004E353038332D4A4F594394
06-02-2025 21:18:01.127,284,RECV,7E007D318100022E0215004E323038332D4C325555C7
06-02-2025 21:18:01.128,285,RECV,7E007D318100062F02FE004E363038332D384E5358CC
06-02-2025 21:18:01.157,286,RECV,7E007D318100011E0261004E313038332D344C3651AE
06-02-2025 21:18:04.816,287,RECV,7E007D31810005340231004E353038342D57503542A8
06-02-2025 21:18:05.168,288,RECV,7E007D318100022E0218004E323038342D33314D41F9
06-02-2025 21:18:05.169,289,RECV,7E007D318100062D0202004E363038342D35324554FA
06-02-2025 21:18:05.170,290,RECV,7E007D318100011E0264004E313038342D39313358BC
06-02-2025 21:18:08.827,291,RECV,7E007D31810005330234004E353038352D3130424CD4
06-02-2025 21:18:09.138,292,RECV,7E007D318100022E021B004E323038352D43475942C2
06-02-2025 21:18:09.139,293,RECV,7E007D318100062D0205004E363038352D56545853A1
06-02-2025 21:18:09.178,294,RECV,7E007D318100011E0267004E313038352D504A574577
06-02-2025 21:18:12.788,295,RECV,7E007D31810005330237004E353038362D57543041A3
06-02-2025 21:18:13.139,296,RECV,7E007D318100022E021E004E323038362D5755384BB4
06-02-2025 21:18:13.139,297,RECV,7E007D318100062F0208004E363038362D514C584EAD
06-02-2025 21:18:13.189,298,RECV,7E007D318100011E026A004E313038362D473747578D
06-02-2025 21:18:16.798,299,RECV,7E007D3181000537023A004E353038372D3054354DB1
06-02-2025 21:18:17.149,300,RECV,7E007D31810002300221004E323038372D41454435DE
06-02-2025 21:18:17.160,301,RECV,7E007D318100062F020B004E363038372D4A523056CA
06-02-2025 21:18:17.170,302,RECV,7E007D318100011D026D004E313038372D43373147B4
06-02-2025 21:18:20.809,303,RECV,7E007D3181000535023D004E353038382D37305059A5
06-02-2025 21:18:21.160,304,RECV,7E007D31810002300224004E323038382D59394D41B9
06-02-2025 21:18:21.166,305,RECV,7E007D318100062D020E004E363038382D58334A4FC6
06-02-2025 21:18:21.210,306,RECV,7E007D318100011E0270004E313038382D3656355090
06-02-2025 21:18:24.819,307,RECV,7E007D31810005350240004E353038392D4A5055487A
06-02-2025 21:18:25.170,308,RECV,7E007D318100022F0227004E323038392D5534324ECD
06-02-2025 21:18:25.175,309,RECV,7E007D318100062E027D31004E363038392D33354B54DE
06-02-2025 21:18:25.181,310,RECV,7E007D318100011E0273004E313038392D58565A4253
06-02-2025 21:18:28.829,311,RECV,7E007D31810005340243004E353039302D43484C558B
06-02-2025 21:18:29.180,312,RECV,7E007D318100022F0229004E323039302D434E544AAD
06-02-2025 21:18:29.182,313,RECV,7E007D318100062E0214004E363039302D4A4A4B4EBD
06-02-2025 21:18:29.183,314,RECV,7E007D318100011E0276004E313039302D54374432A1
06-02-2025 21:18:32.800,315,RECV,7E007D31810005350246004E353039312D344A4B49A0
06-02-2025 21:18:33.191,316,RECV,7E007D318100022F022C004E323039312D335A4956AC
06-02-2025 21:18:33.192,317,RECV,7E007D318100062E0217004E363039312D50434A4BBE
06-02-2025 21:18:33.200,318,RECV,7E007D318100011E0279004E313039312D52575A5A41
06-02-2025 21:18:36.800,319,RECV,7E007D31810005350249004E353039322D32593745A7
06-02-2025 21:18:37.202,320,RECV,7E007D318100022F022F004E323039322D5243424EAF
06-02-2025 21:18:37.202,321,RECV,7E007D318100062D021A004E363039322D54493655BB
06-02-2025 21:18:37.203,322,RECV,7E007D318100011E027C004E313039322D5537484581
06-02-2025 21:18:40.810,323,RECV,7E007D3181000537024C004E353039332D4E34594588
06-02-2025 21:18:41.211,324,RECV,7E007D318100022F0232004E323039332D554A57508A
06-02-2025 21:18:41.216,325,RECV,7E007D318100062F021D004E363039332D48534258A8
06-02-2025 21:18:41.217,326,RECV,7E007D318100011E027F004E313039332D39335730A3
06-02-2025 21:18:44.821,327,RECV,7E007D3181000536024F004E353039342D58304E547B
06-02-2025 21:18:45.221,328,RECV,7E007D318100022F0235004E323039342D5438595295
06-02-2025 21:18:45.222,329,RECV,7E007D31810006300220004E363039342D3659514FA9
06-02-2025 21:18:45.222,330,RECV,7E007D318100011E0282004E313039342D4752505A4F
06-02-2025 21:18:48.831,331,RECV,7E007D31810005360252004E353039352D3257414196
06-02-2025 21:18:49.192,332,RECV,7E007D318100022F0238004E323039352D38535742A4
06-02-2025 21:18:49.192,333,RECV,7E007D318100062F0223004E363039352D5A564C5089
06-02-2025 21:18:49.232,334,RECV,7E007D318100011E0285004E313039352D5438374D7D5E
06-02-2025 21:18:52.791,335,RECV,7E007D31810005370255004E353039362D525142387F
06-02-2025 21:18:53.192,336,RECV,7E007D3181000230023B004E323039362D304E4343BF
06-02-2025 21:18:53.193,337,RECV,7E007D318100062F0226004E363039362D354E3052CC
06-02-2025 21:18:53.242,338,RECV,7E007D318100011E0288004E313039362D345653327B
06-02-2025 21:18:56.803,339,RECV,7E007D31810005360258004E353039372D4A38505671
06-02-2025 21:18:57.204,340,RECV,7E007D318100022F023E004E323039372D33384930DC
06-02-2025 21:18:57.205,341,RECV,7E007D318100062F0229004E363039372D515A4A33A5
06-02-2025 21:18:57.254,342,RECV,7E007D318100011E028B004E313039372D414A47595B
06-02-2025 21:19:00.814,343,RECV,7E007D3181000534025B004E353039382D3342515081
06-02-2025 21:19:01.215,344,RECV,7E007D31810002300241004E323039382D44305349AB
06-02-2025 21:19:01.219,345,RECV,7E007D3181000631022C004E363039382D414C3050BA
06-02-2025 21:19:01.265,346,RECV,7E007D318100011E028E004E313039382D3036505478
06-02-2025 21:19:04.825,347,RECV,7E007D3181000535025E004E353039392D4F59433572
06-02-2025 21:19:05.227,348,RECV,7E007D31810002300244004E323039392D4F5536429B
06-02-2025 21:19:05.227,349,RECV,7E007D3181000631022F004E363039392D37354350C4
06-02-2025 21:19:05.277,350,RECV,7E007D318100011E0291004E313039392D584A433168
