05-08-2025 17:55:42.388,-,API2,"Sink 2,0013A20041839DCA,802.15.4 TH,2003,/dev/ttyUSB1 - 57600/8/M/1/N,1,46"

05-08-2025 17:55:00.724,0,RECV,7E000F81000019024E343030302D3046453633
05-08-2025 17:55:00.774,1,RECV,7E000F81000035024E383030312D4D445045DD
05-08-2025 17:55:00.774,2,RECV,7E007D3381000040000AFFFFFFFFFFFFFFFF0000005348A1
05-08-2025 17:55:00.824,3,RECV,7E000F81000035024E383030322D5041454EDE
05-08-2025 17:55:00.824,4,RECV,7E007D3381000035000CFFFFFFFFFFFFFFFF0000005348AA
05-08-2025 17:55:00.824,5,RECV,7E000F81000019024E343030312D56544855DC
05-08-2025 17:55:00.874,6,RECV,7E007D3381000021000AFFFFFFFFFFFFFFFF0000005348C0
05-08-2025 17:55:00.875,7,RECV,7E000F81000021024E333030312D5641524BE8
05-08-2025 17:55:00.875,8,RECV,7E000F81000019024E343030322D4D49374312
05-08-2025 17:55:00.876,9,RECV,7E007D3381000019000CFFFFFFFFFFFFFFFF0000005348C6
05-08-2025 17:55:00.924,10,RECV,7E000F81000021024E333030322D494A5634FE
05-08-2025 17:55:00.951,11,RECV,7E000F81000021024E333030332D5345493801
05-08-2025 17:55:00.974,12,RECV,7E000F81000040024E373030312D3639383022
05-08-2025 17:55:01.005,13,RECV,7E000F81000021024E333030342D5633413718
05-08-2025 17:55:01.005,14,RECV,7E000F81000019024E343030332D3344574F04
05-08-2025 17:55:01.006,15,RECV,7E000F81000036024E383030332D363541391B
05-08-2025 17:55:01.075,16,RECV,7E000F81000040024E373030322D5439444FD8
05-08-2025 17:55:01.078,17,RECV,7E000F81000036024E383030342D4B543830F8
05-08-2025 17:55:01.125,18,RECV,7E000F81000040024E373030332D57514331DB
05-08-2025 17:55:01.175,19,RECV,7E000F81000040024E373030342D31583148F4
05-08-2025 17:55:01.175,20,RECV,7E000F81000019024E343030342D4A47343724
05-08-2025 17:55:01.236,21,RECV,7E000F81000036024E383030352D32514B53DD
05-08-2025 17:55:01.275,22,RECV,7E000F81000036024E383030362D5A54494DB9
05-08-2025 17:55:01.326,23,RECV,7E000F81000036024E383030372D54315250D5
05-08-2025 17:55:01.326,24,RECV,7E000F81000036024E383030382D4F4B5856B3
05-08-2025 17:55:01.376,25,RECV,7E000F81000036024E383030392D37484A3100
05-08-2025 17:55:01.376,26,RECV,7E000F81000040024E373030352D4A503535F1
05-08-2025 17:55:01.376,27,RECV,7E000F81000021024E333030352D4A4638430D
05-08-2025 17:55:01.426,28,RECV,7E000F81000036024E383031302D374243357D31
05-08-2025 17:55:01.427,29,RECV,7E000F81000019024E343030352D4D49305702
05-08-2025 17:55:01.427,30,RECV,7E000F81000041024E373030362D46354541F2
05-08-2025 17:55:01.436,31,RECV,7E000F81000037024E383031312D4148374DF3
05-08-2025 17:55:01.476,32,RECV,7E000F81000041024E373030372D484E3632F4
05-08-2025 17:55:01.476,33,RECV,7E000F81000042024E373030382D49354559D4
05-08-2025 17:55:01.526,34,RECV,7E000F81000042024E373030392D56494C50B4
05-08-2025 17:55:01.576,35,RECV,7E000F81000021024E333030362D5A4C5638E3
05-08-2025 17:55:01.626,36,RECV,7E000F81000021024E333030372D55315649F1
05-08-2025 17:55:01.676,37,RECV,7E000F81000021024E333030382D5A394959E0
05-08-2025 17:55:01.678,38,RECV,7E000F8100003F024E373031302D4E375656C9
05-08-2025 17:55:01.678,39,RECV,7E000F8100003F024E373031312D363834480F
05-08-2025 17:55:01.726,40,RECV,7E000F81000021024E333030392D314D524BF9
05-08-2025 17:55:01.727,41,RECV,7E000F81000035024E383031322D334149360E
05-08-2025 17:55:01.748,42,RECV,7E000F81000021024E333031302D44365555F8
05-08-2025 17:55:01.777,43,RECV,7E000F81000019024E343030362D42474B50FA
05-08-2025 17:55:01.798,44,RECV,7E000F81000019024E343030372D5A4D564FD1
05-08-2025 17:55:01.879,45,RECV,7E000F81000040024E373031322D52514832DA
05-08-2025 17:55:01.881,46,RECV,7E000F81000040024E373031332D424F4C38E1
05-08-2025 17:55:01.927,47,RECV,7E000F81000035024E383031332D4C565454B6
05-08-2025 17:55:01.927,48,RECV,7E000F81000040024E373031342D4F484D51C0
05-08-2025 17:55:01.977,49,RECV,7E000F81000040024E373031352D57445547BD
05-08-2025 17:55:01.995,50,RECV,7E000F81000036024E383031342D51595938C3
05-08-2025 17:55:02.027,51,RECV,7E000F81000036024E383031352D44445050D5
05-08-2025 17:55:02.031,52,RECV,7E000F81000040024E373031362D4C504948C6
05-08-2025 17:55:02.036,53,RECV,7E000F81000019024E343030382D59415956D3
05-08-2025 17:55:02.077,54,RECV,7E000F81000021024E333031312D594C555AC7
05-08-2025 17:55:02.128,55,RECV,7E000F81000036024E383031362D30575556CA
05-08-2025 17:55:02.178,56,RECV,7E000F81000019024E343030392D4F524952DF
05-08-2025 17:55:02.228,57,RECV,7E000F81000040024E373031372D56584D31C6
05-08-2025 17:55:02.289,58,RECV,7E000F81000019024E343031302D37334B5519
05-08-2025 17:55:02.379,59,RECV,7E000F81000021024E333031322D544232381A
05-08-2025 17:55:02.379,60,RECV,7E000F81000019024E343031312D4148314C1C
05-08-2025 17:55:02.429,61,RECV,7E000F81000019024E343031322D424341487D33
05-08-2025 17:55:02.479,62,RECV,7E000F81000019024E343031332D58574E48DB
05-08-2025 17:55:02.479,63,RECV,7E000F81000040024E373031382D41393649F8
05-08-2025 17:55:02.529,64,RECV,7E000F81000036024E383031372D4A365735EF
05-08-2025 17:55:02.529,65,RECV,7E000F81000040024E373031392D344433360F
05-08-2025 17:55:02.579,66,RECV,7E000F81000021024E333031332D4E495039F9
05-08-2025 17:55:02.629,67,RECV,7E000F81000021024E333031342D3952444603
05-08-2025 17:55:02.631,68,RECV,7E000F81000021024E333031352D56455436F2
05-08-2025 17:55:02.631,69,RECV,7E000F81000040024E373032302D4B5A4838D3
05-08-2025 17:55:02.679,70,RECV,7E000F81000040024E373032312D5259314BD0
05-08-2025 17:55:02.679,71,RECV,7E000F81000019024E343031342D335A34421C
05-08-2025 17:55:02.679,72,RECV,7E000F81000019024E343031352D37555953E6
05-08-2025 17:55:02.729,73,RECV,7E000F81000035024E383031382D51554A43C8
05-08-2025 17:55:02.780,74,RECV,7E000F81000040024E373032322D52434148D8
05-08-2025 17:55:02.787,75,RECV,7E000F81000035024E383031392D33534354DD
05-08-2025 17:55:02.787,76,RECV,7E000F81000035024E383032302D5233343118
05-08-2025 17:55:02.801,77,RECV,7E000F81000040024E373032332D3953554FC5
05-08-2025 17:55:02.808,78,RECV,7E000F81000040024E373032342D4135363216
05-08-2025 17:55:02.860,79,RECV,7E000F81000040024E373032352D554B3245DC
05-08-2025 17:55:02.860,80,RECV,7E000F81000021024E333031362D464749340C
05-08-2025 17:55:02.880,81,RECV,7E000F81000040024E373032362D55463437EC
05-08-2025 17:55:02.930,82,RECV,7E000F81000036024E383032312D3739493116
05-08-2025 17:55:02.932,83,RECV,7E000F81000019024E343031362D3742494C0F
05-08-2025 17:55:02.932,84,RECV,7E000F81000019024E343031372D49464F3707
05-08-2025 17:55:02.980,85,RECV,7E000F81000019024E343031382D424F4F48F3
05-08-2025 17:55:02.980,86,RECV,7E000F81000019024E343031392D58595644CF
05-08-2025 17:55:02.980,87,RECV,7E000F81000019024E343032302D334F374128
05-08-2025 17:55:02.980,88,RECV,7E000F81000019024E343032312D4B545A53D5
05-08-2025 17:55:03.030,89,RECV,7E000F81000036024E383032322D58364448E5
05-08-2025 17:55:03.080,90,RECV,7E000F81000021024E333031382D38334A4619
05-08-2025 17:55:03.092,91,RECV,7E000F81000036024E383032332D35505931EF
05-08-2025 17:55:03.131,92,RECV,7E000F81000019024E343032322D435A34311E
05-08-2025 17:55:03.181,93,RECV,7E000F81000019024E343032332D59415538F8
05-08-2025 17:55:03.181,94,RECV,7E000F81000019024E343032342D5133594CF5
05-08-2025 17:55:03.231,95,RECV,7E000F81000040024E373032372D504E4253BE
05-08-2025 17:55:03.236,96,RECV,7E000F81000041024E373032382D4B443550DB
05-08-2025 17:55:03.281,97,RECV,7E000F81000019024E343032352D59474A51E2
05-08-2025 17:55:03.281,98,RECV,7E000F81000037024E383032342D36585850C6
05-08-2025 17:55:03.281,99,RECV,7E000F81000041024E373032392D5459314AC6
05-08-2025 17:55:03.331,100,RECV,7E000F81000037024E383032352D51323455EF
05-08-2025 17:55:03.331,101,RECV,7E000F81000038024E383032362D35344A58EE
05-08-2025 17:55:03.432,102,RECV,7E000F81000021024E333031392D364F544DED
05-08-2025 17:55:03.482,103,RECV,7E000F81000021024E333032302D4B5438380C
05-08-2025 17:55:03.488,104,RECV,7E000F81000038024E383032372D57364C42DD
05-08-2025 17:55:03.533,105,RECV,7E000F81000038024E383032382D42573935F0
05-08-2025 17:55:03.554,106,RECV,7E000F81000038024E383032392D304B4658DD
05-08-2025 17:55:03.692,107,RECV,7E000F81000043024E373033322D57534439CB
05-08-2025 17:55:03.783,108,RECV,7E000F81000034024E383033302D47344254F1
05-08-2025 17:55:03.833,109,RECV,7E000F8100003F024E373033332D4447494DD4
05-08-2025 17:55:03.846,110,RECV,7E000F8100003F024E373033342D37594150D3
05-08-2025 17:55:03.846,111,RECV,7E000F81000021024E333032312D56464950E5
05-08-2025 17:55:03.883,112,RECV,7E000F81000034024E383033312D5A424631EE
05-08-2025 17:55:03.883,113,RECV,7E000F81000021024E333032322D5546464BED
05-08-2025 17:55:03.903,114,RECV,7E000F8100003F024E373033352D4A565A31C8
05-08-2025 17:55:03.914,115,RECV,7E000F81000019024E343032362D44334A4D0E
05-08-2025 17:55:03.933,116,RECV,7E000F81000021024E333032332D434D523105
05-08-2025 17:55:04.033,117,RECV,7E000F81000019024E343032372D375434520A
05-08-2025 17:55:04.033,118,RECV,7E000F81000033024E383033322D45544252D4
05-08-2025 17:55:04.044,119,RECV,7E000F81000033024E383033332D52414A38EB
05-08-2025 17:55:04.085,120,RECV,7E000F8100003D024E373033372D4C474949CE
05-08-2025 17:55:04.085,121,RECV,7E000F8100003C024E373033382D56314651D5
05-08-2025 17:55:04.085,122,RECV,7E000F8100003C024E373033392D5A514B43B9
05-08-2025 17:55:04.085,123,RECV,7E000F81000033024E383033342D384C4350E8
05-08-2025 17:55:04.184,124,RECV,7E000F81000033024E383033352D4E57334ADC
05-08-2025 17:55:04.234,125,RECV,7E000F81000033024E383033362D5948464FC7
05-08-2025 17:55:04.284,126,RECV,7E000F81000019024E343032382D3137564616
05-08-2025 17:55:04.334,127,RECV,7E000F81000033024E383033372D4A55524CBF
05-08-2025 17:55:04.395,128,RECV,7E000F81000034024E383033382D43424F4DD9
05-08-2025 17:55:04.435,129,RECV,7E000F81000021024E333032342D3638524116
05-08-2025 17:55:04.485,130,RECV,7E000F81000021024E333032352D4935304127
05-08-2025 17:55:04.485,131,RECV,7E000F81000034024E383033392D584B484FBF
05-08-2025 17:55:04.485,132,RECV,7E000F8100003E024E373034302D434A4356D2
05-08-2025 17:55:04.535,133,RECV,7E000F81000021024E333032362D39595232FF
05-08-2025 17:55:04.535,134,RECV,7E000F81000019024E343032392D53314C52F7
05-08-2025 17:55:04.535,135,RECV,7E000F81000021024E333032372D474247350F
05-08-2025 17:55:04.536,136,RECV,7E000F81000021024E333032382D5541473303
05-08-2025 17:55:04.585,137,RECV,7E000F8100003E024E373034312D49495830DD
05-08-2025 17:55:04.635,138,RECV,7E000F8100003F024E373034322D30335854E6
05-08-2025 17:55:04.735,139,RECV,7E000F81000021024E333032392D4E44413609
05-08-2025 17:55:04.742,140,RECV,7E000F81000021024E333033302D4A465A33FD
05-08-2025 17:55:04.742,141,RECV,7E000F81000034024E383034312D544A5841C9
05-08-2025 17:55:04.742,142,RECV,7E000F81000021024E333033312D3844465205
05-08-2025 17:55:04.742,143,RECV,7E000F81000034024E383034322D33495844E7
05-08-2025 17:55:04.742,144,RECV,7E000F81000034024E383034332D5A46354FDA
05-08-2025 17:55:04.786,145,RECV,7E000F8100003E024E373034332D5437434ADD
05-08-2025 17:55:04.788,146,RECV,7E000F81000021024E333033322D35585648ED
05-08-2025 17:55:04.788,147,RECV,7E007D338100003E0036FFFFFFFFFFFFFFFF000000534877
05-08-2025 17:55:04.788,148,RECV,7E000F8100003E024E373034342D33423753F5
05-08-2025 17:55:04.836,149,RECV,7E007D33810000340036FFFFFFFFFFFFFFFF000000534881
05-08-2025 17:55:04.836,150,RECV,7E000F81000034024E383034342D46545254BD
05-08-2025 17:55:04.886,151,RECV,7E007D3381000021002BFFFFFFFFFFFFFFFF00000053489F
05-08-2025 17:55:04.888,152,RECV,7E007D33810000190028FFFFFFFFFFFFFFFF0000005348AA
05-08-2025 17:55:04.936,153,RECV,7E000F81000034024E383034352D54475748C2
05-08-2025 17:55:04.936,154,RECV,7E000F81000034024E383034362D56505836C7
05-08-2025 17:55:04.936,155,RECV,7E000F81000034024E383034372D4741393702
05-08-2025 17:55:04.989,156,RECV,7E000F8100003F024E373034352D55354A50CE
05-08-2025 17:55:04.990,157,RECV,7E000F8100003E024E373034362D56334955CB
05-08-2025 17:55:04.990,158,RECV,7E000F81000021024E333033332D50595738DF
05-08-2025 17:55:05.000,159,RECV,7E000F81000019024E343033302D344B314D24
05-08-2025 17:55:05.000,160,RECV,7E000F81000019024E343033312D3347384826
05-08-2025 17:55:05.138,161,RECV,7E000F81000019024E343033322D31555050F9
05-08-2025 17:55:05.149,162,RECV,7E000F81000035024E383034382D5A455555AF
05-08-2025 17:55:05.149,163,RECV,7E000F81000021024E333033342D4B355941FC
05-08-2025 17:55:05.188,164,RECV,7E000F81000021024E333033352D42524656E5
05-08-2025 17:55:05.189,165,RECV,7E000F8100003F024E373034382D5A5851509C
05-08-2025 17:55:05.238,166,RECV,7E000F81000040024E373034392D494D384CD3
05-08-2025 17:55:05.238,167,RECV,7E000F81000021024E333033362D493430580F
05-08-2025 17:55:05.238,168,RECV,7E000F81000040024E373035302D56394950CD
05-08-2025 17:55:05.288,169,RECV,7E000F81000035024E383035302D5144373300
05-08-2025 17:55:05.289,170,RECV,7E000F81000035024E383035312D4E395452D1
05-08-2025 17:55:05.289,171,RECV,7E000F81000035024E383035322D48535844C6
05-08-2025 17:55:05.338,172,RECV,7E000F81000021024E333033372D4E52474AE2
05-08-2025 17:55:05.339,173,RECV,7E000F81000035024E383035332D41435530F3
05-08-2025 17:55:05.339,174,RECV,7E000F81000019024E343033332D43565950DC
05-08-2025 17:55:05.339,175,RECV,7E000F81000035024E383035342D41484336F9
05-08-2025 17:55:05.388,176,RECV,7E000F8100003F024E373035312D46394843EB
05-08-2025 17:55:05.392,177,RECV,7E000F81000019024E343033342D314E5450FA
05-08-2025 17:55:05.439,178,RECV,7E000F8100003F024E373035322D3846554ED3
05-08-2025 17:55:05.489,179,RECV,7E000F81000035024E383035352D43514C31E9
05-08-2025 17:55:05.489,180,RECV,7E000F81000019024E343033352D49515857D3
05-08-2025 17:55:05.539,181,RECV,7E000F81000019024E343033362D4E34504504
05-08-2025 17:55:05.539,182,RECV,7E000F81000035024E383035362D47375059D2
05-08-2025 17:55:05.539,183,RECV,7E000F81000040024E373035332D4F46434AD0
05-08-2025 17:55:05.549,184,RECV,7E000F81000019024E343033372D5537323329
05-08-2025 17:55:05.549,185,RECV,7E000F8100003F024E373035342D30504D51D4
05-08-2025 17:55:05.550,186,RECV,7E000F81000021024E333033382D4B3739480F
05-08-2025 17:55:05.589,187,RECV,7E000F8100003E024E373035352D354A4431FE
05-08-2025 17:55:05.639,188,RECV,7E000F81000035024E383035372D59473451D3
05-08-2025 17:55:05.690,189,RECV,7E000F81000021024E333033392D534D4F55CD
05-08-2025 17:55:05.740,190,RECV,7E000F81000021024E333034302D53544851D9
05-08-2025 17:55:05.790,191,RECV,7E000F81000021024E333034312D5932434DFD
05-08-2025 17:55:05.790,192,RECV,7E000F81000019024E343033382D4D41434305
05-08-2025 17:55:05.790,193,RECV,7E000F81000021024E333034322D433350351C
05-08-2025 17:55:05.800,194,RECV,7E000F81000021024E333034332D34514A53F4
05-08-2025 17:55:05.804,195,RECV,7E000F81000021024E333034342D4F344B5AED
05-08-2025 17:55:05.940,196,RECV,7E000F81000021024E333034352D4A4A31440B
05-08-2025 17:55:05.942,197,RECV,7E000F81000036024E383035382D31514C53D5
05-08-2025 17:55:05.943,198,RECV,7E000F81000040024E373035362D544C5A41B4
05-08-2025 17:55:06.061,199,RECV,7E000F81000035024E383035392D47314A4DE7
05-08-2025 17:55:06.061,200,RECV,7E000F81000035024E383036302D30395957E5
05-08-2025 17:55:06.141,201,RECV,7E000F81000035024E383036312D33355442FF
05-08-2025 17:55:06.150,202,RECV,7E000F81000021024E333034362D4A39335508
05-08-2025 17:55:06.241,203,RECV,7E000F81000034024E383036322D375A4A48DA
05-08-2025 17:55:06.291,204,RECV,7E000F81000034024E383036332D374F5652CE
05-08-2025 17:55:06.341,205,RECV,7E000F81000034024E383036342D313650337D31
05-08-2025 17:55:06.442,206,RECV,7E000F8100003E024E373035382D57424E4ABE
05-08-2025 17:55:06.467,207,RECV,7E000F8100003F024E373035392D5051545A9E
05-08-2025 17:55:06.492,208,RECV,7E000F81000035024E383036352D44534C45D1
05-08-2025 17:55:06.542,209,RECV,7E000F81000019024E343033392D38434D54FC
05-08-2025 17:55:06.592,210,RECV,7E000F8100003F024E373036302D54533635E3
05-08-2025 17:55:06.599,211,RECV,7E000F81000021024E333034372D334B35332C
05-08-2025 17:55:06.599,212,RECV,7E000F81000035024E383036362D57554C38C8
05-08-2025 17:55:06.693,213,RECV,7E000F8100003E024E373036312D524C3645DC
05-08-2025 17:55:06.693,214,RECV,7E000F81000021024E333034382D363437551B
05-08-2025 17:55:06.693,215,RECV,7E000F8100003E024E373036322D515A3457BE
05-08-2025 17:55:06.743,216,RECV,7E000F8100003F024E373036332D4E474D44CC
05-08-2025 17:55:06.751,217,RECV,7E000F81000021024E333034392D4B565A58BD
05-08-2025 17:55:06.751,218,RECV,7E000F81000034024E383036372D43394D49E6
05-08-2025 17:55:06.763,219,RECV,7E000F81000019024E343034302D3933574617
05-08-2025 17:55:06.793,220,RECV,7E000F81000021024E333035302D4B33374C17
05-08-2025 17:55:06.843,221,RECV,7E000F81000034024E383036382D325A4735EF
05-08-2025 17:55:06.893,222,RECV,7E000F8100003F024E373036342D4D354648E1
05-08-2025 17:55:06.943,223,RECV,7E000F81000019024E343034312D43424F3912
05-08-2025 17:55:06.946,224,RECV,7E000F81000021024E333035312D34414D391C
05-08-2025 17:55:06.946,225,RECV,7E000F81000019024E343034322D37455553FA
05-08-2025 17:55:06.993,226,RECV,7E000F81000019024E343034332D374655301B
05-08-2025 17:55:06.993,227,RECV,7E000F8100003E024E373036352D55464133E2
05-08-2025 17:55:07.043,228,RECV,7E000F81000019024E343034342D5333344F7D33
05-08-2025 17:55:07.051,229,RECV,7E000F81000021024E333035322D324B574AF8
05-08-2025 17:55:07.051,230,RECV,7E000F81000034024E383036392D4B445533DF
05-08-2025 17:55:07.093,231,RECV,7E000F81000021024E333035332D3953444DF8
05-08-2025 17:55:07.094,232,RECV,7E000F81000021024E333035342D3836523123
05-08-2025 17:55:07.094,233,RECV,7E000F8100003F024E373036362D4339335AE6
05-08-2025 17:55:07.094,234,RECV,7E000F8100003E024E373036372D504F5551AA
05-08-2025 17:55:07.144,235,RECV,7E000F81000021024E333035352D52414C42F2
05-08-2025 17:55:07.164,236,RECV,7E000F81000019024E343034352D4F37314222
05-08-2025 17:55:07.245,237,RECV,7E000F8100003E024E373036392D4A324234FB
05-08-2025 17:55:07.267,238,RECV,7E000F81000021024E333035362D4A33593606
05-08-2025 17:55:07.294,239,RECV,7E000F81000034024E383037302D4C484A45DB
05-08-2025 17:55:07.295,240,RECV,7E000F8100003E024E373037302D34354D4FF0
05-08-2025 17:55:07.344,241,RECV,7E000F8100003E024E373037312D54323839FD
05-08-2025 17:55:07.394,242,RECV,7E000F81000021024E333035372D4A5A4735F1
05-08-2025 17:55:07.445,243,RECV,7E000F8100003E024E373037322D34583446ED
05-08-2025 17:55:07.445,244,RECV,7E000F8100003E024E373037332D55483232F1
05-08-2025 17:55:07.495,245,RECV,7E000F81000033024E383037312D444A4745E4
05-08-2025 17:55:07.495,246,RECV,7E000F81000021024E333035382D4846493702
05-08-2025 17:55:07.495,247,RECV,7E000F81000034024E383037322D41514D38E5
05-08-2025 17:55:07.495,248,RECV,7E000F81000034024E383037332D3146304F05
05-08-2025 17:55:07.545,249,RECV,7E000F8100003D024E373037342D4F365539DF
05-08-2025 17:55:07.545,250,RECV,7E000F81000021024E333035392D463446331C
05-08-2025 17:55:07.545,251,RECV,7E000F8100003E024E373037352D34535A4EC1
05-08-2025 17:55:07.595,252,RECV,7E000F81000019024E343034362D303852540C
05-08-2025 17:55:07.595,253,RECV,7E000F8100003D024E373037362D4D364350DA
05-08-2025 17:55:07.645,254,RECV,7E000F8100003D024E373037372D48553044DE
05-08-2025 17:55:07.646,255,RECV,7E000F81000021024E333036302D444A5154E4
05-08-2025 17:55:07.646,256,RECV,7E000F81000019024E343034372D48324B4C08
05-08-2025 17:55:07.695,257,RECV,7E000F81000033024E383037342D34495058D6
05-08-2025 17:55:07.696,258,RECV,7E000F8100003E024E373037382D354B534BCF
05-08-2025 17:55:07.696,259,RECV,7E000F81000019024E343034382D315135471A
05-08-2025 17:55:07.745,260,RECV,7E000F81000021024E333036312D464A5536FB
05-08-2025 17:55:07.845,261,RECV,7E000F81000019024E343034392D545A5239DE
05-08-2025 17:55:07.846,262,RECV,7E000F81000019024E343035302D4E53304FFF
05-08-2025 17:55:07.896,263,RECV,7E000F81000038024E383037352D44535834D2
05-08-2025 17:55:07.896,264,RECV,7E000F81000042024E373037392D59443445D2
05-08-2025 17:55:07.997,265,RECV,7E000F81000019024E343035312D515A4557D7
05-08-2025 17:55:08.000,266,RECV,7E000F81000021024E333036322D4459334302
05-08-2025 17:55:08.000,267,RECV,7E000F81000019024E343035322D4B515A37F0
05-08-2025 17:55:08.000,268,RECV,7E000F81000021024E333036332D5A353655FA
05-08-2025 17:55:08.000,269,RECV,7E000F81000038024E383037362D30444A42F4
05-08-2025 17:55:08.000,270,RECV,7E000F81000038024E383037372D4B574332DC
05-08-2025 17:55:08.047,271,RECV,7E000F81000019024E343035332D314B344329
05-08-2025 17:55:08.047,272,RECV,7E000F81000019024E343035342D36494E52FC
05-08-2025 17:55:08.047,273,RECV,7E000F81000041024E373038312D324C4252DE
05-08-2025 17:55:08.097,274,RECV,7E000F81000041024E373038322D4A504D47C1
05-08-2025 17:55:08.147,275,RECV,7E000F81000038024E383037382D3831474CF6
05-08-2025 17:55:08.148,276,RECV,7E000F81000037024E383037392D4F304539F5
05-08-2025 17:55:08.198,277,RECV,7E000F81000037024E383038302D3541363519
05-08-2025 17:55:08.298,278,RECV,7E000F81000037024E383038312D46554537E2
05-08-2025 17:55:08.299,279,RECV,7E000F81000037024E383038322D34524951D8
05-08-2025 17:55:08.299,280,RECV,7E000F81000042024E373038332D504B3335EA
05-08-2025 17:55:08.348,281,RECV,7E000F81000021024E333036342D43514D50E2
05-08-2025 17:55:08.398,282,RECV,7E000F81000021024E333036352D50553838FD
05-08-2025 17:55:08.448,283,RECV,7E000F81000019024E343035352D4C4D5247E8
05-08-2025 17:55:08.476,284,RECV,7E000F81000021024E333036362D3047304A20
05-08-2025 17:55:08.477,285,RECV,7E000F81000040024E373038342D325A4538E5
05-08-2025 17:55:08.491,286,RECV,7E000F81000037024E383038332D55384348DF
05-08-2025 17:55:08.551,287,RECV,7E000F81000019024E343035362D43325954F7
05-08-2025 17:55:08.558,288,RECV,7E000F81000040024E373038352D41514C34DB
05-08-2025 17:55:08.559,289,RECV,7E000F81000036024E383038342D31594D45DB
05-08-2025 17:55:08.559,290,RECV,7E000F81000019024E343035372D4A4B4855E6
05-08-2025 17:55:08.599,291,RECV,7E000F81000040024E373038362D4A31565AC1
05-08-2025 17:55:08.699,292,RECV,7E000F81000019024E343035382D525A5356C2
05-08-2025 17:55:08.802,293,RECV,7E000F8100003F024E373038372D3454514DC6
05-08-2025 17:55:08.802,294,RECV,7E007D338100003F0063FFFFFFFFFFFFFFFF000000534849
05-08-2025 17:55:08.802,295,RECV,7E007D33810000350060FFFFFFFFFFFFFFFF000000534856
05-08-2025 17:55:08.811,296,RECV,7E000F81000019024E343035392D5630324618
05-08-2025 17:55:08.811,297,RECV,7E000F8100003F024E373038382D48324649E2
05-08-2025 17:55:08.850,298,RECV,7E000F81000021024E333036372D53305355E5
05-08-2025 17:55:08.900,299,RECV,7E007D3381000021004FFFFFFFFFFFFFFFFF00000053487B
05-08-2025 17:55:08.912,300,RECV,7E007D33810000190047FFFFFFFFFFFFFFFF00000053488B
05-08-2025 17:55:08.912,301,RECV,7E000F81000019024E343036302D484C433314
05-08-2025 17:55:08.951,302,RECV,7E000F81000021024E333036382D574630380A
05-08-2025 17:55:09.050,303,RECV,7E000F8100003F024E373038392D334A534BCF
05-08-2025 17:55:09.050,304,RECV,7E000F81000034024E383038352D5A473154D2
05-08-2025 17:55:09.051,305,RECV,7E000F8100003F024E373039302D54525A539F
05-08-2025 17:55:09.110,306,RECV,7E000F81000034024E383038362D413532420D
05-08-2025 17:55:09.201,307,RECV,7E000F81000019024E343036312D4C59474AE7
05-08-2025 17:55:09.211,308,RECV,7E000F81000021024E333036392D373958337D33
05-08-2025 17:55:09.251,309,RECV,7E000F81000019024E343036322D46475149F5
05-08-2025 17:55:09.282,310,RECV,7E000F81000019024E343036332D5746584FD7
05-08-2025 17:55:09.301,311,RECV,7E000F81000019024E343036342D494F4C3204
05-08-2025 17:55:09.322,312,RECV,7E000F8100003E024E373039312D37545831DE
05-08-2025 17:55:09.347,313,RECV,7E000F8100003D024E373039322D54495842BB
05-08-2025 17:55:09.452,314,RECV,7E000F81000033024E383038372D4D563146DD
05-08-2025 17:55:09.455,315,RECV,7E000F81000019024E343036352D41464B59EE
05-08-2025 17:55:09.456,316,RECV,7E000F8100003E024E373039332D3657444DD2
05-08-2025 17:55:09.512,317,RECV,7E000F8100003E024E373039342D35474647E6
05-08-2025 17:55:09.552,318,RECV,7E000F8100003E024E373039352D334C4D37EB
05-08-2025 17:55:09.552,319,RECV,7E000F81000021024E333037302D4B514B55DA
05-08-2025 17:55:09.552,320,RECV,7E000F81000033024E383038382D564C324DD5
05-08-2025 17:55:09.552,321,RECV,7E000F81000033024E383038392D53414F38DA
05-08-2025 17:55:09.552,322,RECV,7E000F81000021024E333037312D55314857F0
05-08-2025 17:55:09.552,323,RECV,7E000F81000019024E343036362D4730534905
05-08-2025 17:55:09.602,324,RECV,7E000F81000019024E343036372D424D5358DD
05-08-2025 17:55:09.602,325,RECV,7E000F81000021024E333037322D3635514414
05-08-2025 17:55:09.652,326,RECV,7E000F81000019024E343036382D45314E351D
05-08-2025 17:55:09.703,327,RECV,7E000F81000019024E343036392D354C43470A
05-08-2025 17:55:09.733,328,RECV,7E000F81000041024E373039362D5441464EC1
05-08-2025 17:55:09.734,329,RECV,7E000F81000019024E343037302D45555242EF
05-08-2025 17:55:09.734,330,RECV,7E000F81000037024E383039302D51324549E8
05-08-2025 17:55:09.803,331,RECV,7E000F81000021024E333037332D315A534CE9
05-08-2025 17:55:09.853,332,RECV,7E000F81000038024E383039312D35394F4EEC
05-08-2025 17:55:09.854,333,RECV,7E000F81000038024E383039322D58435154B6
05-08-2025 17:55:09.855,334,RECV,7E000F81000021024E333037342D4F415A46E2
05-08-2025 17:55:09.856,335,RECV,7E000F81000019024E343037312D4838343335
05-08-2025 17:55:09.953,336,RECV,7E000F81000021024E333037352D5959564ABF
05-08-2025 17:55:09.955,337,RECV,7E000F81000042024E373039372D34443153EC
05-08-2025 17:55:09.955,338,RECV,7E000F81000037024E383039332D4247424FDC
05-08-2025 17:55:10.003,339,RECV,7E000F81000037024E383039342D4B4A4D59BA
05-08-2025 17:55:10.053,340,RECV,7E000F81000041024E373039382D35554E4EC2
05-08-2025 17:55:10.103,341,RECV,7E000F81000019024E343037322D384A4A3817
05-08-2025 17:55:10.164,342,RECV,7E000F81000037024E383039352D3853374BE7
05-08-2025 17:55:10.204,343,RECV,7E000F81000021024E333037362D56314843FE
05-08-2025 17:55:10.254,344,RECV,7E000F81000019024E343037332D5948335AEC
05-08-2025 17:55:10.263,345,RECV,7E000F81000021024E333037372D444E4E54DB
05-08-2025 17:55:10.304,346,RECV,7E000F81000035024E383039362D39525953BE
05-08-2025 17:55:10.304,347,RECV,7E000F81000021024E333037382D5150333406
05-08-2025 17:55:10.314,348,RECV,7E000F81000021024E333037392D4D514E42DF
05-08-2025 17:55:10.315,349,RECV,7E000F81000019024E343037342D3749344D18
05-08-2025 17:55:10.325,350,RECV,7E000F81000021024E333038302D37565554DF
05-08-2025 17:55:10.374,351,RECV,7E000F81000021024E333038312D3647344A19
05-08-2025 17:55:10.374,352,RECV,7E000F81000021024E333038322D435A334EF5
05-08-2025 17:55:10.425,353,RECV,7E000F8100003F024E373039392D49345037E5
05-08-2025 17:55:10.505,354,RECV,7E000F81000019024E343037352D4432454F0E
05-08-2025 17:55:10.506,355,RECV,7E000F81000034024E383039372D3647354DF6
05-08-2025 17:55:10.555,356,RECV,7E000F81000021024E333038332D4235514109
05-08-2025 17:55:10.562,357,RECV,7E000F81000021024E333038342D4B575342DA
05-08-2025 17:55:10.562,358,RECV,7E000F81000019024E343037362D38384E4514
05-08-2025 17:55:10.605,359,RECV,7E000F81000021024E333038352D3457494BF1
05-08-2025 17:55:10.655,360,RECV,7E000F81000019024E343037372D4A4D34410A
05-08-2025 17:55:10.666,361,RECV,7E000F81000021024E333038362D4744315300
05-08-2025 17:55:10.755,362,RECV,7E000F81000021024E333038372D454E35380E
05-08-2025 17:55:10.756,363,RECV,7E000F81000033024E383039382D5038353305
05-08-2025 17:55:10.905,364,RECV,7E000F81000019024E343037382D4F3946380F
05-08-2025 17:55:10.906,365,RECV,7E000F81000021024E333038382D5639415AE3
05-08-2025 17:55:11.006,366,RECV,7E000F81000021024E333038392D315A4A3205
05-08-2025 17:55:11.018,367,RECV,7E000F81000033024E383039392D4A49534DC1
05-08-2025 17:55:11.018,368,RECV,7E000F81000019024E343037392D50584955CE
05-08-2025 17:55:11.056,369,RECV,7E000F81000021024E333039302D4339363032
05-08-2025 17:55:11.156,370,RECV,7E000F81000019024E343038302D575134310F
05-08-2025 17:55:11.206,371,RECV,7E000F81000021024E333039312D3457325006
05-08-2025 17:55:11.316,372,RECV,7E000F81000019024E343038312D4E44594FE1
05-08-2025 17:55:11.347,373,RECV,7E000F81000019024E343038322D55425834F7
05-08-2025 17:55:11.407,374,RECV,7E000F81000021024E333039322D4131584107
05-08-2025 17:55:11.407,375,RECV,7E000F81000021024E333039332D593444340C
05-08-2025 17:55:11.457,376,RECV,7E000F81000021024E333039342D3336595AF4
05-08-2025 17:55:11.607,377,RECV,7E000F81000019024E343038332D374641510A
05-08-2025 17:55:11.657,378,RECV,7E000F81000019024E343038342D544D5938E6
05-08-2025 17:55:11.657,379,RECV,7E000F81000019024E343038352D434B434BFB
05-08-2025 17:55:11.708,380,RECV,7E000F81000021024E333039352D524A4850DB
05-08-2025 17:55:11.758,381,RECV,7E000F81000021024E333039362D545A354DDE
05-08-2025 17:55:11.764,382,RECV,7E000F81000021024E333039372D53445239EB
05-08-2025 17:55:11.808,383,RECV,7E000F81000019024E343038362D3851384D08
05-08-2025 17:55:11.909,384,RECV,7E000F81000019024E343038372D53325046FA
05-08-2025 17:55:11.958,385,RECV,7E000F81000019024E343038382D38515638FD
05-08-2025 17:55:12.059,386,RECV,7E000F81000019024E343038392D5A4B3256E6
05-08-2025 17:55:12.059,387,RECV,7E000F81000019024E343039302D3446573119
05-08-2025 17:55:12.159,388,RECV,7E000F81000019024E343039312D5A31394A0C
05-08-2025 17:55:12.160,389,RECV,7E000F81000021024E333039382D33574756E5
05-08-2025 17:55:12.209,390,RECV,7E000F81000019024E343039322D4E5A4948E0
05-08-2025 17:55:12.240,391,RECV,7E000F81000021024E333039392D53314B54E8
05-08-2025 17:55:12.310,392,RECV,7E000F81000019024E343039332D54394954EE
05-08-2025 17:55:12.631,393,RECV,7E000F81000019024E343039342D4548433215
05-08-2025 17:55:12.811,394,RECV,7E000F81000019024E343039352D364B5453EE
05-08-2025 17:55:12.911,395,RECV,7E007D3381000019006CFFFFFFFFFFFFFFFF000000534866
05-08-2025 17:55:13.011,396,RECV,7E000F81000019024E343039362D3450464704
05-08-2025 17:55:13.062,397,RECV,7E000F81000019024E343039372D3351593007
05-08-2025 17:55:13.162,398,RECV,7E000F81000019024E343039382D384C363821
05-08-2025 17:55:13.262,399,RECV,7E000F81000019024E343039392D4E5A3946EB
