05-08-2025 16:59:16.453,-,API2,"Sink 1,0013A20041839DB1,802.15.4 TH,2003,/dev/ttyUSB2 - 57600/8/M/1/N,1,46"

05-08-2025 16:58:48.921,0,RECV,7E007D3181F9DF1C02A1004E313030302D5356304290
05-08-2025 16:58:48.930,1,RECV,7E000F8100001E024E323030312D3656444907
05-08-2025 16:58:48.932,2,RECV,7E000F8100001E024E323030322D4B34425905
05-08-2025 16:58:48.971,3,RECV,7E007D3181F9DF1D02A2004E313030312D454342508E
05-08-2025 16:58:49.021,4,RECV,7E007D3181F9DF1D02A3004E313030322D375A584E6F
05-08-2025 16:58:49.021,5,RECV,7E000F8100001D024E323030332D56434951EC
05-08-2025 16:58:49.022,6,RECV,7E000F8100002C024E363030312D52504841E3
05-08-2025 16:58:49.022,7,RECV,7E000F8100001D024E323030342D3635573428
05-08-2025 16:58:49.022,8,RECV,7E000F8100002C024E363030322D44305A52ED
05-08-2025 16:58:49.022,9,RECV,7E000F8100002C024E363030332D58474A4CD7
05-08-2025 16:58:49.022,10,RECV,7E000F8100001D024E323030352D5155324EF7
05-08-2025 16:58:49.022,11,RECV,7E007D3381000038000AFFFFFFFFFFFFFFFF0000005348A9
05-08-2025 16:58:49.022,12,RECV,7E007D3181F9DF1D02A4004E313030332D36313552B6
05-08-2025 16:58:49.022,13,RECV,7E000F8100001D024E323030362D4655495ADE
05-08-2025 16:58:49.022,14,RECV,7E000F81000038024E353030312D5638334CF6
05-08-2025 16:58:49.042,15,RECV,7E007D338100002C000DFFFFFFFFFFFFFFFF0000005348B2
05-08-2025 16:58:49.042,16,RECV,7E000F8100002C024E363030342D4133384F10
05-08-2025 16:58:49.042,17,RECV,7E007D3181F9DF1D02A5004E313030342D35574C5A70
05-08-2025 16:58:49.043,18,RECV,7E007D3181F9DF1D02A6004E313030352D4D444B566E
05-08-2025 16:58:49.043,19,RECV,7E000F8100001D024E323030372D4E584647E8
05-08-2025 16:58:49.073,20,RECV,7E000F8100002C024E363030362D463342301E
05-08-2025 16:58:49.122,21,RECV,7E007D3181F9DF1D02A8004E313030372D5634454D80
05-08-2025 16:58:49.122,22,RECV,7E007D3181F9DF1D02A9004E313030382D454B39527F
05-08-2025 16:58:49.122,23,RECV,7E000F81000038024E353030322D414C5933E9
05-08-2025 16:58:49.122,24,RECV,7E000F8100001D024E323030392D4C3346490B
05-08-2025 16:58:49.122,25,RECV,7E000F8100002C024E363030372D385030450B
05-08-2025 16:58:49.122,26,RECV,7E000F81000038024E353030332D53424F50CD
05-08-2025 16:58:49.122,27,RECV,7E000F8100002C024E363030382D383848351A
05-08-2025 16:58:49.171,28,RECV,7E000F81000038024E353030342D4D374B44ED
05-08-2025 16:58:49.179,29,RECV,7E000F8100002C024E363030392D58325939EA
05-08-2025 16:58:49.179,30,RECV,7E000F81000038024E353030352D594C5230D8
05-08-2025 16:58:49.179,31,RECV,7E000F8100001D024E323031302D4550323426
05-08-2025 16:58:49.179,32,RECV,7E000F81000038024E353030362D444A534BD2
05-08-2025 16:58:49.221,33,RECV,7E000F81000038024E353030372D5A564532D6
05-08-2025 16:58:49.222,34,RECV,7E000F81000038024E353030382D4C453648ED
05-08-2025 16:58:49.222,35,RECV,7E000F81000038024E353030392D47335243EC
05-08-2025 16:58:49.222,36,RECV,7E007D3181F9DF1D02AA004E313030392D4337375790
05-08-2025 16:58:49.222,37,RECV,7E000F8100002D024E363031302D4847364EFA
05-08-2025 16:58:49.222,38,RECV,7E000F8100001E024E323031312D4542574EF3
05-08-2025 16:58:49.222,39,RECV,7E000F81000038024E353031302D4135573402
05-08-2025 16:58:49.222,40,RECV,7E000F81000038024E353031312D3450574BDC
05-08-2025 16:58:49.222,41,RECV,7E000F8100001E024E323031322D31505856EF
05-08-2025 16:58:49.222,42,RECV,7E007D3181F9DF1D02AB004E313031302D594C365272
05-08-2025 16:58:49.222,43,RECV,7E000F81000038024E353031322D4F304241FF
05-08-2025 16:58:49.222,44,RECV,7E000F8100001E024E323031332D4E324A54FF
05-08-2025 16:58:49.272,45,RECV,7E007D3181F9DF1D02AC004E313031312D4B44545763
05-08-2025 16:58:49.272,46,RECV,7E007D3181F9DF1D02AD004E313031322D464235528C
05-08-2025 16:58:49.272,47,RECV,7E007D3181F9DF1D02AE004E313031332D4A3735459E
05-08-2025 16:58:49.293,48,RECV,7E000F81000039024E353031332D384D4845ED
05-08-2025 16:58:49.328,49,RECV,7E007D3181F9DF1D02AF004E313031342D3659434184
05-08-2025 16:58:49.352,50,RECV,7E000F8100002C024E363031312D43575957C3
05-08-2025 16:58:49.372,51,RECV,7E000F8100002C024E363031322D304B594CEC
05-08-2025 16:58:49.373,52,RECV,7E007D3181F9DF1D02B0004E313031352D514C554162
05-08-2025 16:58:49.373,53,RECV,7E000F81000039024E353031342D35315743FE
05-08-2025 16:58:49.382,54,RECV,7E000F8100002C024E363031332D5353464CD3
05-08-2025 16:58:49.383,55,RECV,7E000F8100002C024E363031342D5853584BBC
05-08-2025 16:58:49.383,56,RECV,7E000F81000039024E353031352D58383856DF
05-08-2025 16:58:49.403,57,RECV,7E000F8100001E024E323031342D534D3748FD
05-08-2025 16:58:49.422,58,RECV,7E000F8100001E024E323031352D41415451F4
05-08-2025 16:58:49.472,59,RECV,7E000F8100001E024E323031362D4334444E7D31
05-08-2025 16:58:49.483,60,RECV,7E000F81000039024E353031362D47385433F6
05-08-2025 16:58:49.491,61,RECV,7E000F81000039024E353031372D4A434554D5
05-08-2025 16:58:49.491,62,RECV,7E007D3181F9DF1D02B1004E313031362D53354B368A
05-08-2025 16:58:49.491,63,RECV,7E000F81000039024E353031382D33494C57DB
05-08-2025 16:58:49.492,64,RECV,7E000F8100003B024E353031392D574C4347CA
05-08-2025 16:58:49.492,65,RECV,7E007D3181F9DF1D02B2004E313031372D5148444173
05-08-2025 16:58:49.493,66,RECV,7E000F8100001D024E323031372D42334C4A0F
05-08-2025 16:58:49.493,67,RECV,7E007D3181F9DF1D02B3004E313031382D43314239A0
05-08-2025 16:58:49.493,68,RECV,7E000F8100002C024E363031352D4A535A4BC7
05-08-2025 16:58:49.493,69,RECV,7E007D3181F9DF1D02B4004E313031392D4E4957306F
05-08-2025 16:58:49.522,70,RECV,7E000F8100002C024E363031362D4A4B454FDF
05-08-2025 16:58:49.522,71,RECV,7E000F81000038024E353032312D3939363623
05-08-2025 16:58:49.572,72,RECV,7E007D3181F9DF1D02B5004E313032302D49324A3996
05-08-2025 16:58:49.573,73,RECV,7E000F81000038024E353032322D4445363110
05-08-2025 16:58:49.573,74,RECV,7E000F8100001D024E323031382D5248443209
05-08-2025 16:58:49.573,75,RECV,7E007D3181F9DF1D02B6004E313032312D35495A3882
05-08-2025 16:58:49.574,76,RECV,7E000F8100001D024E323031392D54425348E7
05-08-2025 16:58:49.574,77,RECV,7E007D3181F9DF1D02B7004E313032322D5758354D5F
05-08-2025 16:58:49.622,78,RECV,7E007D3181F9DF1D02B8004E313032332D3349574D6E
05-08-2025 16:58:49.638,79,RECV,7E000F8100002C024E363031382D43445A36EF
05-08-2025 16:58:49.650,80,RECV,7E007D3181F9DF1D02B9004E313032342D583650515D
05-08-2025 16:58:49.650,81,RECV,7E007D3181F9DF1D02BA004E313032352D3757504765
05-08-2025 16:58:49.650,82,RECV,7E000F81000038024E353032332D4D525858B0
05-08-2025 16:58:49.650,83,RECV,7E000F81000038024E353032342D304E534DE0
05-08-2025 16:58:49.650,84,RECV,7E000F8100001D024E323032302D30334C4E23
05-08-2025 16:58:49.672,85,RECV,7E000F8100002C024E363031392D57414853D2
05-08-2025 16:58:49.673,86,RECV,7E000F8100002C024E363032302D4D37484FF2
05-08-2025 16:58:49.673,87,RECV,7E007D3181F9DF1D02BB004E313032362D56394D4369
05-08-2025 16:58:49.683,88,RECV,7E007D3181F9DF1D02BC004E313032372D4454455059
05-08-2025 16:58:49.683,89,RECV,7E000F81000038024E353032352D54504337DF
05-08-2025 16:58:49.683,90,RECV,7E000F8100003A024E353032362D5447324FDE
05-08-2025 16:58:49.723,91,RECV,7E000F81000038024E353032372D45304B46F5
05-08-2025 16:58:49.723,92,RECV,7E000F81000038024E353032382D50313154F4
05-08-2025 16:58:49.764,93,RECV,7E007D3181F9DF1D02BD004E313032382D5343455653
05-08-2025 16:58:49.789,94,RECV,7E000F81000038024E353032392D51345630EE
05-08-2025 16:58:49.806,95,RECV,7E000F8100002C024E363032312D44335048FD
05-08-2025 16:58:49.806,96,RECV,7E000F8100002C024E363032322D57433954E4
05-08-2025 16:58:49.807,97,RECV,7E000F8100002C024E363032332D50374A49F0
05-08-2025 16:58:49.807,98,RECV,7E000F8100002C024E363032342D584C4644DB
05-08-2025 16:58:49.823,99,RECV,7E000F8100002C024E363032352D34424E370D
05-08-2025 16:58:49.873,100,RECV,7E000F81000039024E353033302D315A3756E8
05-08-2025 16:58:49.873,101,RECV,7E000F8100001E024E323032322D4D384A51FD
05-08-2025 16:58:49.874,102,RECV,7E000F8100001E024E323032332D4939443521
05-08-2025 16:58:49.874,103,RECV,7E007D3181F9DF1D02BE004E313032392D4A4D573262
05-08-2025 16:58:49.874,104,RECV,7E000F81000039024E353033312D39394E50EF
05-08-2025 16:58:49.874,105,RECV,7E000F8100001E024E323032342D36525A4FEA
05-08-2025 16:58:49.875,106,RECV,7E000F8100002C024E363032362D4F565431DD
05-08-2025 16:58:49.875,107,RECV,7E007D3181F9DF1D02BF004E313033302D5835504E5E
05-08-2025 16:58:49.923,108,RECV,7E000F8100002C024E363032372D35314A5105
05-08-2025 16:58:49.949,109,RECV,7E000F8100002C024E363032382D344C373717
05-08-2025 16:58:49.967,110,RECV,7E000F8100001E024E323032352D4C50554DDC
05-08-2025 16:58:49.967,111,RECV,7E000F8100001E024E323032362D4C46544DE6
05-08-2025 16:58:49.967,112,RECV,7E000F8100001E024E323032372D42565A44E2
05-08-2025 16:58:49.967,113,RECV,7E007D3181F9DF1D02C0004E313033312D4F4356504F
05-08-2025 16:58:49.973,114,RECV,7E000F81000039024E353033322D4F474B34E9
05-08-2025 16:58:49.973,115,RECV,7E000F8100002C024E363033312D3142504800
05-08-2025 16:58:49.973,116,RECV,7E000F8100001D024E323032382D493438441F
05-08-2025 16:58:49.973,117,RECV,7E007D3181F9DF1D02C1004E313033322D5453384E58
05-08-2025 16:58:50.023,118,RECV,7E000F8100001D024E323032392D55563746EF
05-08-2025 16:58:50.023,119,RECV,7E000F81000038024E353033342D43475141E1
05-08-2025 16:58:50.024,120,RECV,7E007D3181F9DF1D02C2004E313033332D335953495B
05-08-2025 16:58:50.024,121,RECV,7E007D3181F9DF1D02C3004E313033342D4C34355874
05-08-2025 16:58:50.024,122,RECV,7E000F8100002C024E363033322D5744363108
05-08-2025 16:58:50.024,123,RECV,7E007D3181F9DF1D02C4004E313033352D384F593768
05-08-2025 16:58:50.034,124,RECV,7E000F8100002C024E363033332D5046334BF5
05-08-2025 16:58:50.073,125,RECV,7E007D3181F9DF1D02C5004E313033362D5145424263
05-08-2025 16:58:50.086,126,RECV,7E007D3181F9DF1D02C6004E313033372D4545534559
05-08-2025 16:58:50.086,127,RECV,7E007D3181F9DF1D02C7004E313033382D5639414168
05-08-2025 16:58:50.086,128,RECV,7E007D3181F9DF1D02C8004E313033392D56374E5448
05-08-2025 16:58:50.115,129,RECV,7E000F8100002C024E363033352D3931465AFD
05-08-2025 16:58:50.131,130,RECV,7E000F81000038024E353033362D51554E31D6
05-08-2025 16:58:50.132,131,RECV,7E007D3181F9DF1E02C9004E313034302D4E51523656
05-08-2025 16:58:50.132,132,RECV,7E000F8100001D024E323033302D323257372D
05-08-2025 16:58:50.132,133,RECV,7E007D3181F9DF1D02CA004E313034312D4F3648515E
05-08-2025 16:58:50.132,134,RECV,7E007D3181F9DF1E02CB004E313034322D4E51353273
05-08-2025 16:58:50.132,135,RECV,7E000F8100001D024E323033312D433245362E
05-08-2025 16:58:50.174,136,RECV,7E007D3181F9DF1D02CC004E313034332D4C4555474B
05-08-2025 16:58:50.175,137,RECV,7E000F8100002C024E363033362D57593138ED
05-08-2025 16:58:50.175,138,RECV,7E000F8100002C024E363033372D55465A59B7
05-08-2025 16:58:50.175,139,RECV,7E000F8100002C024E363033382D5956474AC4
05-08-2025 16:58:50.175,140,RECV,7E000F81000038024E353033372D55365A45D0
05-08-2025 16:58:50.175,141,RECV,7E000F81000038024E353033382D3535464900
05-08-2025 16:58:50.184,142,RECV,7E000F8100003A024E353033392D56385445CF
05-08-2025 16:58:50.185,143,RECV,7E000F8100002C024E363033392D4C4E5A4FC0
05-08-2025 16:58:50.196,144,RECV,7E007D3181F9DF1D02CD004E313034342D4444444565
05-08-2025 16:58:50.196,145,RECV,7E000F8100002C024E363034302D36523356FA
05-08-2025 16:58:50.226,146,RECV,7E000F8100002C024E363034312D5A473734FE
05-08-2025 16:58:50.252,147,RECV,7E000F81000038024E353034302D3242313427
05-08-2025 16:58:50.252,148,RECV,7E000F8100002C024E363034322D48554751D4
05-08-2025 16:58:50.274,149,RECV,7E000F8100002C024E363034332D444B5633F0
05-08-2025 16:58:50.283,150,RECV,7E000F81000039024E353034312D31563855EA
05-08-2025 16:58:50.326,151,RECV,7E007D3181F9DF1D02CE004E313034352D5358354E46
05-08-2025 16:58:50.326,152,RECV,7E000F8100002C024E363034342D4438355204
05-08-2025 16:58:50.327,153,RECV,7E007D3181F9DF1D02CF004E313034362D4A47575A30
05-08-2025 16:58:50.327,154,RECV,7E000F81000039024E353034332D384F4E56D1
05-08-2025 16:58:50.327,155,RECV,7E000F8100002C024E363034352D4C364A54E6
05-08-2025 16:58:50.327,156,RECV,7E000F81000038024E353034342D4F4C5933D5
05-08-2025 16:58:50.327,157,RECV,7E007D3181F9DF1D02D0004E313034372D3533524373
05-08-2025 16:58:50.327,158,RECV,7E000F8100001E024E323033322D574B3853EF
05-08-2025 16:58:50.328,159,RECV,7E000F8100002C024E363034362D5A565547B9
05-08-2025 16:58:50.328,160,RECV,7E007D3181F9DF1D02D1004E313034382D344D545049
05-08-2025 16:58:50.375,161,RECV,7E000F81000039024E353034362D4B525556B1
05-08-2025 16:58:50.416,162,RECV,7E000F81000038024E353034372D4736354AFD
05-08-2025 16:58:50.416,163,RECV,7E000F8100001E024E323033332D4450484FF0
05-08-2025 16:58:50.416,164,RECV,7E000F81000039024E353034382D31555046DB
05-08-2025 16:58:50.416,165,RECV,7E000F81000039024E353034392D36463154F5
05-08-2025 16:58:50.424,166,RECV,7E007D3181F9DF1D02D2004E313034392D59324D4450
05-08-2025 16:58:50.448,167,RECV,7E000F8100002C024E363034382D47374D45F3
05-08-2025 16:58:50.448,168,RECV,7E007D3181F9DF1D02D3004E313035302D4C36504E53
05-08-2025 16:58:50.448,169,RECV,7E000F8100002C024E363034392D4D4D374BE6
05-08-2025 16:58:50.448,170,RECV,7E000F8100003B024E353035302D4458425AC4
05-08-2025 16:58:50.448,171,RECV,7E000F81000038024E353035312D304C5555D8
05-08-2025 16:58:50.448,172,RECV,7E007D3181F9DF1D02D4004E313035312D4746363975
05-08-2025 16:58:50.448,173,RECV,7E000F81000038024E353035322D4D36433106
05-08-2025 16:58:50.448,174,RECV,7E000F8100001E024E323033342D4854423705
05-08-2025 16:58:50.448,175,RECV,7E000F8100002F024E363035302D5441334CF3
05-08-2025 16:58:50.448,176,RECV,7E000F8100001E024E323033352D53474D5AD8
05-08-2025 16:58:50.448,177,RECV,7E000F8100002C024E363035312D3537555AEE
05-08-2025 16:58:50.476,178,RECV,7E000F81000039024E353035332D5A334335F6
05-08-2025 16:58:50.476,179,RECV,7E000F8100001D024E323033362D57414846F3
05-08-2025 16:58:50.476,180,RECV,7E000F81000038024E353035342D58374350D9
05-08-2025 16:58:50.476,181,RECV,7E000F8100002C024E363035322D38485757DA
05-08-2025 16:58:50.476,182,RECV,7E007D3181F9DF1D02D5004E313035322D3048463081
05-08-2025 16:58:50.476,183,RECV,7E000F8100001D024E323033372D4559454FE6
05-08-2025 16:58:50.525,184,RECV,7E000F81000038024E353035352D4E4F4459C0
05-08-2025 16:58:50.549,185,RECV,7E000F8100002C024E363035332D3336554108
05-08-2025 16:58:50.550,186,RECV,7E007D3181F9DF1D02D7004E313035342D3148593960
05-08-2025 16:58:50.550,187,RECV,7E000F8100002C024E363035342D56574931DF
05-08-2025 16:58:50.575,188,RECV,7E000F8100001D024E323033392D3359334E09
05-08-2025 16:58:50.585,189,RECV,7E007D3181F9DF1D02D8004E313035352D4349594A3A
05-08-2025 16:58:50.585,190,RECV,7E000F8100002C024E363035352D3546443214
05-08-2025 16:58:50.585,191,RECV,7E007D3181F9DF1D02D9004E313035362D36574A434D
05-08-2025 16:58:50.585,192,RECV,7E000F8100001D024E323034302D4A585043E9
05-08-2025 16:58:50.585,193,RECV,7E000F8100001D024E323034312D58544656D5
05-08-2025 16:58:50.586,194,RECV,7E000F8100002C024E363035362D4B565755B7
05-08-2025 16:58:50.586,195,RECV,7E000F8100001D024E323034322D3637555802
05-08-2025 16:58:50.586,196,RECV,7E000F8100002C024E363035372D5937344CF3
05-08-2025 16:58:50.586,197,RECV,7E000F8100002C024E363035382D5837524FD2
05-08-2025 16:58:50.586,198,RECV,7E000F8100001D024E323034332D33375A3423
05-08-2025 16:58:50.625,199,RECV,7E000F81000037024E353035372D48535936CF
05-08-2025 16:58:50.628,200,RECV,7E007D3181F9DF1D02DB004E313035382D4C53355936
05-08-2025 16:58:50.635,201,RECV,7E000F8100002C024E363035392D5252394BD9
05-08-2025 16:58:50.636,202,RECV,7E000F8100002F024E363036302D4A3637321D
05-08-2025 16:58:50.636,203,RECV,7E000F8100001D024E323034352D4542484109
05-08-2025 16:58:50.636,204,RECV,7E000F8100001D024E323034362D4A4F5254D9
05-08-2025 16:58:50.636,205,RECV,7E000F81000038024E353035382D59544146C3
05-08-2025 16:58:50.636,206,RECV,7E007D3181F9DF1D02DC004E313035392D395157512F
05-08-2025 16:58:50.636,207,RECV,7E000F8100001D024E323034372D36534957EE
05-08-2025 16:58:50.636,208,RECV,7E007D3181F9DF1E02DD004E313036302D4A3942376B
05-08-2025 16:58:50.657,209,RECV,7E000F8100001D024E323034382D47325954F0
05-08-2025 16:58:50.725,210,RECV,7E000F8100002C024E363036312D4331493714
05-08-2025 16:58:50.737,211,RECV,7E000F8100001D024E323034392D38474D51F8
05-08-2025 16:58:50.737,212,RECV,7E000F81000038024E353035392D4D305858C9
05-08-2025 16:58:50.738,213,RECV,7E000F8100002C024E363036322D51354857E2
05-08-2025 16:58:50.738,214,RECV,7E007D3181F9DF1D02DE004E313036312D43385A325F
05-08-2025 16:58:50.738,215,RECV,7E000F8100002C024E363036332D49455556CD
05-08-2025 16:58:50.738,216,RECV,7E000F81000038024E353036302D5950544DB4
05-08-2025 16:58:50.776,217,RECV,7E007D3181F9DF1D02DF004E313036322D4C534E3146
05-08-2025 16:58:50.776,218,RECV,7E007D3181F9DF1D02E0004E313036332D424955364C
05-08-2025 16:58:50.776,219,RECV,7E000F8100001E024E323035302D5A324752F7
05-08-2025 16:58:50.776,220,RECV,7E000F81000039024E353036312D4A434333F9
05-08-2025 16:58:50.776,221,RECV,7E000F8100002F024E363036342D33414351FA
05-08-2025 16:58:50.777,222,RECV,7E000F81000039024E353036322D4F334D43E9
05-08-2025 16:58:50.818,223,RECV,7E000F81000038024E353036332D46334B3502
05-08-2025 16:58:50.818,224,RECV,7E000F8100002C024E363036352D59445733DD
05-08-2025 16:58:50.818,225,RECV,7E000F81000039024E353036342D35345650EA
05-08-2025 16:58:50.818,226,RECV,7E000F81000038024E353036352D5A36534DC9
05-08-2025 16:58:50.819,227,RECV,7E000F81000038024E353036362D55375856BE
05-08-2025 16:58:50.819,228,RECV,7E000F8100001E024E323035322D345A433910
05-08-2025 16:58:50.820,229,RECV,7E000F8100001E024E323035332D513736411A
05-08-2025 16:58:50.876,230,RECV,7E000F81000038024E353036372D4E335338EB
05-08-2025 16:58:50.896,231,RECV,7E007D3181F9DF1D02E2004E313036352D3352394A56
05-08-2025 16:58:50.896,232,RECV,7E000F8100001E024E323035342D42465657E3
05-08-2025 16:58:50.896,233,RECV,7E000F8100001E024E323035352D494338371C
05-08-2025 16:58:50.926,234,RECV,7E007D3181F9DF1D02E3004E313036362D37385A543F
05-08-2025 16:58:50.927,235,RECV,7E000F8100001E024E323035362D43524D54E0
05-08-2025 16:58:50.927,236,RECV,7E000F8100001E024E323035372D3555325306
05-08-2025 16:58:50.927,237,RECV,7E000F8100001E024E323035382D54384546FD
05-08-2025 16:58:50.977,238,RECV,7E000F8100002C024E363036362D55323559EE
05-08-2025 16:58:50.979,239,RECV,7E007D3181F9DF1D02E4004E313036372D4A4B4E4433
05-08-2025 16:58:50.979,240,RECV,7E000F81000038024E353036392D36465055D4
05-08-2025 16:58:50.980,241,RECV,7E007D3181F9DF1D02E5004E313036382D343949475B
05-08-2025 16:58:50.980,242,RECV,7E000F8100002C024E363036372D42514433F8
05-08-2025 16:58:50.980,243,RECV,7E000F81000038024E353037302D4E444E37E6
05-08-2025 16:58:51.027,244,RECV,7E007D3181F9DF1D02E6004E313036392D544F575408
05-08-2025 16:58:51.035,245,RECV,7E000F8100001D024E323035392D4D51453001
05-08-2025 16:58:51.049,246,RECV,7E000F81000037024E353037322D4C4D4D4BCB
05-08-2025 16:58:51.077,247,RECV,7E007D3181F9DF1D02E7004E313037302D4C4F514E23
05-08-2025 16:58:51.077,248,RECV,7E000F8100002B024E363036382D5644464ED4
05-08-2025 16:58:51.077,249,RECV,7E000F81000037024E353037332D374F4742EC
05-08-2025 16:58:51.077,250,RECV,7E007D3181F9DF1D02E8004E313037312D5459565800
05-08-2025 16:58:51.077,251,RECV,7E000F81000038024E353037342D4455464BCF
05-08-2025 16:58:51.077,252,RECV,7E007D3181F9DF1D02E9004E313037322D4338385A4C
05-08-2025 16:58:51.127,253,RECV,7E000F8100003A024E353037352D4B4D5759AE
05-08-2025 16:58:51.127,254,RECV,7E000F81000038024E353037362D3145503100
05-08-2025 16:58:51.128,255,RECV,7E007D3181F9DF1D02EA004E313037332D553845592C
05-08-2025 16:58:51.128,256,RECV,7E007D3181F9DF1D02EB004E313037342D4E55475714
05-08-2025 16:58:51.129,257,RECV,7E000F8100002C024E363036392D464F4A31F0
05-08-2025 16:58:51.129,258,RECV,7E000F81000038024E353037372D39375348EB
05-08-2025 16:58:51.130,259,RECV,7E007D3181F9DF1D02EC004E313037352D3941424750
05-08-2025 16:58:51.130,260,RECV,7E000F8100001D024E323036302D4B495148EF
05-08-2025 16:58:51.130,261,RECV,7E007D3181F9DF1D02ED004E313037362D414F394543
05-08-2025 16:58:51.130,262,RECV,7E007D3181F9DF1D02EE004E313037372D4D3944582D
05-08-2025 16:58:51.177,263,RECV,7E007D3181F9DF1D02EF004E313037382D5638575A0E
05-08-2025 16:58:51.216,264,RECV,7E000F8100002C024E363037312D59305A4ED6
05-08-2025 16:58:51.243,265,RECV,7E007D3181F9DF1D02F0004E313037392D4E474A4428
05-08-2025 16:58:51.243,266,RECV,7E007D3181F9DF1D02F1004E313038302D36345A4C42
05-08-2025 16:58:51.243,267,RECV,7E000F8100002B024E363037322D59534B49C7
05-08-2025 16:58:51.243,268,RECV,7E000F8100001E024E323036312D433553301F
05-08-2025 16:58:51.243,269,RECV,7E000F8100001E024E323036332D3139374C2B
05-08-2025 16:58:51.244,270,RECV,7E000F8100001E024E323036342D5044424BF6
05-08-2025 16:58:51.244,271,RECV,7E000F8100001E024E323036352D305A4A52F0
05-08-2025 16:58:51.278,272,RECV,7E000F8100001E024E323036362D5433345406
05-08-2025 16:58:51.278,273,RECV,7E000F81000037024E353037382D454A444BD8
05-08-2025 16:58:51.278,274,RECV,7E000F8100001E024E323036372D434B333320
05-08-2025 16:58:51.278,275,RECV,7E000F81000039024E353037392D43563342E5
05-08-2025 16:58:51.278,276,RECV,7E007D3181F9DF1D02F3004E313038322D3058555A17
05-08-2025 16:58:51.278,277,RECV,7E000F81000038024E353038302D43534E58C0
05-08-2025 16:58:51.328,278,RECV,7E000F81000038024E353038312D59495152B6
05-08-2025 16:58:51.328,279,RECV,7E007D3181F9DF1D02F4004E313038332D3734575A30
05-08-2025 16:58:51.339,280,RECV,7E007D3181F9DF1D02F5004E313038342D4346465724
05-08-2025 16:58:51.339,281,RECV,7E007D3181F9DF1D02F6004E313038352D315951521B
05-08-2025 16:58:51.339,282,RECV,7E000F81000038024E353038322D364B304AFF
05-08-2025 16:58:51.340,283,RECV,7E000F8100001E024E323036382D3132483731
05-08-2025 16:58:51.340,284,RECV,7E000F8100002C024E363037332D4B36414EF5
05-08-2025 16:58:51.370,285,RECV,7E000F8100002C024E363037342D5A3432390B
05-08-2025 16:58:51.423,286,RECV,7E000F8100001E024E323036392D45484A3209
05-08-2025 16:58:51.423,287,RECV,7E000F81000038024E353038332D33394A51F2
05-08-2025 16:58:51.423,288,RECV,7E000F8100003A024E353038342D454E5159B9
05-08-2025 16:58:51.423,289,RECV,7E007D3181F9DF1D02F7004E313038362D335835374F
05-08-2025 16:58:51.423,290,RECV,7E007D3181F9DF1D02F8004E313038372D494C48491E
05-08-2025 16:58:51.423,291,RECV,7E000F8100001E024E323037302D325A4E58E8
05-08-2025 16:58:51.423,292,RECV,7E000F8100001E024E323037312D58375046F4
05-08-2025 16:58:51.423,293,RECV,7E000F8100001E024E323037322D5156554ECE
05-08-2025 16:58:51.423,294,RECV,7E000F8100002C024E363037352D4D4E364BE7
05-08-2025 16:58:51.423,295,RECV,7E000F8100002C024E363037362D5044584FC7
05-08-2025 16:58:51.423,296,RECV,7E000F8100002C024E363037372D474D5841D4
05-08-2025 16:58:51.423,297,RECV,7E000F8100001E024E323037332D59514735F1
05-08-2025 16:58:51.423,298,RECV,7E000F81000038024E353038362D55333839FD
05-08-2025 16:58:51.478,299,RECV,7E007D3181F9DF1D02F9004E313038382D38364B5534
05-08-2025 16:58:51.495,300,RECV,7E000F8100002C024E363037382D34553157EF
05-08-2025 16:58:51.498,301,RECV,7E000F8100001D024E323037342D514F3749F7
05-08-2025 16:58:51.498,302,RECV,7E000F8100001D024E323037352D35384D5903
05-08-2025 16:58:51.499,303,RECV,7E000F8100002B024E363037392D304C3158FB
05-08-2025 16:58:51.499,304,RECV,7E000F81000038024E353038372D314B33370F
05-08-2025 16:58:51.499,305,RECV,7E000F8100001D024E323037362D414B4F59E1
05-08-2025 16:58:51.499,306,RECV,7E000F8100002B024E363038302D42584E5AC6
05-08-2025 16:58:51.528,307,RECV,7E000F8100002C024E363038312D34515149E7
05-08-2025 16:58:51.538,308,RECV,7E000F8100002B024E363038322D394738430B
05-08-2025 16:58:51.559,309,RECV,7E000F8100001D024E323037372D54454F30FC
05-08-2025 16:58:51.559,310,RECV,7E007D3181F9DF1D02FA004E313038392D4850374C25
05-08-2025 16:58:51.559,311,RECV,7E000F8100001D024E323037382D41545053DB
05-08-2025 16:58:51.578,312,RECV,7E000F8100002B024E363038332D59505539CE
05-08-2025 16:58:51.579,313,RECV,7E000F81000038024E353038392D31335A52E3
05-08-2025 16:58:51.599,314,RECV,7E000F8100002B024E363038342D544A5A59B3
05-08-2025 16:58:51.599,315,RECV,7E000F8100001D024E323037392D364B4252FD
05-08-2025 16:58:51.599,316,RECV,7E000F8100001E024E323038302D434E4E53E7
05-08-2025 16:58:51.600,317,RECV,7E000F8100001D024E323038312D3454444A03
05-08-2025 16:58:51.600,318,RECV,7E000F8100001D024E323038322D47344B4B07
05-08-2025 16:58:51.629,319,RECV,7E000F8100001D024E323038332D424E543102
05-08-2025 16:58:51.700,320,RECV,7E000F81000038024E353039322D49314343F9
05-08-2025 16:58:51.719,321,RECV,7E007D3181F9DF1E02FB004E313039302D41374B4B38
05-08-2025 16:58:51.719,322,RECV,7E000F8100001E024E323038342D535A3843ED
05-08-2025 16:58:51.719,323,RECV,7E000F81000037024E353039332D594A4339DA
05-08-2025 16:58:51.719,324,RECV,7E000F8100002C024E363038362D53595749B5
05-08-2025 16:58:51.719,325,RECV,7E000F81000037024E353039342D4F364F54D0
05-08-2025 16:58:51.719,326,RECV,7E000F81000037024E353039352D364C364AF5
05-08-2025 16:58:51.729,327,RECV,7E000F8100001D024E323038352D3247485103
05-08-2025 16:58:51.729,328,RECV,7E000F8100001D024E323038362D36545343F4
05-08-2025 16:58:51.729,329,RECV,7E000F8100002C024E363038372D4D433759E0
05-08-2025 16:58:51.730,330,RECV,7E000F8100001E024E323038372D4751474EE5
05-08-2025 16:58:51.730,331,RECV,7E000F81000038024E353039362D3144363317
05-08-2025 16:58:51.731,332,RECV,7E000F8100002C024E363038382D31495A57D4
05-08-2025 16:58:51.779,333,RECV,7E007D3181F9DF1D02FC004E313039312D483353393E
05-08-2025 16:58:51.830,334,RECV,7E000F8100001E024E323038382D42314E51FF
05-08-2025 16:58:51.830,335,RECV,7E000F8100001E024E323038392D4236314A1D
05-08-2025 16:58:51.830,336,RECV,7E000F81000038024E353039372D37414A54DE
05-08-2025 16:58:51.830,337,RECV,7E007D3181F9DF1D02FD004E313039322D4F304D383F
05-08-2025 16:58:51.830,338,RECV,7E000F8100002C024E363038392D52584654BA
05-08-2025 16:58:51.830,339,RECV,7E007D3181F9DF1D02FE004E313039332D33365A5628
05-08-2025 16:58:51.830,340,RECV,7E007D3181F9DF1D02FF004E313039342D4648455418
05-08-2025 16:58:51.831,341,RECV,7E007D3181F9DF1D0201004E313039352D345A394B2A
05-08-2025 16:58:51.851,342,RECV,7E000F8100002C024E363039302D45485835EC
05-08-2025 16:58:51.966,343,RECV,7E000F81000038024E353039382D52504641CA
05-08-2025 16:58:52.016,344,RECV,7E007D3181F9DF1D0202004E313039362D37525A4116
05-08-2025 16:58:52.016,345,RECV,7E000F8100002C024E363039322D41524A4ADD
05-08-2025 16:58:52.016,346,RECV,7E000F81000038024E353039392D58593748C2
05-08-2025 16:58:52.016,347,RECV,7E000F8100001E024E323039302D50424545FC
05-08-2025 16:58:52.016,348,RECV,7E000F8100002C024E363039332D4E52414BD7
05-08-2025 16:58:52.016,349,RECV,7E007D3181F9DF1D0203004E313039372D543746382F
05-08-2025 16:58:52.016,350,RECV,7E007D3181F9DF1D0204004E313039382D3133374D4E
05-08-2025 16:58:52.016,351,RECV,7E000F8100002C024E363039342D5A513446DD
05-08-2025 16:58:52.016,352,RECV,7E000F8100002B024E363039352D3435463023
05-08-2025 16:58:52.016,353,RECV,7E000F8100002B024E363039362D36495653D9
05-08-2025 16:58:52.016,354,RECV,7E007D3181F9DF1D0205004E313039392D4C33315430
05-08-2025 16:58:52.016,355,RECV,7E000F8100002C024E363039372D4A453551EA
05-08-2025 16:58:52.016,356,RECV,7E000F8100002B024E363039382D3139563906
05-08-2025 16:58:52.016,357,RECV,7E000F8100001D024E323039312D38555444F3
05-08-2025 16:58:52.030,358,RECV,7E000F8100001D024E323039322D594733380C
05-08-2025 16:58:52.080,359,RECV,7E000F8100001D024E323039332D304833587D33
05-08-2025 16:58:52.081,360,RECV,7E000F8100001D024E323039342D41555556D4
05-08-2025 16:58:52.081,361,RECV,7E000F8100001D024E323039352D49485639F4
05-08-2025 16:58:52.082,362,RECV,7E000F8100001D024E323039362D57415936EC
05-08-2025 16:58:52.161,363,RECV,7E000F8100001D024E323039372D444933361C
05-08-2025 16:58:52.169,364,RECV,7E000F8100001D024E323039382D48524743ED
05-08-2025 16:58:52.181,365,RECV,7E000F8100001D024E323039392D364742470A
