05-05-2025 13:01:55.667,-,API2,"Sink 2,0013A20041839DCA,802.15.4 TH,2003,/dev/ttyUSB1 - 57600/8/M/1/N,1,46"

05-05-2025 13:01:02.610,0,RECV,7E000F81000010024E343030302D5637374821
05-05-2025 13:01:02.611,1,RECV,7E000F8100007D33024E333030302D304132592F
05-05-2025 13:01:02.621,2,RECV,7E000F81000046024E373030312D3457383000
05-05-2025 13:01:02.621,3,RECV,7E000F8100007D31024E343030312D45545644F8
05-05-2025 13:01:02.621,4,RECV,7E007D338100007D31000BFFFFFFFFFFFFFFFF0000005348CF
05-05-2025 13:01:02.621,5,RECV,7E007D338100007D33000AFFFFFFFFFFFFFFFF0000005348CE
05-05-2025 13:01:02.621,6,RECV,7E007D338100003C000AFFFFFFFFFFFFFFFF0000005348A5
05-05-2025 13:01:02.661,7,RECV,7E000F8100007D31024E343030322D4F545A45E8
05-05-2025 13:01:02.662,8,RECV,7E000F8100003C024E383030312D594C4939D5
05-05-2025 13:01:02.662,9,RECV,7E007D3381000046000BFFFFFFFFFFFFFFFF00000053489A
05-05-2025 13:01:02.662,10,RECV,7E000F8100007D31024E343030332D4459414A01
05-05-2025 13:01:02.662,11,RECV,7E000F8100007D33024E333030312D4E57445AE7
05-05-2025 13:01:02.711,12,RECV,7E000F8100003C024E383030332D484F4F33E1
05-05-2025 13:01:02.717,13,RECV,7E000F8100007D33024E333030322D4F4E334F0A
05-05-2025 13:01:02.718,14,RECV,7E000F8100003C024E383030342D53593043DA
05-05-2025 13:01:02.718,15,RECV,7E000F8100007D31024E343030342D4151574BF4
05-05-2025 13:01:02.718,16,RECV,7E000F8100007D33024E333030332D4E5933321C
05-05-2025 13:01:02.718,17,RECV,7E000F8100003C024E383030352D304A4147F6
05-05-2025 13:01:02.718,18,RECV,7E000F8100007D33024E333030342D4D574159E9
05-05-2025 13:01:02.718,19,RECV,7E000F81000046024E373030342D4F383554E0
05-05-2025 13:01:02.761,20,RECV,7E000F81000047024E373030352D424C3154DB
05-05-2025 13:01:02.761,21,RECV,7E000F8100003C024E383030362D54305636E7
05-05-2025 13:01:02.761,22,RECV,7E000F8100007D33024E333030352D4C56355AF5
05-05-2025 13:01:02.761,23,RECV,7E000F8100007D31024E343030352D3354503020
05-05-2025 13:01:02.761,24,RECV,7E000F8100007D31024E343030362D48425556F1
05-05-2025 13:01:02.771,25,RECV,7E000F8100007D31024E343030372D58435757DC
05-05-2025 13:01:02.772,26,RECV,7E000F8100007D33024E333030362D3947364D22
05-05-2025 13:01:02.791,27,RECV,7E000F81000047024E373030372D41505044C7
05-05-2025 13:01:02.792,28,RECV,7E000F8100003C024E383030372D4A484135EE
05-05-2025 13:01:02.792,29,RECV,7E000F8100007D33024E333030372D5156353612
05-05-2025 13:01:02.811,30,RECV,7E000F81000047024E373030382D53314142E4
05-05-2025 13:01:02.811,31,RECV,7E000F81000038024E383030382D54313745F8
05-05-2025 13:01:02.862,32,RECV,7E000F8100007D33024E333030382D4650573402
05-05-2025 13:01:02.927,33,RECV,7E000F8100007D31024E343030382D4942425106
05-05-2025 13:01:02.927,34,RECV,7E000F8100003D024E383030392D45494837E6
05-05-2025 13:01:02.927,35,RECV,7E000F81000010024E343030392D3455503615
05-05-2025 13:01:02.927,36,RECV,7E000F81000010024E343031302D4633575408
05-05-2025 13:01:02.927,37,RECV,7E000F8100007D33024E333031302D365332501F
05-05-2025 13:01:02.961,38,RECV,7E000F81000010024E343031312D525344380A
05-05-2025 13:01:02.962,39,RECV,7E000F81000038024E383031312D55433548EA
05-05-2025 13:01:02.964,40,RECV,7E000F81000043024E373031312D4B384852D8
05-05-2025 13:01:03.011,41,RECV,7E000F81000010024E343031322D323451472C
05-05-2025 13:01:03.011,42,RECV,7E000F81000046024E373031322D474B3042ED
05-05-2025 13:01:03.011,43,RECV,7E000F8100007D33024E333031312D3549394A28
05-05-2025 13:01:03.012,44,RECV,7E000F81000046024E373031332D4C5A3251C7
05-05-2025 13:01:03.032,45,RECV,7E000F81000047024E373031342D4D4F4355BA
05-05-2025 13:01:03.032,46,RECV,7E000F8100003C024E383031342D4D4C3132FC
05-05-2025 13:01:03.032,47,RECV,7E000F8100007D33024E333031322D54595844DF
05-05-2025 13:01:03.061,48,RECV,7E000F81000010024E343031332D4F34323242
05-05-2025 13:01:03.079,49,RECV,7E000F8100007D33024E333031332D3641524A14
05-05-2025 13:01:03.079,50,RECV,7E000F81000010024E343031342D4A555938F8
05-05-2025 13:01:03.079,51,RECV,7E000F8100003C024E383031352D38484354E0
05-05-2025 13:01:03.079,52,RECV,7E000F8100007D33024E333031342D49565648E9
05-05-2025 13:01:03.112,53,RECV,7E000F81000039024E383031362D43363554F7
05-05-2025 13:01:03.114,54,RECV,7E000F81000047024E373031352D43355434ED
05-05-2025 13:01:03.114,55,RECV,7E000F81000046024E373031362D46375948CF
05-05-2025 13:01:03.114,56,RECV,7E000F81000010024E343031352D49504657F1
05-05-2025 13:01:03.162,57,RECV,7E000F8100007D33024E333031352D3759344819
05-05-2025 13:01:03.175,58,RECV,7E000F8100003C024E383031372D43503753D8
05-05-2025 13:01:03.175,59,RECV,7E000F8100007D31024E343031362D5533474412
05-05-2025 13:01:03.175,60,RECV,7E000F8100003C024E383031382D59325A4AC5
05-05-2025 13:01:03.212,61,RECV,7E000F8100007D33024E333031362D5932494F01
05-05-2025 13:01:03.241,62,RECV,7E000F8100007D33024E333031372D4A5A30450A
05-05-2025 13:01:03.242,63,RECV,7E000F8100007D33024E333031382D4B584D4FE3
05-05-2025 13:01:03.242,64,RECV,7E000F81000045024E373031372D474C4431E5
05-05-2025 13:01:03.242,65,RECV,7E000F8100007D33024E333031392D51525758CF
05-05-2025 13:01:03.242,66,RECV,7E000F8100007D31024E343031372D4C514F4FE9
05-05-2025 13:01:03.242,67,RECV,7E000F81000046024E373031382D49433638F1
05-05-2025 13:01:03.262,68,RECV,7E000F8100007D31024E343031382D584F4B41F0
05-05-2025 13:01:03.272,69,RECV,7E000F8100007D33024E333032302D3448305924
05-05-2025 13:01:03.275,70,RECV,7E000F8100007D33024E333032312D3435423548
05-05-2025 13:01:03.282,71,RECV,7E000F81000046024E373031392D5648334ACF
05-05-2025 13:01:03.282,72,RECV,7E000F8100007D33024E333032322D59565637EB
05-05-2025 13:01:03.303,73,RECV,7E000F8100007D31024E343031392D44545737FC
05-05-2025 13:01:03.312,74,RECV,7E000F8100007D33024E333032332D4B4641391B
05-05-2025 13:01:03.314,75,RECV,7E000F8100007D31024E343032302D544B43357D33
05-05-2025 13:01:03.315,76,RECV,7E000F81000046024E373032302D30355949EB
05-05-2025 13:01:03.362,77,RECV,7E000F81000047024E373032312D4957394CCB
05-05-2025 13:01:03.383,78,RECV,7E000F8100003C024E383031392D47365355CE
05-05-2025 13:01:03.383,79,RECV,7E000F8100007D31024E343032312D3149453832
05-05-2025 13:01:03.403,80,RECV,7E000F8100007D33024E333032342D4E4A4848FD
05-05-2025 13:01:03.403,81,RECV,7E000F8100007D33024E333032352D44594353F1
05-05-2025 13:01:03.403,82,RECV,7E000F8100003D024E383032302D305A5536E5
05-05-2025 13:01:03.403,83,RECV,7E000F8100003D024E383032312D4549444FD8
05-05-2025 13:01:03.403,84,RECV,7E000F81000047024E373032342D51355331E3
05-05-2025 13:01:03.403,85,RECV,7E000F81000010024E343032322D4A35364B29
05-05-2025 13:01:03.403,86,RECV,7E000F81000046024E373032352D4F52375ABB
05-05-2025 13:01:03.423,87,RECV,7E000F81000046024E373032362D45474155CA
05-05-2025 13:01:03.424,88,RECV,7E000F8100003B024E383032322D47455556C3
05-05-2025 13:01:03.424,89,RECV,7E000F81000010024E343032332D37335A550F
05-05-2025 13:01:03.444,90,RECV,7E000F8100007D33024E333032362D4E38485005
05-05-2025 13:01:03.444,91,RECV,7E000F8100003B024E383032332D464E5053C2
05-05-2025 13:01:03.444,92,RECV,7E000F8100007D31024E343032342D4934584B06
05-05-2025 13:01:03.462,93,RECV,7E000F8100007D31024E343032352D5230345619
05-05-2025 13:01:03.465,94,RECV,7E000F8100007D33024E333032382D31554A3918
05-05-2025 13:01:03.465,95,RECV,7E000F8100007D33024E333032392D3642533223
05-05-2025 13:01:03.513,96,RECV,7E000F81000047024E373032372D39304854E5
05-05-2025 13:01:03.513,97,RECV,7E000F8100003D024E383032352D4B363152F1
05-05-2025 13:01:03.513,98,RECV,7E000F81000010024E343032362D4F384A3222
05-05-2025 13:01:03.513,99,RECV,7E000F8100007D33024E333033302D313130593D
05-05-2025 13:01:03.534,100,RECV,7E000F81000047024E373032392D504A3939DC
05-05-2025 13:01:03.573,101,RECV,7E000F8100003D024E383032362D4E323144FF
05-05-2025 13:01:03.574,102,RECV,7E000F81000047024E373033302D53485343BF
05-05-2025 13:01:03.574,103,RECV,7E000F8100007D33024E333033312D5A593644FA
05-05-2025 13:01:03.574,104,RECV,7E000F8100003C024E383032382D54504757B1
05-05-2025 13:01:03.574,105,RECV,7E000F81000010024E343032372D5134393432
05-05-2025 13:01:03.574,106,RECV,7E000F8100003D024E383033302D44395854D0
05-05-2025 13:01:03.574,107,RECV,7E000F8100003C024E383033312D594D3258C9
05-05-2025 13:01:03.603,108,RECV,7E000F8100007D33024E333033322D4D555152E1
05-05-2025 13:01:03.628,109,RECV,7E000F8100007D33024E333033332D5159544DDA
05-05-2025 13:01:03.628,110,RECV,7E000F81000010024E343032382D5050524CE5
05-05-2025 13:01:03.628,111,RECV,7E000F81000010024E343032392D3954304F16
05-05-2025 13:01:03.628,112,RECV,7E000F8100003C024E383033342D49395442DE
05-05-2025 13:01:03.628,113,RECV,7E000F81000010024E343033302D4D41553314
05-05-2025 13:01:03.668,114,RECV,7E000F8100007D31024E343033312D544B533303
05-05-2025 13:01:03.683,115,RECV,7E000F8100003C024E383033352D46435133E8
05-05-2025 13:01:03.683,116,RECV,7E000F8100003C024E383033362D4B454452CE
05-05-2025 13:01:03.683,117,RECV,7E000F8100007D33024E333033342D4F4143341D
05-05-2025 13:01:03.683,118,RECV,7E000F8100003C024E383033372D4D304D30F9
05-05-2025 13:01:03.683,119,RECV,7E000F8100007D31024E343033322D5630534A04
05-05-2025 13:01:03.683,120,RECV,7E000F8100007D31024E343033332D5339514FFA
05-05-2025 13:01:03.683,121,RECV,7E000F8100007D33024E333033352D47484E56F0
05-05-2025 13:01:03.717,122,RECV,7E000F8100003C024E383033392D30505347D7
05-05-2025 13:01:03.717,123,RECV,7E000F8100007D33024E333033362D505131420E
05-05-2025 13:01:03.737,124,RECV,7E000F8100003D024E383034302D4A305137F6
05-05-2025 13:01:03.748,125,RECV,7E000F8100003C024E383034312D4C4F4558C0
05-05-2025 13:01:03.767,126,RECV,7E000F8100007D31024E343033342D57345750F3
05-05-2025 13:01:03.817,127,RECV,7E000F8100007D33024E333033372D4746394A7D31
05-05-2025 13:01:03.837,128,RECV,7E000F8100007D31024E343033352D42525A49ED
05-05-2025 13:01:03.837,129,RECV,7E000F8100003C024E383034332D45484146E2
05-05-2025 13:01:03.837,130,RECV,7E000F81000046024E373033322D5A384E59B6
05-05-2025 13:01:03.837,131,RECV,7E000F8100007D33024E333033382D374F43381F
05-05-2025 13:01:03.837,132,RECV,7E000F8100007D33024E333033392D4A5639370F
05-05-2025 13:01:03.867,133,RECV,7E000F8100007D33024E333034302D52564E44ED
05-05-2025 13:01:03.871,134,RECV,7E000F81000047024E373033332D524F5133C8
05-05-2025 13:01:03.871,135,RECV,7E000F8100007D33024E333034312D593351387D31
05-05-2025 13:01:03.878,136,RECV,7E000F8100007D33024E333034322D304F41392C
05-05-2025 13:01:03.878,137,RECV,7E000F8100007D33024E333034332D51314D5401
05-05-2025 13:01:03.898,138,RECV,7E000F81000010024E343033362D394A5153FD
05-05-2025 13:01:03.898,139,RECV,7E000F8100003C024E383034342D36494B38F3
05-05-2025 13:01:03.909,140,RECV,7E000F81000047024E373033352D58574D46A9
05-05-2025 13:01:03.919,141,RECV,7E000F81000046024E373033362D384A5856BB
05-05-2025 13:01:03.919,142,RECV,7E000F8100003C024E383034352D4D4D4759BA
05-05-2025 13:01:03.968,143,RECV,7E000F8100007D31024E343033372D5841543203
05-05-2025 13:01:03.988,144,RECV,7E000F8100003D024E383034362D3243324FFC
05-05-2025 13:01:04.018,145,RECV,7E000F8100007D33024E333034342D59455A4AE1
05-05-2025 13:01:04.018,146,RECV,7E000F8100007D33024E333034352D355A55310D
05-05-2025 13:01:04.018,147,RECV,7E000F8100003D024E383034372D36435530F3
05-05-2025 13:01:04.018,148,RECV,7E000F81000010024E343033382D54565238EE
05-05-2025 13:01:04.068,149,RECV,7E000F8100007D33024E333034362D4F545730F7
05-05-2025 13:01:04.068,150,RECV,7E000F81000010024E343033392D4E4E304E07
05-05-2025 13:01:04.118,151,RECV,7E000F81000010024E343034302D4454563407
05-05-2025 13:01:04.217,152,RECV,7E000F8100007D33024E333034372D46543953FA
05-05-2025 13:01:04.238,153,RECV,7E000F81000038024E383034392D3041585AD1
05-05-2025 13:01:04.238,154,RECV,7E000F81000037024E383035302D564C5A52AF
05-05-2025 13:01:04.238,155,RECV,7E000F8100007D33024E333034392D3452315116
05-05-2025 13:01:04.238,156,RECV,7E000F8100007D31024E343034322D5959344EF2
05-05-2025 13:01:04.238,157,RECV,7E000F81000043024E373033372D4433444AE8
05-05-2025 13:01:04.238,158,RECV,7E000F8100007D33024E333035302D5334473820
05-05-2025 13:01:04.238,159,RECV,7E000F81000043024E373033382D454A5237D4
05-05-2025 13:01:04.238,160,RECV,7E000F8100007D31024E343034332D3854515AEE
05-05-2025 13:01:04.238,161,RECV,7E000F8100007D31024E343034342D5551564ADE
05-05-2025 13:01:04.269,162,RECV,7E000F81000043024E373033392D38313457F7
05-05-2025 13:01:04.308,163,RECV,7E000F81000043024E373034302D59434A4CC1
05-05-2025 13:01:04.308,164,RECV,7E000F8100007D33024E333035312D5939394416
05-05-2025 13:01:04.319,165,RECV,7E000F81000043024E373034312D5A4F4850B1
05-05-2025 13:01:04.319,166,RECV,7E000F8100007D33024E333035322D3150305023
05-05-2025 13:01:04.319,167,RECV,7E000F81000043024E373034322D554C554FAC
05-05-2025 13:01:04.319,168,RECV,7E000F8100007D31024E343034352D4F4441311E
05-05-2025 13:01:04.329,169,RECV,7E000F8100007D31024E343034362D3631433444
05-05-2025 13:01:04.340,170,RECV,7E000F8100007D33024E333035332D3450485205
05-05-2025 13:01:04.340,171,RECV,7E000F8100007D31024E343034372D54523154F6
05-05-2025 13:01:04.369,172,RECV,7E000F81000042024E373034332D5234454FD7
05-05-2025 13:01:04.390,173,RECV,7E000F81000043024E373034342D59374457C4
05-05-2025 13:01:04.390,174,RECV,7E000F81000038024E383035322D414A4643E6
05-05-2025 13:01:04.390,175,RECV,7E000F81000043024E373034352D434A3236F9
05-05-2025 13:01:04.390,176,RECV,7E000F81000038024E383035332D4E46335AD8
05-05-2025 13:01:04.410,177,RECV,7E000F81000037024E383035342D4D554150C6
05-05-2025 13:01:04.444,178,RECV,7E000F8100007D33024E333035342D42484E55F5
05-05-2025 13:01:04.469,179,RECV,7E000F8100007D33024E333035352D58505438ED
05-05-2025 13:01:04.521,180,RECV,7E000F81000045024E373034372D5943485AAC
05-05-2025 13:01:04.548,181,RECV,7E000F81000010024E343034392D345037372E
05-05-2025 13:01:04.549,182,RECV,7E000F81000044024E373034382D5A485836BA
05-05-2025 13:01:04.549,183,RECV,7E000F81000010024E343035302D36524D5003
05-05-2025 13:01:04.549,184,RECV,7E000F81000038024E383035352D48494335EE
05-05-2025 13:01:04.570,185,RECV,7E000F8100007D33024E333035372D4F504A37FF
05-05-2025 13:01:04.656,186,RECV,7E000F81000010024E343035312D4F4B5252E9
05-05-2025 13:01:04.656,187,RECV,7E000F81000010024E343035322D5941585ADA
05-05-2025 13:01:04.656,188,RECV,7E000F81000044024E373035302D41514B59BB
05-05-2025 13:01:04.656,189,RECV,7E000F81000010024E343035332D5159564DD8
05-05-2025 13:01:04.656,190,RECV,7E000F81000037024E383035362D53495543C3
05-05-2025 13:01:04.656,191,RECV,7E000F8100007D33024E333035382D5438344915
05-05-2025 13:01:04.656,192,RECV,7E000F81000043024E373035322D58343738F5
05-05-2025 13:01:04.656,193,RECV,7E000F8100007D33024E333035392D56524749E5
05-05-2025 13:01:04.656,194,RECV,7E000F8100007D31024E343035342D4F4235322B
05-05-2025 13:01:04.656,195,RECV,7E000F81000038024E383035372D5548344BD9
05-05-2025 13:01:04.671,196,RECV,7E000F81000038024E383035382D575555559E
05-05-2025 13:01:04.671,197,RECV,7E000F81000042024E373035332D43334241F7
05-05-2025 13:01:04.671,198,RECV,7E000F81000038024E383035392D5A304845DC
05-05-2025 13:01:04.690,199,RECV,7E000F81000042024E373035342D35335253E2
05-05-2025 13:01:04.690,200,RECV,7E000F8100007D33024E333036302D5439364919
05-05-2025 13:01:04.720,201,RECV,7E000F81000043024E373035352D53324849D7
05-05-2025 13:01:04.720,202,RECV,7E000F8100007D33024E333036312D4438484D7D33
05-05-2025 13:01:04.720,203,RECV,7E000F81000043024E373035362D4D525650A7
05-05-2025 13:01:04.770,204,RECV,7E000F8100007D31024E343035352D444D4D4AFA
05-05-2025 13:01:04.770,205,RECV,7E000F81000014024E333036322D584A3354F9
05-05-2025 13:01:04.771,206,RECV,7E000F8100007D31024E343035362D584D5634F2
05-05-2025 13:01:04.773,207,RECV,7E000F81000044024E373035372D4C484B4CBF
05-05-2025 13:01:04.820,208,RECV,7E000F8100007D33024E333036332D4F565249E2
05-05-2025 13:01:04.820,209,RECV,7E000F8100007D31024E343035372D304E56311B
05-05-2025 13:01:04.821,210,RECV,7E000F8100007D31024E343035382D574F4857DA
05-05-2025 13:01:04.871,211,RECV,7E000F81000038024E383036322D4D523142E7
05-05-2025 13:01:04.986,212,RECV,7E000F8100007D31024E343035392D44334B302C
05-05-2025 13:01:04.988,213,RECV,7E000F81000043024E373035382D3550445AC7
05-05-2025 13:01:04.988,214,RECV,7E000F8100007D33024E333036342D3246593917
05-05-2025 13:01:04.988,215,RECV,7E000F81000038024E383036332D50503243E3
05-05-2025 13:01:04.988,216,RECV,7E000F8100007D33024E333036352D544F5357D3
05-05-2025 13:01:04.988,217,RECV,7E000F81000010024E343036302D554C4E4EEA
05-05-2025 13:01:04.988,218,RECV,7E000F81000010024E343036312D57474E3307
05-05-2025 13:01:04.988,219,RECV,7E000F81000043024E373036302D57384956C3
05-05-2025 13:01:04.988,220,RECV,7E000F81000010024E343036322D55513857F0
05-05-2025 13:01:04.988,221,RECV,7E000F8100007D33024E333036362D584F4D54D7
05-05-2025 13:01:04.988,222,RECV,7E000F81000043024E373036312D57505752A0
05-05-2025 13:01:05.021,223,RECV,7E000F81000044024E373036322D354A594BCB
05-05-2025 13:01:05.067,224,RECV,7E000F8100007D33024E333036372D3748435408
05-05-2025 13:01:05.067,225,RECV,7E000F81000010024E343036332D3553563412
05-05-2025 13:01:05.071,226,RECV,7E000F81000010024E343036342D5A534136FF
05-05-2025 13:01:05.071,227,RECV,7E000F81000038024E383036342D52434743D8
05-05-2025 13:01:05.071,228,RECV,7E000F8100007D33024E333036382D394732511A
05-05-2025 13:01:05.071,229,RECV,7E000F81000038024E383036352D32324A59EF
05-05-2025 13:01:05.071,230,RECV,7E000F81000010024E343036352D524C5942E9
05-05-2025 13:01:05.121,231,RECV,7E000F81000010024E343036372D35565152F2
05-05-2025 13:01:05.171,232,RECV,7E000F81000038024E383036362D5056354CCE
05-05-2025 13:01:05.256,233,RECV,7E000F8100007D31024E343036382D52594135FD
05-05-2025 13:01:05.256,234,RECV,7E000F81000038024E383036372D534F504AB8
05-05-2025 13:01:05.256,235,RECV,7E000F8100007D31024E343036392D46365354FA
05-05-2025 13:01:05.256,236,RECV,7E000F81000043024E373036342D4F594B57A3
05-05-2025 13:01:05.256,237,RECV,7E000F81000038024E383036382D594D4E4BB4
05-05-2025 13:01:05.256,238,RECV,7E000F81000042024E373036352D4F335030EB
05-05-2025 13:01:05.256,239,RECV,7E000F8100007D31024E343037302D36574C420A
05-05-2025 13:01:05.256,240,RECV,7E000F8100007D31024E343037312D4132454C20
05-05-2025 13:01:05.256,241,RECV,7E000F8100007D33024E333037312D384A4A4512
05-05-2025 13:01:05.256,242,RECV,7E000F8100007D31024E343037322D3551514408
05-05-2025 13:01:05.271,243,RECV,7E000F8100007D33024E333037322D4F304D5105
05-05-2025 13:01:05.271,244,RECV,7E000F81000012024E343037332D5135594CF6
05-05-2025 13:01:05.272,245,RECV,7E000F81000037024E383036392D54324256D5
05-05-2025 13:01:05.272,246,RECV,7E000F81000042024E373036372D4A444B4BC7
05-05-2025 13:01:05.272,247,RECV,7E000F8100007D31024E343037342D4E424D54F0
05-05-2025 13:01:05.272,248,RECV,7E000F8100007D31024E343037352D51304D5002
05-05-2025 13:01:05.272,249,RECV,7E000F81000037024E383037302D52354847E5
05-05-2025 13:01:05.321,250,RECV,7E000F8100007D33024E333037332D4E31494F0A
05-05-2025 13:01:05.372,251,RECV,7E000F8100007D33024E333037342D3630463143
05-05-2025 13:01:05.385,252,RECV,7E000F81000047024E373036392D53554D30BF
05-05-2025 13:01:05.386,253,RECV,7E000F81000047024E373037302D303139417D31
05-05-2025 13:01:05.422,254,RECV,7E000F8100007D33024E333037352D50563858E9
05-05-2025 13:01:05.424,255,RECV,7E000F81000047024E373037312D47513949D1
05-05-2025 13:01:05.424,256,RECV,7E000F81000047024E373037322D48383650E4
05-05-2025 13:01:05.472,257,RECV,7E000F81000044024E373037332D33505A47C8
05-05-2025 13:01:05.522,258,RECV,7E000F8100007D33024E333037362D4D5A454CE6
05-05-2025 13:01:05.544,259,RECV,7E000F81000010024E343037362D44583259F9
05-05-2025 13:01:05.544,260,RECV,7E000F8100003D024E383037322D5945485AB3
05-05-2025 13:01:05.544,261,RECV,7E000F8100007D33024E333037372D475A463006
05-05-2025 13:01:05.572,262,RECV,7E000F81000047024E373037342D4644334BE0
05-05-2025 13:01:05.572,263,RECV,7E000F8100003A024E383037332D36543753E1
05-05-2025 13:01:05.573,264,RECV,7E000F81000010024E343037372D45584F4BE8
05-05-2025 13:01:05.573,265,RECV,7E000F81000038024E383037342D4A434F42D8
05-05-2025 13:01:05.573,266,RECV,7E000F81000010024E343037382D59525849D2
05-05-2025 13:01:05.573,267,RECV,7E000F81000038024E383037352D3147413507
05-05-2025 13:01:05.573,268,RECV,7E000F81000038024E383037362D4133564FDB
05-05-2025 13:01:05.622,269,RECV,7E000F8100007D33024E333037382D41544842FD
05-05-2025 13:01:05.622,270,RECV,7E000F81000010024E343037392D4838564502
05-05-2025 13:01:05.622,271,RECV,7E000F8100007D33024E333037392D314551391B
05-05-2025 13:01:05.623,272,RECV,7E000F81000010024E343038302D374F54387D33
05-05-2025 13:01:05.623,273,RECV,7E000F81000044024E373037362D48324558D2
05-05-2025 13:01:05.623,274,RECV,7E000F81000038024E383037372D4E504538D8
05-05-2025 13:01:05.672,275,RECV,7E000F81000044024E373037372D5A384135E0
05-05-2025 13:01:05.698,276,RECV,7E000F8100003A024E383037382D4659514FB1
05-05-2025 13:01:05.698,277,RECV,7E000F8100007D33024E333038302D31394A333C
05-05-2025 13:01:05.698,278,RECV,7E000F81000043024E373037382D34315A31F8
05-05-2025 13:01:05.698,279,RECV,7E000F8100007D31024E343038312D4659414BF8
05-05-2025 13:01:05.722,280,RECV,7E000F8100007D33024E333038312D4C4841420B
05-05-2025 13:01:05.723,281,RECV,7E000F8100007D31024E343038322D4759353716
05-05-2025 13:01:05.723,282,RECV,7E000F81000038024E383037392D53333959D9
05-05-2025 13:01:05.743,283,RECV,7E000F8100007D33024E333038322D3855313231
05-05-2025 13:01:05.772,284,RECV,7E000F81000042024E373037392D48433946DE
05-05-2025 13:01:05.776,285,RECV,7E000F8100007D31024E343038332D384339531A
05-05-2025 13:01:05.823,286,RECV,7E000F81000042024E373038302D4E354646E1
05-05-2025 13:01:05.837,287,RECV,7E000F8100007D31024E343038342D4D584F33F9
05-05-2025 13:01:05.838,288,RECV,7E000F8100007D31024E343038352D4E514441FB
05-05-2025 13:01:05.838,289,RECV,7E000F8100007D33024E333038332D4938314529
05-05-2025 13:01:05.838,290,RECV,7E000F81000037024E383038312D54355656C4
05-05-2025 13:01:05.838,291,RECV,7E000F8100007D33024E333038342D4A4B564CE8
05-05-2025 13:01:05.838,292,RECV,7E000F8100007D33024E333038352D5A515252CF
05-05-2025 13:01:05.873,293,RECV,7E000F81000037024E383038322D483838350B
05-05-2025 13:01:05.874,294,RECV,7E000F81000014024E333038362D534B4D53DE
05-05-2025 13:01:05.874,295,RECV,7E000F81000042024E373038312D5543484FC0
05-05-2025 13:01:05.883,296,RECV,7E000F81000010024E343038362D55504E36F6
05-05-2025 13:01:05.923,297,RECV,7E000F8100007D33024E333038372D56435949E1
05-05-2025 13:01:05.923,298,RECV,7E000F81000010024E343038372D56355A51E8
05-05-2025 13:01:05.924,299,RECV,7E000F81000042024E373038332D484C3057D2
05-05-2025 13:01:05.973,300,RECV,7E000F81000041024E373038342D38523045EE
05-05-2025 13:01:05.991,301,RECV,7E000F8100007D33024E333038382D304D354821
05-05-2025 13:01:05.991,302,RECV,7E000F8100007D33024E333038392D53473653F7
05-05-2025 13:01:05.991,303,RECV,7E000F81000037024E383038332D5750564DAD
05-05-2025 13:01:06.023,304,RECV,7E000F81000042024E373038352D48524B49BD
05-05-2025 13:01:06.023,305,RECV,7E000F81000036024E383038342D46584350C6
05-05-2025 13:01:06.023,306,RECV,7E000F8100007D33024E333039302D4A505955DA
05-05-2025 13:01:06.023,307,RECV,7E000F81000042024E373038362D53525843AA
05-05-2025 13:01:06.023,308,RECV,7E000F81000010024E343038382D3451334E17
05-05-2025 13:01:06.023,309,RECV,7E000F81000010024E343038392D3644344E20
05-05-2025 13:01:06.073,310,RECV,7E000F81000010024E343039302D53415747F2
05-05-2025 13:01:06.076,311,RECV,7E000F81000010024E343039312D504B334B0A
05-05-2025 13:01:06.076,312,RECV,7E000F81000010024E343039322D38474F437D31
05-05-2025 13:01:06.076,313,RECV,7E000F81000042024E373038382D4B475A58A4
05-05-2025 13:01:06.077,314,RECV,7E000F81000037024E383038352D564D4B58AF
05-05-2025 13:01:06.077,315,RECV,7E000F81000043024E373038392D35344C51E0
05-05-2025 13:01:06.077,316,RECV,7E000F81000010024E343039332D41563956FB
05-05-2025 13:01:06.077,317,RECV,7E000F81000038024E383038362D4A4D4950C3
05-05-2025 13:01:06.094,318,RECV,7E000F81000010024E343039342D57434D42F7
05-05-2025 13:01:06.094,319,RECV,7E000F81000010024E343039352D5744574EDF
05-05-2025 13:01:06.104,320,RECV,7E000F81000010024E343039362D594A5030FB
05-05-2025 13:01:06.142,321,RECV,7E000F81000010024E343039372D495430450B
05-05-2025 13:01:06.143,322,RECV,7E000F81000043024E373039302D34425437ED
05-05-2025 13:01:06.173,323,RECV,7E000F8100007D33024E333039322D553733520F
05-05-2025 13:01:06.174,324,RECV,7E000F8100007D33024E333039332D4742474609
05-05-2025 13:01:06.174,325,RECV,7E000F8100007D31024E343039382D59474B59D7
05-05-2025 13:01:06.174,326,RECV,7E000F8100007D33024E333039342D354B313835
05-05-2025 13:01:06.174,327,RECV,7E000F8100007D31024E343039392D3642374526
05-05-2025 13:01:06.174,328,RECV,7E000F81000042024E373039312D303743360E
05-05-2025 13:01:06.185,329,RECV,7E000F8100007D33024E333039352D4B55394CF8
05-05-2025 13:01:06.274,330,RECV,7E000F8100007D33024E333039362D53504844ED
05-05-2025 13:01:06.291,331,RECV,7E000F81000039024E383038372D59384441DB
05-05-2025 13:01:06.291,332,RECV,7E000F8100007D33024E333039372D5737544CED
05-05-2025 13:01:06.291,333,RECV,7E000F81000039024E383038382D334937330A
05-05-2025 13:01:06.291,334,RECV,7E000F81000038024E383038392D4F544843C2
05-05-2025 13:01:06.324,335,RECV,7E000F81000039024E383039302D574F5854A5
05-05-2025 13:01:06.324,336,RECV,7E000F81000038024E383039312D36494157E0
05-05-2025 13:01:06.374,337,RECV,7E000F81000043024E373039322D41433048F0
05-05-2025 13:01:06.374,338,RECV,7E000F81000044024E373039332D47384648DD
05-05-2025 13:01:06.374,339,RECV,7E000F8100007D33024E333039382D5135324220
05-05-2025 13:01:06.374,340,RECV,7E000F81000044024E373039342D3059474DCC
05-05-2025 13:01:06.374,341,RECV,7E000F81000044024E373039352D56435059A6
05-05-2025 13:01:06.374,342,RECV,7E000F81000039024E383039322D325A4D4BD1
05-05-2025 13:01:06.375,343,RECV,7E000F8100007D33024E333039392D48415350ED
05-05-2025 13:01:06.375,344,RECV,7E000F81000043024E373039372D38504C51C2
05-05-2025 13:01:06.424,345,RECV,7E000F81000039024E383039332D39593950D9
05-05-2025 13:01:06.456,346,RECV,7E000F81000039024E383039342D47464541E0
05-05-2025 13:01:06.474,347,RECV,7E000F81000044024E373039382D43565944AF
05-05-2025 13:01:06.474,348,RECV,7E000F81000044024E373039392D55513249C3
05-05-2025 13:01:06.474,349,RECV,7E000F81000039024E383039352D4C573846D1
05-05-2025 13:01:06.624,350,RECV,7E000F81000039024E383039362D37413954EC
05-05-2025 13:01:06.624,351,RECV,7E007D3381000039006BFFFFFFFFFFFFFFFF000000534847
05-05-2025 13:01:06.674,352,RECV,7E000F81000039024E383039372D494B4337E2
05-05-2025 13:01:06.675,353,RECV,7E000F81000038024E383039382D385A4A50C4
05-05-2025 13:01:06.775,354,RECV,7E000F81000039024E383039392D324F494DD7
