06-03-2025 21:14:30.043,-,API2,"Sink 1,0013A20041839DB1,802.15.4 TH,2003,/dev/ttyUSB0 - 57600/8/M/1/N,1,46"

06-03-2025 21:13:18.718,0,RECV,7E007D318100041C0232004E343030302D41374632FB
06-03-2025 21:13:18.719,1,RECV,7E007D318100031902A8004E333030302D5833494165
06-03-2025 21:13:18.769,2,RECV,7E007D318100041C0235004E343030312D4B4F434CBE
06-03-2025 21:13:18.777,3,RECV,7E007D318100031902AA004E333030312D59564F4732
06-03-2025 21:13:18.869,4,RECV,7E007D318100041C0236004E343030322D45484F4FBA
06-03-2025 21:13:18.869,5,RECV,7E007D318100031902AB004E333030322D554E394E4B
06-03-2025 21:13:18.969,6,RECV,7E007D318100041C0237004E343030332D42465045C6
06-03-2025 21:13:18.969,7,RECV,7E007D318100031A02AC004E333030332D3835385776
06-03-2025 21:13:19.020,8,RECV,7E007D318100041C0238004E343030342D4B31374CE2
06-03-2025 21:13:19.020,9,RECV,7E007D318100031902AD004E333030342D5A4C414149
06-03-2025 21:13:19.119,10,RECV,7E007D318100041C0239004E343030352D364B3236F6
06-03-2025 21:13:19.119,11,RECV,7E007D318100031902AE004E333030352D474530347F
06-03-2025 21:13:19.170,12,RECV,7E007D318100041C023A004E343030362D494E4848B6
06-03-2025 21:13:19.190,13,RECV,7E007D318100031A02AF004E333030362D503545386A
06-03-2025 21:13:19.190,14,RECV,7E007D318100011F0264004E313030362D4356494F85
06-03-2025 21:13:19.270,15,RECV,7E007D318100041C023C004E343030372D4F58334BB5
06-03-2025 21:13:19.270,16,RECV,7E007D318100031A02B1004E333030372D5333544946
06-03-2025 21:13:19.270,17,RECV,7E007D318100011F0265004E313030372D4650454F8A
06-03-2025 21:13:19.370,18,RECV,7E007D318100041C023D004E343030382D504E504E9C
06-03-2025 21:13:19.400,19,RECV,7E007D318100031A02B2004E333030382D344351415E
06-03-2025 21:13:19.400,20,RECV,7E007D318100011F0266004E313030382D534C5A3188
06-03-2025 21:13:19.420,21,RECV,7E007D318100041C023E004E343030392D56435543A5
06-03-2025 21:13:19.431,22,RECV,7E007D318100031A02B3004E333030392D4E4B483450
06-03-2025 21:13:19.431,23,RECV,7E007D318100011E0267004E313030392D444D555378
06-03-2025 21:13:19.520,24,RECV,7E007D318100041C023F004E343031302D52424855AC
06-03-2025 21:13:19.524,25,RECV,7E007D318100031A02B4004E333031302D4C4B513351
06-03-2025 21:13:19.524,26,RECV,7E007D318100011E0268004E313031302D39555337A0
06-03-2025 21:13:19.570,27,RECV,7E007D318100041C0240004E343031312D45305536DB
06-03-2025 21:13:19.621,28,RECV,7E007D318100031A02B5004E333031312D525A545119
06-03-2025 21:13:19.621,29,RECV,7E007D318100011E0269004E313031312D334E4234BF
06-03-2025 21:13:19.671,30,RECV,7E007D318100041C0241004E343031322D49425738BF
06-03-2025 21:13:19.715,31,RECV,7E007D318100031A02B6004E333031322D3737353392
06-03-2025 21:13:19.719,32,RECV,7E007D318100011F026A004E313031322D584F533881
06-03-2025 21:13:19.771,33,RECV,7E007D318100041C0242004E343031332D47484249BD
06-03-2025 21:13:19.771,34,RECV,7E007D318100031A02B7004E333031332D4C30385959
06-03-2025 21:13:19.771,35,RECV,7E007D318100011F026B004E313031332D455859417A
06-03-2025 21:13:19.821,36,RECV,7E007D318100041C0243004E343031342D465848539C
06-03-2025 21:13:19.871,37,RECV,7E007D318100031A02B8004E333031342D4730493371
06-03-2025 21:13:19.877,38,RECV,7E007D318100011F026C004E313031342D455641448F
06-03-2025 21:13:19.921,39,RECV,7E007D318100041C0244004E343031352D48433955BA
06-03-2025 21:13:19.921,40,RECV,7E007D318100031A02B9004E333031352D385933504E
06-03-2025 21:13:19.921,41,RECV,7E007D318100011E026D004E313031352D5530435393
06-03-2025 21:13:19.972,42,RECV,7E007D318100041C0245004E343031362D444F4757A0
06-03-2025 21:13:20.022,43,RECV,7E007D318100031A02BA004E333031362D534C31523E
06-03-2025 21:13:20.030,44,RECV,7E007D318100011E026E004E313031362D494E3238AB
06-03-2025 21:13:20.072,45,RECV,7E007D318100041C0246004E343031372D5246445A99
06-03-2025 21:13:20.072,46,RECV,7E007D318100031A02BB004E333031372D4A35314767
06-03-2025 21:13:20.082,47,RECV,7E007D318100011E026F004E313031372D564D573080
06-03-2025 21:13:20.172,48,RECV,7E007D318100041C0247004E343031382D51514D419D
06-03-2025 21:13:20.179,49,RECV,7E007D318100031A02BC004E333031382D4C444B473A
06-03-2025 21:13:20.184,50,RECV,7E007D318100011F0270004E313031382D51424C4B7D5D
06-03-2025 21:13:20.232,51,RECV,7E007D318100041C0248004E343031392D46314332DF
06-03-2025 21:13:20.242,52,RECV,7E007D318100031A02BD004E333031392D505A33512C
06-03-2025 21:13:20.244,53,RECV,7E007D318100011F0271004E313031392D4E5633438B
06-03-2025 21:13:20.322,54,RECV,7E007D318100041C0249004E343032302D46334946CA
06-03-2025 21:13:20.326,55,RECV,7E007D318100031A02BE004E333032302D5A3450374C
06-03-2025 21:13:20.326,56,RECV,7E007D318100022A02B7004E323032302D3633444A63
06-03-2025 21:13:20.326,57,RECV,7E007D318100011F0272004E313032302D5359564664
06-03-2025 21:13:20.393,58,RECV,7E007D318100041C024A004E343032312D48573033CE
06-03-2025 21:13:20.403,59,RECV,7E007D318100031A02BF004E333032312D305557552E
06-03-2025 21:13:20.403,60,RECV,7E007D318100011E0273004E313032312D314452469E
06-03-2025 21:13:20.472,61,RECV,7E007D318100041C024B004E343032322D32504B48B9
06-03-2025 21:13:20.523,62,RECV,7E007D318100031A02C0004E333032322D4451313265
06-03-2025 21:13:20.523,63,RECV,7E007D318100022A02B9004E323032322D53394C532B
06-03-2025 21:13:20.523,64,RECV,7E007D318100011E0274004E313032322D4B4B33538D
06-03-2025 21:13:20.573,65,RECV,7E007D318100041C024C004E343032332D4E395349A9
06-03-2025 21:13:20.573,66,RECV,7E007D318100031A02C1004E333032332D5A3943592C
06-03-2025 21:13:20.573,67,RECV,7E007D318100022A02BA004E323032332D3237475054
06-03-2025 21:13:20.574,68,RECV,7E007D318100011E0275004E313032332D38354E5597
06-03-2025 21:13:20.623,69,RECV,7E007D318100041C024D004E343032342D414C4F47A7
06-03-2025 21:13:20.673,70,RECV,7E007D318100031A02C2004E333032342D395947562A
06-03-2025 21:13:20.674,71,RECV,7E007D318100022A02BB004E323032342D593741463B
06-03-2025 21:13:20.674,72,RECV,7E007D318100011F0276004E313032342D47383646A9
06-03-2025 21:13:20.723,73,RECV,7E007D318100041C024E004E343032352D454F344EB2
06-03-2025 21:13:20.723,74,RECV,7E007D318100031A02C3004E333032352D3856463152
06-03-2025 21:13:20.734,75,RECV,7E007D318100022A02BC004E323032352D395A543138
06-03-2025 21:13:20.735,76,RECV,7E007D318100011F0277004E313032352D595A4B4F55
06-03-2025 21:13:20.823,77,RECV,7E007D318100041C024F004E343032362D51594F4588
06-03-2025 21:13:20.824,78,RECV,7E007D318100031A02C4004E333032362D45504D571C
06-03-2025 21:13:20.825,79,RECV,7E007D318100022B02BD004E323032362D3142344561
06-03-2025 21:13:20.825,80,RECV,7E007D318100011F0278004E313032362D4E34585670
06-03-2025 21:13:20.874,81,RECV,7E007D318100041C0250004E343032372D32375734D0
06-03-2025 21:13:20.924,82,RECV,7E007D318100031A02C5004E333032372D444843453F
06-03-2025 21:13:20.943,83,RECV,7E007D318100022A02BE004E323032372D4B41484A2E
06-03-2025 21:13:20.949,84,RECV,7E007D318100011E0279004E313032372D4D3250557B
06-03-2025 21:13:20.974,85,RECV,7E007D318100041C0251004E343032382D3850574A99
06-03-2025 21:13:20.974,86,RECV,7E007D318100031A02C6004E333032382D4D54443735
06-03-2025 21:13:20.975,87,RECV,7E007D318100022B02BF004E323032382D4A504F5010
06-03-2025 21:13:20.975,88,RECV,7E007D318100011E027A004E313032382D5146513283
06-03-2025 21:13:21.024,89,RECV,7E007D318100041C0252004E343032392D54345234B2
06-03-2025 21:13:21.074,90,RECV,7E007D318100031A02C7004E333032392D4E57354F26
06-03-2025 21:13:21.096,91,RECV,7E007D318100022B02C0004E323032392D504E314236
06-03-2025 21:13:21.101,92,RECV,7E007D318100011E027B004E313032392D533433578A
06-03-2025 21:13:21.124,93,RECV,7E007D318100041C0253004E343033302D44433434D8
06-03-2025 21:13:21.134,94,RECV,7E007D318100031A02C8004E333033302D5548534F17
06-03-2025 21:13:21.134,95,RECV,7E007D318100022A02C1004E323033302D34564A4833
06-03-2025 21:13:21.134,96,RECV,7E007D318100011F027C004E313033302D4959574B5D
06-03-2025 21:13:21.224,97,RECV,7E007D318100041C0254004E343033312D45344133D8
06-03-2025 21:13:21.249,98,RECV,7E007D318100031A02C9004E333033312D3454313467
06-03-2025 21:13:21.253,99,RECV,7E007D318100022A02C2004E323033312D54384B5A1C
06-03-2025 21:13:21.253,100,RECV,7E007D318100011F027D5D004E313033312D59494E347B
06-03-2025 21:13:21.274,101,RECV,7E007D318100041C0255004E343033322D554353399F
06-03-2025 21:13:21.325,102,RECV,7E007D318100031A02CA004E333033322D5948354339
06-03-2025 21:13:21.329,103,RECV,7E007D318100022B02C3004E323033322D4E364A3349
06-03-2025 21:13:21.329,104,RECV,7E007D318100011F027D5E004E313033322D4F39475777
06-03-2025 21:13:21.375,105,RECV,7E007D318100041C0256004E343033332D55553936A8
06-03-2025 21:13:21.400,106,RECV,7E007D318100031A02CB004E333033332D394D423751
06-03-2025 21:13:21.404,107,RECV,7E007D318100022B02C4004E323033332D564D4D3820
06-03-2025 21:13:21.404,108,RECV,7E007D318100011E027F004E313033332D33493347A6
06-03-2025 21:13:21.435,109,RECV,7E007D318100041C0257004E343033342D4F493642AF
06-03-2025 21:13:21.475,110,RECV,7E007D318100031A02CC004E333033342D54595A55F2
06-03-2025 21:13:21.475,111,RECV,7E007D318100022B02C5004E323033342D5631305639
06-03-2025 21:13:21.476,112,RECV,7E007D318100011E0280004E313033342D4738354F97
06-03-2025 21:13:21.525,113,RECV,7E007D318100041C0258004E343033352D4A48425792
06-03-2025 21:13:21.548,114,RECV,7E007D318100031A02CD004E333033352D524134582D
06-03-2025 21:13:21.548,115,RECV,7E007D318100022B02C6004E323033352D3145524537
06-03-2025 21:13:21.548,116,RECV,7E007D318100011E0281004E313033352D56314C5174
06-03-2025 21:13:21.596,117,RECV,7E007D318100041C0259004E343033362D42374A55A3
06-03-2025 21:13:21.626,118,RECV,7E007D318100031A02CE004E333033362D464A364D37
06-03-2025 21:13:21.627,119,RECV,7E007D318100022B02C7004E323033362D3832373071
06-03-2025 21:13:21.627,120,RECV,7E007D318100011E0282004E313033362D5745453382
06-03-2025 21:13:21.676,121,RECV,7E007D318100041C025A004E343033372D31505234B2
06-03-2025 21:13:21.726,122,RECV,7E007D318100031A02CF004E333033372D534E383738
06-03-2025 21:13:21.726,123,RECV,7E007D318100022B02C8004E323033372D334B4B3641
06-03-2025 21:13:21.726,124,RECV,7E007D318100011F0283004E313033372D395443378C
06-03-2025 21:13:21.776,125,RECV,7E007D318100041C025B004E343033382D48393337CC
06-03-2025 21:13:21.786,126,RECV,7E007D318100031A02D0004E333033382D5739305234
06-03-2025 21:13:21.787,127,RECV,7E007D318100022B02C9004E323033382D4753364C22
06-03-2025 21:13:21.787,128,RECV,7E007D318100011F0284004E313033382D434B473389
06-03-2025 21:13:21.876,129,RECV,7E007D318100041C025C004E343033392D4E4D3233B5
06-03-2025 21:13:21.876,130,RECV,7E007D318100031A02D1004E333033392D4741564C1A
06-03-2025 21:13:21.876,131,RECV,7E007D318100022B02CA004E323033392D5743505101
06-03-2025 21:13:21.876,132,RECV,7E007D318100011F0285004E313033392D555234486C
06-03-2025 21:13:21.926,133,RECV,7E007D318100041C025D004E343034302D5858514B70
06-03-2025 21:13:21.977,134,RECV,7E007D318100031A02D2004E333034302D4B424C5220
06-03-2025 21:13:22.015,135,RECV,7E007D318100022B02CB004E323034302D4F4857361F
06-03-2025 21:13:22.021,136,RECV,7E007D318100011E0286004E313034302D305A3034A9
06-03-2025 21:13:22.026,137,RECV,7E007D318100041C025E004E343034312D36554E39A8
06-03-2025 21:13:22.026,138,RECV,7E007D318100031A02D3004E333034312D4E5057490B
06-03-2025 21:13:22.027,139,RECV,7E007D318100022B02CC004E323034312D535656350D
06-03-2025 21:13:22.037,140,RECV,7E007D318100011E0287004E313034312D53335A4273
06-03-2025 21:13:22.077,141,RECV,7E007D318100041C025F004E343034322D34563657A1
06-03-2025 21:13:22.127,142,RECV,7E007D318100031A02D4004E333034322D4131353070
06-03-2025 21:13:22.157,143,RECV,7E007D318100022B02CD004E323034322D3251534722
06-03-2025 21:13:22.157,144,RECV,7E007D318100011E0288004E313034322D48344F4583
06-03-2025 21:13:22.177,145,RECV,7E007D318100041C0260004E343034332D48465A4C82
06-03-2025 21:13:22.177,146,RECV,7E007D318100031A02D5004E333034332D504344323C
06-03-2025 21:13:22.197,147,RECV,7E007D318100022B02CE004E323034332D5A4E534200
06-03-2025 21:13:22.197,148,RECV,7E007D318100011F0289004E313034332D4C464A4173
06-03-2025 21:13:22.227,149,RECV,7E007D318100041C0261004E343034342D33564737AD
06-03-2025 21:13:22.277,150,RECV,7E007D318100031A02D6004E333034342D3855414134
06-03-2025 21:13:22.314,151,RECV,7E007D318100022B02CF004E323034342D3654375A20
06-03-2025 21:13:22.314,152,RECV,7E007D318100011F028A004E313034342D41353042A6
06-03-2025 21:13:22.327,153,RECV,7E007D318100041C0262004E343034352D364B4246A9
06-03-2025 21:13:22.378,154,RECV,7E007D318100031A02D7004E333034352D5A574C3014
06-03-2025 21:13:22.383,155,RECV,7E007D318100022A02D0004E323034352D5448594CF9
06-03-2025 21:13:22.383,156,RECV,7E007D318100011F028B004E313034352D4D30425578
06-03-2025 21:13:22.428,157,RECV,7E007D318100041C0263004E343034362D5A5246437B
06-03-2025 21:13:22.464,158,RECV,7E007D318100031A02D8004E333034362D314C4E4232
06-03-2025 21:13:22.464,159,RECV,7E007D318100022B02D1004E323034362D424435304C
06-03-2025 21:13:22.464,160,RECV,7E007D318100011E028C004E313034362D454D4D416B
06-03-2025 21:13:22.477,161,RECV,7E007D318100041C0264004E343034372D39443856A3
06-03-2025 21:13:22.528,162,RECV,7E007D318100031A02D9004E333034372D315546521F
06-03-2025 21:13:22.528,163,RECV,7E007D318100022B02D2004E323034372D5236415814
06-03-2025 21:13:22.528,164,RECV,7E007D318100011E028D004E313034372D5A5438485B
06-03-2025 21:13:22.578,165,RECV,7E007D318100041C0265004E343034382D5432325A9A
06-03-2025 21:13:22.623,166,RECV,7E007D318100031A02DA004E333034382D524D553710
06-03-2025 21:13:22.630,167,RECV,7E007D318100022B02D3004E323034382D5543324128
06-03-2025 21:13:22.631,168,RECV,7E007D318100011E028E004E313034382D5057514649
06-03-2025 21:13:22.678,169,RECV,7E007D318100041C0266004E343034392D4C4738558A
06-03-2025 21:13:22.678,170,RECV,7E007D318100031A02DB004E333034392D5942473720
06-03-2025 21:13:22.678,171,RECV,7E007D318100022B02D4004E323034392D4E4D39322B
06-03-2025 21:13:22.688,172,RECV,7E007D318100011F028F004E313034392D564444584E
06-03-2025 21:13:22.728,173,RECV,7E007D318100041C0267004E343035302D304B44579B
06-03-2025 21:13:22.779,174,RECV,7E007D318100031A02DD004E333035302D4B39314D3D
06-03-2025 21:13:22.786,175,RECV,7E007D318100022B02D6004E323035302D4B455A52FB
06-03-2025 21:13:22.786,176,RECV,7E007D318100011F0291004E313035302D58575A4839
06-03-2025 21:13:22.829,177,RECV,7E007D318100041C026A004E343035312D424C514985
06-03-2025 21:13:22.830,178,RECV,7E007D318100031A02DE004E333035312D3852495416
06-03-2025 21:13:22.849,179,RECV,7E007D318100022B02D7004E323035312D444B423331
06-03-2025 21:13:22.850,180,RECV,7E007D318100011F0292004E313035312D38303637B3
06-03-2025 21:13:22.879,181,RECV,7E007D318100041C026B004E343035322D4E43374D96
06-03-2025 21:13:22.929,182,RECV,7E007D318100031A02DF004E333035322D304D523834
06-03-2025 21:13:22.929,183,RECV,7E007D318100022B02D8004E323035322D505053340C
06-03-2025 21:13:22.929,184,RECV,7E007D318100011E0293004E313035322D32354733A6
06-03-2025 21:13:22.979,185,RECV,7E007D318100041C026C004E343035332D3039415AA5
06-03-2025 21:13:23.029,186,RECV,7E007D318100031A02E0004E333035332D3130544C38
06-03-2025 21:13:23.029,187,RECV,7E007D318100022A02D9004E323035332D3044313558
06-03-2025 21:13:23.029,188,RECV,7E007D318100011E0294004E313035332D5933375969
06-03-2025 21:13:23.079,189,RECV,7E007D318100041C026D004E343035342D5345315589
06-03-2025 21:13:23.089,190,RECV,7E007D318100031A02E1004E333035342D5A38445A07
06-03-2025 21:13:23.090,191,RECV,7E007D318100022B02DA004E323035342D56494554F7
06-03-2025 21:13:23.091,192,RECV,7E007D318100011E0295004E313035342D4E48335664
06-03-2025 21:13:23.129,193,RECV,7E007D318100041C026E004E343035352D47313657A0
06-03-2025 21:13:23.180,194,RECV,7E007D318100031A02E2004E333035352D503332344C
06-03-2025 21:13:23.181,195,RECV,7E007D318100022B02DB004E323035352D54563555F9
06-03-2025 21:13:23.182,196,RECV,7E007D318100011F0296004E313035352D345338328F
06-03-2025 21:13:23.229,197,RECV,7E007D318100041C026F004E343035362D44445A546D
06-03-2025 21:13:23.249,198,RECV,7E007D318100031A02E4004E333035362D4C47583512
06-03-2025 21:13:23.250,199,RECV,7E007D318100022B02DC004E323035362D584B5437FD
06-03-2025 21:13:23.250,200,RECV,7E007D318100011F0297004E313035362D4A37544F5A
06-03-2025 21:13:23.279,201,RECV,7E007D318100041C0271004E343035372D5A3430489A
06-03-2025 21:13:23.379,202,RECV,7E007D318100031A02E5004E333035372D424E504B05
06-03-2025 21:13:23.393,203,RECV,7E007D318100022B02DD004E323035372D4758553302
06-03-2025 21:13:23.399,204,RECV,7E007D318100011F0298004E313035372D38584B5849
06-03-2025 21:13:23.399,205,RECV,7E007D318100041C0272004E343035382D4F4C5A4366
06-03-2025 21:13:23.429,206,RECV,7E007D318100031A02E6004E333035382D424F544207
06-03-2025 21:13:23.430,207,RECV,7E007D318100022B02DE004E323035382D59573444FF
06-03-2025 21:13:23.430,208,RECV,7E007D318100011E0299004E313035382D34325A4279
06-03-2025 21:13:23.480,209,RECV,7E007D318100041C0273004E343035392D4A374D4A84
06-03-2025 21:13:23.480,210,RECV,7E007D318100031A02E7004E333035392D3238504E24
06-03-2025 21:13:23.480,211,RECV,7E007D318100022B02DF004E323035392D5347553204
06-03-2025 21:13:23.501,212,RECV,7E007D318100011E029A004E313035392D393639458C
06-03-2025 21:13:23.551,213,RECV,7E007D318100041C0274004E343036302D4C37574188
06-03-2025 21:13:23.580,214,RECV,7E007D318100031A02E8004E333036302D544D444806
06-03-2025 21:13:23.580,215,RECV,7E007D318100022B02E0004E323036302D4F4734560C
06-03-2025 21:13:23.580,216,RECV,7E007D318100011E029B004E313036302D4C3937398B
06-03-2025 21:13:23.630,217,RECV,7E007D318100041C0275004E343036312D49453033B0
06-03-2025 21:13:23.680,218,RECV,7E007D318100031A02E9004E333036312D5A425444FD
06-03-2025 21:13:23.696,219,RECV,7E007D318100022B02E1004E323036312D353354343A
06-03-2025 21:13:23.696,220,RECV,7E007D318100011F029C004E313036312D4658555238
06-03-2025 21:13:23.697,221,RECV,7E007D318100041C0276004E343036322D4859583076
06-03-2025 21:13:23.730,222,RECV,7E007D318100031A02EA004E333036322D51475347FD
06-03-2025 21:13:23.741,223,RECV,7E007D318100022B02E2004E323036322D3857434412
06-03-2025 21:13:23.741,224,RECV,7E007D318100011F029D004E313036322D413941457B
06-03-2025 21:13:23.781,225,RECV,7E007D318100041C0277004E343036332D5838494183
06-03-2025 21:13:23.831,226,RECV,7E007D318100031A02EB004E333036332D3437555815
06-03-2025 21:13:23.855,227,RECV,7E007D318100022B02E3004E323036332D314B354E27
06-03-2025 21:13:23.861,228,RECV,7E007D318100011F029E004E313036332D4538344781
06-03-2025 21:13:23.861,229,RECV,7E007D318100041C0278004E343036342D41344534AD
06-03-2025 21:13:23.901,230,RECV,7E007D318100031A02EC004E333036342D58503455FA
06-03-2025 21:13:23.901,231,RECV,7E007D318100022B02E4004E323036342D50375859EC
06-03-2025 21:13:23.901,232,RECV,7E007D318100011E029F004E313036342D4433563279
06-03-2025 21:13:23.931,233,RECV,7E007D318100041C0279004E343036352D57554B5151
06-03-2025 21:13:23.981,234,RECV,7E007D318100031A02ED004E333036352D5953353612
06-03-2025 21:13:24.012,235,RECV,7E007D318100022B02E5004E323036352D4D494E300E
06-03-2025 21:13:24.018,236,RECV,7E007D318100011E02A0004E313036352D5A57455A26
06-03-2025 21:13:24.031,237,RECV,7E007D318100041C027A004E343036362D53394F4577
06-03-2025 21:13:24.081,238,RECV,7E007D318100031A02EE004E333036362D434548447D33
06-03-2025 21:13:24.081,239,RECV,7E007D318100022B02E6004E323036362D324D373238
06-03-2025 21:13:24.081,240,RECV,7E007D318100011E02A1004E313036362D31304A4C7D5D
06-03-2025 21:13:24.131,241,RECV,7E007D318100041C027B004E343036372D4D4E4F3972
06-03-2025 21:13:24.181,242,RECV,7E007D318100031A02EF004E333036372D4250504201
06-03-2025 21:13:24.182,243,RECV,7E007D318100022B02E7004E323036372D4835365318
06-03-2025 21:13:24.182,244,RECV,7E007D318100011F02A2004E313036372D5A4752344A
06-03-2025 21:13:24.182,245,RECV,7E007D318100041C027C004E343036382D47343131B6
06-03-2025 21:13:24.232,246,RECV,7E007D318100031A02F0004E333036382D47454D58F2
06-03-2025 21:13:24.232,247,RECV,7E007D318100022B02E8004E323036382D4441573808
06-03-2025 21:13:24.232,248,RECV,7E007D318100011F02A3004E313036382D5555343160
06-03-2025 21:13:24.282,249,RECV,7E007D318100041C027D5D004E343036392D334B595466
06-03-2025 21:13:24.332,250,RECV,7E007D318100031A02F1004E333036392D444737421D
06-03-2025 21:13:24.332,251,RECV,7E007D318100022B02E9004E323036392D364E31362F
06-03-2025 21:13:24.333,252,RECV,7E007D318100011F02A4004E313036392D4532533370
06-03-2025 21:13:24.333,253,RECV,7E007D318100041C027D5E004E343037302D4D3447557B
06-03-2025 21:13:24.382,254,RECV,7E007D318100031A02F2004E333037302D51494A4400
06-03-2025 21:13:24.393,255,RECV,7E007D318100022B02EA004E323037302D4459314E05
06-03-2025 21:13:24.398,256,RECV,7E007D318100011F02A5004E313037302D5541584244
06-03-2025 21:13:24.432,257,RECV,7E007D318100041C027F004E343037312D4434305A94
06-03-2025 21:13:24.482,258,RECV,7E007D318100031A02F3004E333037312D5A583757E6
06-03-2025 21:13:24.482,259,RECV,7E007D318100022B02EB004E323037312D53465851DD
06-03-2025 21:13:24.482,260,RECV,7E007D318100011E02A6004E313037312D574457542D
06-03-2025 21:13:24.533,261,RECV,7E007D318100041C0280004E343037322D4E34514F72
06-03-2025 21:13:24.533,262,RECV,7E007D318100031A02F4004E333037322D57484A50EB
06-03-2025 21:13:24.553,263,RECV,7E007D318100022A02EC004E323037322D434B5541FA
06-03-2025 21:13:24.554,264,RECV,7E007D318100011E02A7004E313037322D3554484858
06-03-2025 21:13:24.583,265,RECV,7E007D318100041C0281004E343037332D55363132A4
06-03-2025 21:13:24.633,266,RECV,7E007D318100031A02F5004E333037332D4E58463204
06-03-2025 21:13:24.633,267,RECV,7E007D318100022A02ED004E323037332D574B3551F4
06-03-2025 21:13:24.633,268,RECV,7E007D318100011E02A8004E313037332D5447325052
06-03-2025 21:13:24.683,269,RECV,7E007D318100041C0282004E343037342D5A314D5662
06-03-2025 21:13:24.734,270,RECV,7E007D318100031A02F6004E333037342D4C33414917
06-03-2025 21:13:24.765,271,RECV,7E007D318100022A02EE004E323037342D58575630E5
06-03-2025 21:13:24.765,272,RECV,7E007D318100011F02A9004E313037342D3836363494
06-03-2025 21:13:24.766,273,RECV,7E007D318100041C0283004E343037352D563636428A
06-03-2025 21:13:24.793,274,RECV,7E007D318100031A02F7004E333037352D57414A59E3
06-03-2025 21:13:24.793,275,RECV,7E007D318100022A02EF004E323037352D3041504B0C
06-03-2025 21:13:24.793,276,RECV,7E007D318100011F02AA004E313037352D3135585953
06-03-2025 21:13:24.833,277,RECV,7E007D318100041C0284004E343037362D384541349A
06-03-2025 21:13:24.884,278,RECV,7E007D318100031A02F8004E333037362D3535564418
06-03-2025 21:13:24.925,279,RECV,7E007D318100022A02F0004E323037362D56555241D8
06-03-2025 21:13:24.931,280,RECV,7E007D318100011F02AB004E313037362D393049575F
06-03-2025 21:13:24.931,281,RECV,7E007D318100041C0285004E343037372D4D41325971
06-03-2025 21:13:24.984,282,RECV,7E007D318100031A02F9004E333037372D4C564B58D5
06-03-2025 21:13:24.984,283,RECV,7E007D318100022A02F1004E323037372D56395353DF
06-03-2025 21:13:24.984,284,RECV,7E007D318100011E02AC004E313037372D3946493867
06-03-2025 21:13:24.984,285,RECV,7E007D318100041C0286004E343037382D4E46395269
06-03-2025 21:13:25.034,286,RECV,7E007D318100031A02FA004E333037382D3934453234
06-03-2025 21:13:25.074,287,RECV,7E007D318100022A02F2004E323037382D58535A34D9
06-03-2025 21:13:25.084,288,RECV,7E007D318100041C0287004E343037392D475A53444E
06-03-2025 21:13:25.134,289,RECV,7E007D318100031A02FB004E333037392D383250510B
06-03-2025 21:13:25.134,290,RECV,7E007D318100022A02F3004E323037392D44594454DB
06-03-2025 21:13:25.135,291,RECV,7E007D318100041C0288004E343038302D35344A4397
06-03-2025 21:13:25.234,292,RECV,7E007D318100031A02FC004E333038302D4558514FE0
06-03-2025 21:13:25.235,293,RECV,7E007D318100022902F4004E323038302D5049544EDD
06-03-2025 21:13:25.235,294,RECV,7E007D318100041C0289004E343038312D485031487A
06-03-2025 21:13:25.285,295,RECV,7E007D318100031A02FD004E333038312D56564537F3
06-03-2025 21:13:25.285,296,RECV,7E007D318100022A02F5004E323038312D50515A50CA
06-03-2025 21:13:25.285,297,RECV,7E007D318100041C028A004E343038322D33335A5772
06-03-2025 21:13:25.384,298,RECV,7E007D318100031A02FE004E333038322D363452510C
06-03-2025 21:13:25.386,299,RECV,7E007D318100022A02F6004E323038322D5932543301
06-03-2025 21:13:25.387,300,RECV,7E007D318100041C028B004E343038332D5A3345575E
06-03-2025 21:13:25.435,301,RECV,7E007D318100031A02FF004E333038332D4D4B3551F9
06-03-2025 21:13:25.445,302,RECV,7E007D318100022A02F7004E323038332D4D444D4DE6
06-03-2025 21:13:25.476,303,RECV,7E007D318100041C028C004E343038342D5148415655
06-03-2025 21:13:25.535,304,RECV,7E007D318100031A0201004E333038342D4E4A4E4EE0
06-03-2025 21:13:25.543,305,RECV,7E007D318100022A02F8004E323038342D3349454C02
06-03-2025 21:13:25.545,306,RECV,7E007D318100041C028D004E343038352D47564D3267
06-03-2025 21:13:25.635,307,RECV,7E007D318100031A0202004E333038352D49555139EA
06-03-2025 21:13:25.636,308,RECV,7E007D318100022A02F9004E323038352D4F4A454DE2
06-03-2025 21:13:25.636,309,RECV,7E007D318100041C028E004E343038362D5333314585
06-03-2025 21:13:25.685,310,RECV,7E007D318100031A0203004E333038362D37304B4F0F
06-03-2025 21:13:25.689,311,RECV,7E007D318100022902FA004E323038362D5034454DF6
06-03-2025 21:13:25.705,312,RECV,7E007D318100041C028F004E343038372D594136446B
06-03-2025 21:13:25.786,313,RECV,7E007D318100031A0204004E333038372D4F524852D3
06-03-2025 21:13:25.786,314,RECV,7E007D318100022A02FB004E323038372D4233443917
06-03-2025 21:13:25.786,315,RECV,7E007D318100041C0290004E343038382D304B434F70
06-03-2025 21:13:25.846,316,RECV,7E007D318100031A0205004E333038382D4435544CF3
06-03-2025 21:13:25.848,317,RECV,7E007D318100022A02FC004E323038382D303235442C
06-03-2025 21:13:25.866,318,RECV,7E007D318100041C0291004E343038392D435A434853
06-03-2025 21:13:25.936,319,RECV,7E007D318100031A0206004E333038392D3952363316
06-03-2025 21:13:25.936,320,RECV,7E007D318100022A02FD004E323038392D4B435A33EA
06-03-2025 21:13:25.947,321,RECV,7E007D318100041C0292004E343039302D524C474459
06-03-2025 21:13:26.036,322,RECV,7E007D318100031A0207004E333039302D4343533404
06-03-2025 21:13:26.037,323,RECV,7E007D318100022A02FE004E323039302D4C33444801
06-03-2025 21:13:26.037,324,RECV,7E007D318100041C0293004E343039312D5A41384C61
06-03-2025 21:13:26.086,325,RECV,7E007D318100031A0208004E333039312D363037581A
06-03-2025 21:13:26.087,326,RECV,7E007D318100022A02FF004E323039312D52454D59CD
06-03-2025 21:13:26.136,327,RECV,7E007D318100041C0294004E343039322D4259484952
06-03-2025 21:13:26.186,328,RECV,7E007D318100031A0209004E333039322D4E35594FE2
06-03-2025 21:13:26.186,329,RECV,7E007D318100022A0201004E323039322D513145340C
06-03-2025 21:13:26.186,330,RECV,7E007D318100041C0295004E343039332D4D43355166
06-03-2025 21:13:26.287,331,RECV,7E007D318100031A020A004E333039332D5A304A42F5
06-03-2025 21:13:26.299,332,RECV,7E007D318100022A0202004E323039332D434E3057ED
06-03-2025 21:13:26.299,333,RECV,7E007D318100041C0296004E343039342D5A5753571F
06-03-2025 21:13:26.337,334,RECV,7E007D318100031A020B004E333039342D414441327D31
06-03-2025 21:13:26.347,335,RECV,7E007D318100022A0203004E323039342D4F305933F8
06-03-2025 21:13:26.347,336,RECV,7E007D318100041C0297004E343039352D4259543851
06-03-2025 21:13:26.437,337,RECV,7E007D318100031A020C004E333039352D3452324E01
06-03-2025 21:13:26.454,338,RECV,7E007D318100022A0204004E323039352D41445239F1
06-03-2025 21:13:26.461,339,RECV,7E007D318100041C0298004E343039362D59344F5446
06-03-2025 21:13:26.487,340,RECV,7E007D318100031A020D004E333039362D48484557D9
06-03-2025 21:13:26.508,341,RECV,7E007D318100022A0205004E323039362D4D4B3452E1
06-03-2025 21:13:26.508,342,RECV,7E007D318100041C0299004E343039372D374C535549
06-03-2025 21:13:26.587,343,RECV,7E007D318100031A020E004E333039372D4E5A3056D5
06-03-2025 21:13:26.602,344,RECV,7E007D318100022A0206004E323039372D5A365432E7
06-03-2025 21:13:26.602,345,RECV,7E007D318100041C029A004E343039382D345757553B
06-03-2025 21:13:26.688,346,RECV,7E007D318100031A020F004E333039382D45535636DD
06-03-2025 21:13:26.688,347,RECV,7E007D318100022A0207004E323039382D5150434BCC
06-03-2025 21:13:26.688,348,RECV,7E007D318100041C029B004E343039392D5842523450
06-03-2025 21:13:26.748,349,RECV,7E007D318100031A0210004E333039392D47464356D9
06-03-2025 21:13:48.916,350,RECV,7E007D318100011F02AD004E313037382D3947374A63
06-03-2025 21:13:48.917,351,RECV,7E007D318100011F02AE004E313037392D3648363678
06-03-2025 21:13:51.052,352,RECV,7E007D318100011F02B1004E313038312D5751453643
06-03-2025 21:13:51.052,353,RECV,7E007D318100011F02B2004E313038322D4B5246532E
06-03-2025 21:13:52.506,354,RECV,7E007D318100011F02B3004E313038332D3559315053
06-03-2025 21:13:52.507,355,RECV,7E007D318100011F02B4004E313038342D4B47423656
06-03-2025 21:13:53.910,356,RECV,7E007D318100011F02B5004E313038352D3536494367
06-03-2025 21:13:53.914,357,RECV,7E007D318100011F02B6004E313038362D3546565932
06-03-2025 21:13:56.066,358,RECV,7E007D318100011F02B9004E313038382D4651333756
06-03-2025 21:13:56.066,359,RECV,7E007D318100011F02BA004E313038392D365449552D
06-03-2025 21:13:57.569,360,RECV,7E007D318100011F02BB004E313039302D424643573A
06-03-2025 21:13:57.570,361,RECV,7E007D318100011F02BC004E313039312D3831555943
06-03-2025 21:13:58.973,362,RECV,7E007D318100011F02BD004E313039322D3346453862
06-03-2025 21:13:58.994,363,RECV,7E007D318100011F02BE004E313039332D314B554243
06-03-2025 21:14:01.129,364,RECV,7E007D318100011F02C1004E313039352D4359334A38
06-03-2025 21:14:01.129,365,RECV,7E007D318100012002C2004E313039362D4A45593036
06-03-2025 21:14:02.583,366,RECV,7E007D318100011F02C3004E313039372D3842545728
06-03-2025 21:14:02.584,367,RECV,7E007D318100011F02C4004E313039382D4F46394538
06-03-2025 21:14:03.987,368,RECV,7E007D318100011F02C5004E313039392D57324F3839
