06-03-2025 21:14:43.422,-,API2,"Sink 2,0013A20041839DCA,802.15.4 TH,2003,/dev/ttyUSB2 - 57600/8/M/1/N,1,46"

06-03-2025 21:13:18.718,0,RECV,7E007D318100062E02A8004E363030302D4646534E32
06-03-2025 21:13:18.719,1,RECV,7E007D318100053602A2004E353030302D374531357D5D
06-03-2025 21:13:18.769,2,RECV,7E007D318100062E02AA004E363030312D4249423659
06-03-2025 21:13:18.777,3,RECV,7E007D318100053502A5004E353030312D3841563954
06-03-2025 21:13:18.789,4,RECV,7E007D318100073D0247004E373030312D5854305280
06-03-2025 21:13:18.869,5,RECV,7E007D31810008360269004E383030322D5856585A30
06-03-2025 21:13:18.869,6,RECV,7E007D318100062E02AB004E363030322D4A44543147
06-03-2025 21:13:18.869,7,RECV,7E007D318100053502A6004E353030322D4638494E45
06-03-2025 21:13:18.869,8,RECV,7E007D318100073D0248004E373030322D484C545173
06-03-2025 21:13:18.969,9,RECV,7E007D3181000836026A004E383030332D5233424681
06-03-2025 21:13:18.969,10,RECV,7E007D318100062E02AC004E363030332D3648583250
06-03-2025 21:13:18.969,11,RECV,7E007D318100053502A7004E353030332D4C465A4824
06-03-2025 21:13:19.019,12,RECV,7E007D3181000835026B004E383030342D545653533D
06-03-2025 21:13:19.019,13,RECV,7E007D318100062D02AD004E363030342D4E37514C35
06-03-2025 21:13:19.030,14,RECV,7E007D318100053602A8004E353030342D323045307D5E
06-03-2025 21:13:19.030,15,RECV,7E007D318100073D024A004E373030342D35393947BA
06-03-2025 21:13:19.119,16,RECV,7E007D3181000835026C004E383030352D4C53314C6F
06-03-2025 21:13:19.119,17,RECV,7E007D318100062E02AE004E363030352D34554D324C
06-03-2025 21:13:19.119,18,RECV,7E007D318100053402A9004E353030352D5048504F1E
06-03-2025 21:13:19.169,19,RECV,7E007D3181000835026D004E383030362D3257365179
06-03-2025 21:13:19.200,20,RECV,7E007D318100062D02AF004E363030362D45304F4C43
06-03-2025 21:13:19.200,21,RECV,7E007D318100053402AA004E353030362D584554540E
06-03-2025 21:13:19.270,22,RECV,7E007D3181000834026E004E383030372D3352543976
06-03-2025 21:13:19.270,23,RECV,7E007D318100062E02B0004E363030372D314449563C
06-03-2025 21:13:19.270,24,RECV,7E007D318100053402AB004E353030372D4D32344D51
06-03-2025 21:13:19.370,25,RECV,7E007D3181000834026F004E383030382D394C523976
06-03-2025 21:13:19.400,26,RECV,7E007D318100062E02B1004E363030382D4139334B56
06-03-2025 21:13:19.400,27,RECV,7E007D318100053402AC004E353030382D4151425229
06-03-2025 21:13:19.420,28,RECV,7E007D31810008340270004E383030392D4137394C87
06-03-2025 21:13:19.420,29,RECV,7E007D318100062D02B2004E363030392D4B37594929
06-03-2025 21:13:19.421,30,RECV,7E007D318100053402AD004E353030392D4C32573147
06-03-2025 21:13:19.520,31,RECV,7E007D31810008350271004E383031302D525A463860
06-03-2025 21:13:19.524,32,RECV,7E007D318100062D02B3004E363031302D4B47325838
06-03-2025 21:13:19.524,33,RECV,7E007D318100053402AE004E353031302D47444E5625
06-03-2025 21:13:19.570,34,RECV,7E007D31810008340272004E383031312D4550484864
06-03-2025 21:13:19.621,35,RECV,7E007D318100062D02B4004E363031312D4653444332
06-03-2025 21:13:19.621,36,RECV,7E007D318100053302AF004E353031312D5354513724
06-03-2025 21:13:19.671,37,RECV,7E007D31810008350273004E383031322D593641486E
06-03-2025 21:13:19.721,38,RECV,7E007D318100062D02B5004E363031322D5534534133
06-03-2025 21:13:19.721,39,RECV,7E007D318100053402B0004E353031322D41325A572C
06-03-2025 21:13:19.721,40,RECV,7E007D318100073C0252004E373031322D5832493699
06-03-2025 21:13:19.771,41,RECV,7E007D31810008340274004E383031332D32414D497C
06-03-2025 21:13:19.771,42,RECV,7E007D318100062D02B6004E363031332D4546555519
06-03-2025 21:13:19.771,43,RECV,7E007D318100053302B1004E353031332D444C49482E
06-03-2025 21:13:19.771,44,RECV,7E007D318100073C0253004E373031332D33424A38A9
06-03-2025 21:13:19.821,45,RECV,7E007D31810008340275004E383031342D56344D5755
06-03-2025 21:13:19.870,46,RECV,7E007D318100062D02B7004E363031342D44434E4C2B
06-03-2025 21:13:19.877,47,RECV,7E007D318100053402B2004E353031342D5634493049
06-03-2025 21:13:19.877,48,RECV,7E007D318100073C0254004E373031342D4945435479
06-03-2025 21:13:19.921,49,RECV,7E007D31810008340276004E383031352D58505A4936
06-03-2025 21:13:19.921,50,RECV,7E007D318100062D02B8004E363031352D55304C5722
06-03-2025 21:13:19.921,51,RECV,7E007D318100053402B3004E353031352D3139533954
06-03-2025 21:13:19.922,52,RECV,7E007D318100073C0255004E373031352D5934484483
06-03-2025 21:13:19.982,53,RECV,7E007D31810008340277004E383031362D554C423567
06-03-2025 21:13:20.023,54,RECV,7E007D318100062D02B9004E363031362D3551335639
06-03-2025 21:13:20.030,55,RECV,7E007D318100053402B4004E353031362D4150525312
06-03-2025 21:13:20.072,56,RECV,7E007D31810008340278004E383031372D4F5358473C
06-03-2025 21:13:20.072,57,RECV,7E007D318100062D02BA004E363031372D4851424328
06-03-2025 21:13:20.082,58,RECV,7E007D318100053402B5004E353031372D4837435232
06-03-2025 21:13:20.082,59,RECV,7E007D318100073C0257004E373031372D5341344888
06-03-2025 21:13:20.172,60,RECV,7E007D31810008340279004E383031382D33544E4D59
06-03-2025 21:13:20.179,61,RECV,7E007D318100062C02BB004E363031382D3031395853
06-03-2025 21:13:20.184,62,RECV,7E007D318100053402B6004E353031382D503134345B
06-03-2025 21:13:20.184,63,RECV,7E007D318100073B0258004E373031382D4F4A523478
06-03-2025 21:13:20.222,64,RECV,7E007D3181000834027A004E383031392D45444F534E
06-03-2025 21:13:20.242,65,RECV,7E007D318100062D02BC004E363031392D5643583819
06-03-2025 21:13:20.244,66,RECV,7E007D318100053402B7004E353031392D484B4C3033
06-03-2025 21:13:20.244,67,RECV,7E007D318100073B0259004E373031392D3239544A8C
06-03-2025 21:13:20.322,68,RECV,7E007D3181000834027B004E383032302D524C395257
06-03-2025 21:13:20.326,69,RECV,7E007D318100062D02BD004E363032302D32314F484F
06-03-2025 21:13:20.326,70,RECV,7E007D318100053402B8004E353032302D34354F454C
06-03-2025 21:13:20.326,71,RECV,7E007D318100073B025A004E373032302D484D4D4971
06-03-2025 21:13:20.382,72,RECV,7E007D3181000834027C004E383032312D5544433969
06-03-2025 21:13:20.422,73,RECV,7E007D318100062D02BE004E363032312D324A544433
06-03-2025 21:13:20.423,74,RECV,7E007D318100053502B9004E353032312D38535A520F
06-03-2025 21:13:20.423,75,RECV,7E007D3181000739025B004E373032312D595746485E
06-03-2025 21:13:20.472,76,RECV,7E007D3181000834027D5D004E383032322D5432585846
06-03-2025 21:13:20.482,77,RECV,7E007D318100062D02BF004E363032322D533252343A
06-03-2025 21:13:20.486,78,RECV,7E007D318100053502BA004E353032322D473743354E
06-03-2025 21:13:20.493,79,RECV,7E007D318100073C025C004E373032322D583042339A
06-03-2025 21:13:20.573,80,RECV,7E007D3181000834027D5E004E383032332D5355383268
06-03-2025 21:13:20.573,81,RECV,7E007D318100062D02C0004E363032332D4E4B585101
06-03-2025 21:13:20.573,82,RECV,7E007D318100053502BB004E353032332D534B50490B
06-03-2025 21:13:20.574,83,RECV,7E007D318100073B025D004E373032332D434F42576B
06-03-2025 21:13:20.623,84,RECV,7E007D3181000834027F004E383032342D324642437B
06-03-2025 21:13:20.673,85,RECV,7E007D318100062C02C1004E363032342D4A44444D23
06-03-2025 21:13:20.674,86,RECV,7E007D318100053402BC004E353032342D5452314228
06-03-2025 21:13:20.674,87,RECV,7E007D318100073C025E004E373032342D475652554F
06-03-2025 21:13:20.723,88,RECV,7E007D31810008340280004E383032352D43314B3285
06-03-2025 21:13:20.723,89,RECV,7E007D318100062D02C2004E363032352D3148554D24
06-03-2025 21:13:20.734,90,RECV,7E007D318100053402BD004E353032352D385155471A
06-03-2025 21:13:20.735,91,RECV,7E007D318100073B025F004E373032352D3847364A93
06-03-2025 21:13:20.823,92,RECV,7E007D31810008340281004E383032362D4551554445
06-03-2025 21:13:20.824,93,RECV,7E007D318100062D02C3004E363032362D5336493437
06-03-2025 21:13:20.825,94,RECV,7E007D318100053402BE004E353032362D5641393934
06-03-2025 21:13:20.825,95,RECV,7E007D318100073B0260004E373032362D5836334986
06-03-2025 21:13:20.874,96,RECV,7E007D31810008330282004E383032372D36444E3774
06-03-2025 21:13:20.894,97,RECV,7E007D318100062D02C4004E363032372D374A514128
06-03-2025 21:13:20.943,98,RECV,7E007D318100053302BF004E353032372D435933422B
06-03-2025 21:13:20.949,99,RECV,7E007D318100073B0261004E373032372D324F4C3889
06-03-2025 21:13:20.973,100,RECV,7E007D31810008340283004E383032382D4E54483353
06-03-2025 21:13:20.975,101,RECV,7E007D318100062C02C5004E363032382D4330564E23
06-03-2025 21:13:20.975,102,RECV,7E007D318100073B0262004E373032382D56414B3377
06-03-2025 21:13:21.024,103,RECV,7E007D31810008340284004E383032392D48434B3464
06-03-2025 21:13:21.074,104,RECV,7E007D318100062C02C6004E363032392D4D4B34313B
06-03-2025 21:13:21.096,105,RECV,7E007D318100073B0263004E373032392D523344556C
06-03-2025 21:13:21.124,106,RECV,7E007D31810008340285004E383033302D4A38344E71
06-03-2025 21:13:21.174,107,RECV,7E007D318100062C02C7004E363033302D3749465029
06-03-2025 21:13:21.177,108,RECV,7E007D318100073A0264004E373033302D44423336A3
06-03-2025 21:13:21.177,109,RECV,7E007D31810008330286004E383033312D46334D3777
06-03-2025 21:13:21.225,110,RECV,7E007D318100062C02C8004E363033312D50595A56E4
06-03-2025 21:13:21.249,111,RECV,7E007D318100073A0265004E373033312D4441504873
06-03-2025 21:13:21.274,112,RECV,7E007D31810008330287004E383033322D4C39554C4C
06-03-2025 21:13:21.325,113,RECV,7E007D318100062C02C9004E363033322D59524F4AF7
06-03-2025 21:13:21.329,114,RECV,7E007D318100073A0266004E373033322D4E313932A4
06-03-2025 21:13:21.375,115,RECV,7E007D31810008330288004E383033332D56484D5431
06-03-2025 21:13:21.401,116,RECV,7E007D318100053202C5004E353033332D575A375200
06-03-2025 21:13:21.404,117,RECV,7E007D318100062C02CA004E363033332D5539585300
06-03-2025 21:13:21.404,118,RECV,7E007D318100073A0267004E373033332D5556513060
06-03-2025 21:13:21.425,119,RECV,7E007D31810008330289004E383033342D31534B4B54
06-03-2025 21:13:21.475,120,RECV,7E007D318100053202C6004E353033342D47594A3915
06-03-2025 21:13:21.475,121,RECV,7E007D318100062D02CB004E363033342D474C4A3623
06-03-2025 21:13:21.476,122,RECV,7E007D318100073A0268004E373033342D4537564B6D
06-03-2025 21:13:21.525,123,RECV,7E007D3181000833028A004E383033352D4D4744573D
06-03-2025 21:13:21.548,124,RECV,7E007D318100053202C7004E353033352D3047343259
06-03-2025 21:13:21.548,125,RECV,7E007D318100062C02CC004E363033352D3350414829
06-03-2025 21:13:21.548,126,RECV,7E007D318100073A0269004E373033352D35354537A2
06-03-2025 21:13:21.575,127,RECV,7E007D3181000833028B004E383033362D343532438C
06-03-2025 21:13:21.625,128,RECV,7E007D318100053202C8004E353033362D375451490F
06-03-2025 21:13:21.627,129,RECV,7E007D318100062C02CD004E363033362D414D4C4C0D
06-03-2025 21:13:21.627,130,RECV,7E007D318100073A026A004E373033362D3751535655
06-03-2025 21:13:21.675,131,RECV,7E007D3181000833028C004E383033372D5059463940
06-03-2025 21:13:21.725,132,RECV,7E007D318100053202C9004E353033372D594E4E55E8
06-03-2025 21:13:21.725,133,RECV,7E007D318100062B02CE004E363033372D5852383719
06-03-2025 21:13:21.726,134,RECV,7E007D318100073A026B004E373033372D5732305774
06-03-2025 21:13:21.776,135,RECV,7E007D3181000832028D004E383033382D3557384B58
06-03-2025 21:13:21.781,136,RECV,7E007D318100053202CA004E353033382D4D3533304B
06-03-2025 21:13:21.787,137,RECV,7E007D318100062B02CF004E363033382D4D43374B1E
06-03-2025 21:13:21.787,138,RECV,7E007D318100073A026C004E373033382D5741345A5C
06-03-2025 21:13:21.826,139,RECV,7E007D3181000832028E004E383033392D354E344F5F
06-03-2025 21:13:21.876,140,RECV,7E007D318100053202CB004E353033392D4B4F4F50F5
06-03-2025 21:13:21.876,141,RECV,7E007D318100062C02D0004E363033392D494A34570F
06-03-2025 21:13:21.876,142,RECV,7E007D318100073A026D004E373033392D49394B575C
06-03-2025 21:13:21.926,143,RECV,7E007D3181000832028F004E383034302D524D4E522D
06-03-2025 21:13:21.947,144,RECV,7E007D318100053202CC004E353034302D384B414A27
06-03-2025 21:13:21.947,145,RECV,7E007D318100062B02D1004E363034302D58505253E8
06-03-2025 21:13:21.947,146,RECV,7E007D318100073A026E004E373034302D3856414375
06-03-2025 21:13:21.976,147,RECV,7E007D31810008330290004E383034312D495A495825
06-03-2025 21:13:22.026,148,RECV,7E007D318100053202CD004E353034312D4A545051F4
06-03-2025 21:13:22.026,149,RECV,7E007D318100062B02D2004E363034312D5A5936397D31
06-03-2025 21:13:22.026,150,RECV,7E007D318100073A026F004E373034312D4F5A47494C
06-03-2025 21:13:22.076,151,RECV,7E007D31810008330291004E383034322D50594A3242
06-03-2025 21:13:22.126,152,RECV,7E007D318100053202CE004E353034322D4B3431334E
06-03-2025 21:13:22.157,153,RECV,7E007D318100062B02D3004E363034322D4D52355706
06-03-2025 21:13:22.157,154,RECV,7E007D318100073A0270004E373034322D5030594C5E
06-03-2025 21:13:22.176,155,RECV,7E007D31810008320292004E383034332D574754452F
06-03-2025 21:13:22.227,156,RECV,7E007D318100053302CF004E353034332D5946394610
06-03-2025 21:13:22.228,157,RECV,7E007D318100062B02D4004E363034332D484D453223
06-03-2025 21:13:22.228,158,RECV,7E007D318100073B0271004E373034332D4931513580
06-03-2025 21:13:22.228,159,RECV,7E007D31810008330293004E383034342D5258424235
06-03-2025 21:13:22.277,160,RECV,7E007D318100053202D0004E353034342D5657483305
06-03-2025 21:13:22.314,161,RECV,7E007D318100062C02D5004E363034342D454A513616
06-03-2025 21:13:22.314,162,RECV,7E007D318100073A0272004E373034342D5133375470
06-03-2025 21:13:22.327,163,RECV,7E007D31810008330294004E383034352D51574C4B22
06-03-2025 21:13:22.378,164,RECV,7E007D318100053302D1004E353034352D52424652FE
06-03-2025 21:13:22.383,165,RECV,7E007D318100062C02D6004E363034352D4F4A564BF0
06-03-2025 21:13:22.383,166,RECV,7E007D318100073B0273004E373034352D3848434A6F
06-03-2025 21:13:22.388,167,RECV,7E007D31810008340295004E383034362D374A515933
06-03-2025 21:13:22.427,168,RECV,7E007D318100053202D2004E353034362D4A49474A05
06-03-2025 21:13:22.464,169,RECV,7E007D318100062C02D7004E363034362D3953453126
06-03-2025 21:13:22.464,170,RECV,7E007D318100073A0274004E373034362D544F364E54
06-03-2025 21:13:22.477,171,RECV,7E007D31810008320296004E383034372D424E33306B
06-03-2025 21:13:22.527,172,RECV,7E007D318100053302D3004E353034372D4C38453726
06-03-2025 21:13:22.527,173,RECV,7E007D318100062B02D8004E363034372D414F39332B
06-03-2025 21:13:22.527,174,RECV,7E007D318100073B0275004E373034372D50384D485B
06-03-2025 21:13:22.578,175,RECV,7E007D31810008340297004E383034382D3553465A32
06-03-2025 21:13:22.627,176,RECV,7E007D318100053402D4004E353034382D4347344F16
06-03-2025 21:13:22.630,177,RECV,7E007D318100062D02D9004E363034382D3848373933
06-03-2025 21:13:22.631,178,RECV,7E007D318100073C0276004E373034382D514C583050
06-03-2025 21:13:22.631,179,RECV,7E007D31810008350298004E383034392D4132483963
06-03-2025 21:13:22.678,180,RECV,7E007D318100053302D5004E353034392D553433481E
06-03-2025 21:13:22.678,181,RECV,7E007D318100062D02DA004E363034392D5A434657E7
06-03-2025 21:13:22.678,182,RECV,7E007D318100073B0277004E373034392D4C55463459
06-03-2025 21:13:22.728,183,RECV,7E007D31810008340299004E383035302D4F534D323E
06-03-2025 21:13:22.779,184,RECV,7E007D318100053402D8004E353035302D5531324529
06-03-2025 21:13:22.786,185,RECV,7E007D318100062D02DC004E363035302D57325255F7
06-03-2025 21:13:22.786,186,RECV,7E007D318100073C0279004E373035302D354C514C5B
06-03-2025 21:13:22.788,187,RECV,7E007D3181000835029D004E383035312D3555454941
06-03-2025 21:13:22.828,188,RECV,7E007D318100053402D9004E353035312D4E30484915
06-03-2025 21:13:22.878,189,RECV,7E007D318100062D02DD004E363035312D363949501D
06-03-2025 21:13:22.929,190,RECV,7E007D318100073C027A004E373035312D5443384464
06-03-2025 21:13:22.929,191,RECV,7E007D3181000834029E004E383035322D344330446D
06-03-2025 21:13:22.929,192,RECV,7E007D318100053302DA004E353035322D4C504D4CEE
06-03-2025 21:13:22.929,193,RECV,7E007D318100062C02DE004E363035322D55465436FF
06-03-2025 21:13:22.929,194,RECV,7E007D318100073C027B004E373035322D4D5332594A
06-03-2025 21:13:22.978,195,RECV,7E007D3181000834029F004E383035332D4F4A534C1E
06-03-2025 21:13:22.999,196,RECV,7E007D318100053402DB004E353035332D4B58374FF7
06-03-2025 21:13:22.999,197,RECV,7E007D318100062D02DF004E363035332D4D365959EC
06-03-2025 21:13:23.019,198,RECV,7E007D318100073C027C004E373035332D33434C4D64
06-03-2025 21:13:23.029,199,RECV,7E007D318100083502A0004E383035342D453843573C
06-03-2025 21:13:23.079,200,RECV,7E007D318100053402DC004E353035342D3236354140
06-03-2025 21:13:23.084,201,RECV,7E007D318100062D02E0004E363035342D5344574DE4
06-03-2025 21:13:23.099,202,RECV,7E007D318100073C027D5D004E373035342D4E3254524B
06-03-2025 21:13:23.129,203,RECV,7E007D318100083402A1004E383035352D4350324548
06-03-2025 21:13:23.179,204,RECV,7E007D318100053302DD004E353035352D53543855E9
06-03-2025 21:13:23.181,205,RECV,7E007D318100062B02E1004E363035352D4F5A4C55D5
06-03-2025 21:13:23.229,206,RECV,7E007D318100083302A2004E383035362D4731395749
06-03-2025 21:13:23.279,207,RECV,7E007D318100053202DE004E353035362D4D533746FF
06-03-2025 21:13:23.279,208,RECV,7E007D318100062B02E2004E363035362D4B37345710
06-03-2025 21:13:23.279,209,RECV,7E007D318100073A027F004E373035362D45534A4449
06-03-2025 21:13:23.279,210,RECV,7E007D318100083202A3004E383035372D5A43475A12
06-03-2025 21:13:23.329,211,RECV,7E007D318100053302DF004E353035372D59573239FE
06-03-2025 21:13:23.330,212,RECV,7E007D318100062C02E3004E363035372D5644545AD2
06-03-2025 21:13:23.331,213,RECV,7E007D318100073A0280004E373035372D44424C3467
06-03-2025 21:13:23.379,214,RECV,7E007D318100083302A4004E383035382D374255314E
06-03-2025 21:13:23.429,215,RECV,7E007D318100053202E0004E353035382D463836372D
06-03-2025 21:13:23.430,216,RECV,7E007D318100062C02E4004E363035382D3659525ADD
06-03-2025 21:13:23.430,217,RECV,7E007D318100073A0281004E373035382D564B515425
06-03-2025 21:13:23.430,218,RECV,7E007D318100083202A5004E383035392D55564A4E09
06-03-2025 21:13:23.480,219,RECV,7E007D318100053302E1004E353035392D49534250E7
06-03-2025 21:13:23.490,220,RECV,7E007D318100062B02E5004E363035392D4930504B03
06-03-2025 21:13:23.551,221,RECV,7E007D318100073A0282004E373035392D444F56423E
06-03-2025 21:13:23.558,222,RECV,7E007D318100083302A6004E383036302D35454B4746
06-03-2025 21:13:23.580,223,RECV,7E007D318100053302E2004E353036302D495130361C
06-03-2025 21:13:23.580,224,RECV,7E007D318100062C02E6004E363036302D49304A3129
06-03-2025 21:13:23.630,225,RECV,7E007D318100083402A7004E383036312D4B34484543
06-03-2025 21:13:23.680,226,RECV,7E007D318100053302E3004E353036312D5132504700
06-03-2025 21:13:23.696,227,RECV,7E007D318100062C02E7004E363036312D374639491C
06-03-2025 21:13:23.696,228,RECV,7E007D318100073C0284004E373036312D5136385A53
06-03-2025 21:13:23.697,229,RECV,7E007D318100083402A8004E383036322D51574C4712
06-03-2025 21:13:23.730,230,RECV,7E007D318100053402E4004E353036322D324C38332E
06-03-2025 21:13:23.730,231,RECV,7E007D318100062D02E8004E363036322D51464F46EC
06-03-2025 21:13:23.731,232,RECV,7E007D318100073C0285004E373036322D3054583955
06-03-2025 21:13:23.781,233,RECV,7E007D318100083402A9004E383036332D4F3443374E
06-03-2025 21:13:23.831,234,RECV,7E007D318100053302E5004E353036332D463637481B
06-03-2025 21:13:23.855,235,RECV,7E007D318100062C02E9004E363036332D464D4641FD
06-03-2025 21:13:23.861,236,RECV,7E007D318100073A0286004E373036332D54474F532D
06-03-2025 21:13:23.861,237,RECV,7E007D318100083202AA004E383036342D3730385458
06-03-2025 21:13:23.881,238,RECV,7E007D318100053302E6004E353036342D4F50393804
06-03-2025 21:13:23.931,239,RECV,7E007D318100062C02EA004E363036342D41324F5300
06-03-2025 21:13:23.931,240,RECV,7E007D318100073B0287004E373036342D364D573459
06-03-2025 21:13:23.931,241,RECV,7E007D318100083302AB004E383036352D3549355441
06-03-2025 21:13:23.981,242,RECV,7E007D318100053202E7004E353036352D4345354F07
06-03-2025 21:13:24.013,243,RECV,7E007D318100062B02EB004E363036352D473951380B
06-03-2025 21:13:24.018,244,RECV,7E007D318100073B0288004E373036352D524A47562C
06-03-2025 21:13:24.018,245,RECV,7E007D318100083302AC004E383036362D364A574827
06-03-2025 21:13:24.081,246,RECV,7E007D318100053202E8004E353036362D3731593719
06-03-2025 21:13:24.081,247,RECV,7E007D318100063102EC004E363036362D4F564246DF
06-03-2025 21:13:24.082,248,RECV,7E007D318100073D0289004E373036362D484741424F
06-03-2025 21:13:24.082,249,RECV,7E007D318100083502AD004E383036372D4F4C5554FE
06-03-2025 21:13:24.131,250,RECV,7E007D318100053302E9004E353036372D3453463110
06-03-2025 21:13:24.159,251,RECV,7E007D318100062C02ED004E363036372D4B523043FF
06-03-2025 21:13:24.181,252,RECV,7E007D318100073C028A004E373036372D4D38363174
06-03-2025 21:13:24.182,253,RECV,7E007D318100083402AE004E383036382D3749564A21
06-03-2025 21:13:24.232,254,RECV,7E007D318100053402EA004E353036382D44433056FE
06-03-2025 21:13:24.232,255,RECV,7E007D318100062D02EE004E363036382D494E4834F9
06-03-2025 21:13:24.232,256,RECV,7E007D318100073C028B004E373036382D4148544A37
06-03-2025 21:13:24.232,257,RECV,7E007D318100083502AF004E383036392D3052473342
06-03-2025 21:13:24.292,258,RECV,7E007D318100053402EB004E353036392D3531304D26
06-03-2025 21:13:24.312,259,RECV,7E007D318100062D02EF004E363036392D455A3056E5
06-03-2025 21:13:24.312,260,RECV,7E007D318100073D028C004E373036392D4F52524424
06-03-2025 21:13:24.312,261,RECV,7E007D318100083402B0004E383037302D5249374C28
06-03-2025 21:13:24.382,262,RECV,7E007D318100053402EC004E353037302D454E3952F2
06-03-2025 21:13:24.393,263,RECV,7E007D318100062D02F0004E363037302D41364D3914
06-03-2025 21:13:24.398,264,RECV,7E007D318100083402B1004E383037312D4C4C353047
06-03-2025 21:13:24.482,265,RECV,7E007D318100053402ED004E353037312D4739324A12
06-03-2025 21:13:24.482,266,RECV,7E007D318100062D02F1004E363037312D5A50324FE4
06-03-2025 21:13:24.482,267,RECV,7E007D318100083402B2004E383037322D5957314D14
06-03-2025 21:13:24.533,268,RECV,7E007D318100053202EE004E353037322D325436331F
06-03-2025 21:13:24.583,269,RECV,7E007D318100062B02F2004E363037322D4F3241420B
06-03-2025 21:13:24.616,270,RECV,7E007D318100083402B3004E383037332D4E46324733
06-03-2025 21:13:24.616,271,RECV,7E007D318100073A028F004E373037322D4133315468
06-03-2025 21:13:24.633,272,RECV,7E007D318100053202EF004E353037332D594F4237EB
06-03-2025 21:13:24.633,273,RECV,7E007D318100062C02F3004E363037332D50483245FD
06-03-2025 21:13:24.633,274,RECV,7E007D318100083402B4004E383037342D3654484428
06-03-2025 21:13:24.644,275,RECV,7E007D318100073B0290004E373037332D5136334262
06-03-2025 21:13:24.733,276,RECV,7E007D318100053202F0004E353037342D5A4D4731EB
06-03-2025 21:13:24.765,277,RECV,7E007D318100062B02F4004E363037342D55595846BF
06-03-2025 21:13:24.765,278,RECV,7E007D318100083202B5004E383037352D4A4B5A55FA
06-03-2025 21:13:24.766,279,RECV,7E007D318100073A0291004E373037342D4634594D3D
06-03-2025 21:13:24.783,280,RECV,7E007D318100053802F1004E353037352D37515333F4
06-03-2025 21:13:24.833,281,RECV,7E007D318100062E02F5004E363037352D484A4A54D6
06-03-2025 21:13:24.833,282,RECV,7E007D318100083502B6004E383037362D38534F540B
06-03-2025 21:13:24.834,283,RECV,7E007D318100073B0292004E373037352D5330544D36
06-03-2025 21:13:24.884,284,RECV,7E007D318100053202F2004E353037362D4734343720
06-03-2025 21:13:24.925,285,RECV,7E007D318100062B02F6004E363037362D56423755E3
06-03-2025 21:13:24.931,286,RECV,7E007D318100083202B7004E383037372D345136522D
06-03-2025 21:13:24.931,287,RECV,7E007D318100073A0293004E373037362D554C4B521B
06-03-2025 21:13:24.933,288,RECV,7E007D318100053202F3004E353037372D52585836CC
06-03-2025 21:13:24.984,289,RECV,7E007D318100062C02F7004E363037372D56544D4BC2
06-03-2025 21:13:24.984,290,RECV,7E007D318100073B0294004E373037372D4C47594D1D
06-03-2025 21:13:25.034,291,RECV,7E007D318100053402F4004E353037382D38513252F3
06-03-2025 21:13:25.074,292,RECV,7E007D318100062C02F8004E363037382D475A4F50C2
06-03-2025 21:13:25.084,293,RECV,7E007D318100073B0295004E373037382D3238473172
06-03-2025 21:13:25.134,294,RECV,7E007D318100053302F5004E353037392D5449424DD3
06-03-2025 21:13:25.134,295,RECV,7E007D318100083402BA004E383038302D5A49413522
06-03-2025 21:13:25.135,296,RECV,7E007D318100062C02F9004E363037392D43583451E0
06-03-2025 21:13:25.135,297,RECV,7E007D318100073C0296004E373037392D344643355F
06-03-2025 21:13:25.184,298,RECV,7E007D318100053302F6004E353038302D5537413108
06-03-2025 21:13:25.230,299,RECV,7E007D318100083102BB004E383038312D4C42514C7D31
06-03-2025 21:13:25.235,300,RECV,7E007D318100062C02FA004E363038302D4D4A4F58C9
06-03-2025 21:13:25.235,301,RECV,7E007D318100073C0297004E373038302D493639524E
06-03-2025 21:13:25.284,302,RECV,7E007D318100053302F7004E353038312D38454F4EEA
06-03-2025 21:13:25.285,303,RECV,7E007D318100083402BC004E383038322D5538474122
06-03-2025 21:13:25.285,304,RECV,7E007D318100062C02FB004E363038312D4937514EE6
06-03-2025 21:13:25.285,305,RECV,7E007D318100073B0298004E373038312D43304F5045
06-03-2025 21:13:25.335,306,RECV,7E007D318100053402F8004E353038322D5A463142EE
06-03-2025 21:13:25.384,307,RECV,7E007D318100083402BD004E383038332D4D3633552A
06-03-2025 21:13:25.386,308,RECV,7E007D318100062D02FC004E363038322D364D4F33FD
06-03-2025 21:13:25.386,309,RECV,7E007D318100073C0299004E373038322D4F3255433B
06-03-2025 21:13:25.435,310,RECV,7E007D318100053302F9004E353038332D43324959E9
06-03-2025 21:13:25.445,311,RECV,7E007D318100083402BE004E383038342D514A5852EE
06-03-2025 21:13:25.447,312,RECV,7E007D318100062D02FD004E363038332D4753494BD2
06-03-2025 21:13:25.448,313,RECV,7E007D318100073C029A004E373038332D3256333760
06-03-2025 21:13:25.535,314,RECV,7E007D318100053402FA004E353038342D33485845E5
06-03-2025 21:13:25.543,315,RECV,7E007D318100083502BF004E383038352D5A495539FF
06-03-2025 21:13:25.543,316,RECV,7E007D318100062C02FE004E363038342D5554434DC6
06-03-2025 21:13:25.545,317,RECV,7E007D318100073C029B004E373038342D5153535702
06-03-2025 21:13:25.585,318,RECV,7E007D318100053402FB004E353038352D56465A45C0
06-03-2025 21:13:25.606,319,RECV,7E007D318100083402C0004E383038362D593330462D
06-03-2025 21:13:25.606,320,RECV,7E007D318100062D02FF004E363038352D47395A34EE
06-03-2025 21:13:25.616,321,RECV,7E007D318100073C029C004E373038352D494230583B
06-03-2025 21:13:25.685,322,RECV,7E007D318100053402FC004E353038362D49323748FF
06-03-2025 21:13:25.690,323,RECV,7E007D318100083502C1004E383038372D5048334D14
06-03-2025 21:13:25.695,324,RECV,7E007D318100062D0201004E363038362D52454948D1
06-03-2025 21:13:25.735,325,RECV,7E007D318100073C029D004E373038362D3137375657
06-03-2025 21:13:25.786,326,RECV,7E007D318100053402FD004E353038372D5A415758AD
06-03-2025 21:13:25.786,327,RECV,7E007D318100083402C2004E383038382D4B4248381E
06-03-2025 21:13:25.786,328,RECV,7E007D318100062D0202004E363038372D32545250CF
06-03-2025 21:13:25.786,329,RECV,7E007D318100073C029E004E373038372D305A4A5A1C
06-03-2025 21:13:25.836,330,RECV,7E007D318100053302FE004E353038382D4C464C53C5
06-03-2025 21:13:25.846,331,RECV,7E007D318100083402C3004E383038392D52454E48FC
06-03-2025 21:13:25.848,332,RECV,7E007D318100062D0203004E363038382D58424E51BC
06-03-2025 21:13:25.886,333,RECV,7E007D318100073C029F004E373038382D5335554B20
06-03-2025 21:13:25.936,334,RECV,7E007D318100053402FF004E353038392D494B5356B6
06-03-2025 21:13:25.936,335,RECV,7E007D318100083402C4004E383039302D58305655FD
06-03-2025 21:13:25.937,336,RECV,7E007D318100062D0204004E363038392D324D5744D9
06-03-2025 21:13:25.937,337,RECV,7E007D318100073B02A0004E373038392D5730444F2D
06-03-2025 21:13:25.986,338,RECV,7E007D31810005340201004E353039302D324C4643F2
06-03-2025 21:13:26.006,339,RECV,7E007D318100083402C5004E383039312D3151475114
06-03-2025 21:13:26.017,340,RECV,7E007D318100062D0205004E363039302D4346364DEE
06-03-2025 21:13:26.017,341,RECV,7E007D318100073B02A1004E373039302D4C4235414A
06-03-2025 21:13:26.087,342,RECV,7E007D31810005340202004E353039312D36565933DF
06-03-2025 21:13:26.087,343,RECV,7E007D318100083502C6004E383039322D3544574219
06-03-2025 21:13:26.097,344,RECV,7E007D318100062D0206004E363039312D5945574BB8
06-03-2025 21:13:26.097,345,RECV,7E007D318100073B02A2004E373039312D325159521E
06-03-2025 21:13:26.186,346,RECV,7E007D31810005330203004E353039322D594E3053CC
06-03-2025 21:13:26.187,347,RECV,7E007D318100083402C7004E383039332D564B335501
06-03-2025 21:13:26.187,348,RECV,7E007D318100062D0207004E363039322D53505841BA
06-03-2025 21:13:26.187,349,RECV,7E007D318100073C02A3004E373039322D5833413944
06-03-2025 21:13:26.237,350,RECV,7E007D31810005330204004E353039332D52353651E6
06-03-2025 21:13:26.287,351,RECV,7E007D318100083402C8004E383039342D544F353818
06-03-2025 21:13:26.299,352,RECV,7E007D318100062D0208004E363039332D4E494E50BF
06-03-2025 21:13:26.299,353,RECV,7E007D318100073B02A4004E373039332D4D54514115
06-03-2025 21:13:26.337,354,RECV,7E007D31810005330205004E353039342D43555130D9
06-03-2025 21:13:26.337,355,RECV,7E007D318100083302C9004E383039352D583938342A
06-03-2025 21:13:26.337,356,RECV,7E007D318100062C0209004E363039342D57555837B8
06-03-2025 21:13:26.357,357,RECV,7E007D318100073A02A5004E373039342D4B59434F7D31
06-03-2025 21:13:26.387,358,RECV,7E007D31810005320206004E353039352D4558544CB4
06-03-2025 21:13:26.437,359,RECV,7E007D318100083002CA004E383039362D3344474624
06-03-2025 21:13:26.454,360,RECV,7E007D318100062C020A004E363039352D41365536EF
06-03-2025 21:13:26.461,361,RECV,7E007D318100073A02A6004E373039352D305247522A
06-03-2025 21:13:26.487,362,RECV,7E007D31810005320207004E353039362D58465441BC
06-03-2025 21:13:26.487,363,RECV,7E007D318100083302CB004E383039372D49584354EB
06-03-2025 21:13:26.538,364,RECV,7E007D318100062C020B004E363039362D5A38554DBB
06-03-2025 21:13:26.538,365,RECV,7E007D318100073B02A7004E373039362D32524B4B28
06-03-2025 21:13:26.587,366,RECV,7E007D31810005320208004E353039372D4E334A55CD
06-03-2025 21:13:26.602,367,RECV,7E007D318100083302CC004E383039382D39585A57DF
06-03-2025 21:13:26.602,368,RECV,7E007D318100062C020C004E363039372D35564532EB
06-03-2025 21:13:26.638,369,RECV,7E007D318100073B02A8004E373039372D4441554A1C
06-03-2025 21:13:26.648,370,RECV,7E007D31810005330209004E353039382D33343257FA
06-03-2025 21:13:26.648,371,RECV,7E007D318100083402CD004E383039392D584B3946FC
06-03-2025 21:13:26.688,372,RECV,7E007D318100062E020D004E363039382D46334645E5
06-03-2025 21:13:26.688,373,RECV,7E007D318100073B02A9004E373039382D4431425A2D
06-03-2025 21:13:26.738,374,RECV,7E007D3181000533020A004E353039392D55443456C5
06-03-2025 21:13:26.763,375,RECV,7E007D318100062D020F004E363039392D48594C43B7
