06-03-2025 23:22:27.136,-,API2,"Sink 2,0013A20041839DCA,802.15.4 TH,2003,/dev/ttyUSB2 - 57600/8/M/1/N,1,46"

06-03-2025 23:19:59.286,0,RECV,7E007D318100062B022F004E363030302D50354C45C5
06-03-2025 23:19:59.287,1,RECV,7E007D318100053202A0004E353030302D4748574936
06-03-2025 23:20:00.288,2,RECV,7E007D318100083802CE004E383030312D4A55305209
06-03-2025 23:20:00.289,3,RECV,7E007D31810006300231004E363030312D4C464C52A3
06-03-2025 23:20:00.290,4,RECV,7E007D318100053702A2004E353030312D414A475734
06-03-2025 23:20:01.291,5,RECV,7E007D318100083502CF004E383030322D4B5030342C
06-03-2025 23:20:01.292,6,RECV,7E007D318100062E0232004E363030322D5446444EA7
06-03-2025 23:20:01.293,7,RECV,7E007D318100073D0217004E373030322D55494146B8
06-03-2025 23:20:02.285,8,RECV,7E007D318100083702D0004E383030332D4230493438
06-03-2025 23:20:02.290,9,RECV,7E007D318100053702A4004E353030332D5647493340
06-03-2025 23:20:02.290,10,RECV,7E007D31810006310233004E363030332D494F4254A0
06-03-2025 23:20:02.291,11,RECV,7E007D318100073F0218004E373030332D4F573550AE
06-03-2025 23:20:03.247,12,RECV,7E007D318100083402D1004E383030342D3549324632
06-03-2025 23:20:03.288,13,RECV,7E007D318100053302A5004E353030342D4A42524C31
06-03-2025 23:20:03.289,14,RECV,7E007D318100062E0234004E363030342D4438315AC8
06-03-2025 23:20:03.289,15,RECV,7E007D318100073A0219004E373030342D36495949BB
06-03-2025 23:20:04.250,16,RECV,7E007D318100083402D6004E383030352D4548424A09
06-03-2025 23:20:04.270,17,RECV,7E007D318100053302A7004E353030352D3341474459
06-03-2025 23:20:04.271,18,RECV,7E007D318100062D0237004E363030352D35333445EB
06-03-2025 23:20:04.272,19,RECV,7E007D318100073B021B004E373030352D4B424853B0
06-03-2025 23:20:05.303,20,RECV,7E007D318100083302D7004E383030362D31304D581B
06-03-2025 23:20:05.303,21,RECV,7E007D318100053302A8004E353030362D3445314B61
06-03-2025 23:20:05.304,22,RECV,7E007D318100062D0238004E363030362D354A4731D3
06-03-2025 23:20:05.305,23,RECV,7E007D318100073B021C004E373030362D38474D4EBC
06-03-2025 23:20:06.256,24,RECV,7E007D318100083502D8004E383030372D58485656D1
06-03-2025 23:20:06.306,25,RECV,7E007D318100053402A9004E353030372D4332514548
06-03-2025 23:20:06.307,26,RECV,7E007D318100062E0239004E363030372D3650334EC0
06-03-2025 23:20:07.259,27,RECV,7E007D318100083502D9004E383030382D464D4B310C
06-03-2025 23:20:07.261,28,RECV,7E007D318100053502AA004E353030382D483653532C
06-03-2025 23:20:07.309,29,RECV,7E007D318100062F023A004E363030382D354E3347C7
06-03-2025 23:20:07.324,30,RECV,7E007D318100073D021E004E373030382D4145544AAC
06-03-2025 23:20:08.262,31,RECV,7E007D318100083502DB004E383030392D4A31324A21
06-03-2025 23:20:08.262,32,RECV,7E007D318100053502AD004E353030392D59505A58F1
06-03-2025 23:20:08.282,33,RECV,7E007D318100062F023D004E363030392D44305144B7
06-03-2025 23:20:08.287,34,RECV,7E007D318100073C0220004E373030392D5457475983
06-03-2025 23:20:09.264,35,RECV,7E007D318100083502DC004E383031302D4636534A06
06-03-2025 23:20:09.275,36,RECV,7E007D318100053502AE004E353031302D585342580E
06-03-2025 23:20:09.276,37,RECV,7E007D318100062E023E004E363031302D4B494336BB
06-03-2025 23:20:09.285,38,RECV,7E007D318100073C0221004E373031302D464A4944B8
06-03-2025 23:20:10.267,39,RECV,7E007D318100083702DD004E383031312D4A42424C01
06-03-2025 23:20:10.270,40,RECV,7E007D318100053602AF004E353031312D4851303354
06-03-2025 23:20:10.317,41,RECV,7E007D3181000630023F004E363031312D38324C42CC
06-03-2025 23:20:10.361,42,RECV,7E007D318100073C0222004E373031312D53474A39B6
06-03-2025 23:20:11.270,43,RECV,7E007D318100083602DE004E383031322D544C4D55D8
06-03-2025 23:20:11.271,44,RECV,7E007D318100053602B0004E353031322D573433424E
06-03-2025 23:20:11.291,45,RECV,7E007D31810006300240004E363031322D52343352B7
06-03-2025 23:20:11.291,46,RECV,7E007D318100073E0224004E373031322D4E5943489C
06-03-2025 23:20:12.273,47,RECV,7E007D318100083602E2004E383031332D484131510A
06-03-2025 23:20:12.283,48,RECV,7E007D318100053502B2004E353031332D4C3337385E
06-03-2025 23:20:12.286,49,RECV,7E007D31810006300242004E363031332D39584230BC
06-03-2025 23:20:12.294,50,RECV,7E007D318100073E0226004E373031332D4B353257C2
06-03-2025 23:20:13.276,51,RECV,7E007D318100083702E3004E383031342D4949373316
06-03-2025 23:20:13.276,52,RECV,7E007D318100053702B3004E353031342D3437395351
06-03-2025 23:20:13.326,53,RECV,7E007D31810006300243004E363031342D3946545694
06-03-2025 23:20:13.326,54,RECV,7E007D318100073F0227004E373031342D55504B4197
06-03-2025 23:20:14.278,55,RECV,7E007D318100083702E4004E383031352D3230304F2F
06-03-2025 23:20:14.279,56,RECV,7E007D318100053602B4004E353031352D434B575012
06-03-2025 23:20:14.328,57,RECV,7E007D318100062F0244004E363031352D30383249D9
06-03-2025 23:20:14.334,58,RECV,7E007D318100073E0228004E373031352D51363930D7
06-03-2025 23:20:15.281,59,RECV,7E007D318100083502E5004E383031362D345A42350B
06-03-2025 23:20:15.286,60,RECV,7E007D318100053502B5004E353031362D5256594500
06-03-2025 23:20:15.287,61,RECV,7E007D318100062F0245004E363031362D395A3350A4
06-03-2025 23:20:15.337,62,RECV,7E007D318100073E0229004E373031362D51425238A8
06-03-2025 23:20:16.284,63,RECV,7E007D318100083402E7004E383031372D3036594D02
06-03-2025 23:20:16.285,64,RECV,7E007D318100053402B9004E353031372D365433572E
06-03-2025 23:20:16.334,65,RECV,7E007D318100062D0247004E363031372D394C5136AD
06-03-2025 23:20:16.334,66,RECV,7E007D318100073C022C004E373031372D5049504397
06-03-2025 23:20:17.287,67,RECV,7E007D318100083302E8004E383031382D364D4456F0
06-03-2025 23:20:17.287,68,RECV,7E007D318100053302BA004E353031382D3356324244
06-03-2025 23:20:17.336,69,RECV,7E007D318100062C0248004E363031382D4E525A4975
06-03-2025 23:20:17.346,70,RECV,7E007D318100073B022D004E373031382D49563835B6
06-03-2025 23:20:18.290,71,RECV,7E007D318100083302E9004E383031392D3753574CDE
06-03-2025 23:20:18.290,72,RECV,7E007D318100053202BB004E353031392D5256555AE9
06-03-2025 23:20:18.321,73,RECV,7E007D318100062B0249004E363031392D4E37375AA1
06-03-2025 23:20:18.321,74,RECV,7E007D318100073A022E004E373031392D435536589B
06-03-2025 23:20:19.293,75,RECV,7E007D318100083902EA004E383032302D5336374EFE
06-03-2025 23:20:19.343,76,RECV,7E007D3181000632024A004E363032302D5943385192
06-03-2025 23:20:19.343,77,RECV,7E007D31810007410230004E373032302D4244594998
06-03-2025 23:20:20.296,78,RECV,7E007D318100083802EE004E383032312D4A56385AD6
06-03-2025 23:20:20.301,79,RECV,7E007D318100053802BE004E353032312D5A46435704
06-03-2025 23:20:20.346,80,RECV,7E007D3181000631024C004E363032312D335252518D
06-03-2025 23:20:20.394,81,RECV,7E007D31810007400232004E373032312D47334251B1
06-03-2025 23:20:21.299,82,RECV,7E007D318100083502EF004E383032322D37364B3120
06-03-2025 23:20:21.301,83,RECV,7E007D318100053402BF004E353032322D4631475032
06-03-2025 23:20:21.319,84,RECV,7E007D318100062E024D004E363032322D454548499B
06-03-2025 23:20:21.323,85,RECV,7E007D318100073D0233004E373032322D5A4A564E77
06-03-2025 23:20:22.301,86,RECV,7E007D318100083502F0004E383032332D57564330E7
06-03-2025 23:20:22.302,87,RECV,7E007D318100053402C0004E353032332D4B48315525
06-03-2025 23:20:22.303,88,RECV,7E007D318100062D024E004E363032332D30454C579D
06-03-2025 23:20:22.322,89,RECV,7E007D318100073C0234004E373032332D54414643A0
06-03-2025 23:20:23.305,90,RECV,7E007D318100083602F1004E383032342D4B314F48F1
06-03-2025 23:20:23.305,91,RECV,7E007D318100053602C1004E353032342D4C3556451E
06-03-2025 23:20:23.354,92,RECV,7E007D318100062F024F004E363032342D45484F33A2
06-03-2025 23:20:23.355,93,RECV,7E007D318100073D0235004E373032342D524B39469F
06-03-2025 23:20:24.257,94,RECV,7E007D318100083502F3004E383032352D514B5939D4
06-03-2025 23:20:24.308,95,RECV,7E007D318100053502C5004E353032352D463835542F
06-03-2025 23:20:24.318,96,RECV,7E007D318100062E0252004E363032352D4C4648567D5E
06-03-2025 23:20:24.324,97,RECV,7E007D318100073D0237004E373032352D433153529F
06-03-2025 23:20:25.260,98,RECV,7E007D318100083502F4004E383032362D55433048F0
06-03-2025 23:20:25.310,99,RECV,7E007D318100053402C6004E353032362D5739383736
06-03-2025 23:20:25.311,100,RECV,7E007D318100062D0253004E363032362D3939594D95
06-03-2025 23:20:26.273,101,RECV,7E007D318100083602F5004E383032372D4E374B4AE3
06-03-2025 23:20:26.313,102,RECV,7E007D318100053702C7004E353032372D5938474414
06-03-2025 23:20:26.363,103,RECV,7E007D318100062F0254004E363032372D543543419C
06-03-2025 23:20:26.366,104,RECV,7E007D318100073D0239004E373032372D38373339D9
06-03-2025 23:20:27.265,105,RECV,7E007D318100083602F6004E383032382D425A4739DF
06-03-2025 23:20:27.316,106,RECV,7E007D318100053702C8004E353032382D374C364134
06-03-2025 23:20:27.365,107,RECV,7E007D318100062F0256004E363032382D44314836B3
06-03-2025 23:20:27.372,108,RECV,7E007D318100073D023A004E373032382D5849454785
06-03-2025 23:20:28.268,109,RECV,7E007D318100083902F8004E383032392D4E4F494CC3
06-03-2025 23:20:28.318,110,RECV,7E007D318100053902CA004E353032392D53304B4F0C
06-03-2025 23:20:28.319,111,RECV,7E007D31810006310259004E363032392D424F484F78
06-03-2025 23:20:28.349,112,RECV,7E007D3181000741023E004E373032392D565957544F
06-03-2025 23:20:29.271,113,RECV,7E007D318100083302F9004E383033302D4159464ED4
06-03-2025 23:20:29.321,114,RECV,7E007D318100053202CB004E353033302D444F5356FB
06-03-2025 23:20:29.322,115,RECV,7E007D318100062C025A004E363033302D3031524CAD
06-03-2025 23:20:29.322,116,RECV,7E007D318100073B023F004E373033302D52394344A4
06-03-2025 23:20:30.274,117,RECV,7E007D318100083302FA004E383033312D4445554AD8
06-03-2025 23:20:30.324,118,RECV,7E007D318100053302CC004E353033312D514659370D
06-03-2025 23:20:30.374,119,RECV,7E007D318100062C025B004E363033312D59544F3777
06-03-2025 23:20:30.403,120,RECV,7E007D318100073B0240004E373033312D39314B49B6
06-03-2025 23:20:31.277,121,RECV,7E007D318100083402FB004E383033322D3547395AEE
06-03-2025 23:20:31.327,122,RECV,7E007D318100053302CD004E353033322D4543504218
06-03-2025 23:20:31.338,123,RECV,7E007D318100062D025C004E363033322D41524D4186
06-03-2025 23:20:32.280,124,RECV,7E007D318100083402FF004E383033332D344D4F44E4
06-03-2025 23:20:32.330,125,RECV,7E007D318100053402CF004E353033332D57545651DC
06-03-2025 23:20:32.338,126,RECV,7E007D318100062D025E004E363033332D45334A489A
06-03-2025 23:20:32.361,127,RECV,7E007D318100073C0244004E373033332D5333515680
06-03-2025 23:20:33.283,128,RECV,7E007D31810008350201004E383033342D474A4739E3
06-03-2025 23:20:33.333,129,RECV,7E007D318100053402D0004E353033342D4F424A3021
06-03-2025 23:20:33.383,130,RECV,7E007D318100062E025F004E363033342D39313231D4
06-03-2025 23:20:33.385,131,RECV,7E007D318100073C0245004E373033342D4B3747449E
06-03-2025 23:20:34.285,132,RECV,7E007D31810008350202004E383033352D544A4F48BD
06-03-2025 23:20:34.336,133,RECV,7E007D318100053402D1004E353033352D343837394E
06-03-2025 23:20:34.346,134,RECV,7E007D318100062D0260004E363033352D38574F338F
06-03-2025 23:20:34.346,135,RECV,7E007D318100073C0246004E373033352D425655308C
06-03-2025 23:20:35.289,136,RECV,7E007D31810008350203004E383033362D424E3449E3
06-03-2025 23:20:35.309,137,RECV,7E007D318100053402D3004E353033362D58315156F7
06-03-2025 23:20:35.339,138,RECV,7E007D318100073C0247004E373033362D5A4E414C72
06-03-2025 23:20:36.291,139,RECV,7E007D31810008340205004E383033372D4A585432C6
06-03-2025 23:20:36.342,140,RECV,7E007D318100053302D7004E353033372D5948574DDE
06-03-2025 23:20:36.345,141,RECV,7E007D318100062D0263004E363033372D3156493893
06-03-2025 23:20:36.346,142,RECV,7E007D318100073C0249004E373033372D5954415264
06-03-2025 23:20:37.295,143,RECV,7E007D31810008340206004E383033382D50534548BC
06-03-2025 23:20:37.345,144,RECV,7E007D318100053302D8004E353033382D4E4C5A32FB
06-03-2025 23:20:37.355,145,RECV,7E007D318100062D0264004E363033382D46364C557C
06-03-2025 23:20:37.400,146,RECV,7E007D318100073C024A004E373033382D485346477A
06-03-2025 23:20:38.297,147,RECV,7E007D31810008330207004E383033392D59543941C4
06-03-2025 23:20:38.318,148,RECV,7E007D318100053202D9004E353033392D3937443537
06-03-2025 23:20:38.347,149,RECV,7E007D318100062C0265004E363033392D5A414E4D62
06-03-2025 23:20:38.358,150,RECV,7E007D318100073B024B004E373033392D464F5A575B
06-03-2025 23:20:39.300,151,RECV,7E007D31810008330208004E383034302D37474B44E5
06-03-2025 23:20:39.300,152,RECV,7E007D318100053202DA004E353034302D4738464A18
06-03-2025 23:20:39.350,153,RECV,7E007D318100062B0267004E363034302D4C3054438C
06-03-2025 23:20:40.303,154,RECV,7E007D3181000833020C004E383034312D454B4933E1
06-03-2025 23:20:40.313,155,RECV,7E007D318100053202DC004E353034312D5A555238EB
06-03-2025 23:20:40.363,156,RECV,7E007D318100062B0269004E363034312D4D49314590
06-03-2025 23:20:40.367,157,RECV,7E007D318100073A024E004E373034312D5337385490
06-03-2025 23:20:41.305,158,RECV,7E007D3181000834020D004E383034322D38374953DF
06-03-2025 23:20:41.306,159,RECV,7E007D318100053302DD004E353034322D3542464A1A
06-03-2025 23:20:41.356,160,RECV,7E007D318100062C026A004E363034322D42435A5565
06-03-2025 23:20:41.366,161,RECV,7E007D318100073B024F004E373034322D4F41344E91
06-03-2025 23:20:42.308,162,RECV,7E007D3181000839020E004E383034332D44435750B5
06-03-2025 23:20:42.309,163,RECV,7E007D318100053902DE004E353034332D3658424603
06-03-2025 23:20:42.358,164,RECV,7E007D3181000631026B004E363034332D424751595F
06-03-2025 23:20:42.360,165,RECV,7E007D31810007400250004E373034332D345441379C
06-03-2025 23:20:43.311,166,RECV,7E007D3181000839020F004E383034342D4D485730C5
06-03-2025 23:20:43.321,167,RECV,7E007D318100053702E0004E353034342D54374A360D
06-03-2025 23:20:43.411,168,RECV,7E007D318100062A026C004E363034342D505A365166
06-03-2025 23:20:43.411,169,RECV,7E007D318100073A0251004E373034342D465955416B
06-03-2025 23:20:44.273,170,RECV,7E007D3181000834027D31004E383034352D34464552D2
06-03-2025 23:20:44.313,171,RECV,7E007D318100053302E4004E353034352D4A593657E7
06-03-2025 23:20:44.364,172,RECV,7E007D318100062D026E004E363034352D37575A5356
06-03-2025 23:20:45.266,173,RECV,7E007D31810008340212004E383034362D45453931ED
06-03-2025 23:20:45.316,174,RECV,7E007D318100053302E5004E353034362D4443524DEF
06-03-2025 23:20:45.366,175,RECV,7E007D318100062D026F004E363034362D4736454984
06-03-2025 23:20:45.367,176,RECV,7E007D318100073C0254004E373034362D33514F5373
06-03-2025 23:20:46.279,177,RECV,7E007D3181000834027D33004E383034372D55375638C5
06-03-2025 23:20:46.319,178,RECV,7E007D318100053402E6004E353034372D59574F4FC4
06-03-2025 23:20:46.369,179,RECV,7E007D318100062D0270004E363034372D595241336E
06-03-2025 23:20:46.386,180,RECV,7E007D318100073C0255004E373034372D4459414970
06-03-2025 23:20:47.271,181,RECV,7E007D31810008340214004E383034382D4E54434FA9
06-03-2025 23:20:47.322,182,RECV,7E007D318100053402E7004E353034382D5A4E4B38E5
06-03-2025 23:20:47.383,183,RECV,7E007D318100062D0272004E363034382D5158414B55
06-03-2025 23:20:47.423,184,RECV,7E007D318100073C0257004E373034382D4754414B6D
06-03-2025 23:20:48.274,185,RECV,7E007D31810008340218004E383034392D5346434EAE
06-03-2025 23:20:48.325,186,RECV,7E007D318100053402E9004E353034392D4433325212
06-03-2025 23:20:48.375,187,RECV,7E007D318100062E0274004E363034392D5235504867
06-03-2025 23:20:48.385,188,RECV,7E007D318100073C0259004E373034392D5542455362
06-03-2025 23:20:49.277,189,RECV,7E007D31810008350219004E383035302D394E4B30DC
06-03-2025 23:20:49.327,190,RECV,7E007D318100053402EA004E353035302D534F4539F4
06-03-2025 23:20:49.377,191,RECV,7E007D318100062E0275004E363035302D4F54524355
06-03-2025 23:20:49.399,192,RECV,7E007D318100073C025A004E373035302D4B323542A4
06-03-2025 23:20:50.280,193,RECV,7E007D3181000836021A004E383035312D31574F47BD
06-03-2025 23:20:50.330,194,RECV,7E007D318100053502EB004E353035312D5A4D4331F6
06-03-2025 23:20:50.390,195,RECV,7E007D318100062F0276004E363035312D584C46445C
06-03-2025 23:20:50.391,196,RECV,7E007D318100073E025B004E373035312D4C4559307A
06-03-2025 23:20:51.283,197,RECV,7E007D3181000837021B004E383035322D45544832C5
06-03-2025 23:20:51.333,198,RECV,7E007D318100053502EC004E353035322D3532474F12
06-03-2025 23:20:51.383,199,RECV,7E007D31810006300277004E363035322D4247384284
06-03-2025 23:20:51.394,200,RECV,7E007D318100073E025D004E373035322D37353130C4
06-03-2025 23:20:52.286,201,RECV,7E007D3181000838021E004E383035332D52434B44AF
06-03-2025 23:20:52.336,202,RECV,7E007D318100053602F0004E353035332D36355150FD
06-03-2025 23:20:52.386,203,RECV,7E007D31810006300279004E363035332D5A33573769
06-03-2025 23:20:52.390,204,RECV,7E007D318100073F025F004E373035332D31433139AF
06-03-2025 23:20:53.289,205,RECV,7E007D3181000838021F004E383035342D53465035B3
06-03-2025 23:20:53.339,206,RECV,7E007D318100053702F1004E353035342D514F3038FE
06-03-2025 23:20:53.389,207,RECV,7E007D3181000630027A004E363035342D43424D4769
06-03-2025 23:20:53.389,208,RECV,7E007D318100073F0260004E373035342D53494D584A
06-03-2025 23:20:54.292,209,RECV,7E007D31810008380220004E383035352D56324656AB
06-03-2025 23:20:54.342,210,RECV,7E007D318100053702F2004E353035352D5132354705
06-03-2025 23:20:54.392,211,RECV,7E007D3181000631027B004E363035352D4A454C3272
06-03-2025 23:20:54.411,212,RECV,7E007D318100073F0261004E373035352D4E4D524F4D
06-03-2025 23:20:55.295,213,RECV,7E007D31810008380221004E383035362D31334154D4
06-03-2025 23:20:55.345,214,RECV,7E007D318100053602F4004E353035362D58554842CB
06-03-2025 23:20:55.395,215,RECV,7E007D3181000630027D5D004E363035362D3646354785
06-03-2025 23:20:55.396,216,RECV,7E007D318100073F0262004E373035362D4F5132476E
06-03-2025 23:20:56.298,217,RECV,7E007D31810008360223004E383035372D4333384AD4
06-03-2025 23:20:56.348,218,RECV,7E007D318100053502F6004E353035372D4F465433E4
06-03-2025 23:20:56.398,219,RECV,7E007D318100062E0280004E363035372D4A52345457
06-03-2025 23:20:56.398,220,RECV,7E007D318100073D0265004E373035372D54335A3272
06-03-2025 23:20:57.300,221,RECV,7E007D31810008340224004E383035382D59424C578E
06-03-2025 23:20:57.351,222,RECV,7E007D318100053302F7004E353035382D59525135CF
06-03-2025 23:20:57.401,223,RECV,7E007D318100062D0281004E363035382D375750326A
06-03-2025 23:20:57.442,224,RECV,7E007D318100073B0266004E373035382D514C48356B
06-03-2025 23:20:58.303,225,RECV,7E007D31810008330225004E383035392D524157459C
06-03-2025 23:20:58.353,226,RECV,7E007D318100053202F8004E353035392D59584743C4
06-03-2025 23:20:58.404,227,RECV,7E007D318100062B0282004E363035392D4B514F4E41
06-03-2025 23:20:58.404,228,RECV,7E007D318100073A0267004E373035392D36504A496B
06-03-2025 23:20:59.307,229,RECV,7E007D31810008350226004E383036302D39545A4A9F
06-03-2025 23:20:59.357,230,RECV,7E007D318100053402F9004E353036302D51473450E8
06-03-2025 23:20:59.407,231,RECV,7E007D318100062D0284004E363036302D4A33505859
06-03-2025 23:20:59.427,232,RECV,7E007D318100073C0269004E373036302D4A4357465E
06-03-2025 23:21:00.310,233,RECV,7E007D3181000837022A004E383036312D544D565A78
06-03-2025 23:21:00.360,234,RECV,7E007D318100053602FB004E353036312D55565248BA
06-03-2025 23:21:00.410,235,RECV,7E007D318100062F0286004E363036312D4741454468
06-03-2025 23:21:00.410,236,RECV,7E007D318100073F026B004E373036312D394E305774
06-03-2025 23:21:01.313,237,RECV,7E007D3181000836022B004E383036322D504E5A557B
06-03-2025 23:21:01.363,238,RECV,7E007D318100053502FC004E353036322D353531550E
06-03-2025 23:21:01.413,239,RECV,7E007D318100062D0287004E363036322D3257305967
06-03-2025 23:21:01.423,240,RECV,7E007D318100073D026C004E373036322D4D4F414461
06-03-2025 23:21:02.286,241,RECV,7E007D3181000836022C004E383036332D4D4A4C4B98
06-03-2025 23:21:02.366,242,RECV,7E007D318100053502FD004E353036332D3838303329
06-03-2025 23:21:02.416,243,RECV,7E007D318100062D0288004E363036332D4C364B5852
06-03-2025 23:21:02.461,244,RECV,7E007D318100073D026D004E373036332D41323334A6
06-03-2025 23:21:03.318,245,RECV,7E007D3181000834022D004E383036342D535051458D
06-03-2025 23:21:03.368,246,RECV,7E007D318100053302FE004E353036342D3036334A19
06-03-2025 23:21:03.418,247,RECV,7E007D318100062D0289004E363036342D4B4351385E
06-03-2025 23:21:04.281,248,RECV,7E007D31810008360230004E383036352D4D434B4C99
06-03-2025 23:21:04.371,249,RECV,7E007D31810005350203004E353036352D32523949EE
06-03-2025 23:21:04.421,250,RECV,7E007D318100062F028B004E363036352D5157374150
06-03-2025 23:21:04.442,251,RECV,7E007D318100073E0271004E373036352D4B434C534C
06-03-2025 23:21:05.274,252,RECV,7E007D31810008370231004E383036362D504A33549C
06-03-2025 23:21:05.374,253,RECV,7E007D31810005360204004E353036362D45535258AF
06-03-2025 23:21:05.424,254,RECV,7E007D318100062F028C004E363036362D53545A5A7D33
06-03-2025 23:21:05.425,255,RECV,7E007D318100073F0272004E373036362D35525A385D
06-03-2025 23:21:06.327,256,RECV,7E007D31810008370232004E383036372D5A49415582
06-03-2025 23:21:06.348,257,RECV,7E007D31810005360205004E353036372D50354F4CCF
06-03-2025 23:21:06.428,258,RECV,7E007D3181000630028D004E363036372D5A53494A2B
06-03-2025 23:21:07.280,259,RECV,7E007D31810008370233004E383036382D37413651BA
06-03-2025 23:21:07.380,260,RECV,7E007D31810005360207004E353036382D31315453E3
06-03-2025 23:21:07.430,261,RECV,7E007D318100062F028F004E363036382D4758515425
06-03-2025 23:21:07.431,262,RECV,7E007D318100073E0274004E373036382D5331594551
06-03-2025 23:21:08.283,263,RECV,7E007D31810008360235004E383036392D44343637D2
06-03-2025 23:21:08.383,264,RECV,7E007D31810005350209004E353036392D30493547F5
06-03-2025 23:21:08.433,265,RECV,7E007D318100062F0292004E363036392D304C323285
06-03-2025 23:21:08.434,266,RECV,7E007D318100073E0277004E373036392D4F51455733
06-03-2025 23:21:09.285,267,RECV,7E007D31810008390236004E383037302D56324C32B5
06-03-2025 23:21:09.335,268,RECV,7E007D3181000538020A004E353037302D4C584931D0
06-03-2025 23:21:09.436,269,RECV,7E007D31810006310293004E363037302D564F4D3840
06-03-2025 23:21:09.449,270,RECV,7E007D31810007400278004E373037302D504649484D
06-03-2025 23:21:10.288,271,RECV,7E007D31810008350237004E383037312D5A5A38557C
06-03-2025 23:21:10.389,272,RECV,7E007D3181000532020B004E353037312D54584B42B9
06-03-2025 23:21:10.439,273,RECV,7E007D318100062B0294004E363037312D3930443988
06-03-2025 23:21:10.439,274,RECV,7E007D318100073A0279004E373037312D38353033A8
06-03-2025 23:21:11.291,275,RECV,7E007D31810008330238004E383037322D49534F488A
06-03-2025 23:21:11.352,276,RECV,7E007D3181000532020C004E353037322D35434956D9
06-03-2025 23:21:11.442,277,RECV,7E007D318100062B0296004E363037322D525A4F541C
06-03-2025 23:21:11.442,278,RECV,7E007D318100073A027B004E373037322D473358386B
06-03-2025 23:21:12.295,279,RECV,7E007D3181000833023C004E383037332D36594A37A8
06-03-2025 23:21:12.345,280,RECV,7E007D3181000532020E004E353037332D304C373604
06-03-2025 23:21:12.445,281,RECV,7E007D318100062C0298004E363037332D363949337C
06-03-2025 23:21:12.445,282,RECV,7E007D318100073B027D5D004E373037332D575349314D
06-03-2025 23:21:13.297,283,RECV,7E007D3181000834023D004E383037342D5539534193
06-03-2025 23:21:13.348,284,RECV,7E007D3181000532020F004E353037342D5543594FAB
06-03-2025 23:21:13.448,285,RECV,7E007D318100062C0299004E363037342D39454E3366
06-03-2025 23:21:13.453,286,RECV,7E007D318100073B027D5E004E373037342D393645318A
06-03-2025 23:21:14.300,287,RECV,7E007D3181000834023E004E383037352D594F513882
06-03-2025 23:21:14.351,288,RECV,7E007D31810005330210004E353037352D50445255AD
06-03-2025 23:21:14.451,289,RECV,7E007D318100062C029A004E363037352D50365A5330
06-03-2025 23:21:14.457,290,RECV,7E007D318100073B027F004E373037352D5741513351
06-03-2025 23:21:15.303,291,RECV,7E007D3181000834023F004E383037362D454F304E9F
06-03-2025 23:21:15.353,292,RECV,7E007D3181000534027D31004E353037362D52595644A0
06-03-2025 23:21:15.454,293,RECV,7E007D318100062D029B004E363037362D453159444D
06-03-2025 23:21:15.457,294,RECV,7E007D318100073C0281004E373037362D5551484833
06-03-2025 23:21:16.306,295,RECV,7E007D31810008340242004E383037372D4B4E4A4684
06-03-2025 23:21:16.356,296,RECV,7E007D31810005340215004E353037372D50515348A4
06-03-2025 23:21:16.456,297,RECV,7E007D318100062C029D004E363037372D4635375A52
06-03-2025 23:21:16.457,298,RECV,7E007D318100073B0283004E373037372D384C334967
06-03-2025 23:21:17.309,299,RECV,7E007D31810008330243004E383037382D305757547A
06-03-2025 23:21:17.359,300,RECV,7E007D31810005320216004E353037382D33524A37DA
06-03-2025 23:21:17.459,301,RECV,7E007D318100062B029E004E363037382D4D46524731
06-03-2025 23:21:17.503,302,RECV,7E007D318100073B0284004E373037382D5745375240
06-03-2025 23:21:18.312,303,RECV,7E007D31810008320244004E383037392D4658494D77
06-03-2025 23:21:18.362,304,RECV,7E007D31810005320217004E353037392D33314550E5
06-03-2025 23:21:18.462,305,RECV,7E007D318100062F029F004E363037392D5136564931
06-03-2025 23:21:18.462,306,RECV,7E007D318100073D0285004E373037392D5853593429
06-03-2025 23:21:19.314,307,RECV,7E007D31810008370245004E383038302D355851339C
06-03-2025 23:21:19.364,308,RECV,7E007D31810005360219004E353038302D37445232E1
06-03-2025 23:21:19.464,309,RECV,7E007D318100062E02A1004E363038302D4A55374E3A
06-03-2025 23:21:19.480,310,RECV,7E007D318100073C0286004E373038302D525A584A1B
06-03-2025 23:21:20.317,311,RECV,7E007D31810008350247004E383038312D324A3952A5
06-03-2025 23:21:20.367,312,RECV,7E007D3181000534021B004E353038312D4F374544D0
06-03-2025 23:21:20.468,313,RECV,7E007D318100062D02A4004E363038312D454A583143
06-03-2025 23:21:20.470,314,RECV,7E007D318100073B0289004E373038312D444853384F
06-03-2025 23:21:21.320,315,RECV,7E007D31810008340248004E383038322D4544375596
06-03-2025 23:21:21.370,316,RECV,7E007D3181000534021C004E353038322D595953399F
06-03-2025 23:21:21.470,317,RECV,7E007D318100062D02A5004E363038322D4B5847333C
06-03-2025 23:21:21.472,318,RECV,7E007D318100073B028A004E373038322D4246434B4E
06-03-2025 23:21:22.293,319,RECV,7E007D31810008330249004E383038332D464B3242A5
06-03-2025 23:21:22.373,320,RECV,7E007D3181000532021D004E353038332D55363030F2
06-03-2025 23:21:22.473,321,RECV,7E007D318100062C02A6004E363038332D4F5934314B
06-03-2025 23:21:22.514,322,RECV,7E007D318100073A028B004E373038332D4550504638
06-03-2025 23:21:23.325,323,RECV,7E007D3181000832024A004E383038342D5248354A90
06-03-2025 23:21:23.375,324,RECV,7E007D3181000532021E004E353038342D47355534D6
06-03-2025 23:21:23.475,325,RECV,7E007D318100062E02A8004E363038342D434E435728
06-03-2025 23:21:23.482,326,RECV,7E007D318100073B028D004E373038342D475A415A23
06-03-2025 23:21:24.328,327,RECV,7E007D3181000832024E004E383038352D474D443399
06-03-2025 23:21:24.378,328,RECV,7E007D31810005320220004E353038352D334F4536DB
06-03-2025 23:21:24.478,329,RECV,7E007D318100062B02AA004E363038352D4B43305A3B
06-03-2025 23:21:24.517,330,RECV,7E007D318100073A028F004E373038352D424F565422
06-03-2025 23:21:25.281,331,RECV,7E007D3181000832024F004E383038362D475448427D5D
06-03-2025 23:21:25.381,332,RECV,7E007D31810005320221004E353038362D44345447C3
06-03-2025 23:21:25.481,333,RECV,7E007D318100062B02AB004E363038362D4354475320
06-03-2025 23:21:25.486,334,RECV,7E007D318100073A0290004E373038362D394E375548
06-03-2025 23:21:26.284,335,RECV,7E007D31810008330250004E383038372D305556368E
06-03-2025 23:21:26.384,336,RECV,7E007D31810005330222004E353038372D354C5648B4
06-03-2025 23:21:26.484,337,RECV,7E007D318100062C02AC004E363038372D31544A4B34
06-03-2025 23:21:26.484,338,RECV,7E007D318100073B0291004E373038372D51584E5110
06-03-2025 23:21:27.297,339,RECV,7E007D31810008340251004E383038382D54424B4C6F
06-03-2025 23:21:27.387,340,RECV,7E007D31810005340223004E353038382D36594634C7
06-03-2025 23:21:27.487,341,RECV,7E007D318100062D02AD004E363038382D4130485240
06-03-2025 23:21:27.488,342,RECV,7E007D318100073C0293004E373038382D55434E442A
06-03-2025 23:21:28.290,343,RECV,7E007D31810008350254004E383038392D4C30434197
06-03-2025 23:21:28.390,344,RECV,7E007D31810005340227004E353038392D34374E48CA
06-03-2025 23:21:28.490,345,RECV,7E007D318100062D02AF004E363038392D56394E5615
06-03-2025 23:21:28.490,346,RECV,7E007D318100073C0295004E373038392D4D574D5907
06-03-2025 23:21:29.292,347,RECV,7E007D31810008340255004E383039302D4F37335492
06-03-2025 23:21:29.392,348,RECV,7E007D31810005340228004E353039302D52523632C6
06-03-2025 23:21:29.493,349,RECV,7E007D318100062E02B0004E363039302D4A41395832
06-03-2025 23:21:29.536,350,RECV,7E007D318100073C0296004E373039302D48554B333D
06-03-2025 23:21:30.295,351,RECV,7E007D31810008350256004E383039312D304F464B8C
06-03-2025 23:21:30.395,352,RECV,7E007D31810005340229004E353039312D37503448CD
06-03-2025 23:21:30.496,353,RECV,7E007D318100062D02B1004E363039312D3244434E46
06-03-2025 23:21:30.496,354,RECV,7E007D318100073C0297004E373039312D5236374453
06-03-2025 23:21:31.298,355,RECV,7E007D31810008350257004E383039322D42534A308B
06-03-2025 23:21:31.398,356,RECV,7E007D3181000533022B004E353039322D5A5756596E
06-03-2025 23:21:31.498,357,RECV,7E007D318100062F02B3004E363039322D5535453643
06-03-2025 23:21:31.498,358,RECV,7E007D318100073C0298004E373039322D454B57511C
06-03-2025 23:21:32.300,359,RECV,7E007D31810008350259004E383039332D564242536A
06-03-2025 23:21:32.401,360,RECV,7E007D3181000535022D004E353039332D3452315AB8
06-03-2025 23:21:32.501,361,RECV,7E007D318100062E02B6004E363039332D4A455A4418
06-03-2025 23:21:32.504,362,RECV,7E007D318100073C029B004E373039332D5442483141
06-03-2025 23:21:33.303,363,RECV,7E007D3181000835025A004E383039342D4D455A4366
06-03-2025 23:21:33.403,364,RECV,7E007D3181000535022E004E353039342D4A56564E83
06-03-2025 23:21:33.503,365,RECV,7E007D318100062E02B7004E363039342D4339473947
06-03-2025 23:21:33.504,366,RECV,7E007D318100073C029C004E373039342D57594F54FB
06-03-2025 23:21:34.306,367,RECV,7E007D3181000835025B004E383039352D344F505967
06-03-2025 23:21:34.406,368,RECV,7E007D3181000535022F004E353039352D4F354F50A2
06-03-2025 23:21:34.506,369,RECV,7E007D318100062E02B8004E363039352D504C394824
06-03-2025 23:21:34.545,370,RECV,7E007D318100073C029D004E373039352D52494C560F
06-03-2025 23:21:35.308,371,RECV,7E007D3181000835025C004E383039362D474E384381
06-03-2025 23:21:35.409,372,RECV,7E007D31810005350230004E353039362D484557439C
06-03-2025 23:21:35.509,373,RECV,7E007D318100062E02BA004E363039362D54554C55F4
06-03-2025 23:21:35.509,374,RECV,7E007D318100073C029F004E373039362D303835416B
06-03-2025 23:21:36.311,375,RECV,7E007D31810008350260004E383039372D564C4C425C
06-03-2025 23:21:36.412,376,RECV,7E007D31810005340232004E353039372D4B32595A91
06-03-2025 23:21:36.512,377,RECV,7E007D318100062D02BC004E363039372D4E4458440E
06-03-2025 23:21:36.513,378,RECV,7E007D318100073C02A1004E373039372D5632593332
06-03-2025 23:21:37.314,379,RECV,7E007D31810008340261004E383039382D474852307A
06-03-2025 23:21:37.414,380,RECV,7E007D31810005330233004E353039382D334B4434CA
06-03-2025 23:21:37.515,381,RECV,7E007D318100062C02BD004E363039382D4E5930471D
06-03-2025 23:21:37.518,382,RECV,7E007D318100073B02A2004E373039382D584F374126
06-03-2025 23:21:38.317,383,RECV,7E007D31810008320262004E383039392D4447434776
06-03-2025 23:21:38.417,384,RECV,7E007D31810005320234004E353039392D39553935C3
06-03-2025 23:21:38.518,385,RECV,7E007D318100062C02BE004E363039392D48475959F8
06-03-2025 23:21:38.519,386,RECV,7E007D318100073C02A3004E373039392D533538443E
