06-10-2025 23:18:13.981,-,API2,"Sink 1,0013A20041839DB1,802.15.4 TH,2003,/dev/ttyUSB0 - 57600/8/M/1/N,1,46"

06-10-2025 23:17:20.999,0,RECV,7E000F81000834024E383030302D38464E4FE2
06-10-2025 23:17:20.999,1,RECV,7E000F8100062F024E363030302D4D455456CA
06-10-2025 23:17:21.001,2,RECV,7E000F8100073B024E373030302D37565231E8
06-10-2025 23:17:21.001,3,RECV,7E000F81000535024E353030302D3441543900
06-10-2025 23:17:21.149,4,RECV,7E000F81000834024E383030312D41555134E1
06-10-2025 23:17:21.149,5,RECV,7E000F8100062F024E363030312D57514850C5
06-10-2025 23:17:21.149,6,RECV,7E000F8100073B024E373030312D4845464ADA
06-10-2025 23:17:21.149,7,RECV,7E000F81000535024E353030312D49503057E1
06-10-2025 23:17:21.299,8,RECV,7E000F81000834024E383030322D424D4837ED
06-10-2025 23:17:21.304,9,RECV,7E000F8100062F024E363030322D56304E57D9
06-10-2025 23:17:21.304,10,RECV,7E000F81000535024E353030322D32444E45F7
06-10-2025 23:17:21.450,11,RECV,7E000F81000834024E383030332D33423157FD
06-10-2025 23:17:21.458,12,RECV,7E000F8100062F024E363030332D5136433900
06-10-2025 23:17:21.458,13,RECV,7E000F81000535024E353030332D4B5A4F59B2
06-10-2025 23:17:21.600,14,RECV,7E000F81000834024E383030342D494D3035FE
06-10-2025 23:17:21.620,15,RECV,7E000F8100062F024E363030342D37415739FA
06-10-2025 23:17:21.620,16,RECV,7E000F81000535024E353030342D48593255D6
06-10-2025 23:17:21.751,17,RECV,7E000F81000834024E383030352D41554E36DE
06-10-2025 23:17:21.767,18,RECV,7E000F8100062F024E363030352D32475841EF
06-10-2025 23:17:21.767,19,RECV,7E000F8100073B024E373030352D334F324FF0
06-10-2025 23:17:21.768,20,RECV,7E000F81000535024E353030352D36534D4BDC
06-10-2025 23:17:21.901,21,RECV,7E000F81000834024E383030362D484B3743EA
06-10-2025 23:17:21.919,22,RECV,7E000F8100062F024E363030362D4D335459D3
06-10-2025 23:17:21.919,23,RECV,7E000F81000535024E353030362D5432413104
06-10-2025 23:17:22.052,24,RECV,7E000F81000834024E383030372D324E5832EC
06-10-2025 23:17:22.071,25,RECV,7E000F8100062F024E363030372D55354452DF
06-10-2025 23:17:22.071,26,RECV,7E000F81000535024E353030372D3542444BF5
06-10-2025 23:17:22.202,27,RECV,7E000F81000834024E383030382D4F4F5748B8
06-10-2025 23:17:22.224,28,RECV,7E000F8100062F024E363030382D4A4F5545CB
06-10-2025 23:17:22.224,29,RECV,7E000F81000535024E353030382D4A573547DD
06-10-2025 23:17:22.353,30,RECV,7E000F81000834024E383030392D57394949D2
06-10-2025 23:17:22.374,31,RECV,7E000F8100062F024E363030392D48363951F5
06-10-2025 23:17:22.374,32,RECV,7E000F81000535024E353030392D3050504DDC
06-10-2025 23:17:22.503,33,RECV,7E000F81000834024E383031302D43384F46EC
06-10-2025 23:17:22.504,34,RECV,7E000F8100062F024E363031302D49503851E3
06-10-2025 23:17:22.654,35,RECV,7E000F81000834024E383031312D4A32384304
06-10-2025 23:17:22.654,36,RECV,7E000F8100062F024E363031312D34525450DA
06-10-2025 23:17:22.804,37,RECV,7E000F81000834024E383031322D394D4C35F3
06-10-2025 23:17:22.814,38,RECV,7E000F8100062E024E363031322D5130574AE2
06-10-2025 23:17:22.955,39,RECV,7E000F81000834024E383031332D4346354DEE
06-10-2025 23:17:22.955,40,RECV,7E000F8100062E024E363031332D46444244F3
06-10-2025 23:17:23.105,41,RECV,7E000F81000834024E383031342D43544543D9
06-10-2025 23:17:23.133,42,RECV,7E000F8100062E024E363031342D56593550CE
06-10-2025 23:17:23.256,43,RECV,7E000F81000834024E383031352D454A4231F5
06-10-2025 23:17:23.286,44,RECV,7E000F8100062F024E363031352D4C465547D2
06-10-2025 23:17:23.406,45,RECV,7E000F81000834024E383031362D56325536E3
06-10-2025 23:17:23.437,46,RECV,7E000F8100062F024E363031362D4B4B4152D6
06-10-2025 23:17:23.556,47,RECV,7E000F81000834024E383031372D51335851C8
06-10-2025 23:17:23.606,48,RECV,7E000F8100062F024E363031372D453436351A
06-10-2025 23:17:23.707,49,RECV,7E000F81000834024E383031382D4E4A3644E2
06-10-2025 23:17:23.710,50,RECV,7E000F8100062E024E363031382D4C484539EC
06-10-2025 23:17:23.857,51,RECV,7E000F81000834024E383031392D4B575533C9
06-10-2025 23:17:23.907,52,RECV,7E000F81000535024E353031392D35544533F7
06-10-2025 23:17:23.907,53,RECV,7E000F8100062E024E363031392D34473950F9
06-10-2025 23:17:24.008,54,RECV,7E000F81000834024E383032302D4E445846CB
06-10-2025 23:17:24.011,55,RECV,7E000F81000534024E353032302D57354E42E5
06-10-2025 23:17:24.028,56,RECV,7E000F8100062E024E363032302D524A4C44D9
06-10-2025 23:17:24.158,57,RECV,7E000F81000834024E383032312D485A544FB5
06-10-2025 23:17:24.169,58,RECV,7E000F81000534024E353032312D444D3349F3
06-10-2025 23:17:24.201,59,RECV,7E000F8100062E024E363032312D3445534EEA
06-10-2025 23:17:24.309,60,RECV,7E000F81000833024E383032322D484C3832FC
06-10-2025 23:17:24.310,61,RECV,7E000F81000534024E353032322D3139435101
06-10-2025 23:17:24.311,62,RECV,7E000F8100073A024E373032322D474F3944E2
06-10-2025 23:17:24.330,63,RECV,7E000F8100062E024E363032322D35454F54E6
06-10-2025 23:17:24.459,64,RECV,7E000F81000833024E383032332D36553842F4
06-10-2025 23:17:24.469,65,RECV,7E000F81000534024E353032332D425A4D32E3
06-10-2025 23:17:24.470,66,RECV,7E000F8100062E024E363032332D334347360F
06-10-2025 23:17:24.609,67,RECV,7E000F81000833024E383032342D43383656F1
06-10-2025 23:17:24.660,68,RECV,7E000F81000534024E353032342D554F5037D2
06-10-2025 23:17:24.672,69,RECV,7E000F8100062E024E363032342D4650314CEE
06-10-2025 23:17:24.760,70,RECV,7E000F81000832024E383032352D4C524254C4
06-10-2025 23:17:24.781,71,RECV,7E000F81000534024E353032352D4C5A5134D1
06-10-2025 23:17:24.787,72,RECV,7E000F8100073A024E373032352D51455034D8
06-10-2025 23:17:24.787,73,RECV,7E000F8100062E024E363032352D3036423721
06-10-2025 23:17:24.910,74,RECV,7E000F81000832024E383032362D4C4B4E4FC3
06-10-2025 23:17:24.960,75,RECV,7E000F81000534024E353032362D38535A49CD
06-10-2025 23:17:24.965,76,RECV,7E000F8100073A024E373032362D4F445053BB
06-10-2025 23:17:24.965,77,RECV,7E000F8100062E024E363032362D46425854CB
06-10-2025 23:17:25.061,78,RECV,7E000F81000832024E383032372D5A375949C3
06-10-2025 23:17:25.061,79,RECV,7E000F81000534024E353032372D33534D39EE
06-10-2025 23:17:25.082,80,RECV,7E000F81000739024E373032372D454C5750B9
06-10-2025 23:17:25.082,81,RECV,7E000F8100062E024E363032372D3532464A07
06-10-2025 23:17:25.211,82,RECV,7E000F81000832024E383032382D47585141C4
06-10-2025 23:17:25.261,83,RECV,7E000F81000534024E353032382D59315853C4
06-10-2025 23:17:25.262,84,RECV,7E000F8100062D024E363032382D3245345201
06-10-2025 23:17:25.362,85,RECV,7E000F81000832024E383032392D54415443C8
06-10-2025 23:17:25.412,86,RECV,7E000F81000534024E353032392D544B4B50BE
06-10-2025 23:17:25.419,87,RECV,7E000F8100062D024E363032392D50474C58C2
06-10-2025 23:17:25.512,88,RECV,7E000F81000832024E383033302D50584330E1
06-10-2025 23:17:25.562,89,RECV,7E000F81000533024E353033302D39454557E7
06-10-2025 23:17:25.569,90,RECV,7E000F8100062E024E363033302D53543245E6
06-10-2025 23:17:25.663,91,RECV,7E000F81000834024E383033312D56575153A8
06-10-2025 23:17:25.713,92,RECV,7E000F81000534024E353033312D43563450E2
06-10-2025 23:17:25.713,93,RECV,7E000F8100062D024E363033312D56534D50BE
06-10-2025 23:17:25.813,94,RECV,7E000F81000832024E383033322D33564744E6
06-10-2025 23:17:25.844,95,RECV,7E000F81000534024E353033322D52593638E5
06-10-2025 23:17:25.849,96,RECV,7E000F8100062D024E363033322D55304950E5
06-10-2025 23:17:25.964,97,RECV,7E000F81000835024E383033332D5055354BD1
06-10-2025 23:17:26.014,98,RECV,7E000F81000537024E353033332D5937544CCA
06-10-2025 23:17:26.014,99,RECV,7E000F81000630024E363033332D4B4D3859D6
06-10-2025 23:17:26.115,100,RECV,7E000F81000836024E383033342D5236564BCB
06-10-2025 23:17:26.165,101,RECV,7E000F81000537024E353033342D58534351BA
06-10-2025 23:17:26.165,102,RECV,7E000F81000631024E363033342D4D515255B8
06-10-2025 23:17:26.265,103,RECV,7E000F81000836024E383033352D5A445954A8
06-10-2025 23:17:26.316,104,RECV,7E000F81000537024E353033352D474B5736D9
06-10-2025 23:17:26.316,105,RECV,7E000F81000630024E363033352D59343541FA
06-10-2025 23:17:26.416,106,RECV,7E000F81000835024E383033362D394D544DCC
06-10-2025 23:17:26.466,107,RECV,7E000F81000537024E353033362D574C5157AC
06-10-2025 23:17:26.466,108,RECV,7E000F81000631024E363033362D56355253CB
06-10-2025 23:17:26.566,109,RECV,7E000F81000836024E383033372D434D4B35E1
06-10-2025 23:17:26.617,110,RECV,7E000F81000537024E353033372D5641394CDA
06-10-2025 23:17:26.617,111,RECV,7E000F81000631024E363033372D4732575AD0
06-10-2025 23:17:26.717,112,RECV,7E000F81000836024E383033382D41443554E2
06-10-2025 23:17:26.767,113,RECV,7E000F81000537024E353033382D384F32300C
06-10-2025 23:17:26.767,114,RECV,7E000F81000630024E363033382D52533145DF
06-10-2025 23:17:26.867,115,RECV,7E000F81000835024E383033392D3148334400
06-10-2025 23:17:26.917,116,RECV,7E000F81000537024E353033392D42504C34E2
06-10-2025 23:17:26.918,117,RECV,7E000F8100073C024E373033392D4A47334BDC
06-10-2025 23:17:26.918,118,RECV,7E000F81000631024E363033392D584E5231CF
06-10-2025 23:17:27.018,119,RECV,7E000F81000835024E383034302D56574846BD
06-10-2025 23:17:27.068,120,RECV,7E000F81000537024E353034302D51554C42C8
06-10-2025 23:17:27.079,121,RECV,7E000F8100073C024E373034302D4A363742FA
06-10-2025 23:17:27.079,122,RECV,7E000F81000630024E363034302D45424A36FA
06-10-2025 23:17:27.168,123,RECV,7E000F81000835024E383034312D3433353922
06-10-2025 23:17:27.218,124,RECV,7E000F81000537024E353034312D55413458D9
06-10-2025 23:17:27.244,125,RECV,7E000F8100073C024E373034312D3730384310
06-10-2025 23:17:27.244,126,RECV,7E000F81000630024E363034312D44324848FA
06-10-2025 23:17:27.319,127,RECV,7E000F81000835024E383034322D34575437E0
06-10-2025 23:17:27.369,128,RECV,7E000F81000536024E353034322D5956384FC5
06-10-2025 23:17:27.372,129,RECV,7E000F8100073C024E373034322D524F4850B8
06-10-2025 23:17:27.372,130,RECV,7E000F8100062F024E363034322D4F555737CE
06-10-2025 23:17:27.469,131,RECV,7E000F81000834024E383034332D45374941F0
06-10-2025 23:17:27.519,132,RECV,7E000F81000536024E353034332D5938544DC8
06-10-2025 23:17:27.524,133,RECV,7E000F8100073C024E373034332D5334324DEA
06-10-2025 23:17:27.524,134,RECV,7E000F81000630024E363034332D4948383500
06-10-2025 23:17:27.619,135,RECV,7E000F81000835024E383034342D4D49564BBD
06-10-2025 23:17:27.670,136,RECV,7E000F81000536024E353034342D43585039D5
06-10-2025 23:17:27.700,137,RECV,7E000F8100073B024E373034342D38464937F2
06-10-2025 23:17:27.700,138,RECV,7E000F81000630024E363034342D57435853B8
06-10-2025 23:17:27.770,139,RECV,7E000F81000835024E383034352D3145564CDB
06-10-2025 23:17:27.820,140,RECV,7E000F81000536024E353034352D33304458F9
06-10-2025 23:17:27.845,141,RECV,7E000F8100073C024E373034352D57464838D1
06-10-2025 23:17:27.845,142,RECV,7E000F8100062F024E363034352D43485144DD
06-10-2025 23:17:27.920,143,RECV,7E000F81000834024E383034362D524A5637CA
06-10-2025 23:17:27.971,144,RECV,7E000F81000536024E353034362D304E5548DC
06-10-2025 23:17:28.005,145,RECV,7E000F8100073C024E373034362D5555314EC4
06-10-2025 23:17:28.006,146,RECV,7E000F8100062F024E363034362D304A31351C
06-10-2025 23:17:28.071,147,RECV,7E000F81000834024E383034372D5A5952539A
06-10-2025 23:17:28.121,148,RECV,7E000F81000535024E353034372D55555533C5
06-10-2025 23:17:28.123,149,RECV,7E000F8100073B024E373034372D4952304FD3
06-10-2025 23:17:28.126,150,RECV,7E000F8100062F024E363034372D56504755B9
06-10-2025 23:17:28.221,151,RECV,7E000F81000834024E383034382D33434B57D9
06-10-2025 23:17:28.272,152,RECV,7E000F81000535024E353034382D31435430FE
06-10-2025 23:17:28.272,153,RECV,7E000F8100073B024E373034382D39315054DE
06-10-2025 23:17:28.272,154,RECV,7E000F8100062F024E363034382D4E4F4137E5
06-10-2025 23:17:28.372,155,RECV,7E000F81000834024E383034392D31543255E4
06-10-2025 23:17:28.422,156,RECV,7E000F81000536024E353034392D59544443C0
06-10-2025 23:17:28.422,157,RECV,7E000F8100073B024E373034392D3133513501
06-10-2025 23:17:28.422,158,RECV,7E000F8100062F024E363034392D504A4C56BD
06-10-2025 23:17:28.522,159,RECV,7E000F81000834024E383035302D504E4B33DC
06-10-2025 23:17:28.572,160,RECV,7E000F81000535024E353035302D464B504ECE
06-10-2025 23:17:28.573,161,RECV,7E000F8100073B024E373035302D4B5A3932E3
06-10-2025 23:17:28.573,162,RECV,7E000F8100062F024E363035302D41445145E6
06-10-2025 23:17:28.673,163,RECV,7E000F81000834024E383035312D4F314C45E6
06-10-2025 23:17:28.723,164,RECV,7E000F81000535024E353035312D4D4B534DC4
06-10-2025 23:17:28.723,165,RECV,7E000F8100073A024E373035312D53484745CC
06-10-2025 23:17:28.723,166,RECV,7E000F8100062E024E363035312D3541564CE9
06-10-2025 23:17:28.823,167,RECV,7E000F81000834024E383035322D315A504BD0
06-10-2025 23:17:28.873,168,RECV,7E000F81000535024E353035322D43534D39DF
06-10-2025 23:17:28.873,169,RECV,7E000F8100073B024E373035322D56475646B8
06-10-2025 23:17:28.874,170,RECV,7E000F8100062F024E363035322D3835503012
06-10-2025 23:17:28.974,171,RECV,7E000F81000834024E383035332D304A5A38E9
06-10-2025 23:17:29.024,172,RECV,7E000F81000535024E353035332D53303554EE
06-10-2025 23:17:29.024,173,RECV,7E000F8100073A024E373035332D4E504B4FB9
06-10-2025 23:17:29.024,174,RECV,7E000F8100062F024E363035332D42504E47D7
06-10-2025 23:17:29.124,175,RECV,7E000F81000834024E383035342D5038324BEF
06-10-2025 23:17:29.174,176,RECV,7E000F81000534024E353035342D4A5A5355AE
06-10-2025 23:17:29.175,177,RECV,7E000F8100073A024E373035342D334C34320B
06-10-2025 23:17:29.175,178,RECV,7E000F8100062E024E363035342D4D31304808
06-10-2025 23:17:29.275,179,RECV,7E000F81000833024E383035352D47355943DC
06-10-2025 23:17:29.325,180,RECV,7E000F81000534024E353035352D544F4A39D3
06-10-2025 23:17:29.325,181,RECV,7E000F8100073A024E373035352D4B304158DB
06-10-2025 23:17:29.325,182,RECV,7E000F8100062E024E363035352D454D4B37E9
06-10-2025 23:17:29.425,183,RECV,7E000F81000833024E383035362D434C5A55B5
06-10-2025 23:17:29.475,184,RECV,7E000F81000534024E353035362D52335350D0
06-10-2025 23:17:29.480,185,RECV,7E000F8100073A024E373035362D4A583937DC
06-10-2025 23:17:29.480,186,RECV,7E000F8100062E024E363035362D4141594AD7
06-10-2025 23:17:29.576,187,RECV,7E000F81000833024E383035372D53344443E4
06-10-2025 23:17:29.626,188,RECV,7E000F81000534024E353035372D58583943CB
06-10-2025 23:17:29.630,189,RECV,7E000F8100073A024E373035372D30593059DB
06-10-2025 23:17:29.630,190,RECV,7E000F8100062E024E363035372D4B314F43ED
06-10-2025 23:17:29.726,191,RECV,7E000F81000832024E383035382D38584D59BC
06-10-2025 23:17:29.776,192,RECV,7E000F81000534024E353035382D5A584E36C0
06-10-2025 23:17:29.780,193,RECV,7E000F81000739024E373035382D4A304E31F4
06-10-2025 23:17:29.780,194,RECV,7E000F8100062D024E363035382D4A4D4E46D0
06-10-2025 23:17:29.877,195,RECV,7E000F81000832024E383035392D544E4D4EB4
06-10-2025 23:17:29.927,196,RECV,7E000F81000534024E353035392D49324952DF
06-10-2025 23:17:29.930,197,RECV,7E000F81000739024E373035392D57534832C8
06-10-2025 23:17:29.930,198,RECV,7E000F8100062D024E363035392D3036424A08
06-10-2025 23:17:30.027,199,RECV,7E000F81000832024E383036302D4843333506
06-10-2025 23:17:30.077,200,RECV,7E000F81000533024E353036302D4F30383314
06-10-2025 23:17:30.080,201,RECV,7E000F81000739024E373036302D4B554D34D3
06-10-2025 23:17:30.080,202,RECV,7E000F8100062D024E363036302D35574638F8
06-10-2025 23:17:30.177,203,RECV,7E000F81000832024E383036312D4C37435AD8
06-10-2025 23:17:30.228,204,RECV,7E000F81000533024E353036312D48425932E8
06-10-2025 23:17:30.229,205,RECV,7E000F81000739024E373036312D424131320D
06-10-2025 23:17:30.229,206,RECV,7E000F8100062D024E363036312D3253534DDC
06-10-2025 23:17:30.328,207,RECV,7E000F81000832024E383036322D35444144F9
06-10-2025 23:17:30.378,208,RECV,7E000F81000533024E353036322D4C445044D8
06-10-2025 23:17:30.382,209,RECV,7E000F81000739024E373036322D56455239CC
06-10-2025 23:17:30.383,210,RECV,7E000F8100062D024E363036322D4B573544E5
06-10-2025 23:17:30.478,211,RECV,7E000F81000832024E383036332D374F414FE0
06-10-2025 23:17:30.528,212,RECV,7E000F81000533024E353036332D574E485AB4
06-10-2025 23:17:30.529,213,RECV,7E000F81000739024E373036332D3331353820
06-10-2025 23:17:30.539,214,RECV,7E000F8100062D024E363036332D554F3057D4
06-10-2025 23:17:30.629,215,RECV,7E000F81000832024E383036342D423832367D33
06-10-2025 23:17:30.679,216,RECV,7E000F81000533024E353036342D44524537E8
06-10-2025 23:17:30.679,217,RECV,7E000F81000739024E373036342D47504B52BC
06-10-2025 23:17:30.679,218,RECV,7E000F8100062D024E363036342D42444952DD
06-10-2025 23:17:30.779,219,RECV,7E000F81000832024E383036352D4536394DF3
06-10-2025 23:17:30.829,220,RECV,7E000F81000533024E353036352D434C4D57C6
06-10-2025 23:17:30.829,221,RECV,7E000F81000739024E373036352D45424851CF
06-10-2025 23:17:30.830,222,RECV,7E000F8100062D024E363036352D4A355444E6
06-10-2025 23:17:30.930,223,RECV,7E000F81000832024E383036362D4C374935F2
06-10-2025 23:17:30.980,224,RECV,7E000F81000533024E353036362D33314D4304
06-10-2025 23:17:30.983,225,RECV,7E000F81000739024E373036362D58474339D3
06-10-2025 23:17:30.983,226,RECV,7E000F8100062D024E363036362D51524C46C7
06-10-2025 23:17:31.080,227,RECV,7E000F81000832024E383036372D3037534AEE
06-10-2025 23:17:31.130,228,RECV,7E000F81000536024E353036372D314B4346EF
06-10-2025 23:17:31.131,229,RECV,7E000F8100073B024E373036372D4E344F36E4
06-10-2025 23:17:31.131,230,RECV,7E000F8100062D024E363036372D3837434EFB
06-10-2025 23:17:31.230,231,RECV,7E000F81000832024E383036382D4A464631EA
06-10-2025 23:17:31.281,232,RECV,7E000F81000533024E353036382D58524651B5
06-10-2025 23:17:31.291,233,RECV,7E000F81000739024E373036382D56383458D2
06-10-2025 23:17:31.291,234,RECV,7E000F8100062D024E363036382D52353359E7
06-10-2025 23:17:31.381,235,RECV,7E000F81000832024E383036392D55474E5AAC
06-10-2025 23:17:31.431,236,RECV,7E000F81000533024E353036392D56524748BE
06-10-2025 23:17:31.431,237,RECV,7E000F81000739024E373036392D47363544F5
06-10-2025 23:17:31.432,238,RECV,7E000F8100062D024E363036392D364A5A56C9
06-10-2025 23:17:31.532,239,RECV,7E000F81000832024E383037302D30425550E1
06-10-2025 23:17:31.582,240,RECV,7E000F81000533024E353037302D35504B56D7
06-10-2025 23:17:31.592,241,RECV,7E000F81000739024E373037302D394E4657CF
06-10-2025 23:17:31.592,242,RECV,7E000F8100062D024E363037302D51314F48E8
06-10-2025 23:17:31.682,243,RECV,7E000F81000832024E383037312D454F504AC9
06-10-2025 23:17:31.732,244,RECV,7E000F81000533024E353037312D49434244EA
06-10-2025 23:17:31.733,245,RECV,7E000F81000739024E373037312D3336484AF7
06-10-2025 23:17:31.733,246,RECV,7E000F8100062D024E363037312D4D5A4735DD
06-10-2025 23:17:31.833,247,RECV,7E000F81000832024E383037322D504B4753C1
06-10-2025 23:17:31.883,248,RECV,7E000F81000533024E353037322D34364850F9
06-10-2025 23:17:31.883,249,RECV,7E000F81000739024E373037322D4A415736D9
06-10-2025 23:17:31.933,250,RECV,7E000F8100062D024E363037322D3432433422
06-10-2025 23:17:31.983,251,RECV,7E000F81000832024E383037332D56374F5ABF
06-10-2025 23:17:32.033,252,RECV,7E000F81000533024E353037332D54414554CC
06-10-2025 23:17:32.083,253,RECV,7E000F81000739024E373037332D56594833C6
06-10-2025 23:17:32.115,254,RECV,7E000F8100062D024E363037332D47585139D5
06-10-2025 23:17:32.134,255,RECV,7E000F81000832024E383037342D43585443C2
06-10-2025 23:17:32.184,256,RECV,7E000F81000533024E353037342D56364442E7
06-10-2025 23:17:32.184,257,RECV,7E000F81000739024E373037342D3233414CFD
06-10-2025 23:17:32.194,258,RECV,7E000F8100062D024E363037342D47523750DD
06-10-2025 23:17:32.284,259,RECV,7E000F81000832024E383037352D44334C4DE3
06-10-2025 23:17:32.334,260,RECV,7E000F81000533024E353037352D43415648D6
06-10-2025 23:17:32.384,261,RECV,7E000F81000739024E373037352D4F524939CB
06-10-2025 23:17:32.384,262,RECV,7E000F8100062D024E363037352D35425050E5
06-10-2025 23:17:32.434,263,RECV,7E000F81000832024E383037362D4C313154F0
06-10-2025 23:17:32.485,264,RECV,7E000F81000533024E353037362D4638334105
06-10-2025 23:17:32.485,265,RECV,7E000F81000739024E373037362D43363849F3
06-10-2025 23:17:32.505,266,RECV,7E000F8100062C024E363037362D46314D4CEC
06-10-2025 23:17:32.584,267,RECV,7E000F81000832024E383037372D42513836F0
06-10-2025 23:17:32.635,268,RECV,7E000F81000534024E353037372D59433943DD
06-10-2025 23:17:32.685,269,RECV,7E000F81000739024E373037372D31443946F8
06-10-2025 23:17:32.685,270,RECV,7E000F8100062D024E363037372D4F594C48BE
06-10-2025 23:17:32.735,271,RECV,7E000F81000832024E383037382D504A4C37D3
06-10-2025 23:17:32.795,272,RECV,7E000F81000534024E353037382D5134534BD1
06-10-2025 23:17:32.795,273,RECV,7E000F81000739024E373037382D5750524FA3
06-10-2025 23:17:32.805,274,RECV,7E000F8100062D024E363037382D59374F56C4
06-10-2025 23:17:32.885,275,RECV,7E000F81000832024E383037392D434A3733F8
06-10-2025 23:17:32.936,276,RECV,7E000F81000533024E353037392D334B32390B
06-10-2025 23:17:32.946,277,RECV,7E000F81000739024E373037392D54353744E6
06-10-2025 23:17:32.946,278,RECV,7E000F8100062D024E363037392D4439574DD7
06-10-2025 23:17:33.036,279,RECV,7E000F81000832024E383038302D3832373422
06-10-2025 23:17:33.086,280,RECV,7E000F81000533024E353038302D39504A49E0
06-10-2025 23:17:33.137,281,RECV,7E000F81000739024E373038302D54374C42D9
06-10-2025 23:17:33.137,282,RECV,7E000F8100062D024E363038302D32434F3903
06-10-2025 23:17:33.186,283,RECV,7E000F81000832024E383038312D33575648CE
06-10-2025 23:17:33.236,284,RECV,7E000F81000533024E353038312D4E555641C1
06-10-2025 23:17:33.267,285,RECV,7E000F81000739024E373038312D52544A55AC
06-10-2025 23:17:33.267,286,RECV,7E000F8100062D024E363038312D314B463706
06-10-2025 23:17:33.337,287,RECV,7E000F81000832024E383038322D46583835EA
06-10-2025 23:17:33.387,288,RECV,7E000F81000534024E353038322D4B34354500
06-10-2025 23:17:33.437,289,RECV,7E000F81000739024E373038322D52334A31F0
06-10-2025 23:17:33.437,290,RECV,7E000F8100062D024E363038322D39564C30F3
06-10-2025 23:17:33.487,291,RECV,7E000F81000832024E383038332D304A4E41EB
06-10-2025 23:17:33.588,292,RECV,7E000F81000533024E353038332D534E4D4FBC
06-10-2025 23:17:33.588,293,RECV,7E000F81000739024E373038332D5636484DCE
06-10-2025 23:17:33.588,294,RECV,7E000F8100062D024E363038332D48374543F6
06-10-2025 23:17:33.638,295,RECV,7E000F81000832024E383038342D434C4E58BE
06-10-2025 23:17:33.688,296,RECV,7E000F81000533024E353038342D39524437F2
06-10-2025 23:17:33.738,297,RECV,7E000F8100073A024E373038342D5859505399
06-10-2025 23:17:33.738,298,RECV,7E000F8100062D024E363038342D39515132EF
06-10-2025 23:17:33.788,299,RECV,7E000F81000832024E383038352D4E4D4B49C3
06-10-2025 23:17:33.848,300,RECV,7E000F81000534024E353038352D48375552D0
06-10-2025 23:17:33.848,301,RECV,7E000F81000739024E373038352D47474D52C0
06-10-2025 23:17:33.889,302,RECV,7E000F8100062D024E363038352D53573253CC
06-10-2025 23:17:33.939,303,RECV,7E000F81000832024E383038362D57594B32C4
06-10-2025 23:17:33.989,304,RECV,7E000F81000533024E353038362D354F3342FD
06-10-2025 23:17:34.039,305,RECV,7E000F81000739024E373038362D48313359E7
06-10-2025 23:17:34.043,306,RECV,7E000F8100062D024E363038362D4D563532F0
06-10-2025 23:17:34.089,307,RECV,7E000F81000832024E383038372D32464347EE
06-10-2025 23:17:34.149,308,RECV,7E000F81000533024E353038372D4C4D5138D3
06-10-2025 23:17:34.149,309,RECV,7E000F81000739024E373038372D51543732DD
06-10-2025 23:17:34.190,310,RECV,7E000F8100062D024E363038372D4C4A5336DA
06-10-2025 23:17:34.240,311,RECV,7E000F81000832024E383038382D37465842D8
06-10-2025 23:17:34.290,312,RECV,7E000F81000534024E353038382D4A395254CA
06-10-2025 23:17:34.340,313,RECV,7E000F81000739024E373038382D51494333DA
06-10-2025 23:17:34.344,314,RECV,7E000F8100062D024E363038382D594E5248B7
06-10-2025 23:17:34.390,315,RECV,7E000F81000832024E383038392D4A49354CDA
06-10-2025 23:17:34.450,316,RECV,7E000F81000534024E353038392D394B4F45DA
06-10-2025 23:17:34.450,317,RECV,7E000F81000739024E373038392D35415052D1
06-10-2025 23:17:34.471,318,RECV,7E000F8100062D024E363038392D53324C43E3
06-10-2025 23:17:34.541,319,RECV,7E000F81000832024E383039302D31495A41E1
06-10-2025 23:17:34.641,320,RECV,7E000F81000534024E353039302D354D4736FB
06-10-2025 23:17:34.644,321,RECV,7E000F81000739024E373039302D544E5837C0
06-10-2025 23:17:34.644,322,RECV,7E000F8100062D024E363039302D5A55304BD5
06-10-2025 23:17:34.691,323,RECV,7E000F81000832024E383039312D454D5343CD
06-10-2025 23:17:34.741,324,RECV,7E000F81000534024E353039312D50573258C8
06-10-2025 23:17:34.791,325,RECV,7E000F81000739024E373039312D4837323708
06-10-2025 23:17:34.793,326,RECV,7E000F8100062D024E363039312D46595251BC
06-10-2025 23:17:34.842,327,RECV,7E000F81000832024E383039322D57594A37C3
06-10-2025 23:17:34.942,328,RECV,7E000F81000534024E353039322D4633585ACD
06-10-2025 23:17:34.944,329,RECV,7E000F81000739024E373039322D554A4D4FB4
06-10-2025 23:17:34.945,330,RECV,7E000F8100062D024E363039322D4F30323616
06-10-2025 23:17:34.992,331,RECV,7E000F81000832024E383039332D59413939E7
06-10-2025 23:17:35.042,332,RECV,7E000F81000533024E353039332D51375031EF
06-10-2025 23:17:35.092,333,RECV,7E000F81000739024E373039332D43324636FD
06-10-2025 23:17:35.093,334,RECV,7E000F8100062D024E363039332D4F454739E8
06-10-2025 23:17:35.143,335,RECV,7E000F81000832024E383039342D4132474BED
06-10-2025 23:17:35.243,336,RECV,7E000F81000533024E353039342D364A323510
06-10-2025 23:17:35.245,337,RECV,7E000F81000739024E373039342D4F595337BB
06-10-2025 23:17:35.245,338,RECV,7E000F8100062D024E363039342D46545032DF
06-10-2025 23:17:35.293,339,RECV,7E000F81000832024E383039352D5A304A4AD3
06-10-2025 23:17:35.393,340,RECV,7E000F81000534024E353039352D50305646D9
06-10-2025 23:17:35.396,341,RECV,7E000F81000739024E373039352D574A594AA8
06-10-2025 23:17:35.396,342,RECV,7E000F8100062D024E363039352D4F495259B7
06-10-2025 23:17:35.445,343,RECV,7E000F81000832024E383039362D48565433CB
06-10-2025 23:17:35.514,344,RECV,7E000F81000533024E353039362D32514C5ACC
06-10-2025 23:17:35.524,345,RECV,7E000F81000739024E373039362D424A4238E5
06-10-2025 23:17:35.528,346,RECV,7E000F8100062D024E363039362D365A4450D5
06-10-2025 23:17:35.594,347,RECV,7E000F81000832024E383039372D50504443C8
06-10-2025 23:17:35.694,348,RECV,7E000F81000533024E353039372D35414B4EE5
06-10-2025 23:17:35.695,349,RECV,7E000F81000739024E373039372D35473343F8
06-10-2025 23:17:35.695,350,RECV,7E000F8100062D024E363039372D4D444338EC
06-10-2025 23:17:35.745,351,RECV,7E000F81000832024E383039382D54374442DD
06-10-2025 23:17:35.825,352,RECV,7E000F81000533024E353039382D584D4A55AF
06-10-2025 23:17:35.828,353,RECV,7E000F81000739024E373039382D59573333D3
06-10-2025 23:17:35.828,354,RECV,7E000F8100062D024E363039382D374C344BF5
06-10-2025 23:17:35.895,355,RECV,7E000F81000832024E383039392D49544538D3
06-10-2025 23:17:35.995,356,RECV,7E000F81000533024E353039392D374C4138F6
06-10-2025 23:17:35.995,357,RECV,7E000F81000739024E373039392D4F4A3333E9
06-10-2025 23:17:35.996,358,RECV,7E000F8100062D024E363039392D57344F4CD0
