06-03-2025 20:00:37.083,-,API2,"Sink 1,0013A20041839DB1,802.15.4 TH,2003,/dev/ttyUSB0 - 57600/8/M/1/N,1,46"

06-03-2025 20:00:14.903,0,RECV,7E007D318100041D02FD004E343030302D4352384D05
06-03-2025 20:00:14.904,1,RECV,7E007D318100011F0224004E313030302D38355A59DC
06-03-2025 20:00:14.904,2,RECV,7E007D318100031A02A4004E333030302D575031376E
06-03-2025 20:00:14.904,3,RECV,7E007D318100041D02FE004E343030312D5351364EF5
06-03-2025 20:00:14.905,4,RECV,7E007D318100011F0225004E313030312D5035515ACA
06-03-2025 20:00:14.905,5,RECV,7E007D318100031A02A5004E333030312D44384E357C
06-03-2025 20:00:14.905,6,RECV,7E007D318100031A02A7004E333030322D514C4F5636
06-03-2025 20:00:14.905,7,RECV,7E007D318100022C0240004E323030322D31583749C6
06-03-2025 20:00:14.905,8,RECV,7E007D318100041D0202004E343030322D554D4A36F6
06-03-2025 20:00:14.905,9,RECV,7E007D318100041D0203004E343030332D35584156F2
06-03-2025 20:00:14.905,10,RECV,7E007D318100031A02A8004E333030332D4F32573965
06-03-2025 20:00:14.905,11,RECV,7E007D318100041D0204004E343030342D4E594938EC
06-03-2025 20:00:14.915,12,RECV,7E007D318100031A02A9004E333030342D43484C4D50
06-03-2025 20:00:14.915,13,RECV,7E007D318100041D0205004E343030352D51564154D6
06-03-2025 20:00:14.946,14,RECV,7E007D318100031A02AA004E333030352D4C32384775
06-03-2025 20:00:14.946,15,RECV,7E007D318100041D0206004E343030362D4C45374503
06-03-2025 20:00:14.946,16,RECV,7E007D318100031A02AB004E333030362D4F3151514E
06-03-2025 20:00:14.947,17,RECV,7E007D318100041D0207004E343030372D334741371C
06-03-2025 20:00:14.977,18,RECV,7E007D318100031A02AC004E333030372D534543474C
06-03-2025 20:00:15.003,19,RECV,7E007D318100041D0208004E343030382D344A4E4DF3
06-03-2025 20:00:15.011,20,RECV,7E007D318100031902AD004E333030382D5A4C57412F
06-03-2025 20:00:15.011,21,RECV,7E007D318100041C0209004E343030392D43465254DC
06-03-2025 20:00:15.011,22,RECV,7E007D318100031A02AE004E333030392D41425A4944
06-03-2025 20:00:15.011,23,RECV,7E007D318100041C020A004E343031302D3234345325
06-03-2025 20:00:15.018,24,RECV,7E007D318100031A02AF004E333031302D5736565A34
06-03-2025 20:00:15.018,25,RECV,7E007D318100041D020B004E343031312D4544364709
06-03-2025 20:00:15.069,26,RECV,7E007D318100022B0249004E323031312D4C30424EBB
06-03-2025 20:00:15.069,27,RECV,7E007D318100031902B0004E333031312D4E46325A50
06-03-2025 20:00:15.069,28,RECV,7E007D318100041D020C004E343031322D52354D3405
06-03-2025 20:00:15.069,29,RECV,7E007D3181000229024A004E323031322D32584D36BA
06-03-2025 20:00:15.069,30,RECV,7E007D318100031902B1004E333031322D4E51584730
06-03-2025 20:00:15.069,31,RECV,7E007D318100041D020D004E343031332D45374157F7
06-03-2025 20:00:15.069,32,RECV,7E007D318100031A02B2004E333031332D343553505F
06-03-2025 20:00:15.069,33,RECV,7E007D318100041D020E004E343031342D4E305956DC
06-03-2025 20:00:15.069,34,RECV,7E007D318100022C024C004E323031342D4D5A58358C
06-03-2025 20:00:15.069,35,RECV,7E007D318100031902B3004E333031342D383639596A
06-03-2025 20:00:15.090,36,RECV,7E007D318100041C020F004E343031352D41514F56D1
06-03-2025 20:00:15.090,37,RECV,7E007D318100031A02B4004E333031352D38554E513B
06-03-2025 20:00:15.090,38,RECV,7E007D318100011E0234004E313031352D374A4554CD
06-03-2025 20:00:15.140,39,RECV,7E007D318100041D0210004E343031362D47445037F3
06-03-2025 20:00:15.161,40,RECV,7E007D318100031A02B5004E333031362D4D4F485A27
06-03-2025 20:00:15.193,41,RECV,7E007D318100011E0235004E313031362D44564258B1
06-03-2025 20:00:15.193,42,RECV,7E007D318100041D027D31004E343031372D4B554B4CCC
06-03-2025 20:00:15.193,43,RECV,7E007D318100031A02B6004E333031372D5748315A39
06-03-2025 20:00:15.193,44,RECV,7E007D318100041B0212004E343031382D515A3957C8
06-03-2025 20:00:15.193,45,RECV,7E007D318100031902B7004E333031382D333458485B
06-03-2025 20:00:15.194,46,RECV,7E007D318100031A02B8004E333031392D4E4B513540
06-03-2025 20:00:15.194,47,RECV,7E007D318100011E0238004E313031392D54464859A4
06-03-2025 20:00:15.194,48,RECV,7E007D318100041D0215004E343032312D5944454FD3
06-03-2025 20:00:15.234,49,RECV,7E007D318100031A02B9004E333032302D4356574E28
06-03-2025 20:00:15.234,50,RECV,7E007D318100011E0239004E313032302D4C524643BF
06-03-2025 20:00:15.235,51,RECV,7E007D318100041C0216004E343032322D4E31394CFF
06-03-2025 20:00:15.235,52,RECV,7E007D318100031A02BA004E333032312D4F3559483F
06-03-2025 20:00:15.235,53,RECV,7E007D318100011E023A004E313032312D344C4544DB
06-03-2025 20:00:15.235,54,RECV,7E007D318100041D0217004E343032332D454F455ACD
06-03-2025 20:00:15.236,55,RECV,7E007D318100022C0254004E323032322D41453747B5
06-03-2025 20:00:15.236,56,RECV,7E007D318100031A02BB004E333032322D36335A5A45
06-03-2025 20:00:15.237,57,RECV,7E007D318100011E023B004E313032322D30504F46CD
06-03-2025 20:00:15.237,58,RECV,7E007D318100041D0218004E343032342D54354144F0
06-03-2025 20:00:15.237,59,RECV,7E007D318100031A02BC004E333032332D583433475A
06-03-2025 20:00:15.275,60,RECV,7E007D318100041D0219004E343032352D3430323234
06-03-2025 20:00:15.309,61,RECV,7E007D318100031A02BD004E333032342D3953335748
06-03-2025 20:00:15.309,62,RECV,7E007D318100011E023D004E313032342D42475546BA
06-03-2025 20:00:15.309,63,RECV,7E007D318100041D021A004E343032362D51395454C8
06-03-2025 20:00:15.309,64,RECV,7E007D318100031A02BE004E333032352D394A4A315E
06-03-2025 20:00:15.309,65,RECV,7E007D318100011E023E004E313032352D4E575831AE
06-03-2025 20:00:15.309,66,RECV,7E007D318100041D021B004E343032372D38445A41E1
06-03-2025 20:00:15.309,67,RECV,7E007D318100031A02BF004E333032362D4D48534A28
06-03-2025 20:00:15.309,68,RECV,7E007D318100011E023F004E313032362D4E533151B7
06-03-2025 20:00:15.309,69,RECV,7E007D318100041C021C004E343032382D48464A4CD3
06-03-2025 20:00:15.309,70,RECV,7E007D318100031A02C0004E333032372D4B4B4A4B2D
06-03-2025 20:00:15.309,71,RECV,7E007D318100011E0240004E313032372D4B525A568B
06-03-2025 20:00:15.309,72,RECV,7E007D318100041D021D004E343032392D37395048EC
06-03-2025 20:00:15.309,73,RECV,7E007D318100031A02C1004E333032382D34575A4C25
06-03-2025 20:00:15.404,74,RECV,7E007D318100011E0241004E313032382D33455635D3
06-03-2025 20:00:15.404,75,RECV,7E007D318100041D021E004E343033302D52434942DB
06-03-2025 20:00:15.404,76,RECV,7E007D318100031A02C2004E333032392D3939595237
06-03-2025 20:00:15.405,77,RECV,7E007D318100011E0242004E313032392D49543943BB
06-03-2025 20:00:15.405,78,RECV,7E007D318100041D021F004E343033312D4430503401
06-03-2025 20:00:15.405,79,RECV,7E007D318100022B025C004E323033302D5846394A92
06-03-2025 20:00:15.405,80,RECV,7E007D318100031A02C3004E333033302D3249554744
06-03-2025 20:00:15.405,81,RECV,7E007D318100011F0243004E313033302D4A4F3531DB
06-03-2025 20:00:15.405,82,RECV,7E007D318100041D0220004E343033322D37594D34E6
06-03-2025 20:00:15.405,83,RECV,7E007D318100022B025D004E323033312D3149495A94
06-03-2025 20:00:15.405,84,RECV,7E007D318100031A02C4004E333033312D5535364653
06-03-2025 20:00:15.405,85,RECV,7E007D318100011F0244004E313033312D484E4A599F
06-03-2025 20:00:15.405,86,RECV,7E007D318100041D0221004E343033332D35525048D6
06-03-2025 20:00:15.405,87,RECV,7E007D318100031A02C5004E333033322D3641464E4C
06-03-2025 20:00:15.406,88,RECV,7E007D318100011F0245004E313033322D50574C598A
06-03-2025 20:00:15.406,89,RECV,7E007D318100041D0222004E343033342D34474E54D6
06-03-2025 20:00:15.406,90,RECV,7E007D318100022C025F004E323033332D4F313251A9
06-03-2025 20:00:15.406,91,RECV,7E007D318100031A02C6004E333033332D504F35443D
06-03-2025 20:00:15.406,92,RECV,7E007D318100041D0223004E343033352D54415234D6
06-03-2025 20:00:15.507,93,RECV,7E007D318100022C0260004E323033342D324C584D87
06-03-2025 20:00:15.517,94,RECV,7E007D318100031A02C7004E333033342D304B504741
06-03-2025 20:00:15.517,95,RECV,7E007D318100041D0224004E343033362D57314633EE
06-03-2025 20:00:15.517,96,RECV,7E007D318100022C0261004E323033352D373759469B
06-03-2025 20:00:15.517,97,RECV,7E007D318100031A02C8004E333033352D314A4F4443
06-03-2025 20:00:15.517,98,RECV,7E007D318100041B0225004E343033372D57353737F5
06-03-2025 20:00:15.517,99,RECV,7E007D318100022C0262004E323033362D30554C4B8A
06-03-2025 20:00:15.517,100,RECV,7E007D318100031A02C9004E333033362D42584A5417
06-03-2025 20:00:15.517,101,RECV,7E007D318100041C0226004E343033382D5A504C34C2
06-03-2025 20:00:15.517,102,RECV,7E007D318100022C0263004E323033372D5A334E4485
06-03-2025 20:00:15.517,103,RECV,7E007D318100031A02CA004E333033372D4E3951571E
06-03-2025 20:00:15.517,104,RECV,7E007D318100041D0227004E343033392D52484C49BA
06-03-2025 20:00:15.517,105,RECV,7E007D318100011F024A004E313033372D31504F4CB0
06-03-2025 20:00:15.517,106,RECV,7E007D318100022C0264004E323033382D5A534B307A
06-03-2025 20:00:15.517,107,RECV,7E007D318100031A02CB004E333033382D454431355C
06-03-2025 20:00:15.517,108,RECV,7E007D318100041D0228004E343034302D4A525242C0
06-03-2025 20:00:15.517,109,RECV,7E007D318100011F024B004E313033382D52413532D0
06-03-2025 20:00:15.517,110,RECV,7E007D318100022C0265004E323033392D424A34538D
06-03-2025 20:00:15.517,111,RECV,7E007D318100031A02CC004E333033392D454B353252
06-03-2025 20:00:15.517,112,RECV,7E007D318100011F024C004E313033392D3637514FBB
06-03-2025 20:00:15.517,113,RECV,7E007D318100022C0266004E323034302D50554B4F68
06-03-2025 20:00:15.517,114,RECV,7E007D318100041D022A004E343034322D58365844C2
06-03-2025 20:00:15.518,115,RECV,7E007D318100031A02CD004E333034302D505A505402
06-03-2025 20:00:15.604,116,RECV,7E007D318100011F024D004E313034302D365A4A47AE
06-03-2025 20:00:15.607,117,RECV,7E007D318100041D022B004E343034332D47594F48B3
06-03-2025 20:00:15.607,118,RECV,7E007D318100031A02CE004E333034312D5A51434C14
06-03-2025 20:00:15.607,119,RECV,7E007D318100011F024E004E313034312D30393357DA
06-03-2025 20:00:15.608,120,RECV,7E007D318100041D022C004E343034342D334C4F38E2
06-03-2025 20:00:15.608,121,RECV,7E007D318100031A02CF004E333034322D485349590F
06-03-2025 20:00:15.608,122,RECV,7E007D318100011F024F004E313034322D304D5332C9
06-03-2025 20:00:15.608,123,RECV,7E007D318100041D022D004E343034352D4B315A33DD
06-03-2025 20:00:15.608,124,RECV,7E007D318100022C0269004E323034332D573233469F
06-03-2025 20:00:15.608,125,RECV,7E007D318100031A02D0004E333034332D31384F335F
06-03-2025 20:00:15.608,126,RECV,7E007D318100011F0250004E313034332D4C344132D6
06-03-2025 20:00:15.608,127,RECV,7E007D318100041D022E004E343034362D59375257AB
06-03-2025 20:00:15.608,128,RECV,7E007D318100022C026A004E323034342D584C525356
06-03-2025 20:00:15.608,129,RECV,7E007D318100031A02D1004E333034342D4545574D1A
06-03-2025 20:00:15.608,130,RECV,7E007D318100011F0251004E313034342D5A4A3533BB
06-03-2025 20:00:15.608,131,RECV,7E007D318100041D022F004E343034372D4334323702
06-03-2025 20:00:15.608,132,RECV,7E007D318100031A02D2004E333034352D59474C5406
06-03-2025 20:00:15.608,133,RECV,7E007D318100011E0252004E313034352D574845548E
06-03-2025 20:00:15.609,134,RECV,7E007D318100041D0230004E343034382D44535842AF
06-03-2025 20:00:15.609,135,RECV,7E007D318100031A02D3004E333034362D334C34563B
06-03-2025 20:00:15.609,136,RECV,7E007D318100011E0253004E313034362D33324B45CF
06-03-2025 20:00:15.609,137,RECV,7E007D318100041D0231004E343034392D495154549C
06-03-2025 20:00:15.677,138,RECV,7E007D318100031A02D4004E333034372D5754314D19
06-03-2025 20:00:15.677,139,RECV,7E007D318100011E0254004E313034372D30365552B5
06-03-2025 20:00:15.677,140,RECV,7E007D318100041C0232004E343035302D45434B4CC7
06-03-2025 20:00:15.677,141,RECV,7E007D318100022C026E004E323034382D52324A5376
06-03-2025 20:00:15.677,142,RECV,7E007D318100031A02D5004E333034382D4E4E5A4406
06-03-2025 20:00:15.677,143,RECV,7E007D318100011E0255004E313034382D355A5A4592
06-03-2025 20:00:15.677,144,RECV,7E007D318100041D0233004E343035312D32574530E5
06-03-2025 20:00:15.677,145,RECV,7E007D318100022C026F004E323034392D4149315684
06-03-2025 20:00:15.677,146,RECV,7E007D318100031A02D6004E333034392D364A4C541E
06-03-2025 20:00:15.677,147,RECV,7E007D318100011E0256004E313034392D384A3732D3
06-03-2025 20:00:15.677,148,RECV,7E007D318100041D0234004E343035322D54523558AE
06-03-2025 20:00:15.677,149,RECV,7E007D318100022C0270004E323035302D4A303438B6
06-03-2025 20:00:15.678,150,RECV,7E007D318100031A02D7004E333035302D414B4C3637
06-03-2025 20:00:15.678,151,RECV,7E007D318100022C0271004E323035312D32385630AA
06-03-2025 20:00:15.698,152,RECV,7E007D318100031A02D8004E333035312D544534571F
06-03-2025 20:00:15.698,153,RECV,7E007D318100041B0236004E343035342D5A364957AF
06-03-2025 20:00:15.698,154,RECV,7E007D318100022C0272004E323035322D4D51384E74
06-03-2025 20:00:15.698,155,RECV,7E007D318100031A02D9004E333035322D3234334365
06-03-2025 20:00:15.799,156,RECV,7E007D318100022C0273004E323035332D394B3336A9
06-03-2025 20:00:15.819,157,RECV,7E007D318100031A02DA004E333035332D464E54391E
06-03-2025 20:00:15.819,158,RECV,7E007D318100041D0238004E343035362D58493149BE
06-03-2025 20:00:15.819,159,RECV,7E007D318100011E025A004E313035332D3934504BB7
06-03-2025 20:00:15.819,160,RECV,7E007D318100022C0274004E323035342D5042464379
06-03-2025 20:00:15.819,161,RECV,7E007D318100031A02DB004E333035342D364F44373D
06-03-2025 20:00:15.819,162,RECV,7E007D318100041D0239004E343035372D50385A53A2
06-03-2025 20:00:15.819,163,RECV,7E007D318100011E025B004E313035342D3733504EB5
06-03-2025 20:00:15.819,164,RECV,7E007D318100022C0275004E323035352D4234543197
06-03-2025 20:00:15.819,165,RECV,7E007D318100031A02DC004E333035352D55574947FF
06-03-2025 20:00:15.819,166,RECV,7E007D318100041D023A004E343035382D45564F34B7
06-03-2025 20:00:15.819,167,RECV,7E007D318100011E025C004E313035352D464958468E
06-03-2025 20:00:15.819,168,RECV,7E007D318100022C0276004E323035362D5332424E7B
06-03-2025 20:00:15.819,169,RECV,7E007D318100031A02DD004E333035362D4955325712
06-03-2025 20:00:15.819,170,RECV,7E007D318100041D023B004E343035392D48333832EE
06-03-2025 20:00:15.819,171,RECV,7E007D318100011E025D004E313035362D3752324CB2
06-03-2025 20:00:15.819,172,RECV,7E007D318100022C0277004E323035372D45464D476F
06-03-2025 20:00:15.819,173,RECV,7E007D318100031A02DE004E333035372D534C4F3910
06-03-2025 20:00:15.819,174,RECV,7E007D318100041D023C004E343036302D31504130E8
06-03-2025 20:00:15.819,175,RECV,7E007D318100011E025E004E313035372D3544535398
06-03-2025 20:00:15.820,176,RECV,7E007D318100022C0278004E323035382D4B46513872
06-03-2025 20:00:15.820,177,RECV,7E007D318100031902DF004E333035382D5A4A33421D
06-03-2025 20:00:15.820,178,RECV,7E007D318100011E025F004E313035382D4F4E335194
06-03-2025 20:00:15.820,179,RECV,7E007D318100031E02E0004E333035392D4B45453723
06-03-2025 20:00:15.820,180,RECV,7E007D318100011E0260004E313035392D37414539BD
06-03-2025 20:00:15.852,181,RECV,7E007D318100041D023F004E343036332D47504A549F
06-03-2025 20:00:15.852,182,RECV,7E007D318100031A02E1004E333036302D3930554735
06-03-2025 20:00:15.852,183,RECV,7E007D318100011E0261004E313036302D5A4E4A5177
06-03-2025 20:00:15.852,184,RECV,7E007D318100041D0240004E343036342D334F4E45BD
06-03-2025 20:00:15.852,185,RECV,7E007D318100031A02E2004E333036312D59315A4C08
06-03-2025 20:00:15.852,186,RECV,7E007D318100011F0262004E313036312D4858544B78
06-03-2025 20:00:15.953,187,RECV,7E007D318100041D0241004E343036352D4756504B98
06-03-2025 20:00:15.953,188,RECV,7E007D318100031A02E3004E333036322D324B584B16
06-03-2025 20:00:15.953,189,RECV,7E007D318100011F0263004E313036322D5752443494
06-03-2025 20:00:15.954,190,RECV,7E007D318100041D0242004E343036362D43584149A9
06-03-2025 20:00:15.954,191,RECV,7E007D318100031A02E4004E333036332D47534E4DFF
06-03-2025 20:00:15.954,192,RECV,7E007D318100011F0264004E313036332D4A464F587C
06-03-2025 20:00:15.954,193,RECV,7E007D318100041D0243004E343036372D484B3534D0
06-03-2025 20:00:15.954,194,RECV,7E007D318100031A02E5004E333036342D47444B421A
06-03-2025 20:00:15.954,195,RECV,7E007D318100011F0265004E313036342D31495531B1
06-03-2025 20:00:15.954,196,RECV,7E007D318100041D0244004E343036382D37384242D7
06-03-2025 20:00:15.954,197,RECV,7E007D318100022C027F004E323036352D4C37483983
06-03-2025 20:00:15.954,198,RECV,7E007D318100031A02E6004E333036352D4C53464902
06-03-2025 20:00:15.954,199,RECV,7E007D318100011F0266004E313036352D4D43395591
06-03-2025 20:00:15.954,200,RECV,7E007D318100041D0245004E343036392D504558508B
06-03-2025 20:00:15.954,201,RECV,7E007D318100022C0280004E323036362D3534585371
06-03-2025 20:00:15.954,202,RECV,7E007D318100031A02E7004E333036362D554239530B
06-03-2025 20:00:15.954,203,RECV,7E007D318100011F0267004E313036362D4D5133518B
06-03-2025 20:00:15.954,204,RECV,7E007D318100041D0246004E343037302D374E5A36BA
06-03-2025 20:00:15.954,205,RECV,7E007D318100022C0281004E323036372D4D4753326A
06-03-2025 20:00:15.955,206,RECV,7E007D318100031A02E8004E333036372D41394B3631
06-03-2025 20:00:15.955,207,RECV,7E007D318100011F0268004E313036372D4A4556487D5E
06-03-2025 20:00:15.955,208,RECV,7E007D318100041D0247004E343037312D5344334BB8
06-03-2025 20:00:16.056,209,RECV,7E007D318100031A02E9004E333036382D55555942E5
06-03-2025 20:00:16.066,210,RECV,7E007D318100011E0269004E313036382D564E34587A
06-03-2025 20:00:16.066,211,RECV,7E007D318100041D0248004E343037322D4A4D5A33A7
06-03-2025 20:00:16.066,212,RECV,7E007D318100022B0283004E323036392D384E4E4B61
06-03-2025 20:00:16.066,213,RECV,7E007D318100031A02EA004E333036392D343143562A
06-03-2025 20:00:16.066,214,RECV,7E007D318100041C0249004E343037332D4D484E32B5
06-03-2025 20:00:16.066,215,RECV,7E007D318100022C0284004E323037302D385454386E
06-03-2025 20:00:16.066,216,RECV,7E007D318100031A02EB004E333037302D45585155EC
06-03-2025 20:00:16.066,217,RECV,7E007D318100041D024A004E343037342D49435832B1
06-03-2025 20:00:16.066,218,RECV,7E007D318100011F026B004E313037302D56394F369A
06-03-2025 20:00:16.066,219,RECV,7E007D318100022C0285004E323037312D3131585278
06-03-2025 20:00:16.066,220,RECV,7E007D318100031A02EC004E333037312D4C51384414
06-03-2025 20:00:16.066,221,RECV,7E007D318100041D024B004E343037352D41504F35B0
06-03-2025 20:00:16.066,222,RECV,7E007D318100011F026C004E313037312D445746507B
06-03-2025 20:00:16.066,223,RECV,7E007D318100031A02ED004E333037322D4C50355406
06-03-2025 20:00:16.066,224,RECV,7E007D318100041D024C004E343037362D39355946B6
06-03-2025 20:00:16.066,225,RECV,7E007D318100011F026D004E313037322D30414F5496
06-03-2025 20:00:16.066,226,RECV,7E007D318100022C0287004E323037332D455534347D5E
06-03-2025 20:00:16.066,227,RECV,7E007D318100031A02EE004E333037332D313850363A
06-03-2025 20:00:16.066,228,RECV,7E007D318100041D024D004E343037372D444658538C
06-03-2025 20:00:16.066,229,RECV,7E007D318100011F026E004E313037332D4D59543777
06-03-2025 20:00:16.066,230,RECV,7E007D318100022C0288004E323037342D563543367A
06-03-2025 20:00:16.066,231,RECV,7E007D318100031A02EF004E333037342D594B5A47E2
06-03-2025 20:00:16.158,232,RECV,7E007D318100041D024E004E343037382D4E303237D8
06-03-2025 20:00:16.161,233,RECV,7E007D318100011F026F004E313037342D44384541A4
06-03-2025 20:00:16.161,234,RECV,7E007D318100022C0289004E323037352D4359463169
06-03-2025 20:00:16.161,235,RECV,7E007D318100031A02F0004E333037352D4A4C4A4BFA
06-03-2025 20:00:16.162,236,RECV,7E007D318100041D024F004E343037392D4C35444BAD
06-03-2025 20:00:16.162,237,RECV,7E007D318100011F0270004E313037352D5358593769
06-03-2025 20:00:16.162,238,RECV,7E007D318100031A02F1004E333037362D5034424815
06-03-2025 20:00:16.162,239,RECV,7E007D318100041C0250004E343038302D585A4E4F76
06-03-2025 20:00:16.162,240,RECV,7E007D318100011E0271004E313037362D36364344B0
06-03-2025 20:00:16.162,241,RECV,7E007D318100031A02F2004E333037372D4A4E323225
06-03-2025 20:00:16.162,242,RECV,7E007D318100041D0251004E343038312D525758437D5E
06-03-2025 20:00:16.162,243,RECV,7E007D318100011E0272004E313037372D5253494A69
06-03-2025 20:00:16.162,244,RECV,7E007D318100022C028C004E323037382D5141334C65
06-03-2025 20:00:16.162,245,RECV,7E007D318100031A02F3004E333037382D4C4F32381A
06-03-2025 20:00:16.162,246,RECV,7E007D318100041D0252004E343038322D4B59553394
06-03-2025 20:00:16.162,247,RECV,7E007D318100011E0273004E313037382D4847364E8C
06-03-2025 20:00:16.162,248,RECV,7E007D318100022C028D004E323037392D4A55363867
06-03-2025 20:00:16.162,249,RECV,7E007D318100031A02F4004E333037392D58533545F8
06-03-2025 20:00:16.162,250,RECV,7E007D318100041D0253004E343038332D325A4243AD
06-03-2025 20:00:16.162,251,RECV,7E007D318100011E0274004E313037392D5853354479
06-03-2025 20:00:16.162,252,RECV,7E007D318100022C028E004E323038302D5A36333286
06-03-2025 20:00:16.162,253,RECV,7E007D318100031A02F5004E333038302D39474E3026
06-03-2025 20:00:16.231,254,RECV,7E007D318100041D0254004E343038342D52375A38A1
06-03-2025 20:00:16.252,255,RECV,7E007D318100011E0275004E313038302D4C534B3288
06-03-2025 20:00:16.252,256,RECV,7E007D318100022C028F004E323038312D573451306D
06-03-2025 20:00:16.252,257,RECV,7E007D318100031A02F6004E333038312D374448411E
06-03-2025 20:00:16.252,258,RECV,7E007D318100041D0255004E343038352D394C3142C2
06-03-2025 20:00:16.252,259,RECV,7E007D318100011E0276004E313038312D3838445797
06-03-2025 20:00:16.252,260,RECV,7E007D318100022C0290004E323038322D37363931A0
06-03-2025 20:00:16.252,261,RECV,7E007D318100031A02F7004E333038322D3436443939
06-03-2025 20:00:16.252,262,RECV,7E007D318100041D0256004E343038362D38314853B4
06-03-2025 20:00:16.252,263,RECV,7E007D318100011E0277004E313038322D474D50417B
06-03-2025 20:00:16.252,264,RECV,7E007D318100022C0291004E323038332D3745545352
06-03-2025 20:00:16.252,265,RECV,7E007D318100031A02F8004E333038332D5855424FE0
06-03-2025 20:00:16.252,266,RECV,7E007D318100041D0257004E343038372D585030538B
06-03-2025 20:00:16.252,267,RECV,7E007D318100011E0278004E313038332D4C52494473
06-03-2025 20:00:16.252,268,RECV,7E007D318100031902F9004E333038342D524E3945FF
06-03-2025 20:00:16.252,269,RECV,7E007D318100011E0279004E313038342D5557373584
06-03-2025 20:00:16.252,270,RECV,7E007D318100022C0293004E323038352D3652414F59
06-03-2025 20:00:16.273,271,RECV,7E007D318100031A02FA004E333038352D44534246FB
06-03-2025 20:00:16.288,272,RECV,7E007D318100011E027A004E313038352D364341429E
06-03-2025 20:00:16.289,273,RECV,7E007D318100041D025A004E343039302D535957595D
06-03-2025 20:00:16.289,274,RECV,7E007D318100031A02FB004E333038362D4938464908
06-03-2025 20:00:16.289,275,RECV,7E007D318100041B025B004E343039312D335A5332A7
06-03-2025 20:00:16.289,276,RECV,7E007D318100031A02FC004E333038372D46415348F4
06-03-2025 20:00:16.289,277,RECV,7E007D318100041D025C004E343039322D4B314349AD
06-03-2025 20:00:16.314,278,RECV,7E007D318100011E027C004E313038372D4A33524582
06-03-2025 20:00:16.314,279,RECV,7E007D318100022D0296004E323038382D32394F3977
06-03-2025 20:00:16.314,280,RECV,7E007D318100031A02FD004E333038382D33334A4D17
06-03-2025 20:00:16.314,281,RECV,7E007D318100041D025D004E343039332D57394A34A5
06-03-2025 20:00:16.314,282,RECV,7E007D318100011E027D5D004E313038382D4153464E6C
06-03-2025 20:00:16.314,283,RECV,7E007D318100031A02FE004E333038392D4A335A42F9
06-03-2025 20:00:16.314,284,RECV,7E007D318100041D025E004E343039342D4D495A3190
06-03-2025 20:00:16.325,285,RECV,7E007D318100041D025F004E343039352D374858498F
06-03-2025 20:00:16.328,286,RECV,7E007D318100031E0201004E333039312D53435235F5
06-03-2025 20:00:16.335,287,RECV,7E007D318100041D0260004E343039362D5045455083
06-03-2025 20:00:16.335,288,RECV,7E007D318100031A0202004E333039322D58334A51EE
06-03-2025 20:00:16.355,289,RECV,7E007D318100041D0261004E343039372D555659485F
06-03-2025 20:00:16.384,290,RECV,7E007D318100031A0203004E333039332D453746440C
06-03-2025 20:00:16.384,291,RECV,7E007D318100041D0262004E343039382D5459453186
06-03-2025 20:00:16.384,292,RECV,7E007D31810003190204004E333039342D4738454508
06-03-2025 20:00:16.384,293,RECV,7E007D318100041D0263004E343039392D4A37544E84
06-03-2025 20:00:16.406,294,RECV,7E007D318100031A0205004E333039352D55575252BE
06-03-2025 20:00:16.406,295,RECV,7E007D318100011F0283004E313039342D554B50564A
06-03-2025 20:00:16.406,296,RECV,7E007D318100022B029E004E323039362D443559365D
06-03-2025 20:00:16.406,297,RECV,7E007D31810003190206004E333039362D344342470D
06-03-2025 20:00:16.456,298,RECV,7E007D318100022C029F004E323039372D57374C3751
06-03-2025 20:00:16.476,299,RECV,7E007D31810003190207004E333039372D344D4C53EB
06-03-2025 20:00:16.476,300,RECV,7E007D318100022C02A0004E323039382D47324C5348
06-03-2025 20:00:16.476,301,RECV,7E007D318100031A0208004E333039382D45514C43E3
06-03-2025 20:00:16.476,302,RECV,7E007D318100011F0286004E313039372D4C4E584355
06-03-2025 20:00:16.476,303,RECV,7E007D318100022C02A1004E323039392D414E334E4E
06-03-2025 20:00:16.476,304,RECV,7E007D318100031A0209004E333039392D38364359FC
06-03-2025 20:00:16.476,305,RECV,7E007D318100011F0287004E313039382D313049419D
06-03-2025 20:00:16.476,306,RECV,7E007D318100011F0288004E313039392D304A50308C
