05-03-2025 18:37:25.922,-,API2,"Sink 2,0013A20041839DCA,802.15.4 TH,2003,/dev/ttyUSB1 - 57600/8/M/1/N,1,46"

05-03-2025 18:37:05.986,0,RECV,7E000F81000038024E363030302D55334357E1
05-03-2025 18:37:06.077,1,RECV,7E000F81000038024E363030312D44465331F4
05-03-2025 18:37:06.077,2,RECV,7E000F81000044024E353030312D5749304FD8
05-03-2025 18:37:06.077,3,RECV,7E000F8100004E024E373030322D554E464EB3
05-03-2025 18:37:06.077,4,RECV,7E000F81000043024E383030332D514C4E46C2
05-03-2025 18:37:06.077,5,RECV,7E000F8100004D024E373030332D33424B43E7
05-03-2025 18:37:06.077,6,RECV,7E000F81000045024E353030322D31585237E3
05-03-2025 18:37:06.077,7,RECV,7E000F81000043024E383030352D594C3043D9
05-03-2025 18:37:06.077,8,RECV,7E000F81000044024E353030332D3739424BF8
05-03-2025 18:37:06.078,9,RECV,7E000F81000038024E363030322D59333346FC
05-03-2025 18:37:06.078,10,RECV,7E000F81000043024E383030362D54303652E4
05-03-2025 18:37:06.078,11,RECV,7E000F8100004D024E373030362D394B414CD6
05-03-2025 18:37:06.078,12,RECV,7E000F81000044024E353030342D49433059DF
05-03-2025 18:37:06.078,13,RECV,7E000F8100004C024E373030372D4C4E544EAB
05-03-2025 18:37:06.078,14,RECV,7E007D3381000039000CFFFFFFFFFFFFFFFF0000005348A6
05-03-2025 18:37:06.078,15,RECV,7E000F8100004E024E373030382D42515942B6
05-03-2025 18:37:06.078,16,RECV,7E000F81000042024E383030372D35305959D9
05-03-2025 18:37:06.078,17,RECV,7E000F81000038024E363030332D50455341D7
05-03-2025 18:37:06.078,18,RECV,7E000F8100004D024E373030392D504B534CAA
05-03-2025 18:37:06.078,19,RECV,7E000F81000037024E363030342D50314A57DE
05-03-2025 18:37:06.078,20,RECV,7E000F81000037024E363030352D4331375400
05-03-2025 18:37:06.078,21,RECV,7E000F81000041024E383030382D42534F4EBE
05-03-2025 18:37:06.079,22,RECV,7E000F81000037024E363030362D4D385252D5
05-03-2025 18:37:06.079,23,RECV,7E000F81000042024E383030392D3341444DE9
05-03-2025 18:37:06.079,24,RECV,7E000F81000037024E363030372D46463349F5
05-03-2025 18:37:06.079,25,RECV,7E000F81000044024E353031312D49344145F3
05-03-2025 18:37:06.079,26,RECV,7E000F81000042024E383031312D4C53544AB8
05-03-2025 18:37:06.170,27,RECV,7E000F81000037024E363030382D38574231FA
05-03-2025 18:37:06.186,28,RECV,7E000F81000038024E363030392D4D525242C7
05-03-2025 18:37:06.186,29,RECV,7E000F81000041024E383031322D4B504344D3
05-03-2025 18:37:06.186,30,RECV,7E000F81000044024E353031332D38484A31F9
05-03-2025 18:37:06.186,31,RECV,7E000F81000042024E383031332D46475343D0
05-03-2025 18:37:06.186,32,RECV,7E000F81000042024E353031342D42574136E5
05-03-2025 18:37:06.187,33,RECV,7E000F81000038024E363031302D50484338EF
05-03-2025 18:37:06.187,34,RECV,7E000F81000042024E383031342D33304F310F
05-03-2025 18:37:06.187,35,RECV,7E000F81000043024E383031352D47345531EF
05-03-2025 18:37:06.187,36,RECV,7E000F81000038024E363031312D31585848D8
05-03-2025 18:37:06.187,37,RECV,7E000F81000041024E383031362D55424439DD
05-03-2025 18:37:06.187,38,RECV,7E000F81000037024E363031322D4B495742D4
05-03-2025 18:37:06.187,39,RECV,7E000F81000038024E363031332D444B5952C5
05-03-2025 18:37:06.187,40,RECV,7E000F8100003F024E383031372D30505757C4
05-03-2025 18:37:06.187,41,RECV,7E000F8100004C024E373032322D5A443339E0
05-03-2025 18:37:06.187,42,RECV,7E000F81000037024E363031342D39585733E4
05-03-2025 18:37:06.187,43,RECV,7E007D3381000044001BFFFFFFFFFFFFFFFF00000053488C
05-03-2025 18:37:06.187,44,RECV,7E000F81000042024E383031382D5A554D52A0
05-03-2025 18:37:06.187,45,RECV,7E000F81000045024E353031382D4D485633D0
05-03-2025 18:37:06.188,46,RECV,7E000F81000042024E383031392D45435252C1
05-03-2025 18:37:06.188,47,RECV,7E000F81000038024E363031352D333239530C
05-03-2025 18:37:06.188,48,RECV,7E000F81000044024E353031392D56344350D1
05-03-2025 18:37:06.188,49,RECV,7E000F81000038024E363031362D375A4A35EC
05-03-2025 18:37:06.188,50,RECV,7E000F81000042024E383032302D52533849CF
05-03-2025 18:37:06.188,51,RECV,7E000F81000037024E363031372D45504152D4
05-03-2025 18:37:06.188,52,RECV,7E000F81000041024E383032312D474D5644C7
05-03-2025 18:37:06.263,53,RECV,7E000F81000037024E363031382D384D35350C
05-03-2025 18:37:06.263,54,RECV,7E000F8100003F024E353032322D4231305600
05-03-2025 18:37:06.263,55,RECV,7E000F81000036024E363031392D48574E50BE
05-03-2025 18:37:06.263,56,RECV,7E000F8100004C024E373033302D384D494FCE
05-03-2025 18:37:06.263,57,RECV,7E000F81000037024E363032302D59334B36F5
05-03-2025 18:37:06.263,58,RECV,7E000F8100004C024E373033312D455A5A41B0
05-03-2025 18:37:06.263,59,RECV,7E000F81000037024E363032312D5946344EE0
05-03-2025 18:37:06.263,60,RECV,7E000F81000037024E363032322D4E4B504EC9
05-03-2025 18:37:06.263,61,RECV,7E000F81000044024E353032352D4C313453ED
05-03-2025 18:37:06.263,62,RECV,7E000F81000037024E363032332D484C4133F7
05-03-2025 18:37:06.263,63,RECV,7E000F81000038024E363032342D51464A32EA
05-03-2025 18:37:06.263,64,RECV,7E000F81000038024E363032352D43424B33F9
05-03-2025 18:37:06.263,65,RECV,7E000F81000037024E363032362D31594853D7
05-03-2025 18:37:06.263,66,RECV,7E000F81000038024E363032372D45514B51C8
05-03-2025 18:37:06.263,67,RECV,7E000F81000044024E353032392D4C5659569C
05-03-2025 18:37:06.263,68,RECV,7E000F81000038024E363032382D554A3333F4
05-03-2025 18:37:06.264,69,RECV,7E000F81000044024E353033302D45525245C7
05-03-2025 18:37:06.264,70,RECV,7E000F81000038024E363032392D58345851C3
05-03-2025 18:37:06.264,71,RECV,7E000F81000045024E353033312D4F4F5A53A8
05-03-2025 18:37:06.264,72,RECV,7E000F81000037024E363033302D323336392D
05-03-2025 18:37:06.265,73,RECV,7E000F81000037024E363033312D5A553451CC
05-03-2025 18:37:06.265,74,RECV,7E000F81000038024E363033322D59524658B5
05-03-2025 18:37:06.265,75,RECV,7E000F81000037024E363033332D4F475437DD
05-03-2025 18:37:06.265,76,RECV,7E000F81000037024E363033342D3844383910
05-03-2025 18:37:06.282,77,RECV,7E000F81000037024E363033352D3736353723
05-03-2025 18:37:06.288,78,RECV,7E000F81000038024E363033362D324E35347D31
05-03-2025 18:37:06.356,79,RECV,7E000F8100004C024E373034322D414B4149D2
05-03-2025 18:37:06.386,80,RECV,7E000F81000038024E363033372D503537300D
05-03-2025 18:37:06.386,81,RECV,7E000F81000038024E363033382D55423643E8
05-03-2025 18:37:06.386,82,RECV,7E000F81000038024E363033392D59414134E8
05-03-2025 18:37:06.386,83,RECV,7E000F81000038024E363034302D42475944D9
05-03-2025 18:37:06.386,84,RECV,7E000F81000038024E363034312D4F34303912
05-03-2025 18:37:06.386,85,RECV,7E000F81000038024E363034322D48463357E5
05-03-2025 18:37:06.386,86,RECV,7E000F81000043024E383033392D42395230ED
05-03-2025 18:37:06.386,87,RECV,7E000F81000038024E363034332D5A534E47BA
05-03-2025 18:37:06.386,88,RECV,7E000F8100004C024E373034362D31523743E7
05-03-2025 18:37:06.386,89,RECV,7E000F81000037024E363034342D564C5033D7
05-03-2025 18:37:06.387,90,RECV,7E000F81000042024E383034312D44494E48CF
05-03-2025 18:37:06.387,91,RECV,7E000F81000038024E363034352D424C4756CF
05-03-2025 18:37:06.387,92,RECV,7E000F81000037024E363034362D5A4E5552AB
05-03-2025 18:37:06.387,93,RECV,7E000F81000043024E353034342D38514B5AC3
05-03-2025 18:37:06.387,94,RECV,7E000F81000042024E383034332D5530313703
05-03-2025 18:37:06.387,95,RECV,7E000F81000037024E363034372D38364E310C
05-03-2025 18:37:06.387,96,RECV,7E000F81000037024E363034382D47414438F4
05-03-2025 18:37:06.387,97,RECV,7E000F81000037024E363034392D55424C54C0
05-03-2025 18:37:06.387,98,RECV,7E000F8100003E024E383034372D30335944F0
05-03-2025 18:37:06.387,99,RECV,7E000F81000043024E353034372D43414858CA
05-03-2025 18:37:06.387,100,RECV,7E000F81000037024E363035302D57305933EC
05-03-2025 18:37:06.387,101,RECV,7E000F81000036024E363035312D54545852AD
05-03-2025 18:37:06.387,102,RECV,7E000F8100004C024E373034382D4D344142DE
05-03-2025 18:37:06.387,103,RECV,7E000F81000041024E383034392D4445303200
05-03-2025 18:37:06.387,104,RECV,7E000F81000036024E363035322D4B4D3459D9
05-03-2025 18:37:06.460,105,RECV,7E000F81000037024E363035332D474A314FEB
05-03-2025 18:37:06.463,106,RECV,7E000F81000041024E383035302D4C494C4DC5
05-03-2025 18:37:06.463,107,RECV,7E000F8100003F024E353034392D53433248E0
05-03-2025 18:37:06.463,108,RECV,7E000F81000036024E363035342D584B5648BB
05-03-2025 18:37:06.463,109,RECV,7E000F81000041024E383035312D44524841D3
05-03-2025 18:37:06.463,110,RECV,7E000F81000044024E353035302D4E554334D9
05-03-2025 18:37:06.464,111,RECV,7E000F8100003E024E383035322D584B3551CB
05-03-2025 18:37:06.464,112,RECV,7E000F8100004B024E373035322D57474C41BD
05-03-2025 18:37:06.464,113,RECV,7E000F81000041024E383035342D39324258EA
05-03-2025 18:37:06.464,114,RECV,7E000F8100004C024E373035332D4A374D48D0
05-03-2025 18:37:06.464,115,RECV,7E000F81000037024E363035352D37583842F1
05-03-2025 18:37:06.464,116,RECV,7E000F81000037024E363035362D36544747E1
05-03-2025 18:37:06.464,117,RECV,7E000F8100004C024E373035352D58485944A7
05-03-2025 18:37:06.464,118,RECV,7E000F8100004C024E373035362D49544439C9
05-03-2025 18:37:06.464,119,RECV,7E000F81000036024E363035382D58355046D5
05-03-2025 18:37:06.464,120,RECV,7E000F81000036024E363035392D44424C48DD
05-03-2025 18:37:06.464,121,RECV,7E000F81000036024E363036302D30414350FB
05-03-2025 18:37:06.465,122,RECV,7E000F81000040024E383036302D3843413205
05-03-2025 18:37:06.465,123,RECV,7E000F81000041024E383036312D354B35310B
05-03-2025 18:37:06.465,124,RECV,7E000F8100003F024E353035342D45393957E6
05-03-2025 18:37:06.465,125,RECV,7E000F81000036024E363036322D51314E41EC
05-03-2025 18:37:06.465,126,RECV,7E000F8100004B024E373035392D54343734EE
05-03-2025 18:37:06.465,127,RECV,7E000F81000035024E363036332D4F34544FD7
05-03-2025 18:37:06.465,128,RECV,7E000F8100004A024E373036302D5958425A9D
05-03-2025 18:37:06.465,129,RECV,7E000F81000035024E363036342D584E3130F5
05-03-2025 18:37:06.465,130,RECV,7E000F81000034024E363036352D4F424949D9
05-03-2025 18:37:06.546,131,RECV,7E000F81000041024E353036302D43383559EC
05-03-2025 18:37:06.588,132,RECV,7E000F8100003F024E383036392D32584849D0
05-03-2025 18:37:06.589,133,RECV,7E000F81000040024E353036312D47385452D0
05-03-2025 18:37:06.589,134,RECV,7E000F81000035024E363036362D34385542F7
05-03-2025 18:37:06.589,135,RECV,7E000F81000034024E363036372D42544338E9
05-03-2025 18:37:06.589,136,RECV,7E000F81000035024E363036382D424B4352D6
05-03-2025 18:37:06.589,137,RECV,7E000F81000034024E363036392D34525245DB
05-03-2025 18:37:06.589,138,RECV,7E000F81000035024E363037302D4B565157B6
05-03-2025 18:37:06.589,139,RECV,7E000F81000034024E363037312D394D464FE4
05-03-2025 18:37:06.589,140,RECV,7E000F81000035024E363037322D46343858F3
05-03-2025 18:37:06.589,141,RECV,7E000F8100004A024E373036352D4D474758B2
05-03-2025 18:37:06.589,142,RECV,7E000F81000036024E363037332D52555A5AA0
05-03-2025 18:37:06.589,143,RECV,7E000F81000049024E373036362D32484D33EB
05-03-2025 18:37:06.589,144,RECV,7E000F8100003F024E383037352D35433456EC
05-03-2025 18:37:06.589,145,RECV,7E000F8100003F024E383037362D384D5A4CC2
05-03-2025 18:37:06.589,146,RECV,7E000F8100003F024E383037372D4F464C4DBE
05-03-2025 18:37:06.589,147,RECV,7E000F81000035024E363037362D33573555E5
05-03-2025 18:37:06.589,148,RECV,7E000F8100004B024E373036392D41564C48B5
05-03-2025 18:37:06.589,149,RECV,7E000F8100003F024E383037392D55523241D0
05-03-2025 18:37:06.589,150,RECV,7E000F81000036024E363037392D4C355652CC
05-03-2025 18:37:06.589,151,RECV,7E000F81000041024E353036392D47394743E2
05-03-2025 18:37:06.589,152,RECV,7E000F81000036024E363038302D31565858C6
05-03-2025 18:37:06.589,153,RECV,7E000F81000036024E363038312D4A32444BF1
05-03-2025 18:37:06.589,154,RECV,7E000F81000040024E353037312D49525835CC
05-03-2025 18:37:06.589,155,RECV,7E000F81000035024E363038322D4C4C5A42C8
05-03-2025 18:37:06.589,156,RECV,7E000F81000040024E353037332D3451504DD0
05-03-2025 18:37:06.649,157,RECV,7E000F81000040024E353037342D5244584FB4
05-03-2025 18:37:06.659,158,RECV,7E000F81000035024E363038342D50424E5AC0
05-03-2025 18:37:06.660,159,RECV,7E000F81000035024E363038352D51585A33C3
05-03-2025 18:37:06.660,160,RECV,7E000F81000040024E353037362D54305A45CC
05-03-2025 18:37:06.660,161,RECV,7E000F81000034024E363038362D35355054EB
05-03-2025 18:37:06.660,162,RECV,7E000F81000034024E363038372D56484457BF
05-03-2025 18:37:06.660,163,RECV,7E000F8100003E024E353037392D45583558C4
05-03-2025 18:37:06.660,164,RECV,7E000F8100003E024E383038372D4A31364FEC
05-03-2025 18:37:06.660,165,RECV,7E000F81000034024E363038382D4F4B4E56B9
05-03-2025 18:37:06.660,166,RECV,7E000F81000034024E363038392D4E463033FF
05-03-2025 18:37:06.660,167,RECV,7E000F81000049024E373037382D3739544CD2
05-03-2025 18:37:06.660,168,RECV,7E000F81000040024E353038322D4E354C49DA
05-03-2025 18:37:06.661,169,RECV,7E000F8100003E024E353038332D39444D41E8
05-03-2025 18:37:06.661,170,RECV,7E000F81000049024E373038302D33434233FE
05-03-2025 18:37:06.661,171,RECV,7E000F81000034024E363039302D4C495352C4
05-03-2025 18:37:06.661,172,RECV,7E000F8100003F024E353038352D52465233D3
05-03-2025 18:37:06.661,173,RECV,7E000F81000040024E353038362D4E515436C5
05-03-2025 18:37:06.661,174,RECV,7E000F81000034024E363039322D564C354DD8
05-03-2025 18:37:06.661,175,RECV,7E000F81000034024E363039332D4F433844ED
05-03-2025 18:37:06.661,176,RECV,7E000F81000040024E353038382D41494B43D4
05-03-2025 18:37:06.661,177,RECV,7E000F81000040024E353038392D5A414D59AA
05-03-2025 18:37:06.661,178,RECV,7E000F81000034024E363039342D51345946D6
05-03-2025 18:37:06.661,179,RECV,7E000F8100003F024E353039302D3157314FEC
05-03-2025 18:37:06.661,180,RECV,7E000F81000035024E363039352D42554F36DC
05-03-2025 18:37:06.661,181,RECV,7E000F8100003F024E383039312D4B334F37EC
05-03-2025 18:37:06.661,182,RECV,7E000F8100003F024E383039322D355A3850D8
05-03-2025 18:37:06.712,183,RECV,7E000F81000035024E363039372D41504333EF
05-03-2025 18:37:06.712,184,RECV,7E000F81000035024E363039382D32544A4ED7
05-03-2025 18:37:06.712,185,RECV,7E000F81000035024E363039392D574E4749BF
05-03-2025 18:37:06.712,186,RECV,7E000F8100004B024E373039312D354E514FC2
05-03-2025 18:37:06.712,187,RECV,7E000F81000041024E353039362D304F5832E3
05-03-2025 18:37:06.713,188,RECV,7E000F81000042024E353039382D33385733F4
05-03-2025 18:37:06.713,189,RECV,7E000F8100004B024E373039332D4C4B3641D5
05-03-2025 18:37:06.713,190,RECV,7E000F81000042024E353039392D4D344B5AC2
05-03-2025 18:37:06.713,191,RECV,7E000F8100004B024E373039342D44474E33D6
05-03-2025 18:37:06.713,192,RECV,7E000F8100003F024E383039342D32554B45D6
05-03-2025 18:37:06.713,193,RECV,7E000F8100003F024E383039352D4D554349BE
05-03-2025 18:37:06.713,194,RECV,7E000F8100004B024E373039362D34554D4FBB
05-03-2025 18:37:06.713,195,RECV,7E000F8100003F024E383039362D4B34384EE6
05-03-2025 18:37:06.713,196,RECV,7E000F8100003F024E383039372D554A5048B3
05-03-2025 18:37:06.713,197,RECV,7E000F8100004A024E373039392D53373052D2
05-03-2025 18:37:06.713,198,RECV,7E000F8100003F024E383039382D42584D37CB
05-03-2025 18:37:06.713,199,RECV,7E000F81000040024E383039392D4F4F595799
