05-08-2025 16:15:55.856,-,API2,"Sink 1,0013A20041839DB1,802.15.4 TH,2003,/dev/ttyUSB2 - 57600/8/M/1/N,1,46"

05-08-2025 16:15:22.022,0,RECV,7E000F8100001E024E323030312D354752430F
05-08-2025 16:15:22.023,1,RECV,7E000F8100002B024E363030322D56304E300A
05-08-2025 16:15:22.133,2,RECV,7E007D3181F9DF1D0225004E313030312D51525644E8
05-08-2025 16:15:22.133,3,RECV,7E000F81000038024E353030312D394A3159F6
05-08-2025 16:15:22.134,4,RECV,7E007D3181F9DF1D0226004E313030322D4839514A07
05-08-2025 16:15:22.134,5,RECV,7E000F8100001D024E323030322D5549325000
05-08-2025 16:15:22.134,6,RECV,7E000F81000038024E353030322D32355955ED
05-08-2025 16:15:22.134,7,RECV,7E000F8100002B024E363030342D4834414708
05-08-2025 16:15:22.134,8,RECV,7E000F8100001D024E323030332D504E5753D7
05-08-2025 16:15:22.134,9,RECV,7E000F81000038024E353030342D49324E3502
05-08-2025 16:15:22.134,10,RECV,7E000F8100002B024E363030352D46565755C3
05-08-2025 16:15:22.134,11,RECV,7E007D3381000038000EFFFFFFFFFFFFFFFF0000005348A5
05-08-2025 16:15:22.134,12,RECV,7E007D3181F9DF1E0227004E313030332D4730373042
05-08-2025 16:15:22.135,13,RECV,7E000F8100002B024E363030362D45585857BE
05-08-2025 16:15:22.135,14,RECV,7E007D338100001D000DFFFFFFFFFFFFFFFF0000005348C1
05-08-2025 16:15:22.135,15,RECV,7E007D338100002B0010FFFFFFFFFFFFFFFF0000005348B0
05-08-2025 16:15:22.135,16,RECV,7E000F8100001D024E323030342D4D5A3659E8
05-08-2025 16:15:22.135,17,RECV,7E000F8100002B024E363030372D4D41494BE7
05-08-2025 16:15:22.135,18,RECV,7E000F8100001D024E323030352D36374A4F17
05-08-2025 16:15:22.135,19,RECV,7E000F8100002B024E363030382D37375952EF
05-08-2025 16:15:22.135,20,RECV,7E000F8100001D024E323030362D374D4A440A
05-08-2025 16:15:22.135,21,RECV,7E000F81000038024E353030372D57374F4CD4
05-08-2025 16:15:22.135,22,RECV,7E000F8100001D024E323030372D4A45355403
05-08-2025 16:15:22.135,23,RECV,7E000F8100002C024E363030392D353447490D
05-08-2025 16:15:22.135,24,RECV,7E000F81000038024E353030382D56354251DE
05-08-2025 16:15:22.135,25,RECV,7E007D3181F9DF1D0229004E313030352D3933374931
05-08-2025 16:15:22.142,26,RECV,7E000F8100001D024E323030392D3647324A20
05-08-2025 16:15:22.226,27,RECV,7E000F8100003A024E353030392D354C574DD4
05-08-2025 16:15:22.251,28,RECV,7E007D3181F9DF1D022A004E313030362D5045544EE4
05-08-2025 16:15:22.251,29,RECV,7E000F81000037024E353031302D52545747C0
05-08-2025 16:15:22.251,30,RECV,7E007D3181F9DF1D022B004E313030372D4E51314306
05-08-2025 16:15:22.251,31,RECV,7E000F8100001D024E323031302D394155351D
05-08-2025 16:15:22.251,32,RECV,7E000F8100001D024E323031312D3836534C7D33
05-08-2025 16:15:22.251,33,RECV,7E000F8100002B024E363031322D4148304A0A
05-08-2025 16:15:22.251,34,RECV,7E000F8100001D024E323031322D59305356ED
05-08-2025 16:15:22.251,35,RECV,7E000F81000037024E353031332D5637544CD4
05-08-2025 16:15:22.251,36,RECV,7E007D3181F9DF1E022C004E313030382D4935554EF5
05-08-2025 16:15:22.251,37,RECV,7E000F8100001D024E323031332D5853434AE6
05-08-2025 16:15:22.251,38,RECV,7E000F81000037024E353031342D464E5755C0
05-08-2025 16:15:22.251,39,RECV,7E007D3181F9DF1E022D004E313030392D534A5330F4
05-08-2025 16:15:22.251,40,RECV,7E000F8100001E024E323031342D4731455A05
05-08-2025 16:15:22.251,41,RECV,7E007D3181F9DF1D022E004E313031302D3559453514
05-08-2025 16:15:22.252,42,RECV,7E000F81000037024E353031352D4737354903
05-08-2025 16:15:22.252,43,RECV,7E000F8100001D024E323031362D3138384C2E
05-08-2025 16:15:22.252,44,RECV,7E007D3181F9DF1D0230004E313031322D423447500B
05-08-2025 16:15:22.252,45,RECV,7E007D3181F9DF1D0231004E313031332D3736494D7D33
05-08-2025 16:15:22.252,46,RECV,7E000F8100001D024E323031372D4542583209
05-08-2025 16:15:22.252,47,RECV,7E000F8100001D024E323031382D4348315508
05-08-2025 16:15:22.252,48,RECV,7E000F8100001D024E323031392D3530385427
05-08-2025 16:15:22.252,49,RECV,7E000F8100001D024E323032302D57574452DC
05-08-2025 16:15:22.252,50,RECV,7E000F8100001D024E323032312D4F35523415
05-08-2025 16:15:22.252,51,RECV,7E000F8100002B024E363031352D58544F4CC3
05-08-2025 16:15:22.319,52,RECV,7E000F81000038024E353031382D344C413604
05-08-2025 16:15:22.322,53,RECV,7E007D3181F9DF1D0233004E313031352D56355A52DB
05-08-2025 16:15:22.322,54,RECV,7E000F8100002E024E363031362D54565443C5
05-08-2025 16:15:22.322,55,RECV,7E000F8100002B024E363031372D39594736F9
05-08-2025 16:15:22.322,56,RECV,7E000F81000037024E353031392D59335034EB
05-08-2025 16:15:22.322,57,RECV,7E007D3181F9DF1E0235004E313031372D43465757D6
05-08-2025 16:15:22.322,58,RECV,7E000F8100002B024E363031382D4150374BF4
05-08-2025 16:15:22.322,59,RECV,7E000F8100001D024E323032342D4B3334577D33
05-08-2025 16:15:22.323,60,RECV,7E000F81000038024E353032302D31325559F1
05-08-2025 16:15:22.323,61,RECV,7E000F8100002B024E363031392D49483250F3
05-08-2025 16:15:22.323,62,RECV,7E007D3181F9DF1D0236004E313031382D58474439F0
05-08-2025 16:15:22.323,63,RECV,7E000F8100002B024E363032302D594B363103
05-08-2025 16:15:22.323,64,RECV,7E007D3181F9DF1D0237004E313031392D3742583207
05-08-2025 16:15:22.323,65,RECV,7E007D3181F9DF1D0238004E313032302D4755354CF4
05-08-2025 16:15:22.323,66,RECV,7E000F8100001D024E323032352D36374D5908
05-08-2025 16:15:22.323,67,RECV,7E000F8100002B024E363032312D58545639D2
05-08-2025 16:15:22.323,68,RECV,7E007D3181F9DF1D0239004E313032312D4C334D54EF
05-08-2025 16:15:22.323,69,RECV,7E000F8100001D024E323032362D575A384CE5
05-08-2025 16:15:22.323,70,RECV,7E000F81000037024E353032322D30505649E2
05-08-2025 16:15:22.323,71,RECV,7E000F8100002B024E363032332D4D394C42F7
05-08-2025 16:15:22.323,72,RECV,7E000F8100001D024E323032372D4242514CF8
05-08-2025 16:15:22.324,73,RECV,7E000F8100002B024E363032342D5A524D30E1
05-08-2025 16:15:22.324,74,RECV,7E007D3181F9DF1D023A004E313032322D47484357E4
05-08-2025 16:15:22.324,75,RECV,7E000F81000037024E353032332D56334247EE
05-08-2025 16:15:22.324,76,RECV,7E000F8100002B024E363032352D5631534DE2
05-08-2025 16:15:22.413,77,RECV,7E007D3181F9DF1D023B004E313032332D464C4A45EA
05-08-2025 16:15:22.445,78,RECV,7E000F8100002B024E363032362D31535249E9
05-08-2025 16:15:22.445,79,RECV,7E007D3181F9DF1D023C004E313032342D3839355310
05-08-2025 16:15:22.445,80,RECV,7E000F81000037024E353032372D4537544EDE
05-08-2025 16:15:22.445,81,RECV,7E007D3181F9DF1E023D004E313032352D58574D37D3
05-08-2025 16:15:22.445,82,RECV,7E007D3181F9DF1E023E004E313032362D59585935C5
05-08-2025 16:15:22.445,83,RECV,7E007D3181F9DF1D023F004E313032372D34394B3714
05-08-2025 16:15:22.445,84,RECV,7E007D3181F9DF1D0240004E313032382D4331564AED
05-08-2025 16:15:22.445,85,RECV,7E007D3181F9DF1D0241004E313032392D394C3954ED
05-08-2025 16:15:22.446,86,RECV,7E000F81000038024E353032382D3938364A09
05-08-2025 16:15:22.446,87,RECV,7E007D3181F9DF1D0242004E313033302D4D325749E7
05-08-2025 16:15:22.446,88,RECV,7E000F81000037024E353032392D494F4E43D1
05-08-2025 16:15:22.446,89,RECV,7E000F8100002C024E363032382D49385153E0
05-08-2025 16:15:22.446,90,RECV,7E000F8100001E024E323032382D4F545141E2
05-08-2025 16:15:22.446,91,RECV,7E000F81000039024E353033302D4F424E4BD6
05-08-2025 16:15:22.446,92,RECV,7E000F81000038024E353033312D375230380F
05-08-2025 16:15:22.446,93,RECV,7E000F8100002B024E363032392D38414C5AE6
05-08-2025 16:15:22.446,94,RECV,7E000F8100002B024E363033302D5638483700
05-08-2025 16:15:22.446,95,RECV,7E000F8100001E024E323032392D41595444E4
05-08-2025 16:15:22.446,96,RECV,7E000F81000038024E353033322D48564B39DD
05-08-2025 16:15:22.446,97,RECV,7E000F8100002C024E363033322D53455251CF
05-08-2025 16:15:22.446,98,RECV,7E007D3181F9DF1D0243004E313033312D48554B49D3
05-08-2025 16:15:22.446,99,RECV,7E000F81000037024E353033332D39554637F4
05-08-2025 16:15:22.446,100,RECV,7E000F8100002B024E363033332D51333556FB
05-08-2025 16:15:22.514,101,RECV,7E000F8100002B024E363033342D5338364CFC
05-08-2025 16:15:22.519,102,RECV,7E000F8100001E024E323033302D39584D56EA
05-08-2025 16:15:22.519,103,RECV,7E007D3181F9DF1D0244004E313033322D5456455AB9
05-08-2025 16:15:22.520,104,RECV,7E000F8100002B024E363033352D3951493500
05-08-2025 16:15:22.520,105,RECV,7E000F81000038024E353033362D36573939FC
05-08-2025 16:15:22.520,106,RECV,7E000F8100001E024E323033322D5633363726
05-08-2025 16:15:22.520,107,RECV,7E000F8100002C024E363033362D46503546F5
05-08-2025 16:15:22.520,108,RECV,7E000F8100001E024E323033332D50554E49DF
05-08-2025 16:15:22.520,109,RECV,7E000F81000038024E353033382D4B435836DD
05-08-2025 16:15:22.520,110,RECV,7E000F8100001E024E323033342D414E493210
05-08-2025 16:15:22.520,111,RECV,7E000F81000038024E353033392D5A4E4A4ABC
05-08-2025 16:15:22.520,112,RECV,7E000F81000038024E353034302D4435414402
05-08-2025 16:15:22.520,113,RECV,7E000F8100002B024E363033372D4C4C5151CC
05-08-2025 16:15:22.520,114,RECV,7E000F8100001E024E323033352D534B5332F6
05-08-2025 16:15:22.520,115,RECV,7E007D3181F9DF1D0246004E313033342D53505636CF
05-08-2025 16:15:22.520,116,RECV,7E000F8100001E024E323033362D49514B47EC
05-08-2025 16:15:22.520,117,RECV,7E000F8100001E024E323033372D393447392A
05-08-2025 16:15:22.520,118,RECV,7E000F8100001E024E323033382D55515733E6
05-08-2025 16:15:22.520,119,RECV,7E000F81000038024E353034322D54464733EA
05-08-2025 16:15:22.520,120,RECV,7E000F8100001E024E323033392D52444B38FC
05-08-2025 16:15:22.520,121,RECV,7E000F81000038024E353034332D30574E53D5
05-08-2025 16:15:22.520,122,RECV,7E000F8100001E024E323034302D4F325256F4
05-08-2025 16:15:22.520,123,RECV,7E000F8100002B024E363033392D4A364D4FE8
05-08-2025 16:15:22.520,124,RECV,7E000F8100001E024E323034312D324B534B01
05-08-2025 16:15:22.520,125,RECV,7E000F8100001E024E323034342D3739424A1D
05-08-2025 16:15:22.520,126,RECV,7E007D3181F9DF1D0249004E313033372D4C454653CE
05-08-2025 16:15:22.608,127,RECV,7E000F8100001E024E323034352D55564654D3
05-08-2025 16:15:22.608,128,RECV,7E000F8100002B024E363034322D364F5449E8
05-08-2025 16:15:22.608,129,RECV,7E007D3181F9DF1D024A004E313033382D37593646EA
05-08-2025 16:15:22.608,130,RECV,7E007D3181F9DF1D024B004E313033392D4A493436F7
05-08-2025 16:15:22.609,131,RECV,7E000F8100002B024E363034342D53555257B7
05-08-2025 16:15:22.609,132,RECV,7E007D3181F9DF1D024C004E313034302D4D55594CB4
05-08-2025 16:15:22.609,133,RECV,7E000F8100001E024E323034362D49584454DE
05-08-2025 16:15:22.609,134,RECV,7E007D3181F9DF1D024D004E313034312D41324F3106
05-08-2025 16:15:22.609,135,RECV,7E000F81000038024E353034392D46553556D1
05-08-2025 16:15:22.609,136,RECV,7E000F8100002B024E363034362D435A4E55C6
05-08-2025 16:15:22.609,137,RECV,7E007D3181F9DF1D024E004E313034322D574A5337CC
05-08-2025 16:15:22.609,138,RECV,7E000F81000038024E353035312D4631414CFA
05-08-2025 16:15:22.609,139,RECV,7E000F8100003A024E353035322D55413939F3
05-08-2025 16:15:22.609,140,RECV,7E000F8100001E024E323034372D583846360A
05-08-2025 16:15:22.609,141,RECV,7E007D3181F9DF1D024F004E313034332D364C534CD4
05-08-2025 16:15:22.609,142,RECV,7E000F8100001E024E323034382D57453858E9
05-08-2025 16:15:22.609,143,RECV,7E007D3181F9DF1D0250004E313034342D4B315049DE
05-08-2025 16:15:22.610,144,RECV,7E007D3181F9DF1D0251004E313034352D33474254E1
05-08-2025 16:15:22.610,145,RECV,7E000F81000038024E353035342D445A5132DA
05-08-2025 16:15:22.610,146,RECV,7E000F8100002B024E363034372D354E434CF3
05-08-2025 16:15:22.610,147,RECV,7E000F8100001E024E323034392D3054374415
05-08-2025 16:15:22.613,148,RECV,7E000F8100002B024E363034382D413430411E
05-08-2025 16:15:22.613,149,RECV,7E007D3181F9DF1D0252004E313034362D41364145F2
05-08-2025 16:15:22.613,150,RECV,7E000F8100001D024E323035302D59535546D6
05-08-2025 16:15:22.613,151,RECV,7E000F81000038024E353035352D5659424CBD
05-08-2025 16:15:22.701,152,RECV,7E007D3181F9DF1E0253004E313034372D384E4956C7
05-08-2025 16:15:22.701,153,RECV,7E000F8100001D024E323035312D4F355358ED
05-08-2025 16:15:22.701,154,RECV,7E007D3181F9DF1E0254004E313034382D4C534C35CA
05-08-2025 16:15:22.701,155,RECV,7E000F8100002C024E363034392D58564951BA
05-08-2025 16:15:22.701,156,RECV,7E000F8100002B024E363035302D5A463754E0
05-08-2025 16:15:22.701,157,RECV,7E007D3181F9DF1E0256004E313035302D49365A46D0
05-08-2025 16:15:22.702,158,RECV,7E007D3181F9DF1D0257004E313035312D4E494930DE
05-08-2025 16:15:22.735,159,RECV,7E000F81000038024E353035372D4934364BFA
05-08-2025 16:15:22.735,160,RECV,7E000F8100002C024E363035322D3053513103
05-08-2025 16:15:22.736,161,RECV,7E007D3181F9DF1D0258004E313035322D304B4C59CC
05-08-2025 16:15:22.736,162,RECV,7E007D3181F9DF1E0259004E313035332D344531300F
05-08-2025 16:15:22.736,163,RECV,7E007D3181F9DF1E025A004E313035342D4A304641E6
05-08-2025 16:15:22.736,164,RECV,7E007D3181F9DF1D025B004E313035352D464C4552BD
05-08-2025 16:15:22.736,165,RECV,7E000F81000038024E353035382D5A453853CD
05-08-2025 16:15:22.736,166,RECV,7E007D3181F9DF1D025C004E313035362D594C5135B9
05-08-2025 16:15:22.736,167,RECV,7E000F81000038024E353036302D584C5342C5
05-08-2025 16:15:22.736,168,RECV,7E000F8100002C024E363035332D5032454DF3
05-08-2025 16:15:22.736,169,RECV,7E000F81000037024E353036312D434F4F34E9
05-08-2025 16:15:22.736,170,RECV,7E000F8100001D024E323035332D4B534C48E8
05-08-2025 16:15:22.736,171,RECV,7E007D3181F9DF1D025D004E313035372D4D444239D6
05-08-2025 16:15:22.736,172,RECV,7E000F81000037024E353036322D4439514EE1
05-08-2025 16:15:22.736,173,RECV,7E000F8100001D024E323035342D57585443D3
05-08-2025 16:15:22.736,174,RECV,7E000F8100002B024E363035352D3039334822
05-08-2025 16:15:22.736,175,RECV,7E000F8100001D024E323035352D4635524CFF
05-08-2025 16:15:22.795,176,RECV,7E007D3181F9DF1D025E004E313035382D3244495AC7
05-08-2025 16:15:22.811,177,RECV,7E000F8100001D024E323035362D3433364733
05-08-2025 16:15:22.811,178,RECV,7E000F8100001D024E323035372D414B5635FF
05-08-2025 16:15:22.811,179,RECV,7E000F81000037024E353036342D47334C47EE
05-08-2025 16:15:22.811,180,RECV,7E000F8100002B024E363035362D49545158BF
05-08-2025 16:15:22.812,181,RECV,7E000F81000038024E353036352D4D4C325AD4
05-08-2025 16:15:22.812,182,RECV,7E007D3181F9DF1D025F004E313035392D47324336EC
05-08-2025 16:15:22.812,183,RECV,7E000F8100001D024E323035382D4950324703
05-08-2025 16:15:22.812,184,RECV,7E000F8100002C024E363035372D4B415242E3
05-08-2025 16:15:22.812,185,RECV,7E007D3181F9DF1D0260004E313036302D5446444ABD
05-08-2025 16:15:22.812,186,RECV,7E000F8100002C024E363035382D56535352B4
05-08-2025 16:15:22.812,187,RECV,7E000F8100001D024E323035392D4C375446F7
05-08-2025 16:15:22.812,188,RECV,7E000F8100001D024E323036302D4832574407
05-08-2025 16:15:22.812,189,RECV,7E000F81000038024E353036362D38595132E4
05-08-2025 16:15:22.812,190,RECV,7E007D3181F9DF1D0261004E313036312D5A57514E93
05-08-2025 16:15:22.812,191,RECV,7E000F81000038024E353036372D504A5744C2
05-08-2025 16:15:22.812,192,RECV,7E000F8100001E024E323036312D4B4E5457D6
05-08-2025 16:15:22.812,193,RECV,7E000F8100002C024E363035392D4C523642EB
05-08-2025 16:15:22.812,194,RECV,7E007D3181F9DF1D0262004E313036322D4E455151AC
05-08-2025 16:15:22.812,195,RECV,7E000F8100001D024E323036322D34555045FC
05-08-2025 16:15:22.812,196,RECV,7E000F8100002C024E363036302D47514733F7
05-08-2025 16:15:22.812,197,RECV,7E007D3181F9DF1D0263004E313036332D30314949EC
05-08-2025 16:15:22.812,198,RECV,7E000F81000038024E353036392D434B3553DF
05-08-2025 16:15:22.812,199,RECV,7E000F8100001D024E323036332D4B41383223
05-08-2025 16:15:22.812,200,RECV,7E000F81000038024E353037302D50374C52D8
05-08-2025 16:15:22.890,201,RECV,7E007D3181F9DF1D0264004E313036342D51543851AF
05-08-2025 16:15:22.890,202,RECV,7E007D3181F9DF1D0265004E313036352D45364F4AC7
05-08-2025 16:15:22.890,203,RECV,7E000F8100002C024E363036312D444B313612
05-08-2025 16:15:22.890,204,RECV,7E007D3181F9DF1D0266004E313036362D4139564CBD
05-08-2025 16:15:22.890,205,RECV,7E000F8100001D024E323036342D514D5550D5
05-08-2025 16:15:22.890,206,RECV,7E000F81000037024E353037332D444A4843E2
05-08-2025 16:15:22.890,207,RECV,7E000F8100002C024E363036322D314A5342F7
05-08-2025 16:15:22.890,208,RECV,7E000F8100001D024E323036352D544F5156CD
05-08-2025 16:15:22.890,209,RECV,7E000F8100001D024E323036362D424B5850E1
05-08-2025 16:15:22.890,210,RECV,7E000F8100001E024E323036372D47514A4BE7
05-08-2025 16:15:22.890,211,RECV,7E000F8100001E024E323036382D46375750EF
05-08-2025 16:15:22.890,212,RECV,7E000F8100001E024E323036392D41554D4DE2
05-08-2025 16:15:22.891,213,RECV,7E000F8100001E024E323037302D39504151FF
05-08-2025 16:15:22.891,214,RECV,7E007D3181F9DF1D0267004E313036372D49593249BA
05-08-2025 16:15:22.891,215,RECV,7E000F8100002C024E363036362D474F5847CE
05-08-2025 16:15:22.891,216,RECV,7E000F8100001E024E323037312D574A364CF6
05-08-2025 16:15:22.891,217,RECV,7E000F81000037024E353037362D323146351A
05-08-2025 16:15:22.891,218,RECV,7E000F8100001E024E323037322D355231540C
05-08-2025 16:15:22.891,219,RECV,7E000F8100002C024E363036372D38524C42EA
05-08-2025 16:15:22.891,220,RECV,7E000F8100001E024E323037332D5A4E5747D1
05-08-2025 16:15:22.891,221,RECV,7E000F81000037024E353037372D4B4A4356C9
05-08-2025 16:15:22.891,222,RECV,7E000F8100002C024E363036382D50523446E5
05-08-2025 16:15:22.891,223,RECV,7E007D3181F9DF1D0268004E313036382D47564F33B6
05-08-2025 16:15:22.891,224,RECV,7E000F8100002C024E363036392D43334D5AE3
05-08-2025 16:15:22.891,225,RECV,7E000F8100001E024E323037342D384334382F
05-08-2025 16:15:22.891,226,RECV,7E000F8100001E024E323037352D3941313634
05-08-2025 16:15:22.983,227,RECV,7E007D3181F9DF1D0269004E313036392D33585343B2
05-08-2025 16:15:23.076,228,RECV,7E000F8100002C024E363037302D3531554904
05-08-2025 16:15:23.105,229,RECV,7E000F8100001E024E323037362D54595455BE
05-08-2025 16:15:23.106,230,RECV,7E007D3181F9DF1D026A004E313037302D41344B38E2
05-08-2025 16:15:23.106,231,RECV,7E000F8100002C024E363037312D3933433523
05-08-2025 16:15:23.106,232,RECV,7E000F8100001E024E323037372D3643563014
05-08-2025 16:15:23.106,233,RECV,7E000F8100001E024E323037382D523836417D31
05-08-2025 16:15:23.106,234,RECV,7E000F81000038024E353038302D4E513337F3
05-08-2025 16:15:23.106,235,RECV,7E000F8100001E024E323037392D443636570A
05-08-2025 16:15:23.106,236,RECV,7E000F8100002C024E363037332D313845381F
05-08-2025 16:15:23.106,237,RECV,7E000F8100002C024E363037342D44594836E9
05-08-2025 16:15:23.106,238,RECV,7E007D3181F9DF1B026B004E313037312D4C39304BDA
05-08-2025 16:15:23.106,239,RECV,7E000F8100001E024E323038312D48474D3705
05-08-2025 16:15:23.106,240,RECV,7E000F81000038024E353038322D4C394F31F5
05-08-2025 16:15:23.106,241,RECV,7E000F81000038024E353038332D4448574BCB
05-08-2025 16:15:23.106,242,RECV,7E000F8100001E024E323038322D4458444BEC
05-08-2025 16:15:23.106,243,RECV,7E007D3181F9DF1D026C004E313037322D554E3143BF
05-08-2025 16:15:23.131,244,RECV,7E007D3181F9DF1D026D004E313037332D544456479F
05-08-2025 16:15:23.132,245,RECV,7E000F8100002C024E363037352D3855434DE6
05-08-2025 16:15:23.132,246,RECV,7E000F81000038024E353038352D5236494DD9
05-08-2025 16:15:23.132,247,RECV,7E000F8100001E024E323038332D564D4E36EF
05-08-2025 16:15:23.132,248,RECV,7E000F81000038024E353038362D4B365536EA
05-08-2025 16:15:23.132,249,RECV,7E000F8100001E024E323038342D32555543F6
05-08-2025 16:15:23.132,250,RECV,7E000F8100002C024E363037362D31424754F4
05-08-2025 16:15:23.132,251,RECV,7E007D3181F9DF1D026E004E313037342D55534C33AB
05-08-2025 16:15:23.132,252,RECV,7E000F8100001E024E323038352D48583651ED
05-08-2025 16:15:23.132,253,RECV,7E000F8100001E024E323038362D494B4E38F9
05-08-2025 16:15:23.132,254,RECV,7E000F8100001E024E323038372D4E34344E0E
05-08-2025 16:15:23.132,255,RECV,7E007D3181F9DF1D026F004E313037352D59483649B0
05-08-2025 16:15:23.132,256,RECV,7E000F8100003A024E353039302D4233313122
05-08-2025 16:15:23.132,257,RECV,7E000F8100002C024E363037372D52383949F5
05-08-2025 16:15:23.132,258,RECV,7E000F8100001E024E323038382D38544444FD
05-08-2025 16:15:23.132,259,RECV,7E000F8100002F024E363037392D50495348C8
05-08-2025 16:15:23.132,260,RECV,7E007D3181F9DF1D0270004E313037362D4B4A4B33BB
05-08-2025 16:15:23.132,261,RECV,7E000F8100002C024E363038312D484E4A58CE
05-08-2025 16:15:23.132,262,RECV,7E007D3181F9DF1D0271004E313037372D57374453A7
05-08-2025 16:15:23.132,263,RECV,7E007D3181F9DF1D0272004E313037382D38383446E0
05-08-2025 16:15:23.132,264,RECV,7E007D3181F9DF1D0273004E313037392D4E38594E9B
05-08-2025 16:15:23.132,265,RECV,7E000F81000038024E353039322D4D544137E0
05-08-2025 16:15:23.132,266,RECV,7E007D3181F9DF1D0274004E313038302D4956374BAE
05-08-2025 16:15:23.132,267,RECV,7E000F8100001E024E323038392D55474A55D5
05-08-2025 16:15:23.132,268,RECV,7E000F81000038024E353039332D324C4538FD
05-08-2025 16:15:23.132,269,RECV,7E000F8100002B024E363038342D55514A4CC8
05-08-2025 16:15:23.133,270,RECV,7E007D3181F9DF1D0275004E313038312D324B4E41C1
05-08-2025 16:15:23.133,271,RECV,7E007D3181F9DF1D0276004E313038322D5833575A8F
05-08-2025 16:15:23.133,272,RECV,7E000F8100002B024E363038352D4745384AF5
05-08-2025 16:15:23.133,273,RECV,7E000F8100002E024E363038362D4A5A3447E0
05-08-2025 16:15:23.133,274,RECV,7E000F81000038024E353039352D55425346C6
05-08-2025 16:15:23.133,275,RECV,7E000F8100002B024E363038372D43345349EE
05-08-2025 16:15:23.133,276,RECV,7E007D3181F9DF1D0277004E313038332D52473554A7
05-08-2025 16:15:23.176,277,RECV,7E000F81000038024E353039362D41524143DE
05-08-2025 16:15:23.177,278,RECV,7E000F8100001D024E323039302D59395853DC
05-08-2025 16:15:23.177,279,RECV,7E000F8100002C024E363038382D57505345C0
05-08-2025 16:15:23.177,280,RECV,7E007D3181F9DF1E0278004E313038342D5A433152A6
05-08-2025 16:15:23.177,281,RECV,7E000F8100002B024E363038392D43514C5AC5
05-08-2025 16:15:23.177,282,RECV,7E000F8100002C024E363039302D4D4732340C
05-08-2025 16:15:23.177,283,RECV,7E000F8100001D024E323039312D4C43543302
05-08-2025 16:15:23.178,284,RECV,7E000F8100002C024E363039322D344746370C
05-08-2025 16:15:23.178,285,RECV,7E007D3181F9DF1D0279004E313038352D4C4B4246A6
05-08-2025 16:15:23.178,286,RECV,7E007D3181F9DF1D027A004E313038362D504D553899
05-08-2025 16:15:23.178,287,RECV,7E000F8100001D024E323039322D59454853DE
05-08-2025 16:15:23.178,288,RECV,7E000F8100002C024E363039332D35384F3017
05-08-2025 16:15:23.178,289,RECV,7E000F8100001D024E323039332D465343300A
05-08-2025 16:15:23.178,290,RECV,7E000F8100002C024E363039342D57553245DF
05-08-2025 16:15:23.178,291,RECV,7E007D3181F9DF1D027B004E313038372D59424130B5
05-08-2025 16:15:23.178,292,RECV,7E000F8100002C024E363039352D55335245E2
05-08-2025 16:15:23.178,293,RECV,7E007D3181F9DF1E027C004E313038382D45455730AD
05-08-2025 16:15:23.178,294,RECV,7E000F8100002B024E363039362D5855324ED4
05-08-2025 16:15:23.178,295,RECV,7E000F8100001D024E323039342D50354256F8
05-08-2025 16:15:23.178,296,RECV,7E007D3181F9DF1D027D5D004E313038392D533156558E
05-08-2025 16:15:23.178,297,RECV,7E000F8100002B024E363039372D3237465100
05-08-2025 16:15:23.178,298,RECV,7E007D3181F9DF1D027D5E004E313039302D33503556B6
05-08-2025 16:15:23.178,299,RECV,7E007D3181F9DF1E027F004E313039312D504B3235BF
05-08-2025 16:15:23.178,300,RECV,7E000F8100001D024E323039352D5030414C07
05-08-2025 16:15:23.230,301,RECV,7E007D3181F9DF1D0280004E313039322D435852468D
05-08-2025 16:15:23.301,302,RECV,7E000F8100001D024E323039362D52485A46D9
05-08-2025 16:15:23.352,303,RECV,7E000F8100001D024E323039372D454E534CE0
05-08-2025 16:15:23.352,304,RECV,7E007D3181F9DF1E0281004E313039332D33444F36C1
05-08-2025 16:15:23.352,305,RECV,7E007D3181F9DF1E0282004E313039342D42513447AD
05-08-2025 16:15:23.363,306,RECV,7E000F8100001D024E323039382D52395A43E9
05-08-2025 16:15:23.364,307,RECV,7E000F8100001D024E323039392D4636303331
05-08-2025 16:15:23.364,308,RECV,7E007D3181F9DF1D0283004E313039352D4137335AB5
05-08-2025 16:15:23.364,309,RECV,7E007D3181F9DF1D0284004E313039362D5550354599
05-08-2025 16:15:23.364,310,RECV,7E007D3181F9DF1D0285004E313039372D5450473398
05-08-2025 16:15:23.364,311,RECV,7E007D3181F9DF1E0286004E313039382D5642583390
05-08-2025 16:15:23.364,312,RECV,7E007D3181F9DF1E0287004E313039392D4455314F98
