06-02-2025 20:30:26.638,-,API2,"Sink 1,0013A20041839DB1,802.15.4 TH,2003,/dev/ttyUSB0 - 57600/8/M/1/N,1,46"

06-02-2025 20:27:14.791,0,RECV,7E007D318100011D020D004E313030302D42594E53D9
06-02-2025 20:27:14.791,1,RECV,7E007D3181000537028A004E353030302D4645413377
06-02-2025 20:27:16.295,2,RECV,7E007D318100011E020E004E313030312D4F425253DC
06-02-2025 20:27:17.799,3,RECV,7E007D3181000534028E004E353030322D46304A446F
06-02-2025 20:27:17.799,4,RECV,7E007D318100062C0260004E363030322D30345434BB
06-02-2025 20:27:17.800,5,RECV,7E007D318100011E020F004E313030322D4B475357D4
06-02-2025 20:27:19.303,6,RECV,7E007D31810005340290004E353030332D4B34445657
06-02-2025 20:27:19.307,7,RECV,7E007D318100011D0210004E313030332D4B554136F8
06-02-2025 20:27:20.807,8,RECV,7E007D31810005340292004E353030342D314559306E
06-02-2025 20:27:20.807,9,RECV,7E007D318100062C0264004E363030342D394B555A6E
06-02-2025 20:27:20.808,10,RECV,7E007D318100011E027D31004E313030342D4F375443EF
06-02-2025 20:27:22.310,11,RECV,7E007D31810005340293004E353030352D4E55325244
06-02-2025 20:27:22.311,12,RECV,7E007D318100062C0265004E363030352D454B543388
06-02-2025 20:27:22.311,13,RECV,7E007D318100011D0212004E313030352D4C33344E0A
06-02-2025 20:27:23.764,14,RECV,7E007D31810005330296004E353030362D37484E4A51
06-02-2025 20:27:23.765,15,RECV,7E007D318100062C0268004E363030362D37414B4593
06-02-2025 20:27:23.785,16,RECV,7E007D318100022E02D9004E323030362D5231534416
06-02-2025 20:27:23.786,17,RECV,7E007D318100011E027D33004E313030362D30543454FC
06-02-2025 20:27:25.269,18,RECV,7E007D31810005340297004E353030372D375A395744
06-02-2025 20:27:25.269,19,RECV,7E007D318100062F0269004E363030372D4C52464F63
06-02-2025 20:27:25.289,20,RECV,7E007D318100022E02DA004E323030372D3738444A31
06-02-2025 20:27:25.292,21,RECV,7E007D318100011E0214004E313030372D5A30303814
06-02-2025 20:27:26.774,22,RECV,7E007D31810005370298004E353030382D3957564436
06-02-2025 20:27:26.777,23,RECV,7E007D3181000631026A004E363030382D575A315957
06-02-2025 20:27:26.779,24,RECV,7E007D318100022F02DB004E323030382D4C34394D25
06-02-2025 20:27:26.794,25,RECV,7E007D318100011E0215004E313030382D5A483436F8
06-02-2025 20:27:28.276,26,RECV,7E007D3181000535029B004E353030392D454B554A2F
06-02-2025 20:27:28.277,27,RECV,7E007D318100062F026D004E363030392D5A30465868
06-02-2025 20:27:28.278,28,RECV,7E007D318100022F02DC004E323030392D464D30537D33
06-02-2025 20:27:28.297,29,RECV,7E007D318100011E0216004E313030392D5A345047DD
06-02-2025 20:27:29.780,30,RECV,7E007D3181000534029C004E353031302D4D30474161
06-02-2025 20:27:29.781,31,RECV,7E007D318100062E026E004E363031302D393138599D
06-02-2025 20:27:29.782,32,RECV,7E007D318100022F02DE004E323031302D54514B57E8
06-02-2025 20:27:29.801,33,RECV,7E007D318100011E0218004E313031302D5839424DE8
06-02-2025 20:27:31.285,34,RECV,7E007D3181000534029E004E353031312D3259394B54
06-02-2025 20:27:31.285,35,RECV,7E007D318100062D0270004E363031312D435A4E5655
06-02-2025 20:27:31.292,36,RECV,7E007D318100022F02E0004E323031312D4E424E4B03
06-02-2025 20:27:31.306,37,RECV,7E007D318100011E021A004E313031312D5736394FF0
06-02-2025 20:27:32.788,38,RECV,7E007D318100053402A0004E353031322D545454481C
06-02-2025 20:27:32.839,39,RECV,7E007D318100062D0272004E363031322D4D4A573471
06-02-2025 20:27:32.839,40,RECV,7E007D318100022F02E2004E323031322D4235383941
06-02-2025 20:27:32.839,41,RECV,7E007D318100011E021C004E313031322D5530474DE9
06-02-2025 20:27:34.292,42,RECV,7E007D318100053402A1004E353031332D5446434938
06-02-2025 20:27:34.343,43,RECV,7E007D318100062D0273004E363031332D3858474F6B
06-02-2025 20:27:34.343,44,RECV,7E007D318100022E02E4004E323031332D33374D3937
06-02-2025 20:27:34.343,45,RECV,7E007D318100011E021E004E313031332D30575648DA
06-02-2025 20:27:35.797,46,RECV,7E007D318100053402A4004E353031342D533330584C
06-02-2025 20:27:35.847,47,RECV,7E007D318100062D0276004E363031342D3349574872
06-02-2025 20:27:35.847,48,RECV,7E007D318100022F02E5004E323031342D3742463233
06-02-2025 20:27:35.848,49,RECV,7E007D318100011E021F004E313031342D4238373319
06-02-2025 20:27:37.301,50,RECV,7E007D318100053402A5004E353031352D413842425B
06-02-2025 20:27:37.302,51,RECV,7E007D318100062D0277004E363031352D4548483185
06-02-2025 20:27:37.311,52,RECV,7E007D318100022F02E7004E323031352D4234303348
06-02-2025 20:27:37.312,53,RECV,7E007D318100011E0221004E313031352D4352313301
06-02-2025 20:27:38.805,54,RECV,7E007D318100053502A6004E353031362D495A444B23
06-02-2025 20:27:38.855,55,RECV,7E007D318100062E0278004E363031362D324F314B8B
06-02-2025 20:27:38.855,56,RECV,7E007D318100022F02E9004E323031362D424C394D0A
06-02-2025 20:27:38.855,57,RECV,7E007D318100011E0223004E313031362D3043304F05
06-02-2025 20:27:40.309,58,RECV,7E007D318100053802A9004E353031372D44414E314A
06-02-2025 20:27:40.359,59,RECV,7E007D3181000631027B004E363031372D5045354D6A
06-02-2025 20:27:40.359,60,RECV,7E007D318100022F02EA004E323031372D4D5A393408
06-02-2025 20:27:40.359,61,RECV,7E007D318100011E0224004E313031372D4E4A4254C7
06-02-2025 20:27:41.813,62,RECV,7E007D318100053702AA004E353031382D474C563430
06-02-2025 20:27:41.834,63,RECV,7E007D318100062F027C004E363031382D52574C4D3F
06-02-2025 20:27:41.836,64,RECV,7E007D318100022F02EC004E323031382D3535445912
06-02-2025 20:27:41.837,65,RECV,7E007D318100011E0226004E313031382D56345753BE
06-02-2025 20:27:43.317,66,RECV,7E007D318100053502AC004E353031392D554A4E4C7D33
06-02-2025 20:27:43.367,67,RECV,7E007D318100062F027D5E004E363031392D5153324365
06-02-2025 20:27:43.368,68,RECV,7E007D318100022E02EE004E323031392D3154395207
06-02-2025 20:27:43.368,69,RECV,7E007D318100011E0228004E313031392D334F4F52CC
06-02-2025 20:27:44.821,70,RECV,7E007D318100053402AE004E353032302D464347384B
06-02-2025 20:27:44.856,71,RECV,7E007D318100062D0280004E363032302D5132573676
06-02-2025 20:27:44.856,72,RECV,7E007D318100023402F0004E323032302D4D384E58EC
06-02-2025 20:27:44.857,73,RECV,7E007D318100011E022A004E313032302D51595736BE
06-02-2025 20:27:46.325,74,RECV,7E007D318100053402AF004E353032312D4F49383849
06-02-2025 20:27:46.375,75,RECV,7E007D318100062D0281004E363032312D494F383480
06-02-2025 20:27:46.375,76,RECV,7E007D318100023302F2004E323032312D57564E4FCB
06-02-2025 20:27:46.375,77,RECV,7E007D318100011E022C004E313032312D32374F3109
06-02-2025 20:27:47.830,78,RECV,7E007D318100053702B2004E353032322D5950494C0C
06-02-2025 20:27:47.830,79,RECV,7E007D31810006310284004E363032322D374748595D
06-02-2025 20:27:47.831,80,RECV,7E007D318100023302F3004E323032322D4E334452FC
06-02-2025 20:27:47.831,81,RECV,7E007D318100011E022D004E313032322D42454443E2
06-02-2025 20:27:49.294,82,RECV,7E007D318100053702B3004E353032332D4A59365916
06-02-2025 20:27:49.334,83,RECV,7E007D31810006310285004E363032332D56465A3351
06-02-2025 20:27:49.334,84,RECV,7E007D318100023402F5004E323032332D4E454C39F7
06-02-2025 20:27:49.334,85,RECV,7E007D318100011E022F004E313032332D434F4B46CA
06-02-2025 20:27:50.788,86,RECV,7E007D318100053602B4004E353032342D4B49335729
06-02-2025 20:27:50.839,87,RECV,7E007D31810006300286004E363032342D5657335445
06-02-2025 20:27:50.843,88,RECV,7E007D318100023402F7004E323032342D463435411C
06-02-2025 20:27:50.843,89,RECV,7E007D318100011E0231004E313032342D33565250BF
06-02-2025 20:27:52.292,90,RECV,7E007D318100053702B7004E353032352D5947344F1F
06-02-2025 20:27:52.342,91,RECV,7E007D31810006300289004E363032352D524E5A4C2F
06-02-2025 20:27:52.343,92,RECV,7E007D318100023402F8004E323032352D4A394644FD
06-02-2025 20:27:52.343,93,RECV,7E007D318100011E0232004E313032352D4B344637EC
06-02-2025 20:27:53.796,94,RECV,7E007D318100053602B8004E353032362D4244504625
06-02-2025 20:27:53.847,95,RECV,7E007D3181000630028A004E363032362D39485A5741
06-02-2025 20:27:53.847,96,RECV,7E007D318100023402FA004E323032362D4B345649E9
06-02-2025 20:27:53.847,97,RECV,7E007D318100011E0234004E313032362D4B464848C4
06-02-2025 20:27:55.301,98,RECV,7E007D318100053702BA004E353032372D433243394C
06-02-2025 20:27:55.351,99,RECV,7E007D3181000630028C004E363032372D385553315F
06-02-2025 20:27:55.351,100,RECV,7E007D318100023402FC004E323032372D5632373312
06-02-2025 20:27:55.351,101,RECV,7E007D318100011D0236004E313032372D44545246B3
06-02-2025 20:27:56.804,102,RECV,7E007D318100053602BC004E353032382D4C5239372D
06-02-2025 20:27:56.855,103,RECV,7E007D318100062F028E004E363032382D47414B4853
06-02-2025 20:27:56.855,104,RECV,7E007D318100011E0238004E313032382D5439544CB2
06-02-2025 20:27:58.308,105,RECV,7E007D318100053602BD004E353032392D4D504D53FC
06-02-2025 20:27:58.358,106,RECV,7E007D318100062F028F004E363032392D525A52313D
06-02-2025 20:27:58.359,107,RECV,7E007D318100011E023A004E313032392D32464A4DCD
06-02-2025 20:27:59.813,108,RECV,7E007D318100053502C0004E353033302D474A534A7D31
06-02-2025 20:27:59.863,109,RECV,7E007D318100062F0292004E363033302D3644465859
06-02-2025 20:27:59.863,110,RECV,7E007D31810002350202004E323033302D43545635E1
06-02-2025 20:27:59.863,111,RECV,7E007D318100011E023B004E313033302D4758314BC8
06-02-2025 20:28:01.317,112,RECV,7E007D318100053402C1004E353033312D364236454B
06-02-2025 20:28:01.367,113,RECV,7E007D318100062D0293004E363033312D4E4D4D5633
06-02-2025 20:28:01.370,114,RECV,7E007D31810002340204004E323033312D49424A59D3
06-02-2025 20:28:01.370,115,RECV,7E007D318100011D023D004E313033312D424C4831DA
06-02-2025 20:28:02.821,116,RECV,7E007D318100053602C2004E353033322D3736324655
06-02-2025 20:28:02.871,117,RECV,7E007D318100062F0294004E363033322D373056337D5D
06-02-2025 20:28:02.871,118,RECV,7E007D31810002350206004E323033322D45344F56DF
06-02-2025 20:28:02.871,119,RECV,7E007D318100011E023F004E313033322D46304A57C6
06-02-2025 20:28:04.325,120,RECV,7E007D318100053702C5004E353033332D4841474322
06-02-2025 20:28:04.375,121,RECV,7E007D31810006300297004E363033332D5950453248
06-02-2025 20:28:04.375,122,RECV,7E007D31810002340207004E323033332D4554464FCE
06-02-2025 20:28:04.376,123,RECV,7E007D318100011E0240004E313033332D34365131EF
06-02-2025 20:28:05.830,124,RECV,7E007D318100053602C6004E353033342D3455544B0C
06-02-2025 20:28:05.880,125,RECV,7E007D31810006300298004E363033342D4853334B4D
06-02-2025 20:28:05.880,126,RECV,7E007D31810002340209004E323033342D34554657D3
06-02-2025 20:28:05.880,127,RECV,7E007D318100011D0242004E313033342D49394438DB
06-02-2025 20:28:07.334,128,RECV,7E007D318100053302C8004E353033352D4431564425
06-02-2025 20:28:07.384,129,RECV,7E007D318100062D029A004E363033352D4155314A55
06-02-2025 20:28:07.394,130,RECV,7E007D3181000232020B004E323033352D5A304D51D0
06-02-2025 20:28:07.394,131,RECV,7E007D318100011D0244004E313033352D49434238D0
06-02-2025 20:28:08.838,132,RECV,7E007D318100053402CA004E353033362D5A39584401
06-02-2025 20:28:08.888,133,RECV,7E007D318100062D029C004E363033362D4E3233357B
06-02-2025 20:28:08.900,134,RECV,7E007D3181000232020D004E323033362D59463249DB
06-02-2025 20:28:08.901,135,RECV,7E007D318100011D0246004E313033362D5056505588
06-02-2025 20:28:10.342,136,RECV,7E007D318100053402CB004E353033372D4B4D333033
06-02-2025 20:28:10.392,137,RECV,7E007D318100062D029D004E363033372D4548434D44
06-02-2025 20:28:10.404,138,RECV,7E007D3181000233020F004E323033372D58365443CC
06-02-2025 20:28:10.404,139,RECV,7E007D318100011D0248004E313033372D44394555B9
06-02-2025 20:28:11.846,140,RECV,7E007D318100053402CE004E353033382D5A534A34FF
06-02-2025 20:28:11.897,141,RECV,7E007D318100062D02A0004E363033382D334352563F
06-02-2025 20:28:11.919,142,RECV,7E007D31810002320210004E323033382D32573748E8
06-02-2025 20:28:11.919,143,RECV,7E007D318100011D0249004E313033382D57564536A6
06-02-2025 20:28:13.301,144,RECV,7E007D318100053402CF004E353033392D37374B4C23
06-02-2025 20:28:13.401,145,RECV,7E007D318100062D02A1004E363033392D4D51484B2A
06-02-2025 20:28:13.401,146,RECV,7E007D31810002320212004E323033392D32534455CF
06-02-2025 20:28:13.401,147,RECV,7E007D318100011D024B004E313033392D314D5345B5
06-02-2025 20:28:14.804,148,RECV,7E007D318100053402D0004E353034302D324933572A
06-02-2025 20:28:14.905,149,RECV,7E007D318100062D02A2004E363034302D485A41354A
06-02-2025 20:28:14.906,150,RECV,7E007D31810002320214004E323034302D59314137F1
06-02-2025 20:28:14.914,151,RECV,7E007D318100011D024D004E313034302D42393034F2
06-02-2025 20:28:16.308,152,RECV,7E007D318100053302D3004E353034312D4448304F21
06-02-2025 20:28:16.409,153,RECV,7E007D318100062D02A5004E363034312D30434E5647
06-02-2025 20:28:16.409,154,RECV,7E007D31810002320215004E323034312D49345848D4
06-02-2025 20:28:16.409,155,RECV,7E007D318100011D024E004E313034312D4445554FA2
06-02-2025 20:28:17.813,156,RECV,7E007D318100053302D4004E353034322D4456323727
06-02-2025 20:28:17.913,157,RECV,7E007D318100062D02A6004E363034322D5058374439
06-02-2025 20:28:17.913,158,RECV,7E007D31810002320217004E323034322D43415850C2
06-02-2025 20:28:17.913,159,RECV,7E007D318100011D0250004E313034322D4957474A9B
06-02-2025 20:28:19.317,160,RECV,7E007D318100053302D6004E353034332D43484D4B04
06-02-2025 20:28:19.417,161,RECV,7E007D318100063102A8004E363034332D5431563347
06-02-2025 20:28:19.417,162,RECV,7E007D31810002320219004E323034332D52375537D6
06-02-2025 20:28:19.417,163,RECV,7E007D318100011D0252004E313034332D455651518C
06-02-2025 20:28:20.820,164,RECV,7E007D318100053602D8004E353034342D4F3043431C
06-02-2025 20:28:20.921,165,RECV,7E007D318100063002AA004E363034342D50305A4237
06-02-2025 20:28:20.924,166,RECV,7E007D3181000232021B004E323034342D5A464E5AA0
06-02-2025 20:28:20.924,167,RECV,7E007D318100011D0254004E313034342D48474948A6
06-02-2025 20:28:22.324,168,RECV,7E007D318100053402D9004E353034352D5356354AF9
06-02-2025 20:28:22.424,169,RECV,7E007D318100062E02AB004E363034352D345338454F
06-02-2025 20:28:22.424,170,RECV,7E007D3181000232021D004E323034352D55484549BA
06-02-2025 20:28:22.425,171,RECV,7E007D318100011D0256004E313034352D3042484DBC
06-02-2025 20:28:23.828,172,RECV,7E007D318100053302DC004E353034362D4D484456EF
06-02-2025 20:28:23.929,173,RECV,7E007D318100062D02AE004E363034362D334B524F31
06-02-2025 20:28:23.929,174,RECV,7E007D3181000231021E004E323034362D4632303507
06-02-2025 20:28:23.929,175,RECV,7E007D318100011D0257004E313034362D5A3357508D
06-02-2025 20:28:25.332,176,RECV,7E007D318100053702DD004E353034372D44455258E5
06-02-2025 20:28:25.433,177,RECV,7E007D318100063002AF004E363034372D5A41314936
06-02-2025 20:28:25.433,178,RECV,7E007D31810002310220004E323034372D31575455B0
06-02-2025 20:28:25.433,179,RECV,7E007D318100011D0259004E313034372D5A43365299
06-02-2025 20:28:26.836,180,RECV,7E007D318100053502DE004E353034382D45394D4D00
06-02-2025 20:28:26.936,181,RECV,7E007D318100062F02B0004E363034382D3852463545
06-02-2025 20:28:26.940,182,RECV,7E007D31810002310222004E323034382D464A3151CC
06-02-2025 20:28:26.941,183,RECV,7E007D318100011D025B004E313034382D39504832B8
06-02-2025 20:28:28.340,184,RECV,7E007D318100053402E1004E353034392D4A523647FC
06-02-2025 20:28:28.440,185,RECV,7E007D318100062E02B3004E363034392D583552557D33
06-02-2025 20:28:28.440,186,RECV,7E007D31810002310223004E323034392D45364939DF
06-02-2025 20:28:28.440,187,RECV,7E007D318100011D025C004E313034392D505159358A
06-02-2025 20:28:29.844,188,RECV,7E007D318100053402E2004E353035302D454F5442F2
06-02-2025 20:28:29.944,189,RECV,7E007D318100062D02B4004E363035302D3345394F4F
06-02-2025 20:28:29.944,190,RECV,7E007D31810002310225004E323035302D384D4831E4
06-02-2025 20:28:29.944,191,RECV,7E007D318100011D025E004E313035302D35484132CF
06-02-2025 20:28:31.348,192,RECV,7E007D318100053402E4004E353035312D454648370F
06-02-2025 20:28:31.448,193,RECV,7E007D318100062D02B6004E363035312D49334E5A28
06-02-2025 20:28:31.448,194,RECV,7E007D31810002310227004E323035312D5848585592
06-02-2025 20:28:31.449,195,RECV,7E007D318100011E0260004E313035312D4D54504F7B
06-02-2025 20:28:32.852,196,RECV,7E007D318100053402E6004E353035322D45484F4FEB
06-02-2025 20:28:32.952,197,RECV,7E007D318100062D02B8004E363035322D4837434E39
06-02-2025 20:28:32.954,198,RECV,7E007D31810002310229004E323035322D4E4D414AB6
06-02-2025 20:28:32.954,199,RECV,7E007D318100011D0262004E313035322D444F4243A1
06-02-2025 20:28:34.356,200,RECV,7E007D318100053402E7004E353035332D55473250F6
06-02-2025 20:28:34.456,201,RECV,7E007D318100062D02B9004E363035332D3333575436
06-02-2025 20:28:34.459,202,RECV,7E007D3181000231022B004E323035332D335A4E39C5
06-02-2025 20:28:34.459,203,RECV,7E007D318100011D0264004E313035332D5359503189
06-02-2025 20:28:35.860,204,RECV,7E007D318100053402EA004E353035342D4334524EF9
06-02-2025 20:28:35.910,205,RECV,7E007D318100062D02BC004E363035342D4C36584722
06-02-2025 20:28:35.911,206,RECV,7E007D3181000231022C004E323035342D41515746A8
06-02-2025 20:28:35.931,207,RECV,7E007D318100011D0265004E313035342D4E42595477
06-02-2025 20:28:37.364,208,RECV,7E007D318100053402EB004E353035352D4635593406
06-02-2025 20:28:37.414,209,RECV,7E007D318100062D02BD004E363035352D474F414C1E
06-02-2025 20:28:37.415,210,RECV,7E007D3181000231022E004E323035352D524B5934AA
06-02-2025 20:28:37.435,211,RECV,7E007D318100011D0267004E313035352D584C525764
06-02-2025 20:28:38.868,212,RECV,7E007D318100053402EC004E353035362D323636501E
06-02-2025 20:28:38.968,213,RECV,7E007D318100062D02BE004E363035362D4451423335
06-02-2025 20:28:38.987,214,RECV,7E007D31810002310230004E323035362D5944594992
06-02-2025 20:28:38.987,215,RECV,7E007D318100011D0269004E313035362D4F385A517C
06-02-2025 20:28:40.322,216,RECV,7E007D318100053702EF004E353035372D394D5942E4
06-02-2025 20:28:40.422,217,RECV,7E007D318100063002C1004E363035372D5158484403
06-02-2025 20:28:40.422,218,RECV,7E007D31810002320231004E323035372D5835474CAE
06-02-2025 20:28:40.443,219,RECV,7E007D318100011D026A004E313035372D474F50477F
06-02-2025 20:28:41.875,220,RECV,7E007D318100053602F0004E353035382D4F4F4743DC
06-02-2025 20:28:41.976,221,RECV,7E007D318100062F02C2004E363035382D374D344B34
06-02-2025 20:28:42.007,222,RECV,7E007D31810002310233004E323035382D4A564B459C
06-02-2025 20:28:42.007,223,RECV,7E007D318100011D026C004E313035382D4B41444B8E
06-02-2025 20:28:43.330,224,RECV,7E007D318100053502F2004E353035392D4334514FEB
06-02-2025 20:28:43.430,225,RECV,7E007D318100062E02C4004E363035392D4539363150
06-02-2025 20:28:43.430,226,RECV,7E007D31810002310235004E323035392D51333653BC
06-02-2025 20:28:43.441,227,RECV,7E007D318100011D026E004E313035392D334E425390
06-02-2025 20:28:44.842,228,RECV,7E007D318100053402F4004E353036302D57445038E6
06-02-2025 20:28:44.934,229,RECV,7E007D318100062D02C6004E363036302D5A52394215
06-02-2025 20:28:44.936,230,RECV,7E007D31810002320237004E323036302D33305930E2
06-02-2025 20:28:44.944,231,RECV,7E007D318100011D0270004E313036302D535A534D5F
06-02-2025 20:28:46.338,232,RECV,7E007D318100053402F5004E353036312D315A3955EE
06-02-2025 20:28:46.438,233,RECV,7E007D318100063102C7004E363036312D4547424A1E
06-02-2025 20:28:46.438,234,RECV,7E007D31810002320239004E323036312D45584D429F
06-02-2025 20:28:46.448,235,RECV,7E007D318100011D0272004E313036312D414C503597
06-02-2025 20:28:47.842,236,RECV,7E007D318100053702F8004E353036322D36454448F9
06-02-2025 20:28:47.942,237,RECV,7E007D318100063102CA004E363036322D44324E3638
06-02-2025 20:28:47.942,238,RECV,7E007D3181000231023A004E323036322D4B49594697
06-02-2025 20:28:47.942,239,RECV,7E007D318100011E0273004E313036322D42334839B0
06-02-2025 20:28:49.346,240,RECV,7E007D318100053802F9004E353036332D3832515AE8
06-02-2025 20:28:49.446,241,RECV,7E007D318100063002CB004E363036332D48334B3536
06-02-2025 20:28:49.446,242,RECV,7E007D3181000231023C004E323036332D5A4E5A4382
06-02-2025 20:28:49.446,243,RECV,7E007D318100011E0275004E313036332D4E44454686
06-02-2025 20:28:50.850,244,RECV,7E007D318100053702FA004E353036342D52335958C6
06-02-2025 20:28:50.950,245,RECV,7E007D318100063002CC004E363036342D4D4C413421
06-02-2025 20:28:50.950,246,RECV,7E007D3181000231023D004E323036342D58394E4E98
06-02-2025 20:28:50.953,247,RECV,7E007D318100011E0277004E313036342D4A353747A3
06-02-2025 20:28:52.354,248,RECV,7E007D318100053702FD004E353036352D59545631C4
06-02-2025 20:28:52.454,249,RECV,7E007D318100063002CF004E363036352D354C323840
06-02-2025 20:28:52.454,250,RECV,7E007D3181000232023E004E323036352D41464C33BC
06-02-2025 20:28:52.454,251,RECV,7E007D318100011E0278004E313036352D564452367C
06-02-2025 20:28:53.858,252,RECV,7E007D318100053702FE004E353036362D3955535ABB
06-02-2025 20:28:53.958,253,RECV,7E007D318100063002D0004E363036362D4B57384F00
06-02-2025 20:28:53.958,254,RECV,7E007D31810002320240004E323036362D30443537DF
06-02-2025 20:28:53.958,255,RECV,7E007D318100011E027A004E313036362D524E4B555B
06-02-2025 20:28:55.362,256,RECV,7E007D31810005370201004E353036372D4B523648D7
06-02-2025 20:28:55.462,257,RECV,7E007D318100063002D2004E363036372D4D364F381C
06-02-2025 20:28:55.475,258,RECV,7E007D31810002310242004E323036372D5352585868
06-02-2025 20:28:55.477,259,RECV,7E007D318100011E027C004E313036372D304650458D
06-02-2025 20:28:56.866,260,RECV,7E007D31810005370203004E353036382D363132470F
06-02-2025 20:28:56.966,261,RECV,7E007D318100063002D4004E363036382D3134443248
06-02-2025 20:28:56.966,262,RECV,7E007D31810002310244004E323036382D5331314BBA
06-02-2025 20:28:56.967,263,RECV,7E007D318100011E027D5E004E313036382D594B533668
06-02-2025 20:28:58.370,264,RECV,7E007D31810005370204004E353036392D5A474C39C7
06-02-2025 20:28:58.471,265,RECV,7E007D318100063102D5004E363036392D3848574504
06-02-2025 20:28:58.494,266,RECV,7E007D31810002320246004E323036392D4150424E95
06-02-2025 20:28:58.495,267,RECV,7E007D318100011E0280004E313036392D364D51348A
06-02-2025 20:28:59.874,268,RECV,7E007D31810005370207004E353037302D58485133CE
06-02-2025 20:28:59.974,269,RECV,7E007D318100063002D8004E363037302D5338334F19
06-02-2025 20:28:59.985,270,RECV,7E007D31810002310247004E323037302D49474731B6
06-02-2025 20:28:59.985,271,RECV,7E007D318100011E0281004E313037302D4A324335A5
06-02-2025 20:29:01.377,272,RECV,7E007D31810005370208004E353037312D4F48524CBB
06-02-2025 20:29:01.478,273,RECV,7E007D318100063002D9004E363037312D4D304A500D
06-02-2025 20:29:01.482,274,RECV,7E007D31810002310249004E323037312D4945575680
06-02-2025 20:29:01.482,275,RECV,7E007D318100011E0283004E313037312D43534B3184
06-02-2025 20:29:02.881,276,RECV,7E007D31810005360209004E353037322D4636384DEE
06-02-2025 20:29:02.982,277,RECV,7E007D318100062F02DA004E363037322D4C4D4C53EB
06-02-2025 20:29:02.982,278,RECV,7E007D3181000231024A004E323037322D39363858BA
06-02-2025 20:29:02.982,279,RECV,7E007D318100011E0285004E313037322D534B4C4465
06-02-2025 20:29:04.366,280,RECV,7E007D3181000534020C004E353037332D53335939D5
06-02-2025 20:29:04.486,281,RECV,7E007D318100062E02DD004E363037332D4330535406
06-02-2025 20:29:04.486,282,RECV,7E007D3181000232024B004E323037332D414D5632A0
06-02-2025 20:29:04.491,283,RECV,7E007D318100011E0286004E313037332D4754383688
06-02-2025 20:29:05.839,284,RECV,7E007D3181000534020D004E353037342D42594E54AE
06-02-2025 20:29:05.990,285,RECV,7E007D318100062E02DE004E363037342D5151324604
06-02-2025 20:29:05.991,286,RECV,7E007D3181000232024D004E323037342D545849427C
06-02-2025 20:29:05.991,287,RECV,7E007D318100011E0288004E313037342D4536594D6D
06-02-2025 20:29:07.343,288,RECV,7E007D3181000534020F004E353037352D50574F589A
06-02-2025 20:29:07.494,289,RECV,7E007D318100062D02E0004E363037352D4749523901
06-02-2025 20:29:07.494,290,RECV,7E007D3181000232024F004E323037352D41394630C0
06-02-2025 20:29:07.494,291,RECV,7E007D318100011E028A004E313037352D4C4836556C
06-02-2025 20:29:08.848,292,RECV,7E007D3181000533027D31004E353037362D5A523147C2
06-02-2025 20:29:08.998,293,RECV,7E007D318100063002E2004E363037362D513237322A
06-02-2025 20:29:08.998,294,RECV,7E007D31810002320251004E323037362D39355338B4
06-02-2025 20:29:08.998,295,RECV,7E007D318100011E028C004E313037362D334847398D
06-02-2025 20:29:10.352,296,RECV,7E007D31810005340212004E353037372D434C5A44B6
06-02-2025 20:29:10.502,297,RECV,7E007D318100062E02E3004E363037372D4457494DE5
06-02-2025 20:29:10.504,298,RECV,7E007D31810002320253004E323037372D3437475A9E
06-02-2025 20:29:10.505,299,RECV,7E007D318100011E028E004E313037372D4235585165
06-02-2025 20:29:11.856,300,RECV,7E007D31810005340215004E353037382D514C3839D1
06-02-2025 20:29:12.006,301,RECV,7E007D318100062E02E6004E363037382D424F303918
06-02-2025 20:29:12.006,302,RECV,7E007D31810002320254004E323037382D35315237B9
06-02-2025 20:29:12.006,303,RECV,7E007D318100011E028F004E313037382D5150524E42
06-02-2025 20:29:13.360,304,RECV,7E007D31810005340216004E353037392D54444D46B2
06-02-2025 20:29:13.510,305,RECV,7E007D318100062E02E7004E363037392D313734482C
06-02-2025 20:29:13.511,306,RECV,7E007D31810002320256004E323037392D584F323894
06-02-2025 20:29:13.511,307,RECV,7E007D318100011E0291004E313037392D424D33437B
06-02-2025 20:29:14.864,308,RECV,7E007D31810005340217004E353038302D56424953B0
06-02-2025 20:29:15.014,309,RECV,7E007D318100062E02E8004E363038302D4737415305
06-02-2025 20:29:15.014,310,RECV,7E007D31810002320258004E323038302D48365032AB
06-02-2025 20:29:15.014,311,RECV,7E007D318100011E0293004E313038302D535252424D
06-02-2025 20:29:16.368,312,RECV,7E007D3181000534021A004E353038312D34464742DD
06-02-2025 20:29:16.518,313,RECV,7E007D318100062E02EB004E363038312D5659494BD0
06-02-2025 20:29:16.519,314,RECV,7E007D31810002320259004E323038312D5A47375A77
06-02-2025 20:29:16.519,315,RECV,7E007D318100011E0294004E313038312D4350435856
06-02-2025 20:29:17.872,316,RECV,7E007D3181000534021B004E353038322D4F364531E3
06-02-2025 20:29:18.022,317,RECV,7E007D318100062E02EC004E363038322D52525854C1
06-02-2025 20:29:18.022,318,RECV,7E007D3181000232025B004E323038322D30455632A9
06-02-2025 20:29:18.022,319,RECV,7E007D318100011E0296004E313038322D5438373589
06-02-2025 20:29:19.375,320,RECV,7E007D3181000534021D004E353038332D5A36514AB0
06-02-2025 20:29:19.526,321,RECV,7E007D318100062D02EE004E363038332D51365535FE
06-02-2025 20:29:19.526,322,RECV,7E007D3181000232025D004E323038332D38494F488B
06-02-2025 20:29:19.526,323,RECV,7E007D318100011E0298004E313038332D303750388F
06-02-2025 20:29:20.880,324,RECV,7E007D3181000534021F004E353038342D4C44414BBC
06-02-2025 20:29:21.030,325,RECV,7E007D318100062D02F0004E363038342D314B4852F6
06-02-2025 20:29:21.030,326,RECV,7E007D3181000232025F004E323038342D30484332B3
06-02-2025 20:29:21.030,327,RECV,7E007D318100011E029A004E313038342D4F38434A67
06-02-2025 20:29:22.384,328,RECV,7E007D31810005350220004E353038352D4535584EB5
06-02-2025 20:29:22.535,329,RECV,7E007D318100062F02F1004E363038352D4A394B5AE0
06-02-2025 20:29:22.540,330,RECV,7E007D31810002320261004E323038352D474C504B6F
06-02-2025 20:29:22.540,331,RECV,7E007D318100011E029C004E313038352D53594D4639
06-02-2025 20:29:23.888,332,RECV,7E007D31810005350223004E353038362D4448364BC4
06-02-2025 20:29:24.038,333,RECV,7E007D318100062F02F4004E363038362D4C514F49CF
06-02-2025 20:29:24.045,334,RECV,7E007D31810002320262004E323038362D354342439E
06-02-2025 20:29:24.045,335,RECV,7E007D318100011E029D004E313038362D303341478B
06-02-2025 20:29:25.392,336,RECV,7E007D31810005340224004E353038372D34443653CF
06-02-2025 20:29:25.513,337,RECV,7E007D318100062F02F5004E363038372D46454F54D4
06-02-2025 20:29:25.513,338,RECV,7E007D31810002310264004E323038372D5834584F66
06-02-2025 20:29:25.533,339,RECV,7E007D318100011E029F004E313038372D4348574E43
06-02-2025 20:29:26.896,340,RECV,7E007D31810005340225004E353038382D5A45504897
06-02-2025 20:29:27.027,341,RECV,7E007D318100062E02F6004E363038382D56444E35E4
06-02-2025 20:29:27.028,342,RECV,7E007D31810002300266004E323038382D5034394E8C
06-02-2025 20:29:27.038,343,RECV,7E007D318100011E02A1004E313038382D505431316A
06-02-2025 20:29:28.400,344,RECV,7E007D31810005370228004E353038392D52344C45B0
06-02-2025 20:29:28.501,345,RECV,7E007D318100062E02F9004E363038392D57354732F8
06-02-2025 20:29:28.521,346,RECV,7E007D31810002320267004E323038392D5A32393698
06-02-2025 20:29:28.532,347,RECV,7E007D318100011E02A2004E313038392D4B4B47424F
06-02-2025 20:29:29.904,348,RECV,7E007D31810005370229004E353039302D58494841A4
06-02-2025 20:29:30.004,349,RECV,7E007D318100063002FA004E363039302D3951384CF4
06-02-2025 20:29:30.035,350,RECV,7E007D31810002310269004E323039302D58344F437C
06-02-2025 20:29:30.035,351,RECV,7E007D318100011E02A4004E313039302D5835493668
06-02-2025 20:29:31.409,352,RECV,7E007D3181000537022B004E353039312D354F4146C0
06-02-2025 20:29:31.509,353,RECV,7E007D318100063102FC004E363039312D54434238ED
06-02-2025 20:29:31.559,354,RECV,7E007D318100011E02A6004E313039312D493444565A
06-02-2025 20:29:32.873,355,RECV,7E007D3181000537022D004E353039322D384F4437C6
06-02-2025 20:29:33.013,356,RECV,7E007D318100063102FE004E363039322D3052514DDB
06-02-2025 20:29:33.034,357,RECV,7E007D3181000231026D004E323039322D5152573466
06-02-2025 20:29:33.034,358,RECV,7E007D318100011E02A8004E313039322D5A51475A22
06-02-2025 20:29:34.377,359,RECV,7E007D3181000537022E004E353039332D43304242CF
06-02-2025 20:29:34.518,360,RECV,7E007D318100063102FF004E363039332D54573143DA
06-02-2025 20:29:34.518,361,RECV,7E007D3181000231026F004E323039332D585233387C
06-02-2025 20:29:34.568,362,RECV,7E007D318100011E02AA004E313039332D4D43485043
06-02-2025 20:29:35.870,363,RECV,7E007D31810005370231004E353039342D4C594E5A75
06-02-2025 20:29:36.021,364,RECV,7E007D31810006310203004E363039342D4F424A4BCE
06-02-2025 20:29:36.021,365,RECV,7E007D31810002310270004E323039342D4130495481
06-02-2025 20:29:36.071,366,RECV,7E007D318100011E02AB004E313039342D484352305C
06-02-2025 20:29:37.374,367,RECV,7E007D31810005370232004E353039352D59473343AA
06-02-2025 20:29:37.525,368,RECV,7E007D31810006310204004E363039352D374C3042FD
06-02-2025 20:29:37.525,369,RECV,7E007D31810002310272004E323039352D36333041B2
06-02-2025 20:29:37.575,370,RECV,7E007D318100011E02AD004E313039352D364C41455E
06-02-2025 20:29:38.878,371,RECV,7E007D31810005360233004E353039362D47463142BF
06-02-2025 20:29:39.029,372,RECV,7E007D31810006300205004E363039362D42534636E0
06-02-2025 20:29:39.029,373,RECV,7E007D31810002310274004E323039362D4258374177
06-02-2025 20:29:39.079,374,RECV,7E007D318100011E02AF004E313039362D3037415665
06-02-2025 20:29:40.383,375,RECV,7E007D31810005350236004E353039372D35573034CC
06-02-2025 20:29:40.533,376,RECV,7E007D318100062E0208004E363039372D51334D58C6
06-02-2025 20:29:40.533,377,RECV,7E007D31810002310275004E323039372D3231455A85
06-02-2025 20:29:40.583,378,RECV,7E007D318100011D02B0004E313039372D475346542E
06-02-2025 20:29:41.886,379,RECV,7E007D31810005340237004E353039382D355A384BA9
06-02-2025 20:29:42.037,380,RECV,7E007D318100062D0209004E363039382D5A305051C3
06-02-2025 20:29:42.041,381,RECV,7E007D31810002310277004E323039382D4C4655326B
06-02-2025 20:29:42.087,382,RECV,7E007D318100011E02B2004E313039382D5657303948
06-02-2025 20:29:43.391,383,RECV,7E007D31810005380239004E353039392D4B55305A8A
06-02-2025 20:29:43.541,384,RECV,7E007D3181000631020B004E363039392D32504137ED
06-02-2025 20:29:43.556,385,RECV,7E007D31810002310279004E323039392D3654593569
06-02-2025 20:29:43.591,386,RECV,7E007D318100011D02B4004E313039392D585153362A
