06-27-2025 03:10:30.361,-,API2,"Sink 1,0013A20041839DB1,802.15.4 TH,2003,/dev/ttyUSB0 - 57600/8/M/1/N,1,46"

06-27-2025 03:10:11.117,0,RECV,7E000F8100031C024E333030302D3534395A23
06-27-2025 03:10:11.123,1,RECV,7E000F8100052D024E353030302D3856354CFB
06-27-2025 03:10:11.124,2,RECV,7E000F81000120024E313030302D3341324237
06-27-2025 03:10:11.168,3,RECV,7E000F8100031C024E333030312D315A355707
06-27-2025 03:10:11.169,4,RECV,7E000F81000120024E313030312D534337470A
06-27-2025 03:10:11.169,5,RECV,7E000F8100031C024E333030322D5734374615
06-27-2025 03:10:11.178,6,RECV,7E000F81000120024E313030322D4D564A32FE
06-27-2025 03:10:11.217,7,RECV,7E000F8100031C024E333030332D5039385308
06-27-2025 03:10:11.217,8,RECV,7E000F81000120024E313030332D4855424FEE
06-27-2025 03:10:11.267,9,RECV,7E000F8100031C024E333030342D43574642F9
06-27-2025 03:10:11.267,10,RECV,7E000F81000120024E313030342D4F5435340F
06-27-2025 03:10:11.268,11,RECV,7E000F8100031C024E333030352D433233541E
06-27-2025 03:10:11.268,12,RECV,7E000F81000120024E313030352D465A4F45E6
06-27-2025 03:10:11.318,13,RECV,7E000F8100031C024E333030362D4C4A30480B
06-27-2025 03:10:11.327,14,RECV,7E000F81000120024E313030362D304F5050FA
06-27-2025 03:10:11.368,15,RECV,7E000F8100031C024E333030372D374D314D16
06-27-2025 03:10:11.368,16,RECV,7E000F81000120024E313030372D3542453923
06-27-2025 03:10:11.369,17,RECV,7E000F8100031C024E333030382D57585059BF
06-27-2025 03:10:11.369,18,RECV,7E000F81000120024E313030382D4D4F4D4EE0
06-27-2025 03:10:11.418,19,RECV,7E000F8100052D024E353030392D5A584446C5
06-27-2025 03:10:11.419,20,RECV,7E000F8100031C024E333030392D5430584EEC
06-27-2025 03:10:11.419,21,RECV,7E000F81000120024E313030392D36514954F2
06-27-2025 03:10:11.419,22,RECV,7E000F8100052D024E353031302D3137474119
06-27-2025 03:10:11.419,23,RECV,7E000F8100031C024E333031302D3734393545
06-27-2025 03:10:11.420,24,RECV,7E000F81000120024E313031302D4453334F05
06-27-2025 03:10:11.468,25,RECV,7E000F8100052E024E353031312D54435548D3
06-27-2025 03:10:11.469,26,RECV,7E000F8100031C024E333031312D3649495005
06-27-2025 03:10:11.470,27,RECV,7E000F81000120024E313031312D46474E59E9
06-27-2025 03:10:11.489,28,RECV,7E000F8100052E024E353031322D454F4439F5
06-27-2025 03:10:11.509,29,RECV,7E000F8100031C024E333031322D31324C3835
06-27-2025 03:10:11.509,30,RECV,7E000F81000120024E313031322D57444147F9
06-27-2025 03:10:11.528,31,RECV,7E000F8100052E024E353031332D455A3550E1
06-27-2025 03:10:11.528,32,RECV,7E000F8100031C024E333031332D4A38424B0C
06-27-2025 03:10:11.528,33,RECV,7E000F8100022D024E323031332D4C48334203
06-27-2025 03:10:11.528,34,RECV,7E000F81000120024E313031332D5A453755F0
06-27-2025 03:10:11.569,35,RECV,7E000F8100052E024E353031342D3039593012
06-27-2025 03:10:11.569,36,RECV,7E000F8100031C024E333031342D4D545549DB
06-27-2025 03:10:11.569,37,RECV,7E000F8100022C024E323031342D513537410E
06-27-2025 03:10:11.569,38,RECV,7E000F81000120024E313031342D315656300D
06-27-2025 03:10:11.619,39,RECV,7E000F8100052E024E353031352D444F4D58CB
06-27-2025 03:10:11.620,40,RECV,7E000F8100031C024E333031352D33574A59EC
06-27-2025 03:10:11.620,41,RECV,7E000F8100022C024E323031352D364938371D
06-27-2025 03:10:11.620,42,RECV,7E000F81000120024E313031352D553435312A
06-27-2025 03:10:11.621,43,RECV,7E000F8100052E024E353031362D4B48544AD1
06-27-2025 03:10:11.621,44,RECV,7E000F8100031C024E333031362D54355247F6
06-27-2025 03:10:11.621,45,RECV,7E000F8100022C024E323031362D5A533636F1
06-27-2025 03:10:11.621,46,RECV,7E000F81000120024E313031362D5A424656E0
06-27-2025 03:10:11.669,47,RECV,7E000F8100052E024E353031372D52434E30EE
06-27-2025 03:10:11.669,48,RECV,7E000F8100031C024E333031372D4C593844F6
06-27-2025 03:10:11.670,49,RECV,7E000F8100022C024E323031372D53343951F8
06-27-2025 03:10:11.670,50,RECV,7E000F81000120024E313031372D5530393029
06-27-2025 03:10:11.719,51,RECV,7E000F8100052E024E353031382D43393854F8
06-27-2025 03:10:11.774,52,RECV,7E000F8100031C024E333031382D5A55333004
06-27-2025 03:10:11.783,53,RECV,7E000F8100022C024E323031382D324E3555FE
06-27-2025 03:10:11.783,54,RECV,7E000F81000120024E313031382D3252494405
06-27-2025 03:10:11.783,55,RECV,7E000F8100052E024E353031392D4B584B4DC4
06-27-2025 03:10:11.783,56,RECV,7E000F8100031C024E333031392D4C3153360F
06-27-2025 03:10:11.783,57,RECV,7E000F8100022C024E323031392D39485441F1
06-27-2025 03:10:11.783,58,RECV,7E000F81000120024E313031392D4F534834F7
06-27-2025 03:10:11.783,59,RECV,7E000F8100052E024E353032302D33523355FA
06-27-2025 03:10:11.783,60,RECV,7E000F8100031C024E333032302D4A39414C0D
06-27-2025 03:10:11.783,61,RECV,7E000F8100022C024E323032302D5030473018
06-27-2025 03:10:11.783,62,RECV,7E000F81000120024E313032302D444F494CF5
06-27-2025 03:10:11.783,63,RECV,7E000F8100052E024E353032312D323345520A
06-27-2025 03:10:11.783,64,RECV,7E000F8100031C024E333032312D4858414EED
06-27-2025 03:10:11.783,65,RECV,7E000F8100022C024E323032312D504A395AE1
06-27-2025 03:10:11.795,66,RECV,7E000F81000120024E313032312D5654304DF5
06-27-2025 03:10:11.854,67,RECV,7E000F8100052E024E353032322D4A495757C4
06-27-2025 03:10:11.854,68,RECV,7E000F8100031C024E333032322D5738433415
06-27-2025 03:10:11.854,69,RECV,7E000F8100022C024E323032322D5A335958CF
06-27-2025 03:10:11.854,70,RECV,7E000F81000120024E313032322D48485A43EE
06-27-2025 03:10:11.854,71,RECV,7E000F8100052E024E353032332D56383847F7
06-27-2025 03:10:11.854,72,RECV,7E000F8100031C024E333032332D4C53413109
06-27-2025 03:10:11.854,73,RECV,7E000F8100022C024E323032332D36534C54E3
06-27-2025 03:10:11.854,74,RECV,7E000F81000120024E313032332D435A4D52DE
06-27-2025 03:10:11.857,75,RECV,7E000F8100052E024E353032342D3944515ADB
06-27-2025 03:10:11.858,76,RECV,7E000F8100031C024E333032342D323550352D
06-27-2025 03:10:11.859,77,RECV,7E000F8100022C024E323032342D45525044E0
06-27-2025 03:10:11.888,78,RECV,7E000F81000120024E313032342D33554D4EF6
06-27-2025 03:10:11.901,79,RECV,7E000F8100052E024E353032352D4536393717
06-27-2025 03:10:11.901,80,RECV,7E000F8100031C024E333032352D57565932E0
06-27-2025 03:10:11.901,81,RECV,7E000F8100022D024E323032352D50365544EA
06-27-2025 03:10:11.909,82,RECV,7E000F81000120024E313032352D4555414FEE
06-27-2025 03:10:11.918,83,RECV,7E000F8100052E024E353032362D4B38344802
06-27-2025 03:10:11.919,84,RECV,7E000F8100031C024E333032362D50553145FC
06-27-2025 03:10:11.919,85,RECV,7E000F8100022D024E323032362D4F35395AF1
06-27-2025 03:10:11.939,86,RECV,7E000F81000120024E313032362D3432504918
06-27-2025 03:10:11.974,87,RECV,7E000F8100052E024E353032372D49434B39F0
06-27-2025 03:10:11.984,88,RECV,7E000F8100031C024E333032372D4C545356CD
06-27-2025 03:10:11.984,89,RECV,7E000F8100022D024E323032372D4131484FFE
06-27-2025 03:10:11.984,90,RECV,7E000F81000120024E313032372D37304C4221
06-27-2025 03:10:11.985,91,RECV,7E000F8100052E024E353032382D5853384FCD
06-27-2025 03:10:11.989,92,RECV,7E000F8100031C024E333032382D4544563402
06-27-2025 03:10:12.005,93,RECV,7E000F8100022D024E323032382D48595534DC
06-27-2025 03:10:12.006,94,RECV,7E000F81000120024E313032382D5141384A01
06-27-2025 03:10:12.019,95,RECV,7E000F8100052E024E353032392D52574B39D1
06-27-2025 03:10:12.019,96,RECV,7E000F8100031C024E333032392D5946545AC7
06-27-2025 03:10:12.019,97,RECV,7E000F8100022D024E323032392D57435134E6
06-27-2025 03:10:12.019,98,RECV,7E000F81000120024E313032392D5535334A0D
06-27-2025 03:10:12.069,99,RECV,7E000F8100052E024E353033302D44324B49FC
06-27-2025 03:10:12.069,100,RECV,7E000F8100031C024E333033302D3336325031
06-27-2025 03:10:12.069,101,RECV,7E000F8100022D024E323033302D4C304850F9
06-27-2025 03:10:12.069,102,RECV,7E000F81000120024E313033302D5730444809
06-27-2025 03:10:12.069,103,RECV,7E000F8100052E024E353033312D59483555DA
06-27-2025 03:10:12.070,104,RECV,7E000F8100031C024E333033312D395A4E51E9
06-27-2025 03:10:12.119,105,RECV,7E000F8100022D024E323033312D55545856B5
06-27-2025 03:10:12.120,106,RECV,7E000F81000120024E313033312D53465632FA
06-27-2025 03:10:12.120,107,RECV,7E000F8100052E024E353033322D3949344C02
06-27-2025 03:10:12.120,108,RECV,7E000F8100031C024E333033322D54304B311A
06-27-2025 03:10:12.120,109,RECV,7E000F8100022D024E323033322D4F4B515AC6
06-27-2025 03:10:12.120,110,RECV,7E000F81000120024E313033322D3756325605
06-27-2025 03:10:12.169,111,RECV,7E000F8100052E024E353033332D30554F4DE2
06-27-2025 03:10:12.169,112,RECV,7E000F8100031C024E333033332D425243380A
06-27-2025 03:10:12.170,113,RECV,7E000F8100022C024E323033332D3441514203
06-27-2025 03:10:12.170,114,RECV,7E000F81000120024E313033332D574A5636EC
06-27-2025 03:10:12.170,115,RECV,7E000F8100052E024E353033342D42515951C5
06-27-2025 03:10:12.170,116,RECV,7E000F8100031C024E333033342D375A5749E7
06-27-2025 03:10:12.220,117,RECV,7E000F8100022C024E323033342D45574154D9
06-27-2025 03:10:12.220,118,RECV,7E000F81000120024E313033342D52344B52F5
06-27-2025 03:10:12.220,119,RECV,7E000F8100052E024E353033352D564F3937EC
06-27-2025 03:10:12.221,120,RECV,7E000F8100031C024E333033352D4B4F323516
06-27-2025 03:10:12.222,121,RECV,7E000F8100022C024E323033352D41503159EE
06-27-2025 03:10:12.222,122,RECV,7E000F81000120024E313033352D524A4341F7
06-27-2025 03:10:12.223,123,RECV,7E000F8100052E024E353033362D55325645DE
06-27-2025 03:10:12.223,124,RECV,7E000F8100031C024E333033362D574A3445FC
06-27-2025 03:10:12.270,125,RECV,7E000F8100022C024E323033362D554E4851CC
06-27-2025 03:10:12.291,126,RECV,7E000F81000120024E313033362D4F49303519
06-27-2025 03:10:12.297,127,RECV,7E000F8100052E024E353033372D53434842DF
06-27-2025 03:10:12.297,128,RECV,7E000F8100031C024E333033372D5857353001
06-27-2025 03:10:12.297,129,RECV,7E000F8100022C024E323033372D59533453D4
06-27-2025 03:10:12.297,130,RECV,7E000F81000120024E313033372D53503846F4
06-27-2025 03:10:12.301,131,RECV,7E000F8100052E024E353033382D50493542EE
06-27-2025 03:10:12.301,132,RECV,7E000F8100031C024E333033382D483730481D
06-27-2025 03:10:12.301,133,RECV,7E000F8100022D024E323033382D334A3556FD
06-27-2025 03:10:12.303,134,RECV,7E000F81000120024E313033382D3533443335
06-27-2025 03:10:12.332,135,RECV,7E000F8100052E024E353033392D4C513856D2
06-27-2025 03:10:12.332,136,RECV,7E000F8100031C024E333033392D474C5649E1
06-27-2025 03:10:12.370,137,RECV,7E000F8100022C024E323033392D55444E54CA
06-27-2025 03:10:12.370,138,RECV,7E000F81000120024E313033392D354833342F
06-27-2025 03:10:12.370,139,RECV,7E000F8100052E024E353034302D49503343F6
06-27-2025 03:10:12.370,140,RECV,7E000F8100031C024E333034302D49564D52DD
06-27-2025 03:10:12.370,141,RECV,7E000F8100022C024E323034302D4B36343424
06-27-2025 03:10:12.370,142,RECV,7E000F81000120024E313034302D49535857D0
06-27-2025 03:10:12.390,143,RECV,7E000F8100052E024E353034312D4E314554EC
06-27-2025 03:10:12.411,144,RECV,7E000F8100031C024E333034312D4A34514CFF
06-27-2025 03:10:12.411,145,RECV,7E000F8100022D024E323034312D5A374E50DC
06-27-2025 03:10:12.411,146,RECV,7E000F81000120024E313034312D4F35423222
06-27-2025 03:10:12.411,147,RECV,7E000F8100052E024E353034322D35485451E1
06-27-2025 03:10:12.420,148,RECV,7E000F8100031C024E333034322D434F425AEB
06-27-2025 03:10:12.430,149,RECV,7E000F8100022D024E323034322D5045383409
06-27-2025 03:10:12.430,150,RECV,7E000F81000120024E313034322D49474C51EC
06-27-2025 03:10:12.430,151,RECV,7E000F8100052E024E353034332D46474247EC
06-27-2025 03:10:12.470,152,RECV,7E000F8100031C024E333034332D5A464138FF
06-27-2025 03:10:12.470,153,RECV,7E000F8100022D024E323034332D51455035EE
06-27-2025 03:10:12.470,154,RECV,7E000F81000120024E313034332D3649314C1C
06-27-2025 03:10:12.470,155,RECV,7E000F8100052E024E353034342D5144414AE1
06-27-2025 03:10:12.522,156,RECV,7E000F8100031C024E333034342D314D514602
06-27-2025 03:10:12.523,157,RECV,7E000F8100022D024E323034342D4D563453DE
06-27-2025 03:10:12.523,158,RECV,7E000F81000120024E313034342D31544C3412
06-27-2025 03:10:12.523,159,RECV,7E000F8100052E024E353034352D4F4E4A43D6
06-27-2025 03:10:12.523,160,RECV,7E000F8100031C024E333034352D43424A50F7
06-27-2025 03:10:12.523,161,RECV,7E000F8100022D024E323034352D3051514DE8
06-27-2025 03:10:12.531,162,RECV,7E000F81000120024E313034352D494C5351DD
06-27-2025 03:10:12.531,163,RECV,7E000F8100052E024E353034362D39305149FC
06-27-2025 03:10:12.570,164,RECV,7E000F8100031C024E333034362D58455A55C9
06-27-2025 03:10:12.571,165,RECV,7E000F8100022D024E323034362D464C4238FA
06-27-2025 03:10:12.571,166,RECV,7E000F81000120024E313034362D4F4B5857CC
06-27-2025 03:10:12.571,167,RECV,7E000F8100052E024E353034372D36594254D9
06-27-2025 03:10:12.620,168,RECV,7E000F8100031C024E333034372D424A5153E4
06-27-2025 03:10:12.634,169,RECV,7E000F8100022D024E323034372D54594430E4
06-27-2025 03:10:12.634,170,RECV,7E000F81000120024E313034372D45374D4DFE
06-27-2025 03:10:12.634,171,RECV,7E000F8100052E024E353034382D4A4D4641DF
06-27-2025 03:10:12.634,172,RECV,7E000F8100031C024E333034382D57443452F2
06-27-2025 03:10:12.634,173,RECV,7E000F8100022C024E323034382D43415734F6
06-27-2025 03:10:12.634,174,RECV,7E000F81000120024E313034382D4C4F3053F5
06-27-2025 03:10:12.634,175,RECV,7E000F8100052E024E353034392D33374B390E
06-27-2025 03:10:12.641,176,RECV,7E000F8100031C024E333034392D47534E33F7
06-27-2025 03:10:12.642,177,RECV,7E000F8100022C024E323034392D463534361F
06-27-2025 03:10:12.662,178,RECV,7E000F81000120024E313034392D55425047E4
06-27-2025 03:10:12.662,179,RECV,7E000F8100052E024E353035302D394F4A43EF
06-27-2025 03:10:12.672,180,RECV,7E000F8100031C024E333035302D4C4A5457D9
06-27-2025 03:10:12.673,181,RECV,7E000F8100022C024E323035302D4F3036490E
06-27-2025 03:10:12.694,182,RECV,7E000F81000120024E313035302D4935573015
06-27-2025 03:10:12.733,183,RECV,7E000F8100052E024E353035312D354E4E46EC
06-27-2025 03:10:12.734,184,RECV,7E000F8100031C024E333035312D474B524BEA
06-27-2025 03:10:12.734,185,RECV,7E000F8100022C024E323035312D484C384BF4
06-27-2025 03:10:12.734,186,RECV,7E000F81000120024E313035312D53504556DB
06-27-2025 03:10:12.734,187,RECV,7E000F8100052E024E353035322D37475556D9
06-27-2025 03:10:12.741,188,RECV,7E000F8100031C024E333035322D41534A3703
06-27-2025 03:10:12.742,189,RECV,7E000F8100022C024E323035322D474F4F50D5
06-27-2025 03:10:12.742,190,RECV,7E000F81000120024E313035322D334431412F
06-27-2025 03:10:12.773,191,RECV,7E000F8100052E024E353035332D50514C4BC9
06-27-2025 03:10:12.773,192,RECV,7E000F8100031C024E333035332D4E304C3716
06-27-2025 03:10:12.773,193,RECV,7E000F8100022C024E323035332D4D345535FE
06-27-2025 03:10:12.773,194,RECV,7E000F81000120024E313035332D524E4259DC
06-27-2025 03:10:12.821,195,RECV,7E000F8100052E024E353035342D34445245F1
06-27-2025 03:10:12.821,196,RECV,7E000F8100031C024E333035342D3042493229
06-27-2025 03:10:12.821,197,RECV,7E000F8100022C024E323035342D4D56454ED2
06-27-2025 03:10:12.822,198,RECV,7E000F81000120024E313035342D4D3530491B
06-27-2025 03:10:12.822,199,RECV,7E000F8100052E024E353035352D50504843D4
06-27-2025 03:10:12.822,200,RECV,7E000F8100031C024E333035352D5A42545ACB
06-27-2025 03:10:12.871,201,RECV,7E000F8100022C024E323035352D59513732F4
06-27-2025 03:10:12.873,202,RECV,7E000F81000120024E313035352D4B4C3649FF
06-27-2025 03:10:12.873,203,RECV,7E000F8100052E024E353035362D38335554EA
06-27-2025 03:10:12.873,204,RECV,7E000F8100031C024E333035362D5A325251E5
06-27-2025 03:10:12.874,205,RECV,7E000F8100022C024E323035362D55424232FB
06-27-2025 03:10:12.874,206,RECV,7E000F81000120024E313035362D58434738FA
06-27-2025 03:10:12.882,207,RECV,7E000F8100052E024E353035372D37484755E2
06-27-2025 03:10:12.882,208,RECV,7E000F8100031C024E333035372D3137324930
06-27-2025 03:10:12.921,209,RECV,7E000F8100022D024E323035372D53525041CE
06-27-2025 03:10:12.923,210,RECV,7E000F81000120024E313035372D534E374FEC
06-27-2025 03:10:12.923,211,RECV,7E000F8100052E024E353035382D4C5A5934C9
06-27-2025 03:10:12.923,212,RECV,7E000F8100031C024E333035382D395631371B
06-27-2025 03:10:12.972,213,RECV,7E000F8100022C024E323035382D534D4658C6
06-27-2025 03:10:12.974,214,RECV,7E000F81000120024E313035382D5134593004
06-27-2025 03:10:12.975,215,RECV,7E000F8100052E024E353035392D444A424FDC
06-27-2025 03:10:12.975,216,RECV,7E000F8100031C024E333035392D544F4F53CC
06-27-2025 03:10:12.975,217,RECV,7E000F8100022C024E323035392D564C3345E9
06-27-2025 03:10:12.975,218,RECV,7E000F81000120024E313035392D43524759DC
06-27-2025 03:10:12.975,219,RECV,7E000F8100052E024E353036302D4644414BED
06-27-2025 03:10:12.975,220,RECV,7E000F8100031C024E333036302D54484836FF
06-27-2025 03:10:13.022,221,RECV,7E000F8100022C024E323036302D50305354E4
06-27-2025 03:10:13.027,222,RECV,7E000F81000120024E313036302D344E535AEA
06-27-2025 03:10:13.027,223,RECV,7E000F8100052E024E353036312D56565241C3
06-27-2025 03:10:13.027,224,RECV,7E000F8100031C024E333036312D4B4D394502
06-27-2025 03:10:13.027,225,RECV,7E000F8100022D024E323036312D314D5844EF
06-27-2025 03:10:13.027,226,RECV,7E000F81000120024E313036312D5631554EEE
06-27-2025 03:10:13.027,227,RECV,7E000F8100052E024E353036322D395A4B41E2
06-27-2025 03:10:13.072,228,RECV,7E000F8100031C024E333036322D3231304E36
06-27-2025 03:10:13.073,229,RECV,7E000F8100022D024E323036322D314A5344F6
06-27-2025 03:10:13.073,230,RECV,7E000F81000120024E313036322D58304754F4
06-27-2025 03:10:13.073,231,RECV,7E000F8100052E024E353036332D4C583531F6
06-27-2025 03:10:13.073,232,RECV,7E000F8100031C024E333036332D4B395959E0
06-27-2025 03:10:13.093,233,RECV,7E000F8100022D024E323036332D46524547E3
06-27-2025 03:10:13.093,234,RECV,7E000F81000120024E313036332D53514F4BD8
06-27-2025 03:10:13.094,235,RECV,7E000F8100052E024E353036342D4E354B3100
06-27-2025 03:10:13.122,236,RECV,7E000F8100031C024E333036342D5333383027
06-27-2025 03:10:13.123,237,RECV,7E000F8100022D024E323036342D42535456C7
06-27-2025 03:10:13.123,238,RECV,7E000F81000120024E313036342D52344C57EC
06-27-2025 03:10:13.123,239,RECV,7E000F8100052E024E353036352D43415235F3
06-27-2025 03:10:13.172,240,RECV,7E000F8100031C024E333036352D4247484AF9
06-27-2025 03:10:13.189,241,RECV,7E000F8100022C024E323036352D4A47514BD9
06-27-2025 03:10:13.189,242,RECV,7E000F81000120024E313036352D59563345ED
06-27-2025 03:10:13.189,243,RECV,7E000F8100052E024E353036362D52484A43D6
06-27-2025 03:10:13.189,244,RECV,7E000F8100031C024E333036362D45585A48D4
06-27-2025 03:10:13.189,245,RECV,7E000F8100022C024E323036362D51494C34EB
06-27-2025 03:10:13.189,246,RECV,7E000F81000120024E313036362D4235313635
06-27-2025 03:10:13.189,247,RECV,7E000F8100052E024E353036372D4D5A4D4EBA
06-27-2025 03:10:13.222,248,RECV,7E000F8100031C024E333036372D53464C41EC
06-27-2025 03:10:13.224,249,RECV,7E000F8100022C024E323036372D4336325108
06-27-2025 03:10:13.224,250,RECV,7E000F81000120024E313036372D4C49444CED
06-27-2025 03:10:13.224,251,RECV,7E000F8100052E024E353036382D53585855A3
06-27-2025 03:10:13.274,252,RECV,7E000F8100031C024E333036382D4A3936391F
06-27-2025 03:10:13.275,253,RECV,7E000F8100022C024E323036382D523130311F
06-27-2025 03:10:13.275,254,RECV,7E000F81000120024E313036382D384539302B
06-27-2025 03:10:13.280,255,RECV,7E000F8100052E024E353036392D53484B34E0
06-27-2025 03:10:13.280,256,RECV,7E000F8100031C024E333036392D5046434FE8
06-27-2025 03:10:13.280,257,RECV,7E000F8100022C024E323036392D4D533243ED
06-27-2025 03:10:13.280,258,RECV,7E000F81000120024E313036392D4D423255FA
06-27-2025 03:10:13.280,259,RECV,7E000F8100052E024E353037302D5737373508
06-27-2025 03:10:13.325,260,RECV,7E000F8100031C024E333037302D5238433714
06-27-2025 03:10:13.362,261,RECV,7E000F8100022C024E323037302D524E4637ED
06-27-2025 03:10:13.395,262,RECV,7E000F81000120024E313037302D3136594414
06-27-2025 03:10:13.395,263,RECV,7E000F8100052E024E353037312D31305252FC
06-27-2025 03:10:13.395,264,RECV,7E000F8100031C024E333037312D514C5136F3
06-27-2025 03:10:13.395,265,RECV,7E000F8100022C024E323037312D374B5434FF
06-27-2025 03:10:13.395,266,RECV,7E000F81000120024E313037312D4738334421
06-27-2025 03:10:13.395,267,RECV,7E000F8100052E024E353037322D37375742F9
06-27-2025 03:10:13.395,268,RECV,7E000F8100031C024E333037322D41445353EB
06-27-2025 03:10:13.395,269,RECV,7E000F8100022C024E323037322D3930434517
06-27-2025 03:10:13.395,270,RECV,7E000F81000120024E313037322D314445520A
06-27-2025 03:10:13.395,271,RECV,7E000F8100052E024E353037332D37413756FA
06-27-2025 03:10:13.396,272,RECV,7E000F8100031C024E333037332D3144394324
06-27-2025 03:10:13.396,273,RECV,7E000F8100022D024E323037332D52513155DD
06-27-2025 03:10:13.396,274,RECV,7E000F81000120024E313037332D4237353037
06-27-2025 03:10:13.409,275,RECV,7E000F8100052E024E353037342D435A4955C3
06-27-2025 03:10:13.430,276,RECV,7E000F8100031C024E333037342D51485132F8
06-27-2025 03:10:13.430,277,RECV,7E000F8100022D024E323037342D564C5937D3
06-27-2025 03:10:13.430,278,RECV,7E000F81000120024E313037342D4A4F4736FE
06-27-2025 03:10:13.441,279,RECV,7E000F8100052E024E353037352D423447340C
06-27-2025 03:10:13.447,280,RECV,7E000F8100031C024E333037352D3941443322
06-27-2025 03:10:13.475,281,RECV,7E000F8100022D024E323037352D33415449F3
06-27-2025 03:10:13.520,282,RECV,7E000F81000120024E313037352D4E544C31F4
06-27-2025 03:10:13.543,283,RECV,7E000F8100052E024E353037362D36504B36F5
06-27-2025 03:10:13.543,284,RECV,7E000F8100031C024E333037362D51493745FC
06-27-2025 03:10:13.543,285,RECV,7E000F8100022D024E323037362D344E4C4DE8
06-27-2025 03:10:13.543,286,RECV,7E000F81000120024E313037362D454F4E56DA
06-27-2025 03:10:13.543,287,RECV,7E000F8100052E024E353037372D5336363309
06-27-2025 03:10:13.543,288,RECV,7E000F8100031C024E333037372D365331490E
06-27-2025 03:10:13.543,289,RECV,7E000F8100022D024E323037372D4D355358D5
06-27-2025 03:10:13.543,290,RECV,7E000F81000120024E313037372D4D53544AD3
06-27-2025 03:10:13.543,291,RECV,7E000F8100052E024E353037382D57365335E5
06-27-2025 03:10:13.543,292,RECV,7E000F8100031C024E333037382D47514549EA
06-27-2025 03:10:13.575,293,RECV,7E000F8100022D024E323037382D304548380C
06-27-2025 03:10:13.575,294,RECV,7E000F81000120024E313037382D374F414207
06-27-2025 03:10:13.575,295,RECV,7E000F8100052E024E353037392D54513333EE
06-27-2025 03:10:13.575,296,RECV,7E000F8100031C024E333037392D3452323126
06-27-2025 03:10:13.625,297,RECV,7E000F8100022D024E323037392D52574638D9
06-27-2025 03:10:13.631,298,RECV,7E000F81000120024E313037392D3257434BF8
06-27-2025 03:10:13.631,299,RECV,7E000F8100031C024E333038302D4E4A4F34FC
06-27-2025 03:10:13.631,300,RECV,7E000F8100022C024E323038302D4256574AD0
06-27-2025 03:10:13.632,301,RECV,7E000F81000120024E313038302D344A43470F
06-27-2025 03:10:13.676,302,RECV,7E000F8100031C024E333038312D3353473118
06-27-2025 03:10:13.729,303,RECV,7E000F8100022C024E323038312D37524955E1
06-27-2025 03:10:13.729,304,RECV,7E000F81000120024E313038312D354738451D
06-27-2025 03:10:13.729,305,RECV,7E000F8100031C024E333038322D515A5548CD
06-27-2025 03:10:13.729,306,RECV,7E000F8100022C024E323038322D3045594AEF
06-27-2025 03:10:13.729,307,RECV,7E000F81000120024E313038322D5A554C58C2
06-27-2025 03:10:13.729,308,RECV,7E000F8100031C024E333038332D47384F56F0
06-27-2025 03:10:13.729,309,RECV,7E000F8100022C024E323038332D463845370C
06-27-2025 03:10:13.729,310,RECV,7E000F81000120024E313038332D354E423916
06-27-2025 03:10:13.729,311,RECV,7E000F8100031C024E333038342D503330451B
06-27-2025 03:10:13.776,312,RECV,7E000F8100022C024E323038342D57503137F6
06-27-2025 03:10:13.793,313,RECV,7E000F81000120024E313038342D3655373819
06-27-2025 03:10:13.793,314,RECV,7E000F8100031C024E333038352D4E475654D3
06-27-2025 03:10:13.793,315,RECV,7E000F8100022A024E323038352D5846333500
06-27-2025 03:10:13.793,316,RECV,7E000F81000120024E313038352D46513649FC
06-27-2025 03:10:13.826,317,RECV,7E000F8100031C024E333038362D4F503648F4
06-27-2025 03:10:13.827,318,RECV,7E000F81000120024E313038362D323839323C
06-27-2025 03:10:13.872,319,RECV,7E000F8100031C024E333038372D44344B50FD
06-27-2025 03:10:13.877,320,RECV,7E000F81000120024E313038372D3052304A14
06-27-2025 03:10:13.877,321,RECV,7E000F8100031C024E333038382D42454D4BF0
06-27-2025 03:10:13.877,322,RECV,7E000F81000120024E313038382D48514B41EA
06-27-2025 03:10:13.926,323,RECV,7E000F8100031C024E333038392D55315353E2
06-27-2025 03:10:13.975,324,RECV,7E000F81000120024E313038392D344834332B
06-27-2025 03:10:13.975,325,RECV,7E000F8100031C024E333039302D42484658EE
06-27-2025 03:10:13.975,326,RECV,7E000F8100052D024E353039312D50523250DC
06-27-2025 03:10:13.975,327,RECV,7E000F8100022D024E323039302D47484553E0
06-27-2025 03:10:13.975,328,RECV,7E000F81000120024E313039302D50464142FD
06-27-2025 03:10:13.976,329,RECV,7E000F8100031C024E333039312D304A435602
06-27-2025 03:10:13.977,330,RECV,7E000F8100052E024E353039322D53423641F2
06-27-2025 03:10:13.977,331,RECV,7E000F8100022D024E323039312D4F414B38F3
06-27-2025 03:10:13.977,332,RECV,7E000F81000120024E313039312D4B38444707
06-27-2025 03:10:14.030,333,RECV,7E000F8100031C024E333039322D4D585051CE
06-27-2025 03:10:14.030,334,RECV,7E000F8100052E024E353039332D5A4D454EC3
06-27-2025 03:10:14.031,335,RECV,7E000F8100022D024E323039322D5434413903
06-27-2025 03:10:14.031,336,RECV,7E000F81000120024E313039322D4F4A5643E2
06-27-2025 03:10:14.031,337,RECV,7E000F8100031C024E333039332D4E495130FB
06-27-2025 03:10:14.032,338,RECV,7E000F8100052D024E353039342D365A3342F8
06-27-2025 03:10:14.032,339,RECV,7E000F8100022C024E323039332D4D484556D5
06-27-2025 03:10:14.032,340,RECV,7E000F81000120024E313039332D4E49384CF8
06-27-2025 03:10:14.053,341,RECV,7E000F8100031C024E333039342D4C544346E9
06-27-2025 03:10:14.053,342,RECV,7E000F8100052D024E353039352D50384E4BDB
06-27-2025 03:10:14.053,343,RECV,7E000F8100022C024E323039342D45384543FF
06-27-2025 03:10:14.064,344,RECV,7E000F81000120024E313039342D3130544C7D31
06-27-2025 03:10:14.146,345,RECV,7E000F8100031C024E333039352D44493756F7
06-27-2025 03:10:14.152,346,RECV,7E000F8100052D024E353039362D564C3935EB
06-27-2025 03:10:14.152,347,RECV,7E000F8100022D024E323039352D4C4C343006
06-27-2025 03:10:14.152,348,RECV,7E000F81000120024E313039352D423754350F
06-27-2025 03:10:14.152,349,RECV,7E000F8100031C024E333039362D50524D30F1
06-27-2025 03:10:14.152,350,RECV,7E000F8100052D024E353039372D5744434CD0
06-27-2025 03:10:14.152,351,RECV,7E000F8100022D024E323039362D54454136F1
06-27-2025 03:10:14.153,352,RECV,7E000F81000120024E313039362D3034414724
06-27-2025 03:10:14.159,353,RECV,7E000F8100031C024E333039372D31574B53E9
06-27-2025 03:10:14.172,354,RECV,7E000F8100052D024E353039382D43595936CE
06-27-2025 03:10:14.172,355,RECV,7E000F8100022C024E323039372D36533556ED
06-27-2025 03:10:14.172,356,RECV,7E000F81000120024E313039372D59543937F2
06-27-2025 03:10:14.173,357,RECV,7E000F8100031C024E333039382D55485732E8
06-27-2025 03:10:14.177,358,RECV,7E000F8100052E024E353039392D3545374501
06-27-2025 03:10:14.177,359,RECV,7E000F81000120024E313039382D33564356EC
06-27-2025 03:10:14.227,360,RECV,7E000F8100031C024E333039392D413631362F
06-27-2025 03:10:14.249,361,RECV,7E000F8100022C024E323039392D4F585344C1
06-27-2025 03:10:14.249,362,RECV,7E000F81000120024E313039392D564234330E
