06-27-2025 03:12:15.407,-,API2,"Sink 1,0013A20041839DB1,802.15.4 TH,2003,/dev/ttyUSB0 - 57600/8/M/1/N,1,46"

06-27-2025 03:11:47.005,0,RECV,7E000F8100031C024E333030302D4733493824
06-27-2025 03:11:47.006,1,RECV,7E000F81000120024E313030302D58485856D1
06-27-2025 03:11:47.055,2,RECV,7E000F8100031C024E333030312D4156414DF9
06-27-2025 03:11:47.056,3,RECV,7E000F81000120024E313030312D343342591C
06-27-2025 03:11:47.056,4,RECV,7E000F8100031C024E333030322D4750363818
06-27-2025 03:11:47.056,5,RECV,7E000F8100022D024E323030322D45485548E4
06-27-2025 03:11:47.106,6,RECV,7E000F81000120024E313030322D374E58350B
06-27-2025 03:11:47.106,7,RECV,7E000F8100052C024E353030332D53303953F9
06-27-2025 03:11:47.106,8,RECV,7E000F8100031C024E333030332D5A435553D7
06-27-2025 03:11:47.106,9,RECV,7E000F8100022D024E323030332D3232344A2B
06-27-2025 03:11:47.106,10,RECV,7E000F81000120024E313030332D374441550B
06-27-2025 03:11:47.116,11,RECV,7E000F8100052C024E353030342D3951504FDE
06-27-2025 03:11:47.117,12,RECV,7E000F8100031C024E333030342D474F5743EB
06-27-2025 03:11:47.117,13,RECV,7E000F8100022C024E323030342D4E474D41EA
06-27-2025 03:11:47.156,14,RECV,7E000F81000120024E313030342D5435534EF1
06-27-2025 03:11:47.173,15,RECV,7E000F8100052C024E353030352D48484D33F6
06-27-2025 03:11:47.173,16,RECV,7E000F8100031C024E333030352D5A36354E07
06-27-2025 03:11:47.173,17,RECV,7E000F8100022D024E323030352D5152384AE6
06-27-2025 03:11:47.173,18,RECV,7E000F81000120024E313030352D4D494858E4
06-27-2025 03:11:47.177,19,RECV,7E000F8100052C024E353030362D4A30504EED
06-27-2025 03:11:47.177,20,RECV,7E000F8100031C024E333030362D4E32463122
06-27-2025 03:11:47.206,21,RECV,7E000F81000120024E313030362D48575A55CB
06-27-2025 03:11:47.207,22,RECV,7E000F8100052C024E353030372D4E4E4D33E8
06-27-2025 03:11:47.207,23,RECV,7E000F8100031C024E333030372D3948364C15
06-27-2025 03:11:47.256,24,RECV,7E000F81000120024E313030372D5A3532447D33
06-27-2025 03:11:47.256,25,RECV,7E000F8100052C024E353030382D4D4D4944DC
06-27-2025 03:11:47.257,26,RECV,7E000F8100031C024E333030382D424F4658E8
06-27-2025 03:11:47.257,27,RECV,7E000F81000120024E313030382D5A365A55D8
06-27-2025 03:11:47.257,28,RECV,7E000F8100052C024E353030392D57435241D5
06-27-2025 03:11:47.267,29,RECV,7E000F8100031C024E333030392D453833471F
06-27-2025 03:11:47.306,30,RECV,7E000F81000120024E313030392D45545A56CD
06-27-2025 03:11:47.323,31,RECV,7E000F8100052C024E353031302D4544574AE0
06-27-2025 03:11:47.323,32,RECV,7E000F8100031C024E333031302D595133330E
06-27-2025 03:11:47.357,33,RECV,7E000F81000120024E313031302D374E46341F
06-27-2025 03:11:47.357,34,RECV,7E000F8100052D024E353031312D50574E31E2
06-27-2025 03:11:47.357,35,RECV,7E000F8100031C024E333031312D4130584B09
06-27-2025 03:11:47.358,36,RECV,7E000F8100022C024E323031312D4F555232E7
06-27-2025 03:11:47.407,37,RECV,7E000F81000120024E313031312D4F494C5ADF
06-27-2025 03:11:47.407,38,RECV,7E000F8100052D024E353031322D534E3651DF
06-27-2025 03:11:47.407,39,RECV,7E000F8100031C024E333031322D4E37353230
06-27-2025 03:11:47.407,40,RECV,7E000F8100022C024E323031322D4D354A4BF7
06-27-2025 03:11:47.407,41,RECV,7E000F81000120024E313031322D57563550EA
06-27-2025 03:11:47.408,42,RECV,7E000F8100052D024E353031332D4E364E51E3
06-27-2025 03:11:47.408,43,RECV,7E000F8100031C024E333031332D5057393704
06-27-2025 03:11:47.408,44,RECV,7E000F8100022C024E323031332D494D4B59D3
06-27-2025 03:11:47.458,45,RECV,7E000F81000120024E313031332D3646534EFE
06-27-2025 03:11:47.512,46,RECV,7E000F8100052C024E353031342D414E554BD7
06-27-2025 03:11:47.512,47,RECV,7E000F8100031C024E333031342D37304D557D31
06-27-2025 03:11:47.512,48,RECV,7E000F8100022C024E323031342D4C39424500
06-27-2025 03:11:47.512,49,RECV,7E000F81000120024E313031342D4943414409
06-27-2025 03:11:47.513,50,RECV,7E000F8100052C024E353031352D58593443DD
06-27-2025 03:11:47.513,51,RECV,7E000F8100031C024E333031352D51493450FB
06-27-2025 03:11:47.513,52,RECV,7E000F8100022C024E323031352D554A4858CC
06-27-2025 03:11:47.513,53,RECV,7E000F81000120024E313031352D4F375544FA
06-27-2025 03:11:47.513,54,RECV,7E000F8100052C024E353031362D4F415747D6
06-27-2025 03:11:47.513,55,RECV,7E000F8100031C024E333031362D5135554CF1
06-27-2025 03:11:47.513,56,RECV,7E000F8100022C024E323031362D42465744E7
06-27-2025 03:11:47.558,57,RECV,7E000F81000120024E313031362D5145313120
06-27-2025 03:11:47.558,58,RECV,7E000F8100052D024E353031372D5A583846D2
06-27-2025 03:11:47.558,59,RECV,7E000F8100031C024E333031372D59555453C2
06-27-2025 03:11:47.558,60,RECV,7E000F8100022D024E323031372D50464E52D2
06-27-2025 03:11:47.558,61,RECV,7E000F81000120024E313031372D41475942F4
06-27-2025 03:11:47.558,62,RECV,7E000F8100052D024E353031382D39484C36FE
06-27-2025 03:11:47.558,63,RECV,7E000F8100031C024E333031382D4D424253F2
06-27-2025 03:11:47.558,64,RECV,7E000F8100022D024E323031382D544C5937D7
06-27-2025 03:11:47.608,65,RECV,7E000F81000120024E313031382D35385A3619
06-27-2025 03:11:47.608,66,RECV,7E000F8100031C024E333031392D4B4D374EF8
06-27-2025 03:11:47.608,67,RECV,7E000F8100022C024E323031392D344330322E
06-27-2025 03:11:47.608,68,RECV,7E000F81000120024E313031392D4F3833510A
06-27-2025 03:11:47.608,69,RECV,7E000F8100031C024E333032302D334B554A00
06-27-2025 03:11:47.618,70,RECV,7E000F8100022C024E323032302D474D3952F0
06-27-2025 03:11:47.647,71,RECV,7E000F81000120024E313032302D59595033E8
06-27-2025 03:11:47.647,72,RECV,7E000F8100031C024E333032312D4A5A4D51DA
06-27-2025 03:11:47.649,73,RECV,7E000F8100022C024E323032312D363156361B
06-27-2025 03:11:47.669,74,RECV,7E000F81000120024E313032312D3835535A02
06-27-2025 03:11:47.669,75,RECV,7E000F8100031C024E333032322D5A494738F9
06-27-2025 03:11:47.680,76,RECV,7E000F8100022C024E323032322D4F4C3050F2
06-27-2025 03:11:47.680,77,RECV,7E000F8100052D024E353032332D4435573401
06-27-2025 03:11:47.700,78,RECV,7E000F81000120024E313032322D44345A4DFC
06-27-2025 03:11:47.700,79,RECV,7E000F8100031C024E333032332D54515841DC
06-27-2025 03:11:47.700,80,RECV,7E000F8100022D024E323032332D45545247D9
06-27-2025 03:11:47.758,81,RECV,7E000F8100052D024E353032342D5132374FFB
06-27-2025 03:11:47.772,82,RECV,7E000F81000120024E313032332D58544751D6
06-27-2025 03:11:47.802,83,RECV,7E000F8100031C024E333032342D50553244FE
06-27-2025 03:11:47.802,84,RECV,7E000F8100022D024E323032342D3752594FD9
06-27-2025 03:11:47.802,85,RECV,7E000F8100052D024E353032352D53354D31FD
06-27-2025 03:11:47.803,86,RECV,7E000F81000120024E313032342D5958343301
06-27-2025 03:11:47.803,87,RECV,7E000F8100031C024E333032352D3139425715
06-27-2025 03:11:47.803,88,RECV,7E000F8100022C024E323032352D55483243F8
06-27-2025 03:11:47.809,89,RECV,7E000F8100052D024E353032362D344A4D3007
06-27-2025 03:11:47.809,90,RECV,7E000F81000120024E313032352D51554151E0
06-27-2025 03:11:47.809,91,RECV,7E000F8100031C024E333032362D5A32464BFA
06-27-2025 03:11:47.809,92,RECV,7E000F8100022C024E323032362D474D534ED4
06-27-2025 03:11:47.809,93,RECV,7E000F8100052D024E353032372D4F464334F5
06-27-2025 03:11:47.809,94,RECV,7E000F81000120024E313032362D464F3353FC
06-27-2025 03:11:47.859,95,RECV,7E000F8100031C024E333032372D3536464B1A
06-27-2025 03:11:47.863,96,RECV,7E000F8100022C024E323032372D58444B4CD5
06-27-2025 03:11:47.863,97,RECV,7E000F8100052D024E353032382D4345433500
06-27-2025 03:11:47.864,98,RECV,7E000F81000120024E313032372D374F414F00
06-27-2025 03:11:47.864,99,RECV,7E000F8100031C024E333032382D41374D3020
06-27-2025 03:11:47.864,100,RECV,7E000F8100022C024E323032382D56593635ED
06-27-2025 03:11:47.909,101,RECV,7E000F8100052D024E353032392D30425844F1
06-27-2025 03:11:47.909,102,RECV,7E000F81000120024E313032382D4C45383319
06-27-2025 03:11:47.909,103,RECV,7E000F8100031C024E333032392D3645524EF9
06-27-2025 03:11:47.909,104,RECV,7E000F8100022C024E323032392D3831323437
06-27-2025 03:11:47.909,105,RECV,7E000F8100052D024E353033302D4B495446D9
06-27-2025 03:11:47.909,106,RECV,7E000F81000120024E313032392D4E41353818
06-27-2025 03:11:47.959,107,RECV,7E000F8100031C024E333033302D44355159F9
06-27-2025 03:11:47.959,108,RECV,7E000F8100022C024E323033302D5A34493106
06-27-2025 03:11:47.959,109,RECV,7E000F8100052D024E353033312D5338443205
06-27-2025 03:11:47.959,110,RECV,7E000F81000120024E313033302D545A5158C5
06-27-2025 03:11:47.959,111,RECV,7E000F8100031C024E333033312D4F5738300D
06-27-2025 03:11:47.959,112,RECV,7E000F8100022C024E323033312D34485856E3
06-27-2025 03:11:48.010,113,RECV,7E000F8100052D024E353033322D51423341FE
06-27-2025 03:11:48.010,114,RECV,7E000F81000120024E313033312D4B38593609
06-27-2025 03:11:48.011,115,RECV,7E000F8100031C024E333033322D4F37493714
06-27-2025 03:11:48.011,116,RECV,7E000F8100022C024E323033322D5A514E34DF
06-27-2025 03:11:48.012,117,RECV,7E000F8100052D024E353033332D38304A430F
06-27-2025 03:11:48.012,118,RECV,7E000F81000120024E313033322D4647443415
06-27-2025 03:11:48.059,119,RECV,7E000F8100031C024E333033332D584B5341E2
06-27-2025 03:11:48.077,120,RECV,7E000F8100022D024E323033332D465A4558CD
06-27-2025 03:11:48.102,121,RECV,7E000F8100052D024E353033342D4337593000
06-27-2025 03:11:48.102,122,RECV,7E000F81000120024E313033332D584E4D45E1
06-27-2025 03:11:48.102,123,RECV,7E000F8100031C024E333033342D5A36384D03
06-27-2025 03:11:48.102,124,RECV,7E000F8100022D024E323033342D394C504CE8
06-27-2025 03:11:48.109,125,RECV,7E000F8100052D024E353033352D4133393520
06-27-2025 03:11:48.109,126,RECV,7E000F81000120024E313033342D4B414D54EB
06-27-2025 03:11:48.109,127,RECV,7E000F8100031C024E333033352D4D435A4EDF
06-27-2025 03:11:48.109,128,RECV,7E000F8100022C024E323033352D59583050D8
06-27-2025 03:11:48.109,129,RECV,7E000F8100052D024E353033362D53545245C3
06-27-2025 03:11:48.109,130,RECV,7E000F81000120024E313033352D48394D3217
06-27-2025 03:11:48.110,131,RECV,7E000F8100031C024E333033362D4337325218
06-27-2025 03:11:48.110,132,RECV,7E000F8100022C024E323033362D47594E47D3
06-27-2025 03:11:48.159,133,RECV,7E000F8100052D024E353033372D4A304955E8
06-27-2025 03:11:48.159,134,RECV,7E000F81000120024E313033362D53473958EB
06-27-2025 03:11:48.160,135,RECV,7E000F8100031C024E333033372D34454D4906
06-27-2025 03:11:48.160,136,RECV,7E000F8100022D024E323033372D35565534F2
06-27-2025 03:11:48.160,137,RECV,7E000F8100052D024E353033382D54554C4EBC
06-27-2025 03:11:48.160,138,RECV,7E000F81000120024E313033372D554B324FF4
06-27-2025 03:11:48.181,139,RECV,7E000F8100031C024E333033382D534D35330C
06-27-2025 03:11:48.181,140,RECV,7E000F8100022C024E323033382D4734363421
06-27-2025 03:11:48.191,141,RECV,7E000F8100052D024E353033392D50473551E1
06-27-2025 03:11:48.192,142,RECV,7E000F81000120024E313033382D523531497D33
06-27-2025 03:11:48.212,143,RECV,7E000F8100031C024E333033392D53594B52CA
06-27-2025 03:11:48.232,144,RECV,7E000F8100022C024E323033392D4344494FE6
06-27-2025 03:11:48.260,145,RECV,7E000F8100052D024E353034302D47314652F6
06-27-2025 03:11:48.260,146,RECV,7E000F81000120024E313033392D333050530D
06-27-2025 03:11:48.260,147,RECV,7E000F8100031C024E333034302D51324B410C
06-27-2025 03:11:48.260,148,RECV,7E000F8100022C024E323034302D584B4E36E6
06-27-2025 03:11:48.263,149,RECV,7E000F8100052D024E353034312D4E4F3458DC
06-27-2025 03:11:48.263,150,RECV,7E000F81000120024E313034302D3141325126
06-27-2025 03:11:48.263,151,RECV,7E000F8100031C024E333034312D51534B33F8
06-27-2025 03:11:48.274,152,RECV,7E000F8100022D024E323034312D373356410A
06-27-2025 03:11:48.274,153,RECV,7E000F8100052E024E353034322D49455245DE
06-27-2025 03:11:48.294,154,RECV,7E000F81000120024E313034312D3330534B19
06-27-2025 03:11:48.294,155,RECV,7E000F8100031C024E333034322D5935383023
06-27-2025 03:11:48.304,156,RECV,7E000F8100022C024E323034322D4A485242E5
06-27-2025 03:11:48.305,157,RECV,7E000F8100052D024E353034332D4E4F474ED1
06-27-2025 03:11:48.326,158,RECV,7E000F81000120024E313034322D594C4D55D2
06-27-2025 03:11:48.326,159,RECV,7E000F8100031C024E333034332D5339564BEB
06-27-2025 03:11:48.336,160,RECV,7E000F8100022C024E323034332D4D4B4839F1
06-27-2025 03:11:48.337,161,RECV,7E000F8100052D024E353034342D4A444757D6
06-27-2025 03:11:48.357,162,RECV,7E000F81000120024E313034332D41475153EC
06-27-2025 03:11:48.386,163,RECV,7E000F8100031C024E333034342D37504E4BF7
06-27-2025 03:11:48.415,164,RECV,7E000F8100022C024E323034342D4E50324BEE
06-27-2025 03:11:48.415,165,RECV,7E000F8100052D024E353034352D38354753FA
06-27-2025 03:11:48.415,166,RECV,7E000F81000120024E313034342D3350364717
06-27-2025 03:11:48.415,167,RECV,7E000F8100031C024E333034352D3458424EFA
06-27-2025 03:11:48.415,168,RECV,7E000F8100022C024E323034352D3734304E1F
06-27-2025 03:11:48.416,169,RECV,7E000F8100052D024E353034362D334E3853F4
06-27-2025 03:11:48.421,170,RECV,7E000F81000120024E313034352D44494448FD
06-27-2025 03:11:48.421,171,RECV,7E000F8100031C024E333034362D54534A4ED6
06-27-2025 03:11:48.421,172,RECV,7E000F8100022C024E323034362D44375549EE
06-27-2025 03:11:48.461,173,RECV,7E000F8100052D024E353034372D42484658D7
06-27-2025 03:11:48.461,174,RECV,7E000F81000120024E313034362D37354D4E0E
06-27-2025 03:11:48.461,175,RECV,7E000F8100031C024E333034372D41465954E0
06-27-2025 03:11:48.461,176,RECV,7E000F8100022C024E323034372D47544B36EA
06-27-2025 03:11:48.512,177,RECV,7E000F8100052D024E353034382D574A324FDC
06-27-2025 03:11:48.555,178,RECV,7E000F81000120024E313034372D594B4833F5
06-27-2025 03:11:48.580,179,RECV,7E000F8100031C024E333034382D36334F5209
06-27-2025 03:11:48.580,180,RECV,7E000F8100022C024E323034382D3933475002
06-27-2025 03:11:48.580,181,RECV,7E000F8100052D024E353034392D44455552CD
06-27-2025 03:11:48.580,182,RECV,7E000F81000120024E313034382D4E56434FDD
06-27-2025 03:11:48.580,183,RECV,7E000F8100031C024E333034392D39594948EF
06-27-2025 03:11:48.580,184,RECV,7E000F8100022C024E323034392D43473855ED
06-27-2025 03:11:48.580,185,RECV,7E000F8100052D024E353035302D424E4A4BE0
06-27-2025 03:11:48.580,186,RECV,7E000F81000120024E313034392D474A554FDD
06-27-2025 03:11:48.580,187,RECV,7E000F8100031C024E333035302D484E5242F0
06-27-2025 03:11:48.580,188,RECV,7E000F8100022D024E323035302D4E594636E8
06-27-2025 03:11:48.580,189,RECV,7E000F8100052D024E353035312D4B5A4B4DC7
06-27-2025 03:11:48.580,190,RECV,7E000F81000120024E313035302D55505653CC
06-27-2025 03:11:48.612,191,RECV,7E000F8100031C024E333035312D3436415A14
06-27-2025 03:11:48.612,192,RECV,7E000F8100022C024E323035312D4F544C42DA
06-27-2025 03:11:48.613,193,RECV,7E000F8100052D024E353035322D305A495AD6
06-27-2025 03:11:48.613,194,RECV,7E000F81000120024E313035312D3739544B0A
06-27-2025 03:11:48.613,195,RECV,7E000F8100031C024E333035322D4238465701
06-27-2025 03:11:48.613,196,RECV,7E000F8100022C024E323035322D334A35457D33
06-27-2025 03:11:48.662,197,RECV,7E000F8100052D024E353035332D4E374B52E0
06-27-2025 03:11:48.662,198,RECV,7E000F81000120024E313035322D5739315403
06-27-2025 03:11:48.662,199,RECV,7E000F8100031C024E333035332D4F49493204
06-27-2025 03:11:48.662,200,RECV,7E000F8100022C024E323035332D4A4E544FCE
06-27-2025 03:11:48.662,201,RECV,7E000F8100052D024E353035342D50544730E6
06-27-2025 03:11:48.662,202,RECV,7E000F81000120024E313035332D4F3141480E
06-27-2025 03:11:48.712,203,RECV,7E000F8100031C024E333035342D55413659F1
06-27-2025 03:11:48.786,204,RECV,7E000F8100022C024E323035342D354E443110
06-27-2025 03:11:48.786,205,RECV,7E000F8100052D024E353035352D39505152D4
06-27-2025 03:11:48.786,206,RECV,7E000F81000120024E313035342D51354D48FB
06-27-2025 03:11:48.786,207,RECV,7E000F8100031C024E333035352D59495954C6
06-27-2025 03:11:48.786,208,RECV,7E000F8100022C024E323035352D394D4A3007
06-27-2025 03:11:48.786,209,RECV,7E000F8100052D024E353035362D5239564ED0
06-27-2025 03:11:48.786,210,RECV,7E000F81000120024E313035352D54504B4ED8
06-27-2025 03:11:48.786,211,RECV,7E000F8100031C024E333035362D395A434CF2
06-27-2025 03:11:48.786,212,RECV,7E000F8100022D024E323035362D3348483210
06-27-2025 03:11:48.786,213,RECV,7E000F8100052D024E353035372D485A5134D7
06-27-2025 03:11:48.786,214,RECV,7E000F81000120024E313035362D303933393F
06-27-2025 03:11:48.786,215,RECV,7E000F8100031C024E333035372D345245377D31
06-27-2025 03:11:48.787,216,RECV,7E000F8100022D024E323035372D46534A35EC
06-27-2025 03:11:48.787,217,RECV,7E000F8100052D024E353035382D56483155D9
06-27-2025 03:11:48.787,218,RECV,7E000F81000120024E313035372D324C4A4B00
06-27-2025 03:11:48.806,219,RECV,7E000F8100031C024E333035382D4E3034322E
06-27-2025 03:11:48.810,220,RECV,7E000F8100022C024E323035382D3234434714
06-27-2025 03:11:48.817,221,RECV,7E000F8100052D024E353035392D59595156A3
06-27-2025 03:11:48.817,222,RECV,7E000F81000120024E313035382D4531434E0B
06-27-2025 03:11:48.837,223,RECV,7E000F8100031C024E333035392D414E4349F6
06-27-2025 03:11:48.838,224,RECV,7E000F8100022C024E323035392D59575A47B2
06-27-2025 03:11:48.838,225,RECV,7E000F8100052D024E353036302D3332495105
06-27-2025 03:11:48.862,226,RECV,7E000F81000120024E313035392D364158350D
06-27-2025 03:11:48.888,227,RECV,7E000F8100031C024E333036302D4632594602
06-27-2025 03:11:48.888,228,RECV,7E000F8100022C024E323036302D51485A4ECA
06-27-2025 03:11:48.889,229,RECV,7E000F8100052D024E353036312D413744367D31
06-27-2025 03:11:48.912,230,RECV,7E000F81000120024E313036302D3051534BFA
06-27-2025 03:11:48.913,231,RECV,7E000F8100031C024E333036312D5833334515
06-27-2025 03:11:48.913,232,RECV,7E000F8100022C024E323036312D46595738DC
06-27-2025 03:11:48.913,233,RECV,7E000F8100052D024E353036322D5730363114
06-27-2025 03:11:48.913,234,RECV,7E000F81000120024E313036312D58503146F9
06-27-2025 03:11:48.913,235,RECV,7E000F8100031C024E333036322D55415435F8
06-27-2025 03:11:48.933,236,RECV,7E000F8100022C024E323036322D53525558B7
06-27-2025 03:11:48.934,237,RECV,7E000F8100052C024E353036332D48324D48F3
06-27-2025 03:11:48.944,238,RECV,7E000F81000120024E313036322D4548393021
06-27-2025 03:11:48.946,239,RECV,7E000F8100031C024E333036332D4B514F31FA
06-27-2025 03:11:48.965,240,RECV,7E000F8100022C024E323036332D50535347CB
06-27-2025 03:11:48.965,241,RECV,7E000F8100052D024E353036342D303643480F
06-27-2025 03:11:48.977,242,RECV,7E000F81000120024E313036332D3545355A0D
06-27-2025 03:11:49.014,243,RECV,7E000F8100031C024E333036342D524F3257EB
06-27-2025 03:11:49.031,244,RECV,7E000F8100022C024E323036342D54504454CB
06-27-2025 03:11:49.031,245,RECV,7E000F8100052D024E353036352D444D5931E4
06-27-2025 03:11:49.031,246,RECV,7E000F81000120024E313036342D3844504EFB
06-27-2025 03:11:49.031,247,RECV,7E000F8100031C024E333036352D4B39533607
06-27-2025 03:11:49.031,248,RECV,7E000F8100022C024E323036352D4F5A3359D1
06-27-2025 03:11:49.031,249,RECV,7E000F8100052D024E353036362D5A305130F3
06-27-2025 03:11:49.038,250,RECV,7E000F81000120024E313036352D4D3146440C
06-27-2025 03:11:49.045,251,RECV,7E000F8100031C024E333036362D41414259F6
06-27-2025 03:11:49.045,252,RECV,7E000F8100022D024E323036362D51304E4AEB
06-27-2025 03:11:49.063,253,RECV,7E000F8100052D024E353036372D39495550D6
06-27-2025 03:11:49.073,254,RECV,7E000F81000120024E313036362D484135460F
06-27-2025 03:11:49.079,255,RECV,7E000F8100031C024E333036372D4631434A0E
06-27-2025 03:11:49.079,256,RECV,7E000F8100022C024E323036372D344E4E3103
06-27-2025 03:11:49.113,257,RECV,7E000F8100052D024E353036382D33495242EC
06-27-2025 03:11:49.113,258,RECV,7E000F81000120024E313036372D3357554FE4
06-27-2025 03:11:49.113,259,RECV,7E000F8100031C024E333036382D55454938F6
06-27-2025 03:11:49.113,260,RECV,7E000F8100022C024E323036382D30494F49F2
06-27-2025 03:11:49.164,261,RECV,7E000F8100052D024E353036392D47534F38DA
06-27-2025 03:11:49.164,262,RECV,7E000F81000120024E313036382D4D5A5859B9
06-27-2025 03:11:49.164,263,RECV,7E000F8100031C024E333036392D354E445AEF
06-27-2025 03:11:49.164,264,RECV,7E000F8100022C024E323036392D574F4644D2
06-27-2025 03:11:49.164,265,RECV,7E000F8100052D024E353037302D5256334EDA
06-27-2025 03:11:49.164,266,RECV,7E000F81000120024E313036392D56434351E3
06-27-2025 03:11:49.213,267,RECV,7E000F8100031C024E333037302D484637381B
06-27-2025 03:11:49.213,268,RECV,7E000F8100022D024E323037302D53594C38D9
06-27-2025 03:11:49.213,269,RECV,7E000F8100052D024E353037312D46505451C7
06-27-2025 03:11:49.214,270,RECV,7E000F81000120024E313037302D37584A3807
06-27-2025 03:11:49.214,271,RECV,7E000F8100031C024E333037312D4A344556FE
06-27-2025 03:11:49.214,272,RECV,7E000F8100022C024E323037312D52533148EB
06-27-2025 03:11:49.214,273,RECV,7E000F8100052D024E353037322D4E374847ED
06-27-2025 03:11:49.214,274,RECV,7E000F81000120024E313037312D35444C55FD
06-27-2025 03:11:49.264,275,RECV,7E000F8100031C024E333037322D53585048D3
06-27-2025 03:11:49.265,276,RECV,7E000F8100022C024E323037322D59594234E0
06-27-2025 03:11:49.265,277,RECV,7E000F8100052D024E353037332D4C594952C0
06-27-2025 03:11:49.266,278,RECV,7E000F81000120024E313037322D5930373521
06-27-2025 03:11:49.266,279,RECV,7E000F8100031C024E333037332D4B424D51EA
06-27-2025 03:11:49.266,280,RECV,7E000F8100022D024E323037332D3633424D0E
06-27-2025 03:11:49.313,281,RECV,7E000F8100052D024E353037342D51354D58D4
06-27-2025 03:11:49.314,282,RECV,7E000F81000120024E313037332D4B505A33ED
06-27-2025 03:11:49.314,283,RECV,7E000F8100031C024E333037342D59364A51EA
06-27-2025 03:11:49.314,284,RECV,7E000F8100022C024E323037342D4B5A3934F4
06-27-2025 03:11:49.314,285,RECV,7E000F8100052D024E353037352D33574A49E1
06-27-2025 03:11:49.314,286,RECV,7E000F81000120024E313037342D5238353025
06-27-2025 03:11:49.364,287,RECV,7E000F8100031C024E333037352D4C525030F5
06-27-2025 03:11:49.364,288,RECV,7E000F8100022C024E323037352D414B4459DC
06-27-2025 03:11:49.364,289,RECV,7E000F8100052D024E353037362D3744463606
06-27-2025 03:11:49.364,290,RECV,7E000F81000120024E313037352D413639481B
06-27-2025 03:11:49.364,291,RECV,7E000F8100031C024E333037362D4233334426
06-27-2025 03:11:49.364,292,RECV,7E000F8100022C024E323037362D37385443FE
06-27-2025 03:11:49.374,293,RECV,7E000F8100052D024E353037372D32444A58E4
06-27-2025 03:11:49.375,294,RECV,7E000F81000120024E313037362D4938323827
06-27-2025 03:11:49.394,295,RECV,7E000F8100031C024E333037372D31554C52ED
06-27-2025 03:11:49.395,296,RECV,7E000F8100022C024E323037372D4B445450D0
06-27-2025 03:11:49.405,297,RECV,7E000F8100052D024E353037382D3038384F0C
06-27-2025 03:11:49.407,298,RECV,7E000F81000120024E313037372D42415943F2
06-27-2025 03:11:49.425,299,RECV,7E000F8100031C024E333037382D484F4B47E7
06-27-2025 03:11:49.425,300,RECV,7E000F8100022C024E323037382D325A4C59D1
06-27-2025 03:11:49.425,301,RECV,7E000F8100052D024E353037392D42433943F9
06-27-2025 03:11:49.464,302,RECV,7E000F81000120024E313037382D343338521F
06-27-2025 03:11:49.464,303,RECV,7E000F8100031C024E333037392D51524F4CD1
06-27-2025 03:11:49.464,304,RECV,7E000F8100022C024E323037392D4C425543DB
06-27-2025 03:11:49.464,305,RECV,7E000F8100052D024E353038302D4154353800
06-27-2025 03:11:49.514,306,RECV,7E000F81000120024E313037392D454B354604
06-27-2025 03:11:49.514,307,RECV,7E000F8100031C024E333038302D30414E3523
06-27-2025 03:11:49.515,308,RECV,7E000F8100022C024E323038302D584A345AD9
06-27-2025 03:11:49.515,309,RECV,7E000F8100052D024E353038312D465A5257B8
06-27-2025 03:11:49.515,310,RECV,7E000F81000120024E313038302D494E443705
06-27-2025 03:11:49.525,311,RECV,7E000F8100031C024E333038312D50594C5AC7
06-27-2025 03:11:49.527,312,RECV,7E000F8100022C024E323038312D56504955C4
06-27-2025 03:11:49.527,313,RECV,7E000F8100052D024E353038322D4850364AE8
06-27-2025 03:11:49.564,314,RECV,7E000F81000120024E313038312D4E365A3503
06-27-2025 03:11:49.564,315,RECV,7E000F8100031C024E333038322D4C304D4A02
06-27-2025 03:11:49.564,316,RECV,7E000F8100022D024E323038322D4654444EDA
06-27-2025 03:11:49.565,317,RECV,7E000F8100052D024E353038332D49343858F2
06-27-2025 03:11:49.565,318,RECV,7E000F81000120024E313038322D4B4F324405
06-27-2025 03:11:49.565,319,RECV,7E000F8100031C024E333038332D43545547E1
06-27-2025 03:11:49.595,320,RECV,7E000F8100022D024E323038332D38585957C5
06-27-2025 03:11:49.595,321,RECV,7E000F8100052D024E353038342D515A3433EC
06-27-2025 03:11:49.605,322,RECV,7E000F81000120024E313038332D354B4D4304
06-27-2025 03:11:49.607,323,RECV,7E000F8100031C024E333038342D39324D3823
06-27-2025 03:11:49.616,324,RECV,7E000F8100022C024E323038342D53553242E9
06-27-2025 03:11:49.616,325,RECV,7E000F8100052D024E353038352D4D574A54BB
06-27-2025 03:11:49.636,326,RECV,7E000F81000120024E313038342D3147444F08
06-27-2025 03:11:49.647,327,RECV,7E000F8100031C024E333038352D58463750ED
06-27-2025 03:11:49.647,328,RECV,7E000F8100022C024E323038352D4F564641D8
06-27-2025 03:11:49.647,329,RECV,7E000F8100052E024E353038362D57515241C0
06-27-2025 03:11:49.667,330,RECV,7E000F81000120024E313038352D50464242F8
06-27-2025 03:11:49.667,331,RECV,7E000F8100031C024E333038362D45554359DB
06-27-2025 03:11:49.677,332,RECV,7E000F8100022C024E323038362D5A385431EC
06-27-2025 03:11:49.677,333,RECV,7E000F8100052E024E353038372D4339364DFB
06-27-2025 03:11:49.697,334,RECV,7E000F81000120024E313038362D455633327D31
06-27-2025 03:11:49.698,335,RECV,7E000F8100031C024E333038372D433644427D31
06-27-2025 03:11:49.713,336,RECV,7E000F8100022D024E323038372D3954335AE7
06-27-2025 03:11:49.717,337,RECV,7E000F8100052E024E353038382D344B5532F3
06-27-2025 03:11:49.734,338,RECV,7E000F81000120024E313038372D47574954D5
06-27-2025 03:11:49.764,339,RECV,7E000F8100031C024E333038382D51414639FE
06-27-2025 03:11:49.764,340,RECV,7E000F8100022D024E323038382D5530453600
06-27-2025 03:11:49.765,341,RECV,7E000F8100052E024E353038392D4D335856CA
06-27-2025 03:11:49.765,342,RECV,7E000F81000120024E313038382D59434358D8
06-27-2025 03:11:49.765,343,RECV,7E000F8100031C024E333038392D453343470C
06-27-2025 03:11:49.765,344,RECV,7E000F8100022D024E323038392D35434555ED
06-27-2025 03:11:49.815,345,RECV,7E000F8100052E024E353039302D46503853DF
06-27-2025 03:11:49.816,346,RECV,7E000F81000120024E313038392D4C31384910
06-27-2025 03:11:49.816,347,RECV,7E000F8100031C024E333039302D325232441C
06-27-2025 03:11:49.816,348,RECV,7E000F8100022C024E323039302D34555647E2
06-27-2025 03:11:49.816,349,RECV,7E000F8100052E024E353039312D47324E52E6
06-27-2025 03:11:49.816,350,RECV,7E000F81000120024E313039302D3833505506
06-27-2025 03:11:49.865,351,RECV,7E000F8100031C024E333039312D42455243F9
06-27-2025 03:11:49.865,352,RECV,7E000F8100022C024E323039312D37484F45F4
06-27-2025 03:11:49.865,353,RECV,7E000F8100052E024E353039322D49323356FA
06-27-2025 03:11:49.866,354,RECV,7E000F81000120024E313039312D494F423308
06-27-2025 03:11:49.866,355,RECV,7E000F8100031C024E333039322D4F38393123
06-27-2025 03:11:49.866,356,RECV,7E000F8100022C024E323039322D554C484FCE
06-27-2025 03:11:49.876,357,RECV,7E000F8100052E024E353039332D4A384942F0
06-27-2025 03:11:49.876,358,RECV,7E000F81000120024E313039322D34594356EE
06-27-2025 03:11:49.915,359,RECV,7E000F8100031C024E333039332D4B4B5A46DD
06-27-2025 03:11:49.915,360,RECV,7E000F8100022C024E323039332D5A464943D9
06-27-2025 03:11:49.916,361,RECV,7E000F8100052E024E353039342D5A594D53A9
06-27-2025 03:11:49.916,362,RECV,7E000F81000120024E313039332D414A4249FD
06-27-2025 03:11:49.966,363,RECV,7E000F8100031C024E333039342D594C4548E0
06-27-2025 03:11:49.966,364,RECV,7E000F8100022C024E323039342D4548524DD8
06-27-2025 03:11:49.966,365,RECV,7E000F8100052E024E353039352D34584238F5
06-27-2025 03:11:49.966,366,RECV,7E000F81000120024E313039342D45564F30F8
06-27-2025 03:11:49.966,367,RECV,7E000F8100031C024E333039352D4C535845D5
06-27-2025 03:11:49.966,368,RECV,7E000F8100022C024E323039352D4E4B5251C7
06-27-2025 03:11:49.966,369,RECV,7E000F8100052D024E353039362D314B374800
06-27-2025 03:11:49.966,370,RECV,7E000F81000120024E313039352D59585959AE
06-27-2025 03:11:50.016,371,RECV,7E000F8100031C024E333039362D4E505855C5
06-27-2025 03:11:50.016,372,RECV,7E000F8100022C024E323039362D4A38544AE2
06-27-2025 03:11:50.016,373,RECV,7E000F8100052B024E353039372D314D5941E4
06-27-2025 03:11:50.016,374,RECV,7E000F81000120024E313039362D394A373422
06-27-2025 03:11:50.016,375,RECV,7E000F8100031C024E333039372D4F364A360A
06-27-2025 03:11:50.016,376,RECV,7E000F8100022C024E323039372D4837393415
06-27-2025 03:11:50.016,377,RECV,7E000F8100052C024E353039382D47575756AF
06-27-2025 03:11:50.066,378,RECV,7E000F81000120024E313039372D49494C48E9
06-27-2025 03:11:50.066,379,RECV,7E000F8100031C024E333039382D51503958DC
06-27-2025 03:11:50.066,380,RECV,7E000F8100022D024E323039382D4E325734F4
06-27-2025 03:11:50.066,381,RECV,7E000F8100052C024E353039392D47434C4FD4
06-27-2025 03:11:50.066,382,RECV,7E000F81000120024E313039382D56415256CF
06-27-2025 03:11:50.076,383,RECV,7E000F8100031C024E333039392D34574F5AD9
06-27-2025 03:11:50.088,384,RECV,7E000F8100022D024E323039392D5936374FE9
06-27-2025 03:11:50.116,385,RECV,7E000F81000120024E313039392D41395859E2
