06-02-2025 15:17:50.611,-,API2,"Sink 1,0013A20041839DB1,802.15.4 TH,2003,/dev/ttyUSB0 - 57600/8/M/1/N,1,46"

06-02-2025 15:16:41.725,0,RECV,7E007D318100011A02C2004E313030302D4A4A4C453E
06-02-2025 15:16:41.725,1,RECV,7E007D318100053402EC004E353030302D37564F41FA
06-02-2025 15:16:41.726,2,RECV,7E007D318100011B02C3004E313030312D4F4E315042
06-02-2025 15:16:41.726,3,RECV,7E007D318100062E02C1004E363030312D433056324A
06-02-2025 15:16:41.726,4,RECV,7E007D318100011B02C4004E313030322D5535475538
06-02-2025 15:16:41.726,5,RECV,7E007D318100022D02F0004E323030332D32384E4B1A
06-02-2025 15:16:41.726,6,RECV,7E007D318100011A02C5004E313030332D3042554452
06-02-2025 15:16:41.726,7,RECV,7E007D318100022B02F1004E323030342D5642444AF7
06-02-2025 15:16:41.727,8,RECV,7E007D318100011B02C6004E313030342D304952533C
06-02-2025 15:16:41.727,9,RECV,7E007D318100022702F2004E323030352D36384B4125
06-02-2025 15:16:41.727,10,RECV,7E007D318100011B02C7004E313030352D5545434E2D
06-02-2025 15:16:41.727,11,RECV,7E007D318100063202C7004E363030372D3435343464
06-02-2025 15:16:41.727,12,RECV,7E007D318100022802F4004E323030372D5548514DDF
06-02-2025 15:16:41.727,13,RECV,7E007D318100011A02C8004E313030362D3656475133
06-02-2025 15:16:41.727,14,RECV,7E007D318100022702F5004E323030382D4A355A51EF
06-02-2025 15:16:41.727,15,RECV,7E007D318100053302F5004E353030392D4A55384EE1
06-02-2025 15:16:41.727,16,RECV,7E007D318100022702F6004E323030392D534E4841ED
06-02-2025 15:16:41.727,17,RECV,7E007D318100011A02CA004E313030372D4941525820
06-02-2025 15:16:41.727,18,RECV,7E007D318100011A02CB004E313030382D4A45373458
06-02-2025 15:16:41.727,19,RECV,7E007D318100011B02CC004E313030392D41384A5834
06-02-2025 15:16:41.727,20,RECV,7E007D318100011B02CD004E313031302D36324A356F
06-02-2025 15:16:41.727,21,RECV,7E007D318100011B02CE004E313031312D4346465332
06-02-2025 15:16:41.817,22,RECV,7E007D318100022802FC004E323031342D5A583157DA
06-02-2025 15:16:41.817,23,RECV,7E007D318100011A02CF004E313031322D384E504637
06-02-2025 15:16:41.818,24,RECV,7E007D318100011B02D0004E313031332D304F483158
06-02-2025 15:16:41.818,25,RECV,7E007D318100062F02D1004E363031362D564C4F57E6
06-02-2025 15:16:41.818,26,RECV,7E007D318100022702FE004E323031352D4C39354D0B
06-02-2025 15:16:41.818,27,RECV,7E007D318100011B02D1004E313031342D564E525602
06-02-2025 15:16:41.818,28,RECV,7E007D318100053402FE004E353031382D4938575ACA
06-02-2025 15:16:41.818,29,RECV,7E007D318100022802FF004E323031362D3956414FF0
06-02-2025 15:16:41.818,30,RECV,7E007D318100011B02D2004E313031352D3746594531
06-02-2025 15:16:41.818,31,RECV,7E007D31810002280201004E323031372D4142313820
06-02-2025 15:16:41.818,32,RECV,7E007D318100011B02D3004E313031362D56354B452F
06-02-2025 15:16:41.818,33,RECV,7E007D31810002280202004E323031382D54324256EC
06-02-2025 15:16:41.818,34,RECV,7E007D318100011B02D4004E313031372D4237484E39
06-02-2025 15:16:41.818,35,RECV,7E007D318100063202D6004E363032312D42464D3025
06-02-2025 15:16:41.818,36,RECV,7E007D31810002270203004E323031392D55473650E7
06-02-2025 15:16:41.819,37,RECV,7E007D318100011B02D5004E313031382D524551540A
06-02-2025 15:16:41.819,38,RECV,7E007D318100062D02D7004E363032322D5A3354410B
06-02-2025 15:16:41.819,39,RECV,7E007D318100022B0204004E323032302D41314C3618
06-02-2025 15:16:41.819,40,RECV,7E007D318100011A02D6004E313031392D56484A5904
06-02-2025 15:16:41.819,41,RECV,7E007D318100062C02D8004E363032332D5235533121
06-02-2025 15:16:41.819,42,RECV,7E007D31810002280205004E323032312D5A565246C5
06-02-2025 15:16:41.819,43,RECV,7E007D318100011B02D7004E313032302D4537535428
06-02-2025 15:16:41.819,44,RECV,7E007D318100062D02D9004E363032342D4E44324124
06-02-2025 15:16:41.917,45,RECV,7E007D31810002280206004E323032322D594B4547DB
06-02-2025 15:16:41.918,46,RECV,7E007D318100011B02D8004E313032312D5855503616
06-02-2025 15:16:41.918,47,RECV,7E007D318100062D02DA004E363032352D51544443FB
06-02-2025 15:16:41.918,48,RECV,7E007D31810002280207004E323032332D5A354454E2
06-02-2025 15:16:41.918,49,RECV,7E007D318100011B02D9004E313032322D4133583744
06-02-2025 15:16:41.918,50,RECV,7E007D318100062C02DB004E363032362D4C49385801
06-02-2025 15:16:41.918,51,RECV,7E007D318100011A02DA004E313032332D3838303472
06-02-2025 15:16:41.918,52,RECV,7E007D318100011A02DB004E313032342D515A53370F
06-02-2025 15:16:41.918,53,RECV,7E007D318100011A02DC004E313032352D534A41580C
06-02-2025 15:16:41.918,54,RECV,7E007D3181000228020B004E323032372D57435043D4
06-02-2025 15:16:41.918,55,RECV,7E007D318100011A02DD004E313032362D523841482D
06-02-2025 15:16:41.918,56,RECV,7E007D3181000228020C004E323032382D4D584446D0
06-02-2025 15:16:41.918,57,RECV,7E007D318100063102E0004E363033312D484B384C09
06-02-2025 15:16:41.918,58,RECV,7E007D318100011A02DE004E313032372D455346322E
06-02-2025 15:16:41.918,59,RECV,7E007D3181000227020D004E323032392D49424654D9
06-02-2025 15:16:41.919,60,RECV,7E007D3181000534020E004E353033332D524B354CD1
06-02-2025 15:16:41.975,61,RECV,7E007D318100011A02DF004E313032382D504D323538
06-02-2025 15:16:41.975,62,RECV,7E007D318100022C020E004E323033302D44344742FF
06-02-2025 15:16:41.975,63,RECV,7E007D3181000227020F004E323033312D42505330EE
06-02-2025 15:16:41.975,64,RECV,7E007D3181000534027D31004E353033362D5A424155B7
06-02-2025 15:16:41.975,65,RECV,7E007D318100011A02E2004E313033312D5230344346
06-02-2025 15:16:41.975,66,RECV,7E007D3181000534027D33004E353033382D33474B30F0
06-02-2025 15:16:42.001,67,RECV,7E007D318100022D0212004E323033342D464B474AD5
06-02-2025 15:16:42.001,68,RECV,7E007D318100063202E8004E363033392D354D574CEA
06-02-2025 15:16:42.001,69,RECV,7E007D318100011A02E5004E313033342D3534545A22
06-02-2025 15:16:42.001,70,RECV,7E007D318100011A02E6004E313033352D5A39325919
06-02-2025 15:16:42.001,71,RECV,7E007D31810002270215004E323033372D58364455D0
06-02-2025 15:16:42.001,72,RECV,7E007D318100022D0216004E323033382D5A575734B3
06-02-2025 15:16:42.001,73,RECV,7E007D318100063202ED004E363034342D4D32524FEE
06-02-2025 15:16:42.001,74,RECV,7E007D318100063202EE004E363034352D4B545433E6
06-02-2025 15:16:42.001,75,RECV,7E007D318100063202EF004E363034362D4A545552C5
06-02-2025 15:16:42.001,76,RECV,7E007D318100063202F0004E363034372D3244553607
06-02-2025 15:16:42.001,77,RECV,7E007D318100011A02EC004E313034312D4731565115
06-02-2025 15:16:42.001,78,RECV,7E007D318100063202F2004E363034392D51475930E3
06-02-2025 15:16:42.002,79,RECV,7E007D318100011A02EE004E313034332D57474557F6
06-02-2025 15:16:42.002,80,RECV,7E007D318100011A02EF004E313034342D323155571F
06-02-2025 15:16:42.002,81,RECV,7E007D318100011A02F1004E313034362D5839495000
06-02-2025 15:16:42.002,82,RECV,7E007D318100022A0220004E323034382D4B4D444EBD
06-02-2025 15:16:42.002,83,RECV,7E007D318100011A02F2004E313034372D344E303343
06-02-2025 15:16:42.002,84,RECV,7E007D318100011A02F3004E313034382D313659392D
06-02-2025 15:16:42.002,85,RECV,7E007D31810002270222004E323035302D564A544FAC
06-02-2025 15:16:42.002,86,RECV,7E007D31810002280223004E323035312D41543541E1
06-02-2025 15:16:42.002,87,RECV,7E007D318100011A02F5004E313035302D5550534BE8
06-02-2025 15:16:42.002,88,RECV,7E007D318100011A02F6004E313035312D34304F4F27
06-02-2025 15:16:42.002,89,RECV,7E007D318100011A02F7004E313035322D4436313646
06-02-2025 15:16:42.104,90,RECV,7E007D318100011A02F8004E313035332D3846583817
06-02-2025 15:16:42.134,91,RECV,7E007D31810002270228004E323035362D4A57474BB0
06-02-2025 15:16:42.149,92,RECV,7E007D31810002270229004E323035372D43323243F7
06-02-2025 15:16:42.149,93,RECV,7E007D3181000228022A004E323035382D515A434FA1
06-02-2025 15:16:42.149,94,RECV,7E007D3181000228022B004E323035392D39554F41BE
06-02-2025 15:16:42.149,95,RECV,7E007D318100062E0203004E363036352D5243344BE5
06-02-2025 15:16:42.149,96,RECV,7E007D31810005340230004E353036372D5A323041C9
06-02-2025 15:16:42.149,97,RECV,7E007D31810005340231004E353036382D4646364AB8
06-02-2025 15:16:42.149,98,RECV,7E007D318100011A02FF004E313036302D59445044EF
06-02-2025 15:16:42.149,99,RECV,7E007D318100011A0201004E313036312D583432431C
06-02-2025 15:16:42.149,100,RECV,7E007D318100011A0202004E313036322D3547453822
06-02-2025 15:16:42.149,101,RECV,7E007D318100022D0231004E323036352D30423456D8
06-02-2025 15:16:42.149,102,RECV,7E007D31810002270232004E323036362D394F534AB3
06-02-2025 15:16:42.149,103,RECV,7E007D31810002290233004E323036372D32553857BE
06-02-2025 15:16:42.149,104,RECV,7E007D318100011A0206004E313036362D3538435310
06-02-2025 15:16:42.149,105,RECV,7E007D318100022A0235004E323036392D37324743DC
06-02-2025 15:16:42.149,106,RECV,7E007D31810002280236004E323037302D42504A32CA
06-02-2025 15:16:42.149,107,RECV,7E007D31810002280237004E323037312D30565235C9
06-02-2025 15:16:42.149,108,RECV,7E007D318100011A0209004E313036392D594C4848D8
06-02-2025 15:16:42.149,109,RECV,7E007D318100011A020A004E313037302D32545252EA
06-02-2025 15:16:42.149,110,RECV,7E007D31810002280239004E323037332D50473347C1
06-02-2025 15:16:42.149,111,RECV,7E007D318100022B023A004E323037342D3758584D99
06-02-2025 15:16:42.197,112,RECV,7E007D318100011A020C004E313037322D5139315005
06-02-2025 15:16:42.197,113,RECV,7E007D318100011A020D004E313037332D31494A50FA
06-02-2025 15:16:42.198,114,RECV,7E007D3181000228023C004E323037362D4F365446AD
06-02-2025 15:16:42.198,115,RECV,7E007D3181000228023D004E323037372D30473847D4
06-02-2025 15:16:42.198,116,RECV,7E007D318100022B023E004E323037382D41524232BE
06-02-2025 15:16:42.198,117,RECV,7E007D318100011B0210004E313037362D33575331F9
06-02-2025 15:16:42.198,118,RECV,7E007D318100011A027D31004E313037372D374333467D33
06-02-2025 15:16:42.198,119,RECV,7E007D31810002280240004E323038302D4741374CC2
06-02-2025 15:16:42.198,120,RECV,7E007D31810005340247004E353039302D4757515470
06-02-2025 15:16:42.198,121,RECV,7E007D31810005340248004E353039312D395A3247A5
06-02-2025 15:16:42.198,122,RECV,7E007D31810005340249004E353039322D424457468C
06-02-2025 15:16:42.198,123,RECV,7E007D318100062D021E004E363039322D37564233DD
06-02-2025 15:16:42.199,124,RECV,7E007D318100062D021F004E363039332D304C5030E1
06-02-2025 15:16:42.199,125,RECV,7E007D318100062D0220004E363039342D36324B34F4
06-02-2025 15:16:42.199,126,RECV,7E007D318100062D0221004E363039352D4D414456B1
06-02-2025 15:16:42.199,127,RECV,7E007D318100062D0222004E363039362D555759478B
06-02-2025 15:16:42.199,128,RECV,7E007D318100062D0223004E363039372D35324A35EF
06-02-2025 15:16:42.199,129,RECV,7E007D318100062D0224004E363039382D49324E37D3
06-02-2025 15:16:42.199,130,RECV,7E007D3181000227024B004E323039312D3030324DE2
06-02-2025 15:16:42.199,131,RECV,7E007D318100011B021D004E313038392D3135354E0D
06-02-2025 15:16:42.199,132,RECV,7E007D318100011B021E004E313039302D58324645E8
06-02-2025 15:16:42.199,133,RECV,7E007D318100011A021F004E313039312D323631590A
06-02-2025 15:16:42.199,134,RECV,7E007D318100011B0220004E313039322D49454735EF
06-02-2025 15:16:42.220,135,RECV,7E007D318100011A0221004E313039332D524D4942CE
06-02-2025 15:16:42.220,136,RECV,7E007D318100011B0222004E313039342D375A4A48D2
06-02-2025 15:16:42.221,137,RECV,7E007D318100011B0223004E313039352D38565746C8
06-02-2025 15:16:42.221,138,RECV,7E007D31810002290253004E323039392D4E45534D7C
06-02-2025 15:16:42.221,139,RECV,7E007D318100011B0225004E313039372D41363844FC
06-02-2025 15:16:42.221,140,RECV,7E007D318100011B0226004E313039382D394E3256DE
06-02-2025 15:16:42.222,141,RECV,7E007D318100011B0227004E313039392D43343149FA
