05-09-2025 16:01:07.755,-,API2,"Sink 2,0013A20041839DCA,802.15.4 TH,2003,/dev/ttyUSB2 - 57600/8/M/1/N,1,46"

05-09-2025 16:00:02.148,0,RECV,7E000F81000039024E383030302D35304C53FC
05-09-2025 16:00:02.150,1,RECV,7E000F8100002A024E363030302D504A3844FB
05-09-2025 16:00:02.348,2,RECV,7E000F81000034024E383030312D44565A45CB
05-09-2025 16:00:02.385,3,RECV,7E007D338100002A000AFFFFFFFFFFFFFFFF0000005348B7
05-09-2025 16:00:02.385,4,RECV,7E007D3381000037000AFFFFFFFFFFFFFFFF0000005348AA
05-09-2025 16:00:02.385,5,RECV,7E007D3381000034000BFFFFFFFFFFFFFFFF0000005348AC
05-09-2025 16:00:02.385,6,RECV,7E000F8100003E024E373030312D51495550BC
05-09-2025 16:00:02.398,7,RECV,7E000F8100003F024E373030322D4849454BD8
05-09-2025 16:00:02.498,8,RECV,7E000F81000038024E353030312D54453056E4
05-09-2025 16:00:02.548,9,RECV,7E000F81000036024E383030322D4E594F4EBD
05-09-2025 16:00:02.549,10,RECV,7E000F81000036024E383030332D57353246FC
05-09-2025 16:00:02.549,11,RECV,7E000F81000036024E383030342D48494D54CD
05-09-2025 16:00:02.599,12,RECV,7E000F81000036024E383030352D544E3757CE
05-09-2025 16:00:02.649,13,RECV,7E000F8100002B024E363030312D443243437D33
05-09-2025 16:00:02.659,14,RECV,7E000F8100003F024E373030332D4942515AC2
05-09-2025 16:00:02.679,15,RECV,7E000F8100002C024E363030322D4A4C4C30FB
05-09-2025 16:00:02.899,16,RECV,7E000F8100003F024E373030342D39374B4BF1
05-09-2025 16:00:02.950,17,RECV,7E000F81000036024E383030362D55344932F9
05-09-2025 16:00:02.950,18,RECV,7E000F8100002B024E363030332D46575931E6
05-09-2025 16:00:03.050,19,RECV,7E000F81000039024E353030322D56523731F1
05-09-2025 16:00:03.150,20,RECV,7E000F8100002B024E363030342D5754364CDF
05-09-2025 16:00:03.200,21,RECV,7E000F81000036024E383030372D4B504136EA
05-09-2025 16:00:03.351,22,RECV,7E000F8100003A024E353030332D37475544E8
05-09-2025 16:00:03.401,23,RECV,7E000F81000039024E383030382D4646344AEE
05-09-2025 16:00:03.450,24,RECV,7E000F81000041024E373030352D46505633D5
05-09-2025 16:00:03.501,25,RECV,7E000F8100002E024E363030352D50365642EA
05-09-2025 16:00:03.501,26,RECV,7E000F8100002E024E363030362D56544256C5
05-09-2025 16:00:03.551,27,RECV,7E000F8100002C024E363030372D3348474600
05-09-2025 16:00:03.601,28,RECV,7E000F81000041024E373030362D42565530D6
05-09-2025 16:00:03.601,29,RECV,7E000F8100002D024E363030382D5742474BDB
05-09-2025 16:00:03.601,30,RECV,7E000F81000038024E383030392D3933564CEA
05-09-2025 16:00:03.651,31,RECV,7E000F81000041024E373030372D57535142B5
05-09-2025 16:00:03.702,32,RECV,7E000F8100003D024E373030382D53484F51BA
05-09-2025 16:00:03.751,33,RECV,7E000F81000029024E363030392D58414346E7
05-09-2025 16:00:03.952,34,RECV,7E000F8100003E024E373030392D4C453658D4
05-09-2025 16:00:03.952,35,RECV,7E000F8100002A024E363031302D5138324F06
05-09-2025 16:00:04.102,36,RECV,7E000F81000036024E383031302D5A315546DC
05-09-2025 16:00:04.103,37,RECV,7E000F81000036024E383031312D444E4537F3
05-09-2025 16:00:04.152,38,RECV,7E000F8100003F024E373031302D4F394947E2
05-09-2025 16:00:04.153,39,RECV,7E000F8100003F024E373031312D4E32474BE7
05-09-2025 16:00:04.253,40,RECV,7E000F81000036024E383031322D48414F54D4
05-09-2025 16:00:04.253,41,RECV,7E000F8100003F024E373031322D304C4E45E9
05-09-2025 16:00:04.353,42,RECV,7E000F8100002C024E363031312D4B4E4D52D5
05-09-2025 16:00:04.354,43,RECV,7E000F8100002B024E363031322D59585357B2
05-09-2025 16:00:04.503,44,RECV,7E000F8100003A024E353030342D4E325A59CB
05-09-2025 16:00:04.554,45,RECV,7E000F81000039024E353030352D4B503834F7
05-09-2025 16:00:04.554,46,RECV,7E000F81000035024E383031332D304D4350F0
05-09-2025 16:00:04.604,47,RECV,7E000F8100003E024E373031332D36555148D4
05-09-2025 16:00:04.604,48,RECV,7E000F81000036024E353030362D41525055C8
05-09-2025 16:00:04.704,49,RECV,7E000F8100003E024E373031342D4C4A3655D6
05-09-2025 16:00:05.005,50,RECV,7E000F8100002A024E363031332D5441354FF4
05-09-2025 16:00:05.105,51,RECV,7E000F81000038024E353030372D4C35504FDD
05-09-2025 16:00:05.121,52,RECV,7E000F8100002B024E363031342D55443945F4
05-09-2025 16:00:05.155,53,RECV,7E000F8100002C024E363031352D4E4A4738F2
05-09-2025 16:00:05.157,54,RECV,7E000F8100003F024E373031352D59385757B6
05-09-2025 16:00:05.157,55,RECV,7E000F81000038024E353030382D41444B31FB
05-09-2025 16:00:05.205,56,RECV,7E000F8100002B024E363031362D314356330C
05-09-2025 16:00:05.256,57,RECV,7E000F8100002D024E363031372D44443355F6
05-09-2025 16:00:05.356,58,RECV,7E000F81000041024E373031362D44343155F4
05-09-2025 16:00:05.406,59,RECV,7E000F8100003A024E353030392D48555156B5
05-09-2025 16:00:05.410,60,RECV,7E000F8100003E024E373031372D41414A41E7
05-09-2025 16:00:05.456,61,RECV,7E000F8100003D024E373031382D36354249FE
05-09-2025 16:00:05.506,62,RECV,7E000F81000034024E383031342D56343746F9
05-09-2025 16:00:05.607,63,RECV,7E000F81000038024E353031302D50304E4CE9
05-09-2025 16:00:05.657,64,RECV,7E000F81000036024E383031352D5052454EC8
05-09-2025 16:00:05.807,65,RECV,7E000F81000038024E353031312D59484F56BC
05-09-2025 16:00:05.811,66,RECV,7E000F81000037024E353031322D3837593208
05-09-2025 16:00:05.907,67,RECV,7E000F8100003F024E373031392D58494751B8
05-09-2025 16:00:06.008,68,RECV,7E000F8100002C024E363031382D3343354C0F
05-09-2025 16:00:06.014,69,RECV,7E000F8100002B024E363031392D5032344D03
05-09-2025 16:00:06.014,70,RECV,7E000F81000036024E383031362D45515231E3
05-09-2025 16:00:06.014,71,RECV,7E000F8100002C024E363032302D3337374626
05-09-2025 16:00:06.108,72,RECV,7E000F8100003E024E373032302D4E334F32F8
05-09-2025 16:00:06.208,73,RECV,7E000F8100002D024E363032312D4B584D35E6
05-09-2025 16:00:06.309,74,RECV,7E000F81000038024E383031372D54474933E2
05-09-2025 16:00:06.359,75,RECV,7E007D338100002E0020FFFFFFFFFFFFFFFF00000053489D
05-09-2025 16:00:06.409,76,RECV,7E007D3381000038001CFFFFFFFFFFFFFFFF000000534897
05-09-2025 16:00:06.459,77,RECV,7E000F81000038024E383031382D47304C57DE
05-09-2025 16:00:06.509,78,RECV,7E000F8100002E024E363032322D395A3056F0
05-09-2025 16:00:06.509,79,RECV,7E000F8100003B024E353031332D4D30584DDB
05-09-2025 16:00:06.559,80,RECV,7E000F8100002E024E363032332D55393151F8
05-09-2025 16:00:06.760,81,RECV,7E000F8100002B024E363032342D314E5837FC
05-09-2025 16:00:06.761,82,RECV,7E000F8100003F024E373032312D4C474855C8
05-09-2025 16:00:06.860,83,RECV,7E000F8100003F024E373032322D46525950B6
05-09-2025 16:00:07.060,84,RECV,7E000F8100003A024E353031342D5543534AC8
05-09-2025 16:00:07.161,85,RECV,7E000F8100003A024E353031352D4B32574ADE
05-09-2025 16:00:07.211,86,RECV,7E000F8100003A024E353031362D474E323004
05-09-2025 16:00:07.214,87,RECV,7E000F81000041024E373032332D59305439DE
05-09-2025 16:00:07.232,88,RECV,7E000F81000038024E383031392D334A5554D1
05-09-2025 16:00:07.361,89,RECV,7E000F81000041024E373032342D32583749E9
05-09-2025 16:00:07.411,90,RECV,7E000F81000039024E383032302D4F51344AE0
05-09-2025 16:00:07.461,91,RECV,7E000F81000029024E363032352D47455153DB
05-09-2025 16:00:07.462,92,RECV,7E000F81000037024E353031372D33384751FA
05-09-2025 16:00:07.512,93,RECV,7E000F8100003D024E373032352D44425138E7
05-09-2025 16:00:07.561,94,RECV,7E000F8100003F024E373032362D4C365641DA
05-09-2025 16:00:07.662,95,RECV,7E000F8100002C024E363032362D384F5252DC
05-09-2025 16:00:07.664,96,RECV,7E000F8100002B024E363032372D464E3445FA
05-09-2025 16:00:07.762,97,RECV,7E000F8100003F024E373032372D4D584148C4
05-09-2025 16:00:07.822,98,RECV,7E000F8100002C024E363032382D4A505752C2
05-09-2025 16:00:07.912,99,RECV,7E000F81000040024E373032382D49375734E5
05-09-2025 16:00:07.963,100,RECV,7E000F81000036024E383032312D59465153BD
05-09-2025 16:00:07.970,101,RECV,7E000F81000037024E383032322D4E4C5545CA
05-09-2025 16:00:07.970,102,RECV,7E000F81000037024E383032332D4D34434CED
05-09-2025 16:00:08.063,103,RECV,7E000F8100002D024E363032392D474B4B4ADC
05-09-2025 16:00:08.213,104,RECV,7E000F8100003F024E373033302D455A4944CC
05-09-2025 16:00:08.213,105,RECV,7E000F81000036024E383032342D46584235E8
05-09-2025 16:00:08.263,106,RECV,7E000F8100002E024E363033302D314F3954FD
05-09-2025 16:00:08.313,107,RECV,7E000F8100003C024E353031382D475A5735CA
05-09-2025 16:00:08.313,108,RECV,7E000F8100002A024E363033312D494F4F35F1
05-09-2025 16:00:08.313,109,RECV,7E000F81000041024E373033312D43414E31F2
05-09-2025 16:00:08.314,110,RECV,7E000F81000038024E383032352D354B5532F3
05-09-2025 16:00:08.464,111,RECV,7E000F8100002A024E363033322D59433847F1
05-09-2025 16:00:08.665,112,RECV,7E000F8100002B024E363033332D303034482E
05-09-2025 16:00:08.665,113,RECV,7E000F8100003F024E373033322D4F373147F8
05-09-2025 16:00:08.765,114,RECV,7E000F8100003F024E373033332D4E443846E5
05-09-2025 16:00:08.915,115,RECV,7E000F81000036024E383032362D44395749DE
05-09-2025 16:00:08.916,116,RECV,7E000F81000038024E353031392D4C474638E9
05-09-2025 16:00:09.216,117,RECV,7E000F81000037024E383032372D4F4F4836DD
05-09-2025 16:00:09.316,118,RECV,7E000F81000039024E353032302D304F304B07
05-09-2025 16:00:09.316,119,RECV,7E000F81000029024E363033342D4A485950D0
05-09-2025 16:00:09.417,120,RECV,7E000F8100003A024E383032382D34384F4EEC
05-09-2025 16:00:09.417,121,RECV,7E000F81000043024E373033342D53415755B0
05-09-2025 16:00:09.467,122,RECV,7E000F81000037024E353032312D3058463103
05-09-2025 16:00:09.517,123,RECV,7E000F8100003F024E373033352D30575154C7
05-09-2025 16:00:09.567,124,RECV,7E000F81000038024E353032322D33364B4EFE
05-09-2025 16:00:09.567,125,RECV,7E000F81000038024E353032332D41425941E2
05-09-2025 16:00:10.018,126,RECV,7E000F8100002B024E363033352D3647474AFA
05-09-2025 16:00:10.118,127,RECV,7E000F8100003F024E373033362D4236354500
05-09-2025 16:00:10.269,128,RECV,7E000F81000036024E383032392D4E593739E1
05-09-2025 16:00:10.319,129,RECV,7E000F81000036024E383033302D354734450B
05-09-2025 16:00:10.319,130,RECV,7E000F81000036024E383033312D4E435A39DB
05-09-2025 16:00:10.369,131,RECV,7E007D338100002B002FFFFFFFFFFFFFFFFF000000534891
05-09-2025 16:00:10.379,132,RECV,7E007D33810000380023FFFFFFFFFFFFFFFF000000534890
05-09-2025 16:00:10.380,133,RECV,7E007D338100003F0030FFFFFFFFFFFFFFFF00000053487C
05-09-2025 16:00:10.469,134,RECV,7E000F8100002B024E363033362D43385248F2
05-09-2025 16:00:10.470,135,RECV,7E000F8100003F024E373033372D4642434FD7
05-09-2025 16:00:10.619,136,RECV,7E000F81000039024E353032342D55423350E3
05-09-2025 16:00:10.770,137,RECV,7E000F81000038024E353032352D3350455ADB
05-09-2025 16:00:10.870,138,RECV,7E000F8100002D024E363033372D4D463059E8
05-09-2025 16:00:11.021,139,RECV,7E000F81000039024E353032362D554C4E57B5
05-09-2025 16:00:11.040,140,RECV,7E000F81000039024E353032372D4B523943E1
05-09-2025 16:00:11.071,141,RECV,7E000F8100002C024E363033382D41565154C8
05-09-2025 16:00:11.121,142,RECV,7E000F81000039024E353032382D46435155CA
05-09-2025 16:00:11.171,143,RECV,7E000F81000040024E373033382D52413530F7
05-09-2025 16:00:11.221,144,RECV,7E000F8100002C024E363033392D53353258F1
05-09-2025 16:00:11.271,145,RECV,7E000F8100002E024E363034302D4545314608
05-09-2025 16:00:11.371,146,RECV,7E000F81000039024E383033322D46473458E2
05-09-2025 16:00:11.472,147,RECV,7E000F8100003B024E353032392D35505159C7
05-09-2025 16:00:11.572,148,RECV,7E000F8100002A024E363034312D43514E53D7
05-09-2025 16:00:11.622,149,RECV,7E000F8100002A024E363034322D43485358D5
05-09-2025 16:00:11.672,150,RECV,7E000F81000037024E353033302D3237423720
05-09-2025 16:00:11.773,151,RECV,7E000F81000036024E353033312D4D4F5746C9
05-09-2025 16:00:11.786,152,RECV,7E000F81000034024E383033332D53594A5AAF
05-09-2025 16:00:11.786,153,RECV,7E000F8100003E024E373033392D514B3838E4
05-09-2025 16:00:11.823,154,RECV,7E000F81000034024E383033342D394731301D
05-09-2025 16:00:11.873,155,RECV,7E000F81000034024E383033352D504C345AD3
05-09-2025 16:00:12.023,156,RECV,7E000F81000037024E353033322D45454156DF
05-09-2025 16:00:12.124,157,RECV,7E000F81000035024E383033362D31555A35E6
05-09-2025 16:00:12.124,158,RECV,7E000F81000034024E383033372D33495253DA
05-09-2025 16:00:12.174,159,RECV,7E000F81000037024E353033332D59565155AA
05-09-2025 16:00:12.179,160,RECV,7E000F81000035024E383033382D47504C57BF
05-09-2025 16:00:12.274,161,RECV,7E000F8100003D024E373034302D4F36584ECE
05-09-2025 16:00:12.274,162,RECV,7E000F81000034024E383033392D4651475AC1
05-09-2025 16:00:12.324,163,RECV,7E000F81000036024E353033342D4C554832E4
05-09-2025 16:00:12.325,164,RECV,7E000F81000036024E353033352D4C354D57D9
05-09-2025 16:00:12.325,165,RECV,7E000F81000036024E353033362D3133534105
05-09-2025 16:00:12.374,166,RECV,7E000F81000034024E383034302D3758544BD3
05-09-2025 16:00:12.525,167,RECV,7E000F81000036024E353033372D374C4C55D8
05-09-2025 16:00:12.575,168,RECV,7E000F81000028024E363034332D3345354817
05-09-2025 16:00:12.575,169,RECV,7E000F81000034024E383034312D4659304AE7
05-09-2025 16:00:12.725,170,RECV,7E000F81000035024E353033382D53514B38D5
05-09-2025 16:00:12.725,171,RECV,7E000F8100003D024E373034312D33364B3410
05-09-2025 16:00:12.725,172,RECV,7E000F81000034024E383034322D4745574ECE
05-09-2025 16:00:12.926,173,RECV,7E000F81000035024E383034332D414E444CDE
05-09-2025 16:00:13.076,174,RECV,7E000F8100003C024E373034332D48533236F4
05-09-2025 16:00:13.076,175,RECV,7E000F8100003A024E353033392D59314D41DE
05-09-2025 16:00:13.126,176,RECV,7E000F81000041024E373034342D31364E4EEE
05-09-2025 16:00:13.227,177,RECV,7E000F8100003B024E353034302D30384E3017
05-09-2025 16:00:13.237,178,RECV,7E000F8100002E024E363034342D373337471D
05-09-2025 16:00:13.377,179,RECV,7E000F81000038024E383034342D31434958E4
05-09-2025 16:00:13.427,180,RECV,7E000F8100003A024E353034312D5455364DD1
05-09-2025 16:00:13.477,181,RECV,7E000F81000038024E383034352D4C314A4AE7
05-09-2025 16:00:13.477,182,RECV,7E000F8100002D024E363034352D4A50323900
05-09-2025 16:00:13.527,183,RECV,7E000F81000040024E373034352D43554B52BC
05-09-2025 16:00:13.628,184,RECV,7E000F81000039024E353034322D52504E33DA
05-09-2025 16:00:13.638,185,RECV,7E000F8100003A024E353034332D51354A57D4
05-09-2025 16:00:13.642,186,RECV,7E000F81000041024E373034362D53374B47D3
05-09-2025 16:00:13.778,187,RECV,7E000F81000038024E383034362D46544450C9
05-09-2025 16:00:13.878,188,RECV,7E000F81000040024E373034372D5251494EB5
05-09-2025 16:00:13.928,189,RECV,7E000F81000040024E373034382D394A554DC9
05-09-2025 16:00:13.979,190,RECV,7E000F8100003A024E353034342D34434745F7
05-09-2025 16:00:14.029,191,RECV,7E000F8100002C024E363034362D49433546FE
05-09-2025 16:00:14.129,192,RECV,7E000F8100003E024E373034392D50363046F3
05-09-2025 16:00:14.382,193,RECV,7E000F8100003F024E373035302D49354242F4
05-09-2025 16:00:14.392,194,RECV,7E007D3381000035003BFFFFFFFFFFFFFFFF00000053487B
05-09-2025 16:00:14.392,195,RECV,7E007D338100002B003BFFFFFFFFFFFFFFFF000000534885
05-09-2025 16:00:14.392,196,RECV,7E007D33810000370039FFFFFFFFFFFFFFFF00000053487B
05-09-2025 16:00:14.392,197,RECV,7E000F81000037024E353034352D46305945E8
05-09-2025 16:00:14.392,198,RECV,7E007D338100003F003FFFFFFFFFFFFFFFFF00000053486D
05-09-2025 16:00:14.432,199,RECV,7E000F8100003E024E373035312D4B4E5235D6
05-09-2025 16:00:14.532,200,RECV,7E000F8100002A024E363034372D424E413104
05-09-2025 16:00:14.582,201,RECV,7E000F8100002A024E363034382D594D4F45CB
05-09-2025 16:00:14.582,202,RECV,7E000F81000029024E363034392D4A445256CF
05-09-2025 16:00:14.933,203,RECV,7E000F81000029024E363035302D3351323522
05-09-2025 16:00:15.033,204,RECV,7E000F8100003D024E373035322D58573934DA
05-09-2025 16:00:15.083,205,RECV,7E000F81000029024E363035312D4558354EEC
05-09-2025 16:00:15.133,206,RECV,7E000F81000034024E383034372D4353374FDE
05-09-2025 16:00:15.134,207,RECV,7E000F81000036024E353034362D30455749E7
05-09-2025 16:00:15.184,208,RECV,7E000F81000034024E383034382D5A554D43BA
05-09-2025 16:00:15.234,209,RECV,7E000F8100003C024E353034372D4A50304AE1
05-09-2025 16:00:15.284,210,RECV,7E000F8100003A024E383034392D493531390A
05-09-2025 16:00:15.535,211,RECV,7E000F81000041024E373035332D52415248C4
05-09-2025 16:00:15.685,212,RECV,7E000F8100002C024E363035322D53494734F1
05-09-2025 16:00:15.785,213,RECV,7E000F81000040024E373035342D36345751DF
05-09-2025 16:00:15.885,214,RECV,7E000F8100003F024E373035352D47525147C0
05-09-2025 16:00:15.887,215,RECV,7E000F81000037024E383035302D58514844C8
05-09-2025 16:00:16.086,216,RECV,7E000F8100003F024E373035362D4F35524FCB
05-09-2025 16:00:16.186,217,RECV,7E000F81000039024E353034382D30535948D3
05-09-2025 16:00:16.206,218,RECV,7E000F81000039024E353034392D5A363338FB
05-09-2025 16:00:16.236,219,RECV,7E000F81000037024E383035312D3756383304
05-09-2025 16:00:16.286,220,RECV,7E000F81000037024E383035322D33423950FD
05-09-2025 16:00:16.387,221,RECV,7E000F8100003F024E373035372D32334259EF
05-09-2025 16:00:16.437,222,RECV,7E000F8100003E024E373035382D30573734FD
05-09-2025 16:00:16.487,223,RECV,7E000F8100002B024E363035332D4D425943DD
05-09-2025 16:00:16.637,224,RECV,7E000F81000036024E383035332D3157434DE3
05-09-2025 16:00:16.688,225,RECV,7E000F8100003E024E373035392D464F4C49C4
05-09-2025 16:00:16.738,226,RECV,7E000F81000036024E383035342D4A34594DD6
05-09-2025 16:00:16.738,227,RECV,7E000F8100003E024E373036302D334C3056F1
05-09-2025 16:00:16.798,228,RECV,7E000F81000037024E353035302D52564838D8
05-09-2025 16:00:16.838,229,RECV,7E000F81000036024E383035352D4736354AFD
05-09-2025 16:00:16.888,230,RECV,7E000F8100002B024E363035342D4D494232FD
05-09-2025 16:00:16.888,231,RECV,7E000F8100002B024E363035352D57524E4DC2
05-09-2025 16:00:16.938,232,RECV,7E000F8100003E024E373036312D4A4B4842D6
05-09-2025 16:00:16.956,233,RECV,7E000F8100003E024E373036322D595A3050C1
05-09-2025 16:00:16.988,234,RECV,7E000F8100002B024E363035362D43473648FD
05-09-2025 16:00:17.239,235,RECV,7E000F8100003E024E373036332D4547515ABC
05-09-2025 16:00:17.290,236,RECV,7E000F81000038024E353035322D55384750D9
05-09-2025 16:00:17.339,237,RECV,7E000F81000041024E373036342D435A5930C9
05-09-2025 16:00:17.390,238,RECV,7E000F81000040024E373036352D38474138F7
05-09-2025 16:00:17.440,239,RECV,7E000F8100002C024E363035372D524A4459CA
05-09-2025 16:00:17.640,240,RECV,7E000F8100002C024E363035382D4C575158B6
05-09-2025 16:00:17.690,241,RECV,7E000F8100002D024E363035392D58593943D3
05-09-2025 16:00:17.841,242,RECV,7E000F8100003B024E353035332D4836443304
05-09-2025 16:00:17.871,243,RECV,7E000F81000039024E383035372D4F4F3257CD
05-09-2025 16:00:18.041,244,RECV,7E000F81000038024E353035342D4D39374CF2
05-09-2025 16:00:18.242,245,RECV,7E000F8100002B024E363036302D4E4C5051CF
05-09-2025 16:00:18.292,246,RECV,7E000F8100002C024E363036312D424B4A44ED
05-09-2025 16:00:18.315,247,RECV,7E000F8100002B024E363036322D5751554AC1
05-09-2025 16:00:18.392,248,RECV,7E007D33810000360047FFFFFFFFFFFFFFFF00000053486E
05-09-2025 16:00:18.395,249,RECV,7E007D338100002C004CFFFFFFFFFFFFFFFF000000534873
05-09-2025 16:00:18.395,250,RECV,7E007D33810000380044FFFFFFFFFFFFFFFF00000053486F
05-09-2025 16:00:18.403,251,RECV,7E007D3381000040004FFFFFFFFFFFFFFFFF00000053485C
05-09-2025 16:00:18.473,252,RECV,7E000F81000038024E353035352D5251574EB2
05-09-2025 16:00:18.543,253,RECV,7E000F8100002C024E363036332D4A53484ED3
05-09-2025 16:00:18.693,254,RECV,7E000F8100002C024E363036342D4736564BE7
05-09-2025 16:00:18.744,255,RECV,7E000F81000037024E383035382D454F4D48CC
05-09-2025 16:00:18.793,256,RECV,7E000F81000040024E373036362D4F324436F3
05-09-2025 16:00:18.844,257,RECV,7E000F8100002C024E363036352D4B4F4744DF
05-09-2025 16:00:18.844,258,RECV,7E000F8100002C024E363036362D58574834D8
05-09-2025 16:00:18.944,259,RECV,7E000F81000038024E383035392D43583753CE
05-09-2025 16:00:18.994,260,RECV,7E000F81000039024E383036302D44425155CE
05-09-2025 16:00:19.044,261,RECV,7E000F8100002E024E363036372D58353249F8
05-09-2025 16:00:19.094,262,RECV,7E000F81000039024E353035362D46334F4BE5
05-09-2025 16:00:19.094,263,RECV,7E000F81000037024E383036312D35574846E1
05-09-2025 16:00:19.145,264,RECV,7E000F81000037024E353035372D303633461A
05-09-2025 16:00:19.195,265,RECV,7E000F8100003E024E373036372D53524948B9
05-09-2025 16:00:19.245,266,RECV,7E000F8100002A024E363036382D424F4D45E0
05-09-2025 16:00:19.295,267,RECV,7E000F81000029024E363036392D574D3047E8
05-09-2025 16:00:19.345,268,RECV,7E000F8100002A024E363037302D50545351C2
05-09-2025 16:00:19.496,269,RECV,7E000F81000037024E353035382D474F4359C6
05-09-2025 16:00:19.746,270,RECV,7E000F81000040024E373036382D38484F48D5
05-09-2025 16:00:19.897,271,RECV,7E000F81000038024E353035392D374A3944F8
05-09-2025 16:00:19.897,272,RECV,7E000F81000038024E353036302D30474855EA
05-09-2025 16:00:19.947,273,RECV,7E000F81000037024E353036312D44425147E0
05-09-2025 16:00:19.950,274,RECV,7E000F8100002B024E363037312D54453142FC
05-09-2025 16:00:20.019,275,RECV,7E000F8100003F024E373036392D4D434557C0
05-09-2025 16:00:20.021,276,RECV,7E000F8100003F024E373037302D3949444BE3
05-09-2025 16:00:20.198,277,RECV,7E000F81000029024E363037322D4A524349E1
05-09-2025 16:00:20.248,278,RECV,7E000F8100002A024E363037332D35425157E8
05-09-2025 16:00:20.248,279,RECV,7E000F81000036024E353036322D3235314B1B
05-09-2025 16:00:20.259,280,RECV,7E000F81000036024E353036332D374B3748FC
05-09-2025 16:00:20.262,281,RECV,7E000F8100003D024E373037312D4D535738C6
05-09-2025 16:00:20.298,282,RECV,7E000F81000034024E383036322D4241394FF2
05-09-2025 16:00:20.398,283,RECV,7E000F8100002A024E363037342D4D374F57DC
05-09-2025 16:00:20.449,284,RECV,7E000F81000036024E353036342D3633413121
05-09-2025 16:00:20.559,285,RECV,7E000F81000036024E353036352D45304659E7
05-09-2025 16:00:20.561,286,RECV,7E000F8100003D024E373037322D4D493252DA
05-09-2025 16:00:20.649,287,RECV,7E000F81000029024E363037352D30535557D7
05-09-2025 16:00:20.650,288,RECV,7E000F8100003D024E373037332D38444838F7
05-09-2025 16:00:20.699,289,RECV,7E000F81000035024E383036332D354E4B47E6
05-09-2025 16:00:20.749,290,RECV,7E000F8100002A024E363037362D5A363057ED
05-09-2025 16:00:20.900,291,RECV,7E000F81000034024E383036342D4F504441D7
05-09-2025 16:00:21.000,292,RECV,7E000F8100003F024E373037342D5632384DE3
05-09-2025 16:00:21.050,293,RECV,7E000F8100002B024E363037372D364A4A56E2
05-09-2025 16:00:21.051,294,RECV,7E000F8100002B024E363037382D3732435005
05-09-2025 16:00:21.100,295,RECV,7E000F81000037024E383036352D53595259A0
05-09-2025 16:00:21.150,296,RECV,7E000F81000037024E383036362D4C344732FD
05-09-2025 16:00:21.153,297,RECV,7E000F81000040024E373037352D3452564FC3
05-09-2025 16:00:21.181,298,RECV,7E000F81000039024E353036362D4C324751E1
05-09-2025 16:00:21.401,299,RECV,7E000F81000041024E373037362D36475654C5
05-09-2025 16:00:21.521,300,RECV,7E000F81000037024E353036372D4C4F4B31E1
05-09-2025 16:00:21.602,301,RECV,7E000F81000038024E353036382D445A4438DC
05-09-2025 16:00:21.702,302,RECV,7E000F8100003E024E373037372D52365748C7
05-09-2025 16:00:21.752,303,RECV,7E000F81000038024E353036392D4C354E44E2
05-09-2025 16:00:21.802,304,RECV,7E000F8100003E024E373037382D4F465649B9
05-09-2025 16:00:21.803,305,RECV,7E000F8100003E024E373037392D4C375144D4
05-09-2025 16:00:21.803,306,RECV,7E000F8100003F024E373038302D52485457AE
05-09-2025 16:00:21.902,307,RECV,7E000F81000035024E383036372D4734443008
05-09-2025 16:00:21.952,308,RECV,7E000F81000038024E353037302D545A3037E8
05-09-2025 16:00:22.053,309,RECV,7E000F81000036024E383036382D57434C34DB
05-09-2025 16:00:22.103,310,RECV,7E000F8100002B024E363037392D54324D39F4
05-09-2025 16:00:22.113,311,RECV,7E000F8100003E024E373038312D38394A3800
05-09-2025 16:00:22.153,312,RECV,7E000F81000038024E353037312D544B5138D4
05-09-2025 16:00:22.153,313,RECV,7E000F81000036024E383036392D323030471B
05-09-2025 16:00:22.203,314,RECV,7E000F81000040024E373038322D59474E46BC
05-09-2025 16:00:22.273,315,RECV,7E000F81000038024E353037322D56575537C2
05-09-2025 16:00:22.404,316,RECV,7E007D33810000380054FFFFFFFFFFFFFFFF00000053485F
05-09-2025 16:00:22.415,317,RECV,7E000F8100002D024E363038302D45585242D5
05-09-2025 16:00:22.415,318,RECV,7E007D338100002E005FFFFFFFFFFFFFFFFF00000053485E
05-09-2025 16:00:22.415,319,RECV,7E007D33810000390057FFFFFFFFFFFFFFFF00000053485B
05-09-2025 16:00:22.415,320,RECV,7E007D33810000410061FFFFFFFFFFFFFFFF000000534849
05-09-2025 16:00:22.464,321,RECV,7E000F81000038024E383037302D4541594FCC
05-09-2025 16:00:22.654,322,RECV,7E000F81000038024E383037312D394A374AF5
05-09-2025 16:00:22.704,323,RECV,7E000F8100002D024E363038312D56474654CE
05-09-2025 16:00:22.804,324,RECV,7E000F81000039024E383037322D37504252DC
05-09-2025 16:00:22.855,325,RECV,7E000F8100003A024E353037332D32364654F6
05-09-2025 16:00:22.955,326,RECV,7E000F81000029024E363038322D55445959BD
05-09-2025 16:00:23.055,327,RECV,7E000F81000037024E353037342D4B373957E8
05-09-2025 16:00:23.106,328,RECV,7E000F8100003E024E373038332D44304541F7
05-09-2025 16:00:23.155,329,RECV,7E000F81000037024E353037352D424F414FD8
05-09-2025 16:00:23.206,330,RECV,7E000F81000038024E353037362D45474C44DB
05-09-2025 16:00:23.356,331,RECV,7E000F8100003F024E373038342D31484A38F4
05-09-2025 16:00:23.456,332,RECV,7E000F81000037024E353037372D4856334ED8
05-09-2025 16:00:23.557,333,RECV,7E000F8100002C024E363038332D51595A4BB5
05-09-2025 16:00:23.562,334,RECV,7E000F81000036024E383037332D35585634E2
05-09-2025 16:00:23.607,335,RECV,7E000F8100002C024E363038342D4344473500
05-09-2025 16:00:23.632,336,RECV,7E000F81000039024E353037382D4F383156E6
05-09-2025 16:00:23.632,337,RECV,7E000F81000040024E373038352D59373843E2
05-09-2025 16:00:23.757,338,RECV,7E000F8100002C024E363038352D47554556CB
05-09-2025 16:00:23.808,339,RECV,7E000F81000040024E373038362D58515A34B5
05-09-2025 16:00:23.958,340,RECV,7E000F81000037024E383037342D314E4D47E4
05-09-2025 16:00:24.008,341,RECV,7E000F81000039024E353037392D43335936EE
05-09-2025 16:00:24.008,342,RECV,7E000F81000041024E373038372D3637304607
05-09-2025 16:00:24.008,343,RECV,7E000F81000040024E373038382D5A375334D2
05-09-2025 16:00:24.058,344,RECV,7E000F81000039024E383037352D464F4E47CA
05-09-2025 16:00:24.209,345,RECV,7E000F8100003C024E353038302D59353256E2
05-09-2025 16:00:24.236,346,RECV,7E000F8100003C024E353038312D32325A50E9
05-09-2025 16:00:24.258,347,RECV,7E000F8100003F024E373038392D5943375ABD
05-09-2025 16:00:24.309,348,RECV,7E000F81000036024E383037362D55594350B5
05-09-2025 16:00:24.309,349,RECV,7E000F8100003F024E373039302D494E4D50BE
05-09-2025 16:00:24.459,350,RECV,7E000F81000038024E353038322D3634514BF4
05-09-2025 16:00:24.559,351,RECV,7E000F8100002B024E363038362D305130361B
05-09-2025 16:00:24.559,352,RECV,7E000F8100003F024E373039312D485A3148D6
05-09-2025 16:00:24.610,353,RECV,7E000F8100002C024E363038372D59313943FA
05-09-2025 16:00:24.810,354,RECV,7E000F8100002C024E363038382D59355553C9
05-09-2025 16:00:24.880,355,RECV,7E000F8100002C024E363038392D54484154CD
05-09-2025 16:00:24.960,356,RECV,7E000F81000039024E353038332D3333303131
05-09-2025 16:00:25.060,357,RECV,7E000F81000038024E383037372D51304E57CD
05-09-2025 16:00:25.110,358,RECV,7E000F8100002D024E363039302D42434A4EE8
05-09-2025 16:00:25.121,359,RECV,7E000F81000039024E383037382D50553943D0
05-09-2025 16:00:25.131,360,RECV,7E000F8100003B024E353038342D474E3954D3
05-09-2025 16:00:25.261,361,RECV,7E000F8100003F024E373039322D37495835E3
05-09-2025 16:00:25.311,362,RECV,7E000F8100003E024E373039332D46304251E7
05-09-2025 16:00:25.461,363,RECV,7E000F81000037024E353038352D48375251D6
05-09-2025 16:00:25.512,364,RECV,7E000F81000037024E353038362D50584934D2
05-09-2025 16:00:25.512,365,RECV,7E000F81000035024E383037392D3848514BD8
05-09-2025 16:00:25.612,366,RECV,7E000F8100002B024E363039312D38365A42FC
05-09-2025 16:00:25.662,367,RECV,7E000F8100002B024E363039322D38355843FD
05-09-2025 16:00:25.763,368,RECV,7E000F8100002B024E363039332D324A323620
05-09-2025 16:00:25.813,369,RECV,7E000F8100002B024E363039342D4344334CFD
05-09-2025 16:00:25.863,370,RECV,7E000F81000037024E383038302D4E4E4E4EC2
05-09-2025 16:00:25.913,371,RECV,7E000F8100003F024E373039342D49575044BA
05-09-2025 16:00:25.983,372,RECV,7E000F81000038024E353038372D50484758BE
05-09-2025 16:00:25.983,373,RECV,7E000F8100002B024E363039352D4F493933FE
05-09-2025 16:00:26.013,374,RECV,7E000F81000038024E353038382D31513443FB
05-09-2025 16:00:26.114,375,RECV,7E000F8100003F024E373039352D373541310F
05-09-2025 16:00:26.114,376,RECV,7E000F81000039024E353038392D4F4F3638E6
05-09-2025 16:00:26.114,377,RECV,7E000F81000040024E373039362D47344A4CDA
05-09-2025 16:00:26.164,378,RECV,7E000F81000039024E353039302D3341324410
05-09-2025 16:00:26.164,379,RECV,7E000F8100002C024E363039362D4D354A4BE9
05-09-2025 16:00:26.334,380,RECV,7E000F81000036024E383038312D5555324BD3
05-09-2025 16:00:26.364,381,RECV,7E000F8100002D024E363039372D4B584B32DE
05-09-2025 16:00:26.364,382,RECV,7E007D33810000380061FFFFFFFFFFFFFFFF000000534852
05-09-2025 16:00:26.415,383,RECV,7E007D338100002E0071FFFFFFFFFFFFFFFF00000053484C
05-09-2025 16:00:26.415,384,RECV,7E007D338100003A006AFFFFFFFFFFFFFFFF000000534847
05-09-2025 16:00:26.415,385,RECV,7E007D33810000410070FFFFFFFFFFFFFFFF00000053483A
05-09-2025 16:00:26.465,386,RECV,7E000F81000041024E373039372D4C4A424DC4
05-09-2025 16:00:26.515,387,RECV,7E000F81000041024E373039382D344B4635EE
05-09-2025 16:00:26.565,388,RECV,7E000F8100003B024E353039312D4C5A4653B8
05-09-2025 16:00:26.565,389,RECV,7E000F81000034024E383038322D4152594EC1
05-09-2025 16:00:26.715,390,RECV,7E000F81000036024E353039322D57593850C3
05-09-2025 16:00:26.766,391,RECV,7E000F81000029024E363039382D4443434AED
05-09-2025 16:00:26.766,392,RECV,7E000F81000029024E363039392D4C525049C9
05-09-2025 16:00:26.815,393,RECV,7E000F8100003D024E373039392D5A345942C2
05-09-2025 16:00:26.966,394,RECV,7E000F81000034024E383038332D4C35344203
05-09-2025 16:00:27.266,395,RECV,7E000F81000036024E383038342D4E374951D8
05-09-2025 16:00:27.317,396,RECV,7E000F81000038024E353039332D47595954AB
05-09-2025 16:00:27.367,397,RECV,7E000F81000038024E353039342D5A544A38C7
05-09-2025 16:00:27.417,398,RECV,7E000F81000038024E353039352D494A3539F5
05-09-2025 16:00:27.467,399,RECV,7E000F81000038024E353039362D44573151D8
05-09-2025 16:00:27.667,400,RECV,7E000F81000036024E383038352D4D333657E9
05-09-2025 16:00:27.868,401,RECV,7E000F81000039024E353039372D31463850F4
05-09-2025 16:00:27.968,402,RECV,7E000F81000039024E353039382D47443549E9
05-09-2025 16:00:28.019,403,RECV,7E000F81000039024E353039392D544A4536D8
05-09-2025 16:00:28.219,404,RECV,7E000F81000038024E383038362D48363459E8
05-09-2025 16:00:28.570,405,RECV,7E000F81000035024E383038372D49574B54B6
05-09-2025 16:00:28.620,406,RECV,7E000F81000036024E383038382D53505138C7
05-09-2025 16:00:28.720,407,RECV,7E000F81000036024E383038392D4A58464EBC
05-09-2025 16:00:29.172,408,RECV,7E000F81000036024E383039302D5244374CE1
05-09-2025 16:00:29.372,409,RECV,7E000F81000036024E383039312D414A3253E9
05-09-2025 16:00:29.673,410,RECV,7E000F81000036024E383039322D5334464EDD
05-09-2025 16:00:30.274,411,RECV,7E000F81000036024E383039332D36464B4BE5
05-09-2025 16:00:30.375,412,RECV,7E007D3381000036006EFFFFFFFFFFFFFFFF000000534847
05-09-2025 16:00:30.726,413,RECV,7E000F81000036024E383039342D524C3644DE
05-09-2025 16:00:30.926,414,RECV,7E000F81000035024E383039352D47473934FB
05-09-2025 16:00:31.127,415,RECV,7E000F81000036024E383039362D33384C56E7
05-09-2025 16:00:31.277,416,RECV,7E000F81000036024E383039372D38485133EF
05-09-2025 16:00:31.327,417,RECV,7E000F81000036024E383039382D52304B4FD6
05-09-2025 16:00:31.629,418,RECV,7E000F81000035024E383039392D58543043D3
