05-09-2025 15:59:28.519,-,API2,"Sink 2,0013A20041839DCA,802.15.4 TH,2003,/dev/ttyUSB2 - 57600/8/M/1/N,1,46"

05-09-2025 15:58:00.021,0,RECV,7E000F81000034024E383030302D3847513500
05-09-2025 15:58:00.021,1,RECV,7E000F8100002B024E363030302D3037495808
05-09-2025 15:58:00.051,2,RECV,7E000F8100003F024E373030312D53424F43D3
05-09-2025 15:58:00.071,3,RECV,7E007D3381000034000AFFFFFFFFFFFFFFFF0000005348AD
05-09-2025 15:58:00.071,4,RECV,7E007D338100002B000AFFFFFFFFFFFFFFFF0000005348B6
05-09-2025 15:58:00.072,5,RECV,7E000F8100002A024E363030312D3353513603
05-09-2025 15:58:00.072,6,RECV,7E007D3381000038000AFFFFFFFFFFFFFFFF0000005348A9
05-09-2025 15:58:00.100,7,RECV,7E007D338100003F000BFFFFFFFFFFFFFFFF0000005348A1
05-09-2025 15:58:00.201,8,RECV,7E000F81000039024E353030312D59304C4AE3
05-09-2025 15:58:00.401,9,RECV,7E000F81000035024E383030312D384E4641F6
05-09-2025 15:58:00.502,10,RECV,7E000F81000039024E353030322D4F30574AE1
05-09-2025 15:58:00.502,11,RECV,7E000F81000041024E373030322D4D55564CB3
05-09-2025 15:58:00.512,12,RECV,7E000F8100002B024E363030322D4A585634E2
05-09-2025 15:58:00.512,13,RECV,7E000F81000038024E353030332D49585442CA
05-09-2025 15:58:00.752,14,RECV,7E000F8100002C024E363030332D364C304515
05-09-2025 15:58:00.802,15,RECV,7E000F81000035024E383030332D51435650C7
05-09-2025 15:58:00.902,16,RECV,7E000F81000038024E353030352D38514E31F7
05-09-2025 15:58:00.928,17,RECV,7E000F81000035024E383030342D473343390A
05-09-2025 15:58:00.952,18,RECV,7E000F81000035024E383030352D4C4D5638D8
05-09-2025 15:58:01.103,19,RECV,7E000F81000038024E353030362D46433759E5
05-09-2025 15:58:01.153,20,RECV,7E000F81000038024E353030372D47414644EB
05-09-2025 15:58:01.203,21,RECV,7E000F81000039024E353030382D46425030F3
05-09-2025 15:58:01.253,22,RECV,7E000F81000039024E353030392D51354B48E1
05-09-2025 15:58:01.306,23,RECV,7E000F8100002B024E363030342D4A445242EA
05-09-2025 15:58:01.353,24,RECV,7E000F8100002C024E363030352D473531322B
05-09-2025 15:58:01.504,25,RECV,7E000F81000039024E353031302D4E455134EA
05-09-2025 15:58:01.605,26,RECV,7E000F81000042024E373030332D394F4655D2
05-09-2025 15:58:01.611,27,RECV,7E000F81000036024E383030362D4F365045E3
05-09-2025 15:58:01.611,28,RECV,7E000F8100003A024E353031312D30515741E7
05-09-2025 15:58:01.664,29,RECV,7E000F8100003B024E353031322D3237454C04
05-09-2025 15:58:01.905,30,RECV,7E000F8100002D024E363030362D554E5347CB
05-09-2025 15:58:01.905,31,RECV,7E000F81000041024E373030342D51545343BA
05-09-2025 15:58:01.955,32,RECV,7E000F8100002C024E363030372D393538580A
05-09-2025 15:58:01.955,33,RECV,7E000F81000036024E383030372D32384C52F4
05-09-2025 15:58:01.956,34,RECV,7E000F81000035024E383030382D44485448D4
05-09-2025 15:58:02.055,35,RECV,7E000F81000036024E383030392D59454953C0
05-09-2025 15:58:02.366,36,RECV,7E000F81000041024E373030352D534B4E56B2
05-09-2025 15:58:02.456,37,RECV,7E000F81000039024E353031332D365A5953C3
05-09-2025 15:58:02.557,38,RECV,7E000F81000039024E353031342D46335657D8
05-09-2025 15:58:02.614,39,RECV,7E000F81000041024E373030362D57504458B0
05-09-2025 15:58:02.664,40,RECV,7E000F8100003A024E353031352D4C454D55C9
05-09-2025 15:58:02.714,41,RECV,7E000F81000041024E373030372D4434364103
05-09-2025 15:58:02.764,42,RECV,7E000F81000037024E383031302D43593645EA
05-09-2025 15:58:02.764,43,RECV,7E000F81000037024E383031312D59435041D3
05-09-2025 15:58:02.814,44,RECV,7E000F8100003A024E353031362D42485947D1
05-09-2025 15:58:02.965,45,RECV,7E000F8100003A024E353031372D4B4E3232FD
05-09-2025 15:58:02.967,46,RECV,7E000F81000037024E383031322D4C55584EB8
05-09-2025 15:58:02.968,47,RECV,7E000F8100003A024E353031382D31425944E9
05-09-2025 15:58:03.015,48,RECV,7E000F81000041024E373030382D4C494332E7
05-09-2025 15:58:03.165,49,RECV,7E000F8100003B024E353031392D334D4C4BE0
05-09-2025 15:58:03.316,50,RECV,7E000F8100002C024E363030382D4F554459C6
05-09-2025 15:58:03.316,51,RECV,7E000F81000039024E383031332D41434C5AD2
05-09-2025 15:58:03.426,52,RECV,7E000F8100002F024E363030392D424E4A52D7
05-09-2025 15:58:03.426,53,RECV,7E000F81000044024E373030392D4A33504ED2
05-09-2025 15:58:03.466,54,RECV,7E000F81000039024E383031342D3049463507
05-09-2025 15:58:03.516,55,RECV,7E000F8100003C024E353032302D4F543052D9
05-09-2025 15:58:03.517,56,RECV,7E000F8100003D024E353032312D584B5946BA
05-09-2025 15:58:03.616,57,RECV,7E000F8100002E024E363031302D474C31377D31
05-09-2025 15:58:03.827,58,RECV,7E000F8100002E024E363031312D4558304AF4
05-09-2025 15:58:03.967,59,RECV,7E000F8100003D024E353032322D53525933CA
05-09-2025 15:58:04.018,60,RECV,7E000F8100003D024E353032332D48435337E5
05-09-2025 15:58:04.068,61,RECV,7E000F8100003C024E353032342D354D5A59C5
05-09-2025 15:58:04.068,62,RECV,7E007D338100003A0019FFFFFFFFFFFFFFFF000000534898
05-09-2025 15:58:04.068,63,RECV,7E007D33810000290016FFFFFFFFFFFFFFFF0000005348AC
05-09-2025 15:58:04.078,64,RECV,7E007D33810000370023FFFFFFFFFFFFFFFF000000534891
05-09-2025 15:58:04.078,65,RECV,7E000F8100002B024E363031322D4D434958DC
05-09-2025 15:58:04.118,66,RECV,7E000F8100003A024E383031352D48315038F8
05-09-2025 15:58:04.118,67,RECV,7E007D33810000440014FFFFFFFFFFFFFFFF000000534893
05-09-2025 15:58:04.118,68,RECV,7E000F8100003D024E353032352D5052354FD2
05-09-2025 15:58:04.168,69,RECV,7E000F81000038024E353032362D515A3948D0
05-09-2025 15:58:04.268,70,RECV,7E000F81000035024E383031362D524A5A30D7
05-09-2025 15:58:04.318,71,RECV,7E000F8100002A024E363031332D354A5559E0
05-09-2025 15:58:04.339,72,RECV,7E000F81000038024E353032372D314B314806
05-09-2025 15:58:04.469,73,RECV,7E000F8100003F024E373031302D54344B38EF
05-09-2025 15:58:04.490,74,RECV,7E000F8100003F024E373031312D394B4A47E4
05-09-2025 15:58:04.619,75,RECV,7E000F8100003F024E373031322D48585A4BB3
05-09-2025 15:58:04.669,76,RECV,7E000F81000034024E383031372D3755343805
05-09-2025 15:58:04.669,77,RECV,7E000F81000038024E353032382D355A335ADE
05-09-2025 15:58:04.719,78,RECV,7E000F81000038024E353032392D4F36424BE7
05-09-2025 15:58:04.769,79,RECV,7E000F81000038024E353033302D48455249D9
05-09-2025 15:58:04.970,80,RECV,7E000F81000039024E353033312D343754310F
05-09-2025 15:58:05.020,81,RECV,7E000F8100002B024E363031342D51563147EC
05-09-2025 15:58:05.070,82,RECV,7E000F81000039024E353033322D47304A58E5
05-09-2025 15:58:05.120,83,RECV,7E000F81000039024E353033332D36535A34E6
05-09-2025 15:58:05.322,84,RECV,7E000F81000041024E373031332D44515458B4
05-09-2025 15:58:05.372,85,RECV,7E000F8100002B024E363031352D3255365AF3
05-09-2025 15:58:05.522,86,RECV,7E000F81000041024E373031342D4C4E5755AE
05-09-2025 15:58:05.623,87,RECV,7E000F81000035024E383031382D33505244E2
05-09-2025 15:58:05.823,88,RECV,7E000F8100002C024E363031362D43334C3115
05-09-2025 15:58:05.973,89,RECV,7E000F81000039024E353033342D344F4357DF
05-09-2025 15:58:06.023,90,RECV,7E000F81000042024E373031352D514B4459B9
05-09-2025 15:58:06.074,91,RECV,7E000F81000036024E383031392D32505848D7
05-09-2025 15:58:06.124,92,RECV,7E000F8100002C024E363031372D56575644C0
05-09-2025 15:58:06.148,93,RECV,7E000F81000042024E373031362D4C565739BF
05-09-2025 15:58:06.174,94,RECV,7E000F81000036024E383032302D5246383001
05-09-2025 15:58:06.234,95,RECV,7E000F8100003A024E353033352D31514A55D9
05-09-2025 15:58:06.324,96,RECV,7E000F81000039024E353033362D4F4B4746D3
05-09-2025 15:58:06.425,97,RECV,7E000F8100002E024E363031382D45585250C5
05-09-2025 15:58:06.475,98,RECV,7E000F81000044024E373031372D315A5342CE
05-09-2025 15:58:06.475,99,RECV,7E000F81000044024E373031382D34585A30D7
05-09-2025 15:58:06.625,100,RECV,7E000F8100002E024E363031392D58593558C5
05-09-2025 15:58:06.725,101,RECV,7E000F81000044024E373031392D514D4453B7
05-09-2025 15:58:06.775,102,RECV,7E000F8100002E024E363032302D4E45444CE8
05-09-2025 15:58:06.856,103,RECV,7E000F81000045024E373032302D494A3248E6
05-09-2025 15:58:06.926,104,RECV,7E000F81000044024E373032312D5635564FC3
05-09-2025 15:58:07.036,105,RECV,7E000F8100002C024E363032312D584D444DD6
05-09-2025 15:58:07.076,106,RECV,7E000F81000029024E363032322D475A31310B
05-09-2025 15:58:07.177,107,RECV,7E000F81000037024E353033372D53474F47CB
05-09-2025 15:58:07.180,108,RECV,7E000F81000038024E353033382D4550574CC1
05-09-2025 15:58:07.277,109,RECV,7E000F81000038024E353033392D41544945D5
05-09-2025 15:58:07.279,110,RECV,7E000F81000034024E383032312D3143424507
05-09-2025 15:58:07.327,111,RECV,7E000F81000038024E353034302D4B443143FD
05-09-2025 15:58:07.427,112,RECV,7E000F8100002B024E363032332D42534A4CE0
05-09-2025 15:58:07.581,113,RECV,7E000F81000038024E353034312D343345440F
05-09-2025 15:58:07.581,114,RECV,7E000F81000040024E373032322D3238365204
05-09-2025 15:58:07.730,115,RECV,7E000F81000035024E383032322D554D4733E4
05-09-2025 15:58:07.780,116,RECV,7E000F8100002B024E363032342D44314651FE
05-09-2025 15:58:07.830,117,RECV,7E000F81000041024E373032332D3246424CEE
05-09-2025 15:58:07.830,118,RECV,7E000F8100002B024E363032352D385A4A57D6
05-09-2025 15:58:07.880,119,RECV,7E000F81000036024E383032332D37594149E4
05-09-2025 15:58:07.931,120,RECV,7E000F81000035024E383032342D33555639E7
05-09-2025 15:58:08.081,121,RECV,7E007D33810000360024FFFFFFFFFFFFFFFF000000534891
05-09-2025 15:58:08.081,122,RECV,7E007D338100002C0025FFFFFFFFFFFFFFFF00000053489A
05-09-2025 15:58:08.131,123,RECV,7E007D33810000410023FFFFFFFFFFFFFFFF000000534887
05-09-2025 15:58:08.131,124,RECV,7E000F81000035024E383032352D344F303515
05-09-2025 15:58:08.181,125,RECV,7E000F8100003A024E353034322D5A4C3241E3
05-09-2025 15:58:08.232,126,RECV,7E000F81000036024E383032362D3530444909
05-09-2025 15:58:08.332,127,RECV,7E000F81000036024E383032372D514C354DDB
05-09-2025 15:58:08.382,128,RECV,7E000F81000037024E383032382D57393849E7
05-09-2025 15:58:08.432,129,RECV,7E000F8100003A024E353034332D4A503446E7
05-09-2025 15:58:08.683,130,RECV,7E000F81000036024E383032392D314130371F
05-09-2025 15:58:08.833,131,RECV,7E000F8100002D024E363032362D4C4C5335E6
05-09-2025 15:58:09.034,132,RECV,7E000F8100003A024E353034342D5638424DDD
05-09-2025 15:58:09.084,133,RECV,7E000F8100002D024E363032372D324B445AEA
05-09-2025 15:58:09.084,134,RECV,7E000F81000036024E383033302D41565435E0
05-09-2025 15:58:09.184,135,RECV,7E000F8100003B024E353034352D43424A38F1
05-09-2025 15:58:09.385,136,RECV,7E000F8100003A024E353034362D4152594AC2
05-09-2025 15:58:09.485,137,RECV,7E000F8100003A024E353034372D36425045EA
05-09-2025 15:58:09.487,138,RECV,7E000F8100002D024E363032382D4B594D34DF
05-09-2025 15:58:09.635,139,RECV,7E000F81000037024E383033312D32455851DE
05-09-2025 15:58:09.636,140,RECV,7E000F8100003B024E353034382D52524637D4
05-09-2025 15:58:09.686,141,RECV,7E000F8100003B024E353034392D52425A53B3
05-09-2025 15:58:09.686,142,RECV,7E000F8100003B024E353035302D59385744D0
05-09-2025 15:58:09.736,143,RECV,7E000F81000043024E373032342D5345554BB9
05-09-2025 15:58:09.786,144,RECV,7E000F81000044024E373032352D30575430E4
05-09-2025 15:58:09.886,145,RECV,7E000F81000044024E373032362D585A5331B8
05-09-2025 15:58:09.887,146,RECV,7E000F81000044024E373032372D324C594FC7
05-09-2025 15:58:09.887,147,RECV,7E000F81000029024E363032392D414530321F
05-09-2025 15:58:09.936,148,RECV,7E000F81000039024E383033322D44425739E5
05-09-2025 15:58:09.941,149,RECV,7E000F81000039024E383033332D35444142FE
05-09-2025 15:58:09.946,150,RECV,7E000F81000044024E373032382D55314658C8
05-09-2025 15:58:09.946,151,RECV,7E000F8100002F024E363033302D56434246E8
05-09-2025 15:58:09.986,152,RECV,7E000F81000039024E383033342D4256394DDB
05-09-2025 15:58:10.037,153,RECV,7E000F81000039024E383033352D4B543157D1
05-09-2025 15:58:10.037,154,RECV,7E000F8100003B024E353035312D343358320A
05-09-2025 15:58:10.037,155,RECV,7E000F81000029024E363033312D4F423253F8
05-09-2025 15:58:10.087,156,RECV,7E000F8100002B024E363033322D4B4A393508
05-09-2025 15:58:10.107,157,RECV,7E000F81000037024E353035322D55465157BB
05-09-2025 15:58:10.137,158,RECV,7E000F81000036024E383033362D4448464CDC
05-09-2025 15:58:10.140,159,RECV,7E000F81000041024E373032392D4E4E484EBC
05-09-2025 15:58:10.140,160,RECV,7E000F81000036024E383033372D34365A50E5
05-09-2025 15:58:10.187,161,RECV,7E000F81000040024E373033302D51334743E9
05-09-2025 15:58:10.189,162,RECV,7E000F8100003C024E353035332D46423852E6
05-09-2025 15:58:10.237,163,RECV,7E000F81000041024E373033312D4844314EEA
05-09-2025 15:58:10.288,164,RECV,7E000F8100003E024E373033322D3743353018
05-09-2025 15:58:10.288,165,RECV,7E000F8100003E024E373033332D44365731F4
05-09-2025 15:58:10.294,166,RECV,7E000F81000034024E383033382D4B4C5137DB
05-09-2025 15:58:10.338,167,RECV,7E000F81000029024E363033332D4635393721
05-09-2025 15:58:10.438,168,RECV,7E000F81000037024E353035342D54465343CC
05-09-2025 15:58:10.438,169,RECV,7E000F8100002A024E363033342D505A3254DA
05-09-2025 15:58:10.438,170,RECV,7E000F8100002A024E363033352D59474F5AC0
05-09-2025 15:58:10.490,171,RECV,7E000F8100003F024E373033342D514A5557AD
05-09-2025 15:58:10.490,172,RECV,7E000F81000034024E383033392D3637414B00
05-09-2025 15:58:10.540,173,RECV,7E000F81000040024E373033352D59524E37C2
05-09-2025 15:58:10.590,174,RECV,7E000F81000033024E383034302D36414C320D
05-09-2025 15:58:10.690,175,RECV,7E000F8100002A024E363033362D4C484545EA
05-09-2025 15:58:10.841,176,RECV,7E000F81000035024E383034312D42574359CA
05-09-2025 15:58:10.890,177,RECV,7E000F81000039024E353035352D4E454A4AD2
05-09-2025 15:58:10.891,178,RECV,7E000F81000040024E373033362D50355642D4
05-09-2025 15:58:10.951,179,RECV,7E000F8100002A024E363033372D5335423904
05-09-2025 15:58:11.242,180,RECV,7E000F81000040024E373033372D4B475335D6
05-09-2025 15:58:11.292,181,RECV,7E000F81000034024E383034322D41514E4DD2
05-09-2025 15:58:11.342,182,RECV,7E000F8100002A024E363033382D465A464FD1
05-09-2025 15:58:11.392,183,RECV,7E000F81000040024E373033382D4C424647D4
05-09-2025 15:58:11.442,184,RECV,7E000F81000038024E353035362D46483450E7
05-09-2025 15:58:11.493,185,RECV,7E000F81000040024E373033392D39594351C8
05-09-2025 15:58:11.543,186,RECV,7E000F8100002B024E363033392D56494F32E4
05-09-2025 15:58:11.643,187,RECV,7E000F81000035024E383034332D44524A4AD3
05-09-2025 15:58:11.693,188,RECV,7E000F8100002B024E363034302D31474F3015
05-09-2025 15:58:11.743,189,RECV,7E000F81000039024E353035372D35484654E0
05-09-2025 15:58:11.747,190,RECV,7E000F81000035024E383034342D4442584FCF
05-09-2025 15:58:11.748,191,RECV,7E000F81000039024E353035382D434B5030E8
05-09-2025 15:58:11.748,192,RECV,7E000F81000035024E383034352D47535935D3
05-09-2025 15:58:11.844,193,RECV,7E000F81000041024E373034302D31364D3110
05-09-2025 15:58:11.894,194,RECV,7E000F81000041024E373034312D54395755BB
05-09-2025 15:58:11.914,195,RECV,7E000F81000039024E353035392D38555734DD
05-09-2025 15:58:11.914,196,RECV,7E000F8100002C024E363034312D57485A49C8
05-09-2025 15:58:11.944,197,RECV,7E000F81000035024E383034362D35545141DF
05-09-2025 15:58:12.044,198,RECV,7E000F81000039024E353036302D4531493905
05-09-2025 15:58:12.094,199,RECV,7E007D3381000035003BFFFFFFFFFFFFFFFF00000053487B
05-09-2025 15:58:12.095,200,RECV,7E007D338100003A0049FFFFFFFFFFFFFFFF000000534868
05-09-2025 15:58:12.095,201,RECV,7E007D338100002C0036FFFFFFFFFFFFFFFF000000534889
05-09-2025 15:58:12.145,202,RECV,7E007D33810000410036FFFFFFFFFFFFFFFF000000534874
05-09-2025 15:58:12.154,203,RECV,7E000F81000035024E383034372D4F434B45D7
05-09-2025 15:58:12.155,204,RECV,7E000F8100003F024E373034322D464D5441CD
05-09-2025 15:58:12.155,205,RECV,7E000F8100003A024E353036312D59514D46BE
05-09-2025 15:58:12.345,206,RECV,7E000F8100002C024E363034322D3638374E16
05-09-2025 15:58:12.446,207,RECV,7E000F8100002C024E363034332D42385751E6
05-09-2025 15:58:12.546,208,RECV,7E000F81000039024E353036322D55505935C8
05-09-2025 15:58:12.596,209,RECV,7E000F81000036024E383034382D544E5653AC
05-09-2025 15:58:12.646,210,RECV,7E000F8100002C024E363034342D5441363804
05-09-2025 15:58:12.696,211,RECV,7E000F8100002D024E363034352D4743433008
05-09-2025 15:58:12.797,212,RECV,7E000F81000042024E373034332D42464238EF
05-09-2025 15:58:12.808,213,RECV,7E000F8100002C024E363034362D42444346F6
05-09-2025 15:58:12.997,214,RECV,7E000F8100003A024E353036332D4A393450F2
05-09-2025 15:58:13.047,215,RECV,7E000F81000036024E383034392D50414C49D0
05-09-2025 15:58:13.197,216,RECV,7E000F8100003B024E353036342D554A4138DF
05-09-2025 15:58:13.248,217,RECV,7E000F81000041024E373034342D47324451E3
05-09-2025 15:58:13.298,218,RECV,7E000F8100002C024E363034372D3354594DD7
05-09-2025 15:58:13.298,219,RECV,7E000F8100002D024E363034382D50364C3000
05-09-2025 15:58:13.348,220,RECV,7E000F81000037024E383035302D514D4932E4
05-09-2025 15:58:13.498,221,RECV,7E000F81000036024E383035312D4A494444E2
05-09-2025 15:58:13.699,222,RECV,7E000F8100002D024E363034392D49514D5AC0
05-09-2025 15:58:13.749,223,RECV,7E000F8100003C024E353036352D41335835F4
05-09-2025 15:58:13.849,224,RECV,7E000F8100002D024E363035302D464E3546FA
05-09-2025 15:58:13.949,225,RECV,7E000F81000042024E373034362D55463058CB
05-09-2025 15:58:14.000,226,RECV,7E000F81000036024E383035322D41485343DD
05-09-2025 15:58:14.000,227,RECV,7E000F81000036024E383035332D54484F31DF
05-09-2025 15:58:14.100,228,RECV,7E000F81000042024E373034372D584B5A549C
05-09-2025 15:58:14.150,229,RECV,7E000F81000037024E383035342D3434304D14
05-09-2025 15:58:14.300,230,RECV,7E000F81000040024E373034382D52535332C4
05-09-2025 15:58:14.301,231,RECV,7E000F8100003B024E353036362D43305459D5
05-09-2025 15:58:14.501,232,RECV,7E000F8100002D024E363035312D4C4A5A5ABE
05-09-2025 15:58:14.561,233,RECV,7E000F8100003F024E373034392D3155343004
05-09-2025 15:58:14.701,234,RECV,7E000F8100003C024E353036372D33484D59D2
05-09-2025 15:58:14.701,235,RECV,7E000F8100003B024E353036382D554E4A5AAC
05-09-2025 15:58:14.751,236,RECV,7E000F8100003B024E353036392D45565A43BA
05-09-2025 15:58:14.902,237,RECV,7E000F8100003C024E353037302D35544D59CA
05-09-2025 15:58:15.003,238,RECV,7E000F8100002E024E363035322D4F4E3937F9
05-09-2025 15:58:15.054,239,RECV,7E000F8100003B024E353037312D53454855C4
05-09-2025 15:58:15.054,240,RECV,7E000F81000040024E373035302D53453151DB
05-09-2025 15:58:15.104,241,RECV,7E000F8100002E024E363035332D4A31424DFB
05-09-2025 15:58:15.204,242,RECV,7E000F8100002E024E363035342D30434B48FE
05-09-2025 15:58:15.354,243,RECV,7E000F81000039024E383035352D4F514E41C7
05-09-2025 15:58:15.405,244,RECV,7E000F8100003D024E353037322D4F31504CDA
05-09-2025 15:58:15.412,245,RECV,7E000F8100003E024E353037332D48493757D5
05-09-2025 15:58:15.705,246,RECV,7E000F81000034024E383035362D5343584AC2
05-09-2025 15:58:15.721,247,RECV,7E000F81000029024E363035352D5735384EF6
05-09-2025 15:58:15.755,248,RECV,7E000F81000034024E383035372D3052413105
05-09-2025 15:58:16.006,249,RECV,7E000F8100003A024E353037342D4E4F3038F2
05-09-2025 15:58:16.056,250,RECV,7E000F81000041024E373035312D43315730F8
05-09-2025 15:58:16.066,251,RECV,7E007D33810000360047FFFFFFFFFFFFFFFF00000053486E
05-09-2025 15:58:16.106,252,RECV,7E000F8100003A024E353037352D48525752B3
05-09-2025 15:58:16.111,253,RECV,7E007D338100003A0059FFFFFFFFFFFFFFFF000000534858
05-09-2025 15:58:16.111,254,RECV,7E007D338100002B0045FFFFFFFFFFFFFFFF00000053487B
05-09-2025 15:58:16.157,255,RECV,7E007D33810000410041FFFFFFFFFFFFFFFF000000534869
05-09-2025 15:58:16.207,256,RECV,7E000F8100002B024E363035362D4C52364AE7
05-09-2025 15:58:16.207,257,RECV,7E000F8100003B024E353037362D4F304335FD
05-09-2025 15:58:16.257,258,RECV,7E000F81000040024E373035322D304F5143E0
05-09-2025 15:58:16.357,259,RECV,7E000F8100003C024E353037372D494D5A38CA
05-09-2025 15:58:16.407,260,RECV,7E000F8100003C024E353037382D564C3559C1
05-09-2025 15:58:16.407,261,RECV,7E000F81000037024E383035392D424B5646CB
05-09-2025 15:58:16.458,262,RECV,7E000F8100002D024E363035372D4E394442F5
05-09-2025 15:58:16.480,263,RECV,7E000F81000037024E383036302D5342534FC5
05-09-2025 15:58:16.508,264,RECV,7E000F81000041024E373035332D42455850C2
05-09-2025 15:58:16.558,265,RECV,7E000F8100002D024E363035382D53383754EB
05-09-2025 15:58:16.560,266,RECV,7E000F81000043024E373035342D384F4832ED
05-09-2025 15:58:16.608,267,RECV,7E000F81000039024E353037392D52554B30D1
05-09-2025 15:58:16.627,268,RECV,7E000F81000030024E363035392D30585530F0
05-09-2025 15:58:16.658,269,RECV,7E000F81000037024E383036312D45535952B8
05-09-2025 15:58:16.758,270,RECV,7E000F81000037024E383036322D38585936DB
05-09-2025 15:58:16.909,271,RECV,7E000F81000039024E383036332D37494634FD
05-09-2025 15:58:16.979,272,RECV,7E000F81000033024E383036342D344D504EDD
05-09-2025 15:58:17.059,273,RECV,7E000F8100002B024E363036302D59515250BE
05-09-2025 15:58:17.076,274,RECV,7E000F8100003F024E373035352D574C5049B5
05-09-2025 15:58:17.259,275,RECV,7E000F8100002C024E363036312D37425657E2
05-09-2025 15:58:17.261,276,RECV,7E000F81000036024E383036352D304344330E
05-09-2025 15:58:17.310,277,RECV,7E000F8100002D024E363036322D4B514935EC
05-09-2025 15:58:17.310,278,RECV,7E000F81000041024E373035362D49583535E3
05-09-2025 15:58:17.310,279,RECV,7E000F8100002D024E363036332D55345843E1
05-09-2025 15:58:17.410,280,RECV,7E000F8100003B024E353038302D3635315805
05-09-2025 15:58:17.410,281,RECV,7E000F81000037024E383036362D52433438F5
05-09-2025 15:58:17.470,282,RECV,7E000F8100003A024E353038312D46375A33EF
05-09-2025 15:58:17.501,283,RECV,7E000F81000036024E383036372D374A4F31F5
05-09-2025 15:58:17.560,284,RECV,7E000F8100003C024E353038322D37525252C9
05-09-2025 15:58:17.611,285,RECV,7E000F81000042024E373035372D4B473455D1
05-09-2025 15:58:17.611,286,RECV,7E000F8100002E024E363036342D57325858CA
05-09-2025 15:58:17.711,287,RECV,7E000F8100002E024E363036352D3732363033
05-09-2025 15:58:17.711,288,RECV,7E000F81000029024E363036362D46545842D2
05-09-2025 15:58:17.711,289,RECV,7E000F8100003E024E373035382D4F33464FD8
05-09-2025 15:58:17.761,290,RECV,7E000F8100002B024E363036372D4D35413907
05-09-2025 15:58:17.811,291,RECV,7E000F81000035024E383036382D3934334412
05-09-2025 15:58:17.961,292,RECV,7E000F81000036024E383036392D5544464FC6
05-09-2025 15:58:18.011,293,RECV,7E000F81000039024E353038332D56384653D1
05-09-2025 15:58:18.061,294,RECV,7E000F81000037024E383037302D574D344AD9
05-09-2025 15:58:18.062,295,RECV,7E000F8100003A024E353038342D46314949ED
05-09-2025 15:58:18.162,296,RECV,7E000F8100002D024E363036382D33584147ED
05-09-2025 15:58:18.312,297,RECV,7E000F81000029024E363036392D50484849DA
05-09-2025 15:58:18.312,298,RECV,7E000F81000038024E353038352D55485131D8
05-09-2025 15:58:18.312,299,RECV,7E000F81000035024E383037312D47434F4DD6
05-09-2025 15:58:18.362,300,RECV,7E000F81000039024E353038362D30384D46FA
05-09-2025 15:58:18.463,301,RECV,7E000F8100003F024E373035392D4E445949B9
05-09-2025 15:58:18.513,302,RECV,7E000F81000035024E383037322D595A525A9C
05-09-2025 15:58:18.563,303,RECV,7E000F8100002B024E363037302D54414744E9
05-09-2025 15:58:18.613,304,RECV,7E000F81000034024E383037332D54363247F8
05-09-2025 15:58:18.764,305,RECV,7E000F81000035024E383037342D4D3237340F
05-09-2025 15:58:18.764,306,RECV,7E000F81000040024E373036302D46463633FF
05-09-2025 15:58:19.014,307,RECV,7E000F81000037024E383037352D30305053F3
05-09-2025 15:58:19.114,308,RECV,7E000F8100002C024E363037312D4D3039321F
05-09-2025 15:58:19.215,309,RECV,7E000F8100002B024E363037322D5943344EE9
05-09-2025 15:58:19.265,310,RECV,7E000F8100002B024E363037332D4738504CEB
05-09-2025 15:58:19.315,311,RECV,7E000F81000040024E373036312D44564842CF
05-09-2025 15:58:19.315,312,RECV,7E000F8100003A024E353038382D4156354DD9
05-09-2025 15:58:19.415,313,RECV,7E000F8100002C024E363037342D4B30394907
05-09-2025 15:58:19.466,314,RECV,7E000F8100003A024E353038392D545A55519D
05-09-2025 15:58:19.565,315,RECV,7E000F8100002D024E363037352D4833315501
05-09-2025 15:58:19.566,316,RECV,7E000F8100003A024E353039302D4445524AD4
05-09-2025 15:58:19.566,317,RECV,7E000F8100002D024E363037362D4B36384EFA
05-09-2025 15:58:19.616,318,RECV,7E000F8100003B024E353039312D514A304DDF
05-09-2025 15:58:19.726,319,RECV,7E000F8100003B024E353039322D49424E47D6
05-09-2025 15:58:19.726,320,RECV,7E000F81000036024E383037362D48493553DD
05-09-2025 15:58:19.726,321,RECV,7E000F8100002D024E363037372D373635322C
05-09-2025 15:58:19.867,322,RECV,7E000F81000029024E363037382D374B4D58DC
05-09-2025 15:58:19.877,323,RECV,7E000F81000033024E383037372D3547413407
05-09-2025 15:58:20.067,324,RECV,7E000F8100003A024E353039332D57533558BF
05-09-2025 15:58:20.069,325,RECV,7E007D3381000035005CFFFFFFFFFFFFFFFF00000053485A
05-09-2025 15:58:20.117,326,RECV,7E007D338100003A006CFFFFFFFFFFFFFFFF000000534845
05-09-2025 15:58:20.119,327,RECV,7E007D338100002B005DFFFFFFFFFFFFFFFF000000534863
05-09-2025 15:58:20.167,328,RECV,7E007D3381000040004DFFFFFFFFFFFFFFFF00000053485E
05-09-2025 15:58:20.217,329,RECV,7E000F81000036024E383037382D4D4B4F4DC0
05-09-2025 15:58:20.267,330,RECV,7E000F81000037024E383037392D495A304ED1
05-09-2025 15:58:20.272,331,RECV,7E000F81000041024E373036332D54374748D6
05-09-2025 15:58:20.518,332,RECV,7E000F81000037024E383038302D51433955D8
05-09-2025 15:58:20.568,333,RECV,7E000F81000034024E383038312D56374D39E9
05-09-2025 15:58:20.669,334,RECV,7E000F81000035024E383038322D44514E55C2
05-09-2025 15:58:20.769,335,RECV,7E000F8100003A024E353039342D594F3636E1
05-09-2025 15:58:20.869,336,RECV,7E000F8100003F024E373036342D37374956E4
05-09-2025 15:58:21.020,337,RECV,7E000F81000039024E353039352D38383854F9
05-09-2025 15:58:21.020,338,RECV,7E000F81000040024E373036352D454A424AD4
05-09-2025 15:58:21.122,339,RECV,7E000F8100003A024E353039362D4B455849C2
05-09-2025 15:58:21.171,340,RECV,7E000F81000040024E373036362D4C463157D4
05-09-2025 15:58:21.171,341,RECV,7E000F8100002C024E363037392D48435A33E7
05-09-2025 15:58:21.271,342,RECV,7E000F8100002C024E363038302D4A354457ED
05-09-2025 15:58:21.272,343,RECV,7E000F8100003E024E353039372D51494A55B5
05-09-2025 15:58:21.372,344,RECV,7E000F8100003D024E373036372D38375559D3
05-09-2025 15:58:21.376,345,RECV,7E000F81000034024E383038332D42354B44F4
05-09-2025 15:58:21.385,346,RECV,7E000F81000039024E353039382D314A4843EC
05-09-2025 15:58:21.524,347,RECV,7E000F8100003A024E353039392D324A4D49DE
05-09-2025 15:58:21.574,348,RECV,7E000F8100003F024E373036382D4B31343409
05-09-2025 15:58:21.575,349,RECV,7E000F8100003E024E373036392D51414331E7
05-09-2025 15:58:21.725,350,RECV,7E000F81000040024E373037302D33524A41E3
05-09-2025 15:58:21.775,351,RECV,7E000F81000040024E373037312D4B585439C2
05-09-2025 15:58:21.791,352,RECV,7E000F8100002D024E363038312D36324A391A
05-09-2025 15:58:21.926,353,RECV,7E000F81000041024E373037322D4D355348D3
05-09-2025 15:58:22.026,354,RECV,7E000F81000035024E383038342D4A30433308
05-09-2025 15:58:22.026,355,RECV,7E000F8100002A024E363038322D58443347F1
05-09-2025 15:58:22.076,356,RECV,7E000F81000035024E383038352D31534A43E6
05-09-2025 15:58:22.177,357,RECV,7E000F81000035024E383038362D4A4E4730E7
05-09-2025 15:58:22.226,358,RECV,7E000F8100002C024E363038332D4853374DE5
05-09-2025 15:58:22.277,359,RECV,7E000F8100002C024E363038342D4F37324704
05-09-2025 15:58:22.428,360,RECV,7E000F81000040024E373037332D4E4B4447CC
05-09-2025 15:58:22.528,361,RECV,7E000F81000029024E363038352D474E454DDE
05-09-2025 15:58:22.578,362,RECV,7E000F81000033024E383038372D43524637E5
05-09-2025 15:58:22.629,363,RECV,7E000F8100003F024E373037342D5A4E4C4BB1
05-09-2025 15:58:22.829,364,RECV,7E000F8100003E024E373037352D47593936E1
05-09-2025 15:58:22.880,365,RECV,7E000F81000035024E383038382D45384B59D3
05-09-2025 15:58:22.930,366,RECV,7E000F81000035024E383038392D58484254BD
05-09-2025 15:58:23.030,367,RECV,7E000F8100002B024E363038362D43413652F6
05-09-2025 15:58:23.080,368,RECV,7E000F8100002A024E363038372D57324742F0
05-09-2025 15:58:23.180,369,RECV,7E000F8100003E024E373037362D4A553643D7
05-09-2025 15:58:23.230,370,RECV,7E000F8100003E024E373037372D3352374CE6
05-09-2025 15:58:23.281,371,RECV,7E000F81000035024E383039302D42435244E0
05-09-2025 15:58:23.284,372,RECV,7E000F81000040024E373037382D374A4C4ED0
05-09-2025 15:58:23.341,373,RECV,7E000F8100002C024E363038382D594F354DD5
05-09-2025 15:58:23.341,374,RECV,7E000F8100003F024E373037392D53494F43BD
05-09-2025 15:58:23.341,375,RECV,7E000F81000036024E383039312D48304355E9
05-09-2025 15:58:23.431,376,RECV,7E000F81000040024E373038302D42353557EF
05-09-2025 15:58:23.455,377,RECV,7E000F8100002C024E363038392D5A525949B0
05-09-2025 15:58:23.732,378,RECV,7E000F8100002E024E363039302D38484352EF
05-09-2025 15:58:23.792,379,RECV,7E000F81000029024E363039312D513432440D
05-09-2025 15:58:23.812,380,RECV,7E000F81000029024E363039322D57555433D4
05-09-2025 15:58:23.882,381,RECV,7E000F8100003E024E373038312D55433841E2
05-09-2025 15:58:23.932,382,RECV,7E000F8100002A024E363039332D45425944E1
05-09-2025 15:58:23.952,383,RECV,7E000F8100002A024E363039342D5A3037340F
05-09-2025 15:58:23.982,384,RECV,7E000F81000034024E383039322D46374F47E7
05-09-2025 15:58:24.032,385,RECV,7E000F8100003F024E373038322D444F5346C5
05-09-2025 15:58:24.033,386,RECV,7E000F8100003F024E373038332D30525946CF
05-09-2025 15:58:24.082,387,RECV,7E007D3381000035006CFFFFFFFFFFFFFFFF00000053484A
05-09-2025 15:58:24.093,388,RECV,7E000F8100003C024E373038342D38453442FF
05-09-2025 15:58:24.113,389,RECV,7E007D338100002B006EFFFFFFFFFFFFFFFF000000534852
05-09-2025 15:58:24.183,390,RECV,7E007D338100003F0064FFFFFFFFFFFFFFFF000000534848
05-09-2025 15:58:24.187,391,RECV,7E000F81000035024E383039332D59305432E9
05-09-2025 15:58:24.233,392,RECV,7E000F8100003F024E373038352D39364253EA
05-09-2025 15:58:24.283,393,RECV,7E000F81000036024E383039342D4D354F42E3
05-09-2025 15:58:24.383,394,RECV,7E000F81000036024E383039352D43365147E4
05-09-2025 15:58:24.634,395,RECV,7E000F81000036024E383039362D48435A4AC5
05-09-2025 15:58:24.634,396,RECV,7E000F81000036024E383039372D4233353910
05-09-2025 15:58:24.635,397,RECV,7E000F8100002C024E363039352D515A3243E1
05-09-2025 15:58:25.035,398,RECV,7E000F81000034024E383039382D444D4F4BC9
05-09-2025 15:58:25.185,399,RECV,7E000F8100002A024E363039362D5A4B4430E9
05-09-2025 15:58:25.336,400,RECV,7E000F8100002B024E363039372D443841340F
05-09-2025 15:58:25.346,401,RECV,7E000F8100002B024E363039382D47533533FD
05-09-2025 15:58:25.386,402,RECV,7E000F8100003F024E373038362D44593942D5
05-09-2025 15:58:25.386,403,RECV,7E000F8100002C024E363039392D38545137E9
05-09-2025 15:58:25.436,404,RECV,7E000F81000036024E383039392D3934454BF4
05-09-2025 15:58:25.586,405,RECV,7E000F81000040024E373038372D38444F51CF
05-09-2025 15:58:25.987,406,RECV,7E000F81000041024E373038382D4B524C30D0
05-09-2025 15:58:26.037,407,RECV,7E000F81000041024E373038392D584E354CC1
05-09-2025 15:58:26.789,408,RECV,7E000F81000040024E373039302D33504E4DD3
05-09-2025 15:58:26.839,409,RECV,7E000F81000040024E373039312D43394441EF
05-09-2025 15:58:27.010,410,RECV,7E000F81000040024E373039322D524B4359B6
05-09-2025 15:58:27.290,411,RECV,7E000F81000041024E373039332D55333350E2
05-09-2025 15:58:27.441,412,RECV,7E000F81000040024E373039342D57504958A5
05-09-2025 15:58:28.143,413,RECV,7E000F8100003E024E373039352D485A564CAA
05-09-2025 15:58:28.153,414,RECV,7E007D338100003E0070FFFFFFFFFFFFFFFF00000053483D
05-09-2025 15:58:28.293,415,RECV,7E000F8100003E024E373039362D55443444DC
05-09-2025 15:58:28.895,416,RECV,7E000F81000041024E373039372D56465A38BB
05-09-2025 15:58:29.096,417,RECV,7E000F81000042024E373039382D48455435D1
05-09-2025 15:58:29.497,418,RECV,7E000F81000041024E373039392D44373737FE
