05-26-2025 16:33:37.411,-,API2,"Sink 1,0013A20041839DB1,802.15.4 TH,2003,/dev/ttyUSB0 - 57600/8/M/1/N,1,46"

05-26-2025 16:06:22.338,0,RECV,7E000F81000021024E323030322D52475A49E0
05-26-2025 16:06:22.388,1,RECV,7E000F81000020024E323030342D48534D39FA
05-26-2025 16:06:22.438,2,RECV,7E000F81000022024E323030352D5441305102
05-26-2025 16:06:22.440,3,RECV,7E007D3181F9DF2202BB004E313030352D5949474D50
05-26-2025 16:06:22.441,4,RECV,7E007D3381000036000FFFFFFFFFFFFFFFFF0000005348A6
05-26-2025 16:06:22.488,5,RECV,7E000F81000022024E323030362D4D505155D4
05-26-2025 16:06:22.488,6,RECV,7E007D3181F9DF2202BC004E313030362D5A535A4A33
05-26-2025 16:06:22.488,7,RECV,7E007D338100002E0010FFFFFFFFFFFFFFFF0000005348AD
05-26-2025 16:06:22.488,8,RECV,7E000F81000022024E323030372D32455651F8
05-26-2025 16:06:22.489,9,RECV,7E007D3181F9DF2302BD004E313030372D4F53524548
05-26-2025 16:06:22.489,10,RECV,7E000F8100002E024E363030372D544A4A43DB
05-26-2025 16:06:22.538,11,RECV,7E000F81000022024E323030382D31435557F5
05-26-2025 16:06:22.545,12,RECV,7E007D3181F9DF2302BE004E313030382D4F58385749
05-26-2025 16:06:22.551,13,RECV,7E000F8100002E024E363030382D46474934FB
05-26-2025 16:06:22.551,14,RECV,7E000F81000022024E323030392D575A4A31E8
05-26-2025 16:06:22.551,15,RECV,7E007D3181F9DF2302BF004E313030392D3339454587
05-26-2025 16:06:22.551,16,RECV,7E000F8100002E024E363030392D515A5437CE
05-26-2025 16:06:22.589,17,RECV,7E000F81000036024E353031302D33504848F2
05-26-2025 16:06:22.589,18,RECV,7E000F81000022024E323031302D434144437D31
05-26-2025 16:06:22.589,19,RECV,7E007D3181F9DF2302C0004E313031302D353535568F
05-26-2025 16:06:22.589,20,RECV,7E000F8100002D024E363031302D303338333F
05-26-2025 16:06:22.640,21,RECV,7E000F81000022024E323031312D3153485AF5
05-26-2025 16:06:22.643,22,RECV,7E007D3181F9DF2302C1004E313031312D4E55514F3F
05-26-2025 16:06:22.644,23,RECV,7E000F8100002D024E363031312D57425244DD
05-26-2025 16:06:22.645,24,RECV,7E000F81000022024E323031322D59505031F0
05-26-2025 16:06:22.645,25,RECV,7E007D3181F9DF2302C2004E313031322D4748345568
05-26-2025 16:06:22.645,26,RECV,7E000F8100002D024E363031322D4E484F57CF
05-26-2025 16:06:22.689,27,RECV,7E000F81000036024E353031332D58485255BB
05-26-2025 16:06:22.708,28,RECV,7E000F81000022024E323031332D5247484AEE
05-26-2025 16:06:22.718,29,RECV,7E007D3181F9DF2302C3004E313031332D41313636A0
05-26-2025 16:06:22.718,30,RECV,7E000F8100002E024E363031332D4C544851D0
05-26-2025 16:06:22.739,31,RECV,7E000F81000036024E353031342D4533423017
05-26-2025 16:06:22.739,32,RECV,7E000F81000022024E323031342D4846503505
05-26-2025 16:06:22.739,33,RECV,7E007D3181F9DF2302C4004E313031342D3939494F72
05-26-2025 16:06:22.739,34,RECV,7E000F8100002E024E363031342D5230303422
05-26-2025 16:06:22.739,35,RECV,7E000F81000036024E353031352D364139430D
05-26-2025 16:06:22.739,36,RECV,7E000F81000022024E323031352D4454473602
05-26-2025 16:06:22.739,37,RECV,7E007D3181F9DF2302C5004E313031352D34304231A3
05-26-2025 16:06:22.739,38,RECV,7E000F8100002E024E363031352D4D4B4358D4
05-26-2025 16:06:22.789,39,RECV,7E000F81000036024E353031362D4B33394404
05-26-2025 16:06:22.789,40,RECV,7E000F81000022024E323031362D4D485A45E2
05-26-2025 16:06:22.789,41,RECV,7E007D3181F9DF2302C6004E313031362D343032439F
05-26-2025 16:06:22.789,42,RECV,7E000F8100002E024E363031362D37334A5002
05-26-2025 16:06:22.839,43,RECV,7E000F81000036024E353031372D49505749C5
05-26-2025 16:06:22.846,44,RECV,7E000F81000022024E323031372D47573543FF
05-26-2025 16:06:22.847,45,RECV,7E007D3181F9DF2302C7004E313031372D395A45306E
05-26-2025 16:06:22.847,46,RECV,7E000F8100002E024E363031372D4C444759D5
05-26-2025 16:06:22.847,47,RECV,7E000F81000036024E353031382D44364651EC
05-26-2025 16:06:22.847,48,RECV,7E000F81000022024E323031382D434B36341C
05-26-2025 16:06:22.847,49,RECV,7E007D3181F9DF2302C8004E313031382D475A4E592C
05-26-2025 16:06:22.847,50,RECV,7E000F8100002E024E363031382D5855364AD7
05-26-2025 16:06:22.889,51,RECV,7E000F81000036024E353031392D4E454249DE
05-26-2025 16:06:22.889,52,RECV,7E000F81000022024E323031392D5130374F0C
05-26-2025 16:06:22.889,53,RECV,7E007D3181F9DF2302C9004E313031392D51424E355C
05-26-2025 16:06:22.889,54,RECV,7E000F8100002E024E363031392D5234414BF1
05-26-2025 16:06:22.889,55,RECV,7E000F81000037024E353032302D39325957E8
05-26-2025 16:06:22.889,56,RECV,7E000F81000022024E323032302D385142420E
05-26-2025 16:06:22.889,57,RECV,7E007D3181F9DF2302CA004E313032302D4232325083
05-26-2025 16:06:22.889,58,RECV,7E000F8100002E024E363032302D524D3845EF
05-26-2025 16:06:22.939,59,RECV,7E000F81000036024E353032312D534A3433FF
05-26-2025 16:06:22.940,60,RECV,7E000F81000022024E323032312D41485653E8
05-26-2025 16:06:22.940,61,RECV,7E007D3181F9DF2302CB004E313032312D5434395066
05-26-2025 16:06:22.940,62,RECV,7E000F8100002E024E363032312D50524B55C8
05-26-2025 16:06:22.990,63,RECV,7E000F81000036024E353032322D3637415004
05-26-2025 16:06:23.004,64,RECV,7E000F81000022024E323032322D5A33335801
05-26-2025 16:06:23.004,65,RECV,7E007D3181F9DF2302CC004E313032322D4B3543476B
05-26-2025 16:06:23.004,66,RECV,7E000F8100002E024E363032322D5141413204
05-26-2025 16:06:23.004,67,RECV,7E000F81000037024E353032332D59373849EF
05-26-2025 16:06:23.004,68,RECV,7E000F81000022024E323032332D52545247D9
05-26-2025 16:06:23.004,69,RECV,7E007D3181F9DF2302CD004E313032332D523935347F
05-26-2025 16:06:23.004,70,RECV,7E000F8100002E024E363032332D354A384C05
05-26-2025 16:06:23.039,71,RECV,7E000F81000036024E353032342D504C3352DF
05-26-2025 16:06:23.040,72,RECV,7E000F81000022024E323032342D5355383106
05-26-2025 16:06:23.040,73,RECV,7E007D3181F9DF2302CE004E313032342D5046434B4D
05-26-2025 16:06:23.040,74,RECV,7E000F8100002D024E363032342D4B465330F4
05-26-2025 16:06:23.040,75,RECV,7E000F81000036024E353032352D3746464AF2
05-26-2025 16:06:23.040,76,RECV,7E000F81000022024E323032352D343151362A
05-26-2025 16:06:23.040,77,RECV,7E007D3181F9DF2302CF004E313032352D524D473653
05-26-2025 16:06:23.090,78,RECV,7E000F8100002D024E363032352D58494D5ABF
05-26-2025 16:06:23.090,79,RECV,7E000F81000035024E353032362D41514E53CC
05-26-2025 16:06:23.090,80,RECV,7E000F81000022024E323032362D38314C322E
05-26-2025 16:06:23.090,81,RECV,7E007D3181F9DF2202D0004E313032362D4757533449
05-26-2025 16:06:23.090,82,RECV,7E000F8100002D024E363032362D363152410C
05-26-2025 16:06:23.140,83,RECV,7E000F81000035024E353032372D4E30433805
05-26-2025 16:06:23.157,84,RECV,7E000F81000022024E323032372D5A455449D8
05-26-2025 16:06:23.157,85,RECV,7E007D3181F9DF2302D1004E313032372D5645384F49
05-26-2025 16:06:23.158,86,RECV,7E000F8100002D024E363032372D33344B59FA
05-26-2025 16:06:23.158,87,RECV,7E000F81000035024E353032382D58513859C3
05-26-2025 16:06:23.158,88,RECV,7E000F81000022024E323032382D5A593037F9
05-26-2025 16:06:23.158,89,RECV,7E007D3181F9DF2302D2004E313032382D4331494F5D
05-26-2025 16:06:23.158,90,RECV,7E000F8100002E024E363032382D3732565AEA
05-26-2025 16:06:23.190,91,RECV,7E000F81000036024E353032392D45344452EC
05-26-2025 16:06:23.190,92,RECV,7E000F81000022024E323032392D4C4A504FDD
05-26-2025 16:06:23.190,93,RECV,7E007D3181F9DF2302D3004E313032392D474956552C
05-26-2025 16:06:23.190,94,RECV,7E000F8100002E024E363032392D574B4441DB
05-26-2025 16:06:23.191,95,RECV,7E000F81000036024E353033302D46545336E0
05-26-2025 16:06:23.191,96,RECV,7E000F81000022024E323033302D3947464E06
05-26-2025 16:06:23.211,97,RECV,7E007D3181F9DF2302D4004E313033302D4B49395849
05-26-2025 16:06:23.211,98,RECV,7E000F8100002E024E363033302D4150354202
05-26-2025 16:06:23.240,99,RECV,7E000F81000035024E353033312D4D445857C3
05-26-2025 16:06:23.240,100,RECV,7E000F81000022024E323033312D4A3934580A
05-26-2025 16:06:23.240,101,RECV,7E007D3181F9DF2302D5004E313033312D4B32385364
05-26-2025 16:06:23.241,102,RECV,7E000F8100002D024E363033312D4D384D3107
05-26-2025 16:06:23.290,103,RECV,7E000F81000036024E353033322D53354636FD
05-26-2025 16:06:23.291,104,RECV,7E000F81000022024E323033322D414F4850F0
05-26-2025 16:06:23.291,105,RECV,7E007D3181F9DF2202D6004E313033322D3742373982
05-26-2025 16:06:23.291,106,RECV,7E000F8100002D024E363033322D5A495A55B7
05-26-2025 16:06:23.340,107,RECV,7E000F81000035024E353033332D47353652FD
05-26-2025 16:06:23.341,108,RECV,7E000F81000022024E323033332D4B434E3803
05-26-2025 16:06:23.341,109,RECV,7E007D3181F9DF2302D7004E313033332D4258324D4F
05-26-2025 16:06:23.341,110,RECV,7E000F8100002D024E363033332D4F30533006
05-26-2025 16:06:23.341,111,RECV,7E000F81000036024E353033342D383043361E
05-26-2025 16:06:23.341,112,RECV,7E000F81000022024E323033342D44575050DB
05-26-2025 16:06:23.341,113,RECV,7E007D3181F9DF2302D8004E313033342D4831564453
05-26-2025 16:06:23.342,114,RECV,7E000F8100002E024E363033342D4F324F3204
05-26-2025 16:06:23.351,115,RECV,7E000F81000036024E353033352D56493236F7
05-26-2025 16:06:23.351,116,RECV,7E000F81000022024E323033352D44455655E1
05-26-2025 16:06:23.351,117,RECV,7E007D3181F9DF2302D9004E313033352D5035374563
05-26-2025 16:06:23.361,118,RECV,7E000F8100002D024E363033352D354F314F02
05-26-2025 16:06:23.382,119,RECV,7E000F81000035024E353033362D41543438FD
05-26-2025 16:06:23.382,120,RECV,7E000F81000022024E323033362D59564238EB
05-26-2025 16:06:23.382,121,RECV,7E007D3181F9DF2302DA004E313033362D4F50464E2F
05-26-2025 16:06:23.393,122,RECV,7E000F8100002D024E363033362D4C365957D3
05-26-2025 16:06:23.413,123,RECV,7E000F81000036024E353033372D334C303716
05-26-2025 16:06:23.413,124,RECV,7E000F81000022024E323033372D5A375532FB
05-26-2025 16:06:23.414,125,RECV,7E007D3181F9DF2302DB004E313033372D463353365E
05-26-2025 16:06:23.424,126,RECV,7E000F8100002D024E363033372D343430501C
05-26-2025 16:06:23.445,127,RECV,7E000F81000036024E353033382D474C5035E3
05-26-2025 16:06:23.474,128,RECV,7E000F81000022024E323033382D484F4F58D4
05-26-2025 16:06:23.501,129,RECV,7E007D3181F9DF2302DC004E313033382D4339305062
05-26-2025 16:06:23.501,130,RECV,7E000F8100002E024E363033382D494D4531F6
05-26-2025 16:06:23.501,131,RECV,7E000F81000037024E353033392D41455A51C8
05-26-2025 16:06:23.502,132,RECV,7E000F81000022024E323033392D4C515346DB
05-26-2025 16:06:23.502,133,RECV,7E007D3181F9DF2302DD004E313033392D4646514936
05-26-2025 16:06:23.502,134,RECV,7E000F8100002E024E363033392D4E354936FF
05-26-2025 16:06:23.502,135,RECV,7E000F81000037024E353034302D3851514FD8
05-26-2025 16:06:23.541,136,RECV,7E000F81000022024E323034302D4E50354BFB
05-26-2025 16:06:23.541,137,RECV,7E007D3181F9DF2302DE004E313034302D4D4C4E304C
05-26-2025 16:06:23.541,138,RECV,7E000F8100002E024E363034302D59465055C5
05-26-2025 16:06:23.541,139,RECV,7E000F81000036024E353034312D32475142F5
05-26-2025 16:06:23.541,140,RECV,7E000F81000022024E323034312D554C3555ED
05-26-2025 16:06:23.541,141,RECV,7E007D3181F9DF2302DF004E313034312D554C34414B
05-26-2025 16:06:23.541,142,RECV,7E000F8100002D024E363034312D5747384EE5
05-26-2025 16:06:23.591,143,RECV,7E000F81000037024E353034322D363533342D
05-26-2025 16:06:23.633,144,RECV,7E000F81000022024E323034322D474E5249E7
05-26-2025 16:06:23.646,145,RECV,7E007D3181F9DF2302E0004E313034322D3232324881
05-26-2025 16:06:23.646,146,RECV,7E000F8100002D024E363034322D323930511C
05-26-2025 16:06:23.646,147,RECV,7E000F81000035024E353034332D334D3556F5
05-26-2025 16:06:23.646,148,RECV,7E000F81000022024E323034332D395A5133FF
05-26-2025 16:06:23.646,149,RECV,7E007D3181F9DF2302E1004E313034332D464A49463E
05-26-2025 16:06:23.646,150,RECV,7E000F8100002D024E363034332D504E4B36E8
05-26-2025 16:06:23.646,151,RECV,7E000F81000035024E353034342D49454358D6
05-26-2025 16:06:23.646,152,RECV,7E000F81000022024E323034342D4557564CD7
05-26-2025 16:06:23.646,153,RECV,7E007D3181F9DF2302E2004E313034342D395056304C
05-26-2025 16:06:23.646,154,RECV,7E000F8100002D024E363034342D46515454C7
05-26-2025 16:06:23.694,155,RECV,7E000F81000035024E353034352D4130563601
05-26-2025 16:06:23.694,156,RECV,7E000F81000022024E323034352D514F5746D7
05-26-2025 16:06:23.694,157,RECV,7E007D3181F9DF2302E3004E313034352D4957424433
05-26-2025 16:06:23.694,158,RECV,7E000F8100002D024E363034352D51514945D5
05-26-2025 16:06:23.694,159,RECV,7E000F81000035024E353034362D374F5A4FCE
05-26-2025 16:06:23.695,160,RECV,7E000F81000022024E323034362D30454D420F
05-26-2025 16:06:23.695,161,RECV,7E007D3181F9DF2302E4004E313034362D304E424255
05-26-2025 16:06:23.695,162,RECV,7E000F8100002D024E363034362D5A434351D3
05-26-2025 16:06:23.744,163,RECV,7E000F81000035024E353034372D49375256D4
05-26-2025 16:06:23.757,164,RECV,7E000F81000022024E323034372D374436322F
05-26-2025 16:06:23.757,165,RECV,7E007D3181F9DF2302E5004E313034372D42504D383E
05-26-2025 16:06:23.758,166,RECV,7E000F8100002D024E363034372D58584658B5
05-26-2025 16:06:23.758,167,RECV,7E000F81000035024E353034382D4E565050B7
05-26-2025 16:06:23.758,168,RECV,7E000F81000022024E323034382D58513455DF
05-26-2025 16:06:23.794,169,RECV,7E007D3181F9DF2302E6004E313034382D375852541E
05-26-2025 16:06:23.801,170,RECV,7E000F8100002D024E363034382D53495741CE
05-26-2025 16:06:23.801,171,RECV,7E000F81000035024E353034392D3756324BF0
05-26-2025 16:06:23.801,172,RECV,7E000F81000022024E323034392D34355859F6
05-26-2025 16:06:23.801,173,RECV,7E007D3181F9DF2302E7004E313034392D4B37555822
05-26-2025 16:06:23.801,174,RECV,7E000F8100002D024E363034392D41493852ED
05-26-2025 16:06:23.815,175,RECV,7E000F81000036024E353035302D414D3055EE
05-26-2025 16:06:23.815,176,RECV,7E000F81000022024E323035302D52474A53E2
05-26-2025 16:06:23.845,177,RECV,7E007D3181F9DF2302E8004E313035302D4346315846
05-26-2025 16:06:23.845,178,RECV,7E000F8100002D024E363035302D344F5535FC
05-26-2025 16:06:23.846,179,RECV,7E000F81000035024E353035312D5A453842E8
05-26-2025 16:06:23.846,180,RECV,7E000F81000022024E323035312D325135520D
05-26-2025 16:06:23.856,181,RECV,7E007D3181F9DF2302E9004E313035312D4741553940
05-26-2025 16:06:23.858,182,RECV,7E000F8100002D024E363035312D51533934F7
05-26-2025 16:06:23.877,183,RECV,7E000F81000035024E353035322D44583143F0
05-26-2025 16:06:23.877,184,RECV,7E000F81000022024E323035322D4F30494B03
05-26-2025 16:06:23.888,185,RECV,7E007D3181F9DF2302EA004E313035322D3442475245
05-26-2025 16:06:23.929,186,RECV,7E000F8100002D024E363035322D5936313512
05-26-2025 16:06:23.929,187,RECV,7E000F81000035024E353035332D425A5449C6
05-26-2025 16:06:23.929,188,RECV,7E000F81000022024E323035332D4C465731FB
05-26-2025 16:06:23.929,189,RECV,7E007D3181F9DF2302EB004E313035332D3946365647
05-26-2025 16:06:23.929,190,RECV,7E000F8100002D024E363035332D4E373552FA
05-26-2025 16:06:23.929,191,RECV,7E000F81000035024E353035342D3839523803
05-26-2025 16:06:23.945,192,RECV,7E000F81000022024E323035342D5433454EFA
05-26-2025 16:06:23.962,193,RECV,7E007D3181F9DF2302EC004E313035342D325A574924
05-26-2025 16:06:23.963,194,RECV,7E000F8100002D024E363035342D57464E57C3
05-26-2025 16:06:23.963,195,RECV,7E000F81000035024E353035352D38563047F8
05-26-2025 16:06:23.995,196,RECV,7E000F81000022024E323035352D524835390B
05-26-2025 16:06:23.995,197,RECV,7E007D3181F9DF2202ED004E313035352D314F444F3C
05-26-2025 16:06:23.996,198,RECV,7E000F8100002D024E363035352D50425432EC
05-26-2025 16:06:23.996,199,RECV,7E000F81000035024E353035362D414F5939DA
05-26-2025 16:06:24.045,200,RECV,7E000F81000022024E323035362D4E535942D6
05-26-2025 16:06:24.086,201,RECV,7E007D3181F9DF2302EE004E313035362D443043494C
05-26-2025 16:06:24.086,202,RECV,7E000F8100002D024E363035362D48535159BE
05-26-2025 16:06:24.086,203,RECV,7E000F81000036024E353035372D4530394B01
05-26-2025 16:06:24.086,204,RECV,7E000F81000022024E323035372D344451390F
05-26-2025 16:06:24.086,205,RECV,7E007D3181F9DF2302EF004E313035372D3957503436
05-26-2025 16:06:24.086,206,RECV,7E000F8100002D024E363035372D58514154C4
05-26-2025 16:06:24.086,207,RECV,7E000F81000036024E353035382D464D333201
05-26-2025 16:06:24.095,208,RECV,7E000F81000022024E323035382D58413455EE
05-26-2025 16:06:24.100,209,RECV,7E007D3181F9DF2302F0004E313035382D363150355C
05-26-2025 16:06:24.100,210,RECV,7E000F8100002D024E363035382D4449464EE0
05-26-2025 16:06:24.100,211,RECV,7E000F81000036024E353035392D394B5852CA
05-26-2025 16:06:24.100,212,RECV,7E000F81000022024E323035392D4A50364FF0
05-26-2025 16:06:24.100,213,RECV,7E007D3181F9DF2302F1004E313035392D3833504B40
05-26-2025 16:06:24.116,214,RECV,7E000F8100002E024E363035392D59484141DC
05-26-2025 16:06:24.116,215,RECV,7E000F81000036024E353036302D57485938D0
05-26-2025 16:06:24.126,216,RECV,7E000F81000022024E323036302D54305249F8
05-26-2025 16:06:24.126,217,RECV,7E007D3181F9DF2302F2004E313036302D4646444F2E
05-26-2025 16:06:24.157,218,RECV,7E000F8100002E024E363036302D463536437D33
05-26-2025 16:06:24.157,219,RECV,7E000F81000036024E353036312D4B5A3434F2
05-26-2025 16:06:24.167,220,RECV,7E000F81000022024E323036312D585A4F33E2
05-26-2025 16:06:24.171,221,RECV,7E007D3181F9DF2302F3004E313036312D48584E4815
05-26-2025 16:06:24.178,222,RECV,7E000F8100002E024E363036312D47574144E3
05-26-2025 16:06:24.178,223,RECV,7E000F81000036024E353036322D41344B4CF2
05-26-2025 16:06:24.198,224,RECV,7E000F81000022024E323036322D4155344FFC
05-26-2025 16:06:24.241,225,RECV,7E007D3181F9DF2302F4004E313036322D415631433E
05-26-2025 16:06:24.251,226,RECV,7E000F8100002E024E363036322D3242314A16
05-26-2025 16:06:24.251,227,RECV,7E000F81000036024E353036332D39424950E9
05-26-2025 16:06:24.251,228,RECV,7E000F81000022024E323036332D52494B55D9
05-26-2025 16:06:24.251,229,RECV,7E007D3181F9DF2302F5004E313036332D415945590F
05-26-2025 16:06:24.252,230,RECV,7E000F8100002E024E363036332D4A464657D7
05-26-2025 16:06:24.252,231,RECV,7E000F81000036024E353036342D4E465539DA
05-26-2025 16:06:24.252,232,RECV,7E000F81000022024E323036342D4B44374D00
05-26-2025 16:06:24.295,233,RECV,7E007D3181F9DF2302F6004E313036342D535041372A
05-26-2025 16:06:24.296,234,RECV,7E000F8100002E024E363036342D514F4254CD
05-26-2025 16:06:24.296,235,RECV,7E000F81000036024E353036352D44494A36EE
05-26-2025 16:06:24.296,236,RECV,7E000F81000022024E323036352D4A415648E9
05-26-2025 16:06:24.296,237,RECV,7E007D3181F9DF2302F7004E313036352D5533394D35
05-26-2025 16:06:24.296,238,RECV,7E000F8100002D024E363036352D4145584BDA
05-26-2025 16:06:24.306,239,RECV,7E000F81000036024E353036362D51583644D7
05-26-2025 16:06:24.308,240,RECV,7E000F81000022024E323036362D4949524CE1
05-26-2025 16:06:24.346,241,RECV,7E007D3181F9DF2302F8004E313036362D5A4A333238
05-26-2025 16:06:24.379,242,RECV,7E000F8100002E024E363036362D43454443F2
05-26-2025 16:06:24.379,243,RECV,7E000F81000036024E353036372D3644334309
05-26-2025 16:06:24.379,244,RECV,7E000F81000022024E323036372D36304E497D33
05-26-2025 16:06:24.396,245,RECV,7E007D3181F9DF2302F9004E313036372D4B4F594903
05-26-2025 16:06:24.426,246,RECV,7E000F8100002D024E363036372D464C5158C6
05-26-2025 16:06:24.426,247,RECV,7E000F81000036024E353036382D44594955BD
05-26-2025 16:06:24.426,248,RECV,7E000F81000022024E323036382D454C5330FB
05-26-2025 16:06:24.426,249,RECV,7E007D3181F9DF2302FA004E313036382D49554C5AF9
05-26-2025 16:06:24.426,250,RECV,7E000F8100002D024E363036382D4E444654D4
05-26-2025 16:06:24.426,251,RECV,7E000F81000036024E353036392D554B4934DA
05-26-2025 16:06:24.446,252,RECV,7E000F81000022024E323036392D3441493020
05-26-2025 16:06:24.446,253,RECV,7E007D3181F9DF2202FB004E313036392D415A5551FB
05-26-2025 16:06:24.446,254,RECV,7E000F8100002D024E363036392D41564F37E2
05-26-2025 16:06:24.446,255,RECV,7E000F81000037024E353037302D3155414AED
05-26-2025 16:06:24.446,256,RECV,7E000F81000022024E323037302D43374A440E
05-26-2025 16:06:24.446,257,RECV,7E007D3181F9DF2302FC004E313037302D574D524C00
05-26-2025 16:06:24.446,258,RECV,7E000F8100002E024E363037302D484E3451EB
05-26-2025 16:06:24.446,259,RECV,7E000F81000036024E353037312D464F3352E4
05-26-2025 16:06:24.496,260,RECV,7E000F81000022024E323037312D50314853F9
05-26-2025 16:06:24.497,261,RECV,7E007D3181F9DF2302FD004E313037312D5132454533
05-26-2025 16:06:24.497,262,RECV,7E000F8100002D024E363037312D46344D43FC
05-26-2025 16:06:24.497,263,RECV,7E000F81000036024E353037322D48554348D5
05-26-2025 16:06:24.497,264,RECV,7E000F81000022024E323037322D51324B3016
05-26-2025 16:06:24.516,265,RECV,7E007D3181F9DF2302FE004E313037322D494E543023
05-26-2025 16:06:24.521,266,RECV,7E000F8100002D024E363037322D4B585249C7
05-26-2025 16:06:24.521,267,RECV,7E000F81000036024E353037332D55585035CA
05-26-2025 16:06:24.546,268,RECV,7E000F81000022024E323037332D414F4E55E0
05-26-2025 16:06:24.546,269,RECV,7E007D3181F9DF2302FF004E313037332D5037394F2D
05-26-2025 16:06:24.546,270,RECV,7E000F8100002D024E363037332D58504C39D7
05-26-2025 16:06:24.546,271,RECV,7E000F81000037024E353037342D4643565AC1
05-26-2025 16:06:24.596,272,RECV,7E000F81000022024E323037342D373747421B
05-26-2025 16:06:24.596,273,RECV,7E007D3181F9DF220201004E313037342D534F504305
05-26-2025 16:06:24.596,274,RECV,7E000F8100002D024E363037342D323643477D31
05-26-2025 16:06:24.596,275,RECV,7E000F81000036024E353037352D52355759C3
05-26-2025 16:06:24.596,276,RECV,7E000F81000022024E323037352D42334D410E
05-26-2025 16:06:24.607,277,RECV,7E007D3181F9DF230202004E313037352D33385A531F
05-26-2025 16:06:24.607,278,RECV,7E000F8100002E024E363037352D50575636CE
05-26-2025 16:06:24.607,279,RECV,7E000F81000036024E353037362D4E463241F2
05-26-2025 16:06:24.646,280,RECV,7E000F81000022024E323037362D4C335554E8
05-26-2025 16:06:24.646,281,RECV,7E007D3181F9DF230203004E313037362D3645345333
05-26-2025 16:06:24.646,282,RECV,7E000F8100002E024E363037362D54494754C8
05-26-2025 16:06:24.646,283,RECV,7E000F81000036024E353037372D4A4F4247D6
05-26-2025 16:06:24.696,284,RECV,7E000F81000022024E323037372D5644443100
05-26-2025 16:06:24.701,285,RECV,7E007D3181F9DF230204004E313037372D5834454D15
05-26-2025 16:06:24.701,286,RECV,7E000F8100002E024E363037372D4641514ADD
05-26-2025 16:06:24.701,287,RECV,7E000F81000036024E353037382D4A3339350C
05-26-2025 16:06:24.701,288,RECV,7E000F81000022024E323037382D51393750FD
05-26-2025 16:06:24.702,289,RECV,7E007D3181F9DF230205004E313037382D4F535948EE
05-26-2025 16:06:24.707,290,RECV,7E000F8100002E024E363037382D4342584BD6
05-26-2025 16:06:24.707,291,RECV,7E000F81000036024E353037392D38545357C0
05-26-2025 16:06:24.728,292,RECV,7E000F81000022024E323037392D56503647EA
05-26-2025 16:06:24.729,293,RECV,7E007D3181F9DF230206004E313037392D5546503410
05-26-2025 16:06:24.738,294,RECV,7E000F8100002E024E363037392D43414A4DE2
05-26-2025 16:06:24.741,295,RECV,7E000F81000036024E353038302D38354E46FD
05-26-2025 16:06:24.759,296,RECV,7E000F81000022024E323038302D474535437D31
05-26-2025 16:06:24.759,297,RECV,7E007D3181F9DF230207004E313038302D455A535AEA
05-26-2025 16:06:24.769,298,RECV,7E000F8100002E024E363038302D54595045C3
05-26-2025 16:06:24.769,299,RECV,7E000F81000036024E353038312D36445751DB
05-26-2025 16:06:24.790,300,RECV,7E000F81000022024E323038312D324A49420D
05-26-2025 16:06:24.793,301,RECV,7E007D3181F9DF230208004E313038312D4244464127
05-26-2025 16:06:24.800,302,RECV,7E000F8100002E024E363038312D59334254E2
05-26-2025 16:06:24.800,303,RECV,7E000F81000036024E353038322D36484547F2
05-26-2025 16:06:24.800,304,RECV,7E000F81000022024E323038322D3345303437
05-26-2025 16:06:24.847,305,RECV,7E007D3181F9DF230209004E313038322D354A4C4D1A
05-26-2025 16:06:24.850,306,RECV,7E000F8100002E024E363038322D55513046E7
05-26-2025 16:06:24.850,307,RECV,7E000F81000036024E353038332D59454154C8
05-26-2025 16:06:24.850,308,RECV,7E000F81000022024E323038332D5848385AE0
05-26-2025 16:06:24.850,309,RECV,7E007D3181F9DF23020A004E313038332D575A374BFD
05-26-2025 16:06:24.850,310,RECV,7E000F8100002D024E363038332D3949454AF2
05-26-2025 16:06:24.868,311,RECV,7E000F81000036024E353038342D4141324AFC
05-26-2025 16:06:24.878,312,RECV,7E000F81000022024E323038342D46554749E6
05-26-2025 16:06:24.897,313,RECV,7E007D3181F9DF23020B004E313038342D594D315AFD
05-26-2025 16:06:24.897,314,RECV,7E000F8100002D024E363038342D57493650DC
05-26-2025 16:06:24.897,315,RECV,7E000F81000036024E353038352D5644364DDC
05-26-2025 16:06:24.897,316,RECV,7E000F81000022024E323038352D494133460D
05-26-2025 16:06:24.947,317,RECV,7E007D3181F9DF23020C004E313038352D53585538F4
05-26-2025 16:06:24.948,318,RECV,7E000F8100002D024E363038352D364833331D
05-26-2025 16:06:24.948,319,RECV,7E000F81000022024E323038362D4F365857DB
05-26-2025 16:06:24.948,320,RECV,7E007D3181F9DF23020D004E313038362D303156591A
05-26-2025 16:06:24.948,321,RECV,7E000F8100002D024E363038362D3458384DEF
05-26-2025 16:06:24.997,322,RECV,7E000F81000022024E323038372D3052463016
05-26-2025 16:06:24.997,323,RECV,7E007D3181F9DF23020E004E313038372D4B4638540B
05-26-2025 16:06:24.998,324,RECV,7E000F8100002D024E363038372D43523937FA
05-26-2025 16:06:24.998,325,RECV,7E000F81000022024E323038382D4F585434DE
05-26-2025 16:06:25.047,326,RECV,7E007D3181F9DF23020F004E313038382D4F34435010
05-26-2025 16:06:25.048,327,RECV,7E000F8100002E024E363038382D5244454CD6
05-26-2025 16:06:25.048,328,RECV,7E000F81000022024E323038392D56584935E0
05-26-2025 16:06:25.048,329,RECV,7E007D3181F9DF220210004E313038392D5939394A10
05-26-2025 16:06:25.048,330,RECV,7E000F8100002D024E363038392D4F46344AEA
05-26-2025 16:06:25.098,331,RECV,7E000F81000022024E323039302D3551534EED
05-26-2025 16:06:25.098,332,RECV,7E007D3181F9DF23027D31004E313039302D58485737FD
05-26-2025 16:06:25.098,333,RECV,7E000F8100002D024E363039302D5343594DC9
05-26-2025 16:06:25.098,334,RECV,7E000F81000022024E323039312D3550544CEE
05-26-2025 16:06:25.148,335,RECV,7E007D3181F9DF230212004E313039312D394E4D427D33
05-26-2025 16:06:25.148,336,RECV,7E000F81000036024E353039322D414B4F41DF
05-26-2025 16:06:25.148,337,RECV,7E000F8100002E024E363039312D52325450DB
05-26-2025 16:06:25.149,338,RECV,7E000F81000022024E323039322D4334323633
05-26-2025 16:06:25.149,339,RECV,7E007D3181F9DF23027D33004E313039322D324C32492E
05-26-2025 16:06:25.149,340,RECV,7E000F81000035024E353039332D4E4F5041CD
05-26-2025 16:06:25.149,341,RECV,7E000F8100002D024E363039322D59465138DB
05-26-2025 16:06:25.198,342,RECV,7E000F81000022024E323039332D3352594DE6
05-26-2025 16:06:25.198,343,RECV,7E007D3181F9DF230214004E313039332D544A433410
05-26-2025 16:06:25.198,344,RECV,7E000F81000036024E353039342D304A4B3202
05-26-2025 16:06:25.198,345,RECV,7E000F8100002E024E363039332D36534E4FDB
05-26-2025 16:06:25.198,346,RECV,7E000F81000022024E323039342D51305843F4
05-26-2025 16:06:25.198,347,RECV,7E007D3181F9DF230215004E313039342D4632313149
05-26-2025 16:06:25.198,348,RECV,7E000F81000036024E353039352D43574234E8
05-26-2025 16:06:25.198,349,RECV,7E000F8100002E024E363039342D4D413446F8
05-26-2025 16:06:25.248,350,RECV,7E000F81000022024E323039352D51335854DF
05-26-2025 16:06:25.248,351,RECV,7E007D3181F9DF230216004E313039352D57434D5AE0
05-26-2025 16:06:25.249,352,RECV,7E000F8100002E024E363039352D3433564FF3
05-26-2025 16:06:25.249,353,RECV,7E000F81000022024E323039362D3333423135
05-26-2025 16:06:25.269,354,RECV,7E007D3181F9DF230217004E313039362D59335942F8
05-26-2025 16:06:25.315,355,RECV,7E000F8100002E024E363039362D39565333E9
05-26-2025 16:06:25.316,356,RECV,7E000F81000022024E323039372D3036584D02
05-26-2025 16:06:25.316,357,RECV,7E007D3181F9DF230218004E313039372D54544F37EF
05-26-2025 16:06:25.316,358,RECV,7E000F8100002E024E363039372D3048414CF8
05-26-2025 16:06:25.316,359,RECV,7E000F81000022024E323039382D534F4A4FD1
05-26-2025 16:06:25.332,360,RECV,7E007D3181F9DF230219004E313039382D5356514CD5
05-26-2025 16:06:25.345,361,RECV,7E000F8100002E024E363039382D3237483318
05-26-2025 16:06:25.345,362,RECV,7E000F81000022024E323039392D3030535404
05-26-2025 16:06:25.346,363,RECV,7E007D3181F9DF23021A004E313039392D34465151FD
05-26-2025 16:06:25.362,364,RECV,7E000F8100002D024E363039392D43384F3101
