06-26-2025 23:58:10.714,-,API2,"Sink 1,0013A20041839DB1,802.15.4 TH,2003,/dev/ttyUSB0 - 57600/8/M/1/N,1,46"

06-26-2025 23:56:06.785,0,RECV,7E000F81000431024E343030302D5756305AD1
06-26-2025 23:56:06.786,1,RECV,7E000F8100022C024E323030302D3330314637
06-26-2025 23:56:06.786,2,RECV,7E000F8100031C024E333030302D48585553D7
06-26-2025 23:56:06.786,3,RECV,7E000F81000120024E313030302D413942550E
06-26-2025 23:56:07.257,4,RECV,7E000F8100042D024E343030312D504A4436F7
06-26-2025 23:56:07.257,5,RECV,7E000F8100022C024E323030312D324E573702
06-26-2025 23:56:07.258,6,RECV,7E000F8100031C024E333030312D314238353E
06-26-2025 23:56:07.286,7,RECV,7E000F81000120024E313030312D305833540F
06-26-2025 23:56:07.787,8,RECV,7E000F81000430024E343030322D5131534AE8
06-26-2025 23:56:07.787,9,RECV,7E000F8100022C024E323030322D3944493118
06-26-2025 23:56:07.788,10,RECV,7E000F8100031C024E333030322D42593753F8
06-26-2025 23:56:07.788,11,RECV,7E000F81000120024E313030322D4E4C5541ED
06-26-2025 23:56:08.288,12,RECV,7E000F8100042D024E343030332D4F4A4F57CA
06-26-2025 23:56:08.288,13,RECV,7E000F8100022D024E323030332D364B355106
06-26-2025 23:56:08.289,14,RECV,7E000F8100031C024E333030332D3453343928
06-26-2025 23:56:08.289,15,RECV,7E000F81000120024E313030332D4B4246387D31
06-26-2025 23:56:08.759,16,RECV,7E000F81000430024E343030342D514C4B5AC3
06-26-2025 23:56:08.761,17,RECV,7E000F8100022C024E323030342D575A3957CC
06-26-2025 23:56:08.769,18,RECV,7E000F8100031C024E333030342D45564D52E1
06-26-2025 23:56:08.769,19,RECV,7E000F81000120024E313030342D4D423758FD
06-26-2025 23:56:09.290,20,RECV,7E000F8100042D024E343030352D4B533644EF
06-26-2025 23:56:09.290,21,RECV,7E000F8100022C024E323030352D35314E4612
06-26-2025 23:56:09.294,22,RECV,7E000F8100031C024E333030352D4157454BF2
06-26-2025 23:56:09.294,23,RECV,7E000F81000120024E313030352D4339393431
06-26-2025 23:56:09.791,24,RECV,7E000F81000430024E343030362D51435847D0
06-26-2025 23:56:09.793,25,RECV,7E000F8100022C024E323030362D41315844FD
06-26-2025 23:56:09.794,26,RECV,7E000F8100031C024E333030362D4C31495102
06-26-2025 23:56:09.794,27,RECV,7E000F81000120024E313030362D42414F4CFB
06-26-2025 23:56:10.262,28,RECV,7E000F8100042D024E343030372D5645363004
06-26-2025 23:56:10.264,29,RECV,7E000F8100022C024E323030372D41414E45F5
06-26-2025 23:56:10.292,30,RECV,7E000F8100031C024E333030372D32555A3205
06-26-2025 23:56:10.292,31,RECV,7E000F81000120024E313030372D4934454F07
06-26-2025 23:56:10.793,32,RECV,7E000F81000430024E343030382D45364747F8
06-26-2025 23:56:10.795,33,RECV,7E000F8100031C024E333030382D343154431B
06-26-2025 23:56:10.796,34,RECV,7E000F81000120024E313030382D45545246E6
06-26-2025 23:56:11.296,35,RECV,7E000F8100042D024E343030392D36594C48E0
06-26-2025 23:56:11.296,36,RECV,7E000F8100022C024E323030392D3357594CD9
06-26-2025 23:56:11.296,37,RECV,7E000F8100031C024E333030392D334D584DF1
06-26-2025 23:56:11.296,38,RECV,7E000F81000120024E313030392D59594748D5
06-26-2025 23:56:11.746,39,RECV,7E000F81000430024E343031302D4B51324EEC
06-26-2025 23:56:11.797,40,RECV,7E000F8100022C024E323031302D373430462F
06-26-2025 23:56:11.799,41,RECV,7E000F8100031C024E333031302D574237410D
06-26-2025 23:56:11.799,42,RECV,7E000F81000120024E313031302D48534C58DF
06-26-2025 23:56:12.298,43,RECV,7E000F8100042D024E343031312D46345754E5
06-26-2025 23:56:12.300,44,RECV,7E000F8100022C024E323031312D4A384949FB
06-26-2025 23:56:12.300,45,RECV,7E000F8100031C024E333031312D4A39504604
06-26-2025 23:56:12.300,46,RECV,7E000F81000120024E313031312D54444B3208
06-26-2025 23:56:12.799,47,RECV,7E000F81000431024E343031322D45413257F6
06-26-2025 23:56:12.800,48,RECV,7E000F8100022C024E323031322D534C5836E1
06-26-2025 23:56:12.800,49,RECV,7E000F8100031C024E333031322D4C42504CF2
06-26-2025 23:56:12.800,50,RECV,7E000F81000120024E313031322D455736397D31
06-26-2025 23:56:13.249,51,RECV,7E000F8100042D024E343031332D3747503109
06-26-2025 23:56:13.299,52,RECV,7E000F8100022C024E323031332D54535A5AB2
06-26-2025 23:56:13.299,53,RECV,7E000F8100031C024E333031332D485A3152F6
06-26-2025 23:56:13.300,54,RECV,7E000F81000120024E313031332D33314E3138
06-26-2025 23:56:13.800,55,RECV,7E000F81000430024E343031342D53424538F2
06-26-2025 23:56:13.802,56,RECV,7E000F8100022C024E323031342D3038594506
06-26-2025 23:56:13.803,57,RECV,7E000F8100031C024E333031342D314E5943FF
06-26-2025 23:56:13.804,58,RECV,7E000F81000120024E313031342D413037353D
06-26-2025 23:56:14.301,59,RECV,7E000F8100042D024E343031352D3050363917
06-26-2025 23:56:14.301,60,RECV,7E000F8100022C024E323031352D41535533EF
06-26-2025 23:56:14.301,61,RECV,7E000F8100031C024E333031352D55385A47EB
06-26-2025 23:56:14.301,62,RECV,7E000F81000120024E313031352D57493056F3
06-26-2025 23:56:14.752,63,RECV,7E000F8100042D024E343031362D5A47435AC7
06-26-2025 23:56:14.802,64,RECV,7E000F8100031C024E333031362D3252484A02
06-26-2025 23:56:14.802,65,RECV,7E000F81000120024E313031362D36535953E3
06-26-2025 23:56:15.262,66,RECV,7E000F81000430024E343031372D38455A46E4
06-26-2025 23:56:15.302,67,RECV,7E000F8100022D024E323031372D3856325AEE
06-26-2025 23:56:15.304,68,RECV,7E000F8100031C024E333031372D3159375501
06-26-2025 23:56:15.304,69,RECV,7E000F81000120024E313031372D4437494A09
06-26-2025 23:56:15.803,70,RECV,7E000F8100042D024E343031382D354E354506
06-26-2025 23:56:15.804,71,RECV,7E000F8100022C024E323031382D54563359D2
06-26-2025 23:56:15.804,72,RECV,7E000F8100031C024E333031382D474B364A04
06-26-2025 23:56:15.804,73,RECV,7E000F81000120024E313031382D4339394E7D33
06-26-2025 23:56:16.254,74,RECV,7E000F81000431024E343031392D4431335006
06-26-2025 23:56:16.304,75,RECV,7E000F8100022C024E323031392D394D5959CF
06-26-2025 23:56:16.305,76,RECV,7E000F8100031C024E333031392D51435835F4
06-26-2025 23:56:16.305,77,RECV,7E000F81000120024E313031392D4E4D5348DF
06-26-2025 23:56:16.765,78,RECV,7E000F8100042D024E343032302D4533594DEC
06-26-2025 23:56:16.805,79,RECV,7E000F8100022C024E323032302D4C34324B12
06-26-2025 23:56:16.806,80,RECV,7E000F8100031C024E333032302D4A3631303C
06-26-2025 23:56:16.806,81,RECV,7E000F81000120024E313032302D4A50374EFE
06-26-2025 23:56:17.306,82,RECV,7E000F81000430024E343032312D48415330FA
06-26-2025 23:56:17.307,83,RECV,7E000F8100022C024E323032312D51385135FF
06-26-2025 23:56:17.307,84,RECV,7E000F8100031C024E333032312D4A564A33FF
06-26-2025 23:56:17.307,85,RECV,7E000F81000120024E313032312D4A34455405
06-26-2025 23:56:17.757,86,RECV,7E000F8100042D024E343032322D47444E46E9
06-26-2025 23:56:17.807,87,RECV,7E000F8100022C024E323032322D3930483428
06-26-2025 23:56:17.807,88,RECV,7E000F8100031C024E333032322D433354420F
06-26-2025 23:56:17.807,89,RECV,7E000F81000120024E313032322D5834443516
06-26-2025 23:56:18.269,90,RECV,7E000F81000430024E343032332D5543303903
06-26-2025 23:56:18.310,91,RECV,7E000F8100022C024E323032332D4F3237351F
06-26-2025 23:56:18.314,92,RECV,7E000F8100031C024E333032332D4A51474DEB
06-26-2025 23:56:18.318,93,RECV,7E000F81000120024E313032332D464B47330F
06-26-2025 23:56:18.809,94,RECV,7E000F8100042D024E343032342D564C4F46CF
06-26-2025 23:56:18.810,95,RECV,7E000F8100022C024E323032342D43344655F9
06-26-2025 23:56:18.811,96,RECV,7E000F8100031C024E333032342D494C5657D7
06-26-2025 23:56:18.811,97,RECV,7E000F81000120024E313032342D4233474F0E
06-26-2025 23:56:19.259,98,RECV,7E000F81000431024E343032352D384C5633F4
06-26-2025 23:56:19.309,99,RECV,7E000F8100031C024E333032352D4938485AF5
06-26-2025 23:56:19.310,100,RECV,7E000F81000120024E313032352D4C45413214
06-26-2025 23:56:19.760,101,RECV,7E000F8100042D024E343032362D4432593401
06-26-2025 23:56:19.810,102,RECV,7E000F8100031C024E333032362D48544B32FE
06-26-2025 23:56:19.860,103,RECV,7E000F81000120024E313032362D3643574BFC
06-26-2025 23:56:20.311,104,RECV,7E000F81000431024E343032372D44424450E5
06-26-2025 23:56:20.311,105,RECV,7E000F8100022C024E323032372D444F5134F0
06-26-2025 23:56:20.321,106,RECV,7E000F8100031C024E333032372D4D334C4CFE
06-26-2025 23:56:20.321,107,RECV,7E000F81000120024E313032372D4534504D00
06-26-2025 23:56:20.762,108,RECV,7E000F8100042D024E343032382D5A543853C9
06-26-2025 23:56:20.812,109,RECV,7E000F8100022C024E323032382D5A48574AC4
06-26-2025 23:56:20.813,110,RECV,7E000F8100031C024E333032382D4239534205
06-26-2025 23:56:20.833,111,RECV,7E000F81000120024E313032382D5832443215
06-26-2025 23:56:21.273,112,RECV,7E000F81000431024E343032392D584C5941BF
06-26-2025 23:56:21.313,113,RECV,7E000F8100022D024E323032392D304D4D3209
06-26-2025 23:56:21.313,114,RECV,7E000F8100031C024E333032392D42584B34FB
06-26-2025 23:56:21.363,115,RECV,7E000F81000120024E313032392D4B493659F1
06-26-2025 23:56:21.814,116,RECV,7E000F8100042D024E343033302D374A5153E4
06-26-2025 23:56:21.825,117,RECV,7E000F8100022C024E323033302D37534D46F1
06-26-2025 23:56:21.827,118,RECV,7E000F8100031C024E333033302D59594633F1
06-26-2025 23:56:21.827,119,RECV,7E000F81000120024E313033302D4646483612
06-26-2025 23:56:22.265,120,RECV,7E000F81000430024E343033312D394B5050E1
06-26-2025 23:56:22.315,121,RECV,7E000F8100022C024E323033312D59474C4AD7
06-26-2025 23:56:22.315,122,RECV,7E000F8100031C024E333033312D3846464B0C
06-26-2025 23:56:22.336,123,RECV,7E000F81000120024E313033312D304E565AED
06-26-2025 23:56:22.776,124,RECV,7E000F8100042D024E343033322D354A444FF5
06-26-2025 23:56:22.816,125,RECV,7E000F8100031C024E333033322D4B34453026
06-26-2025 23:56:22.867,126,RECV,7E000F81000120024E313033322D57505039EA
06-26-2025 23:56:23.317,127,RECV,7E000F81000431024E343033332D37415156E3
06-26-2025 23:56:23.367,128,RECV,7E000F8100031C024E333033332D54454C45EF
06-26-2025 23:56:23.368,129,RECV,7E000F8100022D024E323033332D3837303536
06-26-2025 23:56:23.369,130,RECV,7E000F81000120024E313033332D48534F51DE
06-26-2025 23:56:23.768,131,RECV,7E000F8100042D024E343033342D4A56333200
06-26-2025 23:56:23.818,132,RECV,7E000F8100031C024E333033342D41505449EA
06-26-2025 23:56:23.818,133,RECV,7E000F8100022C024E323033342D364C344E06
06-26-2025 23:56:23.868,134,RECV,7E000F81000120024E313033342D5237323924
06-26-2025 23:56:24.269,135,RECV,7E000F81000431024E343033352D5A533532EC
06-26-2025 23:56:24.329,136,RECV,7E000F8100031C024E333033352D544A584BD6
06-26-2025 23:56:24.330,137,RECV,7E000F8100022C024E323033352D3044425300
06-26-2025 23:56:24.330,138,RECV,7E000F81000120024E313033352D5A4D5047D9
06-26-2025 23:56:24.820,139,RECV,7E000F8100042D024E343033362D37484F3302
06-26-2025 23:56:24.870,140,RECV,7E000F8100031C024E333033362D55483353F3
06-26-2025 23:56:24.870,141,RECV,7E000F8100022C024E323033362D5638465ADA
06-26-2025 23:56:24.871,142,RECV,7E000F81000120024E313033362D425035311E
06-26-2025 23:56:25.271,143,RECV,7E000F81000431024E343033372D48324D3205
06-26-2025 23:56:25.321,144,RECV,7E000F8100031C024E333033372D3550323826
06-26-2025 23:56:25.341,145,RECV,7E000F8100022C024E323033372D44503445FA
06-26-2025 23:56:25.343,146,RECV,7E000F81000120024E313033372D4C424C56E5
06-26-2025 23:56:25.773,147,RECV,7E000F8100042D024E343033382D51543056D6
06-26-2025 23:56:25.872,148,RECV,7E000F8100031C024E333033382D44584648EA
06-26-2025 23:56:25.872,149,RECV,7E000F8100022C024E323033382D50414847E6
06-26-2025 23:56:25.872,150,RECV,7E000F81000120024E313033382D49415938F9
06-26-2025 23:56:26.326,151,RECV,7E000F81000431024E343033392D315936300C
06-26-2025 23:56:26.330,152,RECV,7E000F8100031C024E333033392D484C574FD9
06-26-2025 23:56:26.330,153,RECV,7E000F8100022D024E323033392D384C534FDE
06-26-2025 23:56:26.373,154,RECV,7E000F81000120024E313033392D37415150FA
06-26-2025 23:56:26.773,155,RECV,7E000F8100042D024E343034302D324D49340C
06-26-2025 23:56:26.844,156,RECV,7E000F8100031C024E333034302D3345535000
06-26-2025 23:56:26.844,157,RECV,7E000F8100022C024E323034302D45485952D5
06-26-2025 23:56:26.844,158,RECV,7E000F81000120024E313034302D5A38423512
06-26-2025 23:56:27.274,159,RECV,7E000F81000430024E343034312D4E38304707
06-26-2025 23:56:27.375,160,RECV,7E000F8100031C024E333034312D434A4C55EC
06-26-2025 23:56:27.388,161,RECV,7E000F8100022C024E323034312D5254574CC3
06-26-2025 23:56:27.388,162,RECV,7E000F81000120024E313034312D504832341C
06-26-2025 23:56:27.826,163,RECV,7E000F8100042D024E343034322D3550384CFD
06-26-2025 23:56:27.876,164,RECV,7E000F8100031C024E333034322D38534254F8
06-26-2025 23:56:27.876,165,RECV,7E000F8100022C024E323034322D39514B45F1
06-26-2025 23:56:27.876,166,RECV,7E000F81000120024E313034322D5732374118
06-26-2025 23:56:28.277,167,RECV,7E000F81000431024E343034332D315437327D33
06-26-2025 23:56:28.347,168,RECV,7E000F8100031C024E333034332D47554A4BE7
06-26-2025 23:56:28.347,169,RECV,7E000F8100022C024E323034332D55534959C0
06-26-2025 23:56:28.347,170,RECV,7E000F81000120024E313034332D48525231FB
06-26-2025 23:56:28.778,171,RECV,7E000F8100042D024E343034342D4A525534DF
06-26-2025 23:56:28.878,172,RECV,7E000F8100031C024E333034342D363947507D31
06-26-2025 23:56:28.878,173,RECV,7E000F8100022B024E323034342D5438474AED
06-26-2025 23:56:28.878,174,RECV,7E000F81000120024E313034342D4C46514EE6
06-26-2025 23:56:29.288,175,RECV,7E000F81000431024E343034352D4F57374AD8
06-26-2025 23:56:29.379,176,RECV,7E000F8100031C024E333034352D545A524ACC
06-26-2025 23:56:29.379,177,RECV,7E000F8100022B024E323034352D5743394BEB
06-26-2025 23:56:29.379,178,RECV,7E000F81000120024E313034352D39384C3623
06-26-2025 23:56:29.779,179,RECV,7E000F8100042D024E343034362D534A5531DF
06-26-2025 23:56:29.879,180,RECV,7E000F8100031C024E333034362D4B423159FE
06-26-2025 23:56:29.879,181,RECV,7E000F8100022C024E323034362D4E553445EB
06-26-2025 23:56:29.879,182,RECV,7E000F81000120024E313034362D3948583903
06-26-2025 23:56:30.280,183,RECV,7E000F81000431024E343034372D4F4D4A30E7
06-26-2025 23:56:30.380,184,RECV,7E000F8100031C024E333034372D39573657F7
06-26-2025 23:56:30.380,185,RECV,7E000F8100022C024E323034372D3636314A1F
06-26-2025 23:56:30.381,186,RECV,7E000F81000120024E313034372D4145513607
06-26-2025 23:56:30.881,187,RECV,7E000F8100031C024E333034382D5A474B47E0
06-26-2025 23:56:30.881,188,RECV,7E000F8100022C024E323034382D43425236F8
06-26-2025 23:56:30.882,189,RECV,7E000F81000120024E313034382D5A42434FE5
06-26-2025 23:56:31.282,190,RECV,7E000F81000431024E343034392D34334A5AF0
06-26-2025 23:56:31.382,191,RECV,7E000F8100031C024E333034392D4F543542F8
06-26-2025 23:56:31.382,192,RECV,7E000F8100022C024E323034392D44525741D6
06-26-2025 23:56:31.382,193,RECV,7E000F81000120024E313034392D5A414137FF
06-26-2025 23:56:31.783,194,RECV,7E000F8100042D024E343035302D4D434246EF
06-26-2025 23:56:31.883,195,RECV,7E000F8100031C024E333035302D4C354D4408
06-26-2025 23:56:31.883,196,RECV,7E000F8100022B024E323035302D41395449F6
06-26-2025 23:56:31.883,197,RECV,7E000F81000120024E313035302D4252513005
06-26-2025 23:56:32.333,198,RECV,7E000F81000431024E343035312D4636324C08
06-26-2025 23:56:32.383,199,RECV,7E000F8100031C024E333035312D434B4947FB
06-26-2025 23:56:32.389,200,RECV,7E000F8100022B024E323035312D4F45344BF9
06-26-2025 23:56:32.389,201,RECV,7E000F81000120024E313035312D554543300C
06-26-2025 23:56:32.834,202,RECV,7E000F8100042D024E343035322D57473633FE
06-26-2025 23:56:32.884,203,RECV,7E000F8100031C024E333035322D3752485AED
06-26-2025 23:56:32.884,204,RECV,7E000F8100022C024E323035322D41545734EA
06-26-2025 23:56:32.884,205,RECV,7E000F81000120024E313035322D4E48464DEF
06-26-2025 23:56:33.285,206,RECV,7E000F81000431024E343035332D4C46343703
06-26-2025 23:56:33.385,207,RECV,7E000F8100031C024E333035332D4F355255EC
06-26-2025 23:56:33.385,208,RECV,7E000F8100022C024E323035332D464F314300
06-26-2025 23:56:33.385,209,RECV,7E000F81000120024E313035332D42554745F4
06-26-2025 23:56:33.796,210,RECV,7E000F8100042D024E343035342D3838513210
06-26-2025 23:56:33.886,211,RECV,7E000F8100031C024E333035342D594A5252CF
06-26-2025 23:56:33.891,212,RECV,7E000F8100022C024E323035342D5645584BCA
06-26-2025 23:56:33.891,213,RECV,7E000F81000120024E313035342D5A35523104
06-26-2025 23:56:34.336,214,RECV,7E000F81000431024E343035352D48594132EA
06-26-2025 23:56:34.386,215,RECV,7E000F8100031C024E333035352D42444D58EA
06-26-2025 23:56:34.387,216,RECV,7E000F8100022B024E323035352D54595930D2
06-26-2025 23:56:34.387,217,RECV,7E000F81000120024E313035352D41514E4EE7
06-26-2025 23:56:34.787,218,RECV,7E000F8100042D024E343035362D5754445AB8
06-26-2025 23:56:34.888,219,RECV,7E000F8100031C024E333035362D34504555F6
06-26-2025 23:56:34.888,220,RECV,7E000F8100022B024E323035362D3138434318
06-26-2025 23:56:34.888,221,RECV,7E000F81000120024E313035362D584F594DC7
06-26-2025 23:56:35.298,222,RECV,7E000F81000431024E343035372D4E324C59D7
06-26-2025 23:56:35.388,223,RECV,7E000F8100031C024E333035372D3643474B08
06-26-2025 23:56:35.388,224,RECV,7E000F8100022C024E323035372D55564245D3
06-26-2025 23:56:35.388,225,RECV,7E000F81000120024E313035372D4450493501
06-26-2025 23:56:35.839,226,RECV,7E000F8100042D024E343035382D54314737FC
06-26-2025 23:56:35.890,227,RECV,7E000F8100031C024E333035382D4A34393427
06-26-2025 23:56:35.890,228,RECV,7E000F8100022C024E323035382D4559534DC6
06-26-2025 23:56:35.890,229,RECV,7E000F81000120024E313035382D5256353302
06-26-2025 23:56:36.292,230,RECV,7E000F81000431024E343035392D3658383004
06-26-2025 23:56:36.392,231,RECV,7E000F8100031C024E333035392D51464A45EB
06-26-2025 23:56:36.392,232,RECV,7E000F8100022C024E323035392D57394636F7
06-26-2025 23:56:36.393,233,RECV,7E000F81000120024E313035392D335A363915
06-26-2025 23:56:36.803,234,RECV,7E000F8100042D024E343036302D3137564305
06-26-2025 23:56:36.893,235,RECV,7E000F8100031C024E333036302D47524857E1
06-26-2025 23:56:36.893,236,RECV,7E000F8100022C024E323036302D564E4F4CCC
06-26-2025 23:56:36.893,237,RECV,7E000F81000120024E313036302D51543045FF
06-26-2025 23:56:37.294,238,RECV,7E000F81000431024E343036312D58504955BB
06-26-2025 23:56:37.394,239,RECV,7E000F8100031C024E333036312D4D324A57F8
06-26-2025 23:56:37.395,240,RECV,7E000F81000120024E313036312D555A534BCB
06-26-2025 23:56:37.796,241,RECV,7E000F8100042D024E343036322D4F4D5359BC
06-26-2025 23:56:37.896,242,RECV,7E000F8100031C024E333036322D354148487D31
06-26-2025 23:56:37.896,243,RECV,7E000F81000120024E313036322D55543639FF
06-26-2025 23:56:38.307,244,RECV,7E000F81000431024E343036332D574B5235D6
06-26-2025 23:56:38.397,245,RECV,7E000F8100031C024E333036332D535A5541D3
06-26-2025 23:56:38.397,246,RECV,7E000F81000120024E313036332D394437342E
06-26-2025 23:56:38.847,247,RECV,7E000F8100042D024E343036342D314133411C
06-26-2025 23:56:38.898,248,RECV,7E000F8100031C024E333036342D5035494EF9
06-26-2025 23:56:38.898,249,RECV,7E000F81000120024E313036342D4155434BF1
06-26-2025 23:56:39.298,250,RECV,7E000F81000431024E343036352D434739300A
06-26-2025 23:56:39.401,251,RECV,7E000F8100031C024E333036352D59524443E2
06-26-2025 23:56:39.401,252,RECV,7E000F81000120024E313036352D53354B46FB
06-26-2025 23:56:39.801,253,RECV,7E000F8100042E024E343036362D4141595ACA
06-26-2025 23:56:39.901,254,RECV,7E000F8100031C024E333036362D474D5957CF
06-26-2025 23:56:39.902,255,RECV,7E000F81000120024E313036362D48525244E3
06-26-2025 23:56:40.301,256,RECV,7E000F81000431024E343036372D3236335010
06-26-2025 23:56:40.402,257,RECV,7E000F8100031C024E333036372D434D31351C
06-26-2025 23:56:40.403,258,RECV,7E000F81000120024E313036372D564B4A53D4
06-26-2025 23:56:40.802,259,RECV,7E000F8100042D024E343036382D53424D42DA
06-26-2025 23:56:40.903,260,RECV,7E000F8100031C024E333036382D56574B55C4
06-26-2025 23:56:40.903,261,RECV,7E000F81000120024E313036382D56383258F9
06-26-2025 23:56:41.303,262,RECV,7E000F81000431024E343036392D4F4C474FC8
06-26-2025 23:56:41.404,263,RECV,7E000F8100031C024E333036392D353438521D
06-26-2025 23:56:41.404,264,RECV,7E000F81000120024E313036392D4C474F4AE4
06-26-2025 23:56:41.804,265,RECV,7E000F8100042D024E343037302D384B5453DB
06-26-2025 23:56:41.904,266,RECV,7E000F8100031C024E333037302D414F594EE1
06-26-2025 23:56:41.904,267,RECV,7E000F81000120024E313037302D5736345304
06-26-2025 23:56:42.305,268,RECV,7E000F81000431024E343037312D50374A38F7
06-26-2025 23:56:42.405,269,RECV,7E000F8100031C024E333037312D57495750D0
06-26-2025 23:56:42.405,270,RECV,7E000F81000120024E313037312D344130343E
06-26-2025 23:56:42.806,271,RECV,7E000F8100042D024E343037322D4B525055C1
06-26-2025 23:56:42.906,272,RECV,7E000F8100031C024E333037322D48465733FE
06-26-2025 23:56:42.906,273,RECV,7E000F81000120024E313037322D3550593701
06-26-2025 23:56:43.317,274,RECV,7E000F81000431024E343037332D47593556D3
06-26-2025 23:56:43.407,275,RECV,7E000F8100022C024E323037332D41463948FF
06-26-2025 23:56:43.407,276,RECV,7E000F8100031C024E333037332D5042394A00
06-26-2025 23:56:43.424,277,RECV,7E000F81000120024E313037332D4F5A314EED
06-26-2025 23:56:43.807,278,RECV,7E000F8100042D024E343037342D56414441E5
06-26-2025 23:56:43.908,279,RECV,7E000F8100022C024E323037342D58523844E0
06-26-2025 23:56:43.910,280,RECV,7E000F8100031C024E333037342D54345252E8
06-26-2025 23:56:43.910,281,RECV,7E000F81000120024E313037342D364A304A1A
06-26-2025 23:56:44.309,282,RECV,7E000F81000431024E343037352D45494F37E8
06-26-2025 23:56:44.409,283,RECV,7E000F8100022B024E323037352D51335755D6
06-26-2025 23:56:44.411,284,RECV,7E000F8100031C024E333037352D4259354102
06-26-2025 23:56:44.419,285,RECV,7E000F81000120024E313037352D58515A51BF
06-26-2025 23:56:44.819,286,RECV,7E000F8100042D024E343037362D4549313907
06-26-2025 23:56:44.909,287,RECV,7E000F8100022B024E323037362D3146354F0A
06-26-2025 23:56:44.924,288,RECV,7E000F8100031C024E333037362D4A444A300A
06-26-2025 23:56:44.924,289,RECV,7E000F81000120024E313037362D51424E48E9
06-26-2025 23:56:45.310,290,RECV,7E000F81000431024E343037372D4E56514EB7
06-26-2025 23:56:45.410,291,RECV,7E000F8100022C024E323037372D4E58545AAF
06-26-2025 23:56:45.411,292,RECV,7E000F8100031C024E333037372D47455531FF
06-26-2025 23:56:45.411,293,RECV,7E000F81000120024E313037372D35595933F7
06-26-2025 23:56:45.811,294,RECV,7E000F8100042E024E343037382D4B535935D0
06-26-2025 23:56:45.912,295,RECV,7E000F8100022C024E323037382D325A5341E2
06-26-2025 23:56:45.912,296,RECV,7E000F8100031C024E333037382D4542444DF8
06-26-2025 23:56:45.922,297,RECV,7E000F81000120024E313037382D5053374FE7
06-26-2025 23:56:46.314,298,RECV,7E000F81000431024E343037392D54525635C7
06-26-2025 23:56:46.413,299,RECV,7E000F8100022C024E323037392D4438325300
06-26-2025 23:56:46.413,300,RECV,7E000F8100031C024E333037392D50344452F5
06-26-2025 23:56:46.413,301,RECV,7E000F81000120024E313037392D375531371B
06-26-2025 23:56:46.814,302,RECV,7E000F8100042D024E343038302D58303150FB
06-26-2025 23:56:46.914,303,RECV,7E000F8100022C024E323038302D42583649F0
06-26-2025 23:56:46.914,304,RECV,7E000F8100031C024E333038302D363253322A
06-26-2025 23:56:46.914,305,RECV,7E000F81000120024E313038302D314942487D33
06-26-2025 23:56:47.314,306,RECV,7E000F81000431024E343038312D32325150FA
06-26-2025 23:56:47.415,307,RECV,7E000F8100022B024E323038312D41545052D2
06-26-2025 23:56:47.425,308,RECV,7E000F8100031C024E333038312D344B4C4407
06-26-2025 23:56:47.427,309,RECV,7E000F81000120024E313038312D57445957CB
06-26-2025 23:56:47.825,310,RECV,7E000F8100042D024E343038322D43454343F4
06-26-2025 23:56:47.915,311,RECV,7E000F8100022C024E323038322D4A594B50C9
06-26-2025 23:56:47.916,312,RECV,7E000F8100031C024E333038322D59364656EA
06-26-2025 23:56:47.916,313,RECV,7E000F81000120024E313038322D4741474CFA
06-26-2025 23:56:48.316,314,RECV,7E000F81000431024E343038332D4559514EC0
06-26-2025 23:56:48.416,315,RECV,7E000F8100022B024E323038332D4B584347DA
06-26-2025 23:56:48.416,316,RECV,7E000F8100031C024E333038332D45454D41FC
06-26-2025 23:56:48.427,317,RECV,7E000F81000120024E313038332D4547314D0A
06-26-2025 23:56:48.817,318,RECV,7E000F8100042D024E343038342D4E593641E2
06-26-2025 23:56:48.917,319,RECV,7E000F8100022C024E323038342D54465944CE
06-26-2025 23:56:48.927,320,RECV,7E000F8100031C024E333038342D3559434AF8
06-26-2025 23:56:48.931,321,RECV,7E000F81000120024E313038342D49595834E5
06-26-2025 23:56:49.328,322,RECV,7E000F81000431024E343038352D53304C42EA
06-26-2025 23:56:49.418,323,RECV,7E000F8100022B024E323038352D5542324AF2
06-26-2025 23:56:49.418,324,RECV,7E000F8100031C024E333038352D3850463212
06-26-2025 23:56:49.418,325,RECV,7E000F81000120024E313038352D384938487D31
06-26-2025 23:56:49.819,326,RECV,7E000F8100042D024E343038362D4C323257F7
06-26-2025 23:56:49.919,327,RECV,7E000F8100022C024E323038362D3848513002
06-26-2025 23:56:49.922,328,RECV,7E000F8100031C024E333038362D48514A4FDF
06-26-2025 23:56:49.969,329,RECV,7E000F81000120024E313038362D4336494D02
06-26-2025 23:56:50.321,330,RECV,7E000F81000431024E343038372D3050424CEB
06-26-2025 23:56:50.432,331,RECV,7E000F8100022C024E323038372D53445152C8
06-26-2025 23:56:50.432,332,RECV,7E000F8100031C024E333038372D4142505AE3
06-26-2025 23:56:50.432,333,RECV,7E000F81000120024E313038372D35525144F4
06-26-2025 23:56:50.822,334,RECV,7E000F8100042D024E343038382D5659334BCF
06-26-2025 23:56:50.922,335,RECV,7E000F8100022C024E323038382D4B3030437D33
06-26-2025 23:56:50.922,336,RECV,7E000F8100031C024E333038382D58503337FD
06-26-2025 23:56:50.953,337,RECV,7E000F81000120024E313038382D434249350C
06-26-2025 23:56:51.323,338,RECV,7E000F81000431024E343038392D575A4B43B8
06-26-2025 23:56:51.423,339,RECV,7E000F8100022C024E323038392D34325453F3
06-26-2025 23:56:51.433,340,RECV,7E000F8100031C024E333038392D58343255FB
06-26-2025 23:56:51.433,341,RECV,7E000F81000120024E313038392D454C5330FA
06-26-2025 23:56:51.824,342,RECV,7E000F8100042E024E343039302D483038417D31
06-26-2025 23:56:51.974,343,RECV,7E000F8100022C024E323039302D4E5A554EBD
06-26-2025 23:56:51.976,344,RECV,7E000F8100031C024E333039302D3855314B0D
06-26-2025 23:56:51.976,345,RECV,7E000F81000120024E313039302D504430480A
06-26-2025 23:56:52.326,346,RECV,7E000F81000431024E343039312D4C433839FE
06-26-2025 23:56:52.427,347,RECV,7E000F8100022B024E323039312D49364B41FD
06-26-2025 23:56:52.427,348,RECV,7E000F8100031C024E333039312D57384758E7
06-26-2025 23:56:52.447,349,RECV,7E000F81000120024E313039312D333559480C
06-26-2025 23:56:52.827,350,RECV,7E000F8100042D024E343039322D554A395ACF
06-26-2025 23:56:52.927,351,RECV,7E000F8100022C024E323039322D48524436F2
06-26-2025 23:56:52.977,352,RECV,7E000F8100031C024E333039322D3742384221
06-26-2025 23:56:52.979,353,RECV,7E000F81000120024E313039322D513749340F
06-26-2025 23:56:53.328,354,RECV,7E000F81000431024E343039332D5A4E3758C5
06-26-2025 23:56:53.479,355,RECV,7E000F8100022B024E323039332D43564754D2
06-26-2025 23:56:53.479,356,RECV,7E000F8100031C024E333039332D494F5550D6
06-26-2025 23:56:53.479,357,RECV,7E000F81000120024E313039332D515A414ADD
06-26-2025 23:56:53.833,358,RECV,7E000F8100042D024E343039342D48474939EE
06-26-2025 23:56:53.934,359,RECV,7E000F8100022C024E323039342D4C36473506
06-26-2025 23:56:53.944,360,RECV,7E000F8100031C024E333039342D56334F4FEB
06-26-2025 23:56:53.947,361,RECV,7E000F81000120024E313039342D50305446F8
06-26-2025 23:56:54.335,362,RECV,7E000F81000431024E343039352D4A324446F4
06-26-2025 23:56:54.445,363,RECV,7E000F8100022C024E323039352D37434744FE
06-26-2025 23:56:54.448,364,RECV,7E000F8100031C024E333039352D45374E4DFA
06-26-2025 23:56:54.448,365,RECV,7E000F81000120024E313039352D303835462E
06-26-2025 23:56:54.836,366,RECV,7E000F8100042D024E343039362D4E573051D7
06-26-2025 23:56:54.936,367,RECV,7E000F8100022C024E323039362D59314437FD
06-26-2025 23:56:54.936,368,RECV,7E000F8100031C024E333039362D4F4B5947D6
06-26-2025 23:56:54.956,369,RECV,7E000F81000120024E313039362D4159454DE4
06-26-2025 23:56:55.337,370,RECV,7E000F81000431024E343039372D394F424DE1
06-26-2025 23:56:55.438,371,RECV,7E000F8100022C024E323039372D49515A35D8
06-26-2025 23:56:55.448,372,RECV,7E000F8100031C024E333039372D54314745FE
06-26-2025 23:56:55.448,373,RECV,7E000F81000120024E313039372D5343324AFD
06-26-2025 23:56:55.842,374,RECV,7E000F8100042D024E343039382D45553239F6
06-26-2025 23:56:55.942,375,RECV,7E000F8100022C024E323039382D48434C4ADF
06-26-2025 23:56:55.942,376,RECV,7E000F8100031C024E333039382D335A30351C
06-26-2025 23:56:55.942,377,RECV,7E000F81000120024E313039382D43444A56E7
06-26-2025 23:56:56.343,378,RECV,7E000F81000431024E343039392D41424930FA
06-26-2025 23:56:56.443,379,RECV,7E000F8100022C024E323039392D44433055F3
06-26-2025 23:56:56.455,380,RECV,7E000F8100031C024E333039392D333149461A
06-26-2025 23:56:56.455,381,RECV,7E000F81000120024E313039392D35564957E2
