06-26-2025 23:49:58.183,-,API2,"Sink 1,0013A20041839DB1,802.15.4 TH,2003,/dev/ttyUSB0 - 57600/8/M/1/N,1,46"

06-26-2025 23:48:45.926,0,RECV,7E000F81000430024E343030302D324431530F
06-26-2025 23:48:45.976,1,RECV,7E000F8100031C024E333030302D42395759F4
06-26-2025 23:48:45.976,2,RECV,7E000F8100022C024E323030302D48515938E7
06-26-2025 23:48:45.976,3,RECV,7E000F81000120024E313030302D463953410C
06-26-2025 23:48:46.437,4,RECV,7E000F8100042D024E343030312D5433394902
06-26-2025 23:48:46.438,5,RECV,7E000F8100031C024E333030312D3658563604
06-26-2025 23:48:46.457,6,RECV,7E000F8100022D024E323030312D3348524CF6
06-26-2025 23:48:46.457,7,RECV,7E000F81000120024E313030312D43545246EF
06-26-2025 23:48:46.978,8,RECV,7E000F81000430024E343030322D48524255D6
06-26-2025 23:48:46.982,9,RECV,7E000F8100031C024E333030322D3442445A09
06-26-2025 23:48:46.984,10,RECV,7E000F8100022D024E323030322D42564E4ADE
06-26-2025 23:48:46.985,11,RECV,7E000F81000120024E313030322D433049421F
06-26-2025 23:48:47.428,12,RECV,7E000F8100042D024E343030332D47444B4DE6
06-26-2025 23:48:47.479,13,RECV,7E000F8100031C024E333030332D4C39474907
06-26-2025 23:48:47.479,14,RECV,7E000F8100022C024E323030332D484D3249FE
06-26-2025 23:48:47.479,15,RECV,7E000F81000120024E313030332D485A5637ED
06-26-2025 23:48:47.939,16,RECV,7E000F81000430024E343030342D3630413628
06-26-2025 23:48:47.940,17,RECV,7E000F8100031C024E333030342D52534E30F8
06-26-2025 23:48:47.960,18,RECV,7E000F8100022C024E323030342D58354F34FD
06-26-2025 23:48:47.960,19,RECV,7E000F81000120024E313030342D564F5A41DB
06-26-2025 23:48:48.480,20,RECV,7E000F81000430024E343030352D43353957FC
06-26-2025 23:48:48.481,21,RECV,7E000F8100031C024E333030352D4C415945EF
06-26-2025 23:48:48.482,22,RECV,7E000F8100022C024E323030352D3439354C1E
06-26-2025 23:48:48.482,23,RECV,7E000F81000120024E313030352D5947584FD3
06-26-2025 23:48:48.931,24,RECV,7E000F8100042D024E343030362D3857374CF4
06-26-2025 23:48:48.982,25,RECV,7E000F8100031C024E333030362D394D4D4CFA
06-26-2025 23:48:48.982,26,RECV,7E000F8100022C024E323030362D55424D4DDA
06-26-2025 23:48:48.982,27,RECV,7E000F81000120024E313030362D3448333931
06-26-2025 23:48:49.442,28,RECV,7E000F81000430024E343030372D4F4C4E37E2
06-26-2025 23:48:49.462,29,RECV,7E000F8100031C024E333030372D30374A5017
06-26-2025 23:48:49.463,30,RECV,7E000F8100022C024E323030372D4B3537341F
06-26-2025 23:48:49.463,31,RECV,7E000F81000120024E313030372D58465430F6
06-26-2025 23:48:49.983,32,RECV,7E000F8100042D024E343030382D32533953F3
06-26-2025 23:48:49.983,33,RECV,7E000F8100031C024E333030382D39544C4CF2
06-26-2025 23:48:49.985,34,RECV,7E000F8100022C024E323030382D42585839DE
06-26-2025 23:48:49.985,35,RECV,7E000F81000120024E313030382D593130322B
06-26-2025 23:48:50.434,36,RECV,7E000F81000430024E343030392D36445256DE
06-26-2025 23:48:50.484,37,RECV,7E000F8100031C024E333030392D485A3741FC
06-26-2025 23:48:50.484,38,RECV,7E000F8100022D024E323030392D4D53554EC4
06-26-2025 23:48:50.484,39,RECV,7E000F81000120024E313030392D44384C301E
06-26-2025 23:48:50.944,40,RECV,7E000F8100042D024E343031302D343358410B
06-26-2025 23:48:50.975,41,RECV,7E000F8100031C024E333031302D45444B3416
06-26-2025 23:48:50.975,42,RECV,7E000F8100022C024E323031302D414A324B08
06-26-2025 23:48:50.975,43,RECV,7E000F81000120024E313031302D5A364E340C
06-26-2025 23:48:51.485,44,RECV,7E000F81000430024E343031312D47475749D9
06-26-2025 23:48:51.486,45,RECV,7E000F8100031C024E333031312D584A4E5AD3
06-26-2025 23:48:51.486,46,RECV,7E000F8100022C024E323031312D4D584E47D5
06-26-2025 23:48:51.486,47,RECV,7E000F81000120024E313031312D594E4439F9
06-26-2025 23:48:51.936,48,RECV,7E000F8100042D024E343031322D44543456E7
06-26-2025 23:48:51.986,49,RECV,7E000F8100031C024E333031322D504C5535F6
06-26-2025 23:48:51.989,50,RECV,7E000F8100022C024E323031322D51553451E3
06-26-2025 23:48:51.989,51,RECV,7E000F81000120024E313031322D4C465144F5
06-26-2025 23:48:52.447,52,RECV,7E000F81000430024E343031332D53464435F3
06-26-2025 23:48:52.487,53,RECV,7E000F8100031C024E333031332D505A4F35ED
06-26-2025 23:48:52.489,54,RECV,7E000F8100022C024E323031332D314742351E
06-26-2025 23:48:52.489,55,RECV,7E000F81000120024E313031332D4F395852E9
06-26-2025 23:48:52.988,56,RECV,7E000F8100042D024E343031342D42374351FA
06-26-2025 23:48:52.989,57,RECV,7E000F8100031C024E333031342D524B5556D2
06-26-2025 23:48:52.990,58,RECV,7E000F8100022C024E323031342D4E435457D0
06-26-2025 23:48:52.990,59,RECV,7E000F81000120024E313031342D4C494346FC
06-26-2025 23:48:53.439,60,RECV,7E000F81000430024E343031352D56394D4DDA
06-26-2025 23:48:53.489,61,RECV,7E000F8100031C024E333031352D324D475AF9
06-26-2025 23:48:53.491,62,RECV,7E000F8100022C024E323031352D57393252F7
06-26-2025 23:48:53.491,63,RECV,7E000F81000120024E313031352D34365A5203
06-26-2025 23:48:53.940,64,RECV,7E000F8100042D024E343031362D50524858C3
06-26-2025 23:48:53.990,65,RECV,7E000F8100031C024E333031362D37515755E4
06-26-2025 23:48:53.991,66,RECV,7E000F81000120024E313031362D4B503859EC
06-26-2025 23:48:54.491,67,RECV,7E000F81000430024E343031372D55594C56B1
06-26-2025 23:48:54.491,68,RECV,7E000F8100031C024E333031372D473032323C
06-26-2025 23:48:54.491,69,RECV,7E000F81000120024E313031372D3455484105
06-26-2025 23:48:54.491,70,RECV,7E000F8100022C024E323031372D59515033DC
06-26-2025 23:48:54.942,71,RECV,7E000F8100042D024E343031382D5431504EE0
06-26-2025 23:48:54.992,72,RECV,7E000F8100031C024E333031382D4146563306
06-26-2025 23:48:54.992,73,RECV,7E000F81000120024E313031382D55454B49E8
06-26-2025 23:48:54.992,74,RECV,7E000F8100022C024E323031382D4A534A47DA
06-26-2025 23:48:55.443,75,RECV,7E000F81000430024E343031392D4D565736CF
06-26-2025 23:48:55.493,76,RECV,7E000F8100031C024E333031392D434C463709
06-26-2025 23:48:55.494,77,RECV,7E000F81000120024E313031392D42324C361F
06-26-2025 23:48:55.494,78,RECV,7E000F8100022C024E323031392D49384B53E8
06-26-2025 23:48:55.955,79,RECV,7E000F8100042D024E343032302D4D424F54D8
06-26-2025 23:48:55.994,80,RECV,7E000F8100031C024E333032302D4F4C30450D
06-26-2025 23:48:55.995,81,RECV,7E000F81000120024E313032302D315444381C
06-26-2025 23:48:55.995,82,RECV,7E000F8100022D024E323032302D4B30583902
06-26-2025 23:48:56.449,83,RECV,7E000F81000430024E343032312D4F545559B5
06-26-2025 23:48:56.499,84,RECV,7E000F8100031C024E333032312D46594847EE
06-26-2025 23:48:56.499,85,RECV,7E000F81000120024E313032312D4E35325710
06-26-2025 23:48:56.499,86,RECV,7E000F8100022C024E323032312D4D36474103
06-26-2025 23:48:56.950,87,RECV,7E000F8100042D024E343032322D46374C300F
06-26-2025 23:48:57.000,88,RECV,7E000F8100031C024E333032322D47524D3302
06-26-2025 23:48:57.000,89,RECV,7E000F81000120024E313032322D47395A360B
06-26-2025 23:48:57.000,90,RECV,7E000F8100022C024E323032322D464633410D
06-26-2025 23:48:57.461,91,RECV,7E000F81000430024E343032332D3142564CEF
06-26-2025 23:48:57.502,92,RECV,7E000F8100031C024E333032332D4236464A12
06-26-2025 23:48:57.504,93,RECV,7E000F81000120024E313032332D41495A44F2
06-26-2025 23:48:57.504,94,RECV,7E000F8100022C024E323032332D5A43574DCB
06-26-2025 23:48:57.953,95,RECV,7E000F8100042D024E343032342D4C384344FB
06-26-2025 23:48:58.003,96,RECV,7E000F8100031C024E333032342D3644534507
06-26-2025 23:48:58.454,97,RECV,7E000F81000430024E343032352D34415657E0
06-26-2025 23:48:58.504,98,RECV,7E000F81000120024E313032352D53563553E7
06-26-2025 23:48:58.508,99,RECV,7E000F8100022C024E323032352D47505746D6
06-26-2025 23:48:58.508,100,RECV,7E000F8100031C024E333032352D4637413327
06-26-2025 23:48:58.965,101,RECV,7E000F8100042D024E343032362D575A3933E7
06-26-2025 23:48:59.005,102,RECV,7E000F81000120024E313032362D3630574B0F
06-26-2025 23:48:59.006,103,RECV,7E000F8100022C024E323032362D38585148E0
06-26-2025 23:48:59.006,104,RECV,7E000F8100031C024E333032362D3050584AF5
06-26-2025 23:48:59.456,105,RECV,7E000F81000430024E343032372D464E5553C4
06-26-2025 23:48:59.506,106,RECV,7E000F81000120024E313032372D4437524603
06-26-2025 23:48:59.506,107,RECV,7E000F8100022D024E323032372D4E304C4FEE
06-26-2025 23:48:59.506,108,RECV,7E000F8100031C024E333032372D4A50314902
06-26-2025 23:48:59.957,109,RECV,7E000F8100042D024E343032382D49305941EF
06-26-2025 23:49:00.007,110,RECV,7E000F81000120024E313032382D4D5A344FEB
06-26-2025 23:49:00.007,111,RECV,7E000F8100022D024E323032382D49315054E8
06-26-2025 23:49:00.017,112,RECV,7E000F8100031C024E333032382D52453855F1
06-26-2025 23:49:00.467,113,RECV,7E000F81000430024E343032392D41484E34F3
06-26-2025 23:49:00.507,114,RECV,7E000F81000120024E313032392D43595538EB
06-26-2025 23:49:00.508,115,RECV,7E000F8100022C024E323032392D344C4E48F0
06-26-2025 23:49:00.508,116,RECV,7E000F8100031C024E333032392D5949524DD3
06-26-2025 23:49:00.958,117,RECV,7E000F8100042D024E343033302D4736323327
06-26-2025 23:49:01.008,118,RECV,7E000F81000120024E313033302D44505A39F5
06-26-2025 23:49:01.009,119,RECV,7E000F8100022C024E323033302D39525753D9
06-26-2025 23:49:01.009,120,RECV,7E000F8100031C024E333033302D4E30344B1F
06-26-2025 23:49:01.459,121,RECV,7E000F81000430024E343033312D484B4153DE
06-26-2025 23:49:01.509,122,RECV,7E000F81000120024E313033312D394A313730
06-26-2025 23:49:01.509,123,RECV,7E000F8100022C024E323033312D4342504FE9
06-26-2025 23:49:01.559,124,RECV,7E000F8100031C024E333033312D4E49463806
06-26-2025 23:49:01.970,125,RECV,7E000F8100042D024E343033322D5531535AD4
06-26-2025 23:49:02.060,126,RECV,7E000F8100022C024E323033322D325234470D
06-26-2025 23:49:02.060,127,RECV,7E000F8100031C024E333033322D363244343A
06-26-2025 23:49:02.460,128,RECV,7E000F81000430024E343033332D38335644FE
06-26-2025 23:49:02.511,129,RECV,7E000F81000120024E313033332D4558383410
06-26-2025 23:49:02.511,130,RECV,7E000F8100022C024E323033332D4A345959DB
06-26-2025 23:49:02.511,131,RECV,7E000F8100031C024E333033332D554D5533EF
06-26-2025 23:49:02.961,132,RECV,7E000F8100042D024E343033342D50545459B4
06-26-2025 23:49:03.011,133,RECV,7E000F81000120024E313033342D414B5A48EA
06-26-2025 23:49:03.022,134,RECV,7E000F8100022C024E323033342D52544E49CD
06-26-2025 23:49:03.023,135,RECV,7E000F8100031C024E333033342D503136520F
06-26-2025 23:49:03.462,136,RECV,7E000F81000430024E343033352D59475259B6
06-26-2025 23:49:03.522,137,RECV,7E000F81000120024E313033352D4A4E443902
06-26-2025 23:49:03.523,138,RECV,7E000F8100022D024E323033352D4432314819
06-26-2025 23:49:03.523,139,RECV,7E000F8100031C024E333033352D44314F470C
06-26-2025 23:49:03.963,140,RECV,7E000F8100042D024E343033362D354B33410F
06-26-2025 23:49:04.013,141,RECV,7E000F81000120024E313033362D32495559ED
06-26-2025 23:49:04.013,142,RECV,7E000F8100022C024E323033362D4A315149F3
06-26-2025 23:49:04.034,143,RECV,7E000F8100031C024E333033362D375830490E
06-26-2025 23:49:04.464,144,RECV,7E000F81000430024E343033372D35545A39E3
06-26-2025 23:49:04.514,145,RECV,7E000F81000120024E313033372D53334A360F
06-26-2025 23:49:04.564,146,RECV,7E000F8100022C024E323033372D365A4E39F0
06-26-2025 23:49:04.569,147,RECV,7E000F8100031C024E333033372D44464859EA
06-26-2025 23:49:04.965,148,RECV,7E000F8100042D024E343033382D3534523412
06-26-2025 23:49:05.065,149,RECV,7E000F81000120024E313033382D394E36391E
06-26-2025 23:49:05.066,150,RECV,7E000F8100022C024E323033382D5348383003
06-26-2025 23:49:05.066,151,RECV,7E000F8100031C024E333033382D50384E4FEF
06-26-2025 23:49:05.466,152,RECV,7E000F81000430024E343033392D4450353004
06-26-2025 23:49:05.516,153,RECV,7E000F81000120024E313033392D38564447FA
06-26-2025 23:49:05.516,154,RECV,7E000F8100022C024E323033392D54484F45D5
06-26-2025 23:49:05.566,155,RECV,7E000F8100031C024E333033392D39484B4304
06-26-2025 23:49:05.967,156,RECV,7E000F8100042D024E343034302D5248353603
06-26-2025 23:49:06.027,157,RECV,7E000F81000120024E313034302D324343471C
06-26-2025 23:49:06.027,158,RECV,7E000F8100022C024E323034302D54484959CF
06-26-2025 23:49:06.027,159,RECV,7E000F8100031C024E333034302D355A564FE7
06-26-2025 23:49:06.467,160,RECV,7E000F81000431024E343034312D57423555E0
06-26-2025 23:49:06.568,161,RECV,7E000F81000120024E313034312D5A37354E06
06-26-2025 23:49:06.568,162,RECV,7E000F8100022C024E323034312D4E483755EA
06-26-2025 23:49:06.568,163,RECV,7E000F8100031C024E333034312D4337534409
06-26-2025 23:49:06.968,164,RECV,7E000F8100042D024E343034322D383147437D33
06-26-2025 23:49:07.018,165,RECV,7E000F81000120024E313034322D493936441D
06-26-2025 23:49:07.039,166,RECV,7E000F8100022C024E323034322D53595241CC
06-26-2025 23:49:07.039,167,RECV,7E000F8100031C024E333034322D4346363327
06-26-2025 23:49:07.469,168,RECV,7E000F81000430024E343034332D4E36453405
06-26-2025 23:49:07.529,169,RECV,7E000F81000120024E313034332D454252300F
06-26-2025 23:49:07.530,170,RECV,7E000F8100022D024E323034332D52523246ED
06-26-2025 23:49:07.530,171,RECV,7E000F8100031C024E333034332D3448364F17
06-26-2025 23:49:07.970,172,RECV,7E000F8100042D024E343034342D32454151FB
06-26-2025 23:49:08.070,173,RECV,7E000F81000120024E313034342D36495947F8
06-26-2025 23:49:08.072,174,RECV,7E000F8100022C024E323034342D43414842FB
06-26-2025 23:49:08.072,175,RECV,7E000F8100031C024E333034342D4B3331577D31
06-26-2025 23:49:08.472,176,RECV,7E000F81000430024E343034352D494B3946ED
06-26-2025 23:49:08.522,177,RECV,7E000F81000120024E313034352D304F31557D31
06-26-2025 23:49:08.572,178,RECV,7E000F8100022C024E323034352D31325354FE
06-26-2025 23:49:08.572,179,RECV,7E000F8100031C024E333034352D4341384B0F
06-26-2025 23:49:08.974,180,RECV,7E000F8100042D024E343034362D49464539F5
06-26-2025 23:49:09.073,181,RECV,7E000F81000120024E313034362D5132553904
06-26-2025 23:49:09.073,182,RECV,7E000F8100022C024E323034362D5754515AB1
06-26-2025 23:49:09.073,183,RECV,7E000F8100031C024E333034362D47454650F3
06-26-2025 23:49:09.474,184,RECV,7E000F81000430024E343034372D384B5459CE
06-26-2025 23:49:09.574,185,RECV,7E000F81000120024E313034372D54415335F7
06-26-2025 23:49:09.574,186,RECV,7E000F8100022C024E323034372D36524F32FD
06-26-2025 23:49:09.574,187,RECV,7E000F8100031C024E333034372D374448460B
06-26-2025 23:49:09.974,188,RECV,7E000F8100042C024E343034382D5944334EE3
06-26-2025 23:49:10.044,189,RECV,7E000F81000120024E313034382D323649461C
06-26-2025 23:49:10.045,190,RECV,7E000F8100022C024E323034382D5935333410
06-26-2025 23:49:10.045,191,RECV,7E000F8100031C024E333034382D57544553D0
06-26-2025 23:49:10.476,192,RECV,7E000F81000430024E343034392D4D333751F4
06-26-2025 23:49:10.575,193,RECV,7E000F81000120024E313034392D514B5745DA
06-26-2025 23:49:10.576,194,RECV,7E000F8100022C024E323034392D49305A58D9
06-26-2025 23:49:10.576,195,RECV,7E000F8100031C024E333034392D46545935EA
06-26-2025 23:49:10.976,196,RECV,7E000F8100042D024E343035302D374C504DE7
06-26-2025 23:49:11.076,197,RECV,7E000F81000120024E313035302D3847374E16
06-26-2025 23:49:11.077,198,RECV,7E000F8100022D024E323035302D513437301F
06-26-2025 23:49:11.077,199,RECV,7E000F8100031C024E333035302D3051395A06
06-26-2025 23:49:11.477,200,RECV,7E000F81000430024E343035312D58484333ED
06-26-2025 23:49:11.578,201,RECV,7E000F81000120024E313035312D334D324522
06-26-2025 23:49:11.578,202,RECV,7E000F8100022D024E323035312D4833424508
06-26-2025 23:49:11.578,203,RECV,7E000F8100031C024E333035312D514A474BEC
06-26-2025 23:49:11.978,204,RECV,7E000F8100042D024E343035322D53375847DC
06-26-2025 23:49:12.078,205,RECV,7E000F81000120024E313035322D414F5635FD
06-26-2025 23:49:12.078,206,RECV,7E000F8100022D024E323035322D4636593301
06-26-2025 23:49:12.078,207,RECV,7E000F8100031C024E333035322D41444D4105
06-26-2025 23:49:12.479,208,RECV,7E000F81000430024E343035332D584D4455C3
06-26-2025 23:49:12.579,209,RECV,7E000F81000120024E313035332D384F453417
06-26-2025 23:49:12.579,210,RECV,7E000F8100022C024E323035332D524F4C45D7
06-26-2025 23:49:12.579,211,RECV,7E000F8100031C024E333035332D4D4549320A
06-26-2025 23:49:12.980,212,RECV,7E000F8100042D024E343035342D385836310C
06-26-2025 23:49:13.080,213,RECV,7E000F81000120024E313035342D43455246F6
06-26-2025 23:49:13.080,214,RECV,7E000F8100022C024E323035342D3732385314
06-26-2025 23:49:13.080,215,RECV,7E000F8100031C024E333035342D51534F39EA
06-26-2025 23:49:13.482,216,RECV,7E000F81000430024E343035352D4D464F51CC
06-26-2025 23:49:13.582,217,RECV,7E000F81000120024E313035352D524F5049DB
06-26-2025 23:49:13.582,218,RECV,7E000F8100022C024E323035352D414E4C31FB
06-26-2025 23:49:13.582,219,RECV,7E000F8100031C024E333035352D364F4D55EE
06-26-2025 23:49:14.083,220,RECV,7E000F81000120024E313035362D56484946E7
06-26-2025 23:49:14.089,221,RECV,7E000F8100022C024E323035362D4E463248F8
06-26-2025 23:49:14.089,222,RECV,7E000F8100031C024E333035362D3954304A0D
06-26-2025 23:49:14.483,223,RECV,7E000F81000430024E343035372D4F4F3933F3
06-26-2025 23:49:14.583,224,RECV,7E000F81000120024E313035372D3536414E19
06-26-2025 23:49:14.583,225,RECV,7E000F8100022C024E323035372D51324954E5
06-26-2025 23:49:14.583,226,RECV,7E000F8100031C024E333035372D5835303224
06-26-2025 23:49:14.984,227,RECV,7E000F8100042D024E343035382D463534341C
06-26-2025 23:49:15.085,228,RECV,7E000F81000120024E313035382D30544251FB
06-26-2025 23:49:15.085,229,RECV,7E000F8100022D024E323035382D50593256D2
06-26-2025 23:49:15.085,230,RECV,7E000F8100031C024E333035382D41344F4509
06-26-2025 23:49:15.485,231,RECV,7E000F81000430024E343035392D57315551CD
06-26-2025 23:49:15.585,232,RECV,7E000F81000120024E313035392D3248415006
06-26-2025 23:49:15.591,233,RECV,7E000F8100022C024E323035392D434E5054CE
06-26-2025 23:49:15.591,234,RECV,7E000F8100031C024E333035392D584D5753C2
06-26-2025 23:49:15.986,235,RECV,7E000F8100042D024E343036302D55374C39F5
06-26-2025 23:49:16.086,236,RECV,7E000F81000120024E313036302D444E463110
06-26-2025 23:49:16.086,237,RECV,7E000F8100022C024E323036302D554B484CD7
06-26-2025 23:49:16.086,238,RECV,7E000F8100031C024E333036302D4E37534FF2
06-26-2025 23:49:16.487,239,RECV,7E000F81000430024E343036312D45385458D9
06-26-2025 23:49:16.587,240,RECV,7E000F81000120024E313036312D37484A420D
06-26-2025 23:49:16.589,241,RECV,7E000F8100022C024E323036312D3633484415
06-26-2025 23:49:16.590,242,RECV,7E000F8100031C024E333036312D3157563109
06-26-2025 23:49:16.988,243,RECV,7E000F8100042D024E343036322D4343424AF2
06-26-2025 23:49:17.088,244,RECV,7E000F81000120024E313036322D355432421A
06-26-2025 23:49:17.101,245,RECV,7E000F8100022C024E323036322D325031437D33
06-26-2025 23:49:17.101,246,RECV,7E000F8100031C024E333036322D3931455A0E
06-26-2025 23:49:17.489,247,RECV,7E000F81000430024E343036332D4D535955B2
06-26-2025 23:49:17.590,248,RECV,7E000F81000120024E313036332D504C5559CC
06-26-2025 23:49:17.591,249,RECV,7E000F8100022C024E323036332D39534649ED
06-26-2025 23:49:17.591,250,RECV,7E000F8100031C024E333036332D4A4F5449E0
06-26-2025 23:49:17.990,251,RECV,7E000F8100042D024E343036342D4650494BD8
06-26-2025 23:49:18.090,252,RECV,7E000F81000120024E313036342D4356344EFA
06-26-2025 23:49:18.092,253,RECV,7E000F8100022C024E323036342D4534454FFA
06-26-2025 23:49:18.092,254,RECV,7E000F8100031C024E333036342D594D574ACE
06-26-2025 23:49:18.491,255,RECV,7E000F81000430024E343036352D3550484BE6
06-26-2025 23:49:18.594,256,RECV,7E000F81000120024E313036352D43524854E3
06-26-2025 23:49:18.594,257,RECV,7E000F8100022C024E323036352D333939550C
06-26-2025 23:49:18.598,258,RECV,7E000F8100031C024E333036352D384E4E44FC
06-26-2025 23:49:18.992,259,RECV,7E000F8100042D024E343036362D55355553CE
06-26-2025 23:49:19.092,260,RECV,7E000F81000120024E313036362D444F4243FB
06-26-2025 23:49:19.094,261,RECV,7E000F8100022D024E323036362D514C5050C7
06-26-2025 23:49:19.094,262,RECV,7E000F8100031C024E333036362D464B4F59DA
06-26-2025 23:49:19.493,263,RECV,7E000F81000430024E343036372D4B55334DDC
06-26-2025 23:49:19.593,264,RECV,7E000F81000120024E313036372D4135304923
06-26-2025 23:49:19.594,265,RECV,7E000F8100022C024E323036372D4F473044FA
06-26-2025 23:49:19.594,266,RECV,7E000F8100031C024E333036372D4E46414BF2
06-26-2025 23:49:19.994,267,RECV,7E000F8100042D024E343036382D35574548E5
06-26-2025 23:49:20.094,268,RECV,7E000F81000120024E313036382D564C524AD3
06-26-2025 23:49:20.095,269,RECV,7E000F8100022C024E323036382D35384C3614
06-26-2025 23:49:20.095,270,RECV,7E000F8100031C024E333036382D50575A5AB6
06-26-2025 23:49:20.495,271,RECV,7E000F81000431024E343036392D325630340D
06-26-2025 23:49:20.595,272,RECV,7E000F81000120024E313036392D51444D47E7
06-26-2025 23:49:20.595,273,RECV,7E000F8100022C024E323036392D4C583958CD
06-26-2025 23:49:20.595,274,RECV,7E000F8100031C024E333036392D584B5149D3
06-26-2025 23:49:20.996,275,RECV,7E000F8100042D024E343037302D4437513405
06-26-2025 23:49:21.096,276,RECV,7E000F81000120024E313037302D374E4253FE
06-26-2025 23:49:21.096,277,RECV,7E000F8100022C024E323037302D54594A51C2
06-26-2025 23:49:21.096,278,RECV,7E000F8100031C024E333037302D4536434C0E
06-26-2025 23:49:21.497,279,RECV,7E000F81000431024E343037312D44475A32E9
06-26-2025 23:49:21.597,280,RECV,7E000F81000120024E313037312D57414141FD
06-26-2025 23:49:21.597,281,RECV,7E000F8100022C024E323037312D4131415600
06-26-2025 23:49:21.597,282,RECV,7E000F8100031C024E333037312D4F4A4154E9
06-26-2025 23:49:21.997,283,RECV,7E000F8100042D024E343037322D58355A52CA
06-26-2025 23:49:22.097,284,RECV,7E000F81000120024E313037322D5852315AE1
06-26-2025 23:49:22.098,285,RECV,7E000F8100022D024E323037322D365A4236FF
06-26-2025 23:49:22.098,286,RECV,7E000F8100031C024E333037322D594C4730FA
06-26-2025 23:49:22.498,287,RECV,7E000F81000430024E343037332D34535937E8
06-26-2025 23:49:22.598,288,RECV,7E000F81000120024E313037332D4F524E4CDA
06-26-2025 23:49:22.598,289,RECV,7E000F8100022D024E323037332D474D5658C4
06-26-2025 23:49:22.598,290,RECV,7E000F8100031C024E333037332D5337354C0A
06-26-2025 23:49:22.999,291,RECV,7E000F8100042D024E343037342D34504B44EE
06-26-2025 23:49:23.099,292,RECV,7E000F81000120024E313037342D39474E337D33
06-26-2025 23:49:23.099,293,RECV,7E000F8100022C024E323037342D4F39413409
06-26-2025 23:49:23.099,294,RECV,7E000F8100031C024E333037342D485A3448F6
06-26-2025 23:49:23.500,295,RECV,7E000F81000430024E343037352D5530324204
06-26-2025 23:49:23.600,296,RECV,7E000F81000120024E313037352D353147471F
06-26-2025 23:49:23.603,297,RECV,7E000F8100022C024E323037352D42314C357D31
06-26-2025 23:49:23.603,298,RECV,7E000F8100031C024E333037352D4A495441EB
06-26-2025 23:49:24.001,299,RECV,7E000F8100042D024E343037362D46394949EE
06-26-2025 23:49:24.101,300,RECV,7E000F81000120024E313037362D30454A4A09
06-26-2025 23:49:24.101,301,RECV,7E000F8100022C024E323037362D42445554D5
06-26-2025 23:49:24.101,302,RECV,7E000F8100031C024E333037362D35524D310D
06-26-2025 23:49:24.502,303,RECV,7E000F81000430024E343037372D46543049E8
06-26-2025 23:49:24.602,304,RECV,7E000F81000120024E313037372D4E31384515
06-26-2025 23:49:24.602,305,RECV,7E000F8100022C024E323037372D4A464451DE
06-26-2025 23:49:24.602,306,RECV,7E000F8100031C024E333037372D4151383512
06-26-2025 23:49:25.002,307,RECV,7E000F8100042D024E343037382D4F315849DC
06-26-2025 23:49:25.103,308,RECV,7E000F81000120024E313037382D3438313043
06-26-2025 23:49:25.157,309,RECV,7E000F8100022C024E323037382D454A4345EB
06-26-2025 23:49:25.157,310,RECV,7E000F8100031C024E333037382D4D545A39DC
06-26-2025 23:49:25.503,311,RECV,7E000F81000430024E343037392D4A4D3155DC
06-26-2025 23:49:25.604,312,RECV,7E000F81000120024E313037392D4F5A564FC1
06-26-2025 23:49:25.604,313,RECV,7E000F8100022C024E323037392D57495743C7
06-26-2025 23:49:25.604,314,RECV,7E000F8100031C024E333037392D444C3958EE
06-26-2025 23:49:26.004,315,RECV,7E000F8100042D024E343038302D3543433415
06-26-2025 23:49:26.106,316,RECV,7E000F81000120024E313038302D59574841DE
06-26-2025 23:49:26.106,317,RECV,7E000F8100022C024E323038302D53363551FA
06-26-2025 23:49:26.115,318,RECV,7E000F8100031C024E333038302D3937503522
06-26-2025 23:49:26.505,319,RECV,7E000F81000430024E343038312D5A483236F6
06-26-2025 23:49:26.606,320,RECV,7E000F81000120024E313038312D5146524BE2
06-26-2025 23:49:26.607,321,RECV,7E000F8100022C024E323038312D484B4953D9
06-26-2025 23:49:26.607,322,RECV,7E000F8100031C024E333038312D3442583117
06-26-2025 23:49:27.006,323,RECV,7E000F8100042D024E343038322D58444D53C6
06-26-2025 23:49:27.106,324,RECV,7E000F81000120024E313038322D56514638F0
06-26-2025 23:49:27.106,325,RECV,7E000F8100022C024E323038322D3545484AFB
06-26-2025 23:49:27.107,326,RECV,7E000F8100031C024E333038322D4942583002
06-26-2025 23:49:27.507,327,RECV,7E000F81000431024E343038332D5A504D46C0
06-26-2025 23:49:27.607,328,RECV,7E000F81000120024E313038332D55505053CC
06-26-2025 23:49:27.607,329,RECV,7E000F8100022C024E323038332D59464449DA
06-26-2025 23:49:27.617,330,RECV,7E000F8100031C024E333038332D475A475AD2
06-26-2025 23:49:28.008,331,RECV,7E000F8100042D024E343038342D48494D32F0
06-26-2025 23:49:28.108,332,RECV,7E000F81000120024E313038342D505A4555CF
06-26-2025 23:49:28.109,333,RECV,7E000F8100022C024E323038342D47465937E8
06-26-2025 23:49:28.109,334,RECV,7E000F8100031C024E333038342D375A4C3600
06-26-2025 23:49:28.508,335,RECV,7E000F81000430024E343038352D363054350D
06-26-2025 23:49:28.609,336,RECV,7E000F81000120024E313038352D4F384E53EA
06-26-2025 23:49:28.610,337,RECV,7E000F8100022C024E323038352D58455A38D5
06-26-2025 23:49:28.611,338,RECV,7E000F8100031C024E333038352D4E315A42F7
06-26-2025 23:49:29.009,339,RECV,7E000F8100042D024E343038362D4A454146E8
06-26-2025 23:49:29.109,340,RECV,7E000F81000120024E313038362D473950307D31
06-26-2025 23:49:29.110,341,RECV,7E000F8100022C024E323038362D3030554D01
06-26-2025 23:49:29.160,342,RECV,7E000F8100031C024E333038362D3348544CF6
06-26-2025 23:49:29.510,343,RECV,7E000F81000430024E343038372D33574544E7
06-26-2025 23:49:29.610,344,RECV,7E000F81000120024E313038372D53443651F2
06-26-2025 23:49:29.611,345,RECV,7E000F8100022C024E323038372D57524343D3
06-26-2025 23:49:29.612,346,RECV,7E000F8100031C024E333038372D39334D3126
06-26-2025 23:49:30.011,347,RECV,7E000F8100042D024E343038382D59355833E3
06-26-2025 23:49:30.112,348,RECV,7E000F81000120024E313038382D48325548F8
06-26-2025 23:49:30.129,349,RECV,7E000F8100022C024E323038382D464E4356D4
06-26-2025 23:49:30.130,350,RECV,7E000F8100031C024E333038382D494B414AF0
06-26-2025 23:49:30.513,351,RECV,7E000F81000430024E343038392D53573759BE
06-26-2025 23:49:30.613,352,RECV,7E000F81000120024E313038392D57424551DF
06-26-2025 23:49:30.613,353,RECV,7E000F8100022C024E323038392D4A38453108
06-26-2025 23:49:30.663,354,RECV,7E000F8100031C024E333038392D303936323D
06-26-2025 23:49:31.014,355,RECV,7E000F8100042D024E343039302D335A3257ED
06-26-2025 23:49:31.114,356,RECV,7E000F81000120024E313039302D444E365AF4
06-26-2025 23:49:31.114,357,RECV,7E000F8100022D024E323039302D59504D4DC4
06-26-2025 23:49:31.114,358,RECV,7E000F8100031C024E333039302D44504951E8
06-26-2025 23:49:31.515,359,RECV,7E000F81000430024E343039312D5A365656C3
06-26-2025 23:49:31.615,360,RECV,7E000F81000120024E313039312D49585436EA
06-26-2025 23:49:31.615,361,RECV,7E000F8100022C024E323039312D59494459C8
06-26-2025 23:49:31.665,362,RECV,7E000F8100031C024E333039312D3243415708
06-26-2025 23:49:32.016,363,RECV,7E000F8100042D024E343039322D56465A30DB
06-26-2025 23:49:32.116,364,RECV,7E000F81000120024E313039322D4846383519
06-26-2025 23:49:32.126,365,RECV,7E000F8100022C024E323039322D4E304E49F1
06-26-2025 23:49:32.126,366,RECV,7E000F8100031C024E333039322D564E4744E5
06-26-2025 23:49:32.517,367,RECV,7E000F81000430024E343039332D30344E4209
06-26-2025 23:49:32.619,368,RECV,7E000F81000120024E313039332D493039570A
06-26-2025 23:49:32.619,369,RECV,7E000F8100022C024E323039332D38345947F9
06-26-2025 23:49:32.639,370,RECV,7E000F8100031C024E333039332D46525846DD
06-26-2025 23:49:33.020,371,RECV,7E000F8100042D024E343039342D58323056EF
06-26-2025 23:49:33.120,372,RECV,7E000F81000120024E313039342D53494F49DE
06-26-2025 23:49:33.120,373,RECV,7E000F8100022C024E323039342D564D5446C7
06-26-2025 23:49:33.170,374,RECV,7E000F8100031C024E333039342D474F3751F4
06-26-2025 23:49:33.521,375,RECV,7E000F81000430024E343039352D444F4957C8
06-26-2025 23:49:33.621,376,RECV,7E000F81000120024E313039352D4A5A3259E2
06-26-2025 23:49:33.631,377,RECV,7E000F8100022C024E323039352D355531377D31
06-26-2025 23:49:33.631,378,RECV,7E000F8100031C024E333039352D555A304FE3
06-26-2025 23:49:34.022,379,RECV,7E000F8100042D024E343039362D5A474445D3
06-26-2025 23:49:34.122,380,RECV,7E000F81000120024E313039362D34494751FB
06-26-2025 23:49:34.122,381,RECV,7E000F8100022C024E323039362D4238353221
06-26-2025 23:49:34.142,382,RECV,7E000F8100031C024E333039362D395944300A
06-26-2025 23:49:34.523,383,RECV,7E000F81000430024E343039372D4759524CBB
06-26-2025 23:49:34.623,384,RECV,7E000F81000120024E313039372D56573247E9
06-26-2025 23:49:34.623,385,RECV,7E000F8100022C024E323039372D45435051D8
06-26-2025 23:49:34.673,386,RECV,7E000F8100031C024E333039372D394F38440B
06-26-2025 23:49:35.023,387,RECV,7E000F8100042D024E343039382D5552504CB8
06-26-2025 23:49:35.135,388,RECV,7E000F81000120024E313039382D5935514BE4
06-26-2025 23:49:35.137,389,RECV,7E000F8100022D024E323039382D51373052F5
06-26-2025 23:49:35.139,390,RECV,7E000F8100031C024E333039382D3157594DE0
06-26-2025 23:49:35.524,391,RECV,7E000F81000430024E343039392D41344E3004
06-26-2025 23:49:35.625,392,RECV,7E000F81000120024E313039392D55553752DA
06-26-2025 23:49:35.625,393,RECV,7E000F8100022C024E323039392D504C4636E7
06-26-2025 23:49:35.675,394,RECV,7E000F8100031C024E333039392D565A3942E2
