06-05-2025 16:35:39.755,-,API2,"Sink 2,0013A20041839DCA,802.15.4 TH,2003,/dev/ttyUSB2 - 57600/8/M/1/N,1,46"

06-05-2025 16:34:44.885,0,RECV,7E007D31810008370290004E383030302D515A41532B
06-05-2025 16:34:44.886,1,RECV,7E007D318100062F024B004E363030302D4F4843439E
06-05-2025 16:34:44.887,2,RECV,7E007D3181000537023F004E353030302D50344E5798
06-05-2025 16:34:44.887,3,RECV,7E007D318100073D0234004E373030302D30333438F3
06-05-2025 16:34:44.965,4,RECV,7E007D31810008370293004E383030312D5933335552
06-05-2025 16:34:44.969,5,RECV,7E007D318100062F024D004E363030312D3855394CA6
06-05-2025 16:34:44.969,6,RECV,7E007D31810007400236004E373030312D484F3732BC
06-05-2025 16:34:45.015,7,RECV,7E007D31810008370294004E383030322D5A504D521B
06-05-2025 16:34:45.015,8,RECV,7E007D3181000631024E004E363030322D53373934BD
06-05-2025 16:34:45.015,9,RECV,7E007D31810007400237004E373030322D4B504136A8
06-05-2025 16:34:45.065,10,RECV,7E007D31810008370295004E383030332D5A4148334C
06-05-2025 16:34:45.065,11,RECV,7E007D3181000632024F004E363030332D4143544297
06-05-2025 16:34:45.066,12,RECV,7E007D31810007400238004E373030332D4B39495596
06-05-2025 16:34:45.165,13,RECV,7E007D31810008370296004E383030342D4433384869
06-05-2025 16:34:45.165,14,RECV,7E007D31810006310250004E363030342D464F573292
06-05-2025 16:34:45.165,15,RECV,7E007D31810007400239004E373030342D37325432C7
06-05-2025 16:34:45.186,16,RECV,7E007D31810008370297004E383030352D555A534B7D31
06-05-2025 16:34:45.186,17,RECV,7E007D31810006310251004E363030352D553733509F
06-05-2025 16:34:45.186,18,RECV,7E007D3181000740023A004E373030352D4C4E523296
06-05-2025 16:34:45.256,19,RECV,7E007D31810008370298004E383030362D354F524244
06-05-2025 16:34:45.288,20,RECV,7E007D31810005350247004E353030362D46584B5577
06-05-2025 16:34:45.288,21,RECV,7E007D31810006310252004E363030362D4532424AA9
06-05-2025 16:34:45.288,22,RECV,7E007D318100073F023B004E373030362D47494C4196
06-05-2025 16:34:45.316,23,RECV,7E007D31810008360299004E383030372D304A363378
06-05-2025 16:34:45.316,24,RECV,7E007D31810005360248004E353030372D3558365699
06-05-2025 16:34:45.316,25,RECV,7E007D31810006300253004E363030372D424B3242AA
06-05-2025 16:34:45.316,26,RECV,7E007D318100073F023C004E373030372D46414F4893
06-05-2025 16:34:45.366,27,RECV,7E007D3181000836029A004E383030382D3835544454
06-05-2025 16:34:45.417,28,RECV,7E007D31810005360249004E353030382D55315131A8
06-05-2025 16:34:45.438,29,RECV,7E007D31810006300254004E363030382D5A43455077
06-05-2025 16:34:45.438,30,RECV,7E007D318100073F023D004E373030382D4856324A95
06-05-2025 16:34:45.438,31,RECV,7E007D3181000836029B004E383030392D30335A3268
06-05-2025 16:34:45.466,32,RECV,7E007D3181000535024A004E353030392D47423846A8
06-05-2025 16:34:45.466,33,RECV,7E007D31810006300255004E363030392D5735594D75
06-05-2025 16:34:45.467,34,RECV,7E007D318100073F023E004E373030392D4B46505478
06-05-2025 16:34:45.467,35,RECV,7E007D3181000835029C004E383031302D51444A4C34
06-05-2025 16:34:45.516,36,RECV,7E007D3181000534024B004E353031302D4B4D4339A3
06-05-2025 16:34:45.517,37,RECV,7E007D318100062F0256004E363031302D574D374292
06-05-2025 16:34:45.517,38,RECV,7E007D318100073E023F004E373031302D4E324D48A0
06-05-2025 16:34:45.567,39,RECV,7E007D3181000835029D004E383031312D444F4E5527
06-05-2025 16:34:45.594,40,RECV,7E007D3181000534024C004E353031312D39315148B2
06-05-2025 16:34:45.599,41,RECV,7E007D318100062E0257004E363031312D334B3550AB
06-05-2025 16:34:45.600,42,RECV,7E007D318100073E0240004E373031312D4856554F71
06-05-2025 16:34:45.617,43,RECV,7E007D3181000834029E004E383031322D4E38314362
06-05-2025 16:34:45.617,44,RECV,7E007D3181000534024D004E353031322D32574F5685
06-05-2025 16:34:45.617,45,RECV,7E007D318100062F0258004E363031322D44374432BA
06-05-2025 16:34:45.617,46,RECV,7E007D318100073E0241004E373031322D4E45585571
06-05-2025 16:34:45.667,47,RECV,7E007D3181000834029F004E383031332D3554495731
06-05-2025 16:34:45.718,48,RECV,7E007D3181000534024E004E353031332D4D39474A9A
06-05-2025 16:34:45.752,49,RECV,7E007D318100062F0259004E363031332D5334515879
06-05-2025 16:34:45.760,50,RECV,7E007D318100073E0242004E373031332D575741318F
06-05-2025 16:34:45.760,51,RECV,7E007D318100083402A0004E383031342D5A4F525805
06-05-2025 16:34:45.767,52,RECV,7E007D3181000534024F004E353031342D3848574A8E
06-05-2025 16:34:45.770,53,RECV,7E007D318100062F025A004E363031342D51313933B9
06-05-2025 16:34:45.770,54,RECV,7E007D318100073E0243004E373031342D3254494E90
06-05-2025 16:34:45.770,55,RECV,7E007D318100083402A1004E383031352D3547483260
06-05-2025 16:34:45.818,56,RECV,7E007D31810005330250004E353031352D4C35464F98
06-05-2025 16:34:45.818,57,RECV,7E007D318100062E025B004E363031352D52323438B6
06-05-2025 16:34:45.819,58,RECV,7E007D318100073D0244004E373031352D4754534D71
06-05-2025 16:34:45.868,59,RECV,7E007D318100083402A2004E383031362D36444D5A33
06-05-2025 16:34:45.900,60,RECV,7E007D31810005330251004E353031362D59524F446E
06-05-2025 16:34:45.900,61,RECV,7E007D318100062C025C004E363031362D444656487D5E
06-05-2025 16:34:45.900,62,RECV,7E007D318100073D0245004E373031362D48325138A7
06-05-2025 16:34:45.917,63,RECV,7E007D318100083402A3004E383031372D5532453254
06-05-2025 16:34:45.928,64,RECV,7E007D31810005330252004E353031372D33353356B9
06-05-2025 16:34:45.928,65,RECV,7E007D318100062C025D004E363031372D4F36575573
06-05-2025 16:34:45.928,66,RECV,7E007D318100073D0246004E373031372D35554539A0
06-05-2025 16:34:45.968,67,RECV,7E007D318100083402A4004E383031382D4D444D5A18
06-05-2025 16:34:45.978,68,RECV,7E007D31810005330253004E353031382D35375046A6
06-05-2025 16:34:45.978,69,RECV,7E007D318100062C025E004E363031382D4E42395287
06-05-2025 16:34:45.978,70,RECV,7E007D318100073D0247004E373031382D4B493037AB
06-05-2025 16:34:46.018,71,RECV,7E007D318100083302A5004E383031392D554D354F29
06-05-2025 16:34:46.053,72,RECV,7E007D31810005330254004E353031392D32344D35BE
06-05-2025 16:34:46.068,73,RECV,7E007D318100062C025F004E363031392D424F4B4B79
06-05-2025 16:34:46.069,74,RECV,7E007D318100073C0248004E373031392D354658359D
06-05-2025 16:34:46.069,75,RECV,7E007D318100083302A6004E383032302D564739314F
06-05-2025 16:34:46.118,76,RECV,7E007D31810005320255004E353032302D4E364F4398
06-05-2025 16:34:46.120,77,RECV,7E007D318100062C0260004E363032302D555A50396F
06-05-2025 16:34:46.120,78,RECV,7E007D318100073C0249004E373032302D5A4C58347A
06-05-2025 16:34:46.168,79,RECV,7E007D318100083302A7004E383032312D4954324441
06-05-2025 16:34:46.168,80,RECV,7E007D31810005320256004E353032312D5650464A76
06-05-2025 16:34:46.169,81,RECV,7E007D318100062C0261004E363032312D4353454C7D5E
06-05-2025 16:34:46.169,82,RECV,7E007D318100073C024A004E373032312D4F42455381
06-05-2025 16:34:46.218,83,RECV,7E007D318100083302A8004E383032322D503437583F
06-05-2025 16:34:46.227,84,RECV,7E007D31810005320257004E353032322D354A535187
06-05-2025 16:34:46.228,85,RECV,7E007D318100062C0262004E363032322D5642524673
06-05-2025 16:34:46.269,86,RECV,7E007D318100073C024B004E373032322D5A36384E92
06-05-2025 16:34:46.271,87,RECV,7E007D318100083202A9004E383032332D344E535923
06-05-2025 16:34:46.279,88,RECV,7E007D31810005320258004E353032332D50484B5471
06-05-2025 16:34:46.279,89,RECV,7E007D318100062B0263004E363032332D5351395174
06-05-2025 16:34:46.289,90,RECV,7E007D318100073C024C004E373032332D5730395591
06-05-2025 16:34:46.319,91,RECV,7E007D318100083202AA004E383032342D5A5342560A
06-05-2025 16:34:46.369,92,RECV,7E007D31810005320259004E353032342D55503031A0
06-05-2025 16:34:46.378,93,RECV,7E007D318100062B0264004E363032342D4748454D7F
06-05-2025 16:34:46.378,94,RECV,7E007D318100073C024D004E373032342D3542324BB0
06-05-2025 16:34:46.378,95,RECV,7E007D318100083202AB004E383032352D3230444364
06-05-2025 16:34:46.419,96,RECV,7E007D3181000532025A004E353032352D50393446A1
06-05-2025 16:34:46.420,97,RECV,7E007D318100062B0265004E363032352D45464E477D5E
06-05-2025 16:34:46.420,98,RECV,7E007D318100073B024E004E373032352D30515A3098
06-05-2025 16:34:46.439,99,RECV,7E007D318100083202AC004E383032362D4C5347481D
06-05-2025 16:34:46.469,100,RECV,7E007D3181000531025B004E353032362D4B344A5A80
06-05-2025 16:34:46.476,101,RECV,7E007D318100062A0266004E363032362D32345639A8
06-05-2025 16:34:46.476,102,RECV,7E007D318100073B024F004E373032362D565A5A4F48
06-05-2025 16:34:46.519,103,RECV,7E007D318100083202AD004E383032372D4C334B542B
06-05-2025 16:34:46.521,104,RECV,7E007D3181000531025C004E353032372D33544C5579
06-05-2025 16:34:46.521,105,RECV,7E007D318100062A0267004E363032372D3454504380
06-05-2025 16:34:46.569,106,RECV,7E007D318100073B0250004E373032372D365556536B
06-05-2025 16:34:46.570,107,RECV,7E007D318100083302AE004E383032382D564957331D
06-05-2025 16:34:46.619,108,RECV,7E007D3181000532025D004E353032382D5944515858
06-05-2025 16:34:46.623,109,RECV,7E007D318100062C0268004E363032382D544A525A4D
06-05-2025 16:34:46.623,110,RECV,7E007D318100073C0251004E373032382D3744414799
06-05-2025 16:34:46.623,111,RECV,7E007D318100083302AF004E383032392D513450313E
06-05-2025 16:34:46.669,112,RECV,7E007D3181000532025E004E353032392D4C41314D91
06-05-2025 16:34:46.671,113,RECV,7E007D318100062C0269004E363032392D3554464482
06-05-2025 16:34:46.671,114,RECV,7E007D318100073D0252004E373032392D414C58377D5D
06-05-2025 16:34:46.719,115,RECV,7E007D318100083502B0004E383033302D5647454C1B
06-05-2025 16:34:46.720,116,RECV,7E007D3181000535025F004E353033302D5552385071
06-05-2025 16:34:46.720,117,RECV,7E007D3181000630026A004E363033302D5056535649
06-05-2025 16:34:46.730,118,RECV,7E007D318100073F0253004E373033302D31355438AC
06-05-2025 16:34:46.740,119,RECV,7E007D318100083702B1004E383033312D4D37564922
06-05-2025 16:34:46.770,120,RECV,7E007D31810005360260004E353033312D565136358B
06-05-2025 16:34:46.770,121,RECV,7E007D3181000630026B004E363033312D5958304174
06-05-2025 16:34:46.791,122,RECV,7E007D31810007410254004E373033312D4159483682
06-05-2025 16:34:46.825,123,RECV,7E007D318100083702B2004E383033322D3543345740
06-05-2025 16:34:46.830,124,RECV,7E007D31810005360261004E353033322D425A465960
06-05-2025 16:34:46.840,125,RECV,7E007D318100062D026C004E363033322D53414D3383
06-05-2025 16:34:46.840,126,RECV,7E007D31810007400255004E373033322D4F564C4464
06-05-2025 16:34:46.870,127,RECV,7E007D318100083702B3004E383033332D4948475019
06-05-2025 16:34:46.921,128,RECV,7E007D31810005370262004E353033332D473150319F
06-05-2025 16:34:46.921,129,RECV,7E007D3181000630026D004E363033332D43434F5964
06-05-2025 16:34:46.921,130,RECV,7E007D31810007400256004E373033332D5A31365086
06-05-2025 16:34:46.921,131,RECV,7E007D318100083702B4004E383033342D3653574C7D33
06-05-2025 16:34:46.970,132,RECV,7E007D31810005370263004E353033342D4845463291
06-05-2025 16:34:46.985,133,RECV,7E007D3181000630026E004E363033342D365547427C
06-05-2025 16:34:46.992,134,RECV,7E007D31810007400257004E373033342D4B4A455368
06-05-2025 16:34:46.992,135,RECV,7E007D318100083702B5004E383033352D4633324F43
06-05-2025 16:34:47.020,136,RECV,7E007D31810005360264004E353033352D4E38523588
06-05-2025 16:34:47.020,137,RECV,7E007D318100062F026F004E363033352D324B514978
06-05-2025 16:34:47.071,138,RECV,7E007D31810007400258004E373033352D453741597D5D
06-05-2025 16:34:47.075,139,RECV,7E007D318100083602B6004E383033362D5654513908
06-05-2025 16:34:47.075,140,RECV,7E007D31810005350265004E353033362D504442308E
06-05-2025 16:34:47.120,141,RECV,7E007D318100062F0270004E363033362D4234415680
06-05-2025 16:34:47.142,142,RECV,7E007D318100073F0259004E373033362D5236514178
06-05-2025 16:34:47.153,143,RECV,7E007D318100083602B7004E383033372D435443332D
06-05-2025 16:34:47.153,144,RECV,7E007D31810005340266004E353033372D5232475276
06-05-2025 16:34:47.170,145,RECV,7E007D318100062E0271004E363033372D4F38325281
06-05-2025 16:34:47.171,146,RECV,7E007D318100073E025A004E373033372D4E55364F69
06-05-2025 16:34:47.171,147,RECV,7E007D318100083502B8004E383033382D51534E49FE
06-05-2025 16:34:47.221,148,RECV,7E007D31810005340267004E353033382D4C334F497A
06-05-2025 16:34:47.225,149,RECV,7E007D318100062E0272004E363033382D5842585246
06-05-2025 16:34:47.225,150,RECV,7E007D318100073E025B004E373033382D5743514262
06-05-2025 16:34:47.226,151,RECV,7E007D318100083502B9004E383033392D4E314B5419
06-05-2025 16:34:47.271,152,RECV,7E007D31810005340268004E353033392D4A554C4A5A
06-05-2025 16:34:47.290,153,RECV,7E007D318100062D0273004E363033392D394753476F
06-05-2025 16:34:47.290,154,RECV,7E007D318100073D025C004E373033392D5543545052
06-05-2025 16:34:47.290,155,RECV,7E007D318100083402BA004E383034302D54344A4B22
06-05-2025 16:34:47.321,156,RECV,7E007D31810005330269004E353034302D5234395484
06-05-2025 16:34:47.321,157,RECV,7E007D318100062D0274004E363034302D4F4E50396A
06-05-2025 16:34:47.371,158,RECV,7E007D318100083402BB004E383034312D4550414E19
06-05-2025 16:34:47.375,159,RECV,7E007D3181000534026A004E353034312D4A56303094
06-05-2025 16:34:47.421,160,RECV,7E007D318100062D0275004E363034312D4947594D58
06-05-2025 16:34:47.440,161,RECV,7E007D318100083402BC004E383034322D4F43485110
06-05-2025 16:34:47.441,162,RECV,7E007D318100073D025E004E373034312D334F355785
06-05-2025 16:34:47.471,163,RECV,7E007D3181000533026B004E353034322D30494D5A73
06-05-2025 16:34:47.471,164,RECV,7E007D318100062D0276004E363034322D4352583966
06-05-2025 16:34:47.471,165,RECV,7E007D318100083402BD004E383034332D5452474A02
06-05-2025 16:34:47.471,166,RECV,7E007D318100073D025F004E373034322D3558464876
06-05-2025 16:34:47.521,167,RECV,7E007D3181000533026C004E353034332D493246369A
06-05-2025 16:34:47.522,168,RECV,7E007D318100062C0277004E363034332D45534D4660
06-05-2025 16:34:47.522,169,RECV,7E007D318100083402BE004E383034342D54345A56FF
06-05-2025 16:34:47.522,170,RECV,7E007D318100073C0260004E373034332D434A47417B
06-05-2025 16:34:47.572,171,RECV,7E007D3181000533026D004E353034342D43453331A3
06-05-2025 16:34:47.599,172,RECV,7E007D318100062C0278004E363034342D4B374D3783
06-05-2025 16:34:47.607,173,RECV,7E007D318100083302BF004E383034352D384E394F28
06-05-2025 16:34:47.621,174,RECV,7E007D318100073D0261004E373034342D5959365A4B
06-05-2025 16:34:47.622,175,RECV,7E007D3181000532026E004E353034352D545337436D
06-05-2025 16:34:47.642,176,RECV,7E007D318100062C0279004E363034352D4839334192
06-05-2025 16:34:47.642,177,RECV,7E007D318100083302C0004E383034362D4753513118
06-05-2025 16:34:47.652,178,RECV,7E007D318100073C0262004E373034352D4C524B5152
06-05-2025 16:34:47.672,179,RECV,7E007D3181000532026F004E353034362D4E56564E44
06-05-2025 16:34:47.722,180,RECV,7E007D318100062C027A004E363034362D4C3832507F
06-05-2025 16:34:47.752,181,RECV,7E007D318100083302C1004E383034372D5646375708
06-05-2025 16:34:47.759,182,RECV,7E007D318100073C0263004E373034362D4C4646486A
06-05-2025 16:34:47.772,183,RECV,7E007D31810005320270004E353034372D484F514161
06-05-2025 16:34:47.772,184,RECV,7E007D318100062C027B004E363034372D4F54424D51
06-05-2025 16:34:47.772,185,RECV,7E007D318100083302C2004E383034382D4541335522
06-05-2025 16:34:47.772,186,RECV,7E007D318100073C0264004E373034372D4E4752455C
06-05-2025 16:34:47.822,187,RECV,7E007D31810005320271004E353034382D5955374261
06-05-2025 16:34:47.825,188,RECV,7E007D318100062B027C004E363034382D444F41416D
06-05-2025 16:34:47.826,189,RECV,7E007D318100083202C3004E383034392D343950343E
06-05-2025 16:34:47.872,190,RECV,7E007D318100073B0265004E373034382D5644353583
06-05-2025 16:34:47.909,191,RECV,7E007D31810005310272004E353034392D3154425A66
06-05-2025 16:34:47.916,192,RECV,7E007D318100062B027D5D004E363034392D453955535A
06-05-2025 16:34:47.916,193,RECV,7E007D318100083202C4004E383035302D59485845F8
06-05-2025 16:34:47.922,194,RECV,7E007D318100073B0266004E373034392D4E385A4D58
06-05-2025 16:34:47.922,195,RECV,7E007D31810005330273004E353035302D534543565B
06-05-2025 16:34:47.973,196,RECV,7E007D318100062D027D5E004E363035302D52535A3452
06-05-2025 16:34:47.973,197,RECV,7E007D318100083302C5004E383035312D4F4D5347FD
06-05-2025 16:34:47.973,198,RECV,7E007D318100073C0267004E373035302D534750554C
06-05-2025 16:34:47.994,199,RECV,7E007D31810005320274004E353035312D4135444C85
06-05-2025 16:34:48.004,200,RECV,7E007D318100062C027F004E363035312D334A463988
06-05-2025 16:34:48.004,201,RECV,7E007D318100083302C6004E383035322D4A474F450C
06-05-2025 16:34:48.025,202,RECV,7E007D318100073F0268004E373035312D4D3148338D
06-05-2025 16:34:48.072,203,RECV,7E007D31810005360275004E353035322D5755424E49
06-05-2025 16:34:48.072,204,RECV,7E007D318100062F0280004E363035322D3731513492
06-05-2025 16:34:48.073,205,RECV,7E007D318100083502C7004E383035332D3945414B23
06-05-2025 16:34:48.083,206,RECV,7E007D31810007400269004E373035322D5734413087
06-05-2025 16:34:48.122,207,RECV,7E007D31810005360276004E353035332D564B554647
06-05-2025 16:34:48.123,208,RECV,7E007D31810006300281004E363035332D5742535A36
06-05-2025 16:34:48.173,209,RECV,7E007D3181000740026A004E373035332D394F37437F
06-05-2025 16:34:48.210,210,RECV,7E007D31810005360277004E353035342D5349434D55
06-05-2025 16:34:48.223,211,RECV,7E007D318100083702C9004E383035352D3153523120
06-05-2025 16:34:48.223,212,RECV,7E007D318100062F0282004E363035342D434C31516A
06-05-2025 16:34:48.223,213,RECV,7E007D3181000740026B004E373035342D364552446E
06-05-2025 16:34:48.273,214,RECV,7E007D31810005360278004E353035352D344931478A
06-05-2025 16:34:48.275,215,RECV,7E007D318100083602CA004E383035362D58565348DD
06-05-2025 16:34:48.275,216,RECV,7E007D318100062F0283004E363035352D4144574C51
06-05-2025 16:34:48.275,217,RECV,7E007D318100073F026C004E373035352D4F4A53583A
06-05-2025 16:34:48.294,218,RECV,7E007D31810005350279004E353035362D38324C4583
06-05-2025 16:34:48.305,219,RECV,7E007D318100083602CB004E383035372D51454B4201
06-05-2025 16:34:48.309,220,RECV,7E007D318100062F0284004E363035362D5746415643
06-05-2025 16:34:48.323,221,RECV,7E007D318100073F026D004E373035362D384A334A7D5D
06-05-2025 16:34:48.373,222,RECV,7E007D3181000535027A004E353035372D5136413282
06-05-2025 16:34:48.379,223,RECV,7E007D318100083502CC004E383035382D4E4D5145F2
06-05-2025 16:34:48.379,224,RECV,7E007D318100062E0285004E363035372D425834495F
06-05-2025 16:34:48.423,225,RECV,7E007D318100073E026E004E373035372D3352435A59
06-05-2025 16:34:48.423,226,RECV,7E007D3181000534027B004E353035382D5A4C55542C
06-05-2025 16:34:48.423,227,RECV,7E007D318100083502CD004E383035392D47594C49EC
06-05-2025 16:34:48.434,228,RECV,7E007D318100062E0286004E363035382D5050315A49
06-05-2025 16:34:48.454,229,RECV,7E007D318100073E026F004E373035382D594F395642
06-05-2025 16:34:48.474,230,RECV,7E007D3181000534027C004E353035392D5754584E28
06-05-2025 16:34:48.523,231,RECV,7E007D318100083502CE004E383036302D43445355F9
06-05-2025 16:34:48.530,232,RECV,7E007D318100062D0287004E363035392D4E4C564D36
06-05-2025 16:34:48.530,233,RECV,7E007D318100073E0270004E373035392D4948574F40
06-05-2025 16:34:48.573,234,RECV,7E007D3181000534027D5D004E353036302D32323230BA
06-05-2025 16:34:48.573,235,RECV,7E007D318100083402CF004E383036312D3349325920
06-05-2025 16:34:48.574,236,RECV,7E007D318100062D0288004E363036302D5642384862
06-05-2025 16:34:48.574,237,RECV,7E007D318100073D0271004E373036302D3534394499
06-05-2025 16:34:48.624,238,RECV,7E007D3181000533027D5E004E353036312D434A595346
06-05-2025 16:34:48.624,239,RECV,7E007D318100083402D0004E383036322D52454658F0
06-05-2025 16:34:48.624,240,RECV,7E007D318100062D0289004E363036312D4D4454573C
06-05-2025 16:34:48.624,241,RECV,7E007D318100073D0272004E373036312D304D4C496B
06-05-2025 16:34:48.674,242,RECV,7E007D3181000533027F004E353036322D3538504D73
06-05-2025 16:34:48.689,243,RECV,7E007D318100083302D1004E383036332D4C435950EC
06-05-2025 16:34:48.689,244,RECV,7E007D318100062C028A004E363036322D393148576E
06-05-2025 16:34:48.724,245,RECV,7E007D318100073C0273004E373036322D59314E3173
06-05-2025 16:34:48.724,246,RECV,7E007D31810005330280004E353036332D3839554372
06-05-2025 16:34:48.724,247,RECV,7E007D318100083302D2004E383036342D594D524EDC
06-05-2025 16:34:48.744,248,RECV,7E007D318100062C028B004E363036332D47524A4949
06-05-2025 16:34:48.774,249,RECV,7E007D318100073C0274004E373036332D4B3341318A
06-05-2025 16:34:48.776,250,RECV,7E007D31810005320281004E353036342D583145327A
06-05-2025 16:34:48.824,251,RECV,7E007D318100083302D3004E383036352D4C305752FB
06-05-2025 16:34:48.825,252,RECV,7E007D318100062C028C004E363036342D3538325282
06-05-2025 16:34:48.825,253,RECV,7E007D318100073C0275004E373036342D4E30304D7D5D
06-05-2025 16:34:48.874,254,RECV,7E007D31810005320282004E353036352D5832564D4B
06-05-2025 16:34:48.876,255,RECV,7E007D318100083302D4004E383036362D3151313833
06-05-2025 16:34:48.876,256,RECV,7E007D318100062B028D004E363036352D4256524E3A
06-05-2025 16:34:48.885,257,RECV,7E007D318100073B0276004E373036352D5755425039
06-05-2025 16:34:48.924,258,RECV,7E007D318100083202D7004E383036372D353442323E
06-05-2025 16:34:48.925,259,RECV,7E007D318100062A028F004E363036362D304D384576
06-05-2025 16:34:48.974,260,RECV,7E007D318100073B0279004E373036362D42554B3859
06-05-2025 16:34:48.985,261,RECV,7E007D31810005320285004E353036372D534D445639
06-05-2025 16:34:48.991,262,RECV,7E007D318100083302D8004E383036382D4852374EF9
06-05-2025 16:34:49.025,263,RECV,7E007D318100062B0290004E363036372D5258383853
06-05-2025 16:34:49.025,264,RECV,7E007D318100073B027A004E373036372D4C39454B5C
06-05-2025 16:34:49.025,265,RECV,7E007D31810005340286004E353036382D4A36455A50
06-05-2025 16:34:49.026,266,RECV,7E007D318100083702D9004E383036392D304C4C53F7
06-05-2025 16:34:49.075,267,RECV,7E007D318100062A0291004E363036382D5441383669
06-05-2025 16:34:49.075,268,RECV,7E007D3181000741027B004E373036382D4F3941415F
06-05-2025 16:34:49.075,269,RECV,7E007D31810005370287004E353036392D523941544A
06-05-2025 16:34:49.125,270,RECV,7E007D31810006300292004E363036392D3549383579
06-05-2025 16:34:49.125,271,RECV,7E007D3181000740027C004E373036392D51514D5A1F
06-05-2025 16:34:49.175,272,RECV,7E007D31810005360288004E353037302D3249485659
06-05-2025 16:34:49.175,273,RECV,7E007D318100083802DB004E383037312D5136543407
06-05-2025 16:34:49.175,274,RECV,7E007D31810006300293004E363037302D564B424246
06-05-2025 16:34:49.185,275,RECV,7E007D318100073F027D5D004E373037302D44554D4446
06-05-2025 16:34:49.225,276,RECV,7E007D318100062F0294004E363037312D415642355C
06-05-2025 16:34:49.275,277,RECV,7E007D318100073F027D5E004E373037312D4E474F4D3D
06-05-2025 16:34:49.326,278,RECV,7E007D318100062F0295004E363037322D585031325D
06-05-2025 16:34:49.326,279,RECV,7E007D3181000740027F004E373037322D52584D5222
06-05-2025 16:34:49.336,280,RECV,7E007D318100083602DE004E383037342D50415752D8
06-05-2025 16:34:49.339,281,RECV,7E007D3181000535028B004E353037332D4630523273
06-05-2025 16:34:49.376,282,RECV,7E007D318100062E0296004E363037332D50395A3252
06-05-2025 16:34:49.376,283,RECV,7E007D318100073E0280004E373037332D314653544D
06-05-2025 16:34:49.376,284,RECV,7E007D318100083502DF004E383037352D4D4B5830F1
06-05-2025 16:34:49.397,285,RECV,7E007D3181000534028C004E353037342D4D3130546A
06-05-2025 16:34:49.426,286,RECV,7E007D318100062E0297004E363037342D38454D4754
06-05-2025 16:34:49.440,287,RECV,7E007D318100073E0281004E373037342D5755335238
06-05-2025 16:34:49.476,288,RECV,7E007D318100083502E0004E383037362D44534F59D0
06-05-2025 16:34:49.476,289,RECV,7E007D3181000534028D004E353037352D5133593459
06-05-2025 16:34:49.476,290,RECV,7E007D318100062D0298004E363037352D4D3754523A
06-05-2025 16:34:49.526,291,RECV,7E007D318100073D0282004E373037352D4356485136
06-05-2025 16:34:49.526,292,RECV,7E007D318100083402E1004E383037372D3236365020
06-05-2025 16:34:49.527,293,RECV,7E007D3181000534028E004E353037362D4A46564D35
06-05-2025 16:34:49.537,294,RECV,7E007D318100062D0299004E363037362D4D4848364F
06-05-2025 16:34:49.558,295,RECV,7E007D318100073D0283004E373037362D4F3255335D
06-05-2025 16:34:49.586,296,RECV,7E007D318100083402E2004E383037382D534634300F
06-05-2025 16:34:49.586,297,RECV,7E007D3181000533028F004E353037372D414C423761
06-05-2025 16:34:49.627,298,RECV,7E007D318100062D029A004E363037372D5146364350
06-05-2025 16:34:49.627,299,RECV,7E007D318100073D0284004E373037372D3449545241
06-05-2025 16:34:49.637,300,RECV,7E007D318100083302E3004E383037392D4E524D45D9
06-05-2025 16:34:49.642,301,RECV,7E007D31810005330290004E353037382D5A574C3335
06-05-2025 16:34:49.677,302,RECV,7E007D318100062C029B004E363037382D52384F4541
06-05-2025 16:34:49.677,303,RECV,7E007D318100073D0285004E373037382D4C31523162
06-05-2025 16:34:49.727,304,RECV,7E007D318100083302E4004E383038302D384F334612
06-05-2025 16:34:49.742,305,RECV,7E007D31810005330291004E353037392D4C56373456
06-05-2025 16:34:49.742,306,RECV,7E007D318100062C029C004E363037392D425A31365A
06-05-2025 16:34:49.742,307,RECV,7E007D318100073C0286004E373037392D5034303578
06-05-2025 16:34:49.777,308,RECV,7E007D318100083302E5004E383038312D4547434CF5
06-05-2025 16:34:49.777,309,RECV,7E007D31810005320292004E353038302D3144415263
06-05-2025 16:34:49.777,310,RECV,7E007D318100062C029D004E363038302D4C44553847
06-05-2025 16:34:49.827,311,RECV,7E007D318100073B0287004E373038302D375739366C
06-05-2025 16:34:49.827,312,RECV,7E007D318100083202E6004E383038322D50554D46D7
06-05-2025 16:34:49.827,313,RECV,7E007D31810005320293004E353038312D3136564A62
06-05-2025 16:34:49.877,314,RECV,7E007D318100062B029E004E363038312D4D42454E41
06-05-2025 16:34:49.897,315,RECV,7E007D318100073B0288004E373038312D5450553935
06-05-2025 16:34:49.904,316,RECV,7E007D318100083202E7004E383038332D574F4453D0
06-05-2025 16:34:49.904,317,RECV,7E007D31810005320294004E353038322D5550515918
06-05-2025 16:34:49.927,318,RECV,7E007D318100062B029F004E363038322D4154364E48
06-05-2025 16:34:49.927,319,RECV,7E007D318100073B0289004E373038322D4B4C443852
06-05-2025 16:34:49.927,320,RECV,7E007D318100083302E8004E383038342D3455594FD9
06-05-2025 16:34:49.977,321,RECV,7E007D31810005320295004E353038332D583943553C
06-05-2025 16:34:49.978,322,RECV,7E007D318100062B02A0004E363038332D4A5838493C
06-05-2025 16:34:49.978,323,RECV,7E007D318100073C028A004E373038332D383236536F
06-05-2025 16:34:50.028,324,RECV,7E007D318100083302E9004E383038352D43425952D8
06-05-2025 16:34:50.052,325,RECV,7E007D31810005350296004E353038342D5438384A52
06-05-2025 16:34:50.059,326,RECV,7E007D318100063102A1004E363038342D3653394B4A
06-05-2025 16:34:50.077,327,RECV,7E007D3181000742028B004E373038342D4E31555333
06-05-2025 16:34:50.077,328,RECV,7E007D318100083902EA004E383038362D41515653C5
06-05-2025 16:34:50.078,329,RECV,7E007D31810005370297004E353038352D4447454943
06-05-2025 16:34:50.128,330,RECV,7E007D318100063102A2004E363038352D485237463E
06-05-2025 16:34:50.128,331,RECV,7E007D3181000740028C004E373038352D414E4D304E
06-05-2025 16:34:50.128,332,RECV,7E007D318100083702EB004E383038372D4C485A4EC4
06-05-2025 16:34:50.129,333,RECV,7E007D31810005370298004E353038362D364B455341
06-05-2025 16:34:50.178,334,RECV,7E007D318100062F02A3004E363038362D424D384E40
06-05-2025 16:34:50.200,335,RECV,7E007D3181000740028D004E373038362D48374D315B
06-05-2025 16:34:50.200,336,RECV,7E007D318100083702EC004E383038382D38465454D8
06-05-2025 16:34:50.200,337,RECV,7E007D31810005350299004E353038372D334B38465E
06-05-2025 16:34:50.228,338,RECV,7E007D318100062F02A4004E363038372D345A5A5417
06-05-2025 16:34:50.228,339,RECV,7E007D3181000740028E004E373038372D35354F4756
06-05-2025 16:34:50.228,340,RECV,7E007D318100083702ED004E383038392D44515343D1
06-05-2025 16:34:50.278,341,RECV,7E007D3181000535029A004E353038382D454E43473B
06-05-2025 16:34:50.279,342,RECV,7E007D318100062F02A5004E363038382D56555A3715
06-05-2025 16:34:50.289,343,RECV,7E007D318100073F028F004E373038382D4C5252471E
06-05-2025 16:34:50.291,344,RECV,7E007D318100083502EE004E383039302D35574D4FDD
06-05-2025 16:34:50.328,345,RECV,7E007D3181000535029B004E353038392D5631334B51
06-05-2025 16:34:50.355,346,RECV,7E007D318100062E02A6004E363038392D4E314F3052
06-05-2025 16:34:50.378,347,RECV,7E007D318100073E0290004E373038392D344D50582B
06-05-2025 16:34:50.378,348,RECV,7E007D318100083502EF004E383039312D32484B48F6
06-05-2025 16:34:50.378,349,RECV,7E007D3181000535029C004E353039302D4E4D314E43
06-05-2025 16:34:50.429,350,RECV,7E007D318100062E02A7004E363039302D44464E5728
06-05-2025 16:34:50.429,351,RECV,7E007D318100073E0291004E373039302D433557503C
06-05-2025 16:34:50.429,352,RECV,7E007D318100083502F0004E383039322D5734313015
06-05-2025 16:34:50.439,353,RECV,7E007D3181000534029D004E353039312D464D36385B
06-05-2025 16:34:50.479,354,RECV,7E007D318100062D02A8004E363039312D33564C344D
06-05-2025 16:34:50.509,355,RECV,7E007D318100073E0292004E373039312D314243346F
06-05-2025 16:34:50.515,356,RECV,7E007D318100083402F1004E383039332D38415441F2
06-05-2025 16:34:50.515,357,RECV,7E007D3181000534029E004E353039322D3741585337
06-05-2025 16:34:50.529,358,RECV,7E007D318100062D02A9004E363039322D5933464A38
06-05-2025 16:34:50.529,359,RECV,7E007D318100073D0293004E373039322D31574A3650
06-05-2025 16:34:50.529,360,RECV,7E007D318100083402F2004E383039342D59414F41D4
06-05-2025 16:34:50.579,361,RECV,7E007D3181000533029F004E353039332D4A4B4E4630
06-05-2025 16:34:50.579,362,RECV,7E007D318100062D02AA004E363039332D32434F4F3F
06-05-2025 16:34:50.629,363,RECV,7E007D318100073D0294004E373039332D4245513549
06-05-2025 16:34:50.657,364,RECV,7E007D318100083402F3004E383039352D50485147CC
06-05-2025 16:34:50.657,365,RECV,7E007D318100053402A0004E353039342D484E5A3531
06-05-2025 16:34:50.657,366,RECV,7E007D318100062C02AB004E363039342D53314F512D
06-05-2025 16:34:50.660,367,RECV,7E007D318100083402F4004E383039362D53323251F2
06-05-2025 16:34:50.679,368,RECV,7E007D318100053302A1004E353039352D35424E444C
06-05-2025 16:34:50.729,369,RECV,7E007D318100062C02AC004E363039352D4A4B594D14
06-05-2025 16:34:50.730,370,RECV,7E007D318100083302F5004E383039372D3446473107
06-05-2025 16:34:50.730,371,RECV,7E007D318100073C0296004E373039352D3559554828
06-05-2025 16:34:50.779,372,RECV,7E007D318100053202A2004E353039362D53484E4625
06-05-2025 16:34:50.815,373,RECV,7E007D318100062C02AD004E363039362D583055551B
06-05-2025 16:34:50.819,374,RECV,7E007D318100083202F6004E383039382D5739414FD8
06-05-2025 16:34:50.819,375,RECV,7E007D318100073B0297004E373039362D31374C3965
06-05-2025 16:34:50.829,376,RECV,7E007D318100053202A3004E353039372D4753384838
06-05-2025 16:34:50.829,377,RECV,7E007D318100062B02AE004E363039372D4551445022
06-05-2025 16:34:50.879,378,RECV,7E007D318100083202F7004E383039392D4148353800
06-05-2025 16:34:50.880,379,RECV,7E007D318100073B0298004E373039372D464134385D
06-05-2025 16:34:50.880,380,RECV,7E007D318100053102A4004E353039382D5659554706
06-05-2025 16:34:50.880,381,RECV,7E007D318100062B02AF004E363039382D594736581C
06-05-2025 16:34:50.930,382,RECV,7E007D318100073D0299004E373039382D56334E462F
06-05-2025 16:34:50.970,383,RECV,7E007D318100053402A5004E353039392D5656475009
06-05-2025 16:34:50.980,384,RECV,7E007D318100063102B0004E363039392D4644423640
06-05-2025 16:34:50.980,385,RECV,7E007D3181000741029A004E373039392D354C33385A
