05-05-2025 11:22:33.516,-,API2,"Sink 1,0013A20041839DB1,802.15.4 TH,2003,/dev/ttyUSB2 - 57600/8/M/1/N,1,46"

05-05-2025 11:21:59.373,0,RECV,7E000F81000010024E323030302D4539364E2D
05-05-2025 11:21:59.375,1,RECV,7E000F81000043024E353030312D36575449CE
05-05-2025 11:21:59.376,2,RECV,7E007D3181F9DF16020C004E313030312D585A4854F7
05-05-2025 11:21:59.376,3,RECV,7E000F81000010024E323030312D46354D382E
05-05-2025 11:21:59.376,4,RECV,7E000F81000010024E323030322D4F574459EA
05-05-2025 11:21:59.394,5,RECV,7E007D3381000043000BFFFFFFFFFFFFFFFF00000053489D
05-05-2025 11:21:59.426,6,RECV,7E007D3181F9DF16020F004E313030342D374331385C
05-05-2025 11:21:59.426,7,RECV,7E000F81000039024E363030322D49454938F1
05-05-2025 11:21:59.426,8,RECV,7E000F81000039024E363030332D4B573745E1
05-05-2025 11:21:59.443,9,RECV,7E000F81000046024E353030322D53585056A3
05-05-2025 11:21:59.473,10,RECV,7E007D3181F9DF160210004E313030352D325239344C
05-05-2025 11:21:59.473,11,RECV,7E007D3181F9DF16027D31004E313030362D524D474C09
05-05-2025 11:21:59.473,12,RECV,7E000F81000010024E323030332D4C45394B17
05-05-2025 11:21:59.473,13,RECV,7E000F81000039024E363030342D43384D50E6
05-05-2025 11:21:59.473,14,RECV,7E000F81000039024E363030352D58534E30D4
05-05-2025 11:21:59.494,15,RECV,7E007D3181F9DF160212004E313030372D354C4A303E
05-05-2025 11:21:59.494,16,RECV,7E000F81000010024E323030342D5138495207
05-05-2025 11:21:59.494,17,RECV,7E000F81000010024E323030352D483839343D
05-05-2025 11:21:59.494,18,RECV,7E007D3181F9DF16027D33004E313030382D4D4E474E07
05-05-2025 11:21:59.494,19,RECV,7E000F81000039024E363030372D394E3751EC
05-05-2025 11:21:59.516,20,RECV,7E000F81000010024E323030362D483745392C
05-05-2025 11:21:59.517,21,RECV,7E000F81000039024E363030382D5450494AC3
05-05-2025 11:21:59.525,22,RECV,7E000F81000010024E323030372D51564E4EE5
05-05-2025 11:21:59.525,23,RECV,7E000F81000046024E353030342D3832354D06
05-05-2025 11:21:59.558,24,RECV,7E000F81000046024E353030352D4F473651D4
05-05-2025 11:21:59.592,25,RECV,7E000F81000039024E363030392D355A4755CE
05-05-2025 11:21:59.610,26,RECV,7E007D3181F9DF160214004E313030392D3833543145
05-05-2025 11:21:59.610,27,RECV,7E007D3181F9DF160215004E313031302D584632521A
05-05-2025 11:21:59.610,28,RECV,7E000F81000010024E323030382D314252431F
05-05-2025 11:21:59.623,29,RECV,7E000F81000010024E323030392D52395949F9
05-05-2025 11:21:59.623,30,RECV,7E007D3181F9DF160216004E313031312D43545455FA
05-05-2025 11:21:59.623,31,RECV,7E000F81000010024E323031302D4A31583229
05-05-2025 11:21:59.623,32,RECV,7E000F81000039024E363031302D45444E52D8
05-05-2025 11:21:59.623,33,RECV,7E000F81000010024E323031312D36545659F4
05-05-2025 11:21:59.623,34,RECV,7E000F81000046024E353030372D52523351C7
05-05-2025 11:21:59.624,35,RECV,7E000F81000010024E323031322D4D544D49F5
05-05-2025 11:21:59.624,36,RECV,7E000F81000039024E363031322D3031573512
05-05-2025 11:21:59.624,37,RECV,7E000F81000046024E353030382D3231444FF8
05-05-2025 11:21:59.624,38,RECV,7E000F8100003A024E363031332D41304654F2
05-05-2025 11:21:59.624,39,RECV,7E007D3181F9DF160217004E313031322D4C434F4119
05-05-2025 11:21:59.673,40,RECV,7E000F81000039024E363031342D474E3048F0
05-05-2025 11:21:59.673,41,RECV,7E007D3181F9DF160218004E313031332D574E363526
05-05-2025 11:21:59.673,42,RECV,7E000F81000039024E363031352D36485836F0
05-05-2025 11:21:59.673,43,RECV,7E007D3181F9DF160219004E313031342D5539393934
05-05-2025 11:21:59.674,44,RECV,7E000F81000039024E363031362D38575033E9
05-05-2025 11:21:59.674,45,RECV,7E007D3181F9DF16021A004E313031352D435653370F
05-05-2025 11:21:59.674,46,RECV,7E007D3181F9DF17021B004E313031362D473432384A
05-05-2025 11:21:59.674,47,RECV,7E000F81000045024E353031312D434D4C41D8
05-05-2025 11:21:59.684,48,RECV,7E007D3181F9DF16021C004E313031372D4A41564C01
05-05-2025 11:21:59.686,49,RECV,7E007D3181F9DF16021D004E313031382D334555520D
05-05-2025 11:21:59.723,50,RECV,7E000F81000010024E323031332D5855363810
05-05-2025 11:21:59.742,51,RECV,7E000F81000010024E323031342D4F454D4306
05-05-2025 11:21:59.742,52,RECV,7E000F81000044024E353031322D534F535AA6
05-05-2025 11:21:59.743,53,RECV,7E000F81000045024E353031332D454F5139D5
05-05-2025 11:21:59.743,54,RECV,7E000F81000010024E323031352D4639503822
05-05-2025 11:21:59.744,55,RECV,7E000F81000039024E363032302D315A5756C8
05-05-2025 11:21:59.772,56,RECV,7E000F81000010024E323031362D3638535710
05-05-2025 11:21:59.772,57,RECV,7E007D3181F9DF16021E004E313031392D3834535714
05-05-2025 11:21:59.772,58,RECV,7E000F81000045024E353031342D39464A58D1
05-05-2025 11:21:59.772,59,RECV,7E000F81000045024E353031352D334F4358D4
05-05-2025 11:21:59.793,60,RECV,7E000F81000010024E323031372D5446464205
05-05-2025 11:21:59.794,61,RECV,7E007D3181F9DF16021F004E313032302D4C4749361F
05-05-2025 11:21:59.844,62,RECV,7E007D3181F9DF160220004E313032312D52584848F5
05-05-2025 11:21:59.881,63,RECV,7E007D3181F9DF170221004E313032322D484B4B55F9
05-05-2025 11:21:59.881,64,RECV,7E000F81000044024E353031362D47395135EB
05-05-2025 11:21:59.881,65,RECV,7E007D3181F9DF160222004E313032332D4F30494122
05-05-2025 11:21:59.881,66,RECV,7E007D3181F9DF160223004E313032342D4A584854EB
05-05-2025 11:21:59.881,67,RECV,7E000F81000010024E323031382D4E5134381B
05-05-2025 11:21:59.881,68,RECV,7E007D3181F9DF160224004E313032352D5448484EF5
05-05-2025 11:21:59.881,69,RECV,7E000F81000039024E363032322D5A364542E7
05-05-2025 11:21:59.881,70,RECV,7E000F81000010024E323031392D345A4652FF
05-05-2025 11:21:59.881,71,RECV,7E000F81000045024E353031372D35535541D1
05-05-2025 11:21:59.881,72,RECV,7E000F81000010024E323032302D4C39315225
05-05-2025 11:21:59.924,73,RECV,7E000F81000045024E353032302D4737463100
05-05-2025 11:21:59.924,74,RECV,7E007D3181F9DF170225004E313032362D5432314429
05-05-2025 11:21:59.924,75,RECV,7E000F81000010024E323032312D54544559E6
05-05-2025 11:21:59.924,76,RECV,7E000F81000045024E353032312D31465A31F2
05-05-2025 11:21:59.924,77,RECV,7E007D3181F9DF160226004E313032372D4C4A3955FF
05-05-2025 11:21:59.924,78,RECV,7E000F81000010024E323032322D4645474F0A
05-05-2025 11:21:59.974,79,RECV,7E007D3181F9DF160227004E313032382D4C5A5337F1
05-05-2025 11:21:59.974,80,RECV,7E000F81000039024E363032342D394B4452E2
05-05-2025 11:21:59.975,81,RECV,7E000F81000010024E323032332D4857334216
05-05-2025 11:21:59.975,82,RECV,7E000F81000010024E323032342D5336484D0B
05-05-2025 11:21:59.976,83,RECV,7E000F81000010024E323032352D4245544A03
05-05-2025 11:21:59.985,84,RECV,7E000F81000046024E353032322D47455730DF
05-05-2025 11:21:59.986,85,RECV,7E000F81000010024E323032362D564A44307D33
05-05-2025 11:22:00.024,86,RECV,7E007D3181F9DF160228004E313032392D4B5A334304
05-05-2025 11:22:00.092,87,RECV,7E000F81000010024E323032372D4936504B0C
05-05-2025 11:22:00.104,88,RECV,7E000F81000010024E323032382D4236493232
05-05-2025 11:22:00.104,89,RECV,7E000F81000039024E363032362D45415558C7
05-05-2025 11:22:00.104,90,RECV,7E007D3181F9DF16022A004E313033312D5638395409
05-05-2025 11:22:00.105,91,RECV,7E000F81000046024E353032332D35543447ED
05-05-2025 11:22:00.105,92,RECV,7E000F81000045024E353032342D43304C57DB
05-05-2025 11:22:00.105,93,RECV,7E000F81000039024E363032382D55493448DE
05-05-2025 11:22:00.105,94,RECV,7E000F81000010024E323032392D4259364F04
05-05-2025 11:22:00.105,95,RECV,7E000F81000010024E323033302D3042344442
05-05-2025 11:22:00.105,96,RECV,7E007D3181F9DF16022B004E313033322D5345523503
05-05-2025 11:22:00.105,97,RECV,7E007D3181F9DF16022C004E313033332D384530591A
05-05-2025 11:22:00.105,98,RECV,7E000F81000046024E353032352D4F345A45CD
05-05-2025 11:22:00.105,99,RECV,7E000F81000045024E353032362D535A4F589B
05-05-2025 11:22:00.144,100,RECV,7E000F81000010024E323033312D554D493010
05-05-2025 11:22:00.147,101,RECV,7E000F81000010024E323033322D483839531E
05-05-2025 11:22:00.175,102,RECV,7E000F81000046024E353032382D31584643DA
05-05-2025 11:22:00.264,103,RECV,7E000F81000010024E323033332D394547550F
05-05-2025 11:22:00.305,104,RECV,7E000F81000046024E353032392D344C3649EC
05-05-2025 11:22:00.305,105,RECV,7E007D3181F9DF16022D004E313033342D4A49415AF0
05-05-2025 11:22:00.305,106,RECV,7E007D3181F9DF16022E004E313033352D4B424153FB
05-05-2025 11:22:00.305,107,RECV,7E000F81000010024E323033342D554F34351B
05-05-2025 11:22:00.305,108,RECV,7E000F81000010024E323033352D504C414A00
05-05-2025 11:22:00.305,109,RECV,7E000F81000010024E323033362D3650434518
05-05-2025 11:22:00.306,110,RECV,7E000F81000045024E353033312D574F3336E4
05-05-2025 11:22:00.306,111,RECV,7E000F81000045024E353033322D4E485859AB
05-05-2025 11:22:00.306,112,RECV,7E000F81000039024E363032392D53355937DF
05-05-2025 11:22:00.306,113,RECV,7E000F81000010024E323033372D4D4752340B
05-05-2025 11:22:00.306,114,RECV,7E000F81000039024E363033302D49553638F3
05-05-2025 11:22:00.306,115,RECV,7E000F81000010024E323033382D4E385350FB
05-05-2025 11:22:00.306,116,RECV,7E000F81000039024E363033312D444B5257C6
05-05-2025 11:22:00.325,117,RECV,7E000F81000010024E323033392D49574541FD
05-05-2025 11:22:00.374,118,RECV,7E000F81000010024E323034302D57514547F7
05-05-2025 11:22:00.374,119,RECV,7E000F81000010024E323034312D4956553402
05-05-2025 11:22:00.376,120,RECV,7E000F81000010024E323034322D344830304D
05-05-2025 11:22:00.376,121,RECV,7E000F81000039024E363033322D504D494BCC
05-05-2025 11:22:00.376,122,RECV,7E000F81000045024E353033362D474C424ECB
05-05-2025 11:22:00.376,123,RECV,7E000F81000010024E323034332D554A5854DD
05-05-2025 11:22:00.376,124,RECV,7E000F81000039024E363033332D51464F4ACC
05-05-2025 11:22:00.376,125,RECV,7E007D3181F9DF160231004E313033382D4C385658E4
05-05-2025 11:22:00.376,126,RECV,7E000F81000045024E353033372D48473534F5
05-05-2025 11:22:00.376,127,RECV,7E000F81000045024E353033382D424C5A34D0
05-05-2025 11:22:00.376,128,RECV,7E000F81000039024E363033342D56533634E8
05-05-2025 11:22:00.376,129,RECV,7E000F81000039024E363033352D57364E57C8
05-05-2025 11:22:00.376,130,RECV,7E000F81000010024E323034342D52364B5004
05-05-2025 11:22:00.376,131,RECV,7E000F81000010024E323034352D44584A42FE
05-05-2025 11:22:00.377,132,RECV,7E007D3181F9DF160232004E313033392D4136344425
05-05-2025 11:22:00.377,133,RECV,7E007D3181F9DF160233004E313034302D55394756F0
05-05-2025 11:22:00.377,134,RECV,7E000F81000039024E363033362D48374246F2
05-05-2025 11:22:00.377,135,RECV,7E007D3181F9DF160234004E313034312D54554B36EF
05-05-2025 11:22:00.377,136,RECV,7E000F81000039024E363033372D4E455235DE
05-05-2025 11:22:00.377,137,RECV,7E000F81000045024E353034302D35474D32F8
05-05-2025 11:22:00.377,138,RECV,7E000F81000010024E323034362D3237413645
05-05-2025 11:22:00.377,139,RECV,7E007D3181F9DF160235004E313034322D4258433802
05-05-2025 11:22:00.421,140,RECV,7E000F81000039024E363033382D4C384D47DF
05-05-2025 11:22:00.491,141,RECV,7E000F81000039024E363033392D52553345D7
05-05-2025 11:22:00.547,142,RECV,7E000F81000039024E363034302D314E344407
05-05-2025 11:22:00.547,143,RECV,7E007D3181F9DF160236004E313034332D554A5450D2
05-05-2025 11:22:00.547,144,RECV,7E000F81000010024E323034372D3139464B29
05-05-2025 11:22:00.548,145,RECV,7E007D3181F9DF160237004E313034342D3435413732
05-05-2025 11:22:00.548,146,RECV,7E000F81000010024E323034382D55534751E3
05-05-2025 11:22:00.548,147,RECV,7E007D3181F9DF160238004E313034352D50554B52CF
05-05-2025 11:22:00.548,148,RECV,7E000F81000046024E353034322D343346360D
05-05-2025 11:22:00.548,149,RECV,7E000F8100003A024E363034322D4446585ABF
05-05-2025 11:22:00.548,150,RECV,7E007D3181F9DF160239004E313034362D5A594734E1
05-05-2025 11:22:00.548,151,RECV,7E000F81000046024E353034332D35305A4FE1
05-05-2025 11:22:00.548,152,RECV,7E000F81000039024E363034332D5A535238C4
05-05-2025 11:22:00.548,153,RECV,7E000F81000039024E363034342D43334856E6
05-05-2025 11:22:00.548,154,RECV,7E007D3181F9DF16023A004E313034372D56494A43E1
05-05-2025 11:22:00.548,155,RECV,7E000F81000010024E323034392D57465534FC
05-05-2025 11:22:00.548,156,RECV,7E000F81000046024E353034342D55443849D4
05-05-2025 11:22:00.548,157,RECV,7E000F81000010024E323035302D573330541C
05-05-2025 11:22:00.548,158,RECV,7E007D3181F9DF16023B004E313034382D37535854D5
05-05-2025 11:22:00.548,159,RECV,7E000F81000010024E323035312D423047363A
05-05-2025 11:22:00.548,160,RECV,7E000F81000039024E363034362D484C5646C8
05-05-2025 11:22:00.548,161,RECV,7E007D3181F9DF16023C004E313034392D4C424748EC
05-05-2025 11:22:00.548,162,RECV,7E000F81000010024E323035322D433838472E
05-05-2025 11:22:00.548,163,RECV,7E000F81000045024E353034362D4A475049C3
05-05-2025 11:22:00.548,164,RECV,7E000F81000045024E353034382D4A544247C4
05-05-2025 11:22:00.548,165,RECV,7E000F81000046024E353034392D4537373501
05-05-2025 11:22:00.548,166,RECV,7E000F81000045024E353035302D5A304538EB
05-05-2025 11:22:00.548,167,RECV,7E000F81000010024E323035332D4C4944420C
05-05-2025 11:22:00.548,168,RECV,7E000F81000039024E363034382D46565637CD
05-05-2025 11:22:00.548,169,RECV,7E000F81000010024E323035342D41495853F1
05-05-2025 11:22:00.577,170,RECV,7E000F81000010024E323035352D33594A4906
05-05-2025 11:22:00.585,171,RECV,7E000F81000010024E323035362D56554451E4
05-05-2025 11:22:00.585,172,RECV,7E007D3181F9DF16023D004E313035302D4B38433416
05-05-2025 11:22:00.598,173,RECV,7E000F81000039024E363035322D49354C50E1
05-05-2025 11:22:00.614,174,RECV,7E000F81000046024E353035312D52503149D4
05-05-2025 11:22:00.614,175,RECV,7E000F81000010024E323035372D324141313E
05-05-2025 11:22:00.649,176,RECV,7E000F81000010024E323035382D4A424859F5
05-05-2025 11:22:00.826,177,RECV,7E000F81000039024E363035332D575A4C51AC
05-05-2025 11:22:00.835,178,RECV,7E007D3181F9DF16023E004E313035312D58365642E8
05-05-2025 11:22:00.836,179,RECV,7E000F81000039024E363035342D35305959E2
05-05-2025 11:22:00.836,180,RECV,7E000F81000010024E323035392D3531444136
05-05-2025 11:22:00.836,181,RECV,7E007D3181F9DF16023F004E313035322D50424D4AE3
05-05-2025 11:22:00.836,182,RECV,7E007D3181F9DF170240004E313035332D3938504FF9
05-05-2025 11:22:00.836,183,RECV,7E007D3181F9DF160241004E313035342D444B5933ED
05-05-2025 11:22:00.836,184,RECV,7E007D3181F9DF160242004E313035352D3157314B02
05-05-2025 11:22:00.836,185,RECV,7E000F81000046024E353035342D3936423507
05-05-2025 11:22:00.836,186,RECV,7E000F8100003A024E363035352D3157344FEC
05-05-2025 11:22:00.836,187,RECV,7E000F81000045024E353035362D4A394434F1
05-05-2025 11:22:00.836,188,RECV,7E000F8100003A024E363035362D46454534F2
05-05-2025 11:22:00.836,189,RECV,7E000F81000010024E323036302D515832331B
05-05-2025 11:22:00.836,190,RECV,7E000F81000010024E323036312D3954544205
05-05-2025 11:22:00.836,191,RECV,7E000F81000010024E323036322D3041324B39
05-05-2025 11:22:00.836,192,RECV,7E000F81000039024E363035372D58575648A9
05-05-2025 11:22:00.836,193,RECV,7E000F81000039024E363035382D58384149DB
05-05-2025 11:22:00.836,194,RECV,7E000F81000039024E363035392D5A515942AE
05-05-2025 11:22:00.836,195,RECV,7E000F81000039024E363036302D3149444EF0
05-05-2025 11:22:00.836,196,RECV,7E000F81000010024E323036332D444747470D
05-05-2025 11:22:00.836,197,RECV,7E007D3181F9DF160245004E313035382D54583655C9
05-05-2025 11:22:00.836,198,RECV,7E000F8100007D31024E323036342D544F584CDD
05-05-2025 11:22:00.838,199,RECV,7E000F81000039024E363036322D454E4B49D3
05-05-2025 11:22:00.838,200,RECV,7E007D3181F9DF160246004E313035392D42593256DB
05-05-2025 11:22:00.838,201,RECV,7E000F81000045024E353036302D4A47374ADF
05-05-2025 11:22:00.838,202,RECV,7E000F8100003A024E363036332D50454D4FC7
05-05-2025 11:22:00.838,203,RECV,7E000F81000046024E353036312D4F413449E2
05-05-2025 11:22:00.838,204,RECV,7E000F8100003A024E363036342D59373241F4
05-05-2025 11:22:00.838,205,RECV,7E000F81000045024E353036322D42413538FF
05-05-2025 11:22:00.838,206,RECV,7E000F81000010024E323036352D48544D3407
05-05-2025 11:22:00.838,207,RECV,7E000F81000045024E353036332D55363952D8
05-05-2025 11:22:00.869,208,RECV,7E000F8100003A024E363036352D5A325152C7
05-05-2025 11:22:00.875,209,RECV,7E000F8100003A024E363036362D4B4C4644D4
05-05-2025 11:22:00.875,210,RECV,7E000F8100003A024E363036372D53555433C5
05-05-2025 11:22:00.875,211,RECV,7E007D3181F9DF160247004E313036302D434C4E45E3
05-05-2025 11:22:00.950,212,RECV,7E007D3181F9DF160248004E313036312D37544347EE
05-05-2025 11:22:00.950,213,RECV,7E007D3181F9DF160249004E313036322D4A34474AF2
05-05-2025 11:22:00.951,214,RECV,7E000F81000039024E363036382D57375752BD
05-05-2025 11:22:00.951,215,RECV,7E007D3181F9DF16024A004E313036332D344F5051DB
05-05-2025 11:22:00.951,216,RECV,7E000F81000039024E363036392D4F525030D2
05-05-2025 11:22:00.951,217,RECV,7E007D3181F9DF16024B004E313036342D36365758E2
05-05-2025 11:22:00.951,218,RECV,7E007D3181F9DF16024C004E313036352D56483130FC
05-05-2025 11:22:00.951,219,RECV,7E007D3181F9DF16024D004E313036362D5536554FCA
05-05-2025 11:22:00.951,220,RECV,7E000F81000039024E363037302D514B5143CB
05-05-2025 11:22:00.951,221,RECV,7E000F81000045024E353036342D32413645FF
05-05-2025 11:22:00.951,222,RECV,7E000F81000010024E323036362D4B39335715
05-05-2025 11:22:00.951,223,RECV,7E000F81000038024E363037312D4E42474ED6
05-05-2025 11:22:00.951,224,RECV,7E007D3181F9DF16024E004E313036372D4741414AE4
05-05-2025 11:22:00.951,225,RECV,7E000F81000038024E363037322D49533250DC
05-05-2025 11:22:00.951,226,RECV,7E000F81000010024E323036372D334C394525
05-05-2025 11:22:00.951,227,RECV,7E000F81000010024E323036382D544F4743F4
05-05-2025 11:22:00.951,228,RECV,7E000F81000010024E323036392D514C594CDE
05-05-2025 11:22:00.962,229,RECV,7E000F81000010024E323037302D3738364B38
05-05-2025 11:22:00.963,230,RECV,7E000F81000046024E353036372D4154324FD3
05-05-2025 11:22:00.963,231,RECV,7E000F81000035024E363037362D4B414B53CF
05-05-2025 11:22:00.963,232,RECV,7E000F81000010024E323037312D48485255F0
05-05-2025 11:22:00.963,233,RECV,7E007D3181F9DF160251004E313037302D4B43353601
05-05-2025 11:22:00.963,234,RECV,7E007D3181F9DF160252004E313037312D44514B58C0
05-05-2025 11:22:00.979,235,RECV,7E000F81000037024E363037382D54425254B9
05-05-2025 11:22:01.018,236,RECV,7E007D3181F9DF160253004E313037322D4C554151C3
05-05-2025 11:22:01.089,237,RECV,7E007D3181F9DF160254004E313037332D53574F52A9
05-05-2025 11:22:01.089,238,RECV,7E000F81000039024E363037392D424D3147EB
05-05-2025 11:22:01.089,239,RECV,7E000F81000037024E363038302D374E4535FD
05-05-2025 11:22:01.089,240,RECV,7E007D3181F9DF160255004E313037342D44365651D1
05-05-2025 11:22:01.090,241,RECV,7E000F81000037024E363038312D48595152B7
05-05-2025 11:22:01.090,242,RECV,7E000F81000045024E353037302D444E5453B7
05-05-2025 11:22:01.090,243,RECV,7E000F81000036024E363038322D544E3941DF
05-05-2025 11:22:01.090,244,RECV,7E007D3181F9DF160256004E313037352D423231387D33
05-05-2025 11:22:01.090,245,RECV,7E000F81000010024E323037322D48594658E7
05-05-2025 11:22:01.090,246,RECV,7E000F81000035024E363038332D59584E53A9
05-05-2025 11:22:01.090,247,RECV,7E000F81000010024E323037332D3047395322
05-05-2025 11:22:01.130,248,RECV,7E000F81000036024E363038342D4539334206
05-05-2025 11:22:01.148,249,RECV,7E000F81000010024E323037342D4450423717
05-05-2025 11:22:01.148,250,RECV,7E000F81000010024E323037352D51595651D2
05-05-2025 11:22:01.148,251,RECV,7E000F8100007D31024E323037362D364D4A3222
05-05-2025 11:22:01.148,252,RECV,7E000F81000010024E323037372D354F503716
05-05-2025 11:22:01.148,253,RECV,7E007D3181F9DF160257004E313037362D54443934E9
05-05-2025 11:22:01.148,254,RECV,7E000F81000010024E323037382D4E594B36F8
05-05-2025 11:22:01.148,255,RECV,7E007D3181F9DF160258004E313037372D3231424106
05-05-2025 11:22:01.148,256,RECV,7E007D3181F9DF160259004E313037382D45303854E9
05-05-2025 11:22:01.148,257,RECV,7E000F81000039024E363038362D414E4748D6
05-05-2025 11:22:01.179,258,RECV,7E000F81000010024E323037392D44424957F9
05-05-2025 11:22:01.224,259,RECV,7E000F81000010024E323038302D334D4C5209
05-05-2025 11:22:01.224,260,RECV,7E000F81000047024E353037312D34535445CD
05-05-2025 11:22:01.224,261,RECV,7E007D3181F9DF16025A004E313037392D4858534AAB
05-05-2025 11:22:01.224,262,RECV,7E000F81000010024E323038312D484C4F59EA
05-05-2025 11:22:01.224,263,RECV,7E000F81000010024E323038322D374B465A03
05-05-2025 11:22:01.224,264,RECV,7E000F81000045024E353037322D30515444D5
05-05-2025 11:22:01.224,265,RECV,7E000F8100003A024E363038382D33484839F5
05-05-2025 11:22:01.224,266,RECV,7E000F8100003A024E363038392D56523056C2
05-05-2025 11:22:01.224,267,RECV,7E000F81000039024E363039302D303451370D
05-05-2025 11:22:01.241,268,RECV,7E007D3181F9DF16025C004E313038312D3042434FE9
05-05-2025 11:22:01.280,269,RECV,7E000F81000010024E323038332D53515636F4
05-05-2025 11:22:01.287,270,RECV,7E007D3181F9DF16025D004E313038322D55525145AE
05-05-2025 11:22:01.287,271,RECV,7E000F81000046024E353037342D3757534FBB
05-05-2025 11:22:01.287,272,RECV,7E000F81000010024E323038342D4A3841431D
05-05-2025 11:22:01.291,273,RECV,7E007D3181F9DF16025E004E313038332D4348314EDF
05-05-2025 11:22:01.342,274,RECV,7E000F81000039024E363039332D52385437E1
05-05-2025 11:22:01.382,275,RECV,7E007D3181F9DF16025F004E313038342D58425732C4
05-05-2025 11:22:01.382,276,RECV,7E007D3181F9DF170260004E313038352D36343951F0
05-05-2025 11:22:01.382,277,RECV,7E000F81000010024E323038352D4F4B335AFB
05-05-2025 11:22:01.383,278,RECV,7E000F81000046024E353037362D34535352BD
05-05-2025 11:22:01.383,279,RECV,7E000F81000045024E353037372D59485056A2
05-05-2025 11:22:01.383,280,RECV,7E000F81000038024E363039362D43353955EE
05-05-2025 11:22:01.383,281,RECV,7E007D3181F9DF160261004E313038362D50565A4D96
05-05-2025 11:22:01.383,282,RECV,7E000F81000010024E323038362D5152564BDD
05-05-2025 11:22:01.383,283,RECV,7E007D3181F9DF160262004E313038372D36554744CB
05-05-2025 11:22:01.383,284,RECV,7E000F81000010024E323038372D524B3657F6
05-05-2025 11:22:01.430,285,RECV,7E000F81000010024E323038382D47554E46EF
05-05-2025 11:22:01.433,286,RECV,7E000F81000036024E363039372D37334658ED
05-05-2025 11:22:01.433,287,RECV,7E000F81000010024E323038392D595A4E38E5
05-05-2025 11:22:01.433,288,RECV,7E007D3181F9DF160264004E313038392D50305839CC
05-05-2025 11:22:01.433,289,RECV,7E000F81000046024E353038312D32504436F1
05-05-2025 11:22:01.433,290,RECV,7E007D3181F9DF160265004E313039302D444F4F47BB
05-05-2025 11:22:01.433,291,RECV,7E000F81000037024E363039382D4D4C4F48C3
05-05-2025 11:22:01.433,292,RECV,7E000F81000010024E323039302D504E324115
05-05-2025 11:22:01.433,293,RECV,7E000F81000045024E353038332D4F424831E2
05-05-2025 11:22:01.433,294,RECV,7E000F81000036024E363039392D58504A32CF
05-05-2025 11:22:01.433,295,RECV,7E007D3181F9DF160267004E313039322D49545238B9
05-05-2025 11:22:01.433,296,RECV,7E000F81000010024E323039312D53434C4BF8
05-05-2025 11:22:01.433,297,RECV,7E000F81000010024E323039322D454A365807
05-05-2025 11:22:01.433,298,RECV,7E007D3181F9DF160268004E313039332D394C3333F3
05-05-2025 11:22:01.433,299,RECV,7E000F81000047024E353038352D5038425AC4
05-05-2025 11:22:01.433,300,RECV,7E000F81000010024E323039332D42334E5010
05-05-2025 11:22:01.480,301,RECV,7E000F81000047024E353038362D36483254E3
05-05-2025 11:22:01.480,302,RECV,7E000F81000010024E323039342D423946342D
05-05-2025 11:22:01.480,303,RECV,7E000F81000046024E353038372D334B305ADF
05-05-2025 11:22:01.530,304,RECV,7E000F81000010024E323039352D4C34325718
05-05-2025 11:22:01.544,305,RECV,7E007D3181F9DF160269004E313039342D454B5A35BD
05-05-2025 11:22:01.544,306,RECV,7E007D3181F9DF16026A004E313039352D48375048C3
05-05-2025 11:22:01.544,307,RECV,7E000F81000046024E353038382D46314937EF
05-05-2025 11:22:01.580,308,RECV,7E007D3181F9DF16026B004E313039362D54314752BA
05-05-2025 11:22:01.581,309,RECV,7E000F81000010024E323039362D4257515ADC
05-05-2025 11:22:01.581,310,RECV,7E000F81000010024E323039372D59584C35ED
05-05-2025 11:22:01.581,311,RECV,7E000F81000010024E323039382D504C4345FA
05-05-2025 11:22:01.581,312,RECV,7E000F81000010024E323039392D3743573814
05-05-2025 11:22:01.581,313,RECV,7E007D3181F9DF16026E004E313039392D48533536CC
05-05-2025 11:22:01.731,314,RECV,7E000F81000046024E353039312D4E383250E4
05-05-2025 11:22:01.782,315,RECV,7E000F81000046024E353039322D4C514E53AD
05-05-2025 11:22:01.786,316,RECV,7E000F81000046024E353039332D55493639DD
05-05-2025 11:22:01.786,317,RECV,7E000F81000046024E353039342D47394658CB
05-05-2025 11:22:01.792,318,RECV,7E000F81000046024E353039362D4A354A42DC
05-05-2025 11:22:01.832,319,RECV,7E000F81000046024E353039372D3731453207
05-05-2025 11:22:01.840,320,RECV,7E000F81000046024E353039382D52334841D7
05-05-2025 11:22:01.882,321,RECV,7E000F81000046024E353039392D495A3533D9
