05-04-2025 19:29:02.694,-,API2,"Sink 1,0013A20041839DB1,802.15.4 TH,2003,/dev/ttyUSB0 - 57600/8/M/1/N,1,46"

05-04-2025 19:28:20.622,0,RECV,7E000F8100001C024E323030302D4538374629
05-04-2025 19:28:20.622,1,RECV,7E000F8100001C024E323030312D5A4A4644F4
05-04-2025 19:28:20.623,2,RECV,7E000F8100001C024E323030322D504935341F
05-04-2025 19:28:20.624,3,RECV,7E000F8100001C024E323030332D49535A55D5
05-04-2025 19:28:20.624,4,RECV,7E000F8100001C024E323030342D444444361D
05-04-2025 19:28:20.624,5,RECV,7E000F8100001C024E323030352D374A565AED
05-04-2025 19:28:20.625,6,RECV,7E000F8100001C024E323030362D4F50304707
05-04-2025 19:28:20.625,7,RECV,7E000F8100001C024E323030372D5232333530
05-04-2025 19:28:20.625,8,RECV,7E000F8100001C024E323030382D35334C4720
05-04-2025 19:28:20.625,9,RECV,7E000F8100001C024E323030392D535A5A49CA
05-04-2025 19:28:20.625,10,RECV,7E000F8100001C024E323031302D3939464228
05-04-2025 19:28:20.644,11,RECV,7E000F8100001C024E323031312D574E3552F5
05-04-2025 19:28:20.644,12,RECV,7E000F8100001C024E323031322D4B34424718
05-04-2025 19:28:20.661,13,RECV,7E000F8100001C024E323031332D41334E4C7D31
05-04-2025 19:28:20.701,14,RECV,7E000F8100001C024E323031342D534E41320A
05-04-2025 19:28:20.702,15,RECV,7E000F8100001C024E323031352D5A5A3351E5
05-04-2025 19:28:20.711,16,RECV,7E000F8100001C024E323031362D36424E3224
05-04-2025 19:28:20.711,17,RECV,7E000F8100001C024E323031372D494F35440A
05-04-2025 19:28:20.712,18,RECV,7E000F8100001C024E323031382D4743374712
05-04-2025 19:28:20.712,19,RECV,7E000F8100001C024E323031392D445031490B
05-04-2025 19:28:20.712,20,RECV,7E000F8100001C024E323032302D4F515554D8
05-04-2025 19:28:20.712,21,RECV,7E000F8100001D024E323032312D43384B3425
05-04-2025 19:28:20.713,22,RECV,7E000F8100001C024E323032322D42414D4D02
05-04-2025 19:28:20.713,23,RECV,7E000F8100001C024E323032332D3958304C7D31
05-04-2025 19:28:20.713,24,RECV,7E000F8100001D024E323032342D4D324E4609
05-04-2025 19:28:20.713,25,RECV,7E000F8100001D024E323032352D554C4F4DDE
05-04-2025 19:28:20.716,26,RECV,7E000F8100001D024E323032362D4854324507
05-04-2025 19:28:20.743,27,RECV,7E000F8100001D024E323032372D59503250EE
05-04-2025 19:28:20.743,28,RECV,7E000F8100001D024E323032382D4247335408
05-04-2025 19:28:20.761,29,RECV,7E000F8100001D024E323032392D4651394205
05-04-2025 19:28:20.762,30,RECV,7E000F8100001D024E323033302D5230523516
05-04-2025 19:28:20.762,31,RECV,7E000F8100001D024E323033312D4E494F53E5
05-04-2025 19:28:20.762,32,RECV,7E000F8100001D024E323033322D465A5845E0
05-04-2025 19:28:20.762,33,RECV,7E000F8100001D024E323033332D5A515252CD
05-04-2025 19:28:20.783,34,RECV,7E000F8100001C024E323033342D58484934FF
05-04-2025 19:28:20.786,35,RECV,7E000F8100001C024E323033352D57385146F5
05-04-2025 19:28:20.812,36,RECV,7E000F8100001C024E323033362D4B4E4B57DF
05-04-2025 19:28:20.812,37,RECV,7E000F8100001C024E323033372D4F475341EF
05-04-2025 19:28:20.812,38,RECV,7E000F8100001C024E323033382D5A374756EA
05-04-2025 19:28:20.873,39,RECV,7E000F8100001C024E323033392D4347335703
05-04-2025 19:28:20.873,40,RECV,7E000F8100001D024E323034302D3039523231
05-04-2025 19:28:20.873,41,RECV,7E000F8100001D024E323034312D444C4D55EB
05-04-2025 19:28:20.874,42,RECV,7E000F8100001D024E323034322D4A4C315005
05-04-2025 19:28:20.943,43,RECV,7E000F8100001D024E323034332D305A474505
05-04-2025 19:28:20.943,44,RECV,7E000F8100001D024E323034342D54514443EE
05-04-2025 19:28:20.944,45,RECV,7E000F8100001D024E323034352D52444B47F1
05-04-2025 19:28:20.944,46,RECV,7E000F8100001D024E323034362D4A39314C18
05-04-2025 19:28:20.944,47,RECV,7E000F8100001D024E323034372D32344F441E
05-04-2025 19:28:20.944,48,RECV,7E000F8100001D024E323034382D4C3833451A
05-04-2025 19:28:20.944,49,RECV,7E000F8100001D024E323034392D52564C55CC
05-04-2025 19:28:20.945,50,RECV,7E000F8100001D024E323035302D55543644FA
05-04-2025 19:28:20.945,51,RECV,7E000F8100001D024E323035312D4848334316
05-04-2025 19:28:20.945,52,RECV,7E000F8100001D024E323035322D4F495757D5
05-04-2025 19:28:20.945,53,RECV,7E000F8100001D024E323035332D5554334AF4
05-04-2025 19:28:20.945,54,RECV,7E000F8100001D024E323035342D55484948EB
05-04-2025 19:28:20.946,55,RECV,7E000F8100001D024E323035352D5051354BF7
05-04-2025 19:28:20.946,56,RECV,7E000F8100001D024E323035362D374358360F
05-04-2025 19:28:20.946,57,RECV,7E000F8100001D024E323035372D51585157C5
05-04-2025 19:28:20.946,58,RECV,7E000F8100001D024E323035382D44514458E4
05-04-2025 19:28:20.946,59,RECV,7E000F8100001D024E323035392D4630433823
05-04-2025 19:28:20.947,60,RECV,7E000F8100001D024E323036302D57514443ED
05-04-2025 19:28:20.947,61,RECV,7E000F8100001D024E323036312D555631340B
05-04-2025 19:28:20.947,62,RECV,7E000F8100001D024E323036322D48594537FD
05-04-2025 19:28:20.947,63,RECV,7E000F8100001D024E323036332D5732313629
05-04-2025 19:28:20.948,64,RECV,7E000F8100001D024E323036342D504E37327D31
05-04-2025 19:28:20.962,65,RECV,7E000F8100001D024E323036352D414B5256E3
05-04-2025 19:28:21.012,66,RECV,7E000F8100001D024E323036362D53364D48F8
05-04-2025 19:28:21.026,67,RECV,7E000F8100001D024E323036372D5A42324CFB
05-04-2025 19:28:21.026,68,RECV,7E000F8100001D024E323036382D44574E4EDD
05-04-2025 19:28:21.027,69,RECV,7E000F8100001D024E323036392D414B5657DA
05-04-2025 19:28:21.027,70,RECV,7E000F8100001D024E323037302D49575741E3
05-04-2025 19:28:21.062,71,RECV,7E000F8100001D024E323037312D41314C4F0D
05-04-2025 19:28:21.062,72,RECV,7E000F8100001D024E323037322D3058494EFA
05-04-2025 19:28:21.063,73,RECV,7E000F8100001D024E323037332D4638334324
05-04-2025 19:28:21.063,74,RECV,7E000F8100001D024E323037342D5047584BDD
05-04-2025 19:28:21.073,75,RECV,7E000F8100001D024E323037352D323859460D
05-04-2025 19:28:21.073,76,RECV,7E000F8100001D024E323037362D58343459FC
05-04-2025 19:28:21.073,77,RECV,7E000F8100001C024E323037372D365A594FDD
05-04-2025 19:28:21.134,78,RECV,7E000F8100001C024E323037382D424A4752EF
05-04-2025 19:28:21.179,79,RECV,7E000F8100001C024E323037392D5138494BF6
05-04-2025 19:28:21.180,80,RECV,7E000F8100001C024E323038302D4D4C5632FA
05-04-2025 19:28:21.180,81,RECV,7E000F8100001C024E323038312D4E34383828
05-04-2025 19:28:21.180,82,RECV,7E000F8100001C024E323038322D4F51544FD6
05-04-2025 19:28:21.180,83,RECV,7E000F8100001C024E323038332D5A364A320C
05-04-2025 19:28:21.180,84,RECV,7E000F8100001C024E323038342D514F4446ED
05-04-2025 19:28:21.180,85,RECV,7E000F8100001C024E323038352D4B485634F9
05-04-2025 19:28:21.180,86,RECV,7E000F8100001C024E323038362D59515139E1
05-04-2025 19:28:21.180,87,RECV,7E000F8100001C024E323038372D48585546D9
05-04-2025 19:28:21.180,88,RECV,7E000F8100001C024E323038382D494A453308
05-04-2025 19:28:21.180,89,RECV,7E000F8100001D024E323038392D56573134FF
05-04-2025 19:28:21.213,90,RECV,7E000F8100001D024E323039302D473657327D33
05-04-2025 19:28:21.213,91,RECV,7E000F8100001D024E323039312D36565758DD
05-04-2025 19:28:21.214,92,RECV,7E000F8100001D024E323039322D4854434BED
05-04-2025 19:28:21.214,93,RECV,7E000F8100001D024E323039332D4B384D55F1
05-04-2025 19:28:21.214,94,RECV,7E000F8100001D024E323039342D444A41390D
05-04-2025 19:28:21.214,95,RECV,7E000F8100001D024E323039352D4C45594CDE
05-04-2025 19:28:21.214,96,RECV,7E000F8100001D024E323039362D51424249F5
05-04-2025 19:28:21.215,97,RECV,7E000F8100001D024E323039372D48494F4AE8
05-04-2025 19:28:21.215,98,RECV,7E000F8100001D024E323039382D473036491B
05-04-2025 19:28:21.220,99,RECV,7E000F8100001D024E323039392D4A554B35F1
