05-09-2025 15:24:03.963,-,API2,"Sink 1,0013A20041839DB1,802.15.4 TH,2003,/dev/ttyUSB0 - 57600/8/M/1/N,1,46"

05-09-2025 15:23:33.516,0,RECV,7E000F8100001A024E343030302D3732413544
05-09-2025 15:23:33.532,1,RECV,7E000F81000021024E333030312D36514F4204
05-09-2025 15:23:33.532,2,RECV,7E007D338100001A000AFFFFFFFFFFFFFFFF0000005348C7
05-09-2025 15:23:33.566,3,RECV,7E007D3381000021000BFFFFFFFFFFFFFFFF0000005348BF
05-09-2025 15:23:33.566,4,RECV,7E000F81000021024E333030322D355641301F
05-09-2025 15:23:33.576,5,RECV,7E000F81000021024E333030332D504A30311F
05-09-2025 15:23:33.666,6,RECV,7E007D3181F9DF1D0202004E313030312D4D55304B2B
05-09-2025 15:23:33.667,7,RECV,7E000F8100001D024E323030312D305835471D
05-09-2025 15:23:33.716,8,RECV,7E007D3181F9DF1D0203004E313030322D4C4C4E520E
05-09-2025 15:23:33.717,9,RECV,7E000F8100001D024E323030322D5830464E04
05-09-2025 15:23:33.717,10,RECV,7E000F81000021024E333030342D5436454802
05-09-2025 15:23:33.767,11,RECV,7E000F8100001A024E343030312D364A4A4A0E
05-09-2025 15:23:33.767,12,RECV,7E000F81000020024E333030352D4C4449360A
05-09-2025 15:23:33.867,13,RECV,7E007D3181F9DF1D0204004E313030332D384F4A343F
05-09-2025 15:23:33.867,14,RECV,7E000F81000021024E333030362D4E48464AF1
05-09-2025 15:23:33.917,15,RECV,7E000F8100001D024E323030332D48555655D7
05-09-2025 15:23:33.917,16,RECV,7E000F8100001D024E323030342D3253335412
05-09-2025 15:23:33.917,17,RECV,7E000F8100001A024E343030322D5052473602
05-09-2025 15:23:33.917,18,RECV,7E000F81000021024E333030372D36304B372E
05-09-2025 15:23:33.967,19,RECV,7E000F8100001D024E323030352D4D334A3023
05-09-2025 15:23:33.968,20,RECV,7E000F8100001A024E343030332D454E5851E4
05-09-2025 15:23:34.017,21,RECV,7E000F81000020024E333030382D4C4C4758DF
05-09-2025 15:23:34.018,22,RECV,7E000F8100001A024E343030342D39534B357D33
05-09-2025 15:23:34.019,23,RECV,7E000F8100001D024E323030362D443038551B
05-09-2025 15:23:34.068,24,RECV,7E000F8100001D024E323030372D4439305816
05-09-2025 15:23:34.071,25,RECV,7E000F8100001D024E323030382D3644543616
05-09-2025 15:23:34.071,26,RECV,7E007D3181F9DF1D0205004E313030342D464657312E
05-09-2025 15:23:34.071,27,RECV,7E000F8100001D024E323030392D365134332B
05-09-2025 15:23:34.118,28,RECV,7E000F81000021024E333030392D53523948EE
05-09-2025 15:23:34.118,29,RECV,7E007D3181F9DF1D0206004E313030352D57535353F0
05-09-2025 15:23:34.119,30,RECV,7E000F8100001A024E343030352D594A5531F5
05-09-2025 15:23:34.119,31,RECV,7E007D3181F9DF1D0207004E313030362D4F4B504D07
05-09-2025 15:23:34.168,32,RECV,7E000F8100001A024E343030362D3149505102
05-09-2025 15:23:34.172,33,RECV,7E000F8100001A024E343030372D44535936F6
05-09-2025 15:23:34.172,34,RECV,7E007D3181F9DF1D0208004E313030372D4843393642
05-09-2025 15:23:34.218,35,RECV,7E000F8100001A024E343030382D5934363424
05-09-2025 15:23:34.268,36,RECV,7E000F81000021024E333031312D56395A57DB
05-09-2025 15:23:34.269,37,RECV,7E000F81000021024E333031322D3957354C09
05-09-2025 15:23:34.368,38,RECV,7E000F8100001D024E323031302D534149390B
05-09-2025 15:23:34.429,39,RECV,7E000F8100001A024E343030392D57574C59C7
05-09-2025 15:23:34.429,40,RECV,7E000F8100001D024E323031312D315A4558F8
05-09-2025 15:23:34.441,41,RECV,7E000F8100001A024E343031302D5757554CD3
05-09-2025 15:23:34.519,42,RECV,7E000F81000020024E333031332D4259354A00
05-09-2025 15:23:34.519,43,RECV,7E000F8100001A024E343031312D5130384C1C
05-09-2025 15:23:34.519,44,RECV,7E007D3181F9DF1D0209004E313030382D4D43505406
05-09-2025 15:23:34.519,45,RECV,7E000F81000021024E333031342D4D595631EB
05-09-2025 15:23:34.519,46,RECV,7E000F8100001D024E323031322D44465955E7
05-09-2025 15:23:34.569,47,RECV,7E000F8100001A024E343031322D583650350D
05-09-2025 15:23:34.569,48,RECV,7E000F8100001A024E343031332D3046454A1A
05-09-2025 15:23:34.619,49,RECV,7E007D3181F9DF1D020A004E313030392D5456324E0E
05-09-2025 15:23:34.631,50,RECV,7E007D3181F9DF1D020B004E313031302D5933334C34
05-09-2025 15:23:34.632,51,RECV,7E000F81000021024E333031362D345938460B
05-09-2025 15:23:34.632,52,RECV,7E000F81000021024E333031372D56565A45CA
05-09-2025 15:23:34.770,53,RECV,7E000F8100001A024E343031342D565A4B43E0
05-09-2025 15:23:34.787,54,RECV,7E000F8100001D024E323031332D49514C41F7
05-09-2025 15:23:34.870,55,RECV,7E000F8100001A024E343031352D513639530A
05-09-2025 15:23:34.920,56,RECV,7E000F81000021024E333031382D3433305627
05-09-2025 15:23:34.933,57,RECV,7E000F81000020024E333031392D3654345204
05-09-2025 15:23:34.933,58,RECV,7E000F8100001D024E323031342D5036364F12
05-09-2025 15:23:34.970,59,RECV,7E007D3181F9DF1D020C004E313031312D524E394A1A
05-09-2025 15:23:35.020,60,RECV,7E007D3181F9DF1D020D004E313031322D5854453515
05-09-2025 15:23:35.021,61,RECV,7E000F8100001D024E323031352D56384F56E9
05-09-2025 15:23:35.120,62,RECV,7E000F8100001A024E343031362D3858433316
05-09-2025 15:23:35.121,63,RECV,7E000F81000021024E333032302D484549327D33
05-09-2025 15:23:35.171,64,RECV,7E007D3181F9DF1D020E004E313031332D344550442C
05-09-2025 15:23:35.171,65,RECV,7E000F8100001D024E323031362D364831511B
05-09-2025 15:23:35.171,66,RECV,7E000F8100001A024E343031372D47584149F2
05-09-2025 15:23:35.171,67,RECV,7E007D3181F9DF1D020F004E313031342D4655445503
05-09-2025 15:23:35.221,68,RECV,7E000F8100001D024E323031372D504B4855E2
05-09-2025 15:23:35.238,69,RECV,7E000F81000021024E333032312D4430394E1F
05-09-2025 15:23:35.238,70,RECV,7E000F8100001A024E343031382D564F4553DD
05-09-2025 15:23:35.239,71,RECV,7E000F8100001A024E343031392D4131325520
05-09-2025 15:23:35.242,72,RECV,7E007D3181F9DF1D0210004E313031352D4933513632
05-09-2025 15:23:35.321,73,RECV,7E000F8100001D024E323031382D45563159F4
05-09-2025 15:23:35.322,74,RECV,7E007D3181F9DF1D027D31004E313031362D5341314D21
05-09-2025 15:23:35.422,75,RECV,7E000F8100001A024E343032302D51553457F0
05-09-2025 15:23:35.429,76,RECV,7E000F81000021024E333032322D4D43383021
05-09-2025 15:23:35.482,77,RECV,7E000F81000021024E333032332D4E38414C05
05-09-2025 15:23:35.482,78,RECV,7E000F8100001D024E323031392D3653484BFC
05-09-2025 15:23:35.582,79,RECV,7E000F81000021024E333032342D41525157DC
05-09-2025 15:23:35.582,80,RECV,7E000F8100001A024E343032312D3530304645
05-09-2025 15:23:35.622,81,RECV,7E007D3181F9DF1D0212004E313031372D3942585608
05-09-2025 15:23:35.622,82,RECV,7E000F81000021024E333032352D3149454116
05-09-2025 15:23:35.672,83,RECV,7E000F8100001A024E343032322D384B453423
05-09-2025 15:23:35.677,84,RECV,7E007D3181F9DF1D027D33004E313031382D3445413144
05-09-2025 15:23:35.722,85,RECV,7E000F8100001D024E323032302D584A5936EF
05-09-2025 15:23:35.772,86,RECV,7E000F8100001D024E323032312D393243452C
05-09-2025 15:23:35.773,87,RECV,7E007D3181F9DF1D0214004E313031392D423152392F
05-09-2025 15:23:35.825,88,RECV,7E000F8100001D024E323032322D4D44593400
05-09-2025 15:23:35.883,89,RECV,7E000F81000021024E333032362D51465846E0
05-09-2025 15:23:35.923,90,RECV,7E000F8100001A024E343032332D364F523710
05-09-2025 15:23:35.973,91,RECV,7E007D3181F9DF1D0215004E313032302D58524259EF
05-09-2025 15:23:35.973,92,RECV,7E000F8100001A024E343032342D514B4D42F2
05-09-2025 15:23:35.974,93,RECV,7E000F8100001A024E343032352D4A455054E9
05-09-2025 15:23:36.023,94,RECV,7E000F8100001D024E323032332D324A42510E
05-09-2025 15:23:36.073,95,RECV,7E007D3181F9DF1D0216004E313032312D443254577D31
05-09-2025 15:23:36.173,96,RECV,7E000F8100001A024E343032362D4B5A5153D2
05-09-2025 15:23:36.174,97,RECV,7E000F81000021024E333032372D4A52304DFB
05-09-2025 15:23:36.224,98,RECV,7E000F8100001A024E343032372D5735323923
05-09-2025 15:23:36.274,99,RECV,7E000F81000021024E333032382D4D564A55D1
05-09-2025 15:23:36.274,100,RECV,7E007D3181F9DF1D0217004E313032322D5237554D05
05-09-2025 15:23:36.324,101,RECV,7E007D3181F9DF1D0218004E313032332D384F464819
05-09-2025 15:23:36.324,102,RECV,7E007D3181F9DF1D0219004E313032342D49304F4321
05-09-2025 15:23:36.324,103,RECV,7E000F8100001D024E323032342D46424A4505
05-09-2025 15:23:36.374,104,RECV,7E000F8100001A024E343032382D56344C55EE
05-09-2025 15:23:36.424,105,RECV,7E007D3181F9DF1D021A004E313032352D494B4E4701
05-09-2025 15:23:36.424,106,RECV,7E000F8100001A024E343032392D444B4254F3
05-09-2025 15:23:36.445,107,RECV,7E000F8100001D024E323032352D305057360E
05-09-2025 15:23:36.474,108,RECV,7E000F8100001D024E323032362D3733564119
05-09-2025 15:23:36.525,109,RECV,7E007D3181F9DF1D021B004E313032362D51494B4102
05-09-2025 15:23:36.525,110,RECV,7E007D3181F9DF1D021C004E313032372D5145464901
05-09-2025 15:23:36.575,111,RECV,7E000F81000021024E333032392D36593858F3
05-09-2025 15:23:36.675,112,RECV,7E007D3181F9DF1D021D004E313032382D383642472D
05-09-2025 15:23:36.675,113,RECV,7E000F81000021024E333033302D54354A3710
05-09-2025 15:23:36.675,114,RECV,7E000F8100001D024E323032372D375A4C43F9
05-09-2025 15:23:36.725,115,RECV,7E000F8100001D024E323032382D42594A51E2
05-09-2025 15:23:36.775,116,RECV,7E007D3181F9DF1D021E004E313032392D39525656EB
05-09-2025 15:23:36.775,117,RECV,7E000F8100001D024E323032392D374339580C
05-09-2025 15:23:36.825,118,RECV,7E000F8100001A024E343033302D51565842DF
05-09-2025 15:23:36.926,119,RECV,7E000F81000021024E333033312D5349343514
05-09-2025 15:23:36.976,120,RECV,7E000F8100001A024E343033312D52534443F3
05-09-2025 15:23:37.026,121,RECV,7E000F81000021024E333033322D4230363040
05-09-2025 15:23:37.027,122,RECV,7E000F8100001D024E323033302D51335650F5
05-09-2025 15:23:37.076,123,RECV,7E000F8100001A024E343033322D4836553615
05-09-2025 15:23:37.126,124,RECV,7E000F8100001A024E343033332D44545731FD
05-09-2025 15:23:37.126,125,RECV,7E000F8100001A024E343033342D5258364EEE
05-09-2025 15:23:37.176,126,RECV,7E000F8100001A024E343033352D58345042FD
05-09-2025 15:23:37.177,127,RECV,7E007D3181F9DF1D021F004E313033302D5745325704
05-09-2025 15:23:37.227,128,RECV,7E000F81000020024E333033332D45495153E6
05-09-2025 15:23:37.239,129,RECV,7E007D3181F9DF1D0220004E313033312D5447523703
05-09-2025 15:23:37.239,130,RECV,7E007D3181F9DF1D0221004E313033322D3858445AF7
05-09-2025 15:23:37.239,131,RECV,7E000F8100001A024E343033362D563143341C
05-09-2025 15:23:37.277,132,RECV,7E007D3181F9DF1D0222004E313033332D44494A397D33
05-09-2025 15:23:37.278,133,RECV,7E000F81000021024E333033342D4157584DD9
05-09-2025 15:23:37.278,134,RECV,7E000F81000021024E333033352D43575151D9
05-09-2025 15:23:37.377,135,RECV,7E000F81000021024E333033362D3053594AEE
05-09-2025 15:23:37.427,136,RECV,7E000F8100001A024E343033372D514C4B49E8
05-09-2025 15:23:37.478,137,RECV,7E000F8100001A024E343033382D59464438FD
05-09-2025 15:23:37.527,138,RECV,7E000F8100001D024E323033312D525637350A
05-09-2025 15:23:37.535,139,RECV,7E000F81000021024E333033372D47475335FD
05-09-2025 15:23:37.578,140,RECV,7E007D3181F9DF1D0223004E313033342D544B5241EF
05-09-2025 15:23:37.578,141,RECV,7E007D338100001A0031FFFFFFFFFFFFFFFF0000005348A0
05-09-2025 15:23:37.578,142,RECV,7E007D338100001D002AFFFFFFFFFFFFFFFF0000005348A4
05-09-2025 15:23:37.579,143,RECV,7E000F81000021024E333033382D4239553012
05-09-2025 15:23:37.579,144,RECV,7E000F8100001D024E323033322D373352507D31
05-09-2025 15:23:37.628,145,RECV,7E007D3181F9DF1D0224004E313033352D3839365523
05-09-2025 15:23:37.633,146,RECV,7E000F81000021024E333033392D47434952EC
05-09-2025 15:23:37.633,147,RECV,7E000F8100001D024E323033332D553059330B
05-09-2025 15:23:37.678,148,RECV,7E000F8100001D024E323033342D344F5A41FD
05-09-2025 15:23:37.680,149,RECV,7E000F8100001D024E323033352D354955380F
05-09-2025 15:23:37.680,150,RECV,7E000F8100001A024E343033392D3445504FFF
05-09-2025 15:23:37.778,151,RECV,7E000F81000021024E333034302D32554D58ED
05-09-2025 15:23:37.878,152,RECV,7E000F81000021024E333034312D51555855C5
05-09-2025 15:23:37.928,153,RECV,7E000F8100001D024E323033362D444F3754FB
05-09-2025 15:23:37.929,154,RECV,7E000F8100001D024E323033372D54453257F6
05-09-2025 15:23:37.929,155,RECV,7E000F8100001D024E323033382D3151344E7D33
05-09-2025 15:23:38.029,156,RECV,7E000F8100001A024E343034302D524F473601
05-09-2025 15:23:38.029,157,RECV,7E000F8100001A024E343034312D374B31412A
05-09-2025 15:23:38.029,158,RECV,7E000F8100001A024E343034322D43455544FC
05-09-2025 15:23:38.029,159,RECV,7E000F8100001D024E323033392D4635325910
05-09-2025 15:23:38.079,160,RECV,7E000F8100001D024E323034302D3549493027
05-09-2025 15:23:38.089,161,RECV,7E000F8100001A024E343034332D304A4A5AFE
05-09-2025 15:23:38.179,162,RECV,7E000F8100001D024E323034312D4E31315716
05-09-2025 15:23:38.179,163,RECV,7E000F81000021024E333034322D5A345853DE
05-09-2025 15:23:38.179,164,RECV,7E000F8100001D024E323034322D4C4C3955F6
05-09-2025 15:23:38.229,165,RECV,7E000F8100001A024E343034342D33595652E7
05-09-2025 15:23:38.239,166,RECV,7E000F81000021024E333034332D3456444DFB
05-09-2025 15:23:38.239,167,RECV,7E000F81000021024E333034342D5531383621
05-09-2025 15:23:38.239,168,RECV,7E000F81000020024E333034352D5A4B5938DF
05-09-2025 15:23:38.279,169,RECV,7E000F8100001A024E343034352D3650423022
05-09-2025 15:23:38.283,170,RECV,7E000F8100001D024E323034332D4D575555CD
05-09-2025 15:23:38.330,171,RECV,7E000F81000021024E333034362D4B44363519
05-09-2025 15:23:38.330,172,RECV,7E000F81000021024E333034372D394D5650E6
05-09-2025 15:23:38.430,173,RECV,7E000F8100001A024E343034362D44574E57D9
05-09-2025 15:23:38.439,174,RECV,7E000F8100001A024E343034372D58563752E1
05-09-2025 15:23:38.440,175,RECV,7E007D3181F9DF1D0225004E313033362D46504E52E7
05-09-2025 15:23:38.440,176,RECV,7E000F81000020024E333034382D4645564DE4
05-09-2025 15:23:38.480,177,RECV,7E000F8100001A024E343034382D52474B4CE7
05-09-2025 15:23:38.480,178,RECV,7E007D3181F9DF1D0226004E313033372D364530561A
05-09-2025 15:23:38.581,179,RECV,7E007D3181F9DF1D0227004E313033382D533731530B
05-09-2025 15:23:38.681,180,RECV,7E000F81000021024E333034392D4E55414BE1
05-09-2025 15:23:38.731,181,RECV,7E000F8100001D024E323034342D3734553723
05-09-2025 15:23:38.763,182,RECV,7E007D3181F9DF1D0228004E313033392D4B584C38F0
05-09-2025 15:23:38.763,183,RECV,7E000F81000021024E333035302D504E35380D
05-09-2025 15:23:38.781,184,RECV,7E000F81000021024E333035312D5A464353E1
05-09-2025 15:23:38.832,185,RECV,7E007D3181F9DF1D0229004E313034302D543433481B
05-09-2025 15:23:38.832,186,RECV,7E007D3181F9DF1D022A004E313034312D36594E3807
05-09-2025 15:23:38.882,187,RECV,7E000F81000020024E333035322D5733434BFF
05-09-2025 15:23:38.882,188,RECV,7E000F8100001A024E343034392D3931435415
05-09-2025 15:23:38.932,189,RECV,7E007D3181F9DF1D022B004E313034322D523054360E
05-09-2025 15:23:38.932,190,RECV,7E000F81000020024E333035332D4D524A56D7
05-09-2025 15:23:38.982,191,RECV,7E007D3181F9DF1D022C004E313034332D5A4E325AE4
05-09-2025 15:23:38.985,192,RECV,7E007D3181F9DF1D022D004E313034342D45454550F7
05-09-2025 15:23:39.002,193,RECV,7E000F8100001A024E343035302D585A4942E1
05-09-2025 15:23:39.082,194,RECV,7E000F8100001D024E323034352D36364A550E
05-09-2025 15:23:39.082,195,RECV,7E000F81000021024E333035342D483836421C
05-09-2025 15:23:39.083,196,RECV,7E000F81000021024E333035352D54553057E3
05-09-2025 15:23:39.083,197,RECV,7E000F81000021024E333035362D4B494457E3
05-09-2025 15:23:39.083,198,RECV,7E000F8100001D024E323034362D374D34312F
05-09-2025 15:23:39.083,199,RECV,7E007D3181F9DF1D022E004E313034352D31525044FD
05-09-2025 15:23:39.182,200,RECV,7E007D3181F9DF1D022F004E313034362D53573148EF
05-09-2025 15:23:39.183,201,RECV,7E000F8100001D024E323034372D50434A3406
05-09-2025 15:23:39.233,202,RECV,7E000F81000021024E333035372D4C4F3750EF
05-09-2025 15:23:39.233,203,RECV,7E007D3181F9DF1D0230004E313034372D484B374402
05-09-2025 15:23:39.283,204,RECV,7E007D3181F9DF1D0231004E313034382D4A4D4356DE
05-09-2025 15:23:39.296,205,RECV,7E000F81000021024E333035382D493833520A
05-09-2025 15:23:39.384,206,RECV,7E000F8100001D024E323034382D5756394AE6
05-09-2025 15:23:39.387,207,RECV,7E000F8100001D024E323034392D3454304F0E
05-09-2025 15:23:39.387,208,RECV,7E007D3181F9DF1D0232004E313034392D525A5030E0
05-09-2025 15:23:39.387,209,RECV,7E000F8100001A024E343035312D394F55310F
05-09-2025 15:23:39.433,210,RECV,7E000F8100001D024E323035302D3733584615
05-09-2025 15:23:39.436,211,RECV,7E007D3181F9DF1D0233004E313035302D47535A46D9
05-09-2025 15:23:39.483,212,RECV,7E007D3181F9DF1D0234004E313035312D54473058EE
05-09-2025 15:23:39.533,213,RECV,7E000F81000020024E333035392D49454544F9
05-09-2025 15:23:39.534,214,RECV,7E000F81000021024E333036302D503343430E
05-09-2025 15:23:39.534,215,RECV,7E000F8100001A024E343035322D53574E5ACA
05-09-2025 15:23:39.634,216,RECV,7E007D3181F9DF1D0235004E313035322D3133543522
05-09-2025 15:23:39.634,217,RECV,7E000F8100001A024E343035332D58344E47FA
05-09-2025 15:23:39.634,218,RECV,7E007D3181F9DF1D0236004E313035332D4C5A4344E0
05-09-2025 15:23:39.634,219,RECV,7E000F8100001A024E343035342D5442334110
05-09-2025 15:23:39.734,220,RECV,7E000F8100001D024E323035312D4A534E36FB
05-09-2025 15:23:39.784,221,RECV,7E007D3181F9DF1D0237004E313035342D46435A5ACE
05-09-2025 15:23:39.811,222,RECV,7E000F81000021024E333036312D35535156E7
05-09-2025 15:23:39.834,223,RECV,7E000F81000020024E333036322D4E464C51E5
05-09-2025 15:23:39.834,224,RECV,7E007D3181F9DF1D0238004E313035352D373433412A
05-09-2025 15:23:39.884,225,RECV,7E000F81000021024E333036332D48475446EB
05-09-2025 15:23:39.895,226,RECV,7E000F81000020024E333036342D4D504558DA
05-09-2025 15:23:39.905,227,RECV,7E000F81000020024E333036352D3930364C28
05-09-2025 15:23:39.907,228,RECV,7E000F8100001D024E323035322D5655385ADE
05-09-2025 15:23:39.935,229,RECV,7E007D3181F9DF1D0239004E313035362D333342451A
05-09-2025 15:23:39.985,230,RECV,7E000F8100001D024E323035332D5736544DEC
05-09-2025 15:23:40.035,231,RECV,7E000F8100001A024E343035352D4847324315
05-09-2025 15:23:40.085,232,RECV,7E007D3181F9DF1D023A004E313035372D324F5436FA
05-09-2025 15:23:40.135,233,RECV,7E000F8100001D024E323035342D354230333F
05-09-2025 15:23:40.135,234,RECV,7E007D3181F9DF1D023B004E313035382D594A5235D9
05-09-2025 15:23:40.145,235,RECV,7E007D3181F9DF1D023C004E313035392D54304951E3
05-09-2025 15:23:40.236,236,RECV,7E000F81000021024E333036362D354D4B55EF
05-09-2025 15:23:40.335,237,RECV,7E000F81000021024E333036372D304C4D3512
05-09-2025 15:23:40.338,238,RECV,7E007D3181F9DF1D023D004E313036302D4F3941350A
05-09-2025 15:23:40.436,239,RECV,7E000F8100001A024E343035362D463143520C
05-09-2025 15:23:40.486,240,RECV,7E000F8100001D024E323035352D39415553F6
05-09-2025 15:23:40.487,241,RECV,7E000F8100001D024E323035362D324937392C
05-09-2025 15:23:40.536,242,RECV,7E007D3181F9DF1D023E004E313036312D4548333115
05-09-2025 15:23:40.567,243,RECV,7E000F8100001D024E323035372D5855334AEC
05-09-2025 15:23:40.567,244,RECV,7E000F8100001D024E323035382D58424F47E5
05-09-2025 15:23:40.586,245,RECV,7E000F8100001A024E343035372D333243501F
05-09-2025 15:23:40.586,246,RECV,7E000F8100001A024E343035382D5942393210
05-09-2025 15:23:40.636,247,RECV,7E000F8100001A024E343035392D334B38540B
05-09-2025 15:23:40.647,248,RECV,7E000F8100001A024E343036302D4A37325119
05-09-2025 15:23:40.687,249,RECV,7E000F8100001A024E343036312D4E31415903
05-09-2025 15:23:40.736,250,RECV,7E007D3181F9DF1D023F004E313036322D384C4741F8
05-09-2025 15:23:40.737,251,RECV,7E007D3181F9DF1D0240004E313036332D54354342F4
05-09-2025 15:23:40.737,252,RECV,7E007D3181F9DF1D0241004E313036342D353557340B
05-09-2025 15:23:40.787,253,RECV,7E007D3181F9DF1D0242004E313036352D4B375556D1
05-09-2025 15:23:40.787,254,RECV,7E007D3181F9DF1D0243004E313036362D4E413353E7
05-09-2025 15:23:40.837,255,RECV,7E000F8100001A024E343036322D5041315900
05-09-2025 15:23:40.887,256,RECV,7E007D3181F9DF1D0244004E313036372D334F384CF4
05-09-2025 15:23:40.905,257,RECV,7E000F8100001A024E343036332D355A535ADE
05-09-2025 15:23:40.988,258,RECV,7E007D3181F9DF1D0245004E313036382D5654504EB0
05-09-2025 15:23:41.037,259,RECV,7E000F8100001D024E323035392D394E5836FF
05-09-2025 15:23:41.038,260,RECV,7E007D3181F9DF1D0246004E313036392D4247393400
05-09-2025 15:23:41.038,261,RECV,7E007D3181F9DF1D0247004E313037302D4D494753CD
05-09-2025 15:23:41.038,262,RECV,7E000F8100001D024E323036302D375A4D58E6
05-09-2025 15:23:41.088,263,RECV,7E007D3181F9DF1D0248004E313037312D50455947C6
05-09-2025 15:23:41.138,264,RECV,7E007D3181F9DF1D0249004E313037322D32565659C2
05-09-2025 15:23:41.174,265,RECV,7E000F8100001D024E323036312D46444D48FC
05-09-2025 15:23:41.174,266,RECV,7E007D3181F9DF1D024A004E313037332D434C333401
05-09-2025 15:23:41.188,267,RECV,7E007D3181F9DF1D024B004E313037342D44524842D5
05-09-2025 15:23:41.188,268,RECV,7E000F8100001D024E323036322D3238493037
05-09-2025 15:23:41.238,269,RECV,7E000F81000021024E333036392D52413152F8
05-09-2025 15:23:41.248,270,RECV,7E000F8100001D024E323036332D4448514FED
05-09-2025 15:23:41.288,271,RECV,7E007D3181F9DF1D024C004E313037352D50484652C3
05-09-2025 15:23:41.288,272,RECV,7E000F81000021024E333037302D52485549DE
05-09-2025 15:23:41.338,273,RECV,7E000F81000020024E333037312D4749414DF8
05-09-2025 15:23:41.340,274,RECV,7E000F81000020024E333037322D55525A47CD
05-09-2025 15:23:41.340,275,RECV,7E000F8100001D024E323036342D5A335A48E9
05-09-2025 15:23:41.388,276,RECV,7E000F8100001D024E323036352D56583354E2
05-09-2025 15:23:41.388,277,RECV,7E007D3181F9DF1D024D004E313037362D314F3958E0
05-09-2025 15:23:41.389,278,RECV,7E000F8100001A024E343036342D3633354338
05-09-2025 15:23:41.439,279,RECV,7E007D3181F9DF1D024E004E313037372D4A365A51C4
05-09-2025 15:23:41.439,280,RECV,7E000F8100001A024E343036352D4C4D3949FD
05-09-2025 15:23:41.439,281,RECV,7E000F8100001A024E343036362D5234324F10
05-09-2025 15:23:41.439,282,RECV,7E000F81000020024E333037332D3032504E14
05-09-2025 15:23:41.489,283,RECV,7E000F81000021024E333037342D325349360E
05-09-2025 15:23:41.489,284,RECV,7E000F8100001A024E343036372D5A354B3804
05-09-2025 15:23:41.539,285,RECV,7E000F81000021024E333037352D4234574400
05-09-2025 15:23:41.539,286,RECV,7E000F8100001A024E343036382D4333504609
05-09-2025 15:23:41.539,287,RECV,7E007D338100001A0050FFFFFFFFFFFFFFFF000000534881
05-09-2025 15:23:41.540,288,RECV,7E000F81000021024E333037362D4742434400
05-09-2025 15:23:41.540,289,RECV,7E007D338100001D004DFFFFFFFFFFFFFFFF000000534881
05-09-2025 15:23:41.589,290,RECV,7E000F81000021024E333037372D4D56514DCE
05-09-2025 15:23:41.591,291,RECV,7E007D33810000210059FFFFFFFFFFFFFFFF000000534871
05-09-2025 15:23:41.639,292,RECV,7E000F81000021024E333037382D49515334ED
05-09-2025 15:23:41.643,293,RECV,7E000F81000021024E333037392D33434157FF
05-09-2025 15:23:41.643,294,RECV,7E000F8100001D024E323036362D58564F48D1
05-09-2025 15:23:41.690,295,RECV,7E007D3181F9DF1D024F004E313037382D4E453045E5
05-09-2025 15:23:41.690,296,RECV,7E000F81000021024E333038302D4449335401
05-09-2025 15:23:41.695,297,RECV,7E000F81000021024E333038312D42435657E2
05-09-2025 15:23:41.701,298,RECV,7E000F8100001D024E323036372D37504C51F1
05-09-2025 15:23:41.840,299,RECV,7E007D3181F9DF1D0250004E313037392D38344A5ADB
05-09-2025 15:23:41.840,300,RECV,7E000F81000020024E333038322D325A484CF4
05-09-2025 15:23:41.991,301,RECV,7E000F8100001D024E323036382D5036584AEC
05-09-2025 15:23:41.991,302,RECV,7E007D3181F9DF1D0251004E313038302D43355642E2
05-09-2025 15:23:42.041,303,RECV,7E007D3181F9DF1D0252004E313038312D384A5559C0
05-09-2025 15:23:42.090,304,RECV,7E000F8100001A024E343036392D423031343D
05-09-2025 15:23:42.141,305,RECV,7E000F8100001A024E343037302D3537544319
05-09-2025 15:23:42.141,306,RECV,7E000F81000021024E333038332D54455A30EF
05-09-2025 15:23:42.141,307,RECV,7E007D3181F9DF1D0253004E313038322D4C4D4A4EBD
05-09-2025 15:23:42.141,308,RECV,7E000F8100001D024E323036392D3335455016
05-09-2025 15:23:42.191,309,RECV,7E007D3181F9DF1D0254004E313038332D38375734F2
05-09-2025 15:23:42.191,310,RECV,7E000F8100001A024E343037312D49334D57FB
05-09-2025 15:23:42.212,311,RECV,7E007D3181F9DF1D0255004E313038342D3552344EE1
05-09-2025 15:23:42.212,312,RECV,7E007D3181F9DF1D0256004E313038352D57323954D2
05-09-2025 15:23:42.241,313,RECV,7E007D3181F9DF1D0257004E313038362D5A524C549A
05-09-2025 15:23:42.291,314,RECV,7E000F81000021024E333038342D5034414309
05-09-2025 15:23:42.392,315,RECV,7E000F8100001D024E323037302D553939361E
05-09-2025 15:23:42.441,316,RECV,7E000F8100001A024E343037322D4150324710
05-09-2025 15:23:42.542,317,RECV,7E000F8100001A024E343037332D4D4E374FF8
05-09-2025 15:23:42.592,318,RECV,7E000F8100001A024E343037342D524B5156D4
05-09-2025 15:23:42.592,319,RECV,7E000F8100001A024E343037352D59385148ED
05-09-2025 15:23:42.642,320,RECV,7E000F8100001D024E323037312D4C46504EEA
05-09-2025 15:23:42.743,321,RECV,7E000F8100001D024E323037322D4A39425AFA
05-09-2025 15:23:42.743,322,RECV,7E000F8100001A024E343037362D574A4A32F9
05-09-2025 15:23:42.793,323,RECV,7E000F8100001A024E343037372D45384D4CFF
05-09-2025 15:23:42.793,324,RECV,7E000F8100001A024E343037382D42594852DF
05-09-2025 15:23:42.843,325,RECV,7E000F8100001A024E343037392D55545232E6
05-09-2025 15:23:42.893,326,RECV,7E000F81000020024E333038352D57395248E7
05-09-2025 15:23:42.943,327,RECV,7E000F8100001D024E323037332D5435514DF1
05-09-2025 15:23:42.944,328,RECV,7E000F8100001A024E343038302D4843553506
05-09-2025 15:23:42.974,329,RECV,7E000F81000021024E333038362D473639487D31
05-09-2025 15:23:42.975,330,RECV,7E000F8100001D024E323037342D384755340F
05-09-2025 15:23:42.975,331,RECV,7E000F8100001A024E343038312D57555732E5
05-09-2025 15:23:43.043,332,RECV,7E000F81000020024E333038372D4B355859DE
05-09-2025 15:23:43.094,333,RECV,7E000F81000021024E333038382D46345846F5
05-09-2025 15:23:43.094,334,RECV,7E000F8100001D024E323037352D57385456DD
05-09-2025 15:23:43.144,335,RECV,7E000F81000021024E333038392D56534437E8
05-09-2025 15:23:43.194,336,RECV,7E007D3181F9DF1D0258004E313038372D5857435999
05-09-2025 15:23:43.194,337,RECV,7E007D3181F9DF1D0259004E313038382D4C485750A7
05-09-2025 15:23:43.294,338,RECV,7E000F8100001E024E323037362D415A5055D4
05-09-2025 15:23:43.301,339,RECV,7E000F8100001A024E343038322D344D5151F6
05-09-2025 15:23:43.301,340,RECV,7E007D3181F9DF1D025A004E313038392D4E585144A5
05-09-2025 15:23:43.345,341,RECV,7E000F8100001D024E323037372D3354474501
05-09-2025 15:23:43.445,342,RECV,7E000F8100001D024E323037382D52415032FE
05-09-2025 15:23:43.446,343,RECV,7E000F8100001D024E323037392D37345859F6
05-09-2025 15:23:43.446,344,RECV,7E000F8100001D024E323038302D4835584500
05-09-2025 15:23:43.546,345,RECV,7E007D3181F9DF1D025B004E313039302D50343034FF
05-09-2025 15:23:43.646,346,RECV,7E000F81000021024E333039302D374E533507
05-09-2025 15:23:43.697,347,RECV,7E000F8100001A024E343038332D4E4E433900
05-09-2025 15:23:43.699,348,RECV,7E007D3181F9DF1D025C004E313039312D4F594F5A94
05-09-2025 15:23:43.699,349,RECV,7E000F81000020024E333039312D3748423320
05-09-2025 15:23:43.700,350,RECV,7E000F81000021024E333039322D3743435104
05-09-2025 15:23:43.746,351,RECV,7E000F81000021024E333039332D324237392D
05-09-2025 15:23:43.750,352,RECV,7E000F81000021024E333039342D54505556C1
05-09-2025 15:23:43.796,353,RECV,7E007D3181F9DF1D025D004E313039322D4E4C4C4BB2
05-09-2025 15:23:43.796,354,RECV,7E000F81000021024E333039352D444B5954D3
05-09-2025 15:23:43.897,355,RECV,7E000F8100001A024E343038342D55395545EF
05-09-2025 15:23:43.901,356,RECV,7E007D3181F9DF1D025E004E313039332D36584145CD
05-09-2025 15:23:43.947,357,RECV,7E007D3181F9DF1D025F004E313039342D43325230E8
05-09-2025 15:23:43.997,358,RECV,7E000F8100001A024E343038352D3145304729
05-09-2025 15:23:43.997,359,RECV,7E000F8100001A024E343038362D52364C3110
05-09-2025 15:23:43.998,360,RECV,7E000F8100001D024E323038312D514B5351D9
05-09-2025 15:23:43.998,361,RECV,7E000F81000021024E333039362D54474246EB
05-09-2025 15:23:44.018,362,RECV,7E000F81000021024E333039372D47564832F6
05-09-2025 15:23:44.097,363,RECV,7E000F8100001A024E343038372D46385158ED
05-09-2025 15:23:44.098,364,RECV,7E000F8100001D024E323038322D5237494204
05-09-2025 15:23:44.147,365,RECV,7E000F8100001D024E323038332D494D4D3103
05-09-2025 15:23:44.148,366,RECV,7E007D3181F9DF1D0260004E313039352D48365449C2
05-09-2025 15:23:44.197,367,RECV,7E000F8100001D024E323038342D3545344226
05-09-2025 15:23:44.348,368,RECV,7E000F8100001D024E323038352D3551475AEE
05-09-2025 15:23:44.398,369,RECV,7E000F81000020024E333039382D4432594AF4
05-09-2025 15:23:44.448,370,RECV,7E000F81000021024E333039392D324C5546F2
05-09-2025 15:23:44.469,371,RECV,7E000F8100001D024E323038362D51334C46FE
05-09-2025 15:23:44.599,372,RECV,7E000F8100001A024E343038382D555A4C41D7
05-09-2025 15:23:44.649,373,RECV,7E007D3181F9DF1D0261004E313039362D30434157D0
05-09-2025 15:23:44.649,374,RECV,7E000F8100001A024E343038392D46524453E3
05-09-2025 15:23:44.649,375,RECV,7E000F8100001A024E343039302D424246331D
05-09-2025 15:23:44.699,376,RECV,7E000F8100001D024E323038372D464A414FF3
05-09-2025 15:23:44.699,377,RECV,7E000F8100001D024E323038382D555A4F52C2
05-09-2025 15:23:44.749,378,RECV,7E000F8100001D024E323038392D434C4445F9
05-09-2025 15:23:44.749,379,RECV,7E007D3181F9DF1D0262004E313039372D494F4759A1
05-09-2025 15:23:44.799,380,RECV,7E007D3181F9DF1D0263004E313039382D56524638B1
05-09-2025 15:23:44.849,381,RECV,7E000F8100001A024E343039312D3634563524
05-09-2025 15:23:44.870,382,RECV,7E000F8100001A024E343039322D55354C4BF7
05-09-2025 15:23:44.880,383,RECV,7E007D3181F9DF1D0264004E313039392D36445751B3
05-09-2025 15:23:44.899,384,RECV,7E000F8100001A024E343039332D4D51314AFE
05-09-2025 15:23:44.950,385,RECV,7E000F8100001D024E323039302D3756583301
05-09-2025 15:23:45.050,386,RECV,7E000F8100001D024E323039312D364C56320E
05-09-2025 15:23:45.100,387,RECV,7E000F8100001A024E343039342D4D424D47F3
05-09-2025 15:23:45.301,388,RECV,7E000F8100001A024E343039352D4A545654CD
05-09-2025 15:23:45.351,389,RECV,7E000F8100001A024E343039362D49594B46E1
05-09-2025 15:23:45.551,390,RECV,7E007D338100001A006DFFFFFFFFFFFFFFFF000000534864
05-09-2025 15:23:45.555,391,RECV,7E007D338100001D0068FFFFFFFFFFFFFFFF000000534866
05-09-2025 15:23:45.555,392,RECV,7E000F8100001D024E323039322D4251524BE7
05-09-2025 15:23:45.702,393,RECV,7E000F8100001D024E323039332D4A54454BE8
05-09-2025 15:23:45.752,394,RECV,7E000F8100001A024E343039372D4551394CF8
05-09-2025 15:23:45.902,395,RECV,7E000F8100001A024E343039382D4D4B394DF4
05-09-2025 15:23:45.923,396,RECV,7E000F8100001D024E323039342D5833413217
05-09-2025 15:23:45.923,397,RECV,7E000F8100001A024E343039392D5334414900
05-09-2025 15:23:45.933,398,RECV,7E000F8100001D024E323039352D51564345E5
05-09-2025 15:23:45.973,399,RECV,7E000F8100001D024E323039362D594E3452E6
05-09-2025 15:23:45.973,400,RECV,7E000F8100001D024E323039372D56345349EC
05-09-2025 15:23:46.103,401,RECV,7E000F8100001D024E323039382D51425542E7
05-09-2025 15:23:46.253,402,RECV,7E000F8100001D024E323039392D49515743DC
