06-29-2025 17:04:18.662,-,API2,"Sink 1,0013A20041839DB1,802.15.4 TH,2003,/dev/ttyUSB0 - 57600/8/M/1/N,1,46"

06-29-2025 16:19:07.428,0,RECV,7E000F8100052C024E353030302D523437331B
06-29-2025 16:19:07.429,1,RECV,7E000F8100022A024E323030302D334B504302
06-29-2025 16:19:07.439,2,RECV,7E000F81000631024E363030302D333439372D
06-29-2025 16:19:07.440,3,RECV,7E000F81000121024E313030302D424D363425
06-29-2025 16:19:07.454,4,RECV,7E000F8100052C024E353030312D57384255E4
06-29-2025 16:19:07.454,5,RECV,7E000F81000121024E313030312D54444641FE
06-29-2025 16:19:07.578,6,RECV,7E000F8100022C024E323030322D4532485000
06-29-2025 16:19:07.578,7,RECV,7E000F8100052C024E353030322D514D4557CF
06-29-2025 16:19:07.578,8,RECV,7E000F81000121024E313030322D58374D330D
06-29-2025 16:19:07.578,9,RECV,7E000F8100052D024E353030332D494B4B46E2
06-29-2025 16:19:07.578,10,RECV,7E000F8100022A024E323030332D3354594EE2
06-29-2025 16:19:07.578,11,RECV,7E000F81000631024E363030332D5251524CC0
06-29-2025 16:19:07.578,12,RECV,7E000F81000121024E313030332D3230314246
06-29-2025 16:19:07.578,13,RECV,7E000F8100052D024E353030342D324B5635FE
06-29-2025 16:19:07.578,14,RECV,7E000F8100022B024E323030342D3938454A0E
06-29-2025 16:19:07.578,15,RECV,7E000F81000631024E363030342D56495A4ABD
06-29-2025 16:19:07.578,16,RECV,7E000F81000121024E313030342D3242434320
06-29-2025 16:19:07.578,17,RECV,7E000F8100052C024E353030352D524B3345F1
06-29-2025 16:19:07.578,18,RECV,7E000F8100022C024E323030352D4D3930437D33
06-29-2025 16:19:07.578,19,RECV,7E000F81000631024E363030352D59324149EA
06-29-2025 16:19:07.579,20,RECV,7E000F81000121024E313030352D4A35394918
06-29-2025 16:19:07.579,21,RECV,7E000F8100052C024E353030362D53494E45D6
06-29-2025 16:19:07.579,22,RECV,7E000F8100022A024E323030362D50315951E2
06-29-2025 16:19:07.579,23,RECV,7E000F81000631024E363030362D4B564D43CD
06-29-2025 16:19:07.579,24,RECV,7E000F81000121024E313030362D5144384605
06-29-2025 16:19:07.579,25,RECV,7E000F8100052C024E353030372D534F5941C8
06-29-2025 16:19:07.579,26,RECV,7E000F8100022A024E323030372D36515A34F7
06-29-2025 16:19:07.579,27,RECV,7E000F81000631024E363030372D49414E4BDA
06-29-2025 16:19:07.579,28,RECV,7E000F81000121024E313030372D4149503904
06-29-2025 16:19:07.582,29,RECV,7E000F8100022A024E323030382D495A4F53C6
06-29-2025 16:19:07.582,30,RECV,7E000F81000631024E363030382D4F465148CE
06-29-2025 16:19:07.582,31,RECV,7E000F81000121024E313030382D3244504907
06-29-2025 16:19:07.583,32,RECV,7E000F8100022A024E323030392D304F564EE7
06-29-2025 16:19:07.583,33,RECV,7E000F81000631024E363030392D49445746D1
06-29-2025 16:19:07.583,34,RECV,7E000F81000121024E313030392D30375A3420
06-29-2025 16:19:07.583,35,RECV,7E000F8100022A024E323031302D534E4658D3
06-29-2025 16:19:07.583,36,RECV,7E000F81000631024E363031302D4D533839F2
06-29-2025 16:19:07.590,37,RECV,7E000F81000121024E313031302D42464652FD
06-29-2025 16:19:07.590,38,RECV,7E000F8100022A024E323031312D353643550E
06-29-2025 16:19:07.590,39,RECV,7E000F81000631024E363031312D32493457FC
06-29-2025 16:19:07.604,40,RECV,7E000F81000121024E313031312D354D36362E
06-29-2025 16:19:07.637,41,RECV,7E000F8100022A024E323031322D3437434B17
06-29-2025 16:19:07.637,42,RECV,7E000F81000631024E363031322D49365359D6
06-29-2025 16:19:07.637,43,RECV,7E000F81000121024E313031322D484E4C47F2
06-29-2025 16:19:07.637,44,RECV,7E000F8100022B024E323031332D3148395903
06-29-2025 16:19:07.637,45,RECV,7E000F81000631024E363031332D5A595344B6
06-29-2025 16:19:07.733,46,RECV,7E000F8100052C024E353031342D38464C57E5
06-29-2025 16:19:07.736,47,RECV,7E000F81000121024E313031332D54474B4CE8
06-29-2025 16:19:07.736,48,RECV,7E000F8100022B024E323031342D4A374E300E
06-29-2025 16:19:07.736,49,RECV,7E000F81000630024E363031342D474C3737FF
06-29-2025 16:19:07.736,50,RECV,7E000F8100052C024E353031352D58333452F4
06-29-2025 16:19:07.736,51,RECV,7E000F81000121024E313031342D31465253FD
06-29-2025 16:19:07.737,52,RECV,7E000F8100022B024E323031352D564D5044D5
06-29-2025 16:19:07.737,53,RECV,7E000F81000630024E363031352D5237374CF3
06-29-2025 16:19:07.737,54,RECV,7E000F8100052C024E353031362D4E4D5438DD
06-29-2025 16:19:07.737,55,RECV,7E000F81000121024E313031352D4A30434E0D
06-29-2025 16:19:07.737,56,RECV,7E000F8100022B024E323031362D4F445337EE
06-29-2025 16:19:07.737,57,RECV,7E000F81000631024E363031362D30435651E3
06-29-2025 16:19:07.737,58,RECV,7E000F8100052C024E353031372D42425237F6
06-29-2025 16:19:07.737,59,RECV,7E000F81000121024E313031362D4536524109
06-29-2025 16:19:07.737,60,RECV,7E000F8100022B024E323031372D4E314B51EF
06-29-2025 16:19:07.737,61,RECV,7E000F81000630024E363031372D5945594ABC
06-29-2025 16:19:07.737,62,RECV,7E000F8100052D024E353031382D4C36595ACC
06-29-2025 16:19:07.737,63,RECV,7E000F81000121024E313031372D3153583406
06-29-2025 16:19:07.737,64,RECV,7E000F8100022B024E323031382D424D3053F7
06-29-2025 16:19:07.737,65,RECV,7E000F81000631024E363031382D5033594AD5
06-29-2025 16:19:07.737,66,RECV,7E000F8100052C024E353031392D41435459D0
06-29-2025 16:19:07.737,67,RECV,7E000F81000121024E313031382D333132542B
06-29-2025 16:19:07.737,68,RECV,7E000F8100022B024E323031392D4336563900
06-29-2025 16:19:07.737,69,RECV,7E000F81000630024E363031392D4B30334409
06-29-2025 16:19:07.737,70,RECV,7E000F8100052C024E353032302D4957524DCA
06-29-2025 16:19:07.737,71,RECV,7E000F81000121024E313031392D38594E4DE8
06-29-2025 16:19:07.835,72,RECV,7E000F8100022B024E323032302D5A364A4BEB
06-29-2025 16:19:07.836,73,RECV,7E000F81000630024E363032302D3554585AC8
06-29-2025 16:19:07.836,74,RECV,7E000F8100052C024E353032312D4238385501
06-29-2025 16:19:07.836,75,RECV,7E000F81000121024E313032302D4C4E4C42F4
06-29-2025 16:19:07.836,76,RECV,7E000F8100022B024E323032312D324537540D
06-29-2025 16:19:07.836,77,RECV,7E000F81000630024E363032312D484C3353E8
06-29-2025 16:19:07.836,78,RECV,7E000F8100052C024E353032322D3641393522
06-29-2025 16:19:07.836,79,RECV,7E000F81000121024E313032312D5A484946EA
06-29-2025 16:19:07.836,80,RECV,7E000F8100022B024E323032322D3541315215
06-29-2025 16:19:07.836,81,RECV,7E000F81000630024E363032322D434D4646E5
06-29-2025 16:19:07.836,82,RECV,7E000F8100052C024E353032332D3056354DFE
06-29-2025 16:19:07.836,83,RECV,7E000F81000121024E313032322D414C4C58E9
06-29-2025 16:19:07.836,84,RECV,7E000F8100022B024E323032332D4F45444CE9
06-29-2025 16:19:07.836,85,RECV,7E000F81000630024E363032332D394E5858C9
06-29-2025 16:19:07.836,86,RECV,7E000F8100052C024E353032342D55583430F4
06-29-2025 16:19:07.836,87,RECV,7E000F81000121024E313032332D4C394654FA
06-29-2025 16:19:07.836,88,RECV,7E000F8100022B024E323032342D3236535100
06-29-2025 16:19:07.837,89,RECV,7E000F81000630024E363032342D5850354BD7
06-29-2025 16:19:07.837,90,RECV,7E000F8100052C024E353032352D4A594B31E5
06-29-2025 16:19:07.837,91,RECV,7E000F81000121024E313032342D594E5833E6
06-29-2025 16:19:07.837,92,RECV,7E000F8100022B024E323032352D4550464EE2
06-29-2025 16:19:07.837,93,RECV,7E000F81000630024E363032352D53483834F7
06-29-2025 16:19:07.837,94,RECV,7E000F8100052C024E353032362D4F4F4642DD
06-29-2025 16:19:07.837,95,RECV,7E000F81000121024E313032352D374A364D7D33
06-29-2025 16:19:07.837,96,RECV,7E000F8100022B024E323032362D3238474E0B
06-29-2025 16:19:07.837,97,RECV,7E000F81000630024E363032362D54425839D6
06-29-2025 16:19:07.939,98,RECV,7E000F8100052C024E353032372D44464932FD
06-29-2025 16:19:07.939,99,RECV,7E000F81000121024E313032362D55415A4DD9
06-29-2025 16:19:07.939,100,RECV,7E000F8100022B024E323032372D39364F53F8
06-29-2025 16:19:07.939,101,RECV,7E000F81000630024E363032372D59473845DF
06-29-2025 16:19:07.939,102,RECV,7E000F8100052C024E353032382D38535355CE
06-29-2025 16:19:07.939,103,RECV,7E000F81000121024E313032372D51543355E8
06-29-2025 16:19:07.939,104,RECV,7E000F8100022A024E323032382D37563948FB
06-29-2025 16:19:07.939,105,RECV,7E000F81000630024E363032382D4D35584DD4
06-29-2025 16:19:07.939,106,RECV,7E000F8100052C024E353032392D33394F54F1
06-29-2025 16:19:07.939,107,RECV,7E000F81000121024E313032382D37514B4CF5
06-29-2025 16:19:07.939,108,RECV,7E000F8100022A024E323032392D54375253D8
06-29-2025 16:19:07.939,109,RECV,7E000F81000630024E363032392D3648364AFC
06-29-2025 16:19:07.939,110,RECV,7E000F8100052C024E353033302D4130425005
06-29-2025 16:19:07.939,111,RECV,7E000F81000121024E313032392D495A4831F7
06-29-2025 16:19:07.939,112,RECV,7E000F8100022A024E323033302D49463851F8
06-29-2025 16:19:07.940,113,RECV,7E000F81000630024E363033302D4E424931F8
06-29-2025 16:19:07.940,114,RECV,7E000F8100052C024E353033312D364A35480A
06-29-2025 16:19:07.940,115,RECV,7E000F81000121024E313033302D375058300C
06-29-2025 16:19:07.940,116,RECV,7E000F8100022A024E323033312D5959474ACC
06-29-2025 16:19:07.940,117,RECV,7E000F81000630024E363033312D52544A42CF
06-29-2025 16:19:07.940,118,RECV,7E000F8100052C024E353033322D4E575449C4
06-29-2025 16:19:07.940,119,RECV,7E000F81000121024E313033312D5133583905
06-29-2025 16:19:07.940,120,RECV,7E000F8100022A024E323033322D304438471B
06-29-2025 16:19:07.940,121,RECV,7E000F81000630024E363033322D324C504CE6
06-29-2025 16:19:07.940,122,RECV,7E000F8100052C024E353033332D414D5452D1
06-29-2025 16:19:07.940,123,RECV,7E000F81000121024E313033322D33464B3124
06-29-2025 16:19:08.052,124,RECV,7E000F8100022A024E323033332D354E45347D31
06-29-2025 16:19:08.053,125,RECV,7E000F81000630024E363033332D46345933F9
06-29-2025 16:19:08.053,126,RECV,7E000F8100052C024E353033342D45564343E3
06-29-2025 16:19:08.053,127,RECV,7E000F81000121024E313033332D4E4E36390D
06-29-2025 16:19:08.053,128,RECV,7E000F8100022A024E323033342D45485356D6
06-29-2025 16:19:08.053,129,RECV,7E000F81000630024E363033342D304E5736F3
06-29-2025 16:19:08.054,130,RECV,7E000F8100052C024E353033352D5A4D3654D2
06-29-2025 16:19:08.054,131,RECV,7E000F81000121024E313033342D4C464F57DF
06-29-2025 16:19:08.054,132,RECV,7E000F8100022A024E323033352D4737513705
06-29-2025 16:19:08.054,133,RECV,7E000F81000630024E363033352D39325542FB
06-29-2025 16:19:08.054,134,RECV,7E000F8100052C024E353033362D3250463307
06-29-2025 16:19:08.054,135,RECV,7E000F81000121024E313033352D325836470F
06-29-2025 16:19:08.054,136,RECV,7E000F8100022A024E323033362D52315451E2
06-29-2025 16:19:08.054,137,RECV,7E000F81000630024E363033362D57515153B0
06-29-2025 16:19:08.054,138,RECV,7E000F8100052C024E353033372D504A4939E5
06-29-2025 16:19:08.054,139,RECV,7E000F81000121024E313033362D56524344E6
06-29-2025 16:19:08.054,140,RECV,7E000F8100022A024E323033372D55483444F4
06-29-2025 16:19:08.054,141,RECV,7E000F81000630024E363033372D534D4453C4
06-29-2025 16:19:08.054,142,RECV,7E000F8100052C024E353033382D344B4F59D9
06-29-2025 16:19:08.054,143,RECV,7E000F81000121024E313033372D4C4A4751E6
06-29-2025 16:19:08.054,144,RECV,7E000F8100022A024E323033382D4A385246EE
06-29-2025 16:19:08.054,145,RECV,7E000F81000631024E363033382D43414549E7
06-29-2025 16:19:08.054,146,RECV,7E000F8100052C024E353033392D3146525ADC
06-29-2025 16:19:08.054,147,RECV,7E000F81000121024E313033382D535A4C5AC0
06-29-2025 16:19:08.054,148,RECV,7E000F8100022A024E323033392D42545539E3
06-29-2025 16:19:08.054,149,RECV,7E000F81000632024E363033392D4E435156BF
06-29-2025 16:19:08.156,150,RECV,7E000F8100052C024E353034302D45594632F1
06-29-2025 16:19:08.157,151,RECV,7E000F81000121024E313033392D3136323049
06-29-2025 16:19:08.157,152,RECV,7E000F8100022A024E323034302D4233554AFB
06-29-2025 16:19:08.157,153,RECV,7E000F81000630024E363034302D434F4A38ED
06-29-2025 16:19:08.157,154,RECV,7E000F8100052C024E353034312D373330597D33
06-29-2025 16:19:08.157,155,RECV,7E000F81000121024E313034302D53324E3017
06-29-2025 16:19:08.157,156,RECV,7E000F8100022A024E323034312D4B34334418
06-29-2025 16:19:08.157,157,RECV,7E000F81000631024E363034312D494A4357D2
06-29-2025 16:19:08.157,158,RECV,7E000F8100052C024E353034322D525A3236F1
06-29-2025 16:19:08.157,159,RECV,7E000F81000121024E313034312D335033471C
06-29-2025 16:19:08.157,160,RECV,7E000F8100022A024E323034322D5233453112
06-29-2025 16:19:08.157,161,RECV,7E000F81000630024E363034322D5A365158C6
06-29-2025 16:19:08.157,162,RECV,7E000F8100052B024E353034332D353435491E
06-29-2025 16:19:08.157,163,RECV,7E000F81000121024E313034322D3251454709
06-29-2025 16:19:08.157,164,RECV,7E000F8100022A024E323034332D31535448EC
06-29-2025 16:19:08.157,165,RECV,7E000F81000630024E363034332D4A514746D6
06-29-2025 16:19:08.157,166,RECV,7E000F8100052C024E353034342D47524F4AD1
06-29-2025 16:19:08.158,167,RECV,7E000F81000121024E313034332D4F47444BF2
06-29-2025 16:19:08.158,168,RECV,7E000F8100022B024E323034342D584E4354CD
06-29-2025 16:19:08.158,169,RECV,7E000F81000630024E363034342D4E55334ED9
06-29-2025 16:19:08.158,170,RECV,7E000F8100052B024E353034352D50554C58BA
06-29-2025 16:19:08.158,171,RECV,7E000F81000121024E313034342D47514753E4
06-29-2025 16:19:08.158,172,RECV,7E000F8100022B024E323034352D39584A5AD4
06-29-2025 16:19:08.158,173,RECV,7E000F8100062F024E363034352D46474353DA
06-29-2025 16:19:08.158,174,RECV,7E000F8100052C024E353034362D33593851EC
06-29-2025 16:19:08.158,175,RECV,7E000F81000121024E313034352D56424250EB
06-29-2025 16:19:08.259,176,RECV,7E000F8100022B024E323034362D51585250BD
06-29-2025 16:19:08.260,177,RECV,7E000F8100062F024E363034362D534F5037D3
06-29-2025 16:19:08.261,178,RECV,7E000F8100052C024E353034372D3630344125
06-29-2025 16:19:08.261,179,RECV,7E000F81000121024E313034362D3357464AFA
06-29-2025 16:19:08.261,180,RECV,7E000F8100022B024E323034372D4C59514AC7
06-29-2025 16:19:08.261,181,RECV,7E000F8100062F024E363034372D4F315A52CF
06-29-2025 16:19:08.261,182,RECV,7E000F8100052C024E353034382D5946514AC5
06-29-2025 16:19:08.261,183,RECV,7E000F81000121024E313034372D58505139E1
06-29-2025 16:19:08.261,184,RECV,7E000F8100022B024E323034382D36505335F8
06-29-2025 16:19:08.261,185,RECV,7E000F8100062F024E363034382D5843364ADF
06-29-2025 16:19:08.261,186,RECV,7E000F8100052C024E353034392D48453441FC
06-29-2025 16:19:08.261,187,RECV,7E000F81000121024E313034382D575A544EBF
06-29-2025 16:19:08.261,188,RECV,7E000F8100022B024E323034392D56384650E1
06-29-2025 16:19:08.261,189,RECV,7E000F81000630024E363034392D48384E4DDD
06-29-2025 16:19:08.261,190,RECV,7E000F8100052C024E353035302D58383054F2
06-29-2025 16:19:08.261,191,RECV,7E000F81000121024E313034392D44484B4BEF
06-29-2025 16:19:08.261,192,RECV,7E000F8100022B024E323035302D49325658E4
06-29-2025 16:19:08.261,193,RECV,7E000F8100062F024E363035302D46574553CC
06-29-2025 16:19:08.261,194,RECV,7E000F8100052C024E353035312D454C5950CB
06-29-2025 16:19:08.261,195,RECV,7E000F81000121024E313035302D52595234E8
06-29-2025 16:19:08.261,196,RECV,7E000F8100022B024E323035312D32444F3017
06-29-2025 16:19:08.261,197,RECV,7E000F8100062F024E363035312D53513842E2
06-29-2025 16:19:08.261,198,RECV,7E000F8100052C024E353035322D434D5759C4
06-29-2025 16:19:08.261,199,RECV,7E000F81000121024E313035312D44464855F1
06-29-2025 16:19:08.261,200,RECV,7E000F81000630024E363035322D35474458E6
06-29-2025 16:19:08.261,201,RECV,7E000F8100052C024E353035332D4D345355DA
06-29-2025 16:19:08.270,202,RECV,7E000F81000121024E313035322D37455646FF
06-29-2025 16:19:08.270,203,RECV,7E000F81000631024E363035332D4B535839CD
06-29-2025 16:19:08.271,204,RECV,7E000F8100052C024E353035342D4948454BE1
06-29-2025 16:19:08.281,205,RECV,7E000F81000121024E313035332D414A533305
06-29-2025 16:19:08.281,206,RECV,7E000F8100062F024E363035342D304730490D
06-29-2025 16:19:08.281,207,RECV,7E000F8100052C024E353035352D46464C4ADF
06-29-2025 16:19:08.301,208,RECV,7E000F81000121024E313035342D423147487D33
06-29-2025 16:19:08.318,209,RECV,7E000F81000630024E363035352D33495039F6
06-29-2025 16:19:08.318,210,RECV,7E000F8100052C024E353035362D464C5032EC
06-29-2025 16:19:08.322,211,RECV,7E000F81000121024E313035352D41574C43ED
06-29-2025 16:19:08.322,212,RECV,7E000F8100052C024E353035372D5648454FCD
06-29-2025 16:19:08.332,213,RECV,7E000F81000121024E313035362D4F345053ED
06-29-2025 16:19:08.332,214,RECV,7E000F8100052C024E353035382D3139445000
06-29-2025 16:19:08.354,215,RECV,7E000F81000121024E313035372D4430324E1E
06-29-2025 16:19:08.355,216,RECV,7E000F8100052D024E353035392D4C425049D5
06-29-2025 16:19:08.365,217,RECV,7E000F81000121024E313035382D5130304B15
06-29-2025 16:19:08.372,218,RECV,7E000F8100052D024E353036302D584F3249E2
06-29-2025 16:19:08.429,219,RECV,7E000F81000121024E313035392D31544952F0
06-29-2025 16:19:08.429,220,RECV,7E000F8100052B024E353036312D4D374A50E7
06-29-2025 16:19:08.430,221,RECV,7E000F81000121024E313036302D48414458F3
06-29-2025 16:19:08.430,222,RECV,7E000F8100052B024E353036322D4E435843D8
06-29-2025 16:19:08.430,223,RECV,7E000F81000121024E313036312D50324B4A00
06-29-2025 16:19:08.430,224,RECV,7E000F8100052B024E353036332D343545427D33
06-29-2025 16:19:08.430,225,RECV,7E000F81000121024E313036322D5146494CEA
06-29-2025 16:19:08.430,226,RECV,7E000F8100052C024E353036342D5041584BCD
06-29-2025 16:19:08.480,227,RECV,7E000F81000121024E313036332D58543159DF
06-29-2025 16:19:08.485,228,RECV,7E000F8100052C024E353036352D4F4B4753CC
06-29-2025 16:19:08.485,229,RECV,7E000F81000121024E313036342D5A595343CB
06-29-2025 16:19:08.485,230,RECV,7E000F8100052D024E353036362D45574836E4
06-29-2025 16:19:08.485,231,RECV,7E000F81000121024E313036352D534F5837E2
06-29-2025 16:19:08.485,232,RECV,7E000F8100052D024E353036372D58485843C2
06-29-2025 16:19:08.485,233,RECV,7E000F8100062F024E363036362D4C55335ACC
06-29-2025 16:19:08.531,234,RECV,7E000F81000121024E313036362D394C4550F8
06-29-2025 16:19:08.554,235,RECV,7E000F8100052D024E353036382D4C384D59D2
06-29-2025 16:19:08.555,236,RECV,7E000F81000630024E363036372D55364454D5
06-29-2025 16:19:08.555,237,RECV,7E000F81000121024E313036372D3759423807
06-29-2025 16:19:08.555,238,RECV,7E000F8100052C024E353036392D4744584CCD
06-29-2025 16:19:08.555,239,RECV,7E000F81000630024E363036382D4D34423103
06-29-2025 16:19:08.555,240,RECV,7E000F81000121024E313036382D313031532B
06-29-2025 16:19:08.555,241,RECV,7E000F8100052D024E353037302D44574655CD
06-29-2025 16:19:08.555,242,RECV,7E000F81000630024E363036392D51393052EA
06-29-2025 16:19:08.580,243,RECV,7E000F81000121024E313036392D32575445ED
06-29-2025 16:19:08.582,244,RECV,7E000F8100052D024E353037312D364C4C50E4
06-29-2025 16:19:08.582,245,RECV,7E000F8100062F024E363037302D47424F57D0
06-29-2025 16:19:08.582,246,RECV,7E000F81000121024E313037302D373444392F
06-29-2025 16:19:08.582,247,RECV,7E000F8100052C024E353037322D3933395904
06-29-2025 16:19:08.582,248,RECV,7E000F8100062F024E363037312D5653424DC6
06-29-2025 16:19:08.582,249,RECV,7E000F81000121024E313037312D3551413916
06-29-2025 16:19:08.582,250,RECV,7E000F8100052C024E353037332D44394E37FF
06-29-2025 16:19:08.582,251,RECV,7E000F8100062F024E363037322D4D364B56D9
06-29-2025 16:19:08.631,252,RECV,7E000F81000121024E313037322D384C43331B
06-29-2025 16:19:08.632,253,RECV,7E000F8100052B024E353037342D54464B58C4
06-29-2025 16:19:08.632,254,RECV,7E000F8100062F024E363037332D464D4A59C6
06-29-2025 16:19:08.632,255,RECV,7E000F81000121024E313037332D3341544804
06-29-2025 16:19:08.632,256,RECV,7E000F8100052B024E353037352D44544133F4
06-29-2025 16:19:08.632,257,RECV,7E000F81000630024E363037342D5A454B57B9
06-29-2025 16:19:08.632,258,RECV,7E000F81000121024E313037342D5A32413115
06-29-2025 16:19:08.632,259,RECV,7E000F8100052B024E353037362D38344454FB
06-29-2025 16:19:08.632,260,RECV,7E000F8100062F024E363037352D34315A46F5
06-29-2025 16:19:08.681,261,RECV,7E000F81000121024E313037352D424C4D42F5
06-29-2025 16:19:08.682,262,RECV,7E000F8100052C024E353037372D4A4B594EC1
06-29-2025 16:19:08.712,263,RECV,7E000F8100062F024E363037362D59543333E6
06-29-2025 16:19:08.712,264,RECV,7E000F81000121024E313037362D43513154F8
06-29-2025 16:19:08.712,265,RECV,7E000F8100052C024E353037382D5742354AE4
06-29-2025 16:19:08.712,266,RECV,7E000F81000630024E363037372D34444655E4
06-29-2025 16:19:08.712,267,RECV,7E000F81000121024E313037372D3034325822
06-29-2025 16:19:08.712,268,RECV,7E000F8100052C024E353037392D4A4A4434EF
06-29-2025 16:19:08.712,269,RECV,7E000F8100062F024E363037382D47594F54B4
06-29-2025 16:19:08.712,270,RECV,7E000F81000121024E313037382D54525337DF
06-29-2025 16:19:08.712,271,RECV,7E000F8100052C024E353038302D42484E39F2
06-29-2025 16:19:08.712,272,RECV,7E000F81000630024E363037392D4F524946C5
06-29-2025 16:19:08.731,273,RECV,7E000F81000121024E313037392D4A33354517
06-29-2025 16:19:08.732,274,RECV,7E000F8100052C024E353038312D59514631E1
06-29-2025 16:19:08.732,275,RECV,7E000F81000630024E363038302D555A5146B7
06-29-2025 16:19:08.732,276,RECV,7E000F81000121024E313038302D4B394255FB
06-29-2025 16:19:08.732,277,RECV,7E000F8100062F024E363038312D43354452EF
06-29-2025 16:19:08.732,278,RECV,7E000F81000121024E313038312D5733304516
06-29-2025 16:19:08.732,279,RECV,7E000F81000631024E363038322D4B415948CD
06-29-2025 16:19:08.781,280,RECV,7E000F81000121024E313038322D5557554AC9
06-29-2025 16:19:08.782,281,RECV,7E000F8100062F024E363038332D38515157CA
06-29-2025 16:19:08.782,282,RECV,7E000F81000121024E313038332D46425144F6
06-29-2025 16:19:08.782,283,RECV,7E000F8100062F024E363038342D53415446CC
06-29-2025 16:19:08.782,284,RECV,7E000F81000121024E313038342D4A3752340B
06-29-2025 16:19:08.782,285,RECV,7E000F8100062F024E363038352D46325538F4
06-29-2025 16:19:08.831,286,RECV,7E000F81000121024E313038352D3737364D20
06-29-2025 16:19:08.831,287,RECV,7E000F8100062F024E363038362D414C5555C1
06-29-2025 16:19:08.831,288,RECV,7E000F81000121024E313038362D4C305850EC
06-29-2025 16:19:08.832,289,RECV,7E000F81000631024E363038372D55494550C2
06-29-2025 16:19:08.832,290,RECV,7E000F81000121024E313038372D3449434A05
06-29-2025 16:19:08.832,291,RECV,7E000F8100062F024E363038382D34484938F9
06-29-2025 16:19:08.881,292,RECV,7E000F8100052C024E353039302D4A444251E1
06-29-2025 16:19:08.882,293,RECV,7E000F81000121024E313038382D4B454F4BE4
06-29-2025 16:19:08.882,294,RECV,7E000F8100062F024E363038392D46565247C0
06-29-2025 16:19:08.882,295,RECV,7E000F8100052C024E353039312D4C4C4C47D6
06-29-2025 16:19:08.882,296,RECV,7E000F81000121024E313038392D4E4E4658D3
06-29-2025 16:19:08.882,297,RECV,7E000F8100062F024E363039302D4833454EEF
06-29-2025 16:19:08.882,298,RECV,7E000F81000121024E313039302D323159467D33
06-29-2025 16:19:08.892,299,RECV,7E000F8100062F024E363039312D37514448E8
06-29-2025 16:19:08.892,300,RECV,7E000F8100052B024E353039332D3835464607
06-29-2025 16:19:08.892,301,RECV,7E000F81000121024E313039312D5A543653DD
06-29-2025 16:19:08.913,302,RECV,7E000F81000630024E363039322D434A4948DC
06-29-2025 16:19:08.929,303,RECV,7E000F81000121024E313039322D483438421D
06-29-2025 16:19:08.929,304,RECV,7E000F81000630024E363039332D51345953C8
06-29-2025 16:19:08.929,305,RECV,7E000F8100052B024E353039352D534E384DD8
06-29-2025 16:19:08.929,306,RECV,7E000F81000121024E313039332D5654484DD3
06-29-2025 16:19:08.943,307,RECV,7E000F81000630024E363039342D363142351A
06-29-2025 16:19:08.944,308,RECV,7E000F8100052B024E353039362D443236430E
06-29-2025 16:19:08.944,309,RECV,7E000F8100022A024E323039352D324D46330D
06-29-2025 16:19:09.006,310,RECV,7E000F81000121024E313039342D49535A41DA
06-29-2025 16:19:09.021,311,RECV,7E000F81000630024E363039352D4555545AAF
06-29-2025 16:19:09.021,312,RECV,7E000F8100052B024E353039372D39565934E0
06-29-2025 16:19:09.021,313,RECV,7E000F8100022A024E323039362D58355136F0
06-29-2025 16:19:09.022,314,RECV,7E000F81000121024E313039352D414F5133FC
06-29-2025 16:19:09.022,315,RECV,7E000F81000630024E363039362D4E465851B9
06-29-2025 16:19:09.022,316,RECV,7E000F8100052B024E353039382D59544845C1
06-29-2025 16:19:09.022,317,RECV,7E000F8100022A024E323039372D4F344157E8
06-29-2025 16:19:09.022,318,RECV,7E000F81000121024E313039362D384A313329
06-29-2025 16:19:09.022,319,RECV,7E000F81000630024E363039372D36593353E0
06-29-2025 16:19:09.022,320,RECV,7E000F8100052B024E353039392D594A4139DD
06-29-2025 16:19:09.022,321,RECV,7E000F81000121024E313039372D33355A321A
06-29-2025 16:19:09.022,322,RECV,7E000F81000630024E363039382D30534743E7
06-29-2025 16:19:09.022,323,RECV,7E000F81000121024E313039382D4539503609
06-29-2025 16:19:09.022,324,RECV,7E000F81000631024E363039392D54585949A4
06-29-2025 16:19:09.032,325,RECV,7E000F81000121024E313039392D3446574AF1
