06-03-2025 23:11:23.656,-,API2,"Sink 2,0013A20041839DCA,802.15.4 TH,2003,/dev/ttyUSB2 - 57600/8/M/1/N,1,46"

06-03-2025 23:06:21.686,0,RECV,7E007D318100062D0291004E363030302D4455585135
06-03-2025 23:06:21.687,1,RECV,7E007D318100053402E2004E353030302D424E51340C
06-03-2025 23:06:21.693,2,RECV,7E007D318100073B0266004E373030302D364D354397
06-03-2025 23:06:22.580,3,RECV,7E007D3181000834020B004E383030312D324A5045E0
06-03-2025 23:06:22.580,4,RECV,7E007D318100053302E4004E353030312D4E37574201
06-03-2025 23:06:22.581,5,RECV,7E007D318100062C0293004E363030312D4E44315260
06-03-2025 23:06:22.581,6,RECV,7E007D318100073B0268004E373030312D37534E4176
06-03-2025 23:06:23.485,7,RECV,7E007D3181000833020D004E383030322D51473430F3
06-03-2025 23:06:23.485,8,RECV,7E007D318100053202E6004E353030322D304B4E450F
06-03-2025 23:06:23.485,9,RECV,7E007D318100062C0294004E363030322D4931323493
06-03-2025 23:06:23.511,10,RECV,7E007D318100073A0269004E373030322D4B4A37546E
06-03-2025 23:06:24.389,11,RECV,7E007D3181000834020E004E383030332D54454637D6
06-03-2025 23:06:24.389,12,RECV,7E007D318100053402E7004E353030332D3756413516
06-03-2025 23:06:24.390,13,RECV,7E007D318100062D0295004E363030332D4C4A524345
06-03-2025 23:06:25.293,14,RECV,7E007D3181000833020F004E383030342D5144584DB1
06-03-2025 23:06:25.294,15,RECV,7E007D318100053302E8004E353030342D444430540C
06-03-2025 23:06:25.294,16,RECV,7E007D318100062C0296004E363030342D374C59553E
06-03-2025 23:06:26.198,17,RECV,7E007D31810008350212004E383030352D305A3754D0
06-03-2025 23:06:26.198,18,RECV,7E007D318100053502E9004E353030352D50324C4402
06-03-2025 23:06:26.198,19,RECV,7E007D318100062F0298004E363030352D324237427C
06-03-2025 23:06:27.102,20,RECV,7E007D3181000837027D33004E383030362D4754584EA0
06-03-2025 23:06:27.103,21,RECV,7E007D318100053602EB004E353030362D54495443DC
06-03-2025 23:06:27.104,22,RECV,7E007D318100073D0270004E373030362D355659514B
06-03-2025 23:06:27.104,23,RECV,7E007D31810006300299004E363030362D444A55364D
06-03-2025 23:06:28.005,24,RECV,7E007D31810008370214004E383030372D4734474FCE
06-03-2025 23:06:28.006,25,RECV,7E007D318100053802EC004E353030372D50465151D4
06-03-2025 23:06:28.006,26,RECV,7E007D318100073F0271004E373030372D464959494B
06-03-2025 23:06:28.006,27,RECV,7E007D3181000630029A004E363030372D5442543941
06-03-2025 23:06:28.879,28,RECV,7E007D31810008340215004E383030382D3145363103
06-03-2025 23:06:28.880,29,RECV,7E007D318100053302ED004E353030382D54304E50ED
06-03-2025 23:06:28.909,30,RECV,7E007D318100073B0272004E373030382D3555364876
06-03-2025 23:06:28.910,31,RECV,7E007D318100062B029B004E363030382D594A43344D
06-03-2025 23:06:29.814,32,RECV,7E007D31810008340218004E383030392D44433643DC
06-03-2025 23:06:29.814,33,RECV,7E007D318100053402F0004E353030392D324C5852E2
06-03-2025 23:06:29.815,34,RECV,7E007D318100073C0274004E373030392D4142344F74
06-03-2025 23:06:29.816,35,RECV,7E007D318100062D029D004E363030392D473545356C
06-03-2025 23:06:30.669,36,RECV,7E007D3181000835021A004E383031302D46575932B9
06-03-2025 23:06:30.719,37,RECV,7E007D318100053502F2004E353031302D4E525542D8
06-03-2025 23:06:30.719,38,RECV,7E007D318100073C0275004E373031302D504D594348
06-03-2025 23:06:30.721,39,RECV,7E007D318100062E029E004E363031302D575045413B
06-03-2025 23:06:31.583,40,RECV,7E007D3181000835021B004E383031312D39344541EC
06-03-2025 23:06:31.583,41,RECV,7E007D318100053502F3004E353031312D31314C332C
06-03-2025 23:06:31.623,42,RECV,7E007D318100073C0276004E373031312D4A46544358
06-03-2025 23:06:31.624,43,RECV,7E007D318100062E029F004E363031312D4B4852542D
06-03-2025 23:06:32.477,44,RECV,7E007D3181000837021C004E383031322D534F3848B9
06-03-2025 23:06:32.488,45,RECV,7E007D318100053802F4004E353031322D59345445E2
06-03-2025 23:06:32.508,46,RECV,7E007D318100073D0277004E373031322D314B574C5D
06-03-2025 23:06:32.508,47,RECV,7E007D318100063102A0004E363031322D545A35542A
06-03-2025 23:06:33.381,48,RECV,7E007D3181000832021D004E383031332D57574C5292
06-03-2025 23:06:33.381,49,RECV,7E007D318100053302F5004E353031332D56354D4DE6
06-03-2025 23:06:33.432,50,RECV,7E007D318100073A0278004E373031332D5456533947
06-03-2025 23:06:33.432,51,RECV,7E007D318100062A02A1004E363031332D52314C494E
06-03-2025 23:06:34.286,52,RECV,7E007D31810008330220004E383031342D32514449C9
06-03-2025 23:06:34.286,53,RECV,7E007D318100053302F6004E353031342D4B305550E9
06-03-2025 23:06:34.336,54,RECV,7E007D318100073A027B004E373031342D55584A453D
06-03-2025 23:06:34.336,55,RECV,7E007D318100062C02A4004E363031342D48304D4655
06-03-2025 23:06:35.190,56,RECV,7E007D31810008340221004E383031352D36593451C2
06-03-2025 23:06:35.194,57,RECV,7E007D318100053302F8004E353031352D4843304209
06-03-2025 23:06:35.241,58,RECV,7E007D318100073B027D5D004E373031352D39343431A3
06-03-2025 23:06:35.241,59,RECV,7E007D318100062C02A5004E363031352D3448314D64
06-03-2025 23:06:36.096,60,RECV,7E007D31810008330222004E383031362D324D5136CF
06-03-2025 23:06:36.096,61,RECV,7E007D318100053402F9004E353031362D424C4759D5
06-03-2025 23:06:36.146,62,RECV,7E007D318100073B027D5E004E373031362D374E383185
06-03-2025 23:06:36.147,63,RECV,7E007D318100062C02A6004E363031362D325433495A
06-03-2025 23:06:37.000,64,RECV,7E007D31810008330223004E383031372D35554D35C7
06-03-2025 23:06:37.000,65,RECV,7E007D318100053402FA004E353031372D4E424557D5
06-03-2025 23:06:37.020,66,RECV,7E007D318100073B027F004E373031372D3944565648
06-03-2025 23:06:37.020,67,RECV,7E007D318100062C02A7004E363031372D395A463051
06-03-2025 23:06:37.904,68,RECV,7E007D31810008320226004E383031382D4C395154A6
06-03-2025 23:06:37.905,69,RECV,7E007D318100053402FC004E353031382D324E4850E6
06-03-2025 23:06:37.955,70,RECV,7E007D318100073A0282004E373031382D345444346E
06-03-2025 23:06:37.955,71,RECV,7E007D318100062C02A9004E363031382D333151386A
06-03-2025 23:06:38.809,72,RECV,7E007D31810008320228004E383031392D334B4752B6
06-03-2025 23:06:38.809,73,RECV,7E007D318100053302FE004E353031392D3130534107
06-03-2025 23:06:38.819,74,RECV,7E007D318100073A0283004E373031392D49334A4B5B
06-03-2025 23:06:38.822,75,RECV,7E007D318100062B02AA004E363031392D3243374E5C
06-03-2025 23:06:39.713,76,RECV,7E007D31810008320229004E383032302D49414845BD
06-03-2025 23:06:39.713,77,RECV,7E007D318100053102FF004E353032302D4C573456D8
06-03-2025 23:06:39.713,78,RECV,7E007D318100073A0284004E373032302D3138554570
06-03-2025 23:06:39.733,79,RECV,7E007D318100062B02AB004E363032302D334E425149
06-03-2025 23:06:40.578,80,RECV,7E007D3181000838022A004E383032312D4C304352BB
06-03-2025 23:06:40.617,81,RECV,7E007D31810005370201004E353032312D49344B55DF
06-03-2025 23:06:40.618,82,RECV,7E007D318100073D0285004E373032312D3158394666
06-03-2025 23:06:40.668,83,RECV,7E007D318100063002AC004E363032312D5651354D2D
06-03-2025 23:06:41.473,84,RECV,7E007D3181000837022B004E383032322D3352534FA4
06-03-2025 23:06:41.523,85,RECV,7E007D31810005360202004E353032322D47585231D9
06-03-2025 23:06:41.523,86,RECV,7E007D318100073C0286004E373032322D5243394C53
06-03-2025 23:06:41.524,87,RECV,7E007D318100062F02AD004E363032322D484E395531
06-03-2025 23:06:42.377,88,RECV,7E007D3181000835022D004E383032332D594152528C
06-03-2025 23:06:42.428,89,RECV,7E007D31810005350205004E353032332D48453142F8
06-03-2025 23:06:42.478,90,RECV,7E007D318100062D02AF004E363032332D365446552F
06-03-2025 23:06:43.281,91,RECV,7E007D3181000834022E004E383032342D3433385AD0
06-03-2025 23:06:43.332,92,RECV,7E007D31810005340207004E353032342D3337313427
06-03-2025 23:06:43.332,93,RECV,7E007D318100073C0289004E373032342D4F46385546
06-03-2025 23:06:43.339,94,RECV,7E007D318100062E02B1004E363032342D584C4A4C16
06-03-2025 23:06:44.186,95,RECV,7E007D3181000836022F004E383032352D56305A5293
06-03-2025 23:06:44.237,96,RECV,7E007D31810005340208004E353032352D54393154E2
06-03-2025 23:06:44.238,97,RECV,7E007D318100073C028A004E373032352D4245353575
06-03-2025 23:06:44.286,98,RECV,7E007D318100062E02B2004E363032352D594F4B3823
06-03-2025 23:06:45.089,99,RECV,7E007D31810008330230004E383032362D50465231AD
06-03-2025 23:06:45.120,100,RECV,7E007D31810005330209004E353032362D34375646EC
06-03-2025 23:06:45.141,101,RECV,7E007D318100073B028B004E373032362D524F4B3445
06-03-2025 23:06:45.141,102,RECV,7E007D318100062C02B3004E363032362D31334C4D51
06-03-2025 23:06:45.994,103,RECV,7E007D31810008330233004E383032372D38514F45A5
06-03-2025 23:06:46.044,104,RECV,7E007D3181000532020B004E353032372D57553846C7
06-03-2025 23:06:46.045,105,RECV,7E007D318100073B028E004E373032372D54365A4E2F
06-03-2025 23:06:46.094,106,RECV,7E007D318100062C02B5004E363032372D44344A4B3E
06-03-2025 23:06:46.898,107,RECV,7E007D31810008380235004E383032382D5744595175
06-03-2025 23:06:46.898,108,RECV,7E007D3181000536020D004E353032382D45593346D3
06-03-2025 23:06:46.949,109,RECV,7E007D318100073D028F004E373032382D493857493C
06-03-2025 23:06:46.951,110,RECV,7E007D318100063002B6004E363032382D4146385531
06-03-2025 23:06:47.802,111,RECV,7E007D31810008380236004E383032392D48344845AF
06-03-2025 23:06:47.852,112,RECV,7E007D3181000537020E004E353032392D35555254B7
06-03-2025 23:06:47.853,113,RECV,7E007D318100073F0290004E373032392D433234416F
06-03-2025 23:06:47.853,114,RECV,7E007D318100063002B7004E363032392D554A43540D
06-03-2025 23:06:48.706,115,RECV,7E007D31810008340237004E383033302D3445424CBC
06-03-2025 23:06:48.706,116,RECV,7E007D3181000532020F004E353033302D37324649FB
06-03-2025 23:06:48.756,117,RECV,7E007D318100073A0291004E373033302D5139494E44
06-03-2025 23:06:48.757,118,RECV,7E007D318100062C02B8004E363033302D4D37444244
06-03-2025 23:06:49.609,119,RECV,7E007D31810008320238004E383033312D5256424A8F
06-03-2025 23:06:49.610,120,RECV,7E007D31810005330210004E353033312D4C374B35ED
06-03-2025 23:06:49.659,121,RECV,7E007D318100073B0292004E373033312D5856494B20
06-03-2025 23:06:49.660,122,RECV,7E007D318100062C02B9004E363033312D4A434C5A19
06-03-2025 23:06:50.513,123,RECV,7E007D3181000834023A004E383033322D5A51474C80
06-03-2025 23:06:50.513,124,RECV,7E007D3181000534027D33004E353033322D4D504432D8
06-03-2025 23:06:50.563,125,RECV,7E007D318100073C0294004E373033322D3034473281
06-03-2025 23:06:50.563,126,RECV,7E007D318100062C02BB004E363033322D5351314B29
06-03-2025 23:06:51.417,127,RECV,7E007D3181000834023B004E383033332D4C36574F94
06-03-2025 23:06:51.418,128,RECV,7E007D31810005340215004E353033332D344E3756D9
06-03-2025 23:06:51.467,129,RECV,7E007D318100073C0295004E373033332D45474D443F
06-03-2025 23:06:51.468,130,RECV,7E007D318100062D02BD004E363033332D3346494D36
06-03-2025 23:06:52.302,131,RECV,7E007D3181000835023C004E383033342D32304F4BBD
06-03-2025 23:06:52.322,132,RECV,7E007D31810005340216004E353033342D5A544638BA
06-03-2025 23:06:52.372,133,RECV,7E007D318100073C0296004E373033342D514535444B
06-03-2025 23:06:52.372,134,RECV,7E007D318100062E02BE004E363033342D5634413146
06-03-2025 23:06:53.226,135,RECV,7E007D3181000835023D004E383033352D484A474F8F
06-03-2025 23:06:53.232,136,RECV,7E007D31810005340217004E353033352D4D513459B9
06-03-2025 23:06:53.276,137,RECV,7E007D318100073E0297004E373033352D5936445033
06-03-2025 23:06:53.277,138,RECV,7E007D318100062F02BF004E363033352D4439553835
06-03-2025 23:06:54.080,139,RECV,7E007D31810008360240004E383033362D33454251A7
06-03-2025 23:06:54.130,140,RECV,7E007D3181000536021A004E353033362D43574F42B3
06-03-2025 23:06:54.180,141,RECV,7E007D318100073E0299004E373033362D4435545432
06-03-2025 23:06:54.180,142,RECV,7E007D318100062F02C1004E363033362D4450345A1A
06-03-2025 23:06:54.995,143,RECV,7E007D31810008370242004E383033372D445056596B
06-03-2025 23:06:55.034,144,RECV,7E007D3181000536021C004E353033372D50584939B1
06-03-2025 23:06:55.084,145,RECV,7E007D318100073E029A004E373033372D514E4B3334
06-03-2025 23:06:55.097,146,RECV,7E007D318100062F02C2004E363033372D5335465A12
06-03-2025 23:06:55.889,147,RECV,7E007D31810008370243004E383033382D5457363497
06-03-2025 23:06:55.939,148,RECV,7E007D3181000536021D004E353033382D52563032CF
06-03-2025 23:06:55.990,149,RECV,7E007D318100073E029B004E373033382D334B5A591E
06-03-2025 23:06:56.021,150,RECV,7E007D318100063002C3004E363033382D523338304A
06-03-2025 23:06:56.793,151,RECV,7E007D31810008370244004E383033392D444B3139B1
06-03-2025 23:06:56.844,152,RECV,7E007D3181000536021E004E353033392D51473838CF
06-03-2025 23:06:56.894,153,RECV,7E007D318100073F029C004E373033392D4B52544714
06-03-2025 23:06:56.913,154,RECV,7E007D318100063002C4004E363033392D3244493442
06-03-2025 23:06:57.698,155,RECV,7E007D31810008360245004E383034302D3450524D8F
06-03-2025 23:06:57.748,156,RECV,7E007D3181000536021F004E353034302D48384456C4
06-03-2025 23:06:57.798,157,RECV,7E007D318100073F029E004E373034302D43434A374B
06-03-2025 23:06:57.811,158,RECV,7E007D318100063002C6004E363034302D5748484C08
06-03-2025 23:06:58.602,159,RECV,7E007D31810008350248004E383034312D4846584584
06-03-2025 23:06:58.652,160,RECV,7E007D31810005350221004E353034312D564A415AA1
06-03-2025 23:06:58.703,161,RECV,7E007D318100073E02A0004E373034312D5532453252
06-03-2025 23:06:58.731,162,RECV,7E007D318100062E02C7004E363034312D3953554A10
06-03-2025 23:06:59.507,163,RECV,7E007D3181000834024A004E383034322D36465933A5
06-03-2025 23:06:59.558,164,RECV,7E007D31810005340223004E353034322D52364441CD
06-03-2025 23:06:59.608,165,RECV,7E007D318100073C02A1004E373034322D4F4C4B4327
06-03-2025 23:06:59.608,166,RECV,7E007D318100062D02C8004E363034322D4558485500
06-03-2025 23:07:00.411,167,RECV,7E007D3181000833024B004E383034332D45373931C6
06-03-2025 23:07:00.462,168,RECV,7E007D31810005330224004E353034332D42324D4ECA
06-03-2025 23:07:00.512,169,RECV,7E007D318100073A02A2004E373034332D4553344341
06-03-2025 23:07:00.547,170,RECV,7E007D318100062C02C9004E363034332D4441474B22
06-03-2025 23:07:01.316,171,RECV,7E007D3181000832024C004E383034342D43314D32B8
06-03-2025 23:07:01.366,172,RECV,7E007D31810005310225004E353034342D55345A32C4
06-03-2025 23:07:01.366,173,RECV,7E007D318100073A02A3004E373034342D4C494B531B
06-03-2025 23:07:01.416,174,RECV,7E007D318100063002CA004E363034342D544836570A
06-03-2025 23:07:02.220,175,RECV,7E007D3181000835024F004E383034352D4845414D89
06-03-2025 23:07:02.230,176,RECV,7E007D31810005370227004E353034352D37433841DD
06-03-2025 23:07:02.320,177,RECV,7E007D318100073A02A5004E373034352D464E49521C
06-03-2025 23:07:02.321,178,RECV,7E007D318100062E02CC004E363034352D4737485418
06-03-2025 23:07:03.124,179,RECV,7E007D31810008370250004E383034362D47354A38A2
06-03-2025 23:07:03.125,180,RECV,7E007D31810005360229004E353034362D3431514ECA
06-03-2025 23:07:03.175,181,RECV,7E007D318100073F02A7004E373034362D394B59590D
06-03-2025 23:07:03.225,182,RECV,7E007D318100063002CD004E363034362D4545374726
06-03-2025 23:07:03.989,183,RECV,7E007D31810008360251004E383034372D39453649A2
06-03-2025 23:07:04.029,184,RECV,7E007D3181000537022A004E353034372D42555231B1
06-03-2025 23:07:04.089,185,RECV,7E007D318100073E02A8004E373034372D4F58364520
06-03-2025 23:07:04.129,186,RECV,7E007D318100062F02CE004E363034372D414B394424
06-03-2025 23:07:04.933,187,RECV,7E007D31810008360252004E383034382D3059444C84
06-03-2025 23:07:04.937,188,RECV,7E007D3181000535022B004E353034382D495A48459B
06-03-2025 23:07:04.983,189,RECV,7E007D318100073D02A9004E373034382D3941443350
06-03-2025 23:07:05.033,190,RECV,7E007D318100062E02CF004E363034382D5831454717
06-03-2025 23:07:05.786,191,RECV,7E007D31810008340254004E383034392D5537435A73
06-03-2025 23:07:05.836,192,RECV,7E007D3181000531022D004E353034392D5947554E89
06-03-2025 23:07:05.886,193,RECV,7E007D318100073A02AC004E373034392D4E38584A18
06-03-2025 23:07:05.936,194,RECV,7E007D318100062C02D1004E363034392D3030423356
06-03-2025 23:07:06.700,195,RECV,7E007D31810008340256004E383035302D5A5353534F
06-03-2025 23:07:06.740,196,RECV,7E007D3181000532022F004E353035302D444B4841B9
06-03-2025 23:07:06.790,197,RECV,7E007D318100073A02AD004E373035302D4353564F0C
06-03-2025 23:07:06.840,198,RECV,7E007D318100063002D2004E363035302D4143313445
06-03-2025 23:07:07.594,199,RECV,7E007D31810008330257004E383035312D495A514F5E
06-03-2025 23:07:07.644,200,RECV,7E007D31810005330230004E353035312D36454757B5
06-03-2025 23:07:07.695,201,RECV,7E007D318100073B02AE004E373035312D515242540B
06-03-2025 23:07:07.744,202,RECV,7E007D318100062C02D3004E363035312D415A52390A
06-03-2025 23:07:08.498,203,RECV,7E007D31810008320258004E383035322D30354C42AD
06-03-2025 23:07:08.548,204,RECV,7E007D31810005310231004E353035322D47525A4992
06-03-2025 23:07:08.599,205,RECV,7E007D318100073A02AF004E373035322D4256484320
06-03-2025 23:07:08.648,206,RECV,7E007D318100062A02D4004E363035322D34474F3630
06-03-2025 23:07:09.403,207,RECV,7E007D31810008340259004E383035332D5849453284
06-03-2025 23:07:09.453,208,RECV,7E007D31810005340232004E353035332D34493453C5
06-03-2025 23:07:09.553,209,RECV,7E007D318100062D02D5004E363035332D564D564EE4
06-03-2025 23:07:10.306,210,RECV,7E007D3181000835025C004E383035342D4751454179
06-03-2025 23:07:10.356,211,RECV,7E007D31810005340235004E353035342D4F4256419D
06-03-2025 23:07:10.407,212,RECV,7E007D318100073C02B2004E373035342D5942434B7D33
06-03-2025 23:07:10.457,213,RECV,7E007D318100062E02D7004E363035342D4E324F5008
06-03-2025 23:07:11.210,214,RECV,7E007D3181000834025E004E383035352D5A50424663
06-03-2025 23:07:11.261,215,RECV,7E007D31810005340237004E353035352D59344A32B9
06-03-2025 23:07:11.311,216,RECV,7E007D318100073C02B3004E373035352D315956477D33
06-03-2025 23:07:11.361,217,RECV,7E007D318100062D02D8004E363035352D5931464C0A
06-03-2025 23:07:12.115,218,RECV,7E007D3181000835025F004E383035362D5A52474F50
06-03-2025 23:07:12.165,219,RECV,7E007D31810005350238004E353035362D5A394F4F8E
06-03-2025 23:07:12.215,220,RECV,7E007D318100073E02B4004E373035362D354F354A33
06-03-2025 23:07:12.265,221,RECV,7E007D318100062F02D9004E363035362D594A4457E4
06-03-2025 23:07:13.018,222,RECV,7E007D31810008370260004E383035372D4D314B576E
06-03-2025 23:07:13.068,223,RECV,7E007D31810005340239004E353035372D39364547C3
06-03-2025 23:07:13.118,224,RECV,7E007D318100073E02B5004E373035372D52345A55FF
06-03-2025 23:07:13.168,225,RECV,7E007D318100062F02DA004E363035372D54594F4DD7
06-03-2025 23:07:13.922,226,RECV,7E007D31810008370262004E383035382D4150585949
06-03-2025 23:07:13.972,227,RECV,7E007D3181000537023B004E353035382D43594533A4
06-03-2025 23:07:14.023,228,RECV,7E007D318100073F02B8004E373035382D375344461B
06-03-2025 23:07:14.073,229,RECV,7E007D318100063002DD004E363035382D434232580C
06-03-2025 23:07:14.826,230,RECV,7E007D31810008380263004E383035392D35303239B8
06-03-2025 23:07:14.876,231,RECV,7E007D3181000537023D004E353035392D4435515893
06-03-2025 23:07:14.926,232,RECV,7E007D318100073F02BA004E373035392D42524A54FA
06-03-2025 23:07:14.947,233,RECV,7E007D318100063102DE004E363035392D434F425AEA
06-03-2025 23:07:15.710,234,RECV,7E007D31810008380264004E383036302D4B4C4B5A53
06-03-2025 23:07:15.780,235,RECV,7E007D3181000537023E004E353036302D324C5134B9
06-03-2025 23:07:15.830,236,RECV,7E007D318100074002BB004E373036302D475843361A
06-03-2025 23:07:15.880,237,RECV,7E007D318100063002DF004E363036302D46374F55FF
06-03-2025 23:07:16.635,238,RECV,7E007D31810008370265004E383036312D5731493687
06-03-2025 23:07:16.685,239,RECV,7E007D3181000536023F004E353036312D354E485898
06-03-2025 23:07:16.735,240,RECV,7E007D318100073F02BC004E373036312D4B4A5059F3
06-03-2025 23:07:16.756,241,RECV,7E007D318100062F02E0004E363036312D414D494CFC
06-03-2025 23:07:17.489,242,RECV,7E007D31810008370266004E383036322D47414E3581
06-03-2025 23:07:17.549,243,RECV,7E007D31810005340240004E353036322D3130334ED9
06-03-2025 23:07:17.639,244,RECV,7E007D318100073D02BD004E373036322D3439504F25
06-03-2025 23:07:17.690,245,RECV,7E007D318100062F02E1004E363036322D4F465355E0
06-03-2025 23:07:18.404,246,RECV,7E007D31810008360269004E383036332D4F4B373880
06-03-2025 23:07:18.494,247,RECV,7E007D31810005350241004E353036332D3443585693
06-03-2025 23:07:18.544,248,RECV,7E007D318100073E02C0004E373036332D43474F480B
06-03-2025 23:07:18.564,249,RECV,7E007D318100062F02E4004E363036332D4335585AEF
06-03-2025 23:07:19.297,250,RECV,7E007D3181000835026A004E383036342D47414B4B6A
06-03-2025 23:07:19.348,251,RECV,7E007D31810005340243004E353036342D5941304D9F
06-03-2025 23:07:19.448,252,RECV,7E007D318100073D02C1004E373036342D35504A3428
06-03-2025 23:07:19.499,253,RECV,7E007D318100062E02E6004E363036342D554133420C
06-03-2025 23:07:20.203,254,RECV,7E007D3181000835026B004E383036352D4251353688
06-03-2025 23:07:20.253,255,RECV,7E007D31810005340244004E353036352D304F324BB8
06-03-2025 23:07:20.353,256,RECV,7E007D318100073D02C2004E373036352D3253593615
06-03-2025 23:07:20.384,257,RECV,7E007D318100062E02E7004E363036352D3733554D09
06-03-2025 23:07:21.107,258,RECV,7E007D3181000834026C004E383036362D5643425A50
06-03-2025 23:07:21.157,259,RECV,7E007D31810005330245004E353036362D54363750A2
06-03-2025 23:07:21.257,260,RECV,7E007D318100073B02C3004E373036362D464A45391B
06-03-2025 23:07:21.307,261,RECV,7E007D318100062C02E8004E363036362D354E41371A
06-03-2025 23:07:22.011,262,RECV,7E007D3181000834026F004E383036372D4D4441505F
06-03-2025 23:07:22.061,263,RECV,7E007D31810005320248004E353036372D35463844B9
06-03-2025 23:07:22.161,264,RECV,7E007D318100073B02C5004E373036372D4648514AFD
06-03-2025 23:07:22.184,265,RECV,7E007D318100062C02EA004E363036372D4A37454606
06-03-2025 23:07:22.915,266,RECV,7E007D31810008330271004E383036382D3534564D73
06-03-2025 23:07:22.966,267,RECV,7E007D3181000532024A004E353036382D55304131B6
06-03-2025 23:07:23.066,268,RECV,7E007D318100073A02C6004E373036382D594F5447E2
06-03-2025 23:07:23.106,269,RECV,7E007D318100062D02EB004E363036382D54585530DE
06-03-2025 23:07:23.819,270,RECV,7E007D31810008390272004E383036392D515931306C
06-03-2025 23:07:23.870,271,RECV,7E007D3181000538024B004E353036392D5354383195
06-03-2025 23:07:23.970,272,RECV,7E007D318100074002C7004E373036392D4E354954FD
06-03-2025 23:07:24.004,273,RECV,7E007D318100063202EC004E363036392D58534850C5
06-03-2025 23:07:24.723,274,RECV,7E007D31810008360273004E383037302D3339515470
06-03-2025 23:07:24.773,275,RECV,7E007D3181000537024C004E353037302D4256584E6F
06-03-2025 23:07:24.873,276,RECV,7E007D318100073F02C8004E373037302D4F554E49EA
06-03-2025 23:07:24.911,277,RECV,7E007D318100063002ED004E363037302D54564530F2
06-03-2025 23:07:25.626,278,RECV,7E007D31810008360274004E383037312D5557535729
06-03-2025 23:07:25.677,279,RECV,7E007D3181000535024D004E353037312D314D3252AB
06-03-2025 23:07:25.777,280,RECV,7E007D318100062F02EE004E363037312D3745385606
06-03-2025 23:07:26.530,281,RECV,7E007D31810008360276004E383037322D4148324978
06-03-2025 23:07:26.581,282,RECV,7E007D3181000534024F004E353037322D57384B349D
06-03-2025 23:07:26.681,283,RECV,7E007D318100073E02CC004E373037322D4158304116
06-03-2025 23:07:26.681,284,RECV,7E007D318100062F02F1004E363037322D42485343EC
06-03-2025 23:07:27.405,285,RECV,7E007D31810008380277004E383037332D395739436C
06-03-2025 23:07:27.485,286,RECV,7E007D31810005360251004E353037332D37344948AA
06-03-2025 23:07:27.585,287,RECV,7E007D318100073A02CE004E373037332D374F5453F4
06-03-2025 23:07:27.586,288,RECV,7E007D318100063002F2004E363037332D52464644E7
06-03-2025 23:07:28.339,289,RECV,7E007D31810008320278004E383037342D344255377A
06-03-2025 23:07:28.389,290,RECV,7E007D31810005310252004E353037342D4E454C4189
06-03-2025 23:07:28.439,291,RECV,7E007D318100073A02CF004E373037342D484D5857DB
06-03-2025 23:07:28.489,292,RECV,7E007D318100062B02F3004E363037342D5736545AD1
06-03-2025 23:07:29.193,293,RECV,7E007D31810008330279004E383037352D573957454D
06-03-2025 23:07:29.294,294,RECV,7E007D31810005320253004E353037352D4E4F45576D
06-03-2025 23:07:29.354,295,RECV,7E007D318100073B02D0004E373037352D304F504A03
06-03-2025 23:07:29.393,296,RECV,7E007D318100062C02F4004E363037352D4D4B3843F6
06-03-2025 23:07:30.098,297,RECV,7E007D3181000835027C004E383037362D4E4B38336F
06-03-2025 23:07:30.198,298,RECV,7E007D31810005340254004E353037362D35573038AE
06-03-2025 23:07:30.248,299,RECV,7E007D318100073C02D3004E373037362D5935574EE4
06-03-2025 23:07:30.298,300,RECV,7E007D318100062D02F7004E363037362D5A37424CE5
06-03-2025 23:07:31.002,301,RECV,7E007D3181000835027D5D004E383037372D32504A396C
06-03-2025 23:07:31.103,302,RECV,7E007D31810005350256004E353037372D4556314989
06-03-2025 23:07:31.153,303,RECV,7E007D318100073E02D4004E373037372D3838495208
06-03-2025 23:07:31.203,304,RECV,7E007D318100063002F9004E363037372D4E385534EF
06-03-2025 23:07:31.906,305,RECV,7E007D3181000838027D5E004E383037382D4A555A3142
06-03-2025 23:07:31.957,306,RECV,7E007D31810005380257004E353037382D57424B3283
06-03-2025 23:07:32.057,307,RECV,7E007D318100074002D5004E373037382D3842304124
06-03-2025 23:07:32.107,308,RECV,7E007D318100062F02FA004E363037382D47444135FC
06-03-2025 23:07:32.811,309,RECV,7E007D3181000833027F004E383037392D424B354F5E
06-03-2025 23:07:32.872,310,RECV,7E007D31810005330258004E353037392D304D3841A6
06-03-2025 23:07:32.962,311,RECV,7E007D318100073B02D6004E373037392D5039434402
06-03-2025 23:07:33.012,312,RECV,7E007D318100062B02FB004E363037392D5239564ED0
06-03-2025 23:07:33.716,313,RECV,7E007D31810008340280004E383038302D305435417B
06-03-2025 23:07:33.766,314,RECV,7E007D3181000533025A004E353038302D4D5758386E
06-03-2025 23:07:33.866,315,RECV,7E007D318100073C02D7004E373038302D544E363808
06-03-2025 23:07:33.916,316,RECV,7E007D318100062C02FD004E363038302D3135433724
06-03-2025 23:07:34.620,317,RECV,7E007D31810008340282004E383038312D4756543849
06-03-2025 23:07:34.670,318,RECV,7E007D3181000534025C004E353038312D544E364B7B
06-03-2025 23:07:34.770,319,RECV,7E007D318100073C02D9004E373038312D4744443412
06-03-2025 23:07:34.820,320,RECV,7E007D318100062C02FE004E363038312D3248575AD7
06-03-2025 23:07:35.524,321,RECV,7E007D31810008340284004E383038322D365946306A
06-03-2025 23:07:35.574,322,RECV,7E007D3181000533025E004E353038322D4158395A70
06-03-2025 23:07:35.674,323,RECV,7E007D318100073C02DA004E373038322D59413351F5
06-03-2025 23:07:35.724,324,RECV,7E007D318100062C02FF004E363038322D323647470A
06-03-2025 23:07:36.428,325,RECV,7E007D31810008340285004E383038332D50424B3858
06-03-2025 23:07:36.478,326,RECV,7E007D3181000534025F004E353038332D5A36555163
06-03-2025 23:07:36.578,327,RECV,7E007D318100073C02DB004E373038332D4730324A1E
06-03-2025 23:07:36.628,328,RECV,7E007D318100062C0201004E363038332D45534C52C7
06-03-2025 23:07:37.332,329,RECV,7E007D31810008330286004E383038342D4642323979
06-03-2025 23:07:37.382,330,RECV,7E007D31810005330260004E353038342D57524D584A
06-03-2025 23:07:37.483,331,RECV,7E007D318100073A02DC004E373038342D4A325651EE
06-03-2025 23:07:37.533,332,RECV,7E007D318100062B0202004E363038342D56375648D1
06-03-2025 23:07:38.236,333,RECV,7E007D31810008380288004E383038352D424B52364F
06-03-2025 23:07:38.286,334,RECV,7E007D31810005370262004E353038352D514953574D
06-03-2025 23:07:38.386,335,RECV,7E007D318100073F02DF004E373038352D57394E49E1
06-03-2025 23:07:38.437,336,RECV,7E007D31810006300204004E363038352D33305058E9
06-03-2025 23:07:39.110,337,RECV,7E007D31810008370289004E383038362D4451424A42
06-03-2025 23:07:39.190,338,RECV,7E007D31810005360264004E353038362D4844583477
06-03-2025 23:07:39.291,339,RECV,7E007D318100073F02E1004E373038362D5A414C46D8
06-03-2025 23:07:39.341,340,RECV,7E007D318100062F0205004E363038362D3754394DE2
06-03-2025 23:07:40.045,341,RECV,7E007D3181000835028A004E383038372D58364D3652
06-03-2025 23:07:40.095,342,RECV,7E007D31810005350265004E353038372D4B45455465
06-03-2025 23:07:40.245,343,RECV,7E007D318100062D0206004E363038372D59535A47A6
06-03-2025 23:07:40.899,344,RECV,7E007D3181000834028B004E383038382D495456313E
06-03-2025 23:07:40.999,345,RECV,7E007D31810005340266004E353038382D43314C5776
06-03-2025 23:07:41.100,346,RECV,7E007D318100073B02E3004E373038382D51395A30F1
06-03-2025 23:07:41.150,347,RECV,7E007D318100062D0207004E363038382D51475051B8
06-03-2025 23:07:41.813,348,RECV,7E007D3181000833028D004E383038392D414F4E552D
06-03-2025 23:07:41.903,349,RECV,7E007D31810005330267004E353038392D585A595829
06-03-2025 23:07:42.003,350,RECV,7E007D318100073B02E6004E373038392D5A49384ED8
06-03-2025 23:07:42.053,351,RECV,7E007D318100062C020A004E363038392D4346414ED6
06-03-2025 23:07:42.706,352,RECV,7E007D3181000834028F004E383039302D4E584E363B
06-03-2025 23:07:42.806,353,RECV,7E007D31810005330269004E353039302D4E33385980
06-03-2025 23:07:42.906,354,RECV,7E007D318100073B02E7004E373039302D364132342B
06-03-2025 23:07:42.956,355,RECV,7E007D318100062C020C004E363039302D55363258DF
06-03-2025 23:07:43.609,356,RECV,7E007D31810008340290004E383039312D515A37473A
06-03-2025 23:07:43.711,357,RECV,7E007D3181000532026A004E353039312D34504E4F70
06-03-2025 23:07:43.810,358,RECV,7E007D318100073D02E8004E373039312D394D4441F9
06-03-2025 23:07:43.860,359,RECV,7E007D318100062D020D004E363039312D56524450B5
06-03-2025 23:07:44.514,360,RECV,7E007D31810008330291004E383039322D494D344652
06-03-2025 23:07:44.614,361,RECV,7E007D3181000532026B004E353039322D32553434A0
06-03-2025 23:07:44.714,362,RECV,7E007D318100073A02E9004E373039322D47344E59E3
06-03-2025 23:07:44.764,363,RECV,7E007D3181000631020E004E363039322D54565A32B5
06-03-2025 23:07:45.417,364,RECV,7E007D31810008330292004E383039332D5341574530
06-03-2025 23:07:45.518,365,RECV,7E007D3181000532026C004E353039332D35394D448E
06-03-2025 23:07:45.618,366,RECV,7E007D318100073A02EA004E373039332D30364B5AF8
06-03-2025 23:07:45.668,367,RECV,7E007D318100062C020F004E363039332D52343549EA
06-03-2025 23:07:46.321,368,RECV,7E007D31810008340295004E383039342D574530543B
06-03-2025 23:07:46.422,369,RECV,7E007D3181000534026F004E353039342D564C41564E
06-03-2025 23:07:46.522,370,RECV,7E007D318100073C02EC004E373039342D3639374315
06-03-2025 23:07:46.572,371,RECV,7E007D318100062D027D31004E363039342D575A5632B1
06-03-2025 23:07:47.225,372,RECV,7E007D31810008350297004E383039352D464646572E
06-03-2025 23:07:47.296,373,RECV,7E007D31810005340271004E353039352D57515A582A
06-03-2025 23:07:47.426,374,RECV,7E007D318100073D02ED004E373039352D53574534D8
06-03-2025 23:07:47.476,375,RECV,7E007D318100062E0212004E363039352D41344E41E3
06-03-2025 23:07:48.129,376,RECV,7E007D31810008380298004E383039362D48334B3359
06-03-2025 23:07:48.229,377,RECV,7E007D31810005370272004E353039362D524D333875
06-03-2025 23:07:48.329,378,RECV,7E007D318100074002EE004E373039362D39385A33F8
06-03-2025 23:07:48.379,379,RECV,7E007D3181000631027D33004E363039362D45524556B0
06-03-2025 23:07:49.033,380,RECV,7E007D31810008360299004E383039372D5330354951
06-03-2025 23:07:49.083,381,RECV,7E007D31810005360273004E353039372D474F4E4A50
06-03-2025 23:07:49.233,382,RECV,7E007D318100073E02EF004E373039372D574D3832E8
06-03-2025 23:07:49.283,383,RECV,7E007D318100062E0214004E363039372D30325A4FD8
06-03-2025 23:07:49.997,384,RECV,7E007D31810005380275004E353039382D4E50594D35
06-03-2025 23:07:50.107,385,RECV,7E007D318100074102F2004E373039382D44563856C7
06-03-2025 23:07:50.187,386,RECV,7E007D31810006310217004E363039382D5A353342D8
06-03-2025 23:07:50.841,387,RECV,7E007D3181000839029C004E383039392D525A564305
06-03-2025 23:07:50.891,388,RECV,7E007D31810005380277004E353039392D464D4C3067
06-03-2025 23:07:51.041,389,RECV,7E007D318100073D02F4004E373039392D49513041E5
06-03-2025 23:07:51.091,390,RECV,7E007D318100062C0218004E363039392D323737340B
