06-27-2025 03:02:04.027,-,API2,"Sink 2,0013A20041839DCA,802.15.4 TH,2003,/dev/ttyUSB2 - 57600/8/M/1/N,1,46"

06-27-2025 03:01:28.444,0,RECV,7E000F8100042B024E343030302D30544C4DF1
06-27-2025 03:01:28.445,1,RECV,7E000F81000630024E363030302D3942333324
06-27-2025 03:01:28.446,2,RECV,7E000F81000731024E373030302D445A4643DB
06-27-2025 03:01:28.455,3,RECV,7E000F8100042B024E343030312D305A484EED
06-27-2025 03:01:28.457,4,RECV,7E000F81000830024E383030302D333952350E
06-27-2025 03:01:28.496,5,RECV,7E000F81000731024E373030312D423230530A
06-27-2025 03:01:28.496,6,RECV,7E000F8100062F024E363030312D46594F30E7
06-27-2025 03:01:28.496,7,RECV,7E000F8100042A024E343030322D314E4D50F1
06-27-2025 03:01:28.496,8,RECV,7E000F81000830024E383030312D584A4D33DE
06-27-2025 03:01:28.496,9,RECV,7E000F8100062F024E363030322D49315647ED
06-27-2025 03:01:28.496,10,RECV,7E000F81000731024E373030322D41594D55C4
06-27-2025 03:01:28.496,11,RECV,7E000F8100042B024E343030332D43474246F9
06-27-2025 03:01:28.496,12,RECV,7E000F81000831024E383030322D46425135F0
06-27-2025 03:01:28.545,13,RECV,7E000F81000630024E363030332D5A4C3936ED
06-27-2025 03:01:28.555,14,RECV,7E000F81000731024E373030332D5A36524CD1
06-27-2025 03:01:28.568,15,RECV,7E000F8100042B024E343030342D4135564CF2
06-27-2025 03:01:28.571,16,RECV,7E000F81000831024E383030332D43505058C2
06-27-2025 03:01:28.571,17,RECV,7E000F81000630024E363030342D53394C53D6
06-27-2025 03:01:28.571,18,RECV,7E000F81000732024E373030342D59564D5AA7
06-27-2025 03:01:28.571,19,RECV,7E000F8100042B024E343030352D49494958D6
06-27-2025 03:01:28.571,20,RECV,7E000F81000831024E383030342D47324744F8
06-27-2025 03:01:28.595,21,RECV,7E000F8100062F024E363030352D4C34385AEF
06-27-2025 03:01:28.595,22,RECV,7E000F81000732024E373030352D5A355450C9
06-27-2025 03:01:28.595,23,RECV,7E000F8100042B024E343030362D4D32524FE8
06-27-2025 03:01:28.595,24,RECV,7E000F81000830024E383030352D4F354139FE
06-27-2025 03:01:28.645,25,RECV,7E000F81000631024E363030362D56424953CA
06-27-2025 03:01:28.646,26,RECV,7E000F81000731024E373030362D39575235E5
06-27-2025 03:01:28.646,27,RECV,7E000F8100042B024E343030372D4548453203
06-27-2025 03:01:28.646,28,RECV,7E000F81000830024E383030362D584A3338EE
06-27-2025 03:01:28.646,29,RECV,7E000F81000630024E363030372D4C46353700
06-27-2025 03:01:28.646,30,RECV,7E000F81000732024E373030372D54464630EA
06-27-2025 03:01:28.646,31,RECV,7E000F8100042B024E343030382D554E4A54C5
06-27-2025 03:01:28.646,32,RECV,7E000F81000831024E383030372D54524C30D7
06-27-2025 03:01:28.646,33,RECV,7E000F81000630024E363030382D44383558F4
06-27-2025 03:01:28.646,34,RECV,7E000F81000732024E373030382D4D424A36EA
06-27-2025 03:01:28.695,35,RECV,7E000F8100042B024E343030392D4E37524EE0
06-27-2025 03:01:28.703,36,RECV,7E000F81000831024E383030382D31324C56F3
06-27-2025 03:01:28.704,37,RECV,7E000F81000631024E363030392D52563250D1
06-27-2025 03:01:28.704,38,RECV,7E000F81000731024E373030392D53374939ED
06-27-2025 03:01:28.704,39,RECV,7E000F8100042B024E343031302D43424B310C
06-27-2025 03:01:28.704,40,RECV,7E000F81000831024E383030392D4C475557B8
06-27-2025 03:01:28.726,41,RECV,7E000F81000630024E363031302D41475956CD
06-27-2025 03:01:28.727,42,RECV,7E000F81000732024E373031302D3730343332
06-27-2025 03:01:28.727,43,RECV,7E000F8100042B024E343031312D444E5539EC
06-27-2025 03:01:28.727,44,RECV,7E000F81000830024E383031302D444E3858DE
06-27-2025 03:01:28.728,45,RECV,7E000F81000631024E363031312D5454574CB7
06-27-2025 03:01:28.728,46,RECV,7E000F81000732024E373031312D30345059F2
06-27-2025 03:01:28.728,47,RECV,7E000F8100042B024E343031322D32543257FC
06-27-2025 03:01:28.728,48,RECV,7E000F81000831024E383031312D514E4433E8
06-27-2025 03:01:28.745,49,RECV,7E000F81000631024E363031322D335A305AEA
06-27-2025 03:01:28.745,50,RECV,7E000F8100042B024E343031332D374B3955FA
06-27-2025 03:01:28.766,51,RECV,7E000F81000831024E383031322D4A5A4659BA
06-27-2025 03:01:28.796,52,RECV,7E000F81000631024E363031332D3354504BDE
06-27-2025 03:01:28.796,53,RECV,7E000F8100042A024E343031342D52515552C0
06-27-2025 03:01:28.796,54,RECV,7E000F81000630024E363031342D5947444AD2
06-27-2025 03:01:28.806,55,RECV,7E000F8100042B024E343031352D45324A4205
06-27-2025 03:01:28.845,56,RECV,7E000F81000631024E363031352D3845433608
06-27-2025 03:01:28.863,57,RECV,7E000F8100042B024E343031362D56503156DA
06-27-2025 03:01:28.874,58,RECV,7E000F81000630024E363031362D41374F41F6
06-27-2025 03:01:28.874,59,RECV,7E000F8100042B024E343031372D5A544932DD
06-27-2025 03:01:28.874,60,RECV,7E000F81000832024E383031362D38484651E1
06-27-2025 03:01:28.874,61,RECV,7E000F81000732024E373031362D43415756C9
06-27-2025 03:01:28.896,62,RECV,7E000F8100042A024E343031382D584B4753C9
06-27-2025 03:01:28.896,63,RECV,7E000F81000731024E373031372D5739594EC3
06-27-2025 03:01:28.916,64,RECV,7E000F81000731024E373031382D5A4A4835D8
06-27-2025 03:01:28.947,65,RECV,7E000F8100042A024E343032302D4A555554C5
06-27-2025 03:01:28.948,66,RECV,7E000F81000732024E373031392D55304B35F2
06-27-2025 03:01:28.968,67,RECV,7E000F8100042B024E343032312D464D5058D0
06-27-2025 03:01:28.968,68,RECV,7E000F81000630024E363032302D52593652D0
06-27-2025 03:01:28.968,69,RECV,7E000F81000731024E373032302D4B424F47DD
06-27-2025 03:01:28.996,70,RECV,7E000F81000830024E383032312D33315747FC
06-27-2025 03:01:29.020,71,RECV,7E000F8100042B024E343032322D51564F34E0
06-27-2025 03:01:29.029,72,RECV,7E000F81000630024E363032312D53504942D4
06-27-2025 03:01:29.030,73,RECV,7E000F81000731024E373032312D54555757A8
06-27-2025 03:01:29.037,74,RECV,7E000F81000830024E383032322D4F44414CDD
06-27-2025 03:01:29.037,75,RECV,7E000F8100042B024E343032332D3346443418
06-27-2025 03:01:29.037,76,RECV,7E000F8100062F024E363032322D454A3541FD
06-27-2025 03:01:29.037,77,RECV,7E000F81000731024E373032322D5952314AD8
06-27-2025 03:01:29.038,78,RECV,7E000F81000830024E383032332D50423845ED
06-27-2025 03:01:29.038,79,RECV,7E000F8100042B024E343032342D4E454155DF
06-27-2025 03:01:29.038,80,RECV,7E000F81000630024E363032332D57563334EC
06-27-2025 03:01:29.038,81,RECV,7E000F81000731024E373032332D325A35310B
06-27-2025 03:01:29.097,82,RECV,7E000F81000830024E383032342D30444E3009
06-27-2025 03:01:29.132,83,RECV,7E000F8100042B024E343032352D5A444343E3
06-27-2025 03:01:29.132,84,RECV,7E000F81000630024E363032342D485A3345E5
06-27-2025 03:01:29.132,85,RECV,7E000F81000731024E373032342D514B434DD0
06-27-2025 03:01:29.132,86,RECV,7E000F81000830024E383032352D46585458B0
06-27-2025 03:01:29.133,87,RECV,7E000F8100042B024E343032362D4C5A4C4ACA
06-27-2025 03:01:29.133,88,RECV,7E000F81000630024E363032352D5442534FC6
06-27-2025 03:01:29.133,89,RECV,7E000F81000731024E373032352D59524C58AC
06-27-2025 03:01:29.133,90,RECV,7E000F81000830024E383032362D44504E59BE
06-27-2025 03:01:29.134,91,RECV,7E000F8100042B024E343032372D48365941ED
06-27-2025 03:01:29.134,92,RECV,7E000F81000630024E363032362D3535534FF1
06-27-2025 03:01:29.134,93,RECV,7E000F81000731024E373032362D49304659E2
06-27-2025 03:01:29.147,94,RECV,7E000F81000830024E383032372D554A3558CC
06-27-2025 03:01:29.152,95,RECV,7E000F8100042B024E343032382D58583138EB
06-27-2025 03:01:29.152,96,RECV,7E000F81000630024E363032372D304C544EDE
06-27-2025 03:01:29.152,97,RECV,7E000F81000731024E373032372D34585855C0
06-27-2025 03:01:29.188,98,RECV,7E000F81000830024E383032382D34305A55E4
06-27-2025 03:01:29.228,99,RECV,7E000F8100042B024E343032392D4441495ADB
06-27-2025 03:01:29.228,100,RECV,7E000F81000630024E363032382D374F4633FC
06-27-2025 03:01:29.228,101,RECV,7E000F81000731024E373032382D464E3332FF
06-27-2025 03:01:29.228,102,RECV,7E000F81000830024E383032392D56513555C5
06-27-2025 03:01:29.228,103,RECV,7E000F8100042B024E343033302D38554936FF
06-27-2025 03:01:29.228,104,RECV,7E000F81000630024E363032392D4459374DD9
06-27-2025 03:01:29.228,105,RECV,7E000F81000731024E373032392D3752515AC3
06-27-2025 03:01:29.247,106,RECV,7E000F81000830024E383033302D455A434DCF
06-27-2025 03:01:29.251,107,RECV,7E000F8100042B024E343033312D545A3455D3
06-27-2025 03:01:29.251,108,RECV,7E000F81000630024E363033302D52425634E4
06-27-2025 03:01:29.251,109,RECV,7E000F81000731024E373033302D58374F52CF
06-27-2025 03:01:29.251,110,RECV,7E000F81000830024E383033312D4254594AC4
06-27-2025 03:01:29.251,111,RECV,7E000F8100042B024E343033322D54495247D3
06-27-2025 03:01:29.251,112,RECV,7E000F81000630024E363033312D46383650FD
06-27-2025 03:01:29.258,113,RECV,7E000F81000731024E373033312D4A594D34DA
06-27-2025 03:01:29.258,114,RECV,7E000F8100082F024E383033322D36305A59E4
06-27-2025 03:01:29.258,115,RECV,7E000F8100042B024E343033332D41304F4305
06-27-2025 03:01:29.299,116,RECV,7E000F8100062F024E363033322D31494557EB
06-27-2025 03:01:29.379,117,RECV,7E000F81000731024E373033322D4135553200
06-27-2025 03:01:29.402,118,RECV,7E000F81000830024E383033332D4D543545E0
06-27-2025 03:01:29.402,119,RECV,7E000F8100042B024E343033342D48444858DB
06-27-2025 03:01:29.402,120,RECV,7E000F8100062F024E363033332D38533454ED
06-27-2025 03:01:29.402,121,RECV,7E000F81000731024E373033332D565A4A34CE
06-27-2025 03:01:29.402,122,RECV,7E000F81000830024E383033342D51483252DD
06-27-2025 03:01:29.403,123,RECV,7E000F8100042B024E343033352D46443550F7
06-27-2025 03:01:29.403,124,RECV,7E000F81000630024E363033342D32474C53E6
06-27-2025 03:01:29.403,125,RECV,7E000F81000731024E373033342D41374947F3
06-27-2025 03:01:29.403,126,RECV,7E000F81000830024E383033352D43534C55C2
06-27-2025 03:01:29.403,127,RECV,7E000F8100042B024E343033362D484D5049D7
06-27-2025 03:01:29.403,128,RECV,7E000F8100062F024E363033352D4B31384CFE
06-27-2025 03:01:29.403,129,RECV,7E000F81000731024E373033352D4536374AFE
06-27-2025 03:01:29.403,130,RECV,7E000F81000830024E383033362D4A305A4DD7
06-27-2025 03:01:29.403,131,RECV,7E000F8100042B024E343033372D4D474650DA
06-27-2025 03:01:29.403,132,RECV,7E000F8100062F024E363033362D44474E48DC
06-27-2025 03:01:29.403,133,RECV,7E000F81000731024E373033362D4639354AFB
06-27-2025 03:01:29.403,134,RECV,7E000F81000830024E383033372D30385852E5
06-27-2025 03:01:29.403,135,RECV,7E000F8100042B024E343033382D3658544FD2
06-27-2025 03:01:29.403,136,RECV,7E000F81000630024E363033372D3849374102
06-27-2025 03:01:29.448,137,RECV,7E000F8100042B024E343033392D4C495753C3
06-27-2025 03:01:29.448,138,RECV,7E000F8100062F024E363033382D39505941D8
06-27-2025 03:01:29.449,139,RECV,7E000F81000830024E383033392D34364D44FA
06-27-2025 03:01:29.449,140,RECV,7E000F81000731024E373033382D564F4255BB
06-27-2025 03:01:29.449,141,RECV,7E000F8100042B024E343034302D4E3036457D31
06-27-2025 03:01:29.450,142,RECV,7E000F8100062F024E363033392D5A314341EB
06-27-2025 03:01:29.470,143,RECV,7E000F81000830024E383034302D43484942E7
06-27-2025 03:01:29.561,144,RECV,7E000F81000731024E373033392D47564E53B8
06-27-2025 03:01:29.604,145,RECV,7E000F8100042B024E343034312D4F4B4533F7
06-27-2025 03:01:29.605,146,RECV,7E000F81000630024E363034302D50334847EF
06-27-2025 03:01:29.605,147,RECV,7E000F81000831024E383034312D315138307D31
06-27-2025 03:01:29.605,148,RECV,7E000F81000731024E373034302D45594A36E0
06-27-2025 03:01:29.605,149,RECV,7E000F8100042B024E343034322D49314258F4
06-27-2025 03:01:29.605,150,RECV,7E000F81000630024E363034312D44524D55C8
06-27-2025 03:01:29.605,151,RECV,7E000F81000832024E383034322D334D32380F
06-27-2025 03:01:29.605,152,RECV,7E000F81000731024E373034312D5332584FD1
06-27-2025 03:01:29.605,153,RECV,7E000F8100042B024E343034332D4931354117
06-27-2025 03:01:29.605,154,RECV,7E000F8100062F024E363034322D50414E31F0
06-27-2025 03:01:29.605,155,RECV,7E000F8100082F024E383034332D58383446F1
06-27-2025 03:01:29.605,156,RECV,7E000F81000731024E373034322D364A5457D1
06-27-2025 03:01:29.605,157,RECV,7E000F8100042B024E343034342D58413345F5
06-27-2025 03:01:29.605,158,RECV,7E000F81000731024E373034332D5537383106
06-27-2025 03:01:29.606,159,RECV,7E000F8100042B024E343034352D564F4A34E2
06-27-2025 03:01:29.606,160,RECV,7E000F81000731024E373034342D42435531EF
06-27-2025 03:01:29.649,161,RECV,7E000F8100042B024E343034362D394F4F51DC
06-27-2025 03:01:29.652,162,RECV,7E000F81000830024E383034362D4F385150CF
06-27-2025 03:01:29.653,163,RECV,7E000F8100062F024E363034352D414A5130F1
06-27-2025 03:01:29.653,164,RECV,7E000F81000731024E373034352D4A414838EE
06-27-2025 03:01:29.653,165,RECV,7E000F8100042B024E343034372D4E415958C3
06-27-2025 03:01:29.653,166,RECV,7E000F81000830024E383034372D35324F56EA
06-27-2025 03:01:29.653,167,RECV,7E000F81000630024E363034362D5257354CD1
06-27-2025 03:01:29.653,168,RECV,7E000F81000731024E373034362D324A5A52D0
06-27-2025 03:01:29.699,169,RECV,7E000F8100042B024E343034382D5547475AC5
06-27-2025 03:01:29.699,170,RECV,7E000F81000831024E383034382D4F415132E1
06-27-2025 03:01:29.699,171,RECV,7E000F81000630024E363034372D52314837F8
06-27-2025 03:01:29.699,172,RECV,7E000F81000731024E373034372D47544D4CC3
06-27-2025 03:01:29.700,173,RECV,7E000F8100042B024E343034392D42545131E9
06-27-2025 03:01:29.700,174,RECV,7E000F81000830024E383034392D435A384DD2
06-27-2025 03:01:29.700,175,RECV,7E000F81000630024E363034382D30304556FE
06-27-2025 03:01:29.700,176,RECV,7E000F81000732024E373034382D30535851C9
06-27-2025 03:01:29.700,177,RECV,7E000F8100042B024E343035302D584F394ADF
06-27-2025 03:01:29.720,178,RECV,7E000F81000830024E383035302D3330494709
06-27-2025 03:01:29.743,179,RECV,7E000F81000630024E363034392D31564635F6
06-27-2025 03:01:29.743,180,RECV,7E000F81000731024E373034392D33483356F1
06-27-2025 03:01:29.749,181,RECV,7E000F8100042B024E343035312D43525151D1
06-27-2025 03:01:29.749,182,RECV,7E000F81000830024E383035312D58364A38EB
06-27-2025 03:01:29.749,183,RECV,7E000F81000630024E363035302D4C3145330B
06-27-2025 03:01:29.749,184,RECV,7E000F81000731024E373035302D46584B30E4
06-27-2025 03:01:29.749,185,RECV,7E000F8100042B024E343035322D48584F50C8
06-27-2025 03:01:29.799,186,RECV,7E000F81000831024E383035322D595A4B38C3
06-27-2025 03:01:29.803,187,RECV,7E000F81000630024E363035312D53364859D5
06-27-2025 03:01:29.803,188,RECV,7E000F81000732024E373035312D384C413006
06-27-2025 03:01:29.803,189,RECV,7E000F8100042B024E343035332D55554436E2
06-27-2025 03:01:29.803,190,RECV,7E000F81000831024E383035332D47474155D4
06-27-2025 03:01:29.803,191,RECV,7E000F81000631024E363035322D58544241CE
06-27-2025 03:01:29.803,192,RECV,7E000F81000731024E373035322D3743564BE0
06-27-2025 03:01:29.820,193,RECV,7E000F8100042B024E343035342D46563159DF
06-27-2025 03:01:29.820,194,RECV,7E000F81000830024E383035342D3043455AE6
06-27-2025 03:01:29.820,195,RECV,7E000F81000630024E363035332D554F4651C2
06-27-2025 03:01:29.849,196,RECV,7E000F81000732024E373035332D4D524F41CA
06-27-2025 03:01:29.849,197,RECV,7E000F8100042B024E343035352D47564448DB
06-27-2025 03:01:29.849,198,RECV,7E000F81000831024E383035352D36385535FE
06-27-2025 03:01:29.849,199,RECV,7E000F81000630024E363035342D4B514934E3
06-27-2025 03:01:29.859,200,RECV,7E000F81000732024E373035342D43374446F4
06-27-2025 03:01:29.859,201,RECV,7E000F8100042B024E343035362D594E3352D7
06-27-2025 03:01:29.860,202,RECV,7E000F81000830024E383035362D46593452D1
06-27-2025 03:01:29.899,203,RECV,7E000F81000630024E363035352D595A4C34C8
06-27-2025 03:01:29.900,204,RECV,7E000F81000732024E373035352D52355534E7
06-27-2025 03:01:29.900,205,RECV,7E000F8100042B024E343035372D544A5044D0
06-27-2025 03:01:29.900,206,RECV,7E000F81000830024E383035372D47594D36D2
06-27-2025 03:01:29.900,207,RECV,7E000F81000630024E363035362D41345546EA
06-27-2025 03:01:29.949,208,RECV,7E000F81000731024E373035362D464C575AB4
06-27-2025 03:01:29.956,209,RECV,7E000F8100042B024E343035382D5A32345AE7
06-27-2025 03:01:29.956,210,RECV,7E000F81000831024E383035382D4D523732EB
06-27-2025 03:01:29.956,211,RECV,7E000F81000630024E363035372D3354364DEF
06-27-2025 03:01:29.956,212,RECV,7E000F81000731024E373035372D304C584AD8
06-27-2025 03:01:29.956,213,RECV,7E000F8100042B024E343035392D5A415A5AB1
06-27-2025 03:01:29.956,214,RECV,7E000F81000830024E383035392D39494831F8
06-27-2025 03:01:29.960,215,RECV,7E000F81000630024E363035382D514C314CDE
06-27-2025 03:01:29.960,216,RECV,7E000F8100042B024E343036302D57335255D7
06-27-2025 03:01:29.960,217,RECV,7E000F81000830024E383036302D49385646DE
06-27-2025 03:01:29.999,218,RECV,7E000F81000630024E363035392D4C35383806
06-27-2025 03:01:30.000,219,RECV,7E000F8100042A024E343036312D524C484ED4
06-27-2025 03:01:30.000,220,RECV,7E000F81000830024E383036312D32385056EA
06-27-2025 03:01:30.050,221,RECV,7E000F81000630024E363036302D30444E44F9
06-27-2025 03:01:30.050,222,RECV,7E000F8100042B024E343036322D53593552D3
06-27-2025 03:01:30.050,223,RECV,7E000F81000630024E363036312D51393054F0
06-27-2025 03:01:30.051,224,RECV,7E000F8100042B024E343036332D53354F35F9
06-27-2025 03:01:30.051,225,RECV,7E000F81000630024E363036322D56345041E2
06-27-2025 03:01:30.072,226,RECV,7E000F8100042E024E343036342D564F4653C3
06-27-2025 03:01:30.073,227,RECV,7E000F81000831024E383036342D4F4E5637CC
06-27-2025 03:01:30.073,228,RECV,7E000F81000732024E373036322D51303555EE
06-27-2025 03:01:30.100,229,RECV,7E000F81000630024E363036332D51505247C2
06-27-2025 03:01:30.112,230,RECV,7E000F8100042B024E343036352D514B5538DA
06-27-2025 03:01:30.112,231,RECV,7E000F81000830024E383036352D4F4D4C56B8
06-27-2025 03:01:30.112,232,RECV,7E000F81000732024E373036332D4E33434CE8
06-27-2025 03:01:30.141,233,RECV,7E000F81000630024E363036342D43304C41FB
06-27-2025 03:01:30.141,234,RECV,7E000F8100042B024E343036362D4D594C55BB
06-27-2025 03:01:30.141,235,RECV,7E000F81000833024E383036362D44423253E7
06-27-2025 03:01:30.141,236,RECV,7E000F81000731024E373036342D42584558C1
06-27-2025 03:01:30.141,237,RECV,7E000F81000630024E363036352D5A4A5234D0
06-27-2025 03:01:30.141,238,RECV,7E000F8100042B024E343036372D34344B4B03
06-27-2025 03:01:30.141,239,RECV,7E000F81000832024E383036372D43364249EE
06-27-2025 03:01:30.141,240,RECV,7E000F81000732024E373036352D59545246B1
06-27-2025 03:01:30.200,241,RECV,7E000F81000630024E363036362D33575639E0
06-27-2025 03:01:30.211,242,RECV,7E000F8100042B024E343036382D5331333217
06-27-2025 03:01:30.211,243,RECV,7E000F81000831024E383036382D4E4A3047E3
06-27-2025 03:01:30.211,244,RECV,7E000F81000732024E373036362D34534A39EB
06-27-2025 03:01:30.212,245,RECV,7E000F81000630024E363036372D394B4256DC
06-27-2025 03:01:30.212,246,RECV,7E000F8100042B024E343036392D5A563143DB
06-27-2025 03:01:30.212,247,RECV,7E000F81000831024E383036392D58343036FF
06-27-2025 03:01:30.212,248,RECV,7E000F81000731024E373036372D4D385A57BF
06-27-2025 03:01:30.221,249,RECV,7E000F81000631024E363036382D4934384100
06-27-2025 03:01:30.225,250,RECV,7E000F8100042A024E343037302D4539574CE7
06-27-2025 03:01:30.225,251,RECV,7E000F81000732024E373036382D354B4844E7
06-27-2025 03:01:30.250,252,RECV,7E000F81000731024E373036392D574C3036EA
06-27-2025 03:01:30.300,253,RECV,7E000F8100042A024E343037322D423050317D33
06-27-2025 03:01:30.303,254,RECV,7E000F81000732024E373037302D50453259DA
06-27-2025 03:01:30.303,255,RECV,7E000F81000830024E383037332D4A45303701
06-27-2025 03:01:30.303,256,RECV,7E000F8100042B024E343037332D57584254BF
06-27-2025 03:01:30.303,257,RECV,7E000F81000630024E363037312D363838381F
06-27-2025 03:01:30.303,258,RECV,7E000F81000732024E373037312D38495153D4
06-27-2025 03:01:30.351,259,RECV,7E000F81000830024E383037342D3847344AF9
06-27-2025 03:01:30.364,260,RECV,7E000F8100042B024E343037342D33425756E1
06-27-2025 03:01:30.364,261,RECV,7E000F81000630024E363037322D45414E31F7
06-27-2025 03:01:30.364,262,RECV,7E000F81000732024E373037322D555A4A4FB0
06-27-2025 03:01:30.364,263,RECV,7E000F81000831024E383037352D33464157E3
06-27-2025 03:01:30.364,264,RECV,7E000F8100042B024E343037352D394D373510
06-27-2025 03:01:30.364,265,RECV,7E000F81000630024E363037332D37485654D2
06-27-2025 03:01:30.364,266,RECV,7E000F81000732024E373037332D55553031EC
06-27-2025 03:01:30.364,267,RECV,7E000F81000830024E383037362D50344B30F5
06-27-2025 03:01:30.383,268,RECV,7E000F8100042B024E343037362D474C3543F6
06-27-2025 03:01:30.482,269,RECV,7E000F81000630024E363037342D35525437E8
06-27-2025 03:01:30.482,270,RECV,7E000F81000732024E373037342D35304F3012
06-27-2025 03:01:30.482,271,RECV,7E000F81000831024E383037372D48483237F9
06-27-2025 03:01:30.482,272,RECV,7E000F8100042B024E343037372D58553257CA
06-27-2025 03:01:30.482,273,RECV,7E000F81000630024E363037352D52334A30FA
06-27-2025 03:01:30.482,274,RECV,7E000F81000732024E373037352D49384539F6
06-27-2025 03:01:30.483,275,RECV,7E000F81000831024E383037382D58504336D0
06-27-2025 03:01:30.483,276,RECV,7E000F8100042B024E343037382D54485533DB
06-27-2025 03:01:30.483,277,RECV,7E000F81000631024E363037362D49505132DB
06-27-2025 03:01:30.483,278,RECV,7E000F81000732024E373037362D59444156C0
06-27-2025 03:01:30.483,279,RECV,7E000F81000830024E383037392D344E3854E3
06-27-2025 03:01:30.483,280,RECV,7E000F8100042B024E343037392D5A535937C1
06-27-2025 03:01:30.483,281,RECV,7E000F81000630024E363037372D58475A33CB
06-27-2025 03:01:30.483,282,RECV,7E000F81000732024E373037372D454C3930F9
06-27-2025 03:01:30.483,283,RECV,7E000F81000830024E383038302D35453951F5
06-27-2025 03:01:30.483,284,RECV,7E000F8100042B024E343038302D534B534BCA
06-27-2025 03:01:30.483,285,RECV,7E000F81000631024E363037382D50434632EA
06-27-2025 03:01:30.501,286,RECV,7E000F81000732024E373037382D35504433F6
06-27-2025 03:01:30.510,287,RECV,7E000F81000830024E383038312D3354524ED1
06-27-2025 03:01:30.510,288,RECV,7E000F8100042B024E343038312D56545651B4
06-27-2025 03:01:30.551,289,RECV,7E000F81000630024E363037392D4637334500
06-27-2025 03:01:30.564,290,RECV,7E000F81000732024E373037392D424F5044CC
06-27-2025 03:01:30.564,291,RECV,7E000F81000831024E383038322D4E515955A9
06-27-2025 03:01:30.564,292,RECV,7E000F8100042B024E343038322D48553455DE
06-27-2025 03:01:30.564,293,RECV,7E000F81000630024E363038302D50595359A8
06-27-2025 03:01:30.564,294,RECV,7E000F81000732024E373038302D414F4642E1
06-27-2025 03:01:30.564,295,RECV,7E000F81000830024E383038332D45584152C6
06-27-2025 03:01:30.564,296,RECV,7E000F8100042B024E343038332D47444A58D6
06-27-2025 03:01:30.564,297,RECV,7E000F8100062F024E363038312D5150394CD7
06-27-2025 03:01:30.602,298,RECV,7E000F81000731024E373038312D30594935F2
06-27-2025 03:01:30.604,299,RECV,7E000F81000831024E383038342D4F34393008
06-27-2025 03:01:30.604,300,RECV,7E000F8100042B024E343038342D4554344FE6
06-27-2025 03:01:30.604,301,RECV,7E000F81000630024E363038322D475A4444D2
06-27-2025 03:01:30.604,302,RECV,7E000F81000731024E373038322D4C3338330E
06-27-2025 03:01:30.605,303,RECV,7E000F81000831024E383038352D3238343421
06-27-2025 03:01:30.605,304,RECV,7E000F8100042B024E343038352D4D574F41CD
06-27-2025 03:01:30.605,305,RECV,7E000F81000631024E363038332D334F35360C
06-27-2025 03:01:30.652,306,RECV,7E000F8100042B024E343038362D4A4F5549C9
06-27-2025 03:01:30.684,307,RECV,7E000F81000630024E363038342D3952504BD3
06-27-2025 03:01:30.684,308,RECV,7E000F8100042B024E343038372D4D484D39E4
06-27-2025 03:01:30.684,309,RECV,7E000F81000630024E363038352D37394F41F8
06-27-2025 03:01:30.685,310,RECV,7E000F81000831024E383038382D39494A45DF
06-27-2025 03:01:30.685,311,RECV,7E000F81000732024E373038352D374B4946E3
06-27-2025 03:01:30.685,312,RECV,7E000F8100042B024E343038382D31525846DD
06-27-2025 03:01:30.685,313,RECV,7E000F81000631024E363038362D4E554743C9
06-27-2025 03:01:30.702,314,RECV,7E000F81000831024E383038392D44573653CB
06-27-2025 03:01:30.729,315,RECV,7E000F81000732024E373038362D43364D56D7
06-27-2025 03:01:30.729,316,RECV,7E000F8100042B024E343038392D50414838EC
06-27-2025 03:01:30.752,317,RECV,7E000F81000631024E363038372D39534247E0
06-27-2025 03:01:30.754,318,RECV,7E000F81000831024E383039302D5A595533BC
06-27-2025 03:01:30.754,319,RECV,7E000F81000731024E373038372D51564E42BC
06-27-2025 03:01:30.754,320,RECV,7E000F8100042B024E343039302D584D3837F1
06-27-2025 03:01:30.762,321,RECV,7E000F81000630024E363038382D57424A42D0
06-27-2025 03:01:30.763,322,RECV,7E000F81000833024E383039312D43335351DA
06-27-2025 03:01:30.763,323,RECV,7E000F81000731024E373038382D395A475ABE
06-27-2025 03:01:30.763,324,RECV,7E000F8100042B024E343039312D49544A4CD1
06-27-2025 03:01:30.763,325,RECV,7E000F81000631024E363038392D584C5656A3
06-27-2025 03:01:30.774,326,RECV,7E000F81000831024E383039322D34583950E0
06-27-2025 03:01:30.774,327,RECV,7E000F81000732024E373038392D354C524AD3
06-27-2025 03:01:30.774,328,RECV,7E000F8100042B024E343039322D54473949E6
06-27-2025 03:01:30.803,329,RECV,7E000F81000630024E363039302D42584C37DF
06-27-2025 03:01:30.866,330,RECV,7E000F81000831024E383039332D36453353F3
06-27-2025 03:01:30.913,331,RECV,7E000F81000731024E373039302D414A343406
06-27-2025 03:01:30.913,332,RECV,7E000F8100042B024E343039332D373731590A
06-27-2025 03:01:30.913,333,RECV,7E000F81000631024E363039312D4E413052E9
06-27-2025 03:01:30.913,334,RECV,7E000F81000830024E383039342D33414156E9
06-27-2025 03:01:30.913,335,RECV,7E000F81000732024E373039312D394A4732FB
06-27-2025 03:01:30.913,336,RECV,7E000F8100042B024E343039342D375038360C
06-27-2025 03:01:30.914,337,RECV,7E000F81000630024E363039322D564F4645CA
06-27-2025 03:01:30.914,338,RECV,7E000F81000831024E383039352D4D5A3345D3
06-27-2025 03:01:30.914,339,RECV,7E000F8100042B024E343039352D464A5350CD
06-27-2025 03:01:30.914,340,RECV,7E000F81000630024E363039332D4142555AC7
06-27-2025 03:01:30.914,341,RECV,7E000F81000830024E383039362D45313658EE
06-27-2025 03:01:30.914,342,RECV,7E000F81000731024E373039332D52554D56AC
06-27-2025 03:01:30.914,343,RECV,7E000F8100042B024E343039362D57495649C0
06-27-2025 03:01:30.914,344,RECV,7E000F81000732024E373039342D47315031FB
06-27-2025 03:01:30.914,345,RECV,7E000F8100042B024E343039372D58464847D1
06-27-2025 03:01:30.954,346,RECV,7E000F81000830024E383039382D4B455634D6
06-27-2025 03:01:30.961,347,RECV,7E000F81000630024E363039352D52564A46BF
06-27-2025 03:01:30.961,348,RECV,7E000F8100042B024E343039382D4F563632F0
06-27-2025 03:01:30.961,349,RECV,7E000F81000831024E383039392D36535233E0
06-27-2025 03:01:30.961,350,RECV,7E000F81000631024E363039362D3646314EFA
06-27-2025 03:01:30.961,351,RECV,7E000F8100042A024E343039392D554F5657AC
06-27-2025 03:01:31.004,352,RECV,7E000F81000631024E363039372D31355045F9
06-27-2025 03:01:31.004,353,RECV,7E000F81000731024E373039372D5546304BDC
06-27-2025 03:01:31.004,354,RECV,7E000F81000630024E363039382D36465941DE
06-27-2025 03:01:31.055,355,RECV,7E000F81000731024E373039382D34364D44F6
06-27-2025 03:01:31.099,356,RECV,7E000F81000630024E363039392D51434350CC
06-27-2025 03:01:31.109,357,RECV,7E000F81000732024E373039392D59483532E7
