06-27-2025 03:01:00.590,-,API2,"Sink 2,0013A20041839DCA,802.15.4 TH,2003,/dev/ttyUSB2 - 57600/8/M/1/N,1,46"

06-27-2025 03:00:32.542,0,RECV,7E000F8100042B024E343030302D56523544ED
06-27-2025 03:00:32.543,1,RECV,7E000F81000633024E363030302D4235433612
06-27-2025 03:00:32.545,2,RECV,7E000F81000734024E373030302D4B4C4750D1
06-27-2025 03:00:32.550,3,RECV,7E000F8100042A024E343030312D58385751D6
06-27-2025 03:00:32.550,4,RECV,7E000F81000631024E363030312D45454852DF
06-27-2025 03:00:32.550,5,RECV,7E000F81000734024E373030312D53413250E8
06-27-2025 03:00:32.550,6,RECV,7E000F81000831024E383030302D4341344800
06-27-2025 03:00:32.550,7,RECV,7E000F8100042B024E343030322D314B4954F3
06-27-2025 03:00:32.557,8,RECV,7E000F81000631024E363030322D45323954FE
06-27-2025 03:00:32.591,9,RECV,7E000F81000733024E373030322D56394D33EF
06-27-2025 03:00:32.591,10,RECV,7E000F81000834024E383030312D56543550CD
06-27-2025 03:00:32.591,11,RECV,7E000F8100042B024E343030332D524C3344F6
06-27-2025 03:00:32.591,12,RECV,7E000F81000631024E363030332D3430394B19
06-27-2025 03:00:32.591,13,RECV,7E000F81000733024E373030332D48304350F2
06-27-2025 03:00:32.591,14,RECV,7E000F81000831024E383030322D424C5137E8
06-27-2025 03:00:32.591,15,RECV,7E000F8100042B024E343030342D37414F4CF7
06-27-2025 03:00:32.639,16,RECV,7E000F81000632024E363030342D4338333021
06-27-2025 03:00:32.640,17,RECV,7E000F81000734024E373030342D53575359A5
06-27-2025 03:00:32.640,18,RECV,7E000F81000832024E383030332D54523741DE
06-27-2025 03:00:32.640,19,RECV,7E000F8100042B024E343030352D5A434A54CE
06-27-2025 03:00:32.640,20,RECV,7E000F81000631024E363030352D385A4E32ED
06-27-2025 03:00:32.640,21,RECV,7E000F8100042B024E343030362D37573653F1
06-27-2025 03:00:32.689,22,RECV,7E000F81000631024E363030362D4E4A4C44D6
06-27-2025 03:00:32.689,23,RECV,7E000F8100042B024E343030372D4B465647D9
06-27-2025 03:00:32.689,24,RECV,7E000F81000632024E363030372D5A363650E6
06-27-2025 03:00:32.690,25,RECV,7E000F81000832024E383030362D32335854E8
06-27-2025 03:00:32.690,26,RECV,7E000F81000734024E373030372D59595942AB
06-27-2025 03:00:32.700,27,RECV,7E000F8100042B024E343030382D4C374B4CEC
06-27-2025 03:00:32.710,28,RECV,7E000F81000631024E363030382D4839333612
06-27-2025 03:00:32.721,29,RECV,7E000F81000833024E383030372D46504F5AB8
06-27-2025 03:00:32.743,30,RECV,7E000F81000733024E373030382D56564C58A8
06-27-2025 03:00:32.743,31,RECV,7E000F8100042B024E343030392D5651584CBA
06-27-2025 03:00:32.743,32,RECV,7E000F81000632024E363030392D4F595946B3
06-27-2025 03:00:32.743,33,RECV,7E000F81000832024E383030382D3737474EF4
06-27-2025 03:00:32.750,34,RECV,7E000F81000735024E373030392D44314950E7
06-27-2025 03:00:32.750,35,RECV,7E000F8100042B024E343031302D3153523205
06-27-2025 03:00:32.770,36,RECV,7E000F81000632024E363031302D4E47434FDB
06-27-2025 03:00:32.775,37,RECV,7E000F81000832024E383030392D4C424556CD
06-27-2025 03:00:32.775,38,RECV,7E000F81000734024E373031302D344C3259F3
06-27-2025 03:00:32.775,39,RECV,7E000F8100042B024E343031312D31555837F7
06-27-2025 03:00:32.789,40,RECV,7E000F81000632024E363031312D45464A31FB
06-27-2025 03:00:32.790,41,RECV,7E000F81000832024E383031302D37374A4204
06-27-2025 03:00:32.840,42,RECV,7E000F81000733024E373031312D53553843DB
06-27-2025 03:00:32.840,43,RECV,7E000F8100042B024E343031322D4936324B0F
06-27-2025 03:00:32.840,44,RECV,7E000F81000633024E363031322D39334E58ED
06-27-2025 03:00:32.840,45,RECV,7E000F81000834024E383031312D4E515344C5
06-27-2025 03:00:32.840,46,RECV,7E000F81000734024E373031322D4D384C50DB
06-27-2025 03:00:32.840,47,RECV,7E000F8100042B024E343031332D31484E4DF6
06-27-2025 03:00:32.860,48,RECV,7E000F81000633024E363031332D31564255E0
06-27-2025 03:00:32.867,49,RECV,7E000F81000833024E383031322D4D38494BE2
06-27-2025 03:00:32.867,50,RECV,7E000F81000734024E373031332D45515048CD
06-27-2025 03:00:32.867,51,RECV,7E000F8100042B024E343031342D493937341C
06-27-2025 03:00:32.890,52,RECV,7E000F81000734024E373031342D39565A45CC
06-27-2025 03:00:32.919,53,RECV,7E000F8100042B024E343031352D374331530A
06-27-2025 03:00:32.919,54,RECV,7E000F8100042B024E343031362D46544749DD
06-27-2025 03:00:32.921,55,RECV,7E000F81000832024E383031352D59335347D3
06-27-2025 03:00:32.921,56,RECV,7E000F81000633024E363031362D4D52384ADA
06-27-2025 03:00:32.921,57,RECV,7E000F8100042B024E343031372D4236344C0E
06-27-2025 03:00:32.941,58,RECV,7E000F81000832024E383031362D49375046E2
06-27-2025 03:00:32.941,59,RECV,7E000F81000632024E363031372D415A5152BD
06-27-2025 03:00:32.990,60,RECV,7E000F8100042B024E343031382D303452420D
06-27-2025 03:00:32.990,61,RECV,7E000F81000735024E373031372D52395433E4
06-27-2025 03:00:32.990,62,RECV,7E000F81000833024E383031372D42574542D6
06-27-2025 03:00:32.991,63,RECV,7E000F81000632024E363031382D34504B44E7
06-27-2025 03:00:32.991,64,RECV,7E000F8100042B024E343031392D4A574F45CF
06-27-2025 03:00:32.991,65,RECV,7E000F81000735024E373031382D33595847CA
06-27-2025 03:00:32.991,66,RECV,7E000F81000833024E383031382D414B4654CF
06-27-2025 03:00:33.002,67,RECV,7E000F81000632024E363031392D5859504AAE
06-27-2025 03:00:33.019,68,RECV,7E000F8100042B024E343032302D4C585747CA
06-27-2025 03:00:33.019,69,RECV,7E000F81000734024E373031392D52514135DC
06-27-2025 03:00:33.040,70,RECV,7E000F81000833024E383031392D58464235DF
06-27-2025 03:00:33.046,71,RECV,7E000F81000632024E363032302D4D553056D9
06-27-2025 03:00:33.046,72,RECV,7E000F8100042B024E343032312D57563131FC
06-27-2025 03:00:33.046,73,RECV,7E000F81000734024E373032302D53514333E3
06-27-2025 03:00:33.051,74,RECV,7E000F81000832024E383032302D35474459E4
06-27-2025 03:00:33.051,75,RECV,7E000F81000633024E363032312D55565249B9
06-27-2025 03:00:33.052,76,RECV,7E000F8100042B024E343032322D4242384707
06-27-2025 03:00:33.052,77,RECV,7E000F81000735024E373032312D52484850C9
06-27-2025 03:00:33.091,78,RECV,7E000F81000833024E383032312D4233523103
06-27-2025 03:00:33.091,79,RECV,7E000F81000632024E363032322D32414852F2
06-27-2025 03:00:33.092,80,RECV,7E000F8100042B024E343032332D35595738EC
06-27-2025 03:00:33.092,81,RECV,7E000F81000735024E373032322D31503457EE
06-27-2025 03:00:33.092,82,RECV,7E000F81000833024E383032322D454A5635E0
06-27-2025 03:00:33.093,83,RECV,7E000F81000632024E363032332D4D414C59CB
06-27-2025 03:00:33.093,84,RECV,7E000F8100042B024E343032342D44565831E5
06-27-2025 03:00:33.141,85,RECV,7E000F81000735024E373032332D594D3344DC
06-27-2025 03:00:33.141,86,RECV,7E000F81000833024E383032332D435A3434F4
06-27-2025 03:00:33.141,87,RECV,7E000F81000633024E363032342D52495134DC
06-27-2025 03:00:33.141,88,RECV,7E000F8100042B024E343032352D3255514FE0
06-27-2025 03:00:33.141,89,RECV,7E000F81000734024E373032342D4E573650CE
06-27-2025 03:00:33.142,90,RECV,7E000F81000832024E383032342D3830583108
06-27-2025 03:00:33.142,91,RECV,7E000F81000632024E363032352D4B455146D5
06-27-2025 03:00:33.191,92,RECV,7E000F8100042B024E343032362D37434155F6
06-27-2025 03:00:33.267,93,RECV,7E000F81000734024E373032352D413731301F
06-27-2025 03:00:33.267,94,RECV,7E000F81000833024E383032352D3530393128
06-27-2025 03:00:33.267,95,RECV,7E000F81000633024E363032362D4C443857DB
06-27-2025 03:00:33.267,96,RECV,7E000F8100042B024E343032372D4644424EEB
06-27-2025 03:00:33.267,97,RECV,7E000F81000735024E373032362D5A523452C4
06-27-2025 03:00:33.268,98,RECV,7E000F81000833024E383032362D4A384943E8
06-27-2025 03:00:33.268,99,RECV,7E000F81000633024E363032372D50453149EA
06-27-2025 03:00:33.268,100,RECV,7E000F8100042B024E343032382D4B31474DF4
06-27-2025 03:00:33.268,101,RECV,7E000F81000734024E373032372D36475958C8
06-27-2025 03:00:33.268,102,RECV,7E000F81000833024E383032372D41554E4AC7
06-27-2025 03:00:33.268,103,RECV,7E000F81000633024E363032382D514A5650B7
06-27-2025 03:00:33.268,104,RECV,7E000F8100042B024E343032392D46514A39E9
06-27-2025 03:00:33.268,105,RECV,7E000F81000734024E373032382D48594741CC
06-27-2025 03:00:33.268,106,RECV,7E000F81000833024E383032382D31413452FC
06-27-2025 03:00:33.291,107,RECV,7E000F81000633024E363032392D48345650D5
06-27-2025 03:00:33.292,108,RECV,7E000F8100042B024E343033302D384D484AF4
06-27-2025 03:00:33.292,109,RECV,7E000F81000734024E373032392D5435394BE7
06-27-2025 03:00:33.292,110,RECV,7E000F81000833024E383032392D3449474AE5
06-27-2025 03:00:33.341,111,RECV,7E000F81000633024E363033302D49495947CD
06-27-2025 03:00:33.341,112,RECV,7E000F8100042B024E343033312D59384B46E8
06-27-2025 03:00:33.341,113,RECV,7E000F81000735024E373033302D51354843EA
06-27-2025 03:00:33.341,114,RECV,7E000F81000833024E383033302D524D4A4AC8
06-27-2025 03:00:33.341,115,RECV,7E000F81000633024E363033312D333059350D
06-27-2025 03:00:33.342,116,RECV,7E000F8100042B024E343033322D48503939FF
06-27-2025 03:00:33.343,117,RECV,7E000F81000633024E363033322D37425A57D3
06-27-2025 03:00:33.343,118,RECV,7E000F8100042B024E343033332D493833450F
06-27-2025 03:00:33.352,119,RECV,7E000F81000834024E383033322D41414959D4
06-27-2025 03:00:33.353,120,RECV,7E000F81000735024E373033322D5541344EE1
06-27-2025 03:00:33.391,121,RECV,7E000F81000633024E363033332D43435245DF
06-27-2025 03:00:33.391,122,RECV,7E000F8100042B024E343033342D4C565852BB
06-27-2025 03:00:33.391,123,RECV,7E000F81000833024E383033332D52344459D5
06-27-2025 03:00:33.391,124,RECV,7E000F81000734024E373033332D5A54544DAA
06-27-2025 03:00:33.401,125,RECV,7E000F81000633024E363033342D44413443FF
06-27-2025 03:00:33.403,126,RECV,7E000F8100042B024E343033352D5958315ACA
06-27-2025 03:00:33.403,127,RECV,7E000F81000833024E383033342D4A494839E3
06-27-2025 03:00:33.403,128,RECV,7E000F81000735024E373033342D55333347F5
06-27-2025 03:00:33.442,129,RECV,7E000F81000633024E363033352D36454955E1
06-27-2025 03:00:33.443,130,RECV,7E000F8100042B024E343033362D57585830CE
06-27-2025 03:00:33.443,131,RECV,7E000F81000833024E383033352D54414D30E4
06-27-2025 03:00:33.443,132,RECV,7E000F81000735024E373033352D4E455957B3
06-27-2025 03:00:33.453,133,RECV,7E000F81000633024E363033362D4739445ADB
06-27-2025 03:00:33.454,134,RECV,7E000F8100042B024E343033372D5543373104
06-27-2025 03:00:33.454,135,RECV,7E000F81000833024E383033362D54313346F7
06-27-2025 03:00:33.454,136,RECV,7E000F81000735024E373033362D4E444C5ABD
06-27-2025 03:00:33.491,137,RECV,7E000F81000633024E363033372D4E304339FE
06-27-2025 03:00:33.491,138,RECV,7E000F8100042B024E343033382D463037490D
06-27-2025 03:00:33.491,139,RECV,7E000F81000833024E383033372D4E483351DA
06-27-2025 03:00:33.492,140,RECV,7E000F81000734024E373033372D4D48474BCE
06-27-2025 03:00:33.492,141,RECV,7E000F8100042B024E343033392D50444555D4
06-27-2025 03:00:33.492,142,RECV,7E000F81000833024E383033382D49345644DC
06-27-2025 03:00:33.492,143,RECV,7E000F81000735024E373033382D38544659C8
06-27-2025 03:00:33.541,144,RECV,7E000F8100042A024E343034302D415A3355E8
06-27-2025 03:00:33.542,145,RECV,7E000F81000833024E383033392D5034363800
06-27-2025 03:00:33.542,146,RECV,7E000F81000734024E373033392D41445A55BF
06-27-2025 03:00:33.542,147,RECV,7E000F8100042B024E343034312D59414131FD
06-27-2025 03:00:33.562,148,RECV,7E000F81000735024E373034302D47454643E5
06-27-2025 03:00:33.572,149,RECV,7E000F8100042B024E343034322D52384451E9
06-27-2025 03:00:33.575,150,RECV,7E000F81000734024E373034312D42515137DF
06-27-2025 03:00:33.592,151,RECV,7E000F8100042B024E343034332D533144350A
06-27-2025 03:00:33.592,152,RECV,7E000F81000833024E383034322D4A435837DC
06-27-2025 03:00:33.612,153,RECV,7E000F81000633024E363034322D5042534ACD
06-27-2025 03:00:33.620,154,RECV,7E000F81000735024E373034322D35505141E1
06-27-2025 03:00:33.642,155,RECV,7E000F8100042B024E343034342D36435052EB
06-27-2025 03:00:33.642,156,RECV,7E000F81000833024E383034332D39335649EC
06-27-2025 03:00:33.642,157,RECV,7E000F81000633024E363034332D3656474CDC
06-27-2025 03:00:33.642,158,RECV,7E000F81000734024E373034332D49354A31FF
06-27-2025 03:00:33.652,159,RECV,7E000F8100042B024E343034352D4136525AE2
06-27-2025 03:00:33.652,160,RECV,7E000F81000833024E383034342D4D315052D6
06-27-2025 03:00:33.652,161,RECV,7E000F81000633024E363034342D494E4337E9
06-27-2025 03:00:33.652,162,RECV,7E000F81000735024E373034342D3533434DFE
06-27-2025 03:00:33.692,163,RECV,7E000F8100042B024E343034362D4A4B353703
06-27-2025 03:00:33.692,164,RECV,7E000F81000834024E383034352D51345945D1
06-27-2025 03:00:33.692,165,RECV,7E000F81000633024E363034352D304D5837ED
06-27-2025 03:00:33.692,166,RECV,7E000F81000734024E373034352D59415A58AA
06-27-2025 03:00:33.743,167,RECV,7E000F8100042B024E343034372D43574C41DC
06-27-2025 03:00:33.745,168,RECV,7E000F81000834024E383034362D58353258DC
06-27-2025 03:00:33.746,169,RECV,7E000F81000633024E363034362D42593057D6
06-27-2025 03:00:33.746,170,RECV,7E000F81000735024E373034362D34474845EC
06-27-2025 03:00:33.746,171,RECV,7E000F8100042B024E343034382D30574C55DA
06-27-2025 03:00:33.746,172,RECV,7E000F81000834024E383034372D4453594DB5
06-27-2025 03:00:33.746,173,RECV,7E000F81000634024E363034372D4D445643CC
06-27-2025 03:00:33.747,174,RECV,7E000F81000735024E373034372D39504155D4
06-27-2025 03:00:33.747,175,RECV,7E000F8100042B024E343034392D475A4E4EC4
06-27-2025 03:00:33.747,176,RECV,7E000F81000833024E383034382D4A483053DD
06-27-2025 03:00:33.747,177,RECV,7E000F81000633024E363034382D58343256E2
06-27-2025 03:00:33.792,178,RECV,7E000F81000735024E373034382D46325858CA
06-27-2025 03:00:33.798,179,RECV,7E000F8100042B024E343035302D44514B4FDA
06-27-2025 03:00:33.798,180,RECV,7E000F81000834024E383034392D51585345AF
06-27-2025 03:00:33.798,181,RECV,7E000F81000633024E363034392D55385230E6
06-27-2025 03:00:33.798,182,RECV,7E000F81000735024E373034392D53574855AA
06-27-2025 03:00:33.798,183,RECV,7E000F8100042B024E343035312D4E32583000
06-27-2025 03:00:33.842,184,RECV,7E000F81000633024E363035302D43375944E6
06-27-2025 03:00:33.842,185,RECV,7E000F81000734024E373035302D39544F55C9
06-27-2025 03:00:33.843,186,RECV,7E000F8100042B024E343035322D5949524EC5
06-27-2025 03:00:33.843,187,RECV,7E000F81000633024E363035312D51573350D1
06-27-2025 03:00:33.843,188,RECV,7E000F81000735024E373035312D314A5743E3
06-27-2025 03:00:33.843,189,RECV,7E000F8100042A024E343035332D4B573335FD
06-27-2025 03:00:33.893,190,RECV,7E000F81000633024E363035322D5336454BE2
06-27-2025 03:00:33.894,191,RECV,7E000F81000734024E373035322D4838424CEA
06-27-2025 03:00:33.894,192,RECV,7E000F8100042B024E343035342D464F333805
06-27-2025 03:00:33.894,193,RECV,7E000F81000633024E363035332D34534943E7
06-27-2025 03:00:33.895,194,RECV,7E000F81000735024E373035332D4E384946E1
06-27-2025 03:00:33.904,195,RECV,7E000F8100042E024E343035352D3532414316
06-27-2025 03:00:33.905,196,RECV,7E000F81000633024E363035342D3439393023
06-27-2025 03:00:33.943,197,RECV,7E000F81000735024E373035342D32544850D7
06-27-2025 03:00:33.948,198,RECV,7E000F8100042B024E343035362D305834390E
06-27-2025 03:00:33.948,199,RECV,7E000F81000633024E363035352D55584C55AA
06-27-2025 03:00:33.948,200,RECV,7E000F81000735024E373035352D58534550B4
06-27-2025 03:00:33.953,201,RECV,7E000F81000833024E383035362D38535533E0
06-27-2025 03:00:33.953,202,RECV,7E000F8100042B024E343035372D49364957E3
06-27-2025 03:00:33.973,203,RECV,7E000F81000633024E363035362D50434547D8
06-27-2025 03:00:33.985,204,RECV,7E000F81000734024E373035362D42563850D4
06-27-2025 03:00:33.985,205,RECV,7E000F81000833024E383035372D4F56324DCE
06-27-2025 03:00:33.985,206,RECV,7E000F8100042B024E343035382D42384C4DEE
06-27-2025 03:00:33.985,207,RECV,7E000F81000633024E363035372D434D414FD6
06-27-2025 03:00:34.043,208,RECV,7E000F8100042B024E343035392D39324D3216
06-27-2025 03:00:34.043,209,RECV,7E000F81000633024E363035382D3938594BE0
06-27-2025 03:00:34.043,210,RECV,7E000F8100042B024E343036302D4C515A43CE
06-27-2025 03:00:34.043,211,RECV,7E000F81000633024E363035392D4B535242C2
06-27-2025 03:00:34.093,212,RECV,7E000F81000833024E383036302D5A465731D0
06-27-2025 03:00:34.107,213,RECV,7E000F81000734024E373035392D3548363608
06-27-2025 03:00:34.107,214,RECV,7E000F8100042B024E343036312D503541340D
06-27-2025 03:00:34.107,215,RECV,7E000F81000633024E363036302D3854373207
06-27-2025 03:00:34.107,216,RECV,7E000F81000834024E383036312D4A4A5650BC
06-27-2025 03:00:34.107,217,RECV,7E000F8100042B024E343036322D4E56515AB7
06-27-2025 03:00:34.143,218,RECV,7E000F81000633024E363036312D50574E38CE
06-27-2025 03:00:34.143,219,RECV,7E000F81000834024E383036322D4F454533E9
06-27-2025 03:00:34.143,220,RECV,7E000F8100042B024E343036332D54374E43E9
06-27-2025 03:00:34.144,221,RECV,7E000F81000734024E373036312D5453564CAF
06-27-2025 03:00:34.144,222,RECV,7E000F81000633024E363036322D41563358D8
06-27-2025 03:00:34.144,223,RECV,7E000F81000833024E383036332D50375648D0
06-27-2025 03:00:34.144,224,RECV,7E000F8100042B024E343036342D59465343CF
06-27-2025 03:00:34.144,225,RECV,7E000F81000734024E373036322D4A4C514AC6
06-27-2025 03:00:34.144,226,RECV,7E000F81000633024E363036332D52534355BC
06-27-2025 03:00:34.144,227,RECV,7E000F81000833024E383036342D4C45494BCF
06-27-2025 03:00:34.164,228,RECV,7E000F8100042B024E343036352D5750465ABC
06-27-2025 03:00:34.165,229,RECV,7E000F81000734024E373036332D3749364EF2
06-27-2025 03:00:34.196,230,RECV,7E000F81000633024E363036342D574E4931D9
06-27-2025 03:00:34.196,231,RECV,7E000F81000833024E383036352D415A3939E6
06-27-2025 03:00:34.196,232,RECV,7E000F8100042B024E343036362D364D4441FA
06-27-2025 03:00:34.196,233,RECV,7E000F81000734024E373036342D30444F49E9
06-27-2025 03:00:34.245,234,RECV,7E000F8100042B024E343036372D4C544839E0
06-27-2025 03:00:34.278,235,RECV,7E000F81000734024E373036352D5447534CBA
06-27-2025 03:00:34.309,236,RECV,7E000F8100042B024E343036382D53535A55AB
06-27-2025 03:00:34.309,237,RECV,7E000F81000734024E373036362D53514239D4
06-27-2025 03:00:34.309,238,RECV,7E000F81000833024E383036382D39534738E5
06-27-2025 03:00:34.309,239,RECV,7E000F81000633024E363036372D50394B32EF
06-27-2025 03:00:34.309,240,RECV,7E000F8100042B024E343036392D334F3945FF
06-27-2025 03:00:34.309,241,RECV,7E000F81000734024E373036372D46444248DE
06-27-2025 03:00:34.309,242,RECV,7E000F81000833024E383036392D324C445AD3
06-27-2025 03:00:34.309,243,RECV,7E000F81000633024E363036382D55303045FA
06-27-2025 03:00:34.309,244,RECV,7E000F8100042B024E343037302D4F33435AE8
06-27-2025 03:00:34.309,245,RECV,7E000F81000734024E373036382D36435030F8
06-27-2025 03:00:34.310,246,RECV,7E000F81000833024E383037302D52485238D3
06-27-2025 03:00:34.310,247,RECV,7E000F81000632024E363036392D4948464ECF
06-27-2025 03:00:34.310,248,RECV,7E000F8100042B024E343037312D48464547EC
06-27-2025 03:00:34.310,249,RECV,7E000F81000734024E373036392D3758584DBC
06-27-2025 03:00:34.345,250,RECV,7E000F81000831024E383037312D484C4456CA
06-27-2025 03:00:34.345,251,RECV,7E000F81000633024E363037302D53414933EB
06-27-2025 03:00:34.345,252,RECV,7E000F8100042B024E343037322D3334544307
06-27-2025 03:00:34.345,253,RECV,7E000F81000733024E373037302D4F4D4948CC
06-27-2025 03:00:34.386,254,RECV,7E000F81000833024E383037322D36415A52D2
06-27-2025 03:00:34.395,255,RECV,7E000F81000631024E363037312D5557415AB5
06-27-2025 03:00:34.395,256,RECV,7E000F8100042B024E343037332D57534937DA
06-27-2025 03:00:34.395,257,RECV,7E000F81000734024E373037312D35484C49E5
06-27-2025 03:00:34.395,258,RECV,7E000F81000834024E383037332D483432380D
06-27-2025 03:00:34.395,259,RECV,7E000F81000633024E363037322D384C4D46E2
06-27-2025 03:00:34.395,260,RECV,7E000F8100042B024E343037342D4F393255F4
06-27-2025 03:00:34.395,261,RECV,7E000F81000734024E373037322D52374537F1
06-27-2025 03:00:34.445,262,RECV,7E000F81000831024E383037342D38334E57E5
06-27-2025 03:00:34.459,263,RECV,7E000F8100042B024E343037352D594D4552C5
06-27-2025 03:00:34.459,264,RECV,7E000F81000734024E373037332D3330593207
06-27-2025 03:00:34.460,265,RECV,7E000F81000830024E383037352D52554635D3
06-27-2025 03:00:34.460,266,RECV,7E000F8100042A024E343037362D30555348E2
06-27-2025 03:00:34.460,267,RECV,7E000F81000734024E373037342D59383242EF
06-27-2025 03:00:34.460,268,RECV,7E000F8100082F024E383037362D51355343D9
06-27-2025 03:00:34.466,269,RECV,7E000F8100042B024E343037372D5A544A42C6
06-27-2025 03:00:34.466,270,RECV,7E000F81000633024E363037352D4545333306
06-27-2025 03:00:34.466,271,RECV,7E000F81000734024E373037352D5435363004
06-27-2025 03:00:34.497,272,RECV,7E000F8100082F024E383037372D3458514FC8
06-27-2025 03:00:34.497,273,RECV,7E000F8100042B024E343037382D4637554AE3
06-27-2025 03:00:34.497,274,RECV,7E000F81000632024E363037362D514F4152C3
06-27-2025 03:00:34.497,275,RECV,7E000F81000734024E373037362D55415654B2
06-27-2025 03:00:34.497,276,RECV,7E000F81000833024E383037382D49325A56C4
06-27-2025 03:00:34.546,277,RECV,7E000F8100042B024E343037392D42485233EF
06-27-2025 03:00:34.577,278,RECV,7E000F81000633024E363037372D42304243FD
06-27-2025 03:00:34.577,279,RECV,7E000F81000734024E373037372D33314C54ED
06-27-2025 03:00:34.577,280,RECV,7E000F81000834024E383037392D4D394832ED
06-27-2025 03:00:34.577,281,RECV,7E000F8100042B024E343038302D3543524EEE
06-27-2025 03:00:34.577,282,RECV,7E000F81000632024E363037382D3041424BF6
06-27-2025 03:00:34.577,283,RECV,7E000F81000735024E373037382D4F465345C2
06-27-2025 03:00:34.578,284,RECV,7E000F81000834024E383038302D34395555DE
06-27-2025 03:00:34.596,285,RECV,7E000F8100042B024E343038312D3343563009
06-27-2025 03:00:34.614,286,RECV,7E000F81000633024E363037392D4B32334BF7
06-27-2025 03:00:34.614,287,RECV,7E000F81000735024E373037392D414C3357D7
06-27-2025 03:00:34.614,288,RECV,7E000F81000834024E383038312D35504745E3
06-27-2025 03:00:34.614,289,RECV,7E000F8100042B024E343038322D55504452C9
06-27-2025 03:00:34.614,290,RECV,7E000F81000633024E363038302D344F5539E9
06-27-2025 03:00:34.614,291,RECV,7E000F81000735024E373038302D58575148AE
06-27-2025 03:00:34.614,292,RECV,7E000F81000834024E383038322D4F495255B4
06-27-2025 03:00:34.614,293,RECV,7E000F8100042B024E343038332D36555458CC
06-27-2025 03:00:34.627,294,RECV,7E000F81000634024E363038312D34444455E7
06-27-2025 03:00:34.628,295,RECV,7E000F81000735024E373038312D49384141F2
06-27-2025 03:00:34.628,296,RECV,7E000F81000834024E383038332D3934325300
06-27-2025 03:00:34.646,297,RECV,7E000F8100042B024E343038342D3232394124
06-27-2025 03:00:34.646,298,RECV,7E000F81000633024E363038322D57563138E2
06-27-2025 03:00:34.656,299,RECV,7E000F81000834024E383038342D44354145F2
06-27-2025 03:00:34.657,300,RECV,7E000F8100042B024E343038352D4D33484BEE
06-27-2025 03:00:34.696,301,RECV,7E000F81000633024E363038332D4E55305ACA
06-27-2025 03:00:34.712,302,RECV,7E000F8100042B024E343038362D50544A51C1
06-27-2025 03:00:34.712,303,RECV,7E000F81000633024E363038342D41534942D7
06-27-2025 03:00:34.747,304,RECV,7E000F81000834024E383038362D5655574E9F
06-27-2025 03:00:34.760,305,RECV,7E000F81000735024E373038342D504E5250B2
06-27-2025 03:00:34.760,306,RECV,7E000F8100042B024E343038372D50595857A7
06-27-2025 03:00:34.760,307,RECV,7E000F81000634024E363038352D3133314718
06-27-2025 03:00:34.760,308,RECV,7E000F81000834024E383038372D46503138EF
06-27-2025 03:00:34.760,309,RECV,7E000F81000735024E373038352D31374B3509
06-27-2025 03:00:34.760,310,RECV,7E000F8100042B024E343038382D3959384CE8
06-27-2025 03:00:34.760,311,RECV,7E000F81000633024E363038362D44354C51DE
06-27-2025 03:00:34.760,312,RECV,7E000F81000834024E383038382D5133575AB8
06-27-2025 03:00:34.760,313,RECV,7E000F81000735024E373038362D5749444DBF
06-27-2025 03:00:34.767,314,RECV,7E000F8100042B024E343038392D57585343B8
06-27-2025 03:00:34.767,315,RECV,7E000F81000634024E363038372D4E413437F8
06-27-2025 03:00:34.788,316,RECV,7E000F81000834024E383038392D534B4751B6
06-27-2025 03:00:34.788,317,RECV,7E000F81000735024E373038372D525755579A
06-27-2025 03:00:34.788,318,RECV,7E000F8100042B024E343039302D30364A4F06
06-27-2025 03:00:34.847,319,RECV,7E000F81000633024E363038382D564E4E4AB6
06-27-2025 03:00:34.858,320,RECV,7E000F81000834024E383039302D52354857CE
06-27-2025 03:00:34.858,321,RECV,7E000F81000735024E373038382D43534558BB
06-27-2025 03:00:34.858,322,RECV,7E000F8100042B024E343039312D363834580A
06-27-2025 03:00:34.858,323,RECV,7E000F81000630024E363038392D50444E46CC
06-27-2025 03:00:34.858,324,RECV,7E000F81000833024E383039312D34465A4CD4
06-27-2025 03:00:34.858,325,RECV,7E000F81000734024E373038392D57374B38DD
06-27-2025 03:00:34.858,326,RECV,7E000F8100042E024E343039322D48384B3203
06-27-2025 03:00:34.858,327,RECV,7E000F81000833024E383039322D4E5A4846BD
06-27-2025 03:00:34.897,328,RECV,7E000F81000734024E373039302D4C4D4731E5
06-27-2025 03:00:34.919,329,RECV,7E000F8100042C024E343039332D47593531FB
06-27-2025 03:00:34.920,330,RECV,7E000F81000733024E373039312D4C4B344DDE
06-27-2025 03:00:34.920,331,RECV,7E000F8100042B024E343039342D51363957EA
06-27-2025 03:00:34.937,332,RECV,7E000F81000832024E383039342D55344651D2
06-27-2025 03:00:34.937,333,RECV,7E000F81000633024E363039322D42504B50CA
06-27-2025 03:00:34.937,334,RECV,7E000F81000734024E373039322D4F415A37D3
06-27-2025 03:00:34.938,335,RECV,7E000F8100042B024E343039352D5A304644EC
06-27-2025 03:00:34.938,336,RECV,7E000F81000831024E383039352D5A573551BB
06-27-2025 03:00:34.938,337,RECV,7E000F81000633024E363039332D59475332D1
06-27-2025 03:00:34.938,338,RECV,7E000F81000734024E373039332D4D39424DDE
06-27-2025 03:00:34.938,339,RECV,7E000F8100042B024E343039362D454C4746E1
06-27-2025 03:00:34.999,340,RECV,7E000F81000833024E383039362D39585344C7
06-27-2025 03:00:35.065,341,RECV,7E000F81000632024E363039342D32344E53EF
06-27-2025 03:00:35.119,342,RECV,7E000F81000735024E373039342D51584A4CB2
06-27-2025 03:00:35.119,343,RECV,7E000F8100042B024E343039372D4D5A4241D4
06-27-2025 03:00:35.119,344,RECV,7E000F81000833024E383039372D444C3757D0
06-27-2025 03:00:35.120,345,RECV,7E000F81000633024E363039352D4F39364CEA
06-27-2025 03:00:35.120,346,RECV,7E000F81000735024E373039352D44455445CE
06-27-2025 03:00:35.120,347,RECV,7E000F8100042B024E343039382D3532474B04
06-27-2025 03:00:35.120,348,RECV,7E000F81000834024E383039382D50354F4BCD
06-27-2025 03:00:35.120,349,RECV,7E000F81000633024E363039362D33415754D4
06-27-2025 03:00:35.120,350,RECV,7E000F8100042B024E343039392D3938333622
06-27-2025 03:00:35.120,351,RECV,7E000F81000834024E383039392D33455050D3
06-27-2025 03:00:35.120,352,RECV,7E000F81000633024E363039372D52383930FF
06-27-2025 03:00:35.120,353,RECV,7E000F81000735024E373039372D33484157DB
06-27-2025 03:00:35.120,354,RECV,7E000F81000633024E363039382D31575939D7
06-27-2025 03:00:35.120,355,RECV,7E000F81000735024E373039382D36483848EF
06-27-2025 03:00:35.120,356,RECV,7E000F81000634024E363039392D385A3541E7
06-27-2025 03:00:35.120,357,RECV,7E000F81000735024E373039392D544C5246B4
