06-05-2025 16:15:12.692,-,API2,"Sink 1,0013A20041839DB1,802.15.4 TH,2003,/dev/ttyUSB0 - 57600/8/M/1/N,1,46"

06-05-2025 16:14:49.837,0,RECV,7E007D318100041E02AB004E343030302D5330364A6D
06-05-2025 16:14:49.839,1,RECV,7E007D318100031902C1004E333030302D4549584B30
06-05-2025 16:14:49.841,2,RECV,7E007D318100041E02AC004E343030312D463354475A
06-05-2025 16:14:49.860,3,RECV,7E007D318100031902C2004E333030312D4E4B445929
06-05-2025 16:14:49.887,4,RECV,7E007D318100041E02AE004E343030322D5547354F4B
06-05-2025 16:14:49.887,5,RECV,7E007D318100031A02C4004E333030322D3230555252
06-05-2025 16:14:49.887,6,RECV,7E007D31810001230234004E313030322D305A5135D6
06-05-2025 16:14:49.888,7,RECV,7E007D318100041E02AF004E343030332D3750595435
06-05-2025 16:14:49.888,8,RECV,7E007D318100031A02C5004E333030332D5656414329
06-05-2025 16:14:49.888,9,RECV,7E007D31810001230235004E313030332D41364C52CF
06-05-2025 16:14:49.888,10,RECV,7E007D318100041E02B1004E343030342D4751424448
06-05-2025 16:14:49.939,11,RECV,7E007D318100031A02C6004E333030342D3859454E33
06-05-2025 16:14:49.945,12,RECV,7E007D31810001230236004E313030342D55433755BE
06-05-2025 16:14:49.945,13,RECV,7E007D318100022902DE004E323030342D4C4C364F15
06-05-2025 16:14:49.945,14,RECV,7E007D318100041E02B2004E343030352D344D494456
06-05-2025 16:14:49.946,15,RECV,7E007D318100031A02C7004E333030352D3143564447
06-05-2025 16:14:49.946,16,RECV,7E007D31810001230237004E313030352D384B4C4EC3
06-05-2025 16:14:49.946,17,RECV,7E007D318100041E02B3004E343030362D3556445A39
06-05-2025 16:14:49.946,18,RECV,7E007D318100031A02C8004E333030362D314442425A
06-05-2025 16:14:49.946,19,RECV,7E007D31810001230238004E313030362D54573655A8
06-05-2025 16:14:49.946,20,RECV,7E007D318100041E02B4004E343030372D52355A5827
06-05-2025 16:14:49.946,21,RECV,7E007D318100031A02C9004E333030372D434E4B5025
06-05-2025 16:14:49.961,22,RECV,7E007D31810001230239004E313030372D595A3549AB
06-05-2025 16:14:49.961,23,RECV,7E007D318100041E02B5004E343030382D5A394B453B
06-05-2025 16:14:49.962,24,RECV,7E007D318100031A02CA004E333030382D495253431E
06-05-2025 16:14:49.962,25,RECV,7E007D3181000123023A004E313030382D32545544BB
06-05-2025 16:14:49.962,26,RECV,7E007D318100041E02B6004E343030392D4D35424553
06-05-2025 16:14:49.962,27,RECV,7E007D318100031A02CB004E333030392D555851351A
06-05-2025 16:14:50.053,28,RECV,7E007D3181000123023B004E313030392D43304E45D2
06-05-2025 16:14:50.054,29,RECV,7E007D318100041E02B7004E343031302D4442514448
06-05-2025 16:14:50.054,30,RECV,7E007D318100031A02CC004E333031302D5153364F2B
06-05-2025 16:14:50.054,31,RECV,7E007D3181000123023C004E313031302D4238565AB5
06-05-2025 16:14:50.054,32,RECV,7E007D318100041E02B8004E343031312D445A564825
06-05-2025 16:14:50.054,33,RECV,7E007D318100031A02CD004E333031312D394A4D3151
06-05-2025 16:14:50.054,34,RECV,7E007D3181000123023D004E313031312D555552459C
06-05-2025 16:14:50.054,35,RECV,7E007D318100041E02B9004E343031322D395A423357
06-05-2025 16:14:50.054,36,RECV,7E007D318100031A02CE004E333031322D353158563C
06-05-2025 16:14:50.054,37,RECV,7E007D3181000123023E004E313031322D4A463657BE
06-05-2025 16:14:50.054,38,RECV,7E007D318100041E02BA004E343031332D4743324859
06-05-2025 16:14:50.054,39,RECV,7E007D318100031A02CF004E333031332D5639514727
06-05-2025 16:14:50.054,40,RECV,7E007D318100041E02BB004E343031342D3555475436
06-05-2025 16:14:50.104,41,RECV,7E007D318100031A02D0004E333031342D5439475226
06-05-2025 16:14:50.107,42,RECV,7E007D31810001230240004E313031342D324A4850C3
06-05-2025 16:14:50.108,43,RECV,7E007D318100041E02BC004E343031352D5630583447
06-05-2025 16:14:50.108,44,RECV,7E007D318100031A02D1004E333031352D3359595510
06-05-2025 16:14:50.108,45,RECV,7E007D31810001230241004E313031352D4B414C37C6
06-05-2025 16:14:50.108,46,RECV,7E007D318100041E02BD004E343031362D4154394544
06-05-2025 16:14:50.108,47,RECV,7E007D318100031A02D2004E333031362D4256505A06
06-05-2025 16:14:50.108,48,RECV,7E007D31810001230242004E313031362D44533959AA
06-05-2025 16:14:50.108,49,RECV,7E007D318100041E02BE004E343031372D305539583F
06-05-2025 16:14:50.108,50,RECV,7E007D318100031A02D3004E333031372D415A4F5309
06-05-2025 16:14:50.108,51,RECV,7E007D318100041E02BF004E343031382D49554D392F
06-05-2025 16:14:50.137,52,RECV,7E007D318100031A02D4004E333031382D384857501D
06-05-2025 16:14:50.138,53,RECV,7E007D318100041D02C0004E343031392D3755425430
06-05-2025 16:14:50.138,54,RECV,7E007D318100031902D5004E333031392D4352574B0C
06-05-2025 16:14:50.138,55,RECV,7E007D31810001230245004E313031392D554A4D32AF
06-05-2025 16:14:50.187,56,RECV,7E007D318100041E02C2004E343032312D434D4B5A21
06-05-2025 16:14:50.188,57,RECV,7E007D318100031A02D6004E333032302D3649474A39
06-05-2025 16:14:50.198,58,RECV,7E007D31810001230246004E313032302D37324F36E6
06-05-2025 16:14:50.198,59,RECV,7E007D318100041E02C3004E343032322D524E4F481D
06-05-2025 16:14:50.198,60,RECV,7E007D318100022802EF004E323032312D4F59534FD9
06-05-2025 16:14:50.198,61,RECV,7E007D318100031A02D7004E333032312D533759570D
06-05-2025 16:14:50.198,62,RECV,7E007D31810001230247004E313032312D524E485298
06-05-2025 16:14:50.198,63,RECV,7E007D318100041E02C4004E343032332D4F4133553A
06-05-2025 16:14:50.198,64,RECV,7E007D318100022802F0004E323032322D5A365158E8
06-05-2025 16:14:50.198,65,RECV,7E007D318100031A02D8004E333032322D4A59384426
06-05-2025 16:14:50.199,66,RECV,7E007D318100041E02C5004E343032342D484E30305A
06-05-2025 16:14:50.199,67,RECV,7E007D318100031902D9004E333032332D3344544138
06-05-2025 16:14:50.229,68,RECV,7E007D318100041E02C6004E343032352D5750385619
06-05-2025 16:14:50.234,69,RECV,7E007D318100031902DA004E333032342D4333534A2F
06-05-2025 16:14:50.266,70,RECV,7E007D318100041E02C7004E343032362D4944385433
06-05-2025 16:14:50.338,71,RECV,7E007D318100022802F3004E323032352D4D3044500A
06-05-2025 16:14:50.338,72,RECV,7E007D318100031A02DB004E333032352D3534583846
06-05-2025 16:14:50.338,73,RECV,7E007D318100041E02C8004E343032372D525542451C
06-05-2025 16:14:50.338,74,RECV,7E007D318100022802F4004E323032362D46314B4215
06-05-2025 16:14:50.338,75,RECV,7E007D318100031A02DC004E333032362D4853304E24
06-05-2025 16:14:50.338,76,RECV,7E007D318100041E02C9004E343032382D484845581B
06-05-2025 16:14:50.338,77,RECV,7E007D318100022802F5004E323032372D424C344510
06-05-2025 16:14:50.338,78,RECV,7E007D318100031902DD004E333032372D4B4230542B
06-05-2025 16:14:50.338,79,RECV,7E007D318100041E02CA004E343032392D414E4B4626
06-05-2025 16:14:50.338,80,RECV,7E007D318100022802F6004E323032382D56554A58C8
06-05-2025 16:14:50.338,81,RECV,7E007D318100031902DE004E333032382D4F304C313E
06-05-2025 16:14:50.338,82,RECV,7E007D318100041E02CB004E343033302D5A4A4D4A12
06-05-2025 16:14:50.339,83,RECV,7E007D318100022802F7004E323032392D5731363322
06-05-2025 16:14:50.339,84,RECV,7E007D318100031902DF004E333032392D4550333739
06-05-2025 16:14:50.339,85,RECV,7E007D318100041E02CC004E343033312D4B464A4A26
06-05-2025 16:14:50.339,86,RECV,7E007D318100022802F8004E323033302D5551343808
06-05-2025 16:14:50.339,87,RECV,7E007D318100031902E0004E333033302D4743304243
06-05-2025 16:14:50.339,88,RECV,7E007D318100041E02CD004E343033322D4D544F5801
06-05-2025 16:14:50.339,89,RECV,7E007D318100022802F9004E323033312D4835375014
06-05-2025 16:14:50.339,90,RECV,7E007D318100031902E1004E333033312D4454455709
06-05-2025 16:14:50.339,91,RECV,7E007D318100041E02CE004E343033332D57534C3021
06-05-2025 16:14:50.339,92,RECV,7E007D318100022802FA004E323033322D4A30424A10
06-05-2025 16:14:50.349,93,RECV,7E007D318100031902E2004E333033322D3335374953
06-05-2025 16:14:50.350,94,RECV,7E007D318100041E02CF004E343033342D4F4C304436
06-05-2025 16:14:50.350,95,RECV,7E007D318100022902FB004E323033332D54535A5AB8
06-05-2025 16:14:50.390,96,RECV,7E007D318100031902E3004E333033332D475647371E
06-05-2025 16:14:50.439,97,RECV,7E007D318100041E02D0004E343033352D494E4C4E12
06-05-2025 16:14:50.439,98,RECV,7E007D318100022902FC004E323033342D3131354634
06-05-2025 16:14:50.439,99,RECV,7E007D318100031902E4004E333033342D4830455624
06-05-2025 16:14:50.439,100,RECV,7E007D318100041E02D1004E343033362D4C544A480F
06-05-2025 16:14:50.439,101,RECV,7E007D318100022902FD004E323033352D5431313920
06-05-2025 16:14:50.439,102,RECV,7E007D318100031902E5004E333033352D363448572C
06-05-2025 16:14:50.439,103,RECV,7E007D318100041E02D2004E343033372D494C464C18
06-05-2025 16:14:50.439,104,RECV,7E007D318100022A02FE004E323033362D435A4C4BD8
06-05-2025 16:14:50.439,105,RECV,7E007D318100031902E6004E333033362D32524C5A09
06-05-2025 16:14:50.439,106,RECV,7E007D318100041E02D3004E343033382D4E5A5151F3
06-05-2025 16:14:50.439,107,RECV,7E007D318100022A02FF004E323033372D46445458D4
06-05-2025 16:14:50.440,108,RECV,7E007D318100031A02E7004E333033372D385A435902
06-05-2025 16:14:50.441,109,RECV,7E007D318100041E02D4004E343033392D354C493839
06-05-2025 16:14:50.441,110,RECV,7E007D318100031902E8004E333033382D51364E3624
06-05-2025 16:14:50.488,111,RECV,7E007D318100031A02E9004E333033392D443645333A
06-05-2025 16:14:50.488,112,RECV,7E007D31810001230259004E313033392D4954365A8A
06-05-2025 16:14:50.488,113,RECV,7E007D318100041E02D7004E343034322D474746577D33
06-05-2025 16:14:50.488,114,RECV,7E007D318100031902EA004E333034302D394E554216
06-05-2025 16:14:50.539,115,RECV,7E007D318100041E02D8004E343034332D4A51393038
06-05-2025 16:14:50.539,116,RECV,7E007D31810002290204004E323034312D4C4C4E55D0
06-05-2025 16:14:50.539,117,RECV,7E007D318100031A02EB004E333034312D35414C422D
06-05-2025 16:14:50.539,118,RECV,7E007D3181000123025B004E313034312D3246584CA0
06-05-2025 16:14:50.540,119,RECV,7E007D318100041E02D9004E343034342D41484F4A18
06-05-2025 16:14:50.540,120,RECV,7E007D31810002290205004E323034322D5948424BDB
06-05-2025 16:14:50.540,121,RECV,7E007D318100031902EC004E333034322D393734315B
06-05-2025 16:14:50.540,122,RECV,7E007D318100041E02DA004E343034352D5338524318
06-05-2025 16:14:50.540,123,RECV,7E007D318100031902ED004E333034332D4235484827
06-05-2025 16:14:50.540,124,RECV,7E007D318100041E02DB004E343034362D42334B4135
06-05-2025 16:14:50.540,125,RECV,7E007D318100031902EE004E333034342D513248362B
06-05-2025 16:14:50.540,126,RECV,7E007D318100041E02DC004E343034372D364A52451D
06-05-2025 16:14:50.651,127,RECV,7E007D318100031A02EF004E333034352D354F41570D
06-05-2025 16:14:50.655,128,RECV,7E007D3181000123025F004E313034352D35364D31CB
06-05-2025 16:14:50.655,129,RECV,7E007D318100041E02DD004E343034382D4151315619
06-05-2025 16:14:50.655,130,RECV,7E007D31810002290209004E323034362D49585154BB
06-05-2025 16:14:50.655,131,RECV,7E007D318100031A02F0004E333034362D3032415A2A
06-05-2025 16:14:50.655,132,RECV,7E007D31810001230260004E313034362D495644557A
06-05-2025 16:14:50.655,133,RECV,7E007D318100041E02DE004E343034392D305A4B3922
06-05-2025 16:14:50.655,134,RECV,7E007D3181000229020A004E323034372D4B4A4330F7
06-05-2025 16:14:50.655,135,RECV,7E007D318100031A02F1004E333034372D304A334A2E
06-05-2025 16:14:50.655,136,RECV,7E007D31810001230261004E313034372D515A583776
06-05-2025 16:14:50.655,137,RECV,7E007D318100041E02DF004E343035302D48584854FB
06-05-2025 16:14:50.655,138,RECV,7E007D3181000229020B004E323034382D3449374702
06-05-2025 16:14:50.655,139,RECV,7E007D318100031A02F2004E333034382D4F325453FB
06-05-2025 16:14:50.655,140,RECV,7E007D31810001230262004E313034382D3630364FC3
06-05-2025 16:14:50.655,141,RECV,7E007D318100041E02E0004E343035312D5152383921
06-05-2025 16:14:50.655,142,RECV,7E007D3181000228020C004E323034392D554F4A36D8
06-05-2025 16:14:50.655,143,RECV,7E007D318100031A02F3004E333034392D533644470D
06-05-2025 16:14:50.655,144,RECV,7E007D31810001230263004E313034392D4E464F4B7D5E
06-05-2025 16:14:50.655,145,RECV,7E007D318100041E02E1004E343035322D4759445AF5
06-05-2025 16:14:50.655,146,RECV,7E007D3181000228020D004E323035302D3645524BEB
06-05-2025 16:14:50.656,147,RECV,7E007D318100031902F4004E333035302D4347475602
06-05-2025 16:14:50.656,148,RECV,7E007D318100041E02E2004E343035332D44584B3416
06-05-2025 16:14:50.656,149,RECV,7E007D3181000228020E004E323035312D48524957C7
06-05-2025 16:14:50.656,150,RECV,7E007D318100031A02F5004E333035312D30475A5203
06-05-2025 16:14:50.656,151,RECV,7E007D318100041E02E3004E343035342D41514C351C
06-05-2025 16:14:50.656,152,RECV,7E007D3181000228020F004E323035322D52385A41DA
06-05-2025 16:14:50.739,153,RECV,7E007D318100031A02F6004E333035322D304D514F07
06-05-2025 16:14:50.739,154,RECV,7E007D31810001230266004E313035322D4E31514A95
06-05-2025 16:14:50.739,155,RECV,7E007D318100041E02E4004E343035352D57564546F5
06-05-2025 16:14:50.739,156,RECV,7E007D31810002280210004E323035332D51395233EE
06-05-2025 16:14:50.739,157,RECV,7E007D318100031A02F7004E333035332D53554D31FC
06-05-2025 16:14:50.739,158,RECV,7E007D31810001230267004E313035332D59534D397B
06-05-2025 16:14:50.739,159,RECV,7E007D318100041E02E5004E343035362D5051574EE5
06-05-2025 16:14:50.739,160,RECV,7E007D3181000228027D31004E323035342D4D4B5543CB
06-05-2025 16:14:50.739,161,RECV,7E007D318100031A02F8004E333035342D4D395755EE
06-05-2025 16:14:50.739,162,RECV,7E007D31810001230268004E313035342D444949389D
06-05-2025 16:14:50.739,163,RECV,7E007D318100041E02E6004E343035372D5934365016
06-05-2025 16:14:50.739,164,RECV,7E007D31810002280212004E323035352D32424D52E6
06-05-2025 16:14:50.739,165,RECV,7E007D318100031A02F9004E333035352D443347550B
06-05-2025 16:14:50.739,166,RECV,7E007D318100041E02E7004E343035382D3844445314
06-05-2025 16:14:50.739,167,RECV,7E007D3181000228027D33004E323035362D51423844E8
06-05-2025 16:14:50.740,168,RECV,7E007D318100031902FA004E333035362D46494F53EC
06-05-2025 16:14:50.789,169,RECV,7E007D31810002280214004E323035372D34433159F4
06-05-2025 16:14:50.803,170,RECV,7E007D318100031A02FB004E333035372D5537414904
06-05-2025 16:14:50.803,171,RECV,7E007D3181000123026B004E313035372D4950354B8C
06-05-2025 16:14:50.803,172,RECV,7E007D31810002280215004E323035382D374B5542DA
06-05-2025 16:14:50.803,173,RECV,7E007D318100041E02EA004E343036312D4F494957F2
06-05-2025 16:14:50.804,174,RECV,7E007D318100031A02FC004E333035382D50554135FD
06-05-2025 16:14:50.804,175,RECV,7E007D3181000123026C004E313035382D424A46577A
06-05-2025 16:14:50.804,176,RECV,7E007D318100041E02EB004E343036322D314F47570A
06-05-2025 16:14:50.804,177,RECV,7E007D318100031902FD004E333035392D39524555F2
06-05-2025 16:14:50.804,178,RECV,7E007D318100041E02EC004E343036332D4D45373924
06-05-2025 16:14:50.804,179,RECV,7E007D318100031902FE004E333036302D50565442E2
06-05-2025 16:14:50.804,180,RECV,7E007D318100041E02ED004E343036342D55415456E4
06-05-2025 16:14:50.922,181,RECV,7E007D31810002280218004E323036312D4A59524AB7
06-05-2025 16:14:50.977,182,RECV,7E007D318100031A02FF004E333036312D5533444E01
06-05-2025 16:14:50.977,183,RECV,7E007D318100041E02EE004E343036352D53394C4208
06-05-2025 16:14:50.977,184,RECV,7E007D31810002280219004E323036322D4E535A57A2
06-05-2025 16:14:50.977,185,RECV,7E007D318100031A0201004E333036322D5343304A08
06-05-2025 16:14:50.977,186,RECV,7E007D31810001230270004E313036322D33574B4D82
06-05-2025 16:14:50.977,187,RECV,7E007D318100041E02EF004E343036362D4D524F4EE4
06-05-2025 16:14:50.980,188,RECV,7E007D3181000228021A004E323036332D4950474BC7
06-05-2025 16:14:50.980,189,RECV,7E007D318100031A0202004E333036332D4747524DE9
06-05-2025 16:14:50.980,190,RECV,7E007D318100041E02F0004E343036372D4334334A2A
06-05-2025 16:14:50.980,191,RECV,7E007D3181000229021B004E323036342D53584151B2
06-05-2025 16:14:50.980,192,RECV,7E007D31810003190203004E333036342D55564732F1
06-05-2025 16:14:50.981,193,RECV,7E007D318100041E02F1004E343036382D49553956EF
06-05-2025 16:14:50.981,194,RECV,7E007D3181000229021C004E323036352D474A394AD9
06-05-2025 16:14:50.981,195,RECV,7E007D318100031A0204004E333036352D3842415106
06-05-2025 16:14:50.981,196,RECV,7E007D31810001230273004E313036352D594152446E
06-05-2025 16:14:50.981,197,RECV,7E007D318100041E02F2004E343036392D314A5455F6
06-05-2025 16:14:50.981,198,RECV,7E007D3181000229021D004E323036362D47534E33D0
06-05-2025 16:14:50.981,199,RECV,7E007D31810003190205004E333036362D353247441F
06-05-2025 16:14:50.981,200,RECV,7E007D318100041E02F3004E343037302D3241465117
06-05-2025 16:14:50.981,201,RECV,7E007D3181000229021E004E323036372D4E543632DF
06-05-2025 16:14:50.981,202,RECV,7E007D318100031A0206004E333036372D4F455332F5
06-05-2025 16:14:50.981,203,RECV,7E007D318100041E02F4004E343037312D4851493409
06-05-2025 16:14:50.981,204,RECV,7E007D3181000229021F004E323036382D58324B4DC5
06-05-2025 16:14:50.981,205,RECV,7E007D31810003190207004E333036382D3952574DDE
06-05-2025 16:14:50.981,206,RECV,7E007D318100041E02F5004E343037322D4A3551420B
06-05-2025 16:14:50.981,207,RECV,7E007D31810002290220004E323036392D454B515AAA
06-05-2025 16:14:50.981,208,RECV,7E007D31810003190208004E333036392D504B5131EE
06-05-2025 16:14:50.981,209,RECV,7E007D318100041E02F6004E343037332D583539381D
06-05-2025 16:14:50.981,210,RECV,7E007D31810002290221004E323037302D5A34394FD6
06-05-2025 16:14:50.981,211,RECV,7E007D31810003190209004E333037302D314F393128
06-05-2025 16:14:50.981,212,RECV,7E007D318100041E02F7004E343037342D58354352F7
06-05-2025 16:14:50.981,213,RECV,7E007D31810002290222004E323037312D37363051FC
06-05-2025 16:14:50.981,214,RECV,7E007D3181000319020A004E333037312D50585944CB
06-05-2025 16:14:51.021,215,RECV,7E007D318100041E02F8004E343037352D574C5A5AC0
06-05-2025 16:14:51.037,216,RECV,7E007D31810002290223004E323037322D364A4A4CD2
06-05-2025 16:14:51.037,217,RECV,7E007D3181000319020B004E333037322D543537341A
06-05-2025 16:14:51.038,218,RECV,7E007D318100041E02F9004E343037362D434D44360B
06-05-2025 16:14:51.038,219,RECV,7E007D31810002290224004E323037332D4F5A3432D7
06-05-2025 16:14:51.038,220,RECV,7E007D3181000319020C004E333037332D51553058DE
06-05-2025 16:14:51.038,221,RECV,7E007D31810002290225004E323037342D32334646F3
06-05-2025 16:14:51.038,222,RECV,7E007D3181000319020D004E333037342D55304B3604
06-05-2025 16:14:51.038,223,RECV,7E007D31810002290226004E323037352D494F4B52AD
06-05-2025 16:14:51.042,224,RECV,7E007D3181000319020E004E333037352D565A5344C1
06-05-2025 16:14:51.042,225,RECV,7E007D31810002290227004E323037362D43593648C6
06-05-2025 16:14:51.062,226,RECV,7E007D318100031A020F004E333037362D55595859A6
06-05-2025 16:14:51.062,227,RECV,7E007D31810002290228004E323037372D36364833F7
06-05-2025 16:14:51.113,228,RECV,7E007D318100041E02FE004E343038312D42555736F0
06-05-2025 16:14:51.125,229,RECV,7E007D318100031A0210004E333037372D5058314AE0
06-05-2025 16:14:51.125,230,RECV,7E007D31810002290229004E323037382D54533955A7
06-05-2025 16:14:51.125,231,RECV,7E007D318100041E02FF004E343038322D59564537E7
06-05-2025 16:14:51.125,232,RECV,7E007D318100031A027D31004E333037382D3937333529
06-05-2025 16:14:51.125,233,RECV,7E007D318100041E0201004E343038332D4F535743D3
06-05-2025 16:14:51.125,234,RECV,7E007D318100031A0212004E333037392D4859554EBB
06-05-2025 16:14:51.125,235,RECV,7E007D318100041E0202004E343038342D59314E38FD
06-05-2025 16:14:51.240,236,RECV,7E007D31810001230282004E313038302D4446564F63
06-05-2025 16:14:51.336,237,RECV,7E007D318100031A027D33004E333038302D38514250EB
06-05-2025 16:14:51.340,238,RECV,7E007D318100041E0203004E343038352D54563653D8
06-05-2025 16:14:51.340,239,RECV,7E007D3181000228022C004E323038312D36573231F0
06-05-2025 16:14:51.340,240,RECV,7E007D318100031A0214004E333038312D464C4945E4
06-05-2025 16:14:51.340,241,RECV,7E007D318100041F0204004E343038362D314236421D
06-05-2025 16:14:51.340,242,RECV,7E007D3181000228022D004E323038322D4B38435ABE
06-05-2025 16:14:51.340,243,RECV,7E007D318100031A0215004E333038322D5A394533F7
06-05-2025 16:14:51.340,244,RECV,7E007D318100041E0205004E343038372D4B464A47E5
06-05-2025 16:14:51.340,245,RECV,7E007D3181000228022E004E323038332D43535342B1
06-05-2025 16:14:51.340,246,RECV,7E007D318100031A0216004E333038332D484B414DDF
06-05-2025 16:14:51.340,247,RECV,7E007D318100041E0206004E343038382D48594C52C6
06-05-2025 16:14:51.340,248,RECV,7E007D3181000228022F004E323038342D53304759B7
06-05-2025 16:14:51.340,249,RECV,7E007D318100031A0217004E333038342D41473456EC
06-05-2025 16:14:51.340,250,RECV,7E007D318100041E0207004E343038392D3231424C12
06-05-2025 16:14:51.340,251,RECV,7E007D31810002280230004E323038352D554F3547B8
06-05-2025 16:14:51.340,252,RECV,7E007D318100031A0218004E333038352D43314B3607
06-05-2025 16:14:51.340,253,RECV,7E007D318100041E0208004E343039302D4C585558B9
06-05-2025 16:14:51.340,254,RECV,7E007D31810002280231004E323038362D31464844D3
06-05-2025 16:14:51.341,255,RECV,7E007D318100031A0219004E333038362D3031305910
06-05-2025 16:14:51.341,256,RECV,7E007D318100041E0209004E343039312D4158584ACD
06-05-2025 16:14:51.341,257,RECV,7E007D31810002280232004E323038372D4E434243BE
06-05-2025 16:14:51.341,258,RECV,7E007D3181000319021A004E333038372D5138365AE0
06-05-2025 16:14:51.341,259,RECV,7E007D318100041E020A004E343039322D57353153F6
06-05-2025 16:14:51.341,260,RECV,7E007D31810002280233004E323038382D54355431C4
06-05-2025 16:14:51.341,261,RECV,7E007D3181000319021B004E333038382D4139384203
06-05-2025 16:14:51.341,262,RECV,7E007D318100041E020B004E343039332D494A484EDB
06-05-2025 16:14:51.341,263,RECV,7E007D31810002280234004E323038392D4A334448C7
06-05-2025 16:14:51.341,264,RECV,7E007D318100031A021C004E333038392D4D53474FBE
06-05-2025 16:14:51.341,265,RECV,7E007D318100041E020C004E343039342D453638430C
06-05-2025 16:14:51.341,266,RECV,7E007D31810002280235004E323039302D4B314731E3
06-05-2025 16:14:51.341,267,RECV,7E007D3181000319021D004E333039302D394E5652CD
06-05-2025 16:14:51.341,268,RECV,7E007D318100041E020D004E343039352D3654584CD2
06-05-2025 16:14:51.341,269,RECV,7E007D31810002280236004E323039312D354F5853A6
06-05-2025 16:14:51.341,270,RECV,7E007D3181000319021E004E333039312D58415031E0
06-05-2025 16:14:51.341,271,RECV,7E007D318100041E020E004E343039362D56444357CA
06-05-2025 16:14:51.341,272,RECV,7E007D31810002280237004E323039322D41373937EB
06-05-2025 16:14:51.341,273,RECV,7E007D3181000319021F004E333039322D48494A55C8
06-05-2025 16:14:51.341,274,RECV,7E007D31810002280238004E323039332D49473642C9
06-05-2025 16:14:51.341,275,RECV,7E007D31810003180220004E333039332D58415936CF
06-05-2025 16:14:51.344,276,RECV,7E007D31810002280239004E323039342D57344A50AA
06-05-2025 16:14:51.360,277,RECV,7E007D31810003190221004E333039342D54485737CA
06-05-2025 16:14:51.364,278,RECV,7E007D3181000228023A004E323039352D37364A41D5
06-05-2025 16:14:51.364,279,RECV,7E007D318100031A0222004E333039352D59535337BB
06-05-2025 16:14:51.374,280,RECV,7E007D3181000229023B004E323039362D46353247D6
06-05-2025 16:14:51.374,281,RECV,7E007D31810003190223004E333039362D4949474ACD
06-05-2025 16:14:51.395,282,RECV,7E007D3181000229023C004E323039372D5258385A8C
06-05-2025 16:14:51.397,283,RECV,7E007D318100031A0224004E333039372D35503254E2
06-05-2025 16:14:51.415,284,RECV,7E007D3181000229023D004E323039382D4F483351AB
06-05-2025 16:14:51.425,285,RECV,7E007D3181000229023E004E323039392D4B394B54A1
06-05-2025 16:14:51.431,286,RECV,7E007D318100031A0226004E333039392D3146393801
