06-27-2025 03:53:24.278,-,API2,"Sink 2,0013A20041839DCA,802.15.4 TH,2003,/dev/ttyUSB2 - 57600/8/M/1/N,1,46"

06-27-2025 03:52:28.628,0,RECV,7E000F8100042B024E343030302D364F503603
06-27-2025 03:52:28.629,1,RECV,7E000F81000634024E363030302D54544242D5
06-27-2025 03:52:28.631,2,RECV,7E000F81000735024E373030302D4A375249E2
06-27-2025 03:52:28.678,3,RECV,7E000F81000834024E383030302D46583259D4
06-27-2025 03:52:28.728,4,RECV,7E000F8100042B024E343030312D5A554C57BB
06-27-2025 03:52:28.731,5,RECV,7E000F81000634024E363030312D4E494B33EB
06-27-2025 03:52:28.731,6,RECV,7E000F81000735024E373030312D3041384E06
06-27-2025 03:52:28.778,7,RECV,7E000F81000834024E383030312D594B4159BE
06-27-2025 03:52:28.789,8,RECV,7E000F8100042B024E343030322D45434F52E3
06-27-2025 03:52:28.789,9,RECV,7E000F81000634024E363030322D3953554ED0
06-27-2025 03:52:28.789,10,RECV,7E000F81000736024E373030322D47345A4FD7
06-27-2025 03:52:28.839,11,RECV,7E000F81000834024E383030322D564E3141E5
06-27-2025 03:52:28.879,12,RECV,7E000F8100042A024E343030332D4E355436FF
06-27-2025 03:52:28.879,13,RECV,7E000F81000633024E363030332D4C483739FB
06-27-2025 03:52:28.879,14,RECV,7E000F81000736024E373030332D4F434F50C9
06-27-2025 03:52:28.929,15,RECV,7E000F81000832024E383030332D4344364CF3
06-27-2025 03:52:28.979,16,RECV,7E000F8100042B024E343030342D433131547D31
06-27-2025 03:52:28.987,17,RECV,7E000F81000633024E363030342D58585438C2
06-27-2025 03:52:28.987,18,RECV,7E000F81000735024E373030342D55585534C4
06-27-2025 03:52:28.999,19,RECV,7E000F81000834024E383030342D4E4C3130FE
06-27-2025 03:52:29.030,20,RECV,7E000F8100042B024E343030352D37593253F4
06-27-2025 03:52:29.031,21,RECV,7E000F81000634024E363030352D33485946E2
06-27-2025 03:52:29.031,22,RECV,7E000F81000731024E373030352D46594355C6
06-27-2025 03:52:29.079,23,RECV,7E000F81000834024E383030352D4E4B5532D8
06-27-2025 03:52:29.129,24,RECV,7E000F8100042B024E343030362D4D435246E0
06-27-2025 03:52:29.189,25,RECV,7E000F81000634024E363030362D324E4343F5
06-27-2025 03:52:29.195,26,RECV,7E000F81000730024E373030362D47344A3404
06-27-2025 03:52:29.195,27,RECV,7E000F81000833024E383030362D51554C57AF
06-27-2025 03:52:29.229,28,RECV,7E000F8100042B024E343030372D38444C45FA
06-27-2025 03:52:29.232,29,RECV,7E000F81000634024E363030372D43534E4DC9
06-27-2025 03:52:29.232,30,RECV,7E000F81000730024E373030372D5A363736FF
06-27-2025 03:52:29.240,31,RECV,7E000F81000832024E383030372D54393149F1
06-27-2025 03:52:29.280,32,RECV,7E000F8100042B024E343030382D48584C37E3
06-27-2025 03:52:29.308,33,RECV,7E000F8100062F024E363030382D36395350EC
06-27-2025 03:52:29.308,34,RECV,7E000F81000730024E373030382D31533755EB
06-27-2025 03:52:29.330,35,RECV,7E000F81000831024E383030382D5A365743CE
06-27-2025 03:52:29.380,36,RECV,7E000F8100042B024E343030392D4646334600
06-27-2025 03:52:29.472,37,RECV,7E000F8100062F024E363030392D4A354E36FA
06-27-2025 03:52:29.472,38,RECV,7E000F81000731024E373030392D30464A3108
06-27-2025 03:52:29.472,39,RECV,7E000F81000832024E383030392D4C475A5AAF
06-27-2025 03:52:29.472,40,RECV,7E000F8100042B024E343031302D304C304819
06-27-2025 03:52:29.472,41,RECV,7E000F8100062F024E363031302D4C49584FC9
06-27-2025 03:52:29.472,42,RECV,7E000F81000731024E373031302D554E5756B1
06-27-2025 03:52:29.480,43,RECV,7E000F81000830024E383031302D42583746E9
06-27-2025 03:52:29.530,44,RECV,7E000F8100042B024E343031312D54483752E7
06-27-2025 03:52:29.534,45,RECV,7E000F8100062F024E363031312D4A464333FE
06-27-2025 03:52:29.534,46,RECV,7E000F81000730024E373031312D50533538F1
06-27-2025 03:52:29.581,47,RECV,7E000F81000830024E383031312D41573632FF
06-27-2025 03:52:29.631,48,RECV,7E000F8100042B024E343031322D535A4333E8
06-27-2025 03:52:29.631,49,RECV,7E000F8100062F024E363031322D3252344803
06-27-2025 03:52:29.631,50,RECV,7E000F81000730024E373031322D33525138F2
06-27-2025 03:52:29.681,51,RECV,7E000F81000830024E383031322D424C3241FD
06-27-2025 03:52:29.682,52,RECV,7E000F8100042B024E343031332D5151494CD3
06-27-2025 03:52:29.731,53,RECV,7E000F8100062F024E363031332D474D5749CE
06-27-2025 03:52:29.753,54,RECV,7E000F81000731024E373031332D4C4A3056E2
06-27-2025 03:52:29.753,55,RECV,7E000F8100082F024E383031332D3554304DF8
06-27-2025 03:52:29.783,56,RECV,7E000F8100042B024E343031342D554A4149E0
06-27-2025 03:52:29.786,57,RECV,7E000F8100062F024E363031342D45305052EA
06-27-2025 03:52:29.807,58,RECV,7E000F81000730024E373031342D5757434FBE
06-27-2025 03:52:29.833,59,RECV,7E000F8100082F024E383031342D58335547D6
06-27-2025 03:52:29.834,60,RECV,7E000F8100042B024E343031352D5837394EF2
06-27-2025 03:52:29.884,61,RECV,7E000F8100062F024E363031352D4D583533F3
06-27-2025 03:52:29.900,62,RECV,7E000F81000730024E373031352D45355235FC
06-27-2025 03:52:29.901,63,RECV,7E000F81000830024E383031352D5A514146C9
06-27-2025 03:52:29.933,64,RECV,7E000F8100042B024E343031362D53305937F4
06-27-2025 03:52:29.936,65,RECV,7E000F8100062F024E363031362D4D53355AD0
06-27-2025 03:52:29.936,66,RECV,7E000F81000730024E373031362D56485756B1
06-27-2025 03:52:29.984,67,RECV,7E000F8100082F024E383031362D5041454CD9
06-27-2025 03:52:30.034,68,RECV,7E000F8100042B024E343031372D58594D47C1
06-27-2025 03:52:30.055,69,RECV,7E000F8100062F024E363031372D36325851ED
06-27-2025 03:52:30.055,70,RECV,7E000F81000731024E373031372D4C535542C4
06-27-2025 03:52:30.056,71,RECV,7E000F8100082F024E383031372D59313856E2
06-27-2025 03:52:30.084,72,RECV,7E000F8100042B024E343031382D4837314510
06-27-2025 03:52:30.084,73,RECV,7E000F8100062F024E363031382D36425542EE
06-27-2025 03:52:30.104,74,RECV,7E000F81000731024E373031382D5A353549EC
06-27-2025 03:52:30.134,75,RECV,7E000F81000830024E383031382D36503655E7
06-27-2025 03:52:30.184,76,RECV,7E000F8100042B024E343031392D3253595ACC
06-27-2025 03:52:30.194,77,RECV,7E000F8100062F024E363031392D46394D32FE
06-27-2025 03:52:30.194,78,RECV,7E000F81000731024E373031392D31364A4DFA
06-27-2025 03:52:30.234,79,RECV,7E000F8100082E024E383031392D39454355E3
06-27-2025 03:52:30.244,80,RECV,7E000F8100042B024E343032302D53393554F7
06-27-2025 03:52:30.265,81,RECV,7E000F8100062F024E363032302D354142301C
06-27-2025 03:52:30.265,82,RECV,7E000F81000730024E373032302D50495A52BC
06-27-2025 03:52:30.284,83,RECV,7E000F8100082F024E383032302D4B374A43F1
06-27-2025 03:52:30.334,84,RECV,7E000F8100042B024E343032312D51304B3906
06-27-2025 03:52:30.345,85,RECV,7E000F8100062F024E363032312D4856364AE5
06-27-2025 03:52:30.345,86,RECV,7E000F81000731024E373032312D4848454DDD
06-27-2025 03:52:30.385,87,RECV,7E000F8100082F024E383032312D43574D45D3
06-27-2025 03:52:30.415,88,RECV,7E000F8100042B024E343032322D4643425AE5
06-27-2025 03:52:30.425,89,RECV,7E000F81000630024E363032322D50553652D4
06-27-2025 03:52:30.425,90,RECV,7E000F81000731024E373032322D4C425436E6
06-27-2025 03:52:30.435,91,RECV,7E000F81000830024E383032322D59343543F8
06-27-2025 03:52:30.485,92,RECV,7E000F8100042B024E343032332D4F493652E9
06-27-2025 03:52:30.535,93,RECV,7E000F8100062F024E363032332D53474A36E7
06-27-2025 03:52:30.535,94,RECV,7E000F81000730024E373032332D314D4E34FE
06-27-2025 03:52:30.535,95,RECV,7E000F81000830024E383032332D33565931E9
06-27-2025 03:52:30.585,96,RECV,7E000F8100042B024E343032342D55525731D9
06-27-2025 03:52:30.585,97,RECV,7E000F8100062F024E363032342D52434943DF
06-27-2025 03:52:30.585,98,RECV,7E000F81000731024E373032342D43554656C8
06-27-2025 03:52:30.635,99,RECV,7E000F81000830024E383032342D39594D4DCF
06-27-2025 03:52:30.685,100,RECV,7E000F8100042B024E343032352D49584753CC
06-27-2025 03:52:30.685,101,RECV,7E000F81000630024E363032352D4E425A31E3
06-27-2025 03:52:30.686,102,RECV,7E000F81000731024E373032352D4342344101
06-27-2025 03:52:30.686,103,RECV,7E000F8100082F024E383032352D57425659B3
06-27-2025 03:52:30.735,104,RECV,7E000F8100042B024E343032362D313443540A
06-27-2025 03:52:30.786,105,RECV,7E000F8100062F024E363032362D5059495AB2
06-27-2025 03:52:30.786,106,RECV,7E000F81000731024E373032362D484E4434EC
06-27-2025 03:52:30.786,107,RECV,7E000F81000830024E383032362D49485A56B8
06-27-2025 03:52:30.837,108,RECV,7E000F8100042B024E343032372D5A4F4E55B9
06-27-2025 03:52:30.837,109,RECV,7E000F8100062F024E363032372D574C5259AF
06-27-2025 03:52:30.837,110,RECV,7E000F81000731024E373032372D3144544FE1
06-27-2025 03:52:30.837,111,RECV,7E000F81000830024E383032372D57485949B7
06-27-2025 03:52:30.886,112,RECV,7E000F8100042B024E343032382D483037460F
06-27-2025 03:52:30.937,113,RECV,7E000F81000630024E363032382D43544448D8
06-27-2025 03:52:30.944,114,RECV,7E000F81000731024E373032382D58593046D1
06-27-2025 03:52:30.944,115,RECV,7E000F81000830024E383032382D43385642E4
06-27-2025 03:52:30.986,116,RECV,7E000F8100042B024E343032392D5A55374DD0
06-27-2025 03:52:30.987,117,RECV,7E000F81000630024E363032392D443143380A
06-27-2025 03:52:30.997,118,RECV,7E000F81000731024E373032392D494F5059B6
06-27-2025 03:52:30.997,119,RECV,7E000F81000830024E383032392D47344E45E8
06-27-2025 03:52:31.087,120,RECV,7E000F8100042B024E343033302D524B373502
06-27-2025 03:52:31.089,121,RECV,7E000F8100062F024E363033302D4B4D4D4AD4
06-27-2025 03:52:31.089,122,RECV,7E000F81000730024E373033302D534C4933E5
06-27-2025 03:52:31.089,123,RECV,7E000F81000832024E383033302D36543257E9
06-27-2025 03:52:31.137,124,RECV,7E000F8100042B024E343033312D4E4E5835E1
06-27-2025 03:52:31.137,125,RECV,7E000F81000630024E363033312D59513658C9
06-27-2025 03:52:31.187,126,RECV,7E000F81000731024E373033312D334742370B
06-27-2025 03:52:31.187,127,RECV,7E000F81000830024E383033312D514D3344E8
06-27-2025 03:52:31.237,128,RECV,7E000F8100042B024E343033322D454A4F41EA
06-27-2025 03:52:31.252,129,RECV,7E000F81000630024E363033322D44583533FC
06-27-2025 03:52:31.252,130,RECV,7E000F81000731024E373033322D3344363917
06-27-2025 03:52:31.252,131,RECV,7E000F81000830024E383033322D3758353701
06-27-2025 03:52:31.287,132,RECV,7E000F8100042B024E343033332D43314258FA
06-27-2025 03:52:31.338,133,RECV,7E000F81000630024E363033332D37315450F3
06-27-2025 03:52:31.338,134,RECV,7E000F81000731024E373033332D49395043E7
06-27-2025 03:52:31.338,135,RECV,7E000F81000830024E383033332D5A354D48D7
06-27-2025 03:52:31.387,136,RECV,7E000F8100042B024E343033342D3736383230
06-27-2025 03:52:31.438,137,RECV,7E000F81000630024E363033342D504D4131EF
06-27-2025 03:52:31.438,138,RECV,7E000F81000731024E373033342D46484450D9
06-27-2025 03:52:31.439,139,RECV,7E000F81000830024E383033342D4C394D47E1
06-27-2025 03:52:31.488,140,RECV,7E000F8100042B024E343033352D57535135D6
06-27-2025 03:52:31.488,141,RECV,7E000F81000630024E363033352D323232382F
06-27-2025 03:52:31.488,142,RECV,7E000F81000730024E373033352D54374B58CD
06-27-2025 03:52:31.488,143,RECV,7E000F81000830024E383033352D4A34313218
06-27-2025 03:52:31.538,144,RECV,7E000F8100042A024E343033362D4750395ADC
06-27-2025 03:52:31.588,145,RECV,7E000F81000630024E363033362D35574347E6
06-27-2025 03:52:31.589,146,RECV,7E000F8100072F024E373033362D43525A4FBD
06-27-2025 03:52:31.638,147,RECV,7E000F8100042B024E343033372D3831424712
06-27-2025 03:52:31.638,148,RECV,7E000F81000630024E363033372D58543645D4
06-27-2025 03:52:31.688,149,RECV,7E000F8100042B024E343033382D4531304A7D33
06-27-2025 03:52:31.738,150,RECV,7E000F81000630024E363033382D325A5650C8
06-27-2025 03:52:31.789,151,RECV,7E000F8100042B024E343033392D46444F59D0
06-27-2025 03:52:31.839,152,RECV,7E000F81000630024E363033392D544D4930DF
06-27-2025 03:52:31.850,153,RECV,7E000F81000830024E383033392D4B425354C1
06-27-2025 03:52:31.850,154,RECV,7E000F81000731024E373033392D55354C47D9
06-27-2025 03:52:31.889,155,RECV,7E000F8100042B024E343034302D4C4E304FF1
06-27-2025 03:52:31.889,156,RECV,7E000F81000630024E363034302D3031474415
06-27-2025 03:52:31.889,157,RECV,7E000F81000830024E383034302D315141300A
06-27-2025 03:52:31.889,158,RECV,7E000F81000732024E373034302D4B385731F2
06-27-2025 03:52:31.939,159,RECV,7E000F8100042B024E343034312D394C4A55E5
06-27-2025 03:52:31.989,160,RECV,7E000F81000731024E373034312D48523338F8
06-27-2025 03:52:32.039,161,RECV,7E000F8100042B024E343034322D4B385842EB
06-27-2025 03:52:32.049,162,RECV,7E000F81000731024E373034322D464D5645CE
06-27-2025 03:52:32.099,163,RECV,7E000F8100042B024E343034332D4D3347360A
06-27-2025 03:52:32.139,164,RECV,7E000F81000830024E383034332D3736424506
06-27-2025 03:52:32.140,165,RECV,7E000F81000630024E363034332D484D5249CE
06-27-2025 03:52:32.140,166,RECV,7E000F81000731024E373034332D52513536ED
06-27-2025 03:52:32.189,167,RECV,7E000F8100042B024E343034342D43593146F3
06-27-2025 03:52:32.240,168,RECV,7E000F81000830024E383034342D30434752ED
06-27-2025 03:52:32.240,169,RECV,7E000F81000630024E363034342D36444945F5
06-27-2025 03:52:32.240,170,RECV,7E000F81000731024E373034342D37415A44E4
06-27-2025 03:52:32.260,171,RECV,7E000F8100042B024E343034352D514C4353D2
06-27-2025 03:52:32.290,172,RECV,7E000F81000830024E383034352D5A4A355AC5
06-27-2025 03:52:32.290,173,RECV,7E000F81000630024E363034352D54393543F7
06-27-2025 03:52:32.290,174,RECV,7E000F81000731024E373034352D5A384E51C8
06-27-2025 03:52:32.340,175,RECV,7E000F8100042B024E343034362D43435252DA
06-27-2025 03:52:32.390,176,RECV,7E000F81000830024E383034362D30535342DF
06-27-2025 03:52:32.391,177,RECV,7E000F8100062F024E363034362D31344F4206
06-27-2025 03:52:32.391,178,RECV,7E000F81000731024E373034362D5131344200
06-27-2025 03:52:32.440,179,RECV,7E000F8100042B024E343034372D45564B4FCE
06-27-2025 03:52:32.455,180,RECV,7E000F81000830024E383034372D423441320D
06-27-2025 03:52:32.490,181,RECV,7E000F8100062F024E363034372D303135481D
06-27-2025 03:52:32.541,182,RECV,7E000F8100042B024E343034382D58324348ED
06-27-2025 03:52:32.541,183,RECV,7E000F81000830024E383034382D4F525554AB
06-27-2025 03:52:32.542,184,RECV,7E000F8100062F024E363034382D52305057D1
06-27-2025 03:52:32.542,185,RECV,7E000F81000731024E373034382D394E5052CD
06-27-2025 03:52:32.591,186,RECV,7E000F8100042B024E343034392D5152494ACB
06-27-2025 03:52:32.598,187,RECV,7E000F81000831024E383034392D43524335E6
06-27-2025 03:52:32.641,188,RECV,7E000F81000630024E363034392D3335354516
06-27-2025 03:52:32.642,189,RECV,7E000F81000731024E373034392D51374349E1
06-27-2025 03:52:32.691,190,RECV,7E000F8100042B024E343035302D4749413800
06-27-2025 03:52:32.692,191,RECV,7E000F81000833024E383035302D37465530F7
06-27-2025 03:52:32.692,192,RECV,7E000F81000630024E363035302D33445553E1
06-27-2025 03:52:32.692,193,RECV,7E000F81000731024E373035302D4D484830F0
06-27-2025 03:52:32.741,194,RECV,7E000F8100042B024E343035312D50375037FA
06-27-2025 03:52:32.791,195,RECV,7E000F81000830024E383035312D364D5657CB
06-27-2025 03:52:32.795,196,RECV,7E000F8100062F024E363035312D4A514C38E1
06-27-2025 03:52:32.795,197,RECV,7E000F81000731024E373035312D36355455E8
06-27-2025 03:52:32.841,198,RECV,7E000F8100042B024E343035322D58374557DC
06-27-2025 03:52:32.852,199,RECV,7E000F81000830024E383035322D51545153B1
06-27-2025 03:52:32.852,200,RECV,7E000F8100062F024E363035322D4B494C4ED1
06-27-2025 03:52:32.862,201,RECV,7E000F8100072F024E373035322D374F484CE3
06-27-2025 03:52:32.942,202,RECV,7E000F8100042B024E343035332D32474D330D
06-27-2025 03:52:32.942,203,RECV,7E000F8100082F024E383035332D4A4C5443CD
06-27-2025 03:52:32.943,204,RECV,7E000F8100062F024E363035332D34474855E6
06-27-2025 03:52:32.943,205,RECV,7E000F81000731024E373035332D34524E56D0
06-27-2025 03:52:32.992,206,RECV,7E000F8100042A024E343035342D5A454B38E4
06-27-2025 03:52:33.012,207,RECV,7E000F81000830024E383035342D5A45514DBB
06-27-2025 03:52:33.012,208,RECV,7E000F8100062F024E363035342D4A385731F3
06-27-2025 03:52:33.022,209,RECV,7E000F81000731024E373035342D345234300F
06-27-2025 03:52:33.092,210,RECV,7E000F8100042B024E343035352D514A5650C3
06-27-2025 03:52:33.093,211,RECV,7E000F8100082F024E383035352D45305542EC
06-27-2025 03:52:33.094,212,RECV,7E000F8100062F024E363035352D385031380B
06-27-2025 03:52:33.142,213,RECV,7E000F81000730024E373035352D3453343905
06-27-2025 03:52:33.145,214,RECV,7E000F8100042B024E343035362D53505349C4
06-27-2025 03:52:33.192,215,RECV,7E000F8100082F024E383035362D4D524235E1
06-27-2025 03:52:33.210,216,RECV,7E000F81000630024E363035362D53593158C5
06-27-2025 03:52:33.210,217,RECV,7E000F81000731024E373035362D554E4245CD
06-27-2025 03:52:33.242,218,RECV,7E000F8100042B024E343035372D5446534BCA
06-27-2025 03:52:33.253,219,RECV,7E000F8100082F024E383035372D42393947FB
06-27-2025 03:52:33.263,220,RECV,7E000F81000630024E363035372D49504A49CD
06-27-2025 03:52:33.263,221,RECV,7E000F81000730024E373035372D38575A4BC3
06-27-2025 03:52:33.343,222,RECV,7E000F8100042B024E343035382D3243485AEA
06-27-2025 03:52:33.369,223,RECV,7E000F8100082F024E383035382D51394835EE
06-27-2025 03:52:33.369,224,RECV,7E000F81000630024E363035382D453342310D
06-27-2025 03:52:33.370,225,RECV,7E000F81000731024E373035382D54555749AC
06-27-2025 03:52:33.393,226,RECV,7E000F8100042B024E343035392D55474447D9
06-27-2025 03:52:33.413,227,RECV,7E000F81000830024E383035392D37325653E1
06-27-2025 03:52:33.443,228,RECV,7E000F8100062F024E363035392D51364156DA
06-27-2025 03:52:33.443,229,RECV,7E000F81000731024E373035392D32494757DB
06-27-2025 03:52:33.493,230,RECV,7E000F8100042B024E343036302D3139343238
06-27-2025 03:52:33.525,231,RECV,7E000F8100082F024E383036302D4A425937E0
06-27-2025 03:52:33.543,232,RECV,7E000F8100062F024E363036302D3357415ADB
06-27-2025 03:52:33.543,233,RECV,7E000F81000731024E373036302D344B5141EB
06-27-2025 03:52:33.543,234,RECV,7E000F8100042B024E343036312D4D394F43EF
06-27-2025 03:52:33.594,235,RECV,7E000F81000830024E383036312D5144574FBF
06-27-2025 03:52:33.604,236,RECV,7E000F8100062F024E363036312D48454D35F0
06-27-2025 03:52:33.604,237,RECV,7E000F81000731024E373036312D4F485946C5
06-27-2025 03:52:33.643,238,RECV,7E000F8100042B024E343036322D30535142F0
06-27-2025 03:52:33.693,239,RECV,7E000F8100082F024E383036322D59455052BA
06-27-2025 03:52:33.693,240,RECV,7E000F8100062F024E363036322D38454D48EC
06-27-2025 03:52:33.694,241,RECV,7E000F81000731024E373036322D4F533044E4
06-27-2025 03:52:33.694,242,RECV,7E000F8100042B024E343036332D49335150E8
06-27-2025 03:52:33.744,243,RECV,7E000F8100082F024E383036332D4A4E4351CD
06-27-2025 03:52:33.758,244,RECV,7E000F81000630024E363036332D4F36313115
06-27-2025 03:52:33.764,245,RECV,7E000F81000730024E373036332D4D373653ED
06-27-2025 03:52:33.794,246,RECV,7E000F8100042B024E343036342D5431493303
06-27-2025 03:52:33.844,247,RECV,7E000F8100082F024E383036342D385A3749E6
06-27-2025 03:52:33.844,248,RECV,7E000F8100062F024E363036342D55434C48D0
06-27-2025 03:52:33.844,249,RECV,7E000F81000731024E373036342D414D5339DE
06-27-2025 03:52:33.894,250,RECV,7E000F8100042B024E343036352D5A445248CB
06-27-2025 03:52:33.897,251,RECV,7E000F81000830024E383036352D55435A47BD
06-27-2025 03:52:33.944,252,RECV,7E000F8100062F024E363036352D58364836EF
06-27-2025 03:52:33.944,253,RECV,7E000F81000731024E373036352D343031471B
06-27-2025 03:52:33.954,254,RECV,7E000F8100042B024E343036362D5A505854AC
06-27-2025 03:52:33.994,255,RECV,7E000F81000830024E383036362D574C3132EF
06-27-2025 03:52:33.994,256,RECV,7E000F8100062E024E363036362D584A4356C0
06-27-2025 03:52:34.045,257,RECV,7E000F81000731024E373036362D55514235D9
06-27-2025 03:52:34.059,258,RECV,7E000F8100042A024E343036372D35574F5ACD
06-27-2025 03:52:34.059,259,RECV,7E000F81000830024E383036372D56315546D2
06-27-2025 03:52:34.095,260,RECV,7E000F8100062F024E363036372D50304F57D3
06-27-2025 03:52:34.096,261,RECV,7E000F81000731024E373036372D51394E57C6
06-27-2025 03:52:34.115,262,RECV,7E000F8100042B024E343036382D5A514E48BF
06-27-2025 03:52:34.145,263,RECV,7E000F8100082F024E383036382D57574C4FAB
06-27-2025 03:52:34.165,264,RECV,7E000F8100062F024E363036382D32564D54CF
06-27-2025 03:52:34.165,265,RECV,7E000F81000730024E373036382D3356584DC7
06-27-2025 03:52:34.195,266,RECV,7E000F8100042B024E343036392D4B47334DED
06-27-2025 03:52:34.245,267,RECV,7E000F8100082F024E383036392D4C345A56C3
06-27-2025 03:52:34.250,268,RECV,7E000F81000630024E363036392D59394935E6
06-27-2025 03:52:34.251,269,RECV,7E000F81000731024E373036392D4954424CC8
06-27-2025 03:52:34.295,270,RECV,7E000F8100042B024E343037302D4B544C56C6
06-27-2025 03:52:34.295,271,RECV,7E000F8100082F024E383037302D334F5A35EA
06-27-2025 03:52:34.345,272,RECV,7E000F8100062F024E363037302D3741444CF7
06-27-2025 03:52:34.359,273,RECV,7E000F81000731024E373037302D3453383507
06-27-2025 03:52:34.396,274,RECV,7E000F8100042B024E343037312D45554545E2
06-27-2025 03:52:34.397,275,RECV,7E000F81000830024E383037312D3045483309
06-27-2025 03:52:34.446,276,RECV,7E000F81000630024E363037312D524C5732D6
06-27-2025 03:52:34.447,277,RECV,7E000F81000730024E373037312D5252325ACB
06-27-2025 03:52:34.447,278,RECV,7E000F8100042B024E343037322D3636394C14
06-27-2025 03:52:34.447,279,RECV,7E000F8100082F024E383037322D54573456C4
06-27-2025 03:52:34.496,280,RECV,7E000F8100062F024E363037322D30325253F6
06-27-2025 03:52:34.517,281,RECV,7E000F81000731024E373037322D38474558DD
06-27-2025 03:52:34.546,282,RECV,7E000F8100042B024E343037332D394E3945FF
06-27-2025 03:52:34.546,283,RECV,7E000F8100082F024E383037332D51493656D2
06-27-2025 03:52:34.596,284,RECV,7E000F8100062F024E363037332D5756394FC7
06-27-2025 03:52:34.596,285,RECV,7E000F81000730024E373037332D5535504ED1
06-27-2025 03:52:34.596,286,RECV,7E000F8100042B024E343037342D4D5A4A59B9
06-27-2025 03:52:34.646,287,RECV,7E000F8100082F024E383037342D4858375AC6
06-27-2025 03:52:34.648,288,RECV,7E000F81000630024E363037342D45485755C1
06-27-2025 03:52:34.657,289,RECV,7E000F81000733024E373037342D31415235FC
06-27-2025 03:52:34.698,290,RECV,7E000F8100042B024E343037352D4F564A31E2
06-27-2025 03:52:34.698,291,RECV,7E000F8100082F024E383037352D5A324A41DF
06-27-2025 03:52:34.748,292,RECV,7E000F81000632024E363037352D43504D59BE
06-27-2025 03:52:34.748,293,RECV,7E000F81000735024E373037352D55554134D3
06-27-2025 03:52:34.798,294,RECV,7E000F8100042B024E343037362D4634495AE4
06-27-2025 03:52:34.800,295,RECV,7E000F81000830024E383037362D38354F4EEA
06-27-2025 03:52:34.848,296,RECV,7E000F81000734024E373037362D4D373957DE
06-27-2025 03:52:34.848,297,RECV,7E000F8100042B024E343037372D4E34413409
06-27-2025 03:52:34.848,298,RECV,7E000F81000831024E383037372D5349465AB6
06-27-2025 03:52:34.898,299,RECV,7E000F81000630024E363037372D36594F51C8
06-27-2025 03:52:34.898,300,RECV,7E000F81000735024E373037372D34344B55E8
06-27-2025 03:52:34.949,301,RECV,7E000F8100042B024E343037382D4944414AE7
06-27-2025 03:52:34.949,302,RECV,7E000F81000834024E383037382D5446434AC7
06-27-2025 03:52:34.999,303,RECV,7E000F81000630024E363037382D35493853ED
06-27-2025 03:52:34.999,304,RECV,7E000F81000735024E373037382D4A564546C4
06-27-2025 03:52:34.999,305,RECV,7E000F8100042B024E343037392D313843371B
06-27-2025 03:52:35.049,306,RECV,7E000F81000633024E363037392D5552544FA8
06-27-2025 03:52:35.099,307,RECV,7E000F81000735024E373037392D4533385AE4
06-27-2025 03:52:35.099,308,RECV,7E000F8100042A024E343038302D43494D52DC
06-27-2025 03:52:35.099,309,RECV,7E000F81000834024E383038302D34474739FA
06-27-2025 03:52:35.149,310,RECV,7E000F81000634024E363038302D5A374744DD
06-27-2025 03:52:35.149,311,RECV,7E000F81000736024E373038302D4C424C48D3
06-27-2025 03:52:35.149,312,RECV,7E000F8100042B024E343038312D52535A33D3
06-27-2025 03:52:35.199,313,RECV,7E000F81000834024E383038312D58593732DA
06-27-2025 03:52:35.219,314,RECV,7E000F81000634024E363038312D51473239F5
06-27-2025 03:52:35.219,315,RECV,7E000F81000735024E373038312D413134450A
06-27-2025 03:52:35.249,316,RECV,7E000F8100042B024E343038322D373837540A
06-27-2025 03:52:35.253,317,RECV,7E000F81000834024E383038322D4F545034CC
06-27-2025 03:52:35.300,318,RECV,7E000F81000634024E363038322D5930554ECB
06-27-2025 03:52:35.300,319,RECV,7E000F81000735024E373038322D594C5345B7
06-27-2025 03:52:35.349,320,RECV,7E000F8100042B024E343038332D37425339FE
06-27-2025 03:52:35.350,321,RECV,7E000F81000833024E383038332D57495A59A0
06-27-2025 03:52:35.400,322,RECV,7E000F81000633024E363038332D354B5439EA
06-27-2025 03:52:35.400,323,RECV,7E000F81000735024E373038332D54374333F2
06-27-2025 03:52:35.400,324,RECV,7E000F8100042B024E343038342D52525250BC
06-27-2025 03:52:35.450,325,RECV,7E000F81000834024E383038342D5031355AE1
06-27-2025 03:52:35.500,326,RECV,7E000F81000633024E363038342D394B3449F5
06-27-2025 03:52:35.500,327,RECV,7E000F81000735024E373038342D4238314502
06-27-2025 03:52:35.500,328,RECV,7E000F8100042B024E343038352D434C4C36F0
06-27-2025 03:52:35.500,329,RECV,7E000F81000834024E383038352D36553056DF
06-27-2025 03:52:35.550,330,RECV,7E000F81000634024E363038352D48434B48D6
06-27-2025 03:52:35.551,331,RECV,7E000F81000735024E373038352D38474946E3
06-27-2025 03:52:35.551,332,RECV,7E000F8100042B024E343038362D474F3239FF
06-27-2025 03:52:35.600,333,RECV,7E000F81000834024E383038362D56434441D1
06-27-2025 03:52:35.650,334,RECV,7E000F81000634024E363038362D35434A5AD7
06-27-2025 03:52:35.650,335,RECV,7E000F81000736024E373038362D39324456EA
06-27-2025 03:52:35.651,336,RECV,7E000F8100042B024E343038372D4833413112
06-27-2025 03:52:35.651,337,RECV,7E000F81000834024E383038372D30434A47EA
06-27-2025 03:52:35.701,338,RECV,7E000F81000634024E363038372D58354F48CE
06-27-2025 03:52:35.711,339,RECV,7E000F81000735024E373038372D395A4B42CF
06-27-2025 03:52:35.711,340,RECV,7E000F8100042B024E343038382D53325335F1
06-27-2025 03:52:35.751,341,RECV,7E000F81000834024E383038382D31425041E9
06-27-2025 03:52:35.801,342,RECV,7E000F81000633024E363038382D5A523437DB
06-27-2025 03:52:35.803,343,RECV,7E000F81000735024E373038382D33515337E0
06-27-2025 03:52:35.811,344,RECV,7E000F8100042B024E343038392D51534956BA
06-27-2025 03:52:35.811,345,RECV,7E000F81000833024E383038392D514C5337C6
06-27-2025 03:52:35.901,346,RECV,7E000F81000633024E363038392D414E5950B9
06-27-2025 03:52:35.901,347,RECV,7E000F81000735024E373038392D48523032F1
06-27-2025 03:52:35.902,348,RECV,7E000F8100042B024E343039302D4B51544ACB
06-27-2025 03:52:35.902,349,RECV,7E000F81000833024E383039302D32593938F9
06-27-2025 03:52:35.951,350,RECV,7E000F81000633024E363039302D4E525431D4
06-27-2025 03:52:35.951,351,RECV,7E000F81000735024E373039302D4B333346FE
06-27-2025 03:52:35.972,352,RECV,7E000F8100042B024E343039312D4C32303224
06-27-2025 03:52:35.972,353,RECV,7E000F81000833024E383039312D55575249AD
06-27-2025 03:52:36.051,354,RECV,7E000F81000633024E363039312D46333353F9
06-27-2025 03:52:36.052,355,RECV,7E000F8100042A024E343039322D57454838E8
06-27-2025 03:52:36.052,356,RECV,7E000F81000834024E383039322D47314F4FDC
06-27-2025 03:52:36.112,357,RECV,7E000F81000633024E363039322D4530384FFB
06-27-2025 03:52:36.112,358,RECV,7E000F81000735024E373039322D39373551FD
06-27-2025 03:52:36.152,359,RECV,7E000F8100042B024E343039332D4B493457E3
06-27-2025 03:52:36.152,360,RECV,7E000F81000833024E383039332D5643384BD6
06-27-2025 03:52:36.202,361,RECV,7E000F81000633024E363039332D384132301B
06-27-2025 03:52:36.202,362,RECV,7E000F81000734024E373039332D4A385449D4
06-27-2025 03:52:36.252,363,RECV,7E000F8100042B024E343039342D59503142E5
06-27-2025 03:52:36.262,364,RECV,7E000F81000833024E383039342D32455045E5
06-27-2025 03:52:36.302,365,RECV,7E000F81000632024E363039342D3033544EF1
06-27-2025 03:52:36.302,366,RECV,7E000F81000734024E373039342D364B3648F3
06-27-2025 03:52:36.302,367,RECV,7E000F8100042B024E343039352D35475237FB
06-27-2025 03:52:36.302,368,RECV,7E000F81000833024E383039352D4E524E34CE
06-27-2025 03:52:36.352,369,RECV,7E000F81000632024E363039352D44564257C2
06-27-2025 03:52:36.352,370,RECV,7E000F81000734024E373039352D444B4344DB
06-27-2025 03:52:36.402,371,RECV,7E000F8100042B024E343039362D4B454837F0
06-27-2025 03:52:36.406,372,RECV,7E000F81000833024E383039362D45574857B4
06-27-2025 03:52:36.453,373,RECV,7E000F81000632024E363039362D4D4D544BBB
06-27-2025 03:52:36.453,374,RECV,7E000F81000734024E373039362D31533052EA
06-27-2025 03:52:36.453,375,RECV,7E000F8100042D024E343039372D314746310D
06-27-2025 03:52:36.453,376,RECV,7E000F81000833024E383039372D544A3249D5
06-27-2025 03:52:36.553,377,RECV,7E000F81000633024E363039372D5343434ECB
06-27-2025 03:52:36.569,378,RECV,7E000F81000734024E373039372D594F5239BC
06-27-2025 03:52:36.569,379,RECV,7E000F8100042B024E343039382D37335757E5
06-27-2025 03:52:36.569,380,RECV,7E000F81000833024E383039382D4D304653D7
06-27-2025 03:52:36.603,381,RECV,7E000F81000632024E363039382D464B4857C2
06-27-2025 03:52:36.603,382,RECV,7E000F81000734024E373039382D55374155CC
06-27-2025 03:52:36.603,383,RECV,7E000F8100042B024E343039392D435A5055BA
06-27-2025 03:52:36.603,384,RECV,7E000F81000833024E383039392D57483855C0
06-27-2025 03:52:36.703,385,RECV,7E000F81000634024E363039392D47544247CB
06-27-2025 03:52:36.707,386,RECV,7E000F81000734024E373039392D4D4F3643D8
