06-27-2025 03:52:09.825,-,API2,"Sink 2,0013A20041839DCA,802.15.4 TH,2003,/dev/ttyUSB2 - 57600/8/M/1/N,1,46"

06-27-2025 03:51:20.041,0,RECV,7E000F8100042B024E343030302D394142460C
06-27-2025 03:51:20.042,1,RECV,7E000F81000732024E373030302D323932451F
06-27-2025 03:51:20.043,2,RECV,7E000F8100062F024E363030302D46504433F9
06-27-2025 03:51:20.104,3,RECV,7E000F8100042B024E343030312D39515347E9
06-27-2025 03:51:20.104,4,RECV,7E000F81000731024E373030312D5558554CB3
06-27-2025 03:51:20.124,5,RECV,7E000F8100062F024E363030312D51484831F3
06-27-2025 03:51:20.141,6,RECV,7E000F81000830024E383030312D4757554AC3
06-27-2025 03:51:20.191,7,RECV,7E000F8100042B024E343030322D5037315103
06-27-2025 03:51:20.202,8,RECV,7E000F81000730024E373030322D374B5954D2
06-27-2025 03:51:20.202,9,RECV,7E000F8100062F024E363030322D4F4C344FE6
06-27-2025 03:51:20.242,10,RECV,7E000F8100082F024E383030322D51464558CC
06-27-2025 03:51:20.292,11,RECV,7E000F8100042B024E343030332D44355851E9
06-27-2025 03:51:20.292,12,RECV,7E000F81000731024E373030332D31523652F4
06-27-2025 03:51:20.292,13,RECV,7E000F81000630024E363030332D45503556E2
06-27-2025 03:51:20.342,14,RECV,7E000F81000830024E383030332D334F3255F5
06-27-2025 03:51:20.392,15,RECV,7E000F8100042B024E343030342D3130485908
06-27-2025 03:51:20.415,16,RECV,7E000F81000830024E383030342D36475243EB
06-27-2025 03:51:20.443,17,RECV,7E000F8100042B024E343030352D563045320C
06-27-2025 03:51:20.493,18,RECV,7E000F81000830024E383030352D4E535A53AE
06-27-2025 03:51:20.543,19,RECV,7E000F8100042B024E343030362D53495330E9
06-27-2025 03:51:20.558,20,RECV,7E000F8100082F024E383030362D34445958D3
06-27-2025 03:51:20.593,21,RECV,7E000F8100042B024E343030372D474E5748D3
06-27-2025 03:51:20.643,22,RECV,7E000F8100062F024E363030372D4D543148E5
06-27-2025 03:51:20.645,23,RECV,7E000F81000733024E373030372D59523059C5
06-27-2025 03:51:20.645,24,RECV,7E000F8100082F024E383030372D574C5530D3
06-27-2025 03:51:20.693,25,RECV,7E000F8100042B024E343030382D594F4948CD
06-27-2025 03:51:20.694,26,RECV,7E000F8100062F024E363030382D41594E39DD
06-27-2025 03:51:20.694,27,RECV,7E000F81000731024E373030382D39594D4BD0
06-27-2025 03:51:20.744,28,RECV,7E000F8100082F024E383030382D384F5142E0
06-27-2025 03:51:20.794,29,RECV,7E000F8100042B024E343030392D55314248F5
06-27-2025 03:51:20.796,30,RECV,7E000F81000630024E363030392D53533155D0
06-27-2025 03:51:20.796,31,RECV,7E000F81000731024E373030392D594F4159B7
06-27-2025 03:51:20.796,32,RECV,7E000F8100082F024E383030392D54394B4BD6
06-27-2025 03:51:20.845,33,RECV,7E000F8100042B024E343031302D38374956FF
06-27-2025 03:51:20.849,34,RECV,7E000F8100062F024E363031302D4A355438FA
06-27-2025 03:51:20.855,35,RECV,7E000F81000730024E373031302D52505644C6
06-27-2025 03:51:20.855,36,RECV,7E000F8100082F024E383031302D37583858E2
06-27-2025 03:51:20.945,37,RECV,7E000F8100042B024E343031312D50534249DE
06-27-2025 03:51:20.954,38,RECV,7E000F81000630024E363031312D3043353526
06-27-2025 03:51:20.954,39,RECV,7E000F81000731024E373031312D30375848F9
06-27-2025 03:51:20.954,40,RECV,7E000F81000831024E383031312D534F3659CD
06-27-2025 03:51:20.995,41,RECV,7E000F8100042B024E343031322D44525841DC
06-27-2025 03:51:21.045,42,RECV,7E000F81000630024E363031322D4D50313202
06-27-2025 03:51:21.063,43,RECV,7E000F81000732024E373031322D464238310D
06-27-2025 03:51:21.063,44,RECV,7E000F81000833024E383031322D5A4E3341DF
06-27-2025 03:51:21.095,45,RECV,7E000F8100042B024E343031332D4A38315205
06-27-2025 03:51:21.096,46,RECV,7E000F81000634024E363031332D3552524FD5
06-27-2025 03:51:21.096,47,RECV,7E000F81000737024E373031332D55364841E4
06-27-2025 03:51:21.096,48,RECV,7E000F81000834024E383031332D4135374C00
06-27-2025 03:51:21.145,49,RECV,7E000F8100042B024E343031342D4934315605
06-27-2025 03:51:21.195,50,RECV,7E000F81000735024E373031342D4B544A37D9
06-27-2025 03:51:21.213,51,RECV,7E000F81000833024E383031342D35314D4204
06-27-2025 03:51:21.245,52,RECV,7E000F8100042B024E343031352D47363459FE
06-27-2025 03:51:21.295,53,RECV,7E000F81000634024E363031352D58435545C6
06-27-2025 03:51:21.295,54,RECV,7E000F81000737024E373031352D384C365AE2
06-27-2025 03:51:21.295,55,RECV,7E000F81000834024E383031352D3057504CD4
06-27-2025 03:51:21.345,56,RECV,7E000F8100042B024E343031362D50534250D2
06-27-2025 03:51:21.363,57,RECV,7E000F81000630024E363031362D5754324BD6
06-27-2025 03:51:21.363,58,RECV,7E000F81000736024E373031362D44534E54BD
06-27-2025 03:51:21.364,59,RECV,7E000F81000833024E383031362D4531364DFE
06-27-2025 03:51:21.395,60,RECV,7E000F8100042B024E343031372D3047563306
06-27-2025 03:51:21.446,61,RECV,7E000F8100062F024E363031372D444C514BD2
06-27-2025 03:51:21.447,62,RECV,7E000F81000733024E373031372D49465A45CA
06-27-2025 03:51:21.447,63,RECV,7E000F81000830024E383031372D47384A43ED
06-27-2025 03:51:21.496,64,RECV,7E000F8100042A024E343031382D543230321E
06-27-2025 03:51:21.518,65,RECV,7E000F8100062F024E363031382D4F595754AA
06-27-2025 03:51:21.546,66,RECV,7E000F8100042A024E343031392D354D394505
06-27-2025 03:51:21.596,67,RECV,7E000F8100062F024E363031392D554D514BBE
06-27-2025 03:51:21.596,68,RECV,7E000F8100082F024E383031392D41575755B4
06-27-2025 03:51:21.596,69,RECV,7E000F81000733024E373031392D3130574CF2
06-27-2025 03:51:21.646,70,RECV,7E000F8100042B024E343032302D33384B4A0C
06-27-2025 03:51:21.696,71,RECV,7E000F8100062F024E363032302D594D3636F2
06-27-2025 03:51:21.696,72,RECV,7E000F8100082F024E383032302D383435342B
06-27-2025 03:51:21.696,73,RECV,7E000F81000731024E373032302D31513054FA
06-27-2025 03:51:21.746,74,RECV,7E000F8100042B024E343032312D4758524CCE
06-27-2025 03:51:21.746,75,RECV,7E000F81000630024E363032312D5A4A5047C7
06-27-2025 03:51:21.757,76,RECV,7E000F81000830024E383032312D4F465930E0
06-27-2025 03:51:21.759,77,RECV,7E000F81000731024E373032312D44495752C9
06-27-2025 03:51:21.796,78,RECV,7E000F8100042B024E343032322D51545853BA
06-27-2025 03:51:21.846,79,RECV,7E000F8100062F024E363032322D324F4445F8
06-27-2025 03:51:21.847,80,RECV,7E000F81000830024E383032322D38534135FC
06-27-2025 03:51:21.847,81,RECV,7E000F81000733024E373032322D47555056BA
06-27-2025 03:51:21.896,82,RECV,7E000F8100042B024E343032332D56425336E8
06-27-2025 03:51:21.896,83,RECV,7E000F8100062F024E363032332D4646584CD1
06-27-2025 03:51:21.917,84,RECV,7E000F8100082F024E383032332D5052384ED5
06-27-2025 03:51:21.917,85,RECV,7E000F81000732024E373032332D34364E380C
06-27-2025 03:51:21.967,86,RECV,7E000F8100042B024E343032342D3438524208
06-27-2025 03:51:21.996,87,RECV,7E000F81000733024E373032342D48324D43F0
06-27-2025 03:51:22.047,88,RECV,7E000F8100042B024E343032352D57323155F8
06-27-2025 03:51:22.097,89,RECV,7E000F81000733024E373032352D4C4C303001
06-27-2025 03:51:22.148,90,RECV,7E000F8100042B024E343032362D4F38424BF2
06-27-2025 03:51:22.158,91,RECV,7E000F81000830024E383032362D50433457DB
06-27-2025 03:51:22.158,92,RECV,7E000F81000630024E363032362D41385150E3
06-27-2025 03:51:22.159,93,RECV,7E000F81000731024E373032362D36355843F4
06-27-2025 03:51:22.198,94,RECV,7E000F8100042B024E343032372D46434A4CE6
06-27-2025 03:51:22.248,95,RECV,7E000F81000830024E383032372D48555046C5
06-27-2025 03:51:22.278,96,RECV,7E000F81000630024E363032372D4F4C3441EC
06-27-2025 03:51:22.278,97,RECV,7E000F81000731024E373032372D46513347E8
06-27-2025 03:51:22.298,98,RECV,7E000F8100042B024E343032382D50593045E6
06-27-2025 03:51:22.318,99,RECV,7E000F81000830024E383032382D3834423316
06-27-2025 03:51:22.318,100,RECV,7E000F81000630024E363032382D3734494601
06-27-2025 03:51:22.329,101,RECV,7E000F81000732024E373032382D4B463750DF
06-27-2025 03:51:22.398,102,RECV,7E000F8100042B024E343032392D4230464B00
06-27-2025 03:51:22.427,103,RECV,7E000F8100082F024E383032392D43305042F2
06-27-2025 03:51:22.428,104,RECV,7E000F8100062F024E363032392D34324E4FF8
06-27-2025 03:51:22.448,105,RECV,7E000F81000731024E373032392D314A4253E7
06-27-2025 03:51:22.451,106,RECV,7E000F8100042A024E343033302D4A30433817
06-27-2025 03:51:22.498,107,RECV,7E000F8100082F024E383033302D514E4B5ABB
06-27-2025 03:51:22.499,108,RECV,7E000F81000630024E363033302D52524D33DE
06-27-2025 03:51:22.499,109,RECV,7E000F81000730024E373033302D31375841FF
06-27-2025 03:51:22.548,110,RECV,7E000F8100042B024E343033312D50304751F2
06-27-2025 03:51:22.559,111,RECV,7E000F8100082F024E383033312D50314F4DE1
06-27-2025 03:51:22.559,112,RECV,7E000F8100062F024E363033312D33504A41F4
06-27-2025 03:51:22.598,113,RECV,7E000F81000730024E373033312D384535301D
06-27-2025 03:51:22.602,114,RECV,7E000F8100042B024E343033322D53413743FB
06-27-2025 03:51:22.649,115,RECV,7E000F81000830024E383033322D514B4C48CC
06-27-2025 03:51:22.649,116,RECV,7E000F8100062F024E363033322D34484B4BEF
06-27-2025 03:51:22.650,117,RECV,7E000F81000730024E373033322D43545934DA
06-27-2025 03:51:22.699,118,RECV,7E000F8100042B024E343033332D52325752DB
06-27-2025 03:51:22.749,119,RECV,7E000F8100082E024E383033332D5242414ADE
06-27-2025 03:51:22.764,120,RECV,7E000F8100062F024E363033332D4A435437E8
06-27-2025 03:51:22.765,121,RECV,7E000F81000731024E373033332D42584D37DE
06-27-2025 03:51:22.800,122,RECV,7E000F8100042B024E343033342D4642393214
06-27-2025 03:51:22.800,123,RECV,7E000F81000830024E383033342D5A5A594BA2
06-27-2025 03:51:22.800,124,RECV,7E000F8100062F024E363033342D3837344E0E
06-27-2025 03:51:22.850,125,RECV,7E000F81000731024E373033342D39565134E7
06-27-2025 03:51:22.850,126,RECV,7E000F8100042B024E343033352D3638514106
06-27-2025 03:51:22.900,127,RECV,7E000F81000830024E383033352D41445753CA
06-27-2025 03:51:22.909,128,RECV,7E000F8100062F024E363033352D4E575148C0
06-27-2025 03:51:22.909,129,RECV,7E000F81000731024E373033352D37464B50E2
06-27-2025 03:51:22.950,130,RECV,7E000F8100042B024E343033362D444E324DF4
06-27-2025 03:51:22.950,131,RECV,7E000F81000830024E383033362D5146454FCD
06-27-2025 03:51:22.971,132,RECV,7E000F81000630024E363033362D5659414DBF
06-27-2025 03:51:22.981,133,RECV,7E000F81000732024E373033362D4C424B34EB
06-27-2025 03:51:23.000,134,RECV,7E000F8100042B024E343033372D50334952E6
06-27-2025 03:51:23.050,135,RECV,7E000F81000830024E383033372D394F4751D7
06-27-2025 03:51:23.050,136,RECV,7E000F8100062F024E363033372D45413256EE
06-27-2025 03:51:23.060,137,RECV,7E000F81000731024E373033372D364C4256DE
06-27-2025 03:51:23.100,138,RECV,7E000F8100042B024E343033382D4F49534ACE
06-27-2025 03:51:23.151,139,RECV,7E000F81000831024E383033382D55483558CB
06-27-2025 03:51:23.163,140,RECV,7E000F8100062E024E363033382D54375A4EC9
06-27-2025 03:51:23.176,141,RECV,7E000F81000731024E373033382D354341310D
06-27-2025 03:51:23.200,142,RECV,7E000F8100042B024E343033392D37505144E6
06-27-2025 03:51:23.201,143,RECV,7E000F81000830024E383033392D45355749DB
06-27-2025 03:51:23.251,144,RECV,7E000F81000630024E363033392D303732550B
06-27-2025 03:51:23.251,145,RECV,7E000F81000733024E373033392D48465654BC
06-27-2025 03:51:23.251,146,RECV,7E000F8100042B024E343034302D47464B48EA
06-27-2025 03:51:23.301,147,RECV,7E000F81000830024E383034302D374E5355D0
06-27-2025 03:51:23.301,148,RECV,7E000F81000630024E363034302D48385441EC
06-27-2025 03:51:23.301,149,RECV,7E000F81000732024E373034302D55514C4EBD
06-27-2025 03:51:23.351,150,RECV,7E000F8100042B024E343034312D4D474955D7
06-27-2025 03:51:23.355,151,RECV,7E000F81000830024E383034312D5943314EE1
06-27-2025 03:51:23.402,152,RECV,7E000F81000630024E363034312D3930333430
06-27-2025 03:51:23.402,153,RECV,7E000F81000731024E373034312D464F4843DD
06-27-2025 03:51:23.402,154,RECV,7E000F8100042A024E343034322D324D4846FC
06-27-2025 03:51:23.452,155,RECV,7E000F8100082F024E383034322D57554646C4
06-27-2025 03:51:23.452,156,RECV,7E000F81000630024E363034322D33504844F0
06-27-2025 03:51:23.502,157,RECV,7E000F81000731024E373034322D36474247F6
06-27-2025 03:51:23.502,158,RECV,7E000F8100042B024E343034332D4F4C4B42DF
06-27-2025 03:51:23.552,159,RECV,7E000F81000830024E383034332D44524846D6
06-27-2025 03:51:23.552,160,RECV,7E000F81000630024E363034332D324F4C52DF
06-27-2025 03:51:23.552,161,RECV,7E000F81000731024E373034332D43344157EC
06-27-2025 03:51:23.602,162,RECV,7E000F8100042B024E343034342D5537413306
06-27-2025 03:51:23.602,163,RECV,7E000F81000830024E383034342D465A3832EF
06-27-2025 03:51:23.652,164,RECV,7E000F8100062F024E363034342D525A304BD7
06-27-2025 03:51:23.658,165,RECV,7E000F81000731024E373034342D4A533851D4
06-27-2025 03:51:23.663,166,RECV,7E000F8100042B024E343034352D36424F3707
06-27-2025 03:51:23.702,167,RECV,7E000F81000831024E383034352D4E305846DB
06-27-2025 03:51:23.703,168,RECV,7E000F81000631024E363034352D5232323015
06-27-2025 03:51:23.703,169,RECV,7E000F81000732024E373034352D35575754C1
06-27-2025 03:51:23.752,170,RECV,7E000F8100042B024E343034362D35555253D5
06-27-2025 03:51:23.753,171,RECV,7E000F81000831024E383034362D4C503634F0
06-27-2025 03:51:23.803,172,RECV,7E000F81000631024E363034362D41515032E6
06-27-2025 03:51:23.805,173,RECV,7E000F81000733024E373034362D4C423656DC
06-27-2025 03:51:23.813,174,RECV,7E000F8100042B024E343034372D57475953B9
06-27-2025 03:51:23.852,175,RECV,7E000F81000831024E383034372D42474253D7
06-27-2025 03:51:23.853,176,RECV,7E000F81000631024E363034372D303834312C
06-27-2025 03:51:23.903,177,RECV,7E000F81000733024E373034372D574B4845C6
06-27-2025 03:51:23.903,178,RECV,7E000F8100042B024E343034382D57514D31DC
06-27-2025 03:51:23.953,179,RECV,7E000F81000831024E383034382D4834313314
06-27-2025 03:51:23.955,180,RECV,7E000F81000630024E363034382D4E4E484BCA
06-27-2025 03:51:24.003,181,RECV,7E000F81000732024E373034382D4733463104
06-27-2025 03:51:24.003,182,RECV,7E000F8100042B024E343034392D47465259C9
06-27-2025 03:51:24.003,183,RECV,7E000F81000832024E383034392D34575736DA
06-27-2025 03:51:24.024,184,RECV,7E000F81000631024E363034392D4C43324BEB
06-27-2025 03:51:24.053,185,RECV,7E000F81000732024E373034392D39464C4FDA
06-27-2025 03:51:24.053,186,RECV,7E000F8100042B024E343035302D5A594445CD
06-27-2025 03:51:24.103,187,RECV,7E000F81000832024E383035302D4244464DE1
06-27-2025 03:51:24.105,188,RECV,7E000F81000631024E363035302D49514236ED
06-27-2025 03:51:24.153,189,RECV,7E000F81000732024E373035302D47313458F8
06-27-2025 03:51:24.153,190,RECV,7E000F8100042B024E343035312D513631361A
06-27-2025 03:51:24.153,191,RECV,7E000F81000831024E383035312D51495146C9
06-27-2025 03:51:24.203,192,RECV,7E000F81000733024E373035312D3052313314
06-27-2025 03:51:24.214,193,RECV,7E000F8100042B024E343035322D5935455ADA
06-27-2025 03:51:24.254,194,RECV,7E000F81000832024E383035322D57573135E4
06-27-2025 03:51:24.304,195,RECV,7E000F81000631024E363035322D35494B50E4
06-27-2025 03:51:24.304,196,RECV,7E000F81000732024E373035322D56455755B3
06-27-2025 03:51:24.304,197,RECV,7E000F8100042B024E343035332D57433541F6
06-27-2025 03:51:24.354,198,RECV,7E000F81000831024E383035332D59565059A0
06-27-2025 03:51:24.354,199,RECV,7E000F81000632024E363035332D4D4D4F50C2
06-27-2025 03:51:24.404,200,RECV,7E000F81000733024E373035332D54594646BF
06-27-2025 03:51:24.412,201,RECV,7E000F8100042B024E343035342D4A49383802
06-27-2025 03:51:24.412,202,RECV,7E000F81000831024E383035342D363034421B
06-27-2025 03:51:24.454,203,RECV,7E000F81000631024E363035342D3830395703
06-27-2025 03:51:24.454,204,RECV,7E000F81000732024E373035342D49474A41DD
06-27-2025 03:51:24.454,205,RECV,7E000F8100042A024E343035352D3333574FF9
06-27-2025 03:51:24.504,206,RECV,7E000F81000833024E383035352D59443242E3
06-27-2025 03:51:24.505,207,RECV,7E000F81000631024E363035352D5745425AC2
06-27-2025 03:51:24.555,208,RECV,7E000F81000732024E373035352D41484851D5
06-27-2025 03:51:24.573,209,RECV,7E000F8100042B024E343035362D55574559B9
06-27-2025 03:51:24.578,210,RECV,7E000F81000832024E383035362D52365952C1
06-27-2025 03:51:24.605,211,RECV,7E000F81000631024E363035362D4D473936F6
06-27-2025 03:51:24.605,212,RECV,7E000F81000733024E373035362D323937460D
06-27-2025 03:51:24.655,213,RECV,7E000F8100042B024E343035372D56464754CB
06-27-2025 03:51:24.655,214,RECV,7E000F81000832024E383035372D39573734F8
06-27-2025 03:51:24.706,215,RECV,7E000F81000631024E363035372D324B353016
06-27-2025 03:51:24.718,216,RECV,7E000F81000733024E373035372D3351333508
06-27-2025 03:51:24.718,217,RECV,7E000F8100042B024E343035382D44575149CC
06-27-2025 03:51:24.756,218,RECV,7E000F81000831024E383035382D45394654DB
06-27-2025 03:51:24.756,219,RECV,7E000F81000632024E363035382D4D435455BD
06-27-2025 03:51:24.776,220,RECV,7E000F81000733024E373035382D37544E41D9
06-27-2025 03:51:24.776,221,RECV,7E000F8100042B024E343035392D47445552CE
06-27-2025 03:51:24.806,222,RECV,7E000F81000831024E383035392D4849464ECD
06-27-2025 03:51:24.856,223,RECV,7E000F81000632024E363035392D4D553448D7
06-27-2025 03:51:24.856,224,RECV,7E000F81000732024E373035392D514B4934DA
06-27-2025 03:51:24.856,225,RECV,7E000F8100042B024E343036302D33415346FB
06-27-2025 03:51:24.906,226,RECV,7E000F81000830024E383036302D52574A4ABE
06-27-2025 03:51:24.916,227,RECV,7E000F81000632024E363036302D4951323100
06-27-2025 03:51:24.956,228,RECV,7E000F81000733024E373036302D4F564359B9
06-27-2025 03:51:24.960,229,RECV,7E000F8100042B024E343036312D454D3648F7
06-27-2025 03:51:24.960,230,RECV,7E000F81000832024E383036312D544D3244E1
06-27-2025 03:51:25.006,231,RECV,7E000F81000631024E363036312D4A41574CCF
06-27-2025 03:51:25.057,232,RECV,7E000F81000732024E373036312D38484243F5
06-27-2025 03:51:25.057,233,RECV,7E000F8100042B024E343036322D44394959E7
06-27-2025 03:51:25.058,234,RECV,7E000F81000831024E383036322D36545544D5
06-27-2025 03:51:25.107,235,RECV,7E000F81000631024E363036322D3041305209
06-27-2025 03:51:25.108,236,RECV,7E000F8100042B024E343036332D4733465AEB
06-27-2025 03:51:25.108,237,RECV,7E000F81000832024E383036332D31344B4600
06-27-2025 03:51:25.157,238,RECV,7E000F81000632024E363036332D4E4E3957CE
06-27-2025 03:51:25.207,239,RECV,7E000F8100042A024E343036342D514F4A5AC1
06-27-2025 03:51:25.213,240,RECV,7E000F81000833024E383036342D4F455543C8
06-27-2025 03:51:25.257,241,RECV,7E000F81000633024E363036342D44563948DD
06-27-2025 03:51:25.260,242,RECV,7E000F8100042B024E343036352D354843390A
06-27-2025 03:51:25.307,243,RECV,7E000F81000833024E383036352D34593144F1
06-27-2025 03:51:25.357,244,RECV,7E000F81000633024E363036352D57474739D9
06-27-2025 03:51:25.361,245,RECV,7E000F8100042E024E343036362D5953444CC3
06-27-2025 03:51:25.361,246,RECV,7E000F81000734024E373036352D41484D47D7
06-27-2025 03:51:25.361,247,RECV,7E000F81000833024E383036362D35345644EF
06-27-2025 03:51:25.407,248,RECV,7E000F81000632024E363036362D4E4C4854C1
06-27-2025 03:51:25.458,249,RECV,7E000F8100042B024E343036372D3538493714
06-27-2025 03:51:25.471,250,RECV,7E000F81000734024E373036362D5057464DB9
06-27-2025 03:51:25.471,251,RECV,7E000F81000832024E383036372D4F34383403
06-27-2025 03:51:25.507,252,RECV,7E000F8100042B024E343036382D52565341C4
06-27-2025 03:51:25.508,253,RECV,7E000F81000736024E373036372D50363542F3
06-27-2025 03:51:25.508,254,RECV,7E000F81000833024E383036382D544F5656A1
06-27-2025 03:51:25.558,255,RECV,7E000F81000634024E363036382D39414239FE
06-27-2025 03:51:25.608,256,RECV,7E000F8100042B024E343036392D48344856E5
06-27-2025 03:51:25.623,257,RECV,7E000F81000736024E373036382D4A344D46DE
06-27-2025 03:51:25.623,258,RECV,7E000F81000834024E383036392D41494630EE
06-27-2025 03:51:25.658,259,RECV,7E000F81000633024E363036392D41444B42E1
06-27-2025 03:51:25.658,260,RECV,7E000F8100042B024E343037302D54484F44D8
06-27-2025 03:51:25.668,261,RECV,7E000F81000736024E373036392D4A434B52C4
06-27-2025 03:51:25.668,262,RECV,7E000F81000834024E383037302D57484737D9
06-27-2025 03:51:25.759,263,RECV,7E000F81000634024E363037302D52494343D9
06-27-2025 03:51:25.781,264,RECV,7E000F8100042B024E343037312D49594E51C5
06-27-2025 03:51:25.782,265,RECV,7E000F81000735024E373037302D4D393653E8
06-27-2025 03:51:25.782,266,RECV,7E000F81000833024E383037312D5551384DCB
06-27-2025 03:51:25.808,267,RECV,7E000F81000634024E363037312D57543256C6
06-27-2025 03:51:25.858,268,RECV,7E000F8100042B024E343037322D31555250DD
06-27-2025 03:51:25.859,269,RECV,7E000F81000736024E373037312D46484B57C5
06-27-2025 03:51:25.859,270,RECV,7E000F81000834024E383037322D4F424C4BCC
06-27-2025 03:51:25.909,271,RECV,7E000F81000633024E363037322D324E5A58C7
06-27-2025 03:51:25.929,272,RECV,7E000F8100042B024E343037332D4942374EF4
06-27-2025 03:51:25.929,273,RECV,7E000F81000736024E373037322D52514836D3
06-27-2025 03:51:25.929,274,RECV,7E000F81000834024E383037332D52444C36DB
06-27-2025 03:51:25.979,275,RECV,7E000F81000634024E363037332D32493845FF
06-27-2025 03:51:25.979,276,RECV,7E000F8100042B024E343037342D55423652E4
06-27-2025 03:51:26.009,277,RECV,7E000F81000834024E383037342D584D4F45B9
06-27-2025 03:51:26.059,278,RECV,7E000F8100062F024E363037342D5A344C45DC
06-27-2025 03:51:26.084,279,RECV,7E000F8100042B024E343037352D4A394653E6
06-27-2025 03:51:26.085,280,RECV,7E000F81000730024E373037342D53524133DF
06-27-2025 03:51:26.091,281,RECV,7E000F8100082F024E383037352D4848444BD7
06-27-2025 03:51:26.159,282,RECV,7E000F81000633024E363037352D394A4F4DD7
06-27-2025 03:51:26.160,283,RECV,7E000F8100042B024E343037362D4D543141EE
06-27-2025 03:51:26.160,284,RECV,7E000F81000736024E373037352D44334643F1
06-27-2025 03:51:26.170,285,RECV,7E000F81000834024E383037362D4A424330F1
06-27-2025 03:51:26.209,286,RECV,7E000F8100062F024E363037362D4F475553BB
06-27-2025 03:51:26.234,287,RECV,7E000F8100042B024E343037372D54584648C6
06-27-2025 03:51:26.234,288,RECV,7E000F81000735024E373037362D46565953A9
06-27-2025 03:51:26.250,289,RECV,7E000F81000831024E383037372D364F4D35EB
06-27-2025 03:51:26.309,290,RECV,7E000F81000633024E363037372D354E3345F9
06-27-2025 03:51:26.310,291,RECV,7E000F8100042B024E343037382D4E513947E0
06-27-2025 03:51:26.310,292,RECV,7E000F81000735024E373037372D4E4E4C4CBC
06-27-2025 03:51:26.330,293,RECV,7E000F81000832024E383037382D545455569D
06-27-2025 03:51:26.410,294,RECV,7E000F81000631024E363037382D59515131C9
06-27-2025 03:51:26.410,295,RECV,7E000F8100042B024E343037392D30464F47F2
06-27-2025 03:51:26.410,296,RECV,7E000F81000732024E373037382D3443534DDB
06-27-2025 03:51:26.410,297,RECV,7E000F81000830024E383037392D46313846FC
06-27-2025 03:51:26.460,298,RECV,7E000F8100062F024E363037392D5A493436E9
06-27-2025 03:51:26.510,299,RECV,7E000F8100042B024E343038302D4848534FD4
06-27-2025 03:51:26.539,300,RECV,7E000F81000731024E373037392D334933390A
06-27-2025 03:51:26.549,301,RECV,7E000F81000830024E383038302D49415654C5
06-27-2025 03:51:26.560,302,RECV,7E000F8100062F024E363038302D464E4A58C8
06-27-2025 03:51:26.560,303,RECV,7E000F8100042B024E343038312D47514A47DC
06-27-2025 03:51:26.570,304,RECV,7E000F81000731024E373038302D37574B4CD5
06-27-2025 03:51:26.571,305,RECV,7E000F81000830024E383038312D31424251F2
06-27-2025 03:51:26.610,306,RECV,7E000F81000630024E363038312D55323147FD
06-27-2025 03:51:26.660,307,RECV,7E000F8100042A024E343038322D56325A4CD7
06-27-2025 03:51:26.687,308,RECV,7E000F81000730024E373038312D58503653C9
06-27-2025 03:51:26.688,309,RECV,7E000F8100082F024E383038322D49465659BA
06-27-2025 03:51:26.711,310,RECV,7E000F8100062F024E363038322D39594439ED
06-27-2025 03:51:26.712,311,RECV,7E000F8100042A024E343038332D363348427D31
06-27-2025 03:51:26.812,312,RECV,7E000F8100062F024E363038332D59434A49CC
06-27-2025 03:51:26.842,313,RECV,7E000F8100042B024E343038342D47535853BD
06-27-2025 03:51:26.845,314,RECV,7E000F81000830024E383038342D4830514BE1
06-27-2025 03:51:26.845,315,RECV,7E000F81000732024E373038332D58415931D3
06-27-2025 03:51:26.871,316,RECV,7E000F81000630024E363038342D543833300A
06-27-2025 03:51:26.871,317,RECV,7E000F8100042B024E343038352D52505454B7
06-27-2025 03:51:26.911,318,RECV,7E000F81000830024E383038352D374832327D31
06-27-2025 03:51:26.912,319,RECV,7E000F81000731024E373038342D43544835E2
06-27-2025 03:51:26.962,320,RECV,7E000F8100062F024E363038352D334B4141F9
06-27-2025 03:51:27.001,321,RECV,7E000F8100042B024E343038362D3643465AE7
06-27-2025 03:51:27.007,322,RECV,7E000F8100082F024E383038362D474C5930D8
06-27-2025 03:51:27.008,323,RECV,7E000F81000731024E373038352D5A4D4554B5
06-27-2025 03:51:27.032,324,RECV,7E000F81000630024E363038362D45523841E7
06-27-2025 03:51:27.032,325,RECV,7E000F8100042B024E343038372D49565056BA
06-27-2025 03:51:27.062,326,RECV,7E000F81000830024E383038372D4F564F47B7
06-27-2025 03:51:27.062,327,RECV,7E000F81000731024E373038362D58493149D9
06-27-2025 03:51:27.112,328,RECV,7E000F81000630024E363038372D38325347F2
06-27-2025 03:51:27.114,329,RECV,7E000F8100042B024E343038382D34514A4EE1
06-27-2025 03:51:27.162,330,RECV,7E000F81000830024E383038382D394C4D33EC
06-27-2025 03:51:27.165,331,RECV,7E000F81000731024E373038372D4A394654D6
06-27-2025 03:51:27.212,332,RECV,7E000F8100062F024E363038382D365A3943EA
06-27-2025 03:51:27.212,333,RECV,7E000F8100042B024E343038392D34455153E0
06-27-2025 03:51:27.213,334,RECV,7E000F8100082F024E383038392D47503646DE
06-27-2025 03:51:27.213,335,RECV,7E000F81000730024E373038382D3747534CD6
06-27-2025 03:51:27.313,336,RECV,7E000F8100062F024E363038392D363044301B
06-27-2025 03:51:27.317,337,RECV,7E000F8100042B024E343039302D45514B50D4
06-27-2025 03:51:27.317,338,RECV,7E000F8100082F024E383039302D444E4844DB
06-27-2025 03:51:27.317,339,RECV,7E000F81000730024E373038392D59363730FC
06-27-2025 03:51:27.363,340,RECV,7E000F8100062F024E363039302D54515751B0
06-27-2025 03:51:27.363,341,RECV,7E000F8100042B024E343039312D58504250CA
06-27-2025 03:51:27.364,342,RECV,7E000F81000830024E383039312D4651524BC3
06-27-2025 03:51:27.364,343,RECV,7E000F81000731024E373039302D494E3458D6
06-27-2025 03:51:27.462,344,RECV,7E000F81000630024E363039312D4D484437EB
06-27-2025 03:51:27.463,345,RECV,7E000F8100042B024E343039322D59395154CC
06-27-2025 03:51:27.463,346,RECV,7E000F81000830024E383039322D38495154D0
06-27-2025 03:51:27.463,347,RECV,7E000F81000731024E373039312D4358304FDE
06-27-2025 03:51:27.513,348,RECV,7E000F81000630024E363039322D3036344818
06-27-2025 03:51:27.513,349,RECV,7E000F8100042B024E343039332D38345453EF
06-27-2025 03:51:27.563,350,RECV,7E000F81000830024E383039332D36593147EE
06-27-2025 03:51:27.563,351,RECV,7E000F81000731024E373039322D374B4A36F5
06-27-2025 03:51:27.613,352,RECV,7E000F8100042B024E343039342D55513956CC
06-27-2025 03:51:27.613,353,RECV,7E000F81000830024E383039342D5842364DD7
06-27-2025 03:51:27.623,354,RECV,7E000F81000731024E373039332D59514547C0
06-27-2025 03:51:27.713,355,RECV,7E000F8100042A024E343039352D444F4C4CD6
06-27-2025 03:51:27.713,356,RECV,7E000F81000830024E383039352D30434348F5
06-27-2025 03:51:27.713,357,RECV,7E000F81000731024E373039342D59384254CE
06-27-2025 03:51:27.763,358,RECV,7E000F8100042A024E343039362D4F4E4F42D2
06-27-2025 03:51:27.764,359,RECV,7E000F8100082F024E383039362D44343756EE
06-27-2025 03:51:27.813,360,RECV,7E000F81000731024E373039352D49504837DC
06-27-2025 03:51:27.863,361,RECV,7E000F8100042A024E343039372D4C584850C3
06-27-2025 03:51:27.864,362,RECV,7E000F8100082F024E383039372D4B43354BE4
06-27-2025 03:51:27.864,363,RECV,7E000F81000731024E373039362D4D495436D3
06-27-2025 03:51:27.924,364,RECV,7E000F8100042B024E343039382D584F4D50B9
06-27-2025 03:51:27.925,365,RECV,7E000F8100062F024E363039372D36565348CF
06-27-2025 03:51:27.925,366,RECV,7E000F81000830024E383039382D4F435951B4
06-27-2025 03:51:27.964,367,RECV,7E000F81000731024E373039372D4E4B4A31DE
06-27-2025 03:51:28.014,368,RECV,7E000F8100042B024E343039392D41485A31E8
06-27-2025 03:51:28.019,369,RECV,7E000F81000630024E363039382D5A463653CB
06-27-2025 03:51:28.019,370,RECV,7E000F81000830024E383039392D344C4453D8
06-27-2025 03:51:28.064,371,RECV,7E000F81000731024E373039382D4B50534AB9
06-27-2025 03:51:28.114,372,RECV,7E000F81000630024E363039392D304F3943F8
06-27-2025 03:51:28.114,373,RECV,7E000F81000731024E373039392D344E5357C4
