06-27-2025 03:59:02.809,-,API2,"Sink 1,0013A20041839DB1,802.15.4 TH,2003,/dev/ttyUSB0 - 57600/8/M/1/N,1,46"

06-27-2025 03:58:18.522,0,RECV,7E000F8100052C024E353030302D444C4835FE
06-27-2025 03:58:18.523,1,RECV,7E000F8100031C024E333030302D4B324C3224
06-27-2025 03:58:18.523,2,RECV,7E000F81000120024E313030302D343647303E
06-27-2025 03:58:18.572,3,RECV,7E000F8100052C024E353030312D47533047F9
06-27-2025 03:58:18.572,4,RECV,7E000F8100031C024E333030312D49434D50F5
06-27-2025 03:58:18.622,5,RECV,7E000F81000120024E313030312D513444490C
06-27-2025 03:58:18.672,6,RECV,7E000F8100052C024E353030322D514E4547DE
06-27-2025 03:58:18.672,7,RECV,7E000F8100031C024E333030322D35375A4314
06-27-2025 03:58:18.672,8,RECV,7E000F81000120024E313030322D364E38332E
06-27-2025 03:58:18.722,9,RECV,7E000F8100052C024E353030332D5257434FCD
06-27-2025 03:58:18.722,10,RECV,7E000F8100031C024E333030332D464C394B06
06-27-2025 03:58:18.772,11,RECV,7E000F81000120024E313030332D304B4D4D07
06-27-2025 03:58:18.822,12,RECV,7E000F8100052B024E353030342D42455452DB
06-27-2025 03:58:18.822,13,RECV,7E000F8100031C024E333030342D42524552F0
06-27-2025 03:58:18.822,14,RECV,7E000F81000120024E313030342D483846470E
06-27-2025 03:58:18.922,15,RECV,7E000F8100052B024E353030352D36414254FA
06-27-2025 03:58:18.922,16,RECV,7E000F8100031C024E333030352D37435451FB
06-27-2025 03:58:18.923,17,RECV,7E000F81000120024E313030352D3643583217
06-27-2025 03:58:18.973,18,RECV,7E000F8100052B024E353030362D59564C37D4
06-27-2025 03:58:18.973,19,RECV,7E000F8100031C024E333030362D435441307D31
06-27-2025 03:58:18.973,20,RECV,7E000F81000120024E313030362D3141584708
06-27-2025 03:58:19.073,21,RECV,7E000F8100052B024E353030372D41434258E7
06-27-2025 03:58:19.108,22,RECV,7E000F8100031C024E333030372D4A45424CFB
06-27-2025 03:58:19.108,23,RECV,7E000F81000120024E313030372D324E5A49F5
06-27-2025 03:58:19.123,24,RECV,7E000F8100052B024E353030382D4639414DF7
06-27-2025 03:58:19.173,25,RECV,7E000F8100031C024E333030382D4B46344D05
06-27-2025 03:58:19.173,26,RECV,7E000F81000120024E313030382D46525747E1
06-27-2025 03:58:19.223,27,RECV,7E000F8100052B024E353030392D37554D33F7
06-27-2025 03:58:19.223,28,RECV,7E000F8100031C024E333030392D4E534645EA
06-27-2025 03:58:19.233,29,RECV,7E000F81000120024E313030392D374F4356F7
06-27-2025 03:58:19.323,30,RECV,7E000F8100052B024E353031302D5236493109
06-27-2025 03:58:19.323,31,RECV,7E000F8100031C024E333031302D54474643FA
06-27-2025 03:58:19.323,32,RECV,7E000F81000120024E313031302D553247311F
06-27-2025 03:58:19.374,33,RECV,7E000F8100052E024E353031312D4337373224
06-27-2025 03:58:19.374,34,RECV,7E000F8100031C024E333031312D50583547F9
06-27-2025 03:58:19.424,35,RECV,7E000F81000120024E313031312D3330554E17
06-27-2025 03:58:19.474,36,RECV,7E000F8100052B024E353031322D46453750F7
06-27-2025 03:58:19.474,37,RECV,7E000F8100031C024E333031322D41585A4BDE
06-27-2025 03:58:19.474,38,RECV,7E000F81000120024E313031322D56424F5ADB
06-27-2025 03:58:19.574,39,RECV,7E000F8100052B024E353031332D544D3138FE
06-27-2025 03:58:19.590,40,RECV,7E000F8100022D024E323031332D4459383205
06-27-2025 03:58:19.590,41,RECV,7E000F8100031C024E333031332D335539500A
06-27-2025 03:58:19.590,42,RECV,7E000F81000120024E313031332D5735355208
06-27-2025 03:58:19.624,43,RECV,7E000F8100052E024E353031342D4D515757B8
06-27-2025 03:58:19.624,44,RECV,7E000F8100022C024E323031342D58335338F6
06-27-2025 03:58:19.624,45,RECV,7E000F8100031C024E333031342D4446494502
06-27-2025 03:58:19.674,46,RECV,7E000F81000120024E313031342D4546334F0D
06-27-2025 03:58:19.725,47,RECV,7E000F8100052B024E353031352D4F454139F8
06-27-2025 03:58:19.740,48,RECV,7E000F8100022D024E323031352D4450453100
06-27-2025 03:58:19.740,49,RECV,7E000F8100031C024E333031352D4D4B5037FA
06-27-2025 03:58:19.740,50,RECV,7E000F81000120024E313031352D5835563600
06-27-2025 03:58:19.775,51,RECV,7E000F8100052B024E353031362D3054554AE2
06-27-2025 03:58:19.775,52,RECV,7E000F8100022D024E323031362D53514E56C1
06-27-2025 03:58:19.796,53,RECV,7E000F8100031C024E333031362D30574A4AFD
06-27-2025 03:58:19.796,54,RECV,7E000F81000120024E313031362D304C514FFC
06-27-2025 03:58:19.876,55,RECV,7E000F8100052B024E353031372D354A383914
06-27-2025 03:58:19.893,56,RECV,7E000F8100022D024E323031372D3054325002
06-27-2025 03:58:19.893,57,RECV,7E000F8100031C024E333031372D304245332D
06-27-2025 03:58:19.893,58,RECV,7E000F81000120024E313031372D434548367D31
06-27-2025 03:58:19.976,59,RECV,7E000F8100052B024E353031382D4E583332F8
06-27-2025 03:58:19.976,60,RECV,7E000F8100022C024E323031382D444D4948E6
06-27-2025 03:58:19.976,61,RECV,7E000F8100031C024E333031382D3033453737
06-27-2025 03:58:19.976,62,RECV,7E000F81000120024E313031382D4254384BFD
06-27-2025 03:58:20.026,63,RECV,7E000F8100052E024E353031392D44383153FF
06-27-2025 03:58:20.046,64,RECV,7E000F8100022C024E323031392D39584B45E6
06-27-2025 03:58:20.047,65,RECV,7E000F8100031C024E333031392D3643314C1F
06-27-2025 03:58:20.047,66,RECV,7E000F81000120024E313031392D595A4B39DE
06-27-2025 03:58:20.126,67,RECV,7E000F8100052D024E353032302D31414358FB
06-27-2025 03:58:20.129,68,RECV,7E000F8100022C024E323032302D365039450B
06-27-2025 03:58:20.129,69,RECV,7E000F8100031C024E333032302D3132305436
06-27-2025 03:58:20.129,70,RECV,7E000F81000120024E313032302D38545642F9
06-27-2025 03:58:20.176,71,RECV,7E000F8100052E024E353032312D5A554750C0
06-27-2025 03:58:20.226,72,RECV,7E000F8100022D024E323032312D314D473414
06-27-2025 03:58:20.228,73,RECV,7E000F8100031C024E333032312D433646530A
06-27-2025 03:58:20.228,74,RECV,7E000F81000120024E313032312D58515741DB
06-27-2025 03:58:20.277,75,RECV,7E000F8100052E024E353032322D304A454501
06-27-2025 03:58:20.277,76,RECV,7E000F8100022D024E323032322D57374F30FF
06-27-2025 03:58:20.277,77,RECV,7E000F8100031C024E333032322D58504833F8
06-27-2025 03:58:20.327,78,RECV,7E000F81000120024E313032322D4757434DED
06-27-2025 03:58:20.377,79,RECV,7E000F8100052E024E353032332D3335444315
06-27-2025 03:58:20.377,80,RECV,7E000F8100022D024E323032332D344C37381C
06-27-2025 03:58:20.377,81,RECV,7E000F8100031C024E333032332D41414E4FFB
06-27-2025 03:58:20.377,82,RECV,7E000F81000120024E313032332D4F565748D6
06-27-2025 03:58:20.437,83,RECV,7E000F8100052E024E353032342D45463750F1
06-27-2025 03:58:20.437,84,RECV,7E000F8100022C024E323032342D54574E4BC7
06-27-2025 03:58:20.437,85,RECV,7E000F8100031C024E333032342D4537414A12
06-27-2025 03:58:20.477,86,RECV,7E000F81000120024E313032342D52513643FD
06-27-2025 03:58:20.527,87,RECV,7E000F8100052E024E353032352D584F3546E0
06-27-2025 03:58:20.528,88,RECV,7E000F8100022C024E323032352D4E58594CBF
06-27-2025 03:58:20.528,89,RECV,7E000F8100031C024E333032352D3357413419
06-27-2025 03:58:20.529,90,RECV,7E000F81000120024E313032352D4131365719
06-27-2025 03:58:20.598,91,RECV,7E000F8100052E024E353032362D58493243EB
06-27-2025 03:58:20.599,92,RECV,7E000F8100022C024E323032362D58314A45F1
06-27-2025 03:58:20.599,93,RECV,7E000F8100031C024E333032362D3359474202
06-27-2025 03:58:20.630,94,RECV,7E000F81000120024E313032362D5536315407
06-27-2025 03:58:20.679,95,RECV,7E000F8100052E024E353032372D44304648FE
06-27-2025 03:58:20.679,96,RECV,7E000F8100022D024E323032372D4E473453EB
06-27-2025 03:58:20.689,97,RECV,7E000F8100031C024E333032372D49494453ED
06-27-2025 03:58:20.689,98,RECV,7E000F81000120024E313032372D504E3151F6
06-27-2025 03:58:20.780,99,RECV,7E000F8100052E024E353032382D594B3052D9
06-27-2025 03:58:20.820,100,RECV,7E000F8100022D024E323032382D47494E47E1
06-27-2025 03:58:20.823,101,RECV,7E000F8100031C024E333032382D3233483236
06-27-2025 03:58:20.823,102,RECV,7E000F81000120024E313032382D51374650F7
06-27-2025 03:58:20.829,103,RECV,7E000F8100052E024E353032392D38464C42F2
06-27-2025 03:58:20.850,104,RECV,7E000F8100022D024E323032392D4A59584CBE
06-27-2025 03:58:20.850,105,RECV,7E000F8100031C024E333032392D5A524134F3
06-27-2025 03:58:20.860,106,RECV,7E000F81000120024E313032392D54465A41DF
06-27-2025 03:58:20.930,107,RECV,7E000F8100052E024E353033302D364E504CE6
06-27-2025 03:58:20.930,108,RECV,7E000F8100022C024E323033302D50584E51C7
06-27-2025 03:58:20.940,109,RECV,7E000F8100031C024E333033302D445242317D33
06-27-2025 03:58:20.940,110,RECV,7E000F81000120024E313033302D4336424120
06-27-2025 03:58:21.032,111,RECV,7E000F8100052E024E353033312D58573035F1
06-27-2025 03:58:21.035,112,RECV,7E000F8100022C024E323033312D413533372D
06-27-2025 03:58:21.035,113,RECV,7E000F8100031C024E333033312D54503653EE
06-27-2025 03:58:21.035,114,RECV,7E000F81000120024E313033312D36334B4F18
06-27-2025 03:58:21.082,115,RECV,7E000F8100052E024E353033322D56423354E5
06-27-2025 03:58:21.132,116,RECV,7E000F8100022C024E323033322D3536384920
06-27-2025 03:58:21.146,117,RECV,7E000F8100031C024E333033322D3438344A30
06-27-2025 03:58:21.146,118,RECV,7E000F81000120024E313033322D4F454156EF
06-27-2025 03:58:21.182,119,RECV,7E000F8100052E024E353033332D534E3356D9
06-27-2025 03:58:21.182,120,RECV,7E000F8100022D024E323033332D41324D4901
06-27-2025 03:58:21.182,121,RECV,7E000F8100031C024E333033332D494C5655D9
06-27-2025 03:58:21.182,122,RECV,7E000F81000120024E313033332D4D535936EA
06-27-2025 03:58:21.232,123,RECV,7E000F8100052E024E353033342D3851354103
06-27-2025 03:58:21.283,124,RECV,7E000F8100022D024E323033342D31304D3229
06-27-2025 03:58:21.283,125,RECV,7E000F8100031C024E333033342D58325151EC
06-27-2025 03:58:21.283,126,RECV,7E000F81000120024E313033342D37444B4F03
06-27-2025 03:58:21.332,127,RECV,7E000F8100052E024E353033352D5452454EC8
06-27-2025 03:58:21.333,128,RECV,7E000F8100022D024E323033352D46495035F4
06-27-2025 03:58:21.333,129,RECV,7E000F8100031C024E333033352D373051540B
06-27-2025 03:58:21.383,130,RECV,7E000F81000120024E313033352D4B3946420B
06-27-2025 03:58:21.433,131,RECV,7E000F8100052C024E353033362D4A374645F6
06-27-2025 03:58:21.433,132,RECV,7E000F8100022D024E323033362D53524641DB
06-27-2025 03:58:21.433,133,RECV,7E000F8100031C024E333033362D344A4D56F5
06-27-2025 03:58:21.434,134,RECV,7E000F81000120024E313033362D3548483819
06-27-2025 03:58:21.483,135,RECV,7E000F8100052C024E353033372D4F524736E3
06-27-2025 03:58:21.533,136,RECV,7E000F8100022D024E323033372D46314E57EA
06-27-2025 03:58:21.533,137,RECV,7E000F8100031C024E333033372D394F544FEA
06-27-2025 03:58:21.533,138,RECV,7E000F81000120024E313033372D3236344138
06-27-2025 03:58:21.583,139,RECV,7E000F8100052E024E353033382D5450344ED8
06-27-2025 03:58:21.583,140,RECV,7E000F8100022C024E323033382D47324F5AE4
06-27-2025 03:58:21.583,141,RECV,7E000F8100031C024E333033382D5A334F43F5
06-27-2025 03:58:21.583,142,RECV,7E000F81000120024E313033382D3257325603
06-27-2025 03:58:21.643,143,RECV,7E000F8100052E024E353033392D38305641FE
06-27-2025 03:58:21.644,144,RECV,7E000F8100022C024E323033392D34395945FA
06-27-2025 03:58:21.665,145,RECV,7E000F8100031C024E333033392D4C37464CFE
06-27-2025 03:58:21.665,146,RECV,7E000F81000120024E313033392D4A575A53C5
06-27-2025 03:58:21.734,147,RECV,7E000F8100052E024E353034302D4230574DEF
06-27-2025 03:58:21.734,148,RECV,7E000F8100022D024E323034302D47314A4EFC
06-27-2025 03:58:21.784,149,RECV,7E000F8100031C024E333034302D544D4642F2
06-27-2025 03:58:21.784,150,RECV,7E000F81000120024E313034302D3350574DF4
06-27-2025 03:58:21.834,151,RECV,7E000F8100052E024E353034312D5A34494EDF
06-27-2025 03:58:21.837,152,RECV,7E000F8100022D024E323034312D58575046C6
06-27-2025 03:58:21.837,153,RECV,7E000F8100031C024E333034312D354A35580E
06-27-2025 03:58:21.837,154,RECV,7E000F81000120024E313034312D374E374B7D33
06-27-2025 03:58:21.884,155,RECV,7E000F8100052E024E353034322D47454351E3
06-27-2025 03:58:21.904,156,RECV,7E000F8100022D024E323034322D5242433102
06-27-2025 03:58:21.904,157,RECV,7E000F8100031C024E333034322D4844305508
06-27-2025 03:58:21.924,158,RECV,7E000F81000120024E313034322D464545387D31
06-27-2025 03:58:21.985,159,RECV,7E000F8100052B024E353034332D51595354B4
06-27-2025 03:58:21.985,160,RECV,7E000F8100022C024E323034332D38375059F2
06-27-2025 03:58:21.985,161,RECV,7E000F8100031C024E333034332D314F524105
06-27-2025 03:58:22.034,162,RECV,7E000F81000120024E313034332D3543464614
06-27-2025 03:58:22.085,163,RECV,7E000F8100052D024E353034342D47534848D8
06-27-2025 03:58:22.085,164,RECV,7E000F8100022C024E323034342D4E593143EE
06-27-2025 03:58:22.085,165,RECV,7E000F8100031C024E333034342D4847493609
06-27-2025 03:58:22.085,166,RECV,7E000F81000120024E313034342D364D42351D
06-27-2025 03:58:22.135,167,RECV,7E000F8100052E024E353034352D5459494BBF
06-27-2025 03:58:22.185,168,RECV,7E000F8100022C024E323034352D52563547E4
06-27-2025 03:58:22.188,169,RECV,7E000F8100031C024E333034352D59543355E1
06-27-2025 03:58:22.188,170,RECV,7E000F81000120024E313034352D49344E410A
06-27-2025 03:58:22.235,171,RECV,7E000F8100052E024E353034362D45504A58C8
06-27-2025 03:58:22.235,172,RECV,7E000F8100022D024E323034362D4244564AE0
06-27-2025 03:58:22.235,173,RECV,7E000F8100031C024E333034362D4B4642340E
06-27-2025 03:58:22.235,174,RECV,7E000F81000120024E313034362D55584F36E3
06-27-2025 03:58:22.285,175,RECV,7E000F8100052D024E353034372D44325251E6
06-27-2025 03:58:22.335,176,RECV,7E000F8100022D024E323034372D46564959C7
06-27-2025 03:58:22.335,177,RECV,7E000F8100031C024E333034372D30524D58ED
06-27-2025 03:58:22.335,178,RECV,7E000F81000120024E313034372D375933361B
06-27-2025 03:58:22.385,179,RECV,7E000F8100052B024E353034382D39594F4ED1
06-27-2025 03:58:22.386,180,RECV,7E000F8100022D024E323034382D51473253E7
06-27-2025 03:58:22.386,181,RECV,7E000F8100031C024E333034382D39505843EF
06-27-2025 03:58:22.436,182,RECV,7E000F81000120024E313034382D55554A59C6
06-27-2025 03:58:22.486,183,RECV,7E000F8100052B024E353034392D4758485ABE
06-27-2025 03:58:22.486,184,RECV,7E000F8100022C024E323034392D55384A41EC
06-27-2025 03:58:22.486,185,RECV,7E000F8100031C024E333034392D504B4C4AE1
06-27-2025 03:58:22.486,186,RECV,7E000F81000120024E313034392D394B39480D
06-27-2025 03:58:22.536,187,RECV,7E000F8100052B024E353035302D5553494DC9
06-27-2025 03:58:22.586,188,RECV,7E000F8100022C024E323035302D435A4939ED
06-27-2025 03:58:22.586,189,RECV,7E000F8100031C024E333035302D5A58374EE3
06-27-2025 03:58:22.587,190,RECV,7E000F81000120024E313035302D4C525238F2
06-27-2025 03:58:22.636,191,RECV,7E000F8100052B024E353035312D31515852DA
06-27-2025 03:58:22.636,192,RECV,7E000F8100022C024E323035312D55584D46CB
06-27-2025 03:58:22.636,193,RECV,7E000F8100031C024E333035312D4648584BE8
06-27-2025 03:58:22.656,194,RECV,7E000F81000120024E313035312D483233313B
06-27-2025 03:58:22.686,195,RECV,7E000F8100052B024E353035322D5435454AED
06-27-2025 03:58:22.737,196,RECV,7E000F8100022D024E323035322D574D444BD6
06-27-2025 03:58:22.737,197,RECV,7E000F8100031C024E333035322D4D524F56D4
06-27-2025 03:58:22.737,198,RECV,7E000F81000120024E313035322D514E4F5AD0
06-27-2025 03:58:22.786,199,RECV,7E000F8100052B024E353035332D35455736FD
06-27-2025 03:58:22.792,200,RECV,7E000F8100022D024E323035332D5452594DBC
06-27-2025 03:58:22.836,201,RECV,7E000F8100031C024E333035332D42554549F2
06-27-2025 03:58:22.837,202,RECV,7E000F81000120024E313035332D305539487D31
06-27-2025 03:58:22.887,203,RECV,7E000F8100052B024E353035342D44393958F5
06-27-2025 03:58:22.887,204,RECV,7E000F8100022D024E323035342D43483354F5
06-27-2025 03:58:22.887,205,RECV,7E000F8100031C024E333035342D4E4547320A
06-27-2025 03:58:22.937,206,RECV,7E000F81000120024E313035342D49415355E4
06-27-2025 03:58:22.947,207,RECV,7E000F8100052C024E353035352D33464745FC
06-27-2025 03:58:22.958,208,RECV,7E000F8100022C024E323035352D494E5A48CE
06-27-2025 03:58:22.975,209,RECV,7E000F8100031C024E333035352D453733537D33
06-27-2025 03:58:22.987,210,RECV,7E000F81000120024E313035352D3031494328
06-27-2025 03:58:23.037,211,RECV,7E000F8100052C024E353035362D59594759AE
06-27-2025 03:58:23.039,212,RECV,7E000F8100022C024E323035362D4F544E42D3
06-27-2025 03:58:23.039,213,RECV,7E000F8100031C024E333035362D4442553306
06-27-2025 03:58:23.087,214,RECV,7E000F81000120024E313035362D50555149D5
06-27-2025 03:58:23.137,215,RECV,7E000F8100052B024E353035372D584A3751D6
06-27-2025 03:58:23.138,216,RECV,7E000F8100022C024E323035372D52563131FB
06-27-2025 03:58:23.138,217,RECV,7E000F8100031C024E333035372D4A48484BEE
06-27-2025 03:58:23.138,218,RECV,7E000F81000120024E313035372D48394B4DFA
06-27-2025 03:58:23.188,219,RECV,7E000F8100052B024E353035382D57535949B3
06-27-2025 03:58:23.238,220,RECV,7E000F8100022D024E323035382D594C334AE1
06-27-2025 03:58:23.251,221,RECV,7E000F8100031C024E333035382D4E4F5358CA
06-27-2025 03:58:23.251,222,RECV,7E000F81000120024E313035382D55425346E2
06-27-2025 03:58:23.288,223,RECV,7E000F8100052B024E353035392D4533534BE8
06-27-2025 03:58:23.288,224,RECV,7E000F8100022D024E323035392D35544B54DA
06-27-2025 03:58:23.288,225,RECV,7E000F8100031C024E333035392D4536504EF8
06-27-2025 03:58:23.338,226,RECV,7E000F81000120024E313035392D4E41354805
06-27-2025 03:58:23.338,227,RECV,7E000F8100052C024E353036302D57325448E0
06-27-2025 03:58:23.388,228,RECV,7E000F8100022D024E323036302D4744304807
06-27-2025 03:58:23.394,229,RECV,7E000F8100031C024E333036302D4F33325510
06-27-2025 03:58:23.394,230,RECV,7E000F81000120024E313036302D44593749FC
06-27-2025 03:58:23.439,231,RECV,7E000F8100052C024E353036312D574A304FE4
06-27-2025 03:58:23.439,232,RECV,7E000F8100022D024E323036312D55445650CA
06-27-2025 03:58:23.439,233,RECV,7E000F8100031C024E333036312D4E484441FD
06-27-2025 03:58:23.488,234,RECV,7E000F81000120024E313036312D54425A48E0
06-27-2025 03:58:23.538,235,RECV,7E000F8100052B024E353036322D4535365103
06-27-2025 03:58:23.544,236,RECV,7E000F8100022C024E323036322D4647474FE6
06-27-2025 03:58:23.544,237,RECV,7E000F8100031C024E333036322D5A39524BE7
06-27-2025 03:58:23.549,238,RECV,7E000F81000120024E313036322D524D413502
06-27-2025 03:58:23.588,239,RECV,7E000F8100052B024E353036332D52484C37E6
06-27-2025 03:58:23.639,240,RECV,7E000F8100022C024E323036332D52513339F9
06-27-2025 03:58:23.639,241,RECV,7E000F8100031C024E333036332D494C454DEF
06-27-2025 03:58:23.639,242,RECV,7E000F81000120024E313036332D4C474C41F6
06-27-2025 03:58:23.689,243,RECV,7E000F8100052B024E353036342D56593850CB
06-27-2025 03:58:23.703,244,RECV,7E000F8100022D024E323036342D444B4751DF
06-27-2025 03:58:23.739,245,RECV,7E000F8100031C024E333036342D4933415206
06-27-2025 03:58:23.739,246,RECV,7E000F81000120024E313036342D3735504C0D
06-27-2025 03:58:23.760,247,RECV,7E000F8100052C024E353036352D38484154EB
06-27-2025 03:58:23.770,248,RECV,7E000F8100022D024E323036352D385139390A
06-27-2025 03:58:23.770,249,RECV,7E000F8100031C024E333036352D574F574FC8
06-27-2025 03:58:23.789,250,RECV,7E000F81000120024E313036352D55524A39EA
06-27-2025 03:58:23.839,251,RECV,7E000F8100052C024E353036362D43585932D9
06-27-2025 03:58:23.850,252,RECV,7E000F8100022D024E323036362D5A514741D1
06-27-2025 03:58:23.850,253,RECV,7E000F8100031C024E333036362D4F32574BF0
06-27-2025 03:58:23.890,254,RECV,7E000F81000120024E313036362D5232424607
06-27-2025 03:58:23.940,255,RECV,7E000F8100052C024E353036372D4F474444E0
06-27-2025 03:58:23.940,256,RECV,7E000F8100022D024E323036372D514A3756DB
06-27-2025 03:58:23.940,257,RECV,7E000F8100031C024E333036372D49325853EC
06-27-2025 03:58:23.990,258,RECV,7E000F81000120024E313036372D4D4D5055D3
06-27-2025 03:58:24.040,259,RECV,7E000F8100052C024E353036382D3034425502
06-27-2025 03:58:24.040,260,RECV,7E000F8100022C024E323036382D434F4846E3
06-27-2025 03:58:24.040,261,RECV,7E000F8100031C024E333036382D46555844DA
06-27-2025 03:58:24.040,262,RECV,7E000F81000120024E313036382D574A4541EA
06-27-2025 03:58:24.090,263,RECV,7E000F8100052C024E353036392D443248340A
06-27-2025 03:58:24.091,264,RECV,7E000F8100022D024E323036392D4D424233FD
06-27-2025 03:58:24.091,265,RECV,7E000F8100031C024E333036392D394A4A49FA
06-27-2025 03:58:24.141,266,RECV,7E000F81000120024E313036392D5955485AC0
06-27-2025 03:58:24.191,267,RECV,7E000F8100052C024E353037302D34513854F3
06-27-2025 03:58:24.191,268,RECV,7E000F8100022C024E323037302D42514A34F9
06-27-2025 03:58:24.191,269,RECV,7E000F8100031C024E333037302D54474351E9
06-27-2025 03:58:24.191,270,RECV,7E000F81000120024E313037302D4D52485AD7
06-27-2025 03:58:24.241,271,RECV,7E000F8100052C024E353037312D34435158E3
06-27-2025 03:58:24.291,272,RECV,7E000F8100022D024E323037312D3753394203
06-27-2025 03:58:24.298,273,RECV,7E000F8100031C024E333037312D3149524DFE
06-27-2025 03:58:24.298,274,RECV,7E000F81000120024E313037312D33395559FD
06-27-2025 03:58:24.341,275,RECV,7E000F8100052C024E353037322D434F5146D9
06-27-2025 03:58:24.341,276,RECV,7E000F8100022D024E323037322D3747335AFC
06-27-2025 03:58:24.341,277,RECV,7E000F8100031C024E333037322D59354248FE
06-27-2025 03:58:24.391,278,RECV,7E000F81000120024E313037322D46444845FF
06-27-2025 03:58:24.441,279,RECV,7E000F8100052C024E353037332D48414959D6
06-27-2025 03:58:24.444,280,RECV,7E000F8100022D024E323037332D4E595A59AC
06-27-2025 03:58:24.444,281,RECV,7E000F8100031C024E333037332D4E30464B06
06-27-2025 03:58:24.444,282,RECV,7E000F81000120024E313037332D4955594AD4
06-27-2025 03:58:24.491,283,RECV,7E000F8100052C024E353037342D485A4D54BD
06-27-2025 03:58:24.491,284,RECV,7E000F8100022C024E323037342D455A5146D0
06-27-2025 03:58:24.512,285,RECV,7E000F8100031C024E333037342D59533055E3
06-27-2025 03:58:24.522,286,RECV,7E000F81000120024E313037342D5244434FEC
06-27-2025 03:58:24.592,287,RECV,7E000F8100052C024E353037352D45505259BF
06-27-2025 03:58:24.592,288,RECV,7E000F8100022C024E323037352D3948374607
06-27-2025 03:58:24.592,289,RECV,7E000F8100031C024E333037352D554D393602
06-27-2025 03:58:24.642,290,RECV,7E000F81000120024E313037352D38593856F4
06-27-2025 03:58:24.652,291,RECV,7E000F8100052C024E353037362D314D5644E6
06-27-2025 03:58:24.652,292,RECV,7E000F8100022C024E323037362D4E4E4554CF
06-27-2025 03:58:24.692,293,RECV,7E000F8100031C024E333037362D5741324CFC
06-27-2025 03:58:24.692,294,RECV,7E000F81000120024E313037362D4E554A32F3
06-27-2025 03:58:24.742,295,RECV,7E000F8100052C024E353037372D5041555ABD
06-27-2025 03:58:24.766,296,RECV,7E000F8100022D024E323037372D5A553441DE
06-27-2025 03:58:24.766,297,RECV,7E000F8100031C024E333037372D35584249F9
06-27-2025 03:58:24.792,298,RECV,7E000F81000120024E313037372D315231302D
06-27-2025 03:58:24.842,299,RECV,7E000F8100052C024E353037382D5A355845D0
06-27-2025 03:58:24.843,300,RECV,7E000F8100022D024E323037382D48364F44F0
06-27-2025 03:58:24.844,301,RECV,7E000F8100031C024E333037382D55545357BD
06-27-2025 03:58:24.844,302,RECV,7E000F81000120024E313037382D4D314F59EA
06-27-2025 03:58:24.893,303,RECV,7E000F8100052D024E353037392D554D5057B1
06-27-2025 03:58:24.923,304,RECV,7E000F8100022D024E323037392D36573351EF
06-27-2025 03:58:24.923,305,RECV,7E000F8100031C024E333037392D4C4F4730FD
06-27-2025 03:58:24.923,306,RECV,7E000F81000120024E313037392D344C4659F0
06-27-2025 03:58:24.993,307,RECV,7E000F8100052D024E353038302D50594157C1
06-27-2025 03:58:24.993,308,RECV,7E000F8100022C024E323038302D43374A4302
06-27-2025 03:58:24.993,309,RECV,7E000F8100031C024E333038302D43583058F4
06-27-2025 03:58:25.043,310,RECV,7E000F81000120024E313038302D52575436E4
06-27-2025 03:58:25.093,311,RECV,7E000F8100052C024E353038312D4F31325000
06-27-2025 03:58:25.095,312,RECV,7E000F8100022C024E323038312D44525056CC
06-27-2025 03:58:25.095,313,RECV,7E000F8100031C024E333038312D4F443750FC
06-27-2025 03:58:25.095,314,RECV,7E000F81000120024E313038312D4D575931E8
06-27-2025 03:58:25.143,315,RECV,7E000F8100052C024E353038322D544F5341CA
06-27-2025 03:58:25.193,316,RECV,7E000F8100022C024E323038322D30594C38FA
06-27-2025 03:58:25.212,317,RECV,7E000F8100031C024E333038322D5A585538D6
06-27-2025 03:58:25.212,318,RECV,7E000F81000120024E313038322D49455143F3
06-27-2025 03:58:25.243,319,RECV,7E000F8100052D024E353038332D4D4D4653CC
06-27-2025 03:58:25.244,320,RECV,7E000F8100022D024E323038332D30544E52E1
06-27-2025 03:58:25.245,321,RECV,7E000F8100031C024E333038332D53485A54CB
06-27-2025 03:58:25.245,322,RECV,7E000F81000120024E313038332D3453475AEC
06-27-2025 03:58:25.294,323,RECV,7E000F8100052D024E353038342D4E315857D0
06-27-2025 03:58:25.344,324,RECV,7E000F8100022D024E323038342D304F5750DE
06-27-2025 03:58:25.382,325,RECV,7E000F8100031C024E333038342D3847345808
06-27-2025 03:58:25.387,326,RECV,7E000F81000120024E313038342D4336413524
06-27-2025 03:58:25.394,327,RECV,7E000F8100052D024E353038352D4730394A03
06-27-2025 03:58:25.394,328,RECV,7E000F8100022D024E323038352D52444541E7
06-27-2025 03:58:25.394,329,RECV,7E000F8100031C024E333038352D4134364B1C
06-27-2025 03:58:25.444,330,RECV,7E000F81000120024E313038352D463742460D
06-27-2025 03:58:25.496,331,RECV,7E000F8100052D024E353038362D3533464C02
06-27-2025 03:58:25.531,332,RECV,7E000F8100022C024E323038362D42345A45EE
06-27-2025 03:58:25.531,333,RECV,7E000F8100031C024E333038362D57594151CF
06-27-2025 03:58:25.531,334,RECV,7E000F81000120024E313038362D3743364918
06-27-2025 03:58:25.545,335,RECV,7E000F8100052D024E353038372D33455043F0
06-27-2025 03:58:25.546,336,RECV,7E000F8100022C024E323038372D4A485254CA
06-27-2025 03:58:25.576,337,RECV,7E000F8100031C024E333038372D4A43353618
06-27-2025 03:58:25.578,338,RECV,7E000F81000120024E313038372D46433456FD
06-27-2025 03:58:25.646,339,RECV,7E000F8100052D024E353038382D37443456F5
06-27-2025 03:58:25.646,340,RECV,7E000F8100022C024E323038382D414B4A43E8
06-27-2025 03:58:25.646,341,RECV,7E000F8100031C024E333038382D474B5951D3
06-27-2025 03:58:25.696,342,RECV,7E000F81000120024E313038382D474A574DDA
06-27-2025 03:58:25.706,343,RECV,7E000F8100052D024E353038392D5437454FDA
06-27-2025 03:58:25.726,344,RECV,7E000F8100022D024E323038392D5443414DDA
06-27-2025 03:58:25.729,345,RECV,7E000F8100031C024E333038392D5A554156C8
06-27-2025 03:58:25.746,346,RECV,7E000F81000120024E313038392D424A584AE0
06-27-2025 03:58:25.796,347,RECV,7E000F8100052D024E353039302D4A4F4530F3
06-27-2025 03:58:25.807,348,RECV,7E000F8100022D024E323039302D46423952F4
06-27-2025 03:58:25.831,349,RECV,7E000F8100031C024E333039302D474D4957E2
06-27-2025 03:58:25.846,350,RECV,7E000F81000120024E313039302D5856444FD5
06-27-2025 03:58:25.897,351,RECV,7E000F8100052D024E353039312D31594557DA
06-27-2025 03:58:25.897,352,RECV,7E000F8100022D024E323039312D5A384732FB
06-27-2025 03:58:25.899,353,RECV,7E000F8100031C024E333039312D44553257F3
06-27-2025 03:58:25.899,354,RECV,7E000F81000120024E313039312D554D524FD2
06-27-2025 03:58:25.947,355,RECV,7E000F8100052D024E353039322D4254303207
06-27-2025 03:58:25.997,356,RECV,7E000F8100022C024E323039322D59473930FD
06-27-2025 03:58:25.997,357,RECV,7E000F8100031C024E333039322D59493952E7
06-27-2025 03:58:25.997,358,RECV,7E000F81000120024E313039322D5A57514EC4
06-27-2025 03:58:26.047,359,RECV,7E000F8100052D024E353039332D50524D53BC
06-27-2025 03:58:26.049,360,RECV,7E000F8100022C024E323039332D34533852F4
06-27-2025 03:58:26.049,361,RECV,7E000F8100031C024E333039332D424B483905
06-27-2025 03:58:26.097,362,RECV,7E000F81000120024E313039332D5238503801
06-27-2025 03:58:26.147,363,RECV,7E000F8100052D024E353039342D315437320F
06-27-2025 03:58:26.151,364,RECV,7E000F8100022C024E323039342D4149304901
06-27-2025 03:58:26.151,365,RECV,7E000F8100031C024E333039342D47465A59D2
06-27-2025 03:58:26.151,366,RECV,7E000F81000120024E313039342D3048554EF7
06-27-2025 03:58:26.197,367,RECV,7E000F8100052C024E353039352D51374250E3
06-27-2025 03:58:26.248,368,RECV,7E000F8100022D024E323039352D554A3759D3
06-27-2025 03:58:26.250,369,RECV,7E000F8100031C024E333039352D5351314DEF
06-27-2025 03:58:26.250,370,RECV,7E000F81000120024E313039352D5A444644E9
06-27-2025 03:58:26.298,371,RECV,7E000F8100052C024E353039362D4C433855E0
06-27-2025 03:58:26.299,372,RECV,7E000F8100022D024E323039362D4C394E37F7
06-27-2025 03:58:26.300,373,RECV,7E000F8100031C024E333039362D454E4E38F7
06-27-2025 03:58:26.318,374,RECV,7E000F81000120024E313039362D4B314D57F0
06-27-2025 03:58:26.348,375,RECV,7E000F8100052C024E353039372D4A4B3039FD
06-27-2025 03:58:26.398,376,RECV,7E000F8100022D024E323039372D41394552EF
06-27-2025 03:58:26.400,377,RECV,7E000F8100031C024E333039372D4F30494304
06-27-2025 03:58:26.400,378,RECV,7E000F81000120024E313039372D484F5559CA
06-27-2025 03:58:26.449,379,RECV,7E000F8100052D024E353039382D4E444B36E6
06-27-2025 03:58:26.461,380,RECV,7E000F8100022C024E323039382D374C5A48DB
06-27-2025 03:58:26.461,381,RECV,7E000F8100031C024E333039382D4141444107
06-27-2025 03:58:26.498,382,RECV,7E000F81000120024E313039382D46364F327D31
06-27-2025 03:58:26.549,383,RECV,7E000F8100052D024E353039392D3752304FF0
06-27-2025 03:58:26.549,384,RECV,7E000F8100022C024E323039392D4C444738F0
06-27-2025 03:58:26.549,385,RECV,7E000F8100031C024E333039392D4A464A44EF
06-27-2025 03:58:26.598,386,RECV,7E000F81000120024E313039392D3435534908
