06-27-2025 03:59:25.060,-,API2,"Sink 2,0013A20041839DCA,802.15.4 TH,2003,/dev/ttyUSB2 - 57600/8/M/1/N,1,46"

06-27-2025 03:58:18.469,0,RECV,7E000F8100042B024E343030302D50515458C1
06-27-2025 03:58:18.519,1,RECV,7E000F8100082F024E383030302D4B593859CD
06-27-2025 03:58:18.569,2,RECV,7E000F8100042B024E343030312D42335459EB
06-27-2025 03:58:18.569,3,RECV,7E000F8100062F024E363030312D49494539F5
06-27-2025 03:58:18.570,4,RECV,7E000F81000731024E373030312D4A4D3959D8
06-27-2025 03:58:18.619,5,RECV,7E000F8100082F024E383030312D4C513431FF
06-27-2025 03:58:18.669,6,RECV,7E000F8100042B024E343030322D59515A42C6
06-27-2025 03:58:18.670,7,RECV,7E000F8100062F024E363030322D3642425AF0
06-27-2025 03:58:18.670,8,RECV,7E000F81000730024E373030322D474D30300D
06-27-2025 03:58:18.670,9,RECV,7E000F81000830024E383030322D314735417D31
06-27-2025 03:58:18.720,10,RECV,7E000F8100042B024E343030332D47324E4400
06-27-2025 03:58:18.720,11,RECV,7E000F8100062F024E363030332D3130354429
06-27-2025 03:58:18.720,12,RECV,7E000F81000730024E373030332D334F5743E4
06-27-2025 03:58:18.770,13,RECV,7E000F8100082F024E383030332D4D595648BB
06-27-2025 03:58:18.820,14,RECV,7E000F8100042A024E343030342D34573055FB
06-27-2025 03:58:18.820,15,RECV,7E000F8100062F024E363030342D59455738D5
06-27-2025 03:58:18.820,16,RECV,7E000F81000730024E373030342D31545348DF
06-27-2025 03:58:18.870,17,RECV,7E000F8100082F024E383030342D354635331B
06-27-2025 03:58:18.870,18,RECV,7E000F8100042A024E343030352D41593348F5
06-27-2025 03:58:18.920,19,RECV,7E000F8100062E024E363030352D5748434ED2
06-27-2025 03:58:18.920,20,RECV,7E000F81000730024E373030352D4D385659CA
06-27-2025 03:58:18.920,21,RECV,7E000F81000830024E383030352D4F445732E0
06-27-2025 03:58:18.971,22,RECV,7E000F8100042B024E343030362D3633563019
06-27-2025 03:58:18.971,23,RECV,7E000F81000630024E363030362D50444644E1
06-27-2025 03:58:18.981,24,RECV,7E000F81000731024E373030362D52365134EF
06-27-2025 03:58:19.020,25,RECV,7E000F8100082F024E383030362D30415A49E8
06-27-2025 03:58:19.051,26,RECV,7E000F8100042B024E343030372D4F364E38FC
06-27-2025 03:58:19.108,27,RECV,7E000F81000633024E363030372D4E47394FDE
06-27-2025 03:58:19.108,28,RECV,7E000F81000730024E373030372D49574F56B7
06-27-2025 03:58:19.108,29,RECV,7E000F81000831024E383030372D4D333054F5
06-27-2025 03:58:19.121,30,RECV,7E000F8100042B024E343030382D30444458F6
06-27-2025 03:58:19.139,31,RECV,7E000F81000633024E363030382D30525643DF
06-27-2025 03:58:19.141,32,RECV,7E000F81000732024E373030382D33384558F1
06-27-2025 03:58:19.171,33,RECV,7E000F81000832024E383030382D5A41314BE0
06-27-2025 03:58:19.221,34,RECV,7E000F8100042B024E343030392D4231575AE1
06-27-2025 03:58:19.221,35,RECV,7E000F81000634024E363030392D56465854B0
06-27-2025 03:58:19.221,36,RECV,7E000F81000732024E373030392D49334257E3
06-27-2025 03:58:19.271,37,RECV,7E000F81000834024E383030392D3333474106
06-27-2025 03:58:19.281,38,RECV,7E000F8100042A024E343031302D554E3448EF
06-27-2025 03:58:19.281,39,RECV,7E000F81000634024E363031302D56574B5AAE
06-27-2025 03:58:19.321,40,RECV,7E000F81000732024E373031302D5A374236F7
06-27-2025 03:58:19.321,41,RECV,7E000F81000834024E383031302D4D32314DFF
06-27-2025 03:58:19.371,42,RECV,7E000F8100042B024E343031312D4532514EF6
06-27-2025 03:58:19.371,43,RECV,7E000F81000633024E363031312D575A5352AA
06-27-2025 03:58:19.371,44,RECV,7E000F81000735024E373031312D35304954FA
06-27-2025 03:58:19.421,45,RECV,7E000F81000833024E383031312D4D364748EA
06-27-2025 03:58:19.452,46,RECV,7E000F8100042B024E343031322D37525541EC
06-27-2025 03:58:19.452,47,RECV,7E000F81000634024E363031322D364D5549DD
06-27-2025 03:58:19.452,48,RECV,7E000F81000732024E373031322D534E304DE0
06-27-2025 03:58:19.471,49,RECV,7E000F81000834024E383031322D36315745F7
06-27-2025 03:58:19.522,50,RECV,7E000F8100042B024E343031332D4A4E4D42E3
06-27-2025 03:58:19.572,51,RECV,7E000F81000631024E363031332D4B4235300E
06-27-2025 03:58:19.590,52,RECV,7E000F81000730024E373031332D3350435ADF
06-27-2025 03:58:19.590,53,RECV,7E000F81000830024E383031332D4D444630F6
06-27-2025 03:58:19.622,54,RECV,7E000F8100042B024E343031342D4646344BFE
06-27-2025 03:58:19.622,55,RECV,7E000F81000633024E363031342D5345324EE5
06-27-2025 03:58:19.622,56,RECV,7E000F81000735024E373031342D54325759C3
06-27-2025 03:58:19.672,57,RECV,7E000F81000834024E383031342D59464A45CA
06-27-2025 03:58:19.722,58,RECV,7E000F8100042B024E343031352D45483844FF
06-27-2025 03:58:19.740,59,RECV,7E000F81000632024E363031352D4A425847D2
06-27-2025 03:58:19.740,60,RECV,7E000F81000731024E373031352D524E3055D7
06-27-2025 03:58:19.740,61,RECV,7E000F81000834024E383031352D3342555AD3
06-27-2025 03:58:19.772,62,RECV,7E000F8100042B024E343031362D42354450FC
06-27-2025 03:58:19.773,63,RECV,7E000F81000633024E363031362D51314A35FA
06-27-2025 03:58:19.773,64,RECV,7E000F81000731024E373031362D57474251CA
06-27-2025 03:58:19.823,65,RECV,7E000F81000831024E383031362D55475138D4
06-27-2025 03:58:19.873,66,RECV,7E000F8100042B024E343031372D59425933DF
06-27-2025 03:58:19.893,67,RECV,7E000F81000634024E363031372D4932323418
06-27-2025 03:58:19.893,68,RECV,7E000F81000732024E373031372D56345335E7
06-27-2025 03:58:19.893,69,RECV,7E000F81000834024E383031372D53324543E8
06-27-2025 03:58:19.923,70,RECV,7E000F8100042B024E343031382D31505755D8
06-27-2025 03:58:19.973,71,RECV,7E000F81000634024E363031382D4E444A56C6
06-27-2025 03:58:19.973,72,RECV,7E000F81000736024E373031382D38444654DE
06-27-2025 03:58:19.974,73,RECV,7E000F81000834024E383031382D32415457D6
06-27-2025 03:58:20.023,74,RECV,7E000F8100042B024E343031392D41493646FE
06-27-2025 03:58:20.046,75,RECV,7E000F81000634024E363031392D58344C59C6
06-27-2025 03:58:20.047,76,RECV,7E000F81000735024E373031392D33475648DC
06-27-2025 03:58:20.047,77,RECV,7E000F81000834024E383031392D3733543401
06-27-2025 03:58:20.123,78,RECV,7E000F8100042B024E343032302D584B5544D0
06-27-2025 03:58:20.124,79,RECV,7E000F81000634024E363032302D36574445E9
06-27-2025 03:58:20.124,80,RECV,7E000F81000735024E373032302D574A5A45BC
06-27-2025 03:58:20.124,81,RECV,7E000F81000834024E383032302D504A5638D3
06-27-2025 03:58:20.174,82,RECV,7E000F8100042A024E343032312D433932411D
06-27-2025 03:58:20.175,83,RECV,7E000F81000634024E363032312D4C544D57BA
06-27-2025 03:58:20.224,84,RECV,7E000F81000735024E373032312D4C503338F4
06-27-2025 03:58:20.224,85,RECV,7E000F81000834024E383032312D4634524DE1
06-27-2025 03:58:20.274,86,RECV,7E000F8100042A024E343032322D394F5439F6
06-27-2025 03:58:20.274,87,RECV,7E000F81000634024E363032322D46373655F5
06-27-2025 03:58:20.275,88,RECV,7E000F81000735024E373032322D4E345745DC
06-27-2025 03:58:20.285,89,RECV,7E000F81000834024E383032322D53545345BA
06-27-2025 03:58:20.324,90,RECV,7E000F8100042B024E343032332D51423054F2
06-27-2025 03:58:20.374,91,RECV,7E000F81000633024E363032332D4339314B05
06-27-2025 03:58:20.374,92,RECV,7E000F81000735024E373032332D56415148C9
06-27-2025 03:58:20.374,93,RECV,7E000F81000833024E383032332D5339383203
06-27-2025 03:58:20.424,94,RECV,7E000F8100042B024E343032342D48385A41ED
06-27-2025 03:58:20.434,95,RECV,7E000F81000634024E363032342D33495947DF
06-27-2025 03:58:20.435,96,RECV,7E000F81000734024E373032342D36425949DF
06-27-2025 03:58:20.445,97,RECV,7E000F81000834024E383032342D4A30414EEE
06-27-2025 03:58:20.474,98,RECV,7E000F8100042B024E343032352D54415447D7
06-27-2025 03:58:20.524,99,RECV,7E000F81000634024E363032352D47534650CA
06-27-2025 03:58:20.528,100,RECV,7E000F81000735024E373032352D565A3656BB
06-27-2025 03:58:20.529,101,RECV,7E000F81000834024E383032352D54465244C6
06-27-2025 03:58:20.575,102,RECV,7E000F8100042B024E343032362D47474B4DE0
06-27-2025 03:58:20.629,103,RECV,7E000F81000633024E363032362D54443643E9
06-27-2025 03:58:20.637,104,RECV,7E000F81000736024E373032362D304A4954DE
06-27-2025 03:58:20.637,105,RECV,7E000F81000834024E383032362D58575443AF
06-27-2025 03:58:20.675,106,RECV,7E000F8100042B024E343032372D423845370F
06-27-2025 03:58:20.675,107,RECV,7E000F81000634024E363032372D415A4949CB
06-27-2025 03:58:20.675,108,RECV,7E000F81000735024E373032372D46325152DA
06-27-2025 03:58:20.685,109,RECV,7E000F81000834024E383032372D59354B4AD1
06-27-2025 03:58:20.725,110,RECV,7E000F8100042B024E343032382D324D374C02
06-27-2025 03:58:20.775,111,RECV,7E000F81000633024E363032382D4B553133F4
06-27-2025 03:58:20.776,112,RECV,7E000F81000735024E373032382D4C494B42D2
06-27-2025 03:58:20.776,113,RECV,7E000F81000835024E383032382D30325554E7
06-27-2025 03:58:20.825,114,RECV,7E000F8100042B024E343032392D5837444FE1
06-27-2025 03:58:20.825,115,RECV,7E000F81000633024E363032392D4950324DDF
06-27-2025 03:58:20.825,116,RECV,7E000F81000735024E373032392D363134477D31
06-27-2025 03:58:20.875,117,RECV,7E000F81000833024E383032392D43453357E1
06-27-2025 03:58:20.876,118,RECV,7E000F8100042A024E343033302D4A4E5830EC
06-27-2025 03:58:20.926,119,RECV,7E000F81000633024E363033302D52494139EA
06-27-2025 03:58:20.926,120,RECV,7E000F81000734024E373033302D42524552D1
06-27-2025 03:58:20.926,121,RECV,7E000F81000833024E383033302D5A335835E1
06-27-2025 03:58:20.976,122,RECV,7E000F8100042B024E343033312D4B4B484CE0
06-27-2025 03:58:21.026,123,RECV,7E000F81000634024E363033312D45314359EB
06-27-2025 03:58:21.026,124,RECV,7E000F81000735024E373033312D3638563006
06-27-2025 03:58:21.026,125,RECV,7E000F81000834024E383033312D3547474DE9
06-27-2025 03:58:21.076,126,RECV,7E000F8100042B024E343033322D434C453203
06-27-2025 03:58:21.077,127,RECV,7E000F81000634024E363033322D435A4332EA
06-27-2025 03:58:21.136,128,RECV,7E000F8100042B024E343033332D4731343626
06-27-2025 03:58:21.176,129,RECV,7E000F81000633024E363033332D46505330E3
06-27-2025 03:58:21.227,130,RECV,7E000F8100042B024E343033342D4D583952D7
06-27-2025 03:58:21.248,131,RECV,7E000F81000633024E363033342D3034433123
06-27-2025 03:58:21.307,132,RECV,7E000F8100042B024E343033352D51464A4CD9
06-27-2025 03:58:21.327,133,RECV,7E000F81000634024E363033352D5545434AD2
06-27-2025 03:58:21.327,134,RECV,7E000F81000833024E383033352D455A4E44C5
06-27-2025 03:58:21.377,135,RECV,7E000F8100042B024E343033362D32564450E9
06-27-2025 03:58:21.427,136,RECV,7E000F8100062F024E363033362D59323547F6
06-27-2025 03:58:21.430,137,RECV,7E000F81000830024E383033362D59494137DE
06-27-2025 03:58:21.430,138,RECV,7E000F81000730024E373033362D46573249E2
06-27-2025 03:58:21.477,139,RECV,7E000F8100042B024E343033372D57355634EE
06-27-2025 03:58:21.527,140,RECV,7E000F8100062F024E363033372D444A5837DF
06-27-2025 03:58:21.530,141,RECV,7E000F8100082F024E383033372D4C523959C8
06-27-2025 03:58:21.530,142,RECV,7E000F81000730024E373033372D49525039D5
06-27-2025 03:58:21.538,143,RECV,7E000F8100042B024E343033382D575A5347B8
06-27-2025 03:58:21.577,144,RECV,7E000F81000736024E373033382D39425333F1
06-27-2025 03:58:21.628,145,RECV,7E000F8100042B024E343033392D39495238F6
06-27-2025 03:58:21.681,146,RECV,7E000F81000735024E373033392D55533243D5
06-27-2025 03:58:21.729,147,RECV,7E000F8100042B024E343034302D354A36427D33
06-27-2025 03:58:21.729,148,RECV,7E000F81000834024E383034302D53424252D0
06-27-2025 03:58:21.729,149,RECV,7E000F81000633024E363034302D364D4B32FE
06-27-2025 03:58:21.729,150,RECV,7E000F81000736024E373034302D394B5836E7
06-27-2025 03:58:21.780,151,RECV,7E000F8100042B024E343034312D3632524C03
06-27-2025 03:58:21.830,152,RECV,7E000F81000834024E383034312D5342384AE1
06-27-2025 03:58:21.837,153,RECV,7E000F81000633024E363034312D4A42323906
06-27-2025 03:58:21.837,154,RECV,7E000F81000736024E373034312D5A523641D5
06-27-2025 03:58:21.880,155,RECV,7E000F8100042B024E343034322D58344955DE
06-27-2025 03:58:21.930,156,RECV,7E000F81000834024E383034322D33475849DC
06-27-2025 03:58:21.930,157,RECV,7E000F81000633024E363034322D4A5A4854BC
06-27-2025 03:58:21.930,158,RECV,7E000F81000736024E373034322D46425150CE
06-27-2025 03:58:21.930,159,RECV,7E000F8100042B024E343034332D4E495537E4
06-27-2025 03:58:21.980,160,RECV,7E000F8100082F024E383034332D34504852DD
06-27-2025 03:58:21.985,161,RECV,7E000F81000633024E363034332D47444C39EB
06-27-2025 03:58:21.985,162,RECV,7E000F81000735024E373034332D31473055FA
06-27-2025 03:58:22.030,163,RECV,7E000F8100042B024E343034342D5836344EF6
06-27-2025 03:58:22.080,164,RECV,7E000F81000834024E383034342D41583338F1
06-27-2025 03:58:22.081,165,RECV,7E000F81000634024E363034342D3854334CEE
06-27-2025 03:58:22.081,166,RECV,7E000F81000734024E373034342D53583849CB
06-27-2025 03:58:22.131,167,RECV,7E000F8100042B024E343034352D3543513903
06-27-2025 03:58:22.131,168,RECV,7E000F81000834024E383034352D4F475537D2
06-27-2025 03:58:22.131,169,RECV,7E000F81000634024E363034352D344E4235FF
06-27-2025 03:58:22.181,170,RECV,7E000F81000735024E373034352D4A535851AF
06-27-2025 03:58:22.182,171,RECV,7E000F8100042B024E343034362D4736503205
06-27-2025 03:58:22.231,172,RECV,7E000F81000834024E383034362D53324D5AC7
06-27-2025 03:58:22.231,173,RECV,7E000F81000633024E363034362D414A4D4AD6
06-27-2025 03:58:22.231,174,RECV,7E000F81000735024E373034362D49345746DA
06-27-2025 03:58:22.281,175,RECV,7E000F8100042A024E343034372D47554839E7
06-27-2025 03:58:22.281,176,RECV,7E000F81000834024E383034372D4C4B3057D4
06-27-2025 03:58:22.301,177,RECV,7E000F81000633024E363034372D35584D5AC3
06-27-2025 03:58:22.305,178,RECV,7E000F81000735024E373034372D4A385344DA
06-27-2025 03:58:22.331,179,RECV,7E000F8100042B024E343034382D3539303133
06-27-2025 03:58:22.381,180,RECV,7E000F81000833024E383034382D4B514435DD
06-27-2025 03:58:22.381,181,RECV,7E000F81000630024E363034382D3258594ACC
06-27-2025 03:58:22.381,182,RECV,7E000F81000731024E373034382D34555246D5
06-27-2025 03:58:22.431,183,RECV,7E000F8100042B024E343034392D34583852EB
06-27-2025 03:58:22.481,184,RECV,7E000F81000833024E383034392D374E3859DB
06-27-2025 03:58:22.482,185,RECV,7E000F81000630024E363034392D56354756D0
06-27-2025 03:58:22.483,186,RECV,7E000F81000732024E373034392D59434535DE
06-27-2025 03:58:22.532,187,RECV,7E000F8100042B024E343035302D50534F37E0
06-27-2025 03:58:22.533,188,RECV,7E000F81000834024E383035302D354D4336FD
06-27-2025 03:58:22.582,189,RECV,7E000F81000631024E363035302D344F5854D0
06-27-2025 03:58:22.586,190,RECV,7E000F8100042B024E343035312D513733321B
06-27-2025 03:58:22.632,191,RECV,7E000F81000834024E383035312D5450504EB5
06-27-2025 03:58:22.632,192,RECV,7E000F81000630024E363035312D37345749F4
06-27-2025 03:58:22.632,193,RECV,7E000F81000732024E373035312D5A584B56A8
06-27-2025 03:58:22.682,194,RECV,7E000F8100042B024E343035322D32305753FB
06-27-2025 03:58:22.682,195,RECV,7E000F81000832024E383035322D3445564ADF
06-27-2025 03:58:22.732,196,RECV,7E000F81000632024E363035322D58584D36C9
06-27-2025 03:58:22.734,197,RECV,7E000F81000733024E373035322D554E364FD1
06-27-2025 03:58:22.734,198,RECV,7E000F8100042B024E343035332D4E484152DD
06-27-2025 03:58:22.782,199,RECV,7E000F81000830024E383035332D5243454BD4
06-27-2025 03:58:22.792,200,RECV,7E000F8100062E024E363035332D58434959C2
06-27-2025 03:58:22.832,201,RECV,7E000F81000730024E373035332D33395442F9
06-27-2025 03:58:22.833,202,RECV,7E000F8100042B024E343035342D3643414DFE
06-27-2025 03:58:22.882,203,RECV,7E000F8100082F024E383035342D59495748B8
06-27-2025 03:58:22.883,204,RECV,7E000F8100062F024E363035342D34534D48E1
06-27-2025 03:58:22.883,205,RECV,7E000F81000730024E373035342D31574E58CC
06-27-2025 03:58:22.933,206,RECV,7E000F8100042B024E343035352D3345305606
06-27-2025 03:58:22.934,207,RECV,7E000F81000830024E383035352D37424B57DC
06-27-2025 03:58:22.983,208,RECV,7E000F81000630024E363035352D53374754D6
06-27-2025 03:58:22.986,209,RECV,7E000F81000730024E373035352D44394E58D6
06-27-2025 03:58:22.987,210,RECV,7E000F8100042B024E343035362D5831374102
06-27-2025 03:58:23.033,211,RECV,7E000F8100082F024E383035362D4E553032F2
06-27-2025 03:58:23.039,212,RECV,7E000F8100062F024E363035362D4431513401
06-27-2025 03:58:23.039,213,RECV,7E000F81000731024E373035362D56454230EA
06-27-2025 03:58:23.083,214,RECV,7E000F8100042B024E343035372D524D474BD1
06-27-2025 03:58:23.087,215,RECV,7E000F8100082F024E383035372D48384457DB
06-27-2025 03:58:23.133,216,RECV,7E000F8100062F024E363035372D53303648F9
06-27-2025 03:58:23.133,217,RECV,7E000F81000731024E373035372D534B5A43BB
06-27-2025 03:58:23.143,218,RECV,7E000F8100042B024E343035382D51545653B3
06-27-2025 03:58:23.183,219,RECV,7E000F8100082F024E383035382D35364B44FB
06-27-2025 03:58:23.234,220,RECV,7E000F8100062F024E363035382D57554249C2
06-27-2025 03:58:23.251,221,RECV,7E000F81000730024E373035382D4E4E3542E3
06-27-2025 03:58:23.251,222,RECV,7E000F8100042B024E343035392D424E3247F7
06-27-2025 03:58:23.284,223,RECV,7E000F81000830024E383035392D43454158D2
06-27-2025 03:58:23.284,224,RECV,7E000F8100062F024E363035392D44374943F1
06-27-2025 03:58:23.284,225,RECV,7E000F81000730024E373035392D43345534F5
06-27-2025 03:58:23.334,226,RECV,7E000F8100042B024E343036302D574C4550D0
06-27-2025 03:58:23.334,227,RECV,7E000F81000830024E383036302D4D424842E2
06-27-2025 03:58:23.384,228,RECV,7E000F8100062F024E363036302D46305642F2
06-27-2025 03:58:23.394,229,RECV,7E000F81000730024E373036302D56434C39DF
06-27-2025 03:58:23.394,230,RECV,7E000F8100042B024E343036312D4B38314112
06-27-2025 03:58:23.435,231,RECV,7E000F8100082F024E383036312D4F45303700
06-27-2025 03:58:23.438,232,RECV,7E000F8100062F024E363036312D4B42524AD6
06-27-2025 03:58:23.465,233,RECV,7E000F81000730024E373036312D4B344649EE
06-27-2025 03:58:23.465,234,RECV,7E000F8100042B024E343036322D55504C4FC6
06-27-2025 03:58:23.484,235,RECV,7E000F81000830024E383036322D453133311F
06-27-2025 03:58:23.535,236,RECV,7E000F8100062F024E363036322D4D4A4D36E4
06-27-2025 03:58:23.544,237,RECV,7E000F81000731024E373036322D504D4651C6
06-27-2025 03:58:23.584,238,RECV,7E000F8100042B024E343036332D34564F41EB
06-27-2025 03:58:23.585,239,RECV,7E000F8100082F024E383036332D5153414EC6
06-27-2025 03:58:23.635,240,RECV,7E000F81000630024E363036332D3151423602
06-27-2025 03:58:23.635,241,RECV,7E000F81000731024E373036332D3134383428
06-27-2025 03:58:23.635,242,RECV,7E000F8100042B024E343036342D34455838FB
06-27-2025 03:58:23.685,243,RECV,7E000F8100082F024E383036342D3846544ADC
06-27-2025 03:58:23.703,244,RECV,7E000F8100062F024E363036342D4339374801
06-27-2025 03:58:23.735,245,RECV,7E000F81000730024E373036342D4B37564CD5
06-27-2025 03:58:23.735,246,RECV,7E000F8100042B024E343036352D435A3242F2
06-27-2025 03:58:23.735,247,RECV,7E000F81000830024E383036352D55565850A3
06-27-2025 03:58:23.785,248,RECV,7E000F8100062F024E363036352D3052415ADE
06-27-2025 03:58:23.785,249,RECV,7E000F81000730024E373036352D554C4F56B2
06-27-2025 03:58:23.786,250,RECV,7E000F8100042B024E343036362D4C4E5143D4
06-27-2025 03:58:23.835,251,RECV,7E000F8100082F024E383036362D55315939DE
06-27-2025 03:58:23.856,252,RECV,7E000F8100062F024E363036362D4937524FD9
06-27-2025 03:58:23.857,253,RECV,7E000F81000731024E373036362D303230392B
06-27-2025 03:58:23.885,254,RECV,7E000F8100042B024E343036372D42583250E5
06-27-2025 03:58:23.886,255,RECV,7E000F8100082F024E383036372D534F5248B9
06-27-2025 03:58:23.936,256,RECV,7E000F8100062F024E363036372D3556554CCD
06-27-2025 03:58:23.936,257,RECV,7E000F81000730024E373036372D4A545855AB
06-27-2025 03:58:23.986,258,RECV,7E000F8100042B024E343036382D4D574841D3
06-27-2025 03:58:24.007,259,RECV,7E000F8100082F024E383036382D5432354AEF
06-27-2025 03:58:24.036,260,RECV,7E000F81000630024E363036382D46445945CF
06-27-2025 03:58:24.036,261,RECV,7E000F81000731024E373036382D464B3339F7
06-27-2025 03:58:24.036,262,RECV,7E000F8100042B024E343036392D43494555D9
06-27-2025 03:58:24.086,263,RECV,7E000F81000830024E383036392D52343241F9
06-27-2025 03:58:24.086,264,RECV,7E000F8100062F024E363036392D42574438E2
06-27-2025 03:58:24.086,265,RECV,7E000F81000730024E373036392D30395449EE
06-27-2025 03:58:24.136,266,RECV,7E000F8100042B024E343037302D31464457F5
06-27-2025 03:58:24.163,267,RECV,7E000F81000830024E383037302D58465256B4
06-27-2025 03:58:24.186,268,RECV,7E000F81000630024E363037302D50564934DB
06-27-2025 03:58:24.186,269,RECV,7E000F81000731024E373037302D37324954F5
06-27-2025 03:58:24.186,270,RECV,7E000F8100042A024E343037312D3049315805
06-27-2025 03:58:24.236,271,RECV,7E000F81000830024E383037312D55345954C3
06-27-2025 03:58:24.286,272,RECV,7E000F8100062F024E363037312D47444D34F2
06-27-2025 03:58:24.298,273,RECV,7E000F81000731024E373037312D43465739E1
06-27-2025 03:58:24.298,274,RECV,7E000F8100042B024E343037322D37423957FC
06-27-2025 03:58:24.298,275,RECV,7E000F81000830024E383037322D534A324DDC
06-27-2025 03:58:24.337,276,RECV,7E000F81000630024E363037322D53445848C5
06-27-2025 03:58:24.347,277,RECV,7E000F81000731024E373037322D33425A5AD0
06-27-2025 03:58:24.347,278,RECV,7E000F8100042B024E343037332D4C374358E6
06-27-2025 03:58:24.387,279,RECV,7E000F81000831024E383037332D44335841E6
06-27-2025 03:58:24.439,280,RECV,7E000F81000630024E363037332D42595A48BE
06-27-2025 03:58:24.444,281,RECV,7E000F81000731024E373037332D3553393700
06-27-2025 03:58:24.444,282,RECV,7E000F8100042B024E343037342D49574A38E1
06-27-2025 03:58:24.459,283,RECV,7E000F81000830024E383037342D43304E46EF
06-27-2025 03:58:24.487,284,RECV,7E000F81000630024E363037342D4D4F5A52B2
06-27-2025 03:58:24.507,285,RECV,7E000F81000731024E373037342D32505A4CCF
06-27-2025 03:58:24.507,286,RECV,7E000F8100042B024E343037352D4336483809
06-27-2025 03:58:24.537,287,RECV,7E000F81000830024E383037352D504E5243C2
06-27-2025 03:58:24.587,288,RECV,7E000F81000631024E363037352D47485543D1
06-27-2025 03:58:24.591,289,RECV,7E000F81000732024E373037352D355A3633FD
06-27-2025 03:58:24.591,290,RECV,7E000F8100042B024E343037362D354C5653D7
06-27-2025 03:58:24.637,291,RECV,7E000F81000830024E383037362D38483049FB
06-27-2025 03:58:24.688,292,RECV,7E000F81000631024E363037362D4D543431F1
06-27-2025 03:58:24.688,293,RECV,7E000F81000732024E373037362D4F515746B7
06-27-2025 03:58:24.688,294,RECV,7E000F8100042B024E343037372D4633395AF4
06-27-2025 03:58:24.699,295,RECV,7E000F81000831024E383037372D46475052C3
06-27-2025 03:58:24.738,296,RECV,7E000F81000631024E363037372D54365147D4
06-27-2025 03:58:24.788,297,RECV,7E000F81000734024E373037372D4F525356A7
06-27-2025 03:58:24.788,298,RECV,7E000F8100042A024E343037382D314D383812
06-27-2025 03:58:24.788,299,RECV,7E000F81000831024E383037382D45553554CE
06-27-2025 03:58:24.838,300,RECV,7E000F81000630024E363037382D59394251D1
06-27-2025 03:58:24.838,301,RECV,7E000F81000733024E373037382D484F3745DE
06-27-2025 03:58:24.839,302,RECV,7E000F8100042B024E343037392D5A554941C5
06-27-2025 03:58:24.889,303,RECV,7E000F81000831024E383037392D55485851AA
06-27-2025 03:58:24.917,304,RECV,7E000F81000631024E363037392D4F463135F9
06-27-2025 03:58:24.918,305,RECV,7E000F81000733024E373037392D554C4F50B0
06-27-2025 03:58:24.919,306,RECV,7E000F8100042B024E343038302D4245374701
06-27-2025 03:58:24.938,307,RECV,7E000F81000831024E383038302D50504752BF
06-27-2025 03:58:24.988,308,RECV,7E000F81000631024E363038302D3249473307
06-27-2025 03:58:24.988,309,RECV,7E000F81000733024E373038302D44535641CA
06-27-2025 03:58:24.999,310,RECV,7E000F8100042B024E343038312D56573952CD
06-27-2025 03:58:25.038,311,RECV,7E000F81000831024E383038312D59515059A4
06-27-2025 03:58:25.088,312,RECV,7E000F81000631024E363038312D464B5453C3
06-27-2025 03:58:25.089,313,RECV,7E000F81000733024E373038312D51554F4CB6
06-27-2025 03:58:25.089,314,RECV,7E000F8100042B024E343038322D4C4D4651D4
06-27-2025 03:58:25.139,315,RECV,7E000F81000831024E383038322D4441454FDD
06-27-2025 03:58:25.189,316,RECV,7E000F81000632024E363038322D4F414C31EC
06-27-2025 03:58:25.189,317,RECV,7E000F81000734024E373038322D36305949ED
06-27-2025 03:58:25.189,318,RECV,7E000F8100042B024E343038332D53574947C9
06-27-2025 03:58:25.189,319,RECV,7E000F81000831024E383038332D4F33423001
06-27-2025 03:58:25.239,320,RECV,7E000F81000631024E363038332D423942300C
06-27-2025 03:58:25.239,321,RECV,7E000F81000734024E373038332D4735373908
06-27-2025 03:58:25.239,322,RECV,7E000F8100042B024E343038342D394A585ACD
06-27-2025 03:58:25.289,323,RECV,7E000F81000832024E383038342D4E3435300C
06-27-2025 03:58:25.339,324,RECV,7E000F81000631024E363038342D4D5A4739D1
06-27-2025 03:58:25.340,325,RECV,7E000F81000734024E373038342D3346393110
06-27-2025 03:58:25.340,326,RECV,7E000F8100042B024E343038352D314A354C05
06-27-2025 03:58:25.340,327,RECV,7E000F81000832024E383038352D31355953E0
06-27-2025 03:58:25.389,328,RECV,7E000F81000631024E363038352D4B354538FA
06-27-2025 03:58:25.400,329,RECV,7E000F81000734024E373038352D54323056E6
06-27-2025 03:58:25.400,330,RECV,7E000F8100042B024E343038362D54434136F2
06-27-2025 03:58:25.440,331,RECV,7E000F81000831024E383038362D37325657DC
06-27-2025 03:58:25.490,332,RECV,7E000F81000631024E363038362D57314949DC
06-27-2025 03:58:25.491,333,RECV,7E000F81000734024E373038362D4F534144CA
06-27-2025 03:58:25.491,334,RECV,7E000F8100042B024E343038372D54563539E7
06-27-2025 03:58:25.540,335,RECV,7E000F81000832024E383038372D33545946CA
06-27-2025 03:58:25.590,336,RECV,7E000F81000631024E363038372D36364C330A
06-27-2025 03:58:25.590,337,RECV,7E000F81000733024E373038372D57593938D0
06-27-2025 03:58:25.590,338,RECV,7E000F8100042B024E343038382D32594B38F0
06-27-2025 03:58:25.591,339,RECV,7E000F81000831024E383038382D484F3535EF
06-27-2025 03:58:25.641,340,RECV,7E000F81000631024E363038382D30484254E6
06-27-2025 03:58:25.641,341,RECV,7E000F81000734024E373038382D34414945EC
06-27-2025 03:58:25.641,342,RECV,7E000F8100042B024E343038392D4C595542C1
06-27-2025 03:58:25.691,343,RECV,7E000F81000832024E383038392D47414552CF
06-27-2025 03:58:25.741,344,RECV,7E000F81000631024E363038392D56484D42C6
06-27-2025 03:58:25.741,345,RECV,7E000F81000733024E373038392D47464B48CF
06-27-2025 03:58:25.741,346,RECV,7E000F8100042B024E343039302D3236423823
06-27-2025 03:58:25.741,347,RECV,7E000F81000832024E383039302D32514245EC
06-27-2025 03:58:25.802,348,RECV,7E000F81000632024E363039302D58395450C5
06-27-2025 03:58:25.831,349,RECV,7E000F8100042D024E343039312D434E4246E9
06-27-2025 03:58:25.841,350,RECV,7E000F81000832024E383039312D30355845F3
06-27-2025 03:58:25.891,351,RECV,7E000F81000632024E363039312D4B314C45EC
06-27-2025 03:58:25.892,352,RECV,7E000F8100042A024E343039322D3446354B0A
06-27-2025 03:58:25.941,353,RECV,7E000F81000832024E383039322D4C395034EB
06-27-2025 03:58:25.991,354,RECV,7E000F81000632024E363039322D46414854D5
06-27-2025 03:58:25.997,355,RECV,7E000F8100042B024E343039332D54424D31EE
06-27-2025 03:58:25.997,356,RECV,7E000F81000734024E373039322D545A4254B0
06-27-2025 03:58:25.997,357,RECV,7E000F81000831024E383039332D584C544FAD
06-27-2025 03:58:26.042,358,RECV,7E000F81000632024E363039332D48444546E0
06-27-2025 03:58:26.042,359,RECV,7E000F8100042B024E343039342D334434457D31
06-27-2025 03:58:26.042,360,RECV,7E000F81000734024E373039332D314D4A48E3
06-27-2025 03:58:26.092,361,RECV,7E000F81000832024E383039342D313643377D31
06-27-2025 03:58:26.142,362,RECV,7E000F81000632024E363039342D544F304FD4
06-27-2025 03:58:26.150,363,RECV,7E000F8100042B024E343039352D484D5942D0
06-27-2025 03:58:26.150,364,RECV,7E000F81000734024E373039342D394B324BF1
06-27-2025 03:58:26.150,365,RECV,7E000F81000832024E383039352D455A4F4FB4
06-27-2025 03:58:26.242,366,RECV,7E000F81000632024E363039352D4A424435F0
06-27-2025 03:58:26.242,367,RECV,7E000F8100042A024E343039362D44504948DB
06-27-2025 03:58:26.243,368,RECV,7E000F81000734024E373039352D3441323218
06-27-2025 03:58:26.243,369,RECV,7E000F81000832024E383039362D54364548D9
06-27-2025 03:58:26.292,370,RECV,7E000F81000631024E363039362D54573752C1
06-27-2025 03:58:26.299,371,RECV,7E000F8100042B024E343039372D55533837E7
06-27-2025 03:58:26.300,372,RECV,7E000F81000734024E373039362D50314C31F2
06-27-2025 03:58:26.300,373,RECV,7E000F81000832024E383039372D51464E4BBF
06-27-2025 03:58:26.393,374,RECV,7E000F81000632024E363039372D53343059E3
06-27-2025 03:58:26.393,375,RECV,7E000F8100042B024E343039382D495A4F54B7
06-27-2025 03:58:26.393,376,RECV,7E000F81000734024E373039372D314C3548F5
06-27-2025 03:58:26.393,377,RECV,7E000F81000832024E383039382D38445349D6
06-27-2025 03:58:26.443,378,RECV,7E000F81000632024E363039382D4B463841E8
06-27-2025 03:58:26.452,379,RECV,7E000F8100042B024E343039392D3235504BFA
06-27-2025 03:58:26.493,380,RECV,7E000F81000733024E373039382D39415039EC
06-27-2025 03:58:26.493,381,RECV,7E000F81000832024E383039392D5053365ABA
06-27-2025 03:58:26.543,382,RECV,7E000F81000632024E363039392D4D4F475AB4
06-27-2025 03:58:26.543,383,RECV,7E000F81000734024E373039392D5432554DC5
