06-10-2025 18:59:33.198,-,API2,"Sink 1,0013A20041839DB1,802.15.4 TH,2003,/dev/ttyUSB0 - 57600/8/M/1/N,1,46"

06-10-2025 18:59:17.452,0,RECV,7E000F81000420024E343030302D5256343508
06-10-2025 18:59:17.453,1,RECV,7E000F81000630024E363030302D5A4F5851B3
06-10-2025 18:59:17.454,2,RECV,7E000F8100073B024E373030302D39564E4CCF
06-10-2025 18:59:17.454,3,RECV,7E000F8100031A024E333030302D33535356F2
06-10-2025 18:59:17.454,4,RECV,7E000F81000536024E353030302D56495839D1
06-10-2025 18:59:17.502,5,RECV,7E000F81000420024E343030312D4230574609
06-10-2025 18:59:17.506,6,RECV,7E000F81000630024E363030312D4C30393619
06-10-2025 18:59:17.506,7,RECV,7E000F8100031A024E333030312D5443484CF5
06-10-2025 18:59:17.507,8,RECV,7E000F8100073C024E373030312D59584B59A1
06-10-2025 18:59:17.552,9,RECV,7E000F81000835024E383030322D48534746D2
06-10-2025 18:59:17.553,10,RECV,7E000F81000420024E343030322D33424D427D33
06-10-2025 18:59:17.553,11,RECV,7E000F81000630024E363030322D4D3333341C
06-10-2025 18:59:17.553,12,RECV,7E000F81000536024E353030322D53505A48BA
06-10-2025 18:59:17.553,13,RECV,7E000F8100031A024E333030322D503751380F
06-10-2025 18:59:17.553,14,RECV,7E000F81000834024E383030332D54594F37C7
06-10-2025 18:59:17.554,15,RECV,7E000F81000420024E343030332D36564C55E9
06-10-2025 18:59:17.558,16,RECV,7E000F81000630024E363030332D395A474FD9
06-10-2025 18:59:17.559,17,RECV,7E000F8100031A024E333030332D54535457CC
06-10-2025 18:59:17.602,18,RECV,7E000F81000835024E383030342D56423736F3
06-10-2025 18:59:17.621,19,RECV,7E000F81000420024E343030342D333452510B
06-10-2025 18:59:17.621,20,RECV,7E000F8100031A024E333030342D364C4E410C
06-10-2025 18:59:17.621,21,RECV,7E000F81000835024E383030352D585A3554BC
06-10-2025 18:59:17.621,22,RECV,7E000F81000420024E343030352D313838442F
06-10-2025 18:59:17.622,23,RECV,7E000F8100031A024E333030352D4150424702
06-10-2025 18:59:17.652,24,RECV,7E000F81000835024E383030362D59385A30DB
06-10-2025 18:59:17.652,25,RECV,7E000F81000420024E343030362D594E3836FE
06-10-2025 18:59:17.652,26,RECV,7E000F8100031A024E333030362D514C4558E1
06-10-2025 18:59:17.653,27,RECV,7E000F81000834024E383030372D304A5530F7
06-10-2025 18:59:17.653,28,RECV,7E000F81000420024E343030372D48524F4BDE
06-10-2025 18:59:17.653,29,RECV,7E000F8100031A024E333030372D59465853D0
06-10-2025 18:59:17.703,30,RECV,7E000F81000420024E343030382D4D4332410E
06-10-2025 18:59:17.706,31,RECV,7E000F8100031A024E333030382D334E444212
06-10-2025 18:59:17.706,32,RECV,7E000F81000834024E383030392D4752484EC5
06-10-2025 18:59:17.724,33,RECV,7E000F81000420024E343030392D52585642CE
06-10-2025 18:59:17.724,34,RECV,7E000F8100031A024E333030392D4B565431F2
06-10-2025 18:59:17.753,35,RECV,7E000F81000834024E383031302D454C3451E6
06-10-2025 18:59:17.769,36,RECV,7E000F81000420024E343031302D3336364F2A
06-10-2025 18:59:17.769,37,RECV,7E000F81000536024E353031302D433834321F
06-10-2025 18:59:17.770,38,RECV,7E000F8100031A024E333031302D5134354B1B
06-10-2025 18:59:17.803,39,RECV,7E000F81000834024E383031312D4141433303
06-10-2025 18:59:17.803,40,RECV,7E000F81000420024E343031312D4A475647E9
06-10-2025 18:59:17.803,41,RECV,7E000F81000536024E353031312D364A5250DD
06-10-2025 18:59:17.803,42,RECV,7E000F8100031A024E333031312D334E4A3321
06-10-2025 18:59:17.803,43,RECV,7E000F81000834024E383031322D31474E3202
06-10-2025 18:59:17.803,44,RECV,7E000F81000420024E343031322D32444D3320
06-10-2025 18:59:17.853,45,RECV,7E000F81000535024E353031322D53465648C8
06-10-2025 18:59:17.853,46,RECV,7E000F8100031A024E333031322D304B35323C
06-10-2025 18:59:17.853,47,RECV,7E000F81000834024E383031332D56314239F7
06-10-2025 18:59:17.854,48,RECV,7E000F81000420024E343031332D57454D5AD2
06-10-2025 18:59:17.854,49,RECV,7E000F81000535024E353031332D52483355DC
06-10-2025 18:59:17.854,50,RECV,7E000F8100031A024E333031332D3457395AFF
06-10-2025 18:59:17.903,51,RECV,7E000F81000834024E383031342D35575143D8
06-10-2025 18:59:17.924,52,RECV,7E000F81000420024E343031342D4950463500
06-10-2025 18:59:17.925,53,RECV,7E000F81000535024E353031342D524A4A49CE
06-10-2025 18:59:17.925,54,RECV,7E000F8100031A024E333031342D4359304B05
06-10-2025 18:59:17.925,55,RECV,7E000F81000834024E383031352D4B385848D4
06-10-2025 18:59:17.925,56,RECV,7E000F81000420024E343031352D4351364AFF
06-10-2025 18:59:17.953,57,RECV,7E000F81000535024E353031352D4E343744FF
06-10-2025 18:59:17.953,58,RECV,7E000F8100031A024E333031352D304246570C
06-10-2025 18:59:17.953,59,RECV,7E000F81000834024E383031362D35543539FF
06-10-2025 18:59:17.953,60,RECV,7E000F81000420024E343031362D4530484A0B
06-10-2025 18:59:17.954,61,RECV,7E000F81000536024E353031362D44514847D6
06-10-2025 18:59:17.954,62,RECV,7E000F8100073B024E373031362D42594158BD
06-10-2025 18:59:17.954,63,RECV,7E000F8100031A024E333031362D354D325214
06-10-2025 18:59:17.954,64,RECV,7E000F81000834024E383031372D4957384AD3
06-10-2025 18:59:17.954,65,RECV,7E000F81000420024E343031372D3544334E17
06-10-2025 18:59:18.004,66,RECV,7E000F81000535024E353031372D374E4D47E1
06-10-2025 18:59:18.009,67,RECV,7E000F8100073B024E373031372D31474633FF
06-10-2025 18:59:18.009,68,RECV,7E000F8100062F024E363031372D584B5648BD
06-10-2025 18:59:18.009,69,RECV,7E000F8100031A024E333031372D59394554EE
06-10-2025 18:59:18.009,70,RECV,7E000F81000834024E383031382D59534D4EAD
06-10-2025 18:59:18.010,71,RECV,7E000F81000420024E343031382D3935384426
06-10-2025 18:59:18.010,72,RECV,7E000F81000535024E353031382D56485956AC
06-10-2025 18:59:18.010,73,RECV,7E000F8100073B024E373031382D42424130FA
06-10-2025 18:59:18.010,74,RECV,7E000F8100031A024E333031382D533433441A
06-10-2025 18:59:18.016,75,RECV,7E000F81000834024E383031392D34325053EA
06-10-2025 18:59:18.016,76,RECV,7E000F81000420024E343031392D42304D53FD
06-10-2025 18:59:18.054,77,RECV,7E000F81000536024E353031392D4838594DD1
06-10-2025 18:59:18.082,78,RECV,7E000F8100073B024E373031392D414F5352B9
06-10-2025 18:59:18.082,79,RECV,7E000F81000630024E363031392D50475738D5
06-10-2025 18:59:18.093,80,RECV,7E000F8100031A024E333031392D324C4C4409
06-10-2025 18:59:18.093,81,RECV,7E000F81000834024E383032302D38504738F4
06-10-2025 18:59:18.093,82,RECV,7E000F81000420024E343032302D52594A4BD7
06-10-2025 18:59:18.104,83,RECV,7E000F81000536024E353032302D49495643D4
06-10-2025 18:59:18.105,84,RECV,7E000F8100073B024E373032302D31325344FC
06-10-2025 18:59:18.105,85,RECV,7E000F8100031A024E333032302D53584E59CD
06-10-2025 18:59:18.105,86,RECV,7E000F81000630024E363032302D30574555E2
06-10-2025 18:59:18.105,87,RECV,7E000F81000834024E383032312D4B5A3547D9
06-10-2025 18:59:18.105,88,RECV,7E000F81000420024E343032312D38544652F2
06-10-2025 18:59:18.105,89,RECV,7E000F81000536024E353032312D30324F3419
06-10-2025 18:59:18.105,90,RECV,7E000F8100073B024E373032312D56454950C1
06-10-2025 18:59:18.105,91,RECV,7E000F8100031A024E333032312D4748493016
06-10-2025 18:59:18.105,92,RECV,7E000F81000834024E383032322D4C595841BB
06-10-2025 18:59:18.105,93,RECV,7E000F81000420024E343032322D4A4D30440A
06-10-2025 18:59:18.154,94,RECV,7E000F81000536024E353032322D51545148BF
06-10-2025 18:59:18.156,95,RECV,7E000F8100073B024E373032322D33564D50CE
06-10-2025 18:59:18.156,96,RECV,7E000F8100031A024E333032322D3831593427
06-10-2025 18:59:18.156,97,RECV,7E000F81000834024E383032332D5A355950C0
06-10-2025 18:59:18.156,98,RECV,7E000F81000420024E343032332D49484959E1
06-10-2025 18:59:18.156,99,RECV,7E000F81000535024E353032332D37543757E4
06-10-2025 18:59:18.157,100,RECV,7E000F8100031A024E333032332D50305654F2
06-10-2025 18:59:18.186,101,RECV,7E000F81000834024E383032342D33564D33EE
06-10-2025 18:59:18.189,102,RECV,7E000F81000420024E343032342D5741413109
06-10-2025 18:59:18.193,103,RECV,7E000F81000535024E353032342D4A36434AEF
06-10-2025 18:59:18.247,104,RECV,7E000F8100031E024E333032342D4943524BEE
06-10-2025 18:59:18.247,105,RECV,7E000F81000834024E383032352D46344153E8
06-10-2025 18:59:18.247,106,RECV,7E000F81000420024E343032352D594D5457C1
06-10-2025 18:59:18.254,107,RECV,7E000F81000536024E353032352D30464C46F2
06-10-2025 18:59:18.254,108,RECV,7E000F8100031A024E333032352D5648473401
06-10-2025 18:59:18.254,109,RECV,7E000F81000420024E343032362D51494453E0
06-10-2025 18:59:18.254,110,RECV,7E000F81000535024E353032362D41473453EB
06-10-2025 18:59:18.255,111,RECV,7E000F8100031A024E333032362D344E4556FC
06-10-2025 18:59:18.265,112,RECV,7E000F81000420024E343032372D4230443426
06-10-2025 18:59:18.305,113,RECV,7E000F81000535024E353032372D4F4B4A44D1
06-10-2025 18:59:18.305,114,RECV,7E000F8100062F024E363032372D5744313100
06-10-2025 18:59:18.306,115,RECV,7E000F8100031A024E333032372D36354E352A
06-10-2025 18:59:18.306,116,RECV,7E000F81000420024E343032382D4C36334F0B
06-10-2025 18:59:18.326,117,RECV,7E000F81000535024E353032382D41425339E9
06-10-2025 18:59:18.327,118,RECV,7E000F8100062F024E363032382D534F5336D1
06-10-2025 18:59:18.327,119,RECV,7E000F8100031A024E333032382D4F4C355AED
06-10-2025 18:59:18.327,120,RECV,7E000F81000420024E343032392D5737423707
06-10-2025 18:59:18.355,121,RECV,7E000F81000535024E353032392D52363054EB
06-10-2025 18:59:18.386,122,RECV,7E000F81000834024E383033302D3237444C01
06-10-2025 18:59:18.386,123,RECV,7E000F8100062F024E363032392D5A555648AE
06-10-2025 18:59:18.386,124,RECV,7E000F8100031A024E333032392D494230487D33
06-10-2025 18:59:18.386,125,RECV,7E000F81000420024E343033302D53593246F2
06-10-2025 18:59:18.404,126,RECV,7E000F81000535024E353033302D30555A34EC
06-10-2025 18:59:18.405,127,RECV,7E000F81000834024E383033312D4A4D484AD0
06-10-2025 18:59:18.405,128,RECV,7E000F8100031A024E333033302D4B42544AF3
06-10-2025 18:59:18.405,129,RECV,7E000F81000420024E343033312D59514139F1
06-10-2025 18:59:18.405,130,RECV,7E000F8100073A024E373033312D34554E43DB
06-10-2025 18:59:18.405,131,RECV,7E000F8100062F024E363033312D59345551CF
06-10-2025 18:59:18.425,132,RECV,7E000F8100031A024E333033312D5241384B07
06-10-2025 18:59:18.425,133,RECV,7E000F81000420024E343033322D4A445059DD
06-10-2025 18:59:18.455,134,RECV,7E000F8100062F024E363033322D564E504BC2
06-10-2025 18:59:18.457,135,RECV,7E000F8100031A024E333033322D575A323801
06-10-2025 18:59:18.457,136,RECV,7E000F81000420024E343033332D5732563004
06-10-2025 18:59:18.496,137,RECV,7E000F81000834024E383033342D4C33423500
06-10-2025 18:59:18.496,138,RECV,7E000F8100062F024E363033332D5051474DCB
06-10-2025 18:59:18.497,139,RECV,7E000F8100031A024E333033332D3747354E1A
06-10-2025 18:59:18.497,140,RECV,7E000F81000420024E343033342D474F5033F9
06-10-2025 18:59:18.507,141,RECV,7E000F81000834024E383033352D374C424BE5
06-10-2025 18:59:18.542,142,RECV,7E000F81000535024E353033342D4151394FE1
06-10-2025 18:59:18.542,143,RECV,7E000F8100062F024E363033342D50595233D1
06-10-2025 18:59:18.542,144,RECV,7E000F8100031A024E333033342D453539567D31
06-10-2025 18:59:18.542,145,RECV,7E000F81000420024E343033352D484D4E50DE
06-10-2025 18:59:18.555,146,RECV,7E000F81000834024E383033362D30475257D4
06-10-2025 18:59:18.555,147,RECV,7E000F81000535024E353033352D37325346F8
06-10-2025 18:59:18.555,148,RECV,7E000F8100062F024E363033352D5A59434CBC
06-10-2025 18:59:18.555,149,RECV,7E000F8100031A024E333033352D39304E4E14
06-10-2025 18:59:18.555,150,RECV,7E000F81000420024E343033362D444A5257D9
06-10-2025 18:59:18.605,151,RECV,7E000F81000834024E383033372D54483353D1
06-10-2025 18:59:18.606,152,RECV,7E000F81000535024E353033362D5654564DAC
06-10-2025 18:59:18.606,153,RECV,7E000F8100062F024E363033362D39564550D9
06-10-2025 18:59:18.606,154,RECV,7E000F8100031A024E333033362D4639493818
06-10-2025 18:59:18.607,155,RECV,7E000F81000420024E343033372D3548544AF4
06-10-2025 18:59:18.607,156,RECV,7E000F81000834024E383033382D5648454CC3
06-10-2025 18:59:18.607,157,RECV,7E000F81000535024E353033372D3553393403
06-10-2025 18:59:18.607,158,RECV,7E000F8100062F024E363033372D444A5149D4
06-10-2025 18:59:18.607,159,RECV,7E000F81000420024E343033382D3834574B00
06-10-2025 18:59:18.607,160,RECV,7E000F8100031A024E333033372D32545858E1
06-10-2025 18:59:18.648,161,RECV,7E000F81000833024E383033392D564F3950C4
06-10-2025 18:59:18.648,162,RECV,7E000F81000535024E353033382D52414452CE
06-10-2025 18:59:18.648,163,RECV,7E000F8100062F024E363033382D56413941EA
06-10-2025 18:59:18.649,164,RECV,7E000F81000420024E343033392D4938593201
06-10-2025 18:59:18.649,165,RECV,7E000F8100031A024E333033382D39515259E1
06-10-2025 18:59:18.649,166,RECV,7E000F81000834024E383034302D43534158CA
06-10-2025 18:59:18.649,167,RECV,7E000F81000535024E353033392D52304F53D2
06-10-2025 18:59:18.649,168,RECV,7E000F8100062F024E363033392D59374757CC
06-10-2025 18:59:18.670,169,RECV,7E000F81000420024E343034302D373539313F
06-10-2025 18:59:18.713,170,RECV,7E000F8100031A024E333033392D304D334C19
06-10-2025 18:59:18.713,171,RECV,7E000F81000834024E383034312D3755514FCC
06-10-2025 18:59:18.713,172,RECV,7E000F81000535024E353034302D31475347EC
06-10-2025 18:59:18.713,173,RECV,7E000F8100062F024E363034302D56504250CA
06-10-2025 18:59:18.713,174,RECV,7E000F81000420024E343034312D4C444149FA
06-10-2025 18:59:18.713,175,RECV,7E000F8100031A024E333034302D4339374A20
06-10-2025 18:59:18.713,176,RECV,7E000F81000834024E383034322D453330440B
06-10-2025 18:59:18.755,177,RECV,7E000F81000535024E353034312D41515143D7
06-10-2025 18:59:18.756,178,RECV,7E000F81000420024E343034322D303044313E
06-10-2025 18:59:18.756,179,RECV,7E000F8100031A024E333034312D424236517D31
06-10-2025 18:59:18.756,180,RECV,7E000F81000834024E383034332D5A4E365ABE
06-10-2025 18:59:18.756,181,RECV,7E000F81000535024E353034322D31354F49FE
06-10-2025 18:59:18.756,182,RECV,7E000F81000420024E343034332D4D465758D0
06-10-2025 18:59:18.756,183,RECV,7E000F8100031A024E333034322D4835344228
06-10-2025 18:59:18.806,184,RECV,7E000F81000834024E383034342D3848454AE6
06-10-2025 18:59:18.806,185,RECV,7E000F81000535024E353034332D3154525ACA
06-10-2025 18:59:18.806,186,RECV,7E000F81000420024E343034342D4C3145351A
06-10-2025 18:59:18.806,187,RECV,7E000F8100062E024E363034332D4A46574CCD
06-10-2025 18:59:18.807,188,RECV,7E000F8100031A024E333034332D4C594A33F8
06-10-2025 18:59:18.807,189,RECV,7E000F81000834024E383034352D4C464852C8
06-10-2025 18:59:18.856,190,RECV,7E000F81000535024E353034342D44544D56BF
06-10-2025 18:59:18.856,191,RECV,7E000F81000420024E343034352D5035414BFF
06-10-2025 18:59:18.856,192,RECV,7E000F8100062E024E363034342D52514752C3
06-10-2025 18:59:18.856,193,RECV,7E000F8100031A024E333034342D3649543016
06-10-2025 18:59:18.856,194,RECV,7E000F81000834024E383034362D3530304F0F
06-10-2025 18:59:18.856,195,RECV,7E000F81000534024E353034352D334F4348ED
06-10-2025 18:59:18.856,196,RECV,7E000F81000420024E343034362D414E5A41E5
06-10-2025 18:59:18.856,197,RECV,7E000F8100062E024E363034352D50463358DD
06-10-2025 18:59:18.856,198,RECV,7E000F8100031A024E333034352D4236363436
06-10-2025 18:59:18.856,199,RECV,7E000F81000833024E383034372D53384A41DD
06-10-2025 18:59:18.906,200,RECV,7E000F81000534024E353034362D4B5A3933E8
06-10-2025 18:59:18.906,201,RECV,7E000F81000420024E343034372D51445541E3
06-10-2025 18:59:18.906,202,RECV,7E000F8100062E024E363034362D335A5554C7
06-10-2025 18:59:18.906,203,RECV,7E000F8100031A024E333034362D4B30415605
06-10-2025 18:59:18.906,204,RECV,7E000F81000833024E383034382D4B574248C6
06-10-2025 18:59:18.956,205,RECV,7E000F81000534024E353034372D3239363126
06-10-2025 18:59:18.960,206,RECV,7E000F81000420024E343034382D33464E4EF8
06-10-2025 18:59:18.960,207,RECV,7E000F8100062E024E363034372D4F39464CE2
06-10-2025 18:59:18.960,208,RECV,7E000F8100031A024E333034372D33524959EF
06-10-2025 18:59:18.960,209,RECV,7E000F81000833024E383034392D364F343503
06-10-2025 18:59:18.961,210,RECV,7E000F81000534024E353034382D41394258E3
06-10-2025 18:59:18.961,211,RECV,7E000F81000420024E343034392D49583845EE
06-10-2025 18:59:18.961,212,RECV,7E000F8100062E024E363034382D4E344F31F9
06-10-2025 18:59:19.012,213,RECV,7E000F8100031A024E333034382D574D4B4ED8
06-10-2025 18:59:19.012,214,RECV,7E000F81000833024E383035302D4B464747DA
06-10-2025 18:59:19.012,215,RECV,7E000F81000534024E353034392D47553242E6
06-10-2025 18:59:19.012,216,RECV,7E000F81000420024E343035302D3735323640
06-10-2025 18:59:19.012,217,RECV,7E000F8100062E024E363034392D41435130F5
06-10-2025 18:59:19.012,218,RECV,7E000F8100031A024E333034392D47425655E0
06-10-2025 18:59:19.012,219,RECV,7E000F81000833024E383035312D50523143E2
06-10-2025 18:59:19.012,220,RECV,7E000F81000534024E353035302D5A374230FB
06-10-2025 18:59:19.012,221,RECV,7E000F81000420024E343035312D3735504B0C
06-10-2025 18:59:19.012,222,RECV,7E000F8100062E024E363035302D395332337D31
06-10-2025 18:59:19.012,223,RECV,7E000F8100031A024E333035302D344B314824
06-10-2025 18:59:19.012,224,RECV,7E000F81000833024E383035322D4B534937D9
06-10-2025 18:59:19.056,225,RECV,7E000F81000534024E353035312D56374152DD
06-10-2025 18:59:19.057,226,RECV,7E000F81000420024E343035322D3351473017
06-10-2025 18:59:19.057,227,RECV,7E000F8100062E024E363035312D5947444DD0
06-10-2025 18:59:19.057,228,RECV,7E000F8100031A024E333035312D4D534955DD
06-10-2025 18:59:19.057,229,RECV,7E000F81000833024E383035332D444E4C4ACE
06-10-2025 18:59:19.107,230,RECV,7E000F81000534024E353035322D4C4A454BD6
06-10-2025 18:59:19.109,231,RECV,7E000F81000420024E343035332D38315653FF
06-10-2025 18:59:19.109,232,RECV,7E000F8100062E024E363035322D5352445ABD
06-10-2025 18:59:19.110,233,RECV,7E000F8100031A024E333035322D594E4F34F0
06-10-2025 18:59:19.110,234,RECV,7E000F81000420024E343035342D4F443654F3
06-10-2025 18:59:19.110,235,RECV,7E000F8100062E024E363035332D3143434DFB
06-10-2025 18:59:19.110,236,RECV,7E000F8100031A024E333035332D493856340E
06-10-2025 18:59:19.119,237,RECV,7E000F81000420024E343035352D5835584AE0
06-10-2025 18:59:19.167,238,RECV,7E000F8100062E024E363035342D4F434449DF
06-10-2025 18:59:19.167,239,RECV,7E000F81000832024E383035362D5A345A43C9
06-10-2025 18:59:19.167,240,RECV,7E000F8100031A024E333035342D4149534CEF
06-10-2025 18:59:19.167,241,RECV,7E000F81000420024E343035362D445A393700
06-10-2025 18:59:19.167,242,RECV,7E000F8100062E024E363035352D4134364A08
06-10-2025 18:59:19.168,243,RECV,7E000F81000833024E383035372D454B4F35DE
06-10-2025 18:59:19.170,244,RECV,7E000F8100031A024E333035352D454C473807
06-10-2025 18:59:19.191,245,RECV,7E000F81000420024E343035372D46454944F5
06-10-2025 18:59:19.191,246,RECV,7E000F8100062E024E363035362D304D4551E9
06-10-2025 18:59:19.191,247,RECV,7E000F81000833024E383035382D454C4948CF
06-10-2025 18:59:19.201,248,RECV,7E000F8100031A024E333035362D323933393F
06-10-2025 18:59:19.201,249,RECV,7E000F81000420024E343035382D454A5545E3
06-10-2025 18:59:19.257,250,RECV,7E000F8100062E024E363035372D524B5451B9
06-10-2025 18:59:19.257,251,RECV,7E000F8100031A024E333035372D47544E42EA
06-10-2025 18:59:19.258,252,RECV,7E000F81000420024E343035392D4B37415AEE
06-10-2025 18:59:19.258,253,RECV,7E000F81000534024E353035382D363931391D
06-10-2025 18:59:19.258,254,RECV,7E000F81000832024E383036302D4F465245CD
06-10-2025 18:59:19.258,255,RECV,7E000F8100062E024E363035382D33545158CA
06-10-2025 18:59:19.269,256,RECV,7E000F8100031A024E333035382D3253593204
06-10-2025 18:59:19.276,257,RECV,7E000F81000420024E343036302D395A3656F4
06-10-2025 18:59:19.317,258,RECV,7E000F81000534024E353035392D374D5739E1
06-10-2025 18:59:19.317,259,RECV,7E000F81000833024E383036312D4F4E3446E0
06-10-2025 18:59:19.317,260,RECV,7E000F8100062E024E363035392D3152474AE5
06-10-2025 18:59:19.317,261,RECV,7E000F8100031A024E333035392D50565937DD
06-10-2025 18:59:19.317,262,RECV,7E000F81000420024E343036312D3034554C0D
06-10-2025 18:59:19.318,263,RECV,7E000F81000534024E353036302D47315342F0
06-10-2025 18:59:19.357,264,RECV,7E000F81000833024E383036322D584E5A56A0
06-10-2025 18:59:19.357,265,RECV,7E000F8100073A024E373036302D524F4956B3
06-10-2025 18:59:19.358,266,RECV,7E000F8100062E024E363036302D434A5235ED
06-10-2025 18:59:19.358,267,RECV,7E000F8100031A024E333036302D5153504CDB
06-10-2025 18:59:19.358,268,RECV,7E000F81000420024E343036322D49444744F9
06-10-2025 18:59:19.358,269,RECV,7E000F81000534024E353036312D574C5855AC
06-10-2025 18:59:19.358,270,RECV,7E000F81000833024E383036332D314C5933EC
06-10-2025 18:59:19.358,271,RECV,7E000F8100062E024E363036312D44464A4DDF
06-10-2025 18:59:19.358,272,RECV,7E000F8100031A024E333036312D434F334312
06-10-2025 18:59:19.358,273,RECV,7E000F81000420024E343036332D443734372A
06-10-2025 18:59:19.358,274,RECV,7E000F81000534024E353036322D514A4D45CE
06-10-2025 18:59:19.408,275,RECV,7E000F81000833024E383036342D37335A4EE2
06-10-2025 18:59:19.408,276,RECV,7E000F8100062E024E363036322D4132553007
06-10-2025 18:59:19.408,277,RECV,7E000F8100031A024E333036322D474A4D5AE1
06-10-2025 18:59:19.408,278,RECV,7E000F81000420024E343036342D4E445448E1
06-10-2025 18:59:19.409,279,RECV,7E000F81000534024E353036332D5730364DF0
06-10-2025 18:59:19.409,280,RECV,7E000F81000833024E383036352D4E55504AB6
06-10-2025 18:59:19.409,281,RECV,7E000F8100062E024E363036332D36375A54E3
06-10-2025 18:59:19.409,282,RECV,7E000F8100031A024E333036332D59424546F2
06-10-2025 18:59:19.458,283,RECV,7E000F81000420024E343036352D544A383008
06-10-2025 18:59:19.487,284,RECV,7E000F81000534024E353036342D34344959EF
06-10-2025 18:59:19.487,285,RECV,7E000F81000833024E383036362D4A444A35E5
06-10-2025 18:59:19.487,286,RECV,7E000F8100062E024E363036342D59594653B2
06-10-2025 18:59:19.488,287,RECV,7E000F8100031A024E333036342D46454C3907
06-10-2025 18:59:19.488,288,RECV,7E000F81000420024E343036362D4D5A5653BD
06-10-2025 18:59:19.488,289,RECV,7E000F81000534024E353036352D5A535057A4
06-10-2025 18:59:19.488,290,RECV,7E000F81000833024E383036372D5754584AA4
06-10-2025 18:59:19.508,291,RECV,7E000F8100062E024E363036352D594E4F49BD
06-10-2025 18:59:19.508,292,RECV,7E000F8100031A024E333036352D453243520A
06-10-2025 18:59:19.508,293,RECV,7E000F81000420024E343036372D30535352E4
06-10-2025 18:59:19.508,294,RECV,7E000F81000534024E353036362D56355A4AC8
06-10-2025 18:59:19.508,295,RECV,7E000F81000833024E383036382D59464D38CC
06-10-2025 18:59:19.508,296,RECV,7E000F8100062E024E363036362D554B5753B1
06-10-2025 18:59:19.508,297,RECV,7E000F8100031A024E333036362D504E454DE5
06-10-2025 18:59:19.558,298,RECV,7E000F81000420024E343036382D46555839DF
06-10-2025 18:59:19.558,299,RECV,7E000F81000534024E353036372D4B45375AD5
06-10-2025 18:59:19.559,300,RECV,7E000F81000833024E383036392D58445950AA
06-10-2025 18:59:19.559,301,RECV,7E000F8100062E024E363036372D414C3643F4
06-10-2025 18:59:19.559,302,RECV,7E000F8100031A024E333036372D59454854DA
06-10-2025 18:59:19.559,303,RECV,7E000F81000420024E343036392D4B55475AC9
06-10-2025 18:59:19.559,304,RECV,7E000F81000534024E353036382D3947324FF4
06-10-2025 18:59:19.560,305,RECV,7E000F81000832024E383037302D54563739DE
06-10-2025 18:59:19.608,306,RECV,7E000F8100062E024E363036382D35434958E0
06-10-2025 18:59:19.629,307,RECV,7E000F8100031A024E333036382D3343385015
06-10-2025 18:59:19.629,308,RECV,7E000F81000420024E343037302D4249553002
06-10-2025 18:59:19.629,309,RECV,7E000F81000833024E383037312D41484D32EE
06-10-2025 18:59:19.630,310,RECV,7E000F8100062E024E363036392D4E493457D6
06-10-2025 18:59:19.630,311,RECV,7E000F8100031A024E333036392D554C5641DA
06-10-2025 18:59:19.630,312,RECV,7E000F81000420024E343037312D35535A46E9
06-10-2025 18:59:19.630,313,RECV,7E000F8100062E024E363037302D53335559CC
06-10-2025 18:59:19.630,314,RECV,7E000F8100031A024E333037302D4332495606
06-10-2025 18:59:19.630,315,RECV,7E000F81000420024E343037322D31455652F2
06-10-2025 18:59:19.658,316,RECV,7E000F81000833024E383037332D38525857BB
06-10-2025 18:59:19.658,317,RECV,7E000F81000534024E353037312D43385A4ED8
06-10-2025 18:59:19.658,318,RECV,7E000F8100062E024E363037312D5231324208
06-10-2025 18:59:19.658,319,RECV,7E000F8100031A024E333037312D5A4E3350EE
06-10-2025 18:59:19.659,320,RECV,7E000F81000420024E343037332D494232351D
06-10-2025 18:59:19.679,321,RECV,7E000F81000833024E383037342D5A594957A0
06-10-2025 18:59:19.679,322,RECV,7E000F81000534024E353037322D4E42333304
06-10-2025 18:59:19.699,323,RECV,7E000F8100062E024E363037322D4A364149F4
06-10-2025 18:59:19.699,324,RECV,7E000F8100031A024E333037322D39544A48F9
06-10-2025 18:59:19.700,325,RECV,7E000F81000420024E343037342D4E505854C4
06-10-2025 18:59:19.710,326,RECV,7E000F81000833024E383037352D4F4F3347DA
06-10-2025 18:59:19.710,327,RECV,7E000F81000534024E353037332D384D325AE8
06-10-2025 18:59:19.730,328,RECV,7E000F8100062E024E363037332D594D5939C5
06-10-2025 18:59:19.731,329,RECV,7E000F8100031A024E333037332D59544B55CA
06-10-2025 18:59:19.731,330,RECV,7E000F81000833024E383037362D5530534ECB
06-10-2025 18:59:19.759,331,RECV,7E000F81000534024E353037342D374B344EF4
06-10-2025 18:59:19.800,332,RECV,7E000F8100062E024E363037342D42355649E6
06-10-2025 18:59:19.800,333,RECV,7E000F8100031A024E333037342D5A375450E1
06-10-2025 18:59:19.800,334,RECV,7E000F81000833024E383037372D4136354BF9
06-10-2025 18:59:19.800,335,RECV,7E000F81000534024E353037352D524C4B4EC0
06-10-2025 18:59:19.800,336,RECV,7E000F8100062E024E363037352D46534835E5
06-10-2025 18:59:19.808,337,RECV,7E000F81000420024E343037372D4D494E59CE
06-10-2025 18:59:19.809,338,RECV,7E000F8100031A024E333037352D3250534BF5
06-10-2025 18:59:19.809,339,RECV,7E000F81000833024E383037382D355A4852C6
06-10-2025 18:59:19.809,340,RECV,7E000F81000534024E353037362D49464952CC
06-10-2025 18:59:19.829,341,RECV,7E000F8100062E024E363037362D5755435AB1
06-10-2025 18:59:19.829,342,RECV,7E000F81000420024E343037382D5A4F474FCB
06-10-2025 18:59:19.829,343,RECV,7E000F8100031A024E333037362D4F4A333216
06-10-2025 18:59:19.829,344,RECV,7E000F81000833024E383037392D39523850DB
06-10-2025 18:59:19.829,345,RECV,7E000F81000534024E353037372D53544238D4
06-10-2025 18:59:19.870,346,RECV,7E000F8100062E024E363037372D464D574CC3
06-10-2025 18:59:19.870,347,RECV,7E000F81000420024E343037392D343343342B
06-10-2025 18:59:19.870,348,RECV,7E000F8100031A024E333037372D30444E5AF7
06-10-2025 18:59:19.870,349,RECV,7E000F81000833024E383038302D39355553E0
06-10-2025 18:59:19.870,350,RECV,7E000F81000534024E353037382D3132473515
06-10-2025 18:59:19.909,351,RECV,7E000F8100062E024E363037382D4455334BE1
06-10-2025 18:59:19.944,352,RECV,7E000F81000420024E343038302D45475537F9
06-10-2025 18:59:19.944,353,RECV,7E000F8100031A024E333037382D52435544E4
06-10-2025 18:59:19.945,354,RECV,7E000F81000833024E383038312D51315841DA
06-10-2025 18:59:19.945,355,RECV,7E000F81000534024E353037392D53534C42BF
06-10-2025 18:59:19.945,356,RECV,7E000F8100062E024E363037392D47554B42CE
06-10-2025 18:59:19.945,357,RECV,7E000F81000420024E343038312D434C473703
06-10-2025 18:59:19.945,358,RECV,7E000F8100031A024E333037392D334E473712
06-10-2025 18:59:19.959,359,RECV,7E000F81000534024E353038302D5335414DE5
06-10-2025 18:59:19.966,360,RECV,7E000F8100062E024E363038302D373554340B
06-10-2025 18:59:19.966,361,RECV,7E000F81000420024E343038322D4F334B43FF
06-10-2025 18:59:19.966,362,RECV,7E000F8100031A024E333038302D5335334618
06-10-2025 18:59:19.967,363,RECV,7E000F81000534024E353038312D4A374D4DDF
06-10-2025 18:59:20.009,364,RECV,7E000F8100062E024E363038312D4855484DCC
06-10-2025 18:59:20.011,365,RECV,7E000F81000420024E343038332D33554E39FF
06-10-2025 18:59:20.011,366,RECV,7E000F81000833024E383038342D30545742D5
06-10-2025 18:59:20.011,367,RECV,7E000F8100031A024E333038312D58425349E2
06-10-2025 18:59:20.011,368,RECV,7E000F81000534024E353038322D51365139E8
06-10-2025 18:59:20.011,369,RECV,7E000F8100062E024E363038322D4B444A4BD9
06-10-2025 18:59:20.012,370,RECV,7E000F81000420024E343038342D53464532FD
06-10-2025 18:59:20.012,371,RECV,7E000F81000833024E383038352D3634584AE5
06-10-2025 18:59:20.021,372,RECV,7E000F8100031A024E333038322D3556385202
06-10-2025 18:59:20.023,373,RECV,7E000F81000534024E353038332D4F475030E2
06-10-2025 18:59:20.059,374,RECV,7E000F81000420024E343038352D5057474AD4
06-10-2025 18:59:20.098,375,RECV,7E000F81000833024E383038362D31535458C0
06-10-2025 18:59:20.098,376,RECV,7E000F8100031A024E333038332D334434587D33
06-10-2025 18:59:20.098,377,RECV,7E000F81000534024E353038342D34434D46ED
06-10-2025 18:59:20.098,378,RECV,7E000F81000420024E343038362D315A3357F6
06-10-2025 18:59:20.098,379,RECV,7E000F81000833024E383038372D55473835E6
06-10-2025 18:59:20.098,380,RECV,7E000F8100031A024E333038342D52365141FB
06-10-2025 18:59:20.098,381,RECV,7E000F81000534024E353038352D35585359BD
06-10-2025 18:59:20.109,382,RECV,7E000F81000832024E383038382D54394D49CC
06-10-2025 18:59:20.110,383,RECV,7E000F8100031A024E333038352D465131420A
06-10-2025 18:59:20.110,384,RECV,7E000F81000534024E353038362D46464F4FCB
06-10-2025 18:59:20.160,385,RECV,7E000F81000420024E343038382D4A324F50EE
06-10-2025 18:59:20.160,386,RECV,7E000F8100062E024E363038362D56585353A5
06-10-2025 18:59:20.160,387,RECV,7E000F81000833024E383038392D31305356E3
06-10-2025 18:59:20.160,388,RECV,7E000F8100031A024E333038362D55555152C6
06-10-2025 18:59:20.160,389,RECV,7E000F81000534024E353038372D54575256A1
06-10-2025 18:59:20.210,390,RECV,7E000F81000420024E343038392D4144473606
06-10-2025 18:59:20.252,391,RECV,7E000F8100062E024E363038372D49533252D8
06-10-2025 18:59:20.252,392,RECV,7E000F81000832024E383039302D4D423632FF
06-10-2025 18:59:20.252,393,RECV,7E000F8100031A024E333038372D4C554A42E5
06-10-2025 18:59:20.252,394,RECV,7E000F81000534024E353038382D3037444AFE
06-10-2025 18:59:20.252,395,RECV,7E000F81000420024E343039302D5736305102
06-10-2025 18:59:20.252,396,RECV,7E000F8100062D024E363038382D30525353D0
06-10-2025 18:59:20.252,397,RECV,7E000F8100031A024E333038382D5142323814
06-10-2025 18:59:20.252,398,RECV,7E000F81000534024E353038392D5858524FA1
06-10-2025 18:59:20.260,399,RECV,7E000F81000420024E343039312D5044423009
06-10-2025 18:59:20.260,400,RECV,7E000F81000833024E383039322D39443058EE
06-10-2025 18:59:20.260,401,RECV,7E000F8100062E024E363038392D554B5848B6
06-10-2025 18:59:20.260,402,RECV,7E000F8100031A024E333038392D53454A35F9
06-10-2025 18:59:20.260,403,RECV,7E000F81000534024E353039302D4938414AEE
06-10-2025 18:59:20.260,404,RECV,7E000F81000420024E343039322D3955493601
06-10-2025 18:59:20.260,405,RECV,7E000F81000833024E383039332D59435957A6
06-10-2025 18:59:20.260,406,RECV,7E000F8100062E024E363039302D4836544FDD
06-10-2025 18:59:20.260,407,RECV,7E000F8100031A024E333039302D3249375412
06-10-2025 18:59:20.260,408,RECV,7E000F81000534024E353039312D3455464CDE
06-10-2025 18:59:20.310,409,RECV,7E000F81000420024E343039332D34435446FC
06-10-2025 18:59:20.310,410,RECV,7E000F81000833024E383039342D4C444D38DC
06-10-2025 18:59:20.311,411,RECV,7E000F8100062E024E363039312D4D51334FDD
06-10-2025 18:59:20.311,412,RECV,7E000F8100031A024E333039312D4550584CDE
06-10-2025 18:59:20.311,413,RECV,7E000F81000534024E353039322D414E5734DE
06-10-2025 18:59:20.311,414,RECV,7E000F81000420024E343039342D344F4C59E4
06-10-2025 18:59:20.312,415,RECV,7E000F8100062E024E363039322D49434D4AD9
06-10-2025 18:59:20.342,416,RECV,7E000F8100031A024E333039322D314353321D
06-10-2025 18:59:20.342,417,RECV,7E000F81000534024E353039332D48414B4ED5
06-10-2025 18:59:20.343,418,RECV,7E000F81000420024E343039352D4A42474CEC
06-10-2025 18:59:20.343,419,RECV,7E000F8100062E024E363039332D32374455F9
06-10-2025 18:59:20.363,420,RECV,7E000F8100031A024E333039332D5144304A06
06-10-2025 18:59:20.408,421,RECV,7E000F81000534024E353039342D3759474AD5
06-10-2025 18:59:20.408,422,RECV,7E000F81000420024E343039362D3833443823
06-10-2025 18:59:20.408,423,RECV,7E000F8100062E024E363039342D31325548FA
06-10-2025 18:59:20.408,424,RECV,7E000F8100031A024E333039342D54504146E9
06-10-2025 18:59:20.408,425,RECV,7E000F81000534024E353039352D38524833F0
06-10-2025 18:59:20.408,426,RECV,7E000F81000420024E343039372D505A504CC3
06-10-2025 18:59:20.410,427,RECV,7E000F8100062E024E363039352D31445056DE
06-10-2025 18:59:20.410,428,RECV,7E000F8100031A024E333039352D4F344352FB
06-10-2025 18:59:20.420,429,RECV,7E000F81000534024E353039362D5A454335DD
06-10-2025 18:59:20.427,430,RECV,7E000F81000420024E343039382D424D4339FD
06-10-2025 18:59:20.461,431,RECV,7E000F8100062E024E363039362D50435A4EBD
06-10-2025 18:59:20.461,432,RECV,7E000F8100031A024E333039362D385633450C
06-10-2025 18:59:20.461,433,RECV,7E000F81000534024E353039372D34493558E9
06-10-2025 18:59:20.461,434,RECV,7E000F81000420024E343039392D414E354FF4
06-10-2025 18:59:20.511,435,RECV,7E000F8100062E024E363039372D4C4F4858BC
06-10-2025 18:59:20.511,436,RECV,7E000F8100031A024E333039372D4A594B34EF
06-10-2025 18:59:20.511,437,RECV,7E000F81000534024E353039382D37485641DC
06-10-2025 18:59:20.512,438,RECV,7E000F8100062E024E363039382D47533730F5
06-10-2025 18:59:20.512,439,RECV,7E000F8100031A024E333039382D4938504CF3
06-10-2025 18:59:20.522,440,RECV,7E000F81000534024E353039392D34485A41DA
06-10-2025 18:59:20.558,441,RECV,7E000F8100062E024E363039392D3131514200
06-10-2025 18:59:20.558,442,RECV,7E000F8100031A024E333039392D3634534B07
