06-09-2025 17:44:24.417,-,API2,"Sink 2,0013A20041839DCA,802.15.4 TH,2003,/dev/ttyUSB2 - 57600/8/M/1/N,1,46"

06-09-2025 17:42:52.429,0,RECV,7E000F81000421024E343030302D584639330E
06-09-2025 17:42:52.430,1,RECV,7E000F8100073C024E373030302D575A4144C1
06-09-2025 17:42:52.730,2,RECV,7E000F81000421024E343030312D4643363523
06-09-2025 17:42:52.730,3,RECV,7E000F8100073C024E373030312D5146564FBA
06-09-2025 17:42:52.941,4,RECV,7E000F81000833024E383030322D3336364E0F
06-09-2025 17:42:52.945,5,RECV,7E000F81000421024E343030322D49394E4600
06-09-2025 17:42:52.945,6,RECV,7E000F8100073C024E373030322D354C434DE4
06-09-2025 17:42:53.182,7,RECV,7E000F81000833024E383030332D4C524858BD
06-09-2025 17:42:53.182,8,RECV,7E000F81000421024E343030332D53555441D8
06-09-2025 17:42:53.192,9,RECV,7E000F8100073C024E373030332D565453599E
06-09-2025 17:42:53.432,10,RECV,7E000F81000833024E383030342D35484F55D9
06-09-2025 17:42:53.433,11,RECV,7E000F81000421024E343030342D3133563426
06-09-2025 17:42:53.433,12,RECV,7E000F8100073B024E373030342D514F5547B8
06-09-2025 17:42:53.693,13,RECV,7E000F81000832024E383030352D49534A52C2
06-09-2025 17:42:53.694,14,RECV,7E000F81000421024E343030352D4D4B5556D0
06-09-2025 17:42:53.694,15,RECV,7E000F8100073C024E373030352D34555438DD
06-09-2025 17:42:53.934,16,RECV,7E000F81000833024E383030362D3737423018
06-09-2025 17:42:53.934,17,RECV,7E000F81000421024E343030362D4846504DE7
06-09-2025 17:42:53.984,18,RECV,7E000F8100073C024E373030362D36594C56C0
06-09-2025 17:42:54.185,19,RECV,7E000F81000833024E383030372D54345838DF
06-09-2025 17:42:54.185,20,RECV,7E000F81000421024E343030372D355A4B57E0
06-09-2025 17:42:54.205,21,RECV,7E000F8100073C024E373030372D3843393705
06-09-2025 17:42:54.445,22,RECV,7E000F81000833024E383030382D35594A51CD
06-09-2025 17:42:54.446,23,RECV,7E000F81000421024E343030382D58564C33E3
06-09-2025 17:42:54.446,24,RECV,7E000F8100073C024E373030382D44554536DB
06-09-2025 17:42:54.686,25,RECV,7E000F81000833024E383030392D45445A4FC3
06-09-2025 17:42:54.686,26,RECV,7E000F81000421024E343030392D58465151CF
06-09-2025 17:42:54.736,27,RECV,7E000F8100073D024E373030392D42473437F9
06-09-2025 17:42:54.937,28,RECV,7E000F81000833024E383031302D5230423504
06-09-2025 17:42:54.937,29,RECV,7E000F81000421024E343031302D464E393812
06-09-2025 17:42:54.987,30,RECV,7E000F8100073C024E373031302D44515953B5
06-09-2025 17:42:55.187,31,RECV,7E000F81000833024E383031312D3632544EF2
06-09-2025 17:42:55.237,32,RECV,7E000F81000421024E343031312D3841524803
06-09-2025 17:42:55.238,33,RECV,7E000F8100073D024E373031312D4232554BE0
06-09-2025 17:42:55.438,34,RECV,7E000F81000834024E383031322D3934314D0F
06-09-2025 17:42:55.448,35,RECV,7E000F81000421024E343031322D383448540D
06-09-2025 17:42:55.449,36,RECV,7E000F8100073D024E373031322D4A315944DB
06-09-2025 17:42:55.689,37,RECV,7E000F81000834024E383031332D445A4858BB
06-09-2025 17:42:55.694,38,RECV,7E000F81000421024E343031332D42435041FE
06-09-2025 17:42:55.739,39,RECV,7E000F8100073D024E373031332D42435A42D1
06-09-2025 17:42:55.939,40,RECV,7E000F81000834024E383031342D4C4D444AD1
06-09-2025 17:42:55.989,41,RECV,7E000F81000422024E343031342D5A484153DC
06-09-2025 17:42:55.993,42,RECV,7E000F8100073D024E373031342D51344553D4
06-09-2025 17:42:56.190,43,RECV,7E000F81000834024E383031352D38594C51C9
06-09-2025 17:42:56.200,44,RECV,7E000F81000421024E343031352D514A383906
06-09-2025 17:42:56.201,45,RECV,7E000F8100073E024E373031352D46484D44D0
06-09-2025 17:42:56.440,46,RECV,7E000F81000835024E383031362D5541374DDB
06-09-2025 17:42:56.440,47,RECV,7E000F81000422024E343031362D49504852DD
06-09-2025 17:42:56.491,48,RECV,7E000F8100073D024E373031362D4F594D4BAF
06-09-2025 17:42:56.691,49,RECV,7E000F81000835024E383031372D57525A33BE
06-09-2025 17:42:56.741,50,RECV,7E000F81000421024E343031372D5A55544EBF
06-09-2025 17:42:56.743,51,RECV,7E000F8100073E024E373031372D59535A4F98
06-09-2025 17:42:56.942,52,RECV,7E000F81000836024E383031382D325A594BC2
06-09-2025 17:42:56.952,53,RECV,7E000F81000422024E343031382D31524753F1
06-09-2025 17:42:56.992,54,RECV,7E000F8100073E024E373031382D4F564C47B4
06-09-2025 17:42:57.192,55,RECV,7E000F81000834024E383031392D42493241F5
06-09-2025 17:42:57.193,56,RECV,7E000F81000421024E343031392D4A544B45E0
06-09-2025 17:42:57.243,57,RECV,7E000F8100073E024E373031392D43415657BA
06-09-2025 17:42:57.443,58,RECV,7E000F81000835024E383032302D4C43373004
06-09-2025 17:42:57.494,59,RECV,7E000F81000421024E343032302D3341504210
06-09-2025 17:42:57.494,60,RECV,7E000F8100073D024E373032302D4B4A5842C5
06-09-2025 17:42:57.694,61,RECV,7E000F81000835024E383032312D32584B46DE
06-09-2025 17:42:57.705,62,RECV,7E000F81000422024E343032312D53474A4DE3
06-09-2025 17:42:57.744,63,RECV,7E000F8100073E024E373032312D46575043C2
06-09-2025 17:42:57.945,64,RECV,7E000F81000836024E383032322D4B434B31ED
06-09-2025 17:42:57.945,65,RECV,7E000F81000421024E343032322D374E334517
06-09-2025 17:42:57.995,66,RECV,7E000F8100073F024E373032322D4A314D55D3
06-09-2025 17:42:58.196,67,RECV,7E000F81000836024E383032332D45575332D5
06-09-2025 17:42:58.246,68,RECV,7E000F81000421024E343032332D47335550F4
06-09-2025 17:42:58.246,69,RECV,7E000F8100073E024E373032332D4F314539F2
06-09-2025 17:42:58.447,70,RECV,7E000F81000836024E383032342D58533254C4
06-09-2025 17:42:58.457,71,RECV,7E000F81000421024E343032342D49434A42FA
06-09-2025 17:42:58.497,72,RECV,7E000F8100073F024E373032342D534D5352A9
06-09-2025 17:42:58.697,73,RECV,7E000F81000836024E383032352D434B4456CC
06-09-2025 17:42:58.697,74,RECV,7E000F81000421024E343032352D424F334D00
06-09-2025 17:42:58.747,75,RECV,7E000F8100073F024E373032352D45324B52D9
06-09-2025 17:42:58.948,76,RECV,7E000F81000836024E383032362D4D394A45DE
06-09-2025 17:42:58.948,77,RECV,7E000F81000421024E343032362D30475853EE
06-09-2025 17:42:58.998,78,RECV,7E000F81000740024E373032362D31484453DB
06-09-2025 17:42:59.199,79,RECV,7E000F81000836024E383032372D494B4538E1
06-09-2025 17:42:59.249,80,RECV,7E000F81000421024E343032372D50534E4AD4
06-09-2025 17:42:59.249,81,RECV,7E000F8100073F024E373032372D33464637F5
06-09-2025 17:42:59.449,82,RECV,7E000F81000837024E383032382D56554F41B5
06-09-2025 17:42:59.450,83,RECV,7E000F81000421024E343032382D5241554ADC
06-09-2025 17:42:59.500,84,RECV,7E000F8100073F024E373032382D4C33394AE8
06-09-2025 17:42:59.701,85,RECV,7E000F81000836024E383032392D59474B4ABB
06-09-2025 17:42:59.701,86,RECV,7E000F81000421024E343032392D54595931D6
06-09-2025 17:42:59.751,87,RECV,7E000F81000740024E373032392D59373543E0
06-09-2025 17:42:59.951,88,RECV,7E000F81000836024E383033302D54574D30D0
06-09-2025 17:43:00.002,89,RECV,7E000F81000421024E343033302D3736475110
06-09-2025 17:43:00.002,90,RECV,7E000F81000740024E373033302D4E465041CB
06-09-2025 17:43:00.202,91,RECV,7E000F81000836024E383033312D30474C38FC
06-09-2025 17:43:00.212,92,RECV,7E000F81000421024E343033312D55555549CC
06-09-2025 17:43:00.252,93,RECV,7E000F8100073F024E373033312D4D37544FC9
06-09-2025 17:43:00.453,94,RECV,7E000F81000836024E383033322D52345150CF
06-09-2025 17:43:00.453,95,RECV,7E000F81000421024E343033322D374F5755E1
06-09-2025 17:43:00.503,96,RECV,7E000F8100073F024E373033322D38504150D6
06-09-2025 17:43:00.703,97,RECV,7E000F81000836024E383033332D31365652E6
06-09-2025 17:43:00.753,98,RECV,7E000F81000421024E343033332D4937443915
06-09-2025 17:43:00.754,99,RECV,7E000F8100073F024E373033332D4C4F4158BA
06-09-2025 17:43:00.954,100,RECV,7E000F81000836024E383033342D35465230F7
06-09-2025 17:43:00.964,101,RECV,7E000F81000421024E343033342D56375446EA
06-09-2025 17:43:01.004,102,RECV,7E000F81000740024E373033342D325A3653D7
06-09-2025 17:43:01.205,103,RECV,7E000F81000835024E383033352D514C4C4AC1
06-09-2025 17:43:01.205,104,RECV,7E000F81000421024E343033352D4A34434A05
06-09-2025 17:43:01.255,105,RECV,7E000F8100073F024E373033352D58524444BA
06-09-2025 17:43:01.455,106,RECV,7E000F81000836024E383033362D48545059AD
06-09-2025 17:43:01.506,107,RECV,7E000F81000421024E343033362D4235523115
06-09-2025 17:43:01.516,108,RECV,7E000F8100073F024E373033362D31344459E9
06-09-2025 17:43:01.706,109,RECV,7E000F81000836024E383033372D50453349E0
06-09-2025 17:43:01.716,110,RECV,7E000F81000421024E343033372D58533344EC
06-09-2025 17:43:01.756,111,RECV,7E000F8100073F024E373033372D4E56304FC7
06-09-2025 17:43:01.957,112,RECV,7E000F81000836024E383033382D45473859D3
06-09-2025 17:43:01.960,113,RECV,7E000F81000421024E343033382D5454464AD5
06-09-2025 17:43:02.007,114,RECV,7E000F8100073E024E373033382D314A4E50D1
06-09-2025 17:43:02.207,115,RECV,7E000F81000835024E383033392D53485144C0
06-09-2025 17:43:02.258,116,RECV,7E000F81000421024E343033392D49474A39F9
06-09-2025 17:43:02.260,117,RECV,7E000F8100073F024E373033392D324B4436F1
06-09-2025 17:43:02.458,118,RECV,7E000F81000835024E383034302D34555346D6
06-09-2025 17:43:02.485,119,RECV,7E000F81000421024E343034302D58394B41F7
06-09-2025 17:43:02.508,120,RECV,7E000F8100073D024E373034302D394C4832F3
06-09-2025 17:43:02.709,121,RECV,7E000F81000834024E383034312D58555159A1
06-09-2025 17:43:02.711,122,RECV,7E000F81000421024E343034312D3534504D0D
06-09-2025 17:43:02.759,123,RECV,7E000F8100073D024E373034312D5635464ED2
06-09-2025 17:43:02.959,124,RECV,7E000F81000835024E383034322D53533233EB
06-09-2025 17:43:03.010,125,RECV,7E000F81000421024E343034322D44553944FC
06-09-2025 17:43:03.010,126,RECV,7E000F8100073C024E373034322D41505949BE
06-09-2025 17:43:03.210,127,RECV,7E000F81000834024E383034332D41524A32E7
06-09-2025 17:43:03.239,128,RECV,7E000F81000421024E343034332D4143424407
06-09-2025 17:43:03.260,129,RECV,7E000F8100073E024E373034332D49394C59C7
06-09-2025 17:43:03.461,130,RECV,7E000F81000834024E383034342D4D554B55B3
06-09-2025 17:43:03.461,131,RECV,7E000F81000421024E343034342D4F4B5853CB
06-09-2025 17:43:03.511,132,RECV,7E000F8100073D024E373034342D36474658D3
06-09-2025 17:43:03.712,133,RECV,7E000F81000833024E383034352D394C393304
06-09-2025 17:43:03.762,134,RECV,7E000F81000421024E343034352D3830345A19
06-09-2025 17:43:03.762,135,RECV,7E000F8100073C024E373034352D584E4646BC
06-09-2025 17:43:03.962,136,RECV,7E000F81000833024E383034362D38454C55D6
06-09-2025 17:43:03.973,137,RECV,7E000F81000421024E343034362D4D3532497D31
06-09-2025 17:43:04.022,138,RECV,7E000F8100073D024E373034362D37555A36D0
06-09-2025 17:43:04.213,139,RECV,7E000F81000832024E383034372D5630394EE7
06-09-2025 17:43:04.213,140,RECV,7E000F81000421024E343034372D574A3449EF
06-09-2025 17:43:04.263,141,RECV,7E000F8100073C024E373034372D44395633E6
06-09-2025 17:43:04.464,142,RECV,7E000F81000833024E383034382D57354A42DA
06-09-2025 17:43:04.464,143,RECV,7E000F81000421024E343034382D51315651E3
06-09-2025 17:43:04.514,144,RECV,7E000F8100073D024E373034382D4B5459579B
06-09-2025 17:43:04.715,145,RECV,7E000F81000833024E383034392D51443537F0
06-09-2025 17:43:04.765,146,RECV,7E000F81000421024E343034392D32514E56E4
06-09-2025 17:43:04.815,147,RECV,7E000F8100073C024E373034392D365A4D58B5
06-09-2025 17:43:04.965,148,RECV,7E000F81000833024E383035302D36334C46FE
06-09-2025 17:43:04.965,149,RECV,7E000F81000421024E343035302D3252303926
06-09-2025 17:43:05.026,150,RECV,7E000F8100073C024E373035302D55514D5AA5
06-09-2025 17:43:05.216,151,RECV,7E000F81000832024E383035312D5A394659C7
06-09-2025 17:43:05.220,152,RECV,7E000F81000421024E343035312D4D4A4B39F7
06-09-2025 17:43:05.266,153,RECV,7E000F8100073C024E373035312D4F314745E5
06-09-2025 17:43:05.467,154,RECV,7E000F81000833024E383035322D51364B38ED
06-09-2025 17:43:05.517,155,RECV,7E000F81000421024E343035322D4E564648DF
06-09-2025 17:43:05.567,156,RECV,7E000F8100073C024E373035322D574B4D30D1
06-09-2025 17:43:05.717,157,RECV,7E000F81000833024E383035332D38384550F1
06-09-2025 17:43:05.717,158,RECV,7E000F81000421024E343035332D353444590A
06-09-2025 17:43:05.778,159,RECV,7E000F8100073C024E373035332D53435851B0
06-09-2025 17:43:05.968,160,RECV,7E000F81000833024E383035342D57303541F8
06-09-2025 17:43:05.971,161,RECV,7E000F81000421024E343035342D58394F51DE
06-09-2025 17:43:06.018,162,RECV,7E000F8100073B024E373035342D4D46414AD1
06-09-2025 17:43:06.219,163,RECV,7E000F81000832024E383035352D57424436E2
06-09-2025 17:43:06.269,164,RECV,7E000F81000421024E343035352D4158433101
06-09-2025 17:43:06.319,165,RECV,7E000F8100073B024E373035352D5834584FBB
06-09-2025 17:43:06.469,166,RECV,7E000F81000832024E383035362D48544C35D7
06-09-2025 17:43:06.479,167,RECV,7E000F81000421024E343035362D44595330ED
06-09-2025 17:43:06.570,168,RECV,7E000F8100073B024E373035362D4D5A5035C1
06-09-2025 17:43:06.720,169,RECV,7E000F81000832024E383035372D56524632D3
06-09-2025 17:43:06.735,170,RECV,7E000F81000421024E343035372D4A31503110
06-09-2025 17:43:06.791,171,RECV,7E000F8100073B024E373035372D42344556DB
06-09-2025 17:43:06.971,172,RECV,7E000F81000833024E383035382D344F5732E5
06-09-2025 17:43:07.021,173,RECV,7E000F81000421024E343035382D3156493407
06-09-2025 17:43:07.071,174,RECV,7E000F8100073B024E373035382D54304F30E8
06-09-2025 17:43:07.221,175,RECV,7E000F81000831024E383035392D47554C44C6
06-09-2025 17:43:07.231,176,RECV,7E000F81000421024E343035392D564D5358BC
06-09-2025 17:43:07.322,177,RECV,7E000F8100073A024E373035392D36365839EE
06-09-2025 17:43:07.472,178,RECV,7E000F81000831024E383036302D5A324449E1
06-09-2025 17:43:07.506,179,RECV,7E000F81000421024E343036302D4547543200
06-09-2025 17:43:07.572,180,RECV,7E000F8100073A024E373036302D38445034F3
06-09-2025 17:43:07.723,181,RECV,7E000F81000830024E383036312D4D354545EE
06-09-2025 17:43:07.773,182,RECV,7E000F81000421024E343036312D384F544AEC
06-09-2025 17:43:07.823,183,RECV,7E000F8100073A024E373036312D4146584EC5
06-09-2025 17:43:07.973,184,RECV,7E000F81000831024E383036322D50534D4CBC
06-09-2025 17:43:07.983,185,RECV,7E000F81000421024E343036322D57594257C7
06-09-2025 17:43:08.074,186,RECV,7E000F8100073A024E373036322D5A324E59BE
06-09-2025 17:43:08.224,187,RECV,7E000F81000831024E383036332D48584232E3
06-09-2025 17:43:08.258,188,RECV,7E000F81000421024E343036332D37585133FC
06-09-2025 17:43:08.324,189,RECV,7E000F8100073A024E373036332D4554575AA6
06-09-2025 17:43:08.475,190,RECV,7E000F81000833024E383036342D39344358EC
06-09-2025 17:43:08.525,191,RECV,7E000F81000421024E343036342D4B424B55E1
06-09-2025 17:43:08.575,192,RECV,7E000F8100073A024E373036342D395A3431F7
06-09-2025 17:43:08.725,193,RECV,7E000F81000831024E383036352D41343650FA
06-09-2025 17:43:08.735,194,RECV,7E000F81000421024E343036352D46544656D7
06-09-2025 17:43:08.826,195,RECV,7E000F8100073B024E373036352D534A4F50B1
06-09-2025 17:43:08.976,196,RECV,7E000F81000832024E383036362D43344C46EA
06-09-2025 17:43:08.976,197,RECV,7E000F81000421024E343036362D55323353FF
06-09-2025 17:43:09.076,198,RECV,7E000F8100073B024E373036362D37415037ED
06-09-2025 17:43:09.227,199,RECV,7E000F81000831024E383036372D57485948B3
06-09-2025 17:43:09.277,200,RECV,7E000F81000421024E343036372D55483459E1
06-09-2025 17:43:09.327,201,RECV,7E000F81000740024E373036372D5A594C5295
06-09-2025 17:43:09.478,202,RECV,7E000F81000837024E383036382D38444E49D9
06-09-2025 17:43:09.528,203,RECV,7E000F81000421024E343036382D4F5A4D49CB
06-09-2025 17:43:09.578,204,RECV,7E000F81000740024E373036382D4F355A54B3
06-09-2025 17:43:09.728,205,RECV,7E000F81000836024E383036392D465A4C47B9
06-09-2025 17:43:09.729,206,RECV,7E000F81000421024E343036392D303143590C
06-09-2025 17:43:09.828,207,RECV,7E000F81000740024E373036392D4F544E35BE
06-09-2025 17:43:09.979,208,RECV,7E000F81000836024E383037302D584A5752A9
06-09-2025 17:43:10.029,209,RECV,7E000F81000421024E343037302D3245323137
06-09-2025 17:43:10.079,210,RECV,7E000F81000740024E373037302D4E433443E4
06-09-2025 17:43:10.229,211,RECV,7E000F81000836024E383037312D354C4830FA
06-09-2025 17:43:10.279,212,RECV,7E000F81000421024E343037312D52493443FE
06-09-2025 17:43:10.330,213,RECV,7E000F81000740024E373037312D32395757D2
06-09-2025 17:43:10.480,214,RECV,7E000F81000837024E383037322D4F364D43DC
06-09-2025 17:43:10.481,215,RECV,7E000F81000421024E343037322D51545856BC
06-09-2025 17:43:10.580,216,RECV,7E000F81000740024E373037322D52374457C6
06-09-2025 17:43:10.731,217,RECV,7E000F81000836024E383037332D57495A35C2
06-09-2025 17:43:10.781,218,RECV,7E000F81000421024E343037332D37434D4304
06-09-2025 17:43:10.831,219,RECV,7E000F81000741024E373037332D463230350B
06-09-2025 17:43:10.982,220,RECV,7E000F81000834024E383037342D3259334DE7
06-09-2025 17:43:11.031,221,RECV,7E000F81000421024E343037342D30385356FC
06-09-2025 17:43:11.082,222,RECV,7E000F8100073D024E373037342D43544F47BE
06-09-2025 17:43:11.232,223,RECV,7E000F81000832024E383037352D4F465834D2
06-09-2025 17:43:11.233,224,RECV,7E000F81000421024E343037352D34505241F5
06-09-2025 17:43:11.332,225,RECV,7E000F8100073B024E373037352D30555052C5
06-09-2025 17:43:11.483,226,RECV,7E000F81000831024E383037362D4E45534EBF
06-09-2025 17:43:11.483,227,RECV,7E000F81000421024E343037362D323141567D31
06-09-2025 17:43:11.583,228,RECV,7E000F8100073A024E373037362D34484631F9
06-09-2025 17:43:11.733,229,RECV,7E000F81000832024E383037372D56473531EE
06-09-2025 17:43:11.783,230,RECV,7E000F81000421024E343037372D4C385645EB
06-09-2025 17:43:11.834,231,RECV,7E000F8100073C024E373037372D414F4E31DA
06-09-2025 17:43:11.984,232,RECV,7E000F81000832024E383037382D43414457D1
06-09-2025 17:43:11.995,233,RECV,7E000F81000421024E343037382D434B4C4AE5
06-09-2025 17:43:12.084,234,RECV,7E000F8100073C024E373037382D384B3356DC
06-09-2025 17:43:12.235,235,RECV,7E000F81000832024E383037392D49584131DC
06-09-2025 17:43:12.235,236,RECV,7E000F81000421024E343037392D54545534D7
06-09-2025 17:43:12.335,237,RECV,7E000F8100073C024E373037392D4D554437CA
06-09-2025 17:43:12.485,238,RECV,7E000F81000833024E383038302D51524F46BE
06-09-2025 17:43:12.535,239,RECV,7E000F81000421024E343038302D4D354B45FE
06-09-2025 17:43:12.586,240,RECV,7E000F8100073C024E373038302D3339364C01
06-09-2025 17:43:12.736,241,RECV,7E000F81000832024E383038312D5A5A3851B9
06-09-2025 17:43:12.746,242,RECV,7E000F81000421024E343038312D4636484803
06-09-2025 17:43:12.837,243,RECV,7E000F8100073C024E373038312D3650323600
06-09-2025 17:43:12.987,244,RECV,7E000F81000833024E383038322D37523345F3
06-09-2025 17:43:12.988,245,RECV,7E000F81000421024E343038322D43354E51F7
06-09-2025 17:43:13.087,246,RECV,7E000F8100073C024E373038322D4C425336D6
06-09-2025 17:43:13.237,247,RECV,7E000F81000832024E383038332D4336584AD9
06-09-2025 17:43:13.287,248,RECV,7E000F81000421024E343038332D5739534DDD
06-09-2025 17:43:13.337,249,RECV,7E000F8100073D024E373038332D56433757C4
06-09-2025 17:43:13.488,250,RECV,7E000F81000834024E383038342D4F4D5138CC
06-09-2025 17:43:13.498,251,RECV,7E000F81000421024E343038342D57384742F4
06-09-2025 17:43:13.588,252,RECV,7E000F8100073D024E373038342D51534152B3
06-09-2025 17:43:13.739,253,RECV,7E000F81000832024E383038352D4C534D5AAC
06-09-2025 17:43:13.746,254,RECV,7E000F81000421024E343038352D4644465AE1
06-09-2025 17:43:13.839,255,RECV,7E000F8100073C024E373038352D4B524B44BE
06-09-2025 17:43:13.989,256,RECV,7E000F81000833024E383038362D464A4230EE
06-09-2025 17:43:14.039,257,RECV,7E000F81000421024E343038362D44474F51DF
06-09-2025 17:43:14.089,258,RECV,7E000F8100073C024E373038362D454C4F33D6
06-09-2025 17:43:14.240,259,RECV,7E000F81000833024E383038372D38524752CC
06-09-2025 17:43:14.250,260,RECV,7E000F81000421024E343038372D53524445DB
06-09-2025 17:43:14.340,261,RECV,7E000F8100073C024E373038372D4530444BE4
06-09-2025 17:43:14.490,262,RECV,7E000F81000833024E383038382D56344951CA
06-09-2025 17:43:14.513,263,RECV,7E000F81000421024E343038382D47475557CE
06-09-2025 17:43:14.590,264,RECV,7E000F8100073C024E373038382D345A5445C0
06-09-2025 17:43:14.742,265,RECV,7E000F81000833024E383038392D535658509C
06-09-2025 17:43:14.792,266,RECV,7E000F81000421024E343038392D4B30544BED
06-09-2025 17:43:14.842,267,RECV,7E000F8100073C024E373038392D4C47474AC2
06-09-2025 17:43:14.993,268,RECV,7E000F81000833024E383039302D5A304459CE
06-09-2025 17:43:15.043,269,RECV,7E000F81000421024E343039302D43565A45D7
06-09-2025 17:43:15.099,270,RECV,7E000F8100073D024E373039302D35385036FA
06-09-2025 17:43:15.209,271,RECV,7E000F81000833024E383039312D33465652D3
06-09-2025 17:43:15.249,272,RECV,7E000F81000421024E343039312D55425350D4
06-09-2025 17:43:15.349,273,RECV,7E000F8100073C024E373039312D44453839F3
06-09-2025 17:43:15.449,274,RECV,7E000F81000834024E383039322D35535535E0
06-09-2025 17:43:15.500,275,RECV,7E000F81000421024E343039322D38304F4D09
06-09-2025 17:43:15.600,276,RECV,7E000F8100073D024E373039322D5433514FC4
06-09-2025 17:43:15.750,277,RECV,7E000F81000833024E383039332D46394559D5
06-09-2025 17:43:15.801,278,RECV,7E000F81000421024E343039332D52344A56E6
06-09-2025 17:43:15.851,279,RECV,7E000F8100073D024E373039332D4F4B5052AE
06-09-2025 17:43:15.961,280,RECV,7E000F81000834024E383039342D39524635EA
06-09-2025 17:43:16.001,281,RECV,7E000F81000421024E343039342D44435643EB
06-09-2025 17:43:16.102,282,RECV,7E000F8100073D024E373039342D50503034E5
06-09-2025 17:43:16.202,283,RECV,7E000F81000834024E383039352D31524833F1
06-09-2025 17:43:16.252,284,RECV,7E000F81000421024E343039352D4637354C0C
06-09-2025 17:43:16.353,285,RECV,7E000F8100073E024E373039352D4F4A3130ED
06-09-2025 17:43:16.503,286,RECV,7E000F81000834024E383039362D4E4C584BB1
06-09-2025 17:43:16.553,287,RECV,7E000F81000421024E343039362D4230504403
06-09-2025 17:43:16.603,288,RECV,7E000F8100073E024E373039362D59303842E3
06-09-2025 17:43:16.714,289,RECV,7E000F81000835024E383039372D4F37464AD6
06-09-2025 17:43:16.764,290,RECV,7E000F81000421024E343039372D49464C33FA
06-09-2025 17:43:16.854,291,RECV,7E000F81000740024E373039372D42505037CA
06-09-2025 17:43:16.954,292,RECV,7E000F81000837024E383039382D55343136F9
06-09-2025 17:43:17.004,293,RECV,7E000F81000421024E343039382D3148494203
06-09-2025 17:43:17.105,294,RECV,7E000F81000740024E373039382D34364355E0
06-09-2025 17:43:17.255,295,RECV,7E000F81000837024E383039392D5853384EB7
06-09-2025 17:43:17.255,296,RECV,7E000F81000421024E343039392D4A355356DE
06-09-2025 17:43:17.355,297,RECV,7E000F8100073F024E373039392D35383944F8
