06-29-2025 17:31:57.363,-,API2,"Sink 2,0013A20041839DCA,802.15.4 TH,2003,/dev/ttyUSB2 - 57600/8/M/1/N,1,46"

06-29-2025 17:31:08.835,0,RECV,7E000F8100042C024E343030302D484E5641E0
06-29-2025 17:31:08.835,1,RECV,7E000F8100031A024E333030302D584E304506
06-29-2025 17:31:08.836,2,RECV,7E000F81000730024E373030302D5639525AC8
06-29-2025 17:31:08.885,3,RECV,7E000F8100031A024E333030312D4C574941F3
06-29-2025 17:31:08.885,4,RECV,7E000F8100042C024E343030322D4E564A47D6
06-29-2025 17:31:08.885,5,RECV,7E000F8100031A024E333030322D43593455FA
06-29-2025 17:31:08.885,6,RECV,7E000F81000830024E383030312D43454D49E2
06-29-2025 17:31:08.885,7,RECV,7E000F81000731024E373030322D36444651EF
06-29-2025 17:31:08.885,8,RECV,7E000F8100042C024E343030332D33444D4501
06-29-2025 17:31:08.905,9,RECV,7E000F8100031A024E333030332D5635385407
06-29-2025 17:31:08.906,10,RECV,7E000F81000830024E383030322D59303942FB
06-29-2025 17:31:08.906,11,RECV,7E000F81000731024E373030332D38525936E6
06-29-2025 17:31:08.935,12,RECV,7E000F8100042C024E343030342D45375944F0
06-29-2025 17:31:08.970,13,RECV,7E000F8100031A024E333030342D49594950E2
06-29-2025 17:31:08.970,14,RECV,7E000F81000830024E383030332D564D5545C1
06-29-2025 17:31:08.970,15,RECV,7E000F81000731024E373030342D41394441FF
06-29-2025 17:31:08.970,16,RECV,7E000F8100042C024E343030352D5A505857AF
06-29-2025 17:31:08.971,17,RECV,7E000F8100031A024E333030352D44424B410A
06-29-2025 17:31:08.971,18,RECV,7E000F81000830024E383030342D5041494AD9
06-29-2025 17:31:08.971,19,RECV,7E000F81000731024E373030352D3752444CE4
06-29-2025 17:31:08.986,20,RECV,7E000F8100042C024E343030362D45374D58E6
06-29-2025 17:31:08.986,21,RECV,7E000F8100031A024E333030362D4F4F4857DE
06-29-2025 17:31:09.036,22,RECV,7E000F81000731024E373030362D57314E4CDA
06-29-2025 17:31:09.036,23,RECV,7E000F8100042C024E343030372D34315A5AED
06-29-2025 17:31:09.036,24,RECV,7E000F8100031A024E333030372D5A534E41DE
06-29-2025 17:31:09.036,25,RECV,7E000F81000730024E373030372D3930464508
06-29-2025 17:31:09.036,26,RECV,7E000F8100042C024E343030382D44484733FF
06-29-2025 17:31:09.085,27,RECV,7E000F8100082F024E383030372D4238564FDC
06-29-2025 17:31:09.118,28,RECV,7E000F8100031A024E333030382D4B32353730
06-29-2025 17:31:09.130,29,RECV,7E000F81000731024E373030382D433642320D
06-29-2025 17:31:09.130,30,RECV,7E000F8100042C024E343030392D434A313412
06-29-2025 17:31:09.131,31,RECV,7E000F8100082F024E383030382D514F5846BC
06-29-2025 17:31:09.131,32,RECV,7E000F8100031A024E333030392D3148343734
06-29-2025 17:31:09.136,33,RECV,7E000F81000730024E373030392D4C345745DE
06-29-2025 17:31:09.136,34,RECV,7E000F8100042C024E343031302D535A3833F4
06-29-2025 17:31:09.136,35,RECV,7E000F8100082F024E383030392D323035570B
06-29-2025 17:31:09.136,36,RECV,7E000F8100031A024E333031302D56435434FF
06-29-2025 17:31:09.136,37,RECV,7E000F81000730024E373031302D584C305AD4
06-29-2025 17:31:09.136,38,RECV,7E000F8100042C024E343031312D3146534DF4
06-29-2025 17:31:09.185,39,RECV,7E000F81000830024E383031302D44514931F1
06-29-2025 17:31:09.185,40,RECV,7E000F8100031A024E333031312D51485749E6
06-29-2025 17:31:09.186,41,RECV,7E000F81000730024E373031312D44454A47E7
06-29-2025 17:31:09.186,42,RECV,7E000F8100042C024E343031322D5A384338FD
06-29-2025 17:31:09.186,43,RECV,7E000F81000830024E383031312D4C32354FFD
06-29-2025 17:31:09.186,44,RECV,7E000F8100031A024E333031322D4F30394D19
06-29-2025 17:31:09.196,45,RECV,7E000F81000731024E373031322D52544743CF
06-29-2025 17:31:09.196,46,RECV,7E000F8100042C024E343031332D564B303008
06-29-2025 17:31:09.206,47,RECV,7E000F8100082F024E383031322D59504432E0
06-29-2025 17:31:09.206,48,RECV,7E000F8100031A024E333031332D5936524DEF
06-29-2025 17:31:09.227,49,RECV,7E000F81000731024E373031332D45494B48DD
06-29-2025 17:31:09.227,50,RECV,7E000F8100042C024E343031342D57444159D3
06-29-2025 17:31:09.237,51,RECV,7E000F81000830024E383031332D55343751EC
06-29-2025 17:31:09.244,52,RECV,7E000F8100031A024E333031342D54425532FF
06-29-2025 17:31:09.257,53,RECV,7E000F81000731024E373031342D31555257CE
06-29-2025 17:31:09.263,54,RECV,7E000F8100042C024E343031352D3453494EE9
06-29-2025 17:31:09.267,55,RECV,7E000F81000830024E383031342D4C525353B8
06-29-2025 17:31:09.268,56,RECV,7E000F8100031A024E333031352D4D583742FD
06-29-2025 17:31:09.268,57,RECV,7E000F81000730024E373031352D30474B3407
06-29-2025 17:31:09.288,58,RECV,7E000F8100042B024E343031362D47565935DC
06-29-2025 17:31:09.294,59,RECV,7E000F81000830024E383031352D50554543CE
06-29-2025 17:31:09.336,60,RECV,7E000F8100031A024E333031362D5845514EDE
06-29-2025 17:31:09.341,61,RECV,7E000F81000730024E373031362D42414155E3
06-29-2025 17:31:09.341,62,RECV,7E000F8100042C024E343031372D31524342FD
06-29-2025 17:31:09.341,63,RECV,7E000F81000831024E383031362D4F495638D3
06-29-2025 17:31:09.342,64,RECV,7E000F8100031A024E333031372D3847413821
06-29-2025 17:31:09.342,65,RECV,7E000F81000730024E373031372D58354343E8
06-29-2025 17:31:09.348,66,RECV,7E000F8100042C024E343031382D4F494634F2
06-29-2025 17:31:09.353,67,RECV,7E000F81000830024E383031372D45493937FB
06-29-2025 17:31:09.386,68,RECV,7E000F8100031A024E333031382D4A594147ED
06-29-2025 17:31:09.425,69,RECV,7E000F81000731024E373031382D3338335803
06-29-2025 17:31:09.445,70,RECV,7E000F8100042B024E343031392D3044435AF3
06-29-2025 17:31:09.445,71,RECV,7E000F81000830024E383031382D45514936E3
06-29-2025 17:31:09.445,72,RECV,7E000F8100031A024E333031392D5144504EE4
06-29-2025 17:31:09.445,73,RECV,7E000F8100042B024E343032302D5242495AD5
06-29-2025 17:31:09.445,74,RECV,7E000F81000830024E383031392D4C494E56BE
06-29-2025 17:31:09.445,75,RECV,7E000F8100031A024E333032302D35534C4B00
06-29-2025 17:31:09.445,76,RECV,7E000F8100042B024E343032312D48534230FE
06-29-2025 17:31:09.486,77,RECV,7E000F81000830024E383032302D53425532E3
06-29-2025 17:31:09.486,78,RECV,7E000F8100031A024E333032312D49455858E0
06-29-2025 17:31:09.486,79,RECV,7E000F8100042C024E343032322D3734345515
06-29-2025 17:31:09.486,80,RECV,7E000F81000730024E373032312D5947564EBC
06-29-2025 17:31:09.486,81,RECV,7E000F81000830024E383032312D30495A44E7
06-29-2025 17:31:09.507,82,RECV,7E000F8100031A024E333032322D47565156D9
06-29-2025 17:31:09.507,83,RECV,7E000F8100042C024E343032332D484D484CDF
06-29-2025 17:31:09.507,84,RECV,7E000F81000730024E373032322D53383441FF
06-29-2025 17:31:09.507,85,RECV,7E000F81000830024E383032322D39344D53F0
06-29-2025 17:31:09.548,86,RECV,7E000F8100031A024E333032332D4A3031422F
06-29-2025 17:31:09.583,87,RECV,7E000F8100042C024E343032342D31584B58DB
06-29-2025 17:31:09.598,88,RECV,7E000F81000730024E373032332D3842395AF1
06-29-2025 17:31:09.598,89,RECV,7E000F81000830024E383032332D55354153DE
06-29-2025 17:31:09.599,90,RECV,7E000F8100031A024E333032342D4239444C10
06-29-2025 17:31:09.599,91,RECV,7E000F8100042C024E343032352D32415150F2
06-29-2025 17:31:09.599,92,RECV,7E000F81000730024E373032342D345A534CD0
06-29-2025 17:31:09.599,93,RECV,7E000F8100082F024E383032342D353733302D
06-29-2025 17:31:09.637,94,RECV,7E000F8100031A024E333032352D4D4731371E
06-29-2025 17:31:09.637,95,RECV,7E000F8100042C024E343032362D4550363208
06-29-2025 17:31:09.637,96,RECV,7E000F81000731024E373032352D4F464848D6
06-29-2025 17:31:09.638,97,RECV,7E000F8100082F024E383032352D3959454ED6
06-29-2025 17:31:09.638,98,RECV,7E000F8100031A024E333032362D555A4831F1
06-29-2025 17:31:09.638,99,RECV,7E000F8100042C024E343032372D5A57544AB5
06-29-2025 17:31:09.638,100,RECV,7E000F81000731024E373032362D5A4F5248B7
06-29-2025 17:31:09.638,101,RECV,7E000F8100082F024E383032362D59374C33EB
06-29-2025 17:31:09.687,102,RECV,7E000F8100031A024E333032372D51595038E6
06-29-2025 17:31:09.687,103,RECV,7E000F8100042C024E343032382D38424756EC
06-29-2025 17:31:09.687,104,RECV,7E000F81000730024E373032372D344C5349DE
06-29-2025 17:31:09.687,105,RECV,7E000F8100082F024E383032372D345A4734F0
06-29-2025 17:31:09.687,106,RECV,7E000F8100031A024E333032382D31474C59FA
06-29-2025 17:31:09.737,107,RECV,7E000F8100031A024E333032392D584F5049D6
06-29-2025 17:31:09.787,108,RECV,7E000F8100031A024E333033302D353633532D
06-29-2025 17:31:09.787,109,RECV,7E000F81000830024E383033302D41555239DD
06-29-2025 17:31:09.787,110,RECV,7E000F81000731024E373033302D4E474F30EB
06-29-2025 17:31:09.787,111,RECV,7E000F8100042B024E343033322D35585334F5
06-29-2025 17:31:09.787,112,RECV,7E000F8100031A024E333033312D4F345259EF
06-29-2025 17:31:09.787,113,RECV,7E000F81000830024E383033312D385A5556C0
06-29-2025 17:31:09.787,114,RECV,7E000F81000731024E373033312D46394559E1
06-29-2025 17:31:09.837,115,RECV,7E000F8100042B024E343033332D4C483047FD
06-29-2025 17:31:09.837,116,RECV,7E000F8100031A024E333033322D545A4542E7
06-29-2025 17:31:09.837,117,RECV,7E000F81000830024E383033322D5A58474FB4
06-29-2025 17:31:09.837,118,RECV,7E000F81000731024E373033322D4E37413106
06-29-2025 17:31:09.887,119,RECV,7E000F8100042C024E343033342D56303654F6
06-29-2025 17:31:09.900,120,RECV,7E000F8100031A024E333033332D523234507D33
06-29-2025 17:31:09.908,121,RECV,7E000F81000830024E383033332D395A4C57C5
06-29-2025 17:31:09.908,122,RECV,7E000F81000731024E373033332D33514547EC
06-29-2025 17:31:09.908,123,RECV,7E000F8100042C024E343033352D334C5839F5
06-29-2025 17:31:09.909,124,RECV,7E000F8100031A024E333033342D4D50434BEF
06-29-2025 17:31:09.909,125,RECV,7E000F81000830024E383033342D54314859D4
06-29-2025 17:31:09.909,126,RECV,7E000F81000730024E373033342D494B3550E3
06-29-2025 17:31:09.937,127,RECV,7E000F8100042C024E343033362D414D3446FC
06-29-2025 17:31:09.937,128,RECV,7E000F8100031A024E333033352D4E4F433108
06-29-2025 17:31:09.937,129,RECV,7E000F81000830024E383033352D5A505138C6
06-29-2025 17:31:09.938,130,RECV,7E000F81000731024E373033352D46543249E5
06-29-2025 17:31:09.938,131,RECV,7E000F8100042B024E343033372D4F39484FE5
06-29-2025 17:31:09.938,132,RECV,7E000F8100031A024E333033362D514A4F45E9
06-29-2025 17:31:09.938,133,RECV,7E000F81000731024E373033362D57535A579E
06-29-2025 17:31:09.958,134,RECV,7E000F8100042C024E343033382D424D34340B
06-29-2025 17:31:09.958,135,RECV,7E000F8100031A024E333033372D4A4B5A4BDD
06-29-2025 17:31:09.979,136,RECV,7E000F81000732024E373033372D5A555447AD
06-29-2025 17:31:09.989,137,RECV,7E000F8100042C024E343033392D4A48383403
06-29-2025 17:31:09.989,138,RECV,7E000F8100031A024E333033382D51384D49F7
06-29-2025 17:31:10.020,139,RECV,7E000F81000732024E373033382D5A334849D8
06-29-2025 17:31:10.039,140,RECV,7E000F8100042C024E343034302D5A32324308
06-29-2025 17:31:10.039,141,RECV,7E000F81000831024E383033392D51533043DD
06-29-2025 17:31:10.039,142,RECV,7E000F8100031A024E333033392D57435136F4
06-29-2025 17:31:10.041,143,RECV,7E000F81000731024E373033392D49533255D3
06-29-2025 17:31:10.041,144,RECV,7E000F8100042C024E343034312D4336583205
06-29-2025 17:31:10.088,145,RECV,7E000F81000830024E383034302D58555448B4
06-29-2025 17:31:10.089,146,RECV,7E000F8100031A024E333034302D37444D3421
06-29-2025 17:31:10.089,147,RECV,7E000F81000731024E373034302D36324156FF
06-29-2025 17:31:10.089,148,RECV,7E000F8100042C024E343034322D4C4E4B31F1
06-29-2025 17:31:10.089,149,RECV,7E000F81000830024E383034312D30565255CF
06-29-2025 17:31:10.089,150,RECV,7E000F8100031A024E333034312D4E47334212
06-29-2025 17:31:10.089,151,RECV,7E000F81000731024E373034312D4652364FE0
06-29-2025 17:31:10.138,152,RECV,7E000F8100042C024E343034332D58555A39C6
06-29-2025 17:31:10.138,153,RECV,7E000F81000830024E383034322D424F3745EE
06-29-2025 17:31:10.138,154,RECV,7E000F8100031A024E333034322D5451305AEC
06-29-2025 17:31:10.138,155,RECV,7E000F81000731024E373034322D3259564FCC
06-29-2025 17:31:10.138,156,RECV,7E000F8100042C024E343034342D43453450F9
06-29-2025 17:31:10.139,157,RECV,7E000F81000830024E383034332D4C544C58B6
06-29-2025 17:31:10.188,158,RECV,7E000F8100031A024E333034332D474D4F44F3
06-29-2025 17:31:10.188,159,RECV,7E000F81000731024E373034332D50443347ED
06-29-2025 17:31:10.188,160,RECV,7E000F8100042C024E343034352D5839393901
06-29-2025 17:31:10.189,161,RECV,7E000F81000832024E383034342D48365353D3
06-29-2025 17:31:10.189,162,RECV,7E000F8100031A024E333034342D4A5A4954D8
06-29-2025 17:31:10.189,163,RECV,7E000F81000731024E373034342D59425643C6
06-29-2025 17:31:10.238,164,RECV,7E000F8100042C024E343034362D58415335E2
06-29-2025 17:31:10.238,165,RECV,7E000F81000830024E383034352D574B3335EE
06-29-2025 17:31:10.238,166,RECV,7E000F8100031A024E333034352D42345A4CFC
06-29-2025 17:31:10.238,167,RECV,7E000F81000731024E373034352D5A313947EE
06-29-2025 17:31:10.238,168,RECV,7E000F8100042C024E343034372D44504935F0
06-29-2025 17:31:10.239,169,RECV,7E000F81000831024E383034362D30555032EF
06-29-2025 17:31:10.249,170,RECV,7E000F8100031A024E333034362D58563142F6
06-29-2025 17:31:10.250,171,RECV,7E000F81000731024E373034362D4C5A474FBC
06-29-2025 17:31:10.259,172,RECV,7E000F8100042B024E343034382D56554C47C4
06-29-2025 17:31:10.259,173,RECV,7E000F81000831024E383034372D344B31380D
06-29-2025 17:31:10.280,174,RECV,7E000F8100031A024E333034372D58474659D8
06-29-2025 17:31:10.280,175,RECV,7E000F81000731024E373034372D4C323850F1
06-29-2025 17:31:10.290,176,RECV,7E000F8100042B024E343034392D3832594FEF
06-29-2025 17:31:10.291,177,RECV,7E000F81000830024E383034382D514A3033F7
06-29-2025 17:31:10.291,178,RECV,7E000F8100031A024E333034382D4A414844FE
06-29-2025 17:31:10.338,179,RECV,7E000F81000731024E373034382D4C504D4EBF
06-29-2025 17:31:10.340,180,RECV,7E000F8100042C024E343035302D58544831E3
06-29-2025 17:31:10.340,181,RECV,7E000F81000830024E383034392D55354345E2
06-29-2025 17:31:10.340,182,RECV,7E000F8100031A024E333034392D3432574116
06-29-2025 17:31:10.340,183,RECV,7E000F81000731024E373034392D42495859B9
06-29-2025 17:31:10.341,184,RECV,7E000F8100042B024E343035312D494C4E4CD9
06-29-2025 17:31:10.359,185,RECV,7E000F81000830024E383035302D373059310B
06-29-2025 17:31:10.379,186,RECV,7E000F8100031A024E333035302D56584B52D1
06-29-2025 17:31:10.389,187,RECV,7E000F81000731024E373035302D5331394EF2
06-29-2025 17:31:10.389,188,RECV,7E000F8100042B024E343035322D54424A44E3
06-29-2025 17:31:10.389,189,RECV,7E000F81000830024E383035312D54484438E3
06-29-2025 17:31:10.389,190,RECV,7E000F8100031A024E333035312D4F455241F4
06-29-2025 17:31:10.439,191,RECV,7E000F81000731024E373035312D37465849DE
06-29-2025 17:31:10.439,192,RECV,7E000F8100042C024E343035332D59535758AA
06-29-2025 17:31:10.439,193,RECV,7E000F81000830024E383035322D315A495ACC
06-29-2025 17:31:10.439,194,RECV,7E000F8100031A024E333035322D3257384712
06-29-2025 17:31:10.439,195,RECV,7E000F81000731024E373035322D47574939DB
06-29-2025 17:31:10.439,196,RECV,7E000F8100042C024E343035342D4E504B55C6
06-29-2025 17:31:10.439,197,RECV,7E000F81000830024E383035332D3556504DD1
06-29-2025 17:31:10.489,198,RECV,7E000F8100031A024E333035332D31544A4505
06-29-2025 17:31:10.489,199,RECV,7E000F81000731024E373035332D444A3559DE
06-29-2025 17:31:10.489,200,RECV,7E000F8100042C024E343035352D4E4D5957B8
06-29-2025 17:31:10.489,201,RECV,7E000F81000830024E383035342D56493038F1
06-29-2025 17:31:10.489,202,RECV,7E000F8100031A024E333035342D42435544FA
06-29-2025 17:31:10.539,203,RECV,7E000F8100042C024E343035362D584F5753B1
06-29-2025 17:31:10.539,204,RECV,7E000F81000831024E383035352D5A354C30EB
06-29-2025 17:31:10.539,205,RECV,7E000F8100031A024E333035352D4B385357EA
06-29-2025 17:31:10.539,206,RECV,7E000F8100042B024E343035372D55335657CD
06-29-2025 17:31:10.539,207,RECV,7E000F81000830024E383035362D41545947C1
06-29-2025 17:31:10.589,208,RECV,7E000F8100031A024E333035362D3134524B14
06-29-2025 17:31:10.589,209,RECV,7E000F8100042C024E343035382D4B545A36D1
06-29-2025 17:31:10.589,210,RECV,7E000F8100031A024E333035372D4336424812
06-29-2025 17:31:10.600,211,RECV,7E000F8100042C024E343035392D4B543046EA
06-29-2025 17:31:10.600,212,RECV,7E000F8100082F024E383035382D3439423214
06-29-2025 17:31:10.639,213,RECV,7E000F8100031A024E333035382D4A564A48E2
06-29-2025 17:31:10.640,214,RECV,7E000F8100042B024E343036302D324C5058E2
06-29-2025 17:31:10.640,215,RECV,7E000F81000830024E383035392D314B303512
06-29-2025 17:31:10.640,216,RECV,7E000F81000731024E373035382D43344B42F1
06-29-2025 17:31:10.690,217,RECV,7E000F8100031A024E333035392D55525A36DC
06-29-2025 17:31:10.690,218,RECV,7E000F8100042B024E343036312D594C4A32E6
06-29-2025 17:31:10.690,219,RECV,7E000F81000732024E373035392D413541300C
06-29-2025 17:31:10.690,220,RECV,7E000F8100031A024E333036302D4B54374FF6
06-29-2025 17:31:10.690,221,RECV,7E000F8100042B024E343036322D3534584500
06-29-2025 17:31:10.691,222,RECV,7E000F81000732024E373036302D3034494608
06-29-2025 17:31:10.740,223,RECV,7E000F8100031A024E333036312D4E384F4104
06-29-2025 17:31:10.740,224,RECV,7E000F8100042B024E343036332D35505634F6
06-29-2025 17:31:10.743,225,RECV,7E000F81000731024E373036312D41434645EC
06-29-2025 17:31:10.743,226,RECV,7E000F8100031A024E333036322D4B515656D1
06-29-2025 17:31:10.743,227,RECV,7E000F8100042C024E343036342D50315541EC
06-29-2025 17:31:10.761,228,RECV,7E000F81000731024E373036322D44435141E1
06-29-2025 17:31:10.795,229,RECV,7E000F8100031A024E333036332D4D41563103
06-29-2025 17:31:10.795,230,RECV,7E000F81000830024E383036342D424A414AE0
06-29-2025 17:31:10.796,231,RECV,7E000F8100042C024E343036352D4E364856E0
06-29-2025 17:31:10.796,232,RECV,7E000F81000731024E373036332D4A4B5641CD
06-29-2025 17:31:10.840,233,RECV,7E000F8100031A024E333036342D45464C45FB
06-29-2025 17:31:10.840,234,RECV,7E000F81000831024E383036352D48563349DB
06-29-2025 17:31:10.840,235,RECV,7E000F8100042C024E343036362D47345532FF
06-29-2025 17:31:10.840,236,RECV,7E000F81000731024E373036342D334E3851EE
06-29-2025 17:31:10.890,237,RECV,7E000F8100031A024E333036352D4C444641FF
06-29-2025 17:31:10.890,238,RECV,7E000F81000831024E383036362D59593357B8
06-29-2025 17:31:10.890,239,RECV,7E000F8100042C024E343036372D48534133F1
06-29-2025 17:31:10.890,240,RECV,7E000F81000731024E373036352D43474951D3
06-29-2025 17:31:10.890,241,RECV,7E000F8100031A024E333036362D4734423424
06-29-2025 17:31:10.890,242,RECV,7E000F81000831024E383036372D54505052AD
06-29-2025 17:31:10.890,243,RECV,7E000F8100042C024E343036382D59324657D7
06-29-2025 17:31:10.890,244,RECV,7E000F81000731024E373036362D544F584EAD
06-29-2025 17:31:10.940,245,RECV,7E000F8100031A024E333036372D3541514FFE
06-29-2025 17:31:10.941,246,RECV,7E000F8100042C024E343036392D48314E3601
06-29-2025 17:31:10.941,247,RECV,7E000F81000732024E373036372D42445257C5
06-29-2025 17:31:10.941,248,RECV,7E000F8100031A024E333036382D4C425A34F7
06-29-2025 17:31:10.941,249,RECV,7E000F8100042C024E343037302D56353350F8
06-29-2025 17:31:10.941,250,RECV,7E000F81000731024E373036382D33494B49E4
06-29-2025 17:31:10.990,251,RECV,7E000F81000830024E383037302D38553341F9
06-29-2025 17:31:10.990,252,RECV,7E000F8100031A024E333036392D45435052E8
06-29-2025 17:31:10.990,253,RECV,7E000F8100042C024E343037312D335A333510
06-29-2025 17:31:10.990,254,RECV,7E000F81000731024E373036392D3837363618
06-29-2025 17:31:10.990,255,RECV,7E000F81000830024E383037312D51495537D3
06-29-2025 17:31:10.990,256,RECV,7E000F8100031A024E333037302D304E304B21
06-29-2025 17:31:11.010,257,RECV,7E000F81000731024E373037302D3343534CE6
06-29-2025 17:31:11.021,258,RECV,7E000F81000830024E383037322D36524B4ED7
06-29-2025 17:31:11.021,259,RECV,7E000F8100031A024E333037312D3945594DF5
06-29-2025 17:31:11.041,260,RECV,7E000F81000731024E373037312D494A4143E3
06-29-2025 17:31:11.052,261,RECV,7E000F81000831024E383037332D545A4239CD
06-29-2025 17:31:11.052,262,RECV,7E000F8100042C024E343037342D5639413200
06-29-2025 17:31:11.052,263,RECV,7E000F8100031A024E333037322D5158434DDF
06-29-2025 17:31:11.072,264,RECV,7E000F81000731024E373037322D46315A30F8
06-29-2025 17:31:11.099,265,RECV,7E000F81000830024E383037342D41474430FA
06-29-2025 17:31:11.099,266,RECV,7E000F8100031A024E333037332D58563536FE
06-29-2025 17:31:11.100,267,RECV,7E000F81000731024E373037332D51553453CB
06-29-2025 17:31:11.101,268,RECV,7E000F81000830024E383037352D57465541C2
06-29-2025 17:31:11.121,269,RECV,7E000F8100042C024E343037362D43525343D5
06-29-2025 17:31:11.132,270,RECV,7E000F8100031A024E333037342D3253373327
06-29-2025 17:31:11.133,271,RECV,7E000F81000732024E373037342D4636474AE9
06-29-2025 17:31:11.133,272,RECV,7E000F81000831024E383037362D344A5651CE
06-29-2025 17:31:11.133,273,RECV,7E000F8100042C024E343037372D35334D52F8
06-29-2025 17:31:11.191,274,RECV,7E000F8100031A024E333037352D4F384B50F3
06-29-2025 17:31:11.192,275,RECV,7E000F81000732024E373037352D52525136CA
06-29-2025 17:31:11.192,276,RECV,7E000F81000831024E383037372D46465659B7
06-29-2025 17:31:11.192,277,RECV,7E000F8100042C024E343037382D52454948D6
06-29-2025 17:31:11.192,278,RECV,7E000F8100031A024E333037362D59335943EC
06-29-2025 17:31:11.193,279,RECV,7E000F81000731024E373037362D313132352C
06-29-2025 17:31:11.241,280,RECV,7E000F81000832024E383037382D384D4636EF
06-29-2025 17:31:11.260,281,RECV,7E000F8100042C024E343037392D49514C36E1
06-29-2025 17:31:11.260,282,RECV,7E000F8100031A024E333037372D4737393725
06-29-2025 17:31:11.260,283,RECV,7E000F81000731024E373037372D364C3754E7
06-29-2025 17:31:11.260,284,RECV,7E000F81000831024E383037392D4742354BE7
06-29-2025 17:31:11.260,285,RECV,7E000F8100042C024E343038302D5138354700
06-29-2025 17:31:11.260,286,RECV,7E000F8100031A024E333037382D594E313406
06-29-2025 17:31:11.260,287,RECV,7E000F81000732024E373037382D46525555B0
06-29-2025 17:31:11.291,288,RECV,7E000F81000831024E383038302D3053374DF1
06-29-2025 17:31:11.291,289,RECV,7E000F8100042B024E343038312D424D4C41E9
06-29-2025 17:31:11.291,290,RECV,7E000F8100031A024E333037392D3549464D00
06-29-2025 17:31:11.291,291,RECV,7E000F81000732024E373037392D3338344E04
06-29-2025 17:31:11.292,292,RECV,7E000F81000832024E383038312D41303955F7
06-29-2025 17:31:11.292,293,RECV,7E000F8100042C024E343038322D393833421D
06-29-2025 17:31:11.292,294,RECV,7E000F8100031A024E333038302D344C4B5AF4
06-29-2025 17:31:11.341,295,RECV,7E000F81000732024E373038302D4143545AC7
06-29-2025 17:31:11.342,296,RECV,7E000F81000831024E383038322D354E4533FB
06-29-2025 17:31:11.342,297,RECV,7E000F8100042B024E343038332D595A4D44BF
06-29-2025 17:31:11.342,298,RECV,7E000F8100031A024E333038312D374E5657E6
06-29-2025 17:31:11.342,299,RECV,7E000F81000732024E373038312D31583846F1
06-29-2025 17:31:11.352,300,RECV,7E000F81000831024E383038332D343344377D33
06-29-2025 17:31:11.353,301,RECV,7E000F8100042B024E343038342D434D5A5ABE
06-29-2025 17:31:11.353,302,RECV,7E000F8100031A024E333038322D4338423723
06-29-2025 17:31:11.391,303,RECV,7E000F81000732024E373038322D4A504143D9
06-29-2025 17:31:11.415,304,RECV,7E000F81000831024E383038342D4A4D3934F0
06-29-2025 17:31:11.415,305,RECV,7E000F8100042C024E343038352D46455A41DA
06-29-2025 17:31:11.415,306,RECV,7E000F8100031A024E333038332D45504741F9
06-29-2025 17:31:11.441,307,RECV,7E000F81000732024E373038332D56433946DE
06-29-2025 17:31:11.443,308,RECV,7E000F81000831024E383038352D55445443C3
06-29-2025 17:31:11.443,309,RECV,7E000F8100042C024E343038362D4B51544CC3
06-29-2025 17:31:11.443,310,RECV,7E000F8100031A024E333038342D5030484409
06-29-2025 17:31:11.452,311,RECV,7E000F8100042C024E343038372D4D483153E5
06-29-2025 17:31:11.452,312,RECV,7E000F8100031A024E333038352D5958444BD4
06-29-2025 17:31:11.491,313,RECV,7E000F81000831024E383038372D56524D52AA
06-29-2025 17:31:11.491,314,RECV,7E000F81000731024E373038352D49423654E0
06-29-2025 17:31:11.492,315,RECV,7E000F8100042C024E343038382D5936544AD0
06-29-2025 17:31:11.492,316,RECV,7E000F8100031A024E333038362D4C59564DCB
06-29-2025 17:31:11.542,317,RECV,7E000F81000831024E383038382D384C5A54BE
06-29-2025 17:31:11.555,318,RECV,7E000F81000732024E373038362D4B5A4E4EB2
06-29-2025 17:31:11.555,319,RECV,7E000F8100042C024E343038392D58364553D6
06-29-2025 17:31:11.555,320,RECV,7E000F8100031A024E333038372D534A4B58D2
06-29-2025 17:31:11.555,321,RECV,7E000F81000831024E383038392D44395A33E5
06-29-2025 17:31:11.555,322,RECV,7E000F81000732024E373038372D4156484EC5
06-29-2025 17:31:11.555,323,RECV,7E000F8100042B024E343039302D434C4849E5
06-29-2025 17:31:11.592,324,RECV,7E000F8100031A024E333038382D53544355D2
06-29-2025 17:31:11.592,325,RECV,7E000F81000831024E383039302D45454E56C9
06-29-2025 17:31:11.592,326,RECV,7E000F81000732024E373038382D4349554AC6
06-29-2025 17:31:11.592,327,RECV,7E000F8100042C024E343039312D57395749D3
06-29-2025 17:31:11.592,328,RECV,7E000F8100031A024E333038392D554F564CCA
06-29-2025 17:31:11.602,329,RECV,7E000F81000831024E383039312D4538364AF9
06-29-2025 17:31:11.602,330,RECV,7E000F81000732024E373038392D4E455852B3
06-29-2025 17:31:11.602,331,RECV,7E000F8100042C024E343039322D4459374CE2
06-29-2025 17:31:11.642,332,RECV,7E000F8100031A024E333039302D5251344FF2
06-29-2025 17:31:11.642,333,RECV,7E000F81000831024E383039322D4248324EEB
06-29-2025 17:31:11.642,334,RECV,7E000F81000732024E373039302D573132320C
06-29-2025 17:31:11.642,335,RECV,7E000F8100042C024E343039332D314F4F4DE5
06-29-2025 17:31:11.642,336,RECV,7E000F8100031A024E333039312D58563948E8
06-29-2025 17:31:11.642,337,RECV,7E000F81000831024E383039332D314E5748D6
06-29-2025 17:31:11.692,338,RECV,7E000F81000732024E373039312D3743413309
06-29-2025 17:31:11.722,339,RECV,7E000F8100042C024E343039342D47514B5AC3
06-29-2025 17:31:11.722,340,RECV,7E000F8100031A024E333039322D373141531A
06-29-2025 17:31:11.722,341,RECV,7E000F81000831024E383039342D504E4D37D1
06-29-2025 17:31:11.722,342,RECV,7E000F81000732024E373039322D3732423912
06-29-2025 17:31:11.722,343,RECV,7E000F8100042C024E343039352D52574F44C3
06-29-2025 17:31:11.742,344,RECV,7E000F8100031A024E333039332D33375459FE
06-29-2025 17:31:11.756,345,RECV,7E000F81000831024E383039352D4A4C584EB6
06-29-2025 17:31:11.756,346,RECV,7E000F8100042B024E343039362D56514853BD
06-29-2025 17:31:11.757,347,RECV,7E000F8100031A024E333039342D4D434A4CEE
06-29-2025 17:31:11.757,348,RECV,7E000F81000831024E383039362D5A575433B9
06-29-2025 17:31:11.757,349,RECV,7E000F8100042B024E343039372D5331324BFD
06-29-2025 17:31:11.792,350,RECV,7E000F8100031A024E333039352D5341574EDA
06-29-2025 17:31:11.792,351,RECV,7E000F81000831024E383039372D4E4A3946D9
06-29-2025 17:31:11.792,352,RECV,7E000F8100042C024E343039382D51325757CB
06-29-2025 17:31:11.792,353,RECV,7E000F81000732024E373039352D32494544EF
06-29-2025 17:31:11.803,354,RECV,7E000F8100031A024E333039362D584E4338F1
06-29-2025 17:31:11.808,355,RECV,7E000F81000832024E383039382D44315833EE
06-29-2025 17:31:11.808,356,RECV,7E000F8100042C024E343039392D38344F56EA
06-29-2025 17:31:11.823,357,RECV,7E000F81000732024E373039362D4650384DD7
06-29-2025 17:31:11.834,358,RECV,7E000F8100031A024E333039372D4E4D4747E8
06-29-2025 17:31:11.854,359,RECV,7E000F81000732024E373039372D53595448A9
06-29-2025 17:31:11.871,360,RECV,7E000F8100031A024E333039382D5652464AD8
06-29-2025 17:31:11.885,361,RECV,7E000F81000733024E373039382D44453744EB
06-29-2025 17:31:11.900,362,RECV,7E000F8100031A024E333039392D554A5133EC
06-29-2025 17:31:11.936,363,RECV,7E000F81000733024E373039392D364F4658CB
