06-26-2025 19:32:25.714,-,API2,"Sink 1,0013A20041839DB1,802.15.4 TH,2003,/dev/ttyUSB0 - 57600/8/M/1/N,1,46"

06-26-2025 19:31:56.513,0,RECV,7E000F8100042D024E343030302D51505A34DD
06-26-2025 19:31:56.563,1,RECV,7E000F8100031B024E333030302D46585259D7
06-26-2025 19:31:56.613,2,RECV,7E000F8100042D024E343030312D35514743FB
06-26-2025 19:31:56.613,3,RECV,7E000F8100031D024E333030312D355830312F
06-26-2025 19:31:56.663,4,RECV,7E000F8100042D024E343030322D36494650F5
06-26-2025 19:31:56.673,5,RECV,7E000F8100031C024E333030322D43564D3205
06-26-2025 19:31:56.713,6,RECV,7E000F81000430024E343030332D4C4D395ADA
06-26-2025 19:31:56.714,7,RECV,7E000F8100022C024E323030332D4F383956F8
06-26-2025 19:31:56.714,8,RECV,7E000F8100031B024E333030332D4A585738EC
06-26-2025 19:31:56.774,9,RECV,7E000F81000430024E343030342D55465037E3
06-26-2025 19:31:56.779,10,RECV,7E000F8100022B024E323030342D5A4B4634EF
06-26-2025 19:31:56.779,11,RECV,7E000F8100031C024E333030342D5747355AEE
06-26-2025 19:31:56.864,12,RECV,7E000F81000430024E343030352D39554D59D0
06-26-2025 19:31:56.864,13,RECV,7E000F8100022B024E323030352D313832561C
06-26-2025 19:31:56.864,14,RECV,7E000F8100031B024E333030352D54594F56C9
06-26-2025 19:31:56.914,15,RECV,7E000F81000430024E343030362D41334F46FA
06-26-2025 19:31:56.927,16,RECV,7E000F8100022B024E323030362D4C394154F2
06-26-2025 19:31:56.927,17,RECV,7E000F8100031C024E333030362D3847373231
06-26-2025 19:31:56.964,18,RECV,7E000F81000430024E343030372D4F51465AC2
06-26-2025 19:31:56.964,19,RECV,7E000F8100022B024E323030372D59455138E4
06-26-2025 19:31:56.967,20,RECV,7E000F8100031B024E333030372D43525437F9
06-26-2025 19:31:57.014,21,RECV,7E000F81000430024E343030382D39593655E4
06-26-2025 19:31:57.014,22,RECV,7E000F8100022C024E323030382D3557354701
06-26-2025 19:31:57.014,23,RECV,7E000F8100031B024E333030382D44514255EC
06-26-2025 19:31:57.064,24,RECV,7E000F81000430024E343030392D32573546FC
06-26-2025 19:31:57.114,25,RECV,7E000F8100022C024E323030392D4C4F4C36EB
06-26-2025 19:31:57.169,26,RECV,7E000F81000430024E343031302D414F424CEA
06-26-2025 19:31:57.169,27,RECV,7E000F8100022C024E323031302D3948335606
06-26-2025 19:31:57.170,28,RECV,7E000F8100031C024E333031302D4B594351E6
06-26-2025 19:31:57.214,29,RECV,7E000F8100042D024E343031312D42504C52DA
06-26-2025 19:31:57.230,30,RECV,7E000F8100022C024E323031312D353137482A
06-26-2025 19:31:57.230,31,RECV,7E000F8100031C024E333031312D58464C53E0
06-26-2025 19:31:57.265,32,RECV,7E000F8100042D024E343031322D4D4B393008
06-26-2025 19:31:57.266,33,RECV,7E000F8100022B024E323031322D3139363936
06-26-2025 19:31:57.266,34,RECV,7E000F8100031B024E333031322D4B4D4E4BEC
06-26-2025 19:31:57.315,35,RECV,7E000F8100042D024E343031332D46494C44E9
06-26-2025 19:31:57.315,36,RECV,7E000F8100022B024E323031332D5757444ECE
06-26-2025 19:31:57.365,37,RECV,7E000F8100042D024E343031342D4237314617
06-26-2025 19:31:57.415,38,RECV,7E000F8100022B024E323031342D384A414901
06-26-2025 19:31:57.415,39,RECV,7E000F8100031C024E333031342D4E515354D4
06-26-2025 19:31:57.465,40,RECV,7E000F8100042D024E343031352D424B4B33FB
06-26-2025 19:31:57.465,41,RECV,7E000F8100022B024E323031352D55564D34E0
06-26-2025 19:31:57.465,42,RECV,7E000F81000120024E313031352D4D4C5935F2
06-26-2025 19:31:57.465,43,RECV,7E000F8100031C024E333031352D3037514120
06-26-2025 19:31:57.515,44,RECV,7E000F8100042D024E343031362D4E4F4847D9
06-26-2025 19:31:57.525,45,RECV,7E000F8100022C024E323031362D4C4D3754E6
06-26-2025 19:31:57.535,46,RECV,7E000F8100031C024E333031362D4839435AFA
06-26-2025 19:31:57.565,47,RECV,7E000F8100042D024E343031372D4A564A34E6
06-26-2025 19:31:57.616,48,RECV,7E000F8100022C024E323031372D4154315AE9
06-26-2025 19:31:57.624,49,RECV,7E000F81000120024E313031372D344F4F4500
06-26-2025 19:31:57.624,50,RECV,7E000F8100031C024E333031372D304C4D53FB
06-26-2025 19:31:57.624,51,RECV,7E000F8100042D024E343031382D444A39300C
06-26-2025 19:31:57.636,52,RECV,7E000F8100022C024E323031382D4235573406
06-26-2025 19:31:57.636,53,RECV,7E000F81000120024E313031382D4B35583509
06-26-2025 19:31:57.637,54,RECV,7E000F8100031C024E333031382D4838503115
06-26-2025 19:31:57.666,55,RECV,7E000F8100042D024E343031392D5354564EB7
06-26-2025 19:31:57.716,56,RECV,7E000F8100022C024E323031392D37474C4BF2
06-26-2025 19:31:57.719,57,RECV,7E000F8100031C024E333031392D49524453E3
06-26-2025 19:31:57.766,58,RECV,7E000F81000430024E343032302D46504D55CF
06-26-2025 19:31:57.766,59,RECV,7E000F8100022B024E323032302D35374E5006
06-26-2025 19:31:57.766,60,RECV,7E000F8100031C024E333032302D584E5257CE
06-26-2025 19:31:57.817,61,RECV,7E000F81000430024E343032312D5A595653AA
06-26-2025 19:31:57.822,62,RECV,7E000F8100022B024E323032312D3931313242
06-26-2025 19:31:57.822,63,RECV,7E000F8100031C024E333032312D53454B44F5
06-26-2025 19:31:57.868,64,RECV,7E000F81000430024E343032322D37434F3309
06-26-2025 19:31:57.917,65,RECV,7E000F8100022B024E323032322D504E5239E5
06-26-2025 19:31:57.922,66,RECV,7E000F8100031C024E333032322D52565037EC
06-26-2025 19:31:57.923,67,RECV,7E000F81000430024E343032332D57593241E1
06-26-2025 19:31:57.967,68,RECV,7E000F8100022B024E323032332D48515A4ECC
06-26-2025 19:31:57.968,69,RECV,7E000F8100031C024E333032332D43544E4BEA
06-26-2025 19:31:58.018,70,RECV,7E000F81000430024E343032342D494C4A42E2
06-26-2025 19:31:58.019,71,RECV,7E000F8100022C024E323032342D56335033FF
06-26-2025 19:31:58.019,72,RECV,7E000F8100031C024E333032342D58595454C0
06-26-2025 19:31:58.068,73,RECV,7E000F81000430024E343032352D37483657F6
06-26-2025 19:31:58.068,74,RECV,7E000F8100022C024E323032352D55565431DA
06-26-2025 19:31:58.118,75,RECV,7E000F81000430024E343032362D44445146E2
06-26-2025 19:31:58.118,76,RECV,7E000F8100022C024E323032362D3531424B16
06-26-2025 19:31:58.128,77,RECV,7E000F8100031C024E333032362D375A5832FC
06-26-2025 19:31:58.169,78,RECV,7E000F81000430024E343032372D344B5459D4
06-26-2025 19:31:58.219,79,RECV,7E000F8100022C024E323032372D32425450F0
06-26-2025 19:31:58.221,80,RECV,7E000F8100031C024E333032372D31505757E7
06-26-2025 19:31:58.221,81,RECV,7E000F8100042D024E343032382D42494B43E9
06-26-2025 19:31:58.269,82,RECV,7E000F8100022B024E323032382D3744323823
06-26-2025 19:31:58.319,83,RECV,7E000F8100042D024E343032392D5758574AB1
06-26-2025 19:31:58.319,84,RECV,7E000F8100022B024E323032392D574C5055BF
06-26-2025 19:31:58.319,85,RECV,7E000F8100031C024E333032392D414234510C
06-26-2025 19:31:58.369,86,RECV,7E000F8100042D024E343033302D343255440A
06-26-2025 19:31:58.369,87,RECV,7E000F8100022B024E323033302D514F323706
06-26-2025 19:31:58.369,88,RECV,7E000F8100031C024E333033302D384F5151F3
06-26-2025 19:31:58.419,89,RECV,7E000F8100042D024E343033312D4F324356EE
06-26-2025 19:31:58.419,90,RECV,7E000F8100022B024E323033312D33584B53E5
06-26-2025 19:31:58.439,91,RECV,7E000F8100031C024E333033312D4A4738470B
06-26-2025 19:31:58.469,92,RECV,7E000F8100042D024E343033322D325A4E44E9
06-26-2025 19:31:58.520,93,RECV,7E000F8100022C024E323033322D58445143DC
06-26-2025 19:31:58.520,94,RECV,7E000F8100031C024E333033322D4C5A5A4BCF
06-26-2025 19:31:58.520,95,RECV,7E000F8100042D024E343033332D544A5748C9
06-26-2025 19:31:58.570,96,RECV,7E000F8100022C024E323033332D36555251DD
06-26-2025 19:31:58.572,97,RECV,7E000F8100031C024E333033332D4135574309
06-26-2025 19:31:58.620,98,RECV,7E000F8100042D024E343033342D5933514CDC
06-26-2025 19:31:58.620,99,RECV,7E000F8100022C024E323033342D44344B59EE
06-26-2025 19:31:58.620,100,RECV,7E000F81000120024E313033342D4F515249DD
06-26-2025 19:31:58.620,101,RECV,7E000F8100031C024E333033342D3736494C16
06-26-2025 19:31:58.670,102,RECV,7E000F8100042D024E343033352D3137563610
06-26-2025 19:31:58.680,103,RECV,7E000F8100022C024E323033352D4E364E3304
06-26-2025 19:31:58.682,104,RECV,7E000F81000120024E313033352D3251494308
06-26-2025 19:31:58.682,105,RECV,7E000F8100031C024E333033352D433034531D
06-26-2025 19:31:58.720,106,RECV,7E000F81000430024E343033362D544D4854C3
06-26-2025 19:31:58.720,107,RECV,7E000F8100022C024E323033362D41535031F3
06-26-2025 19:31:58.770,108,RECV,7E000F81000120024E313033362D544B504FD8
06-26-2025 19:31:58.778,109,RECV,7E000F8100031C024E333033362D49424B48F8
06-26-2025 19:31:58.778,110,RECV,7E000F81000430024E343033372D4C475837DD
06-26-2025 19:31:58.820,111,RECV,7E000F8100022B024E323033372D4B454F4EDB
06-26-2025 19:31:58.822,112,RECV,7E000F81000120024E313033372D514B4451E4
06-26-2025 19:31:58.822,113,RECV,7E000F8100031C024E333033372D5553363106
06-26-2025 19:31:58.822,114,RECV,7E000F81000430024E343033382D50464931EE
06-26-2025 19:31:58.870,115,RECV,7E000F8100022B024E323033382D4A505549CF
06-26-2025 19:31:58.870,116,RECV,7E000F81000120024E313033382D4835304225
06-26-2025 19:31:58.870,117,RECV,7E000F8100031C024E333033382D5445464EE7
06-26-2025 19:31:58.920,118,RECV,7E000F81000430024E343033392D44533149EC
06-26-2025 19:31:58.924,119,RECV,7E000F8100022B024E323033392D454535380F
06-26-2025 19:31:58.924,120,RECV,7E000F81000120024E313033392D583049317D31
06-26-2025 19:31:58.931,121,RECV,7E000F8100031C024E333033392D384B4A51F5
06-26-2025 19:31:58.970,122,RECV,7E000F81000430024E343034302D484A305AE9
06-26-2025 19:31:59.020,123,RECV,7E000F8100022B024E323034302D5231464203
06-26-2025 19:31:59.020,124,RECV,7E000F81000120024E313034302D3348514F00
06-26-2025 19:31:59.021,125,RECV,7E000F8100031C024E333034302D444C3759FB
06-26-2025 19:31:59.021,126,RECV,7E000F81000430024E343034312D42443749FE
06-26-2025 19:31:59.071,127,RECV,7E000F8100022C024E323034312D55533830FC
06-26-2025 19:31:59.079,128,RECV,7E000F81000120024E313034312D4A4D354FFF
06-26-2025 19:31:59.080,129,RECV,7E000F8100031C024E333034312D4B515833F3
06-26-2025 19:31:59.080,130,RECV,7E000F81000430024E343034322D57565736C9
06-26-2025 19:31:59.121,131,RECV,7E000F8100022C024E323034322D5335433709
06-26-2025 19:31:59.121,132,RECV,7E000F81000120024E313034322D574B4A34F9
06-26-2025 19:31:59.121,133,RECV,7E000F8100031C024E333034322D5956363400
06-26-2025 19:31:59.121,134,RECV,7E000F81000430024E343034332D3355385AE8
06-26-2025 19:31:59.171,135,RECV,7E000F8100022C024E323034332D49575A42CE
06-26-2025 19:31:59.171,136,RECV,7E000F81000120024E313034332D3545353336
06-26-2025 19:31:59.171,137,RECV,7E000F8100031C024E333034332D3534485017
06-26-2025 19:31:59.221,138,RECV,7E000F81000430024E343034342D48455752CB
06-26-2025 19:31:59.226,139,RECV,7E000F8100022C024E323034342D4E49484FDB
06-26-2025 19:31:59.226,140,RECV,7E000F81000120024E313034342D365644390E
06-26-2025 19:31:59.231,141,RECV,7E000F8100031C024E333034342D5855454ED7
06-26-2025 19:31:59.271,142,RECV,7E000F8100042D024E343034352D56384B46E4
06-26-2025 19:31:59.321,143,RECV,7E000F8100022B024E323034352D52544C44D3
06-26-2025 19:31:59.321,144,RECV,7E000F81000120024E313034352D55574350D7
06-26-2025 19:31:59.321,145,RECV,7E000F8100031C024E333034352D4435384421
06-26-2025 19:31:59.321,146,RECV,7E000F8100042D024E343034362D4A4D564FC6
06-26-2025 19:31:59.371,147,RECV,7E000F8100022B024E323034362D563834390D
06-26-2025 19:31:59.376,148,RECV,7E000F81000120024E313034362D4F37444DFE
06-26-2025 19:31:59.376,149,RECV,7E000F8100031C024E333034362D51334A4EF9
06-26-2025 19:31:59.376,150,RECV,7E000F8100042D024E343034372D37495552DA
06-26-2025 19:31:59.421,151,RECV,7E000F8100022B024E323034372D43593052E9
06-26-2025 19:31:59.422,152,RECV,7E000F81000120024E313034372D47365649F8
06-26-2025 19:31:59.422,153,RECV,7E000F8100031C024E333034372D3637533321
06-26-2025 19:31:59.471,154,RECV,7E000F8100042D024E343034382D59433849E3
06-26-2025 19:31:59.472,155,RECV,7E000F8100022B024E323034382D5A504737DE
06-26-2025 19:31:59.472,156,RECV,7E000F81000120024E313034382D4E305541FF
06-26-2025 19:31:59.472,157,RECV,7E000F8100031C024E333034382D44474E45F5
06-26-2025 19:31:59.522,158,RECV,7E000F8100042D024E343034392D554E3554D3
06-26-2025 19:31:59.533,159,RECV,7E000F8100022C024E323034392D4A593752D8
06-26-2025 19:31:59.542,160,RECV,7E000F81000120024E313034392D5644303216
06-26-2025 19:31:59.542,161,RECV,7E000F8100031C024E333034392D3056313823
06-26-2025 19:31:59.553,162,RECV,7E000F8100042D024E343035302D58494947D6
06-26-2025 19:31:59.622,163,RECV,7E000F8100022C024E323035302D41443355FF
06-26-2025 19:31:59.622,164,RECV,7E000F81000120024E313035302D4D434651F3
06-26-2025 19:31:59.622,165,RECV,7E000F8100031C024E333035302D4C44343422
06-26-2025 19:31:59.622,166,RECV,7E000F8100042D024E343035312D5233473406
06-26-2025 19:31:59.672,167,RECV,7E000F8100022C024E323035312D4E4A4441EE
06-26-2025 19:31:59.679,168,RECV,7E000F81000120024E313035312D3441574508
06-26-2025 19:31:59.679,169,RECV,7E000F8100031C024E333035312D3048364A21
06-26-2025 19:31:59.679,170,RECV,7E000F8100042D024E343035322D55494E41D8
06-26-2025 19:31:59.722,171,RECV,7E000F8100022C024E323035322D47383757FD
06-26-2025 19:31:59.722,172,RECV,7E000F81000120024E313035322D41345754F8
06-26-2025 19:31:59.722,173,RECV,7E000F8100031C024E333035322D39344F5705
06-26-2025 19:31:59.772,174,RECV,7E000F81000430024E343035332D4C595A32D0
06-26-2025 19:31:59.782,175,RECV,7E000F8100022B024E323035332D53344C45F2
06-26-2025 19:31:59.785,176,RECV,7E000F81000120024E313035332D59375856D9
06-26-2025 19:31:59.786,177,RECV,7E000F8100031C024E333035332D585A475AC4
06-26-2025 19:31:59.792,178,RECV,7E000F81000430024E343035342D46494F50D2
06-26-2025 19:31:59.873,179,RECV,7E000F8100022B024E323035342D494F3646F5
06-26-2025 19:31:59.873,180,RECV,7E000F81000120024E313035342D36535157E5
06-26-2025 19:31:59.873,181,RECV,7E000F8100031C024E333035342D365A41360F
06-26-2025 19:31:59.873,182,RECV,7E000F81000430024E343035352D5A444E52C1
06-26-2025 19:31:59.923,183,RECV,7E000F8100022B024E323035352D414D4548ED
06-26-2025 19:31:59.923,184,RECV,7E000F81000120024E313035352D554C3245FD
06-26-2025 19:31:59.923,185,RECV,7E000F8100031C024E333035352D5435443612
06-26-2025 19:31:59.923,186,RECV,7E000F81000430024E343035362D373138342A
06-26-2025 19:31:59.973,187,RECV,7E000F8100022B024E323035362D3139375610
06-26-2025 19:31:59.983,188,RECV,7E000F81000120024E313035362D4A33344221
06-26-2025 19:31:59.983,189,RECV,7E000F8100031C024E333035362D4432515AF3
06-26-2025 19:31:59.983,190,RECV,7E000F81000430024E343035372D4C444532F6
06-26-2025 19:32:00.023,191,RECV,7E000F8100022C024E323035372D4D4B5745D1
06-26-2025 19:32:00.023,192,RECV,7E000F81000120024E313035372D56434D33FA
06-26-2025 19:32:00.034,193,RECV,7E000F8100031C024E333035372D35494652FD
06-26-2025 19:32:00.034,194,RECV,7E000F81000430024E343035382D4A4C434ED5
06-26-2025 19:32:00.123,195,RECV,7E000F8100022C024E323035382D4D445230F1
06-26-2025 19:32:00.123,196,RECV,7E000F81000120024E313035382D4A554238F9
06-26-2025 19:32:00.123,197,RECV,7E000F8100031C024E333035382D394C4A56ED
06-26-2025 19:32:00.123,198,RECV,7E000F81000430024E343035392D55544147CA
06-26-2025 19:32:00.174,199,RECV,7E000F8100022C024E323035392D3644514DEB
06-26-2025 19:32:00.174,200,RECV,7E000F81000120024E313035392D44534C52DC
06-26-2025 19:32:00.174,201,RECV,7E000F8100031C024E333035392D3647383527
06-26-2025 19:32:00.174,202,RECV,7E000F81000430024E343036302D394A5553D8
06-26-2025 19:32:00.224,203,RECV,7E000F8100022C024E323036302D5041344FF7
06-26-2025 19:32:00.224,204,RECV,7E000F81000120024E313036302D3633443339
06-26-2025 19:32:00.224,205,RECV,7E000F8100031C024E333036302D395A5246EE
06-26-2025 19:32:00.224,206,RECV,7E000F8100042D024E343036312D4C4A4E38E9
06-26-2025 19:32:00.274,207,RECV,7E000F8100022B024E323036312D4F5A5255BB
06-26-2025 19:32:00.274,208,RECV,7E000F81000120024E313036312D33575044FA
06-26-2025 19:32:00.274,209,RECV,7E000F8100031C024E333036312D435131450E
06-26-2025 19:32:00.275,210,RECV,7E000F8100042D024E343036322D33594D32F9
06-26-2025 19:32:00.324,211,RECV,7E000F8100022B024E323036322D52534C42D7
06-26-2025 19:32:00.325,212,RECV,7E000F81000120024E313036322D4C3334372D
06-26-2025 19:32:00.375,213,RECV,7E000F8100031C024E333036322D4A384E4502
06-26-2025 19:32:00.375,214,RECV,7E000F8100042D024E343036332D354633460F
06-26-2025 19:32:00.425,215,RECV,7E000F8100022B024E323036332D43474545F5
06-26-2025 19:32:00.425,216,RECV,7E000F81000120024E313036332D57555847CB
06-26-2025 19:32:00.425,217,RECV,7E000F8100031C024E333036332D48544D4BE2
06-26-2025 19:32:00.426,218,RECV,7E000F8100042D024E343036342D58583946D3
06-26-2025 19:32:00.475,219,RECV,7E000F8100022B024E323036342D59334C55DB
06-26-2025 19:32:00.477,220,RECV,7E000F81000120024E313036342D5A38434FF1
06-26-2025 19:32:00.477,221,RECV,7E000F8100031C024E333036342D5133473119
06-26-2025 19:32:00.477,222,RECV,7E000F8100042D024E343036352D3255394100
06-26-2025 19:32:00.525,223,RECV,7E000F8100022C024E323036352D57375937E8
06-26-2025 19:32:00.525,224,RECV,7E000F81000120024E313036352D584E5633E5
06-26-2025 19:32:00.525,225,RECV,7E000F8100031C024E333036352D43564E51DC
06-26-2025 19:32:00.528,226,RECV,7E000F8100042D024E343036362D38365549F4
06-26-2025 19:32:00.606,227,RECV,7E000F8100022C024E323036362D4C4E514AD0
06-26-2025 19:32:00.606,228,RECV,7E000F81000120024E313036362D3658325003
06-26-2025 19:32:00.606,229,RECV,7E000F8100031C024E333036362D3857384FFD
06-26-2025 19:32:00.606,230,RECV,7E000F8100042D024E343036372D54563052D3
06-26-2025 19:32:00.625,231,RECV,7E000F8100022C024E323036372D4F39424EEC
06-26-2025 19:32:00.676,232,RECV,7E000F81000120024E313036372D544D373208
06-26-2025 19:32:00.676,233,RECV,7E000F8100031C024E333036372D354545440F
06-26-2025 19:32:00.726,234,RECV,7E000F8100022C024E323036382D46465333F1
06-26-2025 19:32:00.726,235,RECV,7E000F81000120024E313036382D5133514FED
06-26-2025 19:32:00.726,236,RECV,7E000F8100031C024E333036382D4C56464EDB
06-26-2025 19:32:00.776,237,RECV,7E000F8100022B024E323036392D4444303219
06-26-2025 19:32:00.778,238,RECV,7E000F81000120024E313036392D36565A52D8
06-26-2025 19:32:00.778,239,RECV,7E000F81000430024E343037302D46534D35E7
06-26-2025 19:32:00.778,240,RECV,7E000F8100031C024E333036392D3437304F26
06-26-2025 19:32:00.826,241,RECV,7E000F8100022B024E323037302D46364D340E
06-26-2025 19:32:00.826,242,RECV,7E000F81000120024E313037302D49545745DF
06-26-2025 19:32:00.826,243,RECV,7E000F81000430024E343037312D44594631ED
06-26-2025 19:32:00.876,244,RECV,7E000F8100031C024E333037302D394A41381C
06-26-2025 19:32:00.926,245,RECV,7E000F8100022A024E323037312D4D423757EE
06-26-2025 19:32:00.937,246,RECV,7E000F81000120024E313037312D4C434D4EED
06-26-2025 19:32:00.937,247,RECV,7E000F81000430024E343037322D4B344C4BEA
06-26-2025 19:32:00.937,248,RECV,7E000F8100031C024E333037312D52475551D8
06-26-2025 19:32:00.976,249,RECV,7E000F8100022B024E323037322D4F594133ED
06-26-2025 19:32:00.979,250,RECV,7E000F81000120024E313037322D37495754EB
06-26-2025 19:32:00.979,251,RECV,7E000F81000430024E343037332D45435953CB
06-26-2025 19:32:00.979,252,RECV,7E000F8100031C024E333037322D474D4641FB
06-26-2025 19:32:01.027,253,RECV,7E000F8100022B024E323037332D47545153C9
06-26-2025 19:32:01.051,254,RECV,7E000F81000120024E313037332D5942364EF6
06-26-2025 19:32:01.052,255,RECV,7E000F8100031C024E333037332D314B394917
06-26-2025 19:32:01.077,256,RECV,7E000F8100022C024E323037342D3944324D0A
06-26-2025 19:32:01.087,257,RECV,7E000F81000120024E313037342D54544353D6
06-26-2025 19:32:01.087,258,RECV,7E000F8100031C024E333037342D414C443310
06-26-2025 19:32:01.127,259,RECV,7E000F8100022C024E323037352D53513946E2
06-26-2025 19:32:01.127,260,RECV,7E000F81000120024E313037352D4A595756C3
06-26-2025 19:32:01.127,261,RECV,7E000F8100031C024E333037352D4C424645FA
06-26-2025 19:32:01.182,262,RECV,7E000F8100022C024E323037362D57424D43DB
06-26-2025 19:32:01.203,263,RECV,7E000F81000120024E313037362D5A544A44D6
06-26-2025 19:32:01.203,264,RECV,7E000F8100031C024E333037362D38505954DD
06-26-2025 19:32:01.277,265,RECV,7E000F8100022C024E323037372D52554654C2
06-26-2025 19:32:01.279,266,RECV,7E000F8100042D024E343037382D36575A31E5
06-26-2025 19:32:01.279,267,RECV,7E000F81000120024E313037372D524B4631FD
06-26-2025 19:32:01.279,268,RECV,7E000F8100031C024E333037372D57544138ED
06-26-2025 19:32:01.327,269,RECV,7E000F8100022B024E323037382D4F4D4A58C5
06-26-2025 19:32:01.327,270,RECV,7E000F8100042D024E343037392D544C3057D5
06-26-2025 19:32:01.328,271,RECV,7E000F81000120024E313037382D4C574755D1
06-26-2025 19:32:01.328,272,RECV,7E000F8100031C024E333037382D59463453EA
06-26-2025 19:32:01.377,273,RECV,7E000F81000229024E323037392D494B474DDC
06-26-2025 19:32:01.378,274,RECV,7E000F81000120024E313037392D544B4645E5
06-26-2025 19:32:01.388,275,RECV,7E000F8100031C024E333037392D5A4D5047D1
06-26-2025 19:32:01.478,276,RECV,7E000F81000120024E313038302D3937544D06
06-26-2025 19:32:01.478,277,RECV,7E000F8100031C024E333038302D53494655E0
06-26-2025 19:32:01.528,278,RECV,7E000F8100042D024E343038322D354C3250FF
06-26-2025 19:32:01.529,279,RECV,7E000F8100022B024E323038312D4E4D4F4DD2
06-26-2025 19:32:01.529,280,RECV,7E000F81000120024E313038312D38523658FE
06-26-2025 19:32:01.529,281,RECV,7E000F8100031C024E333038312D51433451FD
06-26-2025 19:32:01.578,282,RECV,7E000F8100042D024E343038332D494D5056C5
06-26-2025 19:32:01.579,283,RECV,7E000F8100022C024E323038322D54463258E3
06-26-2025 19:32:01.579,284,RECV,7E000F81000120024E313038322D30334B4225
06-26-2025 19:32:01.579,285,RECV,7E000F8100031C024E333038322D473239580B
06-26-2025 19:32:01.629,286,RECV,7E000F8100042D024E343038342D4B474747E0
06-26-2025 19:32:01.630,287,RECV,7E000F8100022C024E323038332D3441394216
06-26-2025 19:32:01.630,288,RECV,7E000F81000120024E313038332D5553564CCA
06-26-2025 19:32:01.630,289,RECV,7E000F8100031C024E333038332D484A394BFE
06-26-2025 19:32:01.679,290,RECV,7E000F8100042D024E343038352D54375338E9
06-26-2025 19:32:01.681,291,RECV,7E000F8100022C024E323038342D4333494CFA
06-26-2025 19:32:01.682,292,RECV,7E000F81000120024E313038342D41594B57D7
06-26-2025 19:32:01.689,293,RECV,7E000F8100031C024E333038342D53424A42F2
06-26-2025 19:32:01.729,294,RECV,7E000F81000430024E343038362D56525436C9
06-26-2025 19:32:01.779,295,RECV,7E000F8100022C024E323038352D35315056F8
06-26-2025 19:32:01.779,296,RECV,7E000F81000120024E313038352D3832535302
06-26-2025 19:32:01.779,297,RECV,7E000F8100031C024E333038352D4D394251F9
06-26-2025 19:32:01.829,298,RECV,7E000F81000430024E343038372D55425937D3
06-26-2025 19:32:01.829,299,RECV,7E000F8100022B024E323038362D4D513145F0
06-26-2025 19:32:01.829,300,RECV,7E000F81000120024E313038362D51464858DA
06-26-2025 19:32:01.829,301,RECV,7E000F8100031C024E333038362D383452440F
06-26-2025 19:32:01.879,302,RECV,7E000F81000430024E343038382D31374153FD
06-26-2025 19:32:01.879,303,RECV,7E000F8100022B024E323038372D4932394708
06-26-2025 19:32:01.879,304,RECV,7E000F81000120024E313038372D3747385901
06-26-2025 19:32:01.879,305,RECV,7E000F8100031C024E333038372D3156344B0A
06-26-2025 19:32:01.929,306,RECV,7E000F81000430024E343038392D32493752F4
06-26-2025 19:32:01.935,307,RECV,7E000F8100022B024E323038382D4A54565AB4
06-26-2025 19:32:01.942,308,RECV,7E000F81000120024E313038382D46584A5ACD
06-26-2025 19:32:01.942,309,RECV,7E000F8100031C024E333038382D4E36563005
06-26-2025 19:32:01.979,310,RECV,7E000F81000430024E343039302D4E58304BDF
06-26-2025 19:32:01.979,311,RECV,7E000F8100022B024E323038392D35355A48F5
06-26-2025 19:32:01.979,312,RECV,7E000F81000120024E313038392D42553552F0
06-26-2025 19:32:02.029,313,RECV,7E000F8100031C024E333038392D544A4241ED
06-26-2025 19:32:02.029,314,RECV,7E000F81000430024E343039312D34583651EC
06-26-2025 19:32:02.079,315,RECV,7E000F8100022C024E323039302D4C5A5341CE
06-26-2025 19:32:02.079,316,RECV,7E000F81000120024E313039302D3851553800
06-26-2025 19:32:02.079,317,RECV,7E000F8100031C024E333039302D364C37332A
06-26-2025 19:32:02.130,318,RECV,7E000F81000430024E343039322D52414233F6
06-26-2025 19:32:02.132,319,RECV,7E000F8100022C024E323039312D49383753FC
06-26-2025 19:32:02.132,320,RECV,7E000F81000120024E313039312D55573252E5
06-26-2025 19:32:02.132,321,RECV,7E000F8100031C024E333039312D4E304C4605
06-26-2025 19:32:02.180,322,RECV,7E000F81000430024E343039332D4A5A4D56B6
06-26-2025 19:32:02.180,323,RECV,7E000F8100022C024E323039322D4E564953C6
06-26-2025 19:32:02.180,324,RECV,7E000F81000120024E313039322D33394F5009
06-26-2025 19:32:02.180,325,RECV,7E000F8100031C024E333039322D41354F3916
06-26-2025 19:32:02.230,326,RECV,7E000F81000430024E343039342D4C4D333000
06-26-2025 19:32:02.230,327,RECV,7E000F8100022C024E323039332D47383655FB
06-26-2025 19:32:02.230,328,RECV,7E000F81000120024E313039332D56564F39DF
06-26-2025 19:32:02.230,329,RECV,7E000F8100031C024E333039332D5356554EC7
06-26-2025 19:32:02.280,330,RECV,7E000F8100042D024E343039352D48335652DB
06-26-2025 19:32:02.280,331,RECV,7E000F8100022B024E323039342D4448343114
06-26-2025 19:32:02.280,332,RECV,7E000F81000120024E313039342D4E534F46DC
06-26-2025 19:32:02.330,333,RECV,7E000F8100031C024E333039342D4C50303115
06-26-2025 19:32:02.330,334,RECV,7E000F8100042D024E343039362D4D335453D6
06-26-2025 19:32:02.380,335,RECV,7E000F8100022B024E323039352D4E5A5835CF
06-26-2025 19:32:02.380,336,RECV,7E000F81000120024E313039352D3638495505
06-26-2025 19:32:02.380,337,RECV,7E000F8100031C024E333039352D4B585054CA
06-26-2025 19:32:02.430,338,RECV,7E000F8100042D024E343039372D4838505AD2
06-26-2025 19:32:02.431,339,RECV,7E000F8100022B024E323039362D37384D4601
06-26-2025 19:32:02.431,340,RECV,7E000F81000120024E313039362D494A3959EB
06-26-2025 19:32:02.431,341,RECV,7E000F8100031C024E333039362D35424C55F8
06-26-2025 19:32:02.480,342,RECV,7E000F8100042D024E343039382D49595950B0
06-26-2025 19:32:02.480,343,RECV,7E000F8100022B024E323039372D4C354E51E2
06-26-2025 19:32:02.480,344,RECV,7E000F81000120024E313039372D374E4B50EF
06-26-2025 19:32:02.491,345,RECV,7E000F8100031C024E333039372D5231374F06
06-26-2025 19:32:02.530,346,RECV,7E000F8100042D024E343039392D4B355A49D7
06-26-2025 19:32:02.542,347,RECV,7E000F8100022C024E323039382D47475234EC
06-26-2025 19:32:02.563,348,RECV,7E000F81000120024E313039382D31595138FB
06-26-2025 19:32:02.563,349,RECV,7E000F8100031C024E333039382D3147494508
06-26-2025 19:32:02.630,350,RECV,7E000F8100022C024E323039392D54525144C4
06-26-2025 19:32:02.631,351,RECV,7E000F81000120024E313039392D4257475AD3
06-26-2025 19:32:02.631,352,RECV,7E000F8100031C024E333039392D3639465800
