06-10-2025 18:55:05.041,-,API2,"Sink 1,0013A20041839DB1,802.15.4 TH,2003,/dev/ttyUSB0 - 57600/8/M/1/N,1,46"

06-10-2025 18:54:48.079,0,RECV,7E000F8100041F024E343030302D54394351F9
06-10-2025 18:54:48.080,1,RECV,7E000F8100062E024E363030302D48564257D0
06-10-2025 18:54:48.080,2,RECV,7E000F8100073A024E373030302D5244454ED0
06-10-2025 18:54:48.080,3,RECV,7E000F8100031A024E333030302D4B36554EFD
06-10-2025 18:54:48.080,4,RECV,7E000F81000534024E353030302D43345539FE
06-10-2025 18:54:48.080,5,RECV,7E000F8100041F024E343030312D4B515A52D1
06-10-2025 18:54:48.081,6,RECV,7E000F81000319024E333030312D3241564C0C
06-10-2025 18:54:48.129,7,RECV,7E000F8100041F024E343030322D334D544301
06-10-2025 18:54:48.129,8,RECV,7E000F8100031A024E333030322D5632544102
06-10-2025 18:54:48.129,9,RECV,7E000F81000420024E343030332D3046354E1D
06-10-2025 18:54:48.130,10,RECV,7E000F8100031A024E333030332D31494A3525
06-10-2025 18:54:48.179,11,RECV,7E000F81000420024E343030342D46434846FE
06-10-2025 18:54:48.191,12,RECV,7E000F8100031A024E333030342D4C4E44350A
06-10-2025 18:54:48.191,13,RECV,7E000F8100041F024E343030352D454C423909
06-10-2025 18:54:48.191,14,RECV,7E000F8100031A024E333030352D4F49434FF2
06-10-2025 18:54:48.229,15,RECV,7E000F8100041F024E343030362D324A4E51F9
06-10-2025 18:54:48.230,16,RECV,7E000F8100031A024E333030362D505A5A59BE
06-10-2025 18:54:48.230,17,RECV,7E000F8100041F024E343030372D374B4B4DF9
06-10-2025 18:54:48.280,18,RECV,7E000F8100031A024E333030372D4131304F29
06-10-2025 18:54:48.280,19,RECV,7E000F8100041F024E343030382D355A5356DA
06-10-2025 18:54:48.280,20,RECV,7E000F8100031A024E333030382D5243345000
06-10-2025 18:54:48.280,21,RECV,7E000F8100041F024E343030392D3746303430
06-10-2025 18:54:48.280,22,RECV,7E000F8100031A024E333030392D4F444149FB
06-10-2025 18:54:48.330,23,RECV,7E000F8100041F024E343031302D44594656E0
06-10-2025 18:54:48.330,24,RECV,7E000F8100062F024E363031302D4A4D5934E1
06-10-2025 18:54:48.330,25,RECV,7E000F8100031A024E333031302D5338314222
06-10-2025 18:54:48.330,26,RECV,7E000F8100041F024E343031312D5254544ED0
06-10-2025 18:54:48.330,27,RECV,7E000F8100062F024E363031312D4D434343EE
06-10-2025 18:54:48.350,28,RECV,7E000F8100031A024E333031312D44475A5AE0
06-10-2025 18:54:48.357,29,RECV,7E000F8100041F024E343031322D4D32363929
06-10-2025 18:54:48.380,30,RECV,7E000F8100062E024E363031322D36334D4A04
06-10-2025 18:54:48.381,31,RECV,7E000F8100031A024E333031322D4936355515
06-10-2025 18:54:48.381,32,RECV,7E000F8100073B024E373031322D57414E48C7
06-10-2025 18:54:48.381,33,RECV,7E000F8100041F024E343031332D5A475A55C6
06-10-2025 18:54:48.430,34,RECV,7E000F8100031A024E333031332D51484B44F5
06-10-2025 18:54:48.430,35,RECV,7E000F8100073B024E373031332D4F523442DD
06-10-2025 18:54:48.430,36,RECV,7E000F8100041F024E343031342D4E4D433106
06-10-2025 18:54:48.430,37,RECV,7E000F8100062F024E363031342D314E4E43F1
06-10-2025 18:54:48.430,38,RECV,7E000F8100031A024E333031342D3232473140
06-10-2025 18:54:48.430,39,RECV,7E000F8100073B024E373031342D363841337D31
06-10-2025 18:54:48.480,40,RECV,7E000F8100062F024E363031352D47344E56E1
06-10-2025 18:54:48.493,41,RECV,7E000F8100031A024E333031352D4952473702
06-10-2025 18:54:48.494,42,RECV,7E000F8100073B024E373031352D30525651C9
06-10-2025 18:54:48.494,43,RECV,7E000F8100041F024E343031362D38364B4A10
06-10-2025 18:54:48.494,44,RECV,7E000F8100062F024E363031362D3157334BF9
06-10-2025 18:54:48.494,45,RECV,7E000F8100031A024E333031362D3052363131
06-10-2025 18:54:48.494,46,RECV,7E000F8100073B024E373031362D35514B49D7
06-10-2025 18:54:48.494,47,RECV,7E000F8100041F024E343031372D464E4F5AD5
06-10-2025 18:54:48.511,48,RECV,7E000F8100062F024E363031372D3941455AE5
06-10-2025 18:54:48.511,49,RECV,7E000F8100031A024E333031372D52524E59CE
06-10-2025 18:54:48.511,50,RECV,7E000F8100073B024E373031372D5438434AD7
06-10-2025 18:54:48.511,51,RECV,7E000F8100041F024E343031382D30544A307D33
06-10-2025 18:54:48.552,52,RECV,7E000F8100062E024E363031382D414235337D33
06-10-2025 18:54:48.552,53,RECV,7E000F8100031A024E333031382D52425A30FA
06-10-2025 18:54:48.552,54,RECV,7E000F81000835024E383031392D36325A5AD6
06-10-2025 18:54:48.552,55,RECV,7E000F8100041F024E343031392D4444323224
06-10-2025 18:54:48.552,56,RECV,7E000F8100062E024E363031392D3546475AE1
06-10-2025 18:54:48.552,57,RECV,7E000F8100031A024E333031392D514B5050DB
06-10-2025 18:54:48.552,58,RECV,7E000F81000833024E383032302D374A354EF8
06-10-2025 18:54:48.552,59,RECV,7E000F8100041F024E343032302D444A37391A
06-10-2025 18:54:48.580,60,RECV,7E000F81000537024E353032302D58483456D4
06-10-2025 18:54:48.580,61,RECV,7E000F8100062E024E363032302D5430493701
06-10-2025 18:54:48.590,62,RECV,7E000F8100031A024E333032302D5045334215
06-10-2025 18:54:48.590,63,RECV,7E000F81000832024E383032312D5550424DC8
06-10-2025 18:54:48.591,64,RECV,7E000F8100041F024E343032312D334652301C
06-10-2025 18:54:48.621,65,RECV,7E000F81000537024E353032312D5233383709
06-10-2025 18:54:48.621,66,RECV,7E000F81000630024E363032312D53393950ED
06-10-2025 18:54:48.621,67,RECV,7E000F8100031A024E333032312D43555158DD
06-10-2025 18:54:48.621,68,RECV,7E000F81000834024E383032322D4448393103
06-10-2025 18:54:48.621,69,RECV,7E000F8100041F024E343032322D5649414BEB
06-10-2025 18:54:48.641,70,RECV,7E000F81000536024E353032322D4A364B50E2
06-10-2025 18:54:48.655,71,RECV,7E000F81000630024E363032322D52384456DD
06-10-2025 18:54:48.655,72,RECV,7E000F8100031A024E333032322D4C4E463508
06-10-2025 18:54:48.655,73,RECV,7E000F8100041F024E343032332D4E514B36F5
06-10-2025 18:54:48.655,74,RECV,7E000F8100073B024E373032322D425A5449BB
06-10-2025 18:54:48.662,75,RECV,7E000F81000536024E353032332D3554384BF0
06-10-2025 18:54:48.672,76,RECV,7E000F81000630024E363032332D583530350E
06-10-2025 18:54:48.672,77,RECV,7E000F81000319024E333032332D4A31394D1C
06-10-2025 18:54:48.672,78,RECV,7E000F8100073B024E373032332D414A3641F1
06-10-2025 18:54:48.680,79,RECV,7E000F81000536024E353032342D46415550CF
06-10-2025 18:54:48.681,80,RECV,7E000F8100062F024E363032342D434E3554E6
06-10-2025 18:54:48.691,81,RECV,7E000F8100031A024E333032342D4C475943EC
06-10-2025 18:54:48.691,82,RECV,7E000F8100073C024E373032342D574E574DA8
06-10-2025 18:54:48.731,83,RECV,7E000F81000536024E353032352D5A345135E6
06-10-2025 18:54:48.733,84,RECV,7E000F81000834024E383032362D41553354D8
06-10-2025 18:54:48.733,85,RECV,7E000F81000630024E363032352D45573351DE
06-10-2025 18:54:48.733,86,RECV,7E000F8100041F024E343032362D51324A57EE
06-10-2025 18:54:48.733,87,RECV,7E000F8100031A024E333032352D515A444DDE
06-10-2025 18:54:48.734,88,RECV,7E000F8100073B024E373032352D464E335AD0
06-10-2025 18:54:48.734,89,RECV,7E000F8100041F024E343032372D42495435FD
06-10-2025 18:54:48.734,90,RECV,7E000F8100031A024E333032362D47504E58DC
06-10-2025 18:54:48.734,91,RECV,7E000F8100073C024E373032362D4F463245E3
06-10-2025 18:54:48.781,92,RECV,7E000F81000420024E343032382D4B46495ADB
06-10-2025 18:54:48.824,93,RECV,7E000F8100031A024E333032372D38445A47FB
06-10-2025 18:54:48.824,94,RECV,7E000F8100073B024E373032372D515A364CC2
06-10-2025 18:54:48.831,95,RECV,7E000F81000834024E383032392D394B5349D2
06-10-2025 18:54:48.831,96,RECV,7E000F81000536024E353032382D46345651D6
06-10-2025 18:54:48.831,97,RECV,7E000F81000420024E343032392D48534C34F3
06-10-2025 18:54:48.831,98,RECV,7E000F81000630024E363032382D393031431E
06-10-2025 18:54:48.831,99,RECV,7E000F8100031A024E333032382D55434153EB
06-10-2025 18:54:48.831,100,RECV,7E000F8100073C024E373032382D414F4645D2
06-10-2025 18:54:48.831,101,RECV,7E000F81000834024E383033302D4F4E4A59BA
06-10-2025 18:54:48.831,102,RECV,7E000F81000536024E353032392D4455424ECD
06-10-2025 18:54:48.831,103,RECV,7E000F8100041F024E343033302D354B5A42FB
06-10-2025 18:54:48.832,104,RECV,7E000F8100062F024E363032392D3050374BF9
06-10-2025 18:54:48.832,105,RECV,7E000F8100031A024E333032392D58365857D9
06-10-2025 18:54:48.832,106,RECV,7E000F81000834024E383033312D53533554CA
06-10-2025 18:54:48.881,107,RECV,7E000F8100041F024E343033312D4C43534EE6
06-10-2025 18:54:48.882,108,RECV,7E000F81000630024E363033302D52435747CF
06-10-2025 18:54:48.882,109,RECV,7E000F8100031A024E333033302D5558544AD3
06-10-2025 18:54:48.882,110,RECV,7E000F8100073B024E373033302D413137301C
06-10-2025 18:54:48.883,111,RECV,7E000F81000834024E383033322D43584D5AB6
06-10-2025 18:54:48.883,112,RECV,7E000F81000420024E343033322D42573051FA
06-10-2025 18:54:48.884,113,RECV,7E000F8100062F024E363033312D514A5659B8
06-10-2025 18:54:48.884,114,RECV,7E000F8100031A024E333033312D4936364622
06-10-2025 18:54:48.884,115,RECV,7E000F8100073B024E373033312D314E5251D2
06-10-2025 18:54:48.884,116,RECV,7E000F81000834024E383033332D3936354112
06-10-2025 18:54:48.893,117,RECV,7E000F81000420024E343033332D464A3258F9
06-10-2025 18:54:48.897,118,RECV,7E000F8100062F024E363033322D324C42360B
06-10-2025 18:54:48.897,119,RECV,7E000F8100031A024E333033322D56575552C8
06-10-2025 18:54:48.897,120,RECV,7E000F8100073B024E373033322D4146323901
06-10-2025 18:54:48.933,121,RECV,7E000F81000834024E383033342D303346420B
06-10-2025 18:54:48.980,122,RECV,7E000F8100041F024E343033342D58324F48F2
06-10-2025 18:54:48.980,123,RECV,7E000F81000630024E363033332D58415941CC
06-10-2025 18:54:48.980,124,RECV,7E000F8100031A024E333033332D3331314D39
06-10-2025 18:54:48.980,125,RECV,7E000F8100073C024E373033332D56354F53C4
06-10-2025 18:54:48.980,126,RECV,7E000F81000834024E383033352D39504B37EA
06-10-2025 18:54:48.981,127,RECV,7E000F81000420024E343033352D4954363707
06-10-2025 18:54:48.981,128,RECV,7E000F8100062F024E363033342D5A314945E6
06-10-2025 18:54:48.981,129,RECV,7E000F8100031A024E333033342D50554E56D1
06-10-2025 18:54:48.982,130,RECV,7E000F8100073B024E373033342D50383242F5
06-10-2025 18:54:48.982,131,RECV,7E000F81000834024E383033362D57434348CF
06-10-2025 18:54:48.982,132,RECV,7E000F81000420024E343033362D59423558E8
06-10-2025 18:54:48.982,133,RECV,7E000F8100062F024E363033352D5A595938BA
06-10-2025 18:54:48.982,134,RECV,7E000F8100031A024E333033352D5850544ECF
06-10-2025 18:54:48.982,135,RECV,7E000F8100073C024E373033352D34425A54CB
06-10-2025 18:54:49.032,136,RECV,7E000F81000834024E383033372D43504135EA
06-10-2025 18:54:49.032,137,RECV,7E000F81000420024E343033372D4E394B4BF2
06-10-2025 18:54:49.032,138,RECV,7E000F81000536024E353033362D32444543FA
06-10-2025 18:54:49.032,139,RECV,7E000F8100062F024E363033362D4C493846EA
06-10-2025 18:54:49.032,140,RECV,7E000F8100031A024E333033362D4C58324FF3
06-10-2025 18:54:49.032,141,RECV,7E000F8100073B024E373033362D52444B33DB
06-10-2025 18:54:49.032,142,RECV,7E000F81000835024E383033382D485A4131DD
06-10-2025 18:54:49.032,143,RECV,7E000F8100041F024E343033382D305039371F
06-10-2025 18:54:49.032,144,RECV,7E000F81000536024E353033372D46333654F4
06-10-2025 18:54:49.032,145,RECV,7E000F81000630024E363033372D4A584B31DD
06-10-2025 18:54:49.032,146,RECV,7E000F8100031A024E333033372D354B47311F
06-10-2025 18:54:49.032,147,RECV,7E000F8100073C024E373033372D41345751D0
06-10-2025 18:54:49.032,148,RECV,7E000F81000834024E383033392D4A4C314FDB
06-10-2025 18:54:49.182,149,RECV,7E000F81000420024E343033392D4B423854F4
06-10-2025 18:54:49.182,150,RECV,7E000F81000536024E353033382D534C3949D5
06-10-2025 18:54:49.182,151,RECV,7E000F81000630024E363033382D584D444CC5
06-10-2025 18:54:49.183,152,RECV,7E000F8100031A024E333033382D59474635FB
06-10-2025 18:54:49.183,153,RECV,7E000F8100073B024E373033382D364C5352C6
06-10-2025 18:54:49.183,154,RECV,7E000F81000835024E383034302D55344646E3
06-10-2025 18:54:49.183,155,RECV,7E000F81000420024E343034302D58514831F3
06-10-2025 18:54:49.183,156,RECV,7E000F81000536024E353033392D59413437F0
06-10-2025 18:54:49.183,157,RECV,7E000F81000630024E363033392D47574531E5
06-10-2025 18:54:49.183,158,RECV,7E000F8100031A024E333033392D45514F36FA
06-10-2025 18:54:49.183,159,RECV,7E000F8100073C024E373033392D4233454FE2
06-10-2025 18:54:49.183,160,RECV,7E000F81000834024E383034312D45464D36EA
06-10-2025 18:54:49.183,161,RECV,7E000F8100041F024E343034312D51474F4BE3
06-10-2025 18:54:49.183,162,RECV,7E000F81000536024E353034302D44385844E5
06-10-2025 18:54:49.183,163,RECV,7E000F81000630024E363034302D44543556DE
06-10-2025 18:54:49.183,164,RECV,7E000F8100031A024E333034302D4939504FFC
06-10-2025 18:54:49.183,165,RECV,7E000F8100073B024E373034302D4B425A56B7
06-10-2025 18:54:49.183,166,RECV,7E000F81000835024E383034322D4A525759AA
06-10-2025 18:54:49.183,167,RECV,7E000F81000420024E343034322D3331465415
06-10-2025 18:54:49.183,168,RECV,7E000F81000536024E353034312D4B414E5AC8
06-10-2025 18:54:49.183,169,RECV,7E000F81000630024E363034312D49355344EB
06-10-2025 18:54:49.183,170,RECV,7E000F8100031A024E333034312D56544E41E3
06-10-2025 18:54:49.183,171,RECV,7E000F8100073B024E373034312D55525A42B0
06-10-2025 18:54:49.183,172,RECV,7E000F81000834024E383034332D4B43374FE2
06-10-2025 18:54:49.183,173,RECV,7E000F81000420024E343034332D5A3333470B
06-10-2025 18:54:49.183,174,RECV,7E000F81000536024E353034322D425A414BD3
06-10-2025 18:54:49.184,175,RECV,7E000F81000630024E363034322D46525432E1
06-10-2025 18:54:49.184,176,RECV,7E000F8100031A024E333034322D3939563221
06-10-2025 18:54:49.184,177,RECV,7E000F8100073B024E373034322D43563936EA
06-10-2025 18:54:49.184,178,RECV,7E000F81000835024E383034342D41543151DD
06-10-2025 18:54:49.184,179,RECV,7E000F8100041F024E343034342D564F4D38E8
06-10-2025 18:54:49.184,180,RECV,7E000F81000536024E353034332D39374351F6
06-10-2025 18:54:49.184,181,RECV,7E000F81000630024E363034332D34444B310A
06-10-2025 18:54:49.184,182,RECV,7E000F8100031A024E333034332D4854304509
06-10-2025 18:54:49.184,183,RECV,7E000F81000835024E383034352D354E5447D5
06-10-2025 18:54:49.194,184,RECV,7E000F81000420024E343034352D51513558E1
06-10-2025 18:54:49.194,185,RECV,7E000F81000536024E353034342D5437534FCC
06-10-2025 18:54:49.194,186,RECV,7E000F81000630024E363034342D4946574DCA
06-10-2025 18:54:49.225,187,RECV,7E000F8100031A024E333034342D36574D54EB
06-10-2025 18:54:49.225,188,RECV,7E000F8100041F024E343034362D4348475AE4
06-10-2025 18:54:49.248,189,RECV,7E000F81000536024E353034352D4F505A53AC
06-10-2025 18:54:49.315,190,RECV,7E000F81000630024E363034352D484F3852DB
06-10-2025 18:54:49.315,191,RECV,7E000F8100031A024E333034352D494C35430B
06-10-2025 18:54:49.315,192,RECV,7E000F81000834024E383034372D4F514D54B1
06-10-2025 18:54:49.316,193,RECV,7E000F8100073B024E373034352D5933313002
06-10-2025 18:54:49.316,194,RECV,7E000F8100041F024E343034372D384546420A
06-10-2025 18:54:49.316,195,RECV,7E000F81000536024E353034362D32595755C0
06-10-2025 18:54:49.316,196,RECV,7E000F81000630024E363034362D30585654C9
06-10-2025 18:54:49.316,197,RECV,7E000F8100031A024E333034362D56465937EB
06-10-2025 18:54:49.316,198,RECV,7E000F8100073B024E373034362D4255544EB5
06-10-2025 18:54:49.316,199,RECV,7E000F8100041F024E343034382D574C3459DE
06-10-2025 18:54:49.316,200,RECV,7E000F81000536024E353034372D3137344416
06-10-2025 18:54:49.316,201,RECV,7E000F81000630024E363034372D5431323310
06-10-2025 18:54:49.316,202,RECV,7E000F8100031A024E333034372D4C304B4F00
06-10-2025 18:54:49.316,203,RECV,7E000F8100073C024E373034372D45375930E7
06-10-2025 18:54:49.316,204,RECV,7E000F8100041F024E343034392D3547543607
06-10-2025 18:54:49.332,205,RECV,7E000F81000536024E353034382D38504F58C6
06-10-2025 18:54:49.332,206,RECV,7E000F8100062F024E363034382D44394159E3
06-10-2025 18:54:49.333,207,RECV,7E000F81000834024E383035302D414A343405
06-10-2025 18:54:49.333,208,RECV,7E000F8100031A024E333034382D5832523306
06-10-2025 18:54:49.333,209,RECV,7E000F8100041F024E343035302D3553523209
06-10-2025 18:54:49.333,210,RECV,7E000F81000536024E353034392D5930414FDB
06-10-2025 18:54:49.382,211,RECV,7E000F81000630024E363034392D36545741D6
06-10-2025 18:54:49.386,212,RECV,7E000F8100031A024E333034392D57364B57E5
06-10-2025 18:54:49.386,213,RECV,7E000F8100073B024E373034392D5633474BD0
06-10-2025 18:54:49.386,214,RECV,7E000F8100041F024E343035312D3149484C06
06-10-2025 18:54:49.386,215,RECV,7E000F81000536024E353035302D5543334FE2
06-10-2025 18:54:49.386,216,RECV,7E000F8100062F024E363035302D59385858C0
06-10-2025 18:54:49.386,217,RECV,7E000F8100031A024E333035302D5541335102
06-10-2025 18:54:49.386,218,RECV,7E000F8100073B024E373035302D4E563439E2
06-10-2025 18:54:49.387,219,RECV,7E000F8100041F024E343035322D4432573610
06-10-2025 18:54:49.387,220,RECV,7E000F81000536024E353035312D5A5A4D34C6
06-10-2025 18:54:49.387,221,RECV,7E000F81000833024E383035332D4C4D4455C4
06-10-2025 18:54:49.394,222,RECV,7E000F8100062F024E363035312D474C5656C1
06-10-2025 18:54:49.394,223,RECV,7E000F8100031A024E333035312D343752431B
06-10-2025 18:54:49.394,224,RECV,7E000F8100041F024E343035332D46505A35ED
06-10-2025 18:54:49.435,225,RECV,7E000F81000536024E353035322D48324451EB
06-10-2025 18:54:49.444,226,RECV,7E000F81000834024E383035342D4E343846F4
06-10-2025 18:54:49.445,227,RECV,7E000F81000630024E363035322D4B5A4238DF
06-10-2025 18:54:49.445,228,RECV,7E000F8100031A024E333035322D415A39337D33
06-10-2025 18:54:49.445,229,RECV,7E000F8100041F024E343035342D554E5533E6
06-10-2025 18:54:49.445,230,RECV,7E000F81000536024E353035332D30475437F7
06-10-2025 18:54:49.483,231,RECV,7E000F81000835024E383035352D5854504EA8
06-10-2025 18:54:49.483,232,RECV,7E000F8100062F024E363035332D4B384847EC
06-10-2025 18:54:49.483,233,RECV,7E000F8100031A024E333035332D43555058D9
06-10-2025 18:54:49.483,234,RECV,7E000F8100041F024E343035352D3831523025
06-10-2025 18:54:49.483,235,RECV,7E000F81000537024E353035342D52495733D2
06-10-2025 18:54:49.483,236,RECV,7E000F81000835024E383035362D4D563934E1
06-10-2025 18:54:49.483,237,RECV,7E000F81000630024E363035342D324C344A00
06-10-2025 18:54:49.483,238,RECV,7E000F8100031A024E333035342D304E344422
06-10-2025 18:54:49.483,239,RECV,7E000F8100041F024E343035362D41505143EA
06-10-2025 18:54:49.483,240,RECV,7E000F81000537024E353035352D53485945BD
06-10-2025 18:54:49.483,241,RECV,7E000F81000836024E383035372D4A4C3646DD
06-10-2025 18:54:49.483,242,RECV,7E000F8100062F024E363035352D4B30334FFF
06-10-2025 18:54:49.504,243,RECV,7E000F81000319024E333035352D504D304605
06-10-2025 18:54:49.504,244,RECV,7E000F81000537024E353035362D4738334201
06-10-2025 18:54:49.533,245,RECV,7E000F81000836024E383035382D4D4B5732CD
06-10-2025 18:54:49.533,246,RECV,7E000F8100062E024E363035362D50353958E6
06-10-2025 18:54:49.534,247,RECV,7E000F8100031A024E333035362D464C5551DE
06-10-2025 18:54:49.534,248,RECV,7E000F8100073A024E373035362D31394B47F2
06-10-2025 18:54:49.583,249,RECV,7E000F8100062F024E363035372D515A4246C7
06-10-2025 18:54:49.606,250,RECV,7E000F8100041F024E343035392D333549500B
06-10-2025 18:54:49.606,251,RECV,7E000F8100031A024E333035372D474C4D36FF
06-10-2025 18:54:49.607,252,RECV,7E000F8100073A024E373035372D55394931E5
06-10-2025 18:54:49.607,253,RECV,7E000F8100062E024E363035382D32355A57E2
06-10-2025 18:54:49.607,254,RECV,7E000F8100041F024E343036302D3239444421
06-10-2025 18:54:49.607,255,RECV,7E000F8100031A024E333035382D425031420F
06-10-2025 18:54:49.607,256,RECV,7E000F81000835024E383036312D374C5A4ECA
06-10-2025 18:54:49.607,257,RECV,7E000F81000536024E353035392D3237303525
06-10-2025 18:54:49.607,258,RECV,7E000F81000630024E363035392D4A31414DEE
06-10-2025 18:54:49.607,259,RECV,7E000F8100041F024E343036312D5037524BEF
06-10-2025 18:54:49.607,260,RECV,7E000F8100031A024E333035392D4D36414E01
06-10-2025 18:54:49.607,261,RECV,7E000F81000836024E383036322D30314356F9
06-10-2025 18:54:49.645,262,RECV,7E000F81000537024E353036302D59444158C4
06-10-2025 18:54:49.648,263,RECV,7E000F81000630024E363036302D51324351E8
06-10-2025 18:54:49.648,264,RECV,7E000F8100041F024E343036322D4A374D47FD
06-10-2025 18:54:49.648,265,RECV,7E000F8100031A024E333036302D374B4D55F7
06-10-2025 18:54:49.648,266,RECV,7E000F81000836024E383036332D4D344B44E2
06-10-2025 18:54:49.648,267,RECV,7E000F81000537024E353036312D374D4436FB
06-10-2025 18:54:49.683,268,RECV,7E000F8100062F024E363036312D4B543454D8
06-10-2025 18:54:49.684,269,RECV,7E000F8100041F024E343036332D38485957E1
06-10-2025 18:54:49.684,270,RECV,7E000F8100031A024E333036312D554C5838E9
06-10-2025 18:54:49.684,271,RECV,7E000F81000835024E383036342D54535230C9
06-10-2025 18:54:49.684,272,RECV,7E000F81000537024E353036322D31464854E5
06-10-2025 18:54:49.695,273,RECV,7E000F8100041F024E343036342D4E51464CDF
06-10-2025 18:54:49.695,274,RECV,7E000F8100031A024E333036322D30314D511A
06-10-2025 18:54:49.695,275,RECV,7E000F8100073C024E373036322D46335330F3
06-10-2025 18:54:49.696,276,RECV,7E000F81000835024E383036352D3151333804
06-10-2025 18:54:49.696,277,RECV,7E000F81000537024E353036332D4A393353EE
06-10-2025 18:54:49.696,278,RECV,7E000F8100041F024E343036352D5135544DE8
06-10-2025 18:54:49.716,279,RECV,7E000F8100031A024E333036332D39484554FE
06-10-2025 18:54:49.759,280,RECV,7E000F8100073C024E373036332D5331355ADB
06-10-2025 18:54:49.759,281,RECV,7E000F81000835024E383036362D37395537F4
06-10-2025 18:54:49.759,282,RECV,7E000F81000537024E353036342D4453375ACE
06-10-2025 18:54:49.783,283,RECV,7E000F8100041F024E343036362D54544459C9
06-10-2025 18:54:49.784,284,RECV,7E000F8100031A024E333036342D364A4F55F3
06-10-2025 18:54:49.784,285,RECV,7E000F8100073A024E373036342D4B305538E7
06-10-2025 18:54:49.784,286,RECV,7E000F81000835024E383036372D4B4A5236D2
06-10-2025 18:54:49.784,287,RECV,7E000F81000537024E353036352D37484A50DC
06-10-2025 18:54:49.784,288,RECV,7E000F8100041F024E343036372D375A4C5AD6
06-10-2025 18:54:49.784,289,RECV,7E000F81000631024E363036352D4555434CD0
06-10-2025 18:54:49.784,290,RECV,7E000F8100031A024E333036352D43553057F7
06-10-2025 18:54:49.784,291,RECV,7E000F81000836024E383036382D55454246CB
06-10-2025 18:54:49.786,292,RECV,7E000F81000537024E353036362D4A31314206
06-10-2025 18:54:49.786,293,RECV,7E000F8100041F024E343036382D34424E4CFC
06-10-2025 18:54:49.786,294,RECV,7E000F81000631024E363036362D58524752B5
06-10-2025 18:54:49.794,295,RECV,7E000F8100031A024E333036362D52523655E6
06-10-2025 18:54:49.796,296,RECV,7E000F81000835024E383036392D585A584F94
06-10-2025 18:54:49.796,297,RECV,7E000F81000537024E353036372D444C4E33E2
06-10-2025 18:54:49.884,298,RECV,7E000F8100041F024E343036392D58525755B5
06-10-2025 18:54:49.906,299,RECV,7E000F81000631024E363036372D4E593453C9
06-10-2025 18:54:49.907,300,RECV,7E000F8100031A024E333036372D364E553209
06-10-2025 18:54:49.907,301,RECV,7E000F8100073D024E373036372D4130504BDD
06-10-2025 18:54:49.907,302,RECV,7E000F81000835024E383037302D3539353919
06-10-2025 18:54:49.907,303,RECV,7E000F81000537024E353036382D4C454A32E5
06-10-2025 18:54:49.907,304,RECV,7E000F8100041F024E343037302D3233595401
06-10-2025 18:54:49.907,305,RECV,7E000F81000630024E363036382D43473758DE
06-10-2025 18:54:49.907,306,RECV,7E000F8100031A024E333036382D44414A49FB
06-10-2025 18:54:49.907,307,RECV,7E000F81000835024E383037312D3130385A01
06-10-2025 18:54:49.907,308,RECV,7E000F81000537024E353036392D4F50494BBE
06-10-2025 18:54:49.907,309,RECV,7E000F81000420024E343037312D5745324AF9
06-10-2025 18:54:49.907,310,RECV,7E000F8100062F024E363036392D4A494451CF
06-10-2025 18:54:49.907,311,RECV,7E000F8100031A024E333036392D59525933DB
06-10-2025 18:54:49.907,312,RECV,7E000F81000537024E353037302D31414C42F9
06-10-2025 18:54:49.907,313,RECV,7E000F81000420024E343037322D44444C52EA
06-10-2025 18:54:49.907,314,RECV,7E000F81000630024E363037302D55305A43DC
06-10-2025 18:54:49.907,315,RECV,7E000F8100031A024E333037302D59475657CD
06-10-2025 18:54:49.907,316,RECV,7E000F8100073C024E373037302D58414A4BC2
06-10-2025 18:54:49.907,317,RECV,7E000F81000537024E353037312D434F5434DE
06-10-2025 18:54:49.907,318,RECV,7E000F81000420024E343037332D3044425306
06-10-2025 18:54:49.907,319,RECV,7E000F81000630024E363037312D35525048DE
06-10-2025 18:54:49.907,320,RECV,7E000F81000835024E383037342D4655364ED2
06-10-2025 18:54:49.926,321,RECV,7E000F8100031A024E333037312D4B554D33F9
06-10-2025 18:54:49.934,322,RECV,7E000F81000537024E353037322D4F463755D6
06-10-2025 18:54:49.934,323,RECV,7E000F8100041F024E343037342D46465859D2
06-10-2025 18:54:49.967,324,RECV,7E000F81000630024E363037322D4A4C4659C7
06-10-2025 18:54:49.967,325,RECV,7E000F81000835024E383037352D5A4F5446AD
06-10-2025 18:54:49.967,326,RECV,7E000F8100031A024E333037322D3741373138
06-10-2025 18:54:49.967,327,RECV,7E000F8100073C024E373037322D52435944BC
06-10-2025 18:54:49.967,328,RECV,7E000F81000537024E353037332D43564C42CF
06-10-2025 18:54:49.967,329,RECV,7E000F8100041F024E343037352D554C324EED
06-10-2025 18:54:49.988,330,RECV,7E000F81000630024E363037332D42375039F9
06-10-2025 18:54:49.995,331,RECV,7E000F81000836024E383037362D45304453E2
06-10-2025 18:54:49.995,332,RECV,7E000F8100031A024E333037332D4E43553100
06-10-2025 18:54:49.995,333,RECV,7E000F81000537024E353037342D383833371B
06-10-2025 18:54:49.995,334,RECV,7E000F81000420024E343037362D445430370D
06-10-2025 18:54:49.995,335,RECV,7E000F8100062F024E363037342D484F3644EA
06-10-2025 18:54:49.998,336,RECV,7E000F81000834024E383037372D38544139E9
06-10-2025 18:54:49.998,337,RECV,7E000F8100031A024E333037342D54364F4BF2
06-10-2025 18:54:49.998,338,RECV,7E000F81000537024E353037352D445A5838C6
06-10-2025 18:54:49.998,339,RECV,7E000F81000420024E343037372D3534534906
06-10-2025 18:54:50.034,340,RECV,7E000F8100062F024E363037352D35493558EF
06-10-2025 18:54:50.087,341,RECV,7E000F8100031A024E333037352D33504E57ED
06-10-2025 18:54:50.087,342,RECV,7E000F81000536024E353037362D3549534DD6
06-10-2025 18:54:50.088,343,RECV,7E000F81000420024E343037382D324C45347D33
06-10-2025 18:54:50.088,344,RECV,7E000F81000834024E383037392D39354B36FE
06-10-2025 18:54:50.088,345,RECV,7E000F8100062F024E363037362D364A334FF7
06-10-2025 18:54:50.088,346,RECV,7E000F8100031A024E333037362D5A304E4FED
06-10-2025 18:54:50.088,347,RECV,7E000F81000536024E353037372D32464F37F5
06-10-2025 18:54:50.088,348,RECV,7E000F81000420024E343037392D57414247E8
06-10-2025 18:54:50.088,349,RECV,7E000F81000834024E383038302D37314552F6
06-10-2025 18:54:50.088,350,RECV,7E000F81000630024E363037372D37375642F1
06-10-2025 18:54:50.088,351,RECV,7E000F8100031A024E333037372D5158334CEB
06-10-2025 18:54:50.088,352,RECV,7E000F81000420024E343038302D5248344201
06-10-2025 18:54:50.134,353,RECV,7E000F81000834024E383038312D5339314EE9
06-10-2025 18:54:50.141,354,RECV,7E000F8100062F024E363037382D51583348D3
06-10-2025 18:54:50.141,355,RECV,7E000F8100031A024E333037382D5438373718
06-10-2025 18:54:50.141,356,RECV,7E000F81000420024E343038312D57573236FA
06-10-2025 18:54:50.141,357,RECV,7E000F81000834024E383038322D3347304405
06-10-2025 18:54:50.141,358,RECV,7E000F81000630024E363037392D424E5848C5
06-10-2025 18:54:50.141,359,RECV,7E000F8100031A024E333037392D52385542F0
06-10-2025 18:54:50.141,360,RECV,7E000F81000420024E343038322D39364D4310
06-10-2025 18:54:50.185,361,RECV,7E000F81000835024E383038332D57313259DE
06-10-2025 18:54:50.208,362,RECV,7E000F81000630024E363038302D5956544BAF
06-10-2025 18:54:50.208,363,RECV,7E000F8100031A024E333038302D4636495400
06-10-2025 18:54:50.208,364,RECV,7E000F81000420024E343038332D5254354FE4
06-10-2025 18:54:50.208,365,RECV,7E000F81000536024E353038312D3545524CE0
06-10-2025 18:54:50.208,366,RECV,7E000F81000835024E383038342D41505044CB
06-10-2025 18:54:50.208,367,RECV,7E000F81000630024E363038312D3036374619
06-10-2025 18:54:50.209,368,RECV,7E000F8100031A024E333038312D5542384207
06-10-2025 18:54:50.235,369,RECV,7E000F81000420024E343038342D4D455239F0
06-10-2025 18:54:50.235,370,RECV,7E000F81000536024E353038322D39454931FF
06-10-2025 18:54:50.236,371,RECV,7E000F81000835024E383038352D595A4836BE
06-10-2025 18:54:50.244,372,RECV,7E000F81000630024E363038322D47534C37DE
06-10-2025 18:54:50.244,373,RECV,7E000F8100031A024E333038322D324F5A4AF2
06-10-2025 18:54:50.245,374,RECV,7E000F8100041F024E343038352D544B3938FD
06-10-2025 18:54:50.245,375,RECV,7E000F81000536024E353038332D49494630EE
06-10-2025 18:54:50.245,376,RECV,7E000F81000834024E383038362D42595833C9
06-10-2025 18:54:50.245,377,RECV,7E000F81000630024E363038332D394B4E38F0
06-10-2025 18:54:50.285,378,RECV,7E000F8100031A024E333038332D5831344316
06-10-2025 18:54:50.285,379,RECV,7E000F8100041F024E343038362D58484938EB
06-10-2025 18:54:50.286,380,RECV,7E000F81000536024E353038342D52414641DB
06-10-2025 18:54:50.286,381,RECV,7E000F81000834024E383038372D314A5938E2
06-10-2025 18:54:50.286,382,RECV,7E000F81000630024E363038342D4138424EF0
06-10-2025 18:54:50.287,383,RECV,7E000F8100031A024E333038342D54505748D2
06-10-2025 18:54:50.287,384,RECV,7E000F8100041F024E343038372D59503253DD
06-10-2025 18:54:50.287,385,RECV,7E000F81000536024E353038352D57305744D2
06-10-2025 18:54:50.287,386,RECV,7E000F81000834024E383038382D475A5243B7
06-10-2025 18:54:50.287,387,RECV,7E000F81000630024E363038352D32545532EB
06-10-2025 18:54:50.297,388,RECV,7E000F8100031A024E333038352D4A52303018
06-10-2025 18:54:50.298,389,RECV,7E000F8100041F024E343038382D3132524312
06-10-2025 18:54:50.298,390,RECV,7E000F81000536024E353038362D48435958B7
06-10-2025 18:54:50.298,391,RECV,7E000F81000834024E383038392D5357384AC0
06-10-2025 18:54:50.298,392,RECV,7E000F81000630024E363038362D3536323327
06-10-2025 18:54:50.319,393,RECV,7E000F8100031A024E333038362D325A5745EB
06-10-2025 18:54:50.319,394,RECV,7E000F81000536024E353038372D59343755D9
06-10-2025 18:54:50.319,395,RECV,7E000F81000834024E383039302D46444C52CC
06-10-2025 18:54:50.338,396,RECV,7E000F8100062F024E363038372D4130433310
06-10-2025 18:54:50.379,397,RECV,7E000F8100031A024E333038372D4C53363607
06-10-2025 18:54:50.379,398,RECV,7E000F81000536024E353038382D34315736FF
06-10-2025 18:54:50.379,399,RECV,7E000F81000834024E383039312D5253565A9E
06-10-2025 18:54:50.379,400,RECV,7E000F81000630024E363038382D4A584755B7
06-10-2025 18:54:50.385,401,RECV,7E000F8100031A024E333038382D463642341F
06-10-2025 18:54:50.401,402,RECV,7E000F8100062F024E363038392D57573043D4
06-10-2025 18:54:50.401,403,RECV,7E000F8100041F024E343039322D4C504A4DDC
06-10-2025 18:54:50.401,404,RECV,7E000F8100073A024E373038392D324B4244E5
06-10-2025 18:54:50.401,405,RECV,7E000F8100031A024E333038392D3230563226
06-10-2025 18:54:50.436,406,RECV,7E000F81000630024E363039302D334D5847DD
06-10-2025 18:54:50.437,407,RECV,7E000F8100041F024E343039332D324137392B
06-10-2025 18:54:50.437,408,RECV,7E000F8100073C024E373039302D4734574ECE
06-10-2025 18:54:50.437,409,RECV,7E000F8100031A024E333039302D46385A4EF2
06-10-2025 18:54:50.437,410,RECV,7E000F8100062E024E363039312D36555033EF
06-10-2025 18:54:50.486,411,RECV,7E000F8100041F024E343039342D534E435ACF
06-10-2025 18:54:50.491,412,RECV,7E000F8100073A024E373039312D4741444CD7
06-10-2025 18:54:50.534,413,RECV,7E000F8100031A024E333039312D38575848E8
06-10-2025 18:54:50.534,414,RECV,7E000F81000536024E353039322D51335839E1
06-10-2025 18:54:50.534,415,RECV,7E000F81000630024E363039322D51415A44CA
06-10-2025 18:54:50.534,416,RECV,7E000F8100041F024E343039352D39545731F7
06-10-2025 18:54:50.534,417,RECV,7E000F8100073C024E373039322D31374B4AEF
06-10-2025 18:54:50.534,418,RECV,7E000F8100031A024E333039322D375A4E3403
06-10-2025 18:54:50.534,419,RECV,7E000F81000537024E353039332D57455230D6
06-10-2025 18:54:50.534,420,RECV,7E000F81000630024E363039332D58355059C3
06-10-2025 18:54:50.534,421,RECV,7E000F8100041F024E343039362D5144515ACB
06-10-2025 18:54:50.536,422,RECV,7E000F81000835024E383039372D50323755DE
06-10-2025 18:54:50.536,423,RECV,7E000F8100031A024E333039332D375A444EF2
06-10-2025 18:54:50.536,424,RECV,7E000F81000536024E353039342D51485457B0
06-10-2025 18:54:50.536,425,RECV,7E000F81000630024E363039342D4731364802
06-10-2025 18:54:50.536,426,RECV,7E000F8100041F024E343039372D5A505232DC
06-10-2025 18:54:50.536,427,RECV,7E000F81000835024E383039382D4930535AC5
06-10-2025 18:54:50.536,428,RECV,7E000F8100031A024E333039342D315938361C
06-10-2025 18:54:50.536,429,RECV,7E000F81000537024E353039352D32595356BE
06-10-2025 18:54:50.556,430,RECV,7E000F81000630024E363039352D4B52375AC9
06-10-2025 18:54:50.557,431,RECV,7E000F8100041F024E343039382D50355A37F3
06-10-2025 18:54:50.557,432,RECV,7E000F81000835024E383039392D425A4E43BD
06-10-2025 18:54:50.557,433,RECV,7E000F8100073C024E373039352D545A484BA8
06-10-2025 18:54:50.557,434,RECV,7E000F8100031A024E333039352D3335344334
06-10-2025 18:54:50.557,435,RECV,7E000F81000536024E353039362D4E395442D5
06-10-2025 18:54:50.598,436,RECV,7E000F8100041F024E343039392D4D435A55C9
06-10-2025 18:54:50.598,437,RECV,7E000F8100073C024E373039362D4B355A35D9
06-10-2025 18:54:50.598,438,RECV,7E000F8100031A024E333039362D5659524AC7
06-10-2025 18:54:50.598,439,RECV,7E000F81000536024E353039372D38394848F0
06-10-2025 18:54:50.599,440,RECV,7E000F81000630024E363039372D4A313357F0
06-10-2025 18:54:50.599,441,RECV,7E000F8100073C024E373039372D37524F54BB
06-10-2025 18:54:50.599,442,RECV,7E000F8100031A024E333039372D56513949E8
06-10-2025 18:54:50.599,443,RECV,7E000F81000536024E353039382D56323635FD
06-10-2025 18:54:50.636,444,RECV,7E000F81000630024E363039382D414A4433F2
06-10-2025 18:54:50.636,445,RECV,7E000F8100073C024E373039382D55333646E2
06-10-2025 18:54:50.637,446,RECV,7E000F8100031A024E333039382D54464547EA
06-10-2025 18:54:50.637,447,RECV,7E000F81000536024E353039392D4A514F4EB7
06-10-2025 18:54:50.651,448,RECV,7E000F81000630024E363039392D5A57314AC7
06-10-2025 18:54:50.703,449,RECV,7E000F8100073B024E373039392D544D5054A1
06-10-2025 18:54:50.703,450,RECV,7E000F8100031A024E333039392D33304F4E0F
