06-27-2025 05:21:39.307,-,API2,"Sink 1,0013A20041839DB1,802.15.4 TH,2003,/dev/ttyUSB0 - 57600/8/M/1/N,1,46"

06-27-2025 05:20:44.099,0,RECV,7E000F8100031C024E333030302D4E55383410
06-27-2025 05:20:44.106,1,RECV,7E000F8100052B024E353030302D59485354C4
06-27-2025 05:20:44.109,2,RECV,7E000F81000120024E313030302D4C4B304612
06-27-2025 05:20:44.450,3,RECV,7E000F8100031C024E333030312D4D4E4659E4
06-27-2025 05:20:44.457,4,RECV,7E000F8100052C024E353030312D59434259D3
06-27-2025 05:20:44.460,5,RECV,7E000F81000120024E313030312D484A363422
06-27-2025 05:20:44.800,6,RECV,7E000F8100031C024E333030322D3658474107
06-27-2025 05:20:44.800,7,RECV,7E000F8100052C024E353030322D4E533648EA
06-27-2025 05:20:44.810,8,RECV,7E000F81000120024E313030322D324A4B4115
06-27-2025 05:20:45.151,9,RECV,7E000F8100031C024E333030332D3349424519
06-27-2025 05:20:45.152,10,RECV,7E000F8100052D024E353030332D4E4C4558D0
06-27-2025 05:20:45.162,11,RECV,7E000F81000120024E313030332D4A594536FE
06-27-2025 05:20:45.505,12,RECV,7E000F8100031C024E333030342D34524F3115
06-27-2025 05:20:45.513,13,RECV,7E000F8100052D024E353030342D343241352A
06-27-2025 05:20:45.516,14,RECV,7E000F81000120024E313030342D53374255FA
06-27-2025 05:20:45.856,15,RECV,7E000F8100031C024E333030352D544F4E5ACF
06-27-2025 05:20:45.857,16,RECV,7E000F8100052D024E353030352D4734313425
06-27-2025 05:20:45.867,17,RECV,7E000F81000120024E313030352D41435A48F4
06-27-2025 05:20:46.208,18,RECV,7E000F8100031C024E333030362D4A47453112
06-27-2025 05:20:46.209,19,RECV,7E000F8100052D024E353030362D5542314EEE
06-27-2025 05:20:46.218,20,RECV,7E000F81000120024E313030362D4A4B5556D9
06-27-2025 05:20:46.558,21,RECV,7E000F8100031C024E333030372D53525138EA
06-27-2025 05:20:46.558,22,RECV,7E000F8100052D024E353030372D50333959EE
06-27-2025 05:20:46.569,23,RECV,7E000F81000120024E313030372D55524454D9
06-27-2025 05:20:46.909,24,RECV,7E000F8100031C024E333030382D594C4748E3
06-27-2025 05:20:46.909,25,RECV,7E000F8100052E024E353030382D3344323028
06-27-2025 05:20:46.919,26,RECV,7E000F81000120024E313030382D3859394409
06-27-2025 05:20:47.260,27,RECV,7E000F8100031C024E333030392D504F5046E1
06-27-2025 05:20:47.261,28,RECV,7E000F8100052E024E353030392D5144313208
06-27-2025 05:20:47.271,29,RECV,7E000F81000120024E313030392D5159564CCA
06-27-2025 05:20:47.612,30,RECV,7E000F8100031C024E333031302D424F553503
06-27-2025 05:20:47.622,31,RECV,7E000F81000120024E313031302D3434543929
06-27-2025 05:20:47.962,32,RECV,7E000F8100031C024E333031312D3333314640
06-27-2025 05:20:47.973,33,RECV,7E000F81000120024E313031312D4149415101
06-27-2025 05:20:48.314,34,RECV,7E000F8100031C024E333031322D3451303631
06-27-2025 05:20:48.324,35,RECV,7E000F81000120024E313031322D393255421A
06-27-2025 05:20:48.665,36,RECV,7E000F8100031C024E333031332D374D314125
06-27-2025 05:20:48.675,37,RECV,7E000F81000120024E313031332D495A4244F2
06-27-2025 05:20:49.015,38,RECV,7E000F8100031C024E333031342D58334A56EF
06-27-2025 05:20:49.026,39,RECV,7E000F81000120024E313031342D4D3833431F
06-27-2025 05:20:49.366,40,RECV,7E000F8100031C024E333031352D33424A4E0C
06-27-2025 05:20:49.377,41,RECV,7E000F81000120024E313031352D574A4F4CDD
06-27-2025 05:20:49.717,42,RECV,7E000F8100052B024E353031362D36534151EA
06-27-2025 05:20:49.726,43,RECV,7E000F8100022C024E323031362D53445456C9
06-27-2025 05:20:49.726,44,RECV,7E000F8100031C024E333031362D4A42534DEC
06-27-2025 05:20:49.728,45,RECV,7E000F81000120024E313031362D5A34434403
06-27-2025 05:20:50.068,46,RECV,7E000F8100052C024E353031372D4B30413710
06-27-2025 05:20:50.069,47,RECV,7E000F8100022C024E323031372D4E414C56D8
06-27-2025 05:20:50.069,48,RECV,7E000F8100031C024E333031372D5A454944EB
06-27-2025 05:20:50.089,49,RECV,7E000F81000120024E313031372D35324B3431
06-27-2025 05:20:50.419,50,RECV,7E000F8100052B024E353031382D4744394FF0
06-27-2025 05:20:50.419,51,RECV,7E000F8100022D024E323031382D5744323307
06-27-2025 05:20:50.420,52,RECV,7E000F8100031C024E333031382D30414F4412
06-27-2025 05:20:50.450,53,RECV,7E000F81000120024E313031382D46524B3102
06-27-2025 05:20:50.774,54,RECV,7E000F8100052B024E353031392D434F5554C7
06-27-2025 05:20:50.774,55,RECV,7E000F8100031C024E333031392D494B5341ED
06-27-2025 05:20:50.783,56,RECV,7E000F81000120024E313031392D3546503218
06-27-2025 05:20:51.123,57,RECV,7E000F8100052D024E353032302D5A484C31E9
06-27-2025 05:20:51.123,58,RECV,7E000F8100031C024E333032302D4A553859ED
06-27-2025 05:20:51.143,59,RECV,7E000F81000120024E313032302D4D47353222
06-27-2025 05:20:51.475,60,RECV,7E000F8100052E024E353032312D42544942E5
06-27-2025 05:20:51.475,61,RECV,7E000F8100031C024E333032312D53465750DC
06-27-2025 05:20:51.495,62,RECV,7E000F81000120024E313032312D5443383617
06-27-2025 05:20:51.825,63,RECV,7E000F8100052E024E353032322D3833493918
06-27-2025 05:20:51.826,64,RECV,7E000F8100031C024E333032322D3249564BFF
06-27-2025 05:20:51.846,65,RECV,7E000F81000120024E313032322D4444303033
06-27-2025 05:20:52.176,66,RECV,7E000F8100052D024E353032332D54304845F4
06-27-2025 05:20:52.176,67,RECV,7E000F8100031C024E333032332D5736483312
06-27-2025 05:20:52.197,68,RECV,7E000F81000120024E313032332D58465351D8
06-27-2025 05:20:52.527,69,RECV,7E000F8100052E024E353032342D4551474BDB
06-27-2025 05:20:52.528,70,RECV,7E000F8100031C024E333032342D56494148F1
06-27-2025 05:20:52.548,71,RECV,7E000F81000120024E313032342D39585149EE
06-27-2025 05:20:52.878,72,RECV,7E000F8100052D024E353032352D4E373851F5
06-27-2025 05:20:52.879,73,RECV,7E000F8100022D024E323032352D33314D3721
06-27-2025 05:20:52.880,74,RECV,7E000F8100031C024E333032352D38394D5307
06-27-2025 05:20:52.899,75,RECV,7E000F81000120024E313032352D51524D58D0
06-27-2025 05:20:53.229,76,RECV,7E000F8100052D024E353032362D47523346F0
06-27-2025 05:20:53.229,77,RECV,7E000F8100022C024E323032362D50554754C9
06-27-2025 05:20:53.229,78,RECV,7E000F8100031C024E333032362D45454952F2
06-27-2025 05:20:53.250,79,RECV,7E000F81000120024E313032362D46444B4200
06-27-2025 05:20:53.580,80,RECV,7E000F8100052D024E353032372D43445945DC
06-27-2025 05:20:53.581,81,RECV,7E000F8100022D024E323032372D46374E57E5
06-27-2025 05:20:53.582,82,RECV,7E000F8100031C024E333032372D594E4A44E1
06-27-2025 05:20:53.630,83,RECV,7E000F81000120024E313032372D314B48440E
06-27-2025 05:20:53.931,84,RECV,7E000F8100052D024E353032382D45365335FD
06-27-2025 05:20:53.931,85,RECV,7E000F8100022D024E323032382D55594E4CBE
06-27-2025 05:20:53.932,86,RECV,7E000F8100031C024E333032382D57485537EA
06-27-2025 05:20:53.981,87,RECV,7E000F81000120024E313032382D52584E35E8
06-27-2025 05:20:54.282,88,RECV,7E000F8100052C024E353032392D33573149FC
06-27-2025 05:20:54.282,89,RECV,7E000F8100022D024E323032392D54504956C2
06-27-2025 05:20:54.283,90,RECV,7E000F8100031C024E333032392D595A3957D1
06-27-2025 05:20:54.332,91,RECV,7E000F81000120024E313032392D56533059E2
06-27-2025 05:20:54.633,92,RECV,7E000F8100052C024E353033302D4E59534EC0
06-27-2025 05:20:54.636,93,RECV,7E000F8100022C024E323033302D42555633EE
06-27-2025 05:20:54.637,94,RECV,7E000F8100031C024E333033302D3632594714
06-27-2025 05:20:54.683,95,RECV,7E000F81000120024E313033302D323950520F
06-27-2025 05:20:54.984,96,RECV,7E000F8100052B024E353033312D51505644CD
06-27-2025 05:20:54.985,97,RECV,7E000F8100022D024E323033312D584A594EC3
06-27-2025 05:20:54.985,98,RECV,7E000F8100031C024E333033312D54395744F3
06-27-2025 05:20:55.034,99,RECV,7E000F81000120024E313033312D414233547D31
06-27-2025 05:20:55.335,100,RECV,7E000F8100052B024E353033322D4D594A52C5
06-27-2025 05:20:55.335,101,RECV,7E000F8100022D024E323033322D33424F3314
06-27-2025 05:20:55.335,102,RECV,7E000F8100031C024E333033322D464C524AEC
06-27-2025 05:20:55.385,103,RECV,7E000F81000120024E313033322D523333382A
06-27-2025 05:20:55.686,104,RECV,7E000F8100052E024E353033332D48514552D3
06-27-2025 05:20:55.686,105,RECV,7E000F8100022C024E323033332D444F4546ED
06-27-2025 05:20:55.686,106,RECV,7E000F8100031C024E333033332D5739503405
06-27-2025 05:20:55.736,107,RECV,7E000F81000120024E313033332D384D484EFE
06-27-2025 05:20:56.037,108,RECV,7E000F8100052E024E353033342D48384753E8
06-27-2025 05:20:56.037,109,RECV,7E000F8100022C024E323033342D58563839EB
06-27-2025 05:20:56.037,110,RECV,7E000F8100031C024E333033342D383847342D
06-27-2025 05:20:56.087,111,RECV,7E000F81000120024E313033342D554C4B33F9
06-27-2025 05:20:56.387,112,RECV,7E000F8100052D024E353033352D53374A4EE0
06-27-2025 05:20:56.388,113,RECV,7E000F8100022D024E323033352D4B4E484ADD
06-27-2025 05:20:56.389,114,RECV,7E000F8100031C024E333033352D47485354E1
06-27-2025 05:20:56.438,115,RECV,7E000F81000120024E313033352D4B32494908
06-27-2025 05:20:56.738,116,RECV,7E000F8100052C024E353033362D4F503349E7
06-27-2025 05:20:56.751,117,RECV,7E000F8100022C024E323033362D463251310E
06-27-2025 05:20:56.751,118,RECV,7E000F8100031C024E333033362D55374848FA
06-27-2025 05:20:56.788,119,RECV,7E000F81000120024E313033362D35504D4FF5
06-27-2025 05:20:57.089,120,RECV,7E000F8100052C024E353033372D4939374EFA
06-27-2025 05:20:57.090,121,RECV,7E000F8100022C024E323033372D4852454ADE
06-27-2025 05:20:57.090,122,RECV,7E000F8100031C024E333033372D4E584538F2
06-27-2025 05:20:57.139,123,RECV,7E000F81000120024E313033372D454A5337FC
06-27-2025 05:20:57.440,124,RECV,7E000F8100052B024E353033382D385A3847F0
06-27-2025 05:20:57.441,125,RECV,7E000F8100022D024E323033382D4A4E5747CF
06-27-2025 05:20:57.442,126,RECV,7E000F8100031C024E333033382D57574749D6
06-27-2025 05:20:57.490,127,RECV,7E000F81000120024E313033382D4D573854E4
06-27-2025 05:20:57.791,128,RECV,7E000F8100052D024E353033392D30454B42FC
06-27-2025 05:20:57.792,129,RECV,7E000F8100022D024E323033392D59345939E5
06-27-2025 05:20:57.793,130,RECV,7E000F8100031C024E333033392D5044584ED9
06-27-2025 05:20:57.841,131,RECV,7E000F81000120024E313033392D46355A56E8
06-27-2025 05:20:58.142,132,RECV,7E000F8100052D024E353034302D4B4B4235F9
06-27-2025 05:20:58.143,133,RECV,7E000F8100022C024E323034302D5046475AD6
06-27-2025 05:20:58.144,134,RECV,7E000F8100031C024E333034302D315050301A
06-27-2025 05:20:58.192,135,RECV,7E000F81000120024E313034302D3143414F17
06-27-2025 05:20:58.493,136,RECV,7E000F8100052D024E353034312D544F3052E0
06-27-2025 05:20:58.494,137,RECV,7E000F8100022D024E323034312D523544360A
06-27-2025 05:20:58.495,138,RECV,7E000F8100031C024E333034312D4B3746381A
06-27-2025 05:20:58.543,139,RECV,7E000F81000120024E313034312D50493655F6
06-27-2025 05:20:58.844,140,RECV,7E000F8100052C024E353034322D56574644CE
06-27-2025 05:20:58.845,141,RECV,7E000F8100022D024E323034322D44454345F9
06-27-2025 05:20:58.845,142,RECV,7E000F8100031C024E333034322D383052302F
06-27-2025 05:20:58.895,143,RECV,7E000F81000120024E313034322D4E484C49EE
06-27-2025 05:20:59.195,144,RECV,7E000F8100052C024E353034332D5349334EE7
06-27-2025 05:20:59.196,145,RECV,7E000F8100022D024E323034332D5441383606
06-27-2025 05:20:59.197,146,RECV,7E000F8100031C024E333034332D4248524BF1
06-27-2025 05:20:59.245,147,RECV,7E000F81000120024E313034332D334839451F
06-27-2025 05:20:59.546,148,RECV,7E000F8100052C024E353034342D42534C43DF
06-27-2025 05:20:59.547,149,RECV,7E000F8100022C024E323034342D43345A4BED
06-27-2025 05:20:59.548,150,RECV,7E000F8100031C024E333034342D4B41474AFA
06-27-2025 05:20:59.596,151,RECV,7E000F81000120024E313034342D454E5149EA
06-27-2025 05:20:59.897,152,RECV,7E000F8100052B024E353034352D524D3643EB
06-27-2025 05:20:59.898,153,RECV,7E000F8100022D024E323034352D4D504E4BD1
06-27-2025 05:20:59.898,154,RECV,7E000F8100031C024E333034352D50464E5AD8
06-27-2025 05:20:59.947,155,RECV,7E000F81000120024E313034352D59474246EE
06-27-2025 05:21:00.249,156,RECV,7E000F8100052E024E353034362D34545245E0
06-27-2025 05:21:00.251,157,RECV,7E000F8100022C024E323034362D3755475ADA
06-27-2025 05:21:00.251,158,RECV,7E000F8100031C024E333034362D4C39355902
06-27-2025 05:21:00.298,159,RECV,7E000F81000120024E313034362D4545524BEE
06-27-2025 05:21:00.599,160,RECV,7E000F8100052E024E353034372D42583655D9
06-27-2025 05:21:00.603,161,RECV,7E000F8100022C024E323034372D4E394646F3
06-27-2025 05:21:00.603,162,RECV,7E000F8100031C024E333034372D474E4847F0
06-27-2025 05:21:00.649,163,RECV,7E000F81000120024E313034372D3635424324
06-27-2025 05:21:00.950,164,RECV,7E000F8100052E024E353034382D4C34354206
06-27-2025 05:21:00.952,165,RECV,7E000F8100022D024E323034382D4C37345AF3
06-27-2025 05:21:00.952,166,RECV,7E000F8100031C024E333034382D56314657EF
06-27-2025 05:21:01.000,167,RECV,7E000F81000120024E313034382D59553151E3
06-27-2025 05:21:01.301,168,RECV,7E000F8100052E024E353034392D45534E30E6
06-27-2025 05:21:01.302,169,RECV,7E000F8100022D024E323034392D5144323804
06-27-2025 05:21:01.302,170,RECV,7E000F8100031C024E333034392D4733334D18
06-27-2025 05:21:01.351,171,RECV,7E000F81000120024E313034392D43415A38FC
06-27-2025 05:21:01.652,172,RECV,7E000F8100052E024E353035302D49385A4ADF
06-27-2025 05:21:01.653,173,RECV,7E000F8100022C024E323035302D47554448E4
06-27-2025 05:21:01.653,174,RECV,7E000F8100031C024E333035302D48455A44EF
06-27-2025 05:21:01.702,175,RECV,7E000F81000120024E313035302D3557444604
06-27-2025 05:21:02.003,176,RECV,7E000F8100052E024E353035312D4A534146DF
06-27-2025 05:21:02.004,177,RECV,7E000F8100022D024E323035312D3535444F0D
06-27-2025 05:21:02.005,178,RECV,7E000F8100031C024E333035312D5838543500
06-27-2025 05:21:02.053,179,RECV,7E000F81000120024E313035312D49445839FB
06-27-2025 05:21:02.354,180,RECV,7E000F8100052B024E353035322D50324D41F5
06-27-2025 05:21:02.355,181,RECV,7E000F8100022D024E323035322D35564F4AE5
06-27-2025 05:21:02.355,182,RECV,7E000F8100031C024E333035322D58415A53D2
06-27-2025 05:21:02.404,183,RECV,7E000F81000120024E313035322D58423153FA
06-27-2025 05:21:02.705,184,RECV,7E000F8100052D024E353035332D3334583310
06-27-2025 05:21:02.706,185,RECV,7E000F8100022D024E323035332D4B32554BEB
06-27-2025 05:21:02.707,186,RECV,7E000F8100031C024E333035332D5254435AD4
06-27-2025 05:21:02.755,187,RECV,7E000F81000120024E313035332D4458534FD9
06-27-2025 05:21:03.056,188,RECV,7E000F8100052E024E353035342D48515639D8
06-27-2025 05:21:03.056,189,RECV,7E000F8100022D024E323035342D484D4F31F2
06-27-2025 05:21:03.056,190,RECV,7E000F8100031C024E333035342D563932490C
06-27-2025 05:21:03.106,191,RECV,7E000F81000120024E313035342D5146314A04
06-27-2025 05:21:03.407,192,RECV,7E000F8100052E024E353035352D5244353004
06-27-2025 05:21:03.407,193,RECV,7E000F8100022D024E323035352D57585134D2
06-27-2025 05:21:03.407,194,RECV,7E000F8100031C024E333035352D46314D4A07
06-27-2025 05:21:03.457,195,RECV,7E000F81000120024E313035352D57354C58E5
06-27-2025 05:21:03.758,196,RECV,7E000F8100052E024E353035362D48575442C9
06-27-2025 05:21:03.759,197,RECV,7E000F8100022C024E323035362D52325137FA
06-27-2025 05:21:03.760,198,RECV,7E000F8100031C024E333035362D433535491E
06-27-2025 05:21:03.808,199,RECV,7E000F81000120024E313035362D464C32410F
06-27-2025 05:21:04.109,200,RECV,7E000F8100052C024E353035372D544B5357B6
06-27-2025 05:21:04.110,201,RECV,7E000F8100022C024E323035372D4B51364BE8
06-27-2025 05:21:04.111,202,RECV,7E000F8100031C024E333035372D4B584249E5
06-27-2025 05:21:04.159,203,RECV,7E000F81000120024E313035372D4E305355ED
06-27-2025 05:21:04.460,204,RECV,7E000F8100052D024E353035382D5036314105
06-27-2025 05:21:04.461,205,RECV,7E000F8100022D024E323035382D4D5A4939DA
06-27-2025 05:21:04.462,206,RECV,7E000F8100031C024E333035382D554F574CCB
06-27-2025 05:21:04.510,207,RECV,7E000F81000120024E313035382D5342564ADD
06-27-2025 05:21:04.811,208,RECV,7E000F8100052B024E353035392D3252303416
06-27-2025 05:21:04.813,209,RECV,7E000F8100022D024E323035392D48494D48DC
06-27-2025 05:21:04.814,210,RECV,7E000F8100031C024E333035392D484337301F
06-27-2025 05:21:04.861,211,RECV,7E000F81000120024E313035392D43545645DF
06-27-2025 05:21:05.162,212,RECV,7E000F8100052B024E353036302D304745377D33
06-27-2025 05:21:05.162,213,RECV,7E000F8100022C024E323036302D59583758CB
06-27-2025 05:21:05.163,214,RECV,7E000F8100031C024E333036302D4F4B444FEC
06-27-2025 05:21:05.212,215,RECV,7E000F81000120024E313036302D4D4C494CEB
06-27-2025 05:21:05.513,216,RECV,7E000F8100052B024E353036312D57345A4AD6
06-27-2025 05:21:05.514,217,RECV,7E000F8100022D024E323036312D4F523152E5
06-27-2025 05:21:05.514,218,RECV,7E000F8100031C024E333036312D544F3346FC
06-27-2025 05:21:05.562,219,RECV,7E000F81000120024E313036312D4646474500
06-27-2025 05:21:05.864,220,RECV,7E000F8100052B024E353036322D3238475AF9
06-27-2025 05:21:05.864,221,RECV,7E000F8100022D024E323036322D49485635EC
06-27-2025 05:21:05.864,222,RECV,7E000F8100031C024E333036322D524A4C59D6
06-27-2025 05:21:05.914,223,RECV,7E000F81000120024E313036322D335331520E
06-27-2025 05:21:06.214,224,RECV,7E000F8100052B024E353036332D324C434BF7
06-27-2025 05:21:06.215,225,RECV,7E000F8100022C024E323036332D3048314F10
06-27-2025 05:21:06.215,226,RECV,7E000F8100031C024E333036332D484B5250E1
06-27-2025 05:21:06.264,227,RECV,7E000F81000120024E313036332D3250483517
06-27-2025 05:21:06.565,228,RECV,7E000F8100052B024E353036342D37483859F2
06-27-2025 05:21:06.565,229,RECV,7E000F8100022D024E323036342D3653374AFC
06-27-2025 05:21:06.565,230,RECV,7E000F8100031C024E333036342D5252324AF5
06-27-2025 05:21:06.615,231,RECV,7E000F81000120024E313036342D3254474701
06-27-2025 05:21:06.916,232,RECV,7E000F8100052B024E353036352D38564753D9
06-27-2025 05:21:06.920,233,RECV,7E000F8100022D024E323036352D424C5144E2
06-27-2025 05:21:06.921,234,RECV,7E000F8100031C024E333036352D5632444701
06-27-2025 05:21:06.966,235,RECV,7E000F81000120024E313036352D4F44314808
06-27-2025 05:21:07.267,236,RECV,7E000F8100052C024E353036362D50525056B7
06-27-2025 05:21:07.273,237,RECV,7E000F8100022C024E323036362D5833494EE3
06-27-2025 05:21:07.273,238,RECV,7E000F8100031C024E333036362D4941514CEC
06-27-2025 05:21:07.317,239,RECV,7E000F81000120024E313036362D4B494E5AD7
06-27-2025 05:21:07.618,240,RECV,7E000F8100052C024E353036372D4157534AC9
06-27-2025 05:21:07.626,241,RECV,7E000F8100022C024E323036372D4142473604
06-27-2025 05:21:07.627,242,RECV,7E000F8100031C024E333036372D44464848F8
06-27-2025 05:21:07.668,243,RECV,7E000F81000120024E313036372D494D4E47E7
06-27-2025 05:21:07.969,244,RECV,7E000F8100052C024E353036382D4F475743CD
06-27-2025 05:21:07.980,245,RECV,7E000F8100022D024E323036382D304A5843ED
06-27-2025 05:21:07.980,246,RECV,7E000F8100031C024E333036382D41484F59E0
06-27-2025 05:21:08.021,247,RECV,7E000F81000120024E313036382D4A3035352D
06-27-2025 05:21:08.321,248,RECV,7E000F8100052D024E353036392D56475951B4
06-27-2025 05:21:08.331,249,RECV,7E000F8100022D024E323036392D5453544FB7
06-27-2025 05:21:08.331,250,RECV,7E000F8100031C024E333036392D30454E4409
06-27-2025 05:21:08.371,251,RECV,7E000F81000120024E313036392D4F3933470E
06-27-2025 05:21:08.671,252,RECV,7E000F8100052C024E353037302D444F5743D7
06-27-2025 05:21:08.682,253,RECV,7E000F8100022C024E323037302D4538364A0D
06-27-2025 05:21:08.689,254,RECV,7E000F8100031C024E333037302D4C594531FD
06-27-2025 05:21:08.780,255,RECV,7E000F81000120024E313037302D3542504B06
06-27-2025 05:21:09.022,256,RECV,7E000F8100052E024E353037312D36543449FA
06-27-2025 05:21:09.033,257,RECV,7E000F8100022D024E323037312D54595A47BA
06-27-2025 05:21:09.036,258,RECV,7E000F8100031C024E333037312D51464458E4
06-27-2025 05:21:09.124,259,RECV,7E000F81000120024E313037312D5A4D5553C8
06-27-2025 05:21:09.373,260,RECV,7E000F8100052D024E353037322D323653337D33
06-27-2025 05:21:09.384,261,RECV,7E000F8100022D024E323037322D55585455B1
06-27-2025 05:21:09.385,262,RECV,7E000F8100031C024E333037322D35544153F9
06-27-2025 05:21:09.473,263,RECV,7E000F81000120024E313037322D3437355620
06-27-2025 05:21:09.725,264,RECV,7E000F8100052D024E353037332D323635580B
06-27-2025 05:21:09.735,265,RECV,7E000F8100022C024E323037332D4E38305001
06-27-2025 05:21:09.756,266,RECV,7E000F8100031C024E333037332D494B374EFC
06-27-2025 05:21:09.825,267,RECV,7E000F81000120024E313037332D3157313923
06-27-2025 05:21:10.075,268,RECV,7E000F8100052E024E353037342D55365646D7
06-27-2025 05:21:10.086,269,RECV,7E000F8100022D024E323037342D344D4352EF
06-27-2025 05:21:10.086,270,RECV,7E000F8100031C024E333037342D4353463602
06-27-2025 05:21:10.176,271,RECV,7E000F81000120024E313037342D354749351A
06-27-2025 05:21:10.426,272,RECV,7E000F8100052D024E353037352D39435855D5
06-27-2025 05:21:10.437,273,RECV,7E000F8100022D024E323037352D43464837FC
06-27-2025 05:21:10.437,274,RECV,7E000F8100031C024E333037352D43515A4FD6
06-27-2025 05:21:10.526,275,RECV,7E000F81000120024E313037352D57434447EE
06-27-2025 05:21:10.777,276,RECV,7E000F8100052E024E353037362D46524745D8
06-27-2025 05:21:10.787,277,RECV,7E000F8100022D024E323037362D57583239E9
06-27-2025 05:21:10.787,278,RECV,7E000F8100031C024E333037362D364D5558E2
06-27-2025 05:21:10.877,279,RECV,7E000F81000120024E313037362D55475243E1
06-27-2025 05:21:11.129,280,RECV,7E000F8100052E024E353037372D584F3446DA
06-27-2025 05:21:11.139,281,RECV,7E000F8100022C024E323037372D3332484E08
06-27-2025 05:21:11.142,282,RECV,7E000F8100031C024E333037372D4B30433320
06-27-2025 05:21:11.229,283,RECV,7E000F81000120024E313037372D59325541F0
06-27-2025 05:21:11.480,284,RECV,7E000F8100052E024E353037382D5A37424CDB
06-27-2025 05:21:11.490,285,RECV,7E000F8100022D024E323037382D3831344B19
06-27-2025 05:21:11.490,286,RECV,7E000F8100031C024E333037382D524D5743D7
06-27-2025 05:21:11.580,287,RECV,7E000F81000120024E313037382D4D454D4BE6
06-27-2025 05:21:11.831,288,RECV,7E000F8100052E024E353037392D37444754E3
06-27-2025 05:21:11.841,289,RECV,7E000F8100022C024E323037392D37314F51F9
06-27-2025 05:21:11.841,290,RECV,7E000F8100031C024E333037392D52504A30F3
06-27-2025 05:21:11.931,291,RECV,7E000F81000120024E313037392D3244415305
06-27-2025 05:21:12.192,292,RECV,7E000F8100022C024E323038302D344643321A
06-27-2025 05:21:12.195,293,RECV,7E000F8100031C024E333038302D46485A45EA
06-27-2025 05:21:12.282,294,RECV,7E000F81000120024E313038302D4450304C07
06-27-2025 05:21:12.533,295,RECV,7E000F8100052E024E353038312D55304F52DA
06-27-2025 05:21:12.543,296,RECV,7E000F8100022D024E323038312D3843573401
06-27-2025 05:21:12.544,297,RECV,7E000F8100031C024E333038312D595A5452BD
06-27-2025 05:21:12.633,298,RECV,7E000F81000120024E313038312D59573552DF
06-27-2025 05:21:12.884,299,RECV,7E000F8100052D024E353038322D52433143F7
06-27-2025 05:21:12.894,300,RECV,7E000F8100022D024E323038322D59575249BB
06-27-2025 05:21:12.895,301,RECV,7E000F8100031C024E333038322D55465045E5
06-27-2025 05:21:12.984,302,RECV,7E000F81000120024E313038322D4742584CE8
06-27-2025 05:21:13.235,303,RECV,7E000F8100052E024E353038332D43564253D0
06-27-2025 05:21:13.255,304,RECV,7E000F8100022C024E323038332D46345051EB
06-27-2025 05:21:13.259,305,RECV,7E000F8100031C024E333038332D4B36375903
06-27-2025 05:21:13.335,306,RECV,7E000F81000120024E313038332D57424655E0
06-27-2025 05:21:13.586,307,RECV,7E000F8100052E024E353038342D584A4B49C7
06-27-2025 05:21:13.606,308,RECV,7E000F8100022D024E323038342D4F585758AE
06-27-2025 05:21:13.607,309,RECV,7E000F8100031C024E333038342D38554D46F3
06-27-2025 05:21:13.686,310,RECV,7E000F81000120024E313038342D364D4354F9
06-27-2025 05:21:13.937,311,RECV,7E000F8100052D024E353038352D42544649D8
06-27-2025 05:21:13.958,312,RECV,7E000F8100022D024E323038352D54533146E5
06-27-2025 05:21:13.963,313,RECV,7E000F8100031C024E333038352D534F3351EC
06-27-2025 05:21:14.037,314,RECV,7E000F81000120024E313038352D48565444DC
06-27-2025 05:21:14.288,315,RECV,7E000F8100052C024E353038362D33595331ED
06-27-2025 05:21:14.308,316,RECV,7E000F8100022C024E323038362D304C4545FD
06-27-2025 05:21:14.313,317,RECV,7E000F8100031C024E333038362D3142385A0C
06-27-2025 05:21:14.388,318,RECV,7E000F81000120024E313038362D5255524DCB
06-27-2025 05:21:14.639,319,RECV,7E000F8100052C024E353038372D52363659E5
06-27-2025 05:21:14.659,320,RECV,7E000F8100022D024E323038372D384F4F56D5
06-27-2025 05:21:14.659,321,RECV,7E000F8100031C024E333038372D31474C52FA
06-27-2025 05:21:14.739,322,RECV,7E000F81000120024E313038372D4730424E09
06-27-2025 05:21:14.989,323,RECV,7E000F8100052C024E353038382D4F495A4DBC
06-27-2025 05:21:15.010,324,RECV,7E000F8100022D024E323038382D4B325735F7
06-27-2025 05:21:15.010,325,RECV,7E000F8100031C024E333038382D483332342E
06-27-2025 05:21:15.090,326,RECV,7E000F81000120024E313038382D434B5A37F0
06-27-2025 05:21:15.341,327,RECV,7E000F8100052C024E353038392D39374A4EF2
06-27-2025 05:21:15.361,328,RECV,7E000F8100022C024E323038392D51594A53B9
06-27-2025 05:21:15.383,329,RECV,7E000F8100031C024E333038392D3159494DEE
06-27-2025 05:21:15.411,330,RECV,7E000F81000120024E313038392D3237365619
06-27-2025 05:21:15.691,331,RECV,7E000F8100052E024E353039302D34445438FC
06-27-2025 05:21:15.742,332,RECV,7E000F8100022C024E323039302D3150325AFB
06-27-2025 05:21:15.742,333,RECV,7E000F8100031C024E333039302D3754473014
06-27-2025 05:21:15.792,334,RECV,7E000F81000120024E313039302D314C303039
06-27-2025 05:21:16.042,335,RECV,7E000F8100052D024E353039312D4B304443FE
06-27-2025 05:21:16.092,336,RECV,7E000F8100022D024E323039312D554D5038DC
06-27-2025 05:21:16.093,337,RECV,7E000F8100031C024E333039312D4F315959E3
06-27-2025 05:21:16.142,338,RECV,7E000F81000120024E313039312D32535658E2
06-27-2025 05:21:16.393,339,RECV,7E000F8100052D024E353039322D4943584BD0
06-27-2025 05:21:16.443,340,RECV,7E000F8100022D024E323039322D43355141FB
06-27-2025 05:21:16.443,341,RECV,7E000F8100031C024E333039322D463831560F
06-27-2025 05:21:16.493,342,RECV,7E000F81000120024E313039322D52344B3310
06-27-2025 05:21:16.744,343,RECV,7E000F8100052D024E353039332D484F4752CE
06-27-2025 05:21:16.795,344,RECV,7E000F8100022C024E323039332D453941390D
06-27-2025 05:21:16.795,345,RECV,7E000F8100031C024E333039332D3534364C28
06-27-2025 05:21:16.844,346,RECV,7E000F81000120024E313039332D31345A59FB
06-27-2025 05:21:17.095,347,RECV,7E000F8100052D024E353039342D495A5254B4
06-27-2025 05:21:17.145,348,RECV,7E000F8100022D024E323039342D44514755D2
06-27-2025 05:21:17.145,349,RECV,7E000F8100031C024E333039342D435A4E52D5
06-27-2025 05:21:17.195,350,RECV,7E000F81000120024E313039342D3359314D08
06-27-2025 05:21:17.446,351,RECV,7E000F8100052D024E353039352D4B5A3533EF
06-27-2025 05:21:17.496,352,RECV,7E000F8100022D024E323039352D574A3442EB
06-27-2025 05:21:17.498,353,RECV,7E000F8100031C024E333039352D4D4E4942EB
06-27-2025 05:21:17.546,354,RECV,7E000F81000120024E313039352D43574B4DDF
06-27-2025 05:21:17.797,355,RECV,7E000F8100052D024E353039362D4D583450D2
06-27-2025 05:21:17.847,356,RECV,7E000F8100022C024E323039362D574D3932F3
06-27-2025 05:21:17.847,357,RECV,7E000F8100031C024E333039362D5535485AE4
06-27-2025 05:21:17.897,358,RECV,7E000F81000120024E313039362D594E305ADF
06-27-2025 05:21:18.148,359,RECV,7E000F8100052D024E353039372D335A5048D5
06-27-2025 05:21:18.198,360,RECV,7E000F8100022D024E323039372D44365852DC
06-27-2025 05:21:18.198,361,RECV,7E000F8100031C024E333039372D46445356DC
06-27-2025 05:21:18.248,362,RECV,7E000F81000120024E313039372D454E3652F4
06-27-2025 05:21:18.499,363,RECV,7E000F8100052D024E353039382D47304156EB
06-27-2025 05:21:18.549,364,RECV,7E000F8100022D024E323039382D31544439FD
06-27-2025 05:21:18.564,365,RECV,7E000F8100031C024E333039382D59414143F0
06-27-2025 05:21:18.599,366,RECV,7E000F81000120024E313039382D334446351C
06-27-2025 05:21:18.850,367,RECV,7E000F8100052C024E353039392D46543730F8
06-27-2025 05:21:18.900,368,RECV,7E000F8100022C024E323039392D4E335746E1
06-27-2025 05:21:18.900,369,RECV,7E000F8100031C024E333039392D454A4657E1
06-27-2025 05:21:18.950,370,RECV,7E000F81000120024E313039392D4635424E02
