06-29-2025 21:58:02.272,-,API2,"Sink 1,0013A20041839DB1,802.15.4 TH,2003,/dev/ttyUSB0 - 57600/8/M/1/N,1,46"

06-29-2025 21:57:19.790,0,RECV,7E000F81000634024E363030302D5448544DC4
06-29-2025 21:57:19.795,1,RECV,7E000F8100052C024E353030302D564A394FE3
06-29-2025 21:57:19.796,2,RECV,7E000F81000229024E323030302D4E513941FB
06-29-2025 21:57:19.839,3,RECV,7E000F81000122024E313030302D3633533130
06-29-2025 21:57:19.990,4,RECV,7E000F81000633024E363030312D414F4857D2
06-29-2025 21:57:19.990,5,RECV,7E000F8100052B024E353030312D4D444F33F8
06-29-2025 21:57:19.990,6,RECV,7E000F81000229024E323030312D3655334A0B
06-29-2025 21:57:20.040,7,RECV,7E000F81000122024E313030312D564C534ED9
06-29-2025 21:57:20.190,8,RECV,7E000F81000634024E363030322D34425733FF
06-29-2025 21:57:20.190,9,RECV,7E000F8100052B024E353030322D3833483720
06-29-2025 21:57:20.191,10,RECV,7E000F81000229024E323030322D4A324951FC
06-29-2025 21:57:20.241,11,RECV,7E000F81000122024E313030322D43484D4102
06-29-2025 21:57:20.391,12,RECV,7E000F81000634024E363030332D52334E31FA
06-29-2025 21:57:20.391,13,RECV,7E000F8100052C024E353030332D52503446EC
06-29-2025 21:57:20.391,14,RECV,7E000F81000229024E323030332D57394B4BEB
06-29-2025 21:57:20.441,15,RECV,7E000F81000122024E313030332D39494E301A
06-29-2025 21:57:20.591,16,RECV,7E000F81000631024E363030342D4F443247F4
06-29-2025 21:57:20.594,17,RECV,7E000F8100052B024E353030342D4A4C4857D3
06-29-2025 21:57:20.594,18,RECV,7E000F81000229024E323030342D3642584EF2
06-29-2025 21:57:20.641,19,RECV,7E000F81000122024E313030342D33585350EB
06-29-2025 21:57:20.792,20,RECV,7E000F81000631024E363030352D55554853BA
06-29-2025 21:57:20.794,21,RECV,7E000F8100052B024E353030352D5856385AC7
06-29-2025 21:57:20.794,22,RECV,7E000F81000229024E323030352D305130332B
06-29-2025 21:57:20.842,23,RECV,7E000F81000122024E313030352D49464751F1
06-29-2025 21:57:20.992,24,RECV,7E000F81000631024E363030362D364B5343E7
06-29-2025 21:57:20.992,25,RECV,7E000F8100052B024E353030362D5738384AF5
06-29-2025 21:57:20.992,26,RECV,7E000F81000229024E323030362D394F4A58E4
06-29-2025 21:57:21.042,27,RECV,7E000F81000122024E313030362D5139433119
06-29-2025 21:57:21.194,28,RECV,7E000F81000630024E363030372D32424D4FEE
06-29-2025 21:57:21.195,29,RECV,7E000F8100052B024E353030372D59445438DC
06-29-2025 21:57:21.195,30,RECV,7E000F81000229024E323030372D4C453059F3
06-29-2025 21:57:21.244,31,RECV,7E000F81000122024E313030372D32574A390A
06-29-2025 21:57:21.394,32,RECV,7E000F81000630024E363030382D36394A317D33
06-29-2025 21:57:21.394,33,RECV,7E000F8100052B024E353030382D49334156F1
06-29-2025 21:57:21.394,34,RECV,7E000F81000229024E323030382D37505144F0
06-29-2025 21:57:21.444,35,RECV,7E000F81000122024E313030382D3349344D18
06-29-2025 21:57:21.594,36,RECV,7E000F81000630024E363030392D53334C43E7
06-29-2025 21:57:21.595,37,RECV,7E000F8100052B024E353030392D4630474105
06-29-2025 21:57:21.595,38,RECV,7E000F81000229024E323030392D49524748E1
06-29-2025 21:57:21.645,39,RECV,7E000F81000122024E313030392D474D3954F3
06-29-2025 21:57:21.796,40,RECV,7E000F81000630024E363031302D5348564BC8
06-29-2025 21:57:21.796,41,RECV,7E000F8100052B024E353031302D30575658D6
06-29-2025 21:57:21.796,42,RECV,7E000F81000229024E323031302D36564F52E6
06-29-2025 21:57:21.846,43,RECV,7E000F81000122024E313031302D59535246D8
06-29-2025 21:57:21.996,44,RECV,7E000F8100062F024E363031312D5334364AFD
06-29-2025 21:57:21.999,45,RECV,7E000F8100052C024E353031312D50454647E7
06-29-2025 21:57:21.999,46,RECV,7E000F81000229024E323031312D4B5931310C
06-29-2025 21:57:22.046,47,RECV,7E000F81000121024E313031312D4F49374FFE
06-29-2025 21:57:22.196,48,RECV,7E000F81000630024E363031322D54334C4CE3
06-29-2025 21:57:22.196,49,RECV,7E000F8100052B024E353031322D5737384DF6
06-29-2025 21:57:22.197,50,RECV,7E000F81000229024E323031322D434F4647F2
06-29-2025 21:57:22.246,51,RECV,7E000F81000122024E313031322D35414C4B0D
06-29-2025 21:57:22.397,52,RECV,7E000F81000630024E363031332D53584257BD
06-29-2025 21:57:22.401,53,RECV,7E000F8100052B024E353031332D4F335351E2
06-29-2025 21:57:22.401,54,RECV,7E000F81000229024E323031332D49544B57D1
06-29-2025 21:57:22.447,55,RECV,7E000F81000121024E313031332D4E47424AF9
06-29-2025 21:57:22.597,56,RECV,7E000F8100062F024E363031342D51394C31FA
06-29-2025 21:57:22.597,57,RECV,7E000F8100052B024E353031342D34594C51DD
06-29-2025 21:57:22.597,58,RECV,7E000F81000229024E323031342D42435350E7
06-29-2025 21:57:22.647,59,RECV,7E000F81000122024E313031342D5433345706
06-29-2025 21:57:22.798,60,RECV,7E000F8100052B024E353031352D554D4841DB
06-29-2025 21:57:22.799,61,RECV,7E000F81000229024E323031352D3547593900
06-29-2025 21:57:22.848,62,RECV,7E000F81000121024E313031352D4C434A4FF0
06-29-2025 21:57:22.998,63,RECV,7E000F8100052C024E353031362D3638594AF3
06-29-2025 21:57:23.001,64,RECV,7E000F81000229024E323031362D4135585AE5
06-29-2025 21:57:23.048,65,RECV,7E000F81000122024E313031362D375431302A
06-29-2025 21:57:23.209,66,RECV,7E000F81000229024E323031372D50375942EA
06-29-2025 21:57:23.249,67,RECV,7E000F81000121024E313031372D414C4D49F3
06-29-2025 21:57:23.399,68,RECV,7E000F8100052C024E353031382D42445055D7
06-29-2025 21:57:23.399,69,RECV,7E000F81000229024E323031382D58573952D1
06-29-2025 21:57:23.449,70,RECV,7E000F81000121024E313031382D5332384A0E
06-29-2025 21:57:23.600,71,RECV,7E000F8100052D024E353031392D4E545334D7
06-29-2025 21:57:23.600,72,RECV,7E000F81000229024E323031392D4B46314305
06-29-2025 21:57:23.650,73,RECV,7E000F81000121024E313031392D504A4155E4
06-29-2025 21:57:23.800,74,RECV,7E000F8100052C024E353032302D3937325512
06-29-2025 21:57:23.822,75,RECV,7E000F81000631024E363032302D384C4B4FE4
06-29-2025 21:57:23.822,76,RECV,7E000F81000229024E323032302D5A553036FD
06-29-2025 21:57:23.850,77,RECV,7E000F81000122024E313032302D4D3652357D31
06-29-2025 21:57:24.001,78,RECV,7E000F8100052C024E353032312D4F564F4CC8
06-29-2025 21:57:24.002,79,RECV,7E000F81000632024E363032312D4C34313817
06-29-2025 21:57:24.002,80,RECV,7E000F81000229024E323032312D47494A43F4
06-29-2025 21:57:24.051,81,RECV,7E000F81000122024E313032312D515A5156C8
06-29-2025 21:57:24.201,82,RECV,7E000F8100052C024E353032322D4F414156E0
06-29-2025 21:57:24.204,83,RECV,7E000F81000632024E363032322D5854324CD5
06-29-2025 21:57:24.212,84,RECV,7E000F81000229024E323032322D323636442E
06-29-2025 21:57:24.252,85,RECV,7E000F81000121024E313032322D4D444F58E2
06-29-2025 21:57:24.402,86,RECV,7E000F8100052C024E353032332D514E5538DA
06-29-2025 21:57:24.431,87,RECV,7E000F81000631024E363032332D344B46300A
06-29-2025 21:57:24.431,88,RECV,7E000F81000229024E323032332D383533511E
06-29-2025 21:57:24.452,89,RECV,7E000F81000122024E313032332D444D5732FE
06-29-2025 21:57:24.602,90,RECV,7E000F8100052C024E353032342D3842434BFD
06-29-2025 21:57:24.607,91,RECV,7E000F81000630024E363032342D463342317D33
06-29-2025 21:57:24.653,92,RECV,7E000F81000229024E323032342D385530321F
06-29-2025 21:57:24.656,93,RECV,7E000F81000122024E313032342D304E5456EF
06-29-2025 21:57:24.803,94,RECV,7E000F8100052C024E353032352D3033484F0A
06-29-2025 21:57:24.803,95,RECV,7E000F81000630024E363032352D434F3151EA
06-29-2025 21:57:24.803,96,RECV,7E000F81000229024E323032352D47595443D6
06-29-2025 21:57:24.853,97,RECV,7E000F81000122024E313032352D4349563202
06-29-2025 21:57:25.004,98,RECV,7E000F8100052C024E353032362D33534F59D5
06-29-2025 21:57:25.014,99,RECV,7E000F81000630024E363032362D59444237E7
06-29-2025 21:57:25.014,100,RECV,7E000F81000229024E323032362D554D495AC7
06-29-2025 21:57:25.054,101,RECV,7E000F81000122024E313032362D344845371D
06-29-2025 21:57:25.204,102,RECV,7E000F8100052C024E353032372D3630353730
06-29-2025 21:57:25.204,103,RECV,7E000F81000630024E363032372D584D3534EE
06-29-2025 21:57:25.214,104,RECV,7E000F81000229024E323032372D5234594CE0
06-29-2025 21:57:25.254,105,RECV,7E000F81000121024E313032372D56474742EF
06-29-2025 21:57:25.405,106,RECV,7E000F8100052C024E353032382D51315548E2
06-29-2025 21:57:25.455,107,RECV,7E000F81000630024E363032382D585A3547CD
06-29-2025 21:57:25.457,108,RECV,7E000F81000229024E323032382D5A4D4538E6
06-29-2025 21:57:25.457,109,RECV,7E000F81000122024E313032382D50375055E7
06-29-2025 21:57:25.606,110,RECV,7E000F8100052C024E353032392D42533947EB
06-29-2025 21:57:25.611,111,RECV,7E000F81000631024E363032392D30325A46F7
06-29-2025 21:57:25.655,112,RECV,7E000F81000229024E323032392D4737413218
06-29-2025 21:57:25.655,113,RECV,7E000F81000122024E313032392D56425444E2
06-29-2025 21:57:25.806,114,RECV,7E000F8100052C024E353033302D5549385AD8
06-29-2025 21:57:25.810,115,RECV,7E000F81000632024E363033302D3143504CF0
06-29-2025 21:57:25.810,116,RECV,7E000F81000229024E323033302D59333854F9
06-29-2025 21:57:25.856,117,RECV,7E000F81000121024E313033302D55564248E6
06-29-2025 21:57:26.006,118,RECV,7E000F8100052D024E353033312D3233583316
06-29-2025 21:57:26.017,119,RECV,7E000F81000632024E363033312D4D4B5931DD
06-29-2025 21:57:26.020,120,RECV,7E000F81000229024E323033312D3346393727
06-29-2025 21:57:26.056,121,RECV,7E000F81000122024E313033312D444A48340F
06-29-2025 21:57:26.207,122,RECV,7E000F8100052C024E353033322D3346454FF9
06-29-2025 21:57:26.215,123,RECV,7E000F81000632024E363033322D41563945E9
06-29-2025 21:57:26.228,124,RECV,7E000F81000229024E323033322D4C594E54C8
06-29-2025 21:57:26.257,125,RECV,7E000F81000122024E313033322D58474556DE
06-29-2025 21:57:26.407,126,RECV,7E000F8100052C024E353033332D4F4F584FC0
06-29-2025 21:57:26.457,127,RECV,7E000F81000630024E363033332D31424E58E6
06-29-2025 21:57:26.458,128,RECV,7E000F81000229024E323033332D5956544FBC
06-29-2025 21:57:26.458,129,RECV,7E000F81000121024E313033332D4B4D4B51E4
06-29-2025 21:57:26.608,130,RECV,7E000F8100052D024E353033342D4448453002
06-29-2025 21:57:26.608,131,RECV,7E000F81000630024E363033342D554B5153BA
06-29-2025 21:57:26.658,132,RECV,7E000F81000229024E323033342D30544D49F3
06-29-2025 21:57:26.668,133,RECV,7E000F81000122024E313033342D57334A350D
06-29-2025 21:57:26.809,134,RECV,7E000F8100052C024E353033352D51394149EF
06-29-2025 21:57:26.859,135,RECV,7E000F81000631024E363033352D32594A50D7
06-29-2025 21:57:26.865,136,RECV,7E000F81000229024E323033352D5737445AE0
06-29-2025 21:57:26.865,137,RECV,7E000F81000122024E313033352D51433949FF
06-29-2025 21:57:27.009,138,RECV,7E000F8100052D024E353033362D57373057EC
06-29-2025 21:57:27.029,139,RECV,7E000F81000630024E363033362D5542385AD3
06-29-2025 21:57:27.029,140,RECV,7E000F81000229024E323033362D33545058DC
06-29-2025 21:57:27.059,141,RECV,7E000F81000121024E313033362D47535254D5
06-29-2025 21:57:27.219,142,RECV,7E000F8100052D024E353033372D38494559E1
06-29-2025 21:57:27.219,143,RECV,7E000F81000631024E363033372D4E4E4E46CA
06-29-2025 21:57:27.230,144,RECV,7E000F81000229024E323033372D335331470C
06-29-2025 21:57:27.270,145,RECV,7E000F81000121024E313033372D4E41364B04
06-29-2025 21:57:27.410,146,RECV,7E000F8100052C024E353033382D59365A52C5
06-29-2025 21:57:27.460,147,RECV,7E000F81000631024E363033382D4F4D4949CB
06-29-2025 21:57:27.460,148,RECV,7E000F81000229024E323033382D44305A56E5
06-29-2025 21:57:27.461,149,RECV,7E000F81000122024E313033382D32534856EF
06-29-2025 21:57:27.661,150,RECV,7E000F8100052D024E353033392D55584832D7
06-29-2025 21:57:27.661,151,RECV,7E000F81000631024E363033392D47434546E3
06-29-2025 21:57:27.661,152,RECV,7E000F81000229024E323033392D46515533E9
06-29-2025 21:57:27.661,153,RECV,7E000F81000122024E313033392D4952504CDA
06-29-2025 21:57:27.811,154,RECV,7E000F8100052D024E353034302D4758544AC9
06-29-2025 21:57:27.861,155,RECV,7E000F81000631024E363034302D33485452DF
06-29-2025 21:57:27.861,156,RECV,7E000F81000229024E323034302D4D4B3155F2
06-29-2025 21:57:27.872,157,RECV,7E000F81000122024E313034302D4657354AFD
06-29-2025 21:57:28.062,158,RECV,7E000F8100052D024E353034312D51303158FB
06-29-2025 21:57:28.062,159,RECV,7E000F81000631024E363034312D5753525AA9
06-29-2025 21:57:28.062,160,RECV,7E000F81000229024E323034312D4F593246EF
06-29-2025 21:57:28.062,161,RECV,7E000F81000122024E313034312D374A304C1B
06-29-2025 21:57:28.262,162,RECV,7E000F8100052C024E353034322D57564238DE
06-29-2025 21:57:28.262,163,RECV,7E000F81000631024E363034322D57373942F5
06-29-2025 21:57:28.262,164,RECV,7E000F81000229024E323034322D3057553002
06-29-2025 21:57:28.273,165,RECV,7E000F81000121024E313034322D554932390F
06-29-2025 21:57:28.412,166,RECV,7E000F8100052C024E353034332D54363958E9
06-29-2025 21:57:28.462,167,RECV,7E000F81000631024E363034332D3357575AC2
06-29-2025 21:57:28.463,168,RECV,7E000F81000229024E323034332D50544F4ECC
06-29-2025 21:57:28.463,169,RECV,7E000F81000122024E313034332D514638367D31
06-29-2025 21:57:28.663,170,RECV,7E000F8100052C024E353034342D4450454EDC
06-29-2025 21:57:28.663,171,RECV,7E000F81000630024E363034342D4A385331F7
06-29-2025 21:57:28.663,172,RECV,7E000F81000229024E323034342D4A474851E2
06-29-2025 21:57:28.713,173,RECV,7E000F81000122024E313034342D354F32520D
06-29-2025 21:57:28.834,174,RECV,7E000F8100052C024E353034352D533035377D33
06-29-2025 21:57:28.845,175,RECV,7E000F81000630024E363034352D44564A47D1
06-29-2025 21:57:28.846,176,RECV,7E000F81000229024E323034352D4D37524DE8
06-29-2025 21:57:28.864,177,RECV,7E000F81000122024E313034352D304F5245FE
06-29-2025 21:57:29.064,178,RECV,7E000F8100052C024E353034362D444D3842F6
06-29-2025 21:57:29.068,179,RECV,7E000F81000630024E363034362D36574649DF
06-29-2025 21:57:29.068,180,RECV,7E000F81000229024E323034362D5A58474FC2
06-29-2025 21:57:29.114,181,RECV,7E000F81000122024E313034362D36384D4117
06-29-2025 21:57:29.265,182,RECV,7E000F8100052C024E353034372D4E30373615
06-29-2025 21:57:29.267,183,RECV,7E000F81000630024E363034372D58584F30CB
06-29-2025 21:57:29.267,184,RECV,7E000F8100022A024E323034372D4E365255DD
06-29-2025 21:57:29.275,185,RECV,7E000F81000121024E313034372D434A4348FB
06-29-2025 21:57:29.465,186,RECV,7E000F8100052B024E353034382D5430394EF5
06-29-2025 21:57:29.465,187,RECV,7E000F81000630024E363034382D444F444ED4
06-29-2025 21:57:29.466,188,RECV,7E000F81000229024E323034382D30565646E6
06-29-2025 21:57:29.515,189,RECV,7E000F81000122024E313034382D3556374609
06-29-2025 21:57:29.666,190,RECV,7E000F8100052C024E353034392D41565958B6
06-29-2025 21:57:29.670,191,RECV,7E000F8100062F024E363034392D56524C59AC
06-29-2025 21:57:29.670,192,RECV,7E000F81000229024E323034392D4D444845E9
06-29-2025 21:57:29.716,193,RECV,7E000F81000121024E313034392D4938305010
06-29-2025 21:57:29.866,194,RECV,7E000F8100052B024E353035302D41514241F2
06-29-2025 21:57:29.867,195,RECV,7E000F8100062F024E363035302D5156524FB9
06-29-2025 21:57:29.867,196,RECV,7E000F81000229024E323035302D47545749D4
06-29-2025 21:57:29.867,197,RECV,7E000F81000122024E313035302D464B364809
06-29-2025 21:57:30.068,198,RECV,7E000F8100052B024E353035312D4C3931450B
06-29-2025 21:57:30.068,199,RECV,7E000F8100062F024E363035312D314A5247EC
06-29-2025 21:57:30.068,200,RECV,7E000F81000229024E323035312D5544564AD5
06-29-2025 21:57:30.117,201,RECV,7E000F81000122024E313035312D3731414925
06-29-2025 21:57:30.268,202,RECV,7E000F8100052B024E353035322D39443857F9
06-29-2025 21:57:30.268,203,RECV,7E000F8100062F024E363035322D34384B4404
06-29-2025 21:57:30.268,204,RECV,7E000F81000229024E323035322D50443647FC
06-29-2025 21:57:30.288,205,RECV,7E000F81000121024E313035322D51455731F9
06-29-2025 21:57:30.468,206,RECV,7E000F8100052B024E353035332D48334F56E4
06-29-2025 21:57:30.482,207,RECV,7E000F8100062F024E363035332D324E4C35FD
06-29-2025 21:57:30.482,208,RECV,7E000F81000229024E323035332D5144584ED1
06-29-2025 21:57:30.518,209,RECV,7E000F81000122024E313035332D453032442A
06-29-2025 21:57:30.669,210,RECV,7E000F8100052B024E353035342D4134543505
06-29-2025 21:57:30.672,211,RECV,7E000F81000632024E363035342D31355149FA
06-29-2025 21:57:30.672,212,RECV,7E000F81000229024E323035342D354E524FE7
06-29-2025 21:57:30.719,213,RECV,7E000F81000122024E313035342D3237393042
06-29-2025 21:57:30.869,214,RECV,7E000F8100052B024E353035352D3130335915
06-29-2025 21:57:30.870,215,RECV,7E000F81000633024E363035352D314D373112
06-29-2025 21:57:30.870,216,RECV,7E000F81000229024E323035352D55574E50C0
06-29-2025 21:57:30.920,217,RECV,7E000F81000122024E313035352D4B474145FB
06-29-2025 21:57:31.070,218,RECV,7E000F8100052D024E353035362D3946394BFC
06-29-2025 21:57:31.071,219,RECV,7E000F81000632024E363035362D594C3255CC
06-29-2025 21:57:31.071,220,RECV,7E000F81000229024E323035362D434B4851E2
06-29-2025 21:57:31.120,221,RECV,7E000F81000122024E313035362D5651333503
06-29-2025 21:57:31.270,222,RECV,7E000F8100052E024E353035372D38543547F5
06-29-2025 21:57:31.289,223,RECV,7E000F81000633024E363035372D4B535A4BB3
06-29-2025 21:57:31.289,224,RECV,7E000F81000229024E323035372D4A455737EB
06-29-2025 21:57:31.320,225,RECV,7E000F81000121024E313035372D3556393816
06-29-2025 21:57:31.471,226,RECV,7E000F8100052E024E353035382D373146440A
06-29-2025 21:57:31.471,227,RECV,7E000F81000633024E363035382D4332413906
06-29-2025 21:57:31.471,228,RECV,7E000F81000229024E323035382D48553558DD
06-29-2025 21:57:31.521,229,RECV,7E000F81000122024E313035382D54374A51EA
06-29-2025 21:57:31.671,230,RECV,7E000F8100052E024E353035392D30525A58C7
06-29-2025 21:57:31.672,231,RECV,7E000F81000632024E363035392D324739370C
06-29-2025 21:57:31.672,232,RECV,7E000F81000229024E323035392D4B4D4D33EE
06-29-2025 21:57:31.721,233,RECV,7E000F81000121024E313035392D4A524F49DC
06-29-2025 21:57:31.872,234,RECV,7E000F8100052D024E353036302D42453153F9
06-29-2025 21:57:31.895,235,RECV,7E000F81000631024E363036302D37503451F2
06-29-2025 21:57:31.895,236,RECV,7E000F81000229024E323036302D4534573905
06-29-2025 21:57:31.922,237,RECV,7E000F81000122024E313036302D4346453712
06-29-2025 21:57:32.072,238,RECV,7E000F8100052E024E353036312D32314D4D05
06-29-2025 21:57:32.072,239,RECV,7E000F81000631024E363036312D305A3144FE
06-29-2025 21:57:32.072,240,RECV,7E000F81000229024E323036312D544F3536FF
06-29-2025 21:57:32.122,241,RECV,7E000F81000122024E313036312D3436315922
06-29-2025 21:57:32.273,242,RECV,7E000F8100052E024E353036322D45524A58C8
06-29-2025 21:57:32.273,243,RECV,7E000F81000631024E363036322D39565658BF
06-29-2025 21:57:32.273,244,RECV,7E000F81000229024E323036322D464A4443F5
06-29-2025 21:57:32.323,245,RECV,7E000F81000121024E313036322D5554474ADC
06-29-2025 21:57:32.473,246,RECV,7E000F8100052D024E353036332D4F575953AF
06-29-2025 21:57:32.473,247,RECV,7E000F81000631024E363036332D36494B35FC
06-29-2025 21:57:32.474,248,RECV,7E000F81000229024E323036332D4E4B5848D2
06-29-2025 21:57:32.523,249,RECV,7E000F81000122024E313036332D4437424C0B
06-29-2025 21:57:32.674,250,RECV,7E000F8100052D024E353036342D49504653CE
06-29-2025 21:57:32.674,251,RECV,7E000F81000631024E363036342D384F3441FE
06-29-2025 21:57:32.674,252,RECV,7E000F81000229024E323036342D36464D43FE
06-29-2025 21:57:32.724,253,RECV,7E000F81000121024E313036342D50575A34DF
06-29-2025 21:57:32.874,254,RECV,7E000F8100052D024E353036352D4B355152DC
06-29-2025 21:57:32.875,255,RECV,7E000F81000631024E363036352D48385852CF
06-29-2025 21:57:32.875,256,RECV,7E000F81000229024E323036352D54565248C5
06-29-2025 21:57:32.924,257,RECV,7E000F81000122024E313036352D383954420B
06-29-2025 21:57:33.075,258,RECV,7E000F8100052D024E353036362D3054535ACD
06-29-2025 21:57:33.075,259,RECV,7E000F81000630024E363036362D4D3836330B
06-29-2025 21:57:33.075,260,RECV,7E000F81000229024E323036362D554E5545CB
06-29-2025 21:57:33.125,261,RECV,7E000F81000121024E313036362D41304A381F
06-29-2025 21:57:33.275,262,RECV,7E000F8100052C024E353036372D424B4F4FD3
06-29-2025 21:57:33.275,263,RECV,7E000F81000630024E363036372D42585A4DB7
06-29-2025 21:57:33.276,264,RECV,7E000F81000229024E323036372D49395A4AE1
06-29-2025 21:57:33.325,265,RECV,7E000F81000121024E313036372D5A4D384CE6
06-29-2025 21:57:33.476,266,RECV,7E000F8100052C024E353036382D52434F33E6
06-29-2025 21:57:33.476,267,RECV,7E000F81000630024E363036382D36573053E7
06-29-2025 21:57:33.476,268,RECV,7E000F81000229024E323036382D37454E4CF0
06-29-2025 21:57:33.526,269,RECV,7E000F81000122024E313036382D5A595542C5
06-29-2025 21:57:33.677,270,RECV,7E000F8100052C024E353036392D4D393544FD
06-29-2025 21:57:33.679,271,RECV,7E000F8100062F024E363036392D49474D41D9
06-29-2025 21:57:33.679,272,RECV,7E000F81000229024E323036392D5534585ACA
06-29-2025 21:57:33.726,273,RECV,7E000F81000121024E313036392D424A394109
06-29-2025 21:57:33.877,274,RECV,7E000F8100052B024E353037302D44435A4DD7
06-29-2025 21:57:33.896,275,RECV,7E000F81000630024E363037302D34465931FA
06-29-2025 21:57:33.896,276,RECV,7E000F81000229024E323037302D344B43387D33
06-29-2025 21:57:33.927,277,RECV,7E000F81000121024E313037302D58545935DD
06-29-2025 21:57:34.077,278,RECV,7E000F8100052C024E353037312D48365354DE
06-29-2025 21:57:34.078,279,RECV,7E000F8100062F024E363037312D55325738E8
06-29-2025 21:57:34.078,280,RECV,7E000F81000229024E323037312D504F5147D5
06-29-2025 21:57:34.129,281,RECV,7E000F81000121024E313037312D4330314131
06-29-2025 21:57:34.278,282,RECV,7E000F8100052C024E353037322D484D4941E3
06-29-2025 21:57:34.282,283,RECV,7E000F81000630024E363037322D46314F48EE
06-29-2025 21:57:34.328,284,RECV,7E000F81000229024E323037322D5938364AFA
06-29-2025 21:57:34.342,285,RECV,7E000F81000121024E313037322D43424858F0
06-29-2025 21:57:34.478,286,RECV,7E000F8100052B024E353037332D34485A55D7
06-29-2025 21:57:34.488,287,RECV,7E000F81000630024E363037332D42325639F8
06-29-2025 21:57:34.488,288,RECV,7E000F81000229024E323037332D4F474F44E1
06-29-2025 21:57:34.528,289,RECV,7E000F81000122024E313037332D59553548E8
06-29-2025 21:57:34.679,290,RECV,7E000F8100052B024E353037342D4730413415
06-29-2025 21:57:34.679,291,RECV,7E000F81000630024E363037342D44584531E8
06-29-2025 21:57:34.680,292,RECV,7E000F81000229024E323037342D3036554608
06-29-2025 21:57:34.729,293,RECV,7E000F81000121024E313037342D5535543203
06-29-2025 21:57:34.880,294,RECV,7E000F8100052B024E353037352D4952584AC3
06-29-2025 21:57:34.880,295,RECV,7E000F81000630024E363037352D4B49303203
06-29-2025 21:57:34.890,296,RECV,7E000F81000229024E323037352D51525A47C4
06-29-2025 21:57:34.930,297,RECV,7E000F81000122024E313037352D33574742FE
06-29-2025 21:57:35.080,298,RECV,7E000F8100052C024E353037362D47534D31E6
06-29-2025 21:57:35.081,299,RECV,7E000F81000630024E363037362D4C4B4659C2
06-29-2025 21:57:35.081,300,RECV,7E000F81000229024E323037362D563131420D
06-29-2025 21:57:35.130,301,RECV,7E000F81000122024E313037362D4D434A3402
06-29-2025 21:57:35.281,302,RECV,7E000F8100052C024E353037372D4755524FC0
06-29-2025 21:57:35.291,303,RECV,7E000F81000630024E363037372D42463645F4
06-29-2025 21:57:35.291,304,RECV,7E000F81000229024E323037372D4E374352EC
06-29-2025 21:57:35.331,305,RECV,7E000F81000122024E313037372D544D524BD1
06-29-2025 21:57:35.481,306,RECV,7E000F8100052C024E353037382D4846313904
06-29-2025 21:57:35.482,307,RECV,7E000F81000630024E363037382D46393156F0
06-29-2025 21:57:35.482,308,RECV,7E000F81000229024E323037382D5447344FE7
06-29-2025 21:57:35.531,309,RECV,7E000F81000121024E313037382D524B5438E6
06-29-2025 21:57:35.682,310,RECV,7E000F8100052C024E353037392D55553242DD
06-29-2025 21:57:35.732,311,RECV,7E000F8100062F024E363037392D59334B36E9
06-29-2025 21:57:35.732,312,RECV,7E000F81000229024E323037392D53395255D1
06-29-2025 21:57:35.732,313,RECV,7E000F81000121024E313037392D394B5657DD
06-29-2025 21:57:35.883,314,RECV,7E000F8100052C024E353038302D38574754D9
06-29-2025 21:57:35.888,315,RECV,7E000F81000630024E363038302D5538365AE0
06-29-2025 21:57:35.905,316,RECV,7E000F81000229024E323038302D50454E46E3
06-29-2025 21:57:35.933,317,RECV,7E000F81000122024E313038302D5244354802
06-29-2025 21:57:36.083,318,RECV,7E000F8100052C024E353038312D4543313514
06-29-2025 21:57:36.133,319,RECV,7E000F8100062F024E363038312D4F4C5546C7
06-29-2025 21:57:36.136,320,RECV,7E000F81000229024E323038312D5537324508
06-29-2025 21:57:36.136,321,RECV,7E000F81000122024E313038312D4A39474A00
06-29-2025 21:57:36.284,322,RECV,7E000F8100052C024E353038322D37414D59E3
06-29-2025 21:57:36.294,323,RECV,7E000F81000630024E363038322D354D4343F3
06-29-2025 21:57:36.294,324,RECV,7E000F81000229024E323038322D30585554D9
06-29-2025 21:57:36.334,325,RECV,7E000F81000121024E313038322D46543858EA
06-29-2025 21:57:36.484,326,RECV,7E000F8100052B024E353038332D4F31354FFD
06-29-2025 21:57:36.534,327,RECV,7E000F81000630024E363038332D47553545E4
06-29-2025 21:57:36.534,328,RECV,7E000F81000229024E323038332D3445305907
06-29-2025 21:57:36.535,329,RECV,7E000F81000122024E313038332D3337525204
06-29-2025 21:57:36.685,330,RECV,7E000F8100052C024E353038342D41433846FD
06-29-2025 21:57:36.735,331,RECV,7E000F8100062F024E363038342D414E4337F1
06-29-2025 21:57:36.735,332,RECV,7E000F81000229024E323038342D57374C57D7
06-29-2025 21:57:36.735,333,RECV,7E000F81000122024E313038342D575A4459C3
06-29-2025 21:57:36.885,334,RECV,7E000F8100052C024E353038352D42493846F5
06-29-2025 21:57:36.889,335,RECV,7E000F81000630024E363038352D55444C49CA
06-29-2025 21:57:36.906,336,RECV,7E000F81000229024E323038352D4E414855DB
06-29-2025 21:57:36.935,337,RECV,7E000F81000122024E313038352D5A4F5647CA
06-29-2025 21:57:37.086,338,RECV,7E000F8100052C024E353038362D304130421A
06-29-2025 21:57:37.136,339,RECV,7E000F81000630024E363038362D5A485833CA
06-29-2025 21:57:37.137,340,RECV,7E000F81000229024E323038362D39594142F1
06-29-2025 21:57:37.138,341,RECV,7E000F81000122024E313038362D514D5645D6
06-29-2025 21:57:37.287,342,RECV,7E000F8100052C024E353038372D5A35325AE1
06-29-2025 21:57:37.308,343,RECV,7E000F81000630024E363038372D53514F4CB7
06-29-2025 21:57:37.309,344,RECV,7E000F81000229024E323038372D58494B56C3
06-29-2025 21:57:37.336,345,RECV,7E000F81000121024E313038372D494E4C31FB
06-29-2025 21:57:37.487,346,RECV,7E000F8100052C024E353038382D5956314FCC
06-29-2025 21:57:37.537,347,RECV,7E000F81000630024E363038382D3350494BDE
06-29-2025 21:57:37.546,348,RECV,7E000F81000229024E323038382D5134373117
06-29-2025 21:57:37.546,349,RECV,7E000F81000121024E313038382D3737333439
06-29-2025 21:57:37.687,350,RECV,7E000F8100052C024E353038392D594A534EB6
06-29-2025 21:57:37.708,351,RECV,7E000F81000630024E363038392D5453484ABB
06-29-2025 21:57:37.708,352,RECV,7E000F81000229024E323038392D31364A4E04
06-29-2025 21:57:37.738,353,RECV,7E000F81000121024E313038392D51594D31E5
06-29-2025 21:57:37.889,354,RECV,7E000F8100052C024E353039302D4A554E33E2
06-29-2025 21:57:37.943,355,RECV,7E000F81000630024E363039302D4C335450D9
06-29-2025 21:57:37.944,356,RECV,7E000F81000229024E323039302D3243475AF5
06-29-2025 21:57:37.944,357,RECV,7E000F81000121024E313039302D5751525AC1
06-29-2025 21:57:38.093,358,RECV,7E000F8100052C024E353039312D55324939F8
06-29-2025 21:57:38.142,359,RECV,7E000F81000630024E363039312D4936544CDC
06-29-2025 21:57:38.143,360,RECV,7E000F81000229024E323039312D5A304745F4
06-29-2025 21:57:38.143,361,RECV,7E000F81000122024E313039312D43314F450B
06-29-2025 21:57:38.293,362,RECV,7E000F8100052C024E353039322D4D3330331D
06-29-2025 21:57:38.293,363,RECV,7E000F81000630024E363039322D50505A5AA6
06-29-2025 21:57:38.343,364,RECV,7E000F81000229024E323039322D4F31443312
06-29-2025 21:57:38.343,365,RECV,7E000F81000121024E313039322D4A544639F6
06-29-2025 21:57:38.493,366,RECV,7E000F8100052C024E353039332D54485855B6
06-29-2025 21:57:38.544,367,RECV,7E000F81000630024E363039332D51584449C3
06-29-2025 21:57:38.547,368,RECV,7E000F81000229024E323039332D514F4557CC
06-29-2025 21:57:38.547,369,RECV,7E000F81000122024E313039332D4445375100
06-29-2025 21:57:38.694,370,RECV,7E000F8100052C024E353039342D44515759B9
06-29-2025 21:57:38.715,371,RECV,7E000F81000630024E363039342D30365143FE
06-29-2025 21:57:38.715,372,RECV,7E000F81000229024E323039342D3838475000
06-29-2025 21:57:38.744,373,RECV,7E000F81000121024E313039342D3649584DED
06-29-2025 21:57:38.895,374,RECV,7E000F8100052C024E353039352D44564452CD
06-29-2025 21:57:38.945,375,RECV,7E000F81000630024E363039352D3235315609
06-29-2025 21:57:38.945,376,RECV,7E000F81000229024E323039352D4335344A10
06-29-2025 21:57:38.945,377,RECV,7E000F81000122024E313039352D56453045FF
06-29-2025 21:57:39.095,378,RECV,7E000F8100052D024E353039362D554B5235D4
06-29-2025 21:57:39.145,379,RECV,7E000F81000631024E363039362D47414752D4
06-29-2025 21:57:39.145,380,RECV,7E000F81000229024E323039362D39593850EB
06-29-2025 21:57:39.146,381,RECV,7E000F81000122024E313039362D555A4C58BB
06-29-2025 21:57:39.296,382,RECV,7E000F8100052D024E353039372D59494D53B8
06-29-2025 21:57:39.346,383,RECV,7E000F81000631024E363039372D4F503142E2
06-29-2025 21:57:39.358,384,RECV,7E000F81000229024E323039372D47415051DB
06-29-2025 21:57:39.358,385,RECV,7E000F81000121024E313039372D505A344FE1
06-29-2025 21:57:39.496,386,RECV,7E000F8100052E024E353039382D34325642FA
06-29-2025 21:57:39.546,387,RECV,7E000F81000631024E363039382D4F444D54BF
06-29-2025 21:57:39.546,388,RECV,7E000F81000229024E323039382D415230330D
06-29-2025 21:57:39.547,389,RECV,7E000F81000122024E313039382D48395738FC
06-29-2025 21:57:39.697,390,RECV,7E000F8100052B024E353039392D41444148EC
06-29-2025 21:57:39.747,391,RECV,7E000F81000632024E363039392D45384D57D0
06-29-2025 21:57:39.747,392,RECV,7E000F81000229024E323039392D30355949FB
06-29-2025 21:57:39.748,393,RECV,7E000F81000121024E313039392D42564C4DDB
