05-27-2025 02:36:13.923,-,API2,"Sink 2,0013A20041839DCA,802.15.4 TH,2003,/dev/ttyUSB2 - 57600/8/M/1/N,1,46"

05-27-2025 02:02:09.151,0,RECV,7E000F81000023024E343030302D4A345754F1
05-27-2025 02:02:09.155,1,RECV,7E000F8100001B024E333030302D383532582C
05-27-2025 02:02:09.156,2,RECV,7E007D3381000023000AFFFFFFFFFFFFFFFF0000005348BE
05-27-2025 02:02:09.201,3,RECV,7E007D338100001C000AFFFFFFFFFFFFFFFF0000005348C5
05-27-2025 02:02:10.155,4,RECV,7E000F8100001C024E333030312D3453305317
05-27-2025 02:02:10.155,5,RECV,7E000F81000041024E373030312D46395732F0
05-27-2025 02:02:10.157,6,RECV,7E007D3381000041000BFFFFFFFFFFFFFFFF00000053489F
05-27-2025 02:02:10.158,7,RECV,7E007D3381000038000BFFFFFFFFFFFFFFFF0000005348A8
05-27-2025 02:02:11.148,8,RECV,7E000F81000036024E383030322D4A484F4ED2
05-27-2025 02:02:11.148,9,RECV,7E000F81000023024E343030322D39314D3829
05-27-2025 02:02:11.150,10,RECV,7E000F8100003E024E373030322D384F575AC2
05-27-2025 02:02:11.150,11,RECV,7E000F8100001C024E333030322D4D584346F2
05-27-2025 02:02:12.129,12,RECV,7E000F81000035024E383030332D5741554FC5
05-27-2025 02:02:12.130,13,RECV,7E000F81000023024E343030332D4259364105
05-27-2025 02:02:12.131,14,RECV,7E000F8100001C024E333030332D4F46395AF7
05-27-2025 02:02:13.163,15,RECV,7E000F81000039024E383030342D48534650CB
05-27-2025 02:02:13.165,16,RECV,7E000F81000023024E343030342D43485958DA
05-27-2025 02:02:13.166,17,RECV,7E000F8100001C024E333030342D3936525607
05-27-2025 02:02:13.166,18,RECV,7E007D3381000023000FFFFFFFFFFFFFFFFF0000005348B9
05-27-2025 02:02:13.212,19,RECV,7E007D338100001C000FFFFFFFFFFFFFFFFF0000005348C0
05-27-2025 02:02:14.124,20,RECV,7E000F81000037024E383030352D4F4D4955C3
05-27-2025 02:02:14.127,21,RECV,7E000F81000023024E343030352D5A55314DE8
05-27-2025 02:02:14.128,22,RECV,7E000F8100001C024E333030352D4C4F304D05
05-27-2025 02:02:14.165,23,RECV,7E007D33810000380010FFFFFFFFFFFFFFFF0000005348A3
05-27-2025 02:02:15.117,24,RECV,7E000F81000036024E383030362D5A5A56569D
05-27-2025 02:02:15.148,25,RECV,7E000F81000023024E343030362D383638323C
05-27-2025 02:02:15.148,26,RECV,7E000F8100001C024E333030362D5152303415
05-27-2025 02:02:15.149,27,RECV,7E000F8100003F024E373030362D4E38474BDD
05-27-2025 02:02:16.170,28,RECV,7E000F81000037024E383030372D5837354AED
05-27-2025 02:02:16.171,29,RECV,7E000F81000023024E343030372D53444D4DE2
05-27-2025 02:02:16.171,30,RECV,7E000F8100001C024E333030372D34354D5015
05-27-2025 02:02:16.171,31,RECV,7E000F81000040024E373030372D584D4A46BE
05-27-2025 02:02:17.123,32,RECV,7E000F81000039024E383030382D42595844C1
05-27-2025 02:02:17.173,33,RECV,7E000F81000023024E343030382D355A4D3204
05-27-2025 02:02:17.173,34,RECV,7E000F8100001C024E333030382D58513458E5
05-27-2025 02:02:17.173,35,RECV,7E000F81000041024E373030382D44584C35D4
05-27-2025 02:02:17.173,36,RECV,7E007D33810000230014FFFFFFFFFFFFFFFF0000005348B4
05-27-2025 02:02:17.223,37,RECV,7E007D338100001C0014FFFFFFFFFFFFFFFF0000005348BB
05-27-2025 02:02:18.126,38,RECV,7E000F81000036024E383030392D45533933F6
05-27-2025 02:02:18.146,39,RECV,7E000F81000023024E343030392D3638424120
05-27-2025 02:02:18.147,40,RECV,7E000F8100001B024E333030392D364142431E
05-27-2025 02:02:18.148,41,RECV,7E000F81000040024E373030392D4532524BDD
05-27-2025 02:02:18.158,42,RECV,7E007D33810000350015FFFFFFFFFFFFFFFF0000005348A1
05-27-2025 02:02:18.178,43,RECV,7E007D338100003F0015FFFFFFFFFFFFFFFF000000534897
05-27-2025 02:02:19.128,44,RECV,7E000F81000035024E383031302D43575853BE
05-27-2025 02:02:19.178,45,RECV,7E000F81000023024E343031302D395333302A
05-27-2025 02:02:19.178,46,RECV,7E000F8100001C024E333031302D4D43345805
05-27-2025 02:02:19.179,47,RECV,7E000F8100003E024E373031302D4F4B5050C1
05-27-2025 02:02:20.133,48,RECV,7E000F81000036024E383031312D4E585231D8
05-27-2025 02:02:20.183,49,RECV,7E000F81000023024E343031312D4C34354C17
05-27-2025 02:02:20.185,50,RECV,7E000F8100001B024E333031312D325745460D
05-27-2025 02:02:20.186,51,RECV,7E000F8100003F024E373031312D5435394AED
05-27-2025 02:02:21.136,52,RECV,7E000F81000037024E383031322D42385649E6
05-27-2025 02:02:21.137,53,RECV,7E000F81000023024E343031322D56484A37F8
05-27-2025 02:02:21.186,54,RECV,7E007D33810000220019FFFFFFFFFFFFFFFF0000005348B0
05-27-2025 02:02:21.199,55,RECV,7E000F8100001C024E333031322D543036461F
05-27-2025 02:02:21.199,56,RECV,7E000F81000041024E373031322D55585344B2
05-27-2025 02:02:21.236,57,RECV,7E007D338100001C0019FFFFFFFFFFFFFFFF0000005348B6
05-27-2025 02:02:22.139,58,RECV,7E000F81000037024E383031332D3734464B02
05-27-2025 02:02:22.139,59,RECV,7E000F81000023024E343031332D595A5331DF
05-27-2025 02:02:22.188,60,RECV,7E000F8100001C024E333031332D504F3658F1
05-27-2025 02:02:22.189,61,RECV,7E007D3381000038001AFFFFFFFFFFFFFFFF000000534899
05-27-2025 02:02:22.189,62,RECV,7E007D3381000041001AFFFFFFFFFFFFFFFF000000534890
05-27-2025 02:02:23.141,63,RECV,7E000F81000038024E383031342D4E465737DA
05-27-2025 02:02:23.142,64,RECV,7E000F81000022024E343031342D373350421A
05-27-2025 02:02:23.143,65,RECV,7E000F8100001C024E333031342D4A475445F3
05-27-2025 02:02:23.162,66,RECV,7E000F81000041024E373031342D5132363407
05-27-2025 02:02:24.143,67,RECV,7E000F81000038024E383031352D32505331F5
05-27-2025 02:02:24.144,68,RECV,7E000F81000023024E343031352D57345653E0
05-27-2025 02:02:24.193,69,RECV,7E000F8100001C024E333031352D44314B4814
05-27-2025 02:02:24.193,70,RECV,7E000F81000041024E373031352D5031414CE5
05-27-2025 02:02:25.147,71,RECV,7E000F81000039024E383031362D32344455FA
05-27-2025 02:02:25.148,72,RECV,7E000F81000023024E343031362D314637382D
05-27-2025 02:02:25.149,73,RECV,7E007D3381000022001EFFFFFFFFFFFFFFFF0000005348AB
05-27-2025 02:02:25.197,74,RECV,7E000F8100001C024E333031362D394F5A5ADF
05-27-2025 02:02:25.199,75,RECV,7E000F81000042024E373031362D4F544B55AE
05-27-2025 02:02:25.247,76,RECV,7E007D338100001C001EFFFFFFFFFFFFFFFF0000005348B1
05-27-2025 02:02:26.149,77,RECV,7E000F81000039024E383031372D45563259D2
05-27-2025 02:02:26.159,78,RECV,7E000F81000023024E343031372D47385A54E5
05-27-2025 02:02:26.168,79,RECV,7E007D338100003A001FFFFFFFFFFFFFFFFF000000534892
05-27-2025 02:02:26.168,80,RECV,7E000F8100001C024E333031372D5338504CF3
05-27-2025 02:02:26.199,81,RECV,7E000F81000041024E373031372D4C344C30F5
05-27-2025 02:02:26.200,82,RECV,7E007D3381000042001FFFFFFFFFFFFFFFFF00000053488A
05-27-2025 02:02:27.152,83,RECV,7E000F81000039024E383031382D31315858E5
05-27-2025 02:02:27.155,84,RECV,7E000F81000023024E343031382D353633353E
05-27-2025 02:02:27.202,85,RECV,7E000F8100001C024E333031382D5A425456D3
05-27-2025 02:02:28.155,86,RECV,7E000F81000038024E383031392D4E544345CD
05-27-2025 02:02:28.158,87,RECV,7E000F81000022024E343031392D4935384912
05-27-2025 02:02:28.205,88,RECV,7E000F8100001C024E333031392D47484B3707
05-27-2025 02:02:28.205,89,RECV,7E000F81000041024E373031392D42503146E6
05-27-2025 02:02:29.157,90,RECV,7E000F81000035024E383032302D5656444BC7
05-27-2025 02:02:29.158,91,RECV,7E000F81000023024E343032302D57305446F7
05-27-2025 02:02:29.159,92,RECV,7E007D33810000220023FFFFFFFFFFFFFFFF0000005348A6
05-27-2025 02:02:29.179,93,RECV,7E000F8100001C024E333032302D305132333A
05-27-2025 02:02:29.193,94,RECV,7E000F8100003F024E373032302D5A475744BD
05-27-2025 02:02:29.258,95,RECV,7E007D338100001C0023FFFFFFFFFFFFFFFF0000005348AC
05-27-2025 02:02:30.160,96,RECV,7E000F81000035024E383032312D315A4852DC
05-27-2025 02:02:30.161,97,RECV,7E000F81000023024E343032312D4F495A35F0
05-27-2025 02:02:30.171,98,RECV,7E007D33810000340024FFFFFFFFFFFFFFFF000000534893
05-27-2025 02:02:30.183,99,RECV,7E000F8100001C024E333032312D51485637F9
05-27-2025 02:02:30.184,100,RECV,7E000F8100003E024E373032312D32585739DF
05-27-2025 02:02:30.210,101,RECV,7E007D338100003E0024FFFFFFFFFFFFFFFF000000534889
05-27-2025 02:02:31.163,102,RECV,7E000F81000039024E383032322D50444841DF
05-27-2025 02:02:31.164,103,RECV,7E000F81000023024E343032322D4F554356D9
05-27-2025 02:02:31.213,104,RECV,7E000F8100001C024E333032322D4B3730521A
05-27-2025 02:02:31.213,105,RECV,7E000F81000042024E373032322D5742324FDA
05-27-2025 02:02:32.135,106,RECV,7E000F81000039024E383032332D48475235E5
05-27-2025 02:02:32.165,107,RECV,7E000F81000022024E343032332D32354C352E
05-27-2025 02:02:32.185,108,RECV,7E000F8100001C024E333032332D54574848E2
05-27-2025 02:02:32.187,109,RECV,7E000F81000043024E373032332D30474552E4
05-27-2025 02:02:33.168,110,RECV,7E000F81000038024E383032342D4E59474DC0
05-27-2025 02:02:33.170,111,RECV,7E000F81000023024E343032342D4B4E4D34FA
05-27-2025 02:02:33.171,112,RECV,7E007D33810000230028FFFFFFFFFFFFFFFF0000005348A0
05-27-2025 02:02:33.171,113,RECV,7E000F8100001C024E333032342D58513059EA
05-27-2025 02:02:33.189,114,RECV,7E000F81000042024E373032342D46503232F8
05-27-2025 02:02:33.218,115,RECV,7E007D338100001C0028FFFFFFFFFFFFFFFF0000005348A7
05-27-2025 02:02:34.171,116,RECV,7E000F81000023024E343032352D48514E58D4
05-27-2025 02:02:34.221,117,RECV,7E000F8100001B024E333032352D58335A4FE8
05-27-2025 02:02:34.221,118,RECV,7E000F81000043024E373032352D41434859CB
05-27-2025 02:02:34.222,119,RECV,7E007D33810000430029FFFFFFFFFFFFFFFF00000053487F
05-27-2025 02:02:35.124,120,RECV,7E000F81000039024E383032362D3847585AC7
05-27-2025 02:02:35.173,121,RECV,7E000F81000023024E343032362D444F464FEA
05-27-2025 02:02:35.184,122,RECV,7E000F8100001C024E333032362D4854453702
05-27-2025 02:02:35.184,123,RECV,7E000F81000043024E373032362D3550364FE5
05-27-2025 02:02:36.126,124,RECV,7E000F81000035024E383032372D4A384352E4
05-27-2025 02:02:36.176,125,RECV,7E000F81000022024E343032372D50555A4AC9
05-27-2025 02:02:36.177,126,RECV,7E000F8100001C024E333032372D53535059CA
05-27-2025 02:02:36.197,127,RECV,7E000F8100003F024E373032372D44344844EE
05-27-2025 02:02:37.129,128,RECV,7E000F81000035024E383032382D31564548E6
05-27-2025 02:02:37.179,129,RECV,7E007D3381000023002CFFFFFFFFFFFFFFFF00000053489C
05-27-2025 02:02:37.202,130,RECV,7E000F81000023024E343032382D38474B4AFC
05-27-2025 02:02:37.230,131,RECV,7E000F8100001C024E333032382D3858353221
05-27-2025 02:02:37.230,132,RECV,7E000F8100003E024E373032382D57575841AB
05-27-2025 02:02:37.280,133,RECV,7E007D338100001C002DFFFFFFFFFFFFFFFF0000005348A2
05-27-2025 02:02:38.132,134,RECV,7E000F81000036024E383032392D4A474F46D2
05-27-2025 02:02:38.182,135,RECV,7E007D3381000037002EFFFFFFFFFFFFFFFF000000534886
05-27-2025 02:02:38.189,136,RECV,7E000F81000023024E343032392D54574148DB
05-27-2025 02:02:38.193,137,RECV,7E000F8100001C024E333032392D3956534DE8
05-27-2025 02:02:38.193,138,RECV,7E000F81000041024E373032392D51503054C9
05-27-2025 02:02:38.233,139,RECV,7E007D3381000041002EFFFFFFFFFFFFFFFF00000053487C
05-27-2025 02:02:39.134,140,RECV,7E000F81000038024E383033302D57325856C7
05-27-2025 02:02:39.184,141,RECV,7E000F81000023024E343033302D34544A4500
05-27-2025 02:02:39.185,142,RECV,7E000F8100001C024E333033302D5237494C01
05-27-2025 02:02:39.205,143,RECV,7E000F81000041024E373033302D30423655F9
05-27-2025 02:02:40.137,144,RECV,7E000F81000038024E383033312D58454D31E2
05-27-2025 02:02:40.187,145,RECV,7E000F81000022024E343033312D3655394310
05-27-2025 02:02:40.237,146,RECV,7E000F8100001C024E333033312D4F514C48EA
05-27-2025 02:02:40.240,147,RECV,7E000F81000042024E373033312D46554455C0
05-27-2025 02:02:41.139,148,RECV,7E000F8100003B024E383033322D34594233F7
05-27-2025 02:02:41.190,149,RECV,7E007D33810000230031FFFFFFFFFFFFFFFF000000534897
05-27-2025 02:02:41.190,150,RECV,7E000F81000022024E343033322D49545636ED
05-27-2025 02:02:41.200,151,RECV,7E000F8100001B024E333033322D3542303245
05-27-2025 02:02:41.205,152,RECV,7E000F81000044024E373033322D39524452D0
05-27-2025 02:02:41.250,153,RECV,7E007D338100001C0032FFFFFFFFFFFFFFFF00000053489D
05-27-2025 02:02:42.142,154,RECV,7E000F81000036024E383033332D5A314444EA
05-27-2025 02:02:42.192,155,RECV,7E007D33810000360033FFFFFFFFFFFFFFFF000000534882
05-27-2025 02:02:42.196,156,RECV,7E000F81000023024E343033332D3542455404
05-27-2025 02:02:42.197,157,RECV,7E000F8100001C024E333033332D315831451D
05-27-2025 02:02:42.242,158,RECV,7E000F81000040024E373033332D52584D53AA
05-27-2025 02:02:42.242,159,RECV,7E007D338100003F0033FFFFFFFFFFFFFFFF000000534879
05-27-2025 02:02:43.145,160,RECV,7E000F81000036024E383033342D45584D58BA
05-27-2025 02:02:43.195,161,RECV,7E000F81000023024E343033342D4E51354EF1
05-27-2025 02:02:43.196,162,RECV,7E000F8100001C024E333033342D4A564A51E0
05-27-2025 02:02:43.197,163,RECV,7E000F81000040024E373033342D5A4A3036E9
05-27-2025 02:02:44.149,164,RECV,7E000F81000036024E383033352D51314B37F7
05-27-2025 02:02:44.199,165,RECV,7E000F81000023024E343033352D30485757EC
05-27-2025 02:02:44.209,166,RECV,7E000F8100001C024E333033352D44344E480C
05-27-2025 02:02:44.210,167,RECV,7E000F81000040024E373033352D38525A58B6
05-27-2025 02:02:45.152,168,RECV,7E000F81000036024E383033362D4253544EC3
05-27-2025 02:02:45.203,169,RECV,7E007D33810000230036FFFFFFFFFFFFFFFF000000534892
05-27-2025 02:02:45.230,170,RECV,7E000F81000023024E343033362D3350434803
05-27-2025 02:02:45.230,171,RECV,7E000F8100001C024E333033362D58375049F1
05-27-2025 02:02:45.253,172,RECV,7E000F81000040024E373033362D32545636DF
05-27-2025 02:02:45.263,173,RECV,7E007D338100001C0037FFFFFFFFFFFFFFFF000000534898
05-27-2025 02:02:46.155,174,RECV,7E000F81000036024E383033372D3031524204
05-27-2025 02:02:46.156,175,RECV,7E007D33810000360038FFFFFFFFFFFFFFFF00000053487D5D
05-27-2025 02:02:46.206,176,RECV,7E000F81000023024E343033372D50454444F3
05-27-2025 02:02:46.207,177,RECV,7E000F8100001C024E333033372D41594955E0
05-27-2025 02:02:46.207,178,RECV,7E000F81000040024E373033372D303247380F
05-27-2025 02:02:46.256,179,RECV,7E007D33810000400038FFFFFFFFFFFFFFFF000000534873
05-27-2025 02:02:47.159,180,RECV,7E000F81000034024E383033382D39504653D8
05-27-2025 02:02:47.209,181,RECV,7E000F81000023024E343033382D4E373259FF
05-27-2025 02:02:47.209,182,RECV,7E000F8100001C024E333033382D3034583328
05-27-2025 02:02:47.209,183,RECV,7E000F8100003F024E373033382D46463630FE
05-27-2025 02:02:48.161,184,RECV,7E000F81000034024E383033392D45575545C3
05-27-2025 02:02:48.211,185,RECV,7E000F81000023024E343033392D4E36304D0D
05-27-2025 02:02:48.212,186,RECV,7E000F8100001B024E333033392D5449474FE4
05-27-2025 02:02:48.261,187,RECV,7E000F8100003E024E373033392D58394744D4
05-27-2025 02:02:49.164,188,RECV,7E000F81000033024E383034302D52564C5AB4
05-27-2025 02:02:49.185,189,RECV,7E007D3381000023003BFFFFFFFFFFFFFFFF00000053488D
05-27-2025 02:02:49.185,190,RECV,7E000F81000023024E343034302D434E4B49F1
05-27-2025 02:02:49.214,191,RECV,7E000F8100001C024E333034302D4232333245
05-27-2025 02:02:49.224,192,RECV,7E000F8100003D024E373034302D4B35494FE1
05-27-2025 02:02:49.264,193,RECV,7E007D338100001C003CFFFFFFFFFFFFFFFF000000534893
05-27-2025 02:02:50.166,194,RECV,7E000F81000038024E383034312D364D464CE7
05-27-2025 02:02:50.167,195,RECV,7E007D3381000038003DFFFFFFFFFFFFFFFF000000534876
05-27-2025 02:02:50.186,196,RECV,7E000F81000023024E343034312D5455304CF0
05-27-2025 02:02:50.216,197,RECV,7E000F8100001C024E333034312D3244505502
05-27-2025 02:02:50.216,198,RECV,7E000F81000041024E373034312D59464154C0
05-27-2025 02:02:50.266,199,RECV,7E007D3381000041003DFFFFFFFFFFFFFFFF00000053486D
05-27-2025 02:02:51.169,200,RECV,7E000F81000038024E383034322D38463156F6
05-27-2025 02:02:51.219,201,RECV,7E000F81000022024E343034322D46454F310A
05-27-2025 02:02:51.219,202,RECV,7E000F8100001C024E333034322D384E324B19
05-27-2025 02:02:51.269,203,RECV,7E000F81000042024E373034322D46444347DE
05-27-2025 02:02:52.141,204,RECV,7E000F81000037024E383034332D44525535DB
05-27-2025 02:02:52.221,205,RECV,7E000F81000023024E343034332D51423857F1
05-27-2025 02:02:52.221,206,RECV,7E000F8100001C024E333034332D4F524854DE
05-27-2025 02:02:52.232,207,RECV,7E000F81000040024E373034332D4C505435CE
05-27-2025 02:02:53.174,208,RECV,7E000F81000036024E383034342D423630490A
05-27-2025 02:02:53.177,209,RECV,7E007D33810000230040FFFFFFFFFFFFFFFF000000534888
05-27-2025 02:02:53.178,210,RECV,7E000F81000023024E343034342D5630463115
05-27-2025 02:02:53.225,211,RECV,7E000F8100001C024E333034342D324E33580F
05-27-2025 02:02:53.237,212,RECV,7E000F8100003F024E373034342D453039327D33
05-27-2025 02:02:53.274,213,RECV,7E007D338100001C0041FFFFFFFFFFFFFFFF00000053488E
05-27-2025 02:02:54.176,214,RECV,7E000F81000035024E383034352D53465756B5
05-27-2025 02:02:54.177,215,RECV,7E007D33810000350042FFFFFFFFFFFFFFFF000000534874
05-27-2025 02:02:54.226,216,RECV,7E000F81000022024E343034352D46534E31FA
05-27-2025 02:02:54.228,217,RECV,7E000F8100001C024E333034352D3248584FF8
05-27-2025 02:02:54.276,218,RECV,7E000F81000040024E373034352D54493330F1
05-27-2025 02:02:54.282,219,RECV,7E007D33810000400042FFFFFFFFFFFFFFFF000000534869
05-27-2025 02:02:55.129,220,RECV,7E000F81000035024E383034362D494F3144ED
05-27-2025 02:02:55.189,221,RECV,7E000F81000023024E343034362D54595147CB
05-27-2025 02:02:55.229,222,RECV,7E000F8100001C024E333034362D3539533027
05-27-2025 02:02:55.239,223,RECV,7E000F8100003F024E373034362D34583444ED
05-27-2025 02:02:56.131,224,RECV,7E000F81000035024E383034372D35525543DA
05-27-2025 02:02:56.182,225,RECV,7E000F81000023024E343034372D4842383518
05-27-2025 02:02:56.232,226,RECV,7E000F8100001C024E333034372D45475943EF
05-27-2025 02:02:56.237,227,RECV,7E000F81000040024E373034372D354B5A52C3
05-27-2025 02:02:57.139,228,RECV,7E000F81000035024E383034382D43493154E7
05-27-2025 02:02:57.189,229,RECV,7E007D33810000220045FFFFFFFFFFFFFFFF000000534884
05-27-2025 02:02:57.193,230,RECV,7E000F81000022024E343034382D49335744F8
05-27-2025 02:02:57.239,231,RECV,7E000F8100001C024E333034382D514D304305
05-27-2025 02:02:57.239,232,RECV,7E000F8100003F024E373034382D394C4B51CE
05-27-2025 02:02:57.289,233,RECV,7E007D338100001C0046FFFFFFFFFFFFFFFF000000534889
05-27-2025 02:02:58.142,234,RECV,7E000F81000036024E383034392D45314D58DB
05-27-2025 02:02:58.192,235,RECV,7E007D33810000360047FFFFFFFFFFFFFFFF00000053486E
05-27-2025 02:02:58.194,236,RECV,7E000F81000023024E343034392D475A4245E5
05-27-2025 02:02:58.242,237,RECV,7E000F8100001C024E333034392D5A505232E7
05-27-2025 02:02:58.243,238,RECV,7E000F81000040024E373034392D57494951B3
05-27-2025 02:02:58.292,239,RECV,7E007D338100003F0047FFFFFFFFFFFFFFFF000000534865
05-27-2025 02:02:59.144,240,RECV,7E000F81000036024E383035302D4C324543F8
05-27-2025 02:02:59.194,241,RECV,7E000F81000023024E343035302D315849370C
05-27-2025 02:02:59.245,242,RECV,7E000F8100001C024E333035302D494542410C
05-27-2025 02:02:59.245,243,RECV,7E000F81000040024E373035302D4636324BFC
05-27-2025 02:03:00.149,244,RECV,7E000F81000036024E383035312D5037474BE4
05-27-2025 02:03:00.199,245,RECV,7E000F81000023024E343035312D32484756FD
05-27-2025 02:03:00.249,246,RECV,7E000F8100001C024E333035312D3359484FF9
05-27-2025 02:03:00.249,247,RECV,7E000F81000040024E373035312D41434B51D4
05-27-2025 02:03:01.152,248,RECV,7E000F81000037024E383035322D5033304800
05-27-2025 02:03:01.202,249,RECV,7E007D3381000023004AFFFFFFFFFFFFFFFF00000053487D5E
05-27-2025 02:03:01.204,250,RECV,7E000F81000022024E343035322D55364A350A
05-27-2025 02:03:01.252,251,RECV,7E000F8100001C024E333035322D414B544BF0
05-27-2025 02:03:01.252,252,RECV,7E000F81000041024E373035322D384B3937FF
05-27-2025 02:03:01.302,253,RECV,7E007D338100001C004BFFFFFFFFFFFFFFFF000000534884
05-27-2025 02:03:02.154,254,RECV,7E000F81000037024E383035332D485A3034F4
05-27-2025 02:03:02.204,255,RECV,7E007D3381000036004CFFFFFFFFFFFFFFFF000000534869
05-27-2025 02:03:02.205,256,RECV,7E000F81000023024E343035332D45304C460B
05-27-2025 02:03:02.254,257,RECV,7E000F8100001C024E333035332D4849524EE9
05-27-2025 02:03:02.265,258,RECV,7E000F81000041024E373035332D3650394BE7
05-27-2025 02:03:02.305,259,RECV,7E007D3381000040004CFFFFFFFFFFFFFFFF00000053485F
05-27-2025 02:03:03.157,260,RECV,7E000F81000037024E383035342D4E313751F2
05-27-2025 02:03:03.207,261,RECV,7E000F81000022024E343035342D314251301E
05-27-2025 02:03:03.257,262,RECV,7E000F8100001C024E333035342D575A5636DC
05-27-2025 02:03:03.257,263,RECV,7E000F81000041024E373035342D51494530E1
05-27-2025 02:03:04.159,264,RECV,7E000F81000038024E383035352D49434444E3
05-27-2025 02:03:04.210,265,RECV,7E000F81000023024E343035352D43394655F9
05-27-2025 02:03:04.260,266,RECV,7E000F8100001C024E333035352D47513250FE
05-27-2025 02:03:04.260,267,RECV,7E000F81000041024E373035352D56535637B9
05-27-2025 02:03:05.162,268,RECV,7E000F81000039024E383035362D4A5A3731E9
05-27-2025 02:03:05.212,269,RECV,7E007D3381000023004FFFFFFFFFFFFFFFFF000000534879
05-27-2025 02:03:05.213,270,RECV,7E000F81000023024E343035362D32414C341C
05-27-2025 02:03:05.262,271,RECV,7E000F8100001C024E333035362D4C514759DA
05-27-2025 02:03:05.272,272,RECV,7E000F81000042024E373035362D38474336F5
05-27-2025 02:03:05.312,273,RECV,7E007D338100001C0050FFFFFFFFFFFFFFFF00000053487F
05-27-2025 02:03:06.164,274,RECV,7E000F81000038024E383035372D3954545ABA
05-27-2025 02:03:06.165,275,RECV,7E007D33810000380051FFFFFFFFFFFFFFFF000000534862
05-27-2025 02:03:06.215,276,RECV,7E000F81000023024E343035372D38495155E7
05-27-2025 02:03:06.264,277,RECV,7E000F8100001C024E333035372D3650394314
05-27-2025 02:03:06.266,278,RECV,7E000F81000041024E373035372D47555633C8
05-27-2025 02:03:06.315,279,RECV,7E007D33810000410051FFFFFFFFFFFFFFFF000000534859
05-27-2025 02:03:07.167,280,RECV,7E000F81000037024E383035382D4B4D3330FA
05-27-2025 02:03:07.217,281,RECV,7E000F81000023024E343035382D303344372F
05-27-2025 02:03:07.268,282,RECV,7E000F8100001C024E333035382D35505045FB
05-27-2025 02:03:07.270,283,RECV,7E000F81000040024E373035382D59385A5AA8
05-27-2025 02:03:08.170,284,RECV,7E000F81000036024E383035392D51593351C7
05-27-2025 02:03:08.221,285,RECV,7E000F81000023024E343035392D38524A5ADE
05-27-2025 02:03:08.271,286,RECV,7E000F8100001C024E333035392D304E4B4A01
05-27-2025 02:03:08.271,287,RECV,7E000F8100003F024E373035392D4E363057E2
05-27-2025 02:03:09.173,288,RECV,7E000F81000034024E383036302D47565438D6
05-27-2025 02:03:09.223,289,RECV,7E007D33810000230054FFFFFFFFFFFFFFFF000000534874
05-27-2025 02:03:09.224,290,RECV,7E000F81000023024E343036302D3532364730
05-27-2025 02:03:09.273,291,RECV,7E000F8100001C024E333036302D38585647EF
05-27-2025 02:03:09.288,292,RECV,7E000F8100003D024E373036302D544D454AC7
05-27-2025 02:03:09.323,293,RECV,7E007D338100001C0055FFFFFFFFFFFFFFFF00000053487A
05-27-2025 02:03:10.146,294,RECV,7E000F81000034024E383036312D34315758EA
05-27-2025 02:03:10.176,295,RECV,7E007D33810000340056FFFFFFFFFFFFFFFF000000534861
05-27-2025 02:03:10.226,296,RECV,7E000F81000023024E343036312D514E3956E5
05-27-2025 02:03:10.276,297,RECV,7E000F8100001C024E333036312D315A5147F8
05-27-2025 02:03:10.277,298,RECV,7E000F8100003D024E373036312D54415A50B7
05-27-2025 02:03:10.326,299,RECV,7E007D338100003D0056FFFFFFFFFFFFFFFF000000534858
05-27-2025 02:03:11.179,300,RECV,7E000F8100003A024E383036322D50425A49C2
05-27-2025 02:03:11.229,301,RECV,7E000F81000022024E343036322D41395651F2
05-27-2025 02:03:11.279,302,RECV,7E000F8100001C024E333036322D4F33494C03
05-27-2025 02:03:11.279,303,RECV,7E000F81000043024E373036322D32484A31FA
05-27-2025 02:03:12.141,304,RECV,7E000F81000038024E383036332D333446410A
05-27-2025 02:03:12.232,305,RECV,7E000F81000023024E343036332D5550393201
05-27-2025 02:03:12.282,306,RECV,7E000F8100001C024E333036332D525139320B
05-27-2025 02:03:12.282,307,RECV,7E000F81000041024E373036332D344A413001
05-27-2025 02:03:13.134,308,RECV,7E000F81000037024E383036342D305833310C
05-27-2025 02:03:13.184,309,RECV,7E007D33810000220059FFFFFFFFFFFFFFFF000000534870
05-27-2025 02:03:13.234,310,RECV,7E000F81000022024E343036342D4747384605
05-27-2025 02:03:13.285,311,RECV,7E000F8100001C024E333036342D445A5430F6
05-27-2025 02:03:13.285,312,RECV,7E000F81000040024E373036342D574E4144C6
05-27-2025 02:03:13.334,313,RECV,7E007D338100001C005AFFFFFFFFFFFFFFFF000000534875
05-27-2025 02:03:14.187,314,RECV,7E000F81000036024E383036352D344D5158CE
05-27-2025 02:03:14.188,315,RECV,7E007D3381000037005BFFFFFFFFFFFFFFFF000000534859
05-27-2025 02:03:14.239,316,RECV,7E000F81000022024E343036352D4343354A0B
05-27-2025 02:03:14.287,317,RECV,7E000F8100001C024E333036352D3834453135
05-27-2025 02:03:14.301,318,RECV,7E000F81000040024E373036352D33524953CE
05-27-2025 02:03:14.337,319,RECV,7E007D3381000040005BFFFFFFFFFFFFFFFF000000534850
05-27-2025 02:03:15.140,320,RECV,7E000F81000036024E383036362D43475359C1
05-27-2025 02:03:15.240,321,RECV,7E000F81000023024E343036362D35385955F3
05-27-2025 02:03:15.290,322,RECV,7E000F8100001C024E333036362D30454D57FD
05-27-2025 02:03:15.290,323,RECV,7E000F81000040024E373036362D514C304DD4
05-27-2025 02:03:16.142,324,RECV,7E000F81000038024E383036372D594B4C52B2
05-27-2025 02:03:16.243,325,RECV,7E000F81000022024E343036372D3453434202
05-27-2025 02:03:16.293,326,RECV,7E000F8100001C024E333036372D5541393412
05-27-2025 02:03:16.293,327,RECV,7E000F81000041024E373036372D46414245DE
05-27-2025 02:03:17.145,328,RECV,7E000F81000035024E383036382D51375846D0
05-27-2025 02:03:17.195,329,RECV,7E007D3381000022005EFFFFFFFFFFFFFFFF00000053486B
05-27-2025 02:03:17.246,330,RECV,7E000F81000023024E343036382D4E554737EB
05-27-2025 02:03:17.296,331,RECV,7E000F8100001C024E333036382D56514956CE
05-27-2025 02:03:17.299,332,RECV,7E000F8100003E024E373036382D59513750BD
05-27-2025 02:03:17.346,333,RECV,7E007D338100001C005FFFFFFFFFFFFFFFFF000000534870
05-27-2025 02:03:18.148,334,RECV,7E000F81000037024E383036392D4A473946E3
05-27-2025 02:03:18.198,335,RECV,7E007D33810000360060FFFFFFFFFFFFFFFF000000534855
05-27-2025 02:03:18.248,336,RECV,7E000F81000022024E343036392D5036465AE6
05-27-2025 02:03:18.298,337,RECV,7E000F8100001C024E333036392D5838323021
05-27-2025 02:03:18.300,338,RECV,7E000F81000040024E373036392D4B394359CB
05-27-2025 02:03:18.349,339,RECV,7E007D33810000400060FFFFFFFFFFFFFFFF00000053484B
05-27-2025 02:03:19.151,340,RECV,7E000F81000037024E383037302D39544342E9
05-27-2025 02:03:19.251,341,RECV,7E000F81000023024E343037302D465837330B
05-27-2025 02:03:19.301,342,RECV,7E000F8100001C024E333037302D4F30534405
05-27-2025 02:03:19.301,343,RECV,7E000F81000040024E373037302D4D574D59A9
05-27-2025 02:03:20.153,344,RECV,7E000F81000037024E383037312D37385053E8
05-27-2025 02:03:20.254,345,RECV,7E000F81000023024E343037312D4843424104
05-27-2025 02:03:20.304,346,RECV,7E000F8100001C024E333037312D4A484855EB
05-27-2025 02:03:20.304,347,RECV,7E000F81000041024E373037312D53544233D5
05-27-2025 02:03:21.156,348,RECV,7E000F81000037024E383037322D44394B46EB
05-27-2025 02:03:21.206,349,RECV,7E007D33810000230063FFFFFFFFFFFFFFFF000000534865
05-27-2025 02:03:21.256,350,RECV,7E000F81000023024E343037322D4C56524DD0
05-27-2025 02:03:21.306,351,RECV,7E000F8100001C024E333037322D4E4C5658D1
05-27-2025 02:03:21.310,352,RECV,7E000F81000040024E373037322D50344C47DA
05-27-2025 02:03:21.357,353,RECV,7E007D338100001C0064FFFFFFFFFFFFFFFF00000053486B
05-27-2025 02:03:22.159,354,RECV,7E000F81000038024E383037332D41365357D6
05-27-2025 02:03:22.209,355,RECV,7E007D33810000380065FFFFFFFFFFFFFFFF00000053484E
05-27-2025 02:03:22.259,356,RECV,7E000F81000023024E343037332D53563249EC
05-27-2025 02:03:22.309,357,RECV,7E000F8100001C024E333037332D39304A560F
05-27-2025 02:03:22.309,358,RECV,7E000F81000044024E373037332D32434248ED
05-27-2025 02:03:22.359,359,RECV,7E007D33810000430065FFFFFFFFFFFFFFFF000000534843
05-27-2025 02:03:23.162,360,RECV,7E000F81000036024E383037342D58594F47B1
05-27-2025 02:03:23.262,361,RECV,7E000F81000023024E343037342D4A464B53E1
05-27-2025 02:03:23.312,362,RECV,7E000F8100001C024E333037342D56314B51F4
05-27-2025 02:03:23.313,363,RECV,7E000F81000040024E373037342D48454C32E4
05-27-2025 02:03:24.165,364,RECV,7E000F81000037024E383037352D4B474444DC
05-27-2025 02:03:24.265,365,RECV,7E000F81000023024E343037352D3747533508
05-27-2025 02:03:24.315,366,RECV,7E000F8100001C024E333037352D56534239F2
05-27-2025 02:03:24.315,367,RECV,7E000F81000040024E373037352D5153344BCB
05-27-2025 02:03:25.167,368,RECV,7E000F81000037024E383037362D56354851D1
05-27-2025 02:03:25.218,369,RECV,7E007D33810000220068FFFFFFFFFFFFFFFF000000534861
05-27-2025 02:03:25.268,370,RECV,7E000F81000023024E343037362D414C30311F
05-27-2025 02:03:25.318,371,RECV,7E000F8100001C024E333037362D55364153F6
05-27-2025 02:03:25.343,372,RECV,7E000F81000041024E373037362D524A4D38CB
05-27-2025 02:03:25.368,373,RECV,7E007D338100001C0069FFFFFFFFFFFFFFFF000000534866
05-27-2025 02:03:26.170,374,RECV,7E000F81000036024E383037372D44395459CB
05-27-2025 02:03:26.170,375,RECV,7E007D3381000037006AFFFFFFFFFFFFFFFF00000053484A
05-27-2025 02:03:26.271,376,RECV,7E000F81000022024E343037372D354241490C
05-27-2025 02:03:26.321,377,RECV,7E000F8100001C024E333037372D475137390C
05-27-2025 02:03:26.326,378,RECV,7E000F81000040024E373037372D4B4E4653BA
05-27-2025 02:03:26.371,379,RECV,7E007D3381000040006AFFFFFFFFFFFFFFFF000000534841
05-27-2025 02:03:27.197,380,RECV,7E000F81000036024E383037382D4D34325AE7
05-27-2025 02:03:27.243,381,RECV,7E000F81000023024E343037382D584D424DD7
05-27-2025 02:03:27.323,382,RECV,7E000F8100001C024E333037382D5744494FE0
05-27-2025 02:03:27.323,383,RECV,7E000F8100003F024E373037382D3354585AB3
05-27-2025 02:03:28.176,384,RECV,7E000F81000036024E383037392D5251534FAE
05-27-2025 02:03:28.226,385,RECV,7E000F81000022024E343037392D3245594CEF
05-27-2025 02:03:28.326,386,RECV,7E000F8100001C024E333037392D493841450B
05-27-2025 02:03:28.326,387,RECV,7E000F8100003E024E373037392D42513457CE
05-27-2025 02:03:29.178,388,RECV,7E000F81000035024E383038302D45383851F6
05-27-2025 02:03:29.228,389,RECV,7E007D3381000023006DFFFFFFFFFFFFFFFF00000053485B
05-27-2025 02:03:29.278,390,RECV,7E000F81000022024E343038302D4D57314BF3
05-27-2025 02:03:29.329,391,RECV,7E000F8100001C024E333038302D574E3952EA
05-27-2025 02:03:29.331,392,RECV,7E000F8100003F024E373038302D585A3248C7
05-27-2025 02:03:29.379,393,RECV,7E007D338100001C006EFFFFFFFFFFFFFFFF000000534861
05-27-2025 02:03:30.162,394,RECV,7E000F8100003A024E383038312D43444751D7
05-27-2025 02:03:30.183,395,RECV,7E007D338100003A006FFFFFFFFFFFFFFFFF000000534842
05-27-2025 02:03:30.232,396,RECV,7E000F81000023024E343038312D374346341D
05-27-2025 02:03:30.332,397,RECV,7E000F8100001C024E333038312D4E48364C01
05-27-2025 02:03:30.332,398,RECV,7E000F81000042024E373038312D45345A31EB
05-27-2025 02:03:30.382,399,RECV,7E007D3381000042006FFFFFFFFFFFFFFFFF00000053483A
05-27-2025 02:03:31.184,400,RECV,7E000F81000038024E383038322D54465956AE
05-27-2025 02:03:31.234,401,RECV,7E000F81000023024E343038322D394A5638FF
05-27-2025 02:03:31.334,402,RECV,7E000F8100001C024E333038322D3732464524
05-27-2025 02:03:31.338,403,RECV,7E000F81000041024E373038322D56324538EA
05-27-2025 02:03:32.146,404,RECV,7E000F81000036024E383038332D384A4E50D8
05-27-2025 02:03:32.247,405,RECV,7E000F81000022024E343038332D464D534BDF
05-27-2025 02:03:32.337,406,RECV,7E000F8100001C024E333038332D4739394816
05-27-2025 02:03:32.337,407,RECV,7E000F8100003F024E373038332D4859444FBC
05-27-2025 02:03:33.139,408,RECV,7E000F81000035024E383038342D4C564334DF
05-27-2025 02:03:33.239,409,RECV,7E007D33810000230072FFFFFFFFFFFFFFFF000000534856
05-27-2025 02:03:33.239,410,RECV,7E000F81000023024E343038342D5A484745E0
05-27-2025 02:03:33.339,411,RECV,7E000F8100001C024E333038342D39325459FE
05-27-2025 02:03:33.358,412,RECV,7E000F8100003E024E373038342D4A435947C3
05-27-2025 02:03:33.389,413,RECV,7E007D338100001C0073FFFFFFFFFFFFFFFF00000053485C
05-27-2025 02:03:34.192,414,RECV,7E000F81000035024E383038352D4C45354AE7
05-27-2025 02:03:34.192,415,RECV,7E007D33810000360074FFFFFFFFFFFFFFFF000000534841
05-27-2025 02:03:34.242,416,RECV,7E000F81000023024E343038352D4751393309
05-27-2025 02:03:34.342,417,RECV,7E000F8100001C024E333038352D4849334A07
05-27-2025 02:03:34.342,418,RECV,7E000F8100003F024E373038352D4A53344ECF
05-27-2025 02:03:34.392,419,RECV,7E007D338100003E0074FFFFFFFFFFFFFFFF000000534839
05-27-2025 02:03:35.144,420,RECV,7E000F8100003A024E383038362D4A424543DD
05-27-2025 02:03:35.254,421,RECV,7E000F81000022024E343038362D32504E3409
05-27-2025 02:03:35.344,422,RECV,7E000F8100001C024E333038362D474D4B36FF
05-27-2025 02:03:35.344,423,RECV,7E000F81000042024E373038362D47484C51BE
05-27-2025 02:03:36.146,424,RECV,7E000F8100003A024E383038372D44504648CE
05-27-2025 02:03:36.247,425,RECV,7E000F81000023024E343038372D5844363405
05-27-2025 02:03:36.347,426,RECV,7E000F8100001C024E333038372D4234343039
05-27-2025 02:03:36.347,427,RECV,7E000F81000043024E373038372D384A4243E1
05-27-2025 02:03:37.149,428,RECV,7E000F81000036024E383038382D35503053EB
05-27-2025 02:03:37.199,429,RECV,7E007D33810000230077FFFFFFFFFFFFFFFF000000534851
05-27-2025 02:03:37.250,430,RECV,7E000F81000023024E343038382D42475251DE
05-27-2025 02:03:37.350,431,RECV,7E000F8100001C024E333038382D3539454A15
05-27-2025 02:03:37.350,432,RECV,7E000F8100003E024E373038382D45315245DF
05-27-2025 02:03:37.400,433,RECV,7E007D338100001C0078FFFFFFFFFFFFFFFF000000534857
05-27-2025 02:03:38.152,434,RECV,7E000F81000037024E383038392D314D373309
05-27-2025 02:03:38.202,435,RECV,7E007D33810000370079FFFFFFFFFFFFFFFF00000053483B
05-27-2025 02:03:38.252,436,RECV,7E000F81000022024E343038392D564E5932DB
05-27-2025 02:03:38.352,437,RECV,7E000F8100001C024E333038392D4442553105
05-27-2025 02:03:38.358,438,RECV,7E000F81000040024E373038392D54494147C4
05-27-2025 02:03:38.402,439,RECV,7E007D33810000400079FFFFFFFFFFFFFFFF000000534832
05-27-2025 02:03:39.154,440,RECV,7E000F81000037024E383039302D304F5435F1
05-27-2025 02:03:39.254,441,RECV,7E000F81000023024E343039302D5543384BF6
05-27-2025 02:03:39.355,442,RECV,7E000F8100001C024E333039302D5A4F5951C6
05-27-2025 02:03:39.355,443,RECV,7E000F81000041024E373039302D5030373900
05-27-2025 02:03:40.157,444,RECV,7E000F81000037024E383039312D42314348FA
05-27-2025 02:03:40.257,445,RECV,7E000F81000022024E343039312D5344575AC9
05-27-2025 02:03:40.357,446,RECV,7E000F8100001C024E333039312D5858325ADC
05-27-2025 02:03:40.357,447,RECV,7E000F81000041024E373039312D58494E4EB2
05-27-2025 02:03:41.159,448,RECV,7E000F81000039024E383039322D49583852CA
05-27-2025 02:03:41.260,449,RECV,7E007D3381000022007CFFFFFFFFFFFFFFFF00000053484D
05-27-2025 02:03:41.260,450,RECV,7E000F81000023024E343039322D514E5541DA
05-27-2025 02:03:41.360,451,RECV,7E000F8100001C024E333039322D3259434504
05-27-2025 02:03:41.361,452,RECV,7E000F81000042024E373039322D4C5953579E
05-27-2025 02:03:41.410,453,RECV,7E007D338100001C007D5DFFFFFFFFFFFFFFFF000000534852
05-27-2025 02:03:42.162,454,RECV,7E000F81000035024E383039332D4133594EDD
05-27-2025 02:03:42.212,455,RECV,7E007D3381000035007D5EFFFFFFFFFFFFFFFF000000534838
05-27-2025 02:03:42.262,456,RECV,7E000F81000023024E343039332D564A4A4BD9
05-27-2025 02:03:42.363,457,RECV,7E000F8100001C024E333039332D3537465014
05-27-2025 02:03:42.363,458,RECV,7E000F8100003F024E373039332D4F4E5638C4
05-27-2025 02:03:42.413,459,RECV,7E007D338100003F007D5EFFFFFFFFFFFFFFFF00000053482E
05-27-2025 02:03:43.165,460,RECV,7E000F81000033024E383039342D35325456E8
05-27-2025 02:03:43.265,461,RECV,7E000F81000023024E343039342D5955384ED9
05-27-2025 02:03:43.365,462,RECV,7E000F8100001C024E333039342D5634334315
05-27-2025 02:03:43.366,463,RECV,7E000F8100003E024E373039342D4E59514DAA
05-27-2025 02:03:44.167,464,RECV,7E000F81000035024E383039352D3936394806
05-27-2025 02:03:44.267,465,RECV,7E000F81000022024E343039352D5A395532F3
05-27-2025 02:03:44.368,466,RECV,7E000F8100001C024E333039352D424738341F
05-27-2025 02:03:44.376,467,RECV,7E000F8100003F024E373039352D35463851E9
05-27-2025 02:03:45.171,468,RECV,7E000F81000036024E383039362D4544304FEC
05-27-2025 02:03:45.221,469,RECV,7E007D33810000230081FFFFFFFFFFFFFFFF000000534847
05-27-2025 02:03:45.271,470,RECV,7E000F81000023024E343039362D543530480A
05-27-2025 02:03:45.371,471,RECV,7E000F8100001C024E333039362D513132441B
05-27-2025 02:03:45.371,472,RECV,7E000F81000040024E373039362D3458424AD3
05-27-2025 02:03:45.421,473,RECV,7E007D338100001C0082FFFFFFFFFFFFFFFF00000053484D
05-27-2025 02:03:46.173,474,RECV,7E000F81000037024E383039372D5A373546E6
05-27-2025 02:03:46.173,475,RECV,7E007D33810000370083FFFFFFFFFFFFFFFF000000534831
05-27-2025 02:03:46.273,476,RECV,7E000F81000023024E343039372D47413157FA
05-27-2025 02:03:46.373,477,RECV,7E000F8100001C024E333039372D50553953E1
05-27-2025 02:03:46.375,478,RECV,7E000F81000040024E373039372D3242344EF4
05-27-2025 02:03:46.423,479,RECV,7E007D33810000400083FFFFFFFFFFFFFFFF000000534828
05-27-2025 02:03:47.175,480,RECV,7E000F81000037024E383039382D534C3341DE
05-27-2025 02:03:47.275,481,RECV,7E000F81000023024E343039382D53335237FA
05-27-2025 02:03:47.376,482,RECV,7E000F8100001C024E333039382D335A504DE7
05-27-2025 02:03:47.376,483,RECV,7E000F81000040024E373039382D4E36344DE4
05-27-2025 02:03:48.177,484,RECV,7E000F81000036024E383039392D39365850DA
05-27-2025 02:03:48.278,485,RECV,7E000F81000023024E343039392D56524351CC
05-27-2025 02:03:48.378,486,RECV,7E000F8100001C024E333039392D4C3939371B
05-27-2025 02:03:48.378,487,RECV,7E000F81000040024E373039392D52544E45AF
05-27-2025 02:03:49.230,488,RECV,7E007D33810000230086FFFFFFFFFFFFFFFF000000534842
