06-02-2025 21:10:24.527,-,API2,"Sink 1,0013A20041839DB1,802.15.4 TH,2003,/dev/ttyUSB0 - 57600/8/M/1/N,1,46"

06-02-2025 21:03:23.836,0,RECV,7E007D318100011E0290004E313030302D42424F308E
06-02-2025 21:03:23.836,1,RECV,7E007D3181000537023D004E353030302D48563645AA
06-02-2025 21:03:26.802,2,RECV,7E007D31810005370240004E353030312D4C41354EAF
06-02-2025 21:03:26.802,3,RECV,7E007D31810006300212004E363030312D4E425241CF
06-02-2025 21:03:26.802,4,RECV,7E007D318100011E0291004E313030312D465554445C
06-02-2025 21:03:29.815,5,RECV,7E007D31810005340241004E353030322D315955429F
06-02-2025 21:03:29.815,6,RECV,7E007D318100011E0292004E313030322D4A4C52564F
06-02-2025 21:03:32.830,7,RECV,7E007D31810005330243004E353030332D485A4830A4
06-02-2025 21:03:32.830,8,RECV,7E007D318100062D0215004E363030332D57343753DB
06-02-2025 21:03:32.831,9,RECV,7E007D318100011F0293004E313030332D544750534C
06-02-2025 21:03:35.815,10,RECV,7E007D31810005340246004E353030342D58363045B6
06-02-2025 21:03:35.816,11,RECV,7E007D318100062D0218004E363030342D49333555E6
06-02-2025 21:03:35.822,12,RECV,7E007D318100011F0294004E313030342D37554A565C
06-02-2025 21:03:38.808,13,RECV,7E007D31810005380249004E353030352D34524F36A6
06-02-2025 21:03:38.859,14,RECV,7E007D3181000630021B004E363030352D34444557D1
06-02-2025 21:03:38.866,15,RECV,7E007D318100011E0295004E313030352D445050584B
06-02-2025 21:03:41.822,16,RECV,7E007D3181000534024A004E353030362D4851514C7D5D
06-02-2025 21:03:41.824,17,RECV,7E007D318100062E021C004E363030362D4853304AD0
06-02-2025 21:03:41.825,18,RECV,7E007D318100011E0296004E313030362D434A315A6D
06-02-2025 21:03:44.836,19,RECV,7E007D3181000534024D004E353030372D3536384BC1
06-02-2025 21:03:44.837,20,RECV,7E007D318100062D021F004E363030372D31445A32E1
06-02-2025 21:03:44.837,21,RECV,7E007D318100011E0297004E313030372D3358363092
06-02-2025 21:03:47.849,22,RECV,7E007D31810005340250004E353030382D584A35458F
06-02-2025 21:03:47.850,23,RECV,7E007D318100062D0222004E363030382D5950475995
06-02-2025 21:03:47.850,24,RECV,7E007D318100011E0298004E313030382D4D4F344968
06-02-2025 21:03:50.814,25,RECV,7E007D31810005340253004E353030392D58374A309E
06-02-2025 21:03:50.864,26,RECV,7E007D318100062E0225004E363030392D4E4C565198
06-02-2025 21:03:50.864,27,RECV,7E007D318100011E0299004E313030392D3839524F6D
06-02-2025 21:03:53.829,28,RECV,7E007D31810005340254004E353031302D424D59596D
06-02-2025 21:03:53.880,29,RECV,7E007D318100062D0226004E363031302D33433751E3
06-02-2025 21:03:53.880,30,RECV,7E007D318100011E029A004E313031302D3647524B6C
06-02-2025 21:03:56.845,31,RECV,7E007D31810005380257004E353031312D5258583173
06-02-2025 21:03:56.847,32,RECV,7E007D31810006300229004E363031312D51445437BA
06-02-2025 21:03:56.848,33,RECV,7E007D318100011E029B004E313031312D354C564C61
06-02-2025 21:03:59.820,34,RECV,7E007D3181000535025A004E353031322D555835487B
06-02-2025 21:03:59.860,35,RECV,7E007D318100062E022C004E363031322D35534B31D4
06-02-2025 21:03:59.860,36,RECV,7E007D318100011E029C004E313031322D4631413199
06-02-2025 21:04:02.873,37,RECV,7E007D318100062D022F004E363031332D37464536DD
06-02-2025 21:04:02.879,38,RECV,7E007D318100011E029D004E313031332D5237435064
06-02-2025 21:04:05.837,39,RECV,7E007D3181000537025E004E353031342D374E554A79
06-02-2025 21:04:05.887,40,RECV,7E007D318100011E029E004E313031342D564A524E3E
06-02-2025 21:04:08.849,41,RECV,7E007D31810005330261004E353031352D3233574D94
06-02-2025 21:04:08.899,42,RECV,7E007D318100062D0233004E363031352D525A434799
06-02-2025 21:04:08.907,43,RECV,7E007D318100011E02A1004E313031352D4C3051525B
06-02-2025 21:04:11.813,44,RECV,7E007D31810005340264004E353031362D3445545774
06-02-2025 21:04:11.863,45,RECV,7E007D318100062D0236004E363031362D445145529F
06-02-2025 21:04:11.863,46,RECV,7E007D318100011E02A4004E313031362D4F4F39554A
06-02-2025 21:04:14.827,47,RECV,7E007D31810005340267004E353031372D4753505A50
06-02-2025 21:04:14.928,48,RECV,7E007D318100062E0239004E363031372D4D324E49B0
06-02-2025 21:04:14.928,49,RECV,7E007D31810002320260004E323031372D41353534C4
06-02-2025 21:04:14.929,50,RECV,7E007D318100011E02A7004E313031372D5857585417
06-02-2025 21:04:17.841,51,RECV,7E007D31810005330268004E353031382D4A4C59554F
06-02-2025 21:04:17.891,52,RECV,7E007D3181000630023A004E363031382D484E534A8F
06-02-2025 21:04:17.891,53,RECV,7E007D31810002320261004E323031382D5057524563
06-02-2025 21:04:17.891,54,RECV,7E007D318100011E02A8004E313031382D494D545432
06-02-2025 21:04:20.854,55,RECV,7E007D3181000535026B004E353031392D39383244A6
06-02-2025 21:04:20.904,56,RECV,7E007D318100062F023D004E363031392D3343374EC4
06-02-2025 21:04:20.907,57,RECV,7E007D31810002320264004E323031392D3954505868
06-02-2025 21:04:20.907,58,RECV,7E007D318100011E02AB004E313031392D4346523958
06-02-2025 21:04:23.819,59,RECV,7E007D3181000534026E004E353032302D5A44384C71
06-02-2025 21:04:23.920,60,RECV,7E007D318100062E0240004E363032302D30553037D9
06-02-2025 21:04:23.920,61,RECV,7E007D31810002310267004E323032302D314F485388
06-02-2025 21:04:23.921,62,RECV,7E007D318100011E02AE004E313032302D524D573645
06-02-2025 21:04:26.835,63,RECV,7E007D31810005340271004E353032312D4C33554972
06-02-2025 21:04:26.935,64,RECV,7E007D318100062E0243004E363032312D46583642AB
06-02-2025 21:04:26.935,65,RECV,7E007D3181000232026A004E323032312D4D333138B5
06-02-2025 21:04:26.935,66,RECV,7E007D318100011E02B1004E313032312D484E44484B
06-02-2025 21:04:29.847,67,RECV,7E007D31810005370272004E353032322D3533314FA2
06-02-2025 21:04:29.947,68,RECV,7E007D31810006310244004E363032322D4A43364FAA
06-02-2025 21:04:29.952,69,RECV,7E007D3181000232026B004E323032322D45364E5380
06-02-2025 21:04:29.952,70,RECV,7E007D318100011D02B2004E313032322D52474E3253
06-02-2025 21:04:32.861,71,RECV,7E007D31810005340275004E353032332D4555334478
06-02-2025 21:04:32.911,72,RECV,7E007D318100062D0247004E363032332D54464B31A6
06-02-2025 21:04:32.911,73,RECV,7E007D3181000232026E004E323032332D30485A497D5D
06-02-2025 21:04:32.911,74,RECV,7E007D318100011E02B5004E313032332D344D334E65
06-02-2025 21:04:35.823,75,RECV,7E007D31810005340278004E353032342D4B30423791
06-02-2025 21:04:35.924,76,RECV,7E007D318100062D024A004E363032342D4D43564989
06-02-2025 21:04:35.924,77,RECV,7E007D31810002320270004E323032342D424A513682
06-02-2025 21:04:35.924,78,RECV,7E007D318100011E02B8004E313032342D304A45376D
06-02-2025 21:04:38.837,79,RECV,7E007D3181000537027B004E353032352D494D38456B
06-02-2025 21:04:38.937,80,RECV,7E007D318100062D024D004E363032352D52425A477F
06-02-2025 21:04:38.943,81,RECV,7E007D31810002320273004E323032352D574743555B
06-02-2025 21:04:38.943,82,RECV,7E007D318100011E02BB004E313032352D334A345955
06-02-2025 21:04:41.849,83,RECV,7E007D3181000536027C004E353032362D4343324283
06-02-2025 21:04:41.949,84,RECV,7E007D318100062F024E004E363032362D5053564C6B
06-02-2025 21:04:41.949,85,RECV,7E007D31810002320274004E323032362D4D41374486
06-02-2025 21:04:41.949,86,RECV,7E007D318100011E02BC004E313032362D503448325F
06-02-2025 21:04:44.863,87,RECV,7E007D3181000534027F004E353032372D3941554666
06-02-2025 21:04:44.964,88,RECV,7E007D318100062E0251004E363032372D324A3439C4
06-02-2025 21:04:44.964,89,RECV,7E007D31810002320277004E323032372D3741354A94
06-02-2025 21:04:44.965,90,RECV,7E007D318100011E02BF004E313032372D394B30366F
06-02-2025 21:04:47.836,91,RECV,7E007D31810005350282004E353032382D353941398E
06-02-2025 21:04:47.977,92,RECV,7E007D318100062F0254004E363032382D5747365282
06-02-2025 21:04:47.980,93,RECV,7E007D3181000232027A004E323032382D493937349A
06-02-2025 21:04:47.980,94,RECV,7E007D318100011E02C2004E313032382D5153553329
06-02-2025 21:04:50.839,95,RECV,7E007D31810005360285004E353032392D573630456F
06-02-2025 21:04:50.939,96,RECV,7E007D318100062F0257004E363032392D5833535571
06-02-2025 21:04:50.951,97,RECV,7E007D318100022F027C004E323032392D514D37387A
06-02-2025 21:04:50.951,98,RECV,7E007D318100011F02C5004E313032392D4A34515928
06-02-2025 21:04:53.853,99,RECV,7E007D31810005340286004E353033302D5842484C4C
06-02-2025 21:04:53.954,100,RECV,7E007D318100062D0258004E363033302D4951354C92
06-02-2025 21:04:53.973,101,RECV,7E007D318100022D027D5D004E323033302D4C52454D60
06-02-2025 21:04:53.973,102,RECV,7E007D318100011E02C6004E313033302D365333524A
06-02-2025 21:04:56.870,103,RECV,7E007D31810005340289004E353033312D4A47533161
06-02-2025 21:04:56.970,104,RECV,7E007D318100062D025B004E363033312D4D36354FA2
06-02-2025 21:04:56.970,105,RECV,7E007D318100022E0280004E323033312D465046327D5D
06-02-2025 21:04:56.970,106,RECV,7E007D318100011E02C9004E313033312D5948463439
06-02-2025 21:04:59.884,107,RECV,7E007D3181000537028C004E353033322D544741583B
06-02-2025 21:04:59.984,108,RECV,7E007D3181000630025E004E363033322D304E4D4C8B
06-02-2025 21:04:59.985,109,RECV,7E007D31810002300283004E323033322D4B53483768
06-02-2025 21:04:59.985,110,RECV,7E007D318100011E02CC004E313033322D55364D4236
06-02-2025 21:05:02.849,111,RECV,7E007D3181000535028F004E353033332D5745544439
06-02-2025 21:05:02.999,112,RECV,7E007D318100062F0261004E363033332D3831524C98
06-02-2025 21:05:03.000,113,RECV,7E007D318100022F0286004E323033332D3450435863
06-02-2025 21:05:03.000,114,RECV,7E007D318100011E02CF004E313033332D4C49594B7D33
06-02-2025 21:05:05.864,115,RECV,7E007D31810005340290004E353033342D4735314F70
06-02-2025 21:05:05.964,116,RECV,7E007D318100062D0262004E363033342D35383052B0
06-02-2025 21:05:05.965,117,RECV,7E007D31810002300287004E323033342D504D35426B
06-02-2025 21:05:05.965,118,RECV,7E007D318100011E02D0004E313033342D3333313281
06-02-2025 21:05:08.877,119,RECV,7E007D31810005370293004E353033352D4534484361
06-02-2025 21:05:08.977,120,RECV,7E007D318100062D0265004E363033352D304852359C
06-02-2025 21:05:08.978,121,RECV,7E007D318100022F0289004E323033352D3244375080
06-02-2025 21:05:08.978,122,RECV,7E007D318100011E02D3004E313033352D5948543120
06-02-2025 21:05:11.840,123,RECV,7E007D31810005340296004E353033362D38444F4B4E
06-02-2025 21:05:11.990,124,RECV,7E007D318100062D0268004E363033362D50393833A3
06-02-2025 21:05:11.991,125,RECV,7E007D3181000230028C004E323033362D534D36376B
06-02-2025 21:05:11.991,126,RECV,7E007D318100011E02D6004E313033362D415959450A
06-02-2025 21:05:14.854,127,RECV,7E007D31810005340299004E353033372D3138474F61
06-02-2025 21:05:15.005,128,RECV,7E007D318100062D026B004E363033372D4835564779
06-02-2025 21:05:15.005,129,RECV,7E007D3181000230028F004E323033372D4254394560
06-02-2025 21:05:15.005,130,RECV,7E007D318100011E02D9004E313033372D565A374116
06-02-2025 21:05:17.868,131,RECV,7E007D3181000538029A004E353033382D4D53454431
06-02-2025 21:05:18.019,132,RECV,7E007D3181000631026C004E363033382D484E515452
06-02-2025 21:05:18.019,133,RECV,7E007D31810002300290004E323033382D4745355958
06-02-2025 21:05:18.019,134,RECV,7E007D318100011E02DA004E313033382D4A44354831
06-02-2025 21:05:20.883,135,RECV,7E007D3181000535029D004E353033392D4B5544561F
06-02-2025 21:05:20.983,136,RECV,7E007D318100062F026F004E363033392D474D525550
06-02-2025 21:05:20.984,137,RECV,7E007D31810002300293004E323033392D3251564550
06-02-2025 21:05:20.984,138,RECV,7E007D318100011D02DD004E313033392D4B50424C10
06-02-2025 21:05:23.846,139,RECV,7E007D318100053302A0004E353034302D4C475A581B
06-02-2025 21:05:23.997,140,RECV,7E007D318100062D0272004E363034302D474D59584D
06-02-2025 21:05:23.997,141,RECV,7E007D31810002300296004E323034302D4C59474B3C
06-02-2025 21:05:23.997,142,RECV,7E007D318100011E02E0004E313034302D4448533529
06-02-2025 21:05:26.863,143,RECV,7E007D318100053402A3004E353034312D5238435638
06-02-2025 21:05:27.013,144,RECV,7E007D318100062D0275004E363034312D4C5337595F
06-02-2025 21:05:27.019,145,RECV,7E007D31810002300299004E323034312D4B434D3163
06-02-2025 21:05:27.019,146,RECV,7E007D318100011D02E3004E313034312D4851363833
06-02-2025 21:05:29.877,147,RECV,7E007D318100053402A4004E353034322D32434C4850
06-02-2025 21:05:30.028,148,RECV,7E007D318100062E0276004E363034322D37384D329D
06-02-2025 21:05:30.028,149,RECV,7E007D3181000230029A004E323034322D424A51355B
06-02-2025 21:05:30.028,150,RECV,7E007D318100011E02E4004E313034322D4835464430
06-02-2025 21:05:32.892,151,RECV,7E007D318100053402A7004E353034332D46344C315E
06-02-2025 21:05:33.042,152,RECV,7E007D318100062D0279004E363034332D4F3750456D
06-02-2025 21:05:33.050,153,RECV,7E007D3181000230029D004E323034332D5643364753
06-02-2025 21:05:33.050,154,RECV,7E007D318100011E02E7004E313034332D4353363334
06-02-2025 21:05:35.866,155,RECV,7E007D318100053402AA004E353034342D4E46555810
06-02-2025 21:05:36.007,156,RECV,7E007D318100062D027C004E363034342D473236567F
06-02-2025 21:05:36.007,157,RECV,7E007D318100023002A0004E323034342D563736435F
06-02-2025 21:05:36.007,158,RECV,7E007D318100011E02EA004E313034342D334E30522C
06-02-2025 21:05:38.869,159,RECV,7E007D318100053802AD004E353034352D333841306D
06-02-2025 21:05:39.020,160,RECV,7E007D3181000630027F004E363034352D384E59415D
06-02-2025 21:05:39.038,161,RECV,7E007D318100023002A3004E323034352D3934555847
06-02-2025 21:05:39.040,162,RECV,7E007D318100011D02ED004E313034352D535A38380F
06-02-2025 21:05:41.883,163,RECV,7E007D318100053502AE004E353034362D3234534849
06-02-2025 21:05:42.033,164,RECV,7E007D318100062F0280004E363034362D564D35386C
06-02-2025 21:05:42.033,165,RECV,7E007D318100023002A4004E323034362D5334474F42
06-02-2025 21:05:42.033,166,RECV,7E007D318100011E02EE004E313034362D3453444E10
06-02-2025 21:05:44.892,167,RECV,7E007D318100053602B1004E353034372D4636564330
06-02-2025 21:05:45.043,168,RECV,7E007D318100062D0283004E363034372D415151593E
06-02-2025 21:05:45.043,169,RECV,7E007D318100023002A7004E323034372D464B59333E
06-02-2025 21:05:45.043,170,RECV,7E007D318100011E02F1004E313034372D59414755EF
06-02-2025 21:05:47.904,171,RECV,7E007D318100053702B4004E353034382D45395A557D33
06-02-2025 21:05:48.060,172,RECV,7E007D31810006310286004E363034382D495A41424C
06-02-2025 21:05:48.060,173,RECV,7E007D318100023002A9004E323034382D4145493851
06-02-2025 21:05:48.061,174,RECV,7E007D318100011E02F4004E313034382D4232544F0A
06-02-2025 21:05:50.864,175,RECV,7E007D318100053402B7004E353034392D48554D4F06
06-02-2025 21:05:51.065,176,RECV,7E007D318100062E0289004E363034392D3554515740
06-02-2025 21:05:51.065,177,RECV,7E007D318100022F02AC004E323034392D5631353861
06-02-2025 21:05:51.065,178,RECV,7E007D318100011E02F7004E313034392D464D314118
06-02-2025 21:05:53.877,179,RECV,7E007D318100053402B8004E353035302D4F574C371D
06-02-2025 21:05:54.028,180,RECV,7E007D318100062E028A004E363035302D4230433192
06-02-2025 21:05:54.036,181,RECV,7E007D318100023002AD004E323035302D454D57531F
06-02-2025 21:05:54.036,182,RECV,7E007D318100011E02F8004E313035302D3031344D42
06-02-2025 21:05:56.890,183,RECV,7E007D318100053402BB004E353035312D4F554E52FE
06-02-2025 21:05:57.041,184,RECV,7E007D318100062E028D004E363035312D3945353889
06-02-2025 21:05:57.070,185,RECV,7E007D318100022E02B0004E323035312D5135325150
06-02-2025 21:05:57.070,186,RECV,7E007D318100011E02FB004E313035312D4B30385617
06-02-2025 21:05:59.904,187,RECV,7E007D318100053302BE004E353035322D365A52500D
06-02-2025 21:06:00.055,188,RECV,7E007D31810006300290004E363035322D4443483867
06-02-2025 21:06:00.055,189,RECV,7E007D318100023402B3004E323035322D565433462C
06-02-2025 21:06:00.055,190,RECV,7E007D318100011D02FE004E313035322D4F394F4402
06-02-2025 21:06:02.869,191,RECV,7E007D318100053702C1004E353035332D314335523C
06-02-2025 21:06:03.070,192,RECV,7E007D318100062E0293004E363035332D4836523963
06-02-2025 21:06:03.085,193,RECV,7E007D318100023302B6004E323035332D5947563125
06-02-2025 21:06:03.085,194,RECV,7E007D318100011D0202004E313035332D4C474B4CEE
06-02-2025 21:06:05.886,195,RECV,7E007D318100053502C2004E353035342D5557385300
06-02-2025 21:06:06.086,196,RECV,7E007D318100062F0294004E363035342D3554444F4D
06-02-2025 21:06:06.104,197,RECV,7E007D318100023102B7004E323035342D56585951F4
06-02-2025 21:06:06.105,198,RECV,7E007D318100011E0203004E313035342D574C4638F4
06-02-2025 21:06:08.900,199,RECV,7E007D318100053402C5004E353035352D5749493516
06-02-2025 21:06:09.050,200,RECV,7E007D318100062F0297004E363035352D4545344661
06-02-2025 21:06:09.051,201,RECV,7E007D318100023302BA004E323035352D4D354E472F
06-02-2025 21:06:09.051,202,RECV,7E007D318100011E0206004E313035352D46484147FB
06-02-2025 21:06:11.912,203,RECV,7E007D318100053302C8004E353035362D4542565AFA
06-02-2025 21:06:12.063,204,RECV,7E007D318100062D029A004E363035362D374546475A
06-02-2025 21:06:12.063,205,RECV,7E007D318100023102BD004E323035362D4654464123
06-02-2025 21:06:12.064,206,RECV,7E007D318100011E0209004E313035362D4C573147F2
06-02-2025 21:06:14.875,207,RECV,7E007D318100053402CB004E353035372D304A455A7D33
06-02-2025 21:06:15.076,208,RECV,7E007D318100062D029D004E363035372D544D4C4929
06-02-2025 21:06:15.091,209,RECV,7E007D318100022E02C0004E323035372D484748521A
06-02-2025 21:06:15.091,210,RECV,7E007D318100011E020C004E313035372D36335657F3
06-02-2025 21:06:17.888,211,RECV,7E007D318100053602CC004E353035382D44445550FB
06-02-2025 21:06:18.088,212,RECV,7E007D318100062F029E004E363035382D43474C5332
06-02-2025 21:06:18.088,213,RECV,7E007D318100023102C1004E323035382D524F30333A
06-02-2025 21:06:18.088,214,RECV,7E007D318100011E020D004E313035382D47414442F9
06-02-2025 21:06:20.901,215,RECV,7E007D318100053402CF004E353035392D3132584C1F
06-02-2025 21:06:21.101,216,RECV,7E007D318100062D02A1004E363035392D534B574C18
06-02-2025 21:06:21.104,217,RECV,7E007D318100023102C4004E323035392D59545746F0
06-02-2025 21:06:21.104,218,RECV,7E007D318100011F0210004E313035392D4F4A3056E3
06-02-2025 21:06:23.915,219,RECV,7E007D318100053602D2004E353036302D584D493704
06-02-2025 21:06:24.115,220,RECV,7E007D318100062F02A4004E363036302D3942393474
06-02-2025 21:06:24.115,221,RECV,7E007D318100022D02C7004E323036302D4F33584722
06-02-2025 21:06:24.115,222,RECV,7E007D318100011E027D33004E313036302D30495554E6
06-02-2025 21:06:26.879,223,RECV,7E007D318100053702D5004E353036312D454F5A45F1
06-02-2025 21:06:27.080,224,RECV,7E007D318100063002A7004E363036312D483638376A
06-02-2025 21:06:27.104,225,RECV,7E007D318100022D02CA004E323036312D4B34514728
06-02-2025 21:06:27.104,226,RECV,7E007D318100011E0216004E313036312D34565059D1
06-02-2025 21:06:29.894,227,RECV,7E007D318100053402D6004E353036322D3937364B34
06-02-2025 21:06:30.094,228,RECV,7E007D318100062D02A8004E363036322D4B32415941
06-02-2025 21:06:30.096,229,RECV,7E007D318100022D02CB004E323036322D303954542C
06-02-2025 21:06:30.096,230,RECV,7E007D318100011E0217004E313036322D55565246BF
06-02-2025 21:06:32.906,231,RECV,7E007D318100053402D9004E353036332D465A394305
06-02-2025 21:06:33.107,232,RECV,7E007D318100062D02AB004E363036332D584E384C2A
06-02-2025 21:06:33.121,233,RECV,7E007D318100022D02CE004E323036332D494B504F06
06-02-2025 21:06:33.122,234,RECV,7E007D318100011E021A004E313036332D52434D58C4
06-02-2025 21:06:35.917,235,RECV,7E007D318100053402DC004E353036342D52344F4404
06-02-2025 21:06:36.118,236,RECV,7E007D318100062D02AE004E363036342D584C4E4717
06-02-2025 21:06:36.118,237,RECV,7E007D318100022D02D1004E323036342D3850414725
06-02-2025 21:06:36.118,238,RECV,7E007D318100011E021D004E313036342D44524D54C3
06-02-2025 21:06:38.882,239,RECV,7E007D318100053302DF004E353036352D46495A59D8
06-02-2025 21:06:39.133,240,RECV,7E007D318100062C02B1004E363036352D354552344D
06-02-2025 21:06:39.134,241,RECV,7E007D318100022F02D4004E323036352D4946355516
06-02-2025 21:06:39.134,242,RECV,7E007D318100011E0220004E313036352D39563355DF
06-02-2025 21:06:41.897,243,RECV,7E007D318100053602E0004E353036362D574A4C57D1
06-02-2025 21:06:42.098,244,RECV,7E007D318100062F02B2004E363036362D5647465312
06-02-2025 21:06:42.109,245,RECV,7E007D318100022E02D5004E323036362D5138314430
06-02-2025 21:06:42.109,246,RECV,7E007D318100011E0221004E313036362D4233463801
06-02-2025 21:06:44.910,247,RECV,7E007D318100053402E3004E353036372D4E4D305AEE
06-02-2025 21:06:45.111,248,RECV,7E007D318100062E02B5004E363036372D5454394B19
06-02-2025 21:06:45.134,249,RECV,7E007D318100022D02D8004E323036372D4A504A4205
06-02-2025 21:06:45.135,250,RECV,7E007D318100011E0224004E313036372D4C52504FB3
06-02-2025 21:06:47.924,251,RECV,7E007D318100053502E6004E353036382D4C474358E0
06-02-2025 21:06:48.125,252,RECV,7E007D318100062F02B8004E363036382D5748584CFD
06-02-2025 21:06:48.137,253,RECV,7E007D318100022D02DB004E323036382D5546333029
06-02-2025 21:06:48.137,254,RECV,7E007D318100011E0227004E313036382D44344F33F2
06-02-2025 21:06:50.898,255,RECV,7E007D318100053302E9004E353036392D46424E57DF
06-02-2025 21:06:51.139,256,RECV,7E007D318100062D02BB004E363036392D3841484934
06-02-2025 21:06:51.139,257,RECV,7E007D318100022E02DE004E323036392D49475255EB
06-02-2025 21:06:51.139,258,RECV,7E007D318100011E022A004E313036392D414A3757CF
06-02-2025 21:06:53.902,259,RECV,7E007D318100053402EA004E353037302D46384D5AED
06-02-2025 21:06:54.122,260,RECV,7E007D318100062E02BC004E363037302D413154344A
06-02-2025 21:06:54.123,261,RECV,7E007D318100022E02DF004E323037302D46454C361C
06-02-2025 21:06:54.123,262,RECV,7E007D318100011E022B004E313037302D58303544EE
06-02-2025 21:06:56.913,263,RECV,7E007D318100053402ED004E353037312D514F4554D5
06-02-2025 21:06:57.164,264,RECV,7E007D318100062E02BF004E363037312D3647455925
06-02-2025 21:06:57.164,265,RECV,7E007D318100022E02E2004E323037312D4337425A0F
06-02-2025 21:06:57.164,266,RECV,7E007D318100011E022E004E313037312D39525732D7
06-02-2025 21:06:59.927,267,RECV,7E007D318100053502F0004E353037322D314D5950E2
06-02-2025 21:07:00.127,268,RECV,7E007D318100062F02C2004E363037322D534237353A
06-02-2025 21:07:00.128,269,RECV,7E007D318100022E02E5004E323037322D355A5954E5
06-02-2025 21:07:00.128,270,RECV,7E007D318100011E0231004E313037322D57323450DA
06-02-2025 21:07:02.941,271,RECV,7E007D318100053402F3004E353037332D41584C4CD5
06-02-2025 21:07:03.141,272,RECV,7E007D318100062F02C5004E363037332D59434F4507
06-02-2025 21:07:03.141,273,RECV,7E007D318100022E02E8004E323037332D59474A46ED
06-02-2025 21:07:03.141,274,RECV,7E007D318100011E0234004E313037332D5A52574A96
06-02-2025 21:07:05.905,275,RECV,7E007D318100053402F4004E353037342D54393156F0
06-02-2025 21:07:06.146,276,RECV,7E007D318100062E02C6004E363037342D4C44335A19
06-02-2025 21:07:06.163,277,RECV,7E007D318100022E02E9004E323037342D3044305621
06-02-2025 21:07:06.163,278,RECV,7E007D318100011E0235004E313037342D38523146E0
06-02-2025 21:07:08.919,279,RECV,7E007D318100053602F7004E353037352D52474843DA
06-02-2025 21:07:09.170,280,RECV,7E007D318100062F02C9004E363037352D474C455504
06-02-2025 21:07:09.170,281,RECV,7E007D318100022F02EC004E323037352D4131354926
06-02-2025 21:07:09.170,282,RECV,7E007D318100011E0238004E313037352D464D5A31BF
06-02-2025 21:07:11.934,283,RECV,7E007D318100053402FA004E353037362D434F454ADB
06-02-2025 21:07:12.185,284,RECV,7E007D318100062E02CC004E363037362D59385256F5
06-02-2025 21:07:12.185,285,RECV,7E007D318100022E02EE004E323037362D313341343B
06-02-2025 21:07:12.185,286,RECV,7E007D318100011E023B004E313037362D53594439B0
06-02-2025 21:07:14.898,287,RECV,7E007D318100053402FD004E353037372D33493356F3
06-02-2025 21:07:15.149,288,RECV,7E007D318100062E02CF004E363037372D4441593517
06-02-2025 21:07:15.149,289,RECV,7E007D318100022E02F1004E323037372D52335A59D8
06-02-2025 21:07:15.149,290,RECV,7E007D318100011E023E004E313037372D335A5449AB
06-02-2025 21:07:17.913,291,RECV,7E007D318100053402FE004E353037382D34504452DC
06-02-2025 21:07:18.164,292,RECV,7E007D318100062E02D0004E363037382D5249525AE1
06-02-2025 21:07:18.164,293,RECV,7E007D318100022E02F2004E323037382D3638314C23
06-02-2025 21:07:18.164,294,RECV,7E007D318100011E023F004E313037382D57374F4BAB
06-02-2025 21:07:20.928,295,RECV,7E007D31810005380202004E353037392D4B465241C9
06-02-2025 21:07:21.179,296,RECV,7E007D318100063002D3004E363037392D514A4A57E6
06-02-2025 21:07:21.179,297,RECV,7E007D318100022E02F5004E323037392D3333384E1E
06-02-2025 21:07:21.179,298,RECV,7E007D318100011E0242004E313037392D53325541B4
06-02-2025 21:07:23.893,299,RECV,7E007D31810005360205004E353038302D58483343DE
06-02-2025 21:07:24.154,300,RECV,7E007D318100062E02D6004E363038302D543147302D
06-02-2025 21:07:24.160,301,RECV,7E007D318100022E02F8004E323038302D43345944FB
06-02-2025 21:07:24.160,302,RECV,7E007D318100011E0245004E313038302D41504156AC
06-02-2025 21:07:26.909,303,RECV,7E007D31810005340207004E353038312D4E533153CE
06-02-2025 21:07:27.160,304,RECV,7E007D318100062D02D9004E363038312D4230485715
06-02-2025 21:07:27.174,305,RECV,7E007D318100022E02FB004E323038312D354446420A
06-02-2025 21:07:27.174,306,RECV,7E007D318100011E0248004E313038312D33494338D9
06-02-2025 21:07:29.924,307,RECV,7E007D31810005360209004E353038322D304A334100
06-02-2025 21:07:30.175,308,RECV,7E007D318100063002DA004E363038322D374C315419
06-02-2025 21:07:30.199,309,RECV,7E007D318100022E02FC004E323038322D33524C55E3
06-02-2025 21:07:30.199,310,RECV,7E007D318100011E0249004E313038322D30563153C4
06-02-2025 21:07:32.939,311,RECV,7E007D3181000534020C004E353038332D56464733D6
06-02-2025 21:07:33.190,312,RECV,7E007D318100062E02DD004E363038332D4A314C5008
06-02-2025 21:07:33.190,313,RECV,7E007D318100022E02FF004E323038332D505A5632D3
06-02-2025 21:07:33.190,314,RECV,7E007D318100011E024C004E313038332D4A51514797
06-02-2025 21:07:35.953,315,RECV,7E007D3181000534020F004E353038342D55415054AE
06-02-2025 21:07:36.203,316,RECV,7E007D318100062E02E0004E363038342D5239315A05
06-02-2025 21:07:36.204,317,RECV,7E007D318100022E0203004E323038342D30424D54ED
06-02-2025 21:07:36.204,318,RECV,7E007D318100011E024F004E313038342D46484632C0
06-02-2025 21:07:39.218,319,RECV,7E007D318100063002E3004E363038352D4E30354F7D33
06-02-2025 21:07:39.218,320,RECV,7E007D318100022E0206004E323038352D56373249F4
06-02-2025 21:07:39.219,321,RECV,7E007D318100011E0252004E313038352D34374545CD
06-02-2025 21:07:41.930,322,RECV,7E007D3181000535027D33004E353038362D44445A4DB2
06-02-2025 21:07:42.191,323,RECV,7E007D318100062F02E4004E363038362D4A374555F9
06-02-2025 21:07:42.192,324,RECV,7E007D318100022E0207004E323038362D59564E42BB
06-02-2025 21:07:42.192,325,RECV,7E007D318100011E0253004E313038362D4348595686
06-02-2025 21:07:44.945,326,RECV,7E007D31810005340216004E353038372D4C324349D4
06-02-2025 21:07:45.196,327,RECV,7E007D318100062E02E7004E363038372D5756464BD3
06-02-2025 21:07:45.196,328,RECV,7E007D318100022E020A004E323038372D4E574D4EB6
06-02-2025 21:07:45.196,329,RECV,7E007D318100011E0256004E313038372D584135539B
06-02-2025 21:07:47.921,330,RECV,7E007D31810005340219004E353038382D465A3849B9
06-02-2025 21:07:48.212,331,RECV,7E007D318100062D02EA004E363038382D37375553F8
06-02-2025 21:07:48.212,332,RECV,7E007D318100022E020D004E323038382D3130524FF0
06-02-2025 21:07:48.212,333,RECV,7E007D318100011E0259004E313038382D454A495888
06-02-2025 21:07:50.926,334,RECV,7E007D3181000535021B004E353038392D4F4D535493
06-02-2025 21:07:51.177,335,RECV,7E007D318100062F02ED004E363038392D59305142EC
06-02-2025 21:07:51.197,336,RECV,7E007D318100022E0210004E323038392D575A4453A6
06-02-2025 21:07:51.200,337,RECV,7E007D318100011E025C004E313038392D4E424833A9
06-02-2025 21:07:53.939,338,RECV,7E007D3181000534021D004E353039302D36374B51D4
06-02-2025 21:07:54.190,339,RECV,7E007D318100062D02EE004E363039302D4C48534AE0
06-02-2025 21:07:54.202,340,RECV,7E007D3181000231027D31004E323039302D53394943DA
06-02-2025 21:07:54.240,341,RECV,7E007D318100011E025D004E313039302D4C314A4AAA
06-02-2025 21:07:56.924,342,RECV,7E007D31810005340220004E353039312D504F49559C
06-02-2025 21:07:57.204,343,RECV,7E007D318100062D02F1004E363039312D304845361A
06-02-2025 21:07:57.233,344,RECV,7E007D31810002300214004E323039312D51333343F5
06-02-2025 21:07:57.233,345,RECV,7E007D318100011E0260004E313039312D48364D529A
06-02-2025 21:07:59.918,346,RECV,7E007D31810005370223004E353039322D4D533144BD
06-02-2025 21:08:00.220,347,RECV,7E007D318100063002F4004E363039322D54473543F3
06-02-2025 21:08:00.247,348,RECV,7E007D318100022F0217004E323039322D4C515436C5
06-02-2025 21:08:00.247,349,RECV,7E007D318100011F0263004E313039322D4935474DA0
06-02-2025 21:08:02.933,350,RECV,7E007D31810005370225004E353039332D5450314CAE
06-02-2025 21:08:03.233,351,RECV,7E007D318100063002F7004E363039332D52484137F0
06-02-2025 21:08:03.234,352,RECV,7E007D3181000230021A004E323039332D55444E4FB1
06-02-2025 21:08:03.234,353,RECV,7E007D318100011F0266004E313039332D33504C459A
06-02-2025 21:08:05.945,354,RECV,7E007D31810005340227004E353039342D51495736A8
06-02-2025 21:08:06.246,355,RECV,7E007D318100062F02F8004E363039342D47514A53CC
06-02-2025 21:08:06.247,356,RECV,7E007D3181000230021B004E323039342D51495A539E
06-02-2025 21:08:06.247,357,RECV,7E007D318100011F0267004E313039342D5250485270
06-02-2025 21:08:08.960,358,RECV,7E007D3181000534022A004E353039352D4D533541B5
06-02-2025 21:08:09.211,359,RECV,7E007D318100062D02FB004E363039352D4237424CF8
06-02-2025 21:08:09.222,360,RECV,7E007D318100022D021E004E323039352D4E584843B3
06-02-2025 21:08:09.259,361,RECV,7E007D318100011E026A004E313039352D4C46545370
06-02-2025 21:08:11.923,362,RECV,7E007D3181000534022D004E353039362D4C4D374BAC
06-02-2025 21:08:12.224,363,RECV,7E007D318100062D02FE004E363039362D58564448C1
06-02-2025 21:08:12.233,364,RECV,7E007D318100022E0221004E323039362D3535484AE3
06-02-2025 21:08:12.275,365,RECV,7E007D318100011E026D004E313039362D364E515A76
06-02-2025 21:08:14.937,366,RECV,7E007D3181000534022F004E353039372D374D4244BA
06-02-2025 21:08:15.238,367,RECV,7E007D318100062E0202004E363039372D59465931CC
06-02-2025 21:08:15.238,368,RECV,7E007D318100022E0224004E323039372D4D453131E7
06-02-2025 21:08:15.238,369,RECV,7E007D318100011F0270004E313039372D4643594777
06-02-2025 21:08:17.951,370,RECV,7E007D31810005350231004E353039382D5159415283
06-02-2025 21:08:18.252,371,RECV,7E007D318100062E0203004E363039382D52434E41CF
06-02-2025 21:08:18.269,372,RECV,7E007D318100022E0225004E323039382D484C3246CD
06-02-2025 21:08:18.269,373,RECV,7E007D318100011F0271004E313039382D38315144A0
06-02-2025 21:08:20.937,374,RECV,7E007D31810005370234004E353039392D5332584895
06-02-2025 21:08:21.238,375,RECV,7E007D31810006300206004E363039392D4A574B4BB6
06-02-2025 21:08:21.242,376,RECV,7E007D318100022D0228004E323039392D364E324CD4
06-02-2025 21:08:21.243,377,RECV,7E007D318100011E0274004E313039392D39323154AB
