06-02-2025 21:10:43.829,-,API2,"Sink 2,0013A20041839DCA,802.15.4 TH,2003,/dev/ttyUSB2 - 57600/8/M/1/N,1,46"

06-02-2025 21:03:23.836,0,RECV,7E007D318100041E02EA004E343030302D37514A451A
06-02-2025 21:03:23.836,1,RECV,7E007D318100031902C4004E333030302D4547455835
06-02-2025 21:03:26.802,2,RECV,7E007D318100083702FA004E383030312D36314D4308
06-02-2025 21:03:26.802,3,RECV,7E007D318100041D02EB004E343030312D365A374F1A
06-02-2025 21:03:26.802,4,RECV,7E007D318100031A02C5004E333030312D495A4F5118
06-02-2025 21:03:29.815,5,RECV,7E007D318100083302FD004E383030322D334436440E
06-02-2025 21:03:29.815,6,RECV,7E007D318100041D02ED004E343030322D4438414828
06-02-2025 21:03:29.816,7,RECV,7E007D318100031902C8004E333030322D3035475359
06-02-2025 21:03:32.830,8,RECV,7E007D31810008350201004E383030332D33524E57CE
06-02-2025 21:03:32.830,9,RECV,7E007D318100041D02F0004E343030332D3648315921
06-02-2025 21:03:32.831,10,RECV,7E007D318100031902CB004E333030332D3736333480
06-02-2025 21:03:35.795,11,RECV,7E007D31810008350202004E383030342D37515752C5
06-02-2025 21:03:35.845,12,RECV,7E007D318100041D02F3004E343030342D57515345E5
06-02-2025 21:03:35.846,13,RECV,7E007D318100031A02CE004E333030342D58554C5204
06-02-2025 21:03:38.808,14,RECV,7E007D31810008390205004E383030352D33555250C4
06-02-2025 21:03:38.818,15,RECV,7E007D318100041D02F4004E343030352D424E5541FD
06-02-2025 21:03:38.819,16,RECV,7E007D318100031A02CF004E333030352D5933535717
06-02-2025 21:03:41.822,17,RECV,7E007D31810008340208004E383030362D364C4930F4
06-02-2025 21:03:41.824,18,RECV,7E007D318100041D02F6004E343030362D4248564DF3
06-02-2025 21:03:41.825,19,RECV,7E007D318100031A02D2004E333030362D4D36353160
06-02-2025 21:03:44.836,20,RECV,7E007D3181000833020B004E383030372D5A384846CC
06-02-2025 21:03:44.837,21,RECV,7E007D318100041D02F9004E343030372D464F39420C
06-02-2025 21:03:44.837,22,RECV,7E007D318100031A02D5004E333030372D4357444C1B
06-02-2025 21:03:47.799,23,RECV,7E007D3181000835020C004E383030382D4D55454DB4
06-02-2025 21:03:47.849,24,RECV,7E007D318100041D02FB004E343030382D37534E4EF3
06-02-2025 21:03:47.850,25,RECV,7E007D318100031A02D8004E333030382D56544C3714
06-02-2025 21:03:50.814,26,RECV,7E007D3181000835020F004E383030392D4D4F3844CC
06-02-2025 21:03:50.824,27,RECV,7E007D318100041D02FC004E343030392D514C4A41EF
06-02-2025 21:03:50.864,28,RECV,7E007D318100031A02D9004E333030392D354D475521
06-02-2025 21:03:53.829,29,RECV,7E007D31810008340212004E383031302D4A325541D8
06-02-2025 21:03:53.830,30,RECV,7E007D318100041D02FF004E343031302D3956425AF1
06-02-2025 21:03:53.880,31,RECV,7E007D318100031A02DC004E333031302D484154382F
06-02-2025 21:03:56.845,32,RECV,7E007D31810008380215004E383031312D524D4E599C
06-02-2025 21:03:56.848,33,RECV,7E007D318100041D0203004E343031312D4F475244EB
06-02-2025 21:03:56.855,34,RECV,7E007D318100073E02E1004E373031312D5A564A39DF
06-02-2025 21:03:56.858,35,RECV,7E007D318100031A02DF004E333031312D394B4B3839
06-02-2025 21:03:59.810,36,RECV,7E007D31810008340216004E383031322D5A553746B8
06-02-2025 21:03:59.860,37,RECV,7E007D318100041D0206004E343031322D494D4652E5
06-02-2025 21:03:59.860,38,RECV,7E007D318100031A02E2004E333031322D4857435A00
06-02-2025 21:03:59.860,39,RECV,7E007D318100073D02E3004E373031322D5A37443308
06-02-2025 21:04:02.823,40,RECV,7E007D31810008340219004E383031332D43393848E4
06-02-2025 21:04:02.833,41,RECV,7E007D318100041D0207004E343031332D43344B51FE
06-02-2025 21:04:02.873,42,RECV,7E007D318100073D02E5004E373031332D42495330FF
06-02-2025 21:04:02.879,43,RECV,7E007D318100031A02E3004E333031332D5A30444824
06-02-2025 21:04:05.807,44,RECV,7E007D3181000838021C004E383031342D30523558C9
06-02-2025 21:04:05.837,45,RECV,7E007D318100041D0209004E343031342D5A563737F0
06-02-2025 21:04:05.887,46,RECV,7E007D318100073F02E8004E373031342D5A394A50DA
06-02-2025 21:04:05.920,47,RECV,7E007D318100031A02E6004E333031342D4D30475121
06-02-2025 21:04:08.799,48,RECV,7E007D3181000832021F004E383031352D30353150F4
06-02-2025 21:04:08.849,49,RECV,7E007D318100041D020C004E343031352D4334463716
06-02-2025 21:04:08.899,50,RECV,7E007D318100073C02EB004E373031352D44305259E7
06-02-2025 21:04:08.907,51,RECV,7E007D318100031A02E9004E333031352D4A374D4C18
06-02-2025 21:04:11.813,52,RECV,7E007D31810008340220004E383031362D36485A4BB3
06-02-2025 21:04:11.863,53,RECV,7E007D318100041D020E004E343031362D46495330F5
06-02-2025 21:04:11.863,54,RECV,7E007D318100073D02ED004E373031362D4454304AF0
06-02-2025 21:04:11.863,55,RECV,7E007D318100031A02EC004E333031362D4931494328
06-02-2025 21:04:14.827,56,RECV,7E007D31810008350223004E383031372D4D303058CC
06-02-2025 21:04:14.838,57,RECV,7E007D318100041D020F004E343031372D49394256EB
06-02-2025 21:04:14.878,58,RECV,7E007D318100031A02ED004E333031372D4E534747FD
06-02-2025 21:04:17.841,59,RECV,7E007D31810008320226004E383031382D49393759BE
06-02-2025 21:04:17.849,60,RECV,7E007D318100041D0212004E343031382D394A344A00
06-02-2025 21:04:17.891,61,RECV,7E007D318100074102F2004E373031382D34584A34ED
06-02-2025 21:04:17.891,62,RECV,7E007D318100031A02F0004E333031382D414C455105
06-02-2025 21:04:20.804,63,RECV,7E007D31810008350229004E383031392D4F4D465691
06-02-2025 21:04:20.854,64,RECV,7E007D318100041D0214004E343031392D4D415231ED
06-02-2025 21:04:20.904,65,RECV,7E007D318100073E02F5004E373031392D42395639EC
06-02-2025 21:04:20.907,66,RECV,7E007D318100031A02F3004E333031392D394F4C450B
06-02-2025 21:04:23.819,67,RECV,7E007D3181000834022A004E383032302D4C344F48BA
06-02-2025 21:04:23.869,68,RECV,7E007D318100041D0217004E343032302D584B5358B5
06-02-2025 21:04:23.920,69,RECV,7E007D318100073C02F7004E373032302D464B5A39DA
06-02-2025 21:04:23.920,70,RECV,7E007D318100031A02F6004E333032302D464B34537D31
06-02-2025 21:04:26.835,71,RECV,7E007D3181000834022D004E383032312D56383633D6
06-02-2025 21:04:26.885,72,RECV,7E007D318100041D0218004E343032312D51553849DA
06-02-2025 21:04:26.922,73,RECV,7E007D318100073D02F9004E373032312D4847415AD0
06-02-2025 21:04:26.922,74,RECV,7E007D318100031A02F7004E333032312D43514F59EB
06-02-2025 21:04:29.807,75,RECV,7E007D31810008380230004E383032322D4C58544489
06-02-2025 21:04:29.847,76,RECV,7E007D318100041D021B004E343032322D44484343EB
06-02-2025 21:04:29.897,77,RECV,7E007D318100074102FC004E373032322D45484134F0
06-02-2025 21:04:29.907,78,RECV,7E007D318100031A02FA004E333032322D48495A48F0
06-02-2025 21:04:32.810,79,RECV,7E007D31810008340233004E383032332D46324737CF
06-02-2025 21:04:32.861,80,RECV,7E007D318100041D021E004E343032332D39553645F0
06-02-2025 21:04:32.911,81,RECV,7E007D318100073D02FF004E373032332D3142453802
06-02-2025 21:04:32.911,82,RECV,7E007D318100031A02FD004E333032332D5A33384A10
06-02-2025 21:04:35.824,83,RECV,7E007D31810008340234004E383032342D54304153AB
06-02-2025 21:04:35.874,84,RECV,7E007D318100041D0221004E343032342D4E344B42E6
06-02-2025 21:04:35.924,85,RECV,7E007D318100073C0202004E373032342D42484554CC
06-02-2025 21:04:35.924,86,RECV,7E007D318100031A0201004E333032342D353641343A
06-02-2025 21:04:38.837,87,RECV,7E007D31810008380237004E383032352D36464B5A9A
06-02-2025 21:04:38.887,88,RECV,7E007D318100041D0222004E343032352D4C4B4D57B8
06-02-2025 21:04:38.937,89,RECV,7E007D318100073B0204004E373032352D32355647E9
06-02-2025 21:04:38.943,90,RECV,7E007D31810003190202004E333032352D3146523719
06-02-2025 21:04:41.804,91,RECV,7E007D3181000835023A004E383032362D534C4D517D5D
06-02-2025 21:04:41.864,92,RECV,7E007D318100041D0224004E343032362D4D314E45DF
06-02-2025 21:04:41.955,93,RECV,7E007D318100073E0207004E373032362D5A323541E4
06-02-2025 21:04:41.955,94,RECV,7E007D318100031A0204004E333032362D4D36383921
06-02-2025 21:04:44.820,95,RECV,7E007D3181000833023D004E383032372D31323555CB
06-02-2025 21:04:44.870,96,RECV,7E007D318100041D0227004E343032372D4A455553B5
06-02-2025 21:04:44.920,97,RECV,7E007D318100073C020A004E373032372D43354847DD
06-02-2025 21:04:44.920,98,RECV,7E007D31810003190207004E333032372D54593739F5
06-02-2025 21:04:47.832,99,RECV,7E007D3181000835023E004E383032382D43475130A9
06-02-2025 21:04:47.883,100,RECV,7E007D318100041D0229004E343032382D384E3356DA
06-02-2025 21:04:47.933,101,RECV,7E007D318100073F020C004E373032382D37383658E1
06-02-2025 21:04:47.933,102,RECV,7E007D318100031A020A004E333032382D343458321B
06-02-2025 21:04:50.847,103,RECV,7E007D31810008380241004E383032392D504852368D
06-02-2025 21:04:50.897,104,RECV,7E007D318100041D022A004E343032392D544C5946A8
06-02-2025 21:04:50.948,105,RECV,7E007D318100031A020C004E333032392D464E344DF5
06-02-2025 21:04:53.813,106,RECV,7E007D31810008340244004E383033302D4C375A5980
06-02-2025 21:04:53.863,107,RECV,7E007D318100041D022D004E343033302D4A554B46BC
06-02-2025 21:04:53.963,108,RECV,7E007D318100073A027D31004E373033302D484E3947CF
06-02-2025 21:04:53.973,109,RECV,7E007D318100031A020E004E333033302D58494158D6
06-02-2025 21:04:56.829,110,RECV,7E007D31810008340247004E383033312D4255544D7A
06-02-2025 21:04:56.879,111,RECV,7E007D318100041D022F004E343033312D504E324FCA
06-02-2025 21:04:56.930,112,RECV,7E007D318100073C0214004E373033312D52594832BA
06-02-2025 21:04:56.940,113,RECV,7E007D318100031A027D31004E333033312D4436593900
06-02-2025 21:04:59.846,114,RECV,7E007D31810008360248004E383033322D504C465577
06-02-2025 21:04:59.896,115,RECV,7E007D318100041D0232004E343033322D33433956E0
06-02-2025 21:04:59.946,116,RECV,7E007D318100073F0216004E373033322D4B5A3337CA
06-02-2025 21:04:59.954,117,RECV,7E007D318100031A0214004E333033322D564E544EC2
06-02-2025 21:05:02.811,118,RECV,7E007D3181000834024B004E383033332D335554329E
06-02-2025 21:05:02.892,119,RECV,7E007D318100041D0233004E343033332D59514A36B9
06-02-2025 21:05:02.962,120,RECV,7E007D318100073D0218004E373033332D5A5933589A
06-02-2025 21:05:02.966,121,RECV,7E007D318100031A0215004E333033332D56385045E3
06-02-2025 21:05:05.826,122,RECV,7E007D3181000834024E004E383033342D4C52554B6A
06-02-2025 21:05:05.877,123,RECV,7E007D318100041D0236004E343033342D4457585597
06-02-2025 21:05:05.977,124,RECV,7E007D318100073D021B004E373033342D5953374CA5
06-02-2025 21:05:05.977,125,RECV,7E007D318100031A0218004E333033342D53494D4BCE
06-02-2025 21:05:08.842,126,RECV,7E007D31810008380251004E383033352D38505A447A
06-02-2025 21:05:08.892,127,RECV,7E007D318100041D0238004E343033352D545156538E
06-02-2025 21:05:08.952,128,RECV,7E007D318100073E021E004E373033352D30513055C9
06-02-2025 21:05:08.952,129,RECV,7E007D318100031A021B004E333033352D55424543DF
06-02-2025 21:05:11.806,130,RECV,7E007D31810008340252004E383033362D464E4E5967
06-02-2025 21:05:11.906,131,RECV,7E007D318100041D023B004E343033362D59534F34A9
06-02-2025 21:05:11.967,132,RECV,7E007D318100073D0220004E373033362D50594C37A1
06-02-2025 21:05:11.969,133,RECV,7E007D318100031A021E004E333033362D504E3931F2
06-02-2025 21:05:14.822,134,RECV,7E007D31810008350255004E383033372D5442494B73
06-02-2025 21:05:14.893,135,RECV,7E007D318100041D023C004E343033372D4E4D3141C9
06-02-2025 21:05:14.973,136,RECV,7E007D318100073D0222004E373033372D5A534131AB
06-02-2025 21:05:14.973,137,RECV,7E007D318100031A021F004E333033372D3638493908
06-02-2025 21:05:17.838,138,RECV,7E007D31810008380258004E383033382D4E51545A49
06-02-2025 21:05:17.889,139,RECV,7E007D318100041D023E004E343033382D4B4A585294
06-02-2025 21:05:17.989,140,RECV,7E007D31810007400225004E373033382D495638519B
06-02-2025 21:05:17.991,141,RECV,7E007D318100031A0221004E333033382D38484D34F4
06-02-2025 21:05:20.803,142,RECV,7E007D3181000835025B004E383033392D31413341AF
06-02-2025 21:05:20.904,143,RECV,7E007D318100041D0241004E343033392D36445038CD
06-02-2025 21:05:21.004,144,RECV,7E007D318100073E0228004E373033392D4649314BB6
06-02-2025 21:05:21.004,145,RECV,7E007D318100031A0224004E333033392D534E3551CA
06-02-2025 21:05:23.817,146,RECV,7E007D3181000835025C004E383034302D52594D554F
06-02-2025 21:05:23.918,147,RECV,7E007D318100041D0244004E343034302D35594359AA
06-02-2025 21:05:23.968,148,RECV,7E007D318100073D022A004E373034302D41504B44A8
06-02-2025 21:05:23.968,149,RECV,7E007D318100031A0227004E333034302D4552424AD3
06-02-2025 21:05:26.832,150,RECV,7E007D3181000834025F004E383034312D4758353095
06-02-2025 21:05:26.903,151,RECV,7E007D318100041D0245004E343034312D4A474437C6
06-02-2025 21:05:26.983,152,RECV,7E007D318100031A0229004E333034312D34323658FF
06-02-2025 21:05:29.849,153,RECV,7E007D31810008350262004E383034322D4739534D74
06-02-2025 21:05:29.900,154,RECV,7E007D318100041D0247004E343034322D49315243C0
06-02-2025 21:05:30.000,155,RECV,7E007D318100073F022F004E373034322D32585134B0
06-02-2025 21:05:30.027,156,RECV,7E007D318100031A022B004E333034322D32385855D9
06-02-2025 21:05:32.815,157,RECV,7E007D31810008340265004E383034332D4B38414588
06-02-2025 21:05:32.915,158,RECV,7E007D318100041D024A004E343034332D42574D4B9A
06-02-2025 21:05:33.016,159,RECV,7E007D318100073C0232004E373034332D55414538AB
06-02-2025 21:05:33.016,160,RECV,7E007D318100031A022E004E333034332D33494633F7
06-02-2025 21:05:35.830,161,RECV,7E007D31810008330266004E383034342D4A4A523377
06-02-2025 21:05:35.931,162,RECV,7E007D318100041D024D004E343034342D58463347AF
06-02-2025 21:05:36.001,163,RECV,7E007D318100073D0234004E373034342D4C354A48A7
06-02-2025 21:05:36.006,164,RECV,7E007D318100031A0231004E333034342D4B363344F0
06-02-2025 21:05:38.845,165,RECV,7E007D31810008380269004E383034352D345245328A
06-02-2025 21:05:38.945,166,RECV,7E007D318100041D024E004E343034352D4E37444FAD
06-02-2025 21:05:39.046,167,RECV,7E007D318100031A0233004E333034352D5A534441B3
06-02-2025 21:05:41.856,168,RECV,7E007D3181000835026C004E383034362D34384730A3
06-02-2025 21:05:41.916,169,RECV,7E007D318100041D0251004E343034362D5457414C89
06-02-2025 21:05:42.006,170,RECV,7E007D318100073E0239004E373034362D41425A4E87
06-02-2025 21:05:42.006,171,RECV,7E007D318100031A0235004E333034362D474A504EB3
06-02-2025 21:05:44.815,172,RECV,7E007D3181000838026F004E383034372D384131478E
06-02-2025 21:05:44.916,173,RECV,7E007D318100041D0253004E343034372D31533842C0
06-02-2025 21:05:45.016,174,RECV,7E007D318100073C023C004E373034372D4551455085
06-02-2025 21:05:45.016,175,RECV,7E007D318100031A0238004E333034372D5A433032DF
06-02-2025 21:05:47.828,176,RECV,7E007D31810008370270004E383034382D3652574857
06-02-2025 21:05:47.929,177,RECV,7E007D318100041D0256004E343034382D50423745AC
06-02-2025 21:05:48.029,178,RECV,7E007D3181000740023E004E373034382D334D4E4794
06-02-2025 21:05:48.029,179,RECV,7E007D318100031A023B004E333034382D42464450BE
06-02-2025 21:05:50.845,180,RECV,7E007D31810008350273004E383034392D493031379B
06-02-2025 21:05:50.945,181,RECV,7E007D318100041D0257004E343034392D4D56314A9A
06-02-2025 21:05:51.045,182,RECV,7E007D318100073D0240004E373034392D55314A4B8E
06-02-2025 21:05:51.054,183,RECV,7E007D318100031A023D004E333034392D36503036EB
06-02-2025 21:05:53.811,184,RECV,7E007D31810008350276004E383035302D4C4F504A4C
06-02-2025 21:05:53.921,185,RECV,7E007D318100041D0259004E343035302D564350597C
06-02-2025 21:05:54.062,186,RECV,7E007D318100073E0243004E373035302D5046574D73
06-02-2025 21:05:54.062,187,RECV,7E007D318100031A023F004E333035302D46393354D7
06-02-2025 21:05:56.826,188,RECV,7E007D31810008350279004E383035312D4959514743
06-02-2025 21:05:56.926,189,RECV,7E007D318100041D025C004E343035312D5958553381
06-02-2025 21:05:57.027,190,RECV,7E007D318100073D0246004E373035312D4E56493489
06-02-2025 21:05:57.027,191,RECV,7E007D318100031A0242004E333035312D59485138AF
06-02-2025 21:05:59.844,192,RECV,7E007D3181000833027A004E383035322D53464B5A3F
06-02-2025 21:05:59.944,193,RECV,7E007D318100041E025F004E343035322D39483452AE
06-02-2025 21:06:00.044,194,RECV,7E007D31810007420248004E373035322D48314D4A92
06-02-2025 21:06:00.044,195,RECV,7E007D318100031A0245004E333035322D5145595492
06-02-2025 21:06:02.860,196,RECV,7E007D3181000838027D5D004E383035332D345953454F
06-02-2025 21:06:02.960,197,RECV,7E007D318100041D0260004E343035332D58393042B1
06-02-2025 21:06:03.061,198,RECV,7E007D318100073D024A004E373035332D47354938A7
06-02-2025 21:06:03.085,199,RECV,7E007D318100031A0247004E333035332D4945484CB0
06-02-2025 21:06:05.826,200,RECV,7E007D31810008350280004E383035342D524C5A5724
06-02-2025 21:06:05.936,201,RECV,7E007D318100041D0263004E343035342D55374F498C
06-02-2025 21:06:06.027,202,RECV,7E007D318100073F024D004E373035342D565144367D5D
06-02-2025 21:06:06.077,203,RECV,7E007D31810003190249004E333035342D39425141C3
06-02-2025 21:06:08.842,204,RECV,7E007D31810008370283004E383035352D46525A512A
06-02-2025 21:06:08.943,205,RECV,7E007D318100041D0265004E343035352D455854427A
06-02-2025 21:06:09.043,206,RECV,7E007D318100073F0250004E373035352D4756594F55
06-02-2025 21:06:09.054,207,RECV,7E007D318100031A024C004E333035352D4B4D5233AE
06-02-2025 21:06:11.958,208,RECV,7E007D318100041D0268004E343035362D484D305490
06-02-2025 21:06:12.058,209,RECV,7E007D318100073C0252004E373035362D3252514C79
06-02-2025 21:06:12.062,210,RECV,7E007D318100031A024F004E333035362D364D3531DE
06-02-2025 21:06:14.829,211,RECV,7E007D31810008330287004E383035372D494150474A
06-02-2025 21:06:14.970,212,RECV,7E007D318100041D0269004E343035372D4F414C3992
06-02-2025 21:06:15.072,213,RECV,7E007D318100073C0254004E373035372D54313033AF
06-02-2025 21:06:15.091,214,RECV,7E007D318100031A0251004E333035372D54544F4588
06-02-2025 21:06:17.836,215,RECV,7E007D3181000836028A004E383035382D3036545456
06-02-2025 21:06:17.987,216,RECV,7E007D318100041E026B004E343035382D374D4A4293
06-02-2025 21:06:18.087,217,RECV,7E007D318100073D0257004E373035382D58384A4474
06-02-2025 21:06:18.087,218,RECV,7E007D31810003190253004E333035382D394E3937CB
06-02-2025 21:06:20.851,219,RECV,7E007D3181000834028D004E383035392D534131336A
06-02-2025 21:06:20.951,220,RECV,7E007D318100041D026E004E343035392D464E48497B
06-02-2025 21:06:21.062,221,RECV,7E007D318100073D025A004E373035392D4932434C84
06-02-2025 21:06:21.062,222,RECV,7E007D31810003190256004E333035392D5558464487
06-02-2025 21:06:23.824,223,RECV,7E007D3181000837028E004E383036302D463039496E
06-02-2025 21:06:23.965,224,RECV,7E007D318100041D0271004E343036302D3059525377
06-02-2025 21:06:24.065,225,RECV,7E007D318100073F025C004E373036302D4E44593572
06-02-2025 21:06:24.101,226,RECV,7E007D31810003190259004E333036302D525A4D4A80
06-02-2025 21:06:26.829,227,RECV,7E007D31810008380291004E383036312D5A594B550E
06-02-2025 21:06:26.979,228,RECV,7E007D318100041D0272004E343036312D355A31578C
06-02-2025 21:06:27.080,229,RECV,7E007D318100031A025B004E333036312D31595A37A4
06-02-2025 21:06:29.844,230,RECV,7E007D31810008340294004E383036322D584E4B541C
06-02-2025 21:06:29.994,231,RECV,7E007D318100041D0274004E343036322D4B47334B90
06-02-2025 21:06:30.095,232,RECV,7E007D318100073D0261004E373036322D5646434D61
06-02-2025 21:06:30.096,233,RECV,7E007D3181000319025D004E333036322D45434349A9
06-02-2025 21:06:32.856,234,RECV,7E007D31810008350297004E383036332D51454E3048
06-02-2025 21:06:32.956,235,RECV,7E007D318100041D0277004E343036332D43353733BA
06-02-2025 21:06:33.107,236,RECV,7E007D318100031A0260004E333036332D554A4B4589
06-02-2025 21:06:35.817,237,RECV,7E007D31810008340298004E383036342D3253364E52
06-02-2025 21:06:35.967,238,RECV,7E007D318100041D0279004E343036342D45434F536F
06-02-2025 21:06:36.118,239,RECV,7E007D318100073D0266004E373036342D3441375783
06-02-2025 21:06:36.118,240,RECV,7E007D318100031A0263004E333036342D544B524380
06-02-2025 21:06:38.832,241,RECV,7E007D3181000833029B004E383036352D4D4557412E
06-02-2025 21:06:38.983,242,RECV,7E007D318100041D027A004E343036352D504D443581
06-02-2025 21:06:39.083,243,RECV,7E007D318100073B0268004E373036352D3233464298
06-02-2025 21:06:39.103,244,RECV,7E007D318100031A0265004E333036352D4F55435575
06-02-2025 21:06:41.847,245,RECV,7E007D3181000837029E004E383036362D4A5437502B
06-02-2025 21:06:41.997,246,RECV,7E007D318100041D027D5D004E343036362D4752445561
06-02-2025 21:06:42.098,247,RECV,7E007D318100073F026B004E373036362D4B34495362
06-02-2025 21:06:42.109,248,RECV,7E007D318100031A0267004E333036362D3857475583
06-02-2025 21:06:44.863,249,RECV,7E007D318100083402A1004E383036372D354C384E48
06-02-2025 21:06:45.013,250,RECV,7E007D318100041D027F004E343036372D4A4B374183
06-02-2025 21:06:45.114,251,RECV,7E007D318100073E026E004E373036372D4D47465947
06-02-2025 21:06:45.134,252,RECV,7E007D318100031A026A004E333036372D4D4845359B
06-02-2025 21:06:47.836,253,RECV,7E007D318100083602A2004E383036382D5747385223
06-02-2025 21:06:47.976,254,RECV,7E007D318100041D0282004E343036382D4E49564F50
06-02-2025 21:06:48.127,255,RECV,7E007D31810007410270004E373036382D5342335458
06-02-2025 21:06:48.137,256,RECV,7E007D318100031A026D004E333036382D574F364684
06-02-2025 21:06:50.840,257,RECV,7E007D318100083302A5004E383036392D334E47572B
06-02-2025 21:06:50.990,258,RECV,7E007D318100041D0283004E343036392D375935497C
06-02-2025 21:06:51.141,259,RECV,7E007D318100031A026F004E333036392D394D555A6E
06-02-2025 21:06:53.851,260,RECV,7E007D318100083502A8004E383037302D4655594A0F
06-02-2025 21:06:54.002,261,RECV,7E007D318100041D0285004E343037302D423443587F
06-02-2025 21:06:54.102,262,RECV,7E007D318100073E0275004E373037302D4431424F73
06-02-2025 21:06:54.152,263,RECV,7E007D318100031A0271004E333037302D36383243C6
06-02-2025 21:06:56.863,264,RECV,7E007D318100083602AB004E383037312D424749492D
06-02-2025 21:06:57.014,265,RECV,7E007D318100041D0288004E343037312D37314B4E8B
06-02-2025 21:06:57.114,266,RECV,7E007D318100073F0278004E373037312D564D535628
06-02-2025 21:06:57.164,267,RECV,7E007D318100031A0274004E333037312D314B374CA6
06-02-2025 21:06:59.826,268,RECV,7E007D318100083502AC004E383037322D335846492D
06-02-2025 21:06:59.987,269,RECV,7E007D318100041D028A004E343037322D324B41517A
06-02-2025 21:07:00.128,270,RECV,7E007D318100073E027A004E373037322D5433565A3B
06-02-2025 21:07:00.128,271,RECV,7E007D318100031A0277004E333037322D4235314EAB
06-02-2025 21:07:02.840,272,RECV,7E007D318100083402AF004E383037332D4C53415014
06-02-2025 21:07:02.991,273,RECV,7E007D318100041D028B004E343037332D33484F4D70
06-02-2025 21:07:03.141,274,RECV,7E007D318100031A0279004E333037332D534C4D3979
06-02-2025 21:07:05.854,275,RECV,7E007D318100083302B2004E383037342D3142583244
06-02-2025 21:07:06.005,276,RECV,7E007D318100041D028E004E343037342D3542533683
06-02-2025 21:07:06.156,277,RECV,7E007D318100073D027F004E373037342D564B525623
06-02-2025 21:07:06.163,278,RECV,7E007D318100031A027B004E333037342D4C41473295
06-02-2025 21:07:08.869,279,RECV,7E007D318100083702B4004E383037352D4142364A37
06-02-2025 21:07:09.020,280,RECV,7E007D318100041D0290004E343037352D4C4C505345
06-02-2025 21:07:09.130,281,RECV,7E007D31810007400282004E373037352D434F57512B
06-02-2025 21:07:09.131,282,RECV,7E007D3181000319027D5E004E333037352D4D5551376E
06-02-2025 21:07:11.838,283,RECV,7E007D318100083402B6004E383037362D5930443934
06-02-2025 21:07:11.989,284,RECV,7E007D318100041D0293004E343037362D555642553A
06-02-2025 21:07:12.139,285,RECV,7E007D318100073D0284004E373037362D4D31425055
06-02-2025 21:07:12.151,286,RECV,7E007D31810003190281004E333037362D494530379F
06-02-2025 21:07:14.851,287,RECV,7E007D318100083502B9004E383037372D414450362A
06-02-2025 21:07:15.002,288,RECV,7E007D318100041D0294004E343037372D594758443E
06-02-2025 21:07:15.152,289,RECV,7E007D31810003190283004E333037372D584444535E
06-02-2025 21:07:17.866,290,RECV,7E007D318100083302BC004E383037382D5033565307
06-02-2025 21:07:18.016,291,RECV,7E007D318100041D0297004E343037382D4954494A46
06-02-2025 21:07:18.166,292,RECV,7E007D318100073B0289004E373037382D33344E4C5F
06-02-2025 21:07:18.166,293,RECV,7E007D31810003190285004E333037382D5557475744
06-02-2025 21:07:20.827,294,RECV,7E007D318100083802BE004E383037392D5733474317
06-02-2025 21:07:21.028,295,RECV,7E007D318100041D0299004E343037392D5141595632
06-02-2025 21:07:21.179,296,RECV,7E007D3181000740028C004E373037392D324A344166
06-02-2025 21:07:21.179,297,RECV,7E007D318100031A0288004E333037392D3855513873
06-02-2025 21:07:23.843,298,RECV,7E007D318100083702C0004E383038302D424A42382C
06-02-2025 21:07:24.044,299,RECV,7E007D318100041D029C004E343038302D444E37357A
06-02-2025 21:07:24.144,300,RECV,7E007D318100073B028E004E373038302D59534F481F
06-02-2025 21:07:24.164,301,RECV,7E007D318100031A028B004E333038302D32393038BB
06-02-2025 21:07:26.859,302,RECV,7E007D318100083302C3004E383038312D3648454D22
06-02-2025 21:07:27.010,303,RECV,7E007D318100041D029D004E343038312D5242573556
06-02-2025 21:07:27.170,304,RECV,7E007D3181000319028D004E333038312D4649395A6A
06-02-2025 21:07:29.823,305,RECV,7E007D318100083702C6004E383038322D5036564509
06-02-2025 21:07:30.024,306,RECV,7E007D318100041D02A0004E343038322D435149583D
06-02-2025 21:07:30.175,307,RECV,7E007D31810007400293004E373038322D3236374275
06-02-2025 21:07:30.199,308,RECV,7E007D3181000319028F004E333038322D565A485A37
06-02-2025 21:07:32.838,309,RECV,7E007D318100083302C8004E383038332D305943352A
06-02-2025 21:07:33.039,310,RECV,7E007D318100041D02A2004E343038332D433637308F
06-02-2025 21:07:33.190,311,RECV,7E007D318100073B0296004E373038332D505254550C
06-02-2025 21:07:33.190,312,RECV,7E007D318100031A0292004E333038332D314D344E84
06-02-2025 21:07:35.852,313,RECV,7E007D318100083402CA004E383038342D55395A4CF3
06-02-2025 21:07:36.053,314,RECV,7E007D318100041D02A5004E343038342D4651554639
06-02-2025 21:07:36.173,315,RECV,7E007D318100073C0298004E373038342D5739484C2F
06-02-2025 21:07:36.182,316,RECV,7E007D318100031A0295004E333038342D4A39544564
06-02-2025 21:07:38.867,317,RECV,7E007D318100083702CD004E383038352D4D38504704
06-02-2025 21:07:39.017,318,RECV,7E007D318100041D02A6004E343038352D52514E5424
06-02-2025 21:07:39.177,319,RECV,7E007D3181000740029A004E373038352D3555533639
06-02-2025 21:07:39.187,320,RECV,7E007D318100031A0297004E333038352D3546504171
06-02-2025 21:07:41.830,321,RECV,7E007D318100083502D0004E383038362D575A4438F1
06-02-2025 21:07:42.031,322,RECV,7E007D318100041D02A9004E343038362D4B37584645
06-02-2025 21:07:42.181,323,RECV,7E007D318100073D029D004E373038362D5035374E41
06-02-2025 21:07:42.186,324,RECV,7E007D318100031A0299004E333038362D495639554D
06-02-2025 21:07:44.845,325,RECV,7E007D318100083502D2004E383038372D52503150F8
06-02-2025 21:07:45.045,326,RECV,7E007D318100041D02AB004E343038372D4B55373457
06-02-2025 21:07:45.196,327,RECV,7E007D318100073C02A0004E373038372D4530535927
06-02-2025 21:07:45.196,328,RECV,7E007D318100031A029C004E333038372D3452315768
06-02-2025 21:07:47.861,329,RECV,7E007D318100083502D4004E383038382D3035493832
06-02-2025 21:07:48.062,330,RECV,7E007D318100041D02AE004E343038382D375732534B
06-02-2025 21:07:48.212,331,RECV,7E007D318100073D02A2004E373038382D4C32345240
06-02-2025 21:07:48.212,332,RECV,7E007D318100031A029F004E333038382D344F453674
06-02-2025 21:07:50.876,333,RECV,7E007D318100083602D7004E383038392D554D4C44E1
06-02-2025 21:07:51.026,334,RECV,7E007D318100041D02AF004E343038392D5A36504B31
06-02-2025 21:07:51.227,335,RECV,7E007D318100073F02A4004E373038392D524C314E22
06-02-2025 21:07:51.227,336,RECV,7E007D318100031A02A1004E333038392D544B595324
06-02-2025 21:07:53.839,337,RECV,7E007D318100083402DA004E383039302D385439391C
06-02-2025 21:07:54.039,338,RECV,7E007D318100041D02B1004E343039302D465439325D
06-02-2025 21:07:54.190,339,RECV,7E007D318100073C02A7004E373039302D3939365649
06-02-2025 21:07:54.211,340,RECV,7E007D318100031A02A3004E333039302D383346368E
06-02-2025 21:07:56.853,341,RECV,7E007D318100083402DC004E383039312D56314B3510
06-02-2025 21:07:57.054,342,RECV,7E007D318100041D02B4004E343039312D4D36535A2E
06-02-2025 21:07:57.204,343,RECV,7E007D318100073C02AA004E373039312D464E433933
06-02-2025 21:07:57.233,344,RECV,7E007D318100031A02A6004E333039312D4C32523170
06-02-2025 21:07:59.868,345,RECV,7E007D318100083702DE004E383039322D324C33421E
06-02-2025 21:08:00.069,346,RECV,7E007D318100041D02B6004E343039322D4246423160
06-02-2025 21:08:00.220,347,RECV,7E007D318100073F02AC004E373039322D524336353D
06-02-2025 21:08:00.247,348,RECV,7E007D318100031902A9004E333039322D52384F395C
06-02-2025 21:08:02.832,349,RECV,7E007D318100083602E1004E383039332D4536464805
06-02-2025 21:08:03.083,350,RECV,7E007D318100041D02B7004E343039332D3957534432
06-02-2025 21:08:03.233,351,RECV,7E007D318100074002AE004E373039332D44324B3147
06-02-2025 21:08:03.234,352,RECV,7E007D318100031902AB004E333039332D5044365948
06-02-2025 21:08:05.844,353,RECV,7E007D318100083702E4004E383039342D37385447FF
06-02-2025 21:08:06.045,354,RECV,7E007D318100041D02BA004E343039342D485757421D
06-02-2025 21:08:06.246,355,RECV,7E007D318100074002B1004E373039342D3651575304
06-02-2025 21:08:06.247,356,RECV,7E007D318100031A02AD004E333039342D5A37523252
06-02-2025 21:08:08.860,357,RECV,7E007D318100083402E6004E383039352D575A3939E6
06-02-2025 21:08:09.060,358,RECV,7E007D318100041D02BC004E343039352D4836493853
06-02-2025 21:08:09.211,359,RECV,7E007D318100073E02B4004E373039352D4A535552EF
06-02-2025 21:08:09.261,360,RECV,7E007D318100031A02B0004E333039352D463950583C
06-02-2025 21:08:11.873,361,RECV,7E007D318100083502E8004E383039362D4F313657F8
06-02-2025 21:08:12.074,362,RECV,7E007D318100041D02BF004E343039362D5942494B1F
06-02-2025 21:08:12.224,363,RECV,7E007D318100073E02B6004E373039362D423447541F
06-02-2025 21:08:12.275,364,RECV,7E007D318100031902B3004E333039362D5452494D24
06-02-2025 21:08:14.837,365,RECV,7E007D318100083602EB004E383039372D44384C3701
06-02-2025 21:08:15.087,366,RECV,7E007D318100041D02C0004E343039372D304F48473E
06-02-2025 21:08:15.238,367,RECV,7E007D318100073F02B8004E373039372D3334344C45
06-02-2025 21:08:15.238,368,RECV,7E007D318100031902B5004E333039372D3538494760
06-02-2025 21:08:17.850,369,RECV,7E007D318100083502EE004E383039382D5037344101
06-02-2025 21:08:18.102,370,RECV,7E007D318100041D02C3004E343039382D4848414C2B
06-02-2025 21:08:18.252,371,RECV,7E007D318100073D02BB004E373039382D53434A50FA
06-02-2025 21:08:18.269,372,RECV,7E007D318100031902B7004E333039382D364B58344D
06-02-2025 21:08:20.867,373,RECV,7E007D318100083802F0004E383039392D59504F4AB5
06-02-2025 21:08:21.078,374,RECV,7E007D318100041D02C5004E343039392D4E4C4B431D
06-02-2025 21:08:21.239,375,RECV,7E007D318100074102BE004E373039392D444C41460B
06-02-2025 21:08:21.242,376,RECV,7E007D318100031902BA004E333039392D4F37424549
