07-08-2025 00:31:08.563,-,API2,"Sink 1,0013A20041839DB1,802.15.4 TH,2003,/dev/t>

07-08-2025 00:27:11.849,0,RECV,7E000F8100052B024E353030302D4D42334901
07-08-2025 00:27:11.850,1,RECV,7E000F8100052B024E353030312D4C38304D0A
07-08-2025 00:27:11.858,2,RECV,7E000F8100052B024E353030322D4C415951D3
07-08-2025 00:27:11.858,3,RECV,7E000F8100052B024E353030332D3639534700
07-08-2025 00:27:11.900,4,RECV,7E000F8100052C024E353030342D4A425856CD
07-08-2025 00:27:11.942,5,RECV,7E000F8100052B024E353030352D324C5A55DA
07-08-2025 00:27:11.942,6,RECV,7E000F8100052B024E353030362D46425349E2
07-08-2025 00:27:11.942,7,RECV,7E000F8100052B024E353030372D4A4D333605
07-08-2025 00:27:11.942,8,RECV,7E000F8100052B024E353030382D4C394D46EC
07-08-2025 00:27:11.942,9,RECV,7E000F8100052B024E353030392D55315151DB
07-08-2025 00:27:11.943,10,RECV,7E000F8100052B024E353031302D455A554BCC
07-08-2025 00:27:11.943,11,RECV,7E000F8100052B024E353031312D59563152D8
07-08-2025 00:27:11.943,12,RECV,7E000F8100052B024E353031322D4334363527
07-08-2025 00:27:11.943,13,RECV,7E000F8100052B024E353031332D3137353833
07-08-2025 00:27:11.949,14,RECV,7E000F8100052B024E353031342D48365145F3
07-08-2025 00:27:11.950,15,RECV,7E000F8100052B024E353031352D5445313408
07-08-2025 00:27:11.950,16,RECV,7E000F8100052B024E353031362D4F374A4BEA
07-08-2025 00:27:11.950,17,RECV,7E000F8100052B024E353031372D5A565456AA
07-08-2025 00:27:11.950,18,RECV,7E000F8100052B024E353031382D54423546F2
07-08-2025 00:27:11.951,19,RECV,7E000F8100052B024E353031392D36554639F8
07-08-2025 00:27:11.951,20,RECV,7E000F8100052B024E353032302D51573738F3
07-08-2025 00:27:11.970,21,RECV,7E000F8100052B024E353032312D38414E4200
07-08-2025 00:27:11.970,22,RECV,7E000F8100052B024E353032322D4B344249FE
07-08-2025 00:27:11.970,23,RECV,7E000F8100052B024E353032332D3036424C7D33
07-08-2025 00:27:12.000,24,RECV,7E000F8100052B024E353032342D38434D5AE4
07-08-2025 00:27:12.000,25,RECV,7E000F8100052B024E353032352D5939373606
07-08-2025 00:27:12.000,26,RECV,7E000F8100052B024E353032362D46314D330D
07-08-2025 00:27:12.000,27,RECV,7E000F8100052B024E353032372D44465043E6
07-08-2025 00:27:12.001,28,RECV,7E000F8100052B024E353032382D4F423441FC
07-08-2025 00:27:12.049,29,RECV,7E000F8100052B024E353032392D4136454AFB
07-08-2025 00:27:12.095,30,RECV,7E000F8100052B024E353033302D364A4555EF
07-08-2025 00:27:12.096,31,RECV,7E000F8100052B024E353033312D54563138F5
07-08-2025 00:27:12.096,32,RECV,7E000F8100052B024E353033322D4E5A5553B7
07-08-2025 00:27:12.096,33,RECV,7E000F8100052B024E353033332D46454E49E4
07-08-2025 00:27:12.096,34,RECV,7E000F8100052B024E353033342D4B395938F0
07-08-2025 00:27:12.097,35,RECV,7E000F8100052B024E353033352D464331397D31
07-08-2025 00:27:12.097,36,RECV,7E000F8100052B024E353033362D5A504532E2
07-08-2025 00:27:12.097,37,RECV,7E000F8100052B024E353033372D4C314E39FE
07-08-2025 00:27:12.097,38,RECV,7E000F8100052B024E353033382D43475731EF
07-08-2025 00:27:12.097,39,RECV,7E000F8100052B024E353033392D4E395946DA
07-08-2025 00:27:12.097,40,RECV,7E000F8100052B024E353034302D4D513746ED
07-08-2025 00:27:12.097,41,RECV,7E000F8100052B024E353034312D444C38330C
07-08-2025 00:27:12.099,42,RECV,7E000F8100052B024E353034322D3033554A04
07-08-2025 00:27:12.100,43,RECV,7E000F8100052B024E353034332D4E564B50C6
07-08-2025 00:27:12.110,44,RECV,7E000F8100052B024E353034342D45454E4AE2
07-08-2025 00:27:12.110,45,RECV,7E000F8100052B024E353034352D53434F41DD
07-08-2025 00:27:12.130,46,RECV,7E000F8100052B024E353034362D34365A3707
07-08-2025 00:27:12.130,47,RECV,7E000F8100052B024E353034372D58473849E1
07-08-2025 00:27:12.130,48,RECV,7E000F8100052B024E353034382D5048374CE5
07-08-2025 00:27:12.150,49,RECV,7E000F8100052B024E353034392D394C4B50DF
07-08-2025 00:27:12.150,50,RECV,7E000F8100052B024E353035302D50464E55CE
07-08-2025 00:27:12.200,51,RECV,7E000F8100052B024E353035312D315A37360E
07-08-2025 00:27:12.336,52,RECV,7E000F8100052B024E353035322D52375652D4
07-08-2025 00:27:12.338,53,RECV,7E000F8100052B024E353035332D44434F44EA
07-08-2025 00:27:12.338,54,RECV,7E000F8100052C024E353035342D4A494858CF
07-08-2025 00:27:12.338,55,RECV,7E000F8100052B024E353035352D4E523251DF
07-08-2025 00:27:12.338,56,RECV,7E000F8100052B024E353035362D3738535AE5
07-08-2025 00:27:12.338,57,RECV,7E000F8100052B024E353035372D54505130DB
07-08-2025 00:27:12.338,58,RECV,7E000F8100052B024E353035382D52504A35DE
07-08-2025 00:27:12.338,59,RECV,7E000F8100052B024E353035392D31354953FC
07-08-2025 00:27:12.338,60,RECV,7E000F8100052B024E353036302D53494130F9
07-08-2025 00:27:12.338,61,RECV,7E000F8100052B024E353036312D58584758B6
07-08-2025 00:27:12.338,62,RECV,7E000F8100052C024E353036322D56394C31F7
07-08-2025 00:27:12.338,63,RECV,7E000F8100052C024E353036332D43523937FD
07-08-2025 00:27:12.338,64,RECV,7E000F8100052C024E353036342D414D3959E1
07-08-2025 00:27:12.338,65,RECV,7E000F8100052C024E353036352D57594654B6
07-08-2025 00:27:12.338,66,RECV,7E000F8100052B024E353036362D4F503330FE
07-08-2025 00:27:12.338,67,RECV,7E000F8100052B024E353036372D51473445EE
07-08-2025 00:27:12.338,68,RECV,7E000F8100052B024E353036382D465A5053BB
07-08-2025 00:27:12.338,69,RECV,7E000F8100052B024E353036392D49423047FB
07-08-2025 00:27:12.338,70,RECV,7E000F8100052C024E353037302D324A4557EC
07-08-2025 00:27:12.350,71,RECV,7E000F8100052B024E353037312D5544323702
07-08-2025 00:27:12.350,72,RECV,7E000F8100052C024E353037322D5343414BE0
07-08-2025 00:27:12.350,73,RECV,7E000F8100052C024E353037332D37384354FB
07-08-2025 00:27:12.350,74,RECV,7E000F8100052C024E353037342D44463758E7
07-08-2025 00:27:12.350,75,RECV,7E000F8100052B024E353037352D314F4344F9
07-08-2025 00:27:12.351,76,RECV,7E000F8100052C024E353037362D474D3353E4
07-08-2025 00:27:12.401,77,RECV,7E000F8100052B024E353037372D55473133FE
07-08-2025 00:27:12.440,78,RECV,7E000F8100052C024E353037382D37434A53E5
07-08-2025 00:27:12.440,79,RECV,7E000F8100052C024E353037392D4D565052B6
07-08-2025 00:27:12.440,80,RECV,7E000F8100052B024E353038302D56543844DE
07-08-2025 00:27:12.440,81,RECV,7E000F8100052C024E353038312D44325359E0
07-08-2025 00:27:12.440,82,RECV,7E000F8100052B024E353038322D4B334D42F5
07-08-2025 00:27:12.440,83,RECV,7E000F8100052B024E353038332D3730415108
07-08-2025 00:27:12.440,84,RECV,7E000F8100052B024E353038342D43573456DC
07-08-2025 00:27:12.440,85,RECV,7E000F8100052B024E353038352D32415948EB
07-08-2025 00:27:12.451,86,RECV,7E000F8100052B024E353038362D39414454EC
07-08-2025 00:27:12.478,87,RECV,7E000F8100052B024E353038372D56504146D0
07-08-2025 00:27:12.478,88,RECV,7E000F8100052B024E353038382D52425136E1
07-08-2025 00:27:12.478,89,RECV,7E000F8100052B024E353038392D4A37353312
07-08-2025 00:27:12.479,90,RECV,7E000F8100052B024E353039302D4437304F09
07-08-2025 00:27:12.480,91,RECV,7E000F8100052B024E353039312D384B314707
07-08-2025 00:27:12.502,92,RECV,7E000F8100052B024E353039322D4F513731F9
07-08-2025 00:27:12.502,93,RECV,7E000F8100052B024E353039332D4936333717
07-08-2025 00:27:12.502,94,RECV,7E000F8100052B024E353039342D4E4F3045ED
07-08-2025 00:27:12.512,95,RECV,7E000F8100052B024E353039352D5141474ADB
07-08-2025 00:27:12.512,96,RECV,7E000F8100052B024E353039362D53395437E6
07-08-2025 00:27:12.532,97,RECV,7E000F8100052B024E353039372D4C4C5831DB
07-08-2025 00:27:12.549,98,RECV,7E000F8100052B024E353039382D434E374CE7
07-08-2025 00:27:12.549,99,RECV,7E000F8100052B024E353039392D3238444DFF
