timestamp,node,frame_index,payload
2025-07-07 20:38:42.483,N8,0,N8000-LGUV
2025-07-07 20:38:42.489,N8,1,N8001-XN4D
2025-07-07 20:38:42.494,N8,2,N8002-JKPO
2025-07-07 20:38:42.500,N8,3,N8003-66EA
2025-07-07 20:38:42.505,N8,4,N8004-K4VM
2025-07-07 20:38:42.510,N8,5,N8005-SQLL
2025-07-07 20:38:42.515,N8,6,N8006-WRHZ
2025-07-07 20:38:42.521,N8,7,N8007-W88R
2025-07-07 20:38:42.526,N8,8,N8008-BKT1
2025-07-07 20:38:42.531,N8,9,N8009-F1N2
2025-07-07 20:38:42.537,N8,10,N8010-S9BQ
2025-07-07 20:38:42.542,N8,11,N8011-9EKS
2025-07-07 20:38:42.547,N8,12,N8012-NNP3
2025-07-07 20:38:42.553,N8,13,N8013-YVDU
2025-07-07 20:38:42.558,N8,14,N8014-YKC1
2025-07-07 20:38:42.563,N8,15,N8015-7RTK
2025-07-07 20:38:42.569,N8,16,N8016-37BJ
2025-07-07 20:38:42.574,N8,17,N8017-RD9D
2025-07-07 20:38:42.579,N8,18,N8018-BC00
2025-07-07 20:38:42.585,N8,19,N8019-RX8M
2025-07-07 20:38:42.590,N8,20,N8020-E4UT
2025-07-07 20:38:42.595,N8,21,N8021-5ZCC
2025-07-07 20:38:42.601,N8,22,N8022-OG26
2025-07-07 20:38:42.606,N8,23,N8023-BMKF
2025-07-07 20:38:42.611,N8,24,N8024-DSR3
2025-07-07 20:38:42.617,N8,25,N8025-A61U
2025-07-07 20:38:42.622,N8,26,N8026-KD7M
2025-07-07 20:38:42.628,N8,27,N8027-KDGD
2025-07-07 20:38:42.633,N8,28,N8028-NL35
2025-07-07 20:38:42.638,N8,29,N8029-7IVY
2025-07-07 20:38:42.644,N8,30,N8030-5DR0
2025-07-07 20:38:42.649,N8,31,N8031-39UI
2025-07-07 20:38:42.654,N8,32,N8032-223B
2025-07-07 20:38:42.660,N8,33,N8033-6KVY
2025-07-07 20:38:42.665,N8,34,N8034-9D1B
2025-07-07 20:38:42.670,N8,35,N8035-7IU1
2025-07-07 20:38:42.675,N8,36,N8036-9E5P
2025-07-07 20:38:42.681,N8,37,N8037-0ETV
2025-07-07 20:38:42.686,N8,38,N8038-7IOT
2025-07-07 20:38:42.692,N8,39,N8039-XFE5
2025-07-07 20:38:42.697,N8,40,N8040-5CHE
2025-07-07 20:38:42.702,N8,41,N8041-G3GN
2025-07-07 20:38:42.708,N8,42,N8042-H74E
2025-07-07 20:38:42.713,N8,43,N8043-Z3PC
2025-07-07 20:38:42.718,N8,44,N8044-R3FQ
2025-07-07 20:38:42.724,N8,45,N8045-LLJ4
2025-07-07 20:38:42.729,N8,46,N8046-6LP3
2025-07-07 20:38:42.734,N8,47,N8047-G5XG
2025-07-07 20:38:42.740,N8,48,N8048-CW3B
2025-07-07 20:38:42.745,N8,49,N8049-5KBQ
2025-07-07 20:38:42.750,N8,50,N8050-7IQY
2025-07-07 20:38:42.756,N8,51,N8051-OSDH
2025-07-07 20:38:42.761,N8,52,N8052-9ODB
2025-07-07 20:38:42.766,N8,53,N8053-KWY5
2025-07-07 20:38:42.772,N8,54,N8054-XGL5
2025-07-07 20:38:42.777,N8,55,N8055-QFSG
2025-07-07 20:38:42.782,N8,56,N8056-LP7S
2025-07-07 20:38:42.788,N8,57,N8057-03ZS
2025-07-07 20:38:42.793,N8,58,N8058-HZ2P
2025-07-07 20:38:42.798,N8,59,N8059-RICS
2025-07-07 20:38:42.804,N8,60,N8060-L78G
2025-07-07 20:38:42.809,N8,61,N8061-97MK
2025-07-07 20:38:42.814,N8,62,N8062-0CWX
2025-07-07 20:38:42.820,N8,63,N8063-67ZW
2025-07-07 20:38:42.825,N8,64,N8064-DRBQ
2025-07-07 20:38:42.830,N8,65,N8065-Z3UL
2025-07-07 20:38:42.836,N8,66,N8066-KW1U
2025-07-07 20:38:42.841,N8,67,N8067-AXGQ
2025-07-07 20:38:42.846,N8,68,N8068-N9OV
2025-07-07 20:38:42.852,N8,69,N8069-MK14
2025-07-07 20:38:42.857,N8,70,N8070-138V
2025-07-07 20:38:42.862,N8,71,N8071-9W8B
2025-07-07 20:38:42.868,N8,72,N8072-4ZKO
2025-07-07 20:38:42.873,N8,73,N8073-GG6S
2025-07-07 20:38:42.878,N8,74,N8074-XE0Z
2025-07-07 20:38:42.884,N8,75,N8075-0M0D
2025-07-07 20:38:42.889,N8,76,N8076-SQT2
2025-07-07 20:38:42.894,N8,77,N8077-M0IY
2025-07-07 20:38:42.900,N8,78,N8078-5Q7B
2025-07-07 20:38:42.905,N8,79,N8079-BBK8
2025-07-07 20:38:42.910,N8,80,N8080-RZBL
2025-07-07 20:38:42.916,N8,81,N8081-S3F9
2025-07-07 20:38:42.921,N8,82,N8082-ZQ7C
2025-07-07 20:38:42.926,N8,83,N8083-L8MS
2025-07-07 20:38:42.931,N8,84,N8084-6CDL
2025-07-07 20:38:42.937,N8,85,N8085-617H
2025-07-07 20:38:42.942,N8,86,N8086-868B
2025-07-07 20:38:42.948,N8,87,N8087-ME4E
2025-07-07 20:38:42.953,N8,88,N8088-VSXB
2025-07-07 20:38:42.958,N8,89,N8089-Z812
2025-07-07 20:38:42.964,N8,90,N8090-SH7F
2025-07-07 20:38:42.969,N8,91,N8091-RCVK
2025-07-07 20:38:42.974,N8,92,N8092-KQ78
2025-07-07 20:38:42.980,N8,93,N8093-S0RC
2025-07-07 20:38:42.985,N8,94,N8094-EYQX
2025-07-07 20:38:42.990,N8,95,N8095-P587
2025-07-07 20:38:42.996,N8,96,N8096-NE6S
2025-07-07 20:38:43.001,N8,97,N8097-W9W3
2025-07-07 20:38:43.006,N8,98,N8098-D4YW
2025-07-07 20:38:43.012,N8,99,N8099-2N12
