06-02-2025 18:32:03.294,-,API2,"Sink 2,0013A20041839DCA,802.15.4 TH,2003,/dev/ttyUSB2 - 57600/8/M/1/N,1,46"

06-02-2025 18:30:27.184,0,RECV,7E007D318100041C023D004E343030302D4D455334C7
06-02-2025 18:30:27.184,1,RECV,7E007D31810003190247004E333030302D43413034F3
06-02-2025 18:30:27.186,2,RECV,7E007D318100073D0238004E373030302D4E55435286
06-02-2025 18:30:27.484,3,RECV,7E007D318100041C023F004E343030312D51373746D8
06-02-2025 18:30:27.485,4,RECV,7E007D31810003190249004E333030312D41453551CC
06-02-2025 18:30:27.485,5,RECV,7E007D318100073D023B004E373030312D525943428A
06-02-2025 18:30:27.785,6,RECV,7E007D3181000834026C004E383030322D5633514273
06-02-2025 18:30:27.786,7,RECV,7E007D318100041C0240004E343030322D47345151BE
06-02-2025 18:30:27.788,8,RECV,7E007D3181000319024A004E333030322D424F374DC1
06-02-2025 18:30:28.086,9,RECV,7E007D3181000834026D004E383030332D505A544649
06-02-2025 18:30:28.087,10,RECV,7E007D318100041C0241004E343030332D364F454BC4
06-02-2025 18:30:28.087,11,RECV,7E007D3181000319024C004E333030332D52454D4AA5
06-02-2025 18:30:28.387,12,RECV,7E007D3181000834026E004E383030342D433451398A
06-02-2025 18:30:28.388,13,RECV,7E007D318100041C0242004E343030342D464557569F
06-02-2025 18:30:28.388,14,RECV,7E007D3181000319024D004E333030342D30515042BE
06-02-2025 18:30:28.688,15,RECV,7E007D3181000834026F004E383030352D364A523780
06-02-2025 18:30:28.694,16,RECV,7E007D318100041C0243004E343030352D4249345ABC
06-02-2025 18:30:28.695,17,RECV,7E007D3181000319024E004E333030352D4C485937AB
06-02-2025 18:30:28.989,18,RECV,7E007D31810008330270004E383030362D4A39435A68
06-02-2025 18:30:28.993,19,RECV,7E007D318100041C0244004E343030362D58345745AB
06-02-2025 18:30:28.993,20,RECV,7E007D3181000319024F004E333030362D48324D53B3
06-02-2025 18:30:28.993,21,RECV,7E007D318100073C0240004E373030362D57564A3585
06-02-2025 18:30:29.290,22,RECV,7E007D31810008340271004E383030372D483146477F
06-02-2025 18:30:29.292,23,RECV,7E007D318100041C0245004E343030372D51444F5895
06-02-2025 18:30:29.293,24,RECV,7E007D31810003190250004E333030372D384D3650C0
06-02-2025 18:30:29.293,25,RECV,7E007D318100073C0241004E373030372D53324D419C
06-02-2025 18:30:29.591,26,RECV,7E007D31810008330272004E383030382D3545335A7D5D
06-02-2025 18:30:29.593,27,RECV,7E007D318100041C0246004E343030382D4F344C35CB
06-02-2025 18:30:29.593,28,RECV,7E007D31810003190251004E333030382D33573030DF
06-02-2025 18:30:29.594,29,RECV,7E007D318100073B0242004E373030382D57354630AC
06-02-2025 18:30:29.892,30,RECV,7E007D31810008330273004E383030392D4643423384
06-02-2025 18:30:29.892,31,RECV,7E007D318100041C0247004E343030392D4630315ACC
06-02-2025 18:30:29.892,32,RECV,7E007D31810003190252004E333030392D4654544B8E
06-02-2025 18:30:29.893,33,RECV,7E007D318100073B0243004E373030392D47454A577F
06-02-2025 18:30:30.193,34,RECV,7E007D31810008330274004E383031302D334F5A4865
06-02-2025 18:30:30.197,35,RECV,7E007D318100041C0248004E343031302D43434942C3
06-02-2025 18:30:30.198,36,RECV,7E007D31810003190253004E333031302D3544594FAD
06-02-2025 18:30:30.198,37,RECV,7E007D318100073C0244004E373031302D49413034C4
06-02-2025 18:30:30.494,38,RECV,7E007D31810008320275004E383031312D534C5A5936
06-02-2025 18:30:30.494,39,RECV,7E007D318100041C0249004E343031312D36354F41D7
06-02-2025 18:30:30.494,40,RECV,7E007D31810003190254004E333031312D4D58304DAA
06-02-2025 18:30:30.494,41,RECV,7E007D31810007420245004E373031312D5256333699
06-02-2025 18:30:30.795,42,RECV,7E007D31810008390276004E383031322D5A4C354262
06-02-2025 18:30:30.795,43,RECV,7E007D318100041C024A004E343031322D485A4842A4
06-02-2025 18:30:30.796,44,RECV,7E007D31810003190255004E333031322D32363452DC
06-02-2025 18:30:31.076,45,RECV,7E007D31810008380277004E383031332D414A56524B
06-02-2025 18:30:31.077,46,RECV,7E007D318100041C024B004E343031332D34563659B5
06-02-2025 18:30:31.077,47,RECV,7E007D31810003190256004E333031332D58554C319E
06-02-2025 18:30:31.078,48,RECV,7E007D31810007420247004E373031332D4A52503288
06-02-2025 18:30:31.397,49,RECV,7E007D3181000838027A004E383031342D50464A4A50
06-02-2025 18:30:31.397,50,RECV,7E007D318100041C024D004E343031342D504D4441A9
06-02-2025 18:30:31.398,51,RECV,7E007D31810003190258004E333031342D37373259CC
06-02-2025 18:30:31.398,52,RECV,7E007D3181000741024A004E373031342D5530533893
06-02-2025 18:30:31.698,53,RECV,7E007D3181000837027B004E383031352D5354424B45
06-02-2025 18:30:31.698,54,RECV,7E007D318100041C024E004E343031352D42525537A9
06-02-2025 18:30:31.698,55,RECV,7E007D31810003190259004E333031352D4E55364D9D
06-02-2025 18:30:31.698,56,RECV,7E007D3181000741024B004E373031352D4141365396
06-02-2025 18:30:31.999,57,RECV,7E007D3181000836027C004E383031362D344F384E6F
06-02-2025 18:30:32.038,58,RECV,7E007D318100041C0250004E343031362D584F3939AD
06-02-2025 18:30:32.039,59,RECV,7E007D3181000319025B004E333031362D46424A4BA3
06-02-2025 18:30:32.039,60,RECV,7E007D318100073F024C004E373031362D4E34544289
06-02-2025 18:30:32.260,61,RECV,7E007D3181000836027D5D004E383031372D4D54494745
06-02-2025 18:30:32.260,62,RECV,7E007D318100041C0251004E343031372D4353464C9C
06-02-2025 18:30:32.300,63,RECV,7E007D3181000319025C004E333031372D4F49584F7F
06-02-2025 18:30:32.300,64,RECV,7E007D318100073F024D004E373031372D394331569C
06-02-2025 18:30:32.571,65,RECV,7E007D3181000835027D5E004E383031382D474C564D3F
06-02-2025 18:30:32.572,66,RECV,7E007D318100041C0252004E343031382D3739494EBB
06-02-2025 18:30:32.601,67,RECV,7E007D3181000319025D004E333031382D364E525A8C
06-02-2025 18:30:32.601,68,RECV,7E007D318100073E024E004E373031382D4749544278
06-02-2025 18:30:32.852,69,RECV,7E007D3181000836027F004E383031392D4E53553943
06-02-2025 18:30:32.902,70,RECV,7E007D318100041C0253004E343031392D46483233CD
06-02-2025 18:30:32.902,71,RECV,7E007D3181000319025E004E333031392D4F3445549E
06-02-2025 18:30:32.903,72,RECV,7E007D318100073F024F004E373031392D30384441AE
06-02-2025 18:30:33.203,73,RECV,7E007D31810008360280004E383032302D46474C425E
06-02-2025 18:30:33.210,74,RECV,7E007D318100041C0254004E343032302D31594249B2
06-02-2025 18:30:33.210,75,RECV,7E007D3181000319025F004E333032302D39454753A9
06-02-2025 18:30:33.210,76,RECV,7E007D318100073E0250004E373032302D37343356AF
06-02-2025 18:30:33.504,77,RECV,7E007D31810008350281004E383032312D3649304782
06-02-2025 18:30:33.504,78,RECV,7E007D318100041C0255004E343032312D4F393347C3
06-02-2025 18:30:33.504,79,RECV,7E007D31810003190260004E333032312D43505A537F
06-02-2025 18:30:33.504,80,RECV,7E007D318100073E0251004E373032312D5736585468
06-02-2025 18:30:33.772,81,RECV,7E007D31810008340282004E383032322D38335A4969
06-02-2025 18:30:33.772,82,RECV,7E007D318100041C0256004E343032322D43454247B2
06-02-2025 18:30:33.805,83,RECV,7E007D31810003190261004E333032322D4231364CC8
06-02-2025 18:30:33.810,84,RECV,7E007D318100073D0252004E373032322D4E4738577C
06-02-2025 18:30:34.056,85,RECV,7E007D31810008350283004E383032332D5A34484658
06-02-2025 18:30:34.106,86,RECV,7E007D318100041C0257004E343032332D4A315A38B4
06-02-2025 18:30:34.106,87,RECV,7E007D31810003190262004E333032332D54333038CC
06-02-2025 18:30:34.106,88,RECV,7E007D318100073D0253004E373032332D3848454C8D
06-02-2025 18:30:34.357,89,RECV,7E007D31810008340284004E383032342D494746336A
06-02-2025 18:30:34.407,90,RECV,7E007D318100041C0258004E343032342D52334745AE
06-02-2025 18:30:34.407,91,RECV,7E007D31810003190263004E333032342D35454344B8
06-02-2025 18:30:34.407,92,RECV,7E007D318100073D0254004E373032342D4A335A4E77
06-02-2025 18:30:34.708,93,RECV,7E007D31810008330285004E383032352D305A305464
06-02-2025 18:30:34.709,94,RECV,7E007D318100041C0259004E343032352D4F414B5092
06-02-2025 18:30:34.710,95,RECV,7E007D31810003190264004E333032352D4359415189
06-02-2025 18:30:34.710,96,RECV,7E007D318100073C0255004E373032352D3539394CA8
06-02-2025 18:30:34.969,97,RECV,7E007D31810008330286004E383032362D314A30596C
06-02-2025 18:30:34.979,98,RECV,7E007D318100041C025A004E343032362D424A3837C0
06-02-2025 18:30:35.009,99,RECV,7E007D31810003190265004E333032362D513359597F
06-02-2025 18:30:35.010,100,RECV,7E007D318100073C0256004E373032362D4F38523090
06-02-2025 18:30:35.269,101,RECV,7E007D31810008330289004E383032372D5258585218
06-02-2025 18:30:35.269,102,RECV,7E007D318100041C025C004E343032372D5932394BA9
06-02-2025 18:30:35.309,103,RECV,7E007D31810003190267004E333032372D5647334A98
06-02-2025 18:30:35.309,104,RECV,7E007D318100073F0259004E373032372D5834454978
06-02-2025 18:30:35.560,105,RECV,7E007D3181000839028A004E383032382D3954445142
06-02-2025 18:30:35.611,106,RECV,7E007D318100041C025D004E343032382D324E4839B5
06-02-2025 18:30:35.613,107,RECV,7E007D31810003190268004E333032382D46303156B3
06-02-2025 18:30:35.613,108,RECV,7E007D3181000741025A004E373032382D5450354570
06-02-2025 18:30:35.861,109,RECV,7E007D3181000839028B004E383032392D4749585129
06-02-2025 18:30:35.911,110,RECV,7E007D318100041C025E004E343032392D50304437B9
06-02-2025 18:30:35.912,111,RECV,7E007D3181000319026A004E333032392D474B503596
06-02-2025 18:30:35.912,112,RECV,7E007D3181000741025B004E373032392D5943344F6D
06-02-2025 18:30:36.162,113,RECV,7E007D3181000838028C004E383033302D534E583140
06-02-2025 18:30:36.212,114,RECV,7E007D318100041C025F004E343033302D5849454590
06-02-2025 18:30:36.213,115,RECV,7E007D3181000319026B004E333033302D3833334ACC
06-02-2025 18:30:36.213,116,RECV,7E007D3181000740025C004E373033302D58354D4C6E
06-02-2025 18:30:36.473,117,RECV,7E007D3181000836028D004E383033312D424E4B4F40
06-02-2025 18:30:36.501,118,RECV,7E007D318100041C0260004E343033312D514B543396
06-02-2025 18:30:36.513,119,RECV,7E007D3181000319026C004E333033312D474A494791
06-02-2025 18:30:36.513,120,RECV,7E007D3181000740025D004E373033312D5A3633329D
06-02-2025 18:30:36.764,121,RECV,7E007D3181000836028E004E383033322D4B4F525824
06-02-2025 18:30:36.814,122,RECV,7E007D318100041C0261004E343033322D595337458F
06-02-2025 18:30:36.814,123,RECV,7E007D3181000319026D004E333033322D3647595189
06-02-2025 18:30:36.815,124,RECV,7E007D318100073F025E004E373033322D5837373794
06-02-2025 18:30:37.065,125,RECV,7E007D3181000835028F004E383033332D51464D394A
06-02-2025 18:30:37.115,126,RECV,7E007D318100041C0262004E343033332D4E4D39578A
06-02-2025 18:30:37.115,127,RECV,7E007D3181000319026E004E333033332D354D525783
06-02-2025 18:30:37.116,128,RECV,7E007D318100073D025F004E373033332D4557415460
06-02-2025 18:30:37.366,129,RECV,7E007D31810008340290004E383033342D30424C4A5E
06-02-2025 18:30:37.416,130,RECV,7E007D318100041C0263004E343033342D3654444B9A
06-02-2025 18:30:37.416,131,RECV,7E007D3181000319026F004E333033342D5649444683
06-02-2025 18:30:37.416,132,RECV,7E007D318100073D0260004E373033342D4B4C484D63
06-02-2025 18:30:37.667,133,RECV,7E007D31810008330291004E383033352D4245384462
06-02-2025 18:30:37.717,134,RECV,7E007D318100041C0264004E343033352D4B51544D74
06-02-2025 18:30:37.717,135,RECV,7E007D31810003190270004E333033352D59564B4868
06-02-2025 18:30:37.717,136,RECV,7E007D318100073C0261004E373033352D5658355655
06-02-2025 18:30:37.978,137,RECV,7E007D31810008320292004E383033362D4F45323866
06-02-2025 18:30:38.018,138,RECV,7E007D318100041C0265004E343033362D354E4149A2
06-02-2025 18:30:38.019,139,RECV,7E007D31810003190271004E333033362D33364933C3
06-02-2025 18:30:38.019,140,RECV,7E007D318100073C0262004E373033362D4939444B7B
06-02-2025 18:30:38.269,141,RECV,7E007D318100083A0293004E383033372D563859343F
06-02-2025 18:30:38.319,142,RECV,7E007D318100041C0266004E343033372D5957394282
06-02-2025 18:30:38.321,143,RECV,7E007D31810003190272004E333033372D4849355A86
06-02-2025 18:30:38.329,144,RECV,7E007D31810007420263004E373033372D354C563776
06-02-2025 18:30:38.570,145,RECV,7E007D31810008380294004E383033382D4D5048462F
06-02-2025 18:30:38.620,146,RECV,7E007D318100041C0267004E343033382D504D355980
06-02-2025 18:30:38.620,147,RECV,7E007D31810003190273004E333033382D3643514595
06-02-2025 18:30:38.620,148,RECV,7E007D31810007400264004E373033382D583633586B
06-02-2025 18:30:38.870,149,RECV,7E007D31810008360295004E383033392D584D4A3536
06-02-2025 18:30:38.921,150,RECV,7E007D318100041C0268004E343033392D4B54414386
06-02-2025 18:30:38.921,151,RECV,7E007D31810003190274004E333033392D304D48528B
06-02-2025 18:30:38.921,152,RECV,7E007D31810007370265004E373033392D3448364495
06-02-2025 18:30:39.171,153,RECV,7E007D31810008360296004E383034302D444E545823
06-02-2025 18:30:39.221,154,RECV,7E007D318100041C026A004E343034302D5959564166
06-02-2025 18:30:39.226,155,RECV,7E007D31810003190276004E333034302D484F444D80
06-02-2025 18:30:39.226,156,RECV,7E007D318100073F0267004E373034302D464D4F5057
06-02-2025 18:30:39.472,157,RECV,7E007D31810008360299004E383034312D3954523747
06-02-2025 18:30:39.522,158,RECV,7E007D318100041C026B004E343034312D4A3748479D
06-02-2025 18:30:39.524,159,RECV,7E007D31810003190277004E333034312D4639595579
06-02-2025 18:30:39.524,160,RECV,7E007D318100073E0269004E373034312D364439478D
06-02-2025 18:30:39.773,161,RECV,7E007D3181000837029A004E383034322D554D454A29
06-02-2025 18:30:39.823,162,RECV,7E007D318100041C026C004E343034322D464254537C
06-02-2025 18:30:39.833,163,RECV,7E007D31810003190279004E333034322D4854593678
06-02-2025 18:30:39.834,164,RECV,7E007D318100073E026A004E373034322D4644485360
06-02-2025 18:30:40.074,165,RECV,7E007D3181000834029B004E383034332D3635543666
06-02-2025 18:30:40.124,166,RECV,7E007D318100041C026E004E343034332D56424E5A68
06-02-2025 18:30:40.124,167,RECV,7E007D3181000319027A004E333034332D32353739CA
06-02-2025 18:30:40.174,168,RECV,7E007D318100073D026B004E373034332D394F48565E
06-02-2025 18:30:40.375,169,RECV,7E007D3181000834029C004E383034342D58324B4143
06-02-2025 18:30:40.425,170,RECV,7E007D318100041C026F004E343034342D4250395289
06-02-2025 18:30:40.426,171,RECV,7E007D3181000319027B004E333034342D3158584C72
06-02-2025 18:30:40.475,172,RECV,7E007D318100073C026C004E373034342D394F5A435E
06-02-2025 18:30:40.675,173,RECV,7E007D3181000834029D004E383034352D4657394B36
06-02-2025 18:30:40.726,174,RECV,7E007D318100041C0270004E343034352D30513145AD
06-02-2025 18:30:40.726,175,RECV,7E007D3181000319027C004E333034352D424F39478C
06-02-2025 18:30:40.736,176,RECV,7E007D318100073F026D004E373034352D5349423868
06-02-2025 18:30:40.976,177,RECV,7E007D3181000839029E004E383034362D3358384647
06-02-2025 18:30:41.026,178,RECV,7E007D318100041C0271004E343034362D365934508F
06-02-2025 18:30:41.027,179,RECV,7E007D3181000319027D5D004E333034362D5154424371
06-02-2025 18:30:41.047,180,RECV,7E007D318100073F026E004E373034362D455634307D5D
06-02-2025 18:30:41.277,181,RECV,7E007D3181000838029F004E383034372D315836563A
06-02-2025 18:30:41.327,182,RECV,7E007D318100041C0272004E343034372D3559555766
06-02-2025 18:30:41.327,183,RECV,7E007D3181000319027D5E004E333034372D5337453496
06-02-2025 18:30:41.328,184,RECV,7E007D318100073E026F004E373034372D4B4E35515C
06-02-2025 18:30:41.578,185,RECV,7E007D318100083702A0004E383034382D3746335945
06-02-2025 18:30:41.628,186,RECV,7E007D318100041C0273004E343034382D47413231B3
06-02-2025 18:30:41.638,187,RECV,7E007D3181000319027F004E333034382D4731515876
06-02-2025 18:30:41.639,188,RECV,7E007D31810007410270004E373034382D5955303662
06-02-2025 18:30:41.879,189,RECV,7E007D318100083702A1004E383034392D3144433262
06-02-2025 18:30:41.929,190,RECV,7E007D318100041C0274004E343034392D4B434C3092
06-02-2025 18:30:41.939,191,RECV,7E007D31810003190280004E333034392D47595A4F4C
06-02-2025 18:30:41.940,192,RECV,7E007D31810007400271004E373034392D4A34563869
06-02-2025 18:30:42.180,193,RECV,7E007D318100083702A2004E383035302D44435A4D25
06-02-2025 18:30:42.230,194,RECV,7E007D318100041C0275004E343035302D36343352B4
06-02-2025 18:30:42.230,195,RECV,7E007D31810003190281004E333035302D324438519D
06-02-2025 18:30:42.280,196,RECV,7E007D318100073F0272004E373035302D41464D5257
06-02-2025 18:30:42.481,197,RECV,7E007D318100083602A3004E383035312D5A3234444E
06-02-2025 18:30:42.531,198,RECV,7E007D318100041C0276004E343035312D42334A578B
06-02-2025 18:30:42.531,199,RECV,7E007D31810003190282004E333035312D483949468A
06-02-2025 18:30:42.581,200,RECV,7E007D318100073E0273004E373035312D414247357D5D
06-02-2025 18:30:42.782,201,RECV,7E007D318100083502A4004E383035322D324B565628
06-02-2025 18:30:42.832,202,RECV,7E007D318100041C0277004E343035322D524B4C4373
06-02-2025 18:30:42.832,203,RECV,7E007D31810003190283004E333035322D4C4A4A3583
06-02-2025 18:30:42.853,204,RECV,7E007D318100073E0274004E373035322D5237413977
06-02-2025 18:30:43.083,205,RECV,7E007D318100083402A5004E383035332D555A473129
06-02-2025 18:30:43.133,206,RECV,7E007D318100041C0278004E343035332D5855454665
06-02-2025 18:30:43.183,207,RECV,7E007D31810003190284004E333035332D44314B5383
06-02-2025 18:30:43.183,208,RECV,7E007D318100073D0275004E373035332D3355323986
06-02-2025 18:30:43.384,209,RECV,7E007D318100083702A8004E383035342D4930554A31
06-02-2025 18:30:43.433,210,RECV,7E007D318100041C027A004E343035342D5946324188
06-02-2025 18:30:43.484,211,RECV,7E007D31810003190286004E333035342D4451584462
06-02-2025 18:30:43.484,212,RECV,7E007D318100073F0278004E373035342D5650314C50
06-02-2025 18:30:43.685,213,RECV,7E007D318100083502A9004E383035352D4456583621
06-02-2025 18:30:43.735,214,RECV,7E007D318100041C027B004E343035352D3256434E7F
06-02-2025 18:30:43.745,215,RECV,7E007D31810003190287004E333035352D4C51575746
06-02-2025 18:30:43.745,216,RECV,7E007D318100073D0279004E373035352D4A4D334465
06-02-2025 18:30:43.985,217,RECV,7E007D318100083402AA004E383035362D554250540D
06-02-2025 18:30:44.036,218,RECV,7E007D318100041C027C004E343035362D373445479F
06-02-2025 18:30:44.046,219,RECV,7E007D31810003190289004E333035362D554D443573
06-02-2025 18:30:44.046,220,RECV,7E007D318100073D027A004E373035362D584E4C552A
06-02-2025 18:30:44.286,221,RECV,7E007D318100083402AB004E383035372D4237463651
06-02-2025 18:30:44.337,222,RECV,7E007D318100041C027D5D004E343035372D5147485262
06-02-2025 18:30:44.341,223,RECV,7E007D3181000319028A004E333035372D54514F5345
06-02-2025 18:30:44.387,224,RECV,7E007D318100073C027B004E373035372D425655582B
06-02-2025 18:30:44.587,225,RECV,7E007D318100083402AC004E383035382D5233424835
06-02-2025 18:30:44.637,226,RECV,7E007D318100041C027D5E004E343035382D394F37349F
06-02-2025 18:30:44.638,227,RECV,7E007D3181000319028B004E333035382D5649573361
06-02-2025 18:30:44.688,228,RECV,7E007D318100073C027C004E373035382D4C354C4859
06-02-2025 18:30:44.888,229,RECV,7E007D318100083402AD004E383035392D59334D4D1C
06-02-2025 18:30:44.938,230,RECV,7E007D318100041C027F004E343035392D4746425071
06-02-2025 18:30:44.989,231,RECV,7E007D3181000319028C004E333035392D5531454875
06-02-2025 18:30:44.994,232,RECV,7E007D318100073C027D5D004E373035392D4458444646
06-02-2025 18:30:45.189,233,RECV,7E007D318100083302AE004E383036302D4C4B55302E
06-02-2025 18:30:45.242,234,RECV,7E007D318100041C0280004E343036302D354838459D
06-02-2025 18:30:45.289,235,RECV,7E007D3181000319028D004E333036302D433649339A
06-02-2025 18:30:45.291,236,RECV,7E007D318100073B027D5E004E373036302D5939483466
06-02-2025 18:30:45.491,237,RECV,7E007D318100083302AF004E383036312D5737515910
06-02-2025 18:30:45.541,238,RECV,7E007D318100041C0281004E343036312D344A56576A
06-02-2025 18:30:45.591,239,RECV,7E007D3181000319028E004E333036312D32313257A1
06-02-2025 18:30:45.591,240,RECV,7E007D318100073D027F004E373036312D4436314580
06-02-2025 18:30:45.791,241,RECV,7E007D318100083402B0004E383036322D444D375825
06-02-2025 18:30:45.841,242,RECV,7E007D318100041C0282004E343036322D49514A4C63
06-02-2025 18:30:45.872,243,RECV,7E007D3181000319028F004E333036322D435037546D
06-02-2025 18:30:45.872,244,RECV,7E007D318100073C0280004E373036322D4334594E51
06-02-2025 18:30:46.092,245,RECV,7E007D318100083302B1004E383036332D39364E5730
06-02-2025 18:30:46.113,246,RECV,7E007D318100041C0283004E343036332D4C36573088
06-02-2025 18:30:46.142,247,RECV,7E007D31810003190290004E333036332D43393832A3
06-02-2025 18:30:46.193,248,RECV,7E007D318100073B0281004E373036332D42494F4C48
06-02-2025 18:30:46.393,249,RECV,7E007D318100083302B2004E383036342D3831303772
06-02-2025 18:30:46.443,250,RECV,7E007D318100041C0284004E343036342D3842444A87
06-02-2025 18:30:46.493,251,RECV,7E007D31810003190291004E333036342D584E563754
06-02-2025 18:30:46.494,252,RECV,7E007D318100073B0282004E373036342D333031597F
06-02-2025 18:30:46.694,253,RECV,7E007D318100083502B3004E383036352D3035303277
06-02-2025 18:30:46.744,254,RECV,7E007D318100041C0285004E343036352D3649315984
06-02-2025 18:30:46.794,255,RECV,7E007D31810003190292004E333036352D4C4152485E
06-02-2025 18:30:46.794,256,RECV,7E007D318100073E0283004E373036352D4B57454D33
06-02-2025 18:30:46.995,257,RECV,7E007D318100083702B4004E383036362D344F4E4E1B
06-02-2025 18:30:47.045,258,RECV,7E007D318100041C0286004E343036362D5A554D513E
06-02-2025 18:30:47.095,259,RECV,7E007D31810003190293004E333036362D5538494B62
06-02-2025 18:30:47.100,260,RECV,7E007D318100073F0284004E373036362D4D4451582A
06-02-2025 18:30:47.296,261,RECV,7E007D318100083902B7004E383036372D4241553428
06-02-2025 18:30:47.346,262,RECV,7E007D318100041C0288004E343036372D4933515269
06-02-2025 18:30:47.396,263,RECV,7E007D31810003190295004E333036372D464738506B
06-02-2025 18:30:47.397,264,RECV,7E007D31810007410287004E373036372D4B32384861
06-02-2025 18:30:47.597,265,RECV,7E007D318100083802B8004E383036382D4D58544BEF
06-02-2025 18:30:47.647,266,RECV,7E007D318100041C0289004E343036382D524838496B
06-02-2025 18:30:47.697,267,RECV,7E007D31810003190296004E333036382D415A483665
06-02-2025 18:30:47.697,268,RECV,7E007D31810007410288004E373036382D31424A524D
06-02-2025 18:30:47.898,269,RECV,7E007D318100083802B9004E383036392D53345A460A
06-02-2025 18:30:47.948,270,RECV,7E007D318100041C028B004E343036392D5458345350
06-02-2025 18:30:47.968,271,RECV,7E007D31810003190298004E333036392D414242486E
06-02-2025 18:30:47.969,272,RECV,7E007D31810007400289004E373036392D4D39435939
06-02-2025 18:30:48.201,273,RECV,7E007D318100083702BA004E383037302D3736305844
06-02-2025 18:30:48.252,274,RECV,7E007D318100041C028C004E343037302D4658454E59
06-02-2025 18:30:48.252,275,RECV,7E007D31810003190299004E333037302D5439483479
06-02-2025 18:30:48.302,276,RECV,7E007D318100073F028A004E373037302D594155373D
06-02-2025 18:30:48.502,277,RECV,7E007D318100083702BB004E383037312D3451584416
06-02-2025 18:30:48.552,278,RECV,7E007D318100041C028D004E343037312D4B555A5836
06-02-2025 18:30:48.602,279,RECV,7E007D3181000319029A004E333037312D3241375482
06-02-2025 18:30:48.602,280,RECV,7E007D3181000740028B004E373037312D495346304E
06-02-2025 18:30:48.803,281,RECV,7E007D318100083702BC004E383037322D58424B55FB
06-02-2025 18:30:48.853,282,RECV,7E007D318100041C028E004E343037322D48474E4B5E
06-02-2025 18:30:48.903,283,RECV,7E007D3181000319029B004E333037322D4C4A424C5A
06-02-2025 18:30:48.903,284,RECV,7E007D318100073F028C004E373037322D3159354F51
06-02-2025 18:30:49.103,285,RECV,7E007D318100083602BD004E383037332D5432523824
06-02-2025 18:30:49.153,286,RECV,7E007D318100041C028F004E343037332D4C31463091
06-02-2025 18:30:49.204,287,RECV,7E007D3181000319029C004E333037332D33594D584B
06-02-2025 18:30:49.204,288,RECV,7E007D318100073F028D004E373037332D494B4A4936
06-02-2025 18:30:49.404,289,RECV,7E007D318100083602BE004E383037342D573749510A
06-02-2025 18:30:49.426,290,RECV,7E007D318100041C0290004E343037342D50544A4153
06-02-2025 18:30:49.504,291,RECV,7E007D3181000319029D004E333037342D4B4D42366A
06-02-2025 18:30:49.504,292,RECV,7E007D318100073F028E004E373037342D4441445A38
06-02-2025 18:30:49.705,293,RECV,7E007D318100083502BF004E383037352D474D483025
06-02-2025 18:30:49.762,294,RECV,7E007D318100041C0291004E343037352D4D43484B5D
06-02-2025 18:30:49.786,295,RECV,7E007D3181000319029E004E333037352D5A5A4C4E2A
06-02-2025 18:30:49.792,296,RECV,7E007D318100073E028F004E373037352D4D4C413947
06-02-2025 18:30:50.008,297,RECV,7E007D318100083602C0004E383037362D3037574E22
06-02-2025 18:30:50.058,298,RECV,7E007D318100041C0292004E343037362D4D49594946
06-02-2025 18:30:50.079,299,RECV,7E007D3181000319029F004E333037362D4942313387
06-02-2025 18:30:50.079,300,RECV,7E007D318100073F0290004E373037362D3559345243
06-02-2025 18:30:50.309,301,RECV,7E007D318100083502C1004E383037372D5137444D14
06-02-2025 18:30:50.359,302,RECV,7E007D318100041C0293004E343037372D354241497B
06-02-2025 18:30:50.409,303,RECV,7E007D318100031902A0004E333037372D444D335957
06-02-2025 18:30:50.410,304,RECV,7E007D318100073E0291004E373037372D4634504943
06-02-2025 18:30:50.610,305,RECV,7E007D318100083502C2004E383037382D4848483320
06-02-2025 18:30:50.660,306,RECV,7E007D318100041C0294004E343037382D4E4C4C4B49
06-02-2025 18:30:50.710,307,RECV,7E007D318100031902A1004E333037382D434F4D3063
06-02-2025 18:30:50.711,308,RECV,7E007D318100073D0292004E373037382D4E464D581C
06-02-2025 18:30:50.911,309,RECV,7E007D318100083502C3004E383037392D454F573707
06-02-2025 18:30:50.932,310,RECV,7E007D318100041C0295004E343037392D48505A4A3C
06-02-2025 18:30:51.012,311,RECV,7E007D318100031902A2004E333037392D3853515341
06-02-2025 18:30:51.012,312,RECV,7E007D318100073D0293004E373037392D5048584122
06-02-2025 18:30:51.182,313,RECV,7E007D318100083402C4004E383038302D334C554B12
06-02-2025 18:30:51.233,314,RECV,7E007D318100041C0297004E343038302D4B3848486B
06-02-2025 18:30:51.313,315,RECV,7E007D318100031902A4004E333038302D424D39505E
06-02-2025 18:30:51.313,316,RECV,7E007D318100073C0296004E373038302D3359344C4D
06-02-2025 18:30:51.513,317,RECV,7E007D318100083402C7004E383038312D46564759F1
06-02-2025 18:30:51.514,318,RECV,7E007D318100041C0298004E343038312D583159306A
06-02-2025 18:30:51.614,319,RECV,7E007D318100031902A5004E333038312D36394F4C6A
06-02-2025 18:30:51.614,320,RECV,7E007D318100073C0297004E373038312D5556323842
06-02-2025 18:30:51.815,321,RECV,7E007D318100083302C8004E383038322D4835455A10
06-02-2025 18:30:51.865,322,RECV,7E007D318100041C0299004E343038322D485034446A
06-02-2025 18:30:51.885,323,RECV,7E007D318100031902A7004E333038322D57534B3844
06-02-2025 18:30:51.886,324,RECV,7E007D318100073C0298004E373038322D4946304D49
06-02-2025 18:30:52.116,325,RECV,7E007D318100083302C9004E383038332D503333472D
06-02-2025 18:30:52.166,326,RECV,7E007D318100041C029A004E343038332D514B334F5A
06-02-2025 18:30:52.216,327,RECV,7E007D318100031902A8004E333038332D4238415460
06-02-2025 18:30:52.217,328,RECV,7E007D318100073B0299004E373038332D4456345135
06-02-2025 18:30:52.417,329,RECV,7E007D318100083302CA004E383038342D4C38344927
06-02-2025 18:30:52.467,330,RECV,7E007D318100041C029B004E343038342D495635376B
06-02-2025 18:30:52.518,331,RECV,7E007D318100031902A9004E333038342D4450313870
06-02-2025 18:30:52.518,332,RECV,7E007D318100073B029A004E373038342D4548385637
06-02-2025 18:30:52.688,333,RECV,7E007D318100083202CB004E383038352D5148534FEC
06-02-2025 18:30:52.728,334,RECV,7E007D318100041C029C004E343038352D4C39425A53
06-02-2025 18:30:52.819,335,RECV,7E007D318100031902AA004E333038352D4A58313167
06-02-2025 18:30:52.819,336,RECV,7E007D318100073B029B004E373038352D583757303A
06-02-2025 18:30:52.970,337,RECV,7E007D318100083302CC004E383038362D5A553357EB
06-02-2025 18:30:53.020,338,RECV,7E007D318100041C029D004E343038362D475038554E
06-02-2025 18:30:53.120,339,RECV,7E007D318100031902AB004E333038362D4437305866
06-02-2025 18:30:53.120,340,RECV,7E007D318100073C029C004E373038362D4B5A54361E
06-02-2025 18:30:53.321,341,RECV,7E007D318100083502CD004E383038372D53424C49F6
06-02-2025 18:30:53.321,342,RECV,7E007D318100041C029E004E343038372D565A52511D
06-02-2025 18:30:53.421,343,RECV,7E007D318100031902AC004E333038372D55344E464A
06-02-2025 18:30:53.421,344,RECV,7E007D3181000740029D004E373038372D583447551F
06-02-2025 18:30:53.622,345,RECV,7E007D318100083702CE004E383038382D314C395610
06-02-2025 18:30:53.672,346,RECV,7E007D318100041C029F004E343038382D5330565243
06-02-2025 18:30:53.722,347,RECV,7E007D318100031902AD004E333038382D484D4D5231
06-02-2025 18:30:53.722,348,RECV,7E007D3181000740029E004E373038382D314B4F4E2C
06-02-2025 18:30:53.883,349,RECV,7E007D318100083802CF004E383038392D4A3239537D31
06-02-2025 18:30:53.973,350,RECV,7E007D318100041C02A0004E343038392D4F4943365B
06-02-2025 18:30:54.023,351,RECV,7E007D318100031902AE004E333038392D3233595154
06-02-2025 18:30:54.023,352,RECV,7E007D318100073F029F004E373038392D564E4D470C
06-02-2025 18:30:54.174,353,RECV,7E007D318100083602D0004E383039302D574334381C
06-02-2025 18:30:54.234,354,RECV,7E007D318100041C02A1004E343039302D4E58354E4A
06-02-2025 18:30:54.324,355,RECV,7E007D318100031902AF004E333039302D4C4F445338
06-02-2025 18:30:54.324,356,RECV,7E007D318100073F02A0004E373039302D354E315344
06-02-2025 18:30:54.475,357,RECV,7E007D318100083502D1004E383039312D345A444D02
06-02-2025 18:30:54.524,358,RECV,7E007D318100041C02A2004E343039312D3046355175
06-02-2025 18:30:54.625,359,RECV,7E007D318100031902B0004E333039312D5A494D5A1E
06-02-2025 18:30:54.625,360,RECV,7E007D318100073E02A1004E373039312D423432584A
06-02-2025 18:30:54.775,361,RECV,7E007D318100083502D2004E383039322D5145373919
06-02-2025 18:30:54.826,362,RECV,7E007D318100041C02A3004E343039322D594C47384B
06-02-2025 18:30:54.926,363,RECV,7E007D318100031902B1004E333039322D3350573656
06-02-2025 18:30:54.926,364,RECV,7E007D318100073D02A2004E373039322D37324C3163
06-02-2025 18:30:55.127,365,RECV,7E007D318100083502D3004E383039332D323659322A
06-02-2025 18:30:55.177,366,RECV,7E007D318100041C02A4004E343039332D55344D583F
06-02-2025 18:30:55.227,367,RECV,7E007D318100031902B3004E333039332D504A414345
06-02-2025 18:30:55.227,368,RECV,7E007D318100073D02A4004E373039332D5652363434
06-02-2025 18:30:55.388,369,RECV,7E007D318100083402D6004E383039342D5257314EF2
06-02-2025 18:30:55.478,370,RECV,7E007D318100041C02A6004E343039342D533043366E
06-02-2025 18:30:55.528,371,RECV,7E007D318100031902B4004E333039342D58394D562D
06-02-2025 18:30:55.528,372,RECV,7E007D318100073D02A6004E373039342D4E37483640
06-02-2025 18:30:55.679,373,RECV,7E007D318100083302D7004E383039352D424750360A
06-02-2025 18:30:55.739,374,RECV,7E007D318100041C02A7004E343039352D3534444F6C
06-02-2025 18:30:55.829,375,RECV,7E007D318100031902B5004E333039352D324A565637
06-02-2025 18:30:55.829,376,RECV,7E007D318100073C02A7004E373039352D485734531C
06-02-2025 18:30:55.980,377,RECV,7E007D318100083402D8004E383039362D5345564ADE
06-02-2025 18:30:56.030,378,RECV,7E007D318100041C02A9004E343039362D364B565638
06-02-2025 18:30:56.130,379,RECV,7E007D318100031902B7004E333039362D4946583342
06-02-2025 18:30:56.131,380,RECV,7E007D318100073B02A8004E373039362D504941491E
06-02-2025 18:30:56.281,381,RECV,7E007D318100083202D9004E383039372D4A3852340E
06-02-2025 18:30:56.331,382,RECV,7E007D318100041C02AA004E343039372D434E465537
06-02-2025 18:30:56.431,383,RECV,7E007D318100031902B8004E333039372D364C4F3851
06-02-2025 18:30:56.431,384,RECV,7E007D318100073B02A9004E373039372D324D4E5220
06-02-2025 18:30:56.592,385,RECV,7E007D318100083202DA004E383039382D5A323654FE
06-02-2025 18:30:56.632,386,RECV,7E007D318100041C02AB004E343039382D5A5939561F
06-02-2025 18:30:56.732,387,RECV,7E007D318100031902B9004E333039382D3043534B47
06-02-2025 18:30:56.738,388,RECV,7E007D318100073B02AA004E373039382D52314C521C
06-02-2025 18:30:56.882,389,RECV,7E007D318100083202DB004E383039392D3149374B16
06-02-2025 18:30:56.983,390,RECV,7E007D318100041C02AC004E343039392D3958583541
06-02-2025 18:30:57.033,391,RECV,7E007D318100031902BA004E333039392D3632344971
06-02-2025 18:30:57.033,392,RECV,7E007D318100073B02AB004E373039392D4856413824
