05-09-2025 03:39:56.788,-,API2,"Sink 2,0013A20041839DCA,802.15.4 TH,2003,/dev/ttyUSB1 - 57600/8/M/1/N,1,46"

05-09-2025 03:37:53.113,0,RECV,7E000F81000036024E383030302D504431300E
05-09-2025 03:37:53.115,1,RECV,7E000F8100002D024E363030302D3054503406
05-09-2025 03:37:53.115,2,RECV,7E000F8100002D024E363030312D434C4A59DB
05-09-2025 03:37:53.116,3,RECV,7E000F8100003F024E373030312D3138443914
05-09-2025 03:37:53.116,4,RECV,7E007D3381000036000AFFFFFFFFFFFFFFFF0000005348AB
05-09-2025 03:37:53.116,5,RECV,7E007D338100002C000BFFFFFFFFFFFFFFFF0000005348B4
05-09-2025 03:37:53.123,6,RECV,7E007D3381000040000CFFFFFFFFFFFFFFFF00000053489F
05-09-2025 03:37:53.124,7,RECV,7E000F8100002D024E363030322D354333461B
05-09-2025 03:37:53.124,8,RECV,7E000F81000040024E373030342D43475346D3
05-09-2025 03:37:53.124,9,RECV,7E000F8100003A024E353030322D52595647B8
05-09-2025 03:37:53.124,10,RECV,7E000F8100002C024E363030332D5948485AC9
05-09-2025 03:37:53.124,11,RECV,7E000F8100002B024E363030342D424B5246E7
05-09-2025 03:37:53.195,12,RECV,7E000F81000036024E383030312D53484142E4
05-09-2025 03:37:53.195,13,RECV,7E000F8100002C024E363030352D5A535434D5
05-09-2025 03:37:53.195,14,RECV,7E000F81000040024E373030372D31415537F5
05-09-2025 03:37:53.195,15,RECV,7E000F8100002B024E363030362D33495047F7
05-09-2025 03:37:53.195,16,RECV,7E000F81000041024E373030382D53303158E5
05-09-2025 03:37:53.195,17,RECV,7E000F81000040024E373030392D4C41344AE6
05-09-2025 03:37:53.195,18,RECV,7E000F8100003E024E373031302D32445335FD
05-09-2025 03:37:53.195,19,RECV,7E000F8100002B024E363030372D3135453727
05-09-2025 03:37:53.195,20,RECV,7E000F8100002B024E363030382D4E345338FB
05-09-2025 03:37:53.195,21,RECV,7E000F81000036024E383030332D44524B39E6
05-09-2025 03:37:53.195,22,RECV,7E000F8100002B024E363030392D46495033F5
05-09-2025 03:37:53.195,23,RECV,7E000F81000036024E383030342D513137337D33
05-09-2025 03:37:53.195,24,RECV,7E000F81000036024E383030352D59463349E3
05-09-2025 03:37:53.210,25,RECV,7E000F81000036024E383030362D39514E44E1
05-09-2025 03:37:53.210,26,RECV,7E000F81000036024E383030372D4E305734F3
05-09-2025 03:37:53.260,27,RECV,7E000F8100003A024E353030332D364D39380B
05-09-2025 03:37:53.271,28,RECV,7E000F81000036024E383030382D52335335EE
05-09-2025 03:37:53.271,29,RECV,7E000F8100003A024E353030342D52305342E7
05-09-2025 03:37:53.271,30,RECV,7E000F8100002B024E363031302D57463658E4
05-09-2025 03:37:53.274,31,RECV,7E000F81000040024E373031312D5141313104
05-09-2025 03:37:53.274,32,RECV,7E000F81000036024E383030392D54335946D4
05-09-2025 03:37:53.274,33,RECV,7E000F81000040024E373031322D5250594DAF
05-09-2025 03:37:53.274,34,RECV,7E000F8100002B024E363031312D4C4235410A
05-09-2025 03:37:53.314,35,RECV,7E000F81000040024E373031332D314C4C53DA
05-09-2025 03:37:53.316,36,RECV,7E000F8100002B024E363031322D3246324B18
05-09-2025 03:37:53.318,37,RECV,7E000F81000041024E373031342D504A3933EE
05-09-2025 03:37:53.322,38,RECV,7E000F8100002B024E363031332D52484648E4
05-09-2025 03:37:53.323,39,RECV,7E000F8100002B024E363031342D3848494200
05-09-2025 03:37:53.323,40,RECV,7E000F81000036024E383031312D454B313808
05-09-2025 03:37:53.323,41,RECV,7E000F81000040024E373031362D344F4244EA
05-09-2025 03:37:53.323,42,RECV,7E000F8100002B024E363031352D45414F4FE6
05-09-2025 03:37:53.360,43,RECV,7E000F8100002B024E363031362D4B5A3441EF
05-09-2025 03:37:53.364,44,RECV,7E000F8100002B024E363031372D55454743E4
05-09-2025 03:37:53.364,45,RECV,7E000F81000041024E373031382D314B374DF0
05-09-2025 03:37:53.364,46,RECV,7E000F81000036024E383031332D3653324DF7
05-09-2025 03:37:53.365,47,RECV,7E000F81000036024E383031342D375532340C
05-09-2025 03:37:53.365,48,RECV,7E000F81000039024E353030372D56585055A9
05-09-2025 03:37:53.383,49,RECV,7E000F8100002B024E363031382D45304B3116
05-09-2025 03:37:53.410,50,RECV,7E000F8100002B024E363031392D31494652F4
05-09-2025 03:37:53.491,51,RECV,7E000F8100002B024E363032302D425935300E
05-09-2025 03:37:53.491,52,RECV,7E000F81000040024E373032302D4B384D51D7
05-09-2025 03:37:53.491,53,RECV,7E000F8100002C024E363032312D4747544CDE
05-09-2025 03:37:53.491,54,RECV,7E000F81000035024E383031352D444C4E52CE
05-09-2025 03:37:53.491,55,RECV,7E000F8100002C024E363032322D58394353E4
05-09-2025 03:37:53.492,56,RECV,7E000F81000040024E373032342D3152363704
05-09-2025 03:37:53.492,57,RECV,7E000F81000040024E373032352D47333754EE
05-09-2025 03:37:53.492,58,RECV,7E000F8100002C024E363032332D42304A4905
05-09-2025 03:37:53.492,59,RECV,7E000F8100002C024E363032342D59555047C4
05-09-2025 03:37:53.562,60,RECV,7E000F81000040024E373032362D54435141C9
05-09-2025 03:37:53.562,61,RECV,7E000F81000036024E383031362D49555453B7
05-09-2025 03:37:53.562,62,RECV,7E000F81000036024E383031372D53375A38DF
05-09-2025 03:37:53.563,63,RECV,7E000F81000035024E383031382D494B4F47D1
05-09-2025 03:37:53.563,64,RECV,7E000F8100003F024E373032382D3638383318
05-09-2025 03:37:53.563,65,RECV,7E000F8100002C024E363032352D3634304529
05-09-2025 03:37:53.563,66,RECV,7E000F8100003A024E353030382D4E4B5652B9
05-09-2025 03:37:53.563,67,RECV,7E000F8100002B024E363032362D4835414505
05-09-2025 03:37:53.563,68,RECV,7E000F8100002C024E363032372D56495846C9
05-09-2025 03:37:53.563,69,RECV,7E000F8100002B024E363032382D54444C31F1
05-09-2025 03:37:53.563,70,RECV,7E000F8100002C024E363032392D47564931ED
05-09-2025 03:37:53.563,71,RECV,7E000F8100002C024E363033302D41514153E6
05-09-2025 03:37:53.563,72,RECV,7E000F8100002C024E363033312D57595443C4
05-09-2025 03:37:53.563,73,RECV,7E000F8100002C024E363033322D304139431D
05-09-2025 03:37:53.563,74,RECV,7E000F81000037024E383032302D59555047BB
05-09-2025 03:37:53.563,75,RECV,7E000F8100002D024E363033332D47575646CE
05-09-2025 03:37:53.563,76,RECV,7E000F8100003A024E353031312D5A4D5838C9
05-09-2025 03:37:53.563,77,RECV,7E000F81000038024E383032312D58364D52D1
05-09-2025 03:37:53.563,78,RECV,7E000F8100003A024E353031322D3445305303
05-09-2025 03:37:53.563,79,RECV,7E000F8100002C024E363033342D32444552FB
05-09-2025 03:37:53.564,80,RECV,7E000F8100003A024E353031332D3649384601
05-09-2025 03:37:53.574,81,RECV,7E000F8100002D024E363033352D3853574ED6
05-09-2025 03:37:53.587,82,RECV,7E000F81000041024E373033322D555A464AB5
05-09-2025 03:37:53.587,83,RECV,7E000F81000040024E373033332D47573057CF
05-09-2025 03:37:53.587,84,RECV,7E000F81000040024E373033342D33523253E9
05-09-2025 03:37:53.587,85,RECV,7E000F8100002C024E363033362D37455147F2
05-09-2025 03:37:53.587,86,RECV,7E000F8100003A024E353031342D4A4A414BDD
05-09-2025 03:37:53.611,87,RECV,7E000F81000039024E353031352D3835354318
05-09-2025 03:37:53.612,88,RECV,7E000F8100002C024E363033372D4E394D4EE3
05-09-2025 03:37:53.612,89,RECV,7E000F8100002C024E363033382D563238390B
05-09-2025 03:37:53.661,90,RECV,7E000F81000040024E373033362D56464455BC
05-09-2025 03:37:53.661,91,RECV,7E000F81000040024E373033372D47485554B8
05-09-2025 03:37:53.662,92,RECV,7E000F8100002B024E363033392D33454D46F9
05-09-2025 03:37:53.662,93,RECV,7E000F81000040024E373033382D4C47314AE1
05-09-2025 03:37:53.662,94,RECV,7E000F8100002B024E363034302D3937315318
05-09-2025 03:37:53.662,95,RECV,7E000F81000041024E373033392D56373548E3
05-09-2025 03:37:53.663,96,RECV,7E000F81000041024E373034302D574A3738E5
05-09-2025 03:37:53.673,97,RECV,7E000F8100002B024E363034312D4E485335ED
05-09-2025 03:37:53.673,98,RECV,7E000F81000034024E383032332D4243454FE7
05-09-2025 03:37:53.685,99,RECV,7E000F81000040024E373034312D4C4E4D32DC
05-09-2025 03:37:53.797,100,RECV,7E000F81000037024E383032342D41544452D1
05-09-2025 03:37:53.868,101,RECV,7E000F81000036024E383032352D46553450DD
05-09-2025 03:37:53.884,102,RECV,7E000F8100003A024E353031382D3632434707
05-09-2025 03:37:53.884,103,RECV,7E000F8100002B024E363034322D44515546DA
05-09-2025 03:37:53.884,104,RECV,7E000F81000036024E383032362D36504257DC
05-09-2025 03:37:53.884,105,RECV,7E000F8100002C024E363034332D47355549EE
05-09-2025 03:37:53.884,106,RECV,7E000F81000036024E383032372D54535451AE
05-09-2025 03:37:53.884,107,RECV,7E000F81000040024E373034342D4F453730F7
05-09-2025 03:37:53.884,108,RECV,7E000F8100002B024E363034342D34564E4AE6
05-09-2025 03:37:53.884,109,RECV,7E000F8100003A024E353031392D324146320D
05-09-2025 03:37:53.884,110,RECV,7E000F8100002C024E363034352D465A334DE6
05-09-2025 03:37:53.884,111,RECV,7E000F81000036024E383032382D414D303902
05-09-2025 03:37:53.884,112,RECV,7E000F81000036024E383032392D574F4232DE
05-09-2025 03:37:53.884,113,RECV,7E000F8100002C024E363034362D51354B4FE5
05-09-2025 03:37:53.884,114,RECV,7E000F81000040024E373034362D304C413201
05-09-2025 03:37:53.884,115,RECV,7E000F8100003A024E353032312D5659534BB2
05-09-2025 03:37:53.884,116,RECV,7E000F8100002C024E363034372D35565134F4
05-09-2025 03:37:53.884,117,RECV,7E000F8100003B024E353032332D4B423346F6
05-09-2025 03:37:53.885,118,RECV,7E000F81000036024E383033302D4B4B3839F9
05-09-2025 03:37:53.885,119,RECV,7E000F8100003A024E353032342D413238371A
05-09-2025 03:37:53.885,120,RECV,7E000F81000036024E383033312D44585730DC
05-09-2025 03:37:53.885,121,RECV,7E000F8100003B024E353032352D38475A4AD7
05-09-2025 03:37:53.885,122,RECV,7E000F8100003B024E353032362D574B304ADD
05-09-2025 03:37:53.885,123,RECV,7E000F81000040024E373034382D53575248AA
05-09-2025 03:37:53.885,124,RECV,7E000F8100002C024E363034382D473531480E
05-09-2025 03:37:53.885,125,RECV,7E000F8100003B024E353032372D4B324244F5
05-09-2025 03:37:53.885,126,RECV,7E000F8100002C024E363034392D44325737FE
05-09-2025 03:37:53.885,127,RECV,7E000F81000036024E383033322D3253433204
05-09-2025 03:37:53.885,128,RECV,7E000F8100002C024E363035302D4C494457DA
05-09-2025 03:37:53.885,129,RECV,7E000F8100003B024E353033302D484A5145D6
05-09-2025 03:37:53.885,130,RECV,7E000F81000036024E383033352D514F4955BD
05-09-2025 03:37:53.885,131,RECV,7E000F81000036024E383033362D394F5354CB
05-09-2025 03:37:53.885,132,RECV,7E000F81000036024E383033372D5735333406
05-09-2025 03:37:53.885,133,RECV,7E000F8100002C024E363035312D57584C43CB
05-09-2025 03:37:53.914,134,RECV,7E000F8100003A024E353033312D394C4C44E9
05-09-2025 03:37:53.915,135,RECV,7E000F8100002C024E363035322D495A4757C7
05-09-2025 03:37:53.915,136,RECV,7E000F8100002C024E363035332D5A525A36CB
05-09-2025 03:37:53.915,137,RECV,7E000F81000040024E373035302D57354432F3
05-09-2025 03:37:53.915,138,RECV,7E000F8100002C024E363035342D50354858E1
05-09-2025 03:37:53.915,139,RECV,7E000F8100002D024E363035352D473039417D33
05-09-2025 03:37:53.965,140,RECV,7E000F8100003A024E353033332D424B4230FD
05-09-2025 03:37:54.062,141,RECV,7E000F8100002C024E363035362D304D363120
05-09-2025 03:37:54.107,142,RECV,7E000F8100002C024E363035372D4F323054FE
05-09-2025 03:37:54.107,143,RECV,7E000F81000037024E383033392D39325A50E1
05-09-2025 03:37:54.107,144,RECV,7E000F81000036024E383034302D53474B55C5
05-09-2025 03:37:54.107,145,RECV,7E000F8100003A024E353033342D44525A52B9
05-09-2025 03:37:54.107,146,RECV,7E000F81000037024E383034312D344D534ADF
05-09-2025 03:37:54.107,147,RECV,7E000F81000035024E383034322D43575453BD
05-09-2025 03:37:54.107,148,RECV,7E000F8100003A024E353033352D47584336E2
05-09-2025 03:37:54.107,149,RECV,7E000F8100003A024E353033362D5047425AC6
05-09-2025 03:37:54.108,150,RECV,7E000F81000037024E383034332D3438325904
05-09-2025 03:37:54.108,151,RECV,7E000F81000040024E373035322D4D573451CA
05-09-2025 03:37:54.108,152,RECV,7E000F81000036024E383034342D54385845D2
05-09-2025 03:37:54.108,153,RECV,7E000F81000036024E383034352D32565133EE
05-09-2025 03:37:54.108,154,RECV,7E000F81000036024E383034362D38335147F6
05-09-2025 03:37:54.108,155,RECV,7E000F81000036024E383034372D47423046F9
05-09-2025 03:37:54.108,156,RECV,7E000F81000036024E383034382D4C4D3758CF
05-09-2025 03:37:54.108,157,RECV,7E000F81000040024E373035332D53455A4DB3
05-09-2025 03:37:54.108,158,RECV,7E000F81000039024E353033382D4B46514ACC
05-09-2025 03:37:54.108,159,RECV,7E000F8100003A024E353033392D3337313328
05-09-2025 03:37:54.108,160,RECV,7E000F8100003A024E353034302D303031422B
05-09-2025 03:37:54.108,161,RECV,7E000F8100003A024E353034312D55374B35F1
05-09-2025 03:37:54.115,162,RECV,7E000F8100002C024E363035382D42535936DE
05-09-2025 03:37:54.143,163,RECV,7E000F81000039024E353034322D58523046DD
05-09-2025 03:37:54.143,164,RECV,7E000F81000036024E383034392D4B484E47CE
05-09-2025 03:37:54.143,165,RECV,7E000F8100002C024E363035392D36504359DF
05-09-2025 03:37:54.177,166,RECV,7E000F8100002C024E363036302D4146354409
05-09-2025 03:37:54.182,167,RECV,7E000F81000041024E373035382D374A344FE8
05-09-2025 03:37:54.182,168,RECV,7E000F8100003B024E353034342D524F344CD8
05-09-2025 03:37:54.182,169,RECV,7E000F81000041024E373035392D48424357C7
05-09-2025 03:37:54.182,170,RECV,7E000F8100003A024E353034352D364E4435FC
05-09-2025 03:37:54.182,171,RECV,7E000F81000036024E383035302D39473156F7
05-09-2025 03:37:54.183,172,RECV,7E000F8100003B024E353034362D50335A55C5
05-09-2025 03:37:54.183,173,RECV,7E000F81000041024E373036312D30523252EC
05-09-2025 03:37:54.183,174,RECV,7E000F8100003B024E353034372D4D585A57A0
05-09-2025 03:37:54.183,175,RECV,7E000F8100002F024E363036312D4F544142DF
05-09-2025 03:37:54.183,176,RECV,7E000F81000038024E383035312D51574249C8
05-09-2025 03:37:54.183,177,RECV,7E000F8100003C024E353034382D3454353601
05-09-2025 03:37:54.183,178,RECV,7E000F81000042024E373036322D394C5056C5
05-09-2025 03:37:54.183,179,RECV,7E000F8100002E024E363036322D4D5A3639EF
05-09-2025 03:37:54.183,180,RECV,7E000F8100002E024E363036332D37415A55DD
05-09-2025 03:37:54.183,181,RECV,7E000F8100002E024E363036342D4B44524CD6
05-09-2025 03:37:54.221,182,RECV,7E000F8100002E024E363036352D49335756D9
05-09-2025 03:37:54.325,183,RECV,7E000F81000038024E383035322D4B333757EE
05-09-2025 03:37:54.409,184,RECV,7E000F81000039024E383035332D545A3142D7
05-09-2025 03:37:54.411,185,RECV,7E000F81000042024E373036342D49304E34F3
05-09-2025 03:37:54.412,186,RECV,7E000F81000038024E383035342D47425A55C0
05-09-2025 03:37:54.412,187,RECV,7E000F8100003C024E353035302D4F573158CC
05-09-2025 03:37:54.412,188,RECV,7E000F81000042024E373036352D51553453C0
05-09-2025 03:37:54.412,189,RECV,7E000F8100003C024E353035312D444E5845CB
05-09-2025 03:37:54.412,190,RECV,7E000F81000039024E383035352D4E305737EA
05-09-2025 03:37:54.412,191,RECV,7E000F81000039024E383035362D3249534DDA
05-09-2025 03:37:54.412,192,RECV,7E000F8100003C024E353035332D4335324707
05-09-2025 03:37:54.412,193,RECV,7E000F8100002D024E363036362D38474A4AEF
05-09-2025 03:37:54.412,194,RECV,7E000F81000039024E383035382D50583049D2
05-09-2025 03:37:54.412,195,RECV,7E000F8100002E024E363036372D36474544FA
05-09-2025 03:37:54.412,196,RECV,7E000F81000039024E383035392D54353554E0
05-09-2025 03:37:54.412,197,RECV,7E000F8100002E024E363036382D5536494EDD
05-09-2025 03:37:54.412,198,RECV,7E000F81000030024E363036392D57534D51B4
05-09-2025 03:37:54.412,199,RECV,7E000F81000039024E383036302D433532351B
05-09-2025 03:37:54.412,200,RECV,7E000F81000042024E373036372D4A393046F2
05-09-2025 03:37:54.412,201,RECV,7E000F81000038024E383036312D5A334A31F2
05-09-2025 03:37:54.412,202,RECV,7E000F81000039024E383036322D4B5A494CBE
05-09-2025 03:37:54.412,203,RECV,7E000F81000039024E383036332D59423956CD
05-09-2025 03:37:54.412,204,RECV,7E000F8100003C024E353035342D5A4A324FD2
05-09-2025 03:37:54.412,205,RECV,7E000F8100002E024E363037302D4C3842310F
05-09-2025 03:37:54.412,206,RECV,7E000F81000038024E383036342D5A33444BDB
05-09-2025 03:37:54.412,207,RECV,7E000F8100003C024E353035362D4C414757CA
05-09-2025 03:37:54.412,208,RECV,7E000F8100002E024E363037312D34354B3021
05-09-2025 03:37:54.412,209,RECV,7E000F8100003C024E353035372D414F394CDF
05-09-2025 03:37:54.412,210,RECV,7E000F8100002E024E363037322D4C505250C6
05-09-2025 03:37:54.412,211,RECV,7E000F81000039024E383036352D505A484BB8
05-09-2025 03:37:54.432,212,RECV,7E000F81000039024E383036362D4134363712
05-09-2025 03:37:54.432,213,RECV,7E000F81000042024E373036392D55464F45BA
05-09-2025 03:37:54.432,214,RECV,7E000F8100002E024E363037332D43553347F1
05-09-2025 03:37:54.432,215,RECV,7E000F81000039024E383036372D314F434AE6
05-09-2025 03:37:54.432,216,RECV,7E000F81000039024E383036382D4B5A4742C4
05-09-2025 03:37:54.432,217,RECV,7E000F81000038024E383036392D41464A47DA
05-09-2025 03:37:54.432,218,RECV,7E000F8100002E024E363037342D52464F57C4
05-09-2025 03:37:54.432,219,RECV,7E000F8100003B024E353035382D444D4539E5
05-09-2025 03:37:54.432,220,RECV,7E000F81000038024E383037302D54454B51C5
05-09-2025 03:37:54.463,221,RECV,7E000F81000039024E383037312D56565651A5
05-09-2025 03:37:54.463,222,RECV,7E000F8100003F024E373037302D4F574654B4
05-09-2025 03:37:54.519,223,RECV,7E000F81000041024E373037322D4F555850A4
05-09-2025 03:37:54.541,224,RECV,7E000F8100003B024E353035392D363834341D
05-09-2025 03:37:54.541,225,RECV,7E000F8100003F024E373037332D52373444F0
05-09-2025 03:37:54.541,226,RECV,7E000F8100002E024E363037352D49325241F3
05-09-2025 03:37:54.569,227,RECV,7E000F8100003B024E353036302D47534B53C3
05-09-2025 03:37:54.598,228,RECV,7E000F8100002E024E363037362D314A4D41F7
05-09-2025 03:37:54.598,229,RECV,7E000F8100003C024E353036312D42383853F4
05-09-2025 03:37:54.598,230,RECV,7E000F81000042024E373037352D353731430C
05-09-2025 03:37:54.598,231,RECV,7E000F8100003C024E353036322D4338384FF6
05-09-2025 03:37:54.598,232,RECV,7E000F8100003C024E353036332D3543474DEB
05-09-2025 03:37:54.621,233,RECV,7E000F8100002E024E363037372D52415045D7
05-09-2025 03:37:54.624,234,RECV,7E000F81000043024E373037362D49383147F1
05-09-2025 03:37:54.624,235,RECV,7E000F81000038024E383037322D5A423739EC
05-09-2025 03:37:54.624,236,RECV,7E000F8100002E024E363037382D56564547C6
05-09-2025 03:37:54.625,237,RECV,7E000F8100002E024E363037392D3937304914
05-09-2025 03:37:54.625,238,RECV,7E000F8100003C024E353036342D494D4349D4
05-09-2025 03:37:54.632,239,RECV,7E000F81000043024E373037392D30533635F9
05-09-2025 03:37:54.632,240,RECV,7E000F8100002E024E363038302D3438444C09
05-09-2025 03:37:54.632,241,RECV,7E000F8100002E024E363038312D4B41435ADB
05-09-2025 03:37:54.632,242,RECV,7E000F8100002E024E363038322D41375444F3
05-09-2025 03:37:54.669,243,RECV,7E000F81000042024E373038312D32514447E1
05-09-2025 03:37:54.672,244,RECV,7E000F81000039024E383037332D34324D52F1
05-09-2025 03:37:54.672,245,RECV,7E000F8100003D024E353036362D5A345642CD
05-09-2025 03:37:54.672,246,RECV,7E000F81000038024E383037342D42364741F6
05-09-2025 03:37:54.672,247,RECV,7E000F81000043024E373038322D574B474ABA
05-09-2025 03:37:54.673,248,RECV,7E000F81000038024E383037352D31564335F6
05-09-2025 03:37:54.673,249,RECV,7E000F8100003D024E353036372D46494F49CB
05-09-2025 03:37:54.673,250,RECV,7E000F8100003D024E353036382D555A5935B4
05-09-2025 03:37:54.721,251,RECV,7E000F8100003D024E353036392D31325649EE
05-09-2025 03:37:54.771,252,RECV,7E000F81000043024E373038342D49344E52CE
05-09-2025 03:37:54.773,253,RECV,7E000F8100003D024E353037302D49335837ED
05-09-2025 03:37:54.774,254,RECV,7E000F81000039024E383037362D57385A59B1
05-09-2025 03:37:54.776,255,RECV,7E000F81000039024E383037372D494A5339D3
05-09-2025 03:37:54.777,256,RECV,7E000F8100003D024E353037312D4A574546CB
05-09-2025 03:37:54.777,257,RECV,7E000F8100002F024E363038332D3854504BDA
05-09-2025 03:37:54.777,258,RECV,7E000F8100003D024E353037322D4E30423402
05-09-2025 03:37:54.777,259,RECV,7E000F8100003D024E353037332D4F4D524ABD
05-09-2025 03:37:54.777,260,RECV,7E000F8100003D024E353037342D48474455CC
05-09-2025 03:37:54.805,261,RECV,7E000F8100002E024E363038342D54544331E5
05-09-2025 03:37:54.873,262,RECV,7E000F81000043024E373038362D45494C42CD
05-09-2025 03:37:54.902,263,RECV,7E000F8100002C024E363038352D42504348E5
05-09-2025 03:37:54.902,264,RECV,7E000F81000039024E353037352D39504E4AD6
05-09-2025 03:37:54.902,265,RECV,7E000F81000035024E383037382D33454A50E3
05-09-2025 03:37:54.902,266,RECV,7E000F8100002E024E363038362D41374D3604
05-09-2025 03:37:54.902,267,RECV,7E000F81000036024E383037392D4F493546E0
05-09-2025 03:37:54.902,268,RECV,7E000F81000036024E353037362D4C4F3752D5
05-09-2025 03:37:54.902,269,RECV,7E000F8100003F024E373038372D4643375AD2
05-09-2025 03:37:54.902,270,RECV,7E000F8100002A024E363038372D314635381E
05-09-2025 03:37:54.902,271,RECV,7E000F81000039024E383038302D33523746F6
05-09-2025 03:37:54.903,272,RECV,7E000F8100002A024E363038382D4B4B5457C0
05-09-2025 03:37:54.903,273,RECV,7E000F81000041024E373038382D47445453B7
05-09-2025 03:37:54.903,274,RECV,7E000F81000039024E383038312D41485431E9
05-09-2025 03:37:54.903,275,RECV,7E000F81000038024E383038322D545A3959B7
05-09-2025 03:37:54.903,276,RECV,7E000F8100002C024E363038392D30475556DC
05-09-2025 03:37:54.903,277,RECV,7E000F8100003F024E373039302D5247464BC8
05-09-2025 03:37:54.903,278,RECV,7E000F81000041024E373039312D364B4245E7
05-09-2025 03:37:54.903,279,RECV,7E000F8100002F024E363039302D46355838F8
05-09-2025 03:37:54.903,280,RECV,7E000F81000043024E373039322D55515A4F9D
05-09-2025 03:37:54.903,281,RECV,7E000F81000042024E373039332D45574438D4
05-09-2025 03:37:54.920,282,RECV,7E000F81000039024E383038332D53433351DB
05-09-2025 03:37:54.922,283,RECV,7E000F8100002A024E363039312D44573157E4
05-09-2025 03:37:54.922,284,RECV,7E000F81000038024E353037382D47535247C2
05-09-2025 03:37:54.922,285,RECV,7E000F81000036024E383038342D384A4C46E3
05-09-2025 03:37:54.922,286,RECV,7E000F8100003C024E353037392D5831354BE7
05-09-2025 03:37:54.922,287,RECV,7E000F8100002A024E363039322D4B474C30F8
05-09-2025 03:37:54.922,288,RECV,7E000F81000038024E383038352D4A553755C9
05-09-2025 03:37:54.922,289,RECV,7E000F8100002A024E363039332D41595253C6
05-09-2025 03:37:54.922,290,RECV,7E000F8100003B024E353038302D53414834E9
05-09-2025 03:37:54.922,291,RECV,7E000F81000039024E383038362D33515135E8
05-09-2025 03:37:54.922,292,RECV,7E000F8100002B024E363039342D32434253F9
05-09-2025 03:37:54.971,293,RECV,7E000F81000038024E353038312D31555A46D5
05-09-2025 03:37:54.971,294,RECV,7E000F81000035024E383038382D5A313148F0
05-09-2025 03:37:54.971,295,RECV,7E000F81000038024E353038332D344F4457DB
05-09-2025 03:37:54.971,296,RECV,7E000F81000034024E383038392D4F574136D7
05-09-2025 03:37:54.972,297,RECV,7E000F81000034024E383039302D48534D36DE
05-09-2025 03:37:54.972,298,RECV,7E000F81000029024E363039352D3355473302
05-09-2025 03:37:54.991,299,RECV,7E000F8100003C024E353038342D36445852D0
05-09-2025 03:37:54.992,300,RECV,7E000F81000041024E373039362D52495133CB
05-09-2025 03:37:55.002,301,RECV,7E000F81000037024E383039312D31524E54D3
05-09-2025 03:37:55.021,302,RECV,7E000F8100003B024E353038362D54524A47BC
05-09-2025 03:37:55.071,303,RECV,7E000F8100002A024E363039362D3244384B09
05-09-2025 03:37:55.073,304,RECV,7E000F81000038024E383039322D424E3838F6
05-09-2025 03:37:55.073,305,RECV,7E000F81000038024E383039332D564F3937E0
05-09-2025 03:37:55.073,306,RECV,7E000F8100003B024E353038372D38544B36E5
05-09-2025 03:37:55.073,307,RECV,7E000F81000038024E383039342D32575548CE
05-09-2025 03:37:55.121,308,RECV,7E000F8100002A024E363039372D56343741FF
05-09-2025 03:37:55.122,309,RECV,7E000F81000038024E383039352D4D31384CF1
05-09-2025 03:37:55.126,310,RECV,7E000F8100002D024E363039382D58375950C5
05-09-2025 03:37:55.126,311,RECV,7E000F81000042024E373039382D374A4939E4
05-09-2025 03:37:55.126,312,RECV,7E000F81000038024E383039362D4C385941D4
05-09-2025 03:37:55.126,313,RECV,7E000F81000041024E373039392D57475531C3
05-09-2025 03:37:55.126,314,RECV,7E000F81000038024E383039372D423735307D33
05-09-2025 03:37:55.126,315,RECV,7E000F8100002D024E363039392D434D4D56C9
05-09-2025 03:37:55.132,316,RECV,7E000F81000038024E383039382D59305A34D9
05-09-2025 03:37:55.132,317,RECV,7E000F8100003D024E353038382D4C36373204
05-09-2025 03:37:55.133,318,RECV,7E000F81000039024E383039392D4A31364AF3
05-09-2025 03:37:55.171,319,RECV,7E000F8100003D024E353038392D4D5A3950BE
05-09-2025 03:37:55.175,320,RECV,7E000F8100003D024E353039302D4A425735DE
05-09-2025 03:37:55.175,321,RECV,7E000F8100003C024E353039312D544A5048C0
05-09-2025 03:37:55.222,322,RECV,7E000F8100003C024E353039322D433830301A
05-09-2025 03:37:55.223,323,RECV,7E000F8100003C024E353039332D415A4B46C8
05-09-2025 03:37:55.272,324,RECV,7E000F8100003D024E353039342D45334643F1
05-09-2025 03:37:55.282,325,RECV,7E000F8100003C024E353039352D49335943DA
05-09-2025 03:37:55.283,326,RECV,7E000F8100003D024E353039362D4F33534FCC
05-09-2025 03:37:55.322,327,RECV,7E000F8100003D024E353039382D49504845C8
05-09-2025 03:37:55.342,328,RECV,7E000F8100003D024E353039392D4B4E3252D0
