05-09-2025 03:43:23.903,-,API2,"Sink 1,0013A20041839DB1,802.15.4 TH,2003,/dev/ttyUSB2 - 57600/8/M/1/N,1,46"

05-09-2025 03:42:52.255,0,RECV,7E000F8100001A024E343030302D384B334F1E
05-09-2025 03:42:52.256,1,RECV,7E007D3181F9DF1D0234004E313030312D54344B4201
05-09-2025 03:42:52.265,2,RECV,7E007D3181F9DF1D0235004E313030322D4F4C304108
05-09-2025 03:42:52.265,3,RECV,7E000F81000020024E333030312D45523753FC
05-09-2025 03:42:52.265,4,RECV,7E000F81000021024E333030322D445A433505
05-09-2025 03:42:52.305,5,RECV,7E000F8100001E024E323030312D42524F4BF2
05-09-2025 03:42:52.305,6,RECV,7E000F8100001A024E343030312D4E45363722
05-09-2025 03:42:52.306,7,RECV,7E000F8100001E024E323030322D46594A43F3
05-09-2025 03:42:52.306,8,RECV,7E000F8100001E024E323030332D38374A382D
05-09-2025 03:42:52.306,9,RECV,7E007D3181F9DF1D0236004E313030332D54494247EC
05-09-2025 03:42:52.306,10,RECV,7E000F8100001D024E323030342D3246385915
05-09-2025 03:42:52.366,11,RECV,7E000F8100001D024E323030352D3930474924
05-09-2025 03:42:52.366,12,RECV,7E000F8100001D024E323030362D5037593408
05-09-2025 03:42:52.366,13,RECV,7E000F8100001D024E323030372D305A38487D31
05-09-2025 03:42:52.367,14,RECV,7E000F8100001D024E323030382D5331494706
05-09-2025 03:42:52.367,15,RECV,7E007D3181F9DF1E0237004E313030342D59545733D8
05-09-2025 03:42:52.367,16,RECV,7E000F8100001D024E323030392D3930514916
05-09-2025 03:42:52.367,17,RECV,7E000F8100001D024E323031302D3434345431
05-09-2025 03:42:52.367,18,RECV,7E000F8100001A024E343030322D463048392A
05-09-2025 03:42:52.367,19,RECV,7E000F81000020024E333030342D52444B43F6
05-09-2025 03:42:52.367,20,RECV,7E000F8100001A024E343030332D4742534103
05-09-2025 03:42:52.367,21,RECV,7E000F8100001A024E343030342D55514C57D6
05-09-2025 03:42:52.367,22,RECV,7E000F8100001D024E323031312D3533423046
05-09-2025 03:42:52.367,23,RECV,7E000F8100001D024E323031322D50595356CD
05-09-2025 03:42:52.367,24,RECV,7E007D3181F9DF1E0238004E313030352D51484C35F3
05-09-2025 03:42:52.367,25,RECV,7E007D3181F9DF1D0239004E313030362D53454539F6
05-09-2025 03:42:52.418,26,RECV,7E000F81000019024E343030352D354D4958FC
05-09-2025 03:42:52.418,27,RECV,7E007D3181F9DF1E023A004E313030372D55424330FF
05-09-2025 03:42:52.418,28,RECV,7E000F81000021024E333030352D454E3754FA
05-09-2025 03:42:52.418,29,RECV,7E000F8100001D024E323031342D50464841FE
05-09-2025 03:42:52.418,30,RECV,7E000F8100001A024E343030362D4E4B30490B
05-09-2025 03:42:52.418,31,RECV,7E000F8100001D024E323031352D3437595305
05-09-2025 03:42:52.418,32,RECV,7E000F8100001A024E343030372D454C414BFF
05-09-2025 03:42:52.418,33,RECV,7E000F81000021024E333030362D584D4231FF
05-09-2025 03:42:52.418,34,RECV,7E000F81000021024E333030372D3650515AE5
05-09-2025 03:42:52.456,35,RECV,7E000F8100001D024E323031362D50434947F8
05-09-2025 03:42:52.457,36,RECV,7E000F81000021024E333030382D3837594706
05-09-2025 03:42:52.457,37,RECV,7E000F81000021024E333030392D395A493602
05-09-2025 03:42:52.457,38,RECV,7E000F8100001D024E323031372D4346395404
05-09-2025 03:42:52.457,39,RECV,7E007D3181F9DF1D023B004E313030382D564D3652DD
05-09-2025 03:42:52.457,40,RECV,7E000F81000021024E333031302D383042442E
05-09-2025 03:42:52.487,41,RECV,7E000F8100001D024E323031382D324331363D
05-09-2025 03:42:52.540,42,RECV,7E007D3181F9DF1D023C004E313030392D5941383202
05-09-2025 03:42:52.540,43,RECV,7E000F8100001C024E323031392D5046474CF0
05-09-2025 03:42:52.541,44,RECV,7E000F8100001D024E323032302D365137461C
05-09-2025 03:42:52.541,45,RECV,7E000F8100001D024E323032312D3433335A2B
05-09-2025 03:42:52.541,46,RECV,7E000F81000019024E343030382D5531454A07
05-09-2025 03:42:52.541,47,RECV,7E000F81000021024E333031332D4C52364DF8
05-09-2025 03:42:52.559,48,RECV,7E007D3181F9DF1D023E004E313031312D42574D4FD6
05-09-2025 03:42:52.559,49,RECV,7E000F8100001D024E323032322D4B35433328
05-09-2025 03:42:52.559,50,RECV,7E000F81000019024E343030392D57454745F3
05-09-2025 03:42:52.559,51,RECV,7E000F8100001A024E343031302D56464844FA
05-09-2025 03:42:52.559,52,RECV,7E000F8100001E024E323032342D543149321B
05-09-2025 03:42:52.569,53,RECV,7E007D3181F9DF1C0241004E313031342D544D5832DB
05-09-2025 03:42:52.570,54,RECV,7E000F8100001A024E343031312D5937464506
05-09-2025 03:42:52.609,55,RECV,7E000F8100001A024E343031322D59464B50E6
05-09-2025 03:42:52.609,56,RECV,7E000F8100001A024E343031332D304E42500F
05-09-2025 03:42:52.609,57,RECV,7E000F8100001A024E343031342D33595149F8
05-09-2025 03:42:52.660,58,RECV,7E007D3181F9DF1D0242004E313031352D323535481F
05-09-2025 03:42:52.731,59,RECV,7E000F8100001E024E323032362D4B4E323618
05-09-2025 03:42:52.731,60,RECV,7E007D3181F9DF1D0243004E313031362D51523939EC
05-09-2025 03:42:52.731,61,RECV,7E000F81000020024E333031342D4532374D1E
05-09-2025 03:42:52.731,62,RECV,7E000F8100001E024E323032372D5449584FD4
05-09-2025 03:42:52.731,63,RECV,7E000F8100001E024E323032382D444D36420E
05-09-2025 03:42:52.732,64,RECV,7E000F81000021024E333031352D3833373441
05-09-2025 03:42:52.732,65,RECV,7E000F8100001E024E323032392D5135355407
05-09-2025 03:42:52.732,66,RECV,7E007D3181F9DF1D0244004E313031372D4D494A43DC
05-09-2025 03:42:52.733,67,RECV,7E000F8100001A024E343031352D4958344404
05-09-2025 03:42:52.733,68,RECV,7E000F8100001A024E343031362D3454334819
05-09-2025 03:42:52.733,69,RECV,7E000F8100001A024E343031372D4B4D4D43F3
05-09-2025 03:42:52.733,70,RECV,7E000F81000021024E333031362D4855413800
05-09-2025 03:42:52.733,71,RECV,7E000F8100001E024E323033302D344C57380F
05-09-2025 03:42:52.733,72,RECV,7E000F81000019024E343031382D475A3157F2
05-09-2025 03:42:52.733,73,RECV,7E000F8100001E024E323033312D51555234F1
05-09-2025 03:42:52.733,74,RECV,7E000F81000021024E333031372D4C583756E4
05-09-2025 03:42:52.733,75,RECV,7E000F8100001A024E343031392D424B393320
05-09-2025 03:42:52.733,76,RECV,7E000F8100001E024E323033322D41434D51FA
05-09-2025 03:42:52.734,77,RECV,7E000F8100001E024E323033332D564C4155E3
05-09-2025 03:42:52.765,78,RECV,7E000F8100001E024E323033342D4E4735331D
05-09-2025 03:42:52.784,79,RECV,7E000F81000020024E333031392D35334D510E
05-09-2025 03:42:52.839,80,RECV,7E000F8100001E024E323033352D3143454D7D33
05-09-2025 03:42:52.872,81,RECV,7E000F8100001E024E323033362D4E474751EB
05-09-2025 03:42:52.872,82,RECV,7E000F8100001E024E323033372D43414859F2
05-09-2025 03:42:52.872,83,RECV,7E000F81000020024E333032312D553545420A
05-09-2025 03:42:52.872,84,RECV,7E007D3181F9DF1D0247004E313032302D30565638EE
05-09-2025 03:42:52.872,85,RECV,7E007D3181F9DF1D0248004E313032312D36444D50E9
05-09-2025 03:42:52.872,86,RECV,7E007D3181F9DF1D0249004E313032322D494E3544EE
05-09-2025 03:42:52.872,87,RECV,7E000F81000021024E333032322D46485848EB
05-09-2025 03:42:52.872,88,RECV,7E000F8100001D024E323033382D455631301B
05-09-2025 03:42:52.872,89,RECV,7E007D3181F9DF1E024A004E313032332D46525848C3
05-09-2025 03:42:52.873,90,RECV,7E007D3181F9DF1D024B004E313032342D324A324DFF
05-09-2025 03:42:52.873,91,RECV,7E000F81000021024E333032332D3641493523
05-09-2025 03:42:52.873,92,RECV,7E000F8100001D024E323033392D57563436FF
05-09-2025 03:42:52.873,93,RECV,7E000F81000021024E333032342D4642345704
05-09-2025 03:42:52.873,94,RECV,7E007D3181F9DF1D024C004E313032352D33514D59CE
05-09-2025 03:42:52.873,95,RECV,7E000F81000021024E333032352D41595335F4
05-09-2025 03:42:52.873,96,RECV,7E000F8100001D024E323034302D48525044F0
05-09-2025 03:42:52.873,97,RECV,7E000F8100001A024E343032302D5753434AEA
05-09-2025 03:42:52.873,98,RECV,7E000F81000021024E333032362D49494753E9
05-09-2025 03:42:52.873,99,RECV,7E000F81000021024E333032372D36574D42F8
05-09-2025 03:42:52.873,100,RECV,7E007D3181F9DF1E024D004E313032362D30434146FB
05-09-2025 03:42:52.901,101,RECV,7E000F8100001A024E343032312D55565531EF
05-09-2025 03:42:52.906,102,RECV,7E000F8100001A024E343032322D47355650FD
05-09-2025 03:42:52.906,103,RECV,7E000F8100001D024E323034312D4F44334A0D
05-09-2025 03:42:52.906,104,RECV,7E000F81000018024E343032332D51534B5AD7
05-09-2025 03:42:52.906,105,RECV,7E000F8100001D024E323034332D5738453710
05-09-2025 03:42:52.962,106,RECV,7E000F8100001A024E343032342D4E4F3553F8
05-09-2025 03:42:52.964,107,RECV,7E007D3181F9DF1D024E004E313032372D4A4D3235F6
05-09-2025 03:42:52.964,108,RECV,7E000F8100001A024E343032352D4A54344802
05-09-2025 03:42:52.964,109,RECV,7E007D3181F9DF1D024F004E313032382D48474E48CD
05-09-2025 03:42:52.964,110,RECV,7E000F8100001A024E343032362D52585257C8
05-09-2025 03:42:52.964,111,RECV,7E007D3181F9DF1D0250004E313032392D48594C37CC
05-09-2025 03:42:52.964,112,RECV,7E000F8100001D024E323034342D483331412D
05-09-2025 03:42:52.964,113,RECV,7E000F81000021024E333032392D4148464102
05-09-2025 03:42:52.964,114,RECV,7E000F81000021024E333033302D3949483818
05-09-2025 03:42:53.010,115,RECV,7E000F8100001A024E343032372D4D385A48F3
05-09-2025 03:42:53.031,116,RECV,7E000F81000021024E333033312D49565034F6
05-09-2025 03:42:53.031,117,RECV,7E007D3181F9DF1D0251004E313033302D324937360F
05-09-2025 03:42:53.031,118,RECV,7E000F8100001D024E323034352D484C30490C
05-09-2025 03:42:53.031,119,RECV,7E000F8100001A024E343032382D354D36530E
05-09-2025 03:42:53.031,120,RECV,7E000F8100001D024E323034362D434D4C3309
05-09-2025 03:42:53.031,121,RECV,7E007D3181F9DF1D0252004E313033312D4F333844F7
05-09-2025 03:42:53.031,122,RECV,7E007D3181F9DF1D0253004E313033322D4438514DD9
05-09-2025 03:42:53.031,123,RECV,7E000F8100001A024E343032392D4B4B35331A
05-09-2025 03:42:53.031,124,RECV,7E000F81000019024E343033302D57525155D2
05-09-2025 03:42:53.031,125,RECV,7E000F8100001A024E343033312D4934584EFC
05-09-2025 03:42:53.031,126,RECV,7E000F8100001A024E343033322D325030511B
05-09-2025 03:42:53.060,127,RECV,7E000F8100001A024E343033332D47585448E2
05-09-2025 03:42:53.060,128,RECV,7E000F8100001A024E343033342D42574D53E3
05-09-2025 03:42:53.060,129,RECV,7E007D3181F9DF1D0254004E313033332D5236534CCA
05-09-2025 03:42:53.060,130,RECV,7E000F81000020024E333033352D3136564A0F
05-09-2025 03:42:53.060,131,RECV,7E007D3181F9DF1D0255004E313033342D464E5A4EB3
05-09-2025 03:42:53.060,132,RECV,7E000F8100001D024E323034372D424D39430C
05-09-2025 03:42:53.060,133,RECV,7E007D3181F9DF1D0256004E313033352D52504534D2
05-09-2025 03:42:53.060,134,RECV,7E000F81000021024E333033362D51574B55CC
05-09-2025 03:42:53.110,135,RECV,7E000F81000021024E333033372D4C513450F2
05-09-2025 03:42:53.188,136,RECV,7E000F8100001E024E323034382D564C4847E4
05-09-2025 03:42:53.245,137,RECV,7E000F8100001D024E323034392D514F4141F3
05-09-2025 03:42:53.245,138,RECV,7E000F8100001A024E343033352D504C4642F7
05-09-2025 03:42:53.245,139,RECV,7E000F8100001A024E343033362D46384D301F
05-09-2025 03:42:53.245,140,RECV,7E000F8100001A024E343033372D54525652CB
05-09-2025 03:42:53.246,141,RECV,7E000F81000019024E343033382D583049357D33
05-09-2025 03:42:53.246,142,RECV,7E000F8100001E024E323035302D44425859E5
05-09-2025 03:42:53.246,143,RECV,7E000F8100001A024E343033392D473549450D
05-09-2025 03:42:53.246,144,RECV,7E000F8100001E024E323035312D3235385923
05-09-2025 03:42:53.246,145,RECV,7E007D3181F9DF1D0258004E313033372D344B4350D7
05-09-2025 03:42:53.246,146,RECV,7E000F81000019024E343034302D3139464C24
05-09-2025 03:42:53.246,147,RECV,7E007D3181F9DF1C0259004E313033382D4542494ECA
05-09-2025 03:42:53.246,148,RECV,7E000F8100001E024E323035332D4635364721
05-09-2025 03:42:53.246,149,RECV,7E000F81000020024E333034302D3556593501
05-09-2025 03:42:53.246,150,RECV,7E000F8100001A024E343034312D4541574FF2
05-09-2025 03:42:53.246,151,RECV,7E000F81000019024E343034322D5A564531F8
05-09-2025 03:42:53.246,152,RECV,7E007D3181F9DF1D025A004E313033392D41354E48D9
05-09-2025 03:42:53.246,153,RECV,7E007D3181F9DF1D025B004E313034302D334632350C
05-09-2025 03:42:53.246,154,RECV,7E000F81000019024E343034332D41434E54F7
05-09-2025 03:42:53.246,155,RECV,7E007D3181F9DF1D025D004E313034322D54364559C0
05-09-2025 03:42:53.246,156,RECV,7E000F8100001E024E323035342D4F525646DB
05-09-2025 03:42:53.246,157,RECV,7E000F8100001E024E323035352D4F364755F6
05-09-2025 03:42:53.246,158,RECV,7E000F8100001E024E323035362D4C4338311E
05-09-2025 03:42:53.246,159,RECV,7E000F81000020024E333034322D444B4D310B
05-09-2025 03:42:53.261,160,RECV,7E007D3181F9DF1D025E004E313034332D39324B35FB
05-09-2025 03:42:53.288,161,RECV,7E000F8100001E024E323035372D38554B4CF1
05-09-2025 03:42:53.289,162,RECV,7E000F8100001E024E323035382D38525248F0
05-09-2025 03:42:53.289,163,RECV,7E000F81000021024E333034342D45535558D0
05-09-2025 03:42:53.289,164,RECV,7E000F81000020024E333034352D4F354D390B
05-09-2025 03:42:53.289,165,RECV,7E000F81000019024E343034342D4C3934451E
05-09-2025 03:42:53.312,166,RECV,7E007D3181F9DF1D0260004E313034352D4D304230F3
05-09-2025 03:42:53.319,167,RECV,7E000F8100001A024E343034352D43564954E4
05-09-2025 03:42:53.319,168,RECV,7E007D3181F9DF1D0261004E313034362D544A3034DE
05-09-2025 03:42:53.319,169,RECV,7E000F8100001D024E323036302D5633453618
05-09-2025 03:42:53.384,170,RECV,7E000F8100001A024E343034372D444D394D01
05-09-2025 03:42:53.440,171,RECV,7E000F81000021024E333034362D343146557D33
05-09-2025 03:42:53.474,172,RECV,7E000F81000021024E333034372D4632344125
05-09-2025 03:42:53.474,173,RECV,7E000F8100001D024E323036312D4D584F54D3
05-09-2025 03:42:53.474,174,RECV,7E000F81000021024E333034382D3151575ADE
05-09-2025 03:42:53.474,175,RECV,7E007D3181F9DF1E0262004E313034372D364D5634D0
05-09-2025 03:42:53.474,176,RECV,7E000F81000021024E333034392D39394A450F
05-09-2025 03:42:53.474,177,RECV,7E000F8100001A024E343034382D374E573209
05-09-2025 03:42:53.475,178,RECV,7E000F8100001D024E323036322D47354E420E
05-09-2025 03:42:53.475,179,RECV,7E007D3181F9DF1E0263004E313034382D54494131CC
05-09-2025 03:42:53.475,180,RECV,7E000F8100001A024E343034392D4137373433
05-09-2025 03:42:53.475,181,RECV,7E007D3181F9DF1E0264004E313034392D47523659B1
05-09-2025 03:42:53.475,182,RECV,7E000F81000021024E333035302D364C34342E
05-09-2025 03:42:53.475,183,RECV,7E000F8100001D024E323036332D3632553824
05-09-2025 03:42:53.475,184,RECV,7E000F8100001A024E343035302D51584633FC
05-09-2025 03:42:53.475,185,RECV,7E007D3181F9DF1D0265004E313035302D45523954BD
05-09-2025 03:42:53.475,186,RECV,7E007D3181F9DF1C0266004E313035312D5646504AAA
05-09-2025 03:42:53.475,187,RECV,7E000F81000021024E333035322D34424F4C05
05-09-2025 03:42:53.475,188,RECV,7E000F81000019024E343035312D59365844F3
05-09-2025 03:42:53.475,189,RECV,7E000F8100001A024E343035322D5231314424
05-09-2025 03:42:53.475,190,RECV,7E007D3181F9DF1D0268004E313035332D51365541BE
05-09-2025 03:42:53.475,191,RECV,7E000F81000021024E333035332D494C374FFA
05-09-2025 03:42:53.475,192,RECV,7E000F8100001A024E343035332D38593856FC
05-09-2025 03:42:53.511,193,RECV,7E000F8100001A024E343035342D4938344520
05-09-2025 03:42:53.609,194,RECV,7E000F8100001A024E343035352D474A355AF9
05-09-2025 03:42:53.633,195,RECV,7E000F8100001A024E343035362D3332384B30
05-09-2025 03:42:53.633,196,RECV,7E000F8100001A024E343035372D4541305908
05-09-2025 03:42:53.633,197,RECV,7E000F8100001A024E343035382D33444E3021
05-09-2025 03:42:53.633,198,RECV,7E007D3181F9DF1D026A004E313035352D39594757A7
05-09-2025 03:42:53.633,199,RECV,7E000F8100001D024E323036352D3246395A0C
05-09-2025 03:42:53.633,200,RECV,7E000F81000021024E333035342D524835327D33
05-09-2025 03:42:53.633,201,RECV,7E007D3181F9DF1D026B004E313035362D33344B46DD
05-09-2025 03:42:53.633,202,RECV,7E000F81000021024E333035352D3835544E04
05-09-2025 03:42:53.633,203,RECV,7E000F8100001D024E323036362D344C503610
05-09-2025 03:42:53.633,204,RECV,7E000F8100001A024E343035392D344C575AE4
05-09-2025 03:42:53.633,205,RECV,7E000F8100001A024E343036302D594C39350A
05-09-2025 03:42:53.633,206,RECV,7E000F81000021024E333035362D32495658E9
05-09-2025 03:42:53.633,207,RECV,7E000F8100001D024E323036372D4F494A50E3
05-09-2025 03:42:53.633,208,RECV,7E000F81000021024E333035372D5A4E3353E3
05-09-2025 03:42:53.633,209,RECV,7E000F8100001A024E343036312D4F47385AF4
05-09-2025 03:42:53.633,210,RECV,7E007D3181F9DF1C026C004E313035372D59564F4D89
05-09-2025 03:42:53.633,211,RECV,7E000F8100001A024E343036322D49533659F0
05-09-2025 03:42:53.633,212,RECV,7E000F81000019024E343036332D445A364106
05-09-2025 03:42:53.633,213,RECV,7E007D3181F9DF1D026E004E313035392D3550534EA9
05-09-2025 03:42:53.634,214,RECV,7E007D3181F9DF1D026F004E313036302D4F515932AB
05-09-2025 03:42:53.634,215,RECV,7E000F8100001E024E323036392D50554331F9
05-09-2025 03:42:53.634,216,RECV,7E007D3181F9DF1D0271004E313036322D30524841C7
05-09-2025 03:42:53.634,217,RECV,7E000F8100001E024E323037312D354C4B430A
05-09-2025 03:42:53.656,218,RECV,7E000F8100001A024E343036342D564E37340A
05-09-2025 03:42:53.663,219,RECV,7E007D3181F9DF1D0272004E313036332D444F315AB2
05-09-2025 03:42:53.664,220,RECV,7E000F81000019024E343036352D384848331E
05-09-2025 03:42:53.664,221,RECV,7E000F81000020024E333035392D50564935EC
05-09-2025 03:42:53.664,222,RECV,7E000F8100001E024E323037332D414F4255F0
05-09-2025 03:42:53.664,223,RECV,7E000F8100001A024E343036362D474B4B3307
05-09-2025 03:42:53.664,224,RECV,7E000F81000020024E333036302D59564C33EA
05-09-2025 03:42:53.664,225,RECV,7E000F8100001E024E323037342D4D4F5A44DC
05-09-2025 03:42:53.664,226,RECV,7E000F81000020024E333036312D4730374128
05-09-2025 03:42:53.712,227,RECV,7E007D3181F9DF1D0273004E313036342D5954585376
05-09-2025 03:42:53.734,228,RECV,7E000F8100001A024E343036372D3436433930
05-09-2025 03:42:53.735,229,RECV,7E000F81000021024E333036322D48485135FF
05-09-2025 03:42:53.735,230,RECV,7E000F8100001A024E343036382D5151594DCD
05-09-2025 03:42:53.735,231,RECV,7E000F81000021024E333036332D46415A3201
05-09-2025 03:42:53.735,232,RECV,7E000F8100001A024E343036392D4E4B4849EA
05-09-2025 03:42:53.735,233,RECV,7E000F8100001E024E323037362D59575359B8
05-09-2025 03:42:53.735,234,RECV,7E000F81000019024E343037302D4F4D483405
05-09-2025 03:42:53.735,235,RECV,7E000F81000021024E333036342D49515534F0
05-09-2025 03:42:53.735,236,RECV,7E000F81000021024E333036352D343545392B
05-09-2025 03:42:53.735,237,RECV,7E000F81000020024E333036362D4C445851D9
05-09-2025 03:42:53.735,238,RECV,7E007D3181F9DF1D0274004E313036352D39303844E7
05-09-2025 03:42:53.735,239,RECV,7E000F8100001E024E323037382D30535937FF
05-09-2025 03:42:53.735,240,RECV,7E007D3181F9DF1D0275004E313036362D5457304CA3
05-09-2025 03:42:53.745,241,RECV,7E000F8100001E024E323037392D31494C4605
05-09-2025 03:42:53.762,242,RECV,7E000F81000019024E343037312D3543425210
05-09-2025 03:42:53.762,243,RECV,7E000F8100001A024E343037322D4244484DFF
05-09-2025 03:42:53.762,244,RECV,7E000F81000021024E333036372D55535745CC
05-09-2025 03:42:53.813,245,RECV,7E000F81000020024E333036382D42495857D6
05-09-2025 03:42:53.813,246,RECV,7E000F81000020024E333036392D3139515103
05-09-2025 03:42:53.813,247,RECV,7E007D3181F9DF1D0276004E313036372D5157335499
05-09-2025 03:42:53.813,248,RECV,7E000F8100001E024E323038312D464F5A4FDA
05-09-2025 03:42:53.813,249,RECV,7E000F8100001E024E323038322D5951303904
05-09-2025 03:42:53.813,250,RECV,7E007D3181F9DF1D0277004E313036382D45504532BA
05-09-2025 03:42:53.814,251,RECV,7E000F8100001A024E343037332D4235593514
05-09-2025 03:42:53.814,252,RECV,7E000F81000020024E333037302D3742494A0B
05-09-2025 03:42:53.814,253,RECV,7E000F8100001A024E343037342D4B374A50FC
05-09-2025 03:42:53.814,254,RECV,7E007D3181F9DF1D0278004E313036392D4E463158A7
05-09-2025 03:42:53.814,255,RECV,7E000F8100001E024E323038332D53524F4FD3
05-09-2025 03:42:53.814,256,RECV,7E000F81000021024E333037312D38425850F3
05-09-2025 03:42:53.862,257,RECV,7E000F81000021024E333037322D5A53584EC1
05-09-2025 03:42:53.862,258,RECV,7E000F8100001A024E343037352D4B533956EA
05-09-2025 03:42:53.863,259,RECV,7E007D3181F9DF1D0279004E313037302D52384F42B0
05-09-2025 03:42:53.863,260,RECV,7E000F81000021024E333037332D3431474720
05-09-2025 03:42:53.863,261,RECV,7E000F8100001D024E323038342D4B30455501
05-09-2025 03:42:53.863,262,RECV,7E000F8100001A024E343037362D3042554807
05-09-2025 03:42:53.913,263,RECV,7E000F8100001A024E343037372D303433522C
05-09-2025 03:42:53.913,264,RECV,7E000F8100001D024E323038352D4C424E4AEF
05-09-2025 03:42:53.913,265,RECV,7E000F81000021024E333037342D5A58554BC0
05-09-2025 03:42:53.913,266,RECV,7E007D3181F9DF1D027A004E313037312D4350565987
05-09-2025 03:42:53.913,267,RECV,7E000F81000019024E343037382D593932460B
05-09-2025 03:42:53.924,268,RECV,7E007D3181F9DF1D027B004E313037322D5848594985
05-09-2025 03:42:53.942,269,RECV,7E000F8100001D024E323038372D3244334B1F
05-09-2025 03:42:53.942,270,RECV,7E000F8100001D024E323038382D59485A49CE
05-09-2025 03:42:53.945,271,RECV,7E000F81000021024E333037352D46545032F5
05-09-2025 03:42:53.945,272,RECV,7E007D3181F9DF1D027C004E313037332D34585741A1
05-09-2025 03:42:54.006,273,RECV,7E000F81000021024E333037362D373750450D
05-09-2025 03:42:54.056,274,RECV,7E007D3181F9DF1D027D5D004E313037342D5658424C87
05-09-2025 03:42:54.057,275,RECV,7E000F8100001D024E323038392D57545A51BB
05-09-2025 03:42:54.058,276,RECV,7E000F8100001A024E343037392D56513642F4
05-09-2025 03:42:54.059,277,RECV,7E000F8100001D024E323039312D5457594FC5
05-09-2025 03:42:54.059,278,RECV,7E007D3181F9DF1D027D5E004E313037352D56484D30A6
05-09-2025 03:42:54.059,279,RECV,7E000F8100001A024E343038302D47515349E7
05-09-2025 03:42:54.059,280,RECV,7E000F8100001A024E343038312D4B33353433
05-09-2025 03:42:54.060,281,RECV,7E000F8100001D024E323039322D50444656E7
05-09-2025 03:42:54.060,282,RECV,7E000F8100001D024E323039332D4833564AFB
05-09-2025 03:42:54.060,283,RECV,7E007D3181F9DF1D027F004E313037362D4D414B42A4
05-09-2025 03:42:54.060,284,RECV,7E000F8100001A024E343038322D395A3554FD
05-09-2025 03:42:54.060,285,RECV,7E000F8100001A024E343038332D3531524C14
05-09-2025 03:42:54.060,286,RECV,7E000F8100001A024E343038342D5133355608
05-09-2025 03:42:54.060,287,RECV,7E000F8100001A024E343038352D33434C58FC
05-09-2025 03:42:54.060,288,RECV,7E007D3181F9DF1D0280004E313037372D56434133B0
05-09-2025 03:42:54.061,289,RECV,7E000F8100001D024E323039352D4A305454F2
05-09-2025 03:42:54.061,290,RECV,7E000F8100001E024E323039362D35534B300F
05-09-2025 03:42:54.102,291,RECV,7E000F81000021024E333037382D48335444FB
05-09-2025 03:42:54.120,292,RECV,7E000F8100001A024E343038362D5A4E574CCA
05-09-2025 03:42:54.120,293,RECV,7E007D3181F9DF1D0281004E313037382D513251489F
05-09-2025 03:42:54.120,294,RECV,7E000F8100001A024E343038372D57434D43EA
05-09-2025 03:42:54.120,295,RECV,7E000F81000021024E333037392D3538563119
05-09-2025 03:42:54.121,296,RECV,7E000F8100001A024E343038382D3754344E06
05-09-2025 03:42:54.121,297,RECV,7E000F81000021024E333038302D3132423040
05-09-2025 03:42:54.121,298,RECV,7E000F8100001E024E323039372D434A4559E6
05-09-2025 03:42:54.121,299,RECV,7E000F8100001E024E323039382D594F5133E4
05-09-2025 03:42:54.121,300,RECV,7E007D3181F9DF1D0282004E313037392D42334735C8
05-09-2025 03:42:54.121,301,RECV,7E000F81000021024E333038312D4431384324
05-09-2025 03:42:54.163,302,RECV,7E000F8100001E024E323039392D385A4D55DB
05-09-2025 03:42:54.178,303,RECV,7E007D3181F9DF1D0283004E313038302D4E424D558E
05-09-2025 03:42:54.178,304,RECV,7E000F81000020024E333038322D4E43503201
05-09-2025 03:42:54.178,305,RECV,7E007D3181F9DF1D0284004E313038312D5546424A97
05-09-2025 03:42:54.178,306,RECV,7E000F81000019024E343038392D3557504DEA
05-09-2025 03:42:54.204,307,RECV,7E007D3181F9DF1D0286004E313038332D4C56514D7A
05-09-2025 03:42:54.204,308,RECV,7E000F81000021024E333038332D454C5252DD
05-09-2025 03:42:54.204,309,RECV,7E000F81000020024E333038342D494B3055F9
05-09-2025 03:42:54.204,310,RECV,7E007D3181F9DF1D0287004E313038342D4C32324ABE
05-09-2025 03:42:54.204,311,RECV,7E000F81000021024E333038352D36564C4DEB
05-09-2025 03:42:54.224,312,RECV,7E000F8100001A024E343039302D554B38370B
05-09-2025 03:42:54.226,313,RECV,7E007D3181F9DF1D0288004E313038352D35445446A3
05-09-2025 03:42:54.226,314,RECV,7E000F81000021024E333038362D524D30310F
05-09-2025 03:42:54.226,315,RECV,7E000F81000021024E333038372D56474839F0
05-09-2025 03:42:54.226,316,RECV,7E007D3181F9DF1D0289004E313038362D39374639C5
05-09-2025 03:42:54.226,317,RECV,7E000F8100001A024E343039312D4A53364BFB
05-09-2025 03:42:54.235,318,RECV,7E007D3181F9DF1D028A004E313038372D5037564293
05-09-2025 03:42:54.235,319,RECV,7E000F8100001A024E343039322D474E413012
05-09-2025 03:42:54.255,320,RECV,7E000F81000019024E343039332D334D4D3219
05-09-2025 03:42:54.258,321,RECV,7E000F8100001A024E343039342D5450373704
05-09-2025 03:42:54.258,322,RECV,7E000F8100001A024E343039352D4252474DED
05-09-2025 03:42:54.307,323,RECV,7E007D3181F9DF1D028C004E313038392D4E5A344191
05-09-2025 03:42:54.310,324,RECV,7E000F81000020024E333038382D3132313446
05-09-2025 03:42:54.310,325,RECV,7E000F8100001A024E343039362D4E594456D3
05-09-2025 03:42:54.310,326,RECV,7E000F8100001A024E343039372D4B5A305AE4
05-09-2025 03:42:54.310,327,RECV,7E000F8100001A024E343039382D59304F57E3
05-09-2025 03:42:54.310,328,RECV,7E000F8100001A024E343039392D354A4A4FF9
05-09-2025 03:42:54.310,329,RECV,7E007D3181F9DF1D028D004E313039302D374D5A4493
05-09-2025 03:42:54.310,330,RECV,7E000F81000021024E333039302D365430477D33
05-09-2025 03:42:54.364,331,RECV,7E007D3181F9DF1D028E004E313039312D43343551B6
05-09-2025 03:42:54.369,332,RECV,7E000F81000021024E333039312D53554F4AD2
05-09-2025 03:42:54.369,333,RECV,7E000F81000021024E333039322D313050560B
05-09-2025 03:42:54.369,334,RECV,7E000F81000021024E333039332D46345350F4
05-09-2025 03:42:54.369,335,RECV,7E000F81000021024E333039342D534A3543FB
05-09-2025 03:42:54.369,336,RECV,7E007D3181F9DF1D028F004E313039322D34363449CA
05-09-2025 03:42:54.370,337,RECV,7E000F81000021024E333039352D36565647E6
05-09-2025 03:42:54.414,338,RECV,7E000F81000021024E333039362D31584F53E3
05-09-2025 03:42:54.418,339,RECV,7E000F81000021024E333039372D4F554B4FCF
05-09-2025 03:42:54.418,340,RECV,7E000F81000021024E333039382D4B325052ED
05-09-2025 03:42:54.464,341,RECV,7E007D3181F9DF1D0290004E313039332D574A484A7C
05-09-2025 03:42:54.490,342,RECV,7E000F81000021024E333039392D56564730E8
05-09-2025 03:42:54.490,343,RECV,7E007D3181F9DF1D0291004E313039342D5142374E95
05-09-2025 03:42:54.490,344,RECV,7E007D3181F9DF1D0292004E313039352D325058428F
05-09-2025 03:42:54.514,345,RECV,7E007D3181F9DF1D0293004E313039362D37553136B6
05-09-2025 03:42:54.514,346,RECV,7E007D3181F9DF1D0294004E313039372D394A524B87
05-09-2025 03:42:54.514,347,RECV,7E007D3181F9DF1D0295004E313039382D33564438A0
05-09-2025 03:42:54.565,348,RECV,7E007D3181F9DF1D0296004E313039392D30504B38A0
