06-30-2025 17:45:36.696,-,API2,"Sink 1,0013A20041839DB1,802.15.4 TH,2003,/dev/ttyUSB0 - 57600/8/M/1/N,1,46"

06-30-2025 17:44:50.507,0,RECV,7E000F81000228024E323030302D50585159C3
06-30-2025 17:44:50.511,1,RECV,7E000F81000632024E363030302D4931385100
06-30-2025 17:44:50.547,2,RECV,7E000F81000228024E323030312D3246355512
06-30-2025 17:44:50.548,3,RECV,7E000F81000632024E363030312D444E5942D5
06-30-2025 17:44:50.548,4,RECV,7E000F8100052E024E353030322D56594333E2
06-30-2025 17:44:50.558,5,RECV,7E000F81000229024E323030322D4A494243FA
06-30-2025 17:44:50.569,6,RECV,7E000F81000632024E363030322D58544645CA
06-30-2025 17:44:50.597,7,RECV,7E000F8100052E024E353030332D3043414A08
06-30-2025 17:44:50.597,8,RECV,7E000F81000229024E323030332D53534836ED
06-30-2025 17:44:50.597,9,RECV,7E000F81000632024E363030332D4138514DE9
06-30-2025 17:44:50.597,10,RECV,7E000F81000229024E323030342D54504A43DF
06-30-2025 17:44:50.598,11,RECV,7E000F81000632024E363030342D414B3045FE
06-30-2025 17:44:50.647,12,RECV,7E000F8100052E024E353030352D4E4E4149DE
06-30-2025 17:44:50.647,13,RECV,7E000F81000229024E323030352D4A474D4CE5
06-30-2025 17:44:50.648,14,RECV,7E000F81000632024E363030352D34324E55F5
06-30-2025 17:44:50.648,15,RECV,7E000F8100052E024E353030362D48585156BC
06-30-2025 17:44:50.648,16,RECV,7E000F81000229024E323030362D48463557F4
06-30-2025 17:44:50.648,17,RECV,7E000F81000631024E363030362D454C304EEF
06-30-2025 17:44:50.697,18,RECV,7E000F8100052E024E353030372D545A314DD6
06-30-2025 17:44:50.730,19,RECV,7E000F81000229024E323030372D4D57353400
06-30-2025 17:44:50.730,20,RECV,7E000F81000631024E363030372D59595049B2
06-30-2025 17:44:50.730,21,RECV,7E000F8100052D024E353030382D58324F31F8
06-30-2025 17:44:50.730,22,RECV,7E000F81000229024E323030382D514C5A4FC6
06-30-2025 17:44:50.730,23,RECV,7E000F81000631024E363030382D34464958E1
06-30-2025 17:44:50.747,24,RECV,7E000F8100052D024E353030392D59444A45D5
06-30-2025 17:44:50.748,25,RECV,7E000F81000229024E323030392D345A4F59D5
06-30-2025 17:44:50.748,26,RECV,7E000F81000631024E363030392D384E363609
06-30-2025 17:44:50.748,27,RECV,7E000F8100052E024E353031302D354B333421
06-30-2025 17:44:50.748,28,RECV,7E000F81000229024E323031302D375233381F
06-30-2025 17:44:50.748,29,RECV,7E000F81000631024E363031302D37544254E2
06-30-2025 17:44:50.748,30,RECV,7E000F8100052E024E353031312D49315A4DE6
06-30-2025 17:44:50.748,31,RECV,7E000F81000229024E323031312D394B39381D
06-30-2025 17:44:50.748,32,RECV,7E000F81000632024E363031312D4242463403
06-30-2025 17:44:50.768,33,RECV,7E000F8100052D024E353031322D4C43514ED9
06-30-2025 17:44:50.769,34,RECV,7E000F81000229024E323031322D57534553CF
06-30-2025 17:44:50.769,35,RECV,7E000F81000631024E363031322D3259594BD2
06-30-2025 17:44:50.798,36,RECV,7E000F8100052E024E353031332D49563543EE
06-30-2025 17:44:50.798,37,RECV,7E000F81000229024E323031332D44364A4507
06-30-2025 17:44:50.798,38,RECV,7E000F81000631024E363031332D55514757BC
06-30-2025 17:44:50.798,39,RECV,7E000F8100052D024E353031342D514A3544F1
06-30-2025 17:44:50.818,40,RECV,7E000F81000229024E323031342D32533855FD
06-30-2025 17:44:50.819,41,RECV,7E000F81000631024E363031342D53584446CA
06-30-2025 17:44:50.829,42,RECV,7E000F8100052D024E353031352D484B4F44DE
06-30-2025 17:44:50.829,43,RECV,7E000F8100022A024E323031352D313442491D
06-30-2025 17:44:50.829,44,RECV,7E000F81000631024E363031352D375A4344E6
06-30-2025 17:44:50.848,45,RECV,7E000F8100052D024E353031362D4D344B3403
06-30-2025 17:44:50.863,46,RECV,7E000F81000229024E323031362D3751424AF9
06-30-2025 17:44:50.864,47,RECV,7E000F81000631024E363031362D373430570B
06-30-2025 17:44:50.898,48,RECV,7E000F8100052D024E353031372D4C454D33F1
06-30-2025 17:44:50.901,49,RECV,7E000F81000229024E323031372D57474855D1
06-30-2025 17:44:50.901,50,RECV,7E000F81000631024E363031372D59434C46CE
06-30-2025 17:44:50.901,51,RECV,7E000F8100052D024E353031382D5042383205
06-30-2025 17:44:50.901,52,RECV,7E000F81000229024E323031382D4E484550E0
06-30-2025 17:44:50.901,53,RECV,7E000F81000631024E363031382D55325955C6
06-30-2025 17:44:50.948,54,RECV,7E000F8100052D024E353031392D39535454CC
06-30-2025 17:44:50.948,55,RECV,7E000F81000229024E323031392D504B3750E8
06-30-2025 17:44:50.948,56,RECV,7E000F81000631024E363031392D4A524B57BC
06-30-2025 17:44:50.949,57,RECV,7E000F8100052D024E353032302D434F494FDE
06-30-2025 17:44:50.949,58,RECV,7E000F81000229024E323032302D33444E3617
06-30-2025 17:44:50.949,59,RECV,7E000F81000631024E363032302D4459514BC9
06-30-2025 17:44:50.960,60,RECV,7E000F8100052D024E353032312D47585331E4
06-30-2025 17:44:50.960,61,RECV,7E000F81000229024E323032312D305731487D31
06-30-2025 17:44:50.960,62,RECV,7E000F81000631024E363032312D484B434DDE
06-30-2025 17:44:50.998,63,RECV,7E000F8100052D024E353032322D364F5646E5
06-30-2025 17:44:51.028,64,RECV,7E000F81000229024E323032322D464F4946EC
06-30-2025 17:44:51.049,65,RECV,7E000F81000631024E363032322D3437364E7D31
06-30-2025 17:44:51.049,66,RECV,7E000F8100052D024E353032332D50513346EB
06-30-2025 17:44:51.049,67,RECV,7E000F81000229024E323032332D594C4830F2
06-30-2025 17:44:51.049,68,RECV,7E000F81000631024E363032332D4E325335F7
06-30-2025 17:44:51.049,69,RECV,7E000F8100052D024E353032342D4F345832F7
06-30-2025 17:44:51.049,70,RECV,7E000F81000229024E323032342D43384B57F1
06-30-2025 17:44:51.049,71,RECV,7E000F81000631024E363032342D56423438FA
06-30-2025 17:44:51.049,72,RECV,7E000F8100052D024E353032352D534B3941EB
06-30-2025 17:44:51.049,73,RECV,7E000F81000229024E323032352D514F3450E9
06-30-2025 17:44:51.049,74,RECV,7E000F81000631024E363032352D58523135ED
06-30-2025 17:44:51.098,75,RECV,7E000F8100052D024E353032362D3349534DE6
06-30-2025 17:44:51.098,76,RECV,7E000F81000229024E323032362D4E544455D1
06-30-2025 17:44:51.098,77,RECV,7E000F81000631024E363032362D43354752EB
06-30-2025 17:44:51.099,78,RECV,7E000F8100052D024E353032372D4E393056F4
06-30-2025 17:44:51.099,79,RECV,7E000F81000229024E323032372D4849314EFB
06-30-2025 17:44:51.099,80,RECV,7E000F81000631024E363032372D53564B4BBC
06-30-2025 17:44:51.099,81,RECV,7E000F8100052D024E353032382D50384759D8
06-30-2025 17:44:51.099,82,RECV,7E000F81000229024E323032382D314F305A00
06-30-2025 17:44:51.099,83,RECV,7E000F81000631024E363032382D32563650EC
06-30-2025 17:44:51.148,84,RECV,7E000F8100052D024E353032392D44473552ED
06-30-2025 17:44:51.176,85,RECV,7E000F81000229024E323032392D50325452E1
06-30-2025 17:44:51.176,86,RECV,7E000F81000630024E363032392D3332454D03
06-30-2025 17:44:51.176,87,RECV,7E000F8100052C024E353033302D564E4E47CF
06-30-2025 17:44:51.176,88,RECV,7E000F81000229024E323033302D45493451FE
06-30-2025 17:44:51.176,89,RECV,7E000F81000630024E363033302D5749354DE0
06-30-2025 17:44:51.198,90,RECV,7E000F8100052D024E353033312D5538544CD9
06-30-2025 17:44:51.212,91,RECV,7E000F81000229024E323033312D435A5A43D6
06-30-2025 17:44:51.212,92,RECV,7E000F81000630024E363033312D575A5058A8
06-30-2025 17:44:51.212,93,RECV,7E000F8100052C024E353033322D37494C49F1
06-30-2025 17:44:51.212,94,RECV,7E000F81000229024E323033322D44545A33EA
06-30-2025 17:44:51.212,95,RECV,7E000F81000630024E363033322D4B3637377D31
06-30-2025 17:44:51.212,96,RECV,7E000F8100052D024E353033332D57484C44D5
06-30-2025 17:44:51.249,97,RECV,7E000F81000229024E323033332D394C324E09
06-30-2025 17:44:51.249,98,RECV,7E000F81000630024E363033332D4C525558B4
06-30-2025 17:44:51.249,99,RECV,7E000F8100052C024E353033342D35395652EE
06-30-2025 17:44:51.249,100,RECV,7E000F81000229024E323033342D4930493417
06-30-2025 17:44:51.250,101,RECV,7E000F81000630024E363033342D4E525146C7
06-30-2025 17:44:51.250,102,RECV,7E000F8100052C024E353033352D51503751DA
06-30-2025 17:44:51.250,103,RECV,7E000F81000229024E323033352D59344F5AD6
06-30-2025 17:44:51.261,104,RECV,7E000F81000630024E363033352D38503355ED
06-30-2025 17:44:51.261,105,RECV,7E000F8100052C024E353033362D5355534ABD
06-30-2025 17:44:51.281,106,RECV,7E000F81000229024E323033362D4A384C51EC
06-30-2025 17:44:51.282,107,RECV,7E000F8100062F024E363033362D45584230EE
06-30-2025 17:44:51.292,108,RECV,7E000F8100052C024E353033372D5330343119
06-30-2025 17:44:51.295,109,RECV,7E000F81000229024E323033372D574F4546D9
06-30-2025 17:44:51.295,110,RECV,7E000F8100062F024E363033372D594D4957B6
06-30-2025 17:44:51.349,111,RECV,7E000F8100052C024E353033382D46563838F4
06-30-2025 17:44:51.358,112,RECV,7E000F81000229024E323033382D43574547E3
06-30-2025 17:44:51.358,113,RECV,7E000F81000630024E363033382D484E3648E6
06-30-2025 17:44:51.358,114,RECV,7E000F8100052D024E353033392D50495038DD
06-30-2025 17:44:51.358,115,RECV,7E000F81000229024E323033392D38435748EE
06-30-2025 17:44:51.358,116,RECV,7E000F81000630024E363033392D48464551D5
06-30-2025 17:44:51.359,117,RECV,7E000F8100052C024E353034302D364D395AF1
06-30-2025 17:44:51.359,118,RECV,7E000F81000229024E323034302D5353374BE8
06-30-2025 17:44:51.359,119,RECV,7E000F81000630024E363034302D42505559C1
06-30-2025 17:44:51.399,120,RECV,7E000F8100052C024E353034312D4D31315AFD
06-30-2025 17:44:51.399,121,RECV,7E000F81000229024E323034312D374B47390D
06-30-2025 17:44:51.400,122,RECV,7E000F81000630024E363034312D41584C4BD0
06-30-2025 17:44:51.400,123,RECV,7E000F8100052C024E353034322D36355559EC
06-30-2025 17:44:51.410,124,RECV,7E000F81000229024E323034322D47314E3216
06-30-2025 17:44:51.413,125,RECV,7E000F81000630024E363034322D493038341A
06-30-2025 17:44:51.421,126,RECV,7E000F8100052C024E353034332D54505557B4
06-30-2025 17:44:51.426,127,RECV,7E000F81000229024E323034332D4F50324DEF
06-30-2025 17:44:51.427,128,RECV,7E000F81000630024E363034332D58573438E3
06-30-2025 17:44:51.449,129,RECV,7E000F8100052C024E353034342D37535530F4
06-30-2025 17:44:51.449,130,RECV,7E000F81000229024E323034342D4134544AF9
06-30-2025 17:44:51.460,131,RECV,7E000F81000630024E363034342D4A495353C4
06-30-2025 17:44:51.482,132,RECV,7E000F8100052C024E353034352D444E313807
06-30-2025 17:44:51.482,133,RECV,7E000F81000228024E323034352D473538490F
06-30-2025 17:44:51.482,134,RECV,7E000F81000630024E363034352D3830443719
06-30-2025 17:44:51.491,135,RECV,7E000F8100052C024E353034362D54434355D2
06-30-2025 17:44:51.511,136,RECV,7E000F81000228024E323034362D5A355359D0
06-30-2025 17:44:51.511,137,RECV,7E000F81000630024E363034362D4A543239F2
06-30-2025 17:44:51.511,138,RECV,7E000F8100052C024E353034372D46414F37F3
06-30-2025 17:44:51.511,139,RECV,7E000F81000228024E323034372D58414938F0
06-30-2025 17:44:51.520,140,RECV,7E000F81000630024E363034372D41415A4ED0
06-30-2025 17:44:51.520,141,RECV,7E000F8100052C024E353034382D4150334DEE
06-30-2025 17:44:51.540,142,RECV,7E000F81000229024E323034382D34573053FA
06-30-2025 17:44:51.540,143,RECV,7E000F81000630024E363034382D4E473858D4
06-30-2025 17:44:51.550,144,RECV,7E000F8100052C024E353034392D47494A46DE
06-30-2025 17:44:51.550,145,RECV,7E000F81000228024E323034392D36534D57DB
06-30-2025 17:44:51.550,146,RECV,7E000F81000630024E363034392D334B363410
06-30-2025 17:44:51.599,147,RECV,7E000F8100052C024E353035302D354C4145FF
06-30-2025 17:44:51.600,148,RECV,7E000F81000228024E323035302D4C503358E9
06-30-2025 17:44:51.600,149,RECV,7E000F81000630024E363035302D5855324DD4
06-30-2025 17:44:51.600,150,RECV,7E000F8100052C024E353035312D57435037E4
06-30-2025 17:44:51.600,151,RECV,7E000F81000228024E323035312D583143340F
06-30-2025 17:44:51.600,152,RECV,7E000F81000630024E363035312D365A4652D7
06-30-2025 17:44:51.601,153,RECV,7E000F8100052C024E353035322D4E4B4236F3
06-30-2025 17:44:51.649,154,RECV,7E000F81000228024E323035322D55424E4FDA
06-30-2025 17:44:51.671,155,RECV,7E000F81000630024E363035322D39593850E4
06-30-2025 17:44:51.671,156,RECV,7E000F8100052C024E353035332D444B4D39EE
06-30-2025 17:44:51.671,157,RECV,7E000F81000228024E323035332D323931373A
06-30-2025 17:44:51.671,158,RECV,7E000F81000630024E363035332D44315934FB
06-30-2025 17:44:51.671,159,RECV,7E000F8100052C024E353035342D4345444BEB
06-30-2025 17:44:51.671,160,RECV,7E000F81000228024E323035342D4C515A4FC6
06-30-2025 17:44:51.671,161,RECV,7E000F81000630024E363035342D4B564156C4
06-30-2025 17:44:51.671,162,RECV,7E000F8100052C024E353035352D303932471F
06-30-2025 17:44:51.700,163,RECV,7E000F81000228024E323035352D325A4152EC
06-30-2025 17:44:51.700,164,RECV,7E000F81000630024E363035352D50493250E0
06-30-2025 17:44:51.700,165,RECV,7E000F8100052C024E353035362D4E423542F9
06-30-2025 17:44:51.701,166,RECV,7E000F81000228024E323035362D59573251D7
06-30-2025 17:44:51.711,167,RECV,7E000F8100062F024E363035362D364A4855DE
06-30-2025 17:44:51.711,168,RECV,7E000F8100052C024E353035372D45455146DE
06-30-2025 17:44:51.731,169,RECV,7E000F81000229024E323035372D51415551D0
06-30-2025 17:44:51.733,170,RECV,7E000F81000630024E363035372D4E514857BB
06-30-2025 17:44:51.733,171,RECV,7E000F8100052C024E353035382D3254454FE4
06-30-2025 17:44:51.750,172,RECV,7E000F81000229024E323035382D30524D39FF
06-30-2025 17:44:51.750,173,RECV,7E000F81000630024E363035382D43555A45C1
06-30-2025 17:44:51.800,174,RECV,7E000F8100052C024E353035392D444E454FD7
06-30-2025 17:44:51.823,175,RECV,7E000F81000229024E323035392D3348424405
06-30-2025 17:44:51.823,176,RECV,7E000F81000630024E363035392D55444F43CC
06-30-2025 17:44:51.823,177,RECV,7E000F8100052C024E353036302D415236310B
06-30-2025 17:44:51.823,178,RECV,7E000F81000229024E323036302D3856444CF0
06-30-2025 17:44:51.823,179,RECV,7E000F81000630024E363036302D464A32320B
06-30-2025 17:44:51.823,180,RECV,7E000F8100052C024E353036312D4B4C4255D6
06-30-2025 17:44:51.850,181,RECV,7E000F81000229024E323036312D5957475ABC
06-30-2025 17:44:51.850,182,RECV,7E000F81000630024E363036312D38344C4501
06-30-2025 17:44:51.850,183,RECV,7E000F8100052C024E353036322D5732584CD6
06-30-2025 17:44:51.850,184,RECV,7E000F81000229024E323036322D55484A41E4
06-30-2025 17:44:51.850,185,RECV,7E000F81000630024E363036322D53394652D9
06-30-2025 17:44:51.850,186,RECV,7E000F8100052C024E353036332D3237444A0B
06-30-2025 17:44:51.850,187,RECV,7E000F81000229024E323036332D365A4353E5
06-30-2025 17:44:51.850,188,RECV,7E000F81000630024E363036332D53324C37F4
06-30-2025 17:44:51.850,189,RECV,7E000F8100052D024E353036342D4E4A3854DC
06-30-2025 17:44:51.900,190,RECV,7E000F81000229024E323036342D354B423810
06-30-2025 17:44:51.900,191,RECV,7E000F81000630024E363036342D334734301D
06-30-2025 17:44:51.900,192,RECV,7E000F8100052D024E353036352D504F5646C4
06-30-2025 17:44:51.901,193,RECV,7E000F81000229024E323036352D365A3754EE
06-30-2025 17:44:51.901,194,RECV,7E000F81000631024E363036352D50535249BB
06-30-2025 17:44:51.901,195,RECV,7E000F8100052C024E353036362D4F56384FD3
06-30-2025 17:44:51.921,196,RECV,7E000F81000229024E323036362D55514655C7
06-30-2025 17:44:51.954,197,RECV,7E000F81000630024E363036362D5053364CD4
06-30-2025 17:44:51.969,198,RECV,7E000F8100052C024E353036372D5144534DC9
06-30-2025 17:44:51.969,199,RECV,7E000F81000229024E323036372D424F3249FB
06-30-2025 17:44:51.980,200,RECV,7E000F81000631024E363036372D43594750C4
06-30-2025 17:44:51.980,201,RECV,7E000F8100052C024E353036382D30573948F5
06-30-2025 17:44:51.980,202,RECV,7E000F81000229024E323036382D57593944D9
06-30-2025 17:44:51.980,203,RECV,7E000F81000631024E363036382D524A554ABB
06-30-2025 17:44:51.980,204,RECV,7E000F8100052C024E353036392D4E394F4ED8
06-30-2025 17:44:51.981,205,RECV,7E000F81000228024E323036392D3041305015
06-30-2025 17:44:51.981,206,RECV,7E000F81000630024E363036392D4953584BB7
06-30-2025 17:44:51.981,207,RECV,7E000F8100052D024E353037302D464D3646F4
06-30-2025 17:44:52.000,208,RECV,7E000F81000229024E323037302D4F564447DD
06-30-2025 17:44:52.001,209,RECV,7E000F81000630024E363037302D305832350F
06-30-2025 17:44:52.011,210,RECV,7E000F8100052D024E353037312D333230531A
06-30-2025 17:44:52.011,211,RECV,7E000F81000228024E323037312D3136504115
06-30-2025 17:44:52.032,212,RECV,7E000F81000630024E363037312D42385532FC
06-30-2025 17:44:52.032,213,RECV,7E000F8100052D024E353037322D4D46534AD1
06-30-2025 17:44:52.043,214,RECV,7E000F81000228024E323037322D42444542FF
06-30-2025 17:44:52.043,215,RECV,7E000F81000631024E363037322D5452494CC0
06-30-2025 17:44:52.043,216,RECV,7E000F8100052C024E353037332D42334353F6
06-30-2025 17:44:52.100,217,RECV,7E000F81000228024E323037332D4130534304
06-30-2025 17:44:52.115,218,RECV,7E000F81000631024E363037332D454F3653DD
06-30-2025 17:44:52.139,219,RECV,7E000F8100052C024E353037342D474D5755C0
06-30-2025 17:44:52.139,220,RECV,7E000F81000228024E323037342D4F424B33FB
06-30-2025 17:44:52.139,221,RECV,7E000F81000630024E363037342D4E5A5533CA
06-30-2025 17:44:52.139,222,RECV,7E000F8100052C024E353037352D37565A4BCD
06-30-2025 17:44:52.140,223,RECV,7E000F81000228024E323037352D565A334BDB
06-30-2025 17:44:52.140,224,RECV,7E000F81000631024E363037352D59574A35C9
06-30-2025 17:44:52.140,225,RECV,7E000F8100052D024E353037362D574D5553B1
06-30-2025 17:44:52.151,226,RECV,7E000F81000228024E323037362D33565343E9
06-30-2025 17:44:52.151,227,RECV,7E000F81000631024E363037362D38415433F7
06-30-2025 17:44:52.151,228,RECV,7E000F8100052D024E353037372D4A4E5735D8
06-30-2025 17:44:52.151,229,RECV,7E000F81000229024E323037372D4A545A42CC
06-30-2025 17:44:52.161,230,RECV,7E000F81000630024E363037372D5645444BCD
06-30-2025 17:44:52.161,231,RECV,7E000F8100052D024E353037382D53365158C9
06-30-2025 17:44:52.172,232,RECV,7E000F81000228024E323037382D4E37355AF2
06-30-2025 17:44:52.179,233,RECV,7E000F81000631024E363037382D4D574431DC
06-30-2025 17:44:52.179,234,RECV,7E000F8100052D024E353037392D31435736F9
06-30-2025 17:44:52.201,235,RECV,7E000F81000229024E323037392D52385838EA
06-30-2025 17:44:52.201,236,RECV,7E000F81000631024E363037392D4231453804
06-30-2025 17:44:52.212,237,RECV,7E000F8100052D024E353038302D44435246E3
06-30-2025 17:44:52.214,238,RECV,7E000F81000228024E323038302D51484934F7
06-30-2025 17:44:52.222,239,RECV,7E000F81000631024E363038302D5444434AD7
06-30-2025 17:44:52.228,240,RECV,7E000F8100052D024E353038312D4D4C4642E0
06-30-2025 17:44:52.255,241,RECV,7E000F81000229024E323038312D4C4F5758C1
06-30-2025 17:44:52.255,242,RECV,7E000F81000630024E363038312D48334A3106
06-30-2025 17:44:52.255,243,RECV,7E000F8100052D024E353038322D36424E52E8
06-30-2025 17:44:52.255,244,RECV,7E000F81000229024E323038322D424E4E54D8
06-30-2025 17:44:52.255,245,RECV,7E000F81000632024E363038322D5A383957D7
06-30-2025 17:44:52.271,246,RECV,7E000F8100052D024E353038332D5A4D3830F0
06-30-2025 17:44:52.297,247,RECV,7E000F81000229024E323038332D34395848FC
06-30-2025 17:44:52.297,248,RECV,7E000F81000631024E363038332D46553849DD
06-30-2025 17:44:52.297,249,RECV,7E000F8100052D024E353038342D3138304C19
06-30-2025 17:44:52.302,250,RECV,7E000F81000229024E323038342D564C4655CB
06-30-2025 17:44:52.302,251,RECV,7E000F8100052E024E353038352D47533258D8
06-30-2025 17:44:52.351,252,RECV,7E000F81000229024E323038352D49464138FF
06-30-2025 17:44:52.351,253,RECV,7E000F81000229024E323038362D45453056F6
06-30-2025 17:44:52.351,254,RECV,7E000F8100052D024E353038372D4B525A5AAA
06-30-2025 17:44:52.351,255,RECV,7E000F81000229024E323038372D37445444F2
06-30-2025 17:44:52.401,256,RECV,7E000F8100052D024E353038382D4D4B4933E6
06-30-2025 17:44:52.499,257,RECV,7E000F81000229024E323038382D44445459CF
06-30-2025 17:44:52.527,258,RECV,7E000F8100052D024E353038392D363744357D33
06-30-2025 17:44:52.527,259,RECV,7E000F81000229024E323038392D41583257E1
06-30-2025 17:44:52.527,260,RECV,7E000F8100052D024E353039302D46415537EE
06-30-2025 17:44:52.527,261,RECV,7E000F81000229024E323039302D494A3846FA
06-30-2025 17:44:52.527,262,RECV,7E000F8100052E024E353039312D3551444FE6
06-30-2025 17:44:52.527,263,RECV,7E000F81000632024E363039302D494B564FC1
06-30-2025 17:44:52.527,264,RECV,7E000F81000229024E323039312D42525744DB
06-30-2025 17:44:52.527,265,RECV,7E000F8100052E024E353039322D35524142F4
06-30-2025 17:44:52.527,266,RECV,7E000F81000632024E363039312D32335057ED
06-30-2025 17:44:52.527,267,RECV,7E000F81000229024E323039322D51584A44D2
06-30-2025 17:44:52.527,268,RECV,7E000F8100052E024E353039332D304A37321A
06-30-2025 17:44:52.527,269,RECV,7E000F81000633024E363039322D424B5357C0
06-30-2025 17:44:52.527,270,RECV,7E000F81000228024E323039332D44474C4FE3
06-30-2025 17:44:52.527,271,RECV,7E000F8100052E024E353039342D43415950CF
06-30-2025 17:44:52.527,272,RECV,7E000F81000632024E363039332D49573949D5
06-30-2025 17:44:52.551,273,RECV,7E000F81000228024E323039342D5A3735330F
06-30-2025 17:44:52.552,274,RECV,7E000F8100052E024E353039352D48514D37DE
06-30-2025 17:44:52.552,275,RECV,7E000F81000632024E363039342D46464939E8
06-30-2025 17:44:52.552,276,RECV,7E000F81000228024E323039352D56365437F0
06-30-2025 17:44:52.552,277,RECV,7E000F8100052E024E353039362D4450514EC7
06-30-2025 17:44:52.552,278,RECV,7E000F81000632024E363039352D534D4944C8
06-30-2025 17:44:52.552,279,RECV,7E000F81000228024E323039362D3046464CFE
06-30-2025 17:44:52.602,280,RECV,7E000F8100052D024E353039372D49415A49CD
06-30-2025 17:44:52.602,281,RECV,7E000F81000632024E363039362D4E565852A6
06-30-2025 17:44:52.602,282,RECV,7E000F81000228024E323039372D534A4B46D7
06-30-2025 17:44:52.602,283,RECV,7E000F8100052B024E353039382D43434D52D6
06-30-2025 17:44:52.602,284,RECV,7E000F81000631024E363039372D4D513154D1
06-30-2025 17:44:52.602,285,RECV,7E000F81000228024E323039382D44544A4ED4
06-30-2025 17:44:52.602,286,RECV,7E000F8100052C024E353039392D4444393701
06-30-2025 17:44:52.602,287,RECV,7E000F81000631024E363039382D4F425632DA
06-30-2025 17:44:52.602,288,RECV,7E000F81000229024E323039392D59373149F8
06-30-2025 17:44:52.652,289,RECV,7E000F81000632024E363039392D4A393738FF
